<VIPSPage PageRectHeight="980" PageRectLeft="0" PageRectTop="0" PageRectWidth="1420" PageTitle="Bán đất lô 135 khu 9 - Huỳnh Văn Nghệ - khu biệt thự lấn biển Vĩnh Hoà - P. Vĩnh Hoà - Nha Trang - Tìm Nhà Đất - Kênh nhà đất số 1 Việt Nam" Url="https://timnhadat.net.vn/tin-rao/733957-ban-dat-lo-135-khu-9-huynh-van-nghe-khu-biet-thu-lan-bien-vinh-hoa-p-vinh-hoa-nha-trang" WindowHeight="980" WindowWidth="1420" neworder="0" order="0">
<LayoutNode BgColor="#ffffff" ContainImg="14" ContainP="13" ContainTable="true" DOMCldNum="7" DoC="1" FontSize="11" FontWeight="700" FormNum="2" FormSize="20" FrameSourceIndex="0" ID="1" InteractionNum="0" InteractionSize="0" IsImg="false" LinkNum="88" LinkTextLen="716" ObjectRectHeight="1996" ObjectRectLeft="0" ObjectRectTop="0" ObjectRectWidth="1420" OptionNum="0" OptionTextLength="0" ParaNum="1" SourceIndex="119" TableNum="0" TextLen="2894" order="1">
<LayoutNode BgColor="#ffffff" ContainImg="6" ContainP="1" ContainTable="false" DOMCldNum="7" DoC="5" FontSize="11" FontWeight="700" FormNum="0" FormSize="0" FrameSourceIndex="0" ID="1-1" InteractionNum="0" InteractionSize="0" IsImg="false" LinkNum="12" LinkTextLen="16" ObjectRectHeight="140" ObjectRectLeft="0" ObjectRectTop="0" ObjectRectWidth="1420" OptionNum="0" OptionTextLength="0" ParaNum="1" SourceIndex="119" TableNum="0" TextLen="45" order="2">
<LayoutNode BgColor="#ffffff" ContainImg="1" ContainP="1" ContainTable="false" Content="Kênh nhà đất số 1 Việt Nam  " DOMCldNum="7" DoC="8" FontSize="11" FontWeight="700" FormNum="0" FormSize="0" FrameSourceIndex="0" ID="1-1-1" InteractionNum="0" InteractionSize="0" IsImg="false" LinkNum="2" LinkTextLen="0" ObjectHeight="18" ObjectRectHeight="140" ObjectRectLeft="0" ObjectRectTop="0" ObjectRectWidth="415" ObjectWidth="215" ObjectX="200" ObjectY="122" OptionNum="0" OptionTextLength="0" ParaNum="1" SRC="&lt;p class=&quot;slg pc&quot;&gt;Kênh nhà đất số 1 Việt Nam&lt;/p&gt;&lt;div class=&quot;logo float-left&quot;&gt;        &lt;a href=&quot;https://timnhadat.net.vn&quot;&gt;            &lt;img alt=&quot;&quot; src=&quot;https://timnhadat.net.vn/images/logo.png&quot;/&gt;        &lt;/a&gt;        &lt;p class=&quot;slg pc&quot;&gt;Kênh nhà đất số 1 Việt Nam&lt;/p&gt;    &lt;/div&gt;" SourceIndex="128;121" TableNum="0" TextLen="26" order="3" xPath="/html[1]/body[1]/div[1]/div[2]/div[1]/div[1]/p[1]"/>
<LayoutNode BgColor="#ffffff" ContainImg="5" ContainP="0" ContainTable="false" DOMCldNum="7" DoC="5" FontSize="12" FontWeight="normal" FormNum="0" FormSize="0" FrameSourceIndex="0" ID="1-1-2" InteractionNum="0" InteractionSize="0" IsImg="false" LinkNum="10" LinkTextLen="16" ObjectRectHeight="140" ObjectRectLeft="440" ObjectRectTop="0" ObjectRectWidth="980" OptionNum="0" OptionTextLength="0" ParaNum="0" SourceIndex="119" TableNum="0" TextLen="19" order="4">
<LayoutNode BgColor="#ffffff" ContainImg="1" ContainP="0" ContainTable="false" Content=" " DOMCldNum="5" DoC="8" FontSize="12" FontWeight="normal" FormNum="0" FormSize="0" FrameSourceIndex="0" ID="1-1-2-1" InteractionNum="0" InteractionSize="0" IsImg="false" LinkNum="2" LinkTextLen="0" ObjectHeight="100" ObjectRectHeight="110" ObjectRectLeft="440" ObjectRectTop="0" ObjectRectWidth="980" ObjectWidth="780" ObjectX="440" ObjectY="10" OptionNum="0" OptionTextLength="0" ParaNum="0" SRC="&lt;div class=&quot;header-banner&quot;&gt;                                                &lt;a href=&quot;http://batlothotom.com/&quot; target=&quot;_blank&quot;&gt;&lt;img alt=&quot;&quot; src=&quot;https://timnhadat.net.vn/storage/banners/1/1541734568.gif&quot;/&gt;&lt;/a&gt;                                    &lt;/div&gt;" SourceIndex="134" TableNum="0" TextLen="0" order="5" xPath="/html[1]/body[1]/div[1]/div[2]/div[1]/div[2]/div[1]"/>
<LayoutNode BgColor="#ffffff" ContainImg="4" ContainP="0" ContainTable="false" Content="Đăng ký Đăng nhập " DOMCldNum="7" DoC="5" FontSize="12" FontWeight="normal" FormNum="0" FormSize="0" FrameSourceIndex="0" ID="1-1-2-2" InteractionNum="0" InteractionSize="0" IsImg="false" LinkNum="8" LinkTextLen="16" ObjectHeight="21" ObjectRectHeight="21" ObjectRectLeft="440" ObjectRectTop="119" ObjectRectWidth="980" ObjectWidth="241" ObjectX="957" ObjectY="119" OptionNum="0" OptionTextLength="0" ParaNum="0" SRC="&lt;div class=&quot;header-actions&quot;&gt;            &lt;a class=&quot;action-item social&quot; href=&quot;https://www.facebook.com/&quot; target=&quot;_blank&quot;&gt;&lt;img src=&quot;https://timnhadat.net.vn/images/facebook-logo.png&quot;/&gt;&lt;/a&gt;                        &lt;a class=&quot;action-item social&quot; href=&quot;https://www.youtube.com/&quot; target=&quot;_blank&quot;&gt;&lt;img src=&quot;https://timnhadat.net.vn/images/youtube.png&quot;/&gt;&lt;/a&gt;                    &lt;!-- Authentication Links --&gt;                            &lt;a class=&quot;action-item&quot; href=&quot;https://timnhadat.net.vn/dang-ky&quot;&gt;&lt;img class=&quot;icon&quot; src=&quot;https://timnhadat.net.vn/images/user_accounts.png&quot;/&gt;Đăng ký&lt;/a&gt;                &lt;a class=&quot;action-item&quot; href=&quot;https://timnhadat.net.vn/dang-nhap&quot;&gt;&lt;img src=&quot;https://timnhadat.net.vn/images/login-key-icon.png&quot;/&gt;Đăng nhập&lt;/a&gt;                    &lt;/div&gt;" SourceIndex="140" TableNum="0" TextLen="19" order="6" xPath="/html[1]/body[1]/div[1]/div[2]/div[1]/div[2]/div[2]"/>
</LayoutNode>
</LayoutNode>
<LayoutNode BgColor="#055699" ContainImg="1" ContainP="0" ContainTable="false" Content="Nhà đất bán Bán căn hộ chung cư Bán nhà riêng Bán nhà biệt thự, liền kề Bán nhà mặt phố Bán đất nền dự án Bán đất Bán trang trại, khu nghỉ dưỡng Bán kho, nhà xưởng Bán loại bất động sản khác Nhà đất cho thuê Cho thuê căn hộ chung cư Cho thuê nhà riêng Cho thuê nhà mặt phố Cho thuê nhà trọ, phòng trọ Cho thuê văn phòng Cho thuê cửa hàng, ki ốt Cho thuê kho, nhà xưởng, đất Cho thuê loại bất động sản khác Nhà đất cần mua Mua căn hộ chung cư Mua nhà riêng Mua nhà biệt thự, liền kề Mua nhà mặt phố Mua đất nền dự án Mua đất Mua trang trại, khu nghỉ dưỡng Mua kho, nhà xưởng Mua loại bất động sản khác Nhà đất cần thuê Cần thuê căn hộ chung cư Cần thuê nhà riêng Cần thuê nhà mặt phố Cần thuê nhà trọ, phòng trọ Cần thuê văn phòng Cần thuê cửa hàng, ki ốt Cần thuê kho, nhà xưởng, đất Cần thuê loại bất động sản khác Khuyến mãi - Thông báo   " DOMCldNum="13" DoC="5" FontSize="12" FontWeight="700" FormNum="0" FormSize="0" FrameSourceIndex="0" ID="1-2" InteractionNum="0" InteractionSize="0" IsImg="false" LinkNum="12" LinkTextLen="80" ObjectHeight="30" ObjectRectHeight="30" ObjectRectLeft="0" ObjectRectTop="145" ObjectRectWidth="1420" ObjectWidth="978" ObjectX="210" ObjectY="145" OptionNum="0" OptionTextLength="0" ParaNum="0" SRC="&lt;div class=&quot;menu&quot;&gt;    &lt;div class=&quot;home-icon&quot;&gt;        &lt;a href=&quot;https://timnhadat.net.vn&quot;&gt;&lt;img src=&quot;https://timnhadat.net.vn/images/home.png&quot;/&gt;&lt;/a&gt;    &lt;/div&gt;            &lt;div class=&quot;menu-item &quot; data-depth=&quot;0&quot; data-id=&quot;2&quot;&gt;            &lt;a href=&quot;/danh-muc/nha-dat-ban&quot;&gt;Nhà đất bán&lt;/a&gt;            &lt;div class=&quot;sub-menu&quot; data-id=&quot;2&quot;&gt;                                    &lt;div class=&quot;menu-item &quot; data-depth=&quot;1&quot; data-id=&quot;3&quot;&gt;                        &lt;a href=&quot;/danh-muc/ban-can-ho-chung-cu&quot;&gt;Bán căn hộ chung cư&lt;/a&gt;                    &lt;/div&gt;                                    &lt;div class=&quot;menu-item &quot; data-depth=&quot;1&quot; data-id=&quot;4&quot;&gt;                        &lt;a href=&quot;/danh-muc/ban-nha-rieng&quot;&gt;Bán nhà riêng&lt;/a&gt;                    &lt;/div&gt;                                    &lt;div class=&quot;menu-item &quot; data-depth=&quot;1&quot; data-id=&quot;5&quot;&gt;                        &lt;a href=&quot;/danh-muc/ban-nha-biet-thu-lien-ke&quot;&gt;Bán nhà biệt thự, liền kề&lt;/a&gt;                    &lt;/div&gt;                                    &lt;div class=&quot;menu-item &quot; data-depth=&quot;1&quot; data-id=&quot;6&quot;&gt;                        &lt;a href=&quot;/danh-muc/ban-nha-mat-pho&quot;&gt;Bán nhà mặt phố&lt;/a&gt;                    &lt;/div&gt;                                    &lt;div class=&quot;menu-item &quot; data-depth=&quot;1&quot; data-id=&quot;7&quot;&gt;                        &lt;a href=&quot;/danh-muc/ban-dat-nen-du-an&quot;&gt;Bán đất nền dự án&lt;/a&gt;                    &lt;/div&gt;                                    &lt;div class=&quot;menu-item &quot; data-depth=&quot;1&quot; data-id=&quot;8&quot;&gt;                        &lt;a href=&quot;/danh-muc/ban-dat&quot;&gt;Bán đất&lt;/a&gt;                    &lt;/div&gt;                                    &lt;div class=&quot;menu-item &quot; data-depth=&quot;1&quot; data-id=&quot;9&quot;&gt;                        &lt;a href=&quot;/danh-muc/ban-trang-trai-khu-nghi-duong&quot;&gt;Bán trang trại, khu nghỉ dưỡng&lt;/a&gt;                    &lt;/div&gt;                                    &lt;div class=&quot;menu-item &quot; data-depth=&quot;1&quot; data-id=&quot;10&quot;&gt;                        &lt;a href=&quot;/danh-muc/ban-kho-nha-xuong&quot;&gt;Bán kho, nhà xưởng&lt;/a&gt;                    &lt;/div&gt;                                    &lt;div class=&quot;menu-item &quot; data-depth=&quot;1&quot; data-id=&quot;11&quot;&gt;                        &lt;a href=&quot;/danh-muc/ban-loai-bat-dong-san-khac&quot;&gt;Bán loại bất động sản khác&lt;/a&gt;                    &lt;/div&gt;                            &lt;/div&gt;        &lt;/div&gt;            &lt;div class=&quot;menu-item &quot; data-depth=&quot;0&quot; data-id=&quot;12&quot;&gt;            &lt;a href=&quot;/danh-muc/nha-dat-cho-thue&quot;&gt;Nhà đất cho thuê&lt;/a&gt;            &lt;div class=&quot;sub-menu&quot; data-id=&quot;12&quot;&gt;                                    &lt;div class=&quot;menu-item &quot; data-depth=&quot;1&quot; data-id=&quot;13&quot;&gt;                        &lt;a href=&quot;/danh-muc/cho-thue-can-ho-chung-cu&quot;&gt;Cho thuê căn hộ chung cư&lt;/a&gt;                    &lt;/div&gt;                                    &lt;div class=&quot;menu-item &quot; data-depth=&quot;1&quot; data-id=&quot;14&quot;&gt;                        &lt;a href=&quot;/danh-muc/cho-thue-nha-rieng&quot;&gt;Cho thuê nhà riêng&lt;/a&gt;                    &lt;/div&gt;                                    &lt;div class=&quot;menu-item &quot; data-depth=&quot;1&quot; data-id=&quot;15&quot;&gt;                        &lt;a href=&quot;/danh-muc/cho-thue-nha-mat-pho&quot;&gt;Cho thuê nhà mặt phố&lt;/a&gt;                    &lt;/div&gt;                                    &lt;div class=&quot;menu-item &quot; data-depth=&quot;1&quot; data-id=&quot;16&quot;&gt;                        &lt;a href=&quot;/danh-muc/cho-thue-nha-tro-phong-tro&quot;&gt;Cho thuê nhà trọ, phòng trọ&lt;/a&gt;                    &lt;/div&gt;                                    &lt;div class=&quot;menu-item &quot; data-depth=&quot;1&quot; data-id=&quot;17&quot;&gt;                        &lt;a href=&quot;/danh-muc/cho-thue-van-phong&quot;&gt;Cho thuê văn phòng&lt;/a&gt;                    &lt;/div&gt;                                    &lt;div class=&quot;menu-item &quot; data-depth=&quot;1&quot; data-id=&quot;18&quot;&gt;                        &lt;a href=&quot;/danh-muc/cho-thue-cua-hang-ki-ot&quot;&gt;Cho thuê cửa hàng, ki ốt&lt;/a&gt;                    &lt;/div&gt;                                    &lt;div class=&quot;menu-item &quot; data-depth=&quot;1&quot; data-id=&quot;19&quot;&gt;                        &lt;a href=&quot;/danh-muc/cho-thue-kho-nha-xuong-dat&quot;&gt;Cho thuê kho, nhà xưởng, đất&lt;/a&gt;                    &lt;/div&gt;                                    &lt;div class=&quot;menu-item &quot; data-depth=&quot;1&quot; data-id=&quot;20&quot;&gt;                        &lt;a href=&quot;/danh-muc/cho-thue-loai-bat-dong-san-khac&quot;&gt;Cho thuê loại bất động sản khác&lt;/a&gt;                    &lt;/div&gt;                            &lt;/div&gt;        &lt;/div&gt;            &lt;div class=&quot;menu-item &quot; data-depth=&quot;0&quot; data-id=&quot;21&quot;&gt;            &lt;a href=&quot;/danh-muc/nha-dat-can-mua&quot;&gt;Nhà đất cần mua&lt;/a&gt;            &lt;div class=&quot;sub-menu&quot; data-id=&quot;21&quot;&gt;                                    &lt;div class=&quot;menu-item &quot; data-depth=&quot;1&quot; data-id=&quot;22&quot;&gt;                        &lt;a href=&quot;/danh-muc/mua-can-ho-chung-cu&quot;&gt;Mua căn hộ chung cư&lt;/a&gt;                    &lt;/div&gt;                                    &lt;div class=&quot;menu-item &quot; data-depth=&quot;1&quot; data-id=&quot;23&quot;&gt;                        &lt;a href=&quot;/danh-muc/mua-nha-rieng&quot;&gt;Mua nhà riêng&lt;/a&gt;                    &lt;/div&gt;                                    &lt;div class=&quot;menu-item &quot; data-depth=&quot;1&quot; data-id=&quot;24&quot;&gt;                        &lt;a href=&quot;/danh-muc/mua-nha-biet-thu-lien-ke&quot;&gt;Mua nhà biệt thự, liền kề&lt;/a&gt;                    &lt;/div&gt;                                    &lt;div class=&quot;menu-item &quot; data-depth=&quot;1&quot; data-id=&quot;25&quot;&gt;                        &lt;a href=&quot;/danh-muc/mua-nha-mat-pho&quot;&gt;Mua nhà mặt phố&lt;/a&gt;                    &lt;/div&gt;                                    &lt;div class=&quot;menu-item &quot; data-depth=&quot;1&quot; data-id=&quot;26&quot;&gt;                        &lt;a href=&quot;/danh-muc/mua-dat-nen-du-an&quot;&gt;Mua đất nền dự án&lt;/a&gt;                    &lt;/div&gt;                                    &lt;div class=&quot;menu-item &quot; data-depth=&quot;1&quot; data-id=&quot;27&quot;&gt;                        &lt;a href=&quot;/danh-muc/mua-dat&quot;&gt;Mua đất&lt;/a&gt;                    &lt;/div&gt;                                    &lt;div class=&quot;menu-item &quot; data-depth=&quot;1&quot; data-id=&quot;28&quot;&gt;                        &lt;a href=&quot;/danh-muc/mua-trang-trai-khu-nghi-duong&quot;&gt;Mua trang trại, khu nghỉ dưỡng&lt;/a&gt;                    &lt;/div&gt;                                    &lt;div class=&quot;menu-item &quot; data-depth=&quot;1&quot; data-id=&quot;29&quot;&gt;                        &lt;a href=&quot;/danh-muc/mua-kho-nha-xuong&quot;&gt;Mua kho, nhà xưởng&lt;/a&gt;                    &lt;/div&gt;                                    &lt;div class=&quot;menu-item &quot; data-depth=&quot;1&quot; data-id=&quot;30&quot;&gt;                        &lt;a href=&quot;/danh-muc/mua-loai-bat-dong-san-khac&quot;&gt;Mua loại bất động sản khác&lt;/a&gt;                    &lt;/div&gt;                            &lt;/div&gt;        &lt;/div&gt;            &lt;div class=&quot;menu-item &quot; data-depth=&quot;0&quot; data-id=&quot;31&quot;&gt;            &lt;a href=&quot;/danh-muc/nha-dat-can-thue&quot;&gt;Nhà đất cần thuê&lt;/a&gt;            &lt;div class=&quot;sub-menu&quot; data-id=&quot;31&quot;&gt;                                    &lt;div class=&quot;menu-item &quot; data-depth=&quot;1&quot; data-id=&quot;32&quot;&gt;                        &lt;a href=&quot;/danh-muc/can-thue-can-ho-chung-cu&quot;&gt;Cần thuê căn hộ chung cư&lt;/a&gt;                    &lt;/div&gt;                                    &lt;div class=&quot;menu-item &quot; data-depth=&quot;1&quot; data-id=&quot;33&quot;&gt;                        &lt;a href=&quot;/danh-muc/can-thue-nha-rieng&quot;&gt;Cần thuê nhà riêng&lt;/a&gt;                    &lt;/div&gt;                                    &lt;div class=&quot;menu-item &quot; data-depth=&quot;1&quot; data-id=&quot;34&quot;&gt;                        &lt;a href=&quot;/danh-muc/can-thue-nha-mat-pho&quot;&gt;Cần thuê nhà mặt phố&lt;/a&gt;                    &lt;/div&gt;                                    &lt;div class=&quot;menu-item &quot; data-depth=&quot;1&quot; data-id=&quot;35&quot;&gt;                        &lt;a href=&quot;/danh-muc/can-thue-nha-tro-phong-tro&quot;&gt;Cần thuê nhà trọ, phòng trọ&lt;/a&gt;                    &lt;/div&gt;                                    &lt;div class=&quot;menu-item &quot; data-depth=&quot;1&quot; data-id=&quot;36&quot;&gt;                        &lt;a href=&quot;/danh-muc/can-thue-van-phong&quot;&gt;Cần thuê văn phòng&lt;/a&gt;                    &lt;/div&gt;                                    &lt;div class=&quot;menu-item &quot; data-depth=&quot;1&quot; data-id=&quot;37&quot;&gt;                        &lt;a href=&quot;/danh-muc/can-thue-cua-hang-ki-ot&quot;&gt;Cần thuê cửa hàng, ki ốt&lt;/a&gt;                    &lt;/div&gt;                                    &lt;div class=&quot;menu-item &quot; data-depth=&quot;1&quot; data-id=&quot;38&quot;&gt;                        &lt;a href=&quot;/danh-muc/can-thue-kho-nha-xuong-dat&quot;&gt;Cần thuê kho, nhà xưởng, đất&lt;/a&gt;                    &lt;/div&gt;                                    &lt;div class=&quot;menu-item &quot; data-depth=&quot;1&quot; data-id=&quot;39&quot;&gt;                        &lt;a href=&quot;/danh-muc/can-thue-loai-bat-dong-san-khac&quot;&gt;Cần thuê loại bất động sản khác&lt;/a&gt;                    &lt;/div&gt;                            &lt;/div&gt;        &lt;/div&gt;        &lt;div class=&quot;menu-item &quot; data-depth=&quot;0&quot;&gt;        &lt;a href=&quot;https://timnhadat.net.vn/khuyen-mai-thong-bao&quot;&gt;Khuyến mãi - Thông báo&lt;/a&gt;    &lt;/div&gt;    &lt;div class=&quot;menu-item menu-last float-left&quot;&gt; &lt;/div&gt;    &lt;div class=&quot;clear&quot;/&gt;&lt;/div&gt;" SourceIndex="163" TableNum="0" TextLen="81" order="7" xPath="/html[1]/body[1]/div[1]/div[2]/div[2]"/>
<LayoutNode BgColor="#ffffff" ContainImg="0" ContainP="0" ContainTable="false" Content="Nhà đất bán Nhà đất cho thuê Nhà đất cần mua Nhà đất cần thuê Tìm kiếm " DOMCldNum="13" DoC="5" FontSize="12" FontWeight="400" FormNum="1" FormSize="20" FrameSourceIndex="0" ID="1-3" InteractionNum="0" InteractionSize="0" IsImg="false" LinkNum="0" LinkTextLen="0" ObjectHeight="34" ObjectRectHeight="34" ObjectRectLeft="0" ObjectRectTop="185" ObjectRectWidth="1420" ObjectWidth="988" ObjectX="205" ObjectY="185" OptionNum="0" OptionTextLength="0" ParaNum="0" SRC="&lt;div class=&quot;menu-search&quot;&gt;    &lt;form action=&quot;https://timnhadat.net.vn/tim-kiem&quot; id=&quot;header_search_form&quot; method=&quot;get&quot;&gt;        &lt;input name=&quot;search_keyword&quot; placeholder=&quot;Nhập từ khóa để tìm theo cụm từ&quot; type=&quot;text&quot; value=&quot;&quot;/&gt;        &lt;select class=&quot;select2&quot; name=&quot;category_id&quot;&gt;                            &lt;option selected=&quot;&quot; value=&quot;1&quot;&gt;Nhà đất bán&lt;/option&gt;                            &lt;option value=&quot;13&quot;&gt;Nhà đất cho thuê&lt;/option&gt;                            &lt;option value=&quot;22&quot;&gt;Nhà đất cần mua&lt;/option&gt;                            &lt;option value=&quot;32&quot;&gt;Nhà đất cần thuê&lt;/option&gt;                    &lt;/select&gt;        &lt;button class=&quot;btn btn-sm btn-primary&quot; type=&quot;submit&quot;&gt;Tìm kiếm&lt;/button&gt;    &lt;/form&gt;&lt;/div&gt;" SourceIndex="482" TableNum="0" TextLen="10" order="8" xPath="/html[1]/body[1]/div[1]/div[2]/div[3]"/>
<LayoutNode BgColor="#ffffff" ContainImg="1" ContainP="0" ContainTable="false" DOMCldNum="23" DoC="5" FontSize="16" FontWeight="700" FormNum="1" FormSize="20" FrameSourceIndex="0" ID="1-4" InteractionNum="0" InteractionSize="0" IsImg="false" LinkNum="4" LinkTextLen="23" ObjectRectHeight="467" ObjectRectLeft="0" ObjectRectTop="224" ObjectRectWidth="1420" OptionNum="0" OptionTextLength="0" ParaNum="0" SourceIndex="2903" TableNum="0" TextLen="791" order="9">
<LayoutNode BgColor="#ffffff" ContainImg="0" ContainP="0" ContainTable="false" DOMCldNum="23" DoC="5" FontSize="16" FontWeight="700" FormNum="0" FormSize="0" FrameSourceIndex="0" ID="1-4-1" InteractionNum="0" InteractionSize="0" IsImg="false" LinkNum="0" LinkTextLen="0" ObjectRectHeight="467" ObjectRectLeft="0" ObjectRectTop="224" ObjectRectWidth="930" OptionNum="0" OptionTextLength="0" ParaNum="0" SourceIndex="2903" TableNum="0" TextLen="665" order="10">
<LayoutNode BgColor="#ffffff" ContainImg="0" ContainP="0" ContainTable="false" Content="Bán đất lô 135 khu 9 - Huỳnh Văn Nghệ - khu biệt thự lấn biển Vĩnh Hoà - P. Vĩnh Hoà - Nha Trang " DOMCldNum="23" DoC="10" FontSize="16" FontWeight="700" FormNum="0" FormSize="0" FrameSourceIndex="0" ID="1-4-1-1" InteractionNum="0" InteractionSize="0" IsImg="false" LinkNum="0" LinkTextLen="0" ObjectHeight="44" ObjectRectHeight="54" ObjectRectLeft="0" ObjectRectTop="224" ObjectRectWidth="930" ObjectWidth="730" ObjectX="200" ObjectY="234" OptionNum="0" OptionTextLength="0" ParaNum="0" SRC="&lt;h1 class=&quot;post-title&quot;&gt;Bán đất lô 135 khu 9 - Huỳnh Văn Nghệ - khu biệt thự lấn biển Vĩnh Hoà - P. Vĩnh Hoà - Nha Trang&lt;/h1&gt;" SourceIndex="2905" TableNum="0" TextLen="95" order="11" xPath="/html[1]/body[1]/div[1]/div[2]/div[4]/div[2]/div[1]/h1[1]"/>
<LayoutNode BgColor="#ffffff" ContainImg="0" ContainP="0" ContainTable="false" Content="Khu vực: Nha Trang, Khánh Hòa Giá: 46.5 Triệu/m2 Diện tích: 288.2m2 " DOMCldNum="23" DoC="5" FontSize="12" FontWeight="normal" FormNum="0" FormSize="0" FrameSourceIndex="0" ID="1-4-1-2" InteractionNum="0" InteractionSize="0" IsImg="false" LinkNum="0" LinkTextLen="0" ObjectHeight="18" ObjectRectHeight="40" ObjectRectLeft="0" ObjectRectTop="288" ObjectRectWidth="930" ObjectWidth="730" ObjectX="200" ObjectY="288" OptionNum="0" OptionTextLength="0" ParaNum="0" SRC="&lt;div class=&quot;post-location&quot;&gt;&lt;b&gt;Khu vực:&lt;/b&gt;            &lt;span&gt;Nha Trang, Khánh Hòa&lt;/span&gt;&lt;/div&gt;&lt;div class=&quot;post-price&quot;&gt;&lt;b&gt;Giá:&lt;/b&gt; &lt;span&gt;46.5 Triệu/m2&lt;/span&gt;        &lt;/div&gt;&lt;div class=&quot;post-area&quot;&gt;&lt;b&gt;Diện tích:&lt;/b&gt;            &lt;span&gt;288.2m2&lt;/span&gt;&lt;/div&gt;" SourceIndex="2908;2915;2923" TableNum="0" TextLen="65" order="12" xPath="/html[1]/body[1]/div[1]/div[2]/div[4]/div[2]/div[1]/div[1]"/>
<LayoutNode BgColor="#ffffff" ContainImg="0" ContainP="0" ContainTable="false" Content="Thông tin mô tả " DOMCldNum="7" DoC="10" FontSize="12" FontWeight="700" FormNum="0" FormSize="0" FrameSourceIndex="0" ID="1-4-1-3" InteractionNum="0" InteractionSize="0" IsImg="false" LinkNum="0" LinkTextLen="0" ObjectHeight="18" ObjectRectHeight="18" ObjectRectLeft="0" ObjectRectTop="338" ObjectRectWidth="930" ObjectWidth="730" ObjectX="200" ObjectY="338" OptionNum="0" OptionTextLength="0" ParaNum="0" SRC="&lt;div class=&quot;post-detail-title&quot;&gt;Thông tin mô tả&lt;/div&gt;" SourceIndex="2934" TableNum="0" TextLen="15" order="13" xPath="/html[1]/body[1]/div[1]/div[2]/div[4]/div[2]/div[1]/div[5]/div[1]"/>
<LayoutNode BgColor="#ffffff" ContainImg="0" ContainP="0" ContainTable="false" Content="Bán đất Lô 135 khu 9 - Huỳnh Văn Nghệ - Khu biệt thự lấn biển Vĩnh Hoà - Nha Trang. Dt: 288,2m2 (ngang 10m). Hướng Nam (nhìn ra biển). Đường nhựa hiện trạng rộng 13m. Khu biệt thự lấn biển Vĩnh Hoà là khu biệt thự phong thủy đẹp nhất nha trang với nhiều dự án cao cấp xung quanh, có dự án căn hộ cao cấp 35 tầng La Luna đang hoàn thiện, nằm ngay bến du thuyền... Là nơi lý tưởng để nghỉ dưỡng. Pháp lý: Sổ hồng. Giá bán chốt: 46,5trd/m2. Liên hệ ngay: Mr Hoàng 0972 206 206. Thông tin pháp lý: Có sổ " DOMCldNum="7" DoC="8" FontSize="14" FontWeight="normal" FormNum="0" FormSize="0" FrameSourceIndex="0" ID="1-4-1-4" InteractionNum="0" InteractionSize="0" IsImg="false" LinkNum="0" LinkTextLen="0" ObjectHeight="330" ObjectRectHeight="330" ObjectRectLeft="0" ObjectRectTop="361" ObjectRectWidth="930" ObjectWidth="730" ObjectX="200" ObjectY="361" OptionNum="0" OptionTextLength="0" ParaNum="0" SRC="&lt;div class=&quot;post-detail-content&quot;&gt;                Bán đất Lô 135 khu 9 - Huỳnh Văn Nghệ - Khu biệt thự lấn biển Vĩnh Hoà - Nha Trang.&lt;br/&gt;Dt: 288,2m2 (ngang 10m).&lt;br/&gt;Hướng Nam (nhìn ra biển).&lt;br/&gt;Đường nhựa hiện trạng rộng 13m.&lt;br/&gt;Khu biệt thự lấn biển Vĩnh Hoà là khu biệt thự phong thủy đẹp nhất nha trang với nhiều dự án cao cấp xung quanh, có dự án căn hộ cao cấp 35 tầng La Luna đang hoàn thiện, nằm ngay bến du thuyền... Là nơi lý tưởng để nghỉ dưỡng.&lt;br/&gt;Pháp lý: Sổ hồng.&lt;br/&gt;Giá bán chốt: 46,5trd/m2.&lt;br/&gt;Liên hệ ngay: Mr Hoàng 0972 206 206.&lt;br/&gt;&lt;br/&gt;Thông tin pháp lý: Có sổ            &lt;/div&gt;" SourceIndex="2937" TableNum="0" TextLen="490" order="14" xPath="/html[1]/body[1]/div[1]/div[2]/div[4]/div[2]/div[1]/div[5]/div[2]"/>
</LayoutNode>
<LayoutNode BgColor="#ffffff" ContainImg="1" ContainP="0" ContainTable="false" DOMCldNum="5" DoC="5" FontSize="12" FontWeight="normal" FormNum="1" FormSize="20" FrameSourceIndex="0" ID="1-4-2" InteractionNum="0" InteractionSize="0" IsImg="false" LinkNum="4" LinkTextLen="23" ObjectRectHeight="467" ObjectRectLeft="970" ObjectRectTop="224" ObjectRectWidth="450" OptionNum="0" OptionTextLength="0" ParaNum="0" SourceIndex="510" TableNum="0" TextLen="126" order="15">
<LayoutNode BgColor="#ffffff" ContainImg="1" ContainP="0" ContainTable="false" Content="Nhận bản tin từ Timnhadat.net.vn Đăng ký " DOMCldNum="5" DoC="5" FontSize="12" FontWeight="normal" FormNum="0" FormSize="0" FrameSourceIndex="0" ID="1-4-2-1" InteractionNum="0" InteractionSize="0" IsImg="false" LinkNum="2" LinkTextLen="7" ObjectHeight="60" ObjectRectHeight="66" ObjectRectLeft="970" ObjectRectTop="224" ObjectRectWidth="450" ObjectWidth="238" ObjectX="976" ObjectY="230" OptionNum="0" OptionTextLength="0" ParaNum="0" SRC="&lt;div class=&quot;newsletter-form-small&quot;&gt;            &lt;div class=&quot;mb5&quot;&gt;                &lt;div class=&quot;float-left&quot;&gt;                    &lt;img src=&quot;https://timnhadat.net.vn/images/icon-newsletter-small.jpg&quot;/&gt;&lt;/div&gt;                &lt;div class=&quot;float-left news-text&quot;&gt;Nhận bản tin từ Timnhadat.net.vn&lt;/div&gt;                &lt;div class=&quot;clear&quot;/&gt;            &lt;/div&gt;            &lt;div&gt;                &lt;div class=&quot;float-left&quot;&gt;                    &lt;input id=&quot;email&quot; placeholder=&quot;Nhập email của bạn&quot; type=&quot;text&quot;/&gt;&lt;/div&gt;                &lt;div class=&quot;float-left&quot;&gt;&lt;a class=&quot;newsletter-register&quot; href=&quot;#&quot; id=&quot;newsletter&quot;&gt;Đăng ký&lt;/a&gt;&lt;/div&gt;                &lt;div class=&quot;clear&quot;/&gt;            &lt;/div&gt;        &lt;/div&gt;" SourceIndex="512" TableNum="0" TextLen="39" order="16" xPath="/html[1]/body[1]/div[1]/div[2]/div[4]/div[1]/div[1]"/>
<LayoutNode BgColor="#055699" ContainImg="0" ContainP="0" ContainTable="false" Content="Tìm kiếm trên 10.000.000 tin rao Nhà đất bán Nhà đất cho thuê --Chọn loại nhà đất-- - Bán căn hộ chung cư - Tất cả các loại nhà bán + Bán nhà riêng + Bán nhà biệt thự, liền kề + Bán nhà mặt phố - Tất cả các loại đất bán + Bán đất nền dự án + Bán đất - Bán trang trại, khu nghỉ dưỡng - Bán kho, nhà xưởng - Bán loại bất động sản khác --Chọn Tỉnh/Thành phố-- Hồ Chí Minh Hà Nội Đà Nẵng Bình Dương Đồng Nai Khánh Hòa Hải Phòng Long An Quảng Nam Bà Rịa Vũng Tàu Đắk Lắk Cần Thơ Bình Thuận Lâm Đồng Thừa Thiên Huế Kiên Giang Bắc Ninh Quảng Ninh Thanh Hóa Nghệ An Hải Dương Gia Lai Bình Phước Hưng Yên Bình Định Tiền Giang Thái Bình Bắc Giang Hòa Bình An Giang Vĩnh Phúc Tây Ninh Thái Nguyên Lào Cai Nam Định Quảng Ngãi Bến Tre Đắk Nông Cà Mau Vĩnh Long Ninh Bình Phú Thọ Ninh Thuận Phú Yên Hà Nam Hà Tĩnh Đồng Tháp Sóc Trăng Kon Tum Quảng Bình Quảng Trị Trà Vinh Hậu Giang Sơn La Bạc Liêu Yên Bái Tuyên Quang Điện Biên Lai Châu Lạng Sơn Hà Giang Bắc Kạn Cao Bằng --Chọn Quận/Huyện-- Huyện Cam Lâm Huyện Diên Khánh Huyện Khánh Sơn Huyện Khánh Vĩnh Thị xã Ninh Hòa Huyện Trường Sa Huyện Vạn Ninh Thành phố Nha Trang Thành phố Cam Ranh --Chọn diện tích-- &lt;= 30m2 30 - 50m2 50 - 80m2 80 - 100m2 100 - 150m2 150 - 200m2 200 - 250m2 250 - 300m2 300 - 500m2 &gt;= 500m2 --Chọn mức giá-- &lt; 500 triệu 500 - 800 triệu 800 triệu - 1 tỷ 1 - 2 tỷ 2 - 3 tỷ 3 - 5 tỷ 5 - 7 tỷ 7 - 10 tỷ 10 - 20 tỷ 20 - 30 tỷ &gt; 30 tỷ --Chọn Phường/Xã-- Phường Vĩnh Hải Phường Vĩnh Phước Phường Vĩnh Thọ Phường Xương Huân Phường Vạn Thắng Phường Vạn Thạnh Phường Phương Sài Phường Phương Sơn Phường Ngọc Hiệp Phường Phước Hòa Phường Phước Tân Phường Phước Tiến Phường Phước Hải Phường Lộc Thọ Phường Tân Lập Phường Vĩnh Nguyên Phường Vĩnh Trường Phường Phước Long Phường Vĩnh Hòa Xã Vĩnh Phương Xã Vĩnh Trung Xã Vĩnh Thạnh Xã Vĩnh Thái Xã Vĩnh Hiệp Xã Vĩnh Ngọc Xã Vĩnh Lương Xã Phước Đồng --Chọn Đường/Phố-- 1 10 11 12 13 14 14A 15 17 18A 19 19/5 1A 1B 2 2/4 21 22 23 23/10 26 27 28 28B 29 2A 2B 2D 3 30 30A 33 34 3A 3B 4 45 47 4B 4C 4D 5 50 5A 5B 5C 5D 5E 6 66 6A 6C 7 7B 8 8A 8C 8D 8E 9 9A A1 A2 A3 A3A A4 A5 A6 An Dương Vương An Phú Đông 27 An Viên Âu Cơ B1 B2 B3 B4 B5 B5-22 B6 B7 B8 Ba Làng Bà Triệu Bắc Sơn Bạch Đằng Bạch Thái Bưởi Bãi Dương Bế Văn Đàn Bến Cá Biệt Thự Biểu Đóa Bình Can Bình Hoà Bình Khê Bờ Đắp Bờ Kè Bùi Huy Bích Bùi Thị Xuân Bùi Xuân Phái Bữu Đóa C1 C2 C3 C4 C5 C8 Cao Bá Quát Cao Thắng Cao Văn Bé Cầu Bè Cầu Dứa Cầu Dứa - Phú Nông Cầu Hộ Cầu Lùng Cầu Xóm Bông Cây Gáo Châu Văn Liêm Chế Lan Viên Chi Lăng Chí Linh Cô Bắc Cổ Loa Củ Chi Cù Chính Lan Cù Lao Hạ Cù Lao Thượng Cù Lao Trung Cửu Long Cửu Việt 2 D1 D15 D2 D3 Dã Tượng Diên Sơn B Dương Ham Dương Hiến Quyền Dương Văn An Dương Vân Nga Đắc Lộc Đắc Phú Đặng Dung Đặng Huy Trứ Đặng Lộ Đặng Minh Khiêm Đặng Nguyên Cẩn Đặng Tất Đặng Thai Mai Đặng Thái Thân Đào Duy Anh Đào Duy Từ Đào Văn Tiến Đất Lành Đệ Đề Pô Đèo Rù Rì Điện Biên Phủ Định Cư Đinh Lễ Đinh Liệt Đinh Tiên Hoàng Đình Vĩnh Xuân Đô Đốc Tuyết Đô Lương Đoàn Thị Điểm Đoàn Trần Nghiệp Đội Cấn Đống Đa Đông Hồ Đông Hưng Thuận 6 Đông Mương Đồng Nai Đông Phước ĐT 741 ĐT 747 Đường Đệ F F3 Gò Cây Sung Gò Đập Hà Huy Tập Hà Ra Hà Thanh Hai Bà Trưng Hải Đức Hải Nam Hàn Giang Hàn Thuyên Hàng Cá Hát Giang Hậu Giang Hậu Lân Hiệp Thành 13 Hồ Sĩ Dương Hồ Tùng Mậu Hồ Xuân Hương Hoa Lư Hòa Trung Hoàn Kiếm Hoàng Diệu Hoàng Hoa Thám Hoàng Minh Thảo Hoàng Sa Hoàng Tăng Bí Hoàng Văn Thái Hoàng Văn Thụ Hòn Chồng Hòn Dung Hòn Nghê Hòn Rớ Hòn Sưng Hòn Xện Hồng Bàng Hồng Lĩnh Hùng Vương Hương Điền Hương Giang Hương Lộ Hương lộ 45 Hương Lộ Ngọc Hiệp Hương Lộ Ngọc Sơn Hương Sơn Huỳnh Tấn Phát Huỳnh Thúc Kháng Huỳnh Tịnh Huỳnh Tịnh Của Huỳnh Văn Nghệ K10 Khe Sanh Khiêu Năng Tĩnh Khiếu Năng Tĩnh Khởi Nghĩa Bắc Sơn Khúc Thừa Dụ Kiến Thiết Lạc An Lạc Long Quân Lạc Thiện Lam Sơn Lãn Ông Lang Liêu Lê Chân Lê Công Hạnh Lê Công Miễn Lê Đại Hành Lê Hồng Phong Lê Lai Lê Lợi Lê Nghị Lê Quý Đôn Lê Thanh Nghị Lê Thành Phương Lê Thánh Tôn Lê Văn Huân Lê Văn Miến Lê Văn Tám Lê Văn Tâm Liên Hoa Liên Xã Lộc Hòa Lư Cấm Lư Giang Lương Đắc Bằng Lương Định Của Lương Ngọc Quyến Lương Nhữ Học Lương Sơn Lương Thế Vinh Lương Văn Can Lưu Hữu Phước Lý Nam Đế Lý Ông Trọng Lý Phục Man Lý Quốc Sư Lý Thái Tổ Lý Thánh Tôn Lý Thánh Tông Lý Thường Kiệt Lý Tự Trọng Mạc Đĩnh Chi Mai An Tiêm Mai Lão Bạng Mai Thị Dõng Mai Xuân Thưởng Máy Nước Mê Linh Miếu Bà Mương Khai N1 Ngô Đến Ngô Đức Kế Ngô Gia Khảm Ngô Gia Tự Ngô Lan Chi Ngô Quyền Ngô Sĩ Liên Ngô Tất Tố Ngô Thời Nhiệm Ngô Văn Sở Ngọc Hân Công Chúa Ngọc Hồi Ngọc Hội Ngọc Thảo Nguyễn An Nguyễn Bặc Nguyễn Biểu Nguyễn Biểu B1 Nguyễn Biểu B2 Nguyễn Bỉnh Khiêm Nguyễn Bửu Nguyễn Cảnh Chân Nguyễn Cao Luyện Nguyễn Chánh Nguyễn Chích Nguyễn Cơ Thạch Nguyễn Công Trứ Nguyễn Du Nguyễn Dữ Nguyễn Duy Hiệu Nguyễn Địa Lô Nguyễn Đình Chiểu Nguyễn Đức Cảnh Nguyễn Đức Thuận Nguyễn Gia Thiều Nguyễn Hiền Nguyễn Hoành Nguyễn Huệ Nguyễn Hữu Huân Nguyễn Hữu Nghĩa Nguyễn Hữu Thọ Nguyễn Huy Chương Nguyễn Khắc Viện Nguyễn Khanh Nguyễn Khánh Toàn Nguyễn Khoái Nguyễn Khuyến Nguyễn Lộ Trạch Nguyễn Phan Vinh Nguyễn Phi Khanh Nguyễn Phong Sắc Nguyễn Quyền Nguyễn Tất Thành Nguyễn Thái Học Nguyễn Thành Phương Nguyễn Thị Định Nguyễn Thị Minh Khai Nguyễn Thiện Thuật Nguyễn Thượng Hiền Nguyễn Trãi Nguyễn Tri Phương Nguyễn Trung Trực Nguyễn Trường Tộ Nguyễn Văn Bảy Nguyễn Văn Côn Nguyễn Văn Linh Nguyễn Viết Xuân Nguyễn Xiển Nguyễn Xuân Hữu Nhà Thờ Nhân Vị Nhật Lệ Nhật Phong Nhị Hà Núi Cấm 1 Núi Một Núi Sạn NV1 P1 P2 P3 Pastuer Phạm Hồng Thái Phạm Ngọc Thạch Phạm Phú Thứ Phạm Thị Bất Phạm Tu Phạm Văn Đồng Phan Bội Châu Phan Chu Trinh Phan Đình Giót Phan Đình Phùng Phan Huy Ích Phan Mạnh Thủy Phan Như Cẩn Phan Văn Vũ Phan Vinh Phật Học Phó Đức Chính Phong Châu Phòng Không Phú Bình Phù Đổng Phú Đức Phú Nông Phú Trung Phú Xương Phúc Sơn Phùng Hưng Phùng Khắc Khoan Phước Hải Phước Huệ Phước Long Phước Tân Phước Tường Phương Câu Phương Ma Phương Mai Phương Sài Quân Trấn Quang Dục Quảng Đức Quang Trung Quốc Lộ 1 Quốc lộ 14 Quốc lộ 1A Quốc lộ 1C Quốc Tuấn Sao Biển Sắt Sinh Trung Số 1 Số 10 Số 10B Số 11 Số 12 Số 13 Số 14 Số 14A Số 15 Số 17 Số 18A Số 19 Số 1A Số 1B Số 2 Số 20 Số 22 Số 25 Số 26 Số 28 Số 29 Số 2A Số 2B Số 3 Số 33 Số 34 Số 3A Số 3B Số 4 Số 4A Số 4B Số 4D Số 5 Số 5A Số 5B Số 5C Số 6 Số 7 Số 8 Số 8A Số 8C Số 9 Số A3A Sơn Ca Sơn Thủy Sông Cái Sử Hy Nhan Sư Vạn Hạnh T11 T12 T15 T16 T17 T18 T19 T2 T21 T22 T23 T27 T3 T4 T5 T6 T8 T9 Tân An Tân Chánh Hiệp 16 Tân Chánh Hiệp 2 Tản Đà Tân Hải Tân Thới Hiệp 10 Tân Trang Tân Trào Tản Viên Tăng Bạt Hổ Tây Nam Tế Hanh Thái Khang Thái Nguyên Thái Phiên Thái Thông Thân Nhân Trung Thạnh Lộc 27 Thanh Nam Thạnh Xuân 13 Thạnh Xuân 21 Tháp Bà Thi Sách Thích Bửu Đăng Thích Quảng Đức Thoại Ngọc Hầu Thống Nhất Thủy Xưởng Tiền Giang Tỉnh lộ 3 Tỉnh lộ 657 Tỉnh lộ 7A Tô Hiến Thành Tô Hiệu Tố Hữu Tô Ký Tô Vĩnh Diện Tôn Đản Tôn Đức Thắng Tôn Thất Tùng Trại Gà Trần Bình Trọng Trần Đoàn Nghiệp Trần Hưng Đạo Trần Khánh Dư Trần Khát Chân Trần Kim Hùng Trần Lư Trần Mai Ninh Trần Nam Trung Trần Nguyên Hãn Trần Nhật Duật Trần Phú Trần Phú B Trần Quang Diệu Trần Quang Đạo Trần Quang Khải Trần Quốc Toản Trần Quý Cáp Trần Sâm Trần Thị Tính Trần Văn Ơn Trích Sài Triệu Quang Phục Triệu Quốc Đạt Trịnh Hoài Đức Trịnh Phong Trương Định Trương Hán Siêu Trường Phúc Trường Sa Trường Sơn Trương Tấn Sang Trương Văn Đa Tuệ Tĩnh V1 Vân Đồn Vạn Hoa Vạn Kiếp Văn Nga Vạn Thắng Việt Bắc Vĩnh Điềm Thượng Vĩnh Điềm Trung Vĩnh Hội Vĩnh Ngọc Vĩnh Thái Vĩnh Thạnh Vĩnh Xương Võ Đình Tú Võ Thị Sáu Võ Trứ Võ Trung Thành Võ Trường Toàn Võ Trường Toản Võ Văn Ký Võ Văn Tần Vũ Hữu Vũ Xuân Thiều Vườn Dương Vườn Thuốc Vườn Xoài Xa La Xóm Chiếu Xuân Lạc Xuân Thủy Xương Huân Yên Thế Yersin Yết Kiêu --Chọn số phòng ngủ-- 1+ 2+ 3+ 4+ 5+ --Chọn hướng nhà-- KXĐ Đông Tây Nam Bắc Đông-Bắc Tây-Bắc Tây-Nam Đông-Nam Ẩn tìm nâng cao Tìm nâng cao Tìm kiếm " DOMCldNum="5" DoC="5" FontSize="12" FontWeight="700" FormNum="1" FormSize="20" FrameSourceIndex="0" ID="1-4-2-2" InteractionNum="0" InteractionSize="0" IsImg="false" LinkNum="2" LinkTextLen="16" ObjectHeight="28" ObjectRectHeight="383" ObjectRectLeft="970" ObjectRectTop="308" ObjectRectWidth="450" ObjectWidth="250" ObjectX="970" ObjectY="308" OptionNum="0" OptionTextLength="0" ParaNum="0" SRC="&lt;div class=&quot;block-title&quot;&gt;                                    &lt;span&gt;Tìm kiếm trên 10.000.000 tin rao&lt;/span&gt;                            &lt;/div&gt;&lt;div class=&quot;block-content&quot;&gt;                &lt;div class=&quot;tabs&quot;&gt;                                            &lt;div class=&quot;tab  active &quot; data-category-id=&quot;1&quot; data-tab-index=&quot;1&quot;&gt;Nhà đất bán&lt;/div&gt;                        &lt;div class=&quot;tab space&quot;/&gt;                                            &lt;div class=&quot;tab &quot; data-category-id=&quot;13&quot; data-tab-index=&quot;1&quot;&gt;Nhà đất cho thuê&lt;/div&gt;                        &lt;div class=&quot;tab space&quot;/&gt;                                        &lt;div class=&quot;cell-last&quot;/&gt;                &lt;/div&gt;                &lt;form action=&quot;https://timnhadat.net.vn/tim-nang-cao&quot; id=&quot;search&quot; method=&quot;get&quot;&gt;                    &lt;div class=&quot;tab-contents&quot;&gt;                        &lt;div class=&quot;tab-content&quot; data-tab-index=&quot;1&quot;&gt;                            &lt;input name=&quot;advanced_search&quot; type=&quot;hidden&quot; value=&quot;1&quot;/&gt;                            &lt;input name=&quot;category_id1&quot; type=&quot;hidden&quot; value=&quot;1&quot;/&gt;                                                                                                                &lt;div class=&quot;input&quot;&gt;                                &lt;select class=&quot;select2-search select-category-2&quot; data-width=&quot;100%&quot; name=&quot;category_id2&quot;&gt;                                    &lt;option value=&quot;&quot;&gt;--Chọn loại nhà đất--&lt;/option&gt;                                                                                                                        &lt;option value=&quot;2&quot;&gt;- Bán căn hộ chung cư&lt;/option&gt;                                                                                                                                                                                                                            &lt;option value=&quot;3&quot;&gt;- Tất cả các loại nhà bán&lt;/option&gt;                                                                                                                                                &lt;option value=&quot;4&quot;&gt;                                                        + Bán nhà riêng&lt;/option&gt;                                                                                                    &lt;option value=&quot;5&quot;&gt;                                                        + Bán nhà biệt thự, liền kề&lt;/option&gt;                                                                                                    &lt;option value=&quot;6&quot;&gt;                                                        + Bán nhà mặt phố&lt;/option&gt;                                                                                                                                                                                &lt;option value=&quot;7&quot;&gt;- Tất cả các loại đất bán&lt;/option&gt;                                                                                                                                                &lt;option selected=&quot;&quot; value=&quot;8&quot;&gt;                                                        + Bán đất nền dự án&lt;/option&gt;                                                                                                    &lt;option value=&quot;9&quot;&gt;                                                        + Bán đất&lt;/option&gt;                                                                                                                                                                                &lt;option value=&quot;10&quot;&gt;- Bán trang trại, khu nghỉ dưỡng&lt;/option&gt;                                                                                                                                                                                                                            &lt;option value=&quot;11&quot;&gt;- Bán kho, nhà xưởng&lt;/option&gt;                                                                                                                                                                                                                            &lt;option value=&quot;12&quot;&gt;- Bán loại bất động sản khác&lt;/option&gt;                                                                                                                                                                                                                                                    &lt;/select&gt;                            &lt;/div&gt;                            &lt;div class=&quot;input&quot;&gt;                                &lt;select class=&quot;select2-search select-city&quot; data-width=&quot;100%&quot; name=&quot;city_id&quot;&gt;                                    &lt;option value=&quot;&quot;&gt;--Chọn Tỉnh/Thành phố--&lt;/option&gt;                                                                            &lt;option value=&quot;1&quot;&gt;Hồ Chí Minh&lt;/option&gt;                                                                            &lt;option value=&quot;2&quot;&gt;Hà Nội&lt;/option&gt;                                                                            &lt;option value=&quot;3&quot;&gt;Đà Nẵng&lt;/option&gt;                                                                            &lt;option value=&quot;4&quot;&gt;Bình Dương&lt;/option&gt;                                                                            &lt;option value=&quot;5&quot;&gt;Đồng Nai&lt;/option&gt;                                                                            &lt;option selected=&quot;&quot; value=&quot;6&quot;&gt;Khánh Hòa&lt;/option&gt;                                                                            &lt;option value=&quot;7&quot;&gt;Hải Phòng&lt;/option&gt;                                                                            &lt;option value=&quot;8&quot;&gt;Long An&lt;/option&gt;                                                                            &lt;option value=&quot;9&quot;&gt;Quảng Nam&lt;/option&gt;                                                                            &lt;option value=&quot;10&quot;&gt;Bà Rịa Vũng Tàu&lt;/option&gt;                                                                            &lt;option value=&quot;11&quot;&gt;Đắk Lắk&lt;/option&gt;                                                                            &lt;option value=&quot;12&quot;&gt;Cần Thơ&lt;/option&gt;                                                                            &lt;option value=&quot;13&quot;&gt;Bình Thuận  &lt;/option&gt;                                                                            &lt;option value=&quot;14&quot;&gt;Lâm Đồng&lt;/option&gt;                                                                            &lt;option value=&quot;15&quot;&gt;Thừa Thiên Huế&lt;/option&gt;                                                                            &lt;option value=&quot;16&quot;&gt;Kiên Giang&lt;/option&gt;                                                                            &lt;option value=&quot;17&quot;&gt;Bắc Ninh&lt;/option&gt;                                                                            &lt;option value=&quot;18&quot;&gt;Quảng Ninh&lt;/option&gt;                                                                            &lt;option value=&quot;19&quot;&gt;Thanh Hóa&lt;/option&gt;                                                                            &lt;option value=&quot;20&quot;&gt;Nghệ An&lt;/option&gt;                                                                            &lt;option value=&quot;21&quot;&gt;Hải Dương&lt;/option&gt;                                                                            &lt;option value=&quot;22&quot;&gt;Gia Lai&lt;/option&gt;                                                                            &lt;option value=&quot;23&quot;&gt;Bình Phước&lt;/option&gt;                                                                            &lt;option value=&quot;24&quot;&gt;Hưng Yên&lt;/option&gt;                                                                            &lt;option value=&quot;25&quot;&gt;Bình Định&lt;/option&gt;                                                                            &lt;option value=&quot;26&quot;&gt;Tiền Giang&lt;/option&gt;                                                                            &lt;option value=&quot;27&quot;&gt;Thái Bình&lt;/option&gt;                                                                            &lt;option value=&quot;28&quot;&gt;Bắc Giang&lt;/option&gt;                                                                            &lt;option value=&quot;29&quot;&gt;Hòa Bình&lt;/option&gt;                                                                            &lt;option value=&quot;30&quot;&gt;An Giang&lt;/option&gt;                                                                            &lt;option value=&quot;31&quot;&gt;Vĩnh Phúc&lt;/option&gt;                                                                            &lt;option value=&quot;32&quot;&gt;Tây Ninh&lt;/option&gt;                                                                            &lt;option value=&quot;33&quot;&gt;Thái Nguyên&lt;/option&gt;                                                                            &lt;option value=&quot;34&quot;&gt;Lào Cai&lt;/option&gt;                                                                            &lt;option value=&quot;35&quot;&gt;Nam Định&lt;/option&gt;                                                                            &lt;option value=&quot;36&quot;&gt;Quảng Ngãi&lt;/option&gt;                                                                            &lt;option value=&quot;37&quot;&gt;Bến Tre&lt;/option&gt;                                                                            &lt;option value=&quot;38&quot;&gt;Đắk Nông&lt;/option&gt;                                                                            &lt;option value=&quot;39&quot;&gt;Cà Mau&lt;/option&gt;                                                                            &lt;option value=&quot;40&quot;&gt;Vĩnh Long&lt;/option&gt;                                                                            &lt;option value=&quot;41&quot;&gt;Ninh Bình&lt;/option&gt;                                                                            &lt;option value=&quot;42&quot;&gt;Phú Thọ&lt;/option&gt;                                                                            &lt;option value=&quot;43&quot;&gt;Ninh Thuận&lt;/option&gt;                                                                            &lt;option value=&quot;44&quot;&gt;Phú Yên&lt;/option&gt;                                                                            &lt;option value=&quot;45&quot;&gt;Hà Nam&lt;/option&gt;                                                                            &lt;option value=&quot;46&quot;&gt;Hà Tĩnh&lt;/option&gt;                                                                            &lt;option value=&quot;47&quot;&gt;Đồng Tháp&lt;/option&gt;                                                                            &lt;option value=&quot;48&quot;&gt;Sóc Trăng&lt;/option&gt;                                                                            &lt;option value=&quot;49&quot;&gt;Kon Tum&lt;/option&gt;                                                                            &lt;option value=&quot;50&quot;&gt;Quảng Bình&lt;/option&gt;                                                                            &lt;option value=&quot;51&quot;&gt;Quảng Trị&lt;/option&gt;                                                                            &lt;option value=&quot;52&quot;&gt;Trà Vinh&lt;/option&gt;                                                                            &lt;option value=&quot;53&quot;&gt;Hậu Giang&lt;/option&gt;                                                                            &lt;option value=&quot;54&quot;&gt;Sơn La&lt;/option&gt;                                                                            &lt;option value=&quot;55&quot;&gt;Bạc Liêu&lt;/option&gt;                                                                            &lt;option value=&quot;56&quot;&gt;Yên Bái&lt;/option&gt;                                                                            &lt;option value=&quot;57&quot;&gt;Tuyên Quang&lt;/option&gt;                                                                            &lt;option value=&quot;58&quot;&gt;Điện Biên&lt;/option&gt;                                                                            &lt;option value=&quot;59&quot;&gt;Lai Châu&lt;/option&gt;                                                                            &lt;option value=&quot;60&quot;&gt;Lạng Sơn&lt;/option&gt;                                                                            &lt;option value=&quot;61&quot;&gt;Hà Giang&lt;/option&gt;                                                                            &lt;option value=&quot;62&quot;&gt;Bắc Kạn&lt;/option&gt;                                                                            &lt;option value=&quot;63&quot;&gt;Cao Bằng&lt;/option&gt;                                                                    &lt;/select&gt;                            &lt;/div&gt;                            &lt;div class=&quot;input&quot;&gt;                                &lt;select class=&quot;select2-search select-district&quot; data-width=&quot;100%&quot; name=&quot;district_id&quot;&gt;                                    &lt;option value=&quot;&quot;&gt;--Chọn Quận/Huyện--&lt;/option&gt;                                                                            &lt;option value=&quot;343&quot;&gt;Huyện Cam Lâm&lt;/option&gt;                                                                            &lt;option value=&quot;344&quot;&gt;Huyện Diên Khánh&lt;/option&gt;                                                                            &lt;option value=&quot;345&quot;&gt;Huyện Khánh Sơn&lt;/option&gt;                                                                            &lt;option value=&quot;346&quot;&gt;Huyện Khánh Vĩnh&lt;/option&gt;                                                                            &lt;option value=&quot;347&quot;&gt;Thị xã Ninh Hòa&lt;/option&gt;                                                                            &lt;option value=&quot;348&quot;&gt;Huyện Trường Sa&lt;/option&gt;                                                                            &lt;option value=&quot;349&quot;&gt;Huyện Vạn Ninh&lt;/option&gt;                                                                            &lt;option selected=&quot;&quot; value=&quot;350&quot;&gt;Thành phố Nha Trang&lt;/option&gt;                                                                            &lt;option value=&quot;351&quot;&gt;Thành phố Cam Ranh&lt;/option&gt;                                                                    &lt;/select&gt;                            &lt;/div&gt;                            &lt;div class=&quot;input&quot;&gt;                                &lt;select class=&quot;select2-search&quot; data-width=&quot;100%&quot; name=&quot;area_range_id&quot;&gt;                                    &lt;option value=&quot;&quot;&gt;--Chọn diện tích--&lt;/option&gt;                                                                            &lt;option value=&quot;1&quot;&gt;&lt;= 30m2&lt;/option&gt;                                                                            &lt;option value=&quot;2&quot;&gt;30 - 50m2&lt;/option&gt;                                                                            &lt;option value=&quot;3&quot;&gt;50 - 80m2&lt;/option&gt;                                                                            &lt;option value=&quot;4&quot;&gt;80 - 100m2&lt;/option&gt;                                                                            &lt;option value=&quot;5&quot;&gt;100 - 150m2&lt;/option&gt;                                                                            &lt;option value=&quot;6&quot;&gt;150 - 200m2&lt;/option&gt;                                                                            &lt;option value=&quot;7&quot;&gt;200 - 250m2&lt;/option&gt;                                                                            &lt;option selected=&quot;&quot; value=&quot;8&quot;&gt;250 - 300m2&lt;/option&gt;                                                                            &lt;option value=&quot;9&quot;&gt;300 - 500m2&lt;/option&gt;                                                                            &lt;option value=&quot;10&quot;&gt;&gt;= 500m2&lt;/option&gt;                                                                    &lt;/select&gt;                            &lt;/div&gt;                            &lt;div class=&quot;input&quot;&gt;                                &lt;select class=&quot;select2-search&quot; data-width=&quot;100%&quot; name=&quot;price_range_id&quot;&gt;                                    &lt;option value=&quot;&quot;&gt;--Chọn mức giá--&lt;/option&gt;                                                                            &lt;option selected=&quot;&quot; value=&quot;11&quot;&gt;&lt; 500 triệu&lt;/option&gt;                                                                            &lt;option value=&quot;12&quot;&gt;500 - 800 triệu&lt;/option&gt;                                                                            &lt;option value=&quot;13&quot;&gt;800 triệu - 1 tỷ&lt;/option&gt;                                                                            &lt;option value=&quot;14&quot;&gt;1 - 2 tỷ&lt;/option&gt;                                                                            &lt;option value=&quot;15&quot;&gt;2 - 3 tỷ&lt;/option&gt;                                                                            &lt;option value=&quot;16&quot;&gt;3 - 5 tỷ&lt;/option&gt;                                                                            &lt;option value=&quot;17&quot;&gt;5 - 7 tỷ&lt;/option&gt;                                                                            &lt;option value=&quot;18&quot;&gt;7 - 10 tỷ&lt;/option&gt;                                                                            &lt;option value=&quot;19&quot;&gt;10 - 20 tỷ&lt;/option&gt;                                                                            &lt;option value=&quot;20&quot;&gt;20 - 30 tỷ&lt;/option&gt;                                                                            &lt;option value=&quot;21&quot;&gt;&gt; 30 tỷ&lt;/option&gt;                                                                    &lt;/select&gt;                            &lt;/div&gt;                            &lt;div class=&quot;input advanced-search active&quot;&gt;                                &lt;select class=&quot;select2-search select-ward&quot; data-width=&quot;100%&quot; name=&quot;ward_id&quot;&gt;                                    &lt;option value=&quot;&quot;&gt;--Chọn Phường/Xã--&lt;/option&gt;                                                                            &lt;option value=&quot;1632&quot;&gt;Phường Vĩnh Hải&lt;/option&gt;                                                                            &lt;option value=&quot;1633&quot;&gt;Phường Vĩnh Phước&lt;/option&gt;                                                                            &lt;option value=&quot;1634&quot;&gt;Phường Vĩnh Thọ&lt;/option&gt;                                                                            &lt;option value=&quot;1635&quot;&gt;Phường Xương Huân&lt;/option&gt;                                                                            &lt;option value=&quot;1636&quot;&gt;Phường Vạn Thắng&lt;/option&gt;                                                                            &lt;option value=&quot;1637&quot;&gt;Phường Vạn Thạnh&lt;/option&gt;                                                                            &lt;option value=&quot;1640&quot;&gt;Phường Phương Sài&lt;/option&gt;                                                                            &lt;option value=&quot;1645&quot;&gt;Phường Phương Sơn&lt;/option&gt;                                                                            &lt;option value=&quot;1647&quot;&gt;Phường Ngọc Hiệp&lt;/option&gt;                                                                            &lt;option value=&quot;1648&quot;&gt;Phường Phước Hòa&lt;/option&gt;                                                                            &lt;option value=&quot;1649&quot;&gt;Phường Phước Tân&lt;/option&gt;                                                                            &lt;option value=&quot;1650&quot;&gt;Phường Phước Tiến&lt;/option&gt;                                                                            &lt;option value=&quot;1651&quot;&gt;Phường Phước Hải&lt;/option&gt;                                                                            &lt;option value=&quot;1655&quot;&gt;Phường Lộc Thọ&lt;/option&gt;                                                                            &lt;option value=&quot;1660&quot;&gt;Phường Tân Lập&lt;/option&gt;                                                                            &lt;option value=&quot;1666&quot;&gt;Phường Vĩnh Nguyên&lt;/option&gt;                                                                            &lt;option value=&quot;1669&quot;&gt;Phường Vĩnh Trường&lt;/option&gt;                                                                            &lt;option value=&quot;1675&quot;&gt;Phường Phước Long&lt;/option&gt;                                                                            &lt;option selected=&quot;&quot; value=&quot;1678&quot;&gt;Phường Vĩnh Hòa&lt;/option&gt;                                                                            &lt;option value=&quot;1683&quot;&gt;Xã Vĩnh Phương&lt;/option&gt;                                                                            &lt;option value=&quot;1685&quot;&gt;Xã Vĩnh Trung&lt;/option&gt;                                                                            &lt;option value=&quot;1686&quot;&gt;Xã Vĩnh Thạnh&lt;/option&gt;                                                                            &lt;option value=&quot;1687&quot;&gt;Xã Vĩnh Thái&lt;/option&gt;                                                                            &lt;option value=&quot;1688&quot;&gt;Xã Vĩnh Hiệp&lt;/option&gt;                                                                            &lt;option value=&quot;1689&quot;&gt;Xã Vĩnh Ngọc&lt;/option&gt;                                                                            &lt;option value=&quot;1690&quot;&gt;Xã Vĩnh Lương&lt;/option&gt;                                                                            &lt;option value=&quot;1691&quot;&gt;Xã Phước Đồng&lt;/option&gt;                                                                    &lt;/select&gt;                            &lt;/div&gt;                            &lt;div class=&quot;input advanced-search active&quot;&gt;                                &lt;select class=&quot;select2-search select-street&quot; data-width=&quot;100%&quot; name=&quot;street_id&quot;&gt;                                    &lt;option value=&quot;&quot;&gt;--Chọn Đường/Phố--&lt;/option&gt;                                                                            &lt;option value=&quot;3789&quot;&gt;1&lt;/option&gt;                                                                            &lt;option value=&quot;3780&quot;&gt;10&lt;/option&gt;                                                                            &lt;option value=&quot;1998&quot;&gt;11&lt;/option&gt;                                                                            &lt;option value=&quot;1999&quot;&gt;12&lt;/option&gt;                                                                            &lt;option value=&quot;4781&quot;&gt;13&lt;/option&gt;                                                                            &lt;option value=&quot;2001&quot;&gt;14&lt;/option&gt;                                                                            &lt;option value=&quot;5780&quot;&gt;14A&lt;/option&gt;                                                                            &lt;option value=&quot;2002&quot;&gt;15&lt;/option&gt;                                                                            &lt;option value=&quot;2850&quot;&gt;17&lt;/option&gt;                                                                            &lt;option value=&quot;2852&quot;&gt;18A&lt;/option&gt;                                                                            &lt;option value=&quot;5707&quot;&gt;19&lt;/option&gt;                                                                            &lt;option value=&quot;2171&quot;&gt;19/5&lt;/option&gt;                                                                            &lt;option value=&quot;7755&quot;&gt;1A&lt;/option&gt;                                                                            &lt;option value=&quot;7702&quot;&gt;1B&lt;/option&gt;                                                                            &lt;option value=&quot;3788&quot;&gt;2&lt;/option&gt;                                                                            &lt;option value=&quot;2388&quot;&gt;2/4&lt;/option&gt;                                                                            &lt;option value=&quot;3631&quot;&gt;21&lt;/option&gt;                                                                            &lt;option value=&quot;2773&quot;&gt;22&lt;/option&gt;                                                                            &lt;option value=&quot;709&quot;&gt;23&lt;/option&gt;                                                                            &lt;option value=&quot;6540&quot;&gt;23/10&lt;/option&gt;                                                                            &lt;option value=&quot;2354&quot;&gt;26&lt;/option&gt;                                                                            &lt;option value=&quot;4766&quot;&gt;27&lt;/option&gt;                                                                            &lt;option value=&quot;2165&quot;&gt;28&lt;/option&gt;                                                                            &lt;option value=&quot;12723&quot;&gt;28B&lt;/option&gt;                                                                            &lt;option value=&quot;2166&quot;&gt;29&lt;/option&gt;                                                                            &lt;option value=&quot;4361&quot;&gt;2A&lt;/option&gt;                                                                            &lt;option value=&quot;10382&quot;&gt;2B&lt;/option&gt;                                                                            &lt;option value=&quot;8373&quot;&gt;2D&lt;/option&gt;                                                                            &lt;option value=&quot;689&quot;&gt;3&lt;/option&gt;                                                                            &lt;option value=&quot;4196&quot;&gt;30&lt;/option&gt;                                                                            &lt;option value=&quot;12050&quot;&gt;30A&lt;/option&gt;                                                                            &lt;option value=&quot;4265&quot;&gt;33&lt;/option&gt;                                                                            &lt;option value=&quot;2876&quot;&gt;34&lt;/option&gt;                                                                            &lt;option value=&quot;4413&quot;&gt;3A&lt;/option&gt;                                                                            &lt;option value=&quot;8458&quot;&gt;3B&lt;/option&gt;                                                                            &lt;option value=&quot;1990&quot;&gt;4&lt;/option&gt;                                                                            &lt;option value=&quot;2889&quot;&gt;45&lt;/option&gt;                                                                            &lt;option value=&quot;2263&quot;&gt;47&lt;/option&gt;                                                                            &lt;option value=&quot;2450&quot;&gt;4B&lt;/option&gt;                                                                            &lt;option value=&quot;9793&quot;&gt;4C&lt;/option&gt;                                                                            &lt;option value=&quot;10829&quot;&gt;4D&lt;/option&gt;                                                                            &lt;option value=&quot;3786&quot;&gt;5&lt;/option&gt;                                                                            &lt;option value=&quot;6591&quot;&gt;50&lt;/option&gt;                                                                            &lt;option value=&quot;4359&quot;&gt;5A&lt;/option&gt;                                                                            &lt;option value=&quot;7222&quot;&gt;5B&lt;/option&gt;                                                                            &lt;option value=&quot;7037&quot;&gt;5C&lt;/option&gt;                                                                            &lt;option value=&quot;7104&quot;&gt;5D&lt;/option&gt;                                                                            &lt;option value=&quot;8779&quot;&gt;5E&lt;/option&gt;                                                                            &lt;option value=&quot;2840&quot;&gt;6&lt;/option&gt;                                                                            &lt;option value=&quot;2916&quot;&gt;66&lt;/option&gt;                                                                            &lt;option value=&quot;2451&quot;&gt;6A&lt;/option&gt;                                                                            &lt;option value=&quot;7185&quot;&gt;6C&lt;/option&gt;                                                                            &lt;option value=&quot;1994&quot;&gt;7&lt;/option&gt;                                                                            &lt;option value=&quot;2378&quot;&gt;7B&lt;/option&gt;                                                                            &lt;option value=&quot;2841&quot;&gt;8&lt;/option&gt;                                                                            &lt;option value=&quot;8321&quot;&gt;8A&lt;/option&gt;                                                                            &lt;option value=&quot;6952&quot;&gt;8C&lt;/option&gt;                                                                            &lt;option value=&quot;10590&quot;&gt;8D&lt;/option&gt;                                                                            &lt;option value=&quot;9829&quot;&gt;8E&lt;/option&gt;                                                                            &lt;option value=&quot;2842&quot;&gt;9&lt;/option&gt;                                                                            &lt;option value=&quot;5844&quot;&gt;9A&lt;/option&gt;                                                                            &lt;option value=&quot;2768&quot;&gt;A1&lt;/option&gt;                                                                            &lt;option value=&quot;2769&quot;&gt;A2&lt;/option&gt;                                                                            &lt;option value=&quot;2770&quot;&gt;A3&lt;/option&gt;                                                                            &lt;option value=&quot;12531&quot;&gt;A3A&lt;/option&gt;                                                                            &lt;option value=&quot;2771&quot;&gt;A4&lt;/option&gt;                                                                            &lt;option value=&quot;2772&quot;&gt;A5&lt;/option&gt;                                                                            &lt;option value=&quot;8984&quot;&gt;A6&lt;/option&gt;                                                                            &lt;option value=&quot;6000&quot;&gt;An Dương Vương&lt;/option&gt;                                                                            &lt;option value=&quot;6599&quot;&gt;An Phú Đông 27&lt;/option&gt;                                                                            &lt;option value=&quot;7179&quot;&gt;An Viên&lt;/option&gt;                                                                            &lt;option value=&quot;778&quot;&gt;Âu Cơ&lt;/option&gt;                                                                            &lt;option value=&quot;3801&quot;&gt;B1&lt;/option&gt;                                                                            &lt;option value=&quot;3145&quot;&gt;B2&lt;/option&gt;                                                                            &lt;option value=&quot;3146&quot;&gt;B3&lt;/option&gt;                                                                            &lt;option value=&quot;3147&quot;&gt;B4&lt;/option&gt;                                                                            &lt;option value=&quot;3148&quot;&gt;B5&lt;/option&gt;                                                                            &lt;option value=&quot;13290&quot;&gt;B5-22&lt;/option&gt;                                                                            &lt;option value=&quot;3149&quot;&gt;B6&lt;/option&gt;                                                                            &lt;option value=&quot;3150&quot;&gt;B7&lt;/option&gt;                                                                            &lt;option value=&quot;9761&quot;&gt;B8&lt;/option&gt;                                                                            &lt;option value=&quot;2466&quot;&gt;Ba Làng&lt;/option&gt;                                                                            &lt;option value=&quot;179&quot;&gt;Bà Triệu&lt;/option&gt;                                                                            &lt;option value=&quot;801&quot;&gt;Bắc Sơn&lt;/option&gt;                                                                            &lt;option value=&quot;527&quot;&gt;Bạch Đằng&lt;/option&gt;                                                                            &lt;option value=&quot;7517&quot;&gt;Bạch Thái Bưởi&lt;/option&gt;                                                                            &lt;option value=&quot;8333&quot;&gt;Bãi Dương&lt;/option&gt;                                                                            &lt;option value=&quot;1659&quot;&gt;Bế Văn Đàn&lt;/option&gt;                                                                            &lt;option value=&quot;7235&quot;&gt;Bến Cá&lt;/option&gt;                                                                            &lt;option value=&quot;6776&quot;&gt;Biệt Thự&lt;/option&gt;                                                                            &lt;option value=&quot;7876&quot;&gt;Biểu Đóa&lt;/option&gt;                                                                            &lt;option value=&quot;7339&quot;&gt;Bình Can&lt;/option&gt;                                                                            &lt;option value=&quot;10934&quot;&gt;Bình Hoà&lt;/option&gt;                                                                            &lt;option value=&quot;8553&quot;&gt;Bình Khê&lt;/option&gt;                                                                            &lt;option value=&quot;9119&quot;&gt;Bờ Đắp&lt;/option&gt;                                                                            &lt;option value=&quot;2392&quot;&gt;Bờ Kè&lt;/option&gt;                                                                            &lt;option value=&quot;1267&quot;&gt;Bùi Huy Bích&lt;/option&gt;                                                                            &lt;option value=&quot;484&quot;&gt;Bùi Thị Xuân&lt;/option&gt;                                                                            &lt;option value=&quot;1955&quot;&gt;Bùi Xuân Phái&lt;/option&gt;                                                                            &lt;option value=&quot;2449&quot;&gt;Bữu Đóa&lt;/option&gt;                                                                            &lt;option value=&quot;3071&quot;&gt;C1&lt;/option&gt;                                                                            &lt;option value=&quot;3072&quot;&gt;C2&lt;/option&gt;                                                                            &lt;option value=&quot;3073&quot;&gt;C3&lt;/option&gt;                                                                            &lt;option value=&quot;3219&quot;&gt;C4&lt;/option&gt;                                                                            &lt;option value=&quot;10255&quot;&gt;C5&lt;/option&gt;                                                                            &lt;option value=&quot;3217&quot;&gt;C8&lt;/option&gt;                                                                            &lt;option value=&quot;845&quot;&gt;Cao Bá Quát&lt;/option&gt;                                                                            &lt;option value=&quot;346&quot;&gt;Cao Thắng&lt;/option&gt;                                                                            &lt;option value=&quot;2480&quot;&gt;Cao Văn Bé&lt;/option&gt;                                                                            &lt;option value=&quot;7343&quot;&gt;Cầu Bè&lt;/option&gt;                                                                            &lt;option value=&quot;8179&quot;&gt;Cầu Dứa&lt;/option&gt;                                                                            &lt;option value=&quot;9720&quot;&gt;Cầu Dứa - Phú Nông&lt;/option&gt;                                                                            &lt;option value=&quot;7234&quot;&gt;Cầu Hộ&lt;/option&gt;                                                                            &lt;option value=&quot;6624&quot;&gt;Cầu Lùng&lt;/option&gt;                                                                            &lt;option value=&quot;2499&quot;&gt;Cầu Xóm Bông&lt;/option&gt;                                                                            &lt;option value=&quot;8118&quot;&gt;Cây Gáo&lt;/option&gt;                                                                            &lt;option value=&quot;1646&quot;&gt;Châu Văn Liêm&lt;/option&gt;                                                                            &lt;option value=&quot;1531&quot;&gt;Chế Lan Viên&lt;/option&gt;                                                                            &lt;option value=&quot;2208&quot;&gt;Chi Lăng&lt;/option&gt;                                                                            &lt;option value=&quot;2441&quot;&gt;Chí Linh&lt;/option&gt;                                                                            &lt;option value=&quot;2013&quot;&gt;Cô Bắc&lt;/option&gt;                                                                            &lt;option value=&quot;705&quot;&gt;Cổ Loa&lt;/option&gt;                                                                            &lt;option value=&quot;5695&quot;&gt;Củ Chi&lt;/option&gt;                                                                            &lt;option value=&quot;320&quot;&gt;Cù Chính Lan&lt;/option&gt;                                                                            &lt;option value=&quot;10463&quot;&gt;Cù Lao Hạ&lt;/option&gt;                                                                            &lt;option value=&quot;6579&quot;&gt;Cù Lao Thượng&lt;/option&gt;                                                                            &lt;option value=&quot;10264&quot;&gt;Cù Lao Trung&lt;/option&gt;                                                                            &lt;option value=&quot;1081&quot;&gt;Cửu Long&lt;/option&gt;                                                                            &lt;option value=&quot;6542&quot;&gt;Cửu Việt 2&lt;/option&gt;                                                                            &lt;option value=&quot;1985&quot;&gt;D1&lt;/option&gt;                                                                            &lt;option value=&quot;6582&quot;&gt;D15&lt;/option&gt;                                                                            &lt;option value=&quot;4601&quot;&gt;D2&lt;/option&gt;                                                                            &lt;option value=&quot;4602&quot;&gt;D3&lt;/option&gt;                                                                            &lt;option value=&quot;98&quot;&gt;Dã Tượng&lt;/option&gt;                                                                            &lt;option value=&quot;7225&quot;&gt;Diên Sơn B&lt;/option&gt;                                                                            &lt;option value=&quot;2464&quot;&gt;Dương Ham&lt;/option&gt;                                                                            &lt;option value=&quot;6714&quot;&gt;Dương Hiến Quyền&lt;/option&gt;                                                                            &lt;option value=&quot;2031&quot;&gt;Dương Văn An&lt;/option&gt;                                                                            &lt;option value=&quot;2032&quot;&gt;Dương Vân Nga&lt;/option&gt;                                                                            &lt;option value=&quot;9210&quot;&gt;Đắc Lộc&lt;/option&gt;                                                                            &lt;option value=&quot;11009&quot;&gt;Đắc Phú&lt;/option&gt;                                                                            &lt;option value=&quot;798&quot;&gt;Đặng Dung&lt;/option&gt;                                                                            &lt;option value=&quot;2071&quot;&gt;Đặng Huy Trứ&lt;/option&gt;                                                                            &lt;option value=&quot;2471&quot;&gt;Đặng Lộ&lt;/option&gt;                                                                            &lt;option value=&quot;2072&quot;&gt;Đặng Minh Khiêm&lt;/option&gt;                                                                            &lt;option value=&quot;2073&quot;&gt;Đặng Nguyên Cẩn&lt;/option&gt;                                                                            &lt;option value=&quot;91&quot;&gt;Đặng Tất&lt;/option&gt;                                                                            &lt;option value=&quot;782&quot;&gt;Đặng Thai Mai&lt;/option&gt;                                                                            &lt;option value=&quot;172&quot;&gt;Đặng Thái Thân&lt;/option&gt;                                                                            &lt;option value=&quot;402&quot;&gt;Đào Duy Anh&lt;/option&gt;                                                                            &lt;option value=&quot;1096&quot;&gt;Đào Duy Từ&lt;/option&gt;                                                                            &lt;option value=&quot;10025&quot;&gt;Đào Văn Tiến&lt;/option&gt;                                                                            &lt;option value=&quot;9375&quot;&gt;Đất Lành&lt;/option&gt;                                                                            &lt;option value=&quot;7687&quot;&gt;Đệ&lt;/option&gt;                                                                            &lt;option value=&quot;11057&quot;&gt;Đề Pô&lt;/option&gt;                                                                            &lt;option value=&quot;10379&quot;&gt;Đèo Rù Rì&lt;/option&gt;                                                                            &lt;option value=&quot;256&quot;&gt;Điện Biên Phủ&lt;/option&gt;                                                                            &lt;option value=&quot;2447&quot;&gt;Định Cư&lt;/option&gt;                                                                            &lt;option value=&quot;171&quot;&gt;Đinh Lễ&lt;/option&gt;                                                                            &lt;option value=&quot;186&quot;&gt;Đinh Liệt&lt;/option&gt;                                                                            &lt;option value=&quot;66&quot;&gt;Đinh Tiên Hoàng&lt;/option&gt;                                                                            &lt;option value=&quot;7580&quot;&gt;Đình Vĩnh Xuân&lt;/option&gt;                                                                            &lt;option value=&quot;7458&quot;&gt;Đô Đốc Tuyết&lt;/option&gt;                                                                            &lt;option value=&quot;2591&quot;&gt;Đô Lương&lt;/option&gt;                                                                            &lt;option value=&quot;439&quot;&gt;Đoàn Thị Điểm&lt;/option&gt;                                                                            &lt;option value=&quot;487&quot;&gt;Đoàn Trần Nghiệp&lt;/option&gt;                                                                            &lt;option value=&quot;72&quot;&gt;Đội Cấn&lt;/option&gt;                                                                            &lt;option value=&quot;1652&quot;&gt;Đống Đa&lt;/option&gt;                                                                            &lt;option value=&quot;1239&quot;&gt;Đông Hồ&lt;/option&gt;                                                                            &lt;option value=&quot;6598&quot;&gt;Đông Hưng Thuận 6&lt;/option&gt;                                                                            &lt;option value=&quot;8547&quot;&gt;Đông Mương&lt;/option&gt;                                                                            &lt;option value=&quot;1156&quot;&gt;Đồng Nai&lt;/option&gt;                                                                            &lt;option value=&quot;6641&quot;&gt;Đông Phước&lt;/option&gt;                                                                            &lt;option value=&quot;6581&quot;&gt;ĐT 741&lt;/option&gt;                                                                            &lt;option value=&quot;6580&quot;&gt;ĐT 747&lt;/option&gt;                                                                            &lt;option value=&quot;2374&quot;&gt;Đường Đệ&lt;/option&gt;                                                                            &lt;option value=&quot;10537&quot;&gt;F&lt;/option&gt;                                                                            &lt;option value=&quot;11214&quot;&gt;F3&lt;/option&gt;                                                                            &lt;option value=&quot;4982&quot;&gt;Gò Cây Sung&lt;/option&gt;                                                                            &lt;option value=&quot;8812&quot;&gt;Gò Đập&lt;/option&gt;                                                                            &lt;option value=&quot;755&quot;&gt;Hà Huy Tập&lt;/option&gt;                                                                            &lt;option value=&quot;2401&quot;&gt;Hà Ra&lt;/option&gt;                                                                            &lt;option value=&quot;6519&quot;&gt;Hà Thanh&lt;/option&gt;                                                                            &lt;option value=&quot;102&quot;&gt;Hai Bà Trưng&lt;/option&gt;                                                                            &lt;option value=&quot;5953&quot;&gt;Hải Đức&lt;/option&gt;                                                                            &lt;option value=&quot;12560&quot;&gt;Hải Nam&lt;/option&gt;                                                                            &lt;option value=&quot;6592&quot;&gt;Hàn Giang&lt;/option&gt;                                                                            &lt;option value=&quot;939&quot;&gt;Hàn Thuyên&lt;/option&gt;                                                                            &lt;option value=&quot;191&quot;&gt;Hàng Cá&lt;/option&gt;                                                                            &lt;option value=&quot;2444&quot;&gt;Hát Giang&lt;/option&gt;                                                                            &lt;option value=&quot;5574&quot;&gt;Hậu Giang&lt;/option&gt;                                                                            &lt;option value=&quot;6604&quot;&gt;Hậu Lân&lt;/option&gt;                                                                            &lt;option value=&quot;6606&quot;&gt;Hiệp Thành 13&lt;/option&gt;                                                                            &lt;option value=&quot;2385&quot;&gt;Hồ Sĩ Dương&lt;/option&gt;                                                                            &lt;option value=&quot;626&quot;&gt;Hồ Tùng Mậu&lt;/option&gt;                                                                            &lt;option value=&quot;522&quot;&gt;Hồ Xuân Hương&lt;/option&gt;                                                                            &lt;option value=&quot;533&quot;&gt;Hoa Lư&lt;/option&gt;                                                                            &lt;option value=&quot;7811&quot;&gt;Hòa Trung&lt;/option&gt;                                                                            &lt;option value=&quot;9137&quot;&gt;Hoàn Kiếm&lt;/option&gt;                                                                            &lt;option value=&quot;360&quot;&gt;Hoàng Diệu&lt;/option&gt;                                                                            &lt;option value=&quot;792&quot;&gt;Hoàng Hoa Thám&lt;/option&gt;                                                                            &lt;option value=&quot;1588&quot;&gt;Hoàng Minh Thảo&lt;/option&gt;                                                                            &lt;option value=&quot;938&quot;&gt;Hoàng Sa&lt;/option&gt;                                                                            &lt;option value=&quot;6035&quot;&gt;Hoàng Tăng Bí&lt;/option&gt;                                                                            &lt;option value=&quot;300&quot;&gt;Hoàng Văn Thái&lt;/option&gt;                                                                            &lt;option value=&quot;337&quot;&gt;Hoàng Văn Thụ&lt;/option&gt;                                                                            &lt;option value=&quot;2477&quot;&gt;Hòn Chồng&lt;/option&gt;                                                                            &lt;option value=&quot;7875&quot;&gt;Hòn Dung&lt;/option&gt;                                                                            &lt;option value=&quot;6657&quot;&gt;Hòn Nghê&lt;/option&gt;                                                                            &lt;option value=&quot;6230&quot;&gt;Hòn Rớ&lt;/option&gt;                                                                            &lt;option value=&quot;11300&quot;&gt;Hòn Sưng&lt;/option&gt;                                                                            &lt;option value=&quot;7338&quot;&gt;Hòn Xện&lt;/option&gt;                                                                            &lt;option value=&quot;1053&quot;&gt;Hồng Bàng&lt;/option&gt;                                                                            &lt;option value=&quot;1099&quot;&gt;Hồng Lĩnh&lt;/option&gt;                                                                            &lt;option value=&quot;610&quot;&gt;Hùng Vương&lt;/option&gt;                                                                            &lt;option value=&quot;6874&quot;&gt;Hương Điền&lt;/option&gt;                                                                            &lt;option value=&quot;1083&quot;&gt;Hương Giang&lt;/option&gt;                                                                            &lt;option value=&quot;1345&quot;&gt;Hương Lộ&lt;/option&gt;                                                                            &lt;option value=&quot;7627&quot;&gt;Hương lộ 45&lt;/option&gt;                                                                            &lt;option value=&quot;8316&quot;&gt;Hương Lộ Ngọc Hiệp&lt;/option&gt;                                                                            &lt;option value=&quot;9146&quot;&gt;Hương Lộ Ngọc Sơn&lt;/option&gt;                                                                            &lt;option value=&quot;1814&quot;&gt;Hương Sơn&lt;/option&gt;                                                                            &lt;option value=&quot;3010&quot;&gt;Huỳnh Tấn Phát&lt;/option&gt;                                                                            &lt;option value=&quot;78&quot;&gt;Huỳnh Thúc Kháng&lt;/option&gt;                                                                            &lt;option value=&quot;8973&quot;&gt;Huỳnh Tịnh&lt;/option&gt;                                                                            &lt;option value=&quot;1603&quot;&gt;Huỳnh Tịnh Của&lt;/option&gt;                                                                            &lt;option value=&quot;1808&quot;&gt;Huỳnh Văn Nghệ&lt;/option&gt;                                                                            &lt;option value=&quot;11479&quot;&gt;K10&lt;/option&gt;                                                                            &lt;option value=&quot;6422&quot;&gt;Khe Sanh&lt;/option&gt;                                                                            &lt;option value=&quot;6545&quot;&gt;Khiêu Năng Tĩnh&lt;/option&gt;                                                                            &lt;option value=&quot;6547&quot;&gt;Khiếu Năng Tĩnh&lt;/option&gt;                                                                            &lt;option value=&quot;6583&quot;&gt;Khởi Nghĩa Bắc Sơn&lt;/option&gt;                                                                            &lt;option value=&quot;1571&quot;&gt;Khúc Thừa Dụ&lt;/option&gt;                                                                            &lt;option value=&quot;3096&quot;&gt;Kiến Thiết&lt;/option&gt;                                                                            &lt;option value=&quot;6927&quot;&gt;Lạc An&lt;/option&gt;                                                                            &lt;option value=&quot;621&quot;&gt;Lạc Long Quân&lt;/option&gt;                                                                            &lt;option value=&quot;2390&quot;&gt;Lạc Thiện&lt;/option&gt;                                                                            &lt;option value=&quot;1600&quot;&gt;Lam Sơn&lt;/option&gt;                                                                            &lt;option value=&quot;201&quot;&gt;Lãn Ông&lt;/option&gt;                                                                            &lt;option value=&quot;6228&quot;&gt;Lang Liêu&lt;/option&gt;                                                                            &lt;option value=&quot;3359&quot;&gt;Lê Chân&lt;/option&gt;                                                                            &lt;option value=&quot;9447&quot;&gt;Lê Công Hạnh&lt;/option&gt;                                                                            &lt;option value=&quot;6551&quot;&gt;Lê Công Miễn&lt;/option&gt;                                                                            &lt;option value=&quot;1055&quot;&gt;Lê Đại Hành&lt;/option&gt;                                                                            &lt;option value=&quot;361&quot;&gt;Lê Hồng Phong&lt;/option&gt;                                                                            &lt;option value=&quot;115&quot;&gt;Lê Lai&lt;/option&gt;                                                                            &lt;option value=&quot;338&quot;&gt;Lê Lợi&lt;/option&gt;                                                                            &lt;option value=&quot;2461&quot;&gt;Lê Nghị&lt;/option&gt;                                                                            &lt;option value=&quot;348&quot;&gt;Lê Quý Đôn&lt;/option&gt;                                                                            &lt;option value=&quot;535&quot;&gt;Lê Thanh Nghị&lt;/option&gt;                                                                            &lt;option value=&quot;3605&quot;&gt;Lê Thành Phương&lt;/option&gt;                                                                            &lt;option value=&quot;895&quot;&gt;Lê Thánh Tôn&lt;/option&gt;                                                                            &lt;option value=&quot;2272&quot;&gt;Lê Văn Huân&lt;/option&gt;                                                                            &lt;option value=&quot;4039&quot;&gt;Lê Văn Miến&lt;/option&gt;                                                                            &lt;option value=&quot;7190&quot;&gt;Lê Văn Tám&lt;/option&gt;                                                                            &lt;option value=&quot;1479&quot;&gt;Lê Văn Tâm&lt;/option&gt;                                                                            &lt;option value=&quot;7801&quot;&gt;Liên Hoa&lt;/option&gt;                                                                            &lt;option value=&quot;8362&quot;&gt;Liên Xã&lt;/option&gt;                                                                            &lt;option value=&quot;6602&quot;&gt;Lộc Hòa&lt;/option&gt;                                                                            &lt;option value=&quot;8990&quot;&gt;Lư Cấm&lt;/option&gt;                                                                            &lt;option value=&quot;8836&quot;&gt;Lư Giang&lt;/option&gt;                                                                            &lt;option value=&quot;5292&quot;&gt;Lương Đắc Bằng&lt;/option&gt;                                                                            &lt;option value=&quot;396&quot;&gt;Lương Định Của&lt;/option&gt;                                                                            &lt;option value=&quot;204&quot;&gt;Lương Ngọc Quyến&lt;/option&gt;                                                                            &lt;option value=&quot;1154&quot;&gt;Lương Nhữ Học&lt;/option&gt;                                                                            &lt;option value=&quot;11731&quot;&gt;Lương Sơn&lt;/option&gt;                                                                            &lt;option value=&quot;88&quot;&gt;Lương Thế Vinh&lt;/option&gt;                                                                            &lt;option value=&quot;339&quot;&gt;Lương Văn Can&lt;/option&gt;                                                                            &lt;option value=&quot;1284&quot;&gt;Lưu Hữu Phước&lt;/option&gt;                                                                            &lt;option value=&quot;152&quot;&gt;Lý Nam Đế&lt;/option&gt;                                                                            &lt;option value=&quot;6609&quot;&gt;Lý Ông Trọng&lt;/option&gt;                                                                            &lt;option value=&quot;4262&quot;&gt;Lý Phục Man&lt;/option&gt;                                                                            &lt;option value=&quot;205&quot;&gt;Lý Quốc Sư&lt;/option&gt;                                                                            &lt;option value=&quot;237&quot;&gt;Lý Thái Tổ&lt;/option&gt;                                                                            &lt;option value=&quot;7173&quot;&gt;Lý Thánh Tôn&lt;/option&gt;                                                                            &lt;option value=&quot;1449&quot;&gt;Lý Thánh Tông&lt;/option&gt;                                                                            &lt;option value=&quot;119&quot;&gt;Lý Thường Kiệt&lt;/option&gt;                                                                            &lt;option value=&quot;362&quot;&gt;Lý Tự Trọng&lt;/option&gt;                                                                            &lt;option value=&quot;933&quot;&gt;Mạc Đĩnh Chi&lt;/option&gt;                                                                            &lt;option value=&quot;3135&quot;&gt;Mai An Tiêm&lt;/option&gt;                                                                            &lt;option value=&quot;4022&quot;&gt;Mai Lão Bạng&lt;/option&gt;                                                                            &lt;option value=&quot;13282&quot;&gt;Mai Thị Dõng&lt;/option&gt;                                                                            &lt;option value=&quot;787&quot;&gt;Mai Xuân Thưởng&lt;/option&gt;                                                                            &lt;option value=&quot;7710&quot;&gt;Máy Nước&lt;/option&gt;                                                                            &lt;option value=&quot;4618&quot;&gt;Mê Linh&lt;/option&gt;                                                                            &lt;option value=&quot;7341&quot;&gt;Miếu Bà&lt;/option&gt;                                                                            &lt;option value=&quot;6596&quot;&gt;Mương Khai&lt;/option&gt;                                                                            &lt;option value=&quot;3599&quot;&gt;N1&lt;/option&gt;                                                                            &lt;option value=&quot;6642&quot;&gt;Ngô Đến&lt;/option&gt;                                                                            &lt;option value=&quot;977&quot;&gt;Ngô Đức Kế&lt;/option&gt;                                                                            &lt;option value=&quot;276&quot;&gt;Ngô Gia Khảm&lt;/option&gt;                                                                            &lt;option value=&quot;285&quot;&gt;Ngô Gia Tự&lt;/option&gt;                                                                            &lt;option value=&quot;8546&quot;&gt;Ngô Lan Chi&lt;/option&gt;                                                                            &lt;option value=&quot;120&quot;&gt;Ngô Quyền&lt;/option&gt;                                                                            &lt;option value=&quot;380&quot;&gt;Ngô Sĩ Liên&lt;/option&gt;                                                                            &lt;option value=&quot;395&quot;&gt;Ngô Tất Tố&lt;/option&gt;                                                                            &lt;option value=&quot;3331&quot;&gt;Ngô Thời Nhiệm&lt;/option&gt;                                                                            &lt;option value=&quot;1738&quot;&gt;Ngô Văn Sở&lt;/option&gt;                                                                            &lt;option value=&quot;1540&quot;&gt;Ngọc Hân Công Chúa&lt;/option&gt;                                                                            &lt;option value=&quot;478&quot;&gt;Ngọc Hồi&lt;/option&gt;                                                                            &lt;option value=&quot;11538&quot;&gt;Ngọc Hội&lt;/option&gt;                                                                            &lt;option value=&quot;8543&quot;&gt;Ngọc Thảo&lt;/option&gt;                                                                            &lt;option value=&quot;9052&quot;&gt;Nguyễn An&lt;/option&gt;                                                                            &lt;option value=&quot;2718&quot;&gt;Nguyễn Bặc&lt;/option&gt;                                                                            &lt;option value=&quot;1277&quot;&gt;Nguyễn Biểu&lt;/option&gt;                                                                            &lt;option value=&quot;7699&quot;&gt;Nguyễn Biểu B1&lt;/option&gt;                                                                            &lt;option value=&quot;5700&quot;&gt;Nguyễn Biểu B2&lt;/option&gt;                                                                            &lt;option value=&quot;560&quot;&gt;Nguyễn Bỉnh Khiêm&lt;/option&gt;                                                                            &lt;option value=&quot;2653&quot;&gt;Nguyễn Bửu&lt;/option&gt;                                                                            &lt;option value=&quot;931&quot;&gt;Nguyễn Cảnh Chân&lt;/option&gt;                                                                            &lt;option value=&quot;277&quot;&gt;Nguyễn Cao Luyện&lt;/option&gt;                                                                            &lt;option value=&quot;2408&quot;&gt;Nguyễn Chánh&lt;/option&gt;                                                                            &lt;option value=&quot;3254&quot;&gt;Nguyễn Chích&lt;/option&gt;                                                                            &lt;option value=&quot;636&quot;&gt;Nguyễn Cơ Thạch&lt;/option&gt;                                                                            &lt;option value=&quot;517&quot;&gt;Nguyễn Công Trứ&lt;/option&gt;                                                                            &lt;option value=&quot;149&quot;&gt;Nguyễn Du&lt;/option&gt;                                                                            &lt;option value=&quot;6347&quot;&gt;Nguyễn Dữ&lt;/option&gt;                                                                            &lt;option value=&quot;3450&quot;&gt;Nguyễn Duy Hiệu&lt;/option&gt;                                                                            &lt;option value=&quot;4230&quot;&gt;Nguyễn Địa Lô&lt;/option&gt;                                                                            &lt;option value=&quot;537&quot;&gt;Nguyễn Đình Chiểu&lt;/option&gt;                                                                            &lt;option value=&quot;479&quot;&gt;Nguyễn Đức Cảnh&lt;/option&gt;                                                                            &lt;option value=&quot;286&quot;&gt;Nguyễn Đức Thuận&lt;/option&gt;                                                                            &lt;option value=&quot;208&quot;&gt;Nguyễn Gia Thiều&lt;/option&gt;                                                                            &lt;option value=&quot;2654&quot;&gt;Nguyễn Hiền&lt;/option&gt;                                                                            &lt;option value=&quot;8940&quot;&gt;Nguyễn Hoành&lt;/option&gt;                                                                            &lt;option value=&quot;979&quot;&gt;Nguyễn Huệ&lt;/option&gt;                                                                            &lt;option value=&quot;234&quot;&gt;Nguyễn Hữu Huân&lt;/option&gt;                                                                            &lt;option value=&quot;357&quot;&gt;Nguyễn Hữu Nghĩa&lt;/option&gt;                                                                            &lt;option value=&quot;458&quot;&gt;Nguyễn Hữu Thọ&lt;/option&gt;                                                                            &lt;option value=&quot;6603&quot;&gt;Nguyễn Huy Chương&lt;/option&gt;                                                                            &lt;option value=&quot;1476&quot;&gt;Nguyễn Khắc Viện&lt;/option&gt;                                                                            &lt;option value=&quot;6608&quot;&gt;Nguyễn Khanh&lt;/option&gt;                                                                            &lt;option value=&quot;617&quot;&gt;Nguyễn Khánh Toàn&lt;/option&gt;                                                                            &lt;option value=&quot;468&quot;&gt;Nguyễn Khoái&lt;/option&gt;                                                                            &lt;option value=&quot;381&quot;&gt;Nguyễn Khuyến&lt;/option&gt;                                                                            &lt;option value=&quot;3291&quot;&gt;Nguyễn Lộ Trạch&lt;/option&gt;                                                                            &lt;option value=&quot;2400&quot;&gt;Nguyễn Phan Vinh&lt;/option&gt;                                                                            &lt;option value=&quot;980&quot;&gt;Nguyễn Phi Khanh&lt;/option&gt;                                                                            &lt;option value=&quot;681&quot;&gt;Nguyễn Phong Sắc&lt;/option&gt;                                                                            &lt;option value=&quot;538&quot;&gt;Nguyễn Quyền&lt;/option&gt;                                                                            &lt;option value=&quot;1310&quot;&gt;Nguyễn Tất Thành&lt;/option&gt;                                                                            &lt;option value=&quot;123&quot;&gt;Nguyễn Thái Học&lt;/option&gt;                                                                            &lt;option value=&quot;3561&quot;&gt;Nguyễn Thành Phương&lt;/option&gt;                                                                            &lt;option value=&quot;304&quot;&gt;Nguyễn Thị Định&lt;/option&gt;                                                                            &lt;option value=&quot;1051&quot;&gt;Nguyễn Thị Minh Khai&lt;/option&gt;                                                                            &lt;option value=&quot;147&quot;&gt;Nguyễn Thiện Thuật&lt;/option&gt;                                                                            &lt;option value=&quot;350&quot;&gt;Nguyễn Thượng Hiền&lt;/option&gt;                                                                            &lt;option value=&quot;65&quot;&gt;Nguyễn Trãi&lt;/option&gt;                                                                            &lt;option value=&quot;1140&quot;&gt;Nguyễn Tri Phương&lt;/option&gt;                                                                            &lt;option value=&quot;725&quot;&gt;Nguyễn Trung Trực&lt;/option&gt;                                                                            &lt;option value=&quot;752&quot;&gt;Nguyễn Trường Tộ&lt;/option&gt;                                                                            &lt;option value=&quot;8981&quot;&gt;Nguyễn Văn Bảy&lt;/option&gt;                                                                            &lt;option value=&quot;87&quot;&gt;Nguyễn Văn Côn&lt;/option&gt;                                                                            &lt;option value=&quot;278&quot;&gt;Nguyễn Văn Linh&lt;/option&gt;                                                                            &lt;option value=&quot;351&quot;&gt;Nguyễn Viết Xuân&lt;/option&gt;                                                                            &lt;option value=&quot;316&quot;&gt;Nguyễn Xiển&lt;/option&gt;                                                                            &lt;option value=&quot;6777&quot;&gt;Nguyễn Xuân Hữu&lt;/option&gt;                                                                            &lt;option value=&quot;125&quot;&gt;Nhà Thờ&lt;/option&gt;                                                                            &lt;option value=&quot;7164&quot;&gt;Nhân Vị&lt;/option&gt;                                                                            &lt;option value=&quot;2443&quot;&gt;Nhật Lệ&lt;/option&gt;                                                                            &lt;option value=&quot;7224&quot;&gt;Nhật Phong&lt;/option&gt;                                                                            &lt;option value=&quot;3092&quot;&gt;Nhị Hà&lt;/option&gt;                                                                            &lt;option value=&quot;11456&quot;&gt;Núi Cấm 1&lt;/option&gt;                                                                            &lt;option value=&quot;6587&quot;&gt;Núi Một&lt;/option&gt;                                                                            &lt;option value=&quot;6969&quot;&gt;Núi Sạn&lt;/option&gt;                                                                            &lt;option value=&quot;11847&quot;&gt;NV1&lt;/option&gt;                                                                            &lt;option value=&quot;8831&quot;&gt;P1&lt;/option&gt;                                                                            &lt;option value=&quot;8907&quot;&gt;P2&lt;/option&gt;                                                                            &lt;option value=&quot;10249&quot;&gt;P3&lt;/option&gt;                                                                            &lt;option value=&quot;6684&quot;&gt;Pastuer&lt;/option&gt;                                                                            &lt;option value=&quot;751&quot;&gt;Phạm Hồng Thái&lt;/option&gt;                                                                            &lt;option value=&quot;416&quot;&gt;Phạm Ngọc Thạch&lt;/option&gt;                                                                            &lt;option value=&quot;1664&quot;&gt;Phạm Phú Thứ&lt;/option&gt;                                                                            &lt;option value=&quot;6685&quot;&gt;Phạm Thị Bất&lt;/option&gt;                                                                            &lt;option value=&quot;4060&quot;&gt;Phạm Tu&lt;/option&gt;                                                                            &lt;option value=&quot;1433&quot;&gt;Phạm Văn Đồng&lt;/option&gt;                                                                            &lt;option value=&quot;126&quot;&gt;Phan Bội Châu&lt;/option&gt;                                                                            &lt;option value=&quot;907&quot;&gt;Phan Chu Trinh&lt;/option&gt;                                                                            &lt;option value=&quot;352&quot;&gt;Phan Đình Giót&lt;/option&gt;                                                                            &lt;option value=&quot;213&quot;&gt;Phan Đình Phùng&lt;/option&gt;                                                                            &lt;option value=&quot;727&quot;&gt;Phan Huy Ích&lt;/option&gt;                                                                            &lt;option value=&quot;11709&quot;&gt;Phan Mạnh Thủy&lt;/option&gt;                                                                            &lt;option value=&quot;9277&quot;&gt;Phan Như Cẩn&lt;/option&gt;                                                                            &lt;option value=&quot;8967&quot;&gt;Phan Văn Vũ&lt;/option&gt;                                                                            &lt;option value=&quot;12636&quot;&gt;Phan Vinh&lt;/option&gt;                                                                            &lt;option value=&quot;10627&quot;&gt;Phật Học&lt;/option&gt;                                                                            &lt;option value=&quot;576&quot;&gt;Phó Đức Chính&lt;/option&gt;                                                                            &lt;option value=&quot;2446&quot;&gt;Phong Châu&lt;/option&gt;                                                                            &lt;option value=&quot;7789&quot;&gt;Phòng Không&lt;/option&gt;                                                                            &lt;option value=&quot;11985&quot;&gt;Phú Bình&lt;/option&gt;                                                                            &lt;option value=&quot;3082&quot;&gt;Phù Đổng&lt;/option&gt;                                                                            &lt;option value=&quot;6134&quot;&gt;Phú Đức&lt;/option&gt;                                                                            &lt;option value=&quot;6774&quot;&gt;Phú Nông&lt;/option&gt;                                                                            &lt;option value=&quot;6588&quot;&gt;Phú Trung&lt;/option&gt;                                                                            &lt;option value=&quot;6627&quot;&gt;Phú Xương&lt;/option&gt;                                                                            &lt;option value=&quot;12466&quot;&gt;Phúc Sơn&lt;/option&gt;                                                                            &lt;option value=&quot;128&quot;&gt;Phùng Hưng&lt;/option&gt;                                                                            &lt;option value=&quot;497&quot;&gt;Phùng Khắc Khoan&lt;/option&gt;                                                                            &lt;option value=&quot;2445&quot;&gt;Phước Hải&lt;/option&gt;                                                                            &lt;option value=&quot;6701&quot;&gt;Phước Huệ&lt;/option&gt;                                                                            &lt;option value=&quot;2453&quot;&gt;Phước Long&lt;/option&gt;                                                                            &lt;option value=&quot;5467&quot;&gt;Phước Tân&lt;/option&gt;                                                                            &lt;option value=&quot;8436&quot;&gt;Phước Tường&lt;/option&gt;                                                                            &lt;option value=&quot;7203&quot;&gt;Phương Câu&lt;/option&gt;                                                                            &lt;option value=&quot;2491&quot;&gt;Phương Ma&lt;/option&gt;                                                                            &lt;option value=&quot;430&quot;&gt;Phương Mai&lt;/option&gt;                                                                            &lt;option value=&quot;2442&quot;&gt;Phương Sài&lt;/option&gt;                                                                            &lt;option value=&quot;11383&quot;&gt;Quân Trấn&lt;/option&gt;                                                                            &lt;option value=&quot;2460&quot;&gt;Quang Dục&lt;/option&gt;                                                                            &lt;option value=&quot;8282&quot;&gt;Quảng Đức&lt;/option&gt;                                                                            &lt;option value=&quot;366&quot;&gt;Quang Trung&lt;/option&gt;                                                                            &lt;option value=&quot;7834&quot;&gt;Quốc Lộ 1&lt;/option&gt;                                                                            &lt;option value=&quot;7674&quot;&gt;Quốc lộ 14&lt;/option&gt;                                                                            &lt;option value=&quot;2092&quot;&gt;Quốc lộ 1A&lt;/option&gt;                                                                            &lt;option value=&quot;2358&quot;&gt;Quốc lộ 1C&lt;/option&gt;                                                                            &lt;option value=&quot;6681&quot;&gt;Quốc Tuấn&lt;/option&gt;                                                                            &lt;option value=&quot;2476&quot;&gt;Sao Biển&lt;/option&gt;                                                                            &lt;option value=&quot;7807&quot;&gt;Sắt&lt;/option&gt;                                                                            &lt;option value=&quot;2402&quot;&gt;Sinh Trung&lt;/option&gt;                                                                            &lt;option value=&quot;11206&quot;&gt;Số 1&lt;/option&gt;                                                                            &lt;option value=&quot;11211&quot;&gt;Số 10&lt;/option&gt;                                                                            &lt;option value=&quot;11714&quot;&gt;Số 10B&lt;/option&gt;                                                                            &lt;option value=&quot;11209&quot;&gt;Số 11&lt;/option&gt;                                                                            &lt;option value=&quot;11205&quot;&gt;Số 12&lt;/option&gt;                                                                            &lt;option value=&quot;11240&quot;&gt;Số 13&lt;/option&gt;                                                                            &lt;option value=&quot;11227&quot;&gt;Số 14&lt;/option&gt;                                                                            &lt;option value=&quot;11270&quot;&gt;Số 14A&lt;/option&gt;                                                                            &lt;option value=&quot;11210&quot;&gt;Số 15&lt;/option&gt;                                                                            &lt;option value=&quot;11215&quot;&gt;Số 17&lt;/option&gt;                                                                            &lt;option value=&quot;11828&quot;&gt;Số 18A&lt;/option&gt;                                                                            &lt;option value=&quot;11235&quot;&gt;Số 19&lt;/option&gt;                                                                            &lt;option value=&quot;11432&quot;&gt;Số 1A&lt;/option&gt;                                                                            &lt;option value=&quot;11254&quot;&gt;Số 1B&lt;/option&gt;                                                                            &lt;option value=&quot;11223&quot;&gt;Số 2&lt;/option&gt;                                                                            &lt;option value=&quot;11221&quot;&gt;Số 20&lt;/option&gt;                                                                            &lt;option value=&quot;11228&quot;&gt;Số 22&lt;/option&gt;                                                                            &lt;option value=&quot;11279&quot;&gt;Số 25&lt;/option&gt;                                                                            &lt;option value=&quot;11262&quot;&gt;Số 26&lt;/option&gt;                                                                            &lt;option value=&quot;11237&quot;&gt;Số 28&lt;/option&gt;                                                                            &lt;option value=&quot;11304&quot;&gt;Số 29&lt;/option&gt;                                                                            &lt;option value=&quot;11247&quot;&gt;Số 2A&lt;/option&gt;                                                                            &lt;option value=&quot;11428&quot;&gt;Số 2B&lt;/option&gt;                                                                            &lt;option value=&quot;11219&quot;&gt;Số 3&lt;/option&gt;                                                                            &lt;option value=&quot;11376&quot;&gt;Số 33&lt;/option&gt;                                                                            &lt;option value=&quot;11261&quot;&gt;Số 34&lt;/option&gt;                                                                            &lt;option value=&quot;11397&quot;&gt;Số 3A&lt;/option&gt;                                                                            &lt;option value=&quot;11855&quot;&gt;Số 3B&lt;/option&gt;                                                                            &lt;option value=&quot;11232&quot;&gt;Số 4&lt;/option&gt;                                                                            &lt;option value=&quot;11418&quot;&gt;Số 4A&lt;/option&gt;                                                                            &lt;option value=&quot;11899&quot;&gt;Số 4B&lt;/option&gt;                                                                            &lt;option value=&quot;13320&quot;&gt;Số 4D&lt;/option&gt;                                                                            &lt;option value=&quot;11217&quot;&gt;Số 5&lt;/option&gt;                                                                            &lt;option value=&quot;11293&quot;&gt;Số 5A&lt;/option&gt;                                                                            &lt;option value=&quot;11968&quot;&gt;Số 5B&lt;/option&gt;                                                                            &lt;option value=&quot;11483&quot;&gt;Số 5C&lt;/option&gt;                                                                            &lt;option value=&quot;11192&quot;&gt;Số 6&lt;/option&gt;                                                                            &lt;option value=&quot;11222&quot;&gt;Số 7&lt;/option&gt;                                                                            &lt;option value=&quot;11207&quot;&gt;Số 8&lt;/option&gt;                                                                            &lt;option value=&quot;11557&quot;&gt;Số 8A&lt;/option&gt;                                                                            &lt;option value=&quot;12025&quot;&gt;Số 8C&lt;/option&gt;                                                                            &lt;option value=&quot;11233&quot;&gt;Số 9&lt;/option&gt;                                                                            &lt;option value=&quot;13180&quot;&gt;Số A3A&lt;/option&gt;                                                                            &lt;option value=&quot;6963&quot;&gt;Sơn Ca&lt;/option&gt;                                                                            &lt;option value=&quot;6343&quot;&gt;Sơn Thủy&lt;/option&gt;                                                                            &lt;option value=&quot;9389&quot;&gt;Sông Cái&lt;/option&gt;                                                                            &lt;option value=&quot;4248&quot;&gt;Sử Hy Nhan&lt;/option&gt;                                                                            &lt;option value=&quot;1091&quot;&gt;Sư Vạn Hạnh&lt;/option&gt;                                                                            &lt;option value=&quot;9741&quot;&gt;T11&lt;/option&gt;                                                                            &lt;option value=&quot;7780&quot;&gt;T12&lt;/option&gt;                                                                            &lt;option value=&quot;10816&quot;&gt;T15&lt;/option&gt;                                                                            &lt;option value=&quot;12297&quot;&gt;T16&lt;/option&gt;                                                                            &lt;option value=&quot;11741&quot;&gt;T17&lt;/option&gt;                                                                            &lt;option value=&quot;11555&quot;&gt;T18&lt;/option&gt;                                                                            &lt;option value=&quot;11700&quot;&gt;T19&lt;/option&gt;                                                                            &lt;option value=&quot;7681&quot;&gt;T2&lt;/option&gt;                                                                            &lt;option value=&quot;11701&quot;&gt;T21&lt;/option&gt;                                                                            &lt;option value=&quot;11936&quot;&gt;T22&lt;/option&gt;                                                                            &lt;option value=&quot;12024&quot;&gt;T23&lt;/option&gt;                                                                            &lt;option value=&quot;12002&quot;&gt;T27&lt;/option&gt;                                                                            &lt;option value=&quot;3206&quot;&gt;T3&lt;/option&gt;                                                                            &lt;option value=&quot;8572&quot;&gt;T4&lt;/option&gt;                                                                            &lt;option value=&quot;3208&quot;&gt;T5&lt;/option&gt;                                                                            &lt;option value=&quot;3207&quot;&gt;T6&lt;/option&gt;                                                                            &lt;option value=&quot;3205&quot;&gt;T8&lt;/option&gt;                                                                            &lt;option value=&quot;7260&quot;&gt;T9&lt;/option&gt;                                                                            &lt;option value=&quot;5101&quot;&gt;Tân An&lt;/option&gt;                                                                            &lt;option value=&quot;6607&quot;&gt;Tân Chánh Hiệp 16&lt;/option&gt;                                                                            &lt;option value=&quot;6584&quot;&gt;Tân Chánh Hiệp 2&lt;/option&gt;                                                                            &lt;option value=&quot;1227&quot;&gt;Tản Đà&lt;/option&gt;                                                                            &lt;option value=&quot;4946&quot;&gt;Tân Hải&lt;/option&gt;                                                                            &lt;option value=&quot;6597&quot;&gt;Tân Thới Hiệp 10&lt;/option&gt;                                                                            &lt;option value=&quot;4878&quot;&gt;Tân Trang&lt;/option&gt;                                                                            &lt;option value=&quot;2427&quot;&gt;Tân Trào&lt;/option&gt;                                                                            &lt;option value=&quot;3123&quot;&gt;Tản Viên&lt;/option&gt;                                                                            &lt;option value=&quot;1184&quot;&gt;Tăng Bạt Hổ&lt;/option&gt;                                                                            &lt;option value=&quot;8544&quot;&gt;Tây Nam&lt;/option&gt;                                                                            &lt;option value=&quot;6725&quot;&gt;Tế Hanh&lt;/option&gt;                                                                            &lt;option value=&quot;11382&quot;&gt;Thái Khang&lt;/option&gt;                                                                            &lt;option value=&quot;6702&quot;&gt;Thái Nguyên&lt;/option&gt;                                                                            &lt;option value=&quot;514&quot;&gt;Thái Phiên&lt;/option&gt;                                                                            &lt;option value=&quot;11856&quot;&gt;Thái Thông&lt;/option&gt;                                                                            &lt;option value=&quot;693&quot;&gt;Thân Nhân Trung&lt;/option&gt;                                                                            &lt;option value=&quot;6605&quot;&gt;Thạnh Lộc 27&lt;/option&gt;                                                                            &lt;option value=&quot;9175&quot;&gt;Thanh Nam&lt;/option&gt;                                                                            &lt;option value=&quot;6590&quot;&gt;Thạnh Xuân 13&lt;/option&gt;                                                                            &lt;option value=&quot;6600&quot;&gt;Thạnh Xuân 21&lt;/option&gt;                                                                            &lt;option value=&quot;2391&quot;&gt;Tháp Bà&lt;/option&gt;                                                                            &lt;option value=&quot;500&quot;&gt;Thi Sách&lt;/option&gt;                                                                            &lt;option value=&quot;6585&quot;&gt;Thích Bửu Đăng&lt;/option&gt;                                                                            &lt;option value=&quot;1745&quot;&gt;Thích Quảng Đức&lt;/option&gt;                                                                            &lt;option value=&quot;3257&quot;&gt;Thoại Ngọc Hầu&lt;/option&gt;                                                                            &lt;option value=&quot;2097&quot;&gt;Thống Nhất&lt;/option&gt;                                                                            &lt;option value=&quot;6520&quot;&gt;Thủy Xưởng&lt;/option&gt;                                                                            &lt;option value=&quot;3644&quot;&gt;Tiền Giang&lt;/option&gt;                                                                            &lt;option value=&quot;8557&quot;&gt;Tỉnh lộ 3&lt;/option&gt;                                                                            &lt;option value=&quot;2359&quot;&gt;Tỉnh lộ 657&lt;/option&gt;                                                                            &lt;option value=&quot;1903&quot;&gt;Tỉnh lộ 7A&lt;/option&gt;                                                                            &lt;option value=&quot;355&quot;&gt;Tô Hiến Thành&lt;/option&gt;                                                                            &lt;option value=&quot;368&quot;&gt;Tô Hiệu&lt;/option&gt;                                                                            &lt;option value=&quot;3151&quot;&gt;Tố Hữu&lt;/option&gt;                                                                            &lt;option value=&quot;5653&quot;&gt;Tô Ký&lt;/option&gt;                                                                            &lt;option value=&quot;328&quot;&gt;Tô Vĩnh Diện&lt;/option&gt;                                                                            &lt;option value=&quot;1320&quot;&gt;Tôn Đản&lt;/option&gt;                                                                            &lt;option value=&quot;428&quot;&gt;Tôn Đức Thắng&lt;/option&gt;                                                                            &lt;option value=&quot;385&quot;&gt;Tôn Thất Tùng&lt;/option&gt;                                                                            &lt;option value=&quot;6610&quot;&gt;Trại Gà&lt;/option&gt;                                                                            &lt;option value=&quot;512&quot;&gt;Trần Bình Trọng&lt;/option&gt;                                                                            &lt;option value=&quot;7614&quot;&gt;Trần Đoàn Nghiệp&lt;/option&gt;                                                                            &lt;option value=&quot;502&quot;&gt;Trần Hưng Đạo&lt;/option&gt;                                                                            &lt;option value=&quot;139&quot;&gt;Trần Khánh Dư&lt;/option&gt;                                                                            &lt;option value=&quot;545&quot;&gt;Trần Khát Chân&lt;/option&gt;                                                                            &lt;option value=&quot;11685&quot;&gt;Trần Kim Hùng&lt;/option&gt;                                                                            &lt;option value=&quot;4071&quot;&gt;Trần Lư&lt;/option&gt;                                                                            &lt;option value=&quot;4974&quot;&gt;Trần Mai Ninh&lt;/option&gt;                                                                            &lt;option value=&quot;8336&quot;&gt;Trần Nam Trung&lt;/option&gt;                                                                            &lt;option value=&quot;218&quot;&gt;Trần Nguyên Hãn&lt;/option&gt;                                                                            &lt;option value=&quot;913&quot;&gt;Trần Nhật Duật&lt;/option&gt;                                                                            &lt;option value=&quot;131&quot;&gt;Trần Phú&lt;/option&gt;                                                                            &lt;option value=&quot;10656&quot;&gt;Trần Phú B&lt;/option&gt;                                                                            &lt;option value=&quot;420&quot;&gt;Trần Quang Diệu&lt;/option&gt;                                                                            &lt;option value=&quot;6593&quot;&gt;Trần Quang Đạo&lt;/option&gt;                                                                            &lt;option value=&quot;138&quot;&gt;Trần Quang Khải&lt;/option&gt;                                                                            &lt;option value=&quot;219&quot;&gt;Trần Quốc Toản&lt;/option&gt;                                                                            &lt;option value=&quot;386&quot;&gt;Trần Quý Cáp&lt;/option&gt;                                                                            &lt;option value=&quot;8915&quot;&gt;Trần Sâm&lt;/option&gt;                                                                            &lt;option value=&quot;6727&quot;&gt;Trần Thị Tính&lt;/option&gt;                                                                            &lt;option value=&quot;1788&quot;&gt;Trần Văn Ơn&lt;/option&gt;                                                                            &lt;option value=&quot;6595&quot;&gt;Trích Sài&lt;/option&gt;                                                                            &lt;option value=&quot;1242&quot;&gt;Triệu Quang Phục&lt;/option&gt;                                                                            &lt;option value=&quot;137&quot;&gt;Triệu Quốc Đạt&lt;/option&gt;                                                                            &lt;option value=&quot;390&quot;&gt;Trịnh Hoài Đức&lt;/option&gt;                                                                            &lt;option value=&quot;5636&quot;&gt;Trịnh Phong&lt;/option&gt;                                                                            &lt;option value=&quot;461&quot;&gt;Trương Định&lt;/option&gt;                                                                            &lt;option value=&quot;220&quot;&gt;Trương Hán Siêu&lt;/option&gt;                                                                            &lt;option value=&quot;7232&quot;&gt;Trường Phúc&lt;/option&gt;                                                                            &lt;option value=&quot;1485&quot;&gt;Trường Sa&lt;/option&gt;                                                                            &lt;option value=&quot;1094&quot;&gt;Trường Sơn&lt;/option&gt;                                                                            &lt;option value=&quot;6546&quot;&gt;Trương Tấn Sang&lt;/option&gt;                                                                            &lt;option value=&quot;6594&quot;&gt;Trương Văn Đa&lt;/option&gt;                                                                            &lt;option value=&quot;504&quot;&gt;Tuệ Tĩnh&lt;/option&gt;                                                                            &lt;option value=&quot;10896&quot;&gt;V1&lt;/option&gt;                                                                            &lt;option value=&quot;509&quot;&gt;Vân Đồn&lt;/option&gt;                                                                            &lt;option value=&quot;1451&quot;&gt;Vạn Hoa&lt;/option&gt;                                                                            &lt;option value=&quot;505&quot;&gt;Vạn Kiếp&lt;/option&gt;                                                                            &lt;option value=&quot;8735&quot;&gt;Văn Nga&lt;/option&gt;                                                                            &lt;option value=&quot;7686&quot;&gt;Vạn Thắng&lt;/option&gt;                                                                            &lt;option value=&quot;4077&quot;&gt;Việt Bắc&lt;/option&gt;                                                                            &lt;option value=&quot;6737&quot;&gt;Vĩnh Điềm Thượng&lt;/option&gt;                                                                            &lt;option value=&quot;6117&quot;&gt;Vĩnh Điềm Trung&lt;/option&gt;                                                                            &lt;option value=&quot;6125&quot;&gt;Vĩnh Hội&lt;/option&gt;                                                                            &lt;option value=&quot;6116&quot;&gt;Vĩnh Ngọc&lt;/option&gt;                                                                            &lt;option value=&quot;10935&quot;&gt;Vĩnh Thái&lt;/option&gt;                                                                            &lt;option value=&quot;10800&quot;&gt;Vĩnh Thạnh&lt;/option&gt;                                                                            &lt;option value=&quot;8545&quot;&gt;Vĩnh Xương&lt;/option&gt;                                                                            &lt;option value=&quot;6550&quot;&gt;Võ Đình Tú&lt;/option&gt;                                                                            &lt;option value=&quot;2724&quot;&gt;Võ Thị Sáu&lt;/option&gt;                                                                            &lt;option value=&quot;1235&quot;&gt;Võ Trứ&lt;/option&gt;                                                                            &lt;option value=&quot;6549&quot;&gt;Võ Trung Thành&lt;/option&gt;                                                                            &lt;option value=&quot;1506&quot;&gt;Võ Trường Toàn&lt;/option&gt;                                                                            &lt;option value=&quot;1234&quot;&gt;Võ Trường Toản&lt;/option&gt;                                                                            &lt;option value=&quot;9171&quot;&gt;Võ Văn Ký&lt;/option&gt;                                                                            &lt;option value=&quot;2739&quot;&gt;Võ Văn Tần&lt;/option&gt;                                                                            &lt;option value=&quot;329&quot;&gt;Vũ Hữu&lt;/option&gt;                                                                            &lt;option value=&quot;281&quot;&gt;Vũ Xuân Thiều&lt;/option&gt;                                                                            &lt;option value=&quot;6638&quot;&gt;Vườn Dương&lt;/option&gt;                                                                            &lt;option value=&quot;6541&quot;&gt;Vườn Thuốc&lt;/option&gt;                                                                            &lt;option value=&quot;7098&quot;&gt;Vườn Xoài&lt;/option&gt;                                                                            &lt;option value=&quot;6586&quot;&gt;Xa La&lt;/option&gt;                                                                            &lt;option value=&quot;5935&quot;&gt;Xóm Chiếu&lt;/option&gt;                                                                            &lt;option value=&quot;8744&quot;&gt;Xuân Lạc&lt;/option&gt;                                                                            &lt;option value=&quot;602&quot;&gt;Xuân Thủy&lt;/option&gt;                                                                            &lt;option value=&quot;7788&quot;&gt;Xương Huân&lt;/option&gt;                                                                            &lt;option value=&quot;736&quot;&gt;Yên Thế&lt;/option&gt;                                                                            &lt;option value=&quot;1002&quot;&gt;Yersin&lt;/option&gt;                                                                            &lt;option value=&quot;135&quot;&gt;Yết Kiêu&lt;/option&gt;                                                                    &lt;/select&gt;                            &lt;/div&gt;                            &lt;div class=&quot;input advanced-search active&quot;&gt;                                &lt;select class=&quot;select2-search&quot; data-width=&quot;100%&quot; name=&quot;room_number_range_id&quot;&gt;                                    &lt;option value=&quot;&quot;&gt;--Chọn số phòng ngủ--&lt;/option&gt;                                                                            &lt;option value=&quot;22&quot;&gt;1+&lt;/option&gt;                                                                            &lt;option value=&quot;23&quot;&gt;2+&lt;/option&gt;                                                                            &lt;option value=&quot;24&quot;&gt;3+&lt;/option&gt;                                                                            &lt;option value=&quot;25&quot;&gt;4+&lt;/option&gt;                                                                            &lt;option value=&quot;26&quot;&gt;5+&lt;/option&gt;                                                                    &lt;/select&gt;                            &lt;/div&gt;                            &lt;div class=&quot;input advanced-search active&quot;&gt;                                &lt;select class=&quot;select2-search&quot; data-width=&quot;100%&quot; name=&quot;home_direction&quot;&gt;                                    &lt;option value=&quot;&quot;&gt;--Chọn hướng nhà--&lt;/option&gt;                                                                            &lt;option value=&quot;0&quot;&gt;KXĐ&lt;/option&gt;                                                                            &lt;option value=&quot;1&quot;&gt;Đông&lt;/option&gt;                                                                            &lt;option value=&quot;2&quot;&gt;Tây&lt;/option&gt;                                                                            &lt;option selected=&quot;&quot; value=&quot;3&quot;&gt;Nam&lt;/option&gt;                                                                            &lt;option value=&quot;4&quot;&gt;Bắc&lt;/option&gt;                                                                            &lt;option value=&quot;5&quot;&gt;Đông-Bắc&lt;/option&gt;                                                                            &lt;option value=&quot;6&quot;&gt;Tây-Bắc&lt;/option&gt;                                                                            &lt;option value=&quot;7&quot;&gt;Tây-Nam&lt;/option&gt;                                                                            &lt;option value=&quot;8&quot;&gt;Đông-Nam&lt;/option&gt;                                                                    &lt;/select&gt;                            &lt;/div&gt;                        &lt;/div&gt;                    &lt;/div&gt;                    &lt;div class=&quot;actions&quot;&gt;                        &lt;a href=&quot;javascript:void(0);&quot; id=&quot;show_hide_advanced_search&quot;&gt;                            &lt;span class=&quot;hide-status&quot;&gt;Ẩn tìm nâng cao&lt;/span&gt;                            &lt;span class=&quot;show-status&quot;&gt;Tìm nâng cao&lt;/span&gt;&lt;/a&gt;                        &lt;button class=&quot;btn btn-flat background-green color-white&quot; id=&quot;search-tools-submit&quot; type=&quot;submit&quot;&gt;                            &lt;i class=&quot;glyphicon glyphicon-search&quot;/&gt;                            &lt;b&gt;Tìm kiếm&lt;/b&gt;                        &lt;/button&gt;                    &lt;/div&gt;                &lt;/form&gt;                            &lt;/div&gt;" SourceIndex="542;548" TableNum="0" TextLen="87" order="17" xPath="/html[1]/body[1]/div[1]/div[2]/div[4]/div[1]/div[2]/div[1]"/>
</LayoutNode>
</LayoutNode>
<LayoutNode BgColor="#ffffff" ContainImg="0" ContainP="0" ContainTable="false" Content="(batdongsan.com.vn) " DOMCldNum="7" DoC="10" FontSize="12" FontWeight="700" FormNum="0" FormSize="0" FrameSourceIndex="0" ID="1-5" InteractionNum="0" InteractionSize="0" IsImg="false" LinkNum="0" LinkTextLen="0" ObjectHeight="18" ObjectRectHeight="18" ObjectRectLeft="0" ObjectRectTop="701" ObjectRectWidth="1420" ObjectWidth="710" ObjectX="210" ObjectY="701" OptionNum="0" OptionTextLength="0" ParaNum="0" SRC="&lt;div class=&quot;post-source&quot;&gt;(batdongsan.com.vn)&lt;/div&gt;" SourceIndex="2958" TableNum="0" TextLen="19" order="18" xPath="/html[1]/body[1]/div[1]/div[2]/div[4]/div[2]/div[1]/div[5]/div[3]"/>
<LayoutNode BgColor="#055699" ContainImg="0" ContainP="0" ContainTable="false" Content="Xem ảnh " DOMCldNum="7" DoC="10" FontSize="12" FontWeight="700" FormNum="0" FormSize="0" FrameSourceIndex="0" ID="1-6" InteractionNum="0" InteractionSize="0" IsImg="false" LinkNum="0" LinkTextLen="0" ObjectHeight="18" ObjectRectHeight="18" ObjectRectLeft="0" ObjectRectTop="745" ObjectRectWidth="1420" ObjectWidth="213" ObjectX="211" ObjectY="745" OptionNum="0" OptionTextLength="0" ParaNum="0" SRC="&lt;div class=&quot;block-title active&quot; content-id=&quot;#post-images&quot;&gt;Xem ảnh&lt;/div&gt;" SourceIndex="2964" TableNum="0" TextLen="7" order="19" xPath="/html[1]/body[1]/div[1]/div[2]/div[4]/div[2]/div[1]/div[6]/div[1]"/>
<LayoutNode BgColor="#ffffff" ContainImg="1" ContainP="0" ContainTable="false" Content=" " DOMCldNum="3" DoC="8" FontSize="12" FontWeight="normal" FormNum="0" FormSize="0" FrameSourceIndex="0" ID="1-7" InteractionNum="0" InteractionSize="0" IsImg="false" LinkNum="2" LinkTextLen="0" ObjectHeight="300" ObjectRectHeight="300" ObjectRectLeft="0" ObjectRectTop="778" ObjectRectWidth="1420" ObjectWidth="708" ObjectX="211" ObjectY="778" OptionNum="0" OptionTextLength="0" ParaNum="0" SRC="&lt;div class=&quot;fotorama&quot; data-fit=&quot;contain&quot; data-nav=&quot;thumbs&quot; data-ratio=&quot;800/600&quot; data-thumbheight=&quot;90&quot; data-thumbwidth=&quot;120&quot; data-width=&quot;730&quot;&gt;                                                    &lt;a href=&quot;https://timnhadat.net.vn/storage/images/posts/id_733957/20200525073502-f1e6_wm.jpg?ver=1593157065&quot;&gt;&lt;img alt=&quot;Bán đất lô 135 khu 9 - Huỳnh Văn Nghệ - khu biệt thự lấn biển Vĩnh Hoà - P. Vĩnh Hoà - Nha Trang&quot; src=&quot;https://timnhadat.net.vn/storage/images/posts/id_733957/thumbs/c_200_200_20200525073502-f1e6_wm.jpg?ver=1593157065&quot;/&gt;&lt;/a&gt;                                                    &lt;a href=&quot;https://timnhadat.net.vn/storage/images/posts/id_733957/20200525073510-648a_wm.jpg?ver=1593157065&quot;&gt;&lt;img alt=&quot;Bán đất lô 135 khu 9 - Huỳnh Văn Nghệ - khu biệt thự lấn biển Vĩnh Hoà - P. Vĩnh Hoà - Nha Trang&quot; src=&quot;https://timnhadat.net.vn/storage/images/posts/id_733957/thumbs/c_200_200_20200525073510-648a_wm.jpg?ver=1593157065&quot;/&gt;&lt;/a&gt;                                            &lt;/div&gt;" SourceIndex="2971" TableNum="0" TextLen="0" order="20" xPath="/html[1]/body[1]/div[1]/div[2]/div[4]/div[2]/div[1]/div[6]/div[3]/div[1]"/>
<LayoutNode BgColor="#ffffff" ContainImg="0" ContainP="0" ContainTable="true" DOMCldNum="0" DoC="5" FontSize="12" FontWeight="normal" FormNum="0" FormSize="0" FrameSourceIndex="0" ID="1-8" InteractionNum="0" InteractionSize="0" IsImg="false" LinkNum="0" LinkTextLen="0" ObjectRectHeight="178" ObjectRectLeft="0" ObjectRectTop="1099" ObjectRectWidth="1420" OptionNum="0" OptionTextLength="0" ParaNum="0" SourceIndex="0" TableNum="0" TextLen="315" order="21">
<LayoutNode BgColor="#ffffff" ContainImg="0" ContainP="0" ContainTable="true" Content="Đặc điểm bất động sản Loại tin rao Bán đất nền dự án Địa chỉ Dự án KĐT Vĩnh Hòa, Đường Huỳnh Văn Nghệ, Phường Vĩnh Hòa, Nha Trang, Khánh Hòa Hướng nhà Nam " DOMCldNum="0" DoC="8" FontSize="12" FontWeight="normal" FormNum="0" FormSize="0" FrameSourceIndex="0" ID="1-8-1" InteractionNum="0" InteractionSize="0" IsImg="false" LinkNum="0" LinkTextLen="0" ObjectHeight="176" ObjectRectHeight="178" ObjectRectLeft="0" ObjectRectTop="1099" ObjectRectWidth="641" ObjectWidth="440" ObjectX="201" ObjectY="1100" OptionNum="0" OptionTextLength="0" ParaNum="0" SRC="&lt;div class=&quot;div-table left&quot;&gt;                &lt;div class=&quot;div-table-header&quot;&gt;Đặc điểm bất động sản&lt;/div&gt;                &lt;div class=&quot;div-row&quot;&gt;                    &lt;div class=&quot;div-cell left&quot;&gt;Loại tin rao&lt;/div&gt;                    &lt;div class=&quot;div-cell right&quot;&gt;Bán đất nền dự án&lt;/div&gt;                    &lt;div class=&quot;clear&quot;/&gt;                &lt;/div&gt;                                    &lt;div class=&quot;div-row&quot;&gt;                        &lt;div class=&quot;div-cell left&quot;&gt;Địa chỉ&lt;/div&gt;                        &lt;div class=&quot;div-cell right&quot;&gt;Dự án KĐT Vĩnh Hòa, Đường Huỳnh Văn Nghệ, Phường Vĩnh Hòa, Nha Trang, Khánh Hòa&lt;/div&gt;                        &lt;div class=&quot;clear&quot;/&gt;                    &lt;/div&gt;                                                    &lt;div class=&quot;div-row&quot;&gt;                        &lt;div class=&quot;div-cell left&quot;&gt;Hướng nhà&lt;/div&gt;                        &lt;div class=&quot;div-cell right&quot;&gt;Nam&lt;/div&gt;                        &lt;div class=&quot;clear&quot;/&gt;                    &lt;/div&gt;                                                                                            &lt;/div&gt;" SourceIndex="2984" TableNum="0" TextLen="147" order="22" xPath="/html[1]/body[1]/div[1]/div[2]/div[4]/div[2]/div[1]/div[7]/div[1]"/>
<LayoutNode BgColor="#ffffff" ContainImg="0" ContainP="0" ContainTable="true" Content="Liên hệ Tên liên hệ Phạm Thân Trọng Hoàng Địa chỉ Căn Hộ 4.10 - Chung Cư An Thịnh - Ngô Gia Khảm - Khu At - P. Vĩnh Hải - Nha Trang Di động 0972206206 Email economyland@gmail.com " DOMCldNum="0" DoC="5" FontSize="12" FontWeight="normal" FormNum="0" FormSize="0" FrameSourceIndex="0" ID="1-8-2" InteractionNum="0" InteractionSize="0" IsImg="false" LinkNum="0" LinkTextLen="0" ObjectHeight="176" ObjectRectHeight="178" ObjectRectLeft="653" ObjectRectTop="1099" ObjectRectWidth="767" ObjectWidth="280" ObjectX="653" ObjectY="1100" OptionNum="0" OptionTextLength="0" ParaNum="0" SRC="&lt;div class=&quot;div-table right&quot;&gt;                &lt;div class=&quot;div-table-header&quot;&gt;Liên hệ&lt;/div&gt;                                    &lt;div class=&quot;div-row&quot;&gt;                        &lt;div class=&quot;div-cell left&quot;&gt;Tên liên hệ&lt;/div&gt;                        &lt;div class=&quot;div-cell right&quot;&gt;Phạm Thân Trọng Hoàng&lt;/div&gt;                        &lt;div class=&quot;clear&quot;/&gt;                    &lt;/div&gt;                                                    &lt;div class=&quot;div-row&quot;&gt;                        &lt;div class=&quot;div-cell left&quot;&gt;Địa chỉ&lt;/div&gt;                        &lt;div class=&quot;div-cell right&quot;&gt;Căn Hộ 4.10 - Chung Cư An Thịnh - Ngô Gia Khảm - Khu At - P. Vĩnh Hải - Nha Trang&lt;/div&gt;                        &lt;div class=&quot;clear&quot;/&gt;                    &lt;/div&gt;                                                                    &lt;div class=&quot;div-row&quot;&gt;                        &lt;div class=&quot;div-cell left&quot;&gt;Di động&lt;/div&gt;                        &lt;div class=&quot;div-cell right&quot;&gt;0972206206&lt;/div&gt;                        &lt;div class=&quot;clear&quot;/&gt;                    &lt;/div&gt;                                                    &lt;div class=&quot;div-row&quot;&gt;                        &lt;div class=&quot;div-cell left&quot;&gt;Email&lt;/div&gt;                        &lt;div class=&quot;div-cell right em&quot;&gt;economyland@gmail.com&lt;/div&gt;                        &lt;div class=&quot;clear&quot;/&gt;                    &lt;/div&gt;                            &lt;/div&gt;" SourceIndex="3025" TableNum="0" TextLen="168" order="23" xPath="/html[1]/body[1]/div[1]/div[2]/div[4]/div[2]/div[1]/div[7]/div[3]"/>
</LayoutNode>
<LayoutNode BgColor="#ffffff" ContainImg="0" ContainP="0" ContainTable="false" Content="Tìm kiếm theo từ khóa:  Bán đất nền dự án tại Thành phố Nha Trang Khánh Hòa ,  Bán đất nền dự án tại Phường Vĩnh Hòa ,  ,  Bán đất nền dự án tại Phường Vĩnh Hòa Thành phố Nha Trang  " DOMCldNum="23" DoC="5" FontSize="12" FontWeight="700" FormNum="0" FormSize="0" FrameSourceIndex="0" ID="1-9" InteractionNum="0" InteractionSize="0" IsImg="false" LinkNum="10" LinkTextLen="185" ObjectHeight="36" ObjectRectHeight="36" ObjectRectLeft="0" ObjectRectTop="1297" ObjectRectWidth="1420" ObjectWidth="730" ObjectX="200" ObjectY="1297" OptionNum="0" OptionTextLength="0" ParaNum="0" SRC="&lt;div class=&quot;tagpanel&quot; id=&quot;LeftMainContent__productDetail_panelTag&quot;&gt;            Tìm kiếm theo từ khóa:                             &lt;a href=&quot;https://timnhadat.net.vn/tim-nang-cao?category_id1=1&amp;category_id2=8&amp;city_id=6&amp;district_id=350&amp;search_keyword=B%C3%A1n+%C4%91%E1%BA%A5t+n%E1%BB%81n+d%E1%BB%B1+%C3%A1n+t%E1%BA%A1i+Th%C3%A0nh+ph%E1%BB%91+Nha+Trang+Kh%C3%A1nh+H%C3%B2a&quot; title=&quot;Bán đất nền dự án tại Thành phố Nha Trang Khánh Hòa&quot;&gt;Bán đất nền dự án tại Thành phố Nha Trang Khánh Hòa&lt;/a&gt;                                                                    , &lt;a href=&quot;https://timnhadat.net.vn/tim-nang-cao?category_id1=1&amp;category_id2=8&amp;city_id=6&amp;district_id=350&amp;ward_id=1678&amp;search_keyword=B%C3%A1n+%C4%91%E1%BA%A5t+n%E1%BB%81n+d%E1%BB%B1+%C3%A1n+t%E1%BA%A1i+Ph%C6%B0%E1%BB%9Dng+V%C4%A9nh+H%C3%B2a&quot; title=&quot;Bán đất nền dự án tại Phường Vĩnh Hòa&quot;&gt;Bán đất nền dự án tại Phường Vĩnh Hòa&lt;/a&gt;                                                        , &lt;a href=&quot;https://timnhadat.net.vn/tim-nang-cao?category_id1=1&amp;category_id2=8&amp;city_id=6&amp;district_id=350&amp;search_keyword=B%C3%A1n+%C4%91%E1%BA%A5t+n%E1%BB%81n+d%E1%BB%B1+%C3%A1n+t%E1%BA%A1i+Th%C3%A0nh+ph%E1%BB%91+Nha+Trang&quot; title=&quot;Bán đất nền dự án tại Thành phố Nha Trang&quot;&gt;Bán đất nền dự án tại Thành phố Nha Trang&lt;/a&gt;                                                        , &lt;a href=&quot;https://timnhadat.net.vn/tim-nang-cao?category_id1=1&amp;category_id2=8&amp;city_id=6&amp;district_id=350&amp;ward_id=1678&amp;search_keyword=B%C3%A1n+%C4%91%E1%BA%A5t+n%E1%BB%81n+d%E1%BB%B1+%C3%A1n+t%E1%BA%A1i+Ph%C6%B0%E1%BB%9Dng+V%C4%A9nh+H%C3%B2a+Th%C3%A0nh+ph%E1%BB%91+Nha+Trang&quot; title=&quot;Bán đất nền dự án tại Phường Vĩnh Hòa Thành phố Nha Trang&quot;&gt;Bán đất nền dự án tại Phường Vĩnh Hòa Thành phố Nha Trang&lt;/a&gt;                     &lt;/div&gt;" SourceIndex="3078" TableNum="0" TextLen="219" order="24" xPath="/html[1]/body[1]/div[1]/div[2]/div[4]/div[2]/div[1]/div[9]"/>
<LayoutNode BgColor="#ffffff" ContainImg="1" ContainP="0" ContainTable="false" Content="Mã tin đăng: 2006260645Gói tin rao: Diamond VIPNgày bắt đầu: 26-06-2020Ngày kết thúc: 26-07-2020 Nhận các thông tin BĐS phù hợp với yêu cầu của bạn qua email × Đăng ký để nhận được tin rao bất động sản mới và nhanh nhất Vui lòng nhập các tiêu chí tìm kiếm để nhận các bất động sản phù hợp Tần suất nhận thư báo: Ngay tức thì Hàng ngày Hàng tuần Hình thức: Nhà đất bán Nhà đất cho thuê Loại tin rao: --Chọn loại nhà đất-- - Bán căn hộ chung cư - Tất cả các loại nhà bán + Bán nhà riêng + Bán nhà biệt thự, liền kề + Bán nhà mặt phố - Tất cả các loại đất bán + Bán đất nền dự án + Bán đất - Bán trang trại, khu nghỉ dưỡng - Bán kho, nhà xưởng - Bán loại bất động sản khác Tỉnh/Thành Phố: --Chọn Tỉnh/Thành phố-- Hồ Chí Minh Hà Nội Đà Nẵng Bình Dương Đồng Nai Khánh Hòa Hải Phòng Long An Quảng Nam Bà Rịa Vũng Tàu Đắk Lắk Cần Thơ Bình Thuận Lâm Đồng Thừa Thiên Huế Kiên Giang Bắc Ninh Quảng Ninh Thanh Hóa Nghệ An Hải Dương Gia Lai Bình Phước Hưng Yên Bình Định Tiền Giang Thái Bình Bắc Giang Hòa Bình An Giang Vĩnh Phúc Tây Ninh Thái Nguyên Lào Cai Nam Định Quảng Ngãi Bến Tre Đắk Nông Cà Mau Vĩnh Long Ninh Bình Phú Thọ Ninh Thuận Phú Yên Hà Nam Hà Tĩnh Đồng Tháp Sóc Trăng Kon Tum Quảng Bình Quảng Trị Trà Vinh Hậu Giang Sơn La Bạc Liêu Yên Bái Tuyên Quang Điện Biên Lai Châu Lạng Sơn Hà Giang Bắc Kạn Cao Bằng Quận/Huyện: --Chọn Quận/Huyện-- Huyện Cam Lâm Huyện Diên Khánh Huyện Khánh Sơn Huyện Khánh Vĩnh Thị xã Ninh Hòa Huyện Trường Sa Huyện Vạn Ninh Thành phố Nha Trang Thành phố Cam Ranh Diện tích: --Chọn diện tích-- &lt;= 30m2 30 - 50m2 50 - 80m2 80 - 100m2 100 - 150m2 150 - 200m2 200 - 250m2 250 - 300m2 300 - 500m2 &gt;= 500m2 Giá: --Chọn mức giá-- &lt; 500 triệu 500 - 800 triệu 800 triệu - 1 tỷ 1 - 2 tỷ 2 - 3 tỷ 3 - 5 tỷ 5 - 7 tỷ 7 - 10 tỷ 10 - 20 tỷ 20 - 30 tỷ &gt; 30 tỷ Phường/ Xã: --Chọn Phường/Xã-- Phường Vĩnh Hải Phường Vĩnh Phước Phường Vĩnh Thọ Phường Xương Huân Phường Vạn Thắng Phường Vạn Thạnh Phường Phương Sài Phường Phương Sơn Phường Ngọc Hiệp Phường Phước Hòa Phường Phước Tân Phường Phước Tiến Phường Phước Hải Phường Lộc Thọ Phường Tân Lập Phường Vĩnh Nguyên Phường Vĩnh Trường Phường Phước Long Phường Vĩnh Hòa Xã Vĩnh Phương Xã Vĩnh Trung Xã Vĩnh Thạnh Xã Vĩnh Thái Xã Vĩnh Hiệp Xã Vĩnh Ngọc Xã Vĩnh Lương Xã Phước Đồng Đường/Phố: --Chọn Đường/Phố-- 1 10 11 12 13 14 14A 15 17 18A 19 19/5 1A 1B 2 2/4 21 22 23 23/10 26 27 28 28B 29 2A 2B 2D 3 30 30A 33 34 3A 3B 4 45 47 4B 4C 4D 5 50 5A 5B 5C 5D 5E 6 66 6A 6C 7 7B 8 8A 8C 8D 8E 9 9A A1 A2 A3 A3A A4 A5 A6 An Dương Vương An Phú Đông 27 An Viên Âu Cơ B1 B2 B3 B4 B5 B5-22 B6 B7 B8 Ba Làng Bà Triệu Bắc Sơn Bạch Đằng Bạch Thái Bưởi Bãi Dương Bế Văn Đàn Bến Cá Biệt Thự Biểu Đóa Bình Can Bình Hoà Bình Khê Bờ Đắp Bờ Kè Bùi Huy Bích Bùi Thị Xuân Bùi Xuân Phái Bữu Đóa C1 C2 C3 C4 C5 C8 Cao Bá Quát Cao Thắng Cao Văn Bé Cầu Bè Cầu Dứa Cầu Dứa - Phú Nông Cầu Hộ Cầu Lùng Cầu Xóm Bông Cây Gáo Châu Văn Liêm Chế Lan Viên Chi Lăng Chí Linh Cô Bắc Cổ Loa Củ Chi Cù Chính Lan Cù Lao Hạ Cù Lao Thượng Cù Lao Trung Cửu Long Cửu Việt 2 D1 D15 D2 D3 Dã Tượng Diên Sơn B Dương Ham Dương Hiến Quyền Dương Văn An Dương Vân Nga Đắc Lộc Đắc Phú Đặng Dung Đặng Huy Trứ Đặng Lộ Đặng Minh Khiêm Đặng Nguyên Cẩn Đặng Tất Đặng Thai Mai Đặng Thái Thân Đào Duy Anh Đào Duy Từ Đào Văn Tiến Đất Lành Đệ Đề Pô Đèo Rù Rì Điện Biên Phủ Định Cư Đinh Lễ Đinh Liệt Đinh Tiên Hoàng Đình Vĩnh Xuân Đô Đốc Tuyết Đô Lương Đoàn Thị Điểm Đoàn Trần Nghiệp Đội Cấn Đống Đa Đông Hồ Đông Hưng Thuận 6 Đông Mương Đồng Nai Đông Phước ĐT 741 ĐT 747 Đường Đệ F F3 Gò Cây Sung Gò Đập Hà Huy Tập Hà Ra Hà Thanh Hai Bà Trưng Hải Đức Hải Nam Hàn Giang Hàn Thuyên Hàng Cá Hát Giang Hậu Giang Hậu Lân Hiệp Thành 13 Hồ Sĩ Dương Hồ Tùng Mậu Hồ Xuân Hương Hoa Lư Hòa Trung Hoàn Kiếm Hoàng Diệu Hoàng Hoa Thám Hoàng Minh Thảo Hoàng Sa Hoàng Tăng Bí Hoàng Văn Thái Hoàng Văn Thụ Hòn Chồng Hòn Dung Hòn Nghê Hòn Rớ Hòn Sưng Hòn Xện Hồng Bàng Hồng Lĩnh Hùng Vương Hương Điền Hương Giang Hương Lộ Hương lộ 45 Hương Lộ Ngọc Hiệp Hương Lộ Ngọc Sơn Hương Sơn Huỳnh Tấn Phát Huỳnh Thúc Kháng Huỳnh Tịnh Huỳnh Tịnh Của Huỳnh Văn Nghệ K10 Khe Sanh Khiêu Năng Tĩnh Khiếu Năng Tĩnh Khởi Nghĩa Bắc Sơn Khúc Thừa Dụ Kiến Thiết Lạc An Lạc Long Quân Lạc Thiện Lam Sơn Lãn Ông Lang Liêu Lê Chân Lê Công Hạnh Lê Công Miễn Lê Đại Hành Lê Hồng Phong Lê Lai Lê Lợi Lê Nghị Lê Quý Đôn Lê Thanh Nghị Lê Thành Phương Lê Thánh Tôn Lê Văn Huân Lê Văn Miến Lê Văn Tám Lê Văn Tâm Liên Hoa Liên Xã Lộc Hòa Lư Cấm Lư Giang Lương Đắc Bằng Lương Định Của Lương Ngọc Quyến Lương Nhữ Học Lương Sơn Lương Thế Vinh Lương Văn Can Lưu Hữu Phước Lý Nam Đế Lý Ông Trọng Lý Phục Man Lý Quốc Sư Lý Thái Tổ Lý Thánh Tôn Lý Thánh Tông Lý Thường Kiệt Lý Tự Trọng Mạc Đĩnh Chi Mai An Tiêm Mai Lão Bạng Mai Thị Dõng Mai Xuân Thưởng Máy Nước Mê Linh Miếu Bà Mương Khai N1 Ngô Đến Ngô Đức Kế Ngô Gia Khảm Ngô Gia Tự Ngô Lan Chi Ngô Quyền Ngô Sĩ Liên Ngô Tất Tố Ngô Thời Nhiệm Ngô Văn Sở Ngọc Hân Công Chúa Ngọc Hồi Ngọc Hội Ngọc Thảo Nguyễn An Nguyễn Bặc Nguyễn Biểu Nguyễn Biểu B1 Nguyễn Biểu B2 Nguyễn Bỉnh Khiêm Nguyễn Bửu Nguyễn Cảnh Chân Nguyễn Cao Luyện Nguyễn Chánh Nguyễn Chích Nguyễn Cơ Thạch Nguyễn Công Trứ Nguyễn Du Nguyễn Dữ Nguyễn Duy Hiệu Nguyễn Địa Lô Nguyễn Đình Chiểu Nguyễn Đức Cảnh Nguyễn Đức Thuận Nguyễn Gia Thiều Nguyễn Hiền Nguyễn Hoành Nguyễn Huệ Nguyễn Hữu Huân Nguyễn Hữu Nghĩa Nguyễn Hữu Thọ Nguyễn Huy Chương Nguyễn Khắc Viện Nguyễn Khanh Nguyễn Khánh Toàn Nguyễn Khoái Nguyễn Khuyến Nguyễn Lộ Trạch Nguyễn Phan Vinh Nguyễn Phi Khanh Nguyễn Phong Sắc Nguyễn Quyền Nguyễn Tất Thành Nguyễn Thái Học Nguyễn Thành Phương Nguyễn Thị Định Nguyễn Thị Minh Khai Nguyễn Thiện Thuật Nguyễn Thượng Hiền Nguyễn Trãi Nguyễn Tri Phương Nguyễn Trung Trực Nguyễn Trường Tộ Nguyễn Văn Bảy Nguyễn Văn Côn Nguyễn Văn Linh Nguyễn Viết Xuân Nguyễn Xiển Nguyễn Xuân Hữu Nhà Thờ Nhân Vị Nhật Lệ Nhật Phong Nhị Hà Núi Cấm 1 Núi Một Núi Sạn NV1 P1 P2 P3 Pastuer Phạm Hồng Thái Phạm Ngọc Thạch Phạm Phú Thứ Phạm Thị Bất Phạm Tu Phạm Văn Đồng Phan Bội Châu Phan Chu Trinh Phan Đình Giót Phan Đình Phùng Phan Huy Ích Phan Mạnh Thủy Phan Như Cẩn Phan Văn Vũ Phan Vinh Phật Học Phó Đức Chính Phong Châu Phòng Không Phú Bình Phù Đổng Phú Đức Phú Nông Phú Trung Phú Xương Phúc Sơn Phùng Hưng Phùng Khắc Khoan Phước Hải Phước Huệ Phước Long Phước Tân Phước Tường Phương Câu Phương Ma Phương Mai Phương Sài Quân Trấn Quang Dục Quảng Đức Quang Trung Quốc Lộ 1 Quốc lộ 14 Quốc lộ 1A Quốc lộ 1C Quốc Tuấn Sao Biển Sắt Sinh Trung Số 1 Số 10 Số 10B Số 11 Số 12 Số 13 Số 14 Số 14A Số 15 Số 17 Số 18A Số 19 Số 1A Số 1B Số 2 Số 20 Số 22 Số 25 Số 26 Số 28 Số 29 Số 2A Số 2B Số 3 Số 33 Số 34 Số 3A Số 3B Số 4 Số 4A Số 4B Số 4D Số 5 Số 5A Số 5B Số 5C Số 6 Số 7 Số 8 Số 8A Số 8C Số 9 Số A3A Sơn Ca Sơn Thủy Sông Cái Sử Hy Nhan Sư Vạn Hạnh T11 T12 T15 T16 T17 T18 T19 T2 T21 T22 T23 T27 T3 T4 T5 T6 T8 T9 Tân An Tân Chánh Hiệp 16 Tân Chánh Hiệp 2 Tản Đà Tân Hải Tân Thới Hiệp 10 Tân Trang Tân Trào Tản Viên Tăng Bạt Hổ Tây Nam Tế Hanh Thái Khang Thái Nguyên Thái Phiên Thái Thông Thân Nhân Trung Thạnh Lộc 27 Thanh Nam Thạnh Xuân 13 Thạnh Xuân 21 Tháp Bà Thi Sách Thích Bửu Đăng Thích Quảng Đức Thoại Ngọc Hầu Thống Nhất Thủy Xưởng Tiền Giang Tỉnh lộ 3 Tỉnh lộ 657 Tỉnh lộ 7A Tô Hiến Thành Tô Hiệu Tố Hữu Tô Ký Tô Vĩnh Diện Tôn Đản Tôn Đức Thắng Tôn Thất Tùng Trại Gà Trần Bình Trọng Trần Đoàn Nghiệp Trần Hưng Đạo Trần Khánh Dư Trần Khát Chân Trần Kim Hùng Trần Lư Trần Mai Ninh Trần Nam Trung Trần Nguyên Hãn Trần Nhật Duật Trần Phú Trần Phú B Trần Quang Diệu Trần Quang Đạo Trần Quang Khải Trần Quốc Toản Trần Quý Cáp Trần Sâm Trần Thị Tính Trần Văn Ơn Trích Sài Triệu Quang Phục Triệu Quốc Đạt Trịnh Hoài Đức Trịnh Phong Trương Định Trương Hán Siêu Trường Phúc Trường Sa Trường Sơn Trương Tấn Sang Trương Văn Đa Tuệ Tĩnh V1 Vân Đồn Vạn Hoa Vạn Kiếp Văn Nga Vạn Thắng Việt Bắc Vĩnh Điềm Thượng Vĩnh Điềm Trung Vĩnh Hội Vĩnh Ngọc Vĩnh Thái Vĩnh Thạnh Vĩnh Xương Võ Đình Tú Võ Thị Sáu Võ Trứ Võ Trung Thành Võ Trường Toàn Võ Trường Toản Võ Văn Ký Võ Văn Tần Vũ Hữu Vũ Xuân Thiều Vườn Dương Vườn Thuốc Vườn Xoài Xa La Xóm Chiếu Xuân Lạc Xuân Thủy Xương Huân Yên Thế Yersin Yết Kiêu Số phòng ngủ: --Chọn số phòng ngủ-- 1+ 2+ 3+ 4+ 5+ Hướng nhà: --Chọn hướng nhà-- KXĐ Đông Tây Nam Bắc Đông-Bắc Tây-Bắc Tây-Nam Đông-Nam Nhận thư báo Tiêu đề thư: Email: Họ và tên: Xác nhận Hủy bỏ Đăng ký " DOMCldNum="23" DoC="8" FontSize="12" FontWeight="normal" FormNum="0" FormSize="0" FrameSourceIndex="0" ID="1-10" InteractionNum="0" InteractionSize="0" IsImg="false" LinkNum="8" LinkTextLen="63" ObjectHeight="113" ObjectRectHeight="113" ObjectRectLeft="0" ObjectRectTop="1348" ObjectRectWidth="1420" ObjectWidth="720" ObjectX="205" ObjectY="1348" OptionNum="0" OptionTextLength="0" ParaNum="0" SRC="&lt;div class=&quot;post-time&quot;&gt;            &lt;div class=&quot;post-code&quot;&gt;&lt;span class=&quot;lb&quot;&gt;Mã tin đăng&lt;span class=&quot;pc&quot;&gt;:&lt;/span&gt;&lt;/span&gt;                &lt;span&gt;2006260645&lt;/span&gt;&lt;/div&gt;            &lt;div class=&quot;post-time-d&quot;&gt;&lt;span class=&quot;lb&quot;&gt;Gói tin rao&lt;span class=&quot;pc&quot;&gt;:&lt;/span&gt;&lt;/span&gt; &lt;span&gt;Diamond VIP&lt;/span&gt;&lt;/div&gt;            &lt;div class=&quot;post-time-d&quot;&gt;&lt;span class=&quot;lb&quot;&gt;Ngày bắt đầu&lt;span class=&quot;pc&quot;&gt;:&lt;/span&gt;&lt;/span&gt;                &lt;span&gt;26-06-2020&lt;/span&gt;&lt;/div&gt;            &lt;div class=&quot;post-time-d&quot;&gt;&lt;span class=&quot;lb&quot;&gt;Ngày kết thúc&lt;span class=&quot;pc&quot;&gt;:&lt;/span&gt;&lt;/span&gt; &lt;span&gt;26-07-2020&lt;/span&gt;&lt;/div&gt;            &lt;div class=&quot;received_posts&quot;&gt;        &lt;div class=&quot;buttons&quot;&gt;        &lt;a class=&quot;btn btn-default add_receive_mail_btn&quot; data-target=&quot;#addReceivedPostModal&quot; data-toggle=&quot;modal&quot;&gt;            &lt;img src=&quot;https://timnhadat.net.vn/images/mail-icon.png&quot;/&gt; Nhận các thông tin BĐS phù hợp với yêu cầu của bạn qua email        &lt;/a&gt;    &lt;/div&gt;        &lt;div aria-labelledby=&quot;addReceivedPostModalLabel&quot; class=&quot;modal fade&quot; id=&quot;addReceivedPostModal&quot; role=&quot;dialog&quot;&gt;        &lt;div class=&quot;modal-dialog&quot; role=&quot;document&quot;&gt;            &lt;div class=&quot;modal-content&quot;&gt;                &lt;div class=&quot;modal-header&quot;&gt;                    &lt;button aria-label=&quot;Close&quot; class=&quot;close&quot; data-dismiss=&quot;modal&quot; type=&quot;button&quot;&gt;&lt;span aria-hidden=&quot;true&quot;&gt;×&lt;/span&gt;&lt;/button&gt;                    &lt;div class=&quot;modal-title&quot; id=&quot;addReceivedPostModalLabel&quot;&gt;Đăng ký để nhận được tin rao bất động sản mới và nhanh nhất&lt;/div&gt;                &lt;/div&gt;                &lt;div class=&quot;modal-body&quot;&gt;                    &lt;form action=&quot;https://timnhadat.net.vn/addReceivedPost&quot; id=&quot;addReceivedPostForm&quot; method=&quot;post&quot;&gt;                        &lt;input name=&quot;_token&quot; type=&quot;hidden&quot; value=&quot;Bh39UF1iFmTJsJw76GzasyN8cXHkPfPqUGI9SMyU&quot;/&gt;                        &lt;p&gt;Vui lòng nhập các tiêu chí tìm kiếm để nhận các bất động sản phù hợp&lt;/p&gt;                        &lt;div class=&quot;form-group clearfix&quot;&gt;                            &lt;label class=&quot;control-label col-md-4&quot;&gt;Tần suất nhận thư báo:&lt;/label&gt;                            &lt;div class=&quot;col-md-8&quot;&gt;                                                                                                    &lt;label class=&quot;radio-label&quot;&gt;&lt;input checked=&quot;&quot; class=&quot;form-control iCheck&quot; name=&quot;frequency&quot; type=&quot;radio&quot; value=&quot;0&quot;/&gt; Ngay tức thì&lt;/label&gt;                                                                                                        &lt;label class=&quot;radio-label&quot;&gt;&lt;input class=&quot;form-control iCheck&quot; name=&quot;frequency&quot; type=&quot;radio&quot; value=&quot;1&quot;/&gt; Hàng ngày&lt;/label&gt;                                                                                                        &lt;label class=&quot;radio-label&quot;&gt;&lt;input class=&quot;form-control iCheck&quot; name=&quot;frequency&quot; type=&quot;radio&quot; value=&quot;2&quot;/&gt; Hàng tuần&lt;/label&gt;                                                                                                &lt;/div&gt;                        &lt;/div&gt;                        &lt;div class=&quot;form-group clearfix&quot;&gt;                            &lt;label class=&quot;control-label col-md-4&quot; for=&quot;category_id1&quot;&gt;Hình thức:&lt;/label&gt;                            &lt;div class=&quot;col-md-8&quot;&gt;                                &lt;select class=&quot;select2 select-category-1&quot; data-width=&quot;100%&quot; name=&quot;search_category_id1&quot;&gt;                                                                            &lt;option selected=&quot;&quot; value=&quot;1&quot;&gt;Nhà đất bán&lt;/option&gt;                                                                            &lt;option value=&quot;13&quot;&gt;Nhà đất cho thuê&lt;/option&gt;                                                                    &lt;/select&gt;                            &lt;/div&gt;                        &lt;/div&gt;                        &lt;div class=&quot;form-group clearfix&quot;&gt;                            &lt;label class=&quot;control-label col-md-4&quot;&gt;Loại tin rao:&lt;/label&gt;                            &lt;div class=&quot;col-md-8&quot;&gt;                                &lt;select class=&quot;select2-search select-category-2&quot; data-width=&quot;100%&quot; name=&quot;search_category_id2&quot;&gt;                                    &lt;option value=&quot;&quot;&gt;--Chọn loại nhà đất--&lt;/option&gt;                                                                                                                        &lt;option value=&quot;2&quot;&gt;- Bán căn hộ chung cư&lt;/option&gt;                                                                                                                                                                                                                            &lt;option value=&quot;3&quot;&gt;- Tất cả các loại nhà bán&lt;/option&gt;                                                                                                                                                &lt;option value=&quot;4&quot;&gt;+ Bán nhà riêng&lt;/option&gt;                                                                                                    &lt;option value=&quot;5&quot;&gt;+ Bán nhà biệt thự, liền kề&lt;/option&gt;                                                                                                    &lt;option value=&quot;6&quot;&gt;+ Bán nhà mặt phố&lt;/option&gt;                                                                                                                                                                                &lt;option value=&quot;7&quot;&gt;- Tất cả các loại đất bán&lt;/option&gt;                                                                                                                                                &lt;option selected=&quot;&quot; value=&quot;8&quot;&gt;+ Bán đất nền dự án&lt;/option&gt;                                                                                                    &lt;option value=&quot;9&quot;&gt;+ Bán đất&lt;/option&gt;                                                                                                                                                                                &lt;option value=&quot;10&quot;&gt;- Bán trang trại, khu nghỉ dưỡng&lt;/option&gt;                                                                                                                                                                                                                            &lt;option value=&quot;11&quot;&gt;- Bán kho, nhà xưởng&lt;/option&gt;                                                                                                                                                                                                                            &lt;option value=&quot;12&quot;&gt;- Bán loại bất động sản khác&lt;/option&gt;                                                                                                                                                                                                                                                    &lt;/select&gt;                            &lt;/div&gt;                        &lt;/div&gt;                        &lt;div class=&quot;form-group clearfix&quot;&gt;                            &lt;label class=&quot;control-label col-md-4&quot;&gt;Tỉnh/Thành Phố:&lt;/label&gt;                            &lt;div class=&quot;col-md-8&quot;&gt;                                &lt;select class=&quot;select2-search select-city&quot; data-width=&quot;100%&quot; name=&quot;city_id&quot;&gt;                                    &lt;option value=&quot;&quot;&gt;--Chọn Tỉnh/Thành phố--&lt;/option&gt;                                                                            &lt;option value=&quot;1&quot;&gt;Hồ Chí Minh&lt;/option&gt;                                                                            &lt;option value=&quot;2&quot;&gt;Hà Nội&lt;/option&gt;                                                                            &lt;option value=&quot;3&quot;&gt;Đà Nẵng&lt;/option&gt;                                                                            &lt;option value=&quot;4&quot;&gt;Bình Dương&lt;/option&gt;                                                                            &lt;option value=&quot;5&quot;&gt;Đồng Nai&lt;/option&gt;                                                                            &lt;option selected=&quot;&quot; value=&quot;6&quot;&gt;Khánh Hòa&lt;/option&gt;                                                                            &lt;option value=&quot;7&quot;&gt;Hải Phòng&lt;/option&gt;                                                                            &lt;option value=&quot;8&quot;&gt;Long An&lt;/option&gt;                                                                            &lt;option value=&quot;9&quot;&gt;Quảng Nam&lt;/option&gt;                                                                            &lt;option value=&quot;10&quot;&gt;Bà Rịa Vũng Tàu&lt;/option&gt;                                                                            &lt;option value=&quot;11&quot;&gt;Đắk Lắk&lt;/option&gt;                                                                            &lt;option value=&quot;12&quot;&gt;Cần Thơ&lt;/option&gt;                                                                            &lt;option value=&quot;13&quot;&gt;Bình Thuận  &lt;/option&gt;                                                                            &lt;option value=&quot;14&quot;&gt;Lâm Đồng&lt;/option&gt;                                                                            &lt;option value=&quot;15&quot;&gt;Thừa Thiên Huế&lt;/option&gt;                                                                            &lt;option value=&quot;16&quot;&gt;Kiên Giang&lt;/option&gt;                                                                            &lt;option value=&quot;17&quot;&gt;Bắc Ninh&lt;/option&gt;                                                                            &lt;option value=&quot;18&quot;&gt;Quảng Ninh&lt;/option&gt;                                                                            &lt;option value=&quot;19&quot;&gt;Thanh Hóa&lt;/option&gt;                                                                            &lt;option value=&quot;20&quot;&gt;Nghệ An&lt;/option&gt;                                                                            &lt;option value=&quot;21&quot;&gt;Hải Dương&lt;/option&gt;                                                                            &lt;option value=&quot;22&quot;&gt;Gia Lai&lt;/option&gt;                                                                            &lt;option value=&quot;23&quot;&gt;Bình Phước&lt;/option&gt;                                                                            &lt;option value=&quot;24&quot;&gt;Hưng Yên&lt;/option&gt;                                                                            &lt;option value=&quot;25&quot;&gt;Bình Định&lt;/option&gt;                                                                            &lt;option value=&quot;26&quot;&gt;Tiền Giang&lt;/option&gt;                                                                            &lt;option value=&quot;27&quot;&gt;Thái Bình&lt;/option&gt;                                                                            &lt;option value=&quot;28&quot;&gt;Bắc Giang&lt;/option&gt;                                                                            &lt;option value=&quot;29&quot;&gt;Hòa Bình&lt;/option&gt;                                                                            &lt;option value=&quot;30&quot;&gt;An Giang&lt;/option&gt;                                                                            &lt;option value=&quot;31&quot;&gt;Vĩnh Phúc&lt;/option&gt;                                                                            &lt;option value=&quot;32&quot;&gt;Tây Ninh&lt;/option&gt;                                                                            &lt;option value=&quot;33&quot;&gt;Thái Nguyên&lt;/option&gt;                                                                            &lt;option value=&quot;34&quot;&gt;Lào Cai&lt;/option&gt;                                                                            &lt;option value=&quot;35&quot;&gt;Nam Định&lt;/option&gt;                                                                            &lt;option value=&quot;36&quot;&gt;Quảng Ngãi&lt;/option&gt;                                                                            &lt;option value=&quot;37&quot;&gt;Bến Tre&lt;/option&gt;                                                                            &lt;option value=&quot;38&quot;&gt;Đắk Nông&lt;/option&gt;                                                                            &lt;option value=&quot;39&quot;&gt;Cà Mau&lt;/option&gt;                                                                            &lt;option value=&quot;40&quot;&gt;Vĩnh Long&lt;/option&gt;                                                                            &lt;option value=&quot;41&quot;&gt;Ninh Bình&lt;/option&gt;                                                                            &lt;option value=&quot;42&quot;&gt;Phú Thọ&lt;/option&gt;                                                                            &lt;option value=&quot;43&quot;&gt;Ninh Thuận&lt;/option&gt;                                                                            &lt;option value=&quot;44&quot;&gt;Phú Yên&lt;/option&gt;                                                                            &lt;option value=&quot;45&quot;&gt;Hà Nam&lt;/option&gt;                                                                            &lt;option value=&quot;46&quot;&gt;Hà Tĩnh&lt;/option&gt;                                                                            &lt;option value=&quot;47&quot;&gt;Đồng Tháp&lt;/option&gt;                                                                            &lt;option value=&quot;48&quot;&gt;Sóc Trăng&lt;/option&gt;                                                                            &lt;option value=&quot;49&quot;&gt;Kon Tum&lt;/option&gt;                                                                            &lt;option value=&quot;50&quot;&gt;Quảng Bình&lt;/option&gt;                                                                            &lt;option value=&quot;51&quot;&gt;Quảng Trị&lt;/option&gt;                                                                            &lt;option value=&quot;52&quot;&gt;Trà Vinh&lt;/option&gt;                                                                            &lt;option value=&quot;53&quot;&gt;Hậu Giang&lt;/option&gt;                                                                            &lt;option value=&quot;54&quot;&gt;Sơn La&lt;/option&gt;                                                                            &lt;option value=&quot;55&quot;&gt;Bạc Liêu&lt;/option&gt;                                                                            &lt;option value=&quot;56&quot;&gt;Yên Bái&lt;/option&gt;                                                                            &lt;option value=&quot;57&quot;&gt;Tuyên Quang&lt;/option&gt;                                                                            &lt;option value=&quot;58&quot;&gt;Điện Biên&lt;/option&gt;                                                                            &lt;option value=&quot;59&quot;&gt;Lai Châu&lt;/option&gt;                                                                            &lt;option value=&quot;60&quot;&gt;Lạng Sơn&lt;/option&gt;                                                                            &lt;option value=&quot;61&quot;&gt;Hà Giang&lt;/option&gt;                                                                            &lt;option value=&quot;62&quot;&gt;Bắc Kạn&lt;/option&gt;                                                                            &lt;option value=&quot;63&quot;&gt;Cao Bằng&lt;/option&gt;                                                                    &lt;/select&gt;                            &lt;/div&gt;                        &lt;/div&gt;                        &lt;div class=&quot;form-group clearfix&quot;&gt;                            &lt;label class=&quot;control-label col-md-4&quot;&gt;Quận/Huyện:&lt;/label&gt;                            &lt;div class=&quot;col-md-8&quot;&gt;                                &lt;select class=&quot;select2-search select-district&quot; data-width=&quot;100%&quot; name=&quot;district_id&quot;&gt;                                    &lt;option value=&quot;&quot;&gt;--Chọn Quận/Huyện--&lt;/option&gt;                                                                            &lt;option value=&quot;343&quot;&gt;Huyện Cam Lâm&lt;/option&gt;                                                                            &lt;option value=&quot;344&quot;&gt;Huyện Diên Khánh&lt;/option&gt;                                                                            &lt;option value=&quot;345&quot;&gt;Huyện Khánh Sơn&lt;/option&gt;                                                                            &lt;option value=&quot;346&quot;&gt;Huyện Khánh Vĩnh&lt;/option&gt;                                                                            &lt;option value=&quot;347&quot;&gt;Thị xã Ninh Hòa&lt;/option&gt;                                                                            &lt;option value=&quot;348&quot;&gt;Huyện Trường Sa&lt;/option&gt;                                                                            &lt;option value=&quot;349&quot;&gt;Huyện Vạn Ninh&lt;/option&gt;                                                                            &lt;option selected=&quot;&quot; value=&quot;350&quot;&gt;Thành phố Nha Trang&lt;/option&gt;                                                                            &lt;option value=&quot;351&quot;&gt;Thành phố Cam Ranh&lt;/option&gt;                                                                    &lt;/select&gt;                            &lt;/div&gt;                        &lt;/div&gt;                        &lt;div class=&quot;form-group clearfix&quot;&gt;                            &lt;label class=&quot;control-label col-md-4&quot;&gt;Diện tích:&lt;/label&gt;                            &lt;div class=&quot;col-md-8&quot;&gt;                                &lt;select class=&quot;select2-search&quot; data-width=&quot;100%&quot; name=&quot;area_range_id&quot;&gt;                                    &lt;option value=&quot;&quot;&gt;--Chọn diện tích--&lt;/option&gt;                                                                            &lt;option value=&quot;1&quot;&gt;&lt;= 30m2&lt;/option&gt;                                                                            &lt;option value=&quot;2&quot;&gt;30 - 50m2&lt;/option&gt;                                                                            &lt;option value=&quot;3&quot;&gt;50 - 80m2&lt;/option&gt;                                                                            &lt;option value=&quot;4&quot;&gt;80 - 100m2&lt;/option&gt;                                                                            &lt;option value=&quot;5&quot;&gt;100 - 150m2&lt;/option&gt;                                                                            &lt;option value=&quot;6&quot;&gt;150 - 200m2&lt;/option&gt;                                                                            &lt;option value=&quot;7&quot;&gt;200 - 250m2&lt;/option&gt;                                                                            &lt;option selected=&quot;&quot; value=&quot;8&quot;&gt;250 - 300m2&lt;/option&gt;                                                                            &lt;option value=&quot;9&quot;&gt;300 - 500m2&lt;/option&gt;                                                                            &lt;option value=&quot;10&quot;&gt;&gt;= 500m2&lt;/option&gt;                                                                    &lt;/select&gt;                            &lt;/div&gt;                        &lt;/div&gt;                        &lt;div class=&quot;form-group clearfix&quot;&gt;                            &lt;label class=&quot;control-label col-md-4&quot;&gt;Giá:&lt;/label&gt;                            &lt;div class=&quot;col-md-8&quot;&gt;                                &lt;select class=&quot;select2-search&quot; data-width=&quot;100%&quot; name=&quot;price_range_id&quot;&gt;                                    &lt;option value=&quot;&quot;&gt;--Chọn mức giá--&lt;/option&gt;                                                                            &lt;option selected=&quot;&quot; value=&quot;11&quot;&gt;&lt; 500 triệu&lt;/option&gt;                                                                            &lt;option value=&quot;12&quot;&gt;500 - 800 triệu&lt;/option&gt;                                                                            &lt;option value=&quot;13&quot;&gt;800 triệu - 1 tỷ&lt;/option&gt;                                                                            &lt;option value=&quot;14&quot;&gt;1 - 2 tỷ&lt;/option&gt;                                                                            &lt;option value=&quot;15&quot;&gt;2 - 3 tỷ&lt;/option&gt;                                                                            &lt;option value=&quot;16&quot;&gt;3 - 5 tỷ&lt;/option&gt;                                                                            &lt;option value=&quot;17&quot;&gt;5 - 7 tỷ&lt;/option&gt;                                                                            &lt;option value=&quot;18&quot;&gt;7 - 10 tỷ&lt;/option&gt;                                                                            &lt;option value=&quot;19&quot;&gt;10 - 20 tỷ&lt;/option&gt;                                                                            &lt;option value=&quot;20&quot;&gt;20 - 30 tỷ&lt;/option&gt;                                                                            &lt;option value=&quot;21&quot;&gt;&gt; 30 tỷ&lt;/option&gt;                                                                    &lt;/select&gt;                            &lt;/div&gt;                        &lt;/div&gt;                        &lt;div class=&quot;form-group clearfix&quot;&gt;                            &lt;label class=&quot;control-label col-md-4&quot;&gt;Phường/ Xã:&lt;/label&gt;                            &lt;div class=&quot;col-md-8&quot;&gt;                                &lt;select class=&quot;select2-search select-ward&quot; data-width=&quot;100%&quot; name=&quot;ward_id&quot;&gt;                                    &lt;option value=&quot;&quot;&gt;--Chọn Phường/Xã--&lt;/option&gt;                                                                            &lt;option value=&quot;1632&quot;&gt;Phường Vĩnh Hải&lt;/option&gt;                                                                            &lt;option value=&quot;1633&quot;&gt;Phường Vĩnh Phước&lt;/option&gt;                                                                            &lt;option value=&quot;1634&quot;&gt;Phường Vĩnh Thọ&lt;/option&gt;                                                                            &lt;option value=&quot;1635&quot;&gt;Phường Xương Huân&lt;/option&gt;                                                                            &lt;option value=&quot;1636&quot;&gt;Phường Vạn Thắng&lt;/option&gt;                                                                            &lt;option value=&quot;1637&quot;&gt;Phường Vạn Thạnh&lt;/option&gt;                                                                            &lt;option value=&quot;1640&quot;&gt;Phường Phương Sài&lt;/option&gt;                                                                            &lt;option value=&quot;1645&quot;&gt;Phường Phương Sơn&lt;/option&gt;                                                                            &lt;option value=&quot;1647&quot;&gt;Phường Ngọc Hiệp&lt;/option&gt;                                                                            &lt;option value=&quot;1648&quot;&gt;Phường Phước Hòa&lt;/option&gt;                                                                            &lt;option value=&quot;1649&quot;&gt;Phường Phước Tân&lt;/option&gt;                                                                            &lt;option value=&quot;1650&quot;&gt;Phường Phước Tiến&lt;/option&gt;                                                                            &lt;option value=&quot;1651&quot;&gt;Phường Phước Hải&lt;/option&gt;                                                                            &lt;option value=&quot;1655&quot;&gt;Phường Lộc Thọ&lt;/option&gt;                                                                            &lt;option value=&quot;1660&quot;&gt;Phường Tân Lập&lt;/option&gt;                                                                            &lt;option value=&quot;1666&quot;&gt;Phường Vĩnh Nguyên&lt;/option&gt;                                                                            &lt;option value=&quot;1669&quot;&gt;Phường Vĩnh Trường&lt;/option&gt;                                                                            &lt;option value=&quot;1675&quot;&gt;Phường Phước Long&lt;/option&gt;                                                                            &lt;option selected=&quot;&quot; value=&quot;1678&quot;&gt;Phường Vĩnh Hòa&lt;/option&gt;                                                                            &lt;option value=&quot;1683&quot;&gt;Xã Vĩnh Phương&lt;/option&gt;                                                                            &lt;option value=&quot;1685&quot;&gt;Xã Vĩnh Trung&lt;/option&gt;                                                                            &lt;option value=&quot;1686&quot;&gt;Xã Vĩnh Thạnh&lt;/option&gt;                                                                            &lt;option value=&quot;1687&quot;&gt;Xã Vĩnh Thái&lt;/option&gt;                                                                            &lt;option value=&quot;1688&quot;&gt;Xã Vĩnh Hiệp&lt;/option&gt;                                                                            &lt;option value=&quot;1689&quot;&gt;Xã Vĩnh Ngọc&lt;/option&gt;                                                                            &lt;option value=&quot;1690&quot;&gt;Xã Vĩnh Lương&lt;/option&gt;                                                                            &lt;option value=&quot;1691&quot;&gt;Xã Phước Đồng&lt;/option&gt;                                                                    &lt;/select&gt;                            &lt;/div&gt;                        &lt;/div&gt;                        &lt;div class=&quot;form-group clearfix&quot;&gt;                            &lt;label class=&quot;control-label col-md-4&quot;&gt;Đường/Phố:&lt;/label&gt;                            &lt;div class=&quot;col-md-8&quot;&gt;                                &lt;select class=&quot;select2-search select-street&quot; data-width=&quot;100%&quot; name=&quot;street_id&quot;&gt;                                    &lt;option value=&quot;&quot;&gt;--Chọn Đường/Phố--&lt;/option&gt;                                                                            &lt;option value=&quot;3789&quot;&gt;1&lt;/option&gt;                                                                            &lt;option value=&quot;3780&quot;&gt;10&lt;/option&gt;                                                                            &lt;option value=&quot;1998&quot;&gt;11&lt;/option&gt;                                                                            &lt;option value=&quot;1999&quot;&gt;12&lt;/option&gt;                                                                            &lt;option value=&quot;4781&quot;&gt;13&lt;/option&gt;                                                                            &lt;option value=&quot;2001&quot;&gt;14&lt;/option&gt;                                                                            &lt;option value=&quot;5780&quot;&gt;14A&lt;/option&gt;                                                                            &lt;option value=&quot;2002&quot;&gt;15&lt;/option&gt;                                                                            &lt;option value=&quot;2850&quot;&gt;17&lt;/option&gt;                                                                            &lt;option value=&quot;2852&quot;&gt;18A&lt;/option&gt;                                                                            &lt;option value=&quot;5707&quot;&gt;19&lt;/option&gt;                                                                            &lt;option value=&quot;2171&quot;&gt;19/5&lt;/option&gt;                                                                            &lt;option value=&quot;7755&quot;&gt;1A&lt;/option&gt;                                                                            &lt;option value=&quot;7702&quot;&gt;1B&lt;/option&gt;                                                                            &lt;option value=&quot;3788&quot;&gt;2&lt;/option&gt;                                                                            &lt;option value=&quot;2388&quot;&gt;2/4&lt;/option&gt;                                                                            &lt;option value=&quot;3631&quot;&gt;21&lt;/option&gt;                                                                            &lt;option value=&quot;2773&quot;&gt;22&lt;/option&gt;                                                                            &lt;option value=&quot;709&quot;&gt;23&lt;/option&gt;                                                                            &lt;option value=&quot;6540&quot;&gt;23/10&lt;/option&gt;                                                                            &lt;option value=&quot;2354&quot;&gt;26&lt;/option&gt;                                                                            &lt;option value=&quot;4766&quot;&gt;27&lt;/option&gt;                                                                            &lt;option value=&quot;2165&quot;&gt;28&lt;/option&gt;                                                                            &lt;option value=&quot;12723&quot;&gt;28B&lt;/option&gt;                                                                            &lt;option value=&quot;2166&quot;&gt;29&lt;/option&gt;                                                                            &lt;option value=&quot;4361&quot;&gt;2A&lt;/option&gt;                                                                            &lt;option value=&quot;10382&quot;&gt;2B&lt;/option&gt;                                                                            &lt;option value=&quot;8373&quot;&gt;2D&lt;/option&gt;                                                                            &lt;option value=&quot;689&quot;&gt;3&lt;/option&gt;                                                                            &lt;option value=&quot;4196&quot;&gt;30&lt;/option&gt;                                                                            &lt;option value=&quot;12050&quot;&gt;30A&lt;/option&gt;                                                                            &lt;option value=&quot;4265&quot;&gt;33&lt;/option&gt;                                                                            &lt;option value=&quot;2876&quot;&gt;34&lt;/option&gt;                                                                            &lt;option value=&quot;4413&quot;&gt;3A&lt;/option&gt;                                                                            &lt;option value=&quot;8458&quot;&gt;3B&lt;/option&gt;                                                                            &lt;option value=&quot;1990&quot;&gt;4&lt;/option&gt;                                                                            &lt;option value=&quot;2889&quot;&gt;45&lt;/option&gt;                                                                            &lt;option value=&quot;2263&quot;&gt;47&lt;/option&gt;                                                                            &lt;option value=&quot;2450&quot;&gt;4B&lt;/option&gt;                                                                            &lt;option value=&quot;9793&quot;&gt;4C&lt;/option&gt;                                                                            &lt;option value=&quot;10829&quot;&gt;4D&lt;/option&gt;                                                                            &lt;option value=&quot;3786&quot;&gt;5&lt;/option&gt;                                                                            &lt;option value=&quot;6591&quot;&gt;50&lt;/option&gt;                                                                            &lt;option value=&quot;4359&quot;&gt;5A&lt;/option&gt;                                                                            &lt;option value=&quot;7222&quot;&gt;5B&lt;/option&gt;                                                                            &lt;option value=&quot;7037&quot;&gt;5C&lt;/option&gt;                                                                            &lt;option value=&quot;7104&quot;&gt;5D&lt;/option&gt;                                                                            &lt;option value=&quot;8779&quot;&gt;5E&lt;/option&gt;                                                                            &lt;option value=&quot;2840&quot;&gt;6&lt;/option&gt;                                                                            &lt;option value=&quot;2916&quot;&gt;66&lt;/option&gt;                                                                            &lt;option value=&quot;2451&quot;&gt;6A&lt;/option&gt;                                                                            &lt;option value=&quot;7185&quot;&gt;6C&lt;/option&gt;                                                                            &lt;option value=&quot;1994&quot;&gt;7&lt;/option&gt;                                                                            &lt;option value=&quot;2378&quot;&gt;7B&lt;/option&gt;                                                                            &lt;option value=&quot;2841&quot;&gt;8&lt;/option&gt;                                                                            &lt;option value=&quot;8321&quot;&gt;8A&lt;/option&gt;                                                                            &lt;option value=&quot;6952&quot;&gt;8C&lt;/option&gt;                                                                            &lt;option value=&quot;10590&quot;&gt;8D&lt;/option&gt;                                                                            &lt;option value=&quot;9829&quot;&gt;8E&lt;/option&gt;                                                                            &lt;option value=&quot;2842&quot;&gt;9&lt;/option&gt;                                                                            &lt;option value=&quot;5844&quot;&gt;9A&lt;/option&gt;                                                                            &lt;option value=&quot;2768&quot;&gt;A1&lt;/option&gt;                                                                            &lt;option value=&quot;2769&quot;&gt;A2&lt;/option&gt;                                                                            &lt;option value=&quot;2770&quot;&gt;A3&lt;/option&gt;                                                                            &lt;option value=&quot;12531&quot;&gt;A3A&lt;/option&gt;                                                                            &lt;option value=&quot;2771&quot;&gt;A4&lt;/option&gt;                                                                            &lt;option value=&quot;2772&quot;&gt;A5&lt;/option&gt;                                                                            &lt;option value=&quot;8984&quot;&gt;A6&lt;/option&gt;                                                                            &lt;option value=&quot;6000&quot;&gt;An Dương Vương&lt;/option&gt;                                                                            &lt;option value=&quot;6599&quot;&gt;An Phú Đông 27&lt;/option&gt;                                                                            &lt;option value=&quot;7179&quot;&gt;An Viên&lt;/option&gt;                                                                            &lt;option value=&quot;778&quot;&gt;Âu Cơ&lt;/option&gt;                                                                            &lt;option value=&quot;3801&quot;&gt;B1&lt;/option&gt;                                                                            &lt;option value=&quot;3145&quot;&gt;B2&lt;/option&gt;                                                                            &lt;option value=&quot;3146&quot;&gt;B3&lt;/option&gt;                                                                            &lt;option value=&quot;3147&quot;&gt;B4&lt;/option&gt;                                                                            &lt;option value=&quot;3148&quot;&gt;B5&lt;/option&gt;                                                                            &lt;option value=&quot;13290&quot;&gt;B5-22&lt;/option&gt;                                                                            &lt;option value=&quot;3149&quot;&gt;B6&lt;/option&gt;                                                                            &lt;option value=&quot;3150&quot;&gt;B7&lt;/option&gt;                                                                            &lt;option value=&quot;9761&quot;&gt;B8&lt;/option&gt;                                                                            &lt;option value=&quot;2466&quot;&gt;Ba Làng&lt;/option&gt;                                                                            &lt;option value=&quot;179&quot;&gt;Bà Triệu&lt;/option&gt;                                                                            &lt;option value=&quot;801&quot;&gt;Bắc Sơn&lt;/option&gt;                                                                            &lt;option value=&quot;527&quot;&gt;Bạch Đằng&lt;/option&gt;                                                                            &lt;option value=&quot;7517&quot;&gt;Bạch Thái Bưởi&lt;/option&gt;                                                                            &lt;option value=&quot;8333&quot;&gt;Bãi Dương&lt;/option&gt;                                                                            &lt;option value=&quot;1659&quot;&gt;Bế Văn Đàn&lt;/option&gt;                                                                            &lt;option value=&quot;7235&quot;&gt;Bến Cá&lt;/option&gt;                                                                            &lt;option value=&quot;6776&quot;&gt;Biệt Thự&lt;/option&gt;                                                                            &lt;option value=&quot;7876&quot;&gt;Biểu Đóa&lt;/option&gt;                                                                            &lt;option value=&quot;7339&quot;&gt;Bình Can&lt;/option&gt;                                                                            &lt;option value=&quot;10934&quot;&gt;Bình Hoà&lt;/option&gt;                                                                            &lt;option value=&quot;8553&quot;&gt;Bình Khê&lt;/option&gt;                                                                            &lt;option value=&quot;9119&quot;&gt;Bờ Đắp&lt;/option&gt;                                                                            &lt;option value=&quot;2392&quot;&gt;Bờ Kè&lt;/option&gt;                                                                            &lt;option value=&quot;1267&quot;&gt;Bùi Huy Bích&lt;/option&gt;                                                                            &lt;option value=&quot;484&quot;&gt;Bùi Thị Xuân&lt;/option&gt;                                                                            &lt;option value=&quot;1955&quot;&gt;Bùi Xuân Phái&lt;/option&gt;                                                                            &lt;option value=&quot;2449&quot;&gt;Bữu Đóa&lt;/option&gt;                                                                            &lt;option value=&quot;3071&quot;&gt;C1&lt;/option&gt;                                                                            &lt;option value=&quot;3072&quot;&gt;C2&lt;/option&gt;                                                                            &lt;option value=&quot;3073&quot;&gt;C3&lt;/option&gt;                                                                            &lt;option value=&quot;3219&quot;&gt;C4&lt;/option&gt;                                                                            &lt;option value=&quot;10255&quot;&gt;C5&lt;/option&gt;                                                                            &lt;option value=&quot;3217&quot;&gt;C8&lt;/option&gt;                                                                            &lt;option value=&quot;845&quot;&gt;Cao Bá Quát&lt;/option&gt;                                                                            &lt;option value=&quot;346&quot;&gt;Cao Thắng&lt;/option&gt;                                                                            &lt;option value=&quot;2480&quot;&gt;Cao Văn Bé&lt;/option&gt;                                                                            &lt;option value=&quot;7343&quot;&gt;Cầu Bè&lt;/option&gt;                                                                            &lt;option value=&quot;8179&quot;&gt;Cầu Dứa&lt;/option&gt;                                                                            &lt;option value=&quot;9720&quot;&gt;Cầu Dứa - Phú Nông&lt;/option&gt;                                                                            &lt;option value=&quot;7234&quot;&gt;Cầu Hộ&lt;/option&gt;                                                                            &lt;option value=&quot;6624&quot;&gt;Cầu Lùng&lt;/option&gt;                                                                            &lt;option value=&quot;2499&quot;&gt;Cầu Xóm Bông&lt;/option&gt;                                                                            &lt;option value=&quot;8118&quot;&gt;Cây Gáo&lt;/option&gt;                                                                            &lt;option value=&quot;1646&quot;&gt;Châu Văn Liêm&lt;/option&gt;                                                                            &lt;option value=&quot;1531&quot;&gt;Chế Lan Viên&lt;/option&gt;                                                                            &lt;option value=&quot;2208&quot;&gt;Chi Lăng&lt;/option&gt;                                                                            &lt;option value=&quot;2441&quot;&gt;Chí Linh&lt;/option&gt;                                                                            &lt;option value=&quot;2013&quot;&gt;Cô Bắc&lt;/option&gt;                                                                            &lt;option value=&quot;705&quot;&gt;Cổ Loa&lt;/option&gt;                                                                            &lt;option value=&quot;5695&quot;&gt;Củ Chi&lt;/option&gt;                                                                            &lt;option value=&quot;320&quot;&gt;Cù Chính Lan&lt;/option&gt;                                                                            &lt;option value=&quot;10463&quot;&gt;Cù Lao Hạ&lt;/option&gt;                                                                            &lt;option value=&quot;6579&quot;&gt;Cù Lao Thượng&lt;/option&gt;                                                                            &lt;option value=&quot;10264&quot;&gt;Cù Lao Trung&lt;/option&gt;                                                                            &lt;option value=&quot;1081&quot;&gt;Cửu Long&lt;/option&gt;                                                                            &lt;option value=&quot;6542&quot;&gt;Cửu Việt 2&lt;/option&gt;                                                                            &lt;option value=&quot;1985&quot;&gt;D1&lt;/option&gt;                                                                            &lt;option value=&quot;6582&quot;&gt;D15&lt;/option&gt;                                                                            &lt;option value=&quot;4601&quot;&gt;D2&lt;/option&gt;                                                                            &lt;option value=&quot;4602&quot;&gt;D3&lt;/option&gt;                                                                            &lt;option value=&quot;98&quot;&gt;Dã Tượng&lt;/option&gt;                                                                            &lt;option value=&quot;7225&quot;&gt;Diên Sơn B&lt;/option&gt;                                                                            &lt;option value=&quot;2464&quot;&gt;Dương Ham&lt;/option&gt;                                                                            &lt;option value=&quot;6714&quot;&gt;Dương Hiến Quyền&lt;/option&gt;                                                                            &lt;option value=&quot;2031&quot;&gt;Dương Văn An&lt;/option&gt;                                                                            &lt;option value=&quot;2032&quot;&gt;Dương Vân Nga&lt;/option&gt;                                                                            &lt;option value=&quot;9210&quot;&gt;Đắc Lộc&lt;/option&gt;                                                                            &lt;option value=&quot;11009&quot;&gt;Đắc Phú&lt;/option&gt;                                                                            &lt;option value=&quot;798&quot;&gt;Đặng Dung&lt;/option&gt;                                                                            &lt;option value=&quot;2071&quot;&gt;Đặng Huy Trứ&lt;/option&gt;                                                                            &lt;option value=&quot;2471&quot;&gt;Đặng Lộ&lt;/option&gt;                                                                            &lt;option value=&quot;2072&quot;&gt;Đặng Minh Khiêm&lt;/option&gt;                                                                            &lt;option value=&quot;2073&quot;&gt;Đặng Nguyên Cẩn&lt;/option&gt;                                                                            &lt;option value=&quot;91&quot;&gt;Đặng Tất&lt;/option&gt;                                                                            &lt;option value=&quot;782&quot;&gt;Đặng Thai Mai&lt;/option&gt;                                                                            &lt;option value=&quot;172&quot;&gt;Đặng Thái Thân&lt;/option&gt;                                                                            &lt;option value=&quot;402&quot;&gt;Đào Duy Anh&lt;/option&gt;                                                                            &lt;option value=&quot;1096&quot;&gt;Đào Duy Từ&lt;/option&gt;                                                                            &lt;option value=&quot;10025&quot;&gt;Đào Văn Tiến&lt;/option&gt;                                                                            &lt;option value=&quot;9375&quot;&gt;Đất Lành&lt;/option&gt;                                                                            &lt;option value=&quot;7687&quot;&gt;Đệ&lt;/option&gt;                                                                            &lt;option value=&quot;11057&quot;&gt;Đề Pô&lt;/option&gt;                                                                            &lt;option value=&quot;10379&quot;&gt;Đèo Rù Rì&lt;/option&gt;                                                                            &lt;option value=&quot;256&quot;&gt;Điện Biên Phủ&lt;/option&gt;                                                                            &lt;option value=&quot;2447&quot;&gt;Định Cư&lt;/option&gt;                                                                            &lt;option value=&quot;171&quot;&gt;Đinh Lễ&lt;/option&gt;                                                                            &lt;option value=&quot;186&quot;&gt;Đinh Liệt&lt;/option&gt;                                                                            &lt;option value=&quot;66&quot;&gt;Đinh Tiên Hoàng&lt;/option&gt;                                                                            &lt;option value=&quot;7580&quot;&gt;Đình Vĩnh Xuân&lt;/option&gt;                                                                            &lt;option value=&quot;7458&quot;&gt;Đô Đốc Tuyết&lt;/option&gt;                                                                            &lt;option value=&quot;2591&quot;&gt;Đô Lương&lt;/option&gt;                                                                            &lt;option value=&quot;439&quot;&gt;Đoàn Thị Điểm&lt;/option&gt;                                                                            &lt;option value=&quot;487&quot;&gt;Đoàn Trần Nghiệp&lt;/option&gt;                                                                            &lt;option value=&quot;72&quot;&gt;Đội Cấn&lt;/option&gt;                                                                            &lt;option value=&quot;1652&quot;&gt;Đống Đa&lt;/option&gt;                                                                            &lt;option value=&quot;1239&quot;&gt;Đông Hồ&lt;/option&gt;                                                                            &lt;option value=&quot;6598&quot;&gt;Đông Hưng Thuận 6&lt;/option&gt;                                                                            &lt;option value=&quot;8547&quot;&gt;Đông Mương&lt;/option&gt;                                                                            &lt;option value=&quot;1156&quot;&gt;Đồng Nai&lt;/option&gt;                                                                            &lt;option value=&quot;6641&quot;&gt;Đông Phước&lt;/option&gt;                                                                            &lt;option value=&quot;6581&quot;&gt;ĐT 741&lt;/option&gt;                                                                            &lt;option value=&quot;6580&quot;&gt;ĐT 747&lt;/option&gt;                                                                            &lt;option value=&quot;2374&quot;&gt;Đường Đệ&lt;/option&gt;                                                                            &lt;option value=&quot;10537&quot;&gt;F&lt;/option&gt;                                                                            &lt;option value=&quot;11214&quot;&gt;F3&lt;/option&gt;                                                                            &lt;option value=&quot;4982&quot;&gt;Gò Cây Sung&lt;/option&gt;                                                                            &lt;option value=&quot;8812&quot;&gt;Gò Đập&lt;/option&gt;                                                                            &lt;option value=&quot;755&quot;&gt;Hà Huy Tập&lt;/option&gt;                                                                            &lt;option value=&quot;2401&quot;&gt;Hà Ra&lt;/option&gt;                                                                            &lt;option value=&quot;6519&quot;&gt;Hà Thanh&lt;/option&gt;                                                                            &lt;option value=&quot;102&quot;&gt;Hai Bà Trưng&lt;/option&gt;                                                                            &lt;option value=&quot;5953&quot;&gt;Hải Đức&lt;/option&gt;                                                                            &lt;option value=&quot;12560&quot;&gt;Hải Nam&lt;/option&gt;                                                                            &lt;option value=&quot;6592&quot;&gt;Hàn Giang&lt;/option&gt;                                                                            &lt;option value=&quot;939&quot;&gt;Hàn Thuyên&lt;/option&gt;                                                                            &lt;option value=&quot;191&quot;&gt;Hàng Cá&lt;/option&gt;                                                                            &lt;option value=&quot;2444&quot;&gt;Hát Giang&lt;/option&gt;                                                                            &lt;option value=&quot;5574&quot;&gt;Hậu Giang&lt;/option&gt;                                                                            &lt;option value=&quot;6604&quot;&gt;Hậu Lân&lt;/option&gt;                                                                            &lt;option value=&quot;6606&quot;&gt;Hiệp Thành 13&lt;/option&gt;                                                                            &lt;option value=&quot;2385&quot;&gt;Hồ Sĩ Dương&lt;/option&gt;                                                                            &lt;option value=&quot;626&quot;&gt;Hồ Tùng Mậu&lt;/option&gt;                                                                            &lt;option value=&quot;522&quot;&gt;Hồ Xuân Hương&lt;/option&gt;                                                                            &lt;option value=&quot;533&quot;&gt;Hoa Lư&lt;/option&gt;                                                                            &lt;option value=&quot;7811&quot;&gt;Hòa Trung&lt;/option&gt;                                                                            &lt;option value=&quot;9137&quot;&gt;Hoàn Kiếm&lt;/option&gt;                                                                            &lt;option value=&quot;360&quot;&gt;Hoàng Diệu&lt;/option&gt;                                                                            &lt;option value=&quot;792&quot;&gt;Hoàng Hoa Thám&lt;/option&gt;                                                                            &lt;option value=&quot;1588&quot;&gt;Hoàng Minh Thảo&lt;/option&gt;                                                                            &lt;option value=&quot;938&quot;&gt;Hoàng Sa&lt;/option&gt;                                                                            &lt;option value=&quot;6035&quot;&gt;Hoàng Tăng Bí&lt;/option&gt;                                                                            &lt;option value=&quot;300&quot;&gt;Hoàng Văn Thái&lt;/option&gt;                                                                            &lt;option value=&quot;337&quot;&gt;Hoàng Văn Thụ&lt;/option&gt;                                                                            &lt;option value=&quot;2477&quot;&gt;Hòn Chồng&lt;/option&gt;                                                                            &lt;option value=&quot;7875&quot;&gt;Hòn Dung&lt;/option&gt;                                                                            &lt;option value=&quot;6657&quot;&gt;Hòn Nghê&lt;/option&gt;                                                                            &lt;option value=&quot;6230&quot;&gt;Hòn Rớ&lt;/option&gt;                                                                            &lt;option value=&quot;11300&quot;&gt;Hòn Sưng&lt;/option&gt;                                                                            &lt;option value=&quot;7338&quot;&gt;Hòn Xện&lt;/option&gt;                                                                            &lt;option value=&quot;1053&quot;&gt;Hồng Bàng&lt;/option&gt;                                                                            &lt;option value=&quot;1099&quot;&gt;Hồng Lĩnh&lt;/option&gt;                                                                            &lt;option value=&quot;610&quot;&gt;Hùng Vương&lt;/option&gt;                                                                            &lt;option value=&quot;6874&quot;&gt;Hương Điền&lt;/option&gt;                                                                            &lt;option value=&quot;1083&quot;&gt;Hương Giang&lt;/option&gt;                                                                            &lt;option value=&quot;1345&quot;&gt;Hương Lộ&lt;/option&gt;                                                                            &lt;option value=&quot;7627&quot;&gt;Hương lộ 45&lt;/option&gt;                                                                            &lt;option value=&quot;8316&quot;&gt;Hương Lộ Ngọc Hiệp&lt;/option&gt;                                                                            &lt;option value=&quot;9146&quot;&gt;Hương Lộ Ngọc Sơn&lt;/option&gt;                                                                            &lt;option value=&quot;1814&quot;&gt;Hương Sơn&lt;/option&gt;                                                                            &lt;option value=&quot;3010&quot;&gt;Huỳnh Tấn Phát&lt;/option&gt;                                                                            &lt;option value=&quot;78&quot;&gt;Huỳnh Thúc Kháng&lt;/option&gt;                                                                            &lt;option value=&quot;8973&quot;&gt;Huỳnh Tịnh&lt;/option&gt;                                                                            &lt;option value=&quot;1603&quot;&gt;Huỳnh Tịnh Của&lt;/option&gt;                                                                            &lt;option value=&quot;1808&quot;&gt;Huỳnh Văn Nghệ&lt;/option&gt;                                                                            &lt;option value=&quot;11479&quot;&gt;K10&lt;/option&gt;                                                                            &lt;option value=&quot;6422&quot;&gt;Khe Sanh&lt;/option&gt;                                                                            &lt;option value=&quot;6545&quot;&gt;Khiêu Năng Tĩnh&lt;/option&gt;                                                                            &lt;option value=&quot;6547&quot;&gt;Khiếu Năng Tĩnh&lt;/option&gt;                                                                            &lt;option value=&quot;6583&quot;&gt;Khởi Nghĩa Bắc Sơn&lt;/option&gt;                                                                            &lt;option value=&quot;1571&quot;&gt;Khúc Thừa Dụ&lt;/option&gt;                                                                            &lt;option value=&quot;3096&quot;&gt;Kiến Thiết&lt;/option&gt;                                                                            &lt;option value=&quot;6927&quot;&gt;Lạc An&lt;/option&gt;                                                                            &lt;option value=&quot;621&quot;&gt;Lạc Long Quân&lt;/option&gt;                                                                            &lt;option value=&quot;2390&quot;&gt;Lạc Thiện&lt;/option&gt;                                                                            &lt;option value=&quot;1600&quot;&gt;Lam Sơn&lt;/option&gt;                                                                            &lt;option value=&quot;201&quot;&gt;Lãn Ông&lt;/option&gt;                                                                            &lt;option value=&quot;6228&quot;&gt;Lang Liêu&lt;/option&gt;                                                                            &lt;option value=&quot;3359&quot;&gt;Lê Chân&lt;/option&gt;                                                                            &lt;option value=&quot;9447&quot;&gt;Lê Công Hạnh&lt;/option&gt;                                                                            &lt;option value=&quot;6551&quot;&gt;Lê Công Miễn&lt;/option&gt;                                                                            &lt;option value=&quot;1055&quot;&gt;Lê Đại Hành&lt;/option&gt;                                                                            &lt;option value=&quot;361&quot;&gt;Lê Hồng Phong&lt;/option&gt;                                                                            &lt;option value=&quot;115&quot;&gt;Lê Lai&lt;/option&gt;                                                                            &lt;option value=&quot;338&quot;&gt;Lê Lợi&lt;/option&gt;                                                                            &lt;option value=&quot;2461&quot;&gt;Lê Nghị&lt;/option&gt;                                                                            &lt;option value=&quot;348&quot;&gt;Lê Quý Đôn&lt;/option&gt;                                                                            &lt;option value=&quot;535&quot;&gt;Lê Thanh Nghị&lt;/option&gt;                                                                            &lt;option value=&quot;3605&quot;&gt;Lê Thành Phương&lt;/option&gt;                                                                            &lt;option value=&quot;895&quot;&gt;Lê Thánh Tôn&lt;/option&gt;                                                                            &lt;option value=&quot;2272&quot;&gt;Lê Văn Huân&lt;/option&gt;                                                                            &lt;option value=&quot;4039&quot;&gt;Lê Văn Miến&lt;/option&gt;                                                                            &lt;option value=&quot;7190&quot;&gt;Lê Văn Tám&lt;/option&gt;                                                                            &lt;option value=&quot;1479&quot;&gt;Lê Văn Tâm&lt;/option&gt;                                                                            &lt;option value=&quot;7801&quot;&gt;Liên Hoa&lt;/option&gt;                                                                            &lt;option value=&quot;8362&quot;&gt;Liên Xã&lt;/option&gt;                                                                            &lt;option value=&quot;6602&quot;&gt;Lộc Hòa&lt;/option&gt;                                                                            &lt;option value=&quot;8990&quot;&gt;Lư Cấm&lt;/option&gt;                                                                            &lt;option value=&quot;8836&quot;&gt;Lư Giang&lt;/option&gt;                                                                            &lt;option value=&quot;5292&quot;&gt;Lương Đắc Bằng&lt;/option&gt;                                                                            &lt;option value=&quot;396&quot;&gt;Lương Định Của&lt;/option&gt;                                                                            &lt;option value=&quot;204&quot;&gt;Lương Ngọc Quyến&lt;/option&gt;                                                                            &lt;option value=&quot;1154&quot;&gt;Lương Nhữ Học&lt;/option&gt;                                                                            &lt;option value=&quot;11731&quot;&gt;Lương Sơn&lt;/option&gt;                                                                            &lt;option value=&quot;88&quot;&gt;Lương Thế Vinh&lt;/option&gt;                                                                            &lt;option value=&quot;339&quot;&gt;Lương Văn Can&lt;/option&gt;                                                                            &lt;option value=&quot;1284&quot;&gt;Lưu Hữu Phước&lt;/option&gt;                                                                            &lt;option value=&quot;152&quot;&gt;Lý Nam Đế&lt;/option&gt;                                                                            &lt;option value=&quot;6609&quot;&gt;Lý Ông Trọng&lt;/option&gt;                                                                            &lt;option value=&quot;4262&quot;&gt;Lý Phục Man&lt;/option&gt;                                                                            &lt;option value=&quot;205&quot;&gt;Lý Quốc Sư&lt;/option&gt;                                                                            &lt;option value=&quot;237&quot;&gt;Lý Thái Tổ&lt;/option&gt;                                                                            &lt;option value=&quot;7173&quot;&gt;Lý Thánh Tôn&lt;/option&gt;                                                                            &lt;option value=&quot;1449&quot;&gt;Lý Thánh Tông&lt;/option&gt;                                                                            &lt;option value=&quot;119&quot;&gt;Lý Thường Kiệt&lt;/option&gt;                                                                            &lt;option value=&quot;362&quot;&gt;Lý Tự Trọng&lt;/option&gt;                                                                            &lt;option value=&quot;933&quot;&gt;Mạc Đĩnh Chi&lt;/option&gt;                                                                            &lt;option value=&quot;3135&quot;&gt;Mai An Tiêm&lt;/option&gt;                                                                            &lt;option value=&quot;4022&quot;&gt;Mai Lão Bạng&lt;/option&gt;                                                                            &lt;option value=&quot;13282&quot;&gt;Mai Thị Dõng&lt;/option&gt;                                                                            &lt;option value=&quot;787&quot;&gt;Mai Xuân Thưởng&lt;/option&gt;                                                                            &lt;option value=&quot;7710&quot;&gt;Máy Nước&lt;/option&gt;                                                                            &lt;option value=&quot;4618&quot;&gt;Mê Linh&lt;/option&gt;                                                                            &lt;option value=&quot;7341&quot;&gt;Miếu Bà&lt;/option&gt;                                                                            &lt;option value=&quot;6596&quot;&gt;Mương Khai&lt;/option&gt;                                                                            &lt;option value=&quot;3599&quot;&gt;N1&lt;/option&gt;                                                                            &lt;option value=&quot;6642&quot;&gt;Ngô Đến&lt;/option&gt;                                                                            &lt;option value=&quot;977&quot;&gt;Ngô Đức Kế&lt;/option&gt;                                                                            &lt;option value=&quot;276&quot;&gt;Ngô Gia Khảm&lt;/option&gt;                                                                            &lt;option value=&quot;285&quot;&gt;Ngô Gia Tự&lt;/option&gt;                                                                            &lt;option value=&quot;8546&quot;&gt;Ngô Lan Chi&lt;/option&gt;                                                                            &lt;option value=&quot;120&quot;&gt;Ngô Quyền&lt;/option&gt;                                                                            &lt;option value=&quot;380&quot;&gt;Ngô Sĩ Liên&lt;/option&gt;                                                                            &lt;option value=&quot;395&quot;&gt;Ngô Tất Tố&lt;/option&gt;                                                                            &lt;option value=&quot;3331&quot;&gt;Ngô Thời Nhiệm&lt;/option&gt;                                                                            &lt;option value=&quot;1738&quot;&gt;Ngô Văn Sở&lt;/option&gt;                                                                            &lt;option value=&quot;1540&quot;&gt;Ngọc Hân Công Chúa&lt;/option&gt;                                                                            &lt;option value=&quot;478&quot;&gt;Ngọc Hồi&lt;/option&gt;                                                                            &lt;option value=&quot;11538&quot;&gt;Ngọc Hội&lt;/option&gt;                                                                            &lt;option value=&quot;8543&quot;&gt;Ngọc Thảo&lt;/option&gt;                                                                            &lt;option value=&quot;9052&quot;&gt;Nguyễn An&lt;/option&gt;                                                                            &lt;option value=&quot;2718&quot;&gt;Nguyễn Bặc&lt;/option&gt;                                                                            &lt;option value=&quot;1277&quot;&gt;Nguyễn Biểu&lt;/option&gt;                                                                            &lt;option value=&quot;7699&quot;&gt;Nguyễn Biểu B1&lt;/option&gt;                                                                            &lt;option value=&quot;5700&quot;&gt;Nguyễn Biểu B2&lt;/option&gt;                                                                            &lt;option value=&quot;560&quot;&gt;Nguyễn Bỉnh Khiêm&lt;/option&gt;                                                                            &lt;option value=&quot;2653&quot;&gt;Nguyễn Bửu&lt;/option&gt;                                                                            &lt;option value=&quot;931&quot;&gt;Nguyễn Cảnh Chân&lt;/option&gt;                                                                            &lt;option value=&quot;277&quot;&gt;Nguyễn Cao Luyện&lt;/option&gt;                                                                            &lt;option value=&quot;2408&quot;&gt;Nguyễn Chánh&lt;/option&gt;                                                                            &lt;option value=&quot;3254&quot;&gt;Nguyễn Chích&lt;/option&gt;                                                                            &lt;option value=&quot;636&quot;&gt;Nguyễn Cơ Thạch&lt;/option&gt;                                                                            &lt;option value=&quot;517&quot;&gt;Nguyễn Công Trứ&lt;/option&gt;                                                                            &lt;option value=&quot;149&quot;&gt;Nguyễn Du&lt;/option&gt;                                                                            &lt;option value=&quot;6347&quot;&gt;Nguyễn Dữ&lt;/option&gt;                                                                            &lt;option value=&quot;3450&quot;&gt;Nguyễn Duy Hiệu&lt;/option&gt;                                                                            &lt;option value=&quot;4230&quot;&gt;Nguyễn Địa Lô&lt;/option&gt;                                                                            &lt;option value=&quot;537&quot;&gt;Nguyễn Đình Chiểu&lt;/option&gt;                                                                            &lt;option value=&quot;479&quot;&gt;Nguyễn Đức Cảnh&lt;/option&gt;                                                                            &lt;option value=&quot;286&quot;&gt;Nguyễn Đức Thuận&lt;/option&gt;                                                                            &lt;option value=&quot;208&quot;&gt;Nguyễn Gia Thiều&lt;/option&gt;                                                                            &lt;option value=&quot;2654&quot;&gt;Nguyễn Hiền&lt;/option&gt;                                                                            &lt;option value=&quot;8940&quot;&gt;Nguyễn Hoành&lt;/option&gt;                                                                            &lt;option value=&quot;979&quot;&gt;Nguyễn Huệ&lt;/option&gt;                                                                            &lt;option value=&quot;234&quot;&gt;Nguyễn Hữu Huân&lt;/option&gt;                                                                            &lt;option value=&quot;357&quot;&gt;Nguyễn Hữu Nghĩa&lt;/option&gt;                                                                            &lt;option value=&quot;458&quot;&gt;Nguyễn Hữu Thọ&lt;/option&gt;                                                                            &lt;option value=&quot;6603&quot;&gt;Nguyễn Huy Chương&lt;/option&gt;                                                                            &lt;option value=&quot;1476&quot;&gt;Nguyễn Khắc Viện&lt;/option&gt;                                                                            &lt;option value=&quot;6608&quot;&gt;Nguyễn Khanh&lt;/option&gt;                                                                            &lt;option value=&quot;617&quot;&gt;Nguyễn Khánh Toàn&lt;/option&gt;                                                                            &lt;option value=&quot;468&quot;&gt;Nguyễn Khoái&lt;/option&gt;                                                                            &lt;option value=&quot;381&quot;&gt;Nguyễn Khuyến&lt;/option&gt;                                                                            &lt;option value=&quot;3291&quot;&gt;Nguyễn Lộ Trạch&lt;/option&gt;                                                                            &lt;option value=&quot;2400&quot;&gt;Nguyễn Phan Vinh&lt;/option&gt;                                                                            &lt;option value=&quot;980&quot;&gt;Nguyễn Phi Khanh&lt;/option&gt;                                                                            &lt;option value=&quot;681&quot;&gt;Nguyễn Phong Sắc&lt;/option&gt;                                                                            &lt;option value=&quot;538&quot;&gt;Nguyễn Quyền&lt;/option&gt;                                                                            &lt;option value=&quot;1310&quot;&gt;Nguyễn Tất Thành&lt;/option&gt;                                                                            &lt;option value=&quot;123&quot;&gt;Nguyễn Thái Học&lt;/option&gt;                                                                            &lt;option value=&quot;3561&quot;&gt;Nguyễn Thành Phương&lt;/option&gt;                                                                            &lt;option value=&quot;304&quot;&gt;Nguyễn Thị Định&lt;/option&gt;                                                                            &lt;option value=&quot;1051&quot;&gt;Nguyễn Thị Minh Khai&lt;/option&gt;                                                                            &lt;option value=&quot;147&quot;&gt;Nguyễn Thiện Thuật&lt;/option&gt;                                                                            &lt;option value=&quot;350&quot;&gt;Nguyễn Thượng Hiền&lt;/option&gt;                                                                            &lt;option value=&quot;65&quot;&gt;Nguyễn Trãi&lt;/option&gt;                                                                            &lt;option value=&quot;1140&quot;&gt;Nguyễn Tri Phương&lt;/option&gt;                                                                            &lt;option value=&quot;725&quot;&gt;Nguyễn Trung Trực&lt;/option&gt;                                                                            &lt;option value=&quot;752&quot;&gt;Nguyễn Trường Tộ&lt;/option&gt;                                                                            &lt;option value=&quot;8981&quot;&gt;Nguyễn Văn Bảy&lt;/option&gt;                                                                            &lt;option value=&quot;87&quot;&gt;Nguyễn Văn Côn&lt;/option&gt;                                                                            &lt;option value=&quot;278&quot;&gt;Nguyễn Văn Linh&lt;/option&gt;                                                                            &lt;option value=&quot;351&quot;&gt;Nguyễn Viết Xuân&lt;/option&gt;                                                                            &lt;option value=&quot;316&quot;&gt;Nguyễn Xiển&lt;/option&gt;                                                                            &lt;option value=&quot;6777&quot;&gt;Nguyễn Xuân Hữu&lt;/option&gt;                                                                            &lt;option value=&quot;125&quot;&gt;Nhà Thờ&lt;/option&gt;                                                                            &lt;option value=&quot;7164&quot;&gt;Nhân Vị&lt;/option&gt;                                                                            &lt;option value=&quot;2443&quot;&gt;Nhật Lệ&lt;/option&gt;                                                                            &lt;option value=&quot;7224&quot;&gt;Nhật Phong&lt;/option&gt;                                                                            &lt;option value=&quot;3092&quot;&gt;Nhị Hà&lt;/option&gt;                                                                            &lt;option value=&quot;11456&quot;&gt;Núi Cấm 1&lt;/option&gt;                                                                            &lt;option value=&quot;6587&quot;&gt;Núi Một&lt;/option&gt;                                                                            &lt;option value=&quot;6969&quot;&gt;Núi Sạn&lt;/option&gt;                                                                            &lt;option value=&quot;11847&quot;&gt;NV1&lt;/option&gt;                                                                            &lt;option value=&quot;8831&quot;&gt;P1&lt;/option&gt;                                                                            &lt;option value=&quot;8907&quot;&gt;P2&lt;/option&gt;                                                                            &lt;option value=&quot;10249&quot;&gt;P3&lt;/option&gt;                                                                            &lt;option value=&quot;6684&quot;&gt;Pastuer&lt;/option&gt;                                                                            &lt;option value=&quot;751&quot;&gt;Phạm Hồng Thái&lt;/option&gt;                                                                            &lt;option value=&quot;416&quot;&gt;Phạm Ngọc Thạch&lt;/option&gt;                                                                            &lt;option value=&quot;1664&quot;&gt;Phạm Phú Thứ&lt;/option&gt;                                                                            &lt;option value=&quot;6685&quot;&gt;Phạm Thị Bất&lt;/option&gt;                                                                            &lt;option value=&quot;4060&quot;&gt;Phạm Tu&lt;/option&gt;                                                                            &lt;option value=&quot;1433&quot;&gt;Phạm Văn Đồng&lt;/option&gt;                                                                            &lt;option value=&quot;126&quot;&gt;Phan Bội Châu&lt;/option&gt;                                                                            &lt;option value=&quot;907&quot;&gt;Phan Chu Trinh&lt;/option&gt;                                                                            &lt;option value=&quot;352&quot;&gt;Phan Đình Giót&lt;/option&gt;                                                                            &lt;option value=&quot;213&quot;&gt;Phan Đình Phùng&lt;/option&gt;                                                                            &lt;option value=&quot;727&quot;&gt;Phan Huy Ích&lt;/option&gt;                                                                            &lt;option value=&quot;11709&quot;&gt;Phan Mạnh Thủy&lt;/option&gt;                                                                            &lt;option value=&quot;9277&quot;&gt;Phan Như Cẩn&lt;/option&gt;                                                                            &lt;option value=&quot;8967&quot;&gt;Phan Văn Vũ&lt;/option&gt;                                                                            &lt;option value=&quot;12636&quot;&gt;Phan Vinh&lt;/option&gt;                                                                            &lt;option value=&quot;10627&quot;&gt;Phật Học&lt;/option&gt;                                                                            &lt;option value=&quot;576&quot;&gt;Phó Đức Chính&lt;/option&gt;                                                                            &lt;option value=&quot;2446&quot;&gt;Phong Châu&lt;/option&gt;                                                                            &lt;option value=&quot;7789&quot;&gt;Phòng Không&lt;/option&gt;                                                                            &lt;option value=&quot;11985&quot;&gt;Phú Bình&lt;/option&gt;                                                                            &lt;option value=&quot;3082&quot;&gt;Phù Đổng&lt;/option&gt;                                                                            &lt;option value=&quot;6134&quot;&gt;Phú Đức&lt;/option&gt;                                                                            &lt;option value=&quot;6774&quot;&gt;Phú Nông&lt;/option&gt;                                                                            &lt;option value=&quot;6588&quot;&gt;Phú Trung&lt;/option&gt;                                                                            &lt;option value=&quot;6627&quot;&gt;Phú Xương&lt;/option&gt;                                                                            &lt;option value=&quot;12466&quot;&gt;Phúc Sơn&lt;/option&gt;                                                                            &lt;option value=&quot;128&quot;&gt;Phùng Hưng&lt;/option&gt;                                                                            &lt;option value=&quot;497&quot;&gt;Phùng Khắc Khoan&lt;/option&gt;                                                                            &lt;option value=&quot;2445&quot;&gt;Phước Hải&lt;/option&gt;                                                                            &lt;option value=&quot;6701&quot;&gt;Phước Huệ&lt;/option&gt;                                                                            &lt;option value=&quot;2453&quot;&gt;Phước Long&lt;/option&gt;                                                                            &lt;option value=&quot;5467&quot;&gt;Phước Tân&lt;/option&gt;                                                                            &lt;option value=&quot;8436&quot;&gt;Phước Tường&lt;/option&gt;                                                                            &lt;option value=&quot;7203&quot;&gt;Phương Câu&lt;/option&gt;                                                                            &lt;option value=&quot;2491&quot;&gt;Phương Ma&lt;/option&gt;                                                                            &lt;option value=&quot;430&quot;&gt;Phương Mai&lt;/option&gt;                                                                            &lt;option value=&quot;2442&quot;&gt;Phương Sài&lt;/option&gt;                                                                            &lt;option value=&quot;11383&quot;&gt;Quân Trấn&lt;/option&gt;                                                                            &lt;option value=&quot;2460&quot;&gt;Quang Dục&lt;/option&gt;                                                                            &lt;option value=&quot;8282&quot;&gt;Quảng Đức&lt;/option&gt;                                                                            &lt;option value=&quot;366&quot;&gt;Quang Trung&lt;/option&gt;                                                                            &lt;option value=&quot;7834&quot;&gt;Quốc Lộ 1&lt;/option&gt;                                                                            &lt;option value=&quot;7674&quot;&gt;Quốc lộ 14&lt;/option&gt;                                                                            &lt;option value=&quot;2092&quot;&gt;Quốc lộ 1A&lt;/option&gt;                                                                            &lt;option value=&quot;2358&quot;&gt;Quốc lộ 1C&lt;/option&gt;                                                                            &lt;option value=&quot;6681&quot;&gt;Quốc Tuấn&lt;/option&gt;                                                                            &lt;option value=&quot;2476&quot;&gt;Sao Biển&lt;/option&gt;                                                                            &lt;option value=&quot;7807&quot;&gt;Sắt&lt;/option&gt;                                                                            &lt;option value=&quot;2402&quot;&gt;Sinh Trung&lt;/option&gt;                                                                            &lt;option value=&quot;11206&quot;&gt;Số 1&lt;/option&gt;                                                                            &lt;option value=&quot;11211&quot;&gt;Số 10&lt;/option&gt;                                                                            &lt;option value=&quot;11714&quot;&gt;Số 10B&lt;/option&gt;                                                                            &lt;option value=&quot;11209&quot;&gt;Số 11&lt;/option&gt;                                                                            &lt;option value=&quot;11205&quot;&gt;Số 12&lt;/option&gt;                                                                            &lt;option value=&quot;11240&quot;&gt;Số 13&lt;/option&gt;                                                                            &lt;option value=&quot;11227&quot;&gt;Số 14&lt;/option&gt;                                                                            &lt;option value=&quot;11270&quot;&gt;Số 14A&lt;/option&gt;                                                                            &lt;option value=&quot;11210&quot;&gt;Số 15&lt;/option&gt;                                                                            &lt;option value=&quot;11215&quot;&gt;Số 17&lt;/option&gt;                                                                            &lt;option value=&quot;11828&quot;&gt;Số 18A&lt;/option&gt;                                                                            &lt;option value=&quot;11235&quot;&gt;Số 19&lt;/option&gt;                                                                            &lt;option value=&quot;11432&quot;&gt;Số 1A&lt;/option&gt;                                                                            &lt;option value=&quot;11254&quot;&gt;Số 1B&lt;/option&gt;                                                                            &lt;option value=&quot;11223&quot;&gt;Số 2&lt;/option&gt;                                                                            &lt;option value=&quot;11221&quot;&gt;Số 20&lt;/option&gt;                                                                            &lt;option value=&quot;11228&quot;&gt;Số 22&lt;/option&gt;                                                                            &lt;option value=&quot;11279&quot;&gt;Số 25&lt;/option&gt;                                                                            &lt;option value=&quot;11262&quot;&gt;Số 26&lt;/option&gt;                                                                            &lt;option value=&quot;11237&quot;&gt;Số 28&lt;/option&gt;                                                                            &lt;option value=&quot;11304&quot;&gt;Số 29&lt;/option&gt;                                                                            &lt;option value=&quot;11247&quot;&gt;Số 2A&lt;/option&gt;                                                                            &lt;option value=&quot;11428&quot;&gt;Số 2B&lt;/option&gt;                                                                            &lt;option value=&quot;11219&quot;&gt;Số 3&lt;/option&gt;                                                                            &lt;option value=&quot;11376&quot;&gt;Số 33&lt;/option&gt;                                                                            &lt;option value=&quot;11261&quot;&gt;Số 34&lt;/option&gt;                                                                            &lt;option value=&quot;11397&quot;&gt;Số 3A&lt;/option&gt;                                                                            &lt;option value=&quot;11855&quot;&gt;Số 3B&lt;/option&gt;                                                                            &lt;option value=&quot;11232&quot;&gt;Số 4&lt;/option&gt;                                                                            &lt;option value=&quot;11418&quot;&gt;Số 4A&lt;/option&gt;                                                                            &lt;option value=&quot;11899&quot;&gt;Số 4B&lt;/option&gt;                                                                            &lt;option value=&quot;13320&quot;&gt;Số 4D&lt;/option&gt;                                                                            &lt;option value=&quot;11217&quot;&gt;Số 5&lt;/option&gt;                                                                            &lt;option value=&quot;11293&quot;&gt;Số 5A&lt;/option&gt;                                                                            &lt;option value=&quot;11968&quot;&gt;Số 5B&lt;/option&gt;                                                                            &lt;option value=&quot;11483&quot;&gt;Số 5C&lt;/option&gt;                                                                            &lt;option value=&quot;11192&quot;&gt;Số 6&lt;/option&gt;                                                                            &lt;option value=&quot;11222&quot;&gt;Số 7&lt;/option&gt;                                                                            &lt;option value=&quot;11207&quot;&gt;Số 8&lt;/option&gt;                                                                            &lt;option value=&quot;11557&quot;&gt;Số 8A&lt;/option&gt;                                                                            &lt;option value=&quot;12025&quot;&gt;Số 8C&lt;/option&gt;                                                                            &lt;option value=&quot;11233&quot;&gt;Số 9&lt;/option&gt;                                                                            &lt;option value=&quot;13180&quot;&gt;Số A3A&lt;/option&gt;                                                                            &lt;option value=&quot;6963&quot;&gt;Sơn Ca&lt;/option&gt;                                                                            &lt;option value=&quot;6343&quot;&gt;Sơn Thủy&lt;/option&gt;                                                                            &lt;option value=&quot;9389&quot;&gt;Sông Cái&lt;/option&gt;                                                                            &lt;option value=&quot;4248&quot;&gt;Sử Hy Nhan&lt;/option&gt;                                                                            &lt;option value=&quot;1091&quot;&gt;Sư Vạn Hạnh&lt;/option&gt;                                                                            &lt;option value=&quot;9741&quot;&gt;T11&lt;/option&gt;                                                                            &lt;option value=&quot;7780&quot;&gt;T12&lt;/option&gt;                                                                            &lt;option value=&quot;10816&quot;&gt;T15&lt;/option&gt;                                                                            &lt;option value=&quot;12297&quot;&gt;T16&lt;/option&gt;                                                                            &lt;option value=&quot;11741&quot;&gt;T17&lt;/option&gt;                                                                            &lt;option value=&quot;11555&quot;&gt;T18&lt;/option&gt;                                                                            &lt;option value=&quot;11700&quot;&gt;T19&lt;/option&gt;                                                                            &lt;option value=&quot;7681&quot;&gt;T2&lt;/option&gt;                                                                            &lt;option value=&quot;11701&quot;&gt;T21&lt;/option&gt;                                                                            &lt;option value=&quot;11936&quot;&gt;T22&lt;/option&gt;                                                                            &lt;option value=&quot;12024&quot;&gt;T23&lt;/option&gt;                                                                            &lt;option value=&quot;12002&quot;&gt;T27&lt;/option&gt;                                                                            &lt;option value=&quot;3206&quot;&gt;T3&lt;/option&gt;                                                                            &lt;option value=&quot;8572&quot;&gt;T4&lt;/option&gt;                                                                            &lt;option value=&quot;3208&quot;&gt;T5&lt;/option&gt;                                                                            &lt;option value=&quot;3207&quot;&gt;T6&lt;/option&gt;                                                                            &lt;option value=&quot;3205&quot;&gt;T8&lt;/option&gt;                                                                            &lt;option value=&quot;7260&quot;&gt;T9&lt;/option&gt;                                                                            &lt;option value=&quot;5101&quot;&gt;Tân An&lt;/option&gt;                                                                            &lt;option value=&quot;6607&quot;&gt;Tân Chánh Hiệp 16&lt;/option&gt;                                                                            &lt;option value=&quot;6584&quot;&gt;Tân Chánh Hiệp 2&lt;/option&gt;                                                                            &lt;option value=&quot;1227&quot;&gt;Tản Đà&lt;/option&gt;                                                                            &lt;option value=&quot;4946&quot;&gt;Tân Hải&lt;/option&gt;                                                                            &lt;option value=&quot;6597&quot;&gt;Tân Thới Hiệp 10&lt;/option&gt;                                                                            &lt;option value=&quot;4878&quot;&gt;Tân Trang&lt;/option&gt;                                                                            &lt;option value=&quot;2427&quot;&gt;Tân Trào&lt;/option&gt;                                                                            &lt;option value=&quot;3123&quot;&gt;Tản Viên&lt;/option&gt;                                                                            &lt;option value=&quot;1184&quot;&gt;Tăng Bạt Hổ&lt;/option&gt;                                                                            &lt;option value=&quot;8544&quot;&gt;Tây Nam&lt;/option&gt;                                                                            &lt;option value=&quot;6725&quot;&gt;Tế Hanh&lt;/option&gt;                                                                            &lt;option value=&quot;11382&quot;&gt;Thái Khang&lt;/option&gt;                                                                            &lt;option value=&quot;6702&quot;&gt;Thái Nguyên&lt;/option&gt;                                                                            &lt;option value=&quot;514&quot;&gt;Thái Phiên&lt;/option&gt;                                                                            &lt;option value=&quot;11856&quot;&gt;Thái Thông&lt;/option&gt;                                                                            &lt;option value=&quot;693&quot;&gt;Thân Nhân Trung&lt;/option&gt;                                                                            &lt;option value=&quot;6605&quot;&gt;Thạnh Lộc 27&lt;/option&gt;                                                                            &lt;option value=&quot;9175&quot;&gt;Thanh Nam&lt;/option&gt;                                                                            &lt;option value=&quot;6590&quot;&gt;Thạnh Xuân 13&lt;/option&gt;                                                                            &lt;option value=&quot;6600&quot;&gt;Thạnh Xuân 21&lt;/option&gt;                                                                            &lt;option value=&quot;2391&quot;&gt;Tháp Bà&lt;/option&gt;                                                                            &lt;option value=&quot;500&quot;&gt;Thi Sách&lt;/option&gt;                                                                            &lt;option value=&quot;6585&quot;&gt;Thích Bửu Đăng&lt;/option&gt;                                                                            &lt;option value=&quot;1745&quot;&gt;Thích Quảng Đức&lt;/option&gt;                                                                            &lt;option value=&quot;3257&quot;&gt;Thoại Ngọc Hầu&lt;/option&gt;                                                                            &lt;option value=&quot;2097&quot;&gt;Thống Nhất&lt;/option&gt;                                                                            &lt;option value=&quot;6520&quot;&gt;Thủy Xưởng&lt;/option&gt;                                                                            &lt;option value=&quot;3644&quot;&gt;Tiền Giang&lt;/option&gt;                                                                            &lt;option value=&quot;8557&quot;&gt;Tỉnh lộ 3&lt;/option&gt;                                                                            &lt;option value=&quot;2359&quot;&gt;Tỉnh lộ 657&lt;/option&gt;                                                                            &lt;option value=&quot;1903&quot;&gt;Tỉnh lộ 7A&lt;/option&gt;                                                                            &lt;option value=&quot;355&quot;&gt;Tô Hiến Thành&lt;/option&gt;                                                                            &lt;option value=&quot;368&quot;&gt;Tô Hiệu&lt;/option&gt;                                                                            &lt;option value=&quot;3151&quot;&gt;Tố Hữu&lt;/option&gt;                                                                            &lt;option value=&quot;5653&quot;&gt;Tô Ký&lt;/option&gt;                                                                            &lt;option value=&quot;328&quot;&gt;Tô Vĩnh Diện&lt;/option&gt;                                                                            &lt;option value=&quot;1320&quot;&gt;Tôn Đản&lt;/option&gt;                                                                            &lt;option value=&quot;428&quot;&gt;Tôn Đức Thắng&lt;/option&gt;                                                                            &lt;option value=&quot;385&quot;&gt;Tôn Thất Tùng&lt;/option&gt;                                                                            &lt;option value=&quot;6610&quot;&gt;Trại Gà&lt;/option&gt;                                                                            &lt;option value=&quot;512&quot;&gt;Trần Bình Trọng&lt;/option&gt;                                                                            &lt;option value=&quot;7614&quot;&gt;Trần Đoàn Nghiệp&lt;/option&gt;                                                                            &lt;option value=&quot;502&quot;&gt;Trần Hưng Đạo&lt;/option&gt;                                                                            &lt;option value=&quot;139&quot;&gt;Trần Khánh Dư&lt;/option&gt;                                                                            &lt;option value=&quot;545&quot;&gt;Trần Khát Chân&lt;/option&gt;                                                                            &lt;option value=&quot;11685&quot;&gt;Trần Kim Hùng&lt;/option&gt;                                                                            &lt;option value=&quot;4071&quot;&gt;Trần Lư&lt;/option&gt;                                                                            &lt;option value=&quot;4974&quot;&gt;Trần Mai Ninh&lt;/option&gt;                                                                            &lt;option value=&quot;8336&quot;&gt;Trần Nam Trung&lt;/option&gt;                                                                            &lt;option value=&quot;218&quot;&gt;Trần Nguyên Hãn&lt;/option&gt;                                                                            &lt;option value=&quot;913&quot;&gt;Trần Nhật Duật&lt;/option&gt;                                                                            &lt;option value=&quot;131&quot;&gt;Trần Phú&lt;/option&gt;                                                                            &lt;option value=&quot;10656&quot;&gt;Trần Phú B&lt;/option&gt;                                                                            &lt;option value=&quot;420&quot;&gt;Trần Quang Diệu&lt;/option&gt;                                                                            &lt;option value=&quot;6593&quot;&gt;Trần Quang Đạo&lt;/option&gt;                                                                            &lt;option value=&quot;138&quot;&gt;Trần Quang Khải&lt;/option&gt;                                                                            &lt;option value=&quot;219&quot;&gt;Trần Quốc Toản&lt;/option&gt;                                                                            &lt;option value=&quot;386&quot;&gt;Trần Quý Cáp&lt;/option&gt;                                                                            &lt;option value=&quot;8915&quot;&gt;Trần Sâm&lt;/option&gt;                                                                            &lt;option value=&quot;6727&quot;&gt;Trần Thị Tính&lt;/option&gt;                                                                            &lt;option value=&quot;1788&quot;&gt;Trần Văn Ơn&lt;/option&gt;                                                                            &lt;option value=&quot;6595&quot;&gt;Trích Sài&lt;/option&gt;                                                                            &lt;option value=&quot;1242&quot;&gt;Triệu Quang Phục&lt;/option&gt;                                                                            &lt;option value=&quot;137&quot;&gt;Triệu Quốc Đạt&lt;/option&gt;                                                                            &lt;option value=&quot;390&quot;&gt;Trịnh Hoài Đức&lt;/option&gt;                                                                            &lt;option value=&quot;5636&quot;&gt;Trịnh Phong&lt;/option&gt;                                                                            &lt;option value=&quot;461&quot;&gt;Trương Định&lt;/option&gt;                                                                            &lt;option value=&quot;220&quot;&gt;Trương Hán Siêu&lt;/option&gt;                                                                            &lt;option value=&quot;7232&quot;&gt;Trường Phúc&lt;/option&gt;                                                                            &lt;option value=&quot;1485&quot;&gt;Trường Sa&lt;/option&gt;                                                                            &lt;option value=&quot;1094&quot;&gt;Trường Sơn&lt;/option&gt;                                                                            &lt;option value=&quot;6546&quot;&gt;Trương Tấn Sang&lt;/option&gt;                                                                            &lt;option value=&quot;6594&quot;&gt;Trương Văn Đa&lt;/option&gt;                                                                            &lt;option value=&quot;504&quot;&gt;Tuệ Tĩnh&lt;/option&gt;                                                                            &lt;option value=&quot;10896&quot;&gt;V1&lt;/option&gt;                                                                            &lt;option value=&quot;509&quot;&gt;Vân Đồn&lt;/option&gt;                                                                            &lt;option value=&quot;1451&quot;&gt;Vạn Hoa&lt;/option&gt;                                                                            &lt;option value=&quot;505&quot;&gt;Vạn Kiếp&lt;/option&gt;                                                                            &lt;option value=&quot;8735&quot;&gt;Văn Nga&lt;/option&gt;                                                                            &lt;option value=&quot;7686&quot;&gt;Vạn Thắng&lt;/option&gt;                                                                            &lt;option value=&quot;4077&quot;&gt;Việt Bắc&lt;/option&gt;                                                                            &lt;option value=&quot;6737&quot;&gt;Vĩnh Điềm Thượng&lt;/option&gt;                                                                            &lt;option value=&quot;6117&quot;&gt;Vĩnh Điềm Trung&lt;/option&gt;                                                                            &lt;option value=&quot;6125&quot;&gt;Vĩnh Hội&lt;/option&gt;                                                                            &lt;option value=&quot;6116&quot;&gt;Vĩnh Ngọc&lt;/option&gt;                                                                            &lt;option value=&quot;10935&quot;&gt;Vĩnh Thái&lt;/option&gt;                                                                            &lt;option value=&quot;10800&quot;&gt;Vĩnh Thạnh&lt;/option&gt;                                                                            &lt;option value=&quot;8545&quot;&gt;Vĩnh Xương&lt;/option&gt;                                                                            &lt;option value=&quot;6550&quot;&gt;Võ Đình Tú&lt;/option&gt;                                                                            &lt;option value=&quot;2724&quot;&gt;Võ Thị Sáu&lt;/option&gt;                                                                            &lt;option value=&quot;1235&quot;&gt;Võ Trứ&lt;/option&gt;                                                                            &lt;option value=&quot;6549&quot;&gt;Võ Trung Thành&lt;/option&gt;                                                                            &lt;option value=&quot;1506&quot;&gt;Võ Trường Toàn&lt;/option&gt;                                                                            &lt;option value=&quot;1234&quot;&gt;Võ Trường Toản&lt;/option&gt;                                                                            &lt;option value=&quot;9171&quot;&gt;Võ Văn Ký&lt;/option&gt;                                                                            &lt;option value=&quot;2739&quot;&gt;Võ Văn Tần&lt;/option&gt;                                                                            &lt;option value=&quot;329&quot;&gt;Vũ Hữu&lt;/option&gt;                                                                            &lt;option value=&quot;281&quot;&gt;Vũ Xuân Thiều&lt;/option&gt;                                                                            &lt;option value=&quot;6638&quot;&gt;Vườn Dương&lt;/option&gt;                                                                            &lt;option value=&quot;6541&quot;&gt;Vườn Thuốc&lt;/option&gt;                                                                            &lt;option value=&quot;7098&quot;&gt;Vườn Xoài&lt;/option&gt;                                                                            &lt;option value=&quot;6586&quot;&gt;Xa La&lt;/option&gt;                                                                            &lt;option value=&quot;5935&quot;&gt;Xóm Chiếu&lt;/option&gt;                                                                            &lt;option value=&quot;8744&quot;&gt;Xuân Lạc&lt;/option&gt;                                                                            &lt;option value=&quot;602&quot;&gt;Xuân Thủy&lt;/option&gt;                                                                            &lt;option value=&quot;7788&quot;&gt;Xương Huân&lt;/option&gt;                                                                            &lt;option value=&quot;736&quot;&gt;Yên Thế&lt;/option&gt;                                                                            &lt;option value=&quot;1002&quot;&gt;Yersin&lt;/option&gt;                                                                            &lt;option value=&quot;135&quot;&gt;Yết Kiêu&lt;/option&gt;                                                                    &lt;/select&gt;                            &lt;/div&gt;                        &lt;/div&gt;                        &lt;div class=&quot;form-group clearfix&quot;&gt;                            &lt;label class=&quot;control-label col-md-4&quot;&gt;Số phòng ngủ:&lt;/label&gt;                            &lt;div class=&quot;col-md-8&quot;&gt;                                &lt;select class=&quot;select2-search&quot; data-width=&quot;100%&quot; name=&quot;room_number_range_id&quot;&gt;                                    &lt;option value=&quot;&quot;&gt;--Chọn số phòng ngủ--&lt;/option&gt;                                                                            &lt;option value=&quot;22&quot;&gt;1+&lt;/option&gt;                                                                            &lt;option value=&quot;23&quot;&gt;2+&lt;/option&gt;                                                                            &lt;option value=&quot;24&quot;&gt;3+&lt;/option&gt;                                                                            &lt;option value=&quot;25&quot;&gt;4+&lt;/option&gt;                                                                            &lt;option value=&quot;26&quot;&gt;5+&lt;/option&gt;                                                                    &lt;/select&gt;                            &lt;/div&gt;                        &lt;/div&gt;                        &lt;div class=&quot;form-group clearfix&quot;&gt;                            &lt;label class=&quot;control-label col-md-4&quot;&gt;Hướng nhà:&lt;/label&gt;                            &lt;div class=&quot;col-md-8&quot;&gt;                                &lt;select class=&quot;select2-search&quot; data-width=&quot;100%&quot; name=&quot;home_direction&quot;&gt;                                    &lt;option value=&quot;&quot;&gt;--Chọn hướng nhà--&lt;/option&gt;                                                                            &lt;option value=&quot;0&quot;&gt;KXĐ&lt;/option&gt;                                                                            &lt;option value=&quot;1&quot;&gt;Đông&lt;/option&gt;                                                                            &lt;option value=&quot;2&quot;&gt;Tây&lt;/option&gt;                                                                            &lt;option selected=&quot;&quot; value=&quot;3&quot;&gt;Nam&lt;/option&gt;                                                                            &lt;option value=&quot;4&quot;&gt;Bắc&lt;/option&gt;                                                                            &lt;option value=&quot;5&quot;&gt;Đông-Bắc&lt;/option&gt;                                                                            &lt;option value=&quot;6&quot;&gt;Tây-Bắc&lt;/option&gt;                                                                            &lt;option value=&quot;7&quot;&gt;Tây-Nam&lt;/option&gt;                                                                            &lt;option value=&quot;8&quot;&gt;Đông-Nam&lt;/option&gt;                                                                    &lt;/select&gt;                            &lt;/div&gt;                        &lt;/div&gt;                        &lt;h4&gt;Nhận thư báo&lt;/h4&gt;                        &lt;div class=&quot;form-group clearfix&quot;&gt;                            &lt;label class=&quot;control-label col-md-4 required&quot;&gt;Tiêu đề thư:&lt;/label&gt;                            &lt;div class=&quot;col-md-8&quot;&gt;&lt;input class=&quot;form-control&quot; name=&quot;email_title&quot; required=&quot;&quot; type=&quot;text&quot;/&gt;&lt;/div&gt;                        &lt;/div&gt;                        &lt;div class=&quot;form-group clearfix&quot;&gt;                            &lt;label class=&quot;control-label col-md-4 required&quot;&gt;Email:&lt;/label&gt;                            &lt;div class=&quot;col-md-8&quot;&gt;&lt;input class=&quot;form-control&quot; name=&quot;email&quot; required=&quot;&quot; type=&quot;text&quot; value=&quot;&quot;/&gt;&lt;/div&gt;                        &lt;/div&gt;                        &lt;div class=&quot;form-group clearfix&quot;&gt;                            &lt;label class=&quot;control-label col-md-4 required&quot;&gt;Họ và tên:&lt;/label&gt;                            &lt;div class=&quot;col-md-8&quot;&gt;&lt;input class=&quot;form-control&quot; name=&quot;fullname&quot; required=&quot;&quot; type=&quot;text&quot;/&gt;&lt;/div&gt;                        &lt;/div&gt;                        &lt;div class=&quot;form-captcha form-group clearfix&quot;&gt;                            &lt;label class=&quot;col-md-4 control-label required&quot; for=&quot;captcha&quot;&gt;Xác nhận&lt;/label&gt;                            &lt;div class=&quot;col-md-8&quot;&gt;                                &lt;div class=&quot;input-group&quot;&gt;                                    &lt;span class=&quot;input-group-addon captcha-image&quot;&gt;&lt;img alt=&quot;captcha&quot; class=&quot;captcha-img&quot; data-refresh-config=&quot;default&quot; src=&quot;https://timnhadat.net.vn/captcha/default?NlToVjeT&quot;/&gt;&lt;/span&gt;                                    &lt;input class=&quot;form-control&quot; id=&quot;captcha&quot; name=&quot;captcha&quot; type=&quot;text&quot;/&gt;                                &lt;/div&gt;                            &lt;/div&gt;                        &lt;/div&gt;                        &lt;input name=&quot;sendType&quot; type=&quot;hidden&quot; value=&quot;1&quot;/&gt;                    &lt;/form&gt;                &lt;/div&gt;                &lt;div class=&quot;modal-footer&quot;&gt;                    &lt;button class=&quot;btn btn-default&quot; data-dismiss=&quot;modal&quot; type=&quot;button&quot;&gt;Hủy bỏ&lt;/button&gt;                    &lt;button class=&quot;btn btn-primary&quot; id=&quot;addReceivedPostSaveBtn&quot; type=&quot;button&quot;&gt;Đăng ký&lt;/button&gt;                &lt;/div&gt;            &lt;/div&gt;        &lt;/div&gt;    &lt;/div&gt;&lt;/div&gt;            &lt;div class=&quot;post-actions&quot;&gt;                &lt;div class=&quot;ssk-group ssk-round&quot; data-text=&quot;Bán đất lô 135 khu 9 - Huỳnh Văn Nghệ - khu biệt thự lấn biển Vĩnh Hoà - P. Vĩnh Hoà - Nha Trang&quot;&gt;                    &lt;a class=&quot;ssk ssk-email&quot; href=&quot;&quot; title=&quot;Gửi cho bạn bè tin này qua email&quot;/&gt;                    &lt;a class=&quot;ssk ssk-print&quot; href=&quot;javascript: window.print();&quot; title=&quot;In trang này&quot;&gt;&lt;i aria-hidden=&quot;true&quot; class=&quot;fa fa-print&quot;/&gt;&lt;/a&gt;                    &lt;a class=&quot;ssk ssk-facebook&quot; href=&quot;&quot;/&gt;                                                        &lt;/div&gt;            &lt;/div&gt;            &lt;div class=&quot;clear&quot;/&gt;        &lt;/div&gt;" SourceIndex="3093" TableNum="0" TextLen="161" order="25" xPath="/html[1]/body[1]/div[1]/div[2]/div[4]/div[2]/div[1]/div[10]"/>
<LayoutNode BgColor="#055699" ContainImg="1" ContainP="0" ContainTable="false" DOMCldNum="5" DoC="7" FontSize="12" FontWeight="700" FormNum="0" FormSize="0" FrameSourceIndex="0" ID="1-11" InteractionNum="0" InteractionSize="0" IsImg="false" LinkNum="4" LinkTextLen="88" ObjectRectHeight="198" ObjectRectLeft="0" ObjectRectTop="1486" ObjectRectWidth="1420" OptionNum="0" OptionTextLength="0" ParaNum="0" SourceIndex="5641" TableNum="0" TextLen="475" order="26">
<LayoutNode BgColor="#055699" ContainImg="0" ContainP="0" ContainTable="false" Content="Bất động sản liên quan " DOMCldNum="5" DoC="10" FontSize="12" FontWeight="700" FormNum="0" FormSize="0" FrameSourceIndex="0" ID="1-11-1" InteractionNum="0" InteractionSize="0" IsImg="false" LinkNum="0" LinkTextLen="0" ObjectHeight="28" ObjectRectHeight="33" ObjectRectLeft="0" ObjectRectTop="1486" ObjectRectWidth="1420" ObjectWidth="710" ObjectX="210" ObjectY="1491" OptionNum="0" OptionTextLength="0" ParaNum="0" SRC="&lt;div class=&quot;block-title full-width text-center&quot;&gt;                Bất động sản liên quan            &lt;/div&gt;" SourceIndex="5643" TableNum="0" TextLen="22" order="27" xPath="/html[1]/body[1]/div[1]/div[2]/div[4]/div[2]/div[2]/div[1]"/>
<LayoutNode BgColor="#ffffff" ContainImg="1" ContainP="0" ContainTable="false" DOMCldNum="5" DoC="7" FontSize="12" FontWeight="normal" FormNum="0" FormSize="0" FrameSourceIndex="0" ID="1-11-2" InteractionNum="0" InteractionSize="0" IsImg="false" LinkNum="4" LinkTextLen="88" ObjectRectHeight="150" ObjectRectLeft="0" ObjectRectTop="1534" ObjectRectWidth="1420" OptionNum="0" OptionTextLength="0" ParaNum="0" SourceIndex="5648" TableNum="0" TextLen="453" order="28">
<LayoutNode BgColor="#ffffff" ContainImg="0" ContainP="0" ContainTable="false" Content="TỔNG HỢP MỘT SỐ KHÁCH SẠN TẠI TP NHA TRANG KINH DOANH TỐT, CUỐI NĂM CẦN BÁN GIÁ TỪ 12 TỶ " DOMCldNum="5" DoC="7" FontSize="12" FontWeight="normal" FormNum="0" FormSize="0" FrameSourceIndex="0" ID="1-11-2-1" InteractionNum="0" InteractionSize="0" IsImg="false" LinkNum="2" LinkTextLen="88" ObjectHeight="18" ObjectRectHeight="18" ObjectRectLeft="0" ObjectRectTop="1534" ObjectRectWidth="1420" ObjectWidth="708" ObjectX="211" ObjectY="1534" OptionNum="0" OptionTextLength="0" ParaNum="0" SRC="TỔNG HỢP MỘT SỐ KHÁCH SẠN TẠI TP NHA TRANG KINH DOANH TỐT, CUỐI NĂM CẦN BÁN GIÁ TỪ 12 TỶ" SourceIndex="0" TableNum="0" TextLen="88" order="29" xPath="No Xpath"/>
<LayoutNode BgColor="#ffffff" ContainImg="1" ContainP="0" ContainTable="false" Content="31-12-2019 Tổng hợp một số khách sạn tại TP Nha Trang kinh doanh tốt, cuói năm cần bán giá từ 12 tỷ 0966 838 679 1, Khách sạn mặt tiền đường Mai Xuân Thưởng diện tích 147,5 m2, có 35 phòng đang kinh doanh giá bán 19 tỷ, đường trước nhà 20m chạy thẳng 1 đường ra biển 2, Khách sạn mặt tiền đường Điện Biên Phủ... (31-12-2019) Giá:  12 Tỷ Diện tích:  102m2 Quận/Huyện:  Nha Trang, Khánh Hòa " DOMCldNum="5" DoC="8" FontSize="12" FontWeight="normal" FormNum="0" FormSize="0" FrameSourceIndex="0" ID="1-11-2-2" InteractionNum="0" InteractionSize="0" IsImg="false" LinkNum="2" LinkTextLen="0" ObjectHeight="90" ObjectRectHeight="122" ObjectRectLeft="0" ObjectRectTop="1562" ObjectRectWidth="1420" ObjectWidth="708" ObjectX="211" ObjectY="1562" OptionNum="0" OptionTextLength="0" ParaNum="0" SRC="&lt;div class=&quot;post-item&quot; data-id=&quot;575372&quot;&gt;    &lt;div class=&quot;post-info float-right p-title&quot;&gt;        &lt;div class=&quot;post-title&quot;&gt;            &lt;div class=&quot;post-des&quot;&gt;Tổng hợp một số khách sạn tại TP Nha Trang kinh doanh tốt, cuói năm cần bán  giá từ 12 tỷ 0966 838 6791, Khách sạn mặt tiền đường Mai Xuân Thưởng diện tích 147,5 m2, có 35 phòng đang kinh doanh giá bán 19 tỷ, đường trước nhà 20m chạy thẳng 1 đường ra biển2, Khách sạn mặt tiền đường Điện Biên Phủ...&lt;/div&gt;            &lt;span class=&quot;sp post-pub-date&quot;&gt;(&lt;/span&gt;&lt;span class=&quot;post-pub-date&quot;&gt;31-12-2019&lt;/span&gt;&lt;span class=&quot;sp post-pub-date&quot;&gt;)&lt;/span&gt;        &lt;/div&gt;    &lt;/div&gt;    &lt;div class=&quot;post-image float-left&quot;&gt;        &lt;a href=&quot;https://timnhadat.net.vn/tin-rao/575372-tong-hop-mot-so-khach-san-tai-tp-nha-trang-kinh-doanh-tot-cuoi-nam-can-ban-gia-tu-12-ty&quot;&gt;&lt;img alt=&quot;Tổng hợp một số khách sạn tại TP Nha Trang kinh doanh tốt, cuối năm cần bán  giá từ 12 tỷ &quot; src=&quot;https://timnhadat.net.vn/images/no-image.jpg&quot; title=&quot;Tổng hợp một số khách sạn tại TP Nha Trang kinh doanh tốt, cuối năm cần bán  giá từ 12 tỷ &quot;/&gt;&lt;/a&gt;    &lt;/div&gt;    &lt;div class=&quot;post-info-other&quot;&gt;        &lt;div class=&quot;post-detail-item&quot;&gt;            &lt;div class=&quot;post-detail-label&quot;&gt;&lt;span class=&quot;p-label&quot;&gt;Giá&lt;/span&gt;&lt;span&gt;: &lt;/span&gt;            &lt;/div&gt;            &lt;div class=&quot;post-detail-value&quot;&gt;&lt;span&gt;12 Tỷ&lt;/span&gt;&lt;/div&gt;            &lt;div class=&quot;clear&quot;/&gt;        &lt;/div&gt;                    &lt;div class=&quot;post-detail-item&quot;&gt;                &lt;div class=&quot;post-detail-label&quot;&gt;&lt;span class=&quot;p-label&quot;&gt;Diện tích&lt;/span&gt;&lt;span&gt;: &lt;/span&gt;&lt;/div&gt;                &lt;div class=&quot;post-detail-value&quot;&gt;&lt;span&gt;102m2&lt;/span&gt;&lt;/div&gt;                &lt;div class=&quot;clear&quot;/&gt;            &lt;/div&gt;                &lt;div class=&quot;post-detail-item&quot;&gt;            &lt;div class=&quot;post-detail-label&quot;&gt;&lt;span class=&quot;p-label&quot;&gt;Quận/Huyện&lt;/span&gt;&lt;span&gt;: &lt;/span&gt;            &lt;/div&gt;            &lt;div class=&quot;post-detail-value&quot;&gt;&lt;span&gt;Nha Trang, Khánh Hòa&lt;/span&gt;&lt;/div&gt;            &lt;div class=&quot;clear&quot;/&gt;        &lt;/div&gt;    &lt;/div&gt;    &lt;div class=&quot;clear&quot;/&gt;&lt;/div&gt;" SourceIndex="5653" TableNum="0" TextLen="365" order="30" xPath="/html[1]/body[1]/div[1]/div[2]/div[4]/div[2]/div[2]/div[2]/div[1]/div[1]"/>
</LayoutNode>
</LayoutNode>
<LayoutNode BgColor="#015f95" ContainImg="0" ContainP="0" ContainTable="false" Content="Giới thiệu Hướng dẫn sử dụng Quy định Quy chế hoạt động Bảo vệ thông tin cá nhân Cơ chế giải quyết tranh chấp Liên hệ Điều khoản thỏa thuận Báo giá " DOMCldNum="5" DoC="5" FontSize="12" FontWeight="normal" FormNum="0" FormSize="0" FrameSourceIndex="0" ID="1-12" InteractionNum="0" InteractionSize="0" IsImg="false" LinkNum="18" LinkTextLen="139" ObjectHeight="40" ObjectRectHeight="40" ObjectRectLeft="0" ObjectRectTop="1734" ObjectRectWidth="1420" ObjectWidth="1018" ObjectX="190" ObjectY="1734" OptionNum="0" OptionTextLength="0" ParaNum="0" SRC="&lt;div class=&quot;footer-menu&quot;&gt;        &lt;div class=&quot;footer-menu-item&quot;&gt;            &lt;a href=&quot;https://timnhadat.net.vn/gioi-thieu&quot; rel=&quot;nofollow&quot;&gt;Giới thiệu&lt;/a&gt;        &lt;/div&gt;        &lt;div class=&quot;footer-menu-item&quot;&gt;            &lt;a href=&quot;https://timnhadat.net.vn/huong-dan-su-dung&quot; rel=&quot;nofollow&quot;&gt;Hướng dẫn sử dụng&lt;/a&gt;        &lt;/div&gt;        &lt;div class=&quot;footer-menu-item&quot;&gt;            &lt;a href=&quot;https://timnhadat.net.vn/quy-dinh&quot; rel=&quot;nofollow&quot;&gt;Quy định&lt;/a&gt;        &lt;/div&gt;        &lt;div class=&quot;footer-menu-item&quot;&gt;            &lt;a href=&quot;https://timnhadat.net.vn/quy-che-hoat-dong&quot; rel=&quot;nofollow&quot;&gt;Quy chế hoạt động&lt;/a&gt;        &lt;/div&gt;        &lt;div class=&quot;footer-menu-item&quot;&gt;            &lt;a href=&quot;https://timnhadat.net.vn/bao-ve-thong-tin-ca-nhan&quot; rel=&quot;nofollow&quot;&gt;Bảo vệ thông tin cá nhân&lt;/a&gt;        &lt;/div&gt;        &lt;div class=&quot;footer-menu-item&quot;&gt;            &lt;a href=&quot;https://timnhadat.net.vn/co-che-giai-quyet-tranh-chap&quot; rel=&quot;nofollow&quot;&gt;Cơ chế giải quyết tranh chấp&lt;/a&gt;        &lt;/div&gt;        &lt;div class=&quot;footer-menu-item&quot;&gt;            &lt;a href=&quot;https://timnhadat.net.vn/lien-he&quot; rel=&quot;nofollow&quot;&gt;Liên hệ&lt;/a&gt;        &lt;/div&gt;        &lt;div class=&quot;footer-menu-item&quot;&gt;            &lt;a href=&quot;https://timnhadat.net.vn/dieu-khoan-thoa-thuan&quot; rel=&quot;nofollow&quot;&gt;Điều khoản thỏa thuận&lt;/a&gt;        &lt;/div&gt;        &lt;div class=&quot;footer-menu-item&quot;&gt;            &lt;a href=&quot;https://timnhadat.net.vn/bao-gia&quot; rel=&quot;nofollow&quot;&gt;Báo giá&lt;/a&gt;        &lt;/div&gt;        &lt;div class=&quot;clear&quot;/&gt;    &lt;/div&gt;" SourceIndex="5829" TableNum="0" TextLen="139" order="31" xPath="/html[1]/body[1]/div[1]/div[2]/div[5]/div[1]"/>
<LayoutNode BgColor="#ffffff" ContainImg="3" ContainP="12" ContainTable="false" DOMCldNum="9" DoC="5" FontSize="12" FontWeight="normal" FormNum="0" FormSize="0" FrameSourceIndex="0" ID="1-13" InteractionNum="0" InteractionSize="0" IsImg="false" LinkNum="18" LinkTextLen="122" ObjectRectHeight="212" ObjectRectLeft="0" ObjectRectTop="1784" ObjectRectWidth="1420" OptionNum="0" OptionTextLength="0" ParaNum="0" SourceIndex="5888" TableNum="0" TextLen="632" order="32">
<LayoutNode BgColor="#ffffff" ContainImg="2" ContainP="0" ContainTable="false" Content=" " DOMCldNum="9" DoC="5" FontSize="12" FontWeight="normal" FormNum="0" FormSize="0" FrameSourceIndex="0" ID="1-13-1" InteractionNum="0" InteractionSize="0" IsImg="false" LinkNum="4" LinkTextLen="0" ObjectHeight="130" ObjectRectHeight="212" ObjectRectLeft="0" ObjectRectTop="1784" ObjectRectWidth="400" ObjectWidth="200" ObjectX="200" ObjectY="1804" OptionNum="0" OptionTextLength="0" ParaNum="0" SRC="&lt;div class=&quot;footer-logo&quot;&gt;            &lt;a href=&quot;javascript:void(0);&quot;&gt;&lt;img alt=&quot;CÔNG TY CỔ PHẦN KING DRAGON VIỆT NAM&quot; class=&quot;kd-logo&quot; src=&quot;https://timnhadat.net.vn/images/king-dragon-logo.png?v=20181102&quot;/&gt;&lt;/a&gt;            &lt;br/&gt;            &lt;a href=&quot;http://online.gov.vn/HomePage/WebsiteDisplay.aspx?DocId=43061&quot; rel=&quot;nofollow&quot; target=&quot;_blank&quot;&gt;&lt;img alt=&quot;Đã đăng ký với Bộ Công Thương&quot; src=&quot;https://timnhadat.net.vn/images/h1e79xqJq949lcNmi4Rquw==.jpgx&quot; title=&quot;Đã đăng ký với Bộ Công Thương&quot; width=&quot;130&quot;/&gt;&lt;/a&gt;        &lt;/div&gt;" SourceIndex="5890" TableNum="0" TextLen="1" order="33" xPath="/html[1]/body[1]/div[1]/div[2]/div[5]/div[2]/div[1]"/>
<LayoutNode BgColor="#ffffff" ContainImg="0" ContainP="9" ContainTable="false" Content="CÔNG TY CỔ PHẦN KING DRAGON VIỆT NAM MSDN: 0314932187, đăng ký lần đầu ngày 20/03/2018, đăng ký thay đổi lần 1 ngày 15/08/2019 Chịu trách nhiệm: Trần Minh Khôi [A] : 142/7 Trường Sa, Phường 15, Quận Bình Thạnh, Thành phố Hồ Chí Minh, Việt Nam [M]: 028. 6276.8206 – Hotline: 0908.888.283 [T] : Thứ 2 đến thứ 6: 8h00 - 17h15 | Thứ 7: 8h00 - 12h00 - CSKH1 (Miền Nam)  : Zalo: 08888.104.38, Email: cskhmiennam@timnhadat.net.vn - CSKH2 (Miền Trung): Zalo: 08888.941.78, Email: cskhmientrung@timnhadat.net.vn - CSKH3 (Miền Bắc)   : Zalo: 08888.785.38, Email: cskhmienbac@timnhadat.net.vn " DOMCldNum="9" DoC="8" FontSize="12" FontWeight="normal" FormNum="0" FormSize="0" FrameSourceIndex="0" ID="1-13-2" InteractionNum="0" InteractionSize="0" IsImg="false" LinkNum="12" LinkTextLen="122" ObjectHeight="203" ObjectRectHeight="212" ObjectRectLeft="430" ObjectRectTop="1784" ObjectRectWidth="485" ObjectWidth="485" ObjectX="430" ObjectY="1784" OptionNum="0" OptionTextLength="0" ParaNum="0" SRC="&lt;div class=&quot;footer-info&quot;&gt;            &lt;p class=&quot;footer-company-name&quot;&gt;                &lt;b&gt;CÔNG TY CỔ PHẦN KING DRAGON VIỆT NAM&lt;/b&gt;            &lt;/p&gt;            &lt;p&gt;                MSDN: 0314932187, đăng ký lần đầu ngày 20/03/2018, đăng ký thay đổi lần 1 ngày 15/08/2019            &lt;/p&gt;            &lt;p&gt;                Chịu trách nhiệm: Trần Minh Khôi            &lt;/p&gt;            &lt;div class=&quot;clear&quot;&gt;            &lt;/div&gt;            &lt;p&gt;                &lt;span&gt;&lt;b class=&quot;first&quot;&gt;[A] :&lt;/b&gt; 142/7 Trường Sa, Phường 15, Quận Bình Thạnh, Thành phố Hồ Chí Minh, Việt Nam&lt;/span&gt;            &lt;/p&gt;            &lt;p&gt;                &lt;span&gt;&lt;b class=&quot;first&quot;&gt;[M]:&lt;/b&gt; 028. 6276.8206 – &lt;b&gt;Hotline&lt;/b&gt;: 0908.888.283&lt;/span&gt;            &lt;/p&gt;            &lt;div class=&quot;clear&quot;&gt;            &lt;/div&gt;            &lt;p&gt;                &lt;span class=&quot;colr&quot;&gt;&lt;b class=&quot;first&quot;&gt;[T] :&lt;/b&gt; Thứ 2 đến thứ 6: &lt;strong&gt;8h00 - 17h15&lt;/strong&gt; | Thứ 7: &lt;strong&gt;8h00 - 12h00&lt;/strong&gt;&lt;/span&gt;            &lt;/p&gt;            &lt;div class=&quot;clear&quot;/&gt;            &lt;p&gt;                &lt;span class=&quot;colr&quot;&gt;- CSKH1 (Miền Nam)  : Zalo: &lt;a href=&quot;tel:0888810438&quot;&gt;08888.104.38&lt;/a&gt;, Email: &lt;a href=&quot;mailto:cskhmiennam@timnhadat.net.vn?Subject=Liên hệ&quot; rel=&quot;nofollow&quot; target=&quot;_top&quot;&gt;cskhmiennam@timnhadat.net.vn&lt;/a&gt;&lt;/span&gt;            &lt;/p&gt;            &lt;div class=&quot;clear&quot;/&gt;            &lt;p&gt;                &lt;span class=&quot;colr&quot;&gt;- CSKH2 (Miền Trung): Zalo: &lt;a href=&quot;tel:0888894178&quot;&gt;08888.941.78&lt;/a&gt;, Email: &lt;a href=&quot;mailto:cskhmientrung@timnhadat.net.vn?Subject=Liên hệ&quot; rel=&quot;nofollow&quot; target=&quot;_top&quot;&gt;cskhmientrung@timnhadat.net.vn&lt;/a&gt;&lt;/span&gt;            &lt;/p&gt;            &lt;div class=&quot;clear&quot;/&gt;            &lt;p&gt;                &lt;span class=&quot;colr&quot;&gt;- CSKH3 (Miền Bắc)   : Zalo: &lt;a href=&quot;tel:0888878538&quot;&gt;08888.785.38&lt;/a&gt;, Email: &lt;a href=&quot;mailto:cskhmienbac@timnhadat.net.vn?Subject=Liên hệ&quot; rel=&quot;nofollow&quot; target=&quot;_top&quot;&gt;cskhmienbac@timnhadat.net.vn&lt;/a&gt;&lt;/span&gt;            &lt;/p&gt;        &lt;/div&gt;" SourceIndex="5901" TableNum="0" TextLen="571" order="34" xPath="/html[1]/body[1]/div[1]/div[2]/div[5]/div[2]/div[2]"/>
<LayoutNode BgColor="#ffffff" ContainImg="1" ContainP="3" ContainTable="false" Content="Tải ứng dụng di động Copyright © 2017 - 2020 TIMNHADAT.NET.VN " DOMCldNum="9" DoC="5" FontSize="12" FontWeight="normal" FormNum="0" FormSize="0" FrameSourceIndex="0" ID="1-13-3" InteractionNum="0" InteractionSize="0" IsImg="false" LinkNum="2" LinkTextLen="0" ObjectHeight="128" ObjectRectHeight="212" ObjectRectLeft="945" ObjectRectTop="1784" ObjectRectWidth="475" ObjectWidth="275" ObjectX="945" ObjectY="1784" OptionNum="0" OptionTextLength="0" ParaNum="0" SRC="&lt;div class=&quot;footer-app-info&quot;&gt;            &lt;p class=&quot;fai-title&quot;&gt;                Tải ứng dụng di động            &lt;/p&gt;            &lt;p&gt;                &lt;a href=&quot;https://play.google.com/store/apps/details?id=vn.net.timnhadat&quot; rel=&quot;nofollow&quot; target=&quot;_blank&quot;&gt;&lt;img alt=&quot;Tải nội dung trên Google Play&quot; class=&quot;google-play-dl-img&quot; src=&quot;https://timnhadat.net.vn/images/google-play-badge.png&quot;/&gt;&lt;/a&gt;            &lt;/p&gt;            &lt;p class=&quot;copyright&quot;&gt;                Copyright © 2017 - 2020 TIMNHADAT.NET.VN            &lt;/p&gt;        &lt;/div&gt;" SourceIndex="5993" TableNum="0" TextLen="60" order="35" xPath="/html[1]/body[1]/div[1]/div[2]/div[5]/div[2]/div[3]"/>
</LayoutNode>
</LayoutNode>
</VIPSPage>
