<VIPSPage PageRectHeight="980" PageRectLeft="0" PageRectTop="0" PageRectWidth="1420" PageTitle="him nhà 1/ trung tâm q10 đầy đủ công năng 3t2pn ko lộ giới c" Url="https://diachinhadat.com/ban-nha-trong-hem-quan-1-him-nha-1-trung-tam-q10-day-du-188897" WindowHeight="980" WindowWidth="1420" neworder="0" order="0">
<LayoutNode BgColor="#ffffff" ContainImg="20" ContainP="4" ContainTable="true" DOMCldNum="3" DoC="1" FontSize="16" FontWeight="normal" FormNum="0" FormSize="0" FrameSourceIndex="0" ID="1" InteractionNum="0" InteractionSize="0" IsImg="false" LinkNum="301" LinkTextLen="2969" ObjectRectHeight="3237" ObjectRectLeft="0" ObjectRectTop="0" ObjectRectWidth="1420" OptionNum="0" OptionTextLength="0" ParaNum="1" SourceIndex="105" TableNum="0" TextLen="4517" order="1">
<LayoutNode BgColor="#ffffff" ContainImg="4" ContainP="0" ContainTable="false" Content=" CẦN BÁN WEBSITE NÀY 0909107404 Đăng nhập Đăng ký Tìm kiếm Nhà đất bán Bán nhà mặt tiền Bán nhà trong hẻm Bán biệt thự, nhà liền kề Bán căn hộ chung cư Bán văn phòng Bán đất thổ cư, đất ở Bán đất nền, liền kề, đất dự án Bán đất nông, lâm nghiệp Bán trang trại Bán mặt bằng Bán phòng trọ, nhà trọ Bán nhà hàng, khách sạn Bán shop, kiot, quán Bán kho, xưởng Bán các loại BĐS khác Nhà đất cho thuê Cho thuê nhà nguyên căn Cho thuê phòng trọ Cho thuê nhà mặt tiền Cho thuê nhà trong hẻm Cho thuê biệt thự, nhà liền kề Cho thuê căn hộ chung cư Cho thuê văn phòng Cho thuê đất thổ cư, đất ở Cho thuê đất nền, liền kề, đất dự án Cho thuê đất nông, lâm nghiệp Cho thuê trang trại Cho thuê mặt bằng Cho thuê nhà hàng, khách sạn Cho thuê shop, kiot, quán Cho thuê kho, xưởng Cho thuê các loại BĐS khác Sang nhượng Sang quán cafe Sang quán ăn, nhà hàng Sang shop thời Trang Sang quán nhậu Sang bar, karaoke Sang spa, thẩm mỹ viện Sang tiệm tóc, salon beauty Sang quán bida Sang CLB thể hình Sang nhà thuốc tây Sang studio, áo cưới Sang cửa hàng, shop Sang mặt bằng kinh doanh Sang trường mầm non Sang cửa hàng điện thoại Sang tiệm net Sang khách sạn Sang tiệm Photocopy Dự án Căn hộ, chung cư Khu biệt thự Cao ốc văn phòng Khu thương mại Khu dân cư Nhà ở xã hội Khu đô thị mới Phong thủy Phong thủy phòng thờ Đặt bàn thờ thần tài Phong thủy nhà ở Phong thủy phòng khách Phong thủy cầu thang Phong thủy phòng làm việc Phong thủy bàn làm việc Phong thủy phòng ngủ Phong thủy nhà bếp Phong thủy mặt tiền Phong thủy phòng tắm Phong thủy sân vườn Phong thủy văn phòng Vật phẩm phong thủy Nhà cấp 4 theo phong thủy Tin tức Bất động sản Thị trường nhà đất Dự án bất động sản Nhà đẹp   Đăng tin miễn phí Đăng tin Nhà đất, Phòng trọ Đăng tin sang nhượng quán Đăng tin Dự án " DOMCldNum="3" DoC="5" FontSize="16" FontWeight="normal" FormNum="0" FormSize="0" FrameSourceIndex="0" ID="1-1" InteractionNum="0" InteractionSize="0" IsImg="false" LinkNum="22" LinkTextLen="130" ObjectHeight="105" ObjectRectHeight="215" ObjectRectLeft="0" ObjectRectTop="0" ObjectRectWidth="1420" ObjectWidth="262" ObjectX="125" ObjectY="10" OptionNum="0" OptionTextLength="0" ParaNum="0" SRC="&lt;img alt=&quot;diachinhadat.com&quot; class=&quot;img-responsive logo&quot; src=&quot;/images/logo.png&quot;/&gt;&lt;div class=&quot;col-md-12 col-sm-12&quot;&gt;                &lt;ul class=&quot;nav navbar-nav navbar-right navbar-nav-m&quot;&gt;    &lt;li class=&quot;welcome_title&quot;&gt;        &lt;a href=&quot;/&quot; style=&quot;color:red; font-weight:bold;&quot; target=&quot;_blank&quot;&gt;CẦN BÁN WEBSITE NÀY 0909107404&lt;/a&gt;    &lt;/li&gt;    &lt;!--li class=&quot;welcome_title&quot;&gt;        &lt;a href=&quot;http://muabancantho.vn&quot; target=&quot;_blank&quot; title=&quot;Rao vặt cần thơ&quot;&gt;&lt;img src=&quot;/images/raovatdaklak-icon.png&quot;/&gt; Raovatcantho.vn &lt;/a&gt;    &lt;/li--&gt;            &lt;li&gt;     &lt;a class=&quot;modal-link&quot; href=&quot;/dang-nhap-tai-khoan-dang-tin&quot; id=&quot;loginLink&quot; title=&quot;Đăng nhập tài khoản&quot;&gt;                &lt;img alt=&quot;Đăng nhập&quot; src=&quot;/images/login-icon.png&quot;/&gt; Đăng nhập            &lt;/a&gt;                    &lt;/li&gt;        &lt;li&gt;            &lt;a class=&quot;modal-link&quot; href=&quot;/dang-ky-tai-khoan-dang-tin&quot; id=&quot;registerLink&quot; title=&quot;Đăng ký tài khoản&quot;&gt;                &lt;img alt=&quot;Đăng ký&quot; src=&quot;/images/add-icon.png&quot;/&gt; Đăng ký            &lt;/a&gt;        &lt;/li&gt;&lt;/ul&gt;            &lt;/div&gt;&lt;nav class=&quot;navbar navbar-inverse&quot; id=&quot;nav_top&quot;&gt;            &lt;div class=&quot;container&quot;&gt;                &lt;div class=&quot;navbar-header&quot;&gt;                    &lt;button class=&quot;navbar-toggle&quot; data-target=&quot;#myNavbar&quot; data-toggle=&quot;collapse&quot; style=&quot;background: #e74c3c;&quot; type=&quot;button&quot;&gt;                        &lt;span class=&quot;icon-bar&quot;/&gt;                        &lt;span class=&quot;icon-bar&quot;/&gt;                        &lt;span class=&quot;icon-bar&quot;/&gt;                    &lt;/button&gt;                    &lt;a class=&quot;navbar-brand&quot; href=&quot;/&quot;&gt;                        &lt;span class=&quot;glyphicon glyphicon-home&quot; style=&quot;color:white&quot;/&gt;                    &lt;/a&gt;                    &lt;div class=&quot;navbar-brand&quot; data-toggle=&quot;collapse&quot; id=&quot;btnsearchmobile&quot; style=&quot;color:white&quot;&gt;                        &lt;span class=&quot;glyphicon glyphicon-search&quot;&gt; &lt;/span&gt; Tìm kiếm                    &lt;/div&gt;                                    &lt;/div&gt;                &lt;div class=&quot;collapse navbar-collapse&quot; id=&quot;myNavbar&quot;&gt;                    &lt;ul class=&quot;nav navbar-nav&quot;&gt;                        &lt;li class=&quot;dropdown&quot; itemprop=&quot;name&quot;&gt;                            &lt;a class=&quot;dropdown-toggle&quot; data-toggle=&quot;dropdown&quot; href=&quot;/nha-dat/ban-bat-dong-san&quot; itemprop=&quot;url&quot;&gt;Nhà đất bán&lt;/a&gt;                            &lt;ul class=&quot;dropdown-menu&quot;&gt;                                &lt;li&gt;&lt;a href=&quot;/nha-dat/ban-nha-mat-tien&quot;&gt;Bán nhà mặt tiền&lt;/a&gt;&lt;/li&gt;                                &lt;li&gt;&lt;a href=&quot;/nha-dat/ban-nha-trong-hem&quot;&gt;Bán nhà trong hẻm&lt;/a&gt;&lt;/li&gt;                                &lt;li&gt;&lt;a href=&quot;/nha-dat/ban-biet-thu-nha-lien-ke&quot;&gt;Bán biệt thự, nhà liền kề&lt;/a&gt;&lt;/li&gt;                                &lt;li&gt;&lt;a href=&quot;/nha-dat/ban-can-ho-chung-cu&quot;&gt;Bán căn hộ chung cư&lt;/a&gt;&lt;/li&gt;                                &lt;li&gt;&lt;a href=&quot;/nha-dat/ban-van-phong&quot;&gt;Bán văn phòng&lt;/a&gt;&lt;/li&gt;                                &lt;li&gt;&lt;a href=&quot;/nha-dat/ban-dat-tho-cu-dat-o&quot;&gt;Bán đất thổ cư, đất ở&lt;/a&gt;&lt;/li&gt;                                &lt;li&gt;&lt;a href=&quot;/nha-dat/ban-dat-nen-lien-ke-dat-du-an&quot;&gt;Bán đất nền, liền kề, đất dự án&lt;/a&gt;&lt;/li&gt;                                &lt;li&gt;&lt;a href=&quot;/nha-dat/ban-dat-nong-lam-nghiep&quot;&gt;Bán đất nông, lâm nghiệp&lt;/a&gt;&lt;/li&gt;                                &lt;li&gt;&lt;a href=&quot;/nha-dat/ban-trang-trai&quot;&gt;Bán trang trại&lt;/a&gt;&lt;/li&gt;                                &lt;li&gt;&lt;a href=&quot;/nha-dat/ban-mat-bang&quot;&gt;Bán mặt bằng&lt;/a&gt;&lt;/li&gt;                                &lt;li&gt;&lt;a href=&quot;/nha-dat/ban-phong-tro-nha-tro&quot;&gt;Bán phòng trọ, nhà trọ&lt;/a&gt;&lt;/li&gt;                                &lt;li&gt;&lt;a href=&quot;/nha-dat/ban-nha-hang-khach-san&quot;&gt;Bán nhà hàng, khách sạn&lt;/a&gt;&lt;/li&gt;                                &lt;li&gt;&lt;a href=&quot;/nha-dat/ban-shop-kiot-quan&quot;&gt;Bán shop, kiot, quán&lt;/a&gt;&lt;/li&gt;                                &lt;li&gt;&lt;a href=&quot;/nha-dat/ban-kho-xuong&quot;&gt;Bán kho, xưởng&lt;/a&gt;&lt;/li&gt;                                &lt;li&gt;&lt;a href=&quot;/nha-dat/ban-bat-dong-san&quot;&gt;Bán các loại BĐS khác&lt;/a&gt;&lt;/li&gt;                            &lt;/ul&gt;                        &lt;/li&gt;                        &lt;li class=&quot;dropdown&quot; itemprop=&quot;name&quot;&gt;                            &lt;a class=&quot;dropdown-toggle&quot; data-toggle=&quot;dropdown&quot; href=&quot;/nha-dat/cho-thue-bat-dong-san&quot; itemprop=&quot;url&quot;&gt;Nhà đất cho thuê&lt;/a&gt;                            &lt;ul class=&quot;dropdown-menu&quot;&gt;                                &lt;li&gt;&lt;a href=&quot;/nha-dat/cho-thue-nha-o&quot;&gt;Cho thuê nhà nguyên căn&lt;/a&gt;&lt;/li&gt;                                &lt;li&gt;&lt;a href=&quot;/nha-dat/cho-thue-phong-tro-nha-tro&quot;&gt;Cho thuê phòng trọ&lt;/a&gt;&lt;/li&gt;                                &lt;li&gt;&lt;a href=&quot;/nha-dat/cho-thue-nha-mat-tien&quot;&gt;Cho thuê nhà mặt tiền&lt;/a&gt;&lt;/li&gt;                                &lt;li&gt;&lt;a href=&quot;/nha-dat/cho-thue-nha-trong-hem&quot;&gt;Cho thuê nhà trong hẻm&lt;/a&gt;&lt;/li&gt;                                &lt;li&gt;&lt;a href=&quot;/nha-dat/cho-thue-biet-thu-nha-lien-ke&quot;&gt;Cho thuê biệt thự, nhà liền kề&lt;/a&gt;&lt;/li&gt;                                &lt;li&gt;&lt;a href=&quot;/nha-dat/cho-thue-can-ho-chung-cu&quot;&gt;Cho thuê căn hộ chung cư&lt;/a&gt;&lt;/li&gt;                                &lt;li&gt;&lt;a href=&quot;/nha-dat/cho-thue-van-phong&quot;&gt;Cho thuê văn phòng&lt;/a&gt;&lt;/li&gt;                                &lt;li&gt;&lt;a href=&quot;/nha-dat/cho-thue-dat-tho-cu-dat-o&quot;&gt;Cho thuê đất thổ cư, đất ở&lt;/a&gt;&lt;/li&gt;                                &lt;li&gt;&lt;a href=&quot;/nha-dat/cho-thue-dat-nen-lien-ke-dat-du-an&quot;&gt;Cho thuê đất nền, liền kề, đất dự án&lt;/a&gt;&lt;/li&gt;                                &lt;li&gt;&lt;a href=&quot;/nha-dat/cho-thue-dat-nong-lam-nghiep&quot;&gt;Cho thuê đất nông, lâm nghiệp&lt;/a&gt;&lt;/li&gt;                                &lt;li&gt;&lt;a href=&quot;/nha-dat/cho-thue-trang-trai&quot;&gt;Cho thuê trang trại&lt;/a&gt;&lt;/li&gt;                                &lt;li&gt;&lt;a href=&quot;/nha-dat/cho-thue-mat-bang&quot;&gt;Cho thuê mặt bằng&lt;/a&gt;&lt;/li&gt;                                &lt;li&gt;&lt;a href=&quot;/nha-dat/cho-thue-nha-hang-khach-san&quot;&gt;Cho thuê nhà hàng, khách sạn&lt;/a&gt;&lt;/li&gt;                                &lt;li&gt;&lt;a href=&quot;/nha-dat/cho-thue-shop-kiot-quan&quot;&gt;Cho thuê shop, kiot, quán&lt;/a&gt;&lt;/li&gt;                                &lt;li&gt;&lt;a href=&quot;/nha-dat/cho-thue-kho-xuong&quot;&gt;Cho thuê kho, xưởng&lt;/a&gt;&lt;/li&gt;                                &lt;li&gt;&lt;a href=&quot;/nha-dat/cho-thue-bat-dong-san&quot;&gt;Cho thuê các loại BĐS khác&lt;/a&gt;&lt;/li&gt;                            &lt;/ul&gt;                        &lt;/li&gt;                        &lt;li class=&quot;dropdown&quot; itemprop=&quot;name&quot;&gt;                            &lt;a class=&quot;dropdown-toggle&quot; data-toggle=&quot;dropdown&quot; href=&quot;/sang-nhuong&quot; itemprop=&quot;url&quot;&gt;Sang nhượng&lt;/a&gt;                            &lt;ul class=&quot;dropdown-menu&quot;&gt;                                &lt;li&gt;&lt;a href=&quot;/sang-nhuong/sang-quan-cafe&quot;&gt;Sang quán cafe&lt;/a&gt;&lt;/li&gt;                                &lt;li&gt;&lt;a href=&quot;/sang-nhuong/sang-quan-an-nha-hang&quot;&gt;Sang quán ăn, nhà hàng&lt;/a&gt;&lt;/li&gt;                                &lt;li&gt;&lt;a href=&quot;/sang-nhuong/sang-shop-thoi-trang&quot;&gt;Sang shop thời Trang&lt;/a&gt;&lt;/li&gt;                                &lt;li&gt;&lt;a href=&quot;/sang-nhuong/sang-quan-nhau&quot;&gt;Sang quán nhậu&lt;/a&gt;&lt;/li&gt;                                &lt;li&gt;&lt;a href=&quot;/sang-nhuong/sang-bar-karaoke&quot;&gt;Sang bar, karaoke&lt;/a&gt;&lt;/li&gt;                                &lt;li&gt;&lt;a href=&quot;/sang-nhuong/sang-spa-tham-my-vien&quot;&gt;Sang spa, thẩm mỹ viện&lt;/a&gt;&lt;/li&gt;                                &lt;li&gt;&lt;a href=&quot;/sang-nhuong/sang-tiem-toc-salon-beauty&quot;&gt;Sang tiệm tóc, salon beauty&lt;/a&gt;&lt;/li&gt;                                &lt;li&gt;&lt;a href=&quot;/sang-nhuong/sang-quan-bida&quot;&gt;Sang quán bida&lt;/a&gt;&lt;/li&gt;                                &lt;li&gt;&lt;a href=&quot;/sang-nhuong/sang-clb-the-hinh&quot;&gt;Sang CLB thể hình&lt;/a&gt;&lt;/li&gt;                                &lt;li&gt;&lt;a href=&quot;/sang-nhuong/sang-nha-thuoc-tay&quot;&gt;Sang nhà thuốc tây&lt;/a&gt;&lt;/li&gt;                                &lt;li&gt;&lt;a href=&quot;/sang-nhuong/sang-studio-ao-cuoi&quot;&gt;Sang studio, áo cưới&lt;/a&gt;&lt;/li&gt;                                &lt;li&gt;&lt;a href=&quot;/sang-nhuong/sang-cua-hang-shop&quot;&gt;Sang cửa hàng, shop&lt;/a&gt;&lt;/li&gt;                                &lt;li&gt;&lt;a href=&quot;/sang-nhuong/sang-mat-bang-kinh-doanh&quot;&gt;Sang mặt bằng kinh doanh&lt;/a&gt;&lt;/li&gt;                                &lt;li&gt;&lt;a href=&quot;/sang-nhuong/sang-truong-mam-non&quot;&gt;Sang trường mầm non&lt;/a&gt;&lt;/li&gt;                                &lt;li&gt;&lt;a href=&quot;/sang-nhuong/sang-cua-hang-dien-thoai&quot;&gt;Sang cửa hàng điện thoại&lt;/a&gt;&lt;/li&gt;                                &lt;li&gt;&lt;a href=&quot;/sang-nhuong/sang-tiem-net&quot;&gt;Sang tiệm net&lt;/a&gt;&lt;/li&gt;                                &lt;li&gt;&lt;a href=&quot;/sang-nhuong/sang-khach-san&quot;&gt;Sang khách sạn&lt;/a&gt;&lt;/li&gt;                                &lt;li&gt;&lt;a href=&quot;/sang-nhuong/sang-tiem-photocopy&quot;&gt;Sang tiệm Photocopy&lt;/a&gt;&lt;/li&gt;                            &lt;/ul&gt;                        &lt;/li&gt;                        &lt;li class=&quot;dropdown menu_responsive_hide&quot; itemprop=&quot;name&quot;&gt;                            &lt;a class=&quot;dropdown-toggle&quot; data-toggle=&quot;dropdown&quot; href=&quot;/du-an&quot; itemprop=&quot;url&quot;&gt;Dự án&lt;/a&gt;                            &lt;ul class=&quot;dropdown-menu&quot;&gt;                                &lt;li&gt;&lt;a href=&quot;/du-an/can-ho-chung-cu&quot;&gt;Căn hộ, chung cư&lt;/a&gt;&lt;/li&gt;                                &lt;li&gt;&lt;a href=&quot;/du-an/khu-biet-thu&quot;&gt;Khu biệt thự&lt;/a&gt;&lt;/li&gt;                                &lt;li&gt;&lt;a href=&quot;/du-an/cao-oc-van-phong&quot;&gt;Cao ốc văn phòng&lt;/a&gt;&lt;/li&gt;                                &lt;li&gt;&lt;a href=&quot;/du-an/khu-thuong-mai&quot;&gt;Khu thương mại&lt;/a&gt;&lt;/li&gt;                                &lt;li&gt;&lt;a href=&quot;/du-an/khu-dan-cu&quot;&gt;Khu dân cư&lt;/a&gt;&lt;/li&gt;                                &lt;li&gt;&lt;a href=&quot;/du-an/nha-o-xa-hoi&quot;&gt;Nhà ở xã hội&lt;/a&gt;&lt;/li&gt;                                &lt;li&gt;&lt;a href=&quot;/du-an/khu-do-thi-moi&quot;&gt;Khu đô thị mới&lt;/a&gt;&lt;/li&gt;                            &lt;/ul&gt;                        &lt;/li&gt;                        &lt;li class=&quot;dropdown menu_responsive_hide&quot; itemprop=&quot;name&quot;&gt;                            &lt;a class=&quot;dropdown-toggle&quot; data-toggle=&quot;dropdown&quot; href=&quot;/phong-thuy&quot; itemprop=&quot;url&quot;&gt;Phong thủy&lt;/a&gt;                            &lt;ul class=&quot;dropdown-menu&quot;&gt;                                &lt;li&gt;&lt;a href=&quot;/phong-thuy/phong-thuy-phong-tho&quot;&gt;Phong thủy phòng thờ&lt;/a&gt;&lt;/li&gt;                                &lt;li&gt;&lt;a href=&quot;/phong-thuy/dat-ban-tho-than-tai&quot;&gt;Đặt bàn thờ thần tài&lt;/a&gt;&lt;/li&gt;                                &lt;li&gt;&lt;a href=&quot;/phong-thuy/phong-thuy-nha-o&quot;&gt;Phong thủy nhà ở&lt;/a&gt;&lt;/li&gt;                                &lt;li&gt;&lt;a href=&quot;/phong-thuy/phong-thuy-phong-khach&quot;&gt;Phong thủy phòng khách&lt;/a&gt;&lt;/li&gt;                                &lt;li&gt;&lt;a href=&quot;/phong-thuy/phong-thuy-cau-thang&quot;&gt;Phong thủy cầu thang&lt;/a&gt;&lt;/li&gt;                                &lt;li&gt;&lt;a href=&quot;/phong-thuy/phong-thuy-phong-lam-viec&quot;&gt;Phong thủy phòng làm việc&lt;/a&gt;&lt;/li&gt;                                &lt;li&gt;&lt;a href=&quot;/phong-thuy/phong-thuy-ban-lam-viec&quot;&gt;Phong thủy bàn làm việc&lt;/a&gt;&lt;/li&gt;                                &lt;li&gt;&lt;a href=&quot;/phong-thuy/phong-thuy-phong-ngu&quot;&gt;Phong thủy phòng ngủ&lt;/a&gt;&lt;/li&gt;                                &lt;li&gt;&lt;a href=&quot;/phong-thuy/phong-thuy-nha-bep&quot;&gt;Phong thủy nhà bếp&lt;/a&gt;&lt;/li&gt;                                &lt;li&gt;&lt;a href=&quot;/phong-thuy/phong-thuy-mat-tien&quot;&gt;Phong thủy mặt tiền&lt;/a&gt;&lt;/li&gt;                                &lt;li&gt;&lt;a href=&quot;/phong-thuy/phong-thuy-phong-tam&quot;&gt;Phong thủy phòng tắm&lt;/a&gt;&lt;/li&gt;                                &lt;li&gt;&lt;a href=&quot;/phong-thuy/phong-thuy-san-vuon&quot;&gt;Phong thủy sân vườn&lt;/a&gt;&lt;/li&gt;                                &lt;li&gt;&lt;a href=&quot;/phong-thuy/phong-thuy-van-phong&quot;&gt;Phong thủy văn phòng&lt;/a&gt;&lt;/li&gt;                                &lt;li&gt;&lt;a href=&quot;/phong-thuy/vat-pham-phong-thuy&quot;&gt;Vật phẩm phong thủy&lt;/a&gt;&lt;/li&gt;                                &lt;li&gt;&lt;a href=&quot;/phong-thuy/nha-cap-4-theo-phong-thuy&quot;&gt;Nhà cấp 4 theo phong thủy&lt;/a&gt;&lt;/li&gt;                            &lt;/ul&gt;                        &lt;/li&gt;                        &lt;li class=&quot;dropdown menu_responsive_hide&quot; itemprop=&quot;name&quot;&gt;                            &lt;a class=&quot;dropdown-toggle&quot; data-toggle=&quot;dropdown&quot; href=&quot;/tin-tuc&quot; itemprop=&quot;url&quot;&gt;Tin tức&lt;/a&gt;                            &lt;ul class=&quot;dropdown-menu&quot;&gt;                                &lt;li&gt;&lt;a href=&quot;/tin-tuc/bat-dong-san&quot;&gt;Bất động sản&lt;/a&gt;&lt;/li&gt;                                &lt;li&gt;&lt;a href=&quot;/tin-tuc/thi-truong&quot;&gt;Thị trường nhà đất&lt;/a&gt;&lt;/li&gt;                                &lt;li&gt;&lt;a href=&quot;/tin-tuc/du-an-bat-dong-san&quot;&gt;Dự án bất động sản&lt;/a&gt;&lt;/li&gt;                                &lt;li&gt;&lt;a href=&quot;/tin-tuc/nha-dep&quot;&gt;Nhà đẹp&lt;/a&gt;&lt;/li&gt;                            &lt;/ul&gt;                        &lt;/li&gt;                                            &lt;/ul&gt;                    &lt;ul class=&quot;nav navbar-nav navbar-right&quot;&gt;                        &lt;li class=&quot;dropdown&quot; style=&quot;background-color: #e32a2a;&quot;&gt;                            &lt;a class=&quot;dropdown-toggle&quot; data-toggle=&quot;dropdown&quot; href=&quot;/&quot;&gt;                                &lt;span class=&quot;glyphicon glyphicon-plus-sign&quot;/&gt;                                  Đăng tin miễn phí                            &lt;/a&gt;                            &lt;ul class=&quot;dropdown-menu&quot;&gt;                                &lt;li&gt;&lt;a href=&quot;/dang-tin-nha-dat&quot;&gt;Đăng tin Nhà đất, Phòng trọ&lt;/a&gt;&lt;/li&gt;                                &lt;li&gt;&lt;a href=&quot;/dang-tin-sang-nhuong-quan&quot;&gt;Đăng tin sang nhượng quán&lt;/a&gt;&lt;/li&gt;                                &lt;li&gt;&lt;a href=&quot;/dang-tin-du-an&quot;&gt;Đăng tin Dự án&lt;/a&gt;&lt;/li&gt;                            &lt;/ul&gt;                        &lt;/li&gt;                    &lt;/ul&gt;                &lt;/div&gt;            &lt;/div&gt;        &lt;/nav&gt;" SourceIndex="2103;141;172" TableNum="0" TextLen="130" order="2" xPath="/html[1]/body[1]/header[1]/div[1]/div[1]/div[1]/a[1]/img[1]"/>
<LayoutNode BgColor="#ffffff" ContainImg="0" ContainP="0" ContainTable="false" Content="Trang chủ › Nhà đất Bán › Nhà trong hẻm › Tp Hồ Chí Minh › Quận 1 " DOMCldNum="13" DoC="8" FontSize="16" FontWeight="normal" FormNum="0" FormSize="0" FrameSourceIndex="0" ID="1-2" InteractionNum="0" InteractionSize="0" IsImg="false" LinkNum="10" LinkTextLen="53" ObjectHeight="29" ObjectRectHeight="29" ObjectRectLeft="0" ObjectRectTop="235" ObjectRectWidth="1420" ObjectWidth="1140" ObjectX="125" ObjectY="235" OptionNum="0" OptionTextLength="0" ParaNum="0" SRC="&lt;nav&gt;    &lt;div class=&quot;breadcrumbs&quot;&gt;        &lt;ul class=&quot;list-inline&quot; itemscope=&quot;&quot; itemtype=&quot;http://schema.org/BreadcrumbList&quot;&gt;            &lt;li itemprop=&quot;itemListElement&quot; itemscope=&quot;&quot; itemtype=&quot;http://schema.org/ListItem&quot;&gt;                &lt;a href=&quot;/&quot; itemprop=&quot;item&quot; title=&quot;Mua bán nhà đất&quot;&gt;                    &lt;span itemprop=&quot;name&quot;&gt;Trang chủ&lt;/span&gt;                &lt;/a&gt;            &lt;/li&gt;            ›            &lt;li itemprop=&quot;itemListElement&quot; itemscope=&quot;&quot; itemtype=&quot;http://schema.org/ListItem&quot;&gt;                &lt;a href=&quot;/nha-dat/ban-bat-dong-san&quot; itemprop=&quot;item&quot; title=&quot;Nhà đất Bán&quot;&gt;                    &lt;span itemprop=&quot;name&quot;&gt;Nhà đất Bán&lt;/span&gt;                &lt;/a&gt;            &lt;/li&gt;            ›            &lt;li itemprop=&quot;itemListElement&quot; itemscope=&quot;&quot; itemtype=&quot;http://schema.org/ListItem&quot;&gt;                &lt;a href=&quot;/nha-dat/ban-nha-trong-hem&quot; itemprop=&quot;item&quot; title=&quot;Nhà trong hẻm&quot;&gt;                    &lt;span itemprop=&quot;name&quot;&gt;Nhà trong hẻm&lt;/span&gt;                &lt;/a&gt;            &lt;/li&gt;            ›            &lt;li itemprop=&quot;itemListElement&quot; itemscope=&quot;&quot; itemtype=&quot;http://schema.org/ListItem&quot;&gt;                &lt;a href=&quot;/nha-dat/ban-nha-trong-hem-tp-ho-chi-minh&quot; itemprop=&quot;item&quot; title=&quot;Tp Hồ Chí Minh&quot;&gt;                    &lt;span itemprop=&quot;name&quot;&gt;Tp Hồ Chí Minh&lt;/span&gt;                &lt;/a&gt;            &lt;/li&gt;            ›            &lt;li itemprop=&quot;itemListElement&quot; itemscope=&quot;&quot; itemtype=&quot;http://schema.org/ListItem&quot;&gt;                &lt;a href=&quot;/nha-dat/ban-nha-trong-hem-tp-ho-chi-minh-quan-1&quot; itemprop=&quot;item&quot; title=&quot;Quận 1&quot;&gt;                    &lt;span itemprop=&quot;name&quot;&gt;Quận 1&lt;/span&gt;                &lt;/a&gt;            &lt;/li&gt;        &lt;/ul&gt;    &lt;/div&gt;&lt;/nav&gt;" SourceIndex="590" TableNum="0" TextLen="65" order="3" xPath="/html[1]/body[1]/div[2]/nav[1]"/>
<LayoutNode BgColor="#ffffff" ContainImg="0" ContainP="0" ContainTable="false" Content="HIM Nhà 1/ TRUNG TÂM Q10 đầy đủ công năng 3T2PN ko lộ giới chỉ 1.7 tỷ TL. " DOMCldNum="11" DoC="5" FontSize="16" FontWeight="normal" FormNum="0" FormSize="0" FrameSourceIndex="0" ID="1-3" InteractionNum="0" InteractionSize="0" IsImg="false" LinkNum="0" LinkTextLen="0" ObjectHeight="33" ObjectRectHeight="33" ObjectRectLeft="0" ObjectRectTop="274" ObjectRectWidth="1420" ObjectWidth="1140" ObjectX="140" ObjectY="274" OptionNum="0" OptionTextLength="0" ParaNum="0" SRC="&lt;div class=&quot;container&quot;&gt;        &lt;div class=&quot;row&quot;&gt;            &lt;h1 style=&quot;font-size: 20px; font-weight: bold; margin-top: 0px&quot;&gt;HIM Nhà 1/ TRUNG TÂM Q10 đầy đủ công năng 3T2PN ko lộ giới chỉ 1.7 tỷ TL. &lt;/h1&gt;        &lt;/div&gt;        &lt;div class=&quot;social-button&quot;&gt;                                &lt;div class=&quot;facebook_share&quot;&gt;                &lt;!--div class=&quot;fb-like fb-share-button&quot; data-href=&quot;https://diachinhadat.com/ban-nha-trong-hem-quan-1-him-nha-1-trung-tam-q10-day-du-188897&quot; data-layout=&quot;button_count&quot;&gt;&lt;/div--&gt;    &lt;div class=&quot;fb-like&quot; data-action=&quot;like&quot; data-href=&quot;https://diachinhadat.com/ban-nha-trong-hem-quan-1-him-nha-1-trung-tam-q10-day-du-188897&quot; data-layout=&quot;button_count&quot; data-share=&quot;true&quot; data-show-faces=&quot;false&quot; id=&quot;likepost&quot;/&gt;            &lt;/div&gt;        &lt;/div&gt;    &lt;/div&gt;" SourceIndex="648" TableNum="0" TextLen="73" order="4" xPath="/html[1]/body[1]/div[2]/div[1]/div[1]"/>
<LayoutNode BgColor="#ffffff" ContainImg="6" ContainP="2" ContainTable="true" DOMCldNum="5" DoC="7" FontSize="16" FontWeight="normal" FormNum="0" FormSize="0" FrameSourceIndex="0" ID="1-4" InteractionNum="0" InteractionSize="0" IsImg="false" LinkNum="0" LinkTextLen="0" ObjectRectHeight="509" ObjectRectLeft="0" ObjectRectTop="317" ObjectRectWidth="1420" OptionNum="0" OptionTextLength="0" ParaNum="0" SourceIndex="681" TableNum="0" TextLen="182" order="5">
<LayoutNode BgColor="#ffffff" ContainImg="6" ContainP="0" ContainTable="false" DOMCldNum="5" DoC="7" FontSize="16" FontWeight="normal" FormNum="0" FormSize="0" FrameSourceIndex="0" ID="1-4-1" InteractionNum="0" InteractionSize="0" IsImg="false" LinkNum="0" LinkTextLen="0" ObjectRectHeight="509" ObjectRectLeft="0" ObjectRectTop="317" ObjectRectWidth="869" OptionNum="0" OptionTextLength="0" ParaNum="0" SourceIndex="681" TableNum="0" TextLen="0" order="6">
<LayoutNode BgColor="#ffffff" ContainImg="4" ContainP="0" ContainTable="false" DOMCldNum="5" DoC="7" FontSize="16" FontWeight="normal" FormNum="0" FormSize="0" FrameSourceIndex="0" ID="1-4-1-1" InteractionNum="0" InteractionSize="0" IsImg="false" LinkNum="0" LinkTextLen="0" ObjectRectHeight="363" ObjectRectLeft="0" ObjectRectTop="317" ObjectRectWidth="869" OptionNum="0" OptionTextLength="0" ParaNum="0" SourceIndex="681" TableNum="0" TextLen="0" order="7">
<LayoutNode BgColor="#ffffff" ContainImg="2" ContainP="0" ContainTable="false" Content=" " DOMCldNum="5" DoC="11" FontSize="16" FontWeight="normal" FormNum="0" FormSize="0" FrameSourceIndex="0" ID="1-4-1-1-1" InteractionNum="0" InteractionSize="0" IsImg="true" LinkNum="0" LinkTextLen="0" ObjectHeight="358" ObjectRectHeight="363" ObjectRectLeft="0" ObjectRectTop="317" ObjectRectWidth="356" ObjectWidth="225" ObjectX="131" ObjectY="323" OptionNum="0" OptionTextLength="0" ParaNum="0" SRC="&lt;img alt=&quot;him nhà 1/ trung tâm q10 đầy đủ công năng 3t2pn ko lộ giới c-317699&quot; class=&quot;img-responsive small-responsive&quot; id=&quot;largeImage&quot; src=&quot;/files/nhadat/2020/6/28/images/2e9adedb-35d2-4bdc-a36f-590d2de7c2bf.jpg&quot;/&gt;" SourceIndex="2679" TableNum="0" TextLen="0" order="8" xPath="/html[1]/body[1]/div[2]/div[1]/div[2]/div[1]/article[1]/div[1]/div[1]/div[1]/img[2]"/>
<LayoutNode BgColor="#ffffff" ContainImg="2" ContainP="0" ContainTable="false" Content=" " DOMCldNum="5" DoC="11" FontSize="16" FontWeight="normal" FormNum="0" FormSize="0" FrameSourceIndex="0" ID="1-4-1-1-2" InteractionNum="0" InteractionSize="0" IsImg="true" LinkNum="0" LinkTextLen="0" ObjectHeight="24" ObjectRectHeight="363" ObjectRectLeft="863" ObjectRectTop="317" ObjectRectWidth="6" ObjectWidth="24" ObjectX="863" ObjectY="322" OptionNum="0" OptionTextLength="0" ParaNum="0" SRC="&lt;img id=&quot;rotateimg&quot; src=&quot;images/rotate.png&quot; style=&quot;position:absolute; right:10px; cursor: pointer;&quot; width=&quot;24px&quot;/&gt;" SourceIndex="2677" TableNum="0" TextLen="0" order="9" xPath="/html[1]/body[1]/div[2]/div[1]/div[2]/div[1]/article[1]/div[1]/div[1]/div[1]/img[1]"/>
</LayoutNode>
<LayoutNode BgColor="#ffffff" ContainImg="2" ContainP="0" ContainTable="false" Content=" " DOMCldNum="7" DoC="11" FontSize="16" FontWeight="normal" FormNum="0" FormSize="0" FrameSourceIndex="0" ID="1-4-1-2" InteractionNum="0" InteractionSize="0" IsImg="true" LinkNum="0" LinkTextLen="0" ObjectHeight="100" ObjectRectHeight="107" ObjectRectLeft="0" ObjectRectTop="719" ObjectRectWidth="869" ObjectWidth="100" ObjectX="144" ObjectY="719" OptionNum="0" OptionTextLength="0" ParaNum="0" SRC="&lt;img alt=&quot;him nhà 1/ trung tâm q10 đầy đủ công năng 3t2pn ko lộ giới c-317699&quot; class=&quot;img-responsive&quot; src=&quot;/files/nhadat/2020/6/28/images/2e9adedb-35d2-4bdc-a36f-590d2de7c2bf.jpg&quot; style=&quot;width:100px; height:100px;&quot;/&gt;" SourceIndex="2686" TableNum="0" TextLen="0" order="10" xPath="/html[1]/body[1]/div[2]/div[1]/div[2]/div[1]/article[1]/div[1]/div[1]/div[2]/img[1]"/>
</LayoutNode>
<LayoutNode BgColor="#fdfdfd" ContainImg="0" ContainP="2" ContainTable="true" DOMCldNum="9" DoC="8" FontSize="16" FontWeight="normal" FormNum="0" FormSize="0" FrameSourceIndex="0" ID="1-4-2" InteractionNum="0" InteractionSize="0" IsImg="false" LinkNum="0" LinkTextLen="0" ObjectRectHeight="509" ObjectRectLeft="904" ObjectRectTop="317" ObjectRectWidth="516" OptionNum="0" OptionTextLength="0" ParaNum="0" SourceIndex="717" TableNum="0" TextLen="182" order="11">
<LayoutNode BgColor="#fdfdfd" ContainImg="0" ContainP="2" ContainTable="false" Content="Ngày đăng: Hôm nay trung tâm Q10 Diện tích: 12 m2 0909813198 " DOMCldNum="9" DoC="8" FontSize="16" FontWeight="normal" FormNum="0" FormSize="0" FrameSourceIndex="0" ID="1-4-2-1" InteractionNum="0" InteractionSize="0" IsImg="false" LinkNum="0" LinkTextLen="0" ObjectHeight="241" ObjectRectHeight="242" ObjectRectLeft="904" ObjectRectTop="317" ObjectRectWidth="516" ObjectWidth="317" ObjectX="925" ObjectY="318" OptionNum="0" OptionTextLength="0" ParaNum="0" SRC="&lt;div class=&quot;support-tip&quot;&gt;                &lt;div style=&quot;float:right&quot;&gt;                &lt;/div&gt;                &lt;span class=&quot;text-primary&quot;&gt;Mã tin: 188897&lt;/span&gt;                &lt;h2 style=&quot;font-size:30px;&quot;&gt;                    &lt;script&gt;                        document.write('&lt;span style=&quot;color:rgb(228, 27, 35); font-weight:bold&quot;&gt;' + ConvertNumberToText(1700000) + '&lt;/span&gt;')                    &lt;/script&gt;                &lt;/h2&gt;                &lt;div&gt;                        Ngày đăng:                            &lt;font XDefaultStyle=&quot;;color: red;&quot; color=&quot;red&quot;&gt;Hôm nay&lt;/font&gt;                &lt;/div&gt;                &lt;!-- Small button group --&gt;                &lt;div class=&quot;clear&quot;/&gt;                &lt;div class=&quot;short-license&quot;&gt;                    &lt;p itemprop=&quot;streetAddress&quot;&gt;&lt;i class=&quot;glyphicon glyphicon-map-marker&quot;/&gt; trung tâm Q10&lt;/p&gt;                                        &lt;p&gt;                        &lt;i class=&quot;glyphicon glyphicon-globe&quot;/&gt;Diện tích:                            &lt;span class=&quot;dds&quot;&gt; 12 m2&lt;/span&gt;                    &lt;/p&gt;                         &lt;div aria-label=&quot;...&quot; class=&quot;btn-group cart-block&quot; role=&quot;group&quot;&gt;                        &lt;div class=&quot;addcart&quot; style=&quot;width: 100%;background: #e32a2a;color: white;height: 50px;padding: 10px;text-align: center;font-size: 20px;&quot;&gt;                            &lt;b class=&quot;phone&quot; itemprop=&quot;telephone&quot;&gt;                                0909813198                            &lt;/b&gt;                        &lt;/div&gt;                    &lt;/div&gt;                &lt;/div&gt;            &lt;/div&gt;" SourceIndex="719" TableNum="0" TextLen="74" order="12" xPath="/html[1]/body[1]/div[2]/div[1]/div[2]/div[2]/div[1]"/>
<LayoutNode BgColor="#fdfdfd" ContainImg="0" ContainP="0" ContainTable="true" Content="Thông tin khác Quận/Huyện: Quận 1, Tp Hồ Chí Minh Chiều rộng: (m) Chiều dài: (m) Đường hẻm vào: (m) Số tầng: Số phòng: " DOMCldNum="9" DoC="8" FontSize="16" FontWeight="normal" FormNum="0" FormSize="0" FrameSourceIndex="0" ID="1-4-2-2" InteractionNum="0" InteractionSize="0" IsImg="false" LinkNum="0" LinkTextLen="0" ObjectHeight="195" ObjectRectHeight="216" ObjectRectLeft="904" ObjectRectTop="610" ObjectRectWidth="516" ObjectWidth="317" ObjectX="925" ObjectY="610" OptionNum="0" OptionTextLength="0" ParaNum="0" SRC="&lt;div class=&quot;support-tip&quot;&gt;                &lt;h3&gt;Thông tin khác&lt;/h3&gt;                &lt;div class=&quot;table-responsive&quot;&gt;                    &lt;table class=&quot;table table-condensed&quot;&gt;                        &lt;tr&gt;                            &lt;td class=&quot;meta-attributes__attr-name&quot;&gt;Quận/Huyện:&lt;/td&gt;       &lt;td class=&quot;meta-attributes__attr-detail&quot;&gt;&lt;strong itemprop=&quot;addressLocality&quot;&gt;Quận 1&lt;/strong&gt;,&lt;strong itemprop=&quot;addressRegion&quot;&gt; Tp Hồ Chí Minh&lt;/strong&gt;&lt;/td&gt;                        &lt;/tr&gt;                        &lt;tr&gt;                            &lt;td class=&quot;meta-attributes__attr-name&quot;&gt;Chiều rộng:&lt;/td&gt;                            &lt;td class=&quot;meta-attributes__attr-detail&quot;&gt;&lt;strong&gt; (m)&lt;/strong&gt;&lt;/td&gt;                        &lt;/tr&gt;                        &lt;tr&gt;                            &lt;td class=&quot;meta-attributes__attr-name&quot;&gt;Chiều dài:&lt;/td&gt;                            &lt;td class=&quot;meta-attributes__attr-detail&quot;&gt;&lt;strong&gt; (m)&lt;/strong&gt;&lt;/td&gt;                        &lt;/tr&gt;                        &lt;tr&gt;                            &lt;td class=&quot;meta-attributes__attr-name&quot;&gt;Đường hẻm vào:&lt;/td&gt;                            &lt;td class=&quot;meta-attributes__attr-detail&quot;&gt;&lt;strong&gt; (m)&lt;/strong&gt;&lt;/td&gt;                        &lt;/tr&gt;                        &lt;tr&gt;                            &lt;td class=&quot;meta-attributes__attr-name&quot;&gt;Số tầng:&lt;/td&gt;                            &lt;td class=&quot;meta-attributes__attr-detail&quot;&gt;&lt;strong/&gt;&lt;/td&gt;                        &lt;/tr&gt;                        &lt;tr&gt;                            &lt;td class=&quot;meta-attributes__attr-name&quot;&gt;Số phòng:&lt;/td&gt;                            &lt;td class=&quot;meta-attributes__attr-detail&quot;&gt;&lt;strong/&gt;&lt;/td&gt;                        &lt;/tr&gt;                    &lt;/table&gt;                &lt;/div&gt;            &lt;/div&gt;" SourceIndex="772" TableNum="0" TextLen="108" order="13" xPath="/html[1]/body[1]/div[2]/div[1]/div[2]/div[2]/div[3]"/>
</LayoutNode>
</LayoutNode>
<LayoutNode BgColor="#ffffff" ContainImg="0" ContainP="1" ContainTable="false" DOMCldNum="9" DoC="5" FontSize="16" FontWeight="normal" FormNum="0" FormSize="0" FrameSourceIndex="0" ID="1-5" InteractionNum="0" InteractionSize="0" IsImg="false" LinkNum="50" LinkTextLen="695" ObjectRectHeight="306" ObjectRectLeft="0" ObjectRectTop="843" ObjectRectWidth="1420" OptionNum="0" OptionTextLength="0" ParaNum="1" SourceIndex="852" TableNum="0" TextLen="1166" order="14">
<LayoutNode BgColor="#ffffff" ContainImg="0" ContainP="1" ContainTable="false" Content="Thông tin nhà đất HIẾM!! Nhà 1/ TRUNG TÂM Q10 đầy đủ công năng 3T2PN ko lộ giới chỉ 1.7 tỷ TL. - Ngay trung tâm Q10 giao thông thuận lợi, tiện ích đầy đủ bao quanh trong bán kính chỉ 300-500m. - HBG nhựa sạch sẽ thẳng tắp đến nhà, khu dân trí an ninh. - Kết cấu trệt, 2 lầu, 2PN rộng rãi, balcon thoáng mát sạch sẽ ở ngay. - Sổ hồng vuông vức, không lộ giới, không quy hoạch công chứng trong ngày GIÁ RẺ chỉ 1.7 tỷ TL KHÁCH THIỆN CHÍ. - LH 0909813198 MTG. " DOMCldNum="9" DoC="5" FontSize="16" FontWeight="normal" FormNum="0" FormSize="0" FrameSourceIndex="0" ID="1-5-1" InteractionNum="0" InteractionSize="0" IsImg="false" LinkNum="0" LinkTextLen="0" ObjectHeight="64" ObjectRectHeight="306" ObjectRectLeft="0" ObjectRectTop="843" ObjectRectWidth="864" ObjectWidth="729" ObjectX="135" ObjectY="853" OptionNum="0" OptionTextLength="0" ParaNum="1" SRC="&lt;div class=&quot;support-category&quot;&gt;                        &lt;h3&gt;Thông tin nhà đất&lt;/h3&gt;                    &lt;/div&gt;&lt;p&gt;                        HIẾM!! Nhà 1/ TRUNG TÂM Q10 đầy đủ công năng 3T2PN ko lộ giới chỉ 1.7 tỷ TL.&lt;br/&gt;&lt;br/&gt;- Ngay trung tâm Q10 giao thông thuận lợi, tiện ích đầy đủ bao quanh trong bán kính chỉ 300-500m.&lt;br/&gt;- HBG nhựa sạch sẽ thẳng tắp đến nhà, khu dân trí an ninh.&lt;br/&gt;- Kết cấu trệt, 2 lầu, 2PN rộng rãi, balcon thoáng mát sạch sẽ ở ngay.&lt;br/&gt;- Sổ hồng vuông vức, không lộ giới, không quy hoạch công chứng trong ngày GIÁ RẺ chỉ 1.7 tỷ TL KHÁCH THIỆN CHÍ.&lt;br/&gt;- LH 0909813198 MTG.                    &lt;/p&gt;" SourceIndex="854;860" TableNum="0" TextLen="471" order="15" xPath="/html[1]/body[1]/div[2]/div[1]/div[2]/div[3]/article[1]/div[1]/div[1]"/>
<LayoutNode BgColor="#ffffff" ContainImg="0" ContainP="0" ContainTable="false" Content="Bán Nhà trong hẻm Tp Hồ Chí Minh Bán Nhà trong hẻm Quận 1 Bán Nhà trong hẻm Quận 2 Bán Nhà trong hẻm Quận 3 Bán Nhà trong hẻm Quận 4 Bán Nhà trong hẻm Quận 5 Bán Nhà trong hẻm Quận 6 Bán Nhà trong hẻm Quận 7 Bán Nhà trong hẻm Quận 8 Bán Nhà trong hẻm Quận 9 Bán Nhà trong hẻm Quận 10 Bán Nhà trong hẻm Quận 11 Bán Nhà trong hẻm Quận 12 Bán Nhà trong hẻm Quận Bình Tân Bán Nhà trong hẻm Quận Bình Thạnh Bán Nhà trong hẻm Quận Gò Vấp Bán Nhà trong hẻm Quận Phú Nhuận Bán Nhà trong hẻm Quận Tân Bình Bán Nhà trong hẻm Quận Tân Phú Bán Nhà trong hẻm Quận Thủ Đức Bán Nhà trong hẻm Huyện Bình Chánh Bán Nhà trong hẻm Huyện Cần Giờ Bán Nhà trong hẻm Huyện Củ Chi Bán Nhà trong hẻm Huyện Hóc Môn Bán Nhà trong hẻm Huyện Nhà Bè " DOMCldNum="11" DoC="5" FontSize="16" FontWeight="normal" FormNum="0" FormSize="0" FrameSourceIndex="0" ID="1-5-2" InteractionNum="0" InteractionSize="0" IsImg="false" LinkNum="50" LinkTextLen="695" ObjectHeight="64" ObjectRectHeight="306" ObjectRectLeft="904" ObjectRectTop="843" ObjectRectWidth="516" ObjectWidth="359" ObjectX="904" ObjectY="843" OptionNum="0" OptionTextLength="0" ParaNum="0" SRC="&lt;div class=&quot;sidebar-widget&quot;&gt;                &lt;div class=&quot;list-group&quot;&gt;                    &lt;div class=&quot;support-category&quot;&gt;                        &lt;a href=&quot;/nha-dat/ban-nha-trong-hem-tp-ho-chi-minh&quot; title=&quot;Bán Nhà trong hẻm Tp Hồ Chí Minh&quot;&gt;                            &lt;h3&gt;                                Bán Nhà trong hẻm Tp Hồ Chí Minh                            &lt;/h3&gt;                        &lt;/a&gt;                    &lt;/div&gt;                    &lt;div class=&quot;col-xs-12&quot; style=&quot;padding:0; border:none&quot;&gt;                            &lt;a class=&quot;list-group-item&quot; href=&quot;/nha-dat/ban-nha-trong-hem-tp-ho-chi-minh-quan-1&quot; title=&quot;Bán Nhà trong hẻm Quận 1&quot;&gt;Bán Nhà trong hẻm &lt;b&gt;Quận 1&lt;/b&gt;&lt;/a&gt;                            &lt;a class=&quot;list-group-item&quot; href=&quot;/nha-dat/ban-nha-trong-hem-tp-ho-chi-minh-quan-2&quot; title=&quot;Bán Nhà trong hẻm Quận 2&quot;&gt;Bán Nhà trong hẻm &lt;b&gt;Quận 2&lt;/b&gt;&lt;/a&gt;                            &lt;a class=&quot;list-group-item&quot; href=&quot;/nha-dat/ban-nha-trong-hem-tp-ho-chi-minh-quan-3&quot; title=&quot;Bán Nhà trong hẻm Quận 3&quot;&gt;Bán Nhà trong hẻm &lt;b&gt;Quận 3&lt;/b&gt;&lt;/a&gt;                            &lt;a class=&quot;list-group-item&quot; href=&quot;/nha-dat/ban-nha-trong-hem-tp-ho-chi-minh-quan-4&quot; title=&quot;Bán Nhà trong hẻm Quận 4&quot;&gt;Bán Nhà trong hẻm &lt;b&gt;Quận 4&lt;/b&gt;&lt;/a&gt;                            &lt;a class=&quot;list-group-item&quot; href=&quot;/nha-dat/ban-nha-trong-hem-tp-ho-chi-minh-quan-5&quot; title=&quot;Bán Nhà trong hẻm Quận 5&quot;&gt;Bán Nhà trong hẻm &lt;b&gt;Quận 5&lt;/b&gt;&lt;/a&gt;                            &lt;a class=&quot;list-group-item&quot; href=&quot;/nha-dat/ban-nha-trong-hem-tp-ho-chi-minh-quan-6&quot; title=&quot;Bán Nhà trong hẻm Quận 6&quot;&gt;Bán Nhà trong hẻm &lt;b&gt;Quận 6&lt;/b&gt;&lt;/a&gt;                            &lt;a class=&quot;list-group-item&quot; href=&quot;/nha-dat/ban-nha-trong-hem-tp-ho-chi-minh-quan-7&quot; title=&quot;Bán Nhà trong hẻm Quận 7&quot;&gt;Bán Nhà trong hẻm &lt;b&gt;Quận 7&lt;/b&gt;&lt;/a&gt;                            &lt;a class=&quot;list-group-item&quot; href=&quot;/nha-dat/ban-nha-trong-hem-tp-ho-chi-minh-quan-8&quot; title=&quot;Bán Nhà trong hẻm Quận 8&quot;&gt;Bán Nhà trong hẻm &lt;b&gt;Quận 8&lt;/b&gt;&lt;/a&gt;                            &lt;a class=&quot;list-group-item&quot; href=&quot;/nha-dat/ban-nha-trong-hem-tp-ho-chi-minh-quan-9&quot; title=&quot;Bán Nhà trong hẻm Quận 9&quot;&gt;Bán Nhà trong hẻm &lt;b&gt;Quận 9&lt;/b&gt;&lt;/a&gt;                            &lt;a class=&quot;list-group-item&quot; href=&quot;/nha-dat/ban-nha-trong-hem-tp-ho-chi-minh-quan-10&quot; title=&quot;Bán Nhà trong hẻm Quận 10&quot;&gt;Bán Nhà trong hẻm &lt;b&gt;Quận 10&lt;/b&gt;&lt;/a&gt;                            &lt;a class=&quot;list-group-item&quot; href=&quot;/nha-dat/ban-nha-trong-hem-tp-ho-chi-minh-quan-11&quot; title=&quot;Bán Nhà trong hẻm Quận 11&quot;&gt;Bán Nhà trong hẻm &lt;b&gt;Quận 11&lt;/b&gt;&lt;/a&gt;                            &lt;a class=&quot;list-group-item&quot; href=&quot;/nha-dat/ban-nha-trong-hem-tp-ho-chi-minh-quan-12&quot; title=&quot;Bán Nhà trong hẻm Quận 12&quot;&gt;Bán Nhà trong hẻm &lt;b&gt;Quận 12&lt;/b&gt;&lt;/a&gt;                            &lt;a class=&quot;list-group-item&quot; href=&quot;/nha-dat/ban-nha-trong-hem-tp-ho-chi-minh-quan-binh-tan&quot; title=&quot;Bán Nhà trong hẻm Quận Bình Tân&quot;&gt;Bán Nhà trong hẻm &lt;b&gt;Quận Bình Tân&lt;/b&gt;&lt;/a&gt;                            &lt;a class=&quot;list-group-item&quot; href=&quot;/nha-dat/ban-nha-trong-hem-tp-ho-chi-minh-quan-binh-thanh&quot; title=&quot;Bán Nhà trong hẻm Quận Bình Thạnh&quot;&gt;Bán Nhà trong hẻm &lt;b&gt;Quận Bình Thạnh&lt;/b&gt;&lt;/a&gt;                            &lt;a class=&quot;list-group-item&quot; href=&quot;/nha-dat/ban-nha-trong-hem-tp-ho-chi-minh-quan-go-vap&quot; title=&quot;Bán Nhà trong hẻm Quận Gò Vấp&quot;&gt;Bán Nhà trong hẻm &lt;b&gt;Quận Gò Vấp&lt;/b&gt;&lt;/a&gt;                            &lt;a class=&quot;list-group-item&quot; href=&quot;/nha-dat/ban-nha-trong-hem-tp-ho-chi-minh-quan-phu-nhuan&quot; title=&quot;Bán Nhà trong hẻm Quận Phú Nhuận&quot;&gt;Bán Nhà trong hẻm &lt;b&gt;Quận Phú Nhuận&lt;/b&gt;&lt;/a&gt;                            &lt;a class=&quot;list-group-item&quot; href=&quot;/nha-dat/ban-nha-trong-hem-tp-ho-chi-minh-quan-tan-binh&quot; title=&quot;Bán Nhà trong hẻm Quận Tân Bình&quot;&gt;Bán Nhà trong hẻm &lt;b&gt;Quận Tân Bình&lt;/b&gt;&lt;/a&gt;                            &lt;a class=&quot;list-group-item&quot; href=&quot;/nha-dat/ban-nha-trong-hem-tp-ho-chi-minh-quan-tan-phu&quot; title=&quot;Bán Nhà trong hẻm Quận Tân Phú&quot;&gt;Bán Nhà trong hẻm &lt;b&gt;Quận Tân Phú&lt;/b&gt;&lt;/a&gt;                            &lt;a class=&quot;list-group-item&quot; href=&quot;/nha-dat/ban-nha-trong-hem-tp-ho-chi-minh-quan-thu-duc&quot; title=&quot;Bán Nhà trong hẻm Quận Thủ Đức&quot;&gt;Bán Nhà trong hẻm &lt;b&gt;Quận Thủ Đức&lt;/b&gt;&lt;/a&gt;                            &lt;a class=&quot;list-group-item&quot; href=&quot;/nha-dat/ban-nha-trong-hem-tp-ho-chi-minh-huyen-binh-chanh&quot; title=&quot;Bán Nhà trong hẻm Huyện Bình Chánh&quot;&gt;Bán Nhà trong hẻm &lt;b&gt;Huyện Bình Chánh&lt;/b&gt;&lt;/a&gt;                            &lt;a class=&quot;list-group-item&quot; href=&quot;/nha-dat/ban-nha-trong-hem-tp-ho-chi-minh-huyen-can-gio&quot; title=&quot;Bán Nhà trong hẻm Huyện Cần Giờ&quot;&gt;Bán Nhà trong hẻm &lt;b&gt;Huyện Cần Giờ&lt;/b&gt;&lt;/a&gt;                            &lt;a class=&quot;list-group-item&quot; href=&quot;/nha-dat/ban-nha-trong-hem-tp-ho-chi-minh-huyen-cu-chi&quot; title=&quot;Bán Nhà trong hẻm Huyện Củ Chi&quot;&gt;Bán Nhà trong hẻm &lt;b&gt;Huyện Củ Chi&lt;/b&gt;&lt;/a&gt;                            &lt;a class=&quot;list-group-item&quot; href=&quot;/nha-dat/ban-nha-trong-hem-tp-ho-chi-minh-huyen-hoc-mon&quot; title=&quot;Bán Nhà trong hẻm Huyện Hóc Môn&quot;&gt;Bán Nhà trong hẻm &lt;b&gt;Huyện Hóc Môn&lt;/b&gt;&lt;/a&gt;                            &lt;a class=&quot;list-group-item&quot; href=&quot;/nha-dat/ban-nha-trong-hem-tp-ho-chi-minh-huyen-nha-be&quot; title=&quot;Bán Nhà trong hẻm Huyện Nhà Bè&quot;&gt;Bán Nhà trong hẻm &lt;b&gt;Huyện Nhà Bè&lt;/b&gt;&lt;/a&gt;                    &lt;/div&gt;                &lt;/div&gt;            &lt;/div&gt;" SourceIndex="1319" TableNum="0" TextLen="695" order="16" xPath="/html[1]/body[1]/div[2]/div[1]/div[2]/div[4]/div[1]"/>
</LayoutNode>
<LayoutNode BgColor="#fcf6f0" ContainImg="0" ContainP="1" ContainTable="false" Content="Mọi thông tin liên quan tới tin rao này là do người đăng tin đăng tải và chịu trách nhiệm. Chúng tôi luôn cố gắng để có chất lượng thông tin tốt nhất, nhưng chúng tôi không đảm bảo và không chịu trách nhiệm về bất kỳ nội dung nào liên quan tới tin rao này. Nhà trong hẻm Tp Hồ Chí Minh - Quận 1 mới đăng gần đây " DOMCldNum="13" DoC="8" FontSize="16" FontWeight="normal" FormNum="0" FormSize="0" FrameSourceIndex="0" ID="1-6" InteractionNum="0" InteractionSize="0" IsImg="false" LinkNum="0" LinkTextLen="0" ObjectHeight="116" ObjectRectHeight="160" ObjectRectLeft="0" ObjectRectTop="1194" ObjectRectWidth="1420" ObjectWidth="719" ObjectX="140" ObjectY="1194" OptionNum="0" OptionTextLength="0" ParaNum="0" SRC="&lt;div class=&quot;notices col-md-12 col-sm-12 col-lg-12&quot; style=&quot;background:#fcf6f0;&quot;&gt;     &lt;strong&gt;Lưu ý&lt;/strong&gt;      &lt;p&gt;Mọi thông tin liên quan tới tin rao này là do người đăng tin đăng tải và chịu trách nhiệm. Chúng tôi luôn cố gắng để có chất lượng thông tin tốt nhất, nhưng chúng tôi không đảm bảo và không chịu trách nhiệm về bất kỳ nội dung nào liên quan tới tin rao này.&lt;/p&gt;    &lt;/div&gt;&lt;h4 class=&quot;text-danger&quot;&gt;                    &lt;strong&gt;                        Nhà trong hẻm Tp Hồ Chí Minh - Quận 1                    &lt;/strong&gt;                    mới đăng gần đây                &lt;/h4&gt;" SourceIndex="879;903" TableNum="0" TextLen="313" order="17" xPath="/html[1]/body[1]/div[2]/div[1]/div[2]/div[3]/article[1]/div[2]"/>
<LayoutNode BgColor="#ffffff" ContainImg="10" ContainP="0" ContainTable="false" DOMCldNum="21" DoC="5" FontSize="16" FontWeight="normal" FormNum="0" FormSize="0" FrameSourceIndex="0" ID="1-7" InteractionNum="0" InteractionSize="0" IsImg="false" LinkNum="102" LinkTextLen="1089" ObjectRectHeight="1247" ObjectRectLeft="0" ObjectRectTop="1361" ObjectRectWidth="1420" OptionNum="0" OptionTextLength="0" ParaNum="0" SourceIndex="911" TableNum="0" TextLen="1470" order="18">
<LayoutNode BgColor="#ffffff" ContainImg="10" ContainP="0" ContainTable="false" DOMCldNum="21" DoC="8" FontSize="16" FontWeight="normal" FormNum="0" FormSize="0" FrameSourceIndex="0" ID="1-7-1" InteractionNum="0" InteractionSize="0" IsImg="false" LinkNum="46" LinkTextLen="747" ObjectRectHeight="1247" ObjectRectLeft="0" ObjectRectTop="1361" ObjectRectWidth="874" OptionNum="0" OptionTextLength="0" ParaNum="0" SourceIndex="911" TableNum="0" TextLen="1067" order="19">
<LayoutNode BgColor="#ffffff" ContainImg="1" ContainP="0" ContainTable="false" Content="Bán GẤP chỉ 7.6 tỷ TL nhà TRUNG TÂM Q1 2PN mới sạch đẹp ở ngay. 7600000 Diện tích: 32 m2 Hôm nay " DOMCldNum="21" DoC="8" FontSize="16" FontWeight="normal" FormNum="0" FormSize="0" FrameSourceIndex="0" ID="1-7-1-1" InteractionNum="0" InteractionSize="0" IsImg="false" LinkNum="4" LinkTextLen="63" ObjectHeight="95" ObjectRectHeight="101" ObjectRectLeft="0" ObjectRectTop="1361" ObjectRectWidth="874" ObjectWidth="737" ObjectX="131" ObjectY="1367" OptionNum="0" OptionTextLength="0" ParaNum="0" SRC="&lt;div class=&quot;item&quot;&gt;                                    &lt;div class=&quot;maxW40 imageCol alignLeft&quot;&gt;                                        &lt;a href=&quot;/ban-nha-trong-hem-quan-1-ban-gap-chi-7-6-ty-tl-nha-trun-188896&quot; title=&quot;bán gấp chỉ 7.6 tỷ tl nhà trung tâm q1 2pn mới sạch đẹp ở ng&quot;&gt;                                                &lt;img alt=&quot;bán gấp chỉ 7.6 tỷ tl nhà trung tâm q1 2pn mới sạch đẹp ở ng&quot; class=&quot;image&quot; src=&quot;/files/nhadat/2020/6/28/images/2fa585bf-a400-44df-8189-9cebab6ccb0e.jpg&quot;/&gt;                                        &lt;/a&gt;                                    &lt;/div&gt;                                    &lt;div class=&quot;li_subject&quot;&gt;                                        &lt;div class=&quot;subject_price&quot;&gt;                                            &lt;a href=&quot;/ban-nha-trong-hem-quan-1-ban-gap-chi-7-6-ty-tl-nha-trun-188896&quot; title=&quot;bán gấp chỉ 7.6 tỷ tl nhà trung tâm q1 2pn mới sạch đẹp ở ng&quot;&gt;                                                &lt;span&gt;                                                    Bán GẤP chỉ 7.6 tỷ TL nhà TRUNG TÂM Q1 2PN mới sạch đẹp ở ngay.                                                &lt;/span&gt;                                            &lt;/a&gt;                                            &lt;div class=&quot;item_price&quot;&gt;                                                &lt;span class=&quot;vGia pr&quot;&gt;                                                    7600000                                                &lt;/span&gt;                                            &lt;/div&gt;                                        &lt;/div&gt;                                        &lt;div class=&quot;item_address&quot;&gt;                                            Diện tích: 32 m2                                        &lt;/div&gt;                                        &lt;span class=&quot;item_date&quot;&gt;                                                &lt;span&gt;Hôm nay&lt;/span&gt;                                        &lt;/span&gt;                                    &lt;/div&gt;                                    &lt;div class=&quot;clear_row&quot;/&gt;                                &lt;/div&gt;" SourceIndex="913" TableNum="0" TextLen="93" order="20" xPath="/html[1]/body[1]/div[2]/div[1]/div[2]/div[3]/article[1]/div[5]/div[1]/div[1]"/>
<LayoutNode BgColor="#ffffff" ContainImg="1" ContainP="0" ContainTable="false" Content="GIÁ SỐC chỉ 12.9 tỷ đã giảm 200tr BÁN GẤP nhà HXH Quận 1 KHU VIP TRUNG TÂM. 12900000 Diện tích: 52 m2 Hôm nay " DOMCldNum="21" DoC="8" FontSize="16" FontWeight="normal" FormNum="0" FormSize="0" FrameSourceIndex="0" ID="1-7-1-2" InteractionNum="0" InteractionSize="0" IsImg="false" LinkNum="4" LinkTextLen="75" ObjectHeight="95" ObjectRectHeight="95" ObjectRectLeft="0" ObjectRectTop="1484" ObjectRectWidth="874" ObjectWidth="737" ObjectX="131" ObjectY="1484" OptionNum="0" OptionTextLength="0" ParaNum="0" SRC="&lt;div class=&quot;item&quot;&gt;                                    &lt;div class=&quot;maxW40 imageCol alignLeft&quot;&gt;                                        &lt;a href=&quot;/ban-nha-trong-hem-quan-1-gia-soc-chi-12-9-ty-da-giam-20-188850&quot; title=&quot;giá sốc chỉ 12.9 tỷ đã giảm 200tr bán gấp nhà hxh quận 1 khu&quot;&gt;                                                &lt;img alt=&quot;giá sốc chỉ 12.9 tỷ đã giảm 200tr bán gấp nhà hxh quận 1 khu&quot; class=&quot;image&quot; src=&quot;/files/nhadat/2020/6/27/images/d6c6e8f4-b6ad-435f-93f2-72e7df4e1695.jpg&quot;/&gt;                                        &lt;/a&gt;                                    &lt;/div&gt;                                    &lt;div class=&quot;li_subject&quot;&gt;                                        &lt;div class=&quot;subject_price&quot;&gt;                                            &lt;a href=&quot;/ban-nha-trong-hem-quan-1-gia-soc-chi-12-9-ty-da-giam-20-188850&quot; title=&quot;giá sốc chỉ 12.9 tỷ đã giảm 200tr bán gấp nhà hxh quận 1 khu&quot;&gt;                                                &lt;span&gt;                                                    GIÁ SỐC chỉ 12.9 tỷ đã giảm 200tr BÁN GẤP nhà HXH Quận 1 KHU VIP TRUNG TÂM.                                                 &lt;/span&gt;                                            &lt;/a&gt;                                            &lt;div class=&quot;item_price&quot;&gt;                                                &lt;span class=&quot;vGia pr&quot;&gt;                                                    12900000                                                &lt;/span&gt;                                            &lt;/div&gt;                                        &lt;/div&gt;                                        &lt;div class=&quot;item_address&quot;&gt;                                            Diện tích: 52 m2                                        &lt;/div&gt;                                        &lt;span class=&quot;item_date&quot;&gt;                                                &lt;span&gt;Hôm nay&lt;/span&gt;                                        &lt;/span&gt;                                    &lt;/div&gt;                                    &lt;div class=&quot;clear_row&quot;/&gt;                                &lt;/div&gt;" SourceIndex="953" TableNum="0" TextLen="106" order="21" xPath="/html[1]/body[1]/div[2]/div[1]/div[2]/div[3]/article[1]/div[5]/div[1]/div[2]"/>
<LayoutNode BgColor="#ffffff" ContainImg="1" ContainP="0" ContainTable="false" Content="Xuất cảnh bán GẤP GIẢM 300tr chỉ 14.2 tỷ nhà HXH Nguyễn Cư Trinh Q1 4PN mới đẹp. 14200000 Diện tích: 55 m2 Hôm nay " DOMCldNum="21" DoC="8" FontSize="16" FontWeight="normal" FormNum="0" FormSize="0" FrameSourceIndex="0" ID="1-7-1-3" InteractionNum="0" InteractionSize="0" IsImg="false" LinkNum="4" LinkTextLen="80" ObjectHeight="95" ObjectRectHeight="95" ObjectRectLeft="0" ObjectRectTop="1601" ObjectRectWidth="874" ObjectWidth="737" ObjectX="131" ObjectY="1601" OptionNum="0" OptionTextLength="0" ParaNum="0" SRC="&lt;div class=&quot;item&quot;&gt;                                    &lt;div class=&quot;maxW40 imageCol alignLeft&quot;&gt;                                        &lt;a href=&quot;/ban-nha-trong-hem-quan-1-xuat-canh-ban-gap-giam-300tr-c-188849&quot; title=&quot;xuất cảnh bán gấp giảm 300tr chỉ 14.2 tỷ nhà hxh nguyễn cư t&quot;&gt;                                                &lt;img alt=&quot;xuất cảnh bán gấp giảm 300tr chỉ 14.2 tỷ nhà hxh nguyễn cư t&quot; class=&quot;image&quot; src=&quot;/files/nhadat/2020/6/27/images/5e431eca-7cb2-4015-a7ec-e7b8e5ef61f5.jpg&quot;/&gt;                                        &lt;/a&gt;                                    &lt;/div&gt;                                    &lt;div class=&quot;li_subject&quot;&gt;                                        &lt;div class=&quot;subject_price&quot;&gt;                                            &lt;a href=&quot;/ban-nha-trong-hem-quan-1-xuat-canh-ban-gap-giam-300tr-c-188849&quot; title=&quot;xuất cảnh bán gấp giảm 300tr chỉ 14.2 tỷ nhà hxh nguyễn cư t&quot;&gt;                                                &lt;span&gt;                                                    Xuất cảnh bán GẤP GIẢM 300tr chỉ 14.2 tỷ nhà HXH Nguyễn Cư Trinh Q1 4PN mới đẹp.                                                &lt;/span&gt;                                            &lt;/a&gt;                                            &lt;div class=&quot;item_price&quot;&gt;                                                &lt;span class=&quot;vGia pr&quot;&gt;                                                    14200000                                                &lt;/span&gt;                                            &lt;/div&gt;                                        &lt;/div&gt;                                        &lt;div class=&quot;item_address&quot;&gt;                                            Diện tích: 55 m2                                        &lt;/div&gt;                                        &lt;span class=&quot;item_date&quot;&gt;                                                &lt;span&gt;Hôm nay&lt;/span&gt;                                        &lt;/span&gt;                                    &lt;/div&gt;                                    &lt;div class=&quot;clear_row&quot;/&gt;                                &lt;/div&gt;" SourceIndex="993" TableNum="0" TextLen="111" order="22" xPath="/html[1]/body[1]/div[2]/div[1]/div[2]/div[3]/article[1]/div[5]/div[1]/div[3]"/>
<LayoutNode BgColor="#ffffff" ContainImg="1" ContainP="0" ContainTable="false" Content="Nhà chính chủ 4PN sạch đẹp Trần Hưng Đạo Q1 BÁN GẤP GIẢM 200tr chỉ 11.5 tỷ TL. 11500000 Diện tích: 45 m2 Hôm nay " DOMCldNum="21" DoC="8" FontSize="16" FontWeight="normal" FormNum="0" FormSize="0" FrameSourceIndex="0" ID="1-7-1-4" InteractionNum="0" InteractionSize="0" IsImg="false" LinkNum="4" LinkTextLen="78" ObjectHeight="95" ObjectRectHeight="95" ObjectRectLeft="0" ObjectRectTop="1718" ObjectRectWidth="874" ObjectWidth="737" ObjectX="131" ObjectY="1718" OptionNum="0" OptionTextLength="0" ParaNum="0" SRC="&lt;div class=&quot;item&quot;&gt;                                    &lt;div class=&quot;maxW40 imageCol alignLeft&quot;&gt;                                        &lt;a href=&quot;/ban-nha-trong-hem-quan-1-nha-chinh-chu-4pn-sach-dep-tra-187874&quot; title=&quot;nhà chính chủ 4pn sạch đẹp trần hưng đạo q1 bán gấp giảm 200&quot;&gt;                                                &lt;img alt=&quot;nhà chính chủ 4pn sạch đẹp trần hưng đạo q1 bán gấp giảm 200&quot; class=&quot;image&quot; src=&quot;/files/nhadat/2020/6/27/images/796f27be-929c-4620-8fe6-7e0490a1882c.jpg&quot;/&gt;                                        &lt;/a&gt;                                    &lt;/div&gt;                                    &lt;div class=&quot;li_subject&quot;&gt;                                        &lt;div class=&quot;subject_price&quot;&gt;                                            &lt;a href=&quot;/ban-nha-trong-hem-quan-1-nha-chinh-chu-4pn-sach-dep-tra-187874&quot; title=&quot;nhà chính chủ 4pn sạch đẹp trần hưng đạo q1 bán gấp giảm 200&quot;&gt;                                                &lt;span&gt;                                                    Nhà chính chủ 4PN sạch đẹp Trần Hưng Đạo Q1 BÁN GẤP GIẢM 200tr chỉ 11.5 tỷ TL.                                                &lt;/span&gt;                                            &lt;/a&gt;                                            &lt;div class=&quot;item_price&quot;&gt;                                                &lt;span class=&quot;vGia pr&quot;&gt;                                                    11500000                                                &lt;/span&gt;                                            &lt;/div&gt;                                        &lt;/div&gt;                                        &lt;div class=&quot;item_address&quot;&gt;                                            Diện tích: 45 m2                                        &lt;/div&gt;                                        &lt;span class=&quot;item_date&quot;&gt;                                                &lt;span&gt;Hôm nay&lt;/span&gt;                                        &lt;/span&gt;                                    &lt;/div&gt;                                    &lt;div class=&quot;clear_row&quot;/&gt;                                &lt;/div&gt;" SourceIndex="1033" TableNum="0" TextLen="109" order="23" xPath="/html[1]/body[1]/div[2]/div[1]/div[2]/div[3]/article[1]/div[5]/div[1]/div[4]"/>
<LayoutNode BgColor="#ffffff" ContainImg="1" ContainP="0" ContainTable="false" DOMCldNum="7" DoC="8" FontSize="16" FontWeight="normal" FormNum="0" FormSize="0" FrameSourceIndex="0" ID="1-7-1-5" InteractionNum="0" InteractionSize="0" IsImg="false" LinkNum="6" LinkTextLen="82" ObjectRectHeight="124" ObjectRectLeft="0" ObjectRectTop="1835" ObjectRectWidth="874" OptionNum="0" OptionTextLength="0" ParaNum="0" SourceIndex="1073" TableNum="0" TextLen="115" order="24">
<LayoutNode BgColor="#ffffff" ContainImg="1" ContainP="0" ContainTable="false" Content=" " DOMCldNum="7" DoC="8" FontSize="16" FontWeight="normal" FormNum="0" FormSize="0" FrameSourceIndex="0" ID="1-7-1-5-1" InteractionNum="0" InteractionSize="0" IsImg="false" LinkNum="2" LinkTextLen="0" ObjectHeight="59" ObjectRectHeight="124" ObjectRectLeft="0" ObjectRectTop="1835" ObjectRectWidth="219" ObjectWidth="88" ObjectX="131" ObjectY="1835" OptionNum="0" OptionTextLength="0" ParaNum="0" SRC="&lt;div class=&quot;maxW40 imageCol alignLeft&quot;&gt;                                        &lt;a href=&quot;/ban-nha-trong-hem-quan-1-giam-soc-600tr-ban-gap-nha-ngu-183474&quot; title=&quot;giảm sốc 600tr bán gấp nhà nguyễn cư trinh q1 vị trí đẹp đan&quot;&gt;                                                &lt;img alt=&quot;giảm sốc 600tr bán gấp nhà nguyễn cư trinh q1 vị trí đẹp đan&quot; class=&quot;image&quot; src=&quot;/files/nhadat/2020/6/15/images/1ae52279-22a7-4dc0-93a5-70adc80e9d9e.jpg&quot;/&gt;                                        &lt;/a&gt;                                    &lt;/div&gt;" SourceIndex="1075" TableNum="0" TextLen="0" order="25" xPath="/html[1]/body[1]/div[2]/div[1]/div[2]/div[3]/article[1]/div[5]/div[1]/div[5]/div[1]"/>
<LayoutNode BgColor="#ffffff" ContainImg="0" ContainP="0" ContainTable="false" Content="Giảm SỐC 600tr bán GẤP nhà Nguyễn Cư Trinh Q1 VỊ TRÍ ĐẸP đang TN25tr/th 5PN ở ngay. 6900000 Diện tích: 40 m2 20/06/2020 " DOMCldNum="7" DoC="8" FontSize="16" FontWeight="normal" FormNum="0" FormSize="0" FrameSourceIndex="0" ID="1-7-1-5-2" InteractionNum="0" InteractionSize="0" IsImg="false" LinkNum="4" LinkTextLen="82" ObjectHeight="124" ObjectRectHeight="124" ObjectRectLeft="226" ObjectRectTop="1835" ObjectRectWidth="648" ObjectWidth="637" ObjectX="226" ObjectY="1835" OptionNum="0" OptionTextLength="0" ParaNum="0" SRC="&lt;div class=&quot;li_subject&quot;&gt;                                        &lt;div class=&quot;subject_price&quot;&gt;                                            &lt;a href=&quot;/ban-nha-trong-hem-quan-1-giam-soc-600tr-ban-gap-nha-ngu-183474&quot; title=&quot;giảm sốc 600tr bán gấp nhà nguyễn cư trinh q1 vị trí đẹp đan&quot;&gt;                                                &lt;span&gt;                                                    Giảm SỐC 600tr bán GẤP nhà Nguyễn Cư Trinh Q1 VỊ TRÍ ĐẸP đang TN25tr/th 5PN ở ngay.                                                &lt;/span&gt;                                            &lt;/a&gt;                                            &lt;div class=&quot;item_price&quot;&gt;                                                &lt;span class=&quot;vGia pr&quot;&gt;                                                    6900000                                                &lt;/span&gt;                                            &lt;/div&gt;                                        &lt;/div&gt;                                        &lt;div class=&quot;item_address&quot;&gt;                                            Diện tích: 40 m2                                        &lt;/div&gt;                                        &lt;span class=&quot;item_date&quot;&gt;                                                &lt;span&gt;20/06/2020&lt;/span&gt;                                        &lt;/span&gt;                                    &lt;/div&gt;" SourceIndex="1083" TableNum="0" TextLen="115" order="26" xPath="/html[1]/body[1]/div[2]/div[1]/div[2]/div[3]/article[1]/div[5]/div[1]/div[5]/div[2]"/>
</LayoutNode>
<LayoutNode BgColor="#ffffff" ContainImg="1" ContainP="0" ContainTable="false" Content="Bán nhà chính chủ lâu năm TRUNG TÂM Q1 sạch đẹp 45m2 4PN chỉ 11.5 tỷ TL. 11500000 Diện tích: 45 m2 14/06/2020 " DOMCldNum="21" DoC="8" FontSize="16" FontWeight="normal" FormNum="0" FormSize="0" FrameSourceIndex="0" ID="1-7-1-6" InteractionNum="0" InteractionSize="0" IsImg="false" LinkNum="4" LinkTextLen="72" ObjectHeight="95" ObjectRectHeight="95" ObjectRectLeft="0" ObjectRectTop="1981" ObjectRectWidth="874" ObjectWidth="737" ObjectX="131" ObjectY="1981" OptionNum="0" OptionTextLength="0" ParaNum="0" SRC="&lt;div class=&quot;item&quot;&gt;                                    &lt;div class=&quot;maxW40 imageCol alignLeft&quot;&gt;                                        &lt;a href=&quot;/ban-nha-trong-hem-quan-1-chinh-chu-lau-nam-trung-tam-q1-183323&quot; title=&quot;bán nhà chính chủ lâu năm trung tâm q1 sạch đẹp 45m2 4pn chỉ&quot;&gt;                                                &lt;img alt=&quot;bán nhà chính chủ lâu năm trung tâm q1 sạch đẹp 45m2 4pn chỉ&quot; class=&quot;image&quot; src=&quot;/files/nhadat/2020/6/14/images/17f47965-f25a-4f13-a9eb-16a002926d86.jpg&quot;/&gt;                                        &lt;/a&gt;                                    &lt;/div&gt;                                    &lt;div class=&quot;li_subject&quot;&gt;                                        &lt;div class=&quot;subject_price&quot;&gt;                                            &lt;a href=&quot;/ban-nha-trong-hem-quan-1-chinh-chu-lau-nam-trung-tam-q1-183323&quot; title=&quot;bán nhà chính chủ lâu năm trung tâm q1 sạch đẹp 45m2 4pn chỉ&quot;&gt;                                                &lt;span&gt;                                                    Bán nhà chính chủ lâu năm TRUNG TÂM Q1 sạch đẹp 45m2 4PN chỉ 11.5 tỷ TL.                                                &lt;/span&gt;                                            &lt;/a&gt;                                            &lt;div class=&quot;item_price&quot;&gt;                                                &lt;span class=&quot;vGia pr&quot;&gt;                                                    11500000                                                &lt;/span&gt;                                            &lt;/div&gt;                                        &lt;/div&gt;                                        &lt;div class=&quot;item_address&quot;&gt;                                            Diện tích: 45 m2                                        &lt;/div&gt;                                        &lt;span class=&quot;item_date&quot;&gt;                                                &lt;span&gt;14/06/2020&lt;/span&gt;                                        &lt;/span&gt;                                    &lt;/div&gt;                                    &lt;div class=&quot;clear_row&quot;/&gt;                                &lt;/div&gt;" SourceIndex="1113" TableNum="0" TextLen="106" order="27" xPath="/html[1]/body[1]/div[2]/div[1]/div[2]/div[3]/article[1]/div[5]/div[1]/div[6]"/>
<LayoutNode BgColor="#ffffff" ContainImg="1" ContainP="0" ContainTable="false" Content="Bán gấp nhà trung tâm Q1 55m2 4PN khu kinh doanh mọi lĩnh vực chỉ 13 tỷ TL. 13000000 Diện tích: 55 m2 08/06/2020 " DOMCldNum="21" DoC="8" FontSize="16" FontWeight="normal" FormNum="0" FormSize="0" FrameSourceIndex="0" ID="1-7-1-7" InteractionNum="0" InteractionSize="0" IsImg="false" LinkNum="4" LinkTextLen="75" ObjectHeight="95" ObjectRectHeight="95" ObjectRectLeft="0" ObjectRectTop="2098" ObjectRectWidth="874" ObjectWidth="737" ObjectX="131" ObjectY="2098" OptionNum="0" OptionTextLength="0" ParaNum="0" SRC="&lt;div class=&quot;item&quot;&gt;                                    &lt;div class=&quot;maxW40 imageCol alignLeft&quot;&gt;                                        &lt;a href=&quot;/ban-nha-trong-hem-quan-1-ban-gap-nha-trung-tam-q1-55m2--180728&quot; title=&quot;bán gấp nhà trung tâm q1 55m2 4pn khu kinh doanh mọi lĩnh vự&quot;&gt;                                                &lt;img alt=&quot;bán gấp nhà trung tâm q1 55m2 4pn khu kinh doanh mọi lĩnh vự&quot; class=&quot;image&quot; src=&quot;/files/nhadat/2020/6/6/images/51a03fb0-c649-4640-af6f-7cb283090920.jpg&quot;/&gt;                                        &lt;/a&gt;                                    &lt;/div&gt;                                    &lt;div class=&quot;li_subject&quot;&gt;                                        &lt;div class=&quot;subject_price&quot;&gt;                                            &lt;a href=&quot;/ban-nha-trong-hem-quan-1-ban-gap-nha-trung-tam-q1-55m2--180728&quot; title=&quot;bán gấp nhà trung tâm q1 55m2 4pn khu kinh doanh mọi lĩnh vự&quot;&gt;                                                &lt;span&gt;                                                    Bán gấp nhà trung tâm Q1 55m2 4PN khu kinh doanh mọi lĩnh vực chỉ 13 tỷ TL.                                                &lt;/span&gt;                                            &lt;/a&gt;                                            &lt;div class=&quot;item_price&quot;&gt;                                                &lt;span class=&quot;vGia pr&quot;&gt;                                                    13000000                                                &lt;/span&gt;                                            &lt;/div&gt;                                        &lt;/div&gt;                                        &lt;div class=&quot;item_address&quot;&gt;                                            Diện tích: 55 m2                                        &lt;/div&gt;                                        &lt;span class=&quot;item_date&quot;&gt;                                                &lt;span&gt;08/06/2020&lt;/span&gt;                                        &lt;/span&gt;                                    &lt;/div&gt;                                    &lt;div class=&quot;clear_row&quot;/&gt;                                &lt;/div&gt;" SourceIndex="1153" TableNum="0" TextLen="109" order="28" xPath="/html[1]/body[1]/div[2]/div[1]/div[2]/div[3]/article[1]/div[5]/div[1]/div[7]"/>
<LayoutNode BgColor="#ffffff" ContainImg="1" ContainP="0" ContainTable="false" DOMCldNum="7" DoC="8" FontSize="16" FontWeight="normal" FormNum="0" FormSize="0" FrameSourceIndex="0" ID="1-7-1-8" InteractionNum="0" InteractionSize="0" IsImg="false" LinkNum="6" LinkTextLen="71" ObjectRectHeight="124" ObjectRectLeft="0" ObjectRectTop="2215" ObjectRectWidth="874" OptionNum="0" OptionTextLength="0" ParaNum="0" SourceIndex="1193" TableNum="0" TextLen="104" order="29">
<LayoutNode BgColor="#ffffff" ContainImg="1" ContainP="0" ContainTable="false" Content=" " DOMCldNum="7" DoC="8" FontSize="16" FontWeight="normal" FormNum="0" FormSize="0" FrameSourceIndex="0" ID="1-7-1-8-1" InteractionNum="0" InteractionSize="0" IsImg="false" LinkNum="2" LinkTextLen="0" ObjectHeight="65" ObjectRectHeight="124" ObjectRectLeft="0" ObjectRectTop="2215" ObjectRectWidth="219" ObjectWidth="88" ObjectX="131" ObjectY="2215" OptionNum="0" OptionTextLength="0" ParaNum="0" SRC="&lt;div class=&quot;maxW40 imageCol alignLeft&quot;&gt;                                        &lt;a href=&quot;/ban-nha-trong-hem-quan-1-nha-trung-tam-1-hem-xe-hoi-so--179666&quot; title=&quot;nhà trung tâm quận 1, hẻm xe hơi, sổ nở hậu, dt 38m2, 3 tầng&quot;&gt;                                                &lt;img alt=&quot;nhà trung tâm quận 1, hẻm xe hơi, sổ nở hậu, dt 38m2, 3 tầng&quot; class=&quot;image&quot; src=&quot;/files/nhadat/2020/5/26/images/ea77b702-a09e-4eaf-8a66-32276af7293e.jpg&quot;/&gt;                                        &lt;/a&gt;                                    &lt;/div&gt;" SourceIndex="1195" TableNum="0" TextLen="0" order="30" xPath="/html[1]/body[1]/div[2]/div[1]/div[2]/div[3]/article[1]/div[5]/div[1]/div[8]/div[1]"/>
<LayoutNode BgColor="#ffffff" ContainImg="0" ContainP="0" ContainTable="false" Content="NHÀ TRUNG TÂM QUẬN 1, HẺM XE HƠI, SỔ NỞ HẬU, DT 38M2, 3 TẦNGLH0972562999 6900000 Diện tích: 38 m2 01/06/2020 " DOMCldNum="7" DoC="8" FontSize="16" FontWeight="normal" FormNum="0" FormSize="0" FrameSourceIndex="0" ID="1-7-1-8-2" InteractionNum="0" InteractionSize="0" IsImg="false" LinkNum="4" LinkTextLen="71" ObjectHeight="124" ObjectRectHeight="124" ObjectRectLeft="226" ObjectRectTop="2215" ObjectRectWidth="648" ObjectWidth="637" ObjectX="226" ObjectY="2215" OptionNum="0" OptionTextLength="0" ParaNum="0" SRC="&lt;div class=&quot;li_subject&quot;&gt;                                        &lt;div class=&quot;subject_price&quot;&gt;                                            &lt;a href=&quot;/ban-nha-trong-hem-quan-1-nha-trung-tam-1-hem-xe-hoi-so--179666&quot; title=&quot;nhà trung tâm quận 1, hẻm xe hơi, sổ nở hậu, dt 38m2, 3 tầng&quot;&gt;                                                &lt;span&gt;                                                    NHÀ TRUNG TÂM QUẬN 1, HẺM XE HƠI, SỔ NỞ HẬU, DT 38M2, 3 TẦNGLH0972562999                                                &lt;/span&gt;                                            &lt;/a&gt;                                            &lt;div class=&quot;item_price&quot;&gt;                                                &lt;span class=&quot;vGia pr&quot;&gt;                                                    6900000                                                &lt;/span&gt;                                            &lt;/div&gt;                                        &lt;/div&gt;                                        &lt;div class=&quot;item_address&quot;&gt;                                            Diện tích: 38 m2                                        &lt;/div&gt;                                        &lt;span class=&quot;item_date&quot;&gt;                                                &lt;span&gt;01/06/2020&lt;/span&gt;                                        &lt;/span&gt;                                    &lt;/div&gt;" SourceIndex="1203" TableNum="0" TextLen="104" order="31" xPath="/html[1]/body[1]/div[2]/div[1]/div[2]/div[3]/article[1]/div[5]/div[1]/div[8]/div[2]"/>
</LayoutNode>
<LayoutNode BgColor="#ffffff" ContainImg="1" ContainP="0" ContainTable="false" DOMCldNum="7" DoC="8" FontSize="16" FontWeight="normal" FormNum="0" FormSize="0" FrameSourceIndex="0" ID="1-7-1-9" InteractionNum="0" InteractionSize="0" IsImg="false" LinkNum="6" LinkTextLen="78" ObjectRectHeight="124" ObjectRectLeft="0" ObjectRectTop="2361" ObjectRectWidth="874" OptionNum="0" OptionTextLength="0" ParaNum="0" SourceIndex="1233" TableNum="0" TextLen="111" order="32">
<LayoutNode BgColor="#ffffff" ContainImg="1" ContainP="0" ContainTable="false" Content=" " DOMCldNum="7" DoC="8" FontSize="16" FontWeight="normal" FormNum="0" FormSize="0" FrameSourceIndex="0" ID="1-7-1-9-1" InteractionNum="0" InteractionSize="0" IsImg="false" LinkNum="2" LinkTextLen="0" ObjectHeight="65" ObjectRectHeight="124" ObjectRectLeft="0" ObjectRectTop="2361" ObjectRectWidth="219" ObjectWidth="88" ObjectX="131" ObjectY="2361" OptionNum="0" OptionTextLength="0" ParaNum="0" SRC="&lt;div class=&quot;maxW40 imageCol alignLeft&quot;&gt;                                        &lt;a href=&quot;/ban-nha-trong-hem-quan-1-chi-3-6-ty-so-huu-ngay-nha-bui-179881&quot; title=&quot;chỉ 3.6 tỷ sở hữu ngay nhà bùi viện, phường phạm ngũ lão, qu&quot;&gt;                                                &lt;img alt=&quot;chỉ 3.6 tỷ sở hữu ngay nhà bùi viện, phường phạm ngũ lão, qu&quot; class=&quot;image&quot; src=&quot;/files/nhadat/2020/5/28/images/88041029-c3ab-4eff-a4e3-11334d38b382.jpg&quot;/&gt;                                        &lt;/a&gt;                                    &lt;/div&gt;" SourceIndex="1235" TableNum="0" TextLen="0" order="33" xPath="/html[1]/body[1]/div[2]/div[1]/div[2]/div[3]/article[1]/div[5]/div[1]/div[9]/div[1]"/>
<LayoutNode BgColor="#ffffff" ContainImg="0" ContainP="0" ContainTable="false" Content="CHỈ 3.6 TỶ SỞ HỮU NGAY NHÀ BÙI VIỆN, PHƯỜNG PHẠM NGŨ LÃO, QUẬN 1, LH 0972562999 3600000 Diện tích: 26 m2 01/06/2020 " DOMCldNum="7" DoC="8" FontSize="16" FontWeight="normal" FormNum="0" FormSize="0" FrameSourceIndex="0" ID="1-7-1-9-2" InteractionNum="0" InteractionSize="0" IsImg="false" LinkNum="4" LinkTextLen="78" ObjectHeight="124" ObjectRectHeight="124" ObjectRectLeft="226" ObjectRectTop="2361" ObjectRectWidth="648" ObjectWidth="637" ObjectX="226" ObjectY="2361" OptionNum="0" OptionTextLength="0" ParaNum="0" SRC="&lt;div class=&quot;li_subject&quot;&gt;                                        &lt;div class=&quot;subject_price&quot;&gt;                                            &lt;a href=&quot;/ban-nha-trong-hem-quan-1-chi-3-6-ty-so-huu-ngay-nha-bui-179881&quot; title=&quot;chỉ 3.6 tỷ sở hữu ngay nhà bùi viện, phường phạm ngũ lão, qu&quot;&gt;                                                &lt;span&gt;                                                    CHỈ 3.6 TỶ SỞ HỮU NGAY NHÀ BÙI VIỆN, PHƯỜNG PHẠM NGŨ LÃO, QUẬN 1, LH 0972562999                                                &lt;/span&gt;                                            &lt;/a&gt;                                            &lt;div class=&quot;item_price&quot;&gt;                                                &lt;span class=&quot;vGia pr&quot;&gt;                                                    3600000                                                &lt;/span&gt;                                            &lt;/div&gt;                                        &lt;/div&gt;                                        &lt;div class=&quot;item_address&quot;&gt;                                            Diện tích: 26 m2                                        &lt;/div&gt;                                        &lt;span class=&quot;item_date&quot;&gt;                                                &lt;span&gt;01/06/2020&lt;/span&gt;                                        &lt;/span&gt;                                    &lt;/div&gt;" SourceIndex="1243" TableNum="0" TextLen="111" order="34" xPath="/html[1]/body[1]/div[2]/div[1]/div[2]/div[3]/article[1]/div[5]/div[1]/div[9]/div[2]"/>
</LayoutNode>
<LayoutNode BgColor="#ffffff" ContainImg="1" ContainP="0" ContainTable="false" Content="Bán nhà quận 1 TRUNG TÂM TIỆN GIAO THÔNG nở hậu 4 tầng 7PN chỉ 8.4 tỷ TL. 8400000 Diện tích: m2 31/05/2020 " DOMCldNum="21" DoC="8" FontSize="16" FontWeight="normal" FormNum="0" FormSize="0" FrameSourceIndex="0" ID="1-7-1-10" InteractionNum="0" InteractionSize="0" IsImg="false" LinkNum="4" LinkTextLen="73" ObjectHeight="95" ObjectRectHeight="101" ObjectRectLeft="0" ObjectRectTop="2507" ObjectRectWidth="874" ObjectWidth="737" ObjectX="131" ObjectY="2507" OptionNum="0" OptionTextLength="0" ParaNum="0" SRC="&lt;div class=&quot;item&quot;&gt;                                    &lt;div class=&quot;maxW40 imageCol alignLeft&quot;&gt;                                        &lt;a href=&quot;/ban-nha-trong-hem-quan-1-1-trung-tam-tien-giao-thong-no-180156&quot; title=&quot;bán nhà quận 1 trung tâm tiện giao thông nở hậu 4 tầng 7pn c&quot;&gt;                                                &lt;img alt=&quot;bán nhà quận 1 trung tâm tiện giao thông nở hậu 4 tầng 7pn c&quot; class=&quot;image&quot; src=&quot;/files/nhadat/2020/5/31/images/e96671f2-32db-419e-aacb-ce1a31ea0a83.jpg&quot;/&gt;                                        &lt;/a&gt;                                    &lt;/div&gt;                                    &lt;div class=&quot;li_subject&quot;&gt;                                        &lt;div class=&quot;subject_price&quot;&gt;                                            &lt;a href=&quot;/ban-nha-trong-hem-quan-1-1-trung-tam-tien-giao-thong-no-180156&quot; title=&quot;bán nhà quận 1 trung tâm tiện giao thông nở hậu 4 tầng 7pn c&quot;&gt;                                                &lt;span&gt;                                                    Bán nhà quận 1 TRUNG TÂM TIỆN GIAO THÔNG nở hậu 4 tầng 7PN chỉ 8.4 tỷ TL.                                                &lt;/span&gt;                                            &lt;/a&gt;                                            &lt;div class=&quot;item_price&quot;&gt;                                                &lt;span class=&quot;vGia pr&quot;&gt;                                                    8400000                                                &lt;/span&gt;                                            &lt;/div&gt;                                        &lt;/div&gt;                                        &lt;div class=&quot;item_address&quot;&gt;                                            Diện tích:  m2                                        &lt;/div&gt;                                        &lt;span class=&quot;item_date&quot;&gt;                                                &lt;span&gt;31/05/2020&lt;/span&gt;                                        &lt;/span&gt;                                    &lt;/div&gt;                                    &lt;div class=&quot;clear_row&quot;/&gt;                                &lt;/div&gt;" SourceIndex="1273" TableNum="0" TextLen="103" order="35" xPath="/html[1]/body[1]/div[2]/div[1]/div[2]/div[3]/article[1]/div[5]/div[1]/div[10]"/>
</LayoutNode>
<LayoutNode BgColor="#ffffff" ContainImg="0" ContainP="0" ContainTable="false" Content="Bán Nhà trong hẻm Tp Hồ Chí Minh Quận 1 Theo giá 1 - 3 triệu 3 - 5 triệu 5 - 10 triệu 10 - 15 triệu 15 - 20 triệu 20 - 30 triệu 30 - 40 triệu 40 - 60 triệu 60 - 80 triệu 80 - 100 triệu 100 - 300 triệu 300 - 500 triệu 500 - 800 triệu trên 1 tỷ Theo diện tích Dưới 30 m2 30 - 50 m2 50 - 70 m2 70 - 100 m2 100 - 150 m2 150 - 200 m2 200 - 250 m2 250 - 300 m2 300 - 350 m2 350 - 400 m2 400 - 600 m2 600 - 800 m2 800 - 1000 m2 Trên 1000 m2 " DOMCldNum="11" DoC="5" FontSize="16" FontWeight="normal" FormNum="0" FormSize="0" FrameSourceIndex="0" ID="1-7-2" InteractionNum="0" InteractionSize="0" IsImg="false" LinkNum="56" LinkTextLen="342" ObjectHeight="64" ObjectRectHeight="1247" ObjectRectLeft="904" ObjectRectTop="1361" ObjectRectWidth="516" ObjectWidth="359" ObjectX="904" ObjectY="1820" OptionNum="0" OptionTextLength="0" ParaNum="0" SRC="&lt;div class=&quot;sidebar-widget&quot;&gt;                &lt;div class=&quot;support-category&quot;&gt;                    &lt;h3 title=&quot;Bán Nhà trong hẻm Tp Hồ Chí Minh Quận 1&quot;&gt;                        Bán Nhà trong hẻm Tp Hồ Chí Minh Quận 1                    &lt;/h3&gt;                &lt;/div&gt;                &lt;div class=&quot;list-group&quot;&gt;                    &lt;div class=&quot;col-xs-6&quot; style=&quot;padding:0&quot;&gt;                        &lt;strong class=&quot;list-group-item&quot;&gt;Theo giá&lt;/strong&gt;                        &lt;a class=&quot;list-group-item&quot; href=&quot;/nha-dat/ban-nha-trong-hem-tp-ho-chi-minh-quan-1?g=2&quot;&gt;1 - 3 triệu&lt;/a&gt;                        &lt;a class=&quot;list-group-item&quot; href=&quot;/nha-dat/ban-nha-trong-hem-tp-ho-chi-minh-quan-1?g=3&quot;&gt;3 - 5 triệu&lt;/a&gt;                        &lt;a class=&quot;list-group-item&quot; href=&quot;/nha-dat/ban-nha-trong-hem-tp-ho-chi-minh-quan-1?g=4&quot;&gt;5 - 10 triệu&lt;/a&gt;                        &lt;a class=&quot;list-group-item&quot; href=&quot;/nha-dat/ban-nha-trong-hem-tp-ho-chi-minh-quan-1?g=5&quot;&gt;10 - 15 triệu&lt;/a&gt;                        &lt;a class=&quot;list-group-item&quot; href=&quot;/nha-dat/ban-nha-trong-hem-tp-ho-chi-minh-quan-1?g=6&quot;&gt;15 - 20 triệu&lt;/a&gt;                        &lt;a class=&quot;list-group-item&quot; href=&quot;/nha-dat/ban-nha-trong-hem-tp-ho-chi-minh-quan-1?g=7&quot;&gt;20 - 30 triệu&lt;/a&gt;                        &lt;a class=&quot;list-group-item&quot; href=&quot;/nha-dat/ban-nha-trong-hem-tp-ho-chi-minh-quan-1?g=8&quot;&gt;30 - 40 triệu&lt;/a&gt;                        &lt;a class=&quot;list-group-item&quot; href=&quot;/nha-dat/ban-nha-trong-hem-tp-ho-chi-minh-quan-1?g=9&quot;&gt;40 - 60 triệu&lt;/a&gt;                        &lt;a class=&quot;list-group-item&quot; href=&quot;/nha-dat/ban-nha-trong-hem-tp-ho-chi-minh-quan-1?g=10&quot;&gt;60 - 80 triệu&lt;/a&gt;                        &lt;a class=&quot;list-group-item&quot; href=&quot;/nha-dat/ban-nha-trong-hem-tp-ho-chi-minh-quan-1?g=11&quot;&gt;80 - 100 triệu&lt;/a&gt;                        &lt;a class=&quot;list-group-item&quot; href=&quot;/nha-dat/ban-nha-trong-hem-tp-ho-chi-minh-quan-1?g=12&quot;&gt;100 - 300 triệu&lt;/a&gt;                        &lt;a class=&quot;list-group-item&quot; href=&quot;/nha-dat/ban-nha-trong-hem-tp-ho-chi-minh-quan-1?g=13&quot;&gt;300 - 500 triệu&lt;/a&gt;                        &lt;a class=&quot;list-group-item&quot; href=&quot;/nha-dat/ban-nha-trong-hem-tp-ho-chi-minh-quan-1?g=14&quot;&gt;500 - 800 triệu&lt;/a&gt;                        &lt;a class=&quot;list-group-item&quot; href=&quot;/nha-dat/ban-nha-trong-hem-tp-ho-chi-minh-quan-1?g=27&quot;&gt;trên 1 tỷ&lt;/a&gt;                    &lt;/div&gt;                    &lt;div class=&quot;col-xs-6&quot; style=&quot;padding:0&quot;&gt;                        &lt;strong class=&quot;list-group-item&quot;&gt;Theo diện tích&lt;/strong&gt;                        &lt;a class=&quot;list-group-item&quot; href=&quot;/nha-dat/ban-nha-trong-hem-tp-ho-chi-minh-quan-1?dt=1&quot;&gt;Dưới 30 m2&lt;/a&gt;                        &lt;a class=&quot;list-group-item&quot; href=&quot;/nha-dat/ban-nha-trong-hem-tp-ho-chi-minh-quan-1?dt=2&quot;&gt;30 - 50 m2&lt;/a&gt;                        &lt;a class=&quot;list-group-item&quot; href=&quot;/nha-dat/ban-nha-trong-hem-tp-ho-chi-minh-quan-1?dt=3&quot;&gt;50 - 70 m2&lt;/a&gt;                        &lt;a class=&quot;list-group-item&quot; href=&quot;/nha-dat/ban-nha-trong-hem-tp-ho-chi-minh-quan-1?dt=4&quot;&gt;70 - 100 m2&lt;/a&gt;                        &lt;a class=&quot;list-group-item&quot; href=&quot;/nha-dat/ban-nha-trong-hem-tp-ho-chi-minh-quan-1?dt=5&quot;&gt;100 - 150 m2&lt;/a&gt;                        &lt;a class=&quot;list-group-item&quot; href=&quot;/nha-dat/ban-nha-trong-hem-tp-ho-chi-minh-quan-1?dt=6&quot;&gt;150 - 200 m2&lt;/a&gt;                        &lt;a class=&quot;list-group-item&quot; href=&quot;/nha-dat/ban-nha-trong-hem-tp-ho-chi-minh-quan-1?dt=7&quot;&gt;200 - 250 m2&lt;/a&gt;                        &lt;a class=&quot;list-group-item&quot; href=&quot;/nha-dat/ban-nha-trong-hem-tp-ho-chi-minh-quan-1?dt=8&quot;&gt;250 - 300 m2&lt;/a&gt;                        &lt;a class=&quot;list-group-item&quot; href=&quot;/nha-dat/ban-nha-trong-hem-tp-ho-chi-minh-quan-1?dt=9&quot;&gt;300 - 350 m2&lt;/a&gt;                        &lt;a class=&quot;list-group-item&quot; href=&quot;/nha-dat/ban-nha-trong-hem-tp-ho-chi-minh-quan-1?dt=10&quot;&gt;350 - 400 m2&lt;/a&gt;                        &lt;a class=&quot;list-group-item&quot; href=&quot;/nha-dat/ban-nha-trong-hem-tp-ho-chi-minh-quan-1?dt=11&quot;&gt;400 - 600 m2&lt;/a&gt;                        &lt;a class=&quot;list-group-item&quot; href=&quot;/nha-dat/ban-nha-trong-hem-tp-ho-chi-minh-quan-1?dt=12&quot;&gt;600 - 800 m2&lt;/a&gt;                        &lt;a class=&quot;list-group-item&quot; href=&quot;/nha-dat/ban-nha-trong-hem-tp-ho-chi-minh-quan-1?dt=13&quot;&gt;800 - 1000 m2&lt;/a&gt;                        &lt;a class=&quot;list-group-item&quot; href=&quot;/nha-dat/ban-nha-trong-hem-tp-ho-chi-minh-quan-1?dt=14&quot;&gt;Trên 1000 m2&lt;/a&gt;                    &lt;/div&gt;                &lt;/div&gt;            &lt;/div&gt;" SourceIndex="1459" TableNum="0" TextLen="403" order="36" xPath="/html[1]/body[1]/div[2]/div[1]/div[2]/div[4]/div[3]"/>
</LayoutNode>
<LayoutNode BgColor="#ffffff" ContainImg="0" ContainP="0" ContainTable="false" Content="Facebook Page | Facebook Group | Liên hệ hỗ trợ | Quy định đăng tin | Dạy kèm tin học văn phòng | Dạy photoshop " DOMCldNum="57" DoC="7" FontSize="16" FontWeight="normal" FormNum="0" FormSize="0" FrameSourceIndex="0" ID="1-8" InteractionNum="0" InteractionSize="0" IsImg="false" LinkNum="12" LinkTextLen="96" ObjectHeight="40" ObjectRectHeight="40" ObjectRectLeft="0" ObjectRectTop="2658" ObjectRectWidth="1420" ObjectWidth="1160" ObjectX="120" ObjectY="2658" OptionNum="0" OptionTextLength="0" ParaNum="0" SRC="Facebook Page | Facebook Group | Liên hệ hỗ trợ | Quy định đăng tin | Dạy kèm tin học văn phòng | Dạy photoshop" SourceIndex="0" TableNum="0" TextLen="111" order="37" xPath="No Xpath"/>
<LayoutNode BgColor="#ffffff" ContainImg="0" ContainP="0" ContainTable="false" DOMCldNum="13" DoC="5" FontSize="16" FontWeight="normal" FormNum="0" FormSize="0" FrameSourceIndex="0" ID="1-9" InteractionNum="0" InteractionSize="0" IsImg="false" LinkNum="105" LinkTextLen="906" ObjectRectHeight="529" ObjectRectLeft="0" ObjectRectTop="2708" ObjectRectWidth="1420" OptionNum="0" OptionTextLength="0" ParaNum="0" SourceIndex="1650" TableNum="0" TextLen="1007" order="38">
<LayoutNode BgColor="#ffffff" ContainImg="0" ContainP="0" ContainTable="false" Content="NHÀ ĐẤT TP HCM Nhà đất Quận 12 Nhà đất Quận 10 Bán nhà Quận 7 Bán nhà Tân Phú Bán nhà Thủ Đức Bán nhà Tân Bình Bán nhà Bình Thạnh Bán nhà Gò Vấp Bán nhà Bình Tân Bán nhà Phú Nhuận Cho thuê văn phòng Quận 1 Cho thuê văn phòng Quận 3 " DOMCldNum="13" DoC="8" FontSize="16" FontWeight="normal" FormNum="0" FormSize="0" FrameSourceIndex="0" ID="1-9-1" InteractionNum="0" InteractionSize="0" IsImg="false" LinkNum="26" LinkTextLen="219" ObjectHeight="390" ObjectRectHeight="529" ObjectRectLeft="0" ObjectRectTop="2708" ObjectRectWidth="299" ObjectWidth="164" ObjectX="135" ObjectY="2718" OptionNum="0" OptionTextLength="0" ParaNum="0" SRC="&lt;div class=&quot;col-md-2&quot;&gt;                    &lt;h5&gt;                        &lt;strong&gt;                            &lt;a href=&quot;/nha-dat/ban-nha-mat-tien-tp-ho-chi-minh&quot; style=&quot;text-decoration:none&quot; title=&quot;Mua bán nhà đất tp Hồ Chí Minh&quot;&gt;                                NHÀ ĐẤT TP HCM                            &lt;/a&gt;                        &lt;/strong&gt;                    &lt;/h5&gt;                    &lt;ul class=&quot;list-unstyled&quot; style=&quot;font-size:12px&quot;&gt;                        &lt;li&gt;&lt;a href=&quot;/nha-dat/ban-nha-o-tp-ho-chi-minh-quan-12&quot; title=&quot;Mua bán nhà đất Quận 12 Hồ Chí Minh&quot;&gt;Nhà đất Quận 12&lt;/a&gt;&lt;/li&gt;                        &lt;li&gt;&lt;a href=&quot;/nha-dat/ban-nha-o-tp-ho-chi-minh-quan-10&quot; title=&quot;Mua bán nhà đất Quận 10 Hồ Chí Minh&quot;&gt;Nhà đất Quận 10&lt;/a&gt;&lt;/li&gt;                        &lt;li&gt;&lt;a href=&quot;/nha-dat/ban-nha-o-tp-ho-chi-minh-quan-7&quot; title=&quot;Mua bán nhà đất Quận 7 Hồ Chí Minh&quot;&gt;Bán nhà Quận 7&lt;/a&gt;&lt;/li&gt;                        &lt;li&gt;&lt;a href=&quot;/nha-dat/ban-nha-o-tp-ho-chi-minh-quan-tan-phu&quot; title=&quot;Mua bán nhà đất Quận Tân Phú Hồ Chí Minh&quot;&gt;Bán nhà Tân Phú&lt;/a&gt;&lt;/li&gt;                        &lt;li&gt;&lt;a href=&quot;/nha-dat/ban-nha-o-tp-ho-chi-minh-quan-thu-duc&quot; title=&quot;Mua bán nhà đất Quận Thủ Đức Hồ Chí Minh&quot;&gt;Bán nhà Thủ Đức&lt;/a&gt;&lt;/li&gt;                        &lt;li&gt;&lt;a href=&quot;/nha-dat/ban-nha-o-tp-ho-chi-minh-quan-tan-binh&quot; title=&quot;Mua bán nhà đất Quận Tân Bình Hồ Chí Minh&quot;&gt;Bán nhà Tân Bình&lt;/a&gt;&lt;/li&gt;                        &lt;li&gt;&lt;a href=&quot;/nha-dat/ban-nha-o-tp-ho-chi-minh-quan-binh-thanh&quot; title=&quot;Mua bán nhà đất Quận Bình Thạnh Hồ Chí Minh&quot;&gt;Bán nhà Bình Thạnh&lt;/a&gt;&lt;/li&gt;                        &lt;li&gt;&lt;a href=&quot;/nha-dat/ban-nha-o-tp-ho-chi-minh-quan-go-vap&quot; title=&quot;Mua bán nhà đất Quận Gò Vấp Hồ Chí Minh&quot;&gt;Bán nhà Gò Vấp&lt;/a&gt;&lt;/li&gt;                        &lt;li&gt;&lt;a href=&quot;/nha-dat/ban-nha-o-tp-ho-chi-minh-quan-binh-tan&quot; title=&quot;Mua bán nhà đất Quận Bình Tân Hồ Chí Minh&quot;&gt;Bán nhà Bình Tân&lt;/a&gt;&lt;/li&gt;                        &lt;li&gt;&lt;a href=&quot;/nha-dat/ban-nha-o-tp-ho-chi-minh-quan-phu-nhuan&quot; title=&quot;Mua bán nhà đất Quận Phú Nhuận Hồ Chí Minh&quot;&gt;Bán nhà Phú Nhuận&lt;/a&gt;&lt;/li&gt;                        &lt;li&gt;&lt;a href=&quot;/nha-dat/cho-thue-van-phong-tp-ho-chi-minh-quan-1&quot; title=&quot;Cho thuê văn phòng Quận 1 Hồ Chí Minh&quot;&gt;Cho thuê văn phòng Quận 1&lt;/a&gt;&lt;/li&gt;                        &lt;li&gt;&lt;a href=&quot;/nha-dat/cho-thue-van-phong-tp-ho-chi-minh-quan-3&quot; title=&quot;Cho thuê văn phòng Quận 3 Hồ Chí Minh&quot;&gt;Cho thuê văn phòng Quận 3&lt;/a&gt;&lt;/li&gt;                    &lt;/ul&gt;                &lt;/div&gt;" SourceIndex="1652" TableNum="0" TextLen="219" order="39" xPath="/html[1]/body[1]/div[3]/div[1]/div[1]/ul[1]/footer[1]/div[1]/div[1]/div[1]"/>
<LayoutNode BgColor="#ffffff" ContainImg="0" ContainP="0" ContainTable="false" DOMCldNum="13" DoC="5" FontSize="16" FontWeight="normal" FormNum="0" FormSize="0" FrameSourceIndex="0" ID="1-9-2" InteractionNum="0" InteractionSize="0" IsImg="false" LinkNum="65" LinkTextLen="585" ObjectRectHeight="529" ObjectRectLeft="323" ObjectRectTop="2708" ObjectRectWidth="763" OptionNum="0" OptionTextLength="0" ParaNum="0" SourceIndex="1650" TableNum="0" TextLen="686" order="40">
<LayoutNode BgColor="#ffffff" ContainImg="0" ContainP="0" ContainTable="false" DOMCldNum="13" DoC="5" FontSize="16" FontWeight="normal" FormNum="0" FormSize="0" FrameSourceIndex="0" ID="1-9-2-1" InteractionNum="0" InteractionSize="0" IsImg="false" LinkNum="64" LinkTextLen="569" ObjectRectHeight="400" ObjectRectLeft="323" ObjectRectTop="2708" ObjectRectWidth="763" OptionNum="0" OptionTextLength="0" ParaNum="0" SourceIndex="1650" TableNum="0" TextLen="569" order="41">
<LayoutNode BgColor="#ffffff" ContainImg="0" ContainP="0" ContainTable="false" Content="NHÀ ĐẤT HÀ NỘI Cho thuê chung cư Hà Nội Cho thuê phòng trọ Hà Nội Nhà đất Cầu Giấy Nhà đất Thanh Xuân Nhà đất Đống Đa Nhà đất Hai Bà Trưng Nhà đất Ba Đình Nhà đất Tây Hồ Nhà đất Long Biên Nhà đất Hoàn Kiếm Chung cư Thanh Xuân Chung cư Tây Hồ " DOMCldNum="13" DoC="8" FontSize="16" FontWeight="normal" FormNum="0" FormSize="0" FrameSourceIndex="0" ID="1-9-2-1-1" InteractionNum="0" InteractionSize="0" IsImg="false" LinkNum="26" LinkTextLen="229" ObjectHeight="390" ObjectRectHeight="400" ObjectRectLeft="323" ObjectRectTop="2708" ObjectRectWidth="170" ObjectWidth="164" ObjectX="329" ObjectY="2718" OptionNum="0" OptionTextLength="0" ParaNum="0" SRC="&lt;div class=&quot;col-md-2&quot;&gt;                    &lt;h5&gt;                        &lt;strong&gt;                            &lt;a href=&quot;/nha-dat/ban-nha-mat-tien-ha-noi&quot; style=&quot;text-decoration:none&quot; title=&quot;Mua bán nhà đất Hà Nội&quot;&gt;                                NHÀ ĐẤT HÀ NỘI                            &lt;/a&gt;                        &lt;/strong&gt;                    &lt;/h5&gt;                    &lt;ul class=&quot;list-unstyled&quot; style=&quot;font-size:12px&quot;&gt;                        &lt;li&gt;&lt;a href=&quot;/nha-dat/cho-thue-can-ho-chung-cu-ha-noi&quot; title=&quot;Cho thuê chung cư Hà Nội&quot;&gt;Cho thuê chung cư Hà Nội&lt;/a&gt;&lt;/li&gt;                        &lt;li&gt;&lt;a href=&quot;/nha-dat/cho-thue-phong-tro-nha-tro-ha-noi&quot; title=&quot;Cho thuê phòng trọ, nhà trọ Hà Nội&quot;&gt;Cho thuê phòng trọ Hà Nội&lt;/a&gt;&lt;/li&gt;                        &lt;li&gt;&lt;a href=&quot;/nha-dat/ban-nha-o-ha-noi-quan-cau-giay&quot; title=&quot;Bán nhà quận Cầu Giấy&quot;&gt;Nhà đất Cầu Giấy&lt;/a&gt;&lt;/li&gt;                        &lt;li&gt;&lt;a href=&quot;/nha-dat/ban-nha-o-ha-noi-quan-thanh-xuan&quot; title=&quot;Bán nhà quận Thanh xuân&quot;&gt;Nhà đất Thanh Xuân&lt;/a&gt;&lt;/li&gt;                        &lt;li&gt;&lt;a href=&quot;/nha-dat/ban-nha-o-ha-noi-quan-dong-da&quot; title=&quot;Bán nhà quận Đống Đa&quot;&gt;Nhà đất Đống Đa&lt;/a&gt;&lt;/li&gt;                        &lt;li&gt;&lt;a href=&quot;/nha-dat/ban-nha-o-ha-noi-quan-hai-ba-trung&quot; title=&quot;Mua bán nhà đất Quận Hai Bà Trưng&quot;&gt;Nhà đất Hai Bà Trưng&lt;/a&gt;&lt;/li&gt;                        &lt;li&gt;&lt;a href=&quot;/nha-dat/ban-nha-o-ha-noi-quan-ba-dinh&quot; title=&quot;Mua bán nhà đất Quận Ba Đình&quot;&gt;Nhà đất Ba Đình&lt;/a&gt;&lt;/li&gt;                        &lt;li&gt;&lt;a href=&quot;/nha-dat/ban-nha-o-ha-noi-quan-tay-ho&quot; title=&quot;Mua bán nhà đất Quận Tây Hồ&quot;&gt;Nhà đất Tây Hồ&lt;/a&gt;&lt;/li&gt;                        &lt;li&gt;&lt;a href=&quot;/nha-dat/ban-nha-o-ha-noi-quan-long-bien&quot; title=&quot;Mua bán nhà đất Quận Long Biên&quot;&gt;Nhà đất Long Biên&lt;/a&gt;&lt;/li&gt;                        &lt;li&gt;&lt;a href=&quot;/nha-dat/can-ban-nha-o-ha-noi-quan-hoan-kiem&quot; title=&quot;Mua bán nhà đất Quận Hoàn Kiếm&quot;&gt;Nhà đất Hoàn Kiếm&lt;/a&gt;&lt;/li&gt;                        &lt;li&gt;&lt;a href=&quot;/nha-dat/cho-thue-can-ho-chung-cu-ha-noi-quan-thanh-xuan&quot; title=&quot;Chung cư Quận Thanh Xuân&quot;&gt;Chung cư Thanh Xuân&lt;/a&gt;&lt;/li&gt;                        &lt;li&gt;&lt;a href=&quot;/nha-dat/cho-thue-can-ho-chung-cu-ha-noi-quan-tay-ho&quot; title=&quot;Chung cư Quận Tây Hồ&quot;&gt;Chung cư Tây Hồ&lt;/a&gt;&lt;/li&gt;                    &lt;/ul&gt;                &lt;/div&gt;" SourceIndex="1715" TableNum="0" TextLen="229" order="42" xPath="/html[1]/body[1]/div[3]/div[1]/div[1]/ul[1]/footer[1]/div[1]/div[1]/div[2]"/>
<LayoutNode BgColor="#ffffff" ContainImg="0" ContainP="0" ContainTable="false" Content="NHÀ ĐẤT ĐỒNG NAI Bán nhà Biên Hòa Bán đất Biên Hòa Căn hộ Đồng Nai Nhà mặt tiền Đồng Nai Cho thuê phòng trọ Đồng Nai " DOMCldNum="13" DoC="5" FontSize="16" FontWeight="normal" FormNum="0" FormSize="0" FrameSourceIndex="0" ID="1-9-2-1-2" InteractionNum="0" InteractionSize="0" IsImg="false" LinkNum="12" LinkTextLen="111" ObjectHeight="180" ObjectRectHeight="400" ObjectRectLeft="523" ObjectRectTop="2708" ObjectRectWidth="164" ObjectWidth="164" ObjectX="523" ObjectY="2718" OptionNum="0" OptionTextLength="0" ParaNum="0" SRC="&lt;div class=&quot;col-md-2&quot;&gt;                    &lt;h5&gt;                        &lt;strong&gt;                            &lt;a href=&quot;/nha-dat/ban-nha-o-dong-nai&quot; style=&quot;text-decoration:none&quot; title=&quot;Mua bán nhà đất Đồng Nai&quot;&gt;                                NHÀ ĐẤT ĐỒNG NAI                            &lt;/a&gt;                        &lt;/strong&gt;                    &lt;/h5&gt;                    &lt;ul class=&quot;list-unstyled&quot; style=&quot;font-size:12px&quot;&gt;                        &lt;li&gt;&lt;a href=&quot;/nha-dat/ban-nha-o-dong-naithanh-pho-bien-hoa&quot; title=&quot;Bán nhà Biên Hòa&quot;&gt;Bán nhà Biên Hòa&lt;/a&gt;&lt;/li&gt;                        &lt;li&gt;&lt;a href=&quot;/nha-dat/ban-dat-tho-cu-dat-o-dong-nai-thanh-pho-bien-hoa&quot; title=&quot;Bán đất Biên Hòa&quot;&gt;Bán đất Biên Hòa&lt;/a&gt;&lt;/li&gt;                        &lt;li&gt;&lt;a href=&quot;/nha-dat/ban-can-ho-chung-cu-dong-nai&quot; title=&quot;Mua bán căn hộ chung cư Đồng Nai&quot;&gt;Căn hộ Đồng Nai&lt;/a&gt;&lt;/li&gt;                        &lt;li&gt;&lt;a href=&quot;/nha-dat/ban-nha-mat-tien-dong-nai&quot; title=&quot;Mua bán nhà mặt tiền Đồng Nai&quot;&gt;Nhà mặt tiền Đồng Nai&lt;/a&gt;&lt;/li&gt;                        &lt;li&gt;&lt;a href=&quot;/nha-dat/cho-thue-phong-tro-nha-tro-dong-nai&quot; title=&quot;Cho thuê phòng trọ, nhà trọ Đồng Nai&quot;&gt;Cho thuê phòng trọ Đồng Nai&lt;/a&gt;&lt;/li&gt;                    &lt;/ul&gt;                &lt;/div&gt;" SourceIndex="1778" TableNum="0" TextLen="111" order="43" xPath="/html[1]/body[1]/div[3]/div[1]/div[1]/ul[1]/footer[1]/div[1]/div[1]/div[3]"/>
<LayoutNode BgColor="#ffffff" ContainImg="0" ContainP="0" ContainTable="false" Content="NHÀ ĐẤT BÌNH DƯƠNG Cho thuê nhà Bình Dương Cho thuê phòng trọ Bình Dương Cho thuê đất Bình Dương Nhà đất Thủ Dầu Một Nhà đất Dĩ An " DOMCldNum="13" DoC="5" FontSize="16" FontWeight="normal" FormNum="0" FormSize="0" FrameSourceIndex="0" ID="1-9-2-1-3" InteractionNum="0" InteractionSize="0" IsImg="false" LinkNum="14" LinkTextLen="124" ObjectHeight="210" ObjectRectHeight="400" ObjectRectLeft="717" ObjectRectTop="2708" ObjectRectWidth="164" ObjectWidth="164" ObjectX="717" ObjectY="2718" OptionNum="0" OptionTextLength="0" ParaNum="0" SRC="&lt;div class=&quot;col-md-2&quot;&gt;                    &lt;h5&gt;                        &lt;strong&gt;                            &lt;a href=&quot;/nha-dat/ban-nha-mat-tien-binh-duong&quot; style=&quot;text-decoration:none&quot; title=&quot;Mua bán Nhà đất Bình Dương&quot;&gt;                                NHÀ ĐẤT BÌNH DƯƠNG                            &lt;/a&gt;                        &lt;/strong&gt;                    &lt;/h5&gt;                    &lt;ul class=&quot;list-unstyled&quot; style=&quot;font-size:12px&quot;&gt;                        &lt;li&gt;&lt;a href=&quot;/nha-dat/cho-thue-nha-o-binh-duong&quot; title=&quot;Cho thuê nhà bình dương&quot;&gt;Cho thuê nhà Bình Dương&lt;/a&gt;&lt;/li&gt;                        &lt;li&gt;&lt;a href=&quot;/nha-dat/cho-thue-phong-tro-nha-tro-binh-duong&quot; title=&quot;Cho thuê phòng trọ Bình Dương&quot;&gt;Cho thuê phòng trọ Bình Dương&lt;/a&gt;&lt;/li&gt;                        &lt;li&gt;&lt;a href=&quot;/nha-dat/cho-thue-dat-tho-cu-dat-o-binh-duong&quot; title=&quot;Cho thuê đất Bình Dương&quot;&gt;Cho thuê đất Bình Dương&lt;/a&gt;&lt;/li&gt;                        &lt;li&gt;&lt;a href=&quot;/nha-dat/ban-nha-o-binh-duong-thi-xa-thu-dau-mot&quot; title=&quot;Bán nhà Thủ Dầu một&quot;&gt;Nhà đất Thủ Dầu Một&lt;/a&gt;&lt;/li&gt;                        &lt;li&gt;&lt;a href=&quot;/nha-dat/ban-nha-o-binh-duong-thi-xa-di-an&quot; title=&quot;Nhà đất Dĩ An Bình dương&quot;&gt;Nhà đất Dĩ An&lt;/a&gt;&lt;/li&gt;                    &lt;/ul&gt;                &lt;/div&gt;" SourceIndex="1813" TableNum="0" TextLen="124" order="44" xPath="/html[1]/body[1]/div[3]/div[1]/div[1]/ul[1]/footer[1]/div[1]/div[1]/div[4]"/>
<LayoutNode BgColor="#ffffff" ContainImg="0" ContainP="0" ContainTable="false" Content="NHÀ ĐẤT ĐÀ NẴNG Biệt thự Đà Nẵng Cho thuê căn hộ Đà Nẵng Cho thuê đất Đà Nẵng Nhà đất Hải Châu Nhà đất Sơn Trà " DOMCldNum="13" DoC="5" FontSize="16" FontWeight="normal" FormNum="0" FormSize="0" FrameSourceIndex="0" ID="1-9-2-1-4" InteractionNum="0" InteractionSize="0" IsImg="false" LinkNum="12" LinkTextLen="105" ObjectHeight="180" ObjectRectHeight="400" ObjectRectLeft="911" ObjectRectTop="2708" ObjectRectWidth="175" ObjectWidth="164" ObjectX="911" ObjectY="2718" OptionNum="0" OptionTextLength="0" ParaNum="0" SRC="&lt;div class=&quot;col-md-2&quot;&gt;                    &lt;h5&gt;                        &lt;strong&gt;                            &lt;a href=&quot;/nha-dat/ban-nha-o-da-nang&quot; style=&quot;text-decoration:none&quot; title=&quot;Mua bán nhà đất Đà Nẵng&quot;&gt;                                NHÀ ĐẤT ĐÀ NẴNG                            &lt;/a&gt;                        &lt;/strong&gt;                    &lt;/h5&gt;                    &lt;ul class=&quot;list-unstyled&quot; style=&quot;font-size:12px&quot;&gt;                        &lt;li&gt;&lt;a href=&quot;/nha-dat/cho-thue-biet-thu-nha-lien-ke-da-nang&quot; title=&quot;Biệt thự Đà Nẵng&quot;&gt;Biệt thự Đà Nẵng&lt;/a&gt;&lt;/li&gt;                        &lt;li&gt;&lt;a href=&quot;/nha-dat/cho-thue-can-ho-chung-cu-da-nang&quot; title=&quot;Cho thuê căn hộ Đà Nẵng&quot;&gt;Cho thuê căn hộ Đà Nẵng&lt;/a&gt;&lt;/li&gt;                        &lt;li&gt;&lt;a href=&quot;nha-dat/cho-thue-dat-tho-cu-dat-o-da-nang&quot; title=&quot;Cho thuê đất Đà Nẵng&quot;&gt;Cho thuê đất Đà Nẵng&lt;/a&gt;&lt;/li&gt;                        &lt;li&gt;&lt;a href=&quot;/nha-dat/cho-thue-nha-o-da-nang-quan-hai-chau&quot; title=&quot;Nhà đất Hải Châu&quot;&gt;Nhà đất Hải Châu&lt;/a&gt;&lt;/li&gt;                        &lt;li&gt;&lt;a href=&quot;/nha-dat/cho-thue-nha-o-da-nang-quan-son-tra&quot; title=&quot;Nhà đất Sơn Trà&quot;&gt;Nhà đất Sơn Trà&lt;/a&gt;&lt;/li&gt;                    &lt;/ul&gt;                &lt;/div&gt;" SourceIndex="1848" TableNum="0" TextLen="105" order="45" xPath="/html[1]/body[1]/div[3]/div[1]/div[1]/ul[1]/footer[1]/div[1]/div[1]/div[5]"/>
</LayoutNode>
<LayoutNode BgColor="#ffffff" ContainImg="0" ContainP="0" ContainTable="false" Content="© 2015 - diachinhadat.com - ® Ghi rõ nguồn diachinhadat.com khi bạn phát hành thông tin từ website này " DOMCldNum="5" DoC="10" FontSize="16" FontWeight="normal" FormNum="0" FormSize="0" FrameSourceIndex="0" ID="1-9-2-2" InteractionNum="0" InteractionSize="0" IsImg="false" LinkNum="1" LinkTextLen="16" ObjectHeight="20" ObjectRectHeight="20" ObjectRectLeft="323" ObjectRectTop="3118" ObjectRectWidth="763" ObjectWidth="67" ObjectX="323" ObjectY="3118" OptionNum="0" OptionTextLength="0" ParaNum="0" SRC="© 2015 - &lt;a href=&quot;https://diachinhadat.com&quot; title=&quot;Đăng tin mua bán nhà đất, bất động sản toàn quốc&quot;&gt;diachinhadat.com&lt;/a&gt; - ® Ghi rõ nguồn diachinhadat.com khi bạn phát hành thông tin từ website này" SourceIndex="0;3917;0" TableNum="0" TextLen="102" order="46" xPath="No Xpath"/>
<LayoutNode BgColor="#ffffff" ContainImg="0" ContainP="0" ContainTable="false" Content="Thiết kế và SEO " DOMCldNum="5" DoC="10" FontSize="16" FontWeight="normal" FormNum="0" FormSize="0" FrameSourceIndex="0" ID="1-9-2-3" InteractionNum="0" InteractionSize="0" IsImg="false" LinkNum="0" LinkTextLen="0" ObjectHeight="20" ObjectRectHeight="79" ObjectRectLeft="323" ObjectRectTop="3158" ObjectRectWidth="763" ObjectWidth="114" ObjectX="648" ObjectY="3158" OptionNum="0" OptionTextLength="0" ParaNum="0" SRC="Thiết kế và SEO" SourceIndex="0" TableNum="0" TextLen="15" order="47" xPath="No Xpath"/>
</LayoutNode>
<LayoutNode BgColor="#ffffff" ContainImg="0" ContainP="0" ContainTable="false" Content="NHÀ ĐẤT BÀ RỊA - VŨNG TÀU Bán nhà Vũng tàu Bán nhà Bà rịa Bán đất Châu Đức Bán đất Tân Thành Bán nhà Côn Đảo " DOMCldNum="13" DoC="5" FontSize="16" FontWeight="normal" FormNum="0" FormSize="0" FrameSourceIndex="0" ID="1-9-3" InteractionNum="0" InteractionSize="0" IsImg="false" LinkNum="14" LinkTextLen="102" ObjectHeight="200" ObjectRectHeight="529" ObjectRectLeft="1105" ObjectRectTop="2708" ObjectRectWidth="315" ObjectWidth="164" ObjectX="1105" ObjectY="2718" OptionNum="0" OptionTextLength="0" ParaNum="0" SRC="&lt;div class=&quot;col-md-2&quot;&gt;                    &lt;h5&gt;                        &lt;strong&gt;                            &lt;a href=&quot;/nha-dat/ban-nha-o-ba-ria-vung-tau&quot; style=&quot;text-decoration:none&quot; title=&quot;Mua bán nhà đất Vũng Tàu&quot;&gt;                                NHÀ ĐẤT BÀ RỊA - VŨNG TÀU                            &lt;/a&gt;                        &lt;/strong&gt;                    &lt;/h5&gt;                    &lt;ul class=&quot;list-unstyled&quot; style=&quot;font-size:12px&quot;&gt;                        &lt;li&gt;&lt;a href=&quot;/nha-dat/ban-nha-o-ba-ria-vung-tau-thanh-pho-vung-tau&quot; title=&quot;Bán nhà Vũng tàu&quot;&gt;Bán nhà Vũng tàu&lt;/a&gt;&lt;/li&gt;                        &lt;li&gt;&lt;a href=&quot;/nha-dat/ban-nha-o-ba-ria-vung-tau-thanh-pho-ba-ria&quot; title=&quot;Bán nhà Bà rịa&quot;&gt;Bán nhà Bà rịa&lt;/a&gt;&lt;/li&gt;                        &lt;li&gt;&lt;a href=&quot;/nha-dat/ban-nha-o-ba-ria-vung-tau-huyen-chau-duc&quot; title=&quot;Bán đất Châu Đức&quot;&gt;Bán đất Châu Đức&lt;/a&gt;&lt;/li&gt;                        &lt;li&gt;&lt;a href=&quot;/nha-dat/ban-dat-tho-cu-dat-o-ba-ria-vung-tau-huyen-tan-thanh&quot; title=&quot;Bán đất Tân Thành&quot;&gt;Bán đất Tân Thành&lt;/a&gt;&lt;/li&gt;                        &lt;li&gt;&lt;a href=&quot;/nha-dat/ban-nha-mat-tien-ba-ria-vung-tau-huyen-con-dao&quot; title=&quot;Bán nhà Côn Đảo&quot;&gt;Bán nhà Côn Đảo&lt;/a&gt;&lt;/li&gt;                    &lt;/ul&gt;                &lt;/div&gt;" SourceIndex="1883" TableNum="0" TextLen="102" order="48" xPath="/html[1]/body[1]/div[3]/div[1]/div[1]/ul[1]/footer[1]/div[1]/div[1]/div[6]"/>
</LayoutNode>
</LayoutNode>
</VIPSPage>
