<VIPSPage PageRectHeight="980" PageRectLeft="0" PageRectTop="0" PageRectWidth="1420" PageTitle="Bán sàn thương mại chung cư Hyundai Hillstate, căn góc 120m2 giá 7,2 tỷ" Url="https://homedy.com/ban-san-thuong-mai-chung-cu-hyundai-hillstate-can-goc-120m2-gia-72-ty-es1166086" WindowHeight="980" WindowWidth="1420" neworder="0" order="0">
<LayoutNode BgColor="#ffffff" ContainImg="9" ContainP="10" ContainTable="true" DOMCldNum="47" DoC="1" FontSize="13" FontWeight="normal" FrameSourceIndex="0" ID="1" IsImg="false" LinkNum="72" LinkTextLen="1217" ObjectRectHeight="5249" ObjectRectLeft="0" ObjectRectTop="0" ObjectRectWidth="1420" SourceIndex="92" TextLen="3456" order="1">
<LayoutNode BgColor="#ffffff" ContainImg="0" ContainP="0" ContainTable="false" Content="MỞ ỨNG DỤNG HOMEDY MỞ Đăng tin Đăng ký Đăng nhập Dự án Dự án Tổng quan dự án Căn hộ Nhà phố thương mại (Shophouse) Nhà biệt thự liền kề Đất nền dự án Mặt bằng văn phòng Mặt bằng bán lẻ Khách sạn Mua bán Mua bán Căn hộ Nhà riêng Nhà mặt phố Nhà phố thương mại (Shophouse) Nhà biệt thự, liền kề Đất Đất nền dự án Bất động sản khác Cho thuê Cho thuê Căn hộ Căn hộ dịch vụ Nhà riêng Nhà mặt phố Nhà phố thương mại (Shophouse) Nhà biệt thự, liền kề Nhà trọ, phòng trọ Văn phòng Cửa hàng, mặt bằng bán lẻ Đất, nhà xưởng, kho bãi Bất động sản khác Vay mua nhà Vay mua nhà Vay mua nhà Danh sách lãi suất vay Tính lãi suất vay Giá trị ngôi nhà có thể mua Mua hay thuê nhà Tiện ích Tiện ích So sánh dự án Ước lượng giá Khám phá khu vực Báo cáo thị trường BĐS Ý tưởng thiết kế Xem phong thủy Thư viện pháp luật Danh bạ Danh bạ Môi giới Doanh nghiệp Đăng nhập Đăng ký Dành cho môi giới Quay lại danh sách Homedy Nhà đất Bất động sản khác Hà Nội Quận Hà Đông Xem BĐS tiếp theo   " DOMCldNum="47" DoC="5" FontSize="13" FontWeight="normal" FrameSourceIndex="0" ID="1-1" IsImg="false" LinkNum="16" LinkTextLen="142" ObjectRectHeight="51" ObjectRectLeft="0" ObjectRectTop="0" ObjectRectWidth="1420" SRC="&lt;div class=&quot;header fixed&quot;&gt;            &lt;div class=&quot;container&quot;&gt;                &lt;div class=&quot;open-appmobile&quot;&gt;                    &lt;div class=&quot;colse-note&quot; onclick=&quot;close_sticky_open_app()&quot;/&gt;                    &lt;div class=&quot;thumb&quot;/&gt;                    &lt;div class=&quot;text&quot; onclick=&quot;OpenApp()&quot;&gt;                        &lt;div&gt;MỞ ỨNG DỤNG&lt;/div&gt;                        &lt;div&gt;HOMEDY&lt;/div&gt;                    &lt;/div&gt;                    &lt;button class=&quot;btn-open-app&quot; onclick=&quot;OpenApp()&quot; type=&quot;button&quot;&gt;MỞ&lt;/button&gt;                &lt;/div&gt;                &lt;div class=&quot;left&quot;&gt;                    &lt;!-- Chỉ sử dụng cho Mobile --&gt;                    &lt;div class=&quot;ic-menu-bar&quot;&gt;                        &lt;div class=&quot;bar1&quot;/&gt;                        &lt;div class=&quot;bar2&quot;/&gt;                        &lt;div class=&quot;bar3&quot;/&gt;                    &lt;/div&gt;                        &lt;a class=&quot;logo&quot; href=&quot;/&quot; title=&quot;Cổng thông tin số 1 về Dự án Bất động sản - Homedy.com&quot;&gt;                        &lt;/a&gt;                &lt;/div&gt;                &lt;div class=&quot;center&quot; id=&quot;menu-bar&quot;&gt;                    &lt;!-- Chỉ sử dụng cho Mobile --&gt;                    &lt;a class=&quot;btn-blue post-product&quot; href=&quot;https://agent.homedy.com/post&quot; style=&quot;display: none;&quot;&gt;Đăng tin&lt;/a&gt;                    &lt;nav itemscope=&quot;&quot; itemtype=&quot;http://schema.org/SiteNavigationElement&quot; role=&quot;navigation&quot;&gt;                        &lt;!-- Sử dụng cho Desktop/Mobile --&gt;                        &lt;ul class=&quot;menu-bar&quot; id=&quot;menu&quot;&gt;                                &lt;li&gt;                                    &lt;div class=&quot;login-mobile&quot;&gt;                                        &lt;a href=&quot;/Account/Register&quot; title=&quot;Đăng ký&quot;&gt;Đăng ký&lt;/a&gt;                                        &lt;a href=&quot;/Account/Login&quot; title=&quot;Đăng nhập&quot;&gt;Đăng nhập&lt;/a&gt;                                    &lt;/div&gt;                                &lt;/li&gt;                            &lt;li itemprop=&quot;name&quot;&gt;                                &lt;button class=&quot;accordion &quot; onclick=&quot;arrow_animate(this)&quot;&gt;Dự án&lt;/button&gt; &lt;!-- Chỉ sử dung cho Mobile --&gt;                                &lt;a class=&quot;url-project first-menu&quot; href=&quot;/tong-quan-du-an&quot; itemprop=&quot;url&quot; title=&quot;Dự án bất động sản, dự án nhà đất&quot;&gt;Dự án&lt;/a&gt;                                &lt;ul class=&quot;parent-menu&quot;&gt;                                    &lt;li class=&quot;parent-item hidden-item&quot;&gt;&lt;a href=&quot;/tong-quan-du-an&quot; title=&quot;Dự án bất động sản, dự án nhà đất&quot;&gt;Tổng quan dự án&lt;/a&gt;&lt;/li&gt;                                    &lt;li class=&quot;parent-item&quot;&gt;&lt;a href=&quot;/du-an-can-ho&quot; title=&quot;Dự án căn hộ&quot;&gt;Căn hộ&lt;/a&gt;&lt;/li&gt;                                    &lt;li class=&quot;parent-item&quot;&gt;&lt;a href=&quot;/du-an-nha-pho-thuong-mai-shophouse&quot; title=&quot;Dự án Nhà phố thương mại (Shophouse)&quot;&gt;Nhà phố thương mại (Shophouse)&lt;/a&gt;&lt;/li&gt;                                    &lt;li class=&quot;parent-item&quot;&gt;&lt;a href=&quot;/du-an-nha-biet-thu-lien-ke&quot; title=&quot;Dự án nhà biệt thự liền kề&quot;&gt;Nhà biệt thự liền kề&lt;/a&gt;&lt;/li&gt;                                    &lt;li class=&quot;parent-item&quot;&gt;&lt;a href=&quot;/du-an-dat-nen-du-an&quot; title=&quot;Dự án Đất nền dự án&quot;&gt;Đất nền dự án&lt;/a&gt;&lt;/li&gt;                                    &lt;li class=&quot;parent-item&quot;&gt;&lt;a href=&quot;/du-an-mat-bang-van-phong&quot; title=&quot;Dự án mặt bằng văn phòng&quot;&gt;Mặt bằng văn phòng&lt;/a&gt;&lt;/li&gt;                                    &lt;li class=&quot;parent-item&quot;&gt;&lt;a href=&quot;/du-an-mat-bang-ban-le&quot; title=&quot;Dự án Mặt mặt bằng bán lẻ&quot;&gt;Mặt bằng bán lẻ&lt;/a&gt;&lt;/li&gt;                                    &lt;li class=&quot;parent-item&quot;&gt;&lt;a href=&quot;/du-an-khach-san&quot; title=&quot;Dự án khách sạn&quot;&gt;Khách sạn&lt;/a&gt;&lt;/li&gt;                                &lt;/ul&gt;                            &lt;/li&gt;                            &lt;li itemprop=&quot;name&quot;&gt;                                &lt;button class=&quot;accordion &quot; onclick=&quot;arrow_animate(this)&quot; title=&quot;Mua bán nhà đất - bất động sản&quot;&gt;Mua bán&lt;/button&gt; &lt;!-- Chỉ sử dung cho Mobile --&gt;                                &lt;a class=&quot;url-sell first-menu&quot; href=&quot;/ban-nha-dat&quot; title=&quot;Mua bán nhà đất - bất động sản&quot;&gt;Mua bán&lt;/a&gt;                                &lt;ul class=&quot;parent-menu&quot;&gt;                                    &lt;li class=&quot;parent-item&quot;&gt;                                        &lt;a href=&quot;/ban-can-ho-chung-cu&quot; title=&quot;Bán căn hộ&quot;&gt;Căn hộ &lt;!--&lt;span class=&quot;arrow-left&quot;&gt;&lt;/span&gt;--&gt; &lt;/a&gt;                                        &lt;!--&lt;ul class=&quot;sub-menu&quot;&gt;                                            &lt;li class=&quot;menu-item&quot;&gt;&lt;a href=&quot;/ban-can-ho-gia-re&quot; title=&quot;Bán căn hộ giá rẻ&quot;&gt;Căn hộ giá rẻ&lt;/a&gt;&lt;/li&gt;                                            &lt;li class=&quot;menu-item&quot;&gt;&lt;a href=&quot;/ban-can-ho-mini&quot; title=&quot;Bán căn hộ mini&quot;&gt;Căn hộ mini&lt;/a&gt;&lt;/li&gt;                                            &lt;li class=&quot;menu-item&quot;&gt;&lt;a href=&quot;/ban-can-ho-trung-cap&quot; title=&quot;Bán căn hộ trung cấp&quot;&gt;Căn hộ trung cấp&lt;/a&gt;&lt;/li&gt;                                            &lt;li class=&quot;menu-item&quot;&gt;&lt;a href=&quot;/ban-can-ho-cao-cap&quot; title=&quot;Bán căn hộ cao cấp&quot;&gt;Căn hộ cao cấp&lt;/a&gt;&lt;/li&gt;                                            &lt;li class=&quot;menu-item&quot;&gt;&lt;a href=&quot;/ban-can-ho-penthouse&quot; title=&quot;Bán căn hộ Penthouse&quot;&gt;Căn hộ Penthouse&lt;/a&gt;&lt;/li&gt;                                            &lt;li class=&quot;menu-item&quot;&gt;&lt;a href=&quot;/ban-can-ho-duplex&quot; title=&quot;Bán căn hộ Duplex&quot;&gt;Căn hộ Duplex&lt;/a&gt;&lt;/li&gt;                                            &lt;li class=&quot;menu-item&quot;&gt;&lt;a href=&quot;/ban-can-ho-skyvilla&quot; title=&quot;Bán căn hộ Skyvilla&quot;&gt;Căn hộ Skyvilla&lt;/a&gt;&lt;/li&gt;                                            &lt;li class=&quot;menu-item&quot;&gt;&lt;a href=&quot;/ban-can-ho-loft-house&quot; title=&quot;Bán căn hộ Loft-house&quot;&gt;Căn hộ Loft-house&lt;/a&gt;&lt;/li&gt;                                            &lt;li class=&quot;menu-item&quot;&gt;&lt;a href=&quot;/ban-can-ho-studio&quot; title=&quot;Bán căn hộ Studio&quot;&gt;Căn hộ Studio&lt;/a&gt;&lt;/li&gt;                                            &lt;li class=&quot;menu-item&quot;&gt;&lt;a href=&quot;/ban-can-ho-condotel&quot; title=&quot;Bán căn hộ Condotel&quot;&gt;Căn hộ Condotel&lt;/a&gt;&lt;/li&gt;                                            &lt;li class=&quot;menu-item&quot;&gt;&lt;a href=&quot;/ban-can-ho-officetel&quot; title=&quot;Bán căn hộ Officetel&quot;&gt;Căn hộ Officetel&lt;/a&gt;&lt;/li&gt;                                        &lt;/ul&gt;--&gt;                                        &lt;!-- Chỉ sử dung cho Mobile --&gt;                                        &lt;!--&lt;button class=&quot;accordion &quot; onclick=&quot;arrow_animate(this)&quot;&gt;&lt;/button&gt;--&gt;                                    &lt;/li&gt;                                    &lt;li class=&quot;parent-item&quot;&gt;&lt;a href=&quot;/ban-nha-rieng&quot; title=&quot;Bán nhà riêng&quot;&gt;Nhà riêng&lt;/a&gt;&lt;/li&gt;                                    &lt;li class=&quot;parent-item&quot;&gt;                                        &lt;a href=&quot;/ban-nha-mat-pho&quot; title=&quot;Bán nhà mặt phố&quot;&gt;Nhà mặt phố&lt;/a&gt;                                    &lt;/li&gt;                                    &lt;li class=&quot;parent-item&quot;&gt;&lt;a href=&quot;/ban-nha-pho-thuong-mai-shophouse&quot; title=&quot;Nhà phố thương mại (Shophouse)&quot;&gt;Nhà phố thương mại (Shophouse)&lt;/a&gt;&lt;/li&gt;                                    &lt;li class=&quot;parent-item&quot;&gt;                                        &lt;a href=&quot;/ban-nha-biet-thu-lien-ke&quot; title=&quot;Bán nhà biệt thự, liền kề&quot;&gt;Nhà biệt thự, liền kề &lt;!--&lt;span class=&quot;arrow-left&quot;&gt;&lt;/span&gt;--&gt; &lt;/a&gt;                                        &lt;!--&lt;ul class=&quot;sub-menu&quot;&gt;                                            &lt;li class=&quot;menu-item&quot;&gt;&lt;a href=&quot;/ban-nha-lien-ke&quot; title=&quot;Bán nhà liền kề&quot;&gt;Nhà liền kề&lt;/a&gt;&lt;/li&gt;                                            &lt;li class=&quot;menu-item&quot;&gt;&lt;a href=&quot;/ban-biet-thu&quot; title=&quot;Bán biệt thự&quot;&gt;Biệt thự&lt;/a&gt;&lt;/li&gt;                                            &lt;li class=&quot;menu-item&quot;&gt;&lt;a href=&quot;/ban-biet-thu-nghi-duong&quot; title=&quot;Bán biệt thự nghỉ dưỡng&quot;&gt;Biệt thự nghỉ dưỡng&lt;/a&gt;&lt;/li&gt;                                            &lt;li class=&quot;menu-item&quot;&gt;&lt;a href=&quot;/ban-biet-thu-don-lap&quot; title=&quot;Bán biệt thự đơn lập&quot;&gt;Biệt thự đơn lập&lt;/a&gt;&lt;/li&gt;                                            &lt;li class=&quot;menu-item&quot;&gt;&lt;a href=&quot;/ban-biet-thu-song-lap&quot; title=&quot;Bán biệt thự song lập&quot;&gt;Biệt thự song lập&lt;/a&gt;&lt;/li&gt;                                            &lt;li class=&quot;menu-item&quot;&gt;&lt;a href=&quot;/ban-biet-thu-tu-lap&quot; title=&quot;Bán biệt thự tứ lập&quot;&gt;Biệt thự tứ lập&lt;/a&gt;&lt;/li&gt;                                        &lt;/ul&gt;--&gt;                                        &lt;!-- Chỉ sử dung cho Mobile --&gt;                                        &lt;!--&lt;button class=&quot;accordion &quot; onclick=&quot;arrow_animate(this)&quot;&gt;&lt;/button&gt;--&gt;                                    &lt;/li&gt;                                    &lt;li class=&quot;parent-item&quot;&gt;                                        &lt;a href=&quot;/ban-dat&quot; title=&quot;Bán đất&quot;&gt;Đất&lt;/a&gt;                                        &lt;!--&lt;ul class=&quot;sub-menu&quot;&gt;                                            &lt;li class=&quot;menu-item&quot;&gt;&lt;a href=&quot;/ban-dat-cong-nghiep&quot; title=&quot;Bán đất công nghiệp&quot;&gt;Đất công nghiệp&lt;/a&gt;&lt;/li&gt;                                            &lt;li class=&quot;menu-item&quot;&gt;&lt;a href=&quot;/ban-dat-nong-lam-nghiep&quot; title=&quot;Bán đất nông, lâm nghiệp&quot;&gt;Đất nông, lâm nghiệp&lt;/a&gt;&lt;/li&gt;                                        &lt;/ul&gt;--&gt;                                        &lt;!-- Chỉ sử dung cho Mobile --&gt;                                        &lt;!--&lt;button class=&quot;accordion &quot; onclick=&quot;arrow_animate(this)&quot;&gt;&lt;/button&gt;--&gt;                                    &lt;/li&gt;                                    &lt;li class=&quot;parent-item&quot;&gt;&lt;a href=&quot;/ban-dat-nen-du-an&quot; title=&quot;Bán đất nền dự án&quot;&gt;Đất nền dự án&lt;/a&gt;&lt;/li&gt;                                    &lt;li class=&quot;parent-item&quot;&gt;                                        &lt;a href=&quot;/ban-bat-dong-san-khac&quot; title=&quot;Bán bất động sản khác&quot;&gt;Bất động sản khác&lt;/a&gt;                                        &lt;!--&lt;ul class=&quot;sub-menu&quot;&gt;                                            &lt;li class=&quot;menu-item&quot;&gt;&lt;a href=&quot;/ban-mat-bang-ban-le&quot; title=&quot;Bán mặt bằng bán lẻ&quot;&gt;Mặt bằng bán lẻ&lt;/a&gt;&lt;/li&gt;                                            &lt;li class=&quot;menu-item&quot;&gt;&lt;a href=&quot;/ban-nha-xuong-kho-bai&quot; title=&quot;Bán nhà xưởng, kho bãi&quot;&gt;Nhà xưởng, kho bãi&lt;/a&gt;&lt;/li&gt;                                            &lt;li class=&quot;menu-item&quot;&gt;&lt;a href=&quot;/ban-mat-bang-van-phong&quot; title=&quot;Bán mặt bằng văn phòng&quot;&gt;Mặt bằng văn phòng&lt;/a&gt;&lt;/li&gt;                                            &lt;li class=&quot;menu-item&quot;&gt;&lt;a href=&quot;/ban-khach-san&quot; title=&quot;Bán khách sạn&quot;&gt;Khách sạn&lt;/a&gt;&lt;/li&gt;                                            &lt;li class=&quot;menu-item&quot;&gt;&lt;a href=&quot;/ban-nha-tro-phong-tro&quot; title=&quot;Bán nhà trọ, phòng trọ&quot;&gt;Nhà trọ, phòng trọ&lt;/a&gt;&lt;/li&gt;                                            &lt;li class=&quot;menu-item&quot;&gt;&lt;a href=&quot;/ban-trang-trai&quot; title=&quot;Bán trang trại&quot;&gt;Trang trại&lt;/a&gt;&lt;/li&gt;                                        &lt;/ul&gt;--&gt;                                        &lt;!-- Chỉ sử dung cho Mobile --&gt;                                        &lt;!--&lt;button class=&quot;accordion &quot; onclick=&quot;arrow_animate(this)&quot;&gt;&lt;/button&gt;--&gt;                                    &lt;/li&gt;                                &lt;/ul&gt;                            &lt;/li&gt;                            &lt;li itemprop=&quot;name&quot;&gt;                                &lt;!-- Chỉ sử dung cho Mobile --&gt;                                &lt;button class=&quot;accordion &quot; onclick=&quot;arrow_animate(this)&quot; title=&quot;Cho thuê nhà đất - bất động sản&quot;&gt;Cho thuê&lt;/button&gt;                                &lt;a class=&quot;url-lease first-menu&quot; href=&quot;/cho-thue-nha-dat&quot; itemprop=&quot;url&quot; title=&quot;Cho thuê nhà đất - bất động sản&quot;&gt;Cho thuê&lt;/a&gt;                                &lt;ul class=&quot;parent-menu&quot;&gt;                                    &lt;li class=&quot;parent-item&quot;&gt;                                        &lt;a href=&quot;/cho-thue-can-ho-chung-cu&quot; title=&quot;Cho thuê căn hộ&quot;&gt;Căn hộ&lt;/a&gt;                                        &lt;!-- &lt;ul class=&quot;sub-menu&quot;&gt;                                            &lt;li class=&quot;menu-item&quot;&gt;&lt;a href=&quot;/cho-thue-can-ho-gia-re&quot; title=&quot;Cho thuê căn hộ giá rẻ&quot;&gt;Căn hộ giá rẻ&lt;/a&gt;&lt;/li&gt;                                            &lt;li class=&quot;menu-item&quot;&gt;&lt;a href=&quot;/cho-thue-can-ho-mini&quot; title=&quot;Cho thuê căn hộ mini&quot;&gt;Căn hộ mini&lt;/a&gt;&lt;/li&gt;                                            &lt;li class=&quot;menu-item&quot;&gt;&lt;a href=&quot;/cho-thue-can-ho-trung-cap&quot; title=&quot;Cho thuê căn hộ trung cấp&quot;&gt;Căn hộ trung cấp&lt;/a&gt;&lt;/li&gt;                                            &lt;li class=&quot;menu-item&quot;&gt;&lt;a href=&quot;/cho-thue-can-ho-cao-cap&quot; title=&quot;Cho thuê căn hộ cao cấp&quot;&gt;Căn hộ cao cấp&lt;/a&gt;&lt;/li&gt;                                            &lt;li class=&quot;menu-item&quot;&gt;&lt;a href=&quot;/cho-thue-can-ho-penthouse&quot; title=&quot;Cho thuê căn hộ Penthouse&quot;&gt;Căn hộ Penthouse&lt;/a&gt;&lt;/li&gt;                                            &lt;li class=&quot;menu-item&quot;&gt;&lt;a href=&quot;/cho-thue-can-ho-duplex&quot; title=&quot;Cho thuê căn hộ Duplex&quot;&gt;Căn hộ Duplex&lt;/a&gt;&lt;/li&gt;                                            &lt;li class=&quot;menu-item&quot;&gt;&lt;a href=&quot;/cho-thue-can-ho-skyvilla&quot; title=&quot;Cho thuê căn hộ Skyvilla&quot;&gt;Căn hộ Skyvilla&lt;/a&gt;&lt;/li&gt;                                            &lt;li class=&quot;menu-item&quot;&gt;&lt;a href=&quot;/cho-thue-can-ho-loft-house&quot; title=&quot;Cho thuê căn hộ Loft-house&quot;&gt;Căn hộ Loft-house&lt;/a&gt;&lt;/li&gt;                                            &lt;li class=&quot;menu-item&quot;&gt;&lt;a href=&quot;/cho-thue-can-ho-studio&quot; title=&quot;Cho thuê căn hộ Studio&quot;&gt;Căn hộ Studio&lt;/a&gt;&lt;/li&gt;                                            &lt;li class=&quot;menu-item&quot;&gt;&lt;a href=&quot;/cho-thue-can-ho-condotel&quot; title=&quot;Cho thuê căn hộ Condotel&quot;&gt;Căn hộ Condotel&lt;/a&gt;&lt;/li&gt;                                            &lt;li class=&quot;menu-item&quot;&gt;&lt;a href=&quot;/cho-thue-can-ho-officetel&quot; title=&quot;Cho thuê căn hộ officetel&quot;&gt;Căn hộ officetel&lt;/a&gt;&lt;/li&gt;                                        &lt;/ul&gt;                                        &lt;button class=&quot;accordion &quot; onclick=&quot;arrow_animate(this)&quot;&gt;&lt;/button&gt;--&gt;                                    &lt;/li&gt;                                    &lt;li class=&quot;parent-item&quot;&gt;&lt;a href=&quot;/cho-thue-can-ho-dich-vu&quot; title=&quot;Cho thuê căn hộ dịch vụ&quot;&gt;Căn hộ dịch vụ&lt;/a&gt;&lt;/li&gt;                                    &lt;li class=&quot;parent-item&quot;&gt;&lt;a href=&quot;/cho-thue-nha-rieng&quot; title=&quot;Cho thuê nhà riêng&quot;&gt;Nhà riêng&lt;/a&gt;&lt;/li&gt;                                    &lt;li class=&quot;parent-item&quot;&gt;                                        &lt;a href=&quot;/cho-thue-nha-mat-pho&quot; title=&quot;Cho thuê nhà mặt phố&quot;&gt;Nhà mặt phố&lt;/a&gt;                                    &lt;/li&gt;                                    &lt;li class=&quot;parent-item&quot;&gt;&lt;a href=&quot;/cho-thue-nha-pho-thuong-mai-shophouse&quot; title=&quot;Cho thuê nhà phố thương mại (Shophouse)&quot;&gt;Nhà phố thương mại (Shophouse)&lt;/a&gt;&lt;/li&gt;                                    &lt;li class=&quot;parent-item&quot;&gt;                                        &lt;a href=&quot;/cho-thue-nha-biet-thu-lien-ke&quot; title=&quot;Cho thuê nhà&quot;&gt;Nhà biệt thự, liền kề&lt;/a&gt;                                        &lt;!--&lt;ul class=&quot;sub-menu&quot;&gt;                                            &lt;li class=&quot;menu-item&quot;&gt;&lt;a href=&quot;/cho-thue-nha-lien-ke&quot; title=&quot;Cho thuê nhà liền kề&quot;&gt;Nhà liền kề&lt;/a&gt;&lt;/li&gt;                                            &lt;li class=&quot;menu-item&quot;&gt;&lt;a href=&quot;/cho-thue-biet-thu&quot; title=&quot;Cho thuê biệt thự&quot;&gt;Biệt thự&lt;/a&gt;&lt;/li&gt;                                            &lt;li class=&quot;menu-item&quot;&gt;&lt;a href=&quot;/cho-thue-biet-thu-nghi-duong&quot; title=&quot;Cho thuê biệt thự nghỉ dưỡng&quot;&gt;Biệt thự nghỉ dưỡng&lt;/a&gt;&lt;/li&gt;                                            &lt;li class=&quot;menu-item&quot;&gt;&lt;a href=&quot;/cho-thue-biet-thu-don-lap&quot; title=&quot;Cho thuê biệt thự đơn lập&quot;&gt;Biệt thự đơn lập&lt;/a&gt;&lt;/li&gt;                                            &lt;li class=&quot;menu-item&quot;&gt;&lt;a href=&quot;/cho-thue-biet-thu-song-lap&quot; title=&quot;Cho thuê biệt thự song lập&quot;&gt;Biệt thự song lập&lt;/a&gt;&lt;/li&gt;                                            &lt;li class=&quot;menu-item&quot;&gt;&lt;a href=&quot;/cho-thue-biet-thu-tu-lap&quot; title=&quot;Cho thuê biệt thự tứ lập&quot;&gt;Biệt thự tứ lập&lt;/a&gt;&lt;/li&gt;                                        &lt;/ul&gt;                                        &lt;button class=&quot;accordion &quot; onclick=&quot;arrow_animate(this)&quot;&gt;&lt;/button&gt; --&gt;                                    &lt;/li&gt;                                    &lt;li class=&quot;parent-item&quot;&gt;&lt;a href=&quot;/cho-thue-nha-tro-phong-tro&quot; title=&quot;Cho thuê nhà trọ, phòng trọ&quot;&gt;Nhà trọ, phòng trọ&lt;/a&gt;&lt;/li&gt;                                    &lt;li class=&quot;parent-item&quot;&gt;                                        &lt;a href=&quot;/cho-thue-van-phong&quot; title=&quot;Cho thuê văn phòng&quot;&gt;Văn phòng &lt;/a&gt;                                        &lt;!--&lt;ul class=&quot;sub-menu&quot;&gt;                                            &lt;li class=&quot;menu-item&quot;&gt;&lt;a href=&quot;/cho-thue-co-working-space&quot; title=&quot;Cho thuê Co-working space&quot;&gt;Co-working space&lt;/a&gt;&lt;/li&gt;                                        &lt;/ul&gt;                                        &lt;button class=&quot;accordion &quot; onclick=&quot;arrow_animate(this)&quot;&gt;&lt;/button&gt;--&gt;                                    &lt;/li&gt;                                    &lt;li class=&quot;parent-item&quot;&gt;&lt;a href=&quot;/cho-thue-cua-hang-mat-bang-ban-le&quot; title=&quot;Cho thuê cửa hàng, mặt bằng bán lẻ&quot;&gt;Cửa hàng, mặt bằng bán lẻ&lt;/a&gt;&lt;/li&gt;                                    &lt;li class=&quot;parent-item&quot;&gt;&lt;a href=&quot;/cho-thue-dat-nha-xuong-kho-bai&quot; title=&quot;Cho thuê đất, nhà xưởng, kho bãi&quot;&gt;Đất, nhà xưởng, kho bãi&lt;/a&gt;&lt;/li&gt;                                    &lt;li class=&quot;parent-item&quot;&gt;&lt;a href=&quot;/cho-thue-bat-dong-san-khac&quot; title=&quot;Cho thuê bất động sản khác&quot;&gt;Bất động sản khác&lt;/a&gt;&lt;/li&gt;                                &lt;/ul&gt;                            &lt;/li&gt;                            &lt;li itemprop=&quot;name&quot;&gt;                                &lt;!-- Chỉ sử dung cho Mobile --&gt;                                &lt;button class=&quot;accordion &quot; onclick=&quot;arrow_animate(this)&quot; title=&quot;vay mua nhà&quot;&gt;Vay mua nhà&lt;/button&gt;                                &lt;a class=&quot; first-menu&quot; href=&quot;/vay-mua-nha&quot; itemprop=&quot;url&quot; title=&quot;vay mua nhà&quot;&gt;Vay mua nhà&lt;/a&gt;                                &lt;ul class=&quot;parent-menu&quot;&gt;                                    &lt;li class=&quot;parent-item hidden-item&quot;&gt;&lt;a href=&quot;/vay-mua-nha&quot; itemprop=&quot;url&quot; title=&quot;vay mua nhà&quot;&gt;Vay mua nhà&lt;/a&gt;&lt;/li&gt;                                    &lt;li class=&quot;parent-item&quot;&gt;&lt;a href=&quot;/danh-sach-lai-suat&quot; itemprop=&quot;url&quot; title=&quot;danh sách lãi suất vay&quot;&gt;Danh sách lãi suất vay&lt;/a&gt;&lt;/li&gt;                                    &lt;li class=&quot;parent-item&quot;&gt;&lt;a href=&quot;/tinh-lai-suat-vay-mua-nha&quot; itemprop=&quot;url&quot; title=&quot;tính lãi suất vay&quot;&gt;Tính lãi suất vay&lt;/a&gt;&lt;/li&gt;                                    &lt;li class=&quot;parent-item&quot;&gt;&lt;a href=&quot;/gia-tri-ngoi-nha-co-the-mua&quot; itemprop=&quot;url&quot; title=&quot;giá trị ngôi nhà có thể mua&quot;&gt;Giá trị ngôi nhà có thể mua&lt;/a&gt;&lt;/li&gt;                                    &lt;li class=&quot;parent-item&quot;&gt;&lt;a href=&quot;/nen-mua-nha-hay-thue&quot; itemprop=&quot;url&quot; title=&quot;Nên mua hay thuê nhà&quot;&gt;Mua hay thuê nhà&lt;/a&gt;&lt;/li&gt;                                &lt;/ul&gt;                            &lt;/li&gt;                            &lt;li itemprop=&quot;name&quot;&gt;                                &lt;!-- Chỉ sử dung cho Mobile --&gt;                                &lt;button class=&quot;accordion &quot; onclick=&quot;arrow_animate(this)&quot; title=&quot;Tiện ích&quot;&gt;Tiện ích&lt;/button&gt;                                &lt;a class=&quot;url-tinh-lai first-menu&quot; href=&quot;/uoc-luong-gia&quot; itemprop=&quot;url&quot; title=&quot;Tiện ích&quot;&gt;Tiện ích&lt;/a&gt;                                &lt;ul class=&quot;parent-menu&quot;&gt;                                    &lt;li class=&quot;parent-item&quot;&gt;&lt;a href=&quot;/so-sanh-du-an&quot; itemprop=&quot;url&quot; title=&quot;So sánh dự án&quot;&gt;So sánh dự án&lt;/a&gt;&lt;/li&gt;                                    &lt;li class=&quot;parent-item&quot;&gt;&lt;a href=&quot;/uoc-luong-gia&quot; itemprop=&quot;url&quot; title=&quot;Ước lượng giá&quot;&gt;Ước lượng giá&lt;/a&gt;&lt;/li&gt;                                    &lt;li class=&quot;parent-item&quot;&gt;&lt;a href=&quot;/kham-pha-khu-vuc&quot; itemprop=&quot;url&quot; title=&quot;Khám phá khu vực&quot;&gt;Khám phá khu vực&lt;/a&gt;&lt;/li&gt;                                    &lt;li class=&quot;parent-item&quot;&gt;&lt;a href=&quot;/danh-sach-bao-cao-thang&quot; itemprop=&quot;url&quot; title=&quot;Báo cáo thị trường bất động sản&quot;&gt;Báo cáo thị trường BĐS&lt;/a&gt;&lt;/li&gt;                                    &lt;li class=&quot;parent-item&quot;&gt;&lt;a href=&quot;https://my.homedy.com&quot; itemprop=&quot;url&quot; rel=&quot;nofollow&quot; target=&quot;_blank&quot; title=&quot;Thiết kế nhà đẹp&quot;&gt;Ý tưởng thiết kế&lt;/a&gt;&lt;/li&gt;                                    &lt;li class=&quot;parent-item&quot;&gt;&lt;a href=&quot;/xem-phong-thuy&quot; itemprop=&quot;url&quot; title=&quot;Xem phong thủy&quot;&gt;Xem phong thủy&lt;/a&gt;&lt;/li&gt;                                    &lt;li class=&quot;parent-item&quot;&gt;&lt;a href=&quot;/thu-vien-phap-luat&quot; itemprop=&quot;url&quot; title=&quot;Thư viện pháp luật&quot;&gt;Thư viện pháp luật&lt;/a&gt;&lt;/li&gt;                                &lt;/ul&gt;                            &lt;/li&gt;                            &lt;li itemprop=&quot;name&quot;&gt;                                &lt;!-- Chỉ sử dung cho Mobile --&gt;                                &lt;button class=&quot;accordion &quot; onclick=&quot;arrow_animate(this)&quot; title=&quot;Danh bạ&quot;&gt;Danh bạ&lt;/button&gt;                                &lt;a class=&quot;url-agency url-company first-menu&quot; href=&quot;/danh-sach-nha-moi-gioi&quot; itemprop=&quot;url&quot; title=&quot;Danh bạ&quot;&gt;Danh bạ&lt;/a&gt;                                &lt;ul class=&quot;parent-menu&quot;&gt;                                    &lt;li class=&quot;parent-item&quot;&gt;&lt;a href=&quot;/danh-sach-nha-moi-gioi&quot; itemprop=&quot;url&quot; title=&quot;Danh sách nhà môi giới bất động sản&quot;&gt;Môi giới&lt;/a&gt;&lt;/li&gt;                                    &lt;li class=&quot;parent-item&quot;&gt;&lt;a href=&quot;/danh-sach-cong-ty&quot; itemprop=&quot;url&quot; title=&quot;Danh sách công ty bất động sản&quot;&gt;Doanh nghiệp&lt;/a&gt;&lt;/li&gt;                                &lt;/ul&gt;                            &lt;/li&gt;                            &lt;li itemprop=&quot;name&quot;&gt;                            &lt;/li&gt;                        &lt;/ul&gt;                    &lt;/nav&gt;                    &lt;!-- Chỉ sử dụng cho Mobile --&gt;                    &lt;div class=&quot;box-bottom&quot; style=&quot;display:none&quot;&gt;                        &lt;a class=&quot;ic ic-facebook&quot; href=&quot;#&quot; rel=&quot;nofollow&quot; title=&quot;Facebook&quot;/&gt;                        &lt;a class=&quot;ic ic-youtube&quot; href=&quot;#&quot; rel=&quot;nofollow&quot; title=&quot;Youtube&quot;/&gt;                        &lt;a class=&quot;ic ic-call&quot; href=&quot;#&quot; rel=&quot;nofollow&quot; title=&quot;Call&quot;/&gt;                        &lt;a class=&quot;ic ic-email&quot; href=&quot;#&quot; rel=&quot;nofollow&quot; title=&quot;Email&quot;/&gt;                    &lt;/div&gt;                &lt;/div&gt;                &lt;div class=&quot;right&quot;&gt;                        &lt;div style=&quot;display: inline-block&quot;&gt;                            &lt;div class=&quot;not-logged-in&quot;&gt;                                &lt;a class=&quot;login-button&quot; href=&quot;/Account/Login&quot; rel=&quot;nofollow&quot; title=&quot;Đăng nhập&quot;&gt;Đăng nhập&lt;/a&gt;                                &lt;div class=&quot;popup-hidden&quot;&gt;                                    &lt;a href=&quot;/Account/Register&quot; rel=&quot;nofollow&quot; title=&quot;Đăng ký&quot;&gt;Đăng ký&lt;/a&gt;                                &lt;/div&gt;                            &lt;/div&gt;                            &lt;a class=&quot;btn-white&quot; href=&quot;/ld/danh-cho-moi-gioi&quot; itemprop=&quot;url&quot; title=&quot;Dành cho môi giới&quot;&gt;Dành cho môi giới&lt;/a&gt;                        &lt;/div&gt;                &lt;/div&gt;                &lt;div class=&quot;ic-menu-news&quot; style=&quot;display:none&quot;&gt;                    &lt;div class=&quot;ic fa fa-circle&quot;/&gt;                    &lt;div class=&quot;ic fa fa-circle&quot;/&gt;                    &lt;div class=&quot;ic fa fa-circle&quot;/&gt;                &lt;/div&gt;            &lt;/div&gt;        &lt;/div&gt;&lt;div class=&quot;filter&quot;&gt;    &lt;div class=&quot;box-top&quot;&gt;        &lt;div class=&quot;container&quot;&gt;            &lt;a class=&quot;home&quot; href=&quot;/&quot; title=&quot;Homedy.com&quot;/&gt;            &lt;div class=&quot;box-filter&quot;&gt;                &lt;div class=&quot;breadcrumb&quot;&gt;                    &lt;div class=&quot;back-title&quot;&gt;                        &lt;a href=&quot;javscrippt: void(0)&quot; onclick=&quot;{ location.href = (localStorage.getItem('BackURL') !== null &amp;&amp; localStorage.getItem('BackURL') !== undefined) ? localStorage.getItem('BackURL') : document.referrer; return false; }&quot; title=&quot;Danh sách tin đăng&quot;&gt;                            &lt;span class=&quot;fa fa-angle-left icon-back&quot;/&gt; Quay lại danh sách                        &lt;/a&gt;                    &lt;/div&gt;                    &lt;ul&gt;                        &lt;li itemprop=&quot;itemListElement&quot; itemscope=&quot;&quot; itemtype=&quot;http://schema.org/ListItem&quot;&gt;                            &lt;a href=&quot;/&quot; itemprop=&quot;item&quot; title=&quot;Cổng thông tin số 1 về Dự án Bất động sản - Homedy.com&quot;&gt;                                &lt;span itemprop=&quot;name&quot;&gt;Homedy&lt;/span&gt;                            &lt;/a&gt;                            &lt;meta content=&quot;1&quot; itemprop=&quot;position&quot;/&gt;                        &lt;/li&gt;                                &lt;li itemprop=&quot;itemListElement&quot; itemscope=&quot;&quot; itemtype=&quot;http://schema.org/ListItem&quot;&gt;                                    &lt;a href=&quot;https://homedy.com/ban-nha-dat&quot; itemprop=&quot;item&quot; title=&quot;Nhà đất&quot;&gt;                                        &lt;span itemprop=&quot;name&quot;&gt;Nhà đất&lt;/span&gt;                                    &lt;/a&gt;                                    &lt;meta content=&quot;2&quot; itemprop=&quot;position&quot;/&gt;                                &lt;/li&gt;                                &lt;li itemprop=&quot;itemListElement&quot; itemscope=&quot;&quot; itemtype=&quot;http://schema.org/ListItem&quot;&gt;                                    &lt;a href=&quot;https://homedy.com/ban-bat-dong-san-bat-dong-san-khac&quot; itemprop=&quot;item&quot; title=&quot;Bất động sản khác&quot;&gt;                                        &lt;span itemprop=&quot;name&quot;&gt;Bất động sản khác&lt;/span&gt;                                    &lt;/a&gt;                                    &lt;meta content=&quot;3&quot; itemprop=&quot;position&quot;/&gt;                                &lt;/li&gt;                                &lt;li itemprop=&quot;itemListElement&quot; itemscope=&quot;&quot; itemtype=&quot;http://schema.org/ListItem&quot;&gt;                                    &lt;a href=&quot;https://homedy.com/ban-nha-dat-khac-ha-noi&quot; itemprop=&quot;item&quot; title=&quot;Hà Nội&quot;&gt;                                        &lt;span itemprop=&quot;name&quot;&gt;Hà Nội&lt;/span&gt;                                    &lt;/a&gt;                                    &lt;meta content=&quot;4&quot; itemprop=&quot;position&quot;/&gt;                                &lt;/li&gt;                                &lt;li itemprop=&quot;itemListElement&quot; itemscope=&quot;&quot; itemtype=&quot;http://schema.org/ListItem&quot;&gt;                                    &lt;a href=&quot;https://homedy.com/ban-nha-dat-bat-dong-san-khac-quan-ha-dong-ha-noi&quot; itemprop=&quot;item&quot; title=&quot;Quận Hà Đông&quot;&gt;                                        &lt;span itemprop=&quot;name&quot;&gt;Quận Hà Đông&lt;/span&gt;                                    &lt;/a&gt;                                    &lt;meta content=&quot;5&quot; itemprop=&quot;position&quot;/&gt;                                &lt;/li&gt;                    &lt;/ul&gt;                &lt;/div&gt;                &lt;div class=&quot;next-product&quot;&gt;                    &lt;a class=&quot;next-product-url&quot; href=&quot;#&quot;&gt;&lt;span&gt;Xem BĐS tiếp theo  &lt;/span&gt;&lt;span class=&quot;fa fa-angle-right&quot;/&gt; &lt;/a&gt;                &lt;/div&gt;            &lt;/div&gt;        &lt;/div&gt;    &lt;/div&gt;    &lt;div class=&quot;container box-content&quot;&gt;    &lt;/div&gt;&lt;/div&gt;" SourceIndex="96;517" TextLen="142" order="2" xPath="/#document/html/body/div[1]/div[0]/div[3]/div[0]/div[1]/a[0]/#text"/>
<LayoutNode BgColor="#ffffff" ContainImg="0" ContainP="0" ContainTable="false" Content="ID tin: 1166086 Loại tin: Bán Đã đăng 3 tháng trước Ngày hết hạn: 16/01/2020 Hyundai Hillstate - Đường Tô Hiệu, Phường Hà Cầu, Quận Hà Đông, Hà Nội .modal-content{ width: 920px; } .modal-content .content-body-street-view{ height: 480px; } .modal-content .map-street-view { margin-left: -2px; float: left; width: 100%; height: 330px; transition: 0.5s; overflow: hidden; } .modal-content .content-body-street-view .pano { height: 330px; width: 0; transition: 0.5s; position: relative; } .modal-content .map-street-view{ position:relative; /*border: 1px solid #e8e8e8;*/ } .modal-content .map-street-view .minimize { position: absolute; top: 46%; right: 0; width: 20px; height: 32px; background: url(https://static.homedy.com/src/images/icon/icon-desktop.png) no-repeat center; background-position: -44px -90px; background-color: #0098da; z-index: 998; box-shadow: rgba(0, 0, 0, 0.3) 0px 1px 4px -1px; cursor: pointer; border-bottom-left-radius: 2px; border-top-left-radius:2px; display: none; } .modal-content .pano .maximize { position: absolute; top: 46%; left: 0; width: 20px; height: 32px; background: url(https://static.homedy.com/src/images/icon/icon-desktop.png) no-repeat center; background-position: -60px -90px; background-color: #0098da; z-index: 998; box-shadow: rgba(0, 0, 0, 0.3) 0px 1px 4px -1px; cursor: pointer; /*display: none;*/ border-bottom-right-radius: 2px; border-top-right-radius: 2px; display: none; } .modal-content .map-street-view .minimize:hover, .modal-content .pano .maximize:hover { background-color: #036f9d !important; } .alert-map { position: absolute; top: 40%; left: 0; right: 0; text-align: center; padding: 8px; z-index: 999; } .alert-map span{ padding: 12px 32px; background: rgba(255, 106, 0, 0.6); color: #fff; font-size: 14px; border-radius: 4px; box-shadow: rgba(0, 0, 0, 0.3) 0px 1px 4px -1px; display: inline-block; } .close-street-view{ position:absolute; top: 8px; right: 16px; font-size: 24px; cursor: pointer; } .modal-content .content-title { font-size: 16px; padding: 16px 0; padding-top: 0; line-height: normal; } .modal-content .content-title p{ font-size: 13px; margin-top: 6px; font-weight: normal; line-height: normal; } .modal-content .content-body-street-view { border-top: 1px solid #ddd; /*padding-top: 12px;*/ position: relative; overflow: hidden; } .btn-street-view { padding: 10px 18px; /*margin-top: 8px;*/ font-size: 15px; font-weight: 500; position: relative; padding-left: 35px; line-height: normal; margin-top: 4px; } .btn-street-view::after { content: &quot; &quot;; position: absolute; top: 8px; left: 8px; display: inline-block; width: 20px; height: 21px; background: url(https://static.homedy.com/src/images/icon/icon-compass.png) no-repeat center; background-size: contain; } .content-body-street-view .hide-list-photo { position: absolute; right: 0; bottom: 140px; display: inline-block; padding: 0px 12px; z-index: 997; background: #fff; line-height: 25px; cursor: pointer; transition: 0.5s; border-top-left-radius: 3px; border-top: 1px solid #e8e8e8; border-left: 1px solid #e8e8e8; } .content-body-street-view .hide-list-photo:before { content: &quot;&quot;; float: left; height: 16px; width: 16px; background: url(https://static.homedy.com/src/images/icon/map/expander-sprite-1x.png) no-repeat center; background-position: 0 0; margin-top: 5px; margin-right: 3px; } .content-body-street-view .hide-list-photo:hover{ background: #e8e8e8; } .content-body-street-view .hide-list-photo.expand{ bottom: 0px; } .content-body-street-view .hide-list-photo.expand:before { background-position: 0 -15px; } .content-body-street-view .list-photo-sphere { position: absolute; height: 128px; /*padding: 4px;*/ padding-top: 12px; padding-bottom: 0; background: #fff; bottom: 0; left: 0; width: 100%; z-index: 997; border-top: 1px solid #e8e8e8; transition: 0.5s; /*white-space: nowrap;*/ /*overflow: auto;*/ } .content-body-street-view .list-photo-sphere.owl-carousel { display: block; } .content-body-street-view .list-photo-sphere .item { width: 230px; height: 128px; float: left; margin-right: 4px; background: #fff; cursor: pointer; border: 1px solid #fff; /*display: inline-block;*/ } .content-body-street-view .list-photo-sphere .item:hover { box-shadow: rgba(0, 0, 0, 0.3) 0px 2px 4px -2px; border: 1px solid rgba(0, 152, 218, 0.60); } .content-body-street-view .list-photo-sphere .guide .thumb{ height: 128px; float: left; width: 244px; background: url(https://static.homedy.com/src/images/icon/map/streetview-demo.png) no-repeat center; background-size: contain; margin-right: 16px; } .content-body-street-view .list-photo-sphere .guide .text { line-height: 25px; margin-left: 16px; font-size: 14px; padding-top: 32px; } .content-body-street-view .list-photo-sphere .guide .text img{ display: inline-block; margin-bottom: -10px; } .content-body-street-view .list-photo-sphere .guide .text span { display: inline-block; width: 8px; height: 8px; margin-left: 3px; margin-right: 3px; margin-bottom: -2px; background: rgba(84,159,184,0.5); border-radius: 6px; border: 2px solid #68aec9; } .content-body-street-view .list-photo-sphere.owl-theme .owl-nav { position: absolute; top: 30%; left: 0; right: 0; max-height: 0; } .content-body-street-view .list-photo-sphere.owl-theme .owl-nav .owl-next { position: absolute; right: -1px; width: 8px; height: 30px; display: inline-block; background: url(https://static.homedy.com/src/images/icon/icon-desktop.png) no-repeat center; background-color: #f5f5f5; background-position: -77px -87px; border-radius: 0; } .content-body-street-view .list-photo-sphere.owl-theme .owl-nav .owl-prev { position: absolute; left: -1px; width: 8px; height: 30px; display: inline-block; background: url(https://static.homedy.com/src/images/icon/icon-desktop.png) no-repeat center; background-color: #f5f5f5; background-position: -29px -87px; border-radius: 0; } @media(max-width: 920px) { .modal-content { width: auto; padding: 8px 0; height: calc(100vh - 18px) !important; } .modal-content .content-body-street-view { height: calc(100vh - 53px); padding-top: 0; } .modal-content .content-title { margin-top: 6px; width: 90%; padding: 8px; } .modal-content .content-title p{ font-size: 12px; } .modal-content .content-body-street-view .map-street-view { /*display: none;*/ position: absolute; /*top: 440px;*/ width: auto !important; left: 0px; right: 0px; height: 100% !important; z-index: 1; } .modal-content .content-body-street-view .pano { width: 100% !important; min-height: 360px !important; height: 100% !important; } .modal-content .map-street-view .minimize, .modal-content .pano .maximize { display: none !important; } .content-body-street-view .list-photo-sphere .guide .thumb{ background-size:cover; width: 128px; margin-right: 8px; } .content-body-street-view .list-photo-sphere .guide .text{ padding-top: 0; } } Street view × Xem hình ảnh xung quanh vị trí bất động sản. var _show_list_photo = true; var _resize_timer = null; var _owl_carousel = null; var _modal_street_view = document.getElementById('modal_street_view'); var _latitude = Number(20.9655319473867); var _longtitude = Number(105.77491551637684); window.addEventListener('load', function () { $('.btn-show-street-view').click(function () { ShowFormContact(); }); $('.close-street-view').click(function (event) { _modal_street_view.style.display = &quot;none&quot;; }); //$('.minimize').click(function () { // Minimize_Map(true); //}); }, true); function ShowFormContact() { _modal_street_view.style.display = &quot;block&quot;; //StreetView_Initialize(); if (map === null) { initMap(); } } function StreetView_Initialize() { var fenway = { lat: _latitude, lng: _longtitude }; console.log(fenway); var map = new google.maps.Map(document.getElementById('map_street_view'), { center: fenway, zoom: 14 }); var panorama = new google.maps.StreetViewPanorama( document.getElementById('pano'), { position: fenway, pov: { heading: 34, pitch: 10 } }); map.setStreetView(panorama); } var _full_map = 2; function Minimize_Map(value) { var map_element = $('.map-street-view'); var street_element = $('.pano'); $('.minimize').fadeIn(); $('.maximize').fadeIn(); if (!value) { if (_full_map === 0) { map_element.css({ &quot;width&quot;: &quot;30%&quot; }); street_element.css({ &quot;width&quot;: &quot;70%&quot; }); //$('.maximize').fadeIn(); _full_map = 1; ResizePano(); return; } if (_full_map === 1) { map_element.css({ &quot;width&quot;: &quot;99.9%&quot; }); street_element.css({ &quot;width&quot;: '0.1%' }); //$('.maximize').fadeIn(); _full_map = 2; ResizePano(); return; } } else { //$('.maximize').fadeOut(); if (_full_map === 2) { map_element.css({ &quot;width&quot;: &quot;30%&quot; }); street_element.css({ &quot;width&quot;: &quot;70%&quot; }); _full_map = 1; ResizePano(); return; } if (_full_map === 1) { //$('.maximize').fadeOut(); map_element.css({ &quot;width&quot;: 0 }); street_element.css({ &quot;width&quot;: &quot;100%&quot; }); _full_map = 0; ResizePano(); return; } } } var map = null; var panorama; var api_key = 'AIzaSyDNI_ZWPqvdS6r6gPVO50I4TlYkfkZdXh8'; var _photo_sphere = []; function initMap() { var berkeley = { lat: _latitude, lng: _longtitude }; var sv = new google.maps.StreetViewService(); // Set up the map. map = new google.maps.Map(document.getElementById('map_street_view'), { center: berkeley, zoom: 17, zoomControl: true, streetViewControl: true, //streetViewControl: false }); var marker = new google.maps.Marker({ map: map, position: berkeley, title: 'Vị trí bất động sản', //animation: google.maps.Animation.BOUNCE, //icon: image, }); var nw = new google.maps.LatLng(_latitude, _longtitude); var size = new google.maps.Size(240, 240); map.addListener('projection_changed', function () { $('#map_street_view').append('&lt;div class=&quot;minimize&quot; onclick=&quot;Minimize_Map(true)&quot;&gt;&lt;/div&gt;'); $('#pano').append('&lt;div class=&quot;maximize&quot; onclick=&quot;Minimize_Map(false)&quot;&gt;&lt;/div&gt;'); var html = '&lt;div class=&quot;list-photo-sphere owl-carousel owl-theme&quot;&gt;' html += ' &lt;div class=&quot;guide&quot;&gt;'; html += ' &lt;div class=&quot;thumb&quot;&gt;&lt;/div&gt;'; html += ' &lt;div class=&quot;text&quot;&gt;Hiện tại không có &lt;strong&gt;Street view&lt;/strong&gt; nào trong bán kính 500m xung quanh Bất động sản. Bạn có thể thu nhỏ bản đồ, kéo thả icon &lt;img src=&quot;https://static.homedy.com/src/images/icon/map/runway-1x.png&quot; alt=&quot;&quot;/&gt; thả vào các điểm &lt;span&gt;&lt;/span&gt; để xem &lt;strong&gt;street view&lt;/strong&gt; tại điểm đó.&lt;/div&gt;'; html += ' &lt;/div&gt;'; html += '&lt;/div&gt; '; $('.content-body-street-view').append(html); html = '&lt;div class=&quot;hide-list-photo&quot; onclick=&quot;ShowListPhotoSphere()&quot;&gt;Thu gọn&lt;/div&gt;' $('.content-body-street-view').append(html); sv.getPanorama({ location: berkeley, radius: 500 }, processSVData); var bounds = CalcBounds(nw, size, sv); //new google.maps.Rectangle({ // map: map, // bounds: bounds, // strokeColor: 'red', // strokeWidth: 1, // fillOpacity: 0 //}); }); //var nw = new google.maps.LatLng(_latitude, _longtitude); //var bounds = CalcBounds(nw, new google.maps.Size(250, 250), sv); // Set the initial Street View camera to the center of the map // Look for a nearby Street View panorama when the map is clicked. // getPanorama will return the nearest pano when the given // radius is 50 meters or less. //map.addListener('click', function (event) { // sv.getPanorama({ location: event.latLng, radius: 500 }, processSVData); //}); } //function BackgroundInvoke() { // while (true) { // } //} function processSVData(data, status) { if (status === 'OK') { //console.log(data); //$('.list-photo-sphere').html(&quot;&quot;); InitImageStreetView(data); if (IsMobile()) { InitPano(data.location.pano); } //panorama.setPosition(data.location.latLng); //panorama.setPano(data.location.pano); //panorama.setPov({ // heading: 34, // pitch: 10 //}); //panorama.setVisible(true); //map.setStreetView(panorama); //marker.addListener('click', function () { // var markerPanoID = data.location.pano; // // Set the Pano to use the passed panoID. // panorama.setPano(markerPanoID); // panorama.setPov({ // heading: 270, // pitch: 0 // }); // panorama.setVisible(true); //}); } else { console.log('Rất tiếc, Gần địa điểm này không có dữ liệu Street view. bán kính tìm 500m'); } } //nw -&gt; là góc trên cùng function MakeBounds(nw, metersEast, metersSouth) { var ne = google.maps.geometry.spherical.computeOffset( nw, metersEast, 90 ); var sw = google.maps.geometry.spherical.computeOffset( nw, metersSouth, 180 ); return new google.maps.LatLngBounds(sw, ne); } // center -&gt; trung tâm hình chứ nhật function CalcBounds(center, size, sv) { var n = google.maps.geometry.spherical.computeOffset(center, size.height / 2, 0), s = google.maps.geometry.spherical.computeOffset(center, size.height / 2, 180), e = google.maps.geometry.spherical.computeOffset(center, size.width / 2, 90), w = google.maps.geometry.spherical.computeOffset(center, size.width / 2, 270); //var marker = new google.maps.Marker({ // map: map, // position: { lat: s.lat(), lng: w.lng() }, // title: 'North East', // //animation: google.maps.Animation.BOUNCE, // //icon: image, //}); // North sv.getPanorama({ location: n, radius: 200 }, function (data, status) { //console.log(data); if (status === &quot;OK&quot;) { InitImageStreetView(data); } }); // South sv.getPanorama({ location: s, radius: 200 }, function (data, status) { //console.log(data); if (status === &quot;OK&quot;) { InitImageStreetView(data); } }); // East sv.getPanorama({ location: e, radius: 200 }, function (data, status) { //console.log(data); if (status === &quot;OK&quot;) { InitImageStreetView(data); } }); // West sv.getPanorama({ location: w, radius: 200 }, function (data, status) { //console.log(data); if (status === &quot;OK&quot;) { InitImageStreetView(data); } }); // North East sv.getPanorama({ location: { lat: n.lat(), lng: e.lng() }, radius: 200 }, function (data, status) { //console.log(data); if (status === &quot;OK&quot;) { InitImageStreetView(data); } }); // North West sv.getPanorama({ location: { lat: n.lat(), lng: w.lng() }, radius: 200 }, function (data, status) { //console.log(data); if (status === &quot;OK&quot;) { InitImageStreetView(data); } }); // South East sv.getPanorama({ location: { lat: s.lat(), lng: e.lng() }, radius: 200 }, function (data, status) { //console.log(data); if (status === &quot;OK&quot;) { InitImageStreetView(data); } }); // South West sv.getPanorama({ location: { lat: s.lat(), lng: w.lng() }, radius: 200 }, function (data, status) { //console.log(data); if (status === &quot;OK&quot;) { InitImageStreetView(data); } }); return new google.maps.LatLngBounds(new google.maps.LatLng(s.lat(), w.lng()), new google.maps.LatLng(n.lat(), e.lng())); } function InitPano(panoId) { if (panoId !== null &amp;&amp; panorama !== null) { if (_full_map === 2) { Minimize_Map(true); } panorama = new google.maps.StreetViewPanorama(document.getElementById('pano')); panorama.setPano(panoId); panorama.setPov({ heading: 34, pitch: 10 }); panorama.setVisible(true); map.setStreetView(panorama); } } function InitImageStreetView(data) { var _already_exist = false; if (_photo_sphere !== null &amp;&amp; _photo_sphere.length &gt; 0) { var photo = _photo_sphere.find(function (p) { return p.panoId == data.location.pano }); if (photo !== null &amp;&amp; photo !== undefined) { _already_exist = true; } } if (_owl_carousel === null) { $('.list-photo-sphere').html(&quot;&quot;); _owl_carousel = $('.list-photo-sphere').owlCarousel({ margin: 20, loop: false, //autoWidth: true, items: 4, dots: false, //autoplay: true, autoplayTimeout: 10000, autoplaySpeed: 2000, nav: true, navText: [&quot;&quot;, &quot;&quot;], responsive: { 0: { items: 2, loop: false, margin: 10, nav: false, //autoWidth: true }, 920: { items: 3 }, 1025: { items: 4 } } }); } if (!_already_exist) { var _photUrl = 'https://maps.googleapis.com/maps/api/streetview?size=230x128&amp;location=' + data.location.latLng.lat() + ', ' + data.location.latLng.lng() + ' &amp;heading=151.78&amp;pitch=-0.76&amp;key=' + api_key; var _html = ''; _photo_sphere.push({ panoId: data.location.pano, location: data.location.latLng, photUrl: _photUrl }); _html += '&lt;div class=&quot;item&quot; onclick=&quot;InitPano(\'' + data.location.pano + '\')&quot;&gt;' _html += ' &lt;img src=&quot;' + _photUrl + '&quot; alt=&quot;&quot;&gt;' _html += '&lt;/div &gt; '; $('.list-photo-sphere').owlCarousel('add', _html).owlCarousel('update'); } } //Rất tiếc, Địa điểm này không có dữ liệu Street view. function ResizePano() { if (_full_map !== 2) { if (_resize_timer !== null) { clearTimeout(_resize_timer); } _resize_timer = setTimeout(function () { if (panorama) { google.maps.event.trigger(panorama, 'resize'); } }, 1000); } } //var timer = null; //function Alert_Error(text) { // $('.alert-map').fadeIn(); // var html = '&lt;span&gt;' + text + '&lt;/span&gt;'; // $('.alert-map').html(html); // if (timer !== null) { // clearTimeout(timer); // } // timer = setTimeout(function () { // $('.alert-map').fadeOut(); // }, 3000) //} function ShowListPhotoSphere() { var element = $('.list-photo-sphere'); if (!_show_list_photo) { element.css({ bottom: 0 }); _show_list_photo = true; $('.modal-content .content-body-street-view .pano').css({ 'height': '333px' }); $('.modal-content .map-street-view').css({ 'height': '333px' }); $('.hide-list-photo').removeClass('expand'); $('.hide-list-photo').html(&quot;Thu gọn&quot;); } else { element.css({ bottom: '-140px' }); _show_list_photo = false; $('.modal-content .content-body-street-view .pano').css({ 'height': '480px' }); $('.modal-content .map-street-view').css({ 'height': '480px' }); $('.hide-list-photo').addClass('expand'); $('.hide-list-photo').html(&quot;Xem thêm&quot;); } if (_full_map !== 2) { ResizePano(); } } function IsMobile(){ if (window.innerWidth &lt; 920) { return true; } return false; } .btn-report,.btn-share{font-size:14px;color:#3d4d65;border:1px solid #aaa;border-radius:4px;-webkit-border-radius:4px;-moz-border-radius:4px;padding:9px 20px;background:#fff;cursor:pointer;font-weight:500;outline:none;float:left;margin-right:5px}.btn-share{margin-right:5px;padding:9px 20px;border:1px solid #aaa;color:#3d4d65}.btn-share .fa-mail-forward{width:20px;height:17px;float:left;background:url(https://static.homedy.com/src/images/du-an/chia-se.svg) no-repeat;background-size:17px 17px;position:relative;right:5px}.btn-report:hover{border:1px solid #ed4e51}.btn-report .icon-report{width:20px;height:17px;float:left;background:url(https://static.homedy.com/src/images/du-an/bao-xau.svg) no-repeat;background-size:17px 17px;position:relative;right:5px;top:-2px}.btn-share:hover{border:1px solid #0098da}.modal_report .modal-content{width:500px}.modal_report .close-report,.modal_report .close-share{position:absolute;top:14px;right:10px;font-size:28px;opacity:.54;width:32px;text-align:center;cursor:pointer}.modal_report .close-report:hover,.modal_report .close-share:hover{color:#0098da}.modal_report .content-title{display:inline-block;width:100%;font-size:20px;text-transform:uppercase;color:#0098da;font-weight:500;border-bottom:1px solid #e8e8e8;padding-bottom:10px}.modal_report .input-url{width:calc(100% - 120px);float:left;box-sizing:border-box}.modal_report .btn-copy{float:left;width:120px;text-align:center;border:none;outline:none;cursor:pointer;text-transform:uppercase;padding:11px 0;background:#f5f5f5;border:1px solid #e8e8e8;border-left:0;color:#0098da;font-weight:500;font-size:14px}.modal_report .btn-copy:hover{background:#e8e8e8}.modal_report .content-body .heading-1{font-size:15px;font-weight:500;float:left;width:100%;margin-top:12px}.modal_report .content-body .content-1{display:inline-block;width:100%;margin:10px 0}.modal_report .content-body .content-1 .item{float:left;width:100%;margin-top:12px}.modal_report .content-body .form-input{margin-left:-8px;margin-right:-8px}.modal_report .content-body textarea{margin-top:8px;width:100%;border:1px solid #e8e8e8;background:#f5f5f5;padding:12px;box-sizing:border-box;height:72px;border-radius:4px;-webkit-border-radius:4px;-moz-border-radius:4px}.modal_report .content-body .input-row{width:100%;float:left;padding:0 8px;box-sizing:border-box}.modal_report .content-body .input-row.inline{width:50%}.modal_report .content-body .form-control{margin-top:0;background:#f5f5f5;border:1px solid #e8e8e8;padding:12px 8px;width:100%;box-sizing:border-box}.modal_report .content-body .input-captcha{width:30%;float:left}.modal_report .content-body .input-captcha .form-control{margin-top:10px}.modal_report .content-body #captcha{font-style:italic;margin-left:4px;font-size:15px;padding:11px 11px;background:#fae2e2;margin-top:10px;float:left}.modal_report .content-body #captcha button{color:#0098da;margin-left:5px;font-size:16px;background:#fae2e2;border:none;cursor:pointer}.modal_report .button{text-align:center;margin-top:20px;display:inline-block;width:100%}.modal_report .button .btn-blue{cursor:pointer}.container-checkbox{display:block;position:relative;padding-left:35px;cursor:pointer;font-size:15px;-webkit-user-select:none;-moz-user-select:none;-ms-user-select:none;user-select:none;font-weight:normal}.container-checkbox input{position:absolute;opacity:0;cursor:pointer}.container-checkbox .checkmark{position:absolute;top:-3px;left:0;height:22px;width:22px;background-color:#ddd;border-radius:50%}.container-radio:hover input~.checkmark{background-color:#ccc}.container-checkbox input:checked~.checkmark{background-color:#2196f3}.container-checkbox .checkmark:after{content:&quot;&quot;;position:absolute;display:none}.container-checkbox input:checked~.checkmark:after{display:block}.container-checkbox .checkmark:after{top:7px;left:7px;width:8px;height:8px;border-radius:50%;background:#fff}.submit-success{display:none;padding:32px 0;font-size:20px;text-align:center;opacity:.7;line-height:35px}.fb_iframe_widget{float:left;margin-right:5px}#modal_share .button{text-align:left;padding:20px 0;padding-top:4px}#modal_share .button .item{float:left;margin-right:8px;width:70px;height:48px;text-align:center}#modal_share .button .item .btn{background:#0098da;border:none;width:48px;height:48px;cursor:pointer;display:inline-block}#modal_share .button .item span{display:inline-block;width:100%;margin-top:8px;font-weight:500}#modal_share .button .item .btn.btn-share-facebook{background:url('https://static.homedy.com/src/images/icon/facebook-01.png') no-repeat center;background-size:contain}#modal_share .button .item .btn.btn-share-messeger{background:url('https://static.homedy.com/src/images/icon/messenger.png') no-repeat center;background-size:contain}#modal_share .button .item .btn.btn-share-zalo{overflow:unset !important;display:inline-block !important;width:48px !important;height:48px !important;background:url('https://static.homedy.com/src/images/icon/zalo.png') no-repeat center;background-size:122%}#modal_share .button .item .btn.btn-share-zalo iframe{display:none !important}.btn-wish-list{display:inline-block;border:1px solid #aaa;border-radius:4px;padding:9px 10px;float:left}.btn-wish-list:hover{border:1px solid #0098da}.btn-wish-list .folow{width:20px;height:17px;float:left;padding-top:-1px;background:url(https://static.homedy.com/src/images/du-an/yeu-thich.svg) no-repeat;background-size:17px 17px}.btn-wish-list span{line-height:17px;padding-left:6px;color:#666;font-weight:700;font-size:15px}@media(max-width:920px){.modal_report .modal-content{width:100%;box-sizing:border-box;height:100vh !important;border-radius:unset;overflow:auto}.modal_report .content-body .input-captcha{width:calc(100% - 82px)}#modal_share{height:250px;bottom:0;top:unset;border:none;overflow:unset}#modal_share .modal-content{border:none;padding:0;border-top:1px solid #e8e8e8;-webkit-animation-name:animatebottom;animation-name:animatebottom}#modal_share .button .item{height:auto}.modal_report .close-share{top:8px}.modal_report .content-title{box-sizing:border-box;margin-top:6px;padding:8px}}@media(max-width:320px){.btn-report,.btn-share{padding:9px 10px}} Chia sẻ Báo xấu Yêu thích × Báo cáo vi phạm Tin đăng, dự án có vấn đề ? Thông tin không đúng thực tế Bất động sản/ Sản phẩm đã bán Không liên lạc được với người đăng tin Thông tin bị trùng lặp Thông tin lừa đảo Chi tiết Chia sẻ thông tin để Homedy có thể phản hồi cho bạn Cảm ơn bạn đã gửi báo cáo, Homedy sẽ tiếp nhận và xử lý nhanh nhất có thể. × Chia sẻ tin này với bạn bè Sao chép Facebook Messeger Đã sao chép liên kết. .message-like { display: none; position: fixed; z-index: 1; /*left: 50%;*/ width: 100%; bottom: 30px; text-align: center; left: 0; } .message-content { display: inline-block; min-width: 250px; margin-left: -125px; background-color: #333; color: #fff; text-align: center; border-radius: 2px; padding: 16px; } @media(max-width:920px) { .message-content { width: 50%; min-width: unset; margin-left: 0; } } var userName = ''; function LoadIdEntityByUserName(UserName, hanlder) { $.ajax({ url: &quot;https://service.homedy.com/WishList/GetByUserName&quot;, type: &quot;get&quot;, data: { UserName: UserName }, dataType: &quot;Json&quot;, contentType: &quot;application/json&quot;, success: function (data) { //console.log(data); return hanlder(data); } }); } // Thêm function AddWish(userName, poductID, productType) { var data_api = { UserName: userName, EntityId: poductID, TypeId: productType }; $.ajax({ url: &quot;https://service.homedy.com/WishList/Add&quot;, type: &quot;POST&quot;, data: JSON.stringify(data_api), dataType: &quot;json&quot;, contentType: &quot;application/json&quot;, success: function () { $(&quot;.message-like&quot;).show(); $(&quot;.message-content&quot;).html(&quot;Tin đăng của bạn đã được lưu vào danh sách yêu thích&quot;); var numberOfWL = localStorage.NumberOfWishList; if (numberOfWL != null &amp;&amp; numberOfWL !== undefined) { numberOfWL++; $('.count-wishlist').html(numberOfWL); localStorage.NumberOfWishList = numberOfWL; } localStorage.removeItem(&quot;WishLists&quot;); setTimeout(function () { $(&quot;.message-like&quot;).hide(); }, 3000) } }); } function UpdateStatusWishList(userName, productID) { var data = { UpdatedBy: userName, EntityId: productID }; $.ajax({ url: &quot;https://service.homedy.com/WishList/UpdateStatusWishList&quot;, type: &quot;POST&quot;, data: JSON.stringify(data), dataType: &quot;json&quot;, contentType: &quot;application/json&quot;, success: function () { var numberOfWL = localStorage.NumberOfWishList; if (numberOfWL != null &amp;&amp; numberOfWL !== undefined &amp;&amp; numberOfWL &gt; 0) { numberOfWL--; $('.count-wishlist').html(numberOfWL); localStorage.NumberOfWishList = numberOfWL; } localStorage.removeItem(&quot;WishLists&quot;); $(&quot;.message-like&quot;).show(); $(&quot;.message-content&quot;).html(&quot;Bạn đã xóa tin đăng khỏi danh sách yêu thích&quot;); setTimeout(function () { $(&quot;.message-like&quot;).hide(); }, 3000) } }); } /// function InitWishList(data) { var dataid = []; $(&quot;.cmd_save_to_wishlist&quot;).each(function () { dataid.push($(this).attr(&quot;data-productId&quot;)); }) for (var i = 0; i &lt; dataid.length; i++) { for (var j = 0; j &lt; data.length; j++) { if (dataid[i] == data[j].entityId) { $('.cmd_save_to_wishlist[data-productId=' + data[j].entityId + ']').addClass(&quot;isStatus-wish&quot;).attr(&quot;data-isStatus&quot;, &quot;1&quot;).find(&quot;.folow&quot;).css('background', 'url(https://static.homedy.com/src/images/icon/heart_filled.png) no-repeat'); } } } } // khi click lần đầu nếu fv đã đăng nhập thì gọi AOI add window.addEventListener('DOMContentLoaded', function () { $(document).ready(function () { //login google // end $(&quot;.cmd_save_to_wishlist&quot;).click(function () { if (userName !== null &amp;&amp; userName !== &quot;&quot; &amp;&amp; userName !== undefined) { var IdProduct = $(this).attr(&quot;data-productId&quot;); var TypeProduct = $(this).attr(&quot;data-productType&quot;); var checkIsStatus = $(this).attr(&quot;data-isStatus&quot;); var chitiet = $(this).attr(&quot;data-chitiet&quot;); if (chitiet == 1) { if (checkIsStatus == 0) { AddWish(userName, IdProduct, TypeProduct); $(this).attr(&quot;data-isStatus&quot;, &quot;1&quot;); // $(this).addClass(&quot;like-folow&quot;).children().css('background', 'url(https://static.homedy.com/src/images/icon/heart_filled.png) no-repeat'); $(this).addClass(&quot;like-folow&quot;).find(&quot;.folow&quot;).css('background', 'url(https://static.homedy.com/src/images/icon/heart_filled.png) no-repeat'); } if (checkIsStatus == 1) { UpdateStatusWishList(userName, IdProduct); $(this).attr(&quot;data-isStatus&quot;, &quot;0&quot;); // folow //$(this).children().css('background-image', 'url(https://static.homedy.com/src/images/icon/favorite-white.svg)'); $(this).find(&quot;.folow&quot;).css({ 'background': 'url(https://static.homedy.com/src/images/heart.png) no-repeat', 'background-size': ' 17px 17px' }); } } else { if (checkIsStatus == 0) { AddWish(userName, IdProduct, TypeProduct); $(this).attr(&quot;data-isStatus&quot;, &quot;1&quot;); // $(this).addClass(&quot;like-folow&quot;).children().css('background', 'url(https://static.homedy.com/src/images/icon/heart_filled.png) no-repeat'); $(this).addClass(&quot;like-folow&quot;).find(&quot;.folow&quot;).css('background', 'url(https://static.homedy.com/src/images/icon/heart_filled.png) no-repeat'); } if (checkIsStatus == 1) { UpdateStatusWishList(userName, IdProduct); $(this).attr(&quot;data-isStatus&quot;, &quot;0&quot;); // folow //$(this).children().css('background-image', 'url(https://static.homedy.com/src/images/icon/favorite-white.svg)'); $(this).find(&quot;.folow&quot;).css({ 'background-image': 'url(https://static.homedy.com/src/images/icon/favorite-white.svg)', 'background-size': '24px 24px' }); } } } else { window.location.href = &quot;/Account/Login?ReturnUrl=&quot;+encodeURIComponent('/ban-san-thuong-mai-chung-cu-hyundai-hillstate-can-goc-120m2-gia-72-ty-es1166086'); } }); //Check tin đăng đã lưu. if (userName !== null &amp;&amp; userName !== &quot;&quot; &amp;&amp; userName !== undefined) { var wishLists = localStorage.WishLists; if (wishLists !== null &amp;&amp; wishLists !== undefined) { var data = JSON.parse(wishLists); InitWishList(data); } else { LoadIdEntityByUserName(userName, function (data) { InitWishList(data); localStorage.WishLists = JSON.stringify(data); }); } } }) }, true); // login facebook //document.addEventListener('DOMContentLoaded', function () { // HdyLoader.init(&quot;&quot;, function () { // if (navigator.userAgent.match(&quot;Firefox&quot;) || navigator.userAgent.match(&quot;Chrome&quot;) || navigator.userAgent.match(&quot;Safari&quot;)) { // HdyLoader.LoadScript(&quot;https://sp.zalo.me/plugins/sdk.js&quot;, function () { }); // $('.zalo-share').css(&quot;display&quot;, &quot;block&quot;); // } // }); //}) window.addEventListener(&quot;load&quot;, function () { jQuery(document).ready(function ($) { $('.btn-share-facebook').click(function () { var NWin = window.open($(this).prop('href'), '', 'menubar=no,toolbar=no,resizable=yes,scrollbars=yes,height=300,width=600'); if (window.focus) { NWin.focus(); } return false; }); }); captchaCode(); Report(); }, true); function captchaCode() { var Numb1, Numb2, Numb3, Numb4, Code; Numb1 = (Math.ceil(Math.random() * 10) - 1).toString(); Numb2 = (Math.ceil(Math.random() * 10) - 1).toString(); Numb3 = (Math.ceil(Math.random() * 10) - 1).toString(); Numb4 = (Math.ceil(Math.random() * 10) - 1).toString(); Code = Numb1 + Numb2 + Numb3 + Numb4; $(&quot;#captcha span&quot;).remove(); $(&quot;#captcha button&quot;).remove(); $(&quot;#captcha i&quot;).remove(); $(&quot;#captcha&quot;).append(&quot;&lt;span id='code'&gt;&quot; + Code + &quot;&lt;/span&gt;&lt;button type='button' onclick='captchaCode();'&gt;&lt;i class='fa fa-retweet'&gt;&lt;/i&gt;&lt;/button&gt;&quot;); } function Report() { var _titles = [ { Id: 1, Name: 'Thông tin không đúng thực tế' }, { Id: 2, Name: 'Bất động sản/ Sản phẩm đã bán' }, { Id: 3, Name: 'Không liên lạc được với người đăng tin' }, { Id: 4, Name: 'Thông tin bị trùng lặp' }, { Id: 5, Name: 'Thông tin lừa đảo' }]; var _modal_report = document.getElementById('modal_report'); var _modal_share = document.getElementById('modal_share'); window.onclick = function (event) { if (event.target === _modal_report) { _modal_report.style.display = &quot;none&quot;; } } $('.close-report').click(function () { _modal_report.style.display = &quot;none&quot;; }); $('.close-share').click(function () { _modal_share.style.display = &quot;none&quot;; }); $('.btn-report').click(function () { _modal_report.style.display = &quot;block&quot;; _modal_share.style.display = &quot;none&quot;; }); $('.cmd-share').click(function () { _modal_share.style.display = &quot;block&quot;; }); $(&quot;#form_submit_report&quot;).validate({ rules: { rpMobile: { required: true, minlength: 10, maxlength: 11, number: isNaN }, rpEmail: { required: true, email: true }, rpCaptcha: { required: true } }, messages: { rpMobile: { required: &quot;Vui lòng nhập số điện thoại.&quot;, minlength: &quot;Số điện thoại từ 10-11 ký tự.&quot;, maxlength: &quot;Số điện thoại từ 10-11 ký tự.&quot;, number: &quot;Số điện thoại không hợp lệ.&quot; }, rpEmail: { required: &quot;Nhập địa chỉ email của bạn.&quot;, email: &quot;Địa chỉ email bạn nhập không hợp lệ.&quot; }, rpCaptcha: { required: &quot;Nhập mã bảo vệ&quot; } }, submitHandler: function (form) { SubmitReport(); } }); function SubmitReport() { var _entityId = '1166086'; var _reportTypeId = '1'; var _titleId = Number($('input[name=rdReport]:checked').val()); var _content = $('#txt_content').val(); var _fullName = $('#rp_name').val(); var _mobile = $('#rp_mobile').val(); var _email = $('#rp_email').val(); if (_titleId &gt; 0) { var captchaVal = $(&quot;#code&quot;).text(); var captchaCode = $(&quot;.captcha&quot;).val(); if (captchaVal === captchaCode) { var _title = ''; $.each(_titles, function (key, item) { if (_titleId === item.Id) _title = item.Name; }) var data = { EntityId: _entityId, ReportTypeId: _reportTypeId, TitleId: _titleId, Title: _title, Content: _content, UserName: '', CreatedBy: '', Email: _email, Mobile: _mobile, FullName: _fullName, IPAddress: '35.191.2.165', Url: '/ban-san-thuong-mai-chung-cu-hyundai-hillstate-can-goc-120m2-gia-72-ty-es1166086' } $.ajax({ contentType: &quot;application/json; charset=utf-8&quot;, type: &quot;POST&quot;, async: true, dataType: 'json', error: function (jqXHR, textStatus, errorThrown) { }, traditional: true, url: 'https://service.homedy.com/Report/Add', data: JSON.stringify(data), beforeSend: function () { $(&quot;#cmd_submit_report&quot;).prop(&quot;disabled&quot;, true); }, complete: function () { $(&quot;#cmd_submit_report&quot;).removeAttr('disabled'); }, success: function (data) { console.log(data); if (data.status === &quot;OK&quot;) { $('.submit-success').show(); $('#form_submit_report').hide(); } } }); } else { alert('Mã bảo vệ không chính xác !'); } } else { alert(&quot;Hãy chọn một vấn đề cần báo cáo vi phạm !&quot;) } } $('.btn-copy').click(function () { var copyText = document.getElementById(&quot;txt_url&quot;); copyText.select(); document.execCommand(&quot;copy&quot;); Snackbar(); }); function Snackbar() { var x = document.getElementById(&quot;snackbar&quot;); x.className = &quot;show&quot;; setTimeout(function () { x.className = x.className.replace(&quot;show&quot;, &quot;&quot;); }, 3000); } } Giá: 7.2 Tỷ Diện tích: 120 m2 Giá/Diện tích: 60 Triệu/m2 " DOMCldNum="5" DoC="5" FontSize="13" FontWeight="normal" FrameSourceIndex="0" ID="1-2" IsImg="false" LinkNum="3" LinkTextLen="37" ObjectRectHeight="175" ObjectRectLeft="0" ObjectRectTop="441" ObjectRectWidth="1420" SRC="&lt;div class=&quot;col-sm-8&quot;&gt;                            &lt;h1&gt;Bán sàn thương mại chung cư Hyundai Hillstate, căn góc 120m2 giá 7,2 tỷ&lt;/h1&gt;                            &lt;div class=&quot;product-info&quot;&gt;                                &lt;span class=&quot;lb-code&quot;&gt;ID tin: &lt;/span&gt; &lt;span class=&quot;code&quot;&gt;1166086 &lt;/span&gt;                                &lt;span class=&quot;lb-code&quot; style=&quot;margin-left: 8px&quot;&gt;Loại tin: &lt;/span&gt; &lt;span class=&quot;code type-name&quot;&gt;Bán &lt;/span&gt;                                &lt;span class=&quot;date-created&quot;&gt;Đã đăng 3 tháng trước &lt;/span&gt;                                &lt;span class=&quot;date-created&quot;&gt;Ngày hết hạn: &lt;/span&gt;                                &lt;span class=&quot;&quot;&gt;16/01/2020&lt;/span&gt;                            &lt;/div&gt;                            &lt;div class=&quot;address&quot;&gt;&lt;a href=&quot;https://homedy.com/hyundai-hillstate-pj73837055&quot; title=&quot;Hyundai Hillstate&quot;&gt;&lt;span itemprop=&quot;streetAddress&quot;&gt;Hyundai Hillstate&lt;/span&gt;&lt;/a&gt; - &lt;span&gt;Đường Tô Hiệu&lt;/span&gt;, &lt;span&gt;Phường Hà Cầu&lt;/span&gt;, &lt;span&gt; Quận Hà Đông&lt;/span&gt;, &lt;span&gt;Hà Nội&lt;/span&gt;                            &lt;/div&gt;                            &lt;div class=&quot;option-bar&quot;&gt;                                &lt;!-- Street view --&gt;                                    &lt;div class=&quot;button-street-view&quot;&gt;                                        &lt;style&gt;    .modal-content{        width: 920px;    }        .modal-content .content-body-street-view{            height: 480px;        }        .modal-content .map-street-view {            margin-left: -2px;            float: left;            width: 100%;            height: 330px;            transition: 0.5s;            overflow: hidden;        }        .modal-content .content-body-street-view .pano {            height: 330px;            width: 0;            transition: 0.5s;            position: relative;        }        .modal-content .map-street-view{            position:relative;            /*border: 1px solid #e8e8e8;*/        }            .modal-content .map-street-view .minimize {                position: absolute;                top: 46%;                right: 0;                width: 20px;                height: 32px;                background: url(https://static.homedy.com/src/images/icon/icon-desktop.png) no-repeat center;                background-position: -44px -90px;                background-color: #0098da;                z-index: 998;                box-shadow: rgba(0, 0, 0, 0.3) 0px 1px 4px -1px;                cursor: pointer;                border-bottom-left-radius: 2px;                border-top-left-radius:2px;                display: none;            }        .modal-content .pano .maximize {            position: absolute;            top: 46%;            left: 0;            width: 20px;            height: 32px;            background: url(https://static.homedy.com/src/images/icon/icon-desktop.png) no-repeat center;            background-position: -60px -90px;            background-color: #0098da;            z-index: 998;            box-shadow: rgba(0, 0, 0, 0.3) 0px 1px 4px -1px;            cursor: pointer;            /*display: none;*/            border-bottom-right-radius: 2px;            border-top-right-radius: 2px;            display: none;        }            .modal-content .map-street-view .minimize:hover, .modal-content .pano .maximize:hover {                background-color: #036f9d !important;            }            .alert-map {                position: absolute;                top: 40%;                left: 0;                right: 0;                text-align: center;                padding: 8px;                z-index: 999;            }    .alert-map span{        padding: 12px 32px;        background: rgba(255, 106, 0, 0.6);        color: #fff;        font-size: 14px;        border-radius: 4px;        box-shadow: rgba(0, 0, 0, 0.3) 0px 1px 4px -1px;        display: inline-block;    }    .close-street-view{        position:absolute;        top: 8px;        right: 16px;        font-size: 24px;        cursor: pointer;    }    .modal-content .content-title {        font-size: 16px;        padding: 16px 0;        padding-top: 0;        line-height: normal;    }    .modal-content .content-title p{        font-size: 13px;        margin-top: 6px;        font-weight: normal;        line-height: normal;    }    .modal-content .content-body-street-view {        border-top: 1px solid #ddd;        /*padding-top: 12px;*/        position: relative;        overflow: hidden;    }    .btn-street-view {        padding: 10px 18px;        /*margin-top: 8px;*/        font-size: 15px;        font-weight: 500;        position: relative;        padding-left: 35px;        line-height: normal;        margin-top: 4px;    }    .btn-street-view::after {        content: &quot; &quot;;        position: absolute;        top: 8px;        left: 8px;        display: inline-block;        width: 20px;        height: 21px;        background: url(https://static.homedy.com/src/images/icon/icon-compass.png) no-repeat center;        background-size: contain;    }    .content-body-street-view .hide-list-photo {        position: absolute;        right: 0;        bottom: 140px;        display: inline-block;        padding: 0px 12px;        z-index: 997;        background: #fff;        line-height: 25px;        cursor: pointer;        transition: 0.5s;        border-top-left-radius: 3px;        border-top: 1px solid #e8e8e8;        border-left: 1px solid #e8e8e8;    }        .content-body-street-view .hide-list-photo:before {            content: &quot;&quot;;            float: left;            height: 16px;            width: 16px;            background: url(https://static.homedy.com/src/images/icon/map/expander-sprite-1x.png) no-repeat center;            background-position: 0 0;            margin-top: 5px;            margin-right: 3px;        }        .content-body-street-view .hide-list-photo:hover{            background: #e8e8e8;        }        .content-body-street-view .hide-list-photo.expand{            bottom: 0px;        }            .content-body-street-view .hide-list-photo.expand:before {                background-position: 0 -15px;            }        .content-body-street-view .list-photo-sphere {            position: absolute;            height: 128px;            /*padding: 4px;*/            padding-top: 12px;            padding-bottom: 0;            background: #fff;            bottom: 0;            left: 0;            width: 100%;            z-index: 997;            border-top: 1px solid #e8e8e8;            transition: 0.5s;            /*white-space: nowrap;*/            /*overflow: auto;*/        }            .content-body-street-view .list-photo-sphere.owl-carousel {                display: block;            }            .content-body-street-view .list-photo-sphere .item {                width: 230px;                height: 128px;                float: left;                margin-right: 4px;                background: #fff;                cursor: pointer;                border: 1px solid #fff;                /*display: inline-block;*/            }        .content-body-street-view .list-photo-sphere .item:hover {            box-shadow: rgba(0, 0, 0, 0.3) 0px 2px 4px -2px;            border: 1px solid rgba(0, 152, 218, 0.60);        }            .content-body-street-view .list-photo-sphere .guide .thumb{                height: 128px;                float: left;                width: 244px;                background: url(https://static.homedy.com/src/images/icon/map/streetview-demo.png) no-repeat center;                background-size: contain;                margin-right: 16px;            }            .content-body-street-view .list-photo-sphere .guide .text {                line-height: 25px;                margin-left: 16px;                font-size: 14px;                padding-top: 32px;            }                .content-body-street-view .list-photo-sphere .guide .text img{                    display: inline-block;                    margin-bottom: -10px;                }                .content-body-street-view .list-photo-sphere .guide .text span {                    display: inline-block;                    width: 8px;                    height: 8px;                    margin-left: 3px;                    margin-right: 3px;                    margin-bottom: -2px;                    background: rgba(84,159,184,0.5);                    border-radius: 6px;                    border: 2px solid #68aec9;                }                .content-body-street-view .list-photo-sphere.owl-theme .owl-nav {                    position: absolute;                    top: 30%;                    left: 0;                    right: 0;                    max-height: 0;                }            .content-body-street-view .list-photo-sphere.owl-theme .owl-nav .owl-next {                position: absolute;                right: -1px;                width: 8px;                height: 30px;                display: inline-block;                background: url(https://static.homedy.com/src/images/icon/icon-desktop.png) no-repeat center;                background-color: #f5f5f5;                background-position: -77px -87px;                border-radius: 0;            }            .content-body-street-view .list-photo-sphere.owl-theme .owl-nav .owl-prev {                position: absolute;                left: -1px;                width: 8px;                height: 30px;                display: inline-block;                background: url(https://static.homedy.com/src/images/icon/icon-desktop.png) no-repeat center;                background-color: #f5f5f5;                background-position: -29px -87px;                border-radius: 0;            }            @media(max-width: 920px) {                .modal-content {                width: auto;                padding: 8px 0;                height: calc(100vh - 18px) !important;            }                .modal-content .content-body-street-view {                    height: calc(100vh - 53px);                    padding-top: 0;                }                .modal-content .content-title {                    margin-top: 6px;                    width: 90%;                    padding: 8px;                }                .modal-content .content-title p{                    font-size: 12px;                }            .modal-content .content-body-street-view .map-street-view {                /*display: none;*/                position: absolute;                /*top: 440px;*/                width: auto !important;                left: 0px;                right: 0px;                height: 100% !important;                z-index: 1;            }            .modal-content .content-body-street-view .pano {                width: 100% !important;                min-height: 360px !important;                height:  100% !important;            }                .modal-content .map-street-view .minimize,                .modal-content .pano .maximize {                    display: none !important;                }                .content-body-street-view .list-photo-sphere .guide .thumb{                    background-size:cover;                    width: 128px;                    margin-right: 8px;                }                .content-body-street-view .list-photo-sphere .guide .text{                    padding-top: 0;                }    }&lt;/style&gt;&lt;a class=&quot;btn-blue-large btn-street-view btn-show-street-view&quot; href=&quot;#&quot;&gt;Street view&lt;/a&gt;&lt;div class=&quot;modal&quot; id=&quot;modal_street_view&quot;&gt;    &lt;!-- Modal content --&gt;    &lt;div class=&quot;modal-content&quot;&gt;        &lt;span class=&quot;close-street-view&quot;&gt;×&lt;/span&gt;        &lt;div&gt;            &lt;div class=&quot;content-title&quot;&gt;                Xem hình ảnh xung quanh vị trí bất động sản.            &lt;/div&gt;            &lt;div class=&quot;content-body-street-view&quot;&gt;                &lt;div class=&quot;map-street-view&quot; id=&quot;map_street_view&quot;/&gt;                &lt;div class=&quot;pano&quot; id=&quot;pano&quot;/&gt;            &lt;/div&gt;        &lt;/div&gt;    &lt;/div&gt;&lt;/div&gt;&lt;script type=&quot;text/javascript&quot;&gt;    var _show_list_photo = true;    var _resize_timer = null;    var _owl_carousel = null;    var _modal_street_view = document.getElementById('modal_street_view');    var _latitude = Number(20.9655319473867);    var _longtitude = Number(105.77491551637684);    window.addEventListener('load', function () {        $('.btn-show-street-view').click(function () {            ShowFormContact();        });        $('.close-street-view').click(function (event) {            _modal_street_view.style.display = &quot;none&quot;;        });        //$('.minimize').click(function () {        //    Minimize_Map(true);        //});    }, true);        function ShowFormContact() {        _modal_street_view.style.display = &quot;block&quot;;        //StreetView_Initialize();        if (map === null) {            initMap();        }            }    function StreetView_Initialize() {        var fenway = { lat: _latitude, lng: _longtitude };        console.log(fenway);        var map = new google.maps.Map(document.getElementById('map_street_view'), {            center: fenway,            zoom: 14        });        var panorama = new google.maps.StreetViewPanorama(            document.getElementById('pano'), {                position: fenway,                pov: {                    heading: 34,                    pitch: 10                }            });        map.setStreetView(panorama);    }    var _full_map = 2;    function Minimize_Map(value) {        var map_element = $('.map-street-view');        var street_element = $('.pano');        $('.minimize').fadeIn();        $('.maximize').fadeIn();        if (!value) {            if (_full_map === 0) {                map_element.css({ &quot;width&quot;: &quot;30%&quot; });                street_element.css({ &quot;width&quot;: &quot;70%&quot; });                //$('.maximize').fadeIn();                _full_map = 1;                ResizePano();                return;            }            if (_full_map === 1) {                map_element.css({ &quot;width&quot;: &quot;99.9%&quot; });                street_element.css({ &quot;width&quot;: '0.1%' });                //$('.maximize').fadeIn();                _full_map = 2;                ResizePano();                return;            }        } else {            //$('.maximize').fadeOut();            if (_full_map === 2) {                map_element.css({ &quot;width&quot;: &quot;30%&quot; });                street_element.css({ &quot;width&quot;: &quot;70%&quot; });                _full_map = 1;                ResizePano();                return;            }            if (_full_map === 1) {                //$('.maximize').fadeOut();                map_element.css({ &quot;width&quot;: 0 });                street_element.css({ &quot;width&quot;: &quot;100%&quot; });                _full_map = 0;                ResizePano();                return;            }        }    }    var map = null;    var panorama;    var api_key = 'AIzaSyDNI_ZWPqvdS6r6gPVO50I4TlYkfkZdXh8';    var _photo_sphere = [];    function initMap() {        var berkeley = { lat: _latitude, lng: _longtitude };        var sv = new google.maps.StreetViewService();                // Set up the map.        map = new google.maps.Map(document.getElementById('map_street_view'), {            center: berkeley,            zoom: 17,            zoomControl: true,            streetViewControl: true,            //streetViewControl: false        });        var marker =  new google.maps.Marker({            map: map,            position: berkeley,            title: 'Vị trí bất động sản',            //animation: google.maps.Animation.BOUNCE,            //icon: image,        });        var nw = new google.maps.LatLng(_latitude, _longtitude);        var size = new google.maps.Size(240, 240);        map.addListener('projection_changed', function () {            $('#map_street_view').append('&lt;div class=&quot;minimize&quot; onclick=&quot;Minimize_Map(true)&quot;&gt;&lt;/div&gt;');            $('#pano').append('&lt;div class=&quot;maximize&quot; onclick=&quot;Minimize_Map(false)&quot;&gt;&lt;/div&gt;');            var html =  '&lt;div class=&quot;list-photo-sphere owl-carousel owl-theme&quot;&gt;'            html += '       &lt;div class=&quot;guide&quot;&gt;';            html += '           &lt;div class=&quot;thumb&quot;&gt;&lt;/div&gt;';            html += '           &lt;div class=&quot;text&quot;&gt;Hiện tại không có &lt;strong&gt;Street view&lt;/strong&gt; nào trong bán kính 500m xung quanh Bất động sản. Bạn có thể thu nhỏ bản đồ, kéo thả icon &lt;img src=&quot;https://static.homedy.com/src/images/icon/map/runway-1x.png&quot; alt=&quot;&quot;/&gt; thả vào các điểm &lt;span&gt;&lt;/span&gt; để xem &lt;strong&gt;street view&lt;/strong&gt;  tại điểm đó.&lt;/div&gt;';            html += '       &lt;/div&gt;';            html +=     '&lt;/div&gt; ';            $('.content-body-street-view').append(html);            html = '&lt;div class=&quot;hide-list-photo&quot; onclick=&quot;ShowListPhotoSphere()&quot;&gt;Thu gọn&lt;/div&gt;'            $('.content-body-street-view').append(html);                        sv.getPanorama({ location: berkeley, radius: 500 }, processSVData);            var bounds = CalcBounds(nw, size, sv);            //new google.maps.Rectangle({            //    map: map,            //    bounds: bounds,            //    strokeColor: 'red',            //    strokeWidth: 1,            //    fillOpacity: 0            //});                    });        //var nw = new google.maps.LatLng(_latitude, _longtitude);        //var bounds = CalcBounds(nw, new google.maps.Size(250, 250), sv);                // Set the initial Street View camera to the center of the map               // Look for a nearby Street View panorama when the map is clicked.        // getPanorama will return the nearest pano when the given        // radius is 50 meters or less.        //map.addListener('click', function (event) {        //    sv.getPanorama({ location: event.latLng, radius: 500 }, processSVData);        //});    }    //function BackgroundInvoke() {    //    while (true) {                //    }    //}    function processSVData(data, status) {        if (status === 'OK') {            //console.log(data);            //$('.list-photo-sphere').html(&quot;&quot;);            InitImageStreetView(data);            if (IsMobile()) {                InitPano(data.location.pano);            }            //panorama.setPosition(data.location.latLng);            //panorama.setPano(data.location.pano);            //panorama.setPov({            //    heading: 34,            //    pitch: 10            //});            //panorama.setVisible(true);            //map.setStreetView(panorama);            //marker.addListener('click', function () {            //    var markerPanoID = data.location.pano;            //    // Set the Pano to use the passed panoID.            //    panorama.setPano(markerPanoID);            //    panorama.setPov({            //        heading: 270,            //        pitch: 0            //    });            //    panorama.setVisible(true);            //});        } else {            console.log('Rất tiếc, Gần địa điểm này không có dữ liệu Street view. bán kính tìm 500m');        }    }    //nw -&gt; là góc trên cùng    function MakeBounds(nw, metersEast, metersSouth) {        var ne = google.maps.geometry.spherical.computeOffset(            nw, metersEast, 90        );        var sw = google.maps.geometry.spherical.computeOffset(            nw, metersSouth, 180        );        return new google.maps.LatLngBounds(sw, ne);    }    // center -&gt; trung tâm hình chứ nhật    function CalcBounds(center, size, sv) {                var n = google.maps.geometry.spherical.computeOffset(center, size.height / 2, 0),            s = google.maps.geometry.spherical.computeOffset(center, size.height / 2, 180),            e = google.maps.geometry.spherical.computeOffset(center, size.width / 2, 90),            w = google.maps.geometry.spherical.computeOffset(center, size.width / 2, 270);        //var marker = new google.maps.Marker({        //    map: map,        //    position: { lat: s.lat(), lng: w.lng() },        //    title: 'North East',        //    //animation: google.maps.Animation.BOUNCE,        //    //icon: image,        //});        // North        sv.getPanorama({ location: n, radius: 200 }, function (data, status) {            //console.log(data);            if (status === &quot;OK&quot;) {                InitImageStreetView(data);            }        });        // South        sv.getPanorama({ location: s, radius: 200 }, function (data, status) {            //console.log(data);            if (status === &quot;OK&quot;) {                InitImageStreetView(data);            }        });        // East        sv.getPanorama({ location: e, radius: 200 }, function (data, status) {            //console.log(data);            if (status === &quot;OK&quot;) {                InitImageStreetView(data);            }        });        // West        sv.getPanorama({ location: w, radius: 200 }, function (data, status) {            //console.log(data);            if (status === &quot;OK&quot;) {                InitImageStreetView(data);            }        });        // North East        sv.getPanorama({ location: { lat: n.lat(), lng: e.lng() }, radius: 200 }, function (data, status) {            //console.log(data);            if (status === &quot;OK&quot;) {                InitImageStreetView(data);            }        });        // North West        sv.getPanorama({ location: { lat: n.lat(), lng: w.lng() }, radius: 200 }, function (data, status) {            //console.log(data);            if (status === &quot;OK&quot;) {                InitImageStreetView(data);            }        });        // South East        sv.getPanorama({ location: { lat: s.lat(), lng: e.lng() }, radius: 200 }, function (data, status) {            //console.log(data);            if (status === &quot;OK&quot;) {                InitImageStreetView(data);            }        });        // South West        sv.getPanorama({ location: { lat: s.lat(), lng: w.lng() }, radius: 200 }, function (data, status) {            //console.log(data);            if (status === &quot;OK&quot;) {                InitImageStreetView(data);            }        });                return new google.maps.LatLngBounds(new google.maps.LatLng(s.lat(), w.lng()), new google.maps.LatLng(n.lat(), e.lng()));    }    function InitPano(panoId) {        if (panoId !== null &amp;&amp; panorama !== null) {            if (_full_map === 2) {                Minimize_Map(true);            }            panorama = new google.maps.StreetViewPanorama(document.getElementById('pano'));            panorama.setPano(panoId);            panorama.setPov({                heading: 34,                pitch: 10            });            panorama.setVisible(true);            map.setStreetView(panorama);        }    }        function InitImageStreetView(data) {        var _already_exist = false;        if (_photo_sphere !== null &amp;&amp; _photo_sphere.length &gt; 0) {            var photo = _photo_sphere.find(function (p) { return p.panoId == data.location.pano });            if (photo !== null &amp;&amp; photo !== undefined) {                _already_exist = true;            }        }        if (_owl_carousel === null) {            $('.list-photo-sphere').html(&quot;&quot;);            _owl_carousel = $('.list-photo-sphere').owlCarousel({                margin: 20,                loop: false,                //autoWidth: true,                items: 4,                dots: false,                //autoplay: true,                autoplayTimeout: 10000,                autoplaySpeed: 2000,                nav: true,                navText: [&quot;&quot;, &quot;&quot;],                responsive: {                    0: {                        items: 2,                        loop: false,                        margin: 10,                        nav: false,                        //autoWidth: true                    },                    920: {                        items: 3                    },                    1025: {                        items: 4                    }                }            });        }        if (!_already_exist) {            var _photUrl = 'https://maps.googleapis.com/maps/api/streetview?size=230x128&amp;location=' + data.location.latLng.lat() + ', ' + data.location.latLng.lng() + ' &amp;heading=151.78&amp;pitch=-0.76&amp;key=' + api_key;            var _html = '';            _photo_sphere.push({ panoId: data.location.pano, location: data.location.latLng, photUrl: _photUrl });            _html += '&lt;div class=&quot;item&quot; onclick=&quot;InitPano(\'' + data.location.pano + '\')&quot;&gt;'            _html += '   &lt;img src=&quot;' + _photUrl + '&quot; alt=&quot;&quot;&gt;'            _html += '&lt;/div &gt; ';            $('.list-photo-sphere').owlCarousel('add', _html).owlCarousel('update');        }    }    //Rất tiếc, Địa điểm này không có dữ liệu Street view.        function ResizePano() {        if (_full_map !== 2) {            if (_resize_timer !== null) {                clearTimeout(_resize_timer);            }            _resize_timer = setTimeout(function () {                if (panorama) {                    google.maps.event.trigger(panorama, 'resize');                }            }, 1000);        }    }    //var timer = null;     //function Alert_Error(text) {    //    $('.alert-map').fadeIn();    //    var html = '&lt;span&gt;' + text + '&lt;/span&gt;';           //    $('.alert-map').html(html);    //    if (timer !== null) {    //        clearTimeout(timer);    //    }    //    timer = setTimeout(function () {    //        $('.alert-map').fadeOut();    //    }, 3000)    //}    function ShowListPhotoSphere() {        var element = $('.list-photo-sphere');        if (!_show_list_photo) {            element.css({ bottom: 0 });            _show_list_photo = true;            $('.modal-content .content-body-street-view .pano').css({ 'height': '333px' });            $('.modal-content .map-street-view').css({ 'height': '333px' });            $('.hide-list-photo').removeClass('expand');            $('.hide-list-photo').html(&quot;Thu gọn&quot;);        } else {            element.css({ bottom: '-140px' });            _show_list_photo = false;            $('.modal-content .content-body-street-view .pano').css({ 'height': '480px' });            $('.modal-content .map-street-view').css({ 'height': '480px' });            $('.hide-list-photo').addClass('expand');            $('.hide-list-photo').html(&quot;Xem thêm&quot;);        }        if (_full_map !== 2) {            ResizePano();        }    }    function IsMobile(){        if (window.innerWidth &lt; 920) {            return true;        }        return false;    }    &lt;/script&gt;                                    &lt;/div&gt;                                &lt;div class=&quot;button-report&quot;&gt;                                    &lt;style&gt;    .btn-report,.btn-share{font-size:14px;color:#3d4d65;border:1px solid #aaa;border-radius:4px;-webkit-border-radius:4px;-moz-border-radius:4px;padding:9px 20px;background:#fff;cursor:pointer;font-weight:500;outline:none;float:left;margin-right:5px}.btn-share{margin-right:5px;padding:9px 20px;border:1px solid #aaa;color:#3d4d65}.btn-share .fa-mail-forward{width:20px;height:17px;float:left;background:url(https://static.homedy.com/src/images/du-an/chia-se.svg) no-repeat;background-size:17px 17px;position:relative;right:5px}.btn-report:hover{border:1px solid #ed4e51}.btn-report .icon-report{width:20px;height:17px;float:left;background:url(https://static.homedy.com/src/images/du-an/bao-xau.svg) no-repeat;background-size:17px 17px;position:relative;right:5px;top:-2px}.btn-share:hover{border:1px solid #0098da}.modal_report .modal-content{width:500px}.modal_report .close-report,.modal_report .close-share{position:absolute;top:14px;right:10px;font-size:28px;opacity:.54;width:32px;text-align:center;cursor:pointer}.modal_report .close-report:hover,.modal_report .close-share:hover{color:#0098da}.modal_report .content-title{display:inline-block;width:100%;font-size:20px;text-transform:uppercase;color:#0098da;font-weight:500;border-bottom:1px solid #e8e8e8;padding-bottom:10px}.modal_report .input-url{width:calc(100% - 120px);float:left;box-sizing:border-box}.modal_report .btn-copy{float:left;width:120px;text-align:center;border:none;outline:none;cursor:pointer;text-transform:uppercase;padding:11px 0;background:#f5f5f5;border:1px solid #e8e8e8;border-left:0;color:#0098da;font-weight:500;font-size:14px}.modal_report .btn-copy:hover{background:#e8e8e8}.modal_report .content-body .heading-1{font-size:15px;font-weight:500;float:left;width:100%;margin-top:12px}.modal_report .content-body .content-1{display:inline-block;width:100%;margin:10px 0}.modal_report .content-body .content-1 .item{float:left;width:100%;margin-top:12px}.modal_report .content-body .form-input{margin-left:-8px;margin-right:-8px}.modal_report .content-body textarea{margin-top:8px;width:100%;border:1px solid #e8e8e8;background:#f5f5f5;padding:12px;box-sizing:border-box;height:72px;border-radius:4px;-webkit-border-radius:4px;-moz-border-radius:4px}.modal_report .content-body .input-row{width:100%;float:left;padding:0 8px;box-sizing:border-box}.modal_report .content-body .input-row.inline{width:50%}.modal_report .content-body .form-control{margin-top:0;background:#f5f5f5;border:1px solid #e8e8e8;padding:12px 8px;width:100%;box-sizing:border-box}.modal_report .content-body .input-captcha{width:30%;float:left}.modal_report .content-body .input-captcha .form-control{margin-top:10px}.modal_report .content-body #captcha{font-style:italic;margin-left:4px;font-size:15px;padding:11px 11px;background:#fae2e2;margin-top:10px;float:left}.modal_report .content-body #captcha button{color:#0098da;margin-left:5px;font-size:16px;background:#fae2e2;border:none;cursor:pointer}.modal_report .button{text-align:center;margin-top:20px;display:inline-block;width:100%}.modal_report .button .btn-blue{cursor:pointer}.container-checkbox{display:block;position:relative;padding-left:35px;cursor:pointer;font-size:15px;-webkit-user-select:none;-moz-user-select:none;-ms-user-select:none;user-select:none;font-weight:normal}.container-checkbox input{position:absolute;opacity:0;cursor:pointer}.container-checkbox .checkmark{position:absolute;top:-3px;left:0;height:22px;width:22px;background-color:#ddd;border-radius:50%}.container-radio:hover input~.checkmark{background-color:#ccc}.container-checkbox input:checked~.checkmark{background-color:#2196f3}.container-checkbox .checkmark:after{content:&quot;&quot;;position:absolute;display:none}.container-checkbox input:checked~.checkmark:after{display:block}.container-checkbox .checkmark:after{top:7px;left:7px;width:8px;height:8px;border-radius:50%;background:#fff}.submit-success{display:none;padding:32px 0;font-size:20px;text-align:center;opacity:.7;line-height:35px}.fb_iframe_widget{float:left;margin-right:5px}#modal_share .button{text-align:left;padding:20px 0;padding-top:4px}#modal_share .button .item{float:left;margin-right:8px;width:70px;height:48px;text-align:center}#modal_share .button .item .btn{background:#0098da;border:none;width:48px;height:48px;cursor:pointer;display:inline-block}#modal_share .button .item span{display:inline-block;width:100%;margin-top:8px;font-weight:500}#modal_share .button .item .btn.btn-share-facebook{background:url('https://static.homedy.com/src/images/icon/facebook-01.png') no-repeat center;background-size:contain}#modal_share .button .item .btn.btn-share-messeger{background:url('https://static.homedy.com/src/images/icon/messenger.png') no-repeat center;background-size:contain}#modal_share .button .item .btn.btn-share-zalo{overflow:unset !important;display:inline-block !important;width:48px !important;height:48px !important;background:url('https://static.homedy.com/src/images/icon/zalo.png') no-repeat center;background-size:122%}#modal_share .button .item .btn.btn-share-zalo iframe{display:none !important}.btn-wish-list{display:inline-block;border:1px solid #aaa;border-radius:4px;padding:9px 10px;float:left}.btn-wish-list:hover{border:1px solid #0098da}.btn-wish-list .folow{width:20px;height:17px;float:left;padding-top:-1px;background:url(https://static.homedy.com/src/images/du-an/yeu-thich.svg) no-repeat;background-size:17px 17px}.btn-wish-list span{line-height:17px;padding-left:6px;color:#666;font-weight:700;font-size:15px}@media(max-width:920px){.modal_report .modal-content{width:100%;box-sizing:border-box;height:100vh !important;border-radius:unset;overflow:auto}.modal_report .content-body .input-captcha{width:calc(100% - 82px)}#modal_share{height:250px;bottom:0;top:unset;border:none;overflow:unset}#modal_share .modal-content{border:none;padding:0;border-top:1px solid #e8e8e8;-webkit-animation-name:animatebottom;animation-name:animatebottom}#modal_share .button .item{height:auto}.modal_report .close-share{top:8px}.modal_report .content-title{box-sizing:border-box;margin-top:6px;padding:8px}}@media(max-width:320px){.btn-report,.btn-share{padding:9px 10px}}&lt;/style&gt;&lt;div class=&quot;fb-like&quot; data-action=&quot;like&quot; data-href=&quot;https://homedy.com/ban-san-thuong-mai-chung-cu-hyundai-hillstate-can-goc-120m2-gia-72-ty-es1166086&quot; data-layout=&quot;button_count&quot; data-share=&quot;false&quot; data-show-faces=&quot;true&quot; data-size=&quot;large&quot; data-width=&quot;200&quot;/&gt;&lt;button class=&quot;btn-share cmd-share&quot; type=&quot;button&quot;&gt;&lt;span class=&quot;fa fa-mail-forward&quot;/&gt; Chia sẻ&lt;/button&gt;&lt;button class=&quot;btn-report&quot; type=&quot;button&quot;&gt;    &lt;span class=&quot;icon-report&quot;/&gt;    Báo xấu&lt;/button&gt;&lt;a class=&quot;cmd_save_to_wishlist btn-wish-list&quot; data-chitiet=&quot;1&quot; data-favorite=&quot;1166086&quot; data-isstatus=&quot;0&quot; data-productid=&quot;1166086&quot; data-producttype=&quot;Product&quot; href=&quot;javascript:void(0)&quot; title=&quot;Yêu thích&quot;&gt;    &lt;div class=&quot;folow&quot;/&gt;&lt;span&gt;Yêu thích&lt;/span&gt;&lt;/a&gt;&lt;div class=&quot;modal modal_report&quot; id=&quot;modal_report&quot;&gt;    &lt;div class=&quot;modal-content&quot;&gt;        &lt;span class=&quot;close-report&quot;&gt;×&lt;/span&gt;        &lt;div&gt;            &lt;div class=&quot;content-title&quot;&gt;                &lt;span&gt;Báo cáo vi phạm&lt;/span&gt;            &lt;/div&gt;            &lt;div class=&quot;content-body&quot;&gt;                &lt;form action=&quot;&quot; id=&quot;form_submit_report&quot; method=&quot;post&quot;&gt;                    &lt;div&gt;                        &lt;div class=&quot;heading-1&quot;&gt;Tin đăng, dự án có vấn đề ?&lt;/div&gt;                        &lt;div class=&quot;content-1&quot;&gt;                            &lt;div class=&quot;item&quot;&gt;                                &lt;label class=&quot;container-checkbox&quot;&gt;                                    Thông tin không đúng thực tế                                    &lt;input name=&quot;rdReport&quot; type=&quot;radio&quot; value=&quot;1&quot;/&gt;                                    &lt;span class=&quot;checkmark&quot;/&gt;                                &lt;/label&gt;                            &lt;/div&gt;                            &lt;div class=&quot;item&quot;&gt;                                &lt;label class=&quot;container-checkbox&quot;&gt;                                    Bất động sản/ Sản phẩm đã bán                                    &lt;input name=&quot;rdReport&quot; type=&quot;radio&quot; value=&quot;2&quot;/&gt;                                    &lt;span class=&quot;checkmark&quot;/&gt;                                &lt;/label&gt;                            &lt;/div&gt;                            &lt;div class=&quot;item&quot;&gt;                                &lt;label class=&quot;container-checkbox&quot;&gt;                                    Không liên lạc được với người đăng tin                                    &lt;input name=&quot;rdReport&quot; type=&quot;radio&quot; value=&quot;3&quot;/&gt;                                    &lt;span class=&quot;checkmark&quot;/&gt;                                &lt;/label&gt;                            &lt;/div&gt;                            &lt;div class=&quot;item&quot;&gt;                                &lt;label class=&quot;container-checkbox&quot;&gt;                                    Thông tin bị trùng lặp                                    &lt;input name=&quot;rdReport&quot; type=&quot;radio&quot; value=&quot;4&quot;/&gt;                                    &lt;span class=&quot;checkmark&quot;/&gt;                                &lt;/label&gt;                            &lt;/div&gt;                            &lt;div class=&quot;item&quot;&gt;                                &lt;label class=&quot;container-checkbox&quot;&gt;                                    Thông tin lừa đảo                                    &lt;input name=&quot;rdReport&quot; type=&quot;radio&quot; value=&quot;5&quot;/&gt;                                    &lt;span class=&quot;checkmark&quot;/&gt;                                &lt;/label&gt;                            &lt;/div&gt;                        &lt;/div&gt;                        &lt;div class=&quot;heading-1&quot;&gt;Chi tiết&lt;/div&gt;                        &lt;div&gt;                            &lt;textarea id=&quot;txt_content&quot; placeholder=&quot;Mô tả chi tiết về vấn đề bạn gặp phải?&quot;/&gt;                        &lt;/div&gt;                    &lt;/div&gt;                        &lt;div class=&quot;heading-1&quot;&gt;Chia sẻ thông tin để Homedy có thể phản hồi cho bạn&lt;/div&gt;                        &lt;div class=&quot;form-input&quot;&gt;                            &lt;div class=&quot;input-row inline&quot;&gt;                                &lt;input class=&quot;form-control&quot; id=&quot;rp_name&quot; name=&quot;rpName&quot; placeholder=&quot;Tên&quot; type=&quot;text&quot;/&gt;                            &lt;/div&gt;                            &lt;div class=&quot;input-row inline&quot;&gt;                                &lt;input class=&quot;form-control&quot; id=&quot;rp_mobile&quot; name=&quot;rpMobile&quot; placeholder=&quot;Số điện thoại*&quot; type=&quot;text&quot;/&gt;                            &lt;/div&gt;                            &lt;div class=&quot;input-row&quot;&gt;                                &lt;input class=&quot;form-control&quot; id=&quot;rp_email&quot; name=&quot;rpEmail&quot; placeholder=&quot;Email*&quot; type=&quot;text&quot;/&gt;                            &lt;/div&gt;                        &lt;/div&gt;                    &lt;div&gt;                        &lt;div class=&quot;input-captcha&quot;&gt;                            &lt;input class=&quot;form-control captcha&quot; name=&quot;rpCaptcha&quot; placeholder=&quot;Mã bảo vệ&quot; type=&quot;text&quot;/&gt;                        &lt;/div&gt;                        &lt;span id=&quot;captcha&quot;/&gt;                    &lt;/div&gt;                    &lt;div class=&quot;button&quot;&gt;                        &lt;div class=&quot;box&quot;&gt;                            &lt;input class=&quot;btn-blue&quot; id=&quot;cmd_submit_report&quot; type=&quot;submit&quot; value=&quot;Gửi&quot;/&gt;                        &lt;/div&gt;                    &lt;/div&gt;                &lt;input name=&quot;__RequestVerificationToken&quot; type=&quot;hidden&quot; value=&quot;CfDJ8JvZxDW6_EZOgGfiF4zLJoj9iK01zpDf495feSFdchnVG_pIcwuHwhIVOQMeuEfAS4UMAI9MSb_Kjqg_FowSW9PFDlvblipFXaBfFVZ3kkybLuwuTGclTpzMzppMXIvzG8ulr4q8XZjgax5eqF2oxXw&quot;/&gt;&lt;/form&gt;                &lt;div class=&quot;submit-success&quot;&gt;                    &lt;div&gt;Cảm ơn bạn đã gửi báo cáo,&lt;/div&gt;                    &lt;div&gt;Homedy sẽ tiếp nhận và xử lý nhanh nhất có thể.&lt;/div&gt;                &lt;/div&gt;            &lt;/div&gt;        &lt;/div&gt;    &lt;/div&gt;&lt;/div&gt;&lt;div class=&quot;modal modal_report&quot; id=&quot;modal_share&quot;&gt;    &lt;div class=&quot;modal-content&quot;&gt;        &lt;span class=&quot;close-share&quot;&gt;×&lt;/span&gt;        &lt;div&gt;            &lt;div class=&quot;content-title&quot;&gt;                &lt;span&gt;Chia sẻ tin này với bạn bè&lt;/span&gt;            &lt;/div&gt;            &lt;div class=&quot;content-body&quot;&gt;                &lt;form action=&quot;&quot; method=&quot;post&quot;&gt;                    &lt;div style=&quot;margin-top: 16px;display:inline-block;width:100%;&quot;&gt;                        &lt;div class=&quot;input-url&quot;&gt;                            &lt;input class=&quot;form-control&quot; id=&quot;txt_url&quot; readonly=&quot;readonly&quot; type=&quot;text&quot; value=&quot;https://homedy.com/ban-san-thuong-mai-chung-cu-hyundai-hillstate-can-goc-120m2-gia-72-ty-es1166086&quot;/&gt;                        &lt;/div&gt;                        &lt;button class=&quot;btn-copy&quot; id=&quot;btn_copy&quot; type=&quot;button&quot;&gt;Sao chép&lt;/button&gt;                    &lt;/div&gt;                    &lt;div class=&quot;button&quot;&gt;                        &lt;div class=&quot;item&quot;&gt;                            &lt;a class=&quot;btn btn-share-facebook&quot; href=&quot;https://www.facebook.com/sharer/sharer.php?kid_directed_site=0&amp;sdk=joey&amp;u=https://homedy.com/ban-san-thuong-mai-chung-cu-hyundai-hillstate-can-goc-120m2-gia-72-ty-es1166086&amp;display=popup&amp;ref=plugin&amp;src=share_button&quot;/&gt;                            &lt;span&gt;Facebook&lt;/span&gt;                        &lt;/div&gt;                        &lt;div class=&quot;item&quot;&gt;                            &lt;a class=&quot;btn btn-share-messeger&quot; href=&quot;fb-messenger://share/?link=https://homedy.com/ban-san-thuong-mai-chung-cu-hyundai-hillstate-can-goc-120m2-gia-72-ty-es1166086&amp;app_id=1763058050590298&quot;/&gt;                            &lt;span&gt;Messeger&lt;/span&gt;                        &lt;/div&gt;                    &lt;/div&gt;                &lt;input name=&quot;__RequestVerificationToken&quot; type=&quot;hidden&quot; value=&quot;CfDJ8JvZxDW6_EZOgGfiF4zLJoj9iK01zpDf495feSFdchnVG_pIcwuHwhIVOQMeuEfAS4UMAI9MSb_Kjqg_FowSW9PFDlvblipFXaBfFVZ3kkybLuwuTGclTpzMzppMXIvzG8ulr4q8XZjgax5eqF2oxXw&quot;/&gt;&lt;/form&gt;            &lt;/div&gt;        &lt;/div&gt;    &lt;/div&gt;&lt;/div&gt;&lt;div id=&quot;snackbar&quot;&gt;Đã sao chép liên kết.&lt;/div&gt;&lt;style&gt;    .message-like {        display: none;        position: fixed;        z-index: 1;        /*left: 50%;*/        width: 100%;        bottom: 30px;        text-align: center;        left: 0;    }    .message-content {        display: inline-block;        min-width: 250px;        margin-left: -125px;        background-color: #333;        color: #fff;        text-align: center;        border-radius: 2px;        padding: 16px;    }    @media(max-width:920px) {        .message-content {            width: 50%;            min-width: unset;            margin-left: 0;        }    }&lt;/style&gt;&lt;div class=&quot;message-like&quot;&gt;    &lt;div class=&quot;message-content&quot;/&gt;&lt;/div&gt;&lt;script type=&quot;text/javascript&quot;&gt;    var userName = '';    function LoadIdEntityByUserName(UserName, hanlder) {        $.ajax({            url: &quot;https://service.homedy.com/WishList/GetByUserName&quot;,            type: &quot;get&quot;,            data: {                UserName: UserName            },            dataType: &quot;Json&quot;,            contentType: &quot;application/json&quot;,            success: function (data) {                //console.log(data);                return hanlder(data);            }        });    }    // Thêm    function AddWish(userName, poductID, productType) {        var data_api = {            UserName: userName,            EntityId: poductID,            TypeId: productType        };        $.ajax({            url: &quot;https://service.homedy.com/WishList/Add&quot;,            type: &quot;POST&quot;,            data: JSON.stringify(data_api),            dataType: &quot;json&quot;,            contentType: &quot;application/json&quot;,            success: function () {                $(&quot;.message-like&quot;).show();                $(&quot;.message-content&quot;).html(&quot;Tin đăng của bạn đã được lưu vào danh sách yêu thích&quot;);                var numberOfWL = localStorage.NumberOfWishList;                if (numberOfWL != null &amp;&amp; numberOfWL !== undefined) {                    numberOfWL++;                    $('.count-wishlist').html(numberOfWL);                    localStorage.NumberOfWishList = numberOfWL;                }                localStorage.removeItem(&quot;WishLists&quot;);                setTimeout(function () {                    $(&quot;.message-like&quot;).hide();                }, 3000)            }        });    }    function UpdateStatusWishList(userName, productID) {        var data = {            UpdatedBy: userName,            EntityId: productID        };        $.ajax({            url: &quot;https://service.homedy.com/WishList/UpdateStatusWishList&quot;,            type: &quot;POST&quot;,            data: JSON.stringify(data),            dataType: &quot;json&quot;,            contentType: &quot;application/json&quot;,            success: function () {                var numberOfWL = localStorage.NumberOfWishList;                if (numberOfWL != null &amp;&amp; numberOfWL !== undefined &amp;&amp; numberOfWL &gt; 0) {                    numberOfWL--;                    $('.count-wishlist').html(numberOfWL);                    localStorage.NumberOfWishList = numberOfWL;                }                localStorage.removeItem(&quot;WishLists&quot;);                $(&quot;.message-like&quot;).show();                $(&quot;.message-content&quot;).html(&quot;Bạn đã xóa tin đăng khỏi danh sách yêu thích&quot;);                setTimeout(function () {                    $(&quot;.message-like&quot;).hide();                }, 3000)            }        });    }    ///    function InitWishList(data) {        var dataid = [];        $(&quot;.cmd_save_to_wishlist&quot;).each(function () {            dataid.push($(this).attr(&quot;data-productId&quot;));        })               for (var i = 0; i &lt; dataid.length; i++) {            for (var j = 0; j &lt; data.length; j++) {                if (dataid[i] == data[j].entityId) {                    $('.cmd_save_to_wishlist[data-productId=' + data[j].entityId + ']').addClass(&quot;isStatus-wish&quot;).attr(&quot;data-isStatus&quot;, &quot;1&quot;).find(&quot;.folow&quot;).css('background', 'url(https://static.homedy.com/src/images/icon/heart_filled.png) no-repeat');                }            }        }    }        // khi click lần đầu nếu fv đã đăng nhập thì gọi AOI add    window.addEventListener('DOMContentLoaded', function () {        $(document).ready(function () {            //login google            // end            $(&quot;.cmd_save_to_wishlist&quot;).click(function () {                if (userName !== null &amp;&amp; userName !== &quot;&quot; &amp;&amp; userName !== undefined) {                    var IdProduct = $(this).attr(&quot;data-productId&quot;);                    var TypeProduct = $(this).attr(&quot;data-productType&quot;);                    var checkIsStatus = $(this).attr(&quot;data-isStatus&quot;);                    var chitiet = $(this).attr(&quot;data-chitiet&quot;);                        if (chitiet == 1) {                            if (checkIsStatus == 0) {                                AddWish(userName, IdProduct, TypeProduct);                                $(this).attr(&quot;data-isStatus&quot;, &quot;1&quot;);                                //  $(this).addClass(&quot;like-folow&quot;).children().css('background', 'url(https://static.homedy.com/src/images/icon/heart_filled.png) no-repeat');                                $(this).addClass(&quot;like-folow&quot;).find(&quot;.folow&quot;).css('background', 'url(https://static.homedy.com/src/images/icon/heart_filled.png) no-repeat');                            }                            if (checkIsStatus == 1) {                                UpdateStatusWishList(userName, IdProduct);                                $(this).attr(&quot;data-isStatus&quot;, &quot;0&quot;);                                //  folow                                //$(this).children().css('background-image', 'url(https://static.homedy.com/src/images/icon/favorite-white.svg)');                                $(this).find(&quot;.folow&quot;).css({ 'background': 'url(https://static.homedy.com/src/images/heart.png) no-repeat', 'background-size': ' 17px 17px' });                            }                        }                        else {                            if (checkIsStatus == 0) {                                AddWish(userName, IdProduct, TypeProduct);                                $(this).attr(&quot;data-isStatus&quot;, &quot;1&quot;);                                //  $(this).addClass(&quot;like-folow&quot;).children().css('background', 'url(https://static.homedy.com/src/images/icon/heart_filled.png) no-repeat');                                $(this).addClass(&quot;like-folow&quot;).find(&quot;.folow&quot;).css('background', 'url(https://static.homedy.com/src/images/icon/heart_filled.png) no-repeat');                            }                            if (checkIsStatus == 1) {                                UpdateStatusWishList(userName, IdProduct);                                $(this).attr(&quot;data-isStatus&quot;, &quot;0&quot;);                                //  folow                                //$(this).children().css('background-image', 'url(https://static.homedy.com/src/images/icon/favorite-white.svg)');                                $(this).find(&quot;.folow&quot;).css({ 'background-image': 'url(https://static.homedy.com/src/images/icon/favorite-white.svg)', 'background-size': '24px 24px' });                            }                        }                   } else {                    window.location.href = &quot;/Account/Login?ReturnUrl=&quot;+encodeURIComponent('/ban-san-thuong-mai-chung-cu-hyundai-hillstate-can-goc-120m2-gia-72-ty-es1166086');                }            });            //Check tin đăng đã lưu.            if (userName !== null &amp;&amp; userName !== &quot;&quot; &amp;&amp; userName !== undefined) {                var wishLists = localStorage.WishLists;                if (wishLists !== null &amp;&amp; wishLists !== undefined) {                    var data = JSON.parse(wishLists);                    InitWishList(data);                } else {                    LoadIdEntityByUserName(userName, function (data) {                        InitWishList(data);                        localStorage.WishLists = JSON.stringify(data);                    });                }            }        })    }, true);    // login facebook&lt;/script&gt;&lt;script defer=&quot;&quot; type=&quot;text/javascript&quot;&gt;    //document.addEventListener('DOMContentLoaded', function () {    //    HdyLoader.init(&quot;&quot;, function () {    //        if (navigator.userAgent.match(&quot;Firefox&quot;) || navigator.userAgent.match(&quot;Chrome&quot;) || navigator.userAgent.match(&quot;Safari&quot;)) {    //            HdyLoader.LoadScript(&quot;https://sp.zalo.me/plugins/sdk.js&quot;, function () { });    //            $('.zalo-share').css(&quot;display&quot;, &quot;block&quot;);    //        }    //    });    //})    window.addEventListener(&quot;load&quot;, function () {        jQuery(document).ready(function ($) {            $('.btn-share-facebook').click(function () {                var NWin = window.open($(this).prop('href'), '', 'menubar=no,toolbar=no,resizable=yes,scrollbars=yes,height=300,width=600');                if (window.focus) {                    NWin.focus();                }                return false;            });        });        captchaCode();        Report();    }, true);    function captchaCode() {        var Numb1, Numb2, Numb3, Numb4, Code;        Numb1 = (Math.ceil(Math.random() * 10) - 1).toString();        Numb2 = (Math.ceil(Math.random() * 10) - 1).toString();        Numb3 = (Math.ceil(Math.random() * 10) - 1).toString();        Numb4 = (Math.ceil(Math.random() * 10) - 1).toString();        Code = Numb1 + Numb2 + Numb3 + Numb4;        $(&quot;#captcha span&quot;).remove();        $(&quot;#captcha button&quot;).remove();        $(&quot;#captcha i&quot;).remove();        $(&quot;#captcha&quot;).append(&quot;&lt;span id='code'&gt;&quot; + Code + &quot;&lt;/span&gt;&lt;button type='button' onclick='captchaCode();'&gt;&lt;i class='fa fa-retweet'&gt;&lt;/i&gt;&lt;/button&gt;&quot;);    }    function Report() {        var _titles = [            { Id: 1, Name: 'Thông tin không đúng thực tế' },            { Id: 2, Name: 'Bất động sản/ Sản phẩm đã bán' },            { Id: 3, Name: 'Không liên lạc được với người đăng tin' },            { Id: 4, Name: 'Thông tin bị trùng lặp' },            { Id: 5, Name: 'Thông tin lừa đảo' }];        var _modal_report = document.getElementById('modal_report');        var _modal_share = document.getElementById('modal_share');        window.onclick = function (event) {            if (event.target === _modal_report) {                _modal_report.style.display = &quot;none&quot;;            }        }        $('.close-report').click(function () {            _modal_report.style.display = &quot;none&quot;;        });        $('.close-share').click(function () {            _modal_share.style.display = &quot;none&quot;;        });        $('.btn-report').click(function () {            _modal_report.style.display = &quot;block&quot;;            _modal_share.style.display = &quot;none&quot;;        });        $('.cmd-share').click(function () {            _modal_share.style.display = &quot;block&quot;;        });        $(&quot;#form_submit_report&quot;).validate({            rules:                {                    rpMobile: {                        required: true,                        minlength: 10, maxlength: 11, number: isNaN                    },                    rpEmail: {                        required: true,                        email: true                    },                    rpCaptcha: {                        required: true                    }                },            messages:                {                    rpMobile: {                        required: &quot;Vui lòng nhập số điện thoại.&quot;,                        minlength: &quot;Số điện thoại từ 10-11 ký tự.&quot;,                        maxlength: &quot;Số điện thoại từ 10-11 ký tự.&quot;,                        number: &quot;Số điện thoại không hợp lệ.&quot;                    },                    rpEmail: {                        required: &quot;Nhập địa chỉ email của bạn.&quot;,                        email: &quot;Địa chỉ email bạn nhập không hợp lệ.&quot;                    },                    rpCaptcha: {                        required: &quot;Nhập mã bảo vệ&quot;                    }                },            submitHandler: function (form) {                SubmitReport();            }        });        function SubmitReport() {            var _entityId = '1166086';            var _reportTypeId = '1';            var _titleId = Number($('input[name=rdReport]:checked').val());            var _content = $('#txt_content').val();            var _fullName = $('#rp_name').val();            var _mobile = $('#rp_mobile').val();            var _email = $('#rp_email').val();            if (_titleId &gt; 0) {                var captchaVal = $(&quot;#code&quot;).text();                var captchaCode = $(&quot;.captcha&quot;).val();                if (captchaVal === captchaCode) {                    var _title = '';                    $.each(_titles, function (key, item) {                        if (_titleId === item.Id) _title = item.Name;                    })                    var data = {                        EntityId: _entityId,                        ReportTypeId: _reportTypeId,                        TitleId: _titleId,                        Title: _title,                        Content: _content,                        UserName: '',                        CreatedBy: '',                        Email: _email,                        Mobile: _mobile,                        FullName: _fullName,                        IPAddress: '35.191.2.165',                        Url: '/ban-san-thuong-mai-chung-cu-hyundai-hillstate-can-goc-120m2-gia-72-ty-es1166086'                    }                    $.ajax({                        contentType: &quot;application/json; charset=utf-8&quot;,                        type: &quot;POST&quot;,                        async: true,                        dataType: 'json',                        error: function (jqXHR, textStatus, errorThrown) {                        },                        traditional: true,                        url: 'https://service.homedy.com/Report/Add',                        data: JSON.stringify(data),                        beforeSend: function () {                            $(&quot;#cmd_submit_report&quot;).prop(&quot;disabled&quot;, true);                        },                        complete: function () {                            $(&quot;#cmd_submit_report&quot;).removeAttr('disabled');                        },                        success: function (data) {                            console.log(data);                            if (data.status === &quot;OK&quot;) {                                $('.submit-success').show();                                $('#form_submit_report').hide();                            }                        }                    });                }                else {                    alert('Mã bảo vệ không chính xác !');                }            } else {                alert(&quot;Hãy chọn một vấn đề cần báo cáo vi phạm !&quot;)            }        }        $('.btn-copy').click(function () {            var copyText = document.getElementById(&quot;txt_url&quot;);            copyText.select();            document.execCommand(&quot;copy&quot;);            Snackbar();        });        function Snackbar() {            var x = document.getElementById(&quot;snackbar&quot;);            x.className = &quot;show&quot;;            setTimeout(function () { x.className = x.className.replace(&quot;show&quot;, &quot;&quot;); }, 3000);        }    }&lt;/script&gt;                                &lt;/div&gt;                            &lt;/div&gt;                            &lt;!-- Bedroom, Bathroom --&gt;                        &lt;/div&gt;&lt;div class=&quot;col-sm-4&quot;&gt;                            &lt;div class=&quot;product-detail&quot;&gt;                                &lt;div class=&quot;row&quot;&gt;                                    &lt;div class=&quot;cell label cell-left&quot;&gt;Giá: &lt;/div&gt;                                    &lt;div class=&quot;cell cell-right&quot;&gt;                                            &lt;span&gt;7.2&lt;/span&gt;Tỷ                                    &lt;/div&gt;                                &lt;/div&gt;                                &lt;div class=&quot;row&quot;&gt;                                    &lt;div class=&quot;cell label cell-left&quot;&gt;Diện tích: &lt;/div&gt;                                    &lt;div class=&quot;cell cell-right&quot;&gt;                                        &lt;span&gt;120&lt;/span&gt;                                        &lt;text&gt; m&lt;sup&gt;2&lt;/sup&gt;&lt;/text&gt;                                    &lt;/div&gt;                                &lt;/div&gt;                                    &lt;div class=&quot;row&quot;&gt;                                        &lt;div class=&quot;cell label cell-left&quot;&gt;Giá/Diện tích: &lt;/div&gt;                                        &lt;div class=&quot;cell cell-right&quot;&gt;                                            &lt;span&gt;60&lt;/span&gt;                                            &lt;text&gt;Triệu/m2&lt;/text&gt;                                        &lt;/div&gt;                                    &lt;/div&gt;                            &lt;/div&gt;                            &lt;div class=&quot;local-market-reports&quot;&gt;                                &lt;div class=&quot;refe-estimate-price pc&quot;&gt;                                    &lt;a href=&quot;/uoc-luong-gia&quot; style=&quot;font-size: 18px;&quot; target=&quot;_blank&quot; title=&quot;xem chi tiết ước lượng giá&quot;&gt;                                            &lt;span class=&quot;fa fa-line-chart&quot;&gt;Homedy ước lượng giá &lt;/span&gt;                                        &lt;div class=&quot;estimated-price-range&quot;&gt;                                            &lt;span class=&quot;low-price&quot;/&gt;                                            &lt;img alt=&quot;tham khảo giá&quot; class=&quot;question-estimate-note&quot; src=&quot;/images/estimate-price/question.svg&quot;/&gt;                                            &lt;p class=&quot;note-estimate-detail&quot;&gt;                                                &lt;span class=&quot;note-title&quot;&gt;                                                    Mô hình ước lượng giá BĐS của Homedy:                                                &lt;/span&gt;                                                Mức giá đưa ra chỉ mang tính chất tham khảo và có thể chênh lệch so với giá thực tế.                                            &lt;/p&gt;                                        &lt;/div&gt;                                    &lt;/a&gt;                                &lt;/div&gt;                            &lt;/div&gt;                        &lt;/div&gt;" SourceIndex="693;1021" TextLen="301" order="3" xPath="/#document/html/body/div[7]/div[1]/div[0]/div[0]/div[0]/div[0]/div[0]/div[3]/div[2]/div[4]/a[1]/span[0]/#text"/>
<LayoutNode BgColor="#ffffff" ContainImg="0" ContainP="5" ContainTable="false" DOMCldNum="8" DoC="5" FontSize="16" FontWeight="normal" FrameSourceIndex="0" ID="1-3" IsImg="false" LinkNum="2" LinkTextLen="34" ObjectRectHeight="272" ObjectRectLeft="0" ObjectRectTop="642" ObjectRectWidth="1420" SourceIndex="1107" TextLen="605" order="4">
<LayoutNode BgColor="#ffffff" ContainImg="0" ContainP="5" ContainTable="false" Content="Bán sàn thương mại chung cư Hyundai Hillstate , căn góc 120m2 giá 7,2 tỷ. Sàn thương mại tầng 1, diện tích 120m2, căn góc view rất đẹp, vườn hoa, công viên. +Mặt tiền 20m, Nhà nằm trong khu chung cư Huyndai, Hà Cầu. - Đã có sổ đỏ, và hình thức sở hữu là vĩnh viễn (cực hiếm). - Tầng 1 nên kinh doanh cực kỳ thuận lợi. + Nơi đây là khu tổ hợp cao cấp của Hàn Quốc, giá cao ngang khu vực trung tâm, có 5 tòa nhưng chỉ có duy nhất 1 tòa dịch vụ. Nhà mình bán nằm ở vị trí lô góc của tòa đó, trước mặt vườn hoa, vị trí đẹp không biết dùng mỹ từ nào tả hết. " DOMCldNum="8" DoC="8" FontSize="16" FontWeight="normal" FrameSourceIndex="0" ID="1-3-1" IsImg="false" LinkNum="0" LinkTextLen="0" ObjectRectHeight="272" ObjectRectLeft="0" ObjectRectTop="642" ObjectRectWidth="905" SRC="&lt;p&gt;Bán sàn thương mại chung cư Hyundai Hillstate , căn góc 120m2 giá 7,2 tỷ.&lt;/p&gt;&lt;p&gt;Sàn thương mại tầng 1, diện tích 120m2, căn góc view rất đẹp, vườn hoa, công viên.&lt;/p&gt;&lt;p&gt;+Mặt tiền 20m, Nhà nằm trong khu chung cư Huyndai, Hà Cầu.&lt;/p&gt;&lt;p&gt;- Đã có sổ đỏ, và hình thức sở hữu là vĩnh viễn (cực hiếm).&lt;br/&gt;- Tầng 1 nên kinh doanh cực kỳ thuận lợi.&lt;/p&gt;&lt;p&gt;+ Nơi đây là khu tổ hợp cao cấp của Hàn Quốc, giá cao ngang khu vực trung tâm, có 5 tòa nhưng chỉ có duy nhất 1 tòa dịch vụ. Nhà mình bán nằm ở vị trí lô góc của tòa đó, trước mặt vườn hoa, vị trí đẹp không biết dùng mỹ từ nào tả hết.&lt;/p&gt;" SourceIndex="1107" TextLen="545" order="5" xPath="/#document/html/body/div[7]/div[1]/div[0]/div[1]/div[0]/div[0]/div[1]/div[0]/p[0]/#text"/>
<LayoutNode BgColor="#0098da" ContainImg="0" ContainP="0" ContainTable="false" DOMCldNum="5" DoC="5" FontSize="20" FontWeight="normal" FrameSourceIndex="0" ID="1-3-2" IsImg="false" LinkNum="2" LinkTextLen="34" ObjectRectHeight="272" ObjectRectLeft="925" ObjectRectTop="642" ObjectRectWidth="495" SourceIndex="1823" TextLen="60" order="6">
<LayoutNode BgColor="#0098da" ContainImg="0" ContainP="0" ContainTable="false" Content="Thông tin liên hệ " DOMCldNum="5" DoC="10" FontSize="20" FontWeight="normal" FrameSourceIndex="0" ID="1-3-2-1" IsImg="false" LinkNum="0" LinkTextLen="0" ObjectRectHeight="74" ObjectRectLeft="925" ObjectRectTop="642" ObjectRectWidth="495" SRC="&lt;div class=&quot;title&quot;&gt;Thông tin liên hệ&lt;/div&gt;" SourceIndex="1825" TextLen="17" order="7" xPath="/#document/html/body/div[7]/div[1]/div[0]/div[1]/div[2]/div[0]/div[0]/div[0]/#text"/>
<LayoutNode BgColor="#ffffff" ContainImg="0" ContainP="0" ContainTable="false" Content="Kim Hạnh Chat ngay 0982103*** Nhấn để hiện số 0982103300 Nhấn để gọi ngay " DOMCldNum="5" DoC="5" FontSize="13" FontWeight="normal" FrameSourceIndex="0" ID="1-3-2-2" IsImg="false" LinkNum="2" LinkTextLen="34" ObjectRectHeight="166" ObjectRectLeft="925" ObjectRectTop="748" ObjectRectWidth="495" SRC="&lt;div class=&quot;info-agency&quot; style=&quot;padding-left:0px;&quot;&gt;                                &lt;div class=&quot;thumb-image&quot;&gt;                                        &lt;a href=&quot;thong-tin-kim-hanh-ag99904&quot; title=&quot;Kim Hạnh&quot;&gt;                                            &lt;div class=&quot;avatar&quot; style=&quot;background:url('https://static.homedy.com/src/images/broker.jpg') no-repeat center; background-size: cover&quot;/&gt;                                        &lt;/a&gt;                                    &lt;div class=&quot;tick&quot;/&gt;                                &lt;/div&gt;                                &lt;div class=&quot;info&quot;&gt;                                        &lt;a href=&quot;thong-tin-kim-hanh-ag99904&quot; title=&quot;Kim Hạnh&quot;&gt;                                            &lt;div class=&quot;name&quot;&gt;Kim Hạnh&lt;/div&gt;                                        &lt;/a&gt;                                    &lt;div class=&quot;option&quot;&gt;                                        &lt;div class=&quot;btn chat chatpostinfo chat-counter&quot; data-id=&quot;chatpostinfo_yywtkt&quot; data-pid=&quot;1166086&quot; data-type=&quot;2&quot;&gt;Chat ngay&lt;/div&gt;                                        &lt;a class=&quot;btn mobile mobile-counter pc-mobile-number&quot; data-mobile=&quot;0982103300&quot; data-type=&quot;2&quot; href=&quot;javascript:void(0)&quot; id=&quot;1166086&quot; style=&quot;padding: 5px 10px&quot;&gt;                                            &lt;span class=&quot;icon&quot;/&gt;                                            &lt;div class=&quot;mb&quot; style=&quot;&quot;&gt;                                                &lt;span data-mobile=&quot;0982103300&quot; data-type=&quot;2&quot; id=&quot;1166086&quot; title=&quot;Click vào để hiện số&quot;&gt;                                                    &lt;span class=&quot;mobile-visible-part&quot;&gt;0982103&lt;/span&gt;&lt;span class=&quot;mobile-star&quot;&gt;***&lt;/span&gt;                                                &lt;/span&gt;                                                &lt;i&gt;Nhấn để hiện số&lt;/i&gt;                                            &lt;/div&gt;                                        &lt;/a&gt;                                        &lt;a class=&quot;btn mobile &quot; href=&quot;tel:0982103300&quot; style=&quot;display:none&quot;&gt;                                            &lt;span class=&quot;icon&quot;/&gt;                                            &lt;div class=&quot;mb&quot;&gt;                                                &lt;span data-mobile=&quot;0982103300&quot; itemprop=&quot;telephone&quot;&gt;0982103300&lt;/span&gt;                                                &lt;i&gt;Nhấn để gọi ngay&lt;/i&gt;                                            &lt;/div&gt;                                        &lt;/a&gt;                                    &lt;/div&gt;                                &lt;/div&gt;                            &lt;/div&gt;" SourceIndex="1828" TextLen="43" order="8" xPath="/#document/html/body/div[7]/div[1]/div[0]/div[1]/div[2]/div[0]/div[1]/div[1]/div[1]/div[1]/a[1]/div[1]/i[0]/#text"/>
</LayoutNode>
</LayoutNode>
<LayoutNode BgColor="#ffffff" ContainImg="0" ContainP="1" ContainTable="false" Content="Lh xem. " DOMCldNum="8" DoC="10" FontSize="16" FontWeight="normal" FrameSourceIndex="0" ID="1-4" IsImg="false" LinkNum="0" LinkTextLen="0" ObjectRectHeight="27" ObjectRectLeft="0" ObjectRectTop="924" ObjectRectWidth="1420" SRC="&lt;p&gt;Lh xem.&lt;/p&gt;" SourceIndex="1121" TextLen="7" order="9" xPath="/#document/html/body/div[7]/div[1]/div[0]/div[1]/div[0]/div[0]/div[1]/div[5]/p[0]/#text"/>
<LayoutNode BgColor="#ffffff" ContainImg="0" ContainP="0" ContainTable="false" DOMCldNum="33" DoC="5" FontSize="13" FontWeight="normal" FrameSourceIndex="0" ID="1-5" IsImg="false" LinkNum="4" LinkTextLen="153" ObjectRectHeight="213" ObjectRectLeft="0" ObjectRectTop="961" ObjectRectWidth="1420" SourceIndex="1103" TextLen="218" order="10">
<LayoutNode BgColor="#ffffff" ContainImg="0" ContainP="0" ContainTable="false" Content="Chat với người đăng tin (Nhấn để hiện số) 0982103*** (Nhấn để hiện số) 0982103300 " DOMCldNum="33" DoC="5" FontSize="13" FontWeight="normal" FrameSourceIndex="0" ID="1-5-1" IsImg="false" LinkNum="0" LinkTextLen="0" ObjectRectHeight="53" ObjectRectLeft="0" ObjectRectTop="961" ObjectRectWidth="1420" SRC="&lt;div class=&quot;button-in-content&quot;&gt;                                &lt;div class=&quot;btn btn-chat chat-on-content chatpostinfo chat-counter&quot; data-id=&quot;chatpostinfo_yywtkt&quot; data-pid=&quot;1166086&quot; data-type=&quot;2&quot;&gt;                                    &lt;div class=&quot;center&quot;&gt;                                        Chat với người đăng tin                                    &lt;/div&gt;                                &lt;/div&gt;                                &lt;div&gt;                                    &lt;div class=&quot;mobile-number-des mobile-counter&quot; data-mobile=&quot;0982103300&quot; data-type=&quot;2&quot; id=&quot;1166086&quot;&gt;                                        &lt;i&gt;(Nhấn để hiện số)&lt;/i&gt;                                        &lt;span data-mobile=&quot;0982103300&quot; data-type=&quot;2&quot; id=&quot;1166086&quot; title=&quot;Click vào để hiện số&quot;&gt;                                            &lt;span class=&quot;mobile-visible-part&quot;&gt;0982103&lt;/span&gt;&lt;span class=&quot;mobile-star&quot;&gt;***&lt;/span&gt;                                        &lt;/span&gt;                                    &lt;/div&gt;                                    &lt;a class=&quot;mobile-number-des mobile-number-des-detail-onclick&quot; href=&quot;tel:0982103300&quot; style=&quot;display:none&quot;&gt;                                        &lt;i&gt;(Nhấn để hiện số)&lt;/i&gt;                                        &lt;span data-mobile=&quot;0982103300&quot; itemprop=&quot;telephone&quot;&gt;0982103300&lt;/span&gt;                                    &lt;/a&gt;                                &lt;/div&gt;                            &lt;/div&gt;" SourceIndex="1125" TextLen="51" order="11" xPath="/#document/html/body/div[7]/div[1]/div[0]/div[1]/div[0]/div[0]/div[2]/div[1]/div[0]/div[1]/span[1]/span[0]/#text"/>
<LayoutNode BgColor="#ffffff" ContainImg="0" ContainP="0" ContainTable="false" Content="BĐS liên quan: Bán Bất động sản khác Đường Tô Hiệu, Hà ĐôngBán Bất động sản khác Phường Hà Cầu, Hà ĐôngBán Bất động sản khác Hà Đông, Hà NộiBán Bất động sản khác Hà Nội " DOMCldNum="0" DoC="8" FontSize="16" FontWeight="normal" FrameSourceIndex="0" ID="1-5-2" IsImg="false" LinkNum="4" LinkTextLen="153" ObjectRectHeight="140" ObjectRectLeft="0" ObjectRectTop="1034" ObjectRectWidth="1420" SRC="&lt;td class=&quot;Xanonymous&quot; style=&quot;display:table-cell&quot;/&gt;" SourceIndex="0" TextLen="167" order="12" xPath="/#document/html/body/div[7]/div[1]/div[0]/div[1]/div[0]/div[0]/div[4]/div[1]/div[3]/a[0]/#text"/>
</LayoutNode>
<LayoutNode BgColor="#ffffff" ContainImg="0" ContainP="0" ContainTable="true" DOMCldNum="33" DoC="5" FontSize="13" FontWeight="normal" FrameSourceIndex="0" ID="1-6" IsImg="false" LinkNum="4" LinkTextLen="51" ObjectRectHeight="255" ObjectRectLeft="0" ObjectRectTop="1190" ObjectRectWidth="1420" SourceIndex="1103" TextLen="138" order="13">
<LayoutNode BgColor="#ffffff" ContainImg="0" ContainP="0" ContainTable="true" Content="Tổng quan Tình trạng pháp lý : Sổ hồng " DOMCldNum="33" DoC="8" FontSize="13" FontWeight="normal" FrameSourceIndex="0" ID="1-6-1" IsImg="false" LinkNum="0" LinkTextLen="0" ObjectRectHeight="89" ObjectRectLeft="0" ObjectRectTop="1190" ObjectRectWidth="1420" SRC="&lt;div class=&quot;overview&quot; style=&quot;margin-top: 16px;&quot;&gt;                                &lt;h2&gt;Tổng quan&lt;/h2&gt;                                &lt;div class=&quot;table overview-detail&quot;&gt;                                        &lt;div class=&quot;row&quot;&gt;                                            &lt;div class=&quot;cell lable&quot;&gt;&lt;span&gt;Tình trạng pháp lý&lt;/span&gt; &lt;/div&gt;                                            &lt;div class=&quot;cell&quot;&gt;: Sổ hồng&lt;/div&gt;                                        &lt;/div&gt;                                &lt;/div&gt;                            &lt;/div&gt;" SourceIndex="1180" TextLen="36" order="14" xPath="/#document/html/body/div[7]/div[1]/div[0]/div[1]/div[0]/div[0]/div[5]/div[1]/div[0]/div[1]/div[0]/#text"/>
<LayoutNode BgColor="#ffffff" ContainImg="0" ContainP="0" ContainTable="false" Content="Thuộc dự án " DOMCldNum="7" DoC="10" FontSize="20" FontWeight="500" FrameSourceIndex="0" ID="1-6-2" IsImg="false" LinkNum="0" LinkTextLen="0" ObjectRectHeight="27" ObjectRectLeft="0" ObjectRectTop="1299" ObjectRectWidth="1420" SRC="&lt;h2&gt; Thuộc dự án&lt;/h2&gt;" SourceIndex="1204" TextLen="11" order="15" xPath="/#document/html/body/div[7]/div[1]/div[0]/div[1]/div[0]/div[0]/div[6]/div[1]/h2[0]/#text"/>
<LayoutNode BgColor="#ffffff" ContainImg="0" ContainP="0" ContainTable="false" Content="Hyundai Hillstate Tiến độ: Hàng thứ cấp Các loại hình BĐS: Biệt thự Nhà liền kề Mặt bằng bán lẻ " DOMCldNum="5" DoC="5" FontSize="15" FontWeight="500" FrameSourceIndex="0" ID="1-6-3" IsImg="false" LinkNum="4" LinkTextLen="51" ObjectRectHeight="110" ObjectRectLeft="0" ObjectRectTop="1335" ObjectRectWidth="1420" SRC="&lt;div class=&quot;project-detail-text&quot;&gt;                                                &lt;div class=&quot;name&quot;&gt;                                                    &lt;a href=&quot;/hyundai-hillstate-pj73837055&quot;&gt;                                                        Hyundai Hillstate                                                    &lt;/a&gt;                                                &lt;/div&gt;                                                &lt;div class=&quot;&quot;&gt;                                                    &lt;div class=&quot;row&quot;&gt;                                                        &lt;div class=&quot;lable&quot;&gt;&lt;span&gt;Tiến độ: &lt;/span&gt;&lt;/div&gt;                                                        &lt;div class=&quot;&quot;&gt;Hàng thứ cấp&lt;/div&gt;                                                    &lt;/div&gt;                                                    &lt;div class=&quot;row&quot;&gt;                                                        &lt;div class=&quot;lable&quot;&gt;&lt;span&gt;Các loại hình BĐS: &lt;/span&gt;&lt;/div&gt;                                                        &lt;div class=&quot;p-category&quot;&gt;                                                                &lt;span&gt;&lt;a href=&quot;/ban-biet-thu&quot; title=&quot;Biệt thự&quot;&gt;Biệt thự&lt;/a&gt; &lt;/span&gt;                                                                &lt;span&gt;&lt;a href=&quot;/ban-nha-lien-ke&quot; title=&quot;Nhà liền kề&quot;&gt;Nhà liền kề&lt;/a&gt; &lt;/span&gt;                                                                &lt;span&gt;&lt;a href=&quot;/ban-mat-bang-ban-le&quot; title=&quot;Mặt bằng bán lẻ&quot;&gt;Mặt bằng bán lẻ&lt;/a&gt; &lt;/span&gt;                                                        &lt;/div&gt;                                                    &lt;/div&gt;                                                &lt;/div&gt;                                            &lt;/div&gt;" SourceIndex="1225" TextLen="91" order="16" xPath="/#document/html/body/div[7]/div[1]/div[0]/div[1]/div[0]/div[0]/div[6]/div[2]/div[0]/div[0]/div[1]/div[1]/div[1]/div[1]/div[2]/span[0]/a[0]/#text"/>
</LayoutNode>
<LayoutNode BgColor="#ffffff" ContainImg="0" ContainP="0" ContainTable="false" Content="Chủ đầu tư KHÁM PHÁ Quận Hà Đông, Hà Nội Xem thêm Số dân: 330.000 người Diện tích 48,34 km2 Mật độ dân số: Mật độ dân: 7.000 người/km2 Số BĐS đang bán 1262 " DOMCldNum="3" DoC="8" FontSize="13" FontWeight="normal" FrameSourceIndex="0" ID="1-7" IsImg="false" LinkNum="2" LinkTextLen="18" ObjectRectHeight="171" ObjectRectLeft="0" ObjectRectTop="1460" ObjectRectWidth="1420" SRC="&lt;a href=&quot;/cong-ty-tnhh-hyundai-rnc-ha-tay-co573&quot; title=&quot;Công ty TNHH Hyundai RNC Hà Tây&quot;&gt;                                                        &lt;div class=&quot;thumb-image&quot; style=&quot;background: url('https://cdn.homedy.com/store/img/2015/08/23/cong-ty-tnhh-hyundai-rnc-ha-tay-635759355486197411.jpg') no-repeat center; background-size: 80px; background-color: #fff&quot;&gt;                                                        &lt;/div&gt;                                                        &lt;div class=&quot;title&quot;&gt;Chủ đầu tư&lt;/div&gt;                                                    &lt;/a&gt;&lt;h2&gt;KHÁM PHÁ Quận Hà Đông, Hà Nội&lt;/h2&gt;&lt;a class=&quot;view-detail&quot; href=&quot;?latitude=20.9655319473867&amp;longitude=105.77491551637684&quot; target=&quot;_blank&quot; title=&quot;Khám phá khu vực Quận Hà Đông, Hà Nội&quot;&gt;Xem thêm&lt;/a&gt;&lt;div class=&quot;box-content&quot;&gt;                                    &lt;div class=&quot;thumb-image&quot; style=&quot;background: url(https://static.homedy.com/src/images/location-reviews/ha-noi/ha-dong/1.jpg)&quot;/&gt;                                    &lt;div class=&quot;text-location&quot;&gt;                                        &lt;div class=&quot;lc-info&quot;&gt;                                            &lt;div class=&quot;icon&quot; style=&quot;background: url('https://static.homedy.com/src/images/location-reviews/so-dan.svg')&quot;/&gt;                                            &lt;div class=&quot;text&quot;&gt;                                                &lt;label&gt;Số dân:&lt;/label&gt;                                                &lt;span&gt;330.000 người&lt;/span&gt;                                            &lt;/div&gt;                                        &lt;/div&gt;                                        &lt;div class=&quot;lc-info&quot;&gt;                                            &lt;div class=&quot;icon&quot; style=&quot;background: url('https://static.homedy.com/src/images/location-reviews/dien-tich.svg')&quot;/&gt;                                            &lt;div class=&quot;text&quot;&gt;                                                &lt;label&gt;Diện tích&lt;/label&gt;                                                &lt;span&gt;48,34 km2&lt;/span&gt;                                            &lt;/div&gt;                                        &lt;/div&gt;                                        &lt;div class=&quot;lc-info&quot;&gt;                                            &lt;div class=&quot;icon&quot; style=&quot;background: url('https://static.homedy.com/src/images/location-reviews/mat-do-dan.svg')&quot;/&gt;                                            &lt;div class=&quot;text&quot;&gt;                                                &lt;label class=&quot;pc&quot;&gt;Mật độ dân số:&lt;/label&gt;                                                &lt;label class=&quot;mobile&quot;&gt;Mật độ dân:&lt;/label&gt;                                                &lt;span&gt;7.000 người/km2&lt;/span&gt;                                            &lt;/div&gt;                                        &lt;/div&gt;                                        &lt;div class=&quot;lc-info&quot;&gt;                                            &lt;div class=&quot;icon&quot; style=&quot;background: url('https://static.homedy.com/src/images/location-reviews/khoang-cach.svg')&quot;/&gt;                                            &lt;div class=&quot;text&quot;&gt;                                                &lt;label class=&quot;pc&quot;&gt;Số BĐS đang bán&lt;/label&gt;                                                &lt;span&gt;&lt;strong class=&quot;distance_form_city_center&quot;&gt;1262&lt;/strong&gt;&lt;/span&gt;                                            &lt;/div&gt;                                        &lt;/div&gt;                                    &lt;/div&gt;                                    &lt;a class=&quot;view-detail&quot; href=&quot;?latitude=20.9655319473867&amp;longitude=105.77491551637684&quot; target=&quot;_blank&quot; title=&quot;Khám phá khu vực Quận Hà Đông, Hà Nội&quot;&gt;Xem thêm&lt;/a&gt;                                &lt;/div&gt;" SourceIndex="1213" TextLen="133" order="17" xPath="/#document/html/body/div[7]/div[1]/div[0]/div[1]/div[0]/div[0]/div[6]/div[2]/div[0]/div[0]/div[0]/div[0]/a[1]/div[0]/#text"/>
<LayoutNode BgColor="#ffffff" ContainImg="0" ContainP="0" ContainTable="false" Content="Vị trí - tiện ích xung quanh " DOMCldNum="7" DoC="10" FontSize="20" FontWeight="500" FrameSourceIndex="0" ID="1-8" IsImg="false" LinkNum="0" LinkTextLen="0" ObjectRectHeight="27" ObjectRectLeft="0" ObjectRectTop="1695" ObjectRectWidth="1420" SRC="&lt;h2 class=&quot;txt-title&quot;&gt;Vị trí - tiện ích xung quanh&lt;/h2&gt;" SourceIndex="1485" TextLen="28" order="18" xPath="/#document/html/body/div[7]/div[1]/div[0]/div[1]/div[0]/div[0]/div[11]/div[1]/div[0]/h2[0]/#text"/>
<LayoutNode BgColor="#ffffff" ContainImg="0" ContainP="0" ContainTable="false" Content="Trường học Siêu thị Bến tàu xe Y tế Ngân hàng " DOMCldNum="9" DoC="5" FontSize="13" FontWeight="normal" FrameSourceIndex="0" ID="1-9" IsImg="false" LinkNum="0" LinkTextLen="0" ObjectRectHeight="52" ObjectRectLeft="0" ObjectRectTop="1751" ObjectRectWidth="1420" SRC="&lt;div class=&quot;tab tab-scroll&quot;&gt;        &lt;ul&gt;            &lt;li&gt;                &lt;div class=&quot;tab-item active&quot; onclick=&quot;Category_Clicked(11, 'Trường học', this)&quot;&gt;                    &lt;span class=&quot;icon truong-hoc&quot;/&gt;                    &lt;span class=&quot;text&quot;&gt;Trường học&lt;/span&gt;                &lt;/div&gt;            &lt;/li&gt;            &lt;li&gt;                &lt;div class=&quot;tab-item&quot; onclick=&quot;Category_Clicked(5, 'Siêu thị', this)&quot;&gt;                    &lt;span class=&quot;icon sieu-thi&quot;/&gt;                    &lt;span class=&quot;text&quot;&gt;Siêu thị&lt;/span&gt;                &lt;/div&gt;            &lt;/li&gt;            &lt;li&gt;                &lt;div class=&quot;tab-item&quot; onclick=&quot;Category_Clicked(1, 'Bến tàu xe', this)&quot;&gt;                    &lt;span class=&quot;icon ben-xe&quot;/&gt;                    &lt;span class=&quot;text&quot;&gt;Bến tàu xe&lt;/span&gt;                &lt;/div&gt;            &lt;/li&gt;            &lt;li&gt;                &lt;div class=&quot;tab-item&quot; onclick=&quot;Category_Clicked(2, 'Y tế', this)&quot;&gt;                    &lt;span class=&quot;icon y-te&quot;/&gt;                    &lt;span class=&quot;text&quot;&gt;Y tế&lt;/span&gt;                &lt;/div&gt;            &lt;/li&gt;            &lt;li&gt;                &lt;div class=&quot;tab-item&quot; onclick=&quot;Category_Clicked(15, 'Ngân hàng', this)&quot;&gt;                    &lt;span class=&quot;icon ngan-hang&quot;/&gt;                    &lt;span class=&quot;text&quot;&gt;Ngân hàng&lt;/span&gt;                &lt;/div&gt;            &lt;/li&gt;        &lt;/ul&gt;    &lt;/div&gt;" SourceIndex="1496" TextLen="45" order="19" xPath="/#document/html/body/div[7]/div[1]/div[0]/div[1]/div[0]/div[0]/div[11]/div[1]/div[2]/div[0]/div[0]/ul[4]/li[0]/div[1]/span[0]/#text"/>
<LayoutNode BgColor="#ffffff" ContainImg="0" ContainP="0" ContainTable="false" Content="Khám phá các địa điểm phổ biến của quận Quận Hà Đông, Hà Nội " DOMCldNum="9" DoC="10" FontSize="14" FontWeight="normal" FrameSourceIndex="0" ID="1-10" IsImg="false" LinkNum="1" LinkTextLen="60" ObjectRectHeight="19" ObjectRectLeft="0" ObjectRectTop="2440" ObjectRectWidth="1420" SRC="&lt;a class=&quot;review-more&quot; href=&quot;kham-pha-khu-vuc-quan-ha-dong-ha-noi&quot; target=&quot;_blank&quot; title=&quot;Khám phá Quận Hà Đông, Hà Nội&quot;&gt;Khám phá các địa điểm phổ biến của quận Quận Hà Đông, Hà Nội&lt;/a&gt;" SourceIndex="1572" TextLen="60" order="20" xPath="/#document/html/body/div[7]/div[1]/div[0]/div[1]/div[0]/div[0]/div[11]/div[1]/div[2]/div[3]/a[0]/#text"/>
<LayoutNode BgColor="#ffffff" ContainImg="0" ContainP="0" ContainTable="false" DOMCldNum="5" DoC="5" FontSize="20" FontWeight="500" FrameSourceIndex="0" ID="1-11" IsImg="false" LinkNum="1" LinkTextLen="8" ObjectRectHeight="157" ObjectRectLeft="0" ObjectRectTop="2516" ObjectRectWidth="1420" SourceIndex="1583" TextLen="45" order="21">
<LayoutNode BgColor="#ffffff" ContainImg="0" ContainP="0" ContainTable="false" Content="THÔNG TIN LIÊN HỆ " DOMCldNum="5" DoC="10" FontSize="20" FontWeight="500" FrameSourceIndex="0" ID="1-11-1" IsImg="false" LinkNum="0" LinkTextLen="0" ObjectRectHeight="27" ObjectRectLeft="0" ObjectRectTop="2516" ObjectRectWidth="1420" SRC="&lt;h2&gt;THÔNG TIN LIÊN HỆ&lt;/h2&gt;" SourceIndex="1585" TextLen="17" order="22" xPath="/#document/html/body/div[7]/div[1]/div[0]/div[1]/div[0]/div[0]/div[13]/div[0]/h2[0]/#text"/>
<LayoutNode BgColor="#ffffff" ContainImg="0" ContainP="0" ContainTable="false" Content="Kim Hạnh Chat ngay 0982103*** " DOMCldNum="5" DoC="5" FontSize="13" FontWeight="normal" FrameSourceIndex="0" ID="1-11-2" IsImg="false" LinkNum="1" LinkTextLen="8" ObjectRectHeight="105" ObjectRectLeft="0" ObjectRectTop="2568" ObjectRectWidth="1420" SRC="&lt;div class=&quot;item&quot;&gt;                                        &lt;a href=&quot;thong-tin-kim-hanh-ag99904&quot; title=&quot;Kim Hạnh&quot;&gt;                                            &lt;div class=&quot;thumb-image&quot; style=&quot;background:url('https://static.homedy.com/src/images/broker.jpg')&quot;/&gt;                                            &lt;div class=&quot;text&quot;&gt;                                                &lt;div class=&quot;name&quot;&gt;Kim Hạnh&lt;/div&gt;                                            &lt;/div&gt;                                        &lt;/a&gt;                                    &lt;/div&gt;&lt;div class=&quot;item&quot;&gt;                                        &lt;div class=&quot;btn btn-chat chatpostinfo chat-counter&quot; data-id=&quot;chatpostinfo_yywtkt&quot; data-pid=&quot;1166086&quot; data-type=&quot;2&quot;&gt;                                            &lt;div class=&quot;center&quot;&gt;                                                Chat ngay                                            &lt;/div&gt;                                        &lt;/div&gt;                                        &lt;div class=&quot;btn btn-mobile mobile-counter&quot; data-mobile=&quot;0982103300&quot; data-type=&quot;2&quot; id=&quot;1166086&quot;&gt;                                            &lt;div class=&quot;center&quot;&gt;                                                &lt;span class=&quot;mobile-visible-part&quot;&gt;0982103&lt;/span&gt;&lt;span class=&quot;mobile-star&quot;&gt;***&lt;/span&gt;                                            &lt;/div&gt;                                        &lt;/div&gt;                                        &lt;a class=&quot;btn btn-mobile mobile-detail-click&quot; href=&quot;tel:0982103300&quot; style=&quot;display:none&quot;&gt;                                            &lt;div class=&quot;center&quot;&gt;                                                &lt;span data-mobile=&quot;0982103300&quot; itemprop=&quot;telephone&quot;&gt;0982103300&lt;/span&gt;                                            &lt;/div&gt;                                        &lt;/a&gt;                                    &lt;/div&gt;" SourceIndex="1590;1604" TextLen="28" order="23" xPath="/#document/html/body/div[7]/div[1]/div[0]/div[1]/div[0]/div[0]/div[13]/div[1]/div[0]/div[0]/a[1]/div[0]/div[0]/#text"/>
</LayoutNode>
<LayoutNode BgColor="#ffffff" ContainImg="0" ContainP="0" ContainTable="false" Content="TÍNH LÃI SUẤT VAY " DOMCldNum="5" DoC="10" FontSize="20" FontWeight="500" FrameSourceIndex="0" ID="1-12" IsImg="false" LinkNum="0" LinkTextLen="0" ObjectRectHeight="27" ObjectRectLeft="0" ObjectRectTop="2685" ObjectRectWidth="1420" SRC="&lt;h2&gt;TÍNH LÃI SUẤT VAY&lt;/h2&gt;" SourceIndex="1639" TextLen="17" order="24" xPath="/#document/html/body/div[7]/div[1]/div[0]/div[1]/div[0]/div[0]/div[15]/div[0]/h2[0]/#text"/>
<LayoutNode BgColor="#ffffff" ContainImg="0" ContainP="0" ContainTable="false" Content="Giá trị nhà đất Triệu Số tiền vay % Thời gian vay Năm Lãi suất % năm " DOMCldNum="7" DoC="8" FontSize="13" FontWeight="normal" FrameSourceIndex="0" ID="1-13" IsImg="false" LinkNum="0" LinkTextLen="0" ObjectRectHeight="224" ObjectRectLeft="0" ObjectRectTop="2733" ObjectRectWidth="1420" SRC="&lt;div class=&quot;input-rate&quot;&gt;        &lt;div class=&quot;item&quot;&gt;            &lt;label class=&quot;inline&quot;&gt;Giá trị nhà đất&lt;/label&gt;            &lt;div class=&quot;inline btn-range&quot;&gt;                &lt;input class=&quot;range-product-price&quot; data-rangeslider=&quot;&quot; max=&quot;10000&quot; min=&quot;0&quot; step=&quot;100&quot; type=&quot;range&quot; value=&quot;0&quot;/&gt;            &lt;/div&gt;            &lt;input class=&quot;inline product-price currency&quot; id=&quot;c1&quot; type=&quot;text&quot; value=&quot;0&quot;/&gt;            &lt;div class=&quot;inline unit&quot;&gt; Triệu &lt;/div&gt;        &lt;/div&gt;        &lt;div class=&quot;item&quot;&gt;            &lt;label class=&quot;inline&quot;&gt;Số tiền vay&lt;/label&gt;            &lt;div class=&quot;inline btn-range&quot;&gt;                &lt;input class=&quot;range-percent-price&quot; data-rangeslider=&quot;&quot; max=&quot;100&quot; min=&quot;0&quot; step=&quot;5&quot; type=&quot;range&quot; value=&quot;70&quot;/&gt;            &lt;/div&gt;            &lt;input class=&quot;inline amount currency&quot; type=&quot;text&quot;/&gt;            &lt;div class=&quot;inline unit unit-percent&quot;&gt;                &lt;input class=&quot;percent-price currency&quot; type=&quot;number&quot; value=&quot;70&quot;/&gt;%            &lt;/div&gt;        &lt;/div&gt;        &lt;div class=&quot;item&quot;&gt;            &lt;label class=&quot;inline&quot;&gt;Thời gian vay&lt;/label&gt;            &lt;div class=&quot;inline btn-range&quot;&gt;                &lt;input class=&quot;range-time&quot; data-rangeslider=&quot;&quot; max=&quot;35&quot; min=&quot;1&quot; step=&quot;1&quot; type=&quot;range&quot; value=&quot;10&quot;/&gt;            &lt;/div&gt;            &lt;input class=&quot;inline time currency&quot; type=&quot;number&quot; value=&quot;10&quot;/&gt;            &lt;div class=&quot;inline unit&quot;&gt;Năm&lt;/div&gt;        &lt;/div&gt;        &lt;div class=&quot;item&quot;&gt;            &lt;label class=&quot;inline&quot;&gt;Lãi suất&lt;/label&gt;            &lt;div class=&quot;inline btn-range&quot;&gt;                &lt;input class=&quot;range-interest&quot; data-rangeslider=&quot;&quot; max=&quot;10&quot; min=&quot;0&quot; step=&quot;0.1&quot; type=&quot;range&quot; value=&quot;8&quot;/&gt;            &lt;/div&gt;            &lt;input class=&quot;inline interest currency&quot; type=&quot;number&quot; value=&quot;8&quot;/&gt;            &lt;div class=&quot;inline unit&quot;&gt;% năm&lt;/div&gt;        &lt;/div&gt;    &lt;/div&gt;" SourceIndex="1648" TextLen="61" order="25" xPath="/#document/html/body/div[7]/div[1]/div[0]/div[1]/div[0]/div[0]/div[15]/div[1]/div[1]/div[0]/div[3]/div[3]/div[0]/#text"/>
<LayoutNode BgColor="#ffffff" ContainImg="0" ContainP="0" ContainTable="false" Content="Số tiền trả theo dư nợ giảm dần Số tiền trả đều hàng tháng " DOMCldNum="5" DoC="5" FontSize="13" FontWeight="normal" FrameSourceIndex="0" ID="1-14" IsImg="false" LinkNum="0" LinkTextLen="0" ObjectRectHeight="21" ObjectRectLeft="0" ObjectRectTop="2995" ObjectRectWidth="1420" SRC="&lt;div class=&quot;item&quot;&gt;            &lt;label class=&quot;container-radio&quot;&gt;                Số tiền trả theo dư nợ giảm dần                &lt;input name=&quot;radio&quot; onchange=&quot;interest_changed(this)&quot; type=&quot;radio&quot; value=&quot;1&quot;/&gt;                &lt;span class=&quot;checkmark&quot;/&gt;            &lt;/label&gt;        &lt;/div&gt;&lt;div class=&quot;item&quot;&gt;            &lt;label class=&quot;container-radio&quot;&gt;                Số tiền trả đều hàng tháng                &lt;input checked=&quot;checked&quot; name=&quot;radio&quot; onchange=&quot;interest_changed(this)&quot; type=&quot;radio&quot; value=&quot;2&quot;/&gt;                &lt;span class=&quot;checkmark&quot;/&gt;            &lt;/label&gt;        &lt;/div&gt;" SourceIndex="1719;1729" TextLen="57" order="26" xPath="/#document/html/body/div[7]/div[1]/div[0]/div[1]/div[0]/div[0]/div[15]/div[1]/div[1]/div[1]/div[0]/div[0]/label[1]/span"/>
<LayoutNode BgColor="#ffffff" ContainImg="0" ContainP="0" ContainTable="false" Content="Cần trả trước 0 VND Gốc cần trả 0 VND Lãi cần trả 0 VND Số tiền trả tháng đầu 0 VND " DOMCldNum="5" DoC="8" FontSize="13" FontWeight="normal" FrameSourceIndex="0" ID="1-15" IsImg="false" LinkNum="0" LinkTextLen="0" ObjectRectHeight="144" ObjectRectLeft="0" ObjectRectTop="3090" ObjectRectWidth="1420" SRC="&lt;div class=&quot;result&quot;&gt;                &lt;div class=&quot;inline&quot;&gt;                    &lt;label&gt;Cần trả trước&lt;/label&gt;                    &lt;span class=&quot;blue&quot;&gt;&lt;i class=&quot;rs-retainer&quot;&gt;0&lt;/i&gt; VND&lt;/span&gt;                &lt;/div&gt;                &lt;div class=&quot;inline&quot;&gt;                    &lt;label&gt;Gốc cần trả&lt;/label&gt;                    &lt;span class=&quot;black&quot;&gt;&lt;i class=&quot;rs-payment&quot;&gt;0&lt;/i&gt; VND&lt;/span&gt;                &lt;/div&gt;                &lt;div class=&quot;inline&quot;&gt;                    &lt;label&gt;Lãi cần trả&lt;/label&gt;                    &lt;span class=&quot;red&quot;&gt;&lt;i class=&quot;rs-interest&quot;&gt;0&lt;/i&gt; VND&lt;/span&gt;                &lt;/div&gt;                &lt;div class=&quot;first-value&quot;&gt;                    &lt;label&gt;Số tiền trả tháng đầu&lt;/label&gt;                    &lt;span class=&quot;blue&quot;&gt;&lt;i class=&quot;amount-first-month&quot;&gt;0&lt;/i&gt; VND&lt;/span&gt;                &lt;/div&gt;            &lt;/div&gt;" SourceIndex="1751" TextLen="79" order="27" xPath="/#document/html/body/div[7]/div[1]/div[0]/div[1]/div[0]/div[0]/div[15]/div[1]/div[1]/div[2]/div[0]/div[1]/div[3]/div[1]/span[1]/#text"/>
<LayoutNode BgColor="#ffffff" ContainImg="0" ContainP="0" ContainTable="false" Content="Xem lịch trả nợ từng tháng " DOMCldNum="5" DoC="7" FontSize="16" FontWeight="normal" FrameSourceIndex="0" ID="1-16" IsImg="false" LinkNum="1" LinkTextLen="26" ObjectRectHeight="21" ObjectRectLeft="0" ObjectRectTop="3286" ObjectRectWidth="1420" SRC="Xem lịch trả nợ từng tháng" SourceIndex="0" TextLen="26" order="28" xPath="/#document/html/body/div[7]/div[1]/div[0]/div[1]/div[0]/div[0]/div[15]/div[1]/div[1]/div[2]/div[1]/div[0]/a[0]/#text"/>
<LayoutNode BgColor="#ffffff" ContainImg="0" ContainP="0" ContainTable="false" Content="(*) Công cụ tính toán trên website chỉ mang tính chất tham khảo " DOMCldNum="5" DoC="10" FontSize="16" FontWeight="normal" FrameSourceIndex="0" ID="1-17" IsImg="false" LinkNum="0" LinkTextLen="0" ObjectRectHeight="21" ObjectRectLeft="0" ObjectRectTop="3315" ObjectRectWidth="1420" SRC="&lt;div class=&quot;note&quot;&gt;(*) Công cụ tính toán trên website chỉ mang tính chất tham khảo&lt;/div&gt;" SourceIndex="1806" TextLen="63" order="29" xPath="/#document/html/body/div[7]/div[1]/div[0]/div[1]/div[0]/div[0]/div[15]/div[1]/div[1]/div[2]/div[1]/div[1]/div[0]/#text"/>
<LayoutNode BgColor="#ffffff" ContainImg="0" ContainP="0" ContainTable="false" Content="0 bình luận " DOMCldNum="9" DoC="5" FontSize="20" FontWeight="500" FrameSourceIndex="0" ID="1-18" IsImg="false" LinkNum="0" LinkTextLen="0" ObjectRectHeight="27" ObjectRectLeft="0" ObjectRectTop="3422" ObjectRectWidth="1420" SRC="&lt;div class=&quot;title&quot; id=&quot;title_rev_comment&quot;&gt;        &lt;span class=&quot;total_rev_comment&quot;&gt;0&lt;/span&gt;        &lt;span&gt;bình luận&lt;/span&gt;    &lt;/div&gt;" SourceIndex="1905" TextLen="11" order="30" xPath="/#document/html/body/div[7]/div[1]/div[1]/div[1]/div[0]/div[0]/div[0]/div[0]/div[1]/span[0]/#text"/>
<LayoutNode BgColor="#ffffff" ContainImg="0" ContainP="0" ContainTable="false" Content="Bình luận của đã được gửi thành công, vui lòng chờ xử lý. Gửi Sonnv (Thay đổi) Vui lòng nhập bình luận của bạn. " DOMCldNum="9" DoC="8" FontSize="13" FontWeight="normal" FrameSourceIndex="0" ID="1-19" IsImg="false" LinkNum="1" LinkTextLen="3" ObjectRectHeight="126" ObjectRectLeft="0" ObjectRectTop="3457" ObjectRectWidth="1420" SRC="&lt;div class=&quot;input-comment-top&quot;&gt;        &lt;textarea id=&quot;txt_rev_comment&quot; placeholder=&quot;Nhập bình luận của bạn.&quot;/&gt;        &lt;div class=&quot;bottom-input&quot;&gt;            &lt;span class=&quot;note-send-success&quot;&gt; &lt;i class=&quot;fa fa-check-square-o&quot;/&gt;  Bình luận của đã được gửi thành công, vui lòng chờ xử lý.&lt;/span&gt;            &lt;a class=&quot;btn-blue&quot; href=&quot;javascript:void(0)&quot; id=&quot;cmd_send_rev_comment&quot; onclick=&quot;SendRevComment()&quot;&gt;Gửi&lt;/a&gt;        &lt;/div&gt;        &lt;div class=&quot;user-comment user-rev&quot;&gt;            &lt;div class=&quot;user-comment-info&quot;&gt;                &lt;span class=&quot;cookie_name&quot;&gt;Sonnv&lt;/span&gt;                &lt;span class=&quot;change&quot; onclick=&quot;ChangeUserInfoCookie()&quot;&gt;(Thay đổi)&lt;/span&gt;            &lt;/div&gt;            &lt;label class=&quot;lb-rev-error&quot;&gt;Vui lòng nhập bình luận của bạn.&lt;/label&gt;        &lt;/div&gt;    &lt;/div&gt;" SourceIndex="1914" TextLen="19" order="31" xPath="/#document/html/body/div[7]/div[1]/div[1]/div[1]/div[0]/div[0]/div[0]/div[1]/div[2]/div[0]/div[1]/span[0]/#text"/>
<LayoutNode BgColor="#ffffff" ContainImg="0" ContainP="0" ContainTable="false" DOMCldNum="5" DoC="7" FontSize="13" FontWeight="normal" FrameSourceIndex="0" ID="1-20" IsImg="false" LinkNum="0" LinkTextLen="0" ObjectRectHeight="25" ObjectRectLeft="0" ObjectRectTop="3680" ObjectRectWidth="1420" SourceIndex="2071" TextLen="32" order="32">
<LayoutNode BgColor="#ffffff" ContainImg="0" ContainP="0" ContainTable="false" Content="BĐS thuộc dự án " DOMCldNum="5" DoC="8" FontSize="13" FontWeight="normal" FrameSourceIndex="0" ID="1-20-1" IsImg="false" LinkNum="0" LinkTextLen="0" ObjectRectHeight="25" ObjectRectLeft="0" ObjectRectTop="3680" ObjectRectWidth="301" SRC="&lt;li&gt;                        &lt;button class=&quot;tab-product&quot; id=&quot;ProductDefaultOpen&quot; onclick=&quot;openTab(event, 'TabRelated01', 'tab-product', 'panel-product')&quot;&gt;BĐS thuộc dự án&lt;/button&gt;                    &lt;/li&gt;" SourceIndex="2073" TextLen="15" order="33" xPath="/#document/html/body/div[7]/div[5]/div[0]/div[0]/ul[0]/li[0]/button[0]/#text"/>
<LayoutNode BgColor="#ffffff" ContainImg="0" ContainP="0" ContainTable="false" Content="BĐS thuộc khu vực " DOMCldNum="5" DoC="8" FontSize="13" FontWeight="normal" FrameSourceIndex="0" ID="1-20-2" IsImg="false" LinkNum="0" LinkTextLen="0" ObjectRectHeight="25" ObjectRectLeft="381" ObjectRectTop="3680" ObjectRectWidth="1039" SRC="&lt;li&gt;                        &lt;button class=&quot;tab-product&quot; onclick=&quot;openTab(event, 'TabRelated02', 'tab-product', 'panel-product')&quot;&gt;BĐS thuộc khu vực&lt;/button&gt;                    &lt;/li&gt;" SourceIndex="2079" TextLen="17" order="34" xPath="/#document/html/body/div[7]/div[5]/div[0]/div[0]/ul[1]/li[0]/button[0]/#text"/>
</LayoutNode>
<LayoutNode BgColor="#ffffff" ContainImg="2" ContainP="0" ContainTable="false" Content="10.7 km 7.2 Tỷ 120 m2 Kim Hạnh Chat ngay " DOMCldNum="3" DoC="8" FontSize="13" FontWeight="normal" FrameSourceIndex="0" ID="1-21" IsImg="false" LinkNum="2" LinkTextLen="75" ObjectRectHeight="400" ObjectRectLeft="0" ObjectRectTop="3744" ObjectRectWidth="1420" SRC="&lt;div class=&quot;item border-radius-5px &quot;&gt;                    &lt;div class=&quot;thumb-image&quot;&gt;                        &lt;a href=&quot;ban-san-thuong-mai-chung-cu-hyundai-hillstate-can-goc-120m2-gia-72-ty-es1166086&quot; title=&quot;Bán sàn thương mại chung cư Hyundai Hillstate, căn góc 120m2 giá 7,2 tỷ&quot;&gt;                                &lt;img alt=&quot;Bán sàn thương mại chung cư Hyundai Hillstate, căn góc 120m2 giá 7,2 tỷ&quot; class=&quot;lazy&quot; data-src=&quot;https://img.homedy.com/store/images/2019/12/19/73075679-2641652912556741-1836787689492316160-o-637123635273925910.jpg_200x200.jpg&quot;/&gt;                            &lt;div class=&quot;bg-opacity&quot;/&gt;                        &lt;/a&gt;                        &lt;a class=&quot;cmd_save_to_wishlist&quot; data-favorite=&quot;1166086&quot; data-isstatus=&quot;0&quot; data-productid=&quot;1166086&quot; data-producttype=&quot;2&quot; href=&quot;javascript:void(0)&quot; title=&quot;Yêu thích&quot;&gt;                            &lt;div class=&quot;folow&quot;/&gt;                        &lt;/a&gt;                        &lt;div class=&quot;distance&quot;&gt;&lt;span class=&quot;ic-distance&quot;/&gt; &lt;span class=&quot;number&quot;&gt;10.7 km&lt;/span&gt;&lt;/div&gt;                        &lt;div class=&quot;status&quot;/&gt;                    &lt;/div&gt;                    &lt;div class=&quot;p-info&quot;&gt;                        &lt;a href=&quot;ban-san-thuong-mai-chung-cu-hyundai-hillstate-can-goc-120m2-gia-72-ty-es1166086&quot; title=&quot;Bán sàn thương mại chung cư Hyundai Hillstate, căn góc 120m2 giá 7,2 tỷ&quot;&gt;                            &lt;span class=&quot;hoz-box-title p-info-title&quot;&gt;Bán sàn thương mại chung cư Hyundai Hillstate, căn góc 120m2 giá 7,2 tỷ&lt;/span&gt;                        &lt;/a&gt;                        &lt;div class=&quot;hoz-box-address p-info-address&quot;&gt;Đường Tô Hiệu, Phường Hà Cầu, Quận Hà Đông, Hà Nội&lt;/div&gt;                    &lt;/div&gt;                    &lt;div class=&quot;product-price&quot;&gt;                        &lt;div class=&quot;price&quot;&gt;                                &lt;span id=&quot;p_price_number&quot; title=&quot;7.2 Tỷ&quot;&gt;7.2 Tỷ&lt;/span&gt;                        &lt;/div&gt;                        &lt;div class=&quot;acreage&quot;&gt;&lt;span id=&quot;p_acreage_number&quot;&gt;120&lt;/span&gt; m2&lt;/div&gt;                    &lt;/div&gt;                        &lt;div class=&quot;info-agency&quot;&gt;                            &lt;div class=&quot;general&quot;&gt;                                &lt;a href=&quot;thong-tin-kim-hanh-ag99904&quot; title=&quot;Kim Hạnh&quot;&gt;                                    &lt;div class=&quot;avatar basic&quot;&gt;                                        &lt;img src=&quot;https://static.homedy.com/src/images/broker_small.jpg&quot;/&gt;                                    &lt;/div&gt;                                    &lt;div class=&quot;fullname&quot;&gt;Kim Hạnh&lt;/div&gt;                                &lt;/a&gt;                            &lt;/div&gt;                            &lt;div class=&quot;compare&quot;&gt;                                &lt;div class=&quot;btn btn-list-chat chat-counter&quot; data-pid=&quot;1166086&quot; data-type=&quot;2&quot; onclick=&quot;ChatFromMannager('yywtkt', '0982103300', 'Kim Hạnh', 'https://static.homedy.com/src/images/broker.jpg')&quot; title=&quot;chat với người đăng tin&quot;&gt;                                    &lt;div class=&quot;center&quot;&gt;Chat ngay&lt;/div&gt;                                &lt;/div&gt;                            &lt;/div&gt;                        &lt;/div&gt;                &lt;/div&gt;" SourceIndex="2098" TextLen="152" order="35" xPath="/XPspan"/>
<LayoutNode BgColor="#ffffff" ContainImg="0" ContainP="1" ContainTable="false" Content="Xem thêm " DOMCldNum="7" DoC="8" FontSize="13" FontWeight="normal" FrameSourceIndex="0" ID="1-22" IsImg="false" LinkNum="1" LinkTextLen="8" ObjectRectHeight="20" ObjectRectLeft="0" ObjectRectTop="4160" ObjectRectWidth="1420" SRC="&lt;p class=&quot;read-more&quot;&gt;&lt;a href=&quot;https://homedy.com/ban-bat-dong-san-khac-hyundai-hillstate&quot; title=&quot;Bán Bất động sản khác  Hyundai Hillstate&quot;&gt;Xem thêm&lt;/a&gt;&lt;/p&gt;" SourceIndex="2178" TextLen="8" order="36" xPath="/#document/html/body/div[7]/div[5]/div[0]/div[1]/div[0]/div[0]/div[2]/p[0]/a[0]/#text"/>
<LayoutNode BgColor="#ffffff" ContainImg="6" ContainP="0" ContainTable="false" Content="12.6 km 1.19 Tỷ 30 m2 Phạm Trang Chat ngay 12.6 km 1.19 Tỷ 31 m2 Phạm Chat ngay 12.6 km 1.2 Tỷ 61 m2 Phạm Trang Chat ngay " DOMCldNum="17" DoC="8" FontSize="13" FontWeight="normal" FrameSourceIndex="0" ID="1-23" IsImg="false" LinkNum="6" LinkTextLen="244" ObjectRectHeight="400" ObjectRectLeft="0" ObjectRectTop="4206" ObjectRectWidth="1420" SRC="&lt;div class=&quot;item border-radius-5px color-red&quot;&gt;                    &lt;div class=&quot;thumb-image&quot;&gt;                        &lt;a href=&quot;ban-nha-3-tang-so-do-chinh-chu-moi-xay-chi-119-ty-tai-trung-tam-thanh-pho-moi-ha-dong-es640200&quot; title=&quot;Bán nhà 3 tầng sổ đỏ chính chủ mới xây chỉ 1,19 tỷ tại trung tâm thành phố mới Hà Đông&quot;&gt;                                &lt;img alt=&quot;Bán nhà 3 tầng sổ đỏ chính chủ mới xây chỉ 1,19 tỷ tại trung tâm thành phố mới Hà Đông&quot; class=&quot;lazy&quot; data-src=&quot;https://img.homedy.com/store/images/2019/07/10/a-7-636983547809018824.jpg_200x200.jpg&quot;/&gt;                            &lt;div class=&quot;bg-opacity&quot;/&gt;                        &lt;/a&gt;                        &lt;a class=&quot;cmd_save_to_wishlist&quot; data-favorite=&quot;640200&quot; data-isstatus=&quot;0&quot; data-productid=&quot;640200&quot; data-producttype=&quot;2&quot; href=&quot;javascript:void(0)&quot; title=&quot;Yêu thích&quot;&gt;                            &lt;div class=&quot;folow&quot;/&gt;                        &lt;/a&gt;                        &lt;div class=&quot;distance&quot;&gt;&lt;span class=&quot;ic-distance&quot;/&gt; &lt;span class=&quot;number&quot;&gt;12.6 km&lt;/span&gt;&lt;/div&gt;                        &lt;div class=&quot;status&quot;/&gt;                    &lt;/div&gt;                    &lt;div class=&quot;p-info&quot;&gt;                        &lt;a href=&quot;ban-nha-3-tang-so-do-chinh-chu-moi-xay-chi-119-ty-tai-trung-tam-thanh-pho-moi-ha-dong-es640200&quot; title=&quot;Bán nhà 3 tầng sổ đỏ chính chủ mới xây chỉ 1,19 tỷ tại trung tâm thành phố mới Hà Đông&quot;&gt;                            &lt;span class=&quot;hoz-box-title p-info-title&quot;&gt;Bán nhà 3 tầng sổ đỏ chính chủ mới xây chỉ 1,19 tỷ tại trung tâm thành phố mới Hà Đông&lt;/span&gt;                        &lt;/a&gt;                        &lt;div class=&quot;hoz-box-address p-info-address&quot;&gt;Dương Nội, Hà Đông, Hà Nội&lt;/div&gt;                    &lt;/div&gt;                    &lt;div class=&quot;product-price&quot;&gt;                        &lt;div class=&quot;price&quot;&gt;                                &lt;span id=&quot;p_price_number&quot; title=&quot;1.19 Tỷ&quot;&gt;1.19 Tỷ&lt;/span&gt;                        &lt;/div&gt;                        &lt;div class=&quot;acreage&quot;&gt;&lt;span id=&quot;p_acreage_number&quot;&gt;30&lt;/span&gt; m2&lt;/div&gt;                    &lt;/div&gt;                        &lt;div class=&quot;info-agency&quot;&gt;                            &lt;div class=&quot;general&quot;&gt;                                &lt;a href=&quot;thong-tin-pham-trang-ag3663&quot; title=&quot;Phạm Trang&quot;&gt;                                    &lt;div class=&quot;avatar basic&quot;&gt;                                        &lt;img src=&quot;https://img.homedy.com/store/images/2019/07/10/a-7-636983555829149483.jpg_44x44.jpg&quot;/&gt;                                    &lt;/div&gt;                                    &lt;div class=&quot;fullname&quot;&gt;Phạm Trang&lt;/div&gt;                                &lt;/a&gt;                            &lt;/div&gt;                            &lt;div class=&quot;compare&quot;&gt;                                &lt;div class=&quot;btn btn-list-chat chat-counter&quot; data-pid=&quot;640200&quot; data-type=&quot;2&quot; onclick=&quot;ChatFromMannager('trolyvietmark@gmail.com', '0934535030', 'Phạm Trang', 'https://img.homedy.com/store/images/2019/07/10/a-7-636983555829149483.jpg_44x44.jpg')&quot; title=&quot;chat với người đăng tin&quot;&gt;                                    &lt;div class=&quot;center&quot;&gt;Chat ngay&lt;/div&gt;                                &lt;/div&gt;                            &lt;/div&gt;                        &lt;/div&gt;                &lt;/div&gt;&lt;div class=&quot;item border-radius-5px &quot;&gt;                    &lt;div class=&quot;thumb-image&quot;&gt;                        &lt;a href=&quot;ban-nha-so-do-chinh-chu-xay-moi-3-tang-chi-1-ty-190-trieu-tai-trung-tam-thanh-pho-moi-ha-dong-es674270&quot; title=&quot;Bán nhà sổ đỏ chính chủ xây mới, 3 tầng chỉ 1 tỷ 190 triệu tại trung tâm thành phố mới Hà Đông&quot;&gt;                                &lt;img alt=&quot;Bán nhà sổ đỏ chính chủ xây mới, 3 tầng chỉ 1 tỷ 190 triệu tại trung tâm thành phố mới Hà Đông&quot; class=&quot;lazy&quot; data-src=&quot;https://img.homedy.com/store/images/2019/07/29/a-7-636999995723130618.jpg_200x200.jpg&quot;/&gt;                            &lt;div class=&quot;bg-opacity&quot;/&gt;                        &lt;/a&gt;                        &lt;a class=&quot;cmd_save_to_wishlist&quot; data-favorite=&quot;674270&quot; data-isstatus=&quot;0&quot; data-productid=&quot;674270&quot; data-producttype=&quot;2&quot; href=&quot;javascript:void(0)&quot; title=&quot;Yêu thích&quot;&gt;                            &lt;div class=&quot;folow&quot;/&gt;                        &lt;/a&gt;                        &lt;div class=&quot;distance&quot;&gt;&lt;span class=&quot;ic-distance&quot;/&gt; &lt;span class=&quot;number&quot;&gt;12.6 km&lt;/span&gt;&lt;/div&gt;                        &lt;div class=&quot;status&quot;/&gt;                    &lt;/div&gt;                    &lt;div class=&quot;p-info&quot;&gt;                        &lt;a href=&quot;ban-nha-so-do-chinh-chu-xay-moi-3-tang-chi-1-ty-190-trieu-tai-trung-tam-thanh-pho-moi-ha-dong-es674270&quot; title=&quot;Bán nhà sổ đỏ chính chủ xây mới, 3 tầng chỉ 1 tỷ 190 triệu tại trung tâm thành phố mới Hà Đông&quot;&gt;                            &lt;span class=&quot;hoz-box-title p-info-title&quot;&gt;Bán nhà sổ đỏ chính chủ xây mới, 3 tầng chỉ 1 tỷ 190 triệu tại trung tâm thành phố mới Hà Đông&lt;/span&gt;                        &lt;/a&gt;                        &lt;div class=&quot;hoz-box-address p-info-address&quot;&gt;Dương Nội, Hà Đông, Hà Nội&lt;/div&gt;                    &lt;/div&gt;                    &lt;div class=&quot;product-price&quot;&gt;                        &lt;div class=&quot;price&quot;&gt;                                &lt;span id=&quot;p_price_number&quot; title=&quot;1.19 Tỷ&quot;&gt;1.19 Tỷ&lt;/span&gt;                        &lt;/div&gt;                        &lt;div class=&quot;acreage&quot;&gt;&lt;span id=&quot;p_acreage_number&quot;&gt;31&lt;/span&gt; m2&lt;/div&gt;                    &lt;/div&gt;                        &lt;div class=&quot;info-agency&quot;&gt;                            &lt;div class=&quot;general&quot;&gt;                                &lt;a href=&quot;thong-tin-pham-ag84037&quot; title=&quot;Phạm&quot;&gt;                                    &lt;div class=&quot;avatar basic&quot;&gt;                                        &lt;img src=&quot;https://img.homedy.com/store/images/2018/12/24/1 (1).jpg_44x44.jpg&quot;/&gt;                                    &lt;/div&gt;                                    &lt;div class=&quot;fullname&quot;&gt;Phạm&lt;/div&gt;                                &lt;/a&gt;                            &lt;/div&gt;                            &lt;div class=&quot;compare&quot;&gt;                                &lt;div class=&quot;btn btn-list-chat chat-counter&quot; data-pid=&quot;674270&quot; data-type=&quot;2&quot; onclick=&quot;ChatFromMannager('jumzet', '0969978480', 'Phạm', 'https://img.homedy.com/store/images/2018/12/24/1 (1).jpg_44x44.jpg')&quot; title=&quot;chat với người đăng tin&quot;&gt;                                    &lt;div class=&quot;center&quot;&gt;Chat ngay&lt;/div&gt;                                &lt;/div&gt;                            &lt;/div&gt;                        &lt;/div&gt;                &lt;/div&gt;&lt;div class=&quot;item border-radius-5px &quot;&gt;                    &lt;div class=&quot;thumb-image&quot;&gt;                        &lt;a href=&quot;nha-3-tang-so-do-moi-xay-gia-12-ty-o-quan-ha-dong-es643706&quot; title=&quot;Nhà 3 tầng sổ đỏ mới xây giá 1,2 tỷ ở quận Hà Đông &quot;&gt;                                &lt;img alt=&quot;Nhà 3 tầng sổ đỏ mới xây giá 1,2 tỷ ở quận Hà Đông &quot; class=&quot;lazy&quot; data-src=&quot;https://img.homedy.com/store/images/2018/09/27/14-636736660808794007.jpg_200x200.jpg&quot;/&gt;                            &lt;div class=&quot;bg-opacity&quot;/&gt;                        &lt;/a&gt;                        &lt;a class=&quot;cmd_save_to_wishlist&quot; data-favorite=&quot;643706&quot; data-isstatus=&quot;0&quot; data-productid=&quot;643706&quot; data-producttype=&quot;2&quot; href=&quot;javascript:void(0)&quot; title=&quot;Yêu thích&quot;&gt;                            &lt;div class=&quot;folow&quot;/&gt;                        &lt;/a&gt;                        &lt;div class=&quot;distance&quot;&gt;&lt;span class=&quot;ic-distance&quot;/&gt; &lt;span class=&quot;number&quot;&gt;12.6 km&lt;/span&gt;&lt;/div&gt;                        &lt;div class=&quot;status&quot;/&gt;                    &lt;/div&gt;                    &lt;div class=&quot;p-info&quot;&gt;                        &lt;a href=&quot;nha-3-tang-so-do-moi-xay-gia-12-ty-o-quan-ha-dong-es643706&quot; title=&quot;Nhà 3 tầng sổ đỏ mới xây giá 1,2 tỷ ở quận Hà Đông &quot;&gt;                            &lt;span class=&quot;hoz-box-title p-info-title&quot;&gt;Nhà 3 tầng sổ đỏ mới xây giá 1,2 tỷ ở quận Hà Đông &lt;/span&gt;                        &lt;/a&gt;                        &lt;div class=&quot;hoz-box-address p-info-address&quot;&gt;Dương Nội, Hà Đông, Hà Nội&lt;/div&gt;                    &lt;/div&gt;                    &lt;div class=&quot;product-price&quot;&gt;                        &lt;div class=&quot;price&quot;&gt;                                &lt;span id=&quot;p_price_number&quot; title=&quot;1.2 Tỷ&quot;&gt;1.2 Tỷ&lt;/span&gt;                        &lt;/div&gt;                        &lt;div class=&quot;acreage&quot;&gt;&lt;span id=&quot;p_acreage_number&quot;&gt;61&lt;/span&gt; m2&lt;/div&gt;                    &lt;/div&gt;                        &lt;div class=&quot;info-agency&quot;&gt;                            &lt;div class=&quot;general&quot;&gt;                                &lt;a href=&quot;thong-tin-pham-trang-ag3663&quot; title=&quot;Phạm Trang&quot;&gt;                                    &lt;div class=&quot;avatar basic&quot;&gt;                                        &lt;img src=&quot;https://img.homedy.com/store/images/2019/07/10/a-7-636983555829149483.jpg_44x44.jpg&quot;/&gt;                                    &lt;/div&gt;                                    &lt;div class=&quot;fullname&quot;&gt;Phạm Trang&lt;/div&gt;                                &lt;/a&gt;                            &lt;/div&gt;                            &lt;div class=&quot;compare&quot;&gt;                                &lt;div class=&quot;btn btn-list-chat chat-counter&quot; data-pid=&quot;643706&quot; data-type=&quot;2&quot; onclick=&quot;ChatFromMannager('trolyvietmark@gmail.com', '0934535030', 'Phạm Trang', 'https://img.homedy.com/store/images/2019/07/10/a-7-636983555829149483.jpg_44x44.jpg')&quot; title=&quot;chat với người đăng tin&quot;&gt;                                    &lt;div class=&quot;center&quot;&gt;Chat ngay&lt;/div&gt;                                &lt;/div&gt;                            &lt;/div&gt;                        &lt;/div&gt;                &lt;/div&gt;" SourceIndex="2192" TextLen="405" order="37" xPath="/XPspan"/>
<LayoutNode BgColor="#ffffff" ContainImg="0" ContainP="1" ContainTable="false" Content="Xem thêm " DOMCldNum="7" DoC="8" FontSize="13" FontWeight="normal" FrameSourceIndex="0" ID="1-24" IsImg="false" LinkNum="1" LinkTextLen="8" ObjectRectHeight="20" ObjectRectLeft="0" ObjectRectTop="4622" ObjectRectWidth="1420" SRC="&lt;p class=&quot;read-more&quot;&gt;&lt;a href=&quot;https://homedy.com/ban-nha-dat-quan-ha-dong-ha-noi&quot; title=&quot;Bán Nhà đất tại Quận Hà Đông, Hà Nội&quot;&gt;Xem thêm&lt;/a&gt;&lt;/p&gt;" SourceIndex="2820" TextLen="8" order="38" xPath="/#document/html/body/div[7]/div[5]/div[0]/div[1]/div[1]/div[0]/div[2]/p[0]/a[0]/#text"/>
<LayoutNode BgColor="#ffffff" ContainImg="0" ContainP="0" ContainTable="false" Content="Chat trực tuyến Danh sách tin nhắn " DOMCldNum="47" DoC="5" FontSize="13" FontWeight="normal" FrameSourceIndex="0" ID="1-25" IsImg="false" LinkNum="0" LinkTextLen="0" ObjectRectHeight="40" ObjectRectLeft="0" ObjectRectTop="4678" ObjectRectWidth="1420" SRC="&lt;div class=&quot;box-list&quot; id=&quot;ListMember&quot; style=&quot;z-index:99999;&quot;&gt;    &lt;form id=&quot;form1&quot;&gt;        &lt;div class=&quot;title&quot;&gt;            &lt;div class=&quot;name&quot;&gt;Chat trực tuyến&lt;/div&gt;            &lt;div class=&quot;sub&quot;&gt;Danh sách tin nhắn&lt;/div&gt;            &lt;div class=&quot;minimize&quot; onclick=&quot;Minimizebutton(this)&quot;&gt;&lt;span class=&quot;ic ic-arrow-down&quot;/&gt;&lt;/div&gt;        &lt;/div&gt;        &lt;!-- List member --&gt;        &lt;div class=&quot;content&quot; id=&quot;chat_box&quot;&gt;            &lt;ul class=&quot;scroll-style-2&quot;/&gt;        &lt;/div&gt;        &lt;div id=&quot;chat_div&quot;/&gt;        &lt;input id=&quot;hdUserName&quot; type=&quot;hidden&quot;/&gt;        &lt;input id=&quot;hdnCurrentUserName&quot; type=&quot;hidden&quot; value=&quot;&quot;/&gt;        &lt;input id=&quot;hdnCurrentAvatar&quot; type=&quot;hidden&quot; value=&quot;&quot;/&gt;        &lt;input id=&quot;hdnCurrentMobile&quot; type=&quot;hidden&quot; value=&quot;&quot;/&gt;        &lt;input id=&quot;hdnCurrentEmail&quot; type=&quot;hidden&quot; value=&quot;&quot;/&gt;        &lt;input id=&quot;hdnCurrentFullName&quot; type=&quot;hidden&quot; value=&quot;&quot;/&gt;        &lt;input id=&quot;hdnCurrentManager&quot; type=&quot;hidden&quot; value=&quot;&quot;/&gt;        &lt;input id=&quot;hdnCurrentType&quot; type=&quot;hidden&quot; value=&quot;&quot;/&gt;        &lt;input id=&quot;hdnCurrentSystem&quot; type=&quot;hidden&quot; value=&quot;&quot;/&gt;        &lt;input id=&quot;TypeProduct&quot; type=&quot;hidden&quot; value=&quot;&quot;/&gt;        &lt;input id=&quot;CheckLogout&quot; type=&quot;hidden&quot; value=&quot;&quot;/&gt;    &lt;/form&gt;&lt;/div&gt;" SourceIndex="2852" TextLen="33" order="39" xPath="/#document/html/body/div[13]/div[0]/form[14]/input"/>
<LayoutNode BgColor="#ffffff" ContainImg="1" ContainP="2" ContainTable="false" Content="VỀ HOMEDY.COM Giới thiệu Báo chí nói về Homedy Tuyển dụng Quy chế hoạt động Bảo mật thông tin Góp ý Trợ giúp TÀI KHOẢN Đăng ký Đăng nhập Đăng tin mới Tin tức Báo giá truyền thông BĐS Chương trình Khuyến mại - HOT Chương trình Happy Homedy - HOT Liên kết MyHomedy - Ý tưởng thiết kế Jamja - Web giảm giá Cooky - Nấu ngon mỗi ngày TopCV - Việc làm chất Hỗ trợ Số điện thoại: 0788.267.268 Email: contact@homedy.com KẾT NỐI VỚI CHÚNG TÔI Về Homedy.com TẢI ỨNG DỤNG TRÊN ĐIỆN THOẠI App Store Google Play © 2020 - Bản quyền của Công ty TNHH Homedy - Địa chỉ: Tầng 3, Toà A, Imperia Garden, 203 Nguyễn Huy Tưởng, Quận Thanh Xuân, Hà Nội. - Điện thoại: 0788.267.268 Công ty TNHH Homedy. Số GCNDT: 0106951559, Ngày cấp: 26/08/2015, Nơi cấp: Sở Kế hoạch và Đầu tư Thành Phố Hà Nội. Người đại diện: ông Nguyễn Bá Đức. © 2020 - Bản quyền của Công ty TNHH Homedy - Hotline: 0788.267.268 " DOMCldNum="3" DoC="8" FontSize="13" FontWeight="normal" FrameSourceIndex="0" ID="1-26" IsImg="false" LinkNum="27" LinkTextLen="350" ObjectRectHeight="474" ObjectRectLeft="0" ObjectRectTop="4775" ObjectRectWidth="1420" SRC="&lt;div class=&quot;container&quot;&gt;            &lt;div class=&quot;content&quot;&gt;                &lt;div class=&quot;col-sm-3&quot;&gt;                    &lt;div class=&quot;title&quot;&gt;VỀ HOMEDY.COM&lt;/div&gt;                    &lt;ul&gt;                        &lt;li&gt;                            &lt;a href=&quot;/gioi-thieu&quot; rel=&quot;nofollow&quot; title=&quot;Giới thiệu&quot;&gt;Giới thiệu&lt;/a&gt;                        &lt;/li&gt;                        &lt;li&gt;                            &lt;a href=&quot;/bao-chi-noi-ve-homedy&quot; rel=&quot;nofollow&quot; title=&quot;Báo chí nói về Homedy&quot;&gt;Báo chí nói về Homedy&lt;/a&gt;                        &lt;/li&gt;                        &lt;li&gt;                            &lt;a href=&quot;/tuyen-dung&quot; rel=&quot;nofollow&quot; title=&quot;Tuyển dụng&quot;&gt;Tuyển dụng&lt;/a&gt;                        &lt;/li&gt;                        &lt;li&gt;                            &lt;a href=&quot;/quy-che-hoat-dong&quot; rel=&quot;nofollow&quot; title=&quot;Quy chế hoạt động&quot;&gt;Quy chế hoạt động&lt;/a&gt;                        &lt;/li&gt;                        &lt;li&gt;                            &lt;a href=&quot;/bao-mat-thong-tin&quot; rel=&quot;nofollow&quot; title=&quot;Bảo mật thông tin&quot;&gt;Bảo mật thông tin&lt;/a&gt;                        &lt;/li&gt;                        &lt;li&gt;                            &lt;a href=&quot;/gop-y&quot; rel=&quot;nofollow&quot; title=&quot;Góp ý&quot;&gt;Góp ý&lt;/a&gt;                        &lt;/li&gt;                        &lt;li&gt;                            &lt;a href=&quot;/tro-giup&quot; rel=&quot;nofollow&quot; title=&quot;Trợ giúp&quot;&gt;Trợ giúp&lt;/a&gt;                        &lt;/li&gt;                    &lt;/ul&gt;                &lt;/div&gt;                &lt;div class=&quot;col-sm-3&quot;&gt;                    &lt;div class=&quot;title&quot;&gt;TÀI KHOẢN&lt;/div&gt;                    &lt;ul&gt;                        &lt;li&gt;                            &lt;a href=&quot;/Account/Register&quot; rel=&quot;nofollow&quot; title=&quot;Đăng ký&quot;&gt;Đăng ký&lt;/a&gt;                        &lt;/li&gt;                        &lt;li&gt;                            &lt;a href=&quot;/Account/Login&quot; rel=&quot;nofollow&quot; title=&quot;Đăng nhập&quot;&gt;Đăng nhập&lt;/a&gt;                        &lt;/li&gt;                        &lt;li&gt;                            &lt;a href=&quot;/Account/Login&quot; rel=&quot;nofollow&quot; title=&quot;Đăng tin mới&quot;&gt;Đăng tin mới&lt;/a&gt;                        &lt;/li&gt;                        &lt;li&gt;                            &lt;a href=&quot;https://homedy.com/news&quot; target=&quot;_blank&quot; title=&quot;Tin tức thị trường bất động sản hiện nay, cẩm nang nhà đẹp&quot;&gt;Tin tức&lt;/a&gt;                        &lt;/li&gt;                        &lt;li&gt;                            &lt;a href=&quot;/ld/bao-gia-truyen-thong-bds/&quot; rel=&quot;nofollow&quot; target=&quot;_blank&quot; title=&quot;Báo giá truyền thông BĐS Homedy&quot;&gt;Báo giá truyền thông BĐS&lt;/a&gt;                        &lt;/li&gt;                        &lt;li&gt;                            &lt;a href=&quot;/ld/chuong-trinh-khuyen-mai/&quot; rel=&quot;nofollow&quot; target=&quot;_blank&quot; title=&quot;Chương trình khuyến mại&quot;&gt;Chương trình Khuyến mại - &lt;b style=&quot;color: #ff0000&quot;&gt;HOT&lt;/b&gt;&lt;/a&gt;                        &lt;/li&gt;                        &lt;li&gt;                            &lt;a href=&quot;/chuong-trinh-happy-homedy&quot; rel=&quot;nofollow&quot; target=&quot;_blank&quot; title=&quot;Chương trình Happy Homedy&quot;&gt;Chương trình Happy Homedy - &lt;b style=&quot;color: #ff0000&quot;&gt;HOT&lt;/b&gt;&lt;/a&gt;                        &lt;/li&gt;                    &lt;/ul&gt;                &lt;/div&gt;                &lt;div class=&quot;col-sm-3&quot;&gt;                    &lt;div class=&quot;title&quot;&gt;Liên kết&lt;/div&gt;                    &lt;ul class=&quot;connective&quot;&gt;                        &lt;li&gt;&lt;a href=&quot;https://my.homedy.com&quot; rel=&quot;dofollow&quot; target=&quot;_blank&quot; title=&quot;MyHomedy - Ý tưởng thiết kế&quot;&gt;MyHomedy - Ý tưởng thiết kế&lt;/a&gt;&lt;/li&gt;                        &lt;li&gt;&lt;a href=&quot;https://jamja.vn&quot; rel=&quot;nofollow&quot; target=&quot;_blank&quot; title=&quot;Jamja - Web giảm giá&quot;&gt;Jamja - Web giảm giá&lt;/a&gt;&lt;/li&gt;                        &lt;li&gt;&lt;a href=&quot;https://www.cooky.vn&quot; rel=&quot;nofollow&quot; target=&quot;_blank&quot; title=&quot;Cooky - Nấu ngon mỗi ngày&quot;&gt;Cooky - Nấu ngon mỗi ngày&lt;/a&gt;&lt;/li&gt;                        &lt;li&gt;&lt;a href=&quot;https://www.topcv.vn&quot; rel=&quot;nofollow&quot; target=&quot;_blank&quot; title=&quot;TopCV - Việc làm chất&quot;&gt;TopCV - Việc làm chất&lt;/a&gt;&lt;/li&gt;                        &lt;li&gt;                            &lt;div class=&quot;hepl-contact&quot;&gt;                                &lt;div class=&quot;title&quot;&gt;Hỗ trợ&lt;/div&gt;                                &lt;p class=&quot;&quot;&gt;                                    &lt;/p&gt;&lt;div&gt;                                        &lt;span&gt;Số điện thoại: &lt;/span&gt;                                        &lt;a href=&quot;tel:0788267268&quot; rel=&quot;nofollow&quot;&gt;0788.267.268&lt;/a&gt;                                    &lt;/div&gt;                                    &lt;div&gt;                                        &lt;span&gt;Email: &lt;/span&gt;                                        &lt;a href=&quot;mailto:contact@homedy.com&quot; rel=&quot;nofollow&quot;&gt;contact@homedy.com&lt;/a&gt;                                    &lt;/div&gt;                                &lt;p/&gt;                            &lt;/div&gt;                        &lt;/li&gt;                    &lt;/ul&gt;                &lt;/div&gt;                &lt;div class=&quot;col-sm-3&quot;&gt;                    &lt;div class=&quot;title title-social&quot;&gt;KẾT NỐI VỚI CHÚNG TÔI&lt;/div&gt;                    &lt;div class=&quot;title title-about-mb&quot;&gt;Về Homedy.com&lt;/div&gt;                    &lt;ul&gt;                        &lt;li&gt;                            &lt;div class=&quot;social-network&quot;&gt;                                &lt;div class=&quot;social facebook&quot;&gt;&lt;a href=&quot;https://www.facebook.com/homedycom/&quot; rel=&quot;nofollow&quot; target=&quot;_blank&quot; title=&quot;Homedy.com Facebook&quot;/&gt;&lt;/div&gt;                                &lt;div class=&quot;social google-plus&quot;&gt;&lt;a href=&quot;https://plus.google.com/u/2/102826582580949877391&quot; rel=&quot;nofollow&quot; target=&quot;_blank&quot; title=&quot;Homedy.com  Google Plus&quot;/&gt; &lt;/div&gt;                                &lt;div class=&quot;social linkedin&quot;&gt;&lt;a href=&quot;http://www.linkedin.com/company/homedy-com&quot; rel=&quot;nofollow&quot; target=&quot;_blank&quot; title=&quot;Homedy.com LinkedIn&quot;/&gt;&lt;/div&gt;                                &lt;div class=&quot;social youtube&quot;&gt;&lt;a href=&quot;https://www.youtube.com/channel/UCWiqxSzDiGYswvcLIPZULfw&quot; rel=&quot;nofollow&quot; target=&quot;_blank&quot; title=&quot;Homedy.com Youtube&quot;/&gt;&lt;/div&gt;                            &lt;/div&gt;                        &lt;/li&gt;                        &lt;li style=&quot;margin-top:16px&quot;&gt;                            &lt;div class=&quot;title&quot;&gt;                                TẢI ỨNG DỤNG TRÊN ĐIỆN THOẠI                            &lt;/div&gt;                            &lt;div class=&quot;url-app-mobile&quot;&gt;                                &lt;div class=&quot;app-store&quot;&gt;                                    &lt;a href=&quot;https://itunes.apple.com/us/app/homedy-app/id1438315559?ls=1&amp;mt=8&quot; rel=&quot;nofollow&quot; target=&quot;_blank&quot;&gt;&lt;i class=&quot;icon icon-apple-store&quot;/&gt;&lt;span&gt; App Store&lt;/span&gt;&lt;/a&gt;                                &lt;/div&gt;                                &lt;div class=&quot;ch-play&quot;&gt;                                    &lt;a href=&quot;https://play.google.com/store/apps/details?id=com.homedyapp.android&quot; rel=&quot;nofollow&quot; target=&quot;_blank&quot;&gt;&lt;i class=&quot;icon icon-google-play&quot;/&gt;&lt;span&gt; Google Play&lt;/span&gt;&lt;/a&gt;                                &lt;/div&gt;                            &lt;/div&gt;                        &lt;/li&gt;                    &lt;/ul&gt;                &lt;/div&gt;            &lt;/div&gt;        &lt;/div&gt;&lt;div class=&quot;container&quot;&gt;            &lt;div class=&quot;content&quot;&gt;                &lt;div class=&quot;about-address&quot;&gt;                    © 2020 - Bản quyền của Công ty TNHH Homedy - Địa chỉ: Tầng 3, Toà A, Imperia Garden, 203 Nguyễn Huy Tưởng, Quận Thanh Xuân, Hà Nội. - Điện thoại: 0788.267.268                    Công ty TNHH Homedy. Số GCNDT: 0106951559, Ngày cấp: 26/08/2015, Nơi cấp: Sở Kế hoạch và Đầu tư Thành Phố Hà Nội. Người đại diện: ông Nguyễn Bá Đức.                &lt;/div&gt;                &lt;div style=&quot;float: right; width: 170px;&quot;&gt;                    &lt;a href=&quot;http://online.gov.vn/HomePage/WebsiteDisplay.aspx?DocId=22557&quot; rel=&quot;nofollow&quot; target=&quot;_blank&quot;&gt;                        &lt;div class=&quot;image-register&quot;&gt;                        &lt;/div&gt;                    &lt;/a&gt;                    &lt;a class=&quot;dmca-badge&quot; href=&quot;//www.dmca.com/Protection/Status.aspx?ID=c7578149-c1b1-4781-81aa-158f74a24920&quot; title=&quot;DMCA.com Protection Status&quot;&gt; &lt;img alt=&quot;DMCA.com Protection Status&quot; class=&quot;lazy&quot; src=&quot;https://images.dmca.com/Badges/dmca-badge-w100-5x1-10.png?ID=c7578149-c1b1-4781-81aa-158f74a24920&quot;/&gt;&lt;/a&gt;                    &lt;script async=&quot;&quot; defer=&quot;&quot; src=&quot;https://images.dmca.com/Badges/DMCABadgeHelper.min.js&quot;/&gt;                &lt;/div&gt;                &lt;div class=&quot;about-address-mb&quot;&gt;                    © 2020 - Bản quyền của Công ty TNHH Homedy - Hotline: &lt;a href=&quot;tel:0788267268&quot; rel=&quot;nofollow&quot;&gt;0788.267.268&lt;/a&gt;                &lt;/div&gt;            &lt;/div&gt;        &lt;/div&gt;" SourceIndex="3038;3265" TextLen="763" order="40" xPath="/#document/html/body/div[22]/div[0]/div[0]/div[0]/div[3]/div[2]/ul[1]/li[1]/div[1]/div[0]/a[1]/span[0]/#text"/>
</LayoutNode>
</VIPSPage>
