<VIPSPage PageRectHeight="980" PageRectLeft="0" PageRectTop="0" PageRectWidth="1420" PageTitle="Cần cho thuê căn hộ Vinhomes Central Park, Bình Thạnh, 2PN  – 80m2 giá 950$ (bao gồm phí quản lí) - Mã tin 4293488" Url="http://123nhadat.vn/raovat-t4293488/cho-thue-nha-rieng-tai-phuong-22/can-ho-vinhomes-central-park-binh-thanh-2pn-80m2-gia-950-bao-gom-phi-quan-li.html" WindowHeight="980" WindowWidth="1420" neworder="0" order="0">
<LayoutNode BgColor="#ffffff" ContainImg="16" ContainP="1" ContainTable="false" DOMCldNum="15" DoC="1" FontSize="13" FontWeight="normal" FrameSourceIndex="0" ID="1" IsImg="false" LinkNum="150" LinkTextLen="2486" ObjectRectHeight="6591" ObjectRectLeft="0" ObjectRectTop="0" ObjectRectWidth="1420" SourceIndex="204" TextLen="8930" order="1">
<LayoutNode BgColor="#ffffff" ContainImg="1" ContainP="0" ContainTable="false" Content=" " DOMCldNum="15" DoC="8" FontSize="13" FontWeight="normal" FrameSourceIndex="0" ID="1-1" IsImg="false" LinkNum="1" LinkTextLen="0" ObjectRectHeight="102" ObjectRectLeft="0" ObjectRectTop="0" ObjectRectWidth="1420" SRC="&lt;div xmlns=&quot;http://www.w3.org/1999/xhtml&quot; class=&quot;logo_banner&quot;&gt;            &lt;div class=&quot;logo&quot;&gt;                &lt;a href=&quot;http://123nhadat.vn/&quot;&gt;&lt;img alt=&quot;&quot; src=&quot;http://123nhadat.vn/uploads/logo_web.png&quot;/&gt;&lt;/a&gt;            &lt;/div&gt;            &lt;div class=&quot;banner&quot; id=&quot;top-banner1&quot;&gt;                &lt;!-- Banner_vertical --&gt;&lt;ins class=&quot;adsbygoogle&quot; data-ad-client=&quot;ca-pub-7688425822787883&quot; data-ad-format=&quot;auto&quot; data-ad-slot=&quot;6087119449&quot; data-full-width-responsive=&quot;true&quot; style=&quot;display:block&quot;/&gt;&lt;script&gt;     (adsbygoogle = window.adsbygoogle || []).push({});&lt;/script&gt;            &lt;/div&gt;        &lt;/div&gt;" SourceIndex="206" TextLen="0" order="2" xPath="/#document/html/body/div[1]/div[0]/div[1]/div[1]/ins"/>
<LayoutNode BgColor="#ffffff" ContainImg="1" ContainP="0" ContainTable="false" Content=" Nhà đất bán Nhà đất cho thuê Tin thị trường Kiến thức Dự án Báo giá dịch vụ Vé máy bay giá rẻ Tìm kiếm Đăng tin bán/ Cho thuê Cần mua/ Cần thuê Đăng ký Đăng nhập var uLogIn = 0; " DOMCldNum="19" DoC="5" FontSize="14" FontWeight="600" FrameSourceIndex="0" ID="1-2" IsImg="false" LinkNum="12" LinkTextLen="142" ObjectRectHeight="85" ObjectRectLeft="0" ObjectRectTop="112" ObjectRectWidth="1420" SRC="&lt;li xmlns=&quot;http://www.w3.org/1999/xhtml&quot; id=&quot;home_link&quot;&gt;&lt;a href=&quot;http://123nhadat.vn/&quot;&gt;&lt;img alt=&quot;icon home&quot; class=&quot;icon_home&quot; src=&quot;http://123nhadat.vn/images/icon_home.png&quot;/&gt;&lt;/a&gt;&lt;span class=&quot;mb_min&quot; onclick=&quot;jPanelMenu.close();&quot;&gt;Đóng lại&lt;/span&gt;&lt;/li&gt;&lt;li xmlns=&quot;http://www.w3.org/1999/xhtml&quot;&gt;&lt;a class=&quot;mbL_nhadat_1&quot; href=&quot;http://123nhadat.vn/raovat-c1/nha-dat-ban&quot;&gt;Nhà đất bán&lt;/a&gt;&lt;span class=&quot;child_mobile_show&quot; onclick=&quot;$('.con_1').toggle();&quot;/&gt;                              &lt;ul class=&quot;con_1&quot;&gt;                                   &lt;li&gt;&lt;a href=&quot;http://123nhadat.vn/raovat-c3/ban-biet-thu-trong-du-an&quot;&gt;Bán biệt thự&lt;/a&gt;&lt;/li&gt;                                   &lt;li&gt;&lt;a href=&quot;http://123nhadat.vn/raovat-c5/ban-dat-nen-du-an&quot;&gt;Bán đất nền dự án&lt;/a&gt;&lt;/li&gt;                                   &lt;li&gt;&lt;a href=&quot;http://123nhadat.vn/raovat-c6/ban-can-ho-chung-cu&quot;&gt;Bán căn hộ chung cư&lt;/a&gt;&lt;/li&gt;                                   &lt;li&gt;&lt;a href=&quot;http://123nhadat.vn/raovat-c8/ban-nha-rieng&quot;&gt;Bán nhà riêng&lt;/a&gt;&lt;/li&gt;                                   &lt;li&gt;&lt;a href=&quot;http://123nhadat.vn/raovat-c9/ban-nha-mat-pho&quot;&gt;Bán nhà mặt phố&lt;/a&gt;&lt;/li&gt;                                   &lt;li&gt;&lt;a href=&quot;http://123nhadat.vn/raovat-c10/ban-nha-phan-lo&quot;&gt;Bán nhà phân lô&lt;/a&gt;&lt;/li&gt;                                   &lt;li&gt;&lt;a href=&quot;http://123nhadat.vn/raovat-c11/ban-dat&quot;&gt;Bán đất&lt;/a&gt;&lt;/li&gt;                                   &lt;li&gt;&lt;a href=&quot;http://123nhadat.vn/raovat-c12/ban-trang-trai-khu-nghi-duong&quot;&gt;Bán trang trại,khu nghỉ dưỡng&lt;/a&gt;&lt;/li&gt;                                   &lt;li&gt;&lt;a href=&quot;http://123nhadat.vn/raovat-c13/ban-kho-nha-xuong&quot;&gt;Bán kho, nhà xưởng&lt;/a&gt;&lt;/li&gt;                                   &lt;li&gt;&lt;a href=&quot;http://123nhadat.vn/raovat-c14/ban-khach-san-nha-nghi&quot;&gt;Bán khách sạn, nhà nghỉ&lt;/a&gt;&lt;/li&gt;                                   &lt;li&gt;&lt;a href=&quot;http://123nhadat.vn/raovat-c15/ban-mat-bang-cua-hang&quot;&gt;Bán mặt bằng, cửa hàng&lt;/a&gt;&lt;/li&gt;                               &lt;/ul&gt;                          &lt;/li&gt;&lt;li xmlns=&quot;http://www.w3.org/1999/xhtml&quot;&gt;&lt;a class=&quot;active&quot; href=&quot;http://123nhadat.vn/raovat-c2/nha-dat-cho-thue&quot;&gt;Nhà đất cho thuê&lt;/a&gt;&lt;span class=&quot;child_mobile_show&quot; onclick=&quot;$('.con_2').toggle();&quot;/&gt;                              &lt;ul class=&quot;con_2&quot;&gt;                                   &lt;li&gt;&lt;a href=&quot;http://123nhadat.vn/raovat-c4/cho-thue-van-phong&quot;&gt;Cho thuê văn phòng&lt;/a&gt;&lt;/li&gt;                                   &lt;li&gt;&lt;a href=&quot;http://123nhadat.vn/raovat-c16/cho-thue-nha-mat-pho&quot;&gt;Cho thuê nhà mặt phố&lt;/a&gt;&lt;/li&gt;                                   &lt;li&gt;&lt;a href=&quot;http://123nhadat.vn/raovat-c17/cho-thue-nha-rieng&quot;&gt;Cho thuê nhà riêng&lt;/a&gt;&lt;/li&gt;                                   &lt;li&gt;&lt;a href=&quot;http://123nhadat.vn/raovat-c18/cho-thue-can-ho-chung-cu&quot;&gt;Cho thuê căn hộ chung cư&lt;/a&gt;&lt;/li&gt;                                   &lt;li&gt;&lt;a href=&quot;http://123nhadat.vn/raovat-c19/cho-thue-biet-thu&quot;&gt;Cho thuê biệt thự&lt;/a&gt;&lt;/li&gt;                                   &lt;li&gt;&lt;a href=&quot;http://123nhadat.vn/raovat-c20/cho-thue-cua-hang-kiot&quot;&gt;Cho thuê cửa hàng, ki ốt&lt;/a&gt;&lt;/li&gt;                                   &lt;li&gt;&lt;a href=&quot;http://123nhadat.vn/raovat-c21/cho-thue-nha-tro&quot;&gt;Cho thuê nhà trọ,phòng trọ&lt;/a&gt;&lt;/li&gt;                                   &lt;li&gt;&lt;a href=&quot;http://123nhadat.vn/raovat-c23/cho-thue-kho-nha-xuong&quot;&gt;Cho thuê kho, nhà xưởng&lt;/a&gt;&lt;/li&gt;                                   &lt;li&gt;&lt;a href=&quot;http://123nhadat.vn/raovat-c24/cho-thue-dat&quot;&gt;Cho thuê đất&lt;/a&gt;&lt;/li&gt;                                   &lt;li&gt;&lt;a href=&quot;http://123nhadat.vn/raovat-c25/cho-thue-khach-san-nha-nghi&quot;&gt;Cho thuê khách sạn, nhà nghỉ&lt;/a&gt;&lt;/li&gt;                                   &lt;li&gt;&lt;a href=&quot;http://123nhadat.vn/raovat-c26/cho-thue-loai-bat-dong-san-khac&quot;&gt;Cho thuê loại bất động sản khác&lt;/a&gt;&lt;/li&gt;                               &lt;/ul&gt;                          &lt;/li&gt;&lt;li xmlns=&quot;http://www.w3.org/1999/xhtml&quot;&gt;&lt;a class=&quot;mbL_tinthitruong&quot; href=&quot;http://123nhadat.vn/news/c2/thi-truong&quot;&gt;Tin thị trường&lt;/a&gt;&lt;span class=&quot;child_mobile_show&quot; onclick=&quot;$('.news_2').toggle();&quot;/&gt;                        &lt;ul class=&quot;news_2&quot;&gt;                                  &lt;li&gt;&lt;a href=&quot;http://123nhadat.vn/news/c8/trong-nuoc&quot;&gt;Thị trường trong nước&lt;/a&gt;&lt;/li&gt;                                  &lt;li&gt;&lt;a href=&quot;http://123nhadat.vn/news/c15/phan-tich-nhan-dinh&quot;&gt;Phân tích - Nhận định&lt;/a&gt;&lt;/li&gt;                                  &lt;li&gt;&lt;a href=&quot;http://123nhadat.vn/news/c16/chinh-sach-quan-ly&quot;&gt;Chính sách - Quản lý&lt;/a&gt;&lt;/li&gt;                                  &lt;li&gt;&lt;a href=&quot;http://123nhadat.vn/news/c17/thong-tin-quy-hoach&quot;&gt;Thông tin quy hoạch&lt;/a&gt;&lt;/li&gt;                                  &lt;li&gt;&lt;a href=&quot;http://123nhadat.vn/news/c18/ngoai-nuoc&quot;&gt;Thị trường ngoài nước&lt;/a&gt;&lt;/li&gt;                                  &lt;li&gt;&lt;a href=&quot;http://123nhadat.vn/news/c23/tai-chinh-chung-khoan&quot;&gt;Tài chính - Chứng khoán&lt;/a&gt;&lt;/li&gt;                                  &lt;li&gt;&lt;a href=&quot;http://123nhadat.vn/news/c49/hoat-dong-doanh-nghiep&quot;&gt;Hoạt động doanh nghiệp&lt;/a&gt;&lt;/li&gt;                                  &lt;li&gt;&lt;a href=&quot;http://123nhadat.vn/news/c50/tin-du-an&quot;&gt;Tin từ Dự Án&lt;/a&gt;&lt;/li&gt;                                  &lt;li&gt;&lt;a href=&quot;http://123nhadat.vn/news/c51/goc-su-kien-khuyen-mai&quot;&gt;Góc sự kiện &amp; khuyến mại&lt;/a&gt;&lt;/li&gt;                              &lt;/ul&gt;                    &lt;/li&gt;&lt;li xmlns=&quot;http://www.w3.org/1999/xhtml&quot;&gt;&lt;a class=&quot;mbL_kienthuc&quot; href=&quot;http://123nhadat.vn/news&quot;&gt;Kiến thức&lt;/a&gt;&lt;span class=&quot;child_mobile_show&quot; onclick=&quot;$('.news_home').toggle();&quot;/&gt;                        &lt;ul class=&quot;news_home&quot;&gt;                                                         &lt;li&gt;&lt;a class=&quot;parent&quot; href=&quot;http://123nhadat.vn/news/c1/kinh-nghiem&quot;&gt;&lt;span&gt;Kinh nghiệm&lt;/span&gt;&lt;/a&gt;&lt;span class=&quot;child_mobile_show&quot; onclick=&quot;$('.news_1').toggle();&quot;/&gt;                                            &lt;ul class=&quot;news_1&quot;&gt;                                                          &lt;li&gt;&lt;a href=&quot;http://123nhadat.vn/news/c14/kinh-nghiem-mua-nha&quot;&gt;&lt;span&gt;Kinh nghiệm mua nhà&lt;/span&gt;&lt;/a&gt;                                                  &lt;/li&gt;                                                           &lt;li&gt;&lt;a href=&quot;http://123nhadat.vn/news/c19/kinh-nghiem-ban-nha&quot;&gt;&lt;span&gt;Kinh nghiệm bán nhà đất&lt;/span&gt;&lt;/a&gt;                                                  &lt;/li&gt;                                                           &lt;li&gt;&lt;a href=&quot;http://123nhadat.vn/news/c20/kinh-nghiem-dau-tu&quot;&gt;&lt;span&gt;Kinh nghiệm đầu tư&lt;/span&gt;&lt;/a&gt;                                                  &lt;/li&gt;                                                           &lt;li&gt;&lt;a href=&quot;http://123nhadat.vn/news/c21/kinh-nghiem-thue-nha&quot;&gt;&lt;span&gt;Kinh nghiệm thuê nhà&lt;/span&gt;&lt;/a&gt;                                                  &lt;/li&gt;                                                           &lt;li&gt;&lt;a href=&quot;http://123nhadat.vn/news/c22/kinh-nghiem-cho-thue-nha&quot;&gt;&lt;span&gt;Kinh nghiệm cho thuê nhà&lt;/span&gt;&lt;/a&gt;                                                  &lt;/li&gt;                     &lt;/ul&gt;          &lt;/li&gt;                                                                  &lt;li&gt;&lt;a class=&quot;parent&quot; href=&quot;http://123nhadat.vn/news/c3/xay-dung&quot;&gt;&lt;span&gt;Xây dựng&lt;/span&gt;&lt;/a&gt;&lt;span class=&quot;child_mobile_show&quot; onclick=&quot;$('.news_3').toggle();&quot;/&gt;                                            &lt;ul class=&quot;news_3&quot;&gt;                                                          &lt;li&gt;&lt;a href=&quot;http://123nhadat.vn/news/c9/vat-lieu-xay-dung&quot;&gt;&lt;span&gt;Vật liệu xây dựng&lt;/span&gt;&lt;/a&gt;                                                  &lt;/li&gt;                                                           &lt;li&gt;&lt;a href=&quot;http://123nhadat.vn/news/c24/kien-thuc-xay-dung&quot;&gt;&lt;span&gt;Kiến thức cần biết&lt;/span&gt;&lt;/a&gt;                                                  &lt;/li&gt;                                                           &lt;li&gt;&lt;a href=&quot;http://123nhadat.vn/news/c25/giai-phap-xay-dung&quot;&gt;&lt;span&gt;Giải pháp xây dựng&lt;/span&gt;&lt;/a&gt;                                                  &lt;/li&gt;                     &lt;/ul&gt;          &lt;/li&gt;                                                          &lt;li&gt;&lt;a class=&quot;parent&quot; href=&quot;http://123nhadat.vn/news/c4/khong-gian-dep&quot;&gt;&lt;span&gt;Không Gian Đẹp&lt;/span&gt;&lt;/a&gt;&lt;span class=&quot;child_mobile_show&quot; onclick=&quot;$('.news_4').toggle();&quot;/&gt;                                            &lt;ul class=&quot;news_4&quot;&gt;                                                          &lt;li&gt;&lt;a class=&quot;parent&quot; href=&quot;http://123nhadat.vn/news/c10/noi-that&quot;&gt;&lt;span&gt;Nội thất&lt;/span&gt;&lt;/a&gt;&lt;span class=&quot;child_mobile_show&quot; onclick=&quot;$('.news_10').toggle();&quot;/&gt;                                                      &lt;ul class=&quot;news_10&quot;&gt;                                                           &lt;li&gt;&lt;a href=&quot;http://123nhadat.vn/news/c35/toan-canh&quot;&gt;&lt;span&gt;Toàn cảnh&lt;/span&gt;&lt;/a&gt;&lt;/li&gt;                                                            &lt;li&gt;&lt;a href=&quot;http://123nhadat.vn/news/c36/phong-khach&quot;&gt;&lt;span&gt;Phòng khách&lt;/span&gt;&lt;/a&gt;&lt;/li&gt;                                                            &lt;li&gt;&lt;a href=&quot;http://123nhadat.vn/news/c37/phong-ngu&quot;&gt;&lt;span&gt;Phòng ngủ&lt;/span&gt;&lt;/a&gt;&lt;/li&gt;                                                            &lt;li&gt;&lt;a href=&quot;http://123nhadat.vn/news/c38/nha-bep&quot;&gt;&lt;span&gt;Nhà bếp&lt;/span&gt;&lt;/a&gt;&lt;/li&gt;                                                            &lt;li&gt;&lt;a href=&quot;http://123nhadat.vn/news/c39/phong-tam&quot;&gt;&lt;span&gt;Phòng tắm&lt;/span&gt;&lt;/a&gt;&lt;/li&gt;                                                            &lt;li&gt;&lt;a href=&quot;http://123nhadat.vn/news/c40/phong-tre-em&quot;&gt;&lt;span&gt;Phòng trẻ em&lt;/span&gt;&lt;/a&gt;&lt;/li&gt;                                                            &lt;li&gt;&lt;a href=&quot;http://123nhadat.vn/news/c41/van-phong&quot;&gt;&lt;span&gt;Văn phòng&lt;/span&gt;&lt;/a&gt;&lt;/li&gt;                                                            &lt;li&gt;&lt;a href=&quot;http://123nhadat.vn/news/c42/khach-san-nha-hang-showroom&quot;&gt;&lt;span&gt;Khách sạn,nhà hàng,showroom&lt;/span&gt;&lt;/a&gt;&lt;/li&gt;                                                        &lt;/ul&gt;                                        &lt;/li&gt;                                                            &lt;li&gt;&lt;a href=&quot;http://123nhadat.vn/news/c26/ngoai-that&quot;&gt;&lt;span&gt;Ngoại thất&lt;/span&gt;&lt;/a&gt;                                                  &lt;/li&gt;                     &lt;/ul&gt;          &lt;/li&gt;                                                          &lt;li&gt;&lt;a class=&quot;parent&quot; href=&quot;http://123nhadat.vn/news/c5/kien-truc&quot;&gt;&lt;span&gt;Kiến trúc&lt;/span&gt;&lt;/a&gt;&lt;span class=&quot;child_mobile_show&quot; onclick=&quot;$('.news_5').toggle();&quot;/&gt;                                            &lt;ul class=&quot;news_5&quot;&gt;                                                          &lt;li&gt;&lt;a href=&quot;http://123nhadat.vn/news/c11/tu-van-thiet-ke&quot;&gt;&lt;span&gt;Tư vấn thiết kế&lt;/span&gt;&lt;/a&gt;                                                  &lt;/li&gt;                                                           &lt;li&gt;&lt;a href=&quot;http://123nhadat.vn/news/c27/kien-truc-ngay-ay-bay-gio&quot;&gt;&lt;span&gt;Kiến trúc ngày ấy - bây giờ&lt;/span&gt;&lt;/a&gt;                                                  &lt;/li&gt;                                                           &lt;li&gt;&lt;a href=&quot;http://123nhadat.vn/news/c28/du-lich-kien-truc&quot;&gt;&lt;span&gt;Du lịch kiến trúc&lt;/span&gt;&lt;/a&gt;                                                  &lt;/li&gt;                     &lt;/ul&gt;          &lt;/li&gt;                                                          &lt;li&gt;&lt;a class=&quot;parent&quot; href=&quot;http://123nhadat.vn/news/c6/phong-thuy&quot;&gt;&lt;span&gt;Phong thủy&lt;/span&gt;&lt;/a&gt;&lt;span class=&quot;child_mobile_show&quot; onclick=&quot;$('.news_6').toggle();&quot;/&gt;                                            &lt;ul class=&quot;news_6&quot;&gt;                                                          &lt;li&gt;&lt;a class=&quot;parent&quot; href=&quot;http://123nhadat.vn/news/c12/phong-thuy-nha-o&quot;&gt;&lt;span&gt;Phong thủy Nhà ở&lt;/span&gt;&lt;/a&gt;&lt;span class=&quot;child_mobile_show&quot; onclick=&quot;$('.news_12').toggle();&quot;/&gt;                                                      &lt;ul class=&quot;news_12&quot;&gt;                                                           &lt;li&gt;&lt;a href=&quot;http://123nhadat.vn/news/c43/toan-canh&quot;&gt;&lt;span&gt;Toàn cảnh&lt;/span&gt;&lt;/a&gt;&lt;/li&gt;                                                            &lt;li&gt;&lt;a href=&quot;http://123nhadat.vn/news/c44/phong-ngu&quot;&gt;&lt;span&gt;Phòng ngủ&lt;/span&gt;&lt;/a&gt;&lt;/li&gt;                                                            &lt;li&gt;&lt;a href=&quot;http://123nhadat.vn/news/c45/phong-khach&quot;&gt;&lt;span&gt;Phòng khách&lt;/span&gt;&lt;/a&gt;&lt;/li&gt;                                                            &lt;li&gt;&lt;a href=&quot;http://123nhadat.vn/news/c46/phong-bep&quot;&gt;&lt;span&gt;Phòng bếp&lt;/span&gt;&lt;/a&gt;&lt;/li&gt;                                                            &lt;li&gt;&lt;a href=&quot;http://123nhadat.vn/news/c47/phong-tam&quot;&gt;&lt;span&gt;Phòng tắm&lt;/span&gt;&lt;/a&gt;&lt;/li&gt;                                                            &lt;li&gt;&lt;a href=&quot;http://123nhadat.vn/news/c48/cua-chinh-san-vuon&quot;&gt;&lt;span&gt;Cửa chính, sân vườn&lt;/span&gt;&lt;/a&gt;&lt;/li&gt;                                                        &lt;/ul&gt;                                        &lt;/li&gt;                                                            &lt;li&gt;&lt;a href=&quot;http://123nhadat.vn/news/c29/phong-thuy-van-phong&quot;&gt;&lt;span&gt;Phong thủy văn phòng&lt;/span&gt;&lt;/a&gt;                                                  &lt;/li&gt;                     &lt;/ul&gt;          &lt;/li&gt;                                                          &lt;li&gt;&lt;a class=&quot;parent&quot; href=&quot;http://123nhadat.vn/news/c7/cafe-luat&quot;&gt;&lt;span&gt;Cafe luật&lt;/span&gt;&lt;/a&gt;&lt;span class=&quot;child_mobile_show&quot; onclick=&quot;$('.news_7').toggle();&quot;/&gt;                                            &lt;ul class=&quot;news_7&quot;&gt;                                                          &lt;li&gt;&lt;a href=&quot;http://123nhadat.vn/news/c13/hop-thuc-hoa&quot;&gt;&lt;span&gt;Hợp thức hóa&lt;/span&gt;&lt;/a&gt;                                                  &lt;/li&gt;                                                           &lt;li&gt;&lt;a href=&quot;http://123nhadat.vn/news/c30/quyen-so-huu&quot;&gt;&lt;span&gt;Chuyển quyền sở hữu&lt;/span&gt;&lt;/a&gt;                                                  &lt;/li&gt;                                                           &lt;li&gt;&lt;a href=&quot;http://123nhadat.vn/news/c31/thua-ke-tranh-chap&quot;&gt;&lt;span&gt;Thừa kế - Tranh chấp&lt;/span&gt;&lt;/a&gt;                                                  &lt;/li&gt;                                                           &lt;li&gt;&lt;a href=&quot;http://123nhadat.vn/news/c32/xay-dung-hoan-cong&quot;&gt;&lt;span&gt;Xây dựng - Hoàn công&lt;/span&gt;&lt;/a&gt;                                                  &lt;/li&gt;                                                           &lt;li&gt;&lt;a href=&quot;http://123nhadat.vn/news/c33/thue-nha-dat&quot;&gt;&lt;span&gt;Thuế nhà đất&lt;/span&gt;&lt;/a&gt;                                                  &lt;/li&gt;                                                           &lt;li&gt;&lt;a href=&quot;http://123nhadat.vn/news/c34/nuoc-ngoai&quot;&gt;&lt;span&gt;Nước ngoài&lt;/span&gt;&lt;/a&gt;                                                  &lt;/li&gt;                     &lt;/ul&gt;          &lt;/li&gt;                                      &lt;/ul&gt;                    &lt;/li&gt;&lt;li xmlns=&quot;http://www.w3.org/1999/xhtml&quot;&gt;&lt;a class=&quot;mbL_duan&quot; href=&quot;http://123nhadat.vn/du-an&quot;&gt;Dự án&lt;/a&gt;&lt;span class=&quot;child_mobile_show&quot; onclick=&quot;$('.con_duan').toggle();&quot;/&gt;                        &lt;ul class=&quot;con_duan&quot;&gt;                                                        &lt;li&gt;&lt;a href=&quot;http://123nhadat.vn/du-an-khu-do-thi-moi-c1&quot;&gt;&lt;span&gt;Khu đô thị mới&lt;/span&gt;&lt;/a&gt;&lt;/li&gt;                                   &lt;li&gt;&lt;a href=&quot;http://123nhadat.vn/du-an-chung-cu-cao-oc-can-ho-c2&quot;&gt;&lt;span&gt;Chung cư/Cao ốc căn hộ&lt;/span&gt;&lt;/a&gt;&lt;/li&gt;                                   &lt;li&gt;&lt;a href=&quot;http://123nhadat.vn/du-an-khu-dan-cu-c3&quot;&gt;&lt;span&gt;Khu dân cư&lt;/span&gt;&lt;/a&gt;&lt;/li&gt;                                   &lt;li&gt;&lt;a href=&quot;http://123nhadat.vn/du-an-khu-biet-thu-c4&quot;&gt;&lt;span&gt;Khu Biệt thự&lt;/span&gt;&lt;/a&gt;&lt;/li&gt;                                   &lt;li&gt;&lt;a href=&quot;http://123nhadat.vn/du-an-bds-du-lich-nghi-duong-resort-c5&quot;&gt;&lt;span&gt;Bđs du lịch, nghỉ dưỡng, resort&lt;/span&gt;&lt;/a&gt;&lt;/li&gt;                                   &lt;li&gt;&lt;a href=&quot;http://123nhadat.vn/du-an-khu-tai-dinh-cu-c6&quot;&gt;&lt;span&gt;Khu tái định cư&lt;/span&gt;&lt;/a&gt;&lt;/li&gt;                                   &lt;li&gt;&lt;a href=&quot;http://123nhadat.vn/du-an-nha-o-xa-hoi-c7&quot;&gt;&lt;span&gt;Nhà ở xã hội&lt;/span&gt;&lt;/a&gt;&lt;/li&gt;                                   &lt;li&gt;&lt;a href=&quot;http://123nhadat.vn/du-an-cao-oc-van-phong-c8&quot;&gt;&lt;span&gt;Cao ốc văn phòng&lt;/span&gt;&lt;/a&gt;&lt;/li&gt;                                   &lt;li&gt;&lt;a href=&quot;http://123nhadat.vn/du-an-khu-thuong-mai-c9&quot;&gt;&lt;span&gt;Khu thương mại&lt;/span&gt;&lt;/a&gt;&lt;/li&gt;                                   &lt;li&gt;&lt;a href=&quot;http://123nhadat.vn/du-an-khu-phuc-hop-c10&quot;&gt;&lt;span&gt;Khu phức hợp&lt;/span&gt;&lt;/a&gt;&lt;/li&gt;                                   &lt;li&gt;&lt;a href=&quot;http://123nhadat.vn/du-an-khu-cn-cx-c11&quot;&gt;&lt;span&gt;Khu CN/CX&lt;/span&gt;&lt;/a&gt;&lt;/li&gt;                                   &lt;li&gt;&lt;a href=&quot;http://123nhadat.vn/du-an-khach-san-nha-nghi-c12&quot;&gt;&lt;span&gt;Khách sạn, nhà nghỉ&lt;/span&gt;&lt;/a&gt;&lt;/li&gt;                               &lt;/ul&gt;                    &lt;/li&gt;&lt;li xmlns=&quot;http://www.w3.org/1999/xhtml&quot; id=&quot;bao_gia_id&quot;&gt;&lt;a class=&quot;mbL_baogiadichvu&quot; href=&quot;javascript:void(0)&quot;&gt;Báo giá dịch vụ&lt;/a&gt;&lt;span class=&quot;child_mobile_show&quot; onclick=&quot;$('.con_baogia').toggle();&quot;/&gt;                        &lt;ul class=&quot;con_baogia&quot;&gt;                            &lt;li&gt;&lt;a href=&quot;http://123nhadat.vn/bao-gia-quang-cao&quot;&gt;Hiệu quả quảng cáo&lt;/a&gt;&lt;/li&gt;                            &lt;li&gt;&lt;a href=&quot;http://123nhadat.vn/bao-gia-quang-cao/banners&quot;&gt;Báo giá Banner&lt;/a&gt;&lt;/li&gt;                            &lt;li&gt;&lt;a href=&quot;http://123nhadat.vn/bao-gia-quang-cao/gia-tin-dang&quot;&gt;Báo giá tin đăng&lt;/a&gt;&lt;/li&gt;                        &lt;/ul&gt;                    &lt;/li&gt;&lt;li xmlns=&quot;http://www.w3.org/1999/xhtml&quot;&gt;&lt;a class=&quot;mbL_admin&quot; href=&quot;https://123vemaybay.vn&quot; title=&quot;Vé máy bay giá rẻ,ve may bay gia re nhất thị trường&quot;&gt;Vé máy bay giá rẻ&lt;/a&gt;&lt;/li&gt;&lt;div xmlns=&quot;http://www.w3.org/1999/xhtml&quot; class=&quot;boxfull bgxam khonghien_mobile&quot;&gt;            &lt;div class=&quot;box_search&quot;&gt;   &lt;form action=&quot;http://123nhadat.vn/?act=tim-nha-dat&quot; id=&quot;searchForm&quot; method=&quot;post&quot;&gt;                &lt;div class=&quot;timkiem&quot;&gt;                    &lt;label&gt;Tìm kiếm&lt;/label&gt;                    &lt;input class=&quot;icon_timkiemnhadat2&quot; id=&quot;txtKeyword&quot; name=&quot;q&quot; placeholder=&quot; Nhập vào từ khóa hoặc mã tin&quot; type=&quot;text&quot;/&gt;                    &lt;input id=&quot;Button1&quot; onclick=&quot;document.getElementById('searchForm').submit();&quot; type=&quot;button&quot; value=&quot;&quot;/&gt;                &lt;/div&gt;                                &lt;div class=&quot;chucnang_top&quot;&gt;                    &lt;ul class=&quot;timkiem_dangtin&quot;&gt;                        &lt;li class=&quot;icon_dangtinban&quot;&gt;&lt;a href=&quot;http://123nhadat.vn/Dang-tin-rao-vat-ban-nha-dat.html&quot;&gt;Đăng tin bán/ Cho thuê&lt;/a&gt;&lt;/li&gt;                        &lt;li class=&quot;icon_canmua&quot;&gt;&lt;a href=&quot;http://123nhadat.vn/can-mua-can-thue.html&quot;&gt;Cần mua/ Cần thuê&lt;/a&gt;&lt;/li&gt;                    &lt;/ul&gt;                    &lt;ul class=&quot;login_logout&quot;&gt;                                                &lt;li class=&quot;uRegister&quot;&gt;&lt;a href=&quot;http://123nhadat.vn/reg.html&quot;&gt;Đăng ký&lt;/a&gt;&lt;/li&gt;      &lt;li class=&quot;uLogin&quot;&gt;&lt;a href=&quot;http://123nhadat.vn/dang-nhap.html&quot;&gt;Đăng nhập&lt;/a&gt;&lt;/li&gt;      &lt;script type=&quot;text/javascript&quot;&gt;      var uLogIn = 0;      &lt;/script&gt;                          &lt;/ul&gt;                &lt;/div&gt;            &lt;/form&gt;&lt;/div&gt;        &lt;/div&gt;" SourceIndex="235;241;294;347;392;665;734;755;771" TextLen="151" order="3" xPath="/#document/html/body/div[1]/div[2]/header[0]/nav[0]/div[0]/ul[0]/li[0]/a[0]/img"/>
<LayoutNode BgColor="#ffffff" ContainImg="0" ContainP="0" ContainTable="false" Content="Siêu VipCần cho thuê căn hộ Vinhomes Central Park, Bình Thạnh, 2PN – 80m2 giá 950$ (bao gồm phí quản lí) " DOMCldNum="85" DoC="5" FontSize="13" FontWeight="normal" FrameSourceIndex="0" ID="1-3" IsImg="false" LinkNum="0" LinkTextLen="0" ObjectRectHeight="58" ObjectRectLeft="0" ObjectRectTop="391" ObjectRectWidth="1420" SRC="&lt;div xmlns=&quot;http://www.w3.org/1999/xhtml&quot; class=&quot;box_C&quot;&gt;                    &lt;span class=&quot;tit_vip2&quot;&gt;Siêu Vip&lt;/span&gt;&lt;h1 class=&quot;tieude_nhadat&quot;&gt;Cần cho thuê căn hộ Vinhomes Central Park, Bình Thạnh, 2PN  – 80m2 giá 950$ (bao gồm phí quản lí)&lt;/h1&gt;                &lt;/div&gt;" SourceIndex="1194" TextLen="103" order="4" xPath="/#document/html/body/div[4]/div[0]/div[0]/div[1]/div[1]/h1[0]/#text"/>
<LayoutNode BgColor="#ffffff" ContainImg="0" ContainP="0" ContainTable="false" Content="Khu vực:Cho thuê nhà nguyên căn tại Phường 22 - Quận Bình Thạnh - Hồ Chí Minh Giá:Thỏa thuận Diện tích:80 m2 Thông tin tài khoản đã được xác thực " DOMCldNum="85" DoC="5" FontSize="13" FontWeight="normal" FrameSourceIndex="0" ID="1-4" IsImg="false" LinkNum="1" LinkTextLen="37" ObjectRectHeight="65" ObjectRectLeft="0" ObjectRectTop="459" ObjectRectWidth="1420" SRC="&lt;div xmlns=&quot;http://www.w3.org/1999/xhtml&quot; class=&quot;box_C&quot;&gt;                    &lt;ul class=&quot;info_no2&quot;&gt;                        &lt;li&gt;&lt;label&gt;Khu vực:&lt;/label&gt;&lt;span&gt;&lt;a href=&quot;http://123nhadat.vn/raovat-c17/cho-thue-nha-rieng-tai-phuong-22-925&quot;&gt;Cho thuê nhà nguyên căn tại Phường 22&lt;/a&gt; - Quận Bình Thạnh - Hồ Chí Minh&lt;/span&gt;&lt;/li&gt;                    &lt;/ul&gt;     &lt;ul class=&quot;info_no1&quot;&gt;      &lt;li&gt;&lt;label&gt;Giá:&lt;/label&gt;&lt;span&gt;&lt;b class=&quot;camcam&quot;&gt;Thỏa thuận&lt;/b&gt;&lt;/span&gt;&lt;/li&gt;                        &lt;li&gt;&lt;label&gt;Diện tích:&lt;/label&gt;&lt;span&gt;&lt;b class=&quot;camcam&quot;&gt;80 m2&lt;/b&gt;&lt;/span&gt;&lt;/li&gt;                        &lt;li&gt;&lt;label class=&quot;da_xacthuc&quot;/&gt;&lt;span&gt;Thông tin tài khoản đã được xác thực&lt;/span&gt;&lt;/li&gt;                      &lt;/ul&gt;                &lt;/div&gt;" SourceIndex="1202" TextLen="144" order="5" xPath="/#document/html/body/div[4]/div[0]/div[0]/div[2]/div[1]/ul[2]/li[1]/span[0]/#text"/>
<LayoutNode BgColor="#ffffff" ContainImg="0" ContainP="1" ContainTable="false" DOMCldNum="85" DoC="5" FontSize="13" FontWeight="normal" FrameSourceIndex="0" ID="1-5" IsImg="false" LinkNum="8" LinkTextLen="114" ObjectRectHeight="826" ObjectRectLeft="0" ObjectRectTop="643" ObjectRectWidth="1420" SourceIndex="1190" TextLen="1123" order="6">
<LayoutNode BgColor="#ffffff" ContainImg="0" ContainP="1" ContainTable="false" DOMCldNum="85" DoC="5" FontSize="13" FontWeight="normal" FrameSourceIndex="0" ID="1-5-1" IsImg="false" LinkNum="6" LinkTextLen="91" ObjectRectHeight="826" ObjectRectLeft="0" ObjectRectTop="643" ObjectRectWidth="900" SourceIndex="1190" TextLen="886" order="7">
<LayoutNode BgColor="#ffffff" ContainImg="0" ContainP="0" ContainTable="false" Content="Đặc điểm nhà đất Tiện ích trong khu vực Các tin rao nhà đất liên quan " DOMCldNum="85" DoC="5" FontSize="13" FontWeight="normal" FrameSourceIndex="0" ID="1-5-1-1" IsImg="false" LinkNum="3" LinkTextLen="67" ObjectRectHeight="383" ObjectRectLeft="0" ObjectRectTop="643" ObjectRectWidth="900" SRC="&lt;div xmlns=&quot;http://www.w3.org/1999/xhtml&quot; class=&quot;box_C&quot;&gt;                    &lt;ul class=&quot;next_link&quot;&gt;                        &lt;li&gt;&lt;a href=&quot;#dacdiembds&quot;&gt;Đặc điểm nhà đất&lt;/a&gt;&lt;/li&gt;                        &lt;li&gt;&lt;a href=&quot;#tienich_xungquanh&quot;&gt;Tiện ích trong khu vực&lt;/a&gt;&lt;/li&gt;                        &lt;li&gt;&lt;a href=&quot;#tinrao_lienquan&quot;&gt;Các tin rao nhà đất liên quan&lt;/a&gt;&lt;/li&gt;                    &lt;/ul&gt;                &lt;/div&gt;" SourceIndex="1355" TextLen="67" order="8" xPath="/#document/html/body/div[4]/div[0]/div[0]/div[20]/div[0]/ul[2]/li[0]/a[0]/#text"/>
<LayoutNode BgColor="#5eab1f" ContainImg="0" ContainP="0" ContainTable="false" Content="THÔNG TIN MÔ TẢ " DOMCldNum="5" DoC="5" FontSize="11" FontWeight="700" FrameSourceIndex="0" ID="1-5-1-2" IsImg="false" LinkNum="0" LinkTextLen="0" ObjectRectHeight="20" ObjectRectLeft="0" ObjectRectTop="1039" ObjectRectWidth="900" SRC="&lt;div xmlns=&quot;http://www.w3.org/1999/xhtml&quot; class=&quot;tit_C&quot;&gt;                        &lt;span class=&quot;icon_star_xanh&quot;/&gt;                        Thông tin mô tả                    &lt;/div&gt;" SourceIndex="1377" TextLen="15" order="9" xPath="/#document/html/body/div[4]/div[0]/div[0]/div[22]/div[0]/div[1]/#text"/>
<LayoutNode BgColor="#f3f3f3" ContainImg="0" ContainP="1" ContainTable="false" Content="Lưu BĐSIn tinChia sẻ tin Liên hệ người cho thuê anhbao8488 Điện thoại: 0938.899.774 Địa chỉ: 720A Điện Biên Phủ Email:vyttt@yourland.vn Cho thuê gấp căn hộ tòa Landmark 5 tại dự án Vinhomes Central Park, Bình Thạnh, 2 Phòng Ngủ – 80m2 full nội thất, 950$ (bao gồm phí quản lí) tại số 720A Điện Biên Phủ, phường 22, Q.Bình Thạnh, tp. Hồ Chí Minh. Diện tích: 80m2. Gồm phòng khách 2 phòng ngủ, 2 WC. Có sân phơi ... + Full nội thất như hình + Tầng trung view thoáng + Hướng view không có nắng chiều + Được sử dụng miễn phí phòng Gym, hồ bơi + Camera an ninh 24/7 + Vị trí trung tâm, giao thông thuận tiện, Tọa lạc tại đường Nguyễn Hữu Cảnh sát Quận 1. Nằm bên sông Sài Gòn +Toà nhà của tập đoàn Vingroup với hơn 30 tiện ích nội khu như: gym, spa, hồ bơi, quảng trường công viên ngoài trời, cafe, nhà hàng, bến du thuyền... " DOMCldNum="7" DoC="5" FontSize="13" FontWeight="normal" FrameSourceIndex="0" ID="1-5-1-3" IsImg="false" LinkNum="3" LinkTextLen="24" ObjectRectHeight="381" ObjectRectLeft="0" ObjectRectTop="1088" ObjectRectWidth="900" SRC="&lt;div xmlns=&quot;http://www.w3.org/1999/xhtml&quot; class=&quot;save_print&quot;&gt;                            &lt;a class=&quot;save_news&quot; href=&quot;javascript:void(0)&quot; id=&quot;save-posts&quot; title=&quot;Lưu tin tức lại&quot;&gt;Lưu BĐS&lt;/a&gt;                            &lt;a class=&quot;print_news&quot; href=&quot;javascript:window.print()&quot; title=&quot;In tin tức&quot;&gt;In tin&lt;/a&gt;                            &lt;a class=&quot;share_news&quot; href=&quot;javascript:void(0)&quot; onclick=&quot;$('#addthis_bar').slideDown();&quot; title=&quot;Chia sẻ tin&quot;&gt;Chia sẻ tin&lt;/a&gt;       &lt;!-- AddThis Button BEGIN --&gt;       &lt;div class=&quot;addthis_toolbox addthis_default_style addthis_16x16_style&quot; id=&quot;addthis_bar&quot; style=&quot;display:none&quot;&gt;       &lt;a class=&quot;addthis_button_facebook&quot;/&gt;       &lt;a class=&quot;addthis_button_google_plusone_share&quot;/&gt;       &lt;a class=&quot;addthis_button_email&quot;/&gt;       &lt;a class=&quot;addthis_button_twitter&quot;/&gt;       &lt;a class=&quot;addthis_button_print&quot;/&gt;       &lt;a class=&quot;addthis_button_digg&quot;/&gt;       &lt;a class=&quot;addthis_button_pinterest_share&quot;/&gt;       &lt;a class=&quot;addthis_button_zingme&quot;/&gt;       &lt;/div&gt;       &lt;script src=&quot;//s7.addthis.com/js/300/addthis_widget.js#pubid=ra-514ff26f59a43fb9&quot; type=&quot;text/javascript&quot;/&gt;       &lt;!-- AddThis Button END --&gt;                        &lt;/div&gt;&lt;div xmlns=&quot;http://www.w3.org/1999/xhtml&quot; class=&quot;lienhe_nguoiban&quot;&gt;                            &lt;ul&gt;                                &lt;li&gt;&lt;b style=&quot;color:green&quot;&gt;Liên hệ người cho thuê&lt;/b&gt;&lt;/li&gt;                                &lt;li&gt;&lt;b&gt;anhbao8488&lt;/b&gt;&lt;/li&gt;                                &lt;li&gt;Điện thoại:&lt;b class=&quot;camcam&quot;&gt; 0938.899.774&lt;/b&gt;&lt;/li&gt;                                &lt;li&gt;Địa chỉ: 720A Điện Biên Phủ &lt;/li&gt;                                &lt;li&gt;Email:vyttt@yourland.vn&lt;/li&gt;                            &lt;/ul&gt;                        &lt;/div&gt;&lt;p xmlns=&quot;http://www.w3.org/1999/xhtml&quot;&gt;Cho thuê gấp căn hộ tòa Landmark 5 tại dự án Vinhomes Central Park, Bình Thạnh, 2 Phòng Ngủ – 80m2 full nội thất, 950$ (bao gồm phí quản lí) tại số 720A Điện Biên Phủ, phường 22, Q.Bình Thạnh, tp. Hồ Chí Minh.&lt;br/&gt;&lt;br/&gt;Diện tích: 80m2. Gồm phòng khách 2 phòng ngủ, 2 WC. Có sân phơi ...&lt;br/&gt;+ Full nội thất như hình&lt;br/&gt;+ Tầng trung view thoáng &lt;br/&gt;+ Hướng view không có nắng chiều&lt;br/&gt;+ Được sử dụng miễn phí phòng Gym, hồ bơi&lt;br/&gt;+ Camera an ninh 24/7&lt;br/&gt;+ Vị trí trung tâm, giao thông thuận tiện, Tọa lạc tại đường Nguyễn Hữu Cảnh sát Quận 1. Nằm bên sông Sài Gòn&lt;br/&gt;+Toà nhà của tập đoàn Vingroup với hơn 30 tiện ích nội khu như: gym, spa, hồ bơi, quảng trường công viên ngoài trời, cafe, nhà hàng, bến du thuyền...&lt;/p&gt;" SourceIndex="1384;1421;1446" TextLen="804" order="10" xPath="/#document/html/body/div[4]/div[0]/div[0]/div[22]/div[1]/div[0]/div[2]/a[0]/#text"/>
</LayoutNode>
<LayoutNode BgColor="#ffffff" ContainImg="0" ContainP="0" ContainTable="false" DOMCldNum="35" DoC="5" FontSize="13" FontWeight="normal" FrameSourceIndex="0" ID="1-5-2" IsImg="false" LinkNum="2" LinkTextLen="23" ObjectRectHeight="826" ObjectRectLeft="910" ObjectRectTop="643" ObjectRectWidth="510" SourceIndex="2626" TextLen="237" order="11">
<LayoutNode BgColor="#ffffff" ContainImg="0" ContainP="0" ContainTable="false" Content="Tìm kiếm nhà đất Địa điểm Loại tin rao Nhà đất bán Nhà đất cho thuê Loại nhà đất Vui lòng chọn Tỉnh, thành phố Vui lòng chọn Tp.HCM Hà Nội Bình Dương Hải Phòng Đà Nẵng Cần Thơ Đồng Nai Bà Rịa Vũng Tàu Khánh Hòa Long An Thừa Thiên Huế An Giang Bạc Liêu Bắc Cạn Bắc Giang Bắc Ninh Bắc Giang Bình Định Bình Phước Bình Thuận Cà Mau Cao Bằng Đắk Lắk Đồng Tháp Gia Lai Hà Giang Hà Nam Hà Tĩnh Hải Dương Hòa Bình Hưng Yên Kiên Giang Kon Tum Lai Châu Lạng Sơn Lào Cai Lâm Đồng Nam Định Nghệ An Ninh Bình Ninh Thuận Phú Thọ Phú Yên Quảng Bình Quảng Nam Quảng Ngãi Quảng Ninh Quảng Trị Sóc Trăng Sơn La Tây Ninh Thái Bình Thái Nguyên Thanh Hóa Tiền Giang Trà Vinh Tuyên Quang Vĩnh Long Vĩnh Phúc Yên Bái Điện Biên Đắk Nông Hậu Giang Theo quận, huyện Vui lòng chọn Theo phường, xã Vui lòng chọn Theo đường phố Vui lòng chọn Theo dự án Vui lòng chọn Tìm gần trường Vui lòng chọn Theo diện tích ---Chọn diện tích--- Không xác định &lt;= 30 m2 30-50 m2 50-100 m2 100-200 m2 200-300 m2 300-400 m2 400-500 m2 &gt;=500 m2 Theo mức giá Vui lòng chọn Tìm kiếm Bỏ tìm nâng cao " DOMCldNum="35" DoC="8" FontSize="13" FontWeight="normal" FrameSourceIndex="0" ID="1-5-2-1" IsImg="false" LinkNum="2" LinkTextLen="23" ObjectRectHeight="513" ObjectRectLeft="910" ObjectRectTop="643" ObjectRectWidth="510" SRC="&lt;div xmlns=&quot;http://www.w3.org/1999/xhtml&quot; class=&quot;box_R cachtren2 khonghien_mobile box_nhadatban_R&quot; id=&quot;product-search-right&quot;&gt;          &lt;form action=&quot;http://123nhadat.vn/?act=tim-nha-dat&quot; id=&quot;searchFormR&quot; method=&quot;post&quot;&gt;                    &lt;div class=&quot;tit_C cachtren2&quot;&gt;                        &lt;span class=&quot;icon_star_xanh&quot;/&gt;                        Tìm kiếm nhà đất                    &lt;/div&gt;                    &lt;div class=&quot;detail_R&quot;&gt;                        &lt;div class=&quot;timkiem&quot;&gt;                            &lt;label&gt;Địa điểm&lt;/label&gt;                            &lt;input id=&quot;searchlocation&quot; name=&quot;q&quot; placeholder=&quot; Nhập địa điểm bất động sản&quot; title=&quot;&lt;div style='width:190px;'&gt;&lt;div&gt;&lt;strong class='camcam'&gt;Gợi ý&lt;/strong&gt;&lt;/div&gt;                 &lt;ul&gt;                     &lt;li&gt;-Nhập tên tỉnh/thành phố, quận/huyện, phường/xã, đường/phố, dự án; ví dụ: Imperia&lt;/li&gt;                     &lt;li&gt;-Phải chọn các gợi ý chúng tôi đề xuất bên dưới để kết quả chính xác&lt;/li&gt;                     &lt;li&gt;-Nếu không nhập địa điểm ở đây, Quý vị có thể chọn lựa khu vực bằng các ô phía dưới trong công cụ tìm kiếm này&lt;/li&gt;      &lt;li&gt;-Bạn cũng có thể nhập vào đây mã số tài sản để tim theo mã tài sản.&lt;/li&gt;                 &lt;/ul&gt;&lt;/div&gt;&quot; type=&quot;text&quot;/&gt;                            &lt;input id=&quot;Button4&quot; type=&quot;button&quot; value=&quot;&quot;/&gt;                        &lt;/div&gt;                              &lt;div class=&quot;row_timkiemR&quot;&gt;                            &lt;label&gt;Loại tin rao&lt;/label&gt;                            &lt;select id=&quot;cboCategoryR&quot; name=&quot;cboCategory&quot;&gt;                                &lt;option selected=&quot;selected&quot; value=&quot;1&quot;&gt;Nhà đất bán&lt;/option&gt;        &lt;option value=&quot;2&quot;&gt;Nhà đất cho thuê&lt;/option&gt;                            &lt;/select&gt;                        &lt;/div&gt;      &lt;div class=&quot;row_timkiemR&quot;&gt;                            &lt;label&gt;Loại nhà đất&lt;/label&gt;                            &lt;select id=&quot;cboTypeReR&quot; name=&quot;cboTypeRe&quot;&gt;                                &lt;option value=&quot;&quot;&gt;Vui lòng chọn&lt;/option&gt;                            &lt;/select&gt;                        &lt;/div&gt;                        &lt;div class=&quot;row_timkiemR&quot;&gt;                            &lt;label&gt;Tỉnh, thành phố&lt;/label&gt;                            &lt;select id=&quot;cboCityR&quot; name=&quot;cboCity&quot;&gt;                                &lt;option value=&quot;&quot;&gt;Vui lòng chọn&lt;/option&gt;                &lt;option value=&quot;3&quot;&gt;Tp.HCM&lt;/option&gt;        &lt;option value=&quot;2&quot;&gt;Hà Nội&lt;/option&gt;        &lt;option value=&quot;13&quot;&gt;Bình Dương&lt;/option&gt;        &lt;option value=&quot;4&quot;&gt;Hải Phòng&lt;/option&gt;        &lt;option value=&quot;5&quot;&gt;Đà Nẵng&lt;/option&gt;        &lt;option value=&quot;19&quot;&gt;Cần Thơ&lt;/option&gt;        &lt;option value=&quot;115&quot;&gt;Đồng Nai&lt;/option&gt;        &lt;option value=&quot;8&quot;&gt;Bà Rịa Vũng Tàu&lt;/option&gt;        &lt;option value=&quot;125&quot;&gt;Khánh Hòa&lt;/option&gt;        &lt;option value=&quot;132&quot;&gt;Long An&lt;/option&gt;        &lt;option value=&quot;6&quot;&gt;Thừa Thiên Huế&lt;/option&gt;        &lt;option value=&quot;7&quot;&gt;An Giang&lt;/option&gt;                &lt;option value=&quot;9&quot;&gt;Bạc Liêu&lt;/option&gt;        &lt;option value=&quot;10&quot;&gt;Bắc Cạn&lt;/option&gt;        &lt;option value=&quot;1&quot;&gt;Bắc Giang&lt;/option&gt;        &lt;option value=&quot;11&quot;&gt;Bắc Ninh&lt;/option&gt;        &lt;option value=&quot;12&quot;&gt;Bắc Giang&lt;/option&gt;                &lt;option value=&quot;14&quot;&gt;Bình Định&lt;/option&gt;        &lt;option value=&quot;15&quot;&gt;Bình Phước&lt;/option&gt;        &lt;option value=&quot;16&quot;&gt;Bình Thuận&lt;/option&gt;        &lt;option value=&quot;17&quot;&gt;Cà Mau&lt;/option&gt;        &lt;option value=&quot;18&quot;&gt;Cao Bằng&lt;/option&gt;                &lt;option value=&quot;103&quot;&gt;Đắk Lắk&lt;/option&gt;                &lt;option value=&quot;116&quot;&gt;Đồng Tháp&lt;/option&gt;        &lt;option value=&quot;117&quot;&gt;Gia Lai&lt;/option&gt;        &lt;option value=&quot;118&quot;&gt;Hà  Giang&lt;/option&gt;        &lt;option value=&quot;119&quot;&gt;Hà Nam&lt;/option&gt;        &lt;option value=&quot;121&quot;&gt;Hà Tĩnh&lt;/option&gt;        &lt;option value=&quot;122&quot;&gt;Hải Dương&lt;/option&gt;        &lt;option value=&quot;123&quot;&gt;Hòa Bình&lt;/option&gt;        &lt;option value=&quot;124&quot;&gt;Hưng Yên&lt;/option&gt;                &lt;option value=&quot;126&quot;&gt;Kiên Giang&lt;/option&gt;        &lt;option value=&quot;127&quot;&gt;Kon Tum&lt;/option&gt;        &lt;option value=&quot;128&quot;&gt;Lai Châu&lt;/option&gt;        &lt;option value=&quot;129&quot;&gt;Lạng Sơn&lt;/option&gt;        &lt;option value=&quot;130&quot;&gt;Lào Cai&lt;/option&gt;        &lt;option value=&quot;131&quot;&gt;Lâm Đồng&lt;/option&gt;                &lt;option value=&quot;133&quot;&gt;Nam Định&lt;/option&gt;        &lt;option value=&quot;134&quot;&gt;Nghệ An&lt;/option&gt;        &lt;option value=&quot;135&quot;&gt;Ninh Bình&lt;/option&gt;        &lt;option value=&quot;136&quot;&gt;Ninh Thuận&lt;/option&gt;        &lt;option value=&quot;137&quot;&gt;Phú Thọ&lt;/option&gt;        &lt;option value=&quot;138&quot;&gt;Phú Yên&lt;/option&gt;        &lt;option value=&quot;139&quot;&gt;Quảng Bình&lt;/option&gt;        &lt;option value=&quot;140&quot;&gt;Quảng Nam&lt;/option&gt;        &lt;option value=&quot;141&quot;&gt;Quảng Ngãi&lt;/option&gt;        &lt;option value=&quot;142&quot;&gt;Quảng Ninh&lt;/option&gt;        &lt;option value=&quot;143&quot;&gt;Quảng Trị&lt;/option&gt;        &lt;option value=&quot;144&quot;&gt;Sóc Trăng&lt;/option&gt;        &lt;option value=&quot;145&quot;&gt;Sơn La&lt;/option&gt;        &lt;option value=&quot;146&quot;&gt;Tây Ninh&lt;/option&gt;        &lt;option value=&quot;147&quot;&gt;Thái Bình&lt;/option&gt;        &lt;option value=&quot;148&quot;&gt;Thái Nguyên&lt;/option&gt;        &lt;option value=&quot;149&quot;&gt;Thanh Hóa&lt;/option&gt;        &lt;option value=&quot;150&quot;&gt;Tiền Giang&lt;/option&gt;        &lt;option value=&quot;151&quot;&gt;Trà Vinh&lt;/option&gt;        &lt;option value=&quot;152&quot;&gt;Tuyên Quang&lt;/option&gt;        &lt;option value=&quot;153&quot;&gt;Vĩnh Long&lt;/option&gt;        &lt;option value=&quot;154&quot;&gt;Vĩnh Phúc&lt;/option&gt;        &lt;option value=&quot;155&quot;&gt;Yên Bái&lt;/option&gt;        &lt;option value=&quot;156&quot;&gt;Điện Biên&lt;/option&gt;        &lt;option value=&quot;157&quot;&gt;Đắk Nông&lt;/option&gt;        &lt;option value=&quot;158&quot;&gt;Hậu Giang&lt;/option&gt;                            &lt;/select&gt;                        &lt;/div&gt;                        &lt;div class=&quot;row_timkiemR&quot;&gt;                            &lt;label&gt;Theo quận, huyện&lt;/label&gt;                            &lt;select id=&quot;cboDistrictR&quot; name=&quot;cboDistrict&quot;&gt;                                &lt;option selected=&quot;selected&quot;&gt;Vui lòng chọn&lt;/option&gt;                            &lt;/select&gt;                        &lt;/div&gt;                        &lt;div class=&quot;row_timkiemR&quot; id=&quot;divWard&quot;&gt;                            &lt;label&gt;Theo phường, xã&lt;/label&gt;                            &lt;select id=&quot;cboWardR&quot; name=&quot;cboWard&quot;&gt;                                &lt;option selected=&quot;selected&quot;&gt;Vui lòng chọn&lt;/option&gt;                            &lt;/select&gt;                        &lt;/div&gt;                        &lt;div class=&quot;row_timkiemR&quot; id=&quot;divStreet&quot;&gt;                            &lt;label&gt;Theo đường phố&lt;/label&gt;                            &lt;select id=&quot;cboStreetR&quot; name=&quot;cboStreet&quot;&gt;                                &lt;option selected=&quot;selected&quot;&gt;Vui lòng chọn&lt;/option&gt;                            &lt;/select&gt;                        &lt;/div&gt;                        &lt;div class=&quot;row_timkiemR&quot; id=&quot;divProj&quot;&gt;                            &lt;label&gt;Theo dự án&lt;/label&gt;                            &lt;select id=&quot;cboProjR&quot; name=&quot;cboProj&quot;&gt;                                &lt;option selected=&quot;selected&quot;&gt;Vui lòng chọn&lt;/option&gt;                            &lt;/select&gt;                        &lt;/div&gt;      &lt;div class=&quot;row_timkiemR&quot; id=&quot;divPlace&quot;&gt;                            &lt;label&gt;Tìm gần trường&lt;/label&gt;                            &lt;select id=&quot;cboNearPlaceR&quot; name=&quot;cboNearPlace&quot;&gt;                                &lt;option selected=&quot;selected&quot;&gt;Vui lòng chọn&lt;/option&gt;                            &lt;/select&gt;                        &lt;/div&gt;                        &lt;div class=&quot;row_timkiemR&quot;&gt;                            &lt;label&gt;Theo diện tích&lt;/label&gt;                            &lt;select id=&quot;cboAreaR&quot; name=&quot;cboArea&quot;&gt;                                &lt;option value=&quot;&quot;&gt;---Chọn diện tích---&lt;/option&gt;        &lt;option value=&quot;1&quot;&gt;Không xác định&lt;/option&gt;        &lt;option value=&quot;2&quot;&gt;&lt;= 30 m2&lt;/option&gt;        &lt;option value=&quot;3&quot;&gt;30-50 m2&lt;/option&gt;        &lt;option value=&quot;4&quot;&gt;50-100 m2&lt;/option&gt;        &lt;option value=&quot;5&quot;&gt;100-200 m2&lt;/option&gt;        &lt;option value=&quot;6&quot;&gt;200-300 m2&lt;/option&gt;        &lt;option value=&quot;7&quot;&gt;300-400 m2&lt;/option&gt;        &lt;option value=&quot;8&quot;&gt;400-500 m2&lt;/option&gt;        &lt;option value=&quot;9&quot;&gt;&gt;=500 m2&lt;/option&gt;                            &lt;/select&gt;                        &lt;/div&gt;                        &lt;div class=&quot;row_timkiemR&quot;&gt;                            &lt;label&gt;Theo mức giá&lt;/label&gt;                            &lt;select id=&quot;cboPriceR&quot; name=&quot;cboPrice&quot;&gt;                                &lt;option selected=&quot;selected&quot;&gt;Vui lòng chọn&lt;/option&gt;                            &lt;/select&gt;                        &lt;/div&gt;                        &lt;div class=&quot;row_timkiemR&quot;&gt;       &lt;input name=&quot;come_from&quot; type=&quot;hidden&quot; value=&quot;2&quot;/&gt;                            &lt;a href=&quot;javascript:void(0)&quot; onclick=&quot;$('#searchFormR').submit();&quot;&gt;Tìm kiếm&lt;/a&gt;                            &lt;a href=&quot;javascript:void(0);&quot; id=&quot;showAdvSearch&quot; onclick=&quot;ShowAdvSearch();&quot;&gt;Bỏ tìm nâng cao&lt;/a&gt;                        &lt;/div&gt;                    &lt;/div&gt;     &lt;/form&gt;                &lt;/div&gt;" SourceIndex="2638" TextLen="183" order="12" xPath="/#document/html/body/div[4]/div[0]/div[1]/div[1]/div[0]/form[1]/div[11]/div[2]/a[0]/#text"/>
<LayoutNode BgColor="#5eab1f" ContainImg="0" ContainP="0" ContainTable="false" Content="CHO THUÊ NHÀ NGUYÊN CĂN THEO PHƯỜNG TẠI QUẬN BÌNH THẠNH " DOMCldNum="5" DoC="5" FontSize="11" FontWeight="700" FrameSourceIndex="0" ID="1-5-2-2" IsImg="false" LinkNum="0" LinkTextLen="0" ObjectRectHeight="40" ObjectRectLeft="910" ObjectRectTop="1429" ObjectRectWidth="510" SRC="&lt;div xmlns=&quot;http://www.w3.org/1999/xhtml&quot; class=&quot;tit_C&quot;&gt;                        &lt;span class=&quot;icon_star_xanh&quot;/&gt;                        Cho thuê nhà nguyên căn theo phường tại Quận Bình Thạnh                    &lt;/div&gt;" SourceIndex="3026" TextLen="54" order="13" xPath="/#document/html/body/div[4]/div[0]/div[1]/div[4]/div[0]/div[1]/#text"/>
</LayoutNode>
</LayoutNode>
<LayoutNode BgColor="#5eab1f" ContainImg="1" ContainP="0" ContainTable="false" DOMCldNum="5" DoC="5" FontSize="11" FontWeight="700" FrameSourceIndex="0" ID="1-6" IsImg="false" LinkNum="22" LinkTextLen="205" ObjectRectHeight="528" ObjectRectLeft="0" ObjectRectTop="1493" ObjectRectWidth="1420" SourceIndex="1470" TextLen="731" order="14">
<LayoutNode BgColor="#5eab1f" ContainImg="1" ContainP="0" ContainTable="false" DOMCldNum="5" DoC="5" FontSize="11" FontWeight="700" FrameSourceIndex="0" ID="1-6-1" IsImg="false" LinkNum="3" LinkTextLen="40" ObjectRectHeight="528" ObjectRectLeft="0" ObjectRectTop="1493" ObjectRectWidth="900" SourceIndex="1470" TextLen="460" order="15">
<LayoutNode BgColor="#5eab1f" ContainImg="0" ContainP="0" ContainTable="false" Content="ĐẶC ĐIỂM BẤT ĐỘNG SẢN " DOMCldNum="5" DoC="5" FontSize="11" FontWeight="700" FrameSourceIndex="0" ID="1-6-1-1" IsImg="false" LinkNum="0" LinkTextLen="0" ObjectRectHeight="22" ObjectRectLeft="0" ObjectRectTop="1493" ObjectRectWidth="900" SRC="&lt;div xmlns=&quot;http://www.w3.org/1999/xhtml&quot; class=&quot;tit_C&quot; id=&quot;dacdiembds&quot;&gt;                        &lt;span class=&quot;icon_star_xanh&quot;/&gt;                        Đặc điểm bất động sản                    &lt;/div&gt;" SourceIndex="1472" TextLen="21" order="16" xPath="/#document/html/body/div[4]/div[0]/div[0]/div[24]/div[0]/div[1]/#text"/>
<LayoutNode BgColor="#ffffff" ContainImg="0" ContainP="0" ContainTable="false" Content="Cho thuê nhà nguyên căn tại Phường 22,Quận Bình Thạnh,Hồ Chí Minh,giá Thỏa thuận,diện tích 80 m2Địa chỉ của bất động sản : 720A Điện Biên Phủ. Lần cập nhật gần đây nhất là vào : 04:43 18/03/2020 Mã tin: 4293488 Ngày đăng tin: 17/03/2020 Ngày hết hạn: 16/04/2020 Giá: Thỏa thuận Diện tích: 80 m2 Diện tích khuôn viên:_ x _ Diện tích xây dựng:_ x _ " DOMCldNum="5" DoC="8" FontSize="13" FontWeight="normal" FrameSourceIndex="0" ID="1-6-1-2" IsImg="false" LinkNum="0" LinkTextLen="0" ObjectRectHeight="193" ObjectRectLeft="0" ObjectRectTop="1539" ObjectRectWidth="900" SRC="&lt;div xmlns=&quot;http://www.w3.org/1999/xhtml&quot; class=&quot;detail_khungxam&quot;&gt;      &lt;div style=&quot;margin-bottom: 8px;font-weight:bold;&quot;&gt;&lt;h2&gt;&lt;b&gt;Cho thuê nhà nguyên căn tại Phường 22,Quận Bình Thạnh,Hồ Chí Minh,giá Thỏa thuận,diện tích 80 m2&lt;/b&gt;&lt;/h2&gt;&lt;/div&gt;      &lt;div style=&quot;margin-bottom: 8px;&quot;&gt;Địa chỉ của bất động sản : 720A Điện Biên Phủ. &lt;/div&gt;      &lt;div style=&quot;margin-bottom: 8px;&quot;&gt;Lần cập nhật gần đây nhất là vào : 04:43 18/03/2020&lt;/div&gt;                        &lt;ul class=&quot;thongsonha&quot;&gt;                            &lt;li&gt;Mã tin: 4293488&lt;/li&gt;              &lt;li&gt;Ngày đăng tin: 17/03/2020&lt;/li&gt;       &lt;li&gt;Ngày hết hạn: 16/04/2020&lt;/li&gt;       &lt;li&gt;Giá: Thỏa thuận&lt;/li&gt;       &lt;li&gt;Diện tích: 80 m2&lt;/li&gt;       &lt;li&gt;Diện tích khuôn viên:_ x _&lt;/li&gt;                            &lt;li&gt;Diện tích xây dựng:_ x _&lt;/li&gt;                                                                                                                                                                                  &lt;/ul&gt;                    &lt;/div&gt;" SourceIndex="1477" TextLen="342" order="17" xPath="/#document/html/body/div[4]/div[0]/div[0]/div[24]/div[1]/div[3]/ul[6]/li[0]/#text"/>
<LayoutNode BgColor="#ffffff" ContainImg="1" ContainP="0" ContainTable="false" Content=" " DOMCldNum="85" DoC="8" FontSize="13" FontWeight="normal" FrameSourceIndex="0" ID="1-6-1-3" IsImg="false" LinkNum="1" LinkTextLen="0" ObjectRectHeight="90" ObjectRectLeft="0" ObjectRectTop="1763" ObjectRectWidth="900" SRC="&lt;div xmlns=&quot;http://www.w3.org/1999/xhtml&quot; class=&quot;box_C khonghien_mobile&quot; id=&quot;tienich_xungquanh&quot;&gt;          &lt;a href=&quot;https://123vemaybay.vn/ve-may-bay-di-sai-gon&quot; target=&quot;_blank&quot; title=&quot;vé máy bay đi Sài Gòn (TP HCM) giá rẻ&quot;&gt;&lt;img src=&quot;http://123nhadat.vn/uploads/banners/ve-may-bay-di-sai-gon-bannerC.gif&quot;/&gt;&lt;/a&gt;         &lt;/div&gt;" SourceIndex="1528" TextLen="0" order="18" xPath="/#document/html/body/div[4]/div[0]/div[0]/div[31]/div[0]/a[0]/img"/>
<LayoutNode BgColor="#5eab1f" ContainImg="0" ContainP="0" ContainTable="false" Content="TIỆN ÍCH XUNNG QUANH " DOMCldNum="9" DoC="5" FontSize="11" FontWeight="700" FrameSourceIndex="0" ID="1-6-1-4" IsImg="false" LinkNum="0" LinkTextLen="0" ObjectRectHeight="20" ObjectRectLeft="0" ObjectRectTop="1866" ObjectRectWidth="900" SRC="&lt;div xmlns=&quot;http://www.w3.org/1999/xhtml&quot; class=&quot;tit_C&quot;&gt;                        &lt;span class=&quot;icon_star_xanh&quot;/&gt;                        Tiện ích xunng quanh                    &lt;/div&gt;" SourceIndex="1546" TextLen="20" order="19" xPath="/#document/html/body/div[4]/div[0]/div[0]/div[33]/div[0]/div[1]/#text"/>
<LayoutNode BgColor="#ffffff" ContainImg="0" ContainP="0" ContainTable="false" Content="Vị trí nhà đất Tiện ích bản đồ xung quanh " DOMCldNum="9" DoC="5" FontSize="13" FontWeight="normal" FrameSourceIndex="0" ID="1-6-1-5" IsImg="false" LinkNum="2" LinkTextLen="40" ObjectRectHeight="34" ObjectRectLeft="0" ObjectRectTop="1899" ObjectRectWidth="900" SRC="&lt;div xmlns=&quot;http://www.w3.org/1999/xhtml&quot; class=&quot;detail_C&quot;&gt;                        &lt;ul id=&quot;countrytabs&quot;&gt;                            &lt;li&gt;&lt;a class=&quot;ntctab&quot; href=&quot;#map1&quot;&gt;Vị trí nhà đất&lt;/a&gt;&lt;/li&gt;                            &lt;li&gt;&lt;a class=&quot;ntctab&quot; href=&quot;#map2&quot;&gt;Tiện ích bản đồ xung quanh&lt;/a&gt;&lt;/li&gt;                            &lt;/ul&gt;                    &lt;/div&gt;" SourceIndex="1551" TextLen="40" order="20" xPath="/#document/html/body/div[4]/div[0]/div[0]/div[33]/div[1]/div[0]/ul[1]/li[0]/a[0]/#text"/>
<LayoutNode BgColor="#ffffff" ContainImg="0" ContainP="0" ContainTable="false" Content="Chọn bán kính để xem: 500m 1km 2km 3km 5km " DOMCldNum="13" DoC="8" FontSize="13" FontWeight="normal" FrameSourceIndex="0" ID="1-6-1-6" IsImg="false" LinkNum="0" LinkTextLen="0" ObjectRectHeight="77" ObjectRectLeft="0" ObjectRectTop="1944" ObjectRectWidth="900" SRC="&lt;li xmlns=&quot;http://www.w3.org/1999/xhtml&quot;&gt;&lt;span&gt;Chọn bán kính để xem:&lt;/span&gt;&lt;/li&gt;&lt;li xmlns=&quot;http://www.w3.org/1999/xhtml&quot;&gt;&lt;input id=&quot;Checkbox6&quot; name=&quot;radNb&quot; type=&quot;radio&quot; value=&quot;500&quot;/&gt;&lt;span&gt;500m&lt;/span&gt;&lt;/li&gt;&lt;li xmlns=&quot;http://www.w3.org/1999/xhtml&quot;&gt;&lt;input id=&quot;Checkbox7&quot; name=&quot;radNb&quot; type=&quot;radio&quot; value=&quot;1000&quot;/&gt;&lt;span&gt;1km&lt;/span&gt;&lt;/li&gt;&lt;li xmlns=&quot;http://www.w3.org/1999/xhtml&quot;&gt;&lt;input id=&quot;Checkbox8&quot; name=&quot;radNb&quot; type=&quot;radio&quot; value=&quot;2000&quot;/&gt;&lt;span&gt;2km&lt;/span&gt;&lt;/li&gt;&lt;li xmlns=&quot;http://www.w3.org/1999/xhtml&quot;&gt;&lt;input id=&quot;Checkbox9&quot; name=&quot;radNb&quot; type=&quot;radio&quot; value=&quot;3000&quot;/&gt;&lt;span&gt;3km&lt;/span&gt;&lt;/li&gt;&lt;li xmlns=&quot;http://www.w3.org/1999/xhtml&quot;&gt;&lt;input id=&quot;Checkbox9&quot; name=&quot;radNb&quot; type=&quot;radio&quot; value=&quot;5000&quot;/&gt;&lt;span&gt;5km&lt;/span&gt;&lt;/li&gt;" SourceIndex="1571" TextLen="37" order="21" xPath="/#document/html/body/div[4]/div[0]/div[0]/div[33]/div[2]/div[1]/div[0]/ul[0]/li[0]/span[0]/#text"/>
</LayoutNode>
<LayoutNode BgColor="#ffffff" ContainImg="0" ContainP="0" ContainTable="false" Content="Phường 1 (2022)Phường 25 (422)Phường 12 (241)Phường 26 (235)Phường 13 (195)Phường 11 (191)Phường 24 (179)Phường 17 (169)Phường 21 (104)Phường 15 (102)Phường 19 (84)Phường 14 (61)Phường 5 (60)Phường 3 (56)Phường 6 (53)Phường 2 (41)Phường 7 (39)Phường 27 (34)Phường 28 (18) " DOMCldNum="3" DoC="8" FontSize="13" FontWeight="normal" FrameSourceIndex="0" ID="1-6-2" IsImg="false" LinkNum="19" LinkTextLen="165" ObjectRectHeight="528" ObjectRectLeft="961" ObjectRectTop="1493" ObjectRectWidth="459" SRC="&lt;ul xmlns=&quot;http://www.w3.org/1999/xhtml&quot; class=&quot;nhadatVN&quot;&gt;                                   &lt;li&gt;&lt;a href=&quot;http://123nhadat.vn/raovat-c17/cho-thue-nha-rieng-tai-phuong-1-807&quot; title=&quot;Cho thuê nhà nguyên căn tại Phường 1,Quận Bình Thạnh&quot;&gt;Phường 1&lt;/a&gt; (&lt;span style=&quot;color:green&quot;&gt;2022&lt;/span&gt;)&lt;/li&gt;                                   &lt;li&gt;&lt;a href=&quot;http://123nhadat.vn/raovat-c17/cho-thue-nha-rieng-tai-phuong-25-927&quot; title=&quot;Cho thuê nhà nguyên căn tại Phường 25,Quận Bình Thạnh&quot;&gt;Phường 25&lt;/a&gt; (&lt;span style=&quot;color:green&quot;&gt;422&lt;/span&gt;)&lt;/li&gt;                                   &lt;li&gt;&lt;a href=&quot;http://123nhadat.vn/raovat-c17/cho-thue-nha-rieng-tai-phuong-12-856&quot; title=&quot;Cho thuê nhà nguyên căn tại Phường 12,Quận Bình Thạnh&quot;&gt;Phường 12&lt;/a&gt; (&lt;span style=&quot;color:green&quot;&gt;241&lt;/span&gt;)&lt;/li&gt;                                   &lt;li&gt;&lt;a href=&quot;http://123nhadat.vn/raovat-c17/cho-thue-nha-rieng-tai-phuong-26-928&quot; title=&quot;Cho thuê nhà nguyên căn tại Phường 26,Quận Bình Thạnh&quot;&gt;Phường 26&lt;/a&gt; (&lt;span style=&quot;color:green&quot;&gt;235&lt;/span&gt;)&lt;/li&gt;                                   &lt;li&gt;&lt;a href=&quot;http://123nhadat.vn/raovat-c17/cho-thue-nha-rieng-tai-phuong-13-868&quot; title=&quot;Cho thuê nhà nguyên căn tại Phường 13,Quận Bình Thạnh&quot;&gt;Phường 13&lt;/a&gt; (&lt;span style=&quot;color:green&quot;&gt;195&lt;/span&gt;)&lt;/li&gt;                                   &lt;li&gt;&lt;a href=&quot;http://123nhadat.vn/raovat-c17/cho-thue-nha-rieng-tai-phuong-11-843&quot; title=&quot;Cho thuê nhà nguyên căn tại Phường 11,Quận Bình Thạnh&quot;&gt;Phường 11&lt;/a&gt; (&lt;span style=&quot;color:green&quot;&gt;191&lt;/span&gt;)&lt;/li&gt;                                   &lt;li&gt;&lt;a href=&quot;http://123nhadat.vn/raovat-c17/cho-thue-nha-rieng-tai-phuong-24-926&quot; title=&quot;Cho thuê nhà nguyên căn tại Phường 24,Quận Bình Thạnh&quot;&gt;Phường 24&lt;/a&gt; (&lt;span style=&quot;color:green&quot;&gt;179&lt;/span&gt;)&lt;/li&gt;                                   &lt;li&gt;&lt;a href=&quot;http://123nhadat.vn/raovat-c17/cho-thue-nha-rieng-tai-phuong-17-897&quot; title=&quot;Cho thuê nhà nguyên căn tại Phường 17,Quận Bình Thạnh&quot;&gt;Phường 17&lt;/a&gt; (&lt;span style=&quot;color:green&quot;&gt;169&lt;/span&gt;)&lt;/li&gt;                                   &lt;li&gt;&lt;a href=&quot;http://123nhadat.vn/raovat-c17/cho-thue-nha-rieng-tai-phuong-21-924&quot; title=&quot;Cho thuê nhà nguyên căn tại Phường 21,Quận Bình Thạnh&quot;&gt;Phường 21&lt;/a&gt; (&lt;span style=&quot;color:green&quot;&gt;104&lt;/span&gt;)&lt;/li&gt;                                   &lt;li&gt;&lt;a href=&quot;http://123nhadat.vn/raovat-c17/cho-thue-nha-rieng-tai-phuong-15-888&quot; title=&quot;Cho thuê nhà nguyên căn tại Phường 15,Quận Bình Thạnh&quot;&gt;Phường 15&lt;/a&gt; (&lt;span style=&quot;color:green&quot;&gt;102&lt;/span&gt;)&lt;/li&gt;                                   &lt;li&gt;&lt;a href=&quot;http://123nhadat.vn/raovat-c17/cho-thue-nha-rieng-tai-phuong-19-899&quot; title=&quot;Cho thuê nhà nguyên căn tại Phường 19,Quận Bình Thạnh&quot;&gt;Phường 19&lt;/a&gt; (&lt;span style=&quot;color:green&quot;&gt;84&lt;/span&gt;)&lt;/li&gt;                                   &lt;li&gt;&lt;a href=&quot;http://123nhadat.vn/raovat-c17/cho-thue-nha-rieng-tai-phuong-14-879&quot; title=&quot;Cho thuê nhà nguyên căn tại Phường 14,Quận Bình Thạnh&quot;&gt;Phường 14&lt;/a&gt; (&lt;span style=&quot;color:green&quot;&gt;61&lt;/span&gt;)&lt;/li&gt;                                   &lt;li&gt;&lt;a href=&quot;http://123nhadat.vn/raovat-c17/cho-thue-nha-rieng-tai-phuong-5-986&quot; title=&quot;Cho thuê nhà nguyên căn tại Phường 5,Quận Bình Thạnh&quot;&gt;Phường 5&lt;/a&gt; (&lt;span style=&quot;color:green&quot;&gt;60&lt;/span&gt;)&lt;/li&gt;                                   &lt;li&gt;&lt;a href=&quot;http://123nhadat.vn/raovat-c17/cho-thue-nha-rieng-tai-phuong-3-940&quot; title=&quot;Cho thuê nhà nguyên căn tại Phường 3,Quận Bình Thạnh&quot;&gt;Phường 3&lt;/a&gt; (&lt;span style=&quot;color:green&quot;&gt;56&lt;/span&gt;)&lt;/li&gt;                                   &lt;li&gt;&lt;a href=&quot;http://123nhadat.vn/raovat-c17/cho-thue-nha-rieng-tai-phuong-6-1004&quot; title=&quot;Cho thuê nhà nguyên căn tại Phường 6,Quận Bình Thạnh&quot;&gt;Phường 6&lt;/a&gt; (&lt;span style=&quot;color:green&quot;&gt;53&lt;/span&gt;)&lt;/li&gt;                                   &lt;li&gt;&lt;a href=&quot;http://123nhadat.vn/raovat-c17/cho-thue-nha-rieng-tai-phuong-2-908&quot; title=&quot;Cho thuê nhà nguyên căn tại Phường 2,Quận Bình Thạnh&quot;&gt;Phường 2&lt;/a&gt; (&lt;span style=&quot;color:green&quot;&gt;41&lt;/span&gt;)&lt;/li&gt;                                   &lt;li&gt;&lt;a href=&quot;http://123nhadat.vn/raovat-c17/cho-thue-nha-rieng-tai-phuong-7-1022&quot; title=&quot;Cho thuê nhà nguyên căn tại Phường 7,Quận Bình Thạnh&quot;&gt;Phường 7&lt;/a&gt; (&lt;span style=&quot;color:green&quot;&gt;39&lt;/span&gt;)&lt;/li&gt;                                   &lt;li&gt;&lt;a href=&quot;http://123nhadat.vn/raovat-c17/cho-thue-nha-rieng-tai-phuong-27-929&quot; title=&quot;Cho thuê nhà nguyên căn tại Phường 27,Quận Bình Thạnh&quot;&gt;Phường 27&lt;/a&gt; (&lt;span style=&quot;color:green&quot;&gt;34&lt;/span&gt;)&lt;/li&gt;                                   &lt;li&gt;&lt;a href=&quot;http://123nhadat.vn/raovat-c17/cho-thue-nha-rieng-tai-phuong-28-930&quot; title=&quot;Cho thuê nhà nguyên căn tại Phường 28,Quận Bình Thạnh&quot;&gt;Phường 28&lt;/a&gt; (&lt;span style=&quot;color:green&quot;&gt;18&lt;/span&gt;)&lt;/li&gt;                               &lt;/ul&gt;" SourceIndex="3033" TextLen="271" order="22" xPath="/#document/html/body/div[4]/div[0]/div[1]/div[4]/div[1]/div[0]/ul[18]/li[2]/#text"/>
</LayoutNode>
<LayoutNode BgColor="#ffffff" ContainImg="1" ContainP="0" ContainTable="false" DOMCldNum="7" DoC="5" FontSize="13" FontWeight="normal" FrameSourceIndex="0" ID="1-7" IsImg="false" LinkNum="3" LinkTextLen="22" ObjectRectHeight="457" ObjectRectLeft="0" ObjectRectTop="2046" ObjectRectWidth="1420" SourceIndex="1569" TextLen="290" order="23">
<LayoutNode BgColor="#ffffff" ContainImg="0" ContainP="0" ContainTable="false" Content="Các nhà đất trong cùng khu vực BDS xung quanh Diện tích Giá Khoảng cách Để xem các nhà đất khác xung quanh vị trí nhà đất hiện tại bạn vui lòng chọn phạm vi bán kính muốn xem " DOMCldNum="7" DoC="8" FontSize="13" FontWeight="normal" FrameSourceIndex="0" ID="1-7-1" IsImg="false" LinkNum="0" LinkTextLen="0" ObjectRectHeight="457" ObjectRectLeft="0" ObjectRectTop="2046" ObjectRectWidth="889" SRC="&lt;div xmlns=&quot;http://www.w3.org/1999/xhtml&quot; class=&quot;list_tienich&quot;&gt;                                &lt;div class=&quot;tit_list_tienich&quot; id=&quot;total_property&quot;&gt;Các nhà đất trong cùng khu vực&lt;/div&gt;                                &lt;div class=&quot;nhaxungquanh&quot;&gt;                                    &lt;span&gt;BDS xung quanh&lt;/span&gt;                                    &lt;label&gt;Diện tích&lt;/label&gt;                                    &lt;strong&gt;Giá&lt;/strong&gt;                                    &lt;span&gt;Khoảng cách&lt;/span&gt;                                &lt;/div&gt;                                &lt;div class=&quot;detail_list_nhaxungquanh tienich_scroll_no&quot; id=&quot;local_info&quot;&gt;                                                                            Để xem các nhà đất khác xung quanh vị trí nhà đất hiện tại bạn vui lòng chọn phạm vi bán kính muốn xem                                                                   &lt;/div&gt;                            &lt;/div&gt;" SourceIndex="1606" TextLen="169" order="24" xPath="/#document/html/body/div[4]/div[0]/div[0]/div[33]/div[2]/div[1]/div[2]/div[2]/div[0]/#text"/>
<LayoutNode BgColor="#5eab1f" ContainImg="1" ContainP="0" ContainTable="false" DOMCldNum="5" DoC="5" FontSize="11" FontWeight="700" FrameSourceIndex="0" ID="1-7-2" IsImg="false" LinkNum="3" LinkTextLen="22" ObjectRectHeight="457" ObjectRectLeft="910" ObjectRectTop="2046" ObjectRectWidth="510" SourceIndex="3195" TextLen="121" order="25">
<LayoutNode BgColor="#5eab1f" ContainImg="0" ContainP="0" ContainTable="false" Content="LIÊN HỆ NGƯỜI ĐĂNG TIN " DOMCldNum="5" DoC="5" FontSize="11" FontWeight="700" FrameSourceIndex="0" ID="1-7-2-1" IsImg="false" LinkNum="0" LinkTextLen="0" ObjectRectHeight="23" ObjectRectLeft="910" ObjectRectTop="2046" ObjectRectWidth="510" SRC="&lt;div xmlns=&quot;http://www.w3.org/1999/xhtml&quot; class=&quot;tit_C&quot;&gt;                        &lt;span class=&quot;icon_star_xanh&quot;/&gt;                        Liên hệ người đăng tin                    &lt;/div&gt;" SourceIndex="3197" TextLen="22" order="26" xPath="/#document/html/body/div[4]/div[0]/div[1]/div[7]/div[0]/div[1]/#text"/>
<LayoutNode BgColor="#ffffff" ContainImg="1" ContainP="0" ContainTable="false" Content="anhbao8488 Phone: 0938899774 Đang rao 49 nhà đất   Họ và tên: Mobile: Email: Tiêu đề: Tin nhắn: Gửi tin nhắn " DOMCldNum="5" DoC="8" FontSize="13" FontWeight="normal" FrameSourceIndex="0" ID="1-7-2-2" IsImg="false" LinkNum="3" LinkTextLen="22" ObjectRectHeight="410" ObjectRectLeft="910" ObjectRectTop="2093" ObjectRectWidth="510" SRC="&lt;div xmlns=&quot;http://www.w3.org/1999/xhtml&quot; class=&quot;detail_R&quot;&gt;                        &lt;div class=&quot;box_moigioi border_none lienhe_dangtin_R&quot;&gt;                            &lt;div class=&quot;img_moigioi&quot;&gt;&lt;a href=&quot;http://123nhadat.vn/thanhvien/tinrao/232149&quot;&gt;&lt;img align=&quot;middle&quot; alt=&quot;anhbao8488&quot; class=&quot;img&quot; height=&quot;50&quot; src=&quot;http://123nhadat.vn/uploads/pictures/avatar2.gif&quot; width=&quot;50&quot;/&gt;&lt;/a&gt;&lt;/div&gt;                            &lt;ul&gt;                                &lt;li&gt;&lt;a href=&quot;http://123nhadat.vn/thanhvien/tinrao/232149&quot; title=&quot;Xem toàn bộ tin rao của anhbao8488&quot;&gt;anhbao8488&lt;/a&gt;&lt;/li&gt;                                                                &lt;li&gt;Phone: 0938899774&lt;/li&gt;                                &lt;li&gt;Đang rao &lt;b style=&quot;color:green&quot;&gt;49&lt;/b&gt; nhà đất&lt;/li&gt;        &lt;li&gt; &lt;/li&gt;                            &lt;/ul&gt;                        &lt;/div&gt;      &lt;form action=&quot;&quot; id=&quot;sendMessForm&quot; name=&quot;sendMessForm&quot;&gt;      &lt;input id=&quot;txtMsgTo&quot; name=&quot;txtMsgTo&quot; type=&quot;hidden&quot; value=&quot;vyttt@yourland.vn&quot;/&gt;                              &lt;div class=&quot;row_lienheR&quot;&gt;                            &lt;label&gt;Họ và tên:&lt;/label&gt;                            &lt;input id=&quot;nameSender&quot; name=&quot;nameSender&quot; placeholder=&quot;Họ tên bạn&quot; type=&quot;text&quot; value=&quot;&quot;/&gt;                        &lt;/div&gt;                        &lt;div class=&quot;row_lienheR&quot;&gt;                            &lt;label&gt;Mobile:&lt;/label&gt;                            &lt;input id=&quot;mobiSender&quot; name=&quot;mobiSender&quot; placeholder=&quot;Di động của bạn&quot; type=&quot;text&quot; value=&quot;&quot;/&gt;                        &lt;/div&gt;                        &lt;div class=&quot;row_lienheR&quot;&gt;                            &lt;label&gt;Email:&lt;/label&gt;                            &lt;input id=&quot;emailSender&quot; name=&quot;emailSender&quot; placeholder=&quot;Email của bạn&quot; type=&quot;text&quot; value=&quot;&quot;/&gt;                        &lt;/div&gt;                              &lt;div class=&quot;row_lienheR&quot;&gt;                            &lt;label&gt;Tiêu đề:&lt;/label&gt;                            &lt;input id=&quot;txtMsgTitle&quot; name=&quot;txtMsgTitle&quot; placeholder=&quot;Tiêu đề tin nhắn&quot; type=&quot;text&quot; value=&quot;Liên hệ từ tin ID: 4293488&quot;/&gt;                        &lt;/div&gt;                        &lt;div class=&quot;row_lienheR&quot;&gt;                            &lt;label&gt;Tin nhắn:&lt;/label&gt;                            &lt;textarea cols=&quot;23&quot; id=&quot;mess_content&quot; name=&quot;mess_content&quot; placeholder=&quot;Nội dung tin nhắn&quot; rows=&quot;3&quot;/&gt;                        &lt;/div&gt;                        &lt;!-- &lt;div class=&quot;row_timkiemR&quot;&gt;                            &lt;input id=&quot;sendmsg&quot; class=&quot;bt_cam&quot; type=&quot;submit&quot; value=&quot;Gửi tin nhắn&quot;&gt;                        &lt;/div&gt; --&gt;      &lt;div class=&quot;row_lienheR&quot;&gt;                            &lt;a class=&quot;bt_cam&quot; href=&quot;javascript:void(0)&quot; onclick=&quot;$('#sendMessForm').submit();&quot;&gt;Gửi tin nhắn&lt;/a&gt;                        &lt;/div&gt;      &lt;/form&gt;                    &lt;/div&gt;" SourceIndex="3202" TextLen="99" order="27" xPath="/#document/html/body/div[4]/div[0]/div[1]/div[7]/div[1]/div[1]/form[7]/div[0]/a[0]/#text"/>
</LayoutNode>
</LayoutNode>
<LayoutNode BgColor="#ffffff" ContainImg="0" ContainP="0" ContainTable="false" Content="Chọn bán kính để xem: 500m 1km 2km 3km 5km " DOMCldNum="13" DoC="8" FontSize="13" FontWeight="normal" FrameSourceIndex="0" ID="1-8" IsImg="false" LinkNum="0" LinkTextLen="0" ObjectRectHeight="34" ObjectRectLeft="0" ObjectRectTop="2513" ObjectRectWidth="1420" SRC="&lt;li xmlns=&quot;http://www.w3.org/1999/xhtml&quot;&gt;&lt;span&gt;Chọn bán kính để xem:&lt;/span&gt;&lt;/li&gt;&lt;li xmlns=&quot;http://www.w3.org/1999/xhtml&quot;&gt;&lt;input id=&quot;Checkbox6&quot; name=&quot;radSchool&quot; type=&quot;radio&quot; value=&quot;500&quot;/&gt;&lt;span&gt;500m&lt;/span&gt;&lt;/li&gt;&lt;li xmlns=&quot;http://www.w3.org/1999/xhtml&quot;&gt;&lt;input id=&quot;Checkbox7&quot; name=&quot;radSchool&quot; type=&quot;radio&quot; value=&quot;1000&quot;/&gt;&lt;span&gt;1km&lt;/span&gt;&lt;/li&gt;&lt;li xmlns=&quot;http://www.w3.org/1999/xhtml&quot;&gt;&lt;input id=&quot;Checkbox8&quot; name=&quot;radSchool&quot; type=&quot;radio&quot; value=&quot;2000&quot;/&gt;&lt;span&gt;2km&lt;/span&gt;&lt;/li&gt;&lt;li xmlns=&quot;http://www.w3.org/1999/xhtml&quot;&gt;&lt;input id=&quot;Checkbox9&quot; name=&quot;radSchool&quot; type=&quot;radio&quot; value=&quot;3000&quot;/&gt;&lt;span&gt;3km&lt;/span&gt;&lt;/li&gt;&lt;li xmlns=&quot;http://www.w3.org/1999/xhtml&quot;&gt;&lt;input id=&quot;Checkbox9&quot; name=&quot;radSchool&quot; type=&quot;radio&quot; value=&quot;5000&quot;/&gt;&lt;span&gt;5km&lt;/span&gt;&lt;/li&gt;" SourceIndex="1633" TextLen="37" order="28" xPath="/#document/html/body/div[4]/div[0]/div[0]/div[33]/div[2]/div[2]/div[0]/ul[0]/li[0]/span[0]/#text"/>
<LayoutNode BgColor="#ffffff" ContainImg="0" ContainP="0" ContainTable="false" Content="Trường học Bệnh viện Cơ quan hành chính Chùa-Nhà thờ " DOMCldNum="11" DoC="8" FontSize="13" FontWeight="normal" FrameSourceIndex="0" ID="1-9" IsImg="false" LinkNum="0" LinkTextLen="0" ObjectRectHeight="34" ObjectRectLeft="0" ObjectRectTop="2557" ObjectRectWidth="1420" SRC="&lt;li xmlns=&quot;http://www.w3.org/1999/xhtml&quot;&gt;&lt;input checked=&quot;&quot; id=&quot;school_local&quot; name=&quot;local_group[]&quot; type=&quot;checkbox&quot;/&gt;&lt;span class=&quot;place_01&quot;&gt;Trường học&lt;/span&gt;&lt;/li&gt;&lt;li xmlns=&quot;http://www.w3.org/1999/xhtml&quot;&gt;&lt;input checked=&quot;&quot; id=&quot;hospital_local&quot; name=&quot;local_group[]&quot; type=&quot;checkbox&quot;/&gt;&lt;span class=&quot;place_02&quot;&gt;Bệnh viện&lt;/span&gt;&lt;/li&gt;&lt;li xmlns=&quot;http://www.w3.org/1999/xhtml&quot;&gt;&lt;input checked=&quot;&quot; id=&quot;market_local&quot; name=&quot;local_group[]&quot; type=&quot;checkbox&quot;/&gt;&lt;span class=&quot;place_03&quot;&gt;Cơ quan hành chính&lt;/span&gt;&lt;/li&gt;&lt;li xmlns=&quot;http://www.w3.org/1999/xhtml&quot;&gt;&lt;input checked=&quot;&quot; id=&quot;pagoda_local&quot; name=&quot;local_group[]&quot; type=&quot;checkbox&quot;/&gt;&lt;span class=&quot;place_09&quot;&gt;Chùa-Nhà thờ&lt;/span&gt;&lt;/li&gt;" SourceIndex="1665" TextLen="49" order="29" xPath="/#document/html/body/div[4]/div[0]/div[0]/div[33]/div[2]/div[2]/div[1]/ul[0]/li[1]/span[0]/#text"/>
<LayoutNode BgColor="#5eab1f" ContainImg="0" ContainP="0" ContainTable="false" Content="CHO THUÊ NHÀ NGUYÊN CĂN THEO ĐƯỜNG/PHỐ TẠI QUẬN BÌNH THẠNH " DOMCldNum="5" DoC="5" FontSize="11" FontWeight="700" FrameSourceIndex="0" ID="1-10" IsImg="false" LinkNum="0" LinkTextLen="0" ObjectRectHeight="40" ObjectRectLeft="0" ObjectRectTop="2714" ObjectRectWidth="1420" SRC="&lt;div xmlns=&quot;http://www.w3.org/1999/xhtml&quot; class=&quot;tit_C&quot;&gt;                        &lt;span class=&quot;icon_star_xanh&quot;/&gt;                        Cho thuê nhà nguyên căn theo đường/phố tại Quận Bình Thạnh                    &lt;/div&gt;" SourceIndex="3299" TextLen="57" order="30" xPath="/#document/html/body/div[4]/div[0]/div[1]/div[10]/div[0]/div[1]/#text"/>
<LayoutNode BgColor="#ffffff" ContainImg="1" ContainP="0" ContainTable="false" DOMCldNum="9" DoC="5" FontSize="13" FontWeight="normal" FrameSourceIndex="0" ID="1-11" IsImg="false" LinkNum="24" LinkTextLen="394" ObjectRectHeight="631" ObjectRectLeft="0" ObjectRectTop="2778" ObjectRectWidth="1420" SourceIndex="1631" TextLen="962" order="31">
<LayoutNode BgColor="#ffffff" ContainImg="1" ContainP="0" ContainTable="false" DOMCldNum="9" DoC="5" FontSize="13" FontWeight="normal" FrameSourceIndex="0" ID="1-11-1" IsImg="false" LinkNum="3" LinkTextLen="23" ObjectRectHeight="631" ObjectRectLeft="0" ObjectRectTop="2778" ObjectRectWidth="889" SourceIndex="1631" TextLen="465" order="32">
<LayoutNode BgColor="#ffffff" ContainImg="0" ContainP="0" ContainTable="false" Content="Các địa điểmĐịa điểmKhoảng cách Vui lòng chọn bán kính và loại địa điểm muốn xem ở trên " DOMCldNum="9" DoC="8" FontSize="13" FontWeight="normal" FrameSourceIndex="0" ID="1-11-1-1" IsImg="false" LinkNum="0" LinkTextLen="0" ObjectRectHeight="337" ObjectRectLeft="0" ObjectRectTop="2778" ObjectRectWidth="889" SRC="&lt;div xmlns=&quot;http://www.w3.org/1999/xhtml&quot; class=&quot;list_tienich&quot;&gt;                                &lt;div class=&quot;tit_list_tienich&quot; id=&quot;total_pos&quot;&gt;Các địa điểm&lt;/div&gt;                                &lt;div class=&quot;diadiem_khoangcach&quot;&gt;&lt;label&gt;Địa điểm&lt;/label&gt;&lt;span&gt;Khoảng cách&lt;/span&gt;&lt;/div&gt;                                &lt;div class=&quot;detail_list_tienich tienich_scroll_no&quot; id=&quot;local_group&quot;&gt;                                    Vui lòng chọn bán kính và loại địa điểm muốn xem ở trên                                &lt;/div&gt;                            &lt;/div&gt;" SourceIndex="1693" TextLen="86" order="33" xPath="/#document/html/body/div[4]/div[0]/div[0]/div[33]/div[2]/div[2]/div[3]/div[2]/div[0]/#text"/>
<LayoutNode BgColor="#5eab1f" ContainImg="0" ContainP="0" ContainTable="false" Content="CHO THUÊ NHÀ NGUYÊN CĂN TẠI PHƯỜNG 22 " DOMCldNum="85" DoC="5" FontSize="11" FontWeight="700" FrameSourceIndex="0" ID="1-11-1-2" IsImg="false" LinkNum="0" LinkTextLen="0" ObjectRectHeight="20" ObjectRectLeft="0" ObjectRectTop="3149" ObjectRectWidth="889" SRC="&lt;div xmlns=&quot;http://www.w3.org/1999/xhtml&quot; class=&quot;tit_C&quot;&gt;                        &lt;span class=&quot;icon_star_xanh&quot;/&gt;                        Cho thuê nhà nguyên căn tại Phường 22                    &lt;/div&gt;" SourceIndex="1732" TextLen="37" order="34" xPath="/#document/html/body/div[4]/div[0]/div[0]/div[37]/div[1]/#text"/>
<LayoutNode BgColor="#ffffff" ContainImg="1" ContainP="0" ContainTable="false" DOMCldNum="5" DoC="5" FontSize="13" FontWeight="normal" FrameSourceIndex="0" ID="1-11-1-3" IsImg="false" LinkNum="3" LinkTextLen="23" ObjectRectHeight="184" ObjectRectLeft="0" ObjectRectTop="3225" ObjectRectWidth="889" SourceIndex="1747" TextLen="342" order="35">
<LayoutNode BgColor="#ffffff" ContainImg="0" ContainP="0" ContainTable="false" Content="Cho thuê nhà nguyên căn " DOMCldNum="5" DoC="5" FontSize="13" FontWeight="normal" FrameSourceIndex="0" ID="1-11-1-3-1" IsImg="false" LinkNum="1" LinkTextLen="23" ObjectRectHeight="35" ObjectRectLeft="0" ObjectRectTop="3225" ObjectRectWidth="889" SRC="&lt;div xmlns=&quot;http://www.w3.org/1999/xhtml&quot; class=&quot;tit_nhadatban&quot;&gt;                            &lt;h4&gt;&lt;a href=&quot;http://123nhadat.vn/raovat-t4294037/cho-thue-nha-rieng-tai-duong-nguyen-thuong-hien/gia-6-trieu-thang-dien-tich-60.html&quot; title=&quot;Cho thuê nhà nguyên căn&quot;&gt;Cho thuê nhà nguyên căn&lt;/a&gt;&lt;/h4&gt;                        &lt;/div&gt;" SourceIndex="1749" TextLen="23" order="36" xPath="/#document/html/body/div[4]/div[0]/div[0]/div[38]/div[1]/div[0]/div[0]/h4[0]/a[0]/#text"/>
<LayoutNode BgColor="#ffffff" ContainImg="1" ContainP="0" ContainTable="false" Content="Cập nhật 16 ngày trước Diện tích: 60 m2 Khu vực: Quận Bình Thạnh, Hồ Chí Minh 6 Triệu/tháng Cho thuê nhà hẻm nguyên căn trên đường Nguyễn Thượng Hiền,.Diện tích 58.7 m2,nhà có cửa hậu,thoáng mát, đồng hồ điện,nước riêng.Nhà gần chợ,trường học,khu dân cư,siêu thị.Thông tin chi tiết vui lòng liên hệ chị Thi số điện thoại 0... " DOMCldNum="5" DoC="8" FontSize="13" FontWeight="normal" FrameSourceIndex="0" ID="1-11-1-3-2" IsImg="false" LinkNum="2" LinkTextLen="0" ObjectRectHeight="135" ObjectRectLeft="0" ObjectRectTop="3274" ObjectRectWidth="889" SRC="&lt;div xmlns=&quot;http://www.w3.org/1999/xhtml&quot; class=&quot;detail_nhadatban&quot;&gt;                            &lt;div class=&quot;img_nhadatban&quot;&gt;                                &lt;a href=&quot;http://123nhadat.vn/raovat-t4294037/cho-thue-nha-rieng-tai-duong-nguyen-thuong-hien/gia-6-trieu-thang-dien-tich-60.html&quot;&gt;&lt;img alt=&quot;Cho thuê nhà nguyên căn&quot; src=&quot;http://123nhadat.vn/thumbs/155x112/raovat/nhadat_1585367472_guEP.jpg&quot;/&gt;&lt;/a&gt;                                &lt;span class=&quot;masotin&quot;&gt;MST: 4294037&lt;/span&gt;                                &lt;/div&gt;       &lt;div class=&quot;text_nhadatban&quot;&gt;                                &lt;div class=&quot;info_nhadatban&quot;&gt;                                    &lt;ul&gt;                                    &lt;li&gt;&lt;span class=&quot;datetime&quot;&gt;Cập nhật &lt;span class=&quot;timecolor&quot;&gt;16 ngày trước&lt;/span&gt;&lt;/span&gt;&lt;/li&gt;                                    &lt;li&gt;Diện tích: &lt;span class=&quot;saleboldtext&quot;&gt;60 m2&lt;/span&gt;&lt;/li&gt;                                    &lt;li&gt;Khu vực: &lt;span class=&quot;saleboldtext&quot;&gt;Quận Bình Thạnh, Hồ Chí Minh&lt;/span&gt;&lt;/li&gt;                                &lt;/ul&gt;                                &lt;/div&gt;                                &lt;div class=&quot;contact_nhadatban&quot;&gt;                                    &lt;ul&gt;          &lt;li&gt;           &lt;span id=&quot;luu_4294037&quot;&gt;&lt;a class=&quot;bt_save&quot; href=&quot;javascript:void(0)&quot; onclick=&quot;UpdateListingListRV(0,4294037)&quot; title=&quot;Lưu tin này vào trong danh sách các nhà đất bạn quan tâm,để bạn có thể tiện theo dõi&quot;/&gt;&lt;/span&gt;          &lt;/li&gt;          &lt;li class=&quot;gia&quot;&gt;&lt;strong class=&quot;camcam&quot;&gt;6 Triệu/tháng&lt;/strong&gt;&lt;/li&gt;         &lt;/ul&gt;                                &lt;/div&gt;                            &lt;/div&gt;                            &lt;div class=&quot;description_nhadatban&quot;&gt;                                Cho thuê nhà hẻm nguyên căn trên đường Nguyễn Thượng Hiền,.Diện tích 58.7 m2,nhà có cửa hậu,thoáng mát, đồng hồ điện,nước riêng.Nhà gần chợ,trường học,khu dân cư,siêu thị.Thông tin chi tiết vui lòng liên hệ chị Thi số điện thoại 0...                            &lt;/div&gt;                        &lt;/div&gt;" SourceIndex="1756" TextLen="319" order="37" xPath="/#document/html/body/div[4]/div[0]/div[0]/div[38]/div[1]/div[1]/div[2]/div[0]/#text"/>
</LayoutNode>
</LayoutNode>
<LayoutNode BgColor="#ffffff" ContainImg="0" ContainP="0" ContainTable="false" Content="Đường Xô Viết Nghệ Tĩnh (602)Đường Nguyễn Hữu Cảnh (601)Đường Điện Biên Phủ (569)Đường Bùi Đình Túy (529)Đường D2 (508)Đường Nơ Trang Long (420)Đường Chu Văn An (399)Đường Bạch Đằng (360)Đường Hoàng Hoa Thám (340)Đường Nguyễn Cửu Vân (298)Đường Nguyễn Văn Đậu (281)Đường D1 (277)Đường Phan Văn Trị (260)Đường Nguyễn Xí (249)Đường Đinh Bộ Lĩnh (235)Đường Lê Quang Định (225)Đường Đinh Tiên Hoàng (212)Đường Ung Văn Khiêm (159)Đường Nguyễn Thượng Hiền (159)Đường Ngô Tất Tố (158)Đường Bình Lợi (155) " DOMCldNum="3" DoC="8" FontSize="13" FontWeight="normal" FrameSourceIndex="0" ID="1-11-2" IsImg="false" LinkNum="21" LinkTextLen="371" ObjectRectHeight="631" ObjectRectLeft="961" ObjectRectTop="2778" ObjectRectWidth="459" SRC="&lt;ul xmlns=&quot;http://www.w3.org/1999/xhtml&quot; class=&quot;nhadatVN&quot;&gt;                                   &lt;li&gt;&lt;a href=&quot;http://123nhadat.vn/raovat-c17/cho-thue-nha-rieng-tai-duong-xo-viet-nghe-tinh-20729&quot; title=&quot;Cho thuê nhà nguyên căn tại Đường Xô Viết Nghệ Tĩnh,Quận Bình Thạnh&quot;&gt;Đường Xô Viết Nghệ Tĩnh&lt;/a&gt; (&lt;span style=&quot;color:green&quot;&gt;602&lt;/span&gt;)&lt;/li&gt;                                   &lt;li&gt;&lt;a href=&quot;http://123nhadat.vn/raovat-c17/cho-thue-nha-rieng-tai-duong-nguyen-huu-canh-16099&quot; title=&quot;Cho thuê nhà nguyên căn tại Đường Nguyễn Hữu Cảnh,Quận Bình Thạnh&quot;&gt;Đường Nguyễn Hữu Cảnh&lt;/a&gt; (&lt;span style=&quot;color:green&quot;&gt;601&lt;/span&gt;)&lt;/li&gt;                                   &lt;li&gt;&lt;a href=&quot;http://123nhadat.vn/raovat-c17/cho-thue-nha-rieng-tai-duong-dien-bien-phu-21117&quot; title=&quot;Cho thuê nhà nguyên căn tại Đường Điện Biên Phủ,Quận Bình Thạnh&quot;&gt;Đường Điện Biên Phủ&lt;/a&gt; (&lt;span style=&quot;color:green&quot;&gt;569&lt;/span&gt;)&lt;/li&gt;                                   &lt;li&gt;&lt;a href=&quot;http://123nhadat.vn/raovat-c17/cho-thue-nha-rieng-tai-duong-bui-dinh-tuy-12484&quot; title=&quot;Cho thuê nhà nguyên căn tại Đường Bùi Đình Túy,Quận Bình Thạnh&quot;&gt;Đường Bùi Đình Túy&lt;/a&gt; (&lt;span style=&quot;color:green&quot;&gt;529&lt;/span&gt;)&lt;/li&gt;                                   &lt;li&gt;&lt;a href=&quot;http://123nhadat.vn/raovat-c17/cho-thue-nha-rieng-tai-duong-d2-12919&quot; title=&quot;Cho thuê nhà nguyên căn tại Đường D2,Quận Bình Thạnh&quot;&gt;Đường D2&lt;/a&gt; (&lt;span style=&quot;color:green&quot;&gt;508&lt;/span&gt;)&lt;/li&gt;                                   &lt;li&gt;&lt;a href=&quot;http://123nhadat.vn/raovat-c17/cho-thue-nha-rieng-tai-duong-no-trang-long-17157&quot; title=&quot;Cho thuê nhà nguyên căn tại Đường Nơ Trang Long,Quận Bình Thạnh&quot;&gt;Đường Nơ Trang Long&lt;/a&gt; (&lt;span style=&quot;color:green&quot;&gt;420&lt;/span&gt;)&lt;/li&gt;                                   &lt;li&gt;&lt;a href=&quot;http://123nhadat.vn/raovat-c17/cho-thue-nha-rieng-tai-duong-chu-van-an-12748&quot; title=&quot;Cho thuê nhà nguyên căn tại Đường Chu Văn An,Quận Bình Thạnh&quot;&gt;Đường Chu Văn An&lt;/a&gt; (&lt;span style=&quot;color:green&quot;&gt;399&lt;/span&gt;)&lt;/li&gt;                                   &lt;li&gt;&lt;a href=&quot;http://123nhadat.vn/raovat-c17/cho-thue-nha-rieng-tai-duong-bach-dang-12227&quot; title=&quot;Cho thuê nhà nguyên căn tại Đường Bạch Đằng,Quận Bình Thạnh&quot;&gt;Đường Bạch Đằng&lt;/a&gt; (&lt;span style=&quot;color:green&quot;&gt;360&lt;/span&gt;)&lt;/li&gt;                                   &lt;li&gt;&lt;a href=&quot;http://123nhadat.vn/raovat-c17/cho-thue-nha-rieng-tai-duong-hoang-hoa-tham-13629&quot; title=&quot;Cho thuê nhà nguyên căn tại Đường Hoàng Hoa Thám,Quận Bình Thạnh&quot;&gt;Đường Hoàng Hoa Thám&lt;/a&gt; (&lt;span style=&quot;color:green&quot;&gt;340&lt;/span&gt;)&lt;/li&gt;                                   &lt;li&gt;&lt;a href=&quot;http://123nhadat.vn/raovat-c17/cho-thue-nha-rieng-tai-duong-nguyen-cuu-van-15940&quot; title=&quot;Cho thuê nhà nguyên căn tại Đường Nguyễn Cửu Vân,Quận Bình Thạnh&quot;&gt;Đường Nguyễn Cửu Vân&lt;/a&gt; (&lt;span style=&quot;color:green&quot;&gt;298&lt;/span&gt;)&lt;/li&gt;                                   &lt;li&gt;&lt;a href=&quot;http://123nhadat.vn/raovat-c17/cho-thue-nha-rieng-tai-duong-nguyen-van-dau-17017&quot; title=&quot;Cho thuê nhà nguyên căn tại Đường Nguyễn Văn Đậu,Quận Bình Thạnh&quot;&gt;Đường Nguyễn Văn Đậu&lt;/a&gt; (&lt;span style=&quot;color:green&quot;&gt;281&lt;/span&gt;)&lt;/li&gt;                                   &lt;li&gt;&lt;a href=&quot;http://123nhadat.vn/raovat-c17/cho-thue-nha-rieng-tai-duong-d1-12913&quot; title=&quot;Cho thuê nhà nguyên căn tại Đường D1,Quận Bình Thạnh&quot;&gt;Đường D1&lt;/a&gt; (&lt;span style=&quot;color:green&quot;&gt;277&lt;/span&gt;)&lt;/li&gt;                                   &lt;li&gt;&lt;a href=&quot;http://123nhadat.vn/raovat-c17/cho-thue-nha-rieng-tai-duong-phan-van-tri-17617&quot; title=&quot;Cho thuê nhà nguyên căn tại Đường Phan Văn Trị,Quận Bình Thạnh&quot;&gt;Đường Phan Văn Trị&lt;/a&gt; (&lt;span style=&quot;color:green&quot;&gt;260&lt;/span&gt;)&lt;/li&gt;                                   &lt;li&gt;&lt;a href=&quot;http://123nhadat.vn/raovat-c17/cho-thue-nha-rieng-tai-duong-nguyen-xi-17042&quot; title=&quot;Cho thuê nhà nguyên căn tại Đường Nguyễn Xí,Quận Bình Thạnh&quot;&gt;Đường Nguyễn Xí&lt;/a&gt; (&lt;span style=&quot;color:green&quot;&gt;249&lt;/span&gt;)&lt;/li&gt;                                   &lt;li&gt;&lt;a href=&quot;http://123nhadat.vn/raovat-c17/cho-thue-nha-rieng-tai-duong-dinh-bo-linh-21147&quot; title=&quot;Cho thuê nhà nguyên căn tại Đường Đinh Bộ Lĩnh,Quận Bình Thạnh&quot;&gt;Đường Đinh Bộ Lĩnh&lt;/a&gt; (&lt;span style=&quot;color:green&quot;&gt;235&lt;/span&gt;)&lt;/li&gt;                                   &lt;li&gt;&lt;a href=&quot;http://123nhadat.vn/raovat-c17/cho-thue-nha-rieng-tai-duong-le-quang-dinh-14563&quot; title=&quot;Cho thuê nhà nguyên căn tại Đường Lê Quang Định,Quận Bình Thạnh&quot;&gt;Đường Lê Quang Định&lt;/a&gt; (&lt;span style=&quot;color:green&quot;&gt;225&lt;/span&gt;)&lt;/li&gt;                                   &lt;li&gt;&lt;a href=&quot;http://123nhadat.vn/raovat-c17/cho-thue-nha-rieng-tai-duong-dinh-tien-hoang-21216&quot; title=&quot;Cho thuê nhà nguyên căn tại Đường Đinh Tiên Hoàng,Quận Bình Thạnh&quot;&gt;Đường Đinh Tiên Hoàng&lt;/a&gt; (&lt;span style=&quot;color:green&quot;&gt;212&lt;/span&gt;)&lt;/li&gt;                                   &lt;li&gt;&lt;a href=&quot;http://123nhadat.vn/raovat-c17/cho-thue-nha-rieng-tai-duong-ung-van-khiem-20411&quot; title=&quot;Cho thuê nhà nguyên căn tại Đường Ung Văn Khiêm,Quận Bình Thạnh&quot;&gt;Đường Ung Văn Khiêm&lt;/a&gt; (&lt;span style=&quot;color:green&quot;&gt;159&lt;/span&gt;)&lt;/li&gt;                                   &lt;li&gt;&lt;a href=&quot;http://123nhadat.vn/raovat-c17/cho-thue-nha-rieng-tai-duong-nguyen-thuong-hien-16576&quot; title=&quot;Cho thuê nhà nguyên căn tại Đường Nguyễn Thượng Hiền,Quận Bình Thạnh&quot;&gt;Đường Nguyễn Thượng Hiền&lt;/a&gt; (&lt;span style=&quot;color:green&quot;&gt;159&lt;/span&gt;)&lt;/li&gt;                                   &lt;li&gt;&lt;a href=&quot;http://123nhadat.vn/raovat-c17/cho-thue-nha-rieng-tai-duong-ngo-tat-to-15625&quot; title=&quot;Cho thuê nhà nguyên căn tại Đường Ngô Tất Tố,Quận Bình Thạnh&quot;&gt;Đường Ngô Tất Tố&lt;/a&gt; (&lt;span style=&quot;color:green&quot;&gt;158&lt;/span&gt;)&lt;/li&gt;                                   &lt;li&gt;&lt;a href=&quot;http://123nhadat.vn/raovat-c17/cho-thue-nha-rieng-tai-duong-binh-loi-12346&quot; title=&quot;Cho thuê nhà nguyên căn tại Đường Bình Lợi,Quận Bình Thạnh&quot;&gt;Đường Bình Lợi&lt;/a&gt; (&lt;span style=&quot;color:green&quot;&gt;155&lt;/span&gt;)&lt;/li&gt;                               &lt;/ul&gt;" SourceIndex="3306" TextLen="497" order="38" xPath="/#document/html/body/div[4]/div[0]/div[1]/div[10]/div[1]/div[0]/ul[20]/li[2]/#text"/>
</LayoutNode>
<LayoutNode BgColor="#ffffff" ContainImg="1" ContainP="0" ContainTable="false" DOMCldNum="5" DoC="5" FontSize="13" FontWeight="normal" FrameSourceIndex="0" ID="1-12" IsImg="false" LinkNum="3" LinkTextLen="23" ObjectRectHeight="184" ObjectRectLeft="0" ObjectRectTop="3441" ObjectRectWidth="1420" SourceIndex="1813" TextLen="342" order="39">
<LayoutNode BgColor="#ffffff" ContainImg="0" ContainP="0" ContainTable="false" Content="Cho thuê nhà riêng biêt " DOMCldNum="5" DoC="5" FontSize="13" FontWeight="normal" FrameSourceIndex="0" ID="1-12-1" IsImg="false" LinkNum="1" LinkTextLen="23" ObjectRectHeight="35" ObjectRectLeft="0" ObjectRectTop="3441" ObjectRectWidth="1420" SRC="&lt;div xmlns=&quot;http://www.w3.org/1999/xhtml&quot; class=&quot;tit_nhadatban&quot;&gt;                            &lt;h4&gt;&lt;a href=&quot;http://123nhadat.vn/raovat-t4293255/cho-thue-nha-rieng-tai-duong-dien-bien-phu/gia-9-trieu-thang-dien-tich-35.html&quot; title=&quot;Cho thuê nhà riêng biêt&quot;&gt;Cho thuê nhà riêng biêt&lt;/a&gt;&lt;/h4&gt;                        &lt;/div&gt;" SourceIndex="1815" TextLen="23" order="40" xPath="/#document/html/body/div[4]/div[0]/div[0]/div[38]/div[2]/div[0]/div[0]/h4[0]/a[0]/#text"/>
<LayoutNode BgColor="#ffffff" ContainImg="1" ContainP="0" ContainTable="false" Content="Cập nhật 30 ngày trước Diện tích: 35 m2 Khu vực: Quận Bình Thạnh, Hồ Chí Minh 9 Triệu/tháng Cho thuê nhà làm văn phòng hoặc gia đình ở lâu dàiNHà đẹp, riêng biệt, hẻm rộng, an ninh yên tĩnh, dân trí cao. Gần nhiều Trường PT &amp; Đại Học như : THPT Gia Định, Võ Thị Sáu... Trường đại học Hồng Bàng, Tài Chính, Ngoại Thương, Gi... " DOMCldNum="5" DoC="8" FontSize="13" FontWeight="normal" FrameSourceIndex="0" ID="1-12-2" IsImg="false" LinkNum="2" LinkTextLen="0" ObjectRectHeight="135" ObjectRectLeft="0" ObjectRectTop="3490" ObjectRectWidth="1420" SRC="&lt;div xmlns=&quot;http://www.w3.org/1999/xhtml&quot; class=&quot;detail_nhadatban&quot;&gt;                            &lt;div class=&quot;img_nhadatban&quot;&gt;                                &lt;a href=&quot;http://123nhadat.vn/raovat-t4293255/cho-thue-nha-rieng-tai-duong-dien-bien-phu/gia-9-trieu-thang-dien-tich-35.html&quot;&gt;&lt;img alt=&quot;Cho thuê nhà riêng biêt&quot; src=&quot;http://123nhadat.vn/thumbs/155x112/raovat/nhadat_1584092280_PcZk.jpg&quot;/&gt;&lt;/a&gt;                                &lt;span class=&quot;masotin&quot;&gt;MST: 4293255&lt;/span&gt;                                &lt;/div&gt;       &lt;div class=&quot;text_nhadatban&quot;&gt;                                &lt;div class=&quot;info_nhadatban&quot;&gt;                                    &lt;ul&gt;                                    &lt;li&gt;&lt;span class=&quot;datetime&quot;&gt;Cập nhật &lt;span class=&quot;timecolor&quot;&gt;30 ngày trước&lt;/span&gt;&lt;/span&gt;&lt;/li&gt;                                    &lt;li&gt;Diện tích: &lt;span class=&quot;saleboldtext&quot;&gt;35 m2&lt;/span&gt;&lt;/li&gt;                                    &lt;li&gt;Khu vực: &lt;span class=&quot;saleboldtext&quot;&gt;Quận Bình Thạnh, Hồ Chí Minh&lt;/span&gt;&lt;/li&gt;                                &lt;/ul&gt;                                &lt;/div&gt;                                &lt;div class=&quot;contact_nhadatban&quot;&gt;                                    &lt;ul&gt;          &lt;li&gt;           &lt;span id=&quot;luu_4293255&quot;&gt;&lt;a class=&quot;bt_save&quot; href=&quot;javascript:void(0)&quot; onclick=&quot;UpdateListingListRV(0,4293255)&quot; title=&quot;Lưu tin này vào trong danh sách các nhà đất bạn quan tâm,để bạn có thể tiện theo dõi&quot;/&gt;&lt;/span&gt;          &lt;/li&gt;          &lt;li class=&quot;gia&quot;&gt;&lt;strong class=&quot;camcam&quot;&gt;9 Triệu/tháng&lt;/strong&gt;&lt;/li&gt;         &lt;/ul&gt;                                &lt;/div&gt;                            &lt;/div&gt;                            &lt;div class=&quot;description_nhadatban&quot;&gt;                                Cho thuê nhà làm văn phòng hoặc gia đình ở lâu dàiNHà đẹp, riêng biệt, hẻm rộng, an ninh yên tĩnh, dân trí cao. Gần nhiều Trường PT &amp; Đại Học như : THPT Gia Định, Võ Thị Sáu... Trường đại học Hồng Bàng, Tài Chính, Ngoại Thương, Gi...                            &lt;/div&gt;                        &lt;/div&gt;" SourceIndex="1822" TextLen="319" order="41" xPath="/#document/html/body/div[4]/div[0]/div[0]/div[38]/div[2]/div[1]/div[2]/div[0]/#text"/>
</LayoutNode>
<LayoutNode BgColor="#ffffff" ContainImg="1" ContainP="0" ContainTable="false" DOMCldNum="5" DoC="5" FontSize="13" FontWeight="normal" FrameSourceIndex="0" ID="1-13" IsImg="false" LinkNum="3" LinkTextLen="63" ObjectRectHeight="184" ObjectRectLeft="0" ObjectRectTop="3657" ObjectRectWidth="1420" SourceIndex="1879" TextLen="396" order="42">
<LayoutNode BgColor="#ffffff" ContainImg="0" ContainP="0" ContainTable="false" Content="CHO THUÊ NHÀ NGUYÊN CĂN ĐƯỜNG NƠ TRANG LONG, P13, Q. BÌNH THẠNH " DOMCldNum="5" DoC="5" FontSize="13" FontWeight="normal" FrameSourceIndex="0" ID="1-13-1" IsImg="false" LinkNum="1" LinkTextLen="63" ObjectRectHeight="35" ObjectRectLeft="0" ObjectRectTop="3657" ObjectRectWidth="1420" SRC="&lt;div xmlns=&quot;http://www.w3.org/1999/xhtml&quot; class=&quot;tit_nhadatban&quot;&gt;                            &lt;h4&gt;&lt;a href=&quot;http://123nhadat.vn/raovat-t4292815/cho-thue-nha-rieng-tai-duong-no-trang-long/nguyen-can-p13-q-binh-thanh.html&quot; title=&quot;CHO THUÊ NHÀ NGUYÊN CĂN ĐƯỜNG NƠ TRANG LONG, P13, Q. BÌNH THẠNH&quot;&gt;CHO THUÊ NHÀ NGUYÊN CĂN ĐƯỜNG NƠ TRANG LONG, P13, Q. BÌNH THẠNH&lt;/a&gt;&lt;/h4&gt;                        &lt;/div&gt;" SourceIndex="1881" TextLen="63" order="43" xPath="/#document/html/body/div[4]/div[0]/div[0]/div[38]/div[3]/div[0]/div[0]/h4[0]/a[0]/#text"/>
<LayoutNode BgColor="#ffffff" ContainImg="1" ContainP="0" ContainTable="false" Content="Cập nhật lúc 20h37 ngày 05/03/2020 Diện tích: 120 m2 Khu vực: Quận Bình Thạnh, Hồ Chí Minh 15 Triệu/tháng - Địa chỉ: 311/2/3 Nơ Trang Long, P.13, Q. Bình Thạnh (ngay nhà hàng Aqua Palace quẹo vào)- Cấu trúc: Trệt 5,55m*11.5m, 1 lầu, 2 phòng ngủ, 2 toilet. Tổng diện tích 120 m2- Nhà thoáng mát, thiết kế sang trọng, hiện đại, có hệ thốn... " DOMCldNum="5" DoC="8" FontSize="13" FontWeight="normal" FrameSourceIndex="0" ID="1-13-2" IsImg="false" LinkNum="2" LinkTextLen="0" ObjectRectHeight="135" ObjectRectLeft="0" ObjectRectTop="3706" ObjectRectWidth="1420" SRC="&lt;div xmlns=&quot;http://www.w3.org/1999/xhtml&quot; class=&quot;detail_nhadatban&quot;&gt;                            &lt;div class=&quot;img_nhadatban&quot;&gt;                                &lt;a href=&quot;http://123nhadat.vn/raovat-t4292815/cho-thue-nha-rieng-tai-duong-no-trang-long/nguyen-can-p13-q-binh-thanh.html&quot;&gt;&lt;img alt=&quot;CHO THUÊ NHÀ NGUYÊN CĂN ĐƯỜNG NƠ TRANG LONG, P13, Q. BÌNH THẠNH&quot; src=&quot;http://123nhadat.vn/thumbs/155x112/raovat/nhadat_1583415345_HSgQ.jpg&quot;/&gt;&lt;/a&gt;                                &lt;span class=&quot;masotin&quot;&gt;MST: 4292815&lt;/span&gt;                                &lt;/div&gt;       &lt;div class=&quot;text_nhadatban&quot;&gt;                                &lt;div class=&quot;info_nhadatban&quot;&gt;                                    &lt;ul&gt;                                    &lt;li&gt;&lt;span class=&quot;datetime&quot;&gt;Cập nhật lúc &lt;span class=&quot;timecolor&quot;&gt;20h37 ngày 05/03/2020&lt;/span&gt;&lt;/span&gt;&lt;/li&gt;                                    &lt;li&gt;Diện tích: &lt;span class=&quot;saleboldtext&quot;&gt;120 m2&lt;/span&gt;&lt;/li&gt;                                    &lt;li&gt;Khu vực: &lt;span class=&quot;saleboldtext&quot;&gt;Quận Bình Thạnh, Hồ Chí Minh&lt;/span&gt;&lt;/li&gt;                                &lt;/ul&gt;                                &lt;/div&gt;                                &lt;div class=&quot;contact_nhadatban&quot;&gt;                                    &lt;ul&gt;          &lt;li&gt;           &lt;span id=&quot;luu_4292815&quot;&gt;&lt;a class=&quot;bt_save&quot; href=&quot;javascript:void(0)&quot; onclick=&quot;UpdateListingListRV(0,4292815)&quot; title=&quot;Lưu tin này vào trong danh sách các nhà đất bạn quan tâm,để bạn có thể tiện theo dõi&quot;/&gt;&lt;/span&gt;          &lt;/li&gt;          &lt;li class=&quot;gia&quot;&gt;&lt;strong class=&quot;camcam&quot;&gt;15 Triệu/tháng&lt;/strong&gt;&lt;/li&gt;         &lt;/ul&gt;                                &lt;/div&gt;                            &lt;/div&gt;                            &lt;div class=&quot;description_nhadatban&quot;&gt;                                - Địa chỉ: 311/2/3 Nơ Trang Long, P.13, Q. Bình Thạnh (ngay nhà hàng Aqua Palace quẹo vào)- Cấu trúc: Trệt 5,55m*11.5m, 1 lầu, 2 phòng ngủ, 2 toilet. Tổng diện tích 120 m2- Nhà thoáng mát, thiết kế sang trọng, hiện đại, có hệ thốn...                            &lt;/div&gt;                        &lt;/div&gt;" SourceIndex="1888" TextLen="333" order="44" xPath="/#document/html/body/div[4]/div[0]/div[0]/div[38]/div[3]/div[1]/div[2]/div[0]/#text"/>
</LayoutNode>
<LayoutNode BgColor="#ffffff" ContainImg="1" ContainP="0" ContainTable="false" DOMCldNum="5" DoC="5" FontSize="13" FontWeight="normal" FrameSourceIndex="0" ID="1-14" IsImg="false" LinkNum="3" LinkTextLen="81" ObjectRectHeight="184" ObjectRectLeft="0" ObjectRectTop="3873" ObjectRectWidth="1420" SourceIndex="1945" TextLen="412" order="45">
<LayoutNode BgColor="#ffffff" ContainImg="0" ContainP="0" ContainTable="false" Content="Cho thuê villa Vinhomes tân cảng,Q1 300m2 có sân – 230tr ( bao thuế vat và phí ). " DOMCldNum="5" DoC="5" FontSize="13" FontWeight="normal" FrameSourceIndex="0" ID="1-14-1" IsImg="false" LinkNum="1" LinkTextLen="81" ObjectRectHeight="35" ObjectRectLeft="0" ObjectRectTop="3873" ObjectRectWidth="1420" SRC="&lt;div xmlns=&quot;http://www.w3.org/1999/xhtml&quot; class=&quot;tit_nhadatban&quot;&gt;                            &lt;h4&gt;&lt;a href=&quot;http://123nhadat.vn/raovat-t4292598/cho-thue-nha-rieng-tai-vinhomes-central-park/villa-tan-cangq1-300m2-co-san-230tr-bao-vat-va-phi.html&quot; title=&quot;Cho thuê villa Vinhomes tân cảng,Q1 300m2 có sân – 230tr ( bao thuế vat và phí ).&quot;&gt;Cho thuê villa Vinhomes tân cảng,Q1 300m2 có sân – 230tr ( bao thuế vat và phí ).&lt;/a&gt;&lt;/h4&gt;                        &lt;/div&gt;" SourceIndex="1947" TextLen="81" order="46" xPath="/#document/html/body/div[4]/div[0]/div[0]/div[38]/div[4]/div[0]/div[0]/h4[0]/a[0]/#text"/>
<LayoutNode BgColor="#ffffff" ContainImg="1" ContainP="0" ContainTable="false" Content="Cập nhật lúc 09h53 ngày 03/03/2020 Diện tích: 300 m2 Khu vực: Quận Bình Thạnh, Hồ Chí Minh Thỏa thuận Cần cho thuê villa Vinhomes central Park 300m2 giá 230tr ( bao thuế vat và phí ) tại Nguyễn Hữu Cảnh ( cách trung tâm quận 1 10 phút ), phường 22, Q.Bình Thạnh, tp. Hồ Chí Minh.Diện tích: 300m2 bao gồm :+ sân xung quanh, sân bên h... " DOMCldNum="5" DoC="8" FontSize="13" FontWeight="normal" FrameSourceIndex="0" ID="1-14-2" IsImg="false" LinkNum="2" LinkTextLen="0" ObjectRectHeight="135" ObjectRectLeft="0" ObjectRectTop="3922" ObjectRectWidth="1420" SRC="&lt;div xmlns=&quot;http://www.w3.org/1999/xhtml&quot; class=&quot;detail_nhadatban&quot;&gt;                            &lt;div class=&quot;img_nhadatban&quot;&gt;                                &lt;a href=&quot;http://123nhadat.vn/raovat-t4292598/cho-thue-nha-rieng-tai-vinhomes-central-park/villa-tan-cangq1-300m2-co-san-230tr-bao-vat-va-phi.html&quot;&gt;&lt;img alt=&quot;Cho thuê villa Vinhomes tân cảng,Q1 300m2 có sân – 230tr ( bao thuế vat và phí ).&quot; src=&quot;http://123nhadat.vn/thumbs/155x112/raovat/nhadat_1583203685_R9MC.jpg&quot;/&gt;&lt;/a&gt;                                &lt;span class=&quot;masotin&quot;&gt;MST: 4292598&lt;/span&gt;                                &lt;/div&gt;       &lt;div class=&quot;text_nhadatban&quot;&gt;                                &lt;div class=&quot;info_nhadatban&quot;&gt;                                    &lt;ul&gt;                                    &lt;li&gt;&lt;span class=&quot;datetime&quot;&gt;Cập nhật lúc &lt;span class=&quot;timecolor&quot;&gt;09h53 ngày 03/03/2020&lt;/span&gt;&lt;/span&gt;&lt;/li&gt;                                    &lt;li&gt;Diện tích: &lt;span class=&quot;saleboldtext&quot;&gt;300 m2&lt;/span&gt;&lt;/li&gt;                                    &lt;li&gt;Khu vực: &lt;span class=&quot;saleboldtext&quot;&gt;Quận Bình Thạnh, Hồ Chí Minh&lt;/span&gt;&lt;/li&gt;                                &lt;/ul&gt;                                &lt;/div&gt;                                &lt;div class=&quot;contact_nhadatban&quot;&gt;                                    &lt;ul&gt;          &lt;li&gt;           &lt;span id=&quot;luu_4292598&quot;&gt;&lt;a class=&quot;bt_save&quot; href=&quot;javascript:void(0)&quot; onclick=&quot;UpdateListingListRV(0,4292598)&quot; title=&quot;Lưu tin này vào trong danh sách các nhà đất bạn quan tâm,để bạn có thể tiện theo dõi&quot;/&gt;&lt;/span&gt;          &lt;/li&gt;          &lt;li class=&quot;gia&quot;&gt;&lt;strong class=&quot;camcam&quot;&gt;Thỏa thuận&lt;/strong&gt;&lt;/li&gt;         &lt;/ul&gt;                                &lt;/div&gt;                            &lt;/div&gt;                            &lt;div class=&quot;description_nhadatban&quot;&gt;                                Cần cho thuê villa Vinhomes central Park 300m2 giá 230tr ( bao thuế vat và phí ) tại Nguyễn Hữu Cảnh ( cách trung tâm quận 1 10 phút ), phường 22, Q.Bình Thạnh, tp. Hồ Chí Minh.Diện tích: 300m2 bao gồm :+ sân xung quanh, sân bên h...                            &lt;/div&gt;                        &lt;/div&gt;" SourceIndex="1954" TextLen="331" order="47" xPath="/#document/html/body/div[4]/div[0]/div[0]/div[38]/div[4]/div[1]/div[2]/div[0]/#text"/>
</LayoutNode>
<LayoutNode BgColor="#ffffff" ContainImg="1" ContainP="0" ContainTable="false" DOMCldNum="5" DoC="5" FontSize="13" FontWeight="normal" FrameSourceIndex="0" ID="1-15" IsImg="false" LinkNum="3" LinkTextLen="81" ObjectRectHeight="184" ObjectRectLeft="0" ObjectRectTop="4089" ObjectRectWidth="1420" SourceIndex="2011" TextLen="412" order="48">
<LayoutNode BgColor="#ffffff" ContainImg="0" ContainP="0" ContainTable="false" Content="Cho thuê villa Vinhomes tân cảng,Q1 300m2 có sân – 230tr ( bao thuế vat và phí ). " DOMCldNum="5" DoC="5" FontSize="13" FontWeight="normal" FrameSourceIndex="0" ID="1-15-1" IsImg="false" LinkNum="1" LinkTextLen="81" ObjectRectHeight="35" ObjectRectLeft="0" ObjectRectTop="4089" ObjectRectWidth="1420" SRC="&lt;div xmlns=&quot;http://www.w3.org/1999/xhtml&quot; class=&quot;tit_nhadatban&quot;&gt;                            &lt;h4&gt;&lt;a href=&quot;http://123nhadat.vn/raovat-t4292597/cho-thue-nha-rieng-tai-vinhomes-central-park/villa-tan-cangq1-300m2-co-san-230tr-bao-vat-va-phi.html&quot; title=&quot;Cho thuê villa Vinhomes tân cảng,Q1 300m2 có sân – 230tr ( bao thuế vat và phí ).&quot;&gt;Cho thuê villa Vinhomes tân cảng,Q1 300m2 có sân – 230tr ( bao thuế vat và phí ).&lt;/a&gt;&lt;/h4&gt;                        &lt;/div&gt;" SourceIndex="2013" TextLen="81" order="49" xPath="/#document/html/body/div[4]/div[0]/div[0]/div[38]/div[5]/div[0]/div[0]/h4[0]/a[0]/#text"/>
<LayoutNode BgColor="#ffffff" ContainImg="1" ContainP="0" ContainTable="false" Content="Cập nhật lúc 09h53 ngày 03/03/2020 Diện tích: 300 m2 Khu vực: Quận Bình Thạnh, Hồ Chí Minh Thỏa thuận Cần cho thuê villa Vinhomes central Park 300m2 giá 230tr ( bao thuế vat và phí ) tại Nguyễn Hữu Cảnh ( cách trung tâm quận 1 10 phút ), phường 22, Q.Bình Thạnh, tp. Hồ Chí Minh.Diện tích: 300m2 bao gồm :+ sân xung quanh, sân bên h... " DOMCldNum="5" DoC="8" FontSize="13" FontWeight="normal" FrameSourceIndex="0" ID="1-15-2" IsImg="false" LinkNum="2" LinkTextLen="0" ObjectRectHeight="135" ObjectRectLeft="0" ObjectRectTop="4138" ObjectRectWidth="1420" SRC="&lt;div xmlns=&quot;http://www.w3.org/1999/xhtml&quot; class=&quot;detail_nhadatban&quot;&gt;                            &lt;div class=&quot;img_nhadatban&quot;&gt;                                &lt;a href=&quot;http://123nhadat.vn/raovat-t4292597/cho-thue-nha-rieng-tai-vinhomes-central-park/villa-tan-cangq1-300m2-co-san-230tr-bao-vat-va-phi.html&quot;&gt;&lt;img alt=&quot;Cho thuê villa Vinhomes tân cảng,Q1 300m2 có sân – 230tr ( bao thuế vat và phí ).&quot; src=&quot;http://123nhadat.vn/thumbs/155x112/raovat/nhadat_1583203685_R9MC.jpg&quot;/&gt;&lt;/a&gt;                                &lt;span class=&quot;masotin&quot;&gt;MST: 4292597&lt;/span&gt;                                &lt;/div&gt;       &lt;div class=&quot;text_nhadatban&quot;&gt;                                &lt;div class=&quot;info_nhadatban&quot;&gt;                                    &lt;ul&gt;                                    &lt;li&gt;&lt;span class=&quot;datetime&quot;&gt;Cập nhật lúc &lt;span class=&quot;timecolor&quot;&gt;09h53 ngày 03/03/2020&lt;/span&gt;&lt;/span&gt;&lt;/li&gt;                                    &lt;li&gt;Diện tích: &lt;span class=&quot;saleboldtext&quot;&gt;300 m2&lt;/span&gt;&lt;/li&gt;                                    &lt;li&gt;Khu vực: &lt;span class=&quot;saleboldtext&quot;&gt;Quận Bình Thạnh, Hồ Chí Minh&lt;/span&gt;&lt;/li&gt;                                &lt;/ul&gt;                                &lt;/div&gt;                                &lt;div class=&quot;contact_nhadatban&quot;&gt;                                    &lt;ul&gt;          &lt;li&gt;           &lt;span id=&quot;luu_4292597&quot;&gt;&lt;a class=&quot;bt_save&quot; href=&quot;javascript:void(0)&quot; onclick=&quot;UpdateListingListRV(0,4292597)&quot; title=&quot;Lưu tin này vào trong danh sách các nhà đất bạn quan tâm,để bạn có thể tiện theo dõi&quot;/&gt;&lt;/span&gt;          &lt;/li&gt;          &lt;li class=&quot;gia&quot;&gt;&lt;strong class=&quot;camcam&quot;&gt;Thỏa thuận&lt;/strong&gt;&lt;/li&gt;         &lt;/ul&gt;                                &lt;/div&gt;                            &lt;/div&gt;                            &lt;div class=&quot;description_nhadatban&quot;&gt;                                Cần cho thuê villa Vinhomes central Park 300m2 giá 230tr ( bao thuế vat và phí ) tại Nguyễn Hữu Cảnh ( cách trung tâm quận 1 10 phút ), phường 22, Q.Bình Thạnh, tp. Hồ Chí Minh.Diện tích: 300m2 bao gồm :+ sân xung quanh, sân bên h...                            &lt;/div&gt;                        &lt;/div&gt;" SourceIndex="2020" TextLen="331" order="50" xPath="/#document/html/body/div[4]/div[0]/div[0]/div[38]/div[5]/div[1]/div[2]/div[0]/#text"/>
</LayoutNode>
<LayoutNode BgColor="#ffffff" ContainImg="1" ContainP="0" ContainTable="false" DOMCldNum="7" DoC="5" FontSize="13" FontWeight="normal" FrameSourceIndex="0" ID="1-16" IsImg="false" LinkNum="3" LinkTextLen="57" ObjectRectHeight="184" ObjectRectLeft="0" ObjectRectTop="4305" ObjectRectWidth="1420" SourceIndex="2077" TextLen="390" order="51">
<LayoutNode BgColor="#ffffff" ContainImg="0" ContainP="0" ContainTable="false" Content="Cho Thuê Căn Hộ mini Giá Rẻ lại Hoàng Hoa Thám Bình Thạnh " DOMCldNum="7" DoC="5" FontSize="13" FontWeight="normal" FrameSourceIndex="0" ID="1-16-1" IsImg="false" LinkNum="1" LinkTextLen="57" ObjectRectHeight="35" ObjectRectLeft="0" ObjectRectTop="4305" ObjectRectWidth="1420" SRC="&lt;div xmlns=&quot;http://www.w3.org/1999/xhtml&quot; class=&quot;tit_nhadatban&quot;&gt;                            &lt;h4&gt;&lt;a href=&quot;http://123nhadat.vn/raovat-t4292448/cho-thue-nha-rieng-tai-v-building/can-ho-mini-gia-re-lai-hoang-hoa-tham-binh-thanh.html&quot; title=&quot;Cho Thuê Căn Hộ mini Giá Rẻ lại Hoàng Hoa Thám Bình Thạnh&quot;&gt;Cho Thuê Căn Hộ mini Giá Rẻ lại Hoàng Hoa Thám Bình Thạnh&lt;/a&gt;&lt;/h4&gt;                        &lt;/div&gt;" SourceIndex="2081" TextLen="57" order="52" xPath="/#document/html/body/div[4]/div[0]/div[0]/div[38]/div[6]/div[1]/div[0]/h4[0]/a[0]/#text"/>
<LayoutNode BgColor="#ffffff" ContainImg="1" ContainP="0" ContainTable="false" Content="Cập nhật lúc 19h52 ngày 27/02/2020 Diện tích: 30 m2 Khu vực: Quận Bình Thạnh, Hồ Chí Minh 6.5 Triệu/tháng Cho thuê căn hộ giá rẻ tại 42 Hoàng Hoa Thám Bình ThạnhNội Thất đầy đủ chỉ mang vali vào và ở thôi+Tivi+Tủ lạnh+Điều hòa+Máy Giặt +Ghế Giường nệm êm chăn ấmKhông phải lo về an ninh vì có camera giám sát 24/24Chỗ để xe rộng rãi nhà... " DOMCldNum="7" DoC="8" FontSize="13" FontWeight="normal" FrameSourceIndex="0" ID="1-16-2" IsImg="false" LinkNum="2" LinkTextLen="0" ObjectRectHeight="135" ObjectRectLeft="0" ObjectRectTop="4354" ObjectRectWidth="1420" SRC="&lt;div xmlns=&quot;http://www.w3.org/1999/xhtml&quot; class=&quot;detail_nhadatban&quot;&gt;                            &lt;div class=&quot;img_nhadatban&quot;&gt;                                &lt;a href=&quot;http://123nhadat.vn/raovat-t4292448/cho-thue-nha-rieng-tai-v-building/can-ho-mini-gia-re-lai-hoang-hoa-tham-binh-thanh.html&quot;&gt;&lt;img alt=&quot;Cho Thuê Căn Hộ mini Giá Rẻ lại Hoàng Hoa Thám Bình Thạnh&quot; src=&quot;http://123nhadat.vn/thumbs/155x112/raovat/nhadat_1582807892_eV6v.jpg&quot;/&gt;&lt;/a&gt;                                &lt;span class=&quot;masotin&quot;&gt;MST: 4292448&lt;/span&gt;                                &lt;/div&gt;       &lt;div class=&quot;text_nhadatban&quot;&gt;                                &lt;div class=&quot;info_nhadatban&quot;&gt;                                    &lt;ul&gt;                                    &lt;li&gt;&lt;span class=&quot;datetime&quot;&gt;Cập nhật lúc &lt;span class=&quot;timecolor&quot;&gt;19h52 ngày 27/02/2020&lt;/span&gt;&lt;/span&gt;&lt;/li&gt;                                    &lt;li&gt;Diện tích: &lt;span class=&quot;saleboldtext&quot;&gt;30 m2&lt;/span&gt;&lt;/li&gt;                                    &lt;li&gt;Khu vực: &lt;span class=&quot;saleboldtext&quot;&gt;Quận Bình Thạnh, Hồ Chí Minh&lt;/span&gt;&lt;/li&gt;                                &lt;/ul&gt;                                &lt;/div&gt;                                &lt;div class=&quot;contact_nhadatban&quot;&gt;                                    &lt;ul&gt;          &lt;li&gt;           &lt;span id=&quot;luu_4292448&quot;&gt;&lt;a class=&quot;bt_save&quot; href=&quot;javascript:void(0)&quot; onclick=&quot;UpdateListingListRV(0,4292448)&quot; title=&quot;Lưu tin này vào trong danh sách các nhà đất bạn quan tâm,để bạn có thể tiện theo dõi&quot;/&gt;&lt;/span&gt;          &lt;/li&gt;          &lt;li class=&quot;gia&quot;&gt;&lt;strong class=&quot;camcam&quot;&gt;6.5 Triệu/tháng&lt;/strong&gt;&lt;/li&gt;         &lt;/ul&gt;                                &lt;/div&gt;                            &lt;/div&gt;                            &lt;div class=&quot;description_nhadatban&quot;&gt;                                Cho thuê căn hộ giá rẻ tại 42 Hoàng Hoa Thám Bình ThạnhNội Thất đầy đủ chỉ mang vali vào và ở thôi+Tivi+Tủ lạnh+Điều hòa+Máy Giặt +Ghế Giường nệm êm chăn ấmKhông phải lo về an ninh vì có camera giám sát 24/24Chỗ để xe rộng rãi nhà...                            &lt;/div&gt;                        &lt;/div&gt;" SourceIndex="2088" TextLen="333" order="53" xPath="/#document/html/body/div[4]/div[0]/div[0]/div[38]/div[6]/div[2]/div[2]/div[0]/#text"/>
</LayoutNode>
<LayoutNode BgColor="#ffffff" ContainImg="1" ContainP="0" ContainTable="false" DOMCldNum="5" DoC="5" FontSize="13" FontWeight="normal" FrameSourceIndex="0" ID="1-17" IsImg="false" LinkNum="3" LinkTextLen="55" ObjectRectHeight="184" ObjectRectLeft="0" ObjectRectTop="4521" ObjectRectWidth="1420" SourceIndex="2145" TextLen="345" order="54">
<LayoutNode BgColor="#ffffff" ContainImg="0" ContainP="0" ContainTable="false" Content="Nhà cho thuê nguyên căn đầy đủ tiện nghi Bình thanh HCM " DOMCldNum="5" DoC="5" FontSize="13" FontWeight="normal" FrameSourceIndex="0" ID="1-17-1" IsImg="false" LinkNum="1" LinkTextLen="55" ObjectRectHeight="35" ObjectRectLeft="0" ObjectRectTop="4521" ObjectRectWidth="1420" SRC="&lt;div xmlns=&quot;http://www.w3.org/1999/xhtml&quot; class=&quot;tit_nhadatban&quot;&gt;                            &lt;h4&gt;&lt;a href=&quot;http://123nhadat.vn/raovat-t4291459/cho-thue-nha-rieng-tai-duong-bui-dinh-tuy/nguyen-can-day-du-tien-nghi-binh-thanh-hcm.html&quot; title=&quot;Nhà cho thuê nguyên căn đầy đủ tiện nghi Bình thanh HCM&quot;&gt;Nhà cho thuê nguyên căn đầy đủ tiện nghi Bình thanh HCM&lt;/a&gt;&lt;/h4&gt;                        &lt;/div&gt;" SourceIndex="2147" TextLen="55" order="55" xPath="/#document/html/body/div[4]/div[0]/div[0]/div[38]/div[7]/div[0]/div[0]/h4[0]/a[0]/#text"/>
<LayoutNode BgColor="#ffffff" ContainImg="1" ContainP="0" ContainTable="false" Content="Cập nhật lúc 19h47 ngày 07/02/2020 Diện tích: 50 m2 Khu vực: Quận Bình Thạnh, Hồ Chí Minh 20 Triệu/tháng Cho thuê nhà nguyên căn đầy đủ tiện nghi đẹp như mới 1 trệt 3 lầu, nhà có giường máy lạnh có sẵn, nhà bao gồm 4 phòng, 3 toilet, phù hợp làm văn phòng hoặc hộ gia đình sinh hoạt thoải mái.... " DOMCldNum="5" DoC="8" FontSize="13" FontWeight="normal" FrameSourceIndex="0" ID="1-17-2" IsImg="false" LinkNum="2" LinkTextLen="0" ObjectRectHeight="135" ObjectRectLeft="0" ObjectRectTop="4570" ObjectRectWidth="1420" SRC="&lt;div xmlns=&quot;http://www.w3.org/1999/xhtml&quot; class=&quot;detail_nhadatban&quot;&gt;                            &lt;div class=&quot;img_nhadatban&quot;&gt;                                &lt;a href=&quot;http://123nhadat.vn/raovat-t4291459/cho-thue-nha-rieng-tai-duong-bui-dinh-tuy/nguyen-can-day-du-tien-nghi-binh-thanh-hcm.html&quot;&gt;&lt;img alt=&quot;Nhà cho thuê nguyên căn đầy đủ tiện nghi Bình thanh HCM&quot; src=&quot;http://123nhadat.vn/thumbs/155x112/raovat/nhadat_1581079487_DKT0.jpg&quot;/&gt;&lt;/a&gt;                                &lt;span class=&quot;masotin&quot;&gt;MST: 4291459&lt;/span&gt;                                &lt;/div&gt;       &lt;div class=&quot;text_nhadatban&quot;&gt;                                &lt;div class=&quot;info_nhadatban&quot;&gt;                                    &lt;ul&gt;                                    &lt;li&gt;&lt;span class=&quot;datetime&quot;&gt;Cập nhật lúc &lt;span class=&quot;timecolor&quot;&gt;19h47 ngày 07/02/2020&lt;/span&gt;&lt;/span&gt;&lt;/li&gt;                                    &lt;li&gt;Diện tích: &lt;span class=&quot;saleboldtext&quot;&gt;50 m2&lt;/span&gt;&lt;/li&gt;                                    &lt;li&gt;Khu vực: &lt;span class=&quot;saleboldtext&quot;&gt;Quận Bình Thạnh, Hồ Chí Minh&lt;/span&gt;&lt;/li&gt;                                &lt;/ul&gt;                                &lt;/div&gt;                                &lt;div class=&quot;contact_nhadatban&quot;&gt;                                    &lt;ul&gt;          &lt;li&gt;           &lt;span id=&quot;luu_4291459&quot;&gt;&lt;a class=&quot;bt_save&quot; href=&quot;javascript:void(0)&quot; onclick=&quot;UpdateListingListRV(0,4291459)&quot; title=&quot;Lưu tin này vào trong danh sách các nhà đất bạn quan tâm,để bạn có thể tiện theo dõi&quot;/&gt;&lt;/span&gt;          &lt;/li&gt;          &lt;li class=&quot;gia&quot;&gt;&lt;strong class=&quot;camcam&quot;&gt;20 Triệu/tháng&lt;/strong&gt;&lt;/li&gt;         &lt;/ul&gt;                                &lt;/div&gt;                            &lt;/div&gt;                            &lt;div class=&quot;description_nhadatban&quot;&gt;                                Cho thuê nhà nguyên căn đầy đủ tiện nghi đẹp như mới 1 trệt 3 lầu, nhà có giường máy lạnh có sẵn, nhà bao gồm 4 phòng, 3 toilet, phù hợp làm văn phòng hoặc hộ gia đình sinh hoạt thoải mái....                            &lt;/div&gt;                        &lt;/div&gt;" SourceIndex="2154" TextLen="290" order="56" xPath="/#document/html/body/div[4]/div[0]/div[0]/div[38]/div[7]/div[1]/div[2]/div[0]/#text"/>
</LayoutNode>
<LayoutNode BgColor="#ffffff" ContainImg="1" ContainP="0" ContainTable="false" DOMCldNum="5" DoC="5" FontSize="13" FontWeight="normal" FrameSourceIndex="0" ID="1-18" IsImg="false" LinkNum="3" LinkTextLen="77" ObjectRectHeight="184" ObjectRectLeft="0" ObjectRectTop="4737" ObjectRectWidth="1420" SourceIndex="2211" TextLen="409" order="57">
<LayoutNode BgColor="#ffffff" ContainImg="0" ContainP="0" ContainTable="false" Content="Nhà nguyên căn cho thuê sát quận 1 cách 500m. 2 Phòng ngủ. Giá thuê 11 triệu. " DOMCldNum="5" DoC="5" FontSize="13" FontWeight="normal" FrameSourceIndex="0" ID="1-18-1" IsImg="false" LinkNum="1" LinkTextLen="77" ObjectRectHeight="35" ObjectRectLeft="0" ObjectRectTop="4737" ObjectRectWidth="1420" SRC="&lt;div xmlns=&quot;http://www.w3.org/1999/xhtml&quot; class=&quot;tit_nhadatban&quot;&gt;                            &lt;h4&gt;&lt;a href=&quot;http://123nhadat.vn/raovat-t4289154/cho-thue-nha-rieng-tai-duong-huynh-man-dat/nguyen-can-sat-quan-1-cach-500m-2-phong-ngu-gia-11-trieu.html&quot; title=&quot;Nhà nguyên căn cho thuê sát quận 1 cách 500m. 2 Phòng ngủ. Giá thuê 11 triệu.&quot;&gt;Nhà nguyên căn cho thuê sát quận 1 cách 500m. 2 Phòng ngủ. Giá thuê 11 triệu.&lt;/a&gt;&lt;/h4&gt;                        &lt;/div&gt;" SourceIndex="2213" TextLen="77" order="58" xPath="/#document/html/body/div[4]/div[0]/div[0]/div[38]/div[8]/div[0]/div[0]/h4[0]/a[0]/#text"/>
<LayoutNode BgColor="#ffffff" ContainImg="1" ContainP="0" ContainTable="false" Content="Cập nhật lúc 14h33 ngày 18/11/2019 Diện tích: 60 m2 Khu vực: Quận Bình Thạnh, Hồ Chí Minh 11 Triệu/tháng Nhà nguyên căn cho thuê sát quận 1 cách 500m. 2 Phòng ngủ. Giá thuê 11 triệu.Địa chỉ 11/23 Phan Huy Ôn, phường 19, quận Bình Thạnh, Tp Hồ Chí Minh. Mô tả :Nhà mới keng vừa xây sửa lại, sạch sẽVị trí : Gần sát khu trung tâm quận 1,... " DOMCldNum="5" DoC="8" FontSize="13" FontWeight="normal" FrameSourceIndex="0" ID="1-18-2" IsImg="false" LinkNum="2" LinkTextLen="0" ObjectRectHeight="135" ObjectRectLeft="0" ObjectRectTop="4786" ObjectRectWidth="1420" SRC="&lt;div xmlns=&quot;http://www.w3.org/1999/xhtml&quot; class=&quot;detail_nhadatban&quot;&gt;                            &lt;div class=&quot;img_nhadatban&quot;&gt;                                &lt;a href=&quot;http://123nhadat.vn/raovat-t4289154/cho-thue-nha-rieng-tai-duong-huynh-man-dat/nguyen-can-sat-quan-1-cach-500m-2-phong-ngu-gia-11-trieu.html&quot;&gt;&lt;img alt=&quot;Nhà nguyên căn cho thuê sát quận 1 cách 500m. 2 Phòng ngủ. Giá thuê 11 triệu.&quot; src=&quot;http://123nhadat.vn/thumbs/155x112/raovat/nhadat_1574062244_ORM2.jpeg&quot;/&gt;&lt;/a&gt;                                &lt;span class=&quot;masotin&quot;&gt;MST: 4289154&lt;/span&gt;                                &lt;/div&gt;       &lt;div class=&quot;text_nhadatban&quot;&gt;                                &lt;div class=&quot;info_nhadatban&quot;&gt;                                    &lt;ul&gt;                                    &lt;li&gt;&lt;span class=&quot;datetime&quot;&gt;Cập nhật lúc &lt;span class=&quot;timecolor&quot;&gt;14h33 ngày 18/11/2019&lt;/span&gt;&lt;/span&gt;&lt;/li&gt;                                    &lt;li&gt;Diện tích: &lt;span class=&quot;saleboldtext&quot;&gt;60 m2&lt;/span&gt;&lt;/li&gt;                                    &lt;li&gt;Khu vực: &lt;span class=&quot;saleboldtext&quot;&gt;Quận Bình Thạnh, Hồ Chí Minh&lt;/span&gt;&lt;/li&gt;                                &lt;/ul&gt;                                &lt;/div&gt;                                &lt;div class=&quot;contact_nhadatban&quot;&gt;                                    &lt;ul&gt;          &lt;li&gt;           &lt;span id=&quot;luu_4289154&quot;&gt;&lt;a class=&quot;bt_save&quot; href=&quot;javascript:void(0)&quot; onclick=&quot;UpdateListingListRV(0,4289154)&quot; title=&quot;Lưu tin này vào trong danh sách các nhà đất bạn quan tâm,để bạn có thể tiện theo dõi&quot;/&gt;&lt;/span&gt;          &lt;/li&gt;          &lt;li class=&quot;gia&quot;&gt;&lt;strong class=&quot;camcam&quot;&gt;11 Triệu/tháng&lt;/strong&gt;&lt;/li&gt;         &lt;/ul&gt;                                &lt;/div&gt;                            &lt;/div&gt;                            &lt;div class=&quot;description_nhadatban&quot;&gt;                                Nhà nguyên căn cho thuê sát quận 1 cách 500m. 2 Phòng ngủ. Giá thuê 11 triệu.Địa chỉ 11/23 Phan Huy Ôn, phường 19, quận Bình Thạnh, Tp Hồ Chí Minh. Mô tả :Nhà mới keng vừa xây sửa lại, sạch sẽVị trí : Gần sát khu trung tâm quận 1,...                            &lt;/div&gt;                        &lt;/div&gt;" SourceIndex="2220" TextLen="332" order="59" xPath="/#document/html/body/div[4]/div[0]/div[0]/div[38]/div[8]/div[1]/div[2]/div[0]/#text"/>
</LayoutNode>
<LayoutNode BgColor="#ffffff" ContainImg="1" ContainP="0" ContainTable="false" DOMCldNum="5" DoC="5" FontSize="13" FontWeight="normal" FrameSourceIndex="0" ID="1-19" IsImg="false" LinkNum="3" LinkTextLen="46" ObjectRectHeight="184" ObjectRectLeft="0" ObjectRectTop="4953" ObjectRectWidth="1420" SourceIndex="2277" TextLen="379" order="60">
<LayoutNode BgColor="#ffffff" ContainImg="0" ContainP="0" ContainTable="false" Content="Nhà hẻm oto, tiện kinh doanh mua bán, spa, tóc " DOMCldNum="5" DoC="5" FontSize="13" FontWeight="normal" FrameSourceIndex="0" ID="1-19-1" IsImg="false" LinkNum="1" LinkTextLen="46" ObjectRectHeight="35" ObjectRectLeft="0" ObjectRectTop="4953" ObjectRectWidth="1420" SRC="&lt;div xmlns=&quot;http://www.w3.org/1999/xhtml&quot; class=&quot;tit_nhadatban&quot;&gt;                            &lt;h4&gt;&lt;a href=&quot;http://123nhadat.vn/raovat-t4288992/cho-thue-nha-rieng-tai-duong-bui-dinh-tuy/hem-oto-tien-kinh-doanh-mua-ban-spa-toc.html&quot; title=&quot;Nhà hẻm oto, tiện kinh doanh mua bán, spa, tóc&quot;&gt;Nhà hẻm oto, tiện kinh doanh mua bán, spa, tóc&lt;/a&gt;&lt;/h4&gt;                        &lt;/div&gt;" SourceIndex="2279" TextLen="46" order="61" xPath="/#document/html/body/div[4]/div[0]/div[0]/div[38]/div[9]/div[0]/div[0]/h4[0]/a[0]/#text"/>
<LayoutNode BgColor="#ffffff" ContainImg="1" ContainP="0" ContainTable="false" Content="Cập nhật lúc 18h23 ngày 14/11/2019 Diện tích: 60 m2 Khu vực: Quận Bình Thạnh, Hồ Chí Minh 8.5 Triệu/tháng Do khách trả nhà để đi nước ngoài, nên cần cho thuê nhà nguyên căn như hìnhĐặc điểm:- Diện tích sử dụng 60 m2, 1 trệt 1 lầu- 2 phòng ngủ, 1 lan cang trồng cây ngắm cảnh, 1 sân nhỏ trước nhà- 1 phòng khách, 1 bếp, 1 phòng tắm, 1 to... " DOMCldNum="5" DoC="8" FontSize="13" FontWeight="normal" FrameSourceIndex="0" ID="1-19-2" IsImg="false" LinkNum="2" LinkTextLen="0" ObjectRectHeight="135" ObjectRectLeft="0" ObjectRectTop="5002" ObjectRectWidth="1420" SRC="&lt;div xmlns=&quot;http://www.w3.org/1999/xhtml&quot; class=&quot;detail_nhadatban&quot;&gt;                            &lt;div class=&quot;img_nhadatban&quot;&gt;                                &lt;a href=&quot;http://123nhadat.vn/raovat-t4288992/cho-thue-nha-rieng-tai-duong-bui-dinh-tuy/hem-oto-tien-kinh-doanh-mua-ban-spa-toc.html&quot;&gt;&lt;img alt=&quot;Nhà hẻm oto, tiện kinh doanh mua bán, spa, tóc&quot; src=&quot;http://123nhadat.vn/thumbs/155x112/raovat/nhadat_1573730511_ANyt.jpg&quot;/&gt;&lt;/a&gt;                                &lt;span class=&quot;masotin&quot;&gt;MST: 4288992&lt;/span&gt;                                &lt;/div&gt;       &lt;div class=&quot;text_nhadatban&quot;&gt;                                &lt;div class=&quot;info_nhadatban&quot;&gt;                                    &lt;ul&gt;                                    &lt;li&gt;&lt;span class=&quot;datetime&quot;&gt;Cập nhật lúc &lt;span class=&quot;timecolor&quot;&gt;18h23 ngày 14/11/2019&lt;/span&gt;&lt;/span&gt;&lt;/li&gt;                                    &lt;li&gt;Diện tích: &lt;span class=&quot;saleboldtext&quot;&gt;60 m2&lt;/span&gt;&lt;/li&gt;                                    &lt;li&gt;Khu vực: &lt;span class=&quot;saleboldtext&quot;&gt;Quận Bình Thạnh, Hồ Chí Minh&lt;/span&gt;&lt;/li&gt;                                &lt;/ul&gt;                                &lt;/div&gt;                                &lt;div class=&quot;contact_nhadatban&quot;&gt;                                    &lt;ul&gt;          &lt;li&gt;           &lt;span id=&quot;luu_4288992&quot;&gt;&lt;a class=&quot;bt_save&quot; href=&quot;javascript:void(0)&quot; onclick=&quot;UpdateListingListRV(0,4288992)&quot; title=&quot;Lưu tin này vào trong danh sách các nhà đất bạn quan tâm,để bạn có thể tiện theo dõi&quot;/&gt;&lt;/span&gt;          &lt;/li&gt;          &lt;li class=&quot;gia&quot;&gt;&lt;strong class=&quot;camcam&quot;&gt;8.5 Triệu/tháng&lt;/strong&gt;&lt;/li&gt;         &lt;/ul&gt;                                &lt;/div&gt;                            &lt;/div&gt;                            &lt;div class=&quot;description_nhadatban&quot;&gt;                                Do khách trả nhà để đi nước ngoài, nên cần cho thuê nhà nguyên căn như hìnhĐặc điểm:- Diện tích sử dụng 60 m2, 1 trệt 1 lầu- 2 phòng ngủ, 1 lan cang trồng cây ngắm cảnh, 1 sân nhỏ trước nhà- 1 phòng khách, 1 bếp, 1 phòng tắm, 1 to...                            &lt;/div&gt;                        &lt;/div&gt;" SourceIndex="2286" TextLen="333" order="62" xPath="/#document/html/body/div[4]/div[0]/div[0]/div[38]/div[9]/div[1]/div[2]/div[0]/#text"/>
</LayoutNode>
<LayoutNode BgColor="#ffffff" ContainImg="1" ContainP="0" ContainTable="false" DOMCldNum="7" DoC="5" FontSize="13" FontWeight="normal" FrameSourceIndex="0" ID="1-20" IsImg="false" LinkNum="3" LinkTextLen="47" ObjectRectHeight="184" ObjectRectLeft="0" ObjectRectTop="5169" ObjectRectWidth="1420" SourceIndex="2343" TextLen="377" order="63">
<LayoutNode BgColor="#ffffff" ContainImg="0" ContainP="0" ContainTable="false" Content="Cho thuê nhà nguyên căn, mới đẹp ,làm văn phòng " DOMCldNum="7" DoC="5" FontSize="13" FontWeight="normal" FrameSourceIndex="0" ID="1-20-1" IsImg="false" LinkNum="1" LinkTextLen="47" ObjectRectHeight="35" ObjectRectLeft="0" ObjectRectTop="5169" ObjectRectWidth="1420" SRC="&lt;div xmlns=&quot;http://www.w3.org/1999/xhtml&quot; class=&quot;tit_nhadatban&quot;&gt;                            &lt;h4&gt;&lt;a href=&quot;http://123nhadat.vn/raovat-t4288873/cho-thue-nha-rieng-tai-duong-xo-viet-nghe-tinh/nguyen-can-moi-dep-lam-van-phong.html&quot; title=&quot;Cho thuê nhà nguyên căn, mới đẹp ,làm văn phòng &quot;&gt;Cho thuê nhà nguyên căn, mới đẹp ,làm văn phòng &lt;/a&gt;&lt;/h4&gt;                        &lt;/div&gt;" SourceIndex="2347" TextLen="47" order="64" xPath="/#document/html/body/div[4]/div[0]/div[0]/div[38]/div[10]/div[1]/div[0]/h4[0]/a[0]/#text"/>
<LayoutNode BgColor="#ffffff" ContainImg="1" ContainP="0" ContainTable="false" Content="Cập nhật lúc 11h15 ngày 13/11/2019 Diện tích: 80 m2 Khu vực: Quận Bình Thạnh, Hồ Chí Minh Thỏa thuận Cho thuê nhà nguyên căn, mới đẹp ,làm văn phòng ,đường XVNT P. 21 – Q,Bình thạnh : 4 x 17 m (1 trệt - 2 lầu – sân thượng) . Hẻm xe hơi 8 m , Tình trạng : nhà mới đang cho công ty Nhật thuê làm văn phòngFull Nội thất cao cấp: máy l... " DOMCldNum="7" DoC="8" FontSize="13" FontWeight="normal" FrameSourceIndex="0" ID="1-20-2" IsImg="false" LinkNum="2" LinkTextLen="0" ObjectRectHeight="135" ObjectRectLeft="0" ObjectRectTop="5218" ObjectRectWidth="1420" SRC="&lt;div xmlns=&quot;http://www.w3.org/1999/xhtml&quot; class=&quot;detail_nhadatban&quot;&gt;                            &lt;div class=&quot;img_nhadatban&quot;&gt;                                &lt;a href=&quot;http://123nhadat.vn/raovat-t4288873/cho-thue-nha-rieng-tai-duong-xo-viet-nghe-tinh/nguyen-can-moi-dep-lam-van-phong.html&quot;&gt;&lt;img alt=&quot;Cho thuê nhà nguyên căn, mới đẹp ,làm văn phòng &quot; src=&quot;http://123nhadat.vn/thumbs/155x112/raovat/nhadat_1573618364_On9j.jpg&quot;/&gt;&lt;/a&gt;                                &lt;span class=&quot;masotin&quot;&gt;MST: 4288873&lt;/span&gt;                                &lt;/div&gt;       &lt;div class=&quot;text_nhadatban&quot;&gt;                                &lt;div class=&quot;info_nhadatban&quot;&gt;                                    &lt;ul&gt;                                    &lt;li&gt;&lt;span class=&quot;datetime&quot;&gt;Cập nhật lúc &lt;span class=&quot;timecolor&quot;&gt;11h15 ngày 13/11/2019&lt;/span&gt;&lt;/span&gt;&lt;/li&gt;                                    &lt;li&gt;Diện tích: &lt;span class=&quot;saleboldtext&quot;&gt;80 m2&lt;/span&gt;&lt;/li&gt;                                    &lt;li&gt;Khu vực: &lt;span class=&quot;saleboldtext&quot;&gt;Quận Bình Thạnh, Hồ Chí Minh&lt;/span&gt;&lt;/li&gt;                                &lt;/ul&gt;                                &lt;/div&gt;                                &lt;div class=&quot;contact_nhadatban&quot;&gt;                                    &lt;ul&gt;          &lt;li&gt;           &lt;span id=&quot;luu_4288873&quot;&gt;&lt;a class=&quot;bt_save&quot; href=&quot;javascript:void(0)&quot; onclick=&quot;UpdateListingListRV(0,4288873)&quot; title=&quot;Lưu tin này vào trong danh sách các nhà đất bạn quan tâm,để bạn có thể tiện theo dõi&quot;/&gt;&lt;/span&gt;          &lt;/li&gt;          &lt;li class=&quot;gia&quot;&gt;&lt;strong class=&quot;camcam&quot;&gt;Thỏa thuận&lt;/strong&gt;&lt;/li&gt;         &lt;/ul&gt;                                &lt;/div&gt;                            &lt;/div&gt;                            &lt;div class=&quot;description_nhadatban&quot;&gt;                                Cho thuê nhà nguyên căn, mới đẹp ,làm văn phòng ,đường XVNT P. 21 – Q,Bình thạnh : 4 x 17 m (1 trệt - 2 lầu – sân thượng) . Hẻm xe hơi 8 m , Tình trạng : nhà mới đang cho công ty Nhật thuê làm văn phòngFull Nội thất cao cấp: máy l...                            &lt;/div&gt;                        &lt;/div&gt;" SourceIndex="2354" TextLen="330" order="65" xPath="/#document/html/body/div[4]/div[0]/div[0]/div[38]/div[10]/div[2]/div[2]/div[0]/#text"/>
</LayoutNode>
<LayoutNode BgColor="#5eab1f" ContainImg="0" ContainP="0" ContainTable="false" Content="NHÀ ĐẤT HỒ CHÍ MINH CÓ THỂ BẠN QUAN TÂM " DOMCldNum="5" DoC="5" FontSize="11" FontWeight="700" FrameSourceIndex="0" ID="1-21" IsImg="false" LinkNum="0" LinkTextLen="0" ObjectRectHeight="20" ObjectRectLeft="0" ObjectRectTop="5409" ObjectRectWidth="1420" SRC="&lt;div xmlns=&quot;http://www.w3.org/1999/xhtml&quot; class=&quot;tit_C&quot;&gt;                        &lt;span class=&quot;icon_star_xanh&quot;/&gt;                        Nhà đất Hồ Chí Minh có thể bạn quan tâm                    &lt;/div&gt;" SourceIndex="2424" TextLen="39" order="66" xPath="/#document/html/body/div[4]/div[0]/div[0]/div[40]/div[0]/div[1]/#text"/>
<LayoutNode BgColor="#ffffff" ContainImg="0" ContainP="0" ContainTable="false" Content="Nhà đất cho thuê Quận Bình ThạnhCho thuê căn hộ chung cư Quận Bình Thạnh (17452)Cho thuê nhà nguyên căn Quận Bình Thạnh (11677)Cho thuê phòng trọ Quận Bình Thạnh (8243)Cho thuê nhà mặt tiền Quận Bình Thạnh (5915)Cho thuê văn phòng Quận Bình Thạnh (3031)Cho thuê cửa hàng, ki ốt Quận Bình Thạnh (1367)Cho thuê đất Quận Bình Thạnh (561)Cho thuê biệt thự Quận Bình Thạnh (197)Cho thuê kho, nhà xưởng Quận Bình Thạnh (178)Cho thuê loại bất động sản khác Quận Bình Thạnh (72)Cho thuê khách sạn, nhà nghỉ Quận Bình Thạnh (50) Nhà đất cho thuê tại Hồ Chí MinhCho thuê căn hộ chung cư Tp.HCM (153723)Cho thuê nhà nguyên căn Tp.HCM (104670)Cho thuê nhà mặt tiền Tp.HCM (82965)Cho thuê phòng trọ Tp.HCM (47009)Cho thuê văn phòng Tp.HCM (30128)Cho thuê cửa hàng, ki ốt Tp.HCM (20696)Cho thuê kho, nhà xưởng Tp.HCM (11892)Cho thuê đất Tp.HCM (6676)Cho thuê biệt thự Tp.HCM (4228)Cho thuê loại bất động sản khác Tp.HCM (1096)Cho thuê khách sạn, nhà nghỉ Tp.HCM (1045) " DOMCldNum="5" DoC="8" FontSize="13" FontWeight="normal" FrameSourceIndex="0" ID="1-22" IsImg="false" LinkNum="22" LinkTextLen="731" ObjectRectHeight="672" ObjectRectLeft="0" ObjectRectTop="5453" ObjectRectWidth="1420" SRC="&lt;ul xmlns=&quot;http://www.w3.org/1999/xhtml&quot; class=&quot;banquantam&quot;&gt;                            &lt;li&gt;&lt;strong&gt;Nhà đất cho thuê Quận Bình Thạnh&lt;/strong&gt;&lt;/li&gt;                                   &lt;li&gt;&lt;a href=&quot;http://123nhadat.vn/raovat-c18/cho-thue-can-ho-chung-cu-tai-quan-binh-thanh-50&quot; title=&quot;Cho thue can ho chung cu Quan Binh Thanh&quot;&gt;Cho thuê căn hộ chung cư Quận Bình Thạnh&lt;/a&gt; (&lt;span style=&quot;color:green&quot;&gt;17452&lt;/span&gt;)&lt;/li&gt;              &lt;li&gt;&lt;a href=&quot;http://123nhadat.vn/raovat-c17/cho-thue-nha-rieng-tai-quan-binh-thanh-50&quot; title=&quot;Cho thue nha nguyen can Quan Binh Thanh&quot;&gt;Cho thuê nhà nguyên căn Quận Bình Thạnh&lt;/a&gt; (&lt;span style=&quot;color:green&quot;&gt;11677&lt;/span&gt;)&lt;/li&gt;              &lt;li&gt;&lt;a href=&quot;http://123nhadat.vn/raovat-c21/cho-thue-nha-tro-tai-quan-binh-thanh-50&quot; title=&quot;Cho thue phong tro Quan Binh Thanh&quot;&gt;Cho thuê phòng trọ Quận Bình Thạnh&lt;/a&gt; (&lt;span style=&quot;color:green&quot;&gt;8243&lt;/span&gt;)&lt;/li&gt;              &lt;li&gt;&lt;a href=&quot;http://123nhadat.vn/raovat-c16/cho-thue-nha-mat-pho-tai-quan-binh-thanh-50&quot; title=&quot;Cho thue nha mat tien Quan Binh Thanh&quot;&gt;Cho thuê nhà mặt tiền Quận Bình Thạnh&lt;/a&gt; (&lt;span style=&quot;color:green&quot;&gt;5915&lt;/span&gt;)&lt;/li&gt;              &lt;li&gt;&lt;a href=&quot;http://123nhadat.vn/raovat-c4/cho-thue-van-phong-tai-quan-binh-thanh-50&quot; title=&quot;Cho thue van phong Quan Binh Thanh&quot;&gt;Cho thuê văn phòng Quận Bình Thạnh&lt;/a&gt; (&lt;span style=&quot;color:green&quot;&gt;3031&lt;/span&gt;)&lt;/li&gt;              &lt;li&gt;&lt;a href=&quot;http://123nhadat.vn/raovat-c20/cho-thue-cua-hang-kiot-tai-quan-binh-thanh-50&quot; title=&quot;Cho thue cua hang, ki ot Quan Binh Thanh&quot;&gt;Cho thuê cửa hàng, ki ốt Quận Bình Thạnh&lt;/a&gt; (&lt;span style=&quot;color:green&quot;&gt;1367&lt;/span&gt;)&lt;/li&gt;              &lt;li&gt;&lt;a href=&quot;http://123nhadat.vn/raovat-c24/cho-thue-dat-tai-quan-binh-thanh-50&quot; title=&quot;Cho thue dat Quan Binh Thanh&quot;&gt;Cho thuê đất Quận Bình Thạnh&lt;/a&gt; (&lt;span style=&quot;color:green&quot;&gt;561&lt;/span&gt;)&lt;/li&gt;              &lt;li&gt;&lt;a href=&quot;http://123nhadat.vn/raovat-c19/cho-thue-biet-thu-tai-quan-binh-thanh-50&quot; title=&quot;Cho thue biet thu Quan Binh Thanh&quot;&gt;Cho thuê biệt thự Quận Bình Thạnh&lt;/a&gt; (&lt;span style=&quot;color:green&quot;&gt;197&lt;/span&gt;)&lt;/li&gt;              &lt;li&gt;&lt;a href=&quot;http://123nhadat.vn/raovat-c23/cho-thue-kho-nha-xuong-tai-quan-binh-thanh-50&quot; title=&quot;Cho thue kho, nha xuong Quan Binh Thanh&quot;&gt;Cho thuê kho, nhà xưởng Quận Bình Thạnh&lt;/a&gt; (&lt;span style=&quot;color:green&quot;&gt;178&lt;/span&gt;)&lt;/li&gt;              &lt;li&gt;&lt;a href=&quot;http://123nhadat.vn/raovat-c26/cho-thue-loai-bat-dong-san-khac-tai-quan-binh-thanh-50&quot; title=&quot;Cho thue loai bat dong san khac Quan Binh Thanh&quot;&gt;Cho thuê loại bất động sản khác Quận Bình Thạnh&lt;/a&gt; (&lt;span style=&quot;color:green&quot;&gt;72&lt;/span&gt;)&lt;/li&gt;              &lt;li&gt;&lt;a href=&quot;http://123nhadat.vn/raovat-c25/cho-thue-khach-san-nha-nghi-tai-quan-binh-thanh-50&quot; title=&quot;Cho thue khach san, nha nghi Quan Binh Thanh&quot;&gt;Cho thuê khách sạn, nhà nghỉ Quận Bình Thạnh&lt;/a&gt; (&lt;span style=&quot;color:green&quot;&gt;50&lt;/span&gt;)&lt;/li&gt;                               &lt;/ul&gt;&lt;ul xmlns=&quot;http://www.w3.org/1999/xhtml&quot; class=&quot;banquantam&quot;&gt;                            &lt;li&gt;&lt;strong&gt;Nhà đất cho thuê tại Hồ Chí Minh&lt;/strong&gt;&lt;/li&gt;                                   &lt;li&gt;&lt;a href=&quot;http://123nhadat.vn/raovat-c18/cho-thue-can-ho-chung-cu-tai-tp-hcm-3&quot; title=&quot;Cho thue can ho chung cu Tp.HCM&quot;&gt;Cho thuê căn hộ chung cư Tp.HCM&lt;/a&gt; (&lt;span style=&quot;color:green&quot;&gt;153723&lt;/span&gt;)&lt;/li&gt;               &lt;li&gt;&lt;a href=&quot;http://123nhadat.vn/raovat-c17/cho-thue-nha-rieng-tai-tp-hcm-3&quot; title=&quot;Cho thue nha nguyen can Tp.HCM&quot;&gt;Cho thuê nhà nguyên căn Tp.HCM&lt;/a&gt; (&lt;span style=&quot;color:green&quot;&gt;104670&lt;/span&gt;)&lt;/li&gt;               &lt;li&gt;&lt;a href=&quot;http://123nhadat.vn/raovat-c16/cho-thue-nha-mat-pho-tai-tp-hcm-3&quot; title=&quot;Cho thue nha mat tien Tp.HCM&quot;&gt;Cho thuê nhà mặt tiền Tp.HCM&lt;/a&gt; (&lt;span style=&quot;color:green&quot;&gt;82965&lt;/span&gt;)&lt;/li&gt;               &lt;li&gt;&lt;a href=&quot;http://123nhadat.vn/raovat-c21/cho-thue-nha-tro-tai-tp-hcm-3&quot; title=&quot;Cho thue phong tro Tp.HCM&quot;&gt;Cho thuê phòng trọ Tp.HCM&lt;/a&gt; (&lt;span style=&quot;color:green&quot;&gt;47009&lt;/span&gt;)&lt;/li&gt;               &lt;li&gt;&lt;a href=&quot;http://123nhadat.vn/raovat-c4/cho-thue-van-phong-tai-tp-hcm-3&quot; title=&quot;Cho thue van phong Tp.HCM&quot;&gt;Cho thuê văn phòng Tp.HCM&lt;/a&gt; (&lt;span style=&quot;color:green&quot;&gt;30128&lt;/span&gt;)&lt;/li&gt;               &lt;li&gt;&lt;a href=&quot;http://123nhadat.vn/raovat-c20/cho-thue-cua-hang-kiot-tai-tp-hcm-3&quot; title=&quot;Cho thue cua hang, ki ot Tp.HCM&quot;&gt;Cho thuê cửa hàng, ki ốt Tp.HCM&lt;/a&gt; (&lt;span style=&quot;color:green&quot;&gt;20696&lt;/span&gt;)&lt;/li&gt;               &lt;li&gt;&lt;a href=&quot;http://123nhadat.vn/raovat-c23/cho-thue-kho-nha-xuong-tai-tp-hcm-3&quot; title=&quot;Cho thue kho, nha xuong Tp.HCM&quot;&gt;Cho thuê kho, nhà xưởng Tp.HCM&lt;/a&gt; (&lt;span style=&quot;color:green&quot;&gt;11892&lt;/span&gt;)&lt;/li&gt;               &lt;li&gt;&lt;a href=&quot;http://123nhadat.vn/raovat-c24/cho-thue-dat-tai-tp-hcm-3&quot; title=&quot;Cho thue dat Tp.HCM&quot;&gt;Cho thuê đất Tp.HCM&lt;/a&gt; (&lt;span style=&quot;color:green&quot;&gt;6676&lt;/span&gt;)&lt;/li&gt;               &lt;li&gt;&lt;a href=&quot;http://123nhadat.vn/raovat-c19/cho-thue-biet-thu-tai-tp-hcm-3&quot; title=&quot;Cho thue biet thu Tp.HCM&quot;&gt;Cho thuê biệt thự Tp.HCM&lt;/a&gt; (&lt;span style=&quot;color:green&quot;&gt;4228&lt;/span&gt;)&lt;/li&gt;               &lt;li&gt;&lt;a href=&quot;http://123nhadat.vn/raovat-c26/cho-thue-loai-bat-dong-san-khac-tai-tp-hcm-3&quot; title=&quot;Cho thue loai bat dong san khac Tp.HCM&quot;&gt;Cho thuê loại bất động sản khác Tp.HCM&lt;/a&gt; (&lt;span style=&quot;color:green&quot;&gt;1096&lt;/span&gt;)&lt;/li&gt;               &lt;li&gt;&lt;a href=&quot;http://123nhadat.vn/raovat-c25/cho-thue-khach-san-nha-nghi-tai-tp-hcm-3&quot; title=&quot;Cho thue khach san, nha nghi Tp.HCM&quot;&gt;Cho thuê khách sạn, nhà nghỉ Tp.HCM&lt;/a&gt; (&lt;span style=&quot;color:green&quot;&gt;1045&lt;/span&gt;)&lt;/li&gt;                                                            &lt;/ul&gt;" SourceIndex="2431;2526" TextLen="953" order="67" xPath="/#document/html/body/div[4]/div[0]/div[0]/div[40]/div[1]/div[0]/ul[11]/li[2]/#text"/>
<LayoutNode BgColor="#ffffff" ContainImg="0" ContainP="0" ContainTable="false" Content="  Cho thuê nhà nguyên căn tại Hồ Chí Minh:Huyện Cần GiờHuyện Củ ChiHuyện Nhà BèHuyện Hóc MônHuyện Bình ChánhQuận 9Quận 6Quận 4Quận 11Quận 8Quận Thủ ĐứcQuận 12Quận 5Quận Bình TânQuận Tân PhúQuận 2Quận Gò VấpQuận 10Quận Phú NhuậnQuận 7Quận Tân BìnhQuận 3 " DOMCldNum="3" DoC="8" FontSize="13" FontWeight="normal" FrameSourceIndex="0" ID="1-23" IsImg="false" LinkNum="23" LinkTextLen="216" ObjectRectHeight="78" ObjectRectLeft="0" ObjectRectTop="6181" ObjectRectWidth="1420" SRC="&lt;ul xmlns=&quot;http://www.w3.org/1999/xhtml&quot;&gt;                    &lt;li&gt;  &lt;strong&gt;Cho thuê nhà nguyên căn tại Hồ Chí Minh:&lt;/strong&gt;&lt;/li&gt;                         &lt;li&gt;&lt;a href=&quot;http://123nhadat.vn/raovat-c17/cho-thue-nha-rieng-tai-huyen-can-gio-57&quot; title=&quot;Cho thue nha nguyen can Huyen Can Gio&quot;&gt;Huyện Cần Giờ&lt;/a&gt;&lt;/li&gt;                         &lt;li&gt;&lt;a href=&quot;http://123nhadat.vn/raovat-c17/cho-thue-nha-rieng-tai-huyen-cu-chi-56&quot; title=&quot;Cho thue nha nguyen can Huyen Cu Chi&quot;&gt;Huyện Củ Chi&lt;/a&gt;&lt;/li&gt;                         &lt;li&gt;&lt;a href=&quot;http://123nhadat.vn/raovat-c17/cho-thue-nha-rieng-tai-huyen-nha-be-54&quot; title=&quot;Cho thue nha nguyen can Huyen Nha Be&quot;&gt;Huyện Nhà Bè&lt;/a&gt;&lt;/li&gt;                         &lt;li&gt;&lt;a href=&quot;http://123nhadat.vn/raovat-c17/cho-thue-nha-rieng-tai-huyen-hoc-mon-55&quot; title=&quot;Cho thue nha nguyen can Huyen Hoc Mon&quot;&gt;Huyện Hóc Môn&lt;/a&gt;&lt;/li&gt;                         &lt;li&gt;&lt;a href=&quot;http://123nhadat.vn/raovat-c17/cho-thue-nha-rieng-tai-huyen-binh-chanh-53&quot; title=&quot;Cho thue nha nguyen can Huyen Binh Chanh&quot;&gt;Huyện Bình Chánh&lt;/a&gt;&lt;/li&gt;                         &lt;li&gt;&lt;a href=&quot;http://123nhadat.vn/raovat-c17/cho-thue-nha-rieng-tai-quan-9-44&quot; title=&quot;Cho thue nha nguyen can Quan 9&quot;&gt;Quận 9&lt;/a&gt;&lt;/li&gt;                         &lt;li&gt;&lt;a href=&quot;http://123nhadat.vn/raovat-c17/cho-thue-nha-rieng-tai-quan-6-41&quot; title=&quot;Cho thue nha nguyen can Quan 6&quot;&gt;Quận 6&lt;/a&gt;&lt;/li&gt;                         &lt;li&gt;&lt;a href=&quot;http://123nhadat.vn/raovat-c17/cho-thue-nha-rieng-tai-quan-4-39&quot; title=&quot;Cho thue nha nguyen can Quan 4&quot;&gt;Quận 4&lt;/a&gt;&lt;/li&gt;                         &lt;li&gt;&lt;a href=&quot;http://123nhadat.vn/raovat-c17/cho-thue-nha-rieng-tai-quan-11-46&quot; title=&quot;Cho thue nha nguyen can Quan 11&quot;&gt;Quận 11&lt;/a&gt;&lt;/li&gt;                         &lt;li&gt;&lt;a href=&quot;http://123nhadat.vn/raovat-c17/cho-thue-nha-rieng-tai-quan-8-43&quot; title=&quot;Cho thue nha nguyen can Quan 8&quot;&gt;Quận 8&lt;/a&gt;&lt;/li&gt;                         &lt;li&gt;&lt;a href=&quot;http://123nhadat.vn/raovat-c17/cho-thue-nha-rieng-tai-quan-thu-duc-52&quot; title=&quot;Cho thue nha nguyen can Quan Thu Duc&quot;&gt;Quận Thủ Đức&lt;/a&gt;&lt;/li&gt;                         &lt;li&gt;&lt;a href=&quot;http://123nhadat.vn/raovat-c17/cho-thue-nha-rieng-tai-quan-12-47&quot; title=&quot;Cho thue nha nguyen can Quan 12&quot;&gt;Quận 12&lt;/a&gt;&lt;/li&gt;                         &lt;li&gt;&lt;a href=&quot;http://123nhadat.vn/raovat-c17/cho-thue-nha-rieng-tai-quan-5-40&quot; title=&quot;Cho thue nha nguyen can Quan 5&quot;&gt;Quận 5&lt;/a&gt;&lt;/li&gt;                         &lt;li&gt;&lt;a href=&quot;http://123nhadat.vn/raovat-c17/cho-thue-nha-rieng-tai-quan-binh-tan-684&quot; title=&quot;Cho thue nha nguyen can Quan Binh Tan&quot;&gt;Quận Bình Tân&lt;/a&gt;&lt;/li&gt;                         &lt;li&gt;&lt;a href=&quot;http://123nhadat.vn/raovat-c17/cho-thue-nha-rieng-tai-quan-tan-phu-59&quot; title=&quot;Cho thue nha nguyen can Quan Tan Phu&quot;&gt;Quận Tân Phú&lt;/a&gt;&lt;/li&gt;                         &lt;li&gt;&lt;a href=&quot;http://123nhadat.vn/raovat-c17/cho-thue-nha-rieng-tai-quan-2-37&quot; title=&quot;Cho thue nha nguyen can Quan 2&quot;&gt;Quận 2&lt;/a&gt;&lt;/li&gt;                         &lt;li&gt;&lt;a href=&quot;http://123nhadat.vn/raovat-c17/cho-thue-nha-rieng-tai-quan-go-vap-48&quot; title=&quot;Cho thue nha nguyen can Quan Go Vap&quot;&gt;Quận Gò Vấp&lt;/a&gt;&lt;/li&gt;                         &lt;li&gt;&lt;a href=&quot;http://123nhadat.vn/raovat-c17/cho-thue-nha-rieng-tai-quan-10-45&quot; title=&quot;Cho thue nha nguyen can Quan 10&quot;&gt;Quận 10&lt;/a&gt;&lt;/li&gt;                         &lt;li&gt;&lt;a href=&quot;http://123nhadat.vn/raovat-c17/cho-thue-nha-rieng-tai-quan-phu-nhuan-49&quot; title=&quot;Cho thue nha nguyen can Quan Phu Nhuan&quot;&gt;Quận Phú Nhuận&lt;/a&gt;&lt;/li&gt;                         &lt;li&gt;&lt;a href=&quot;http://123nhadat.vn/raovat-c17/cho-thue-nha-rieng-tai-quan-7-42&quot; title=&quot;Cho thue nha nguyen can Quan 7&quot;&gt;Quận 7&lt;/a&gt;&lt;/li&gt;                         &lt;li&gt;&lt;a href=&quot;http://123nhadat.vn/raovat-c17/cho-thue-nha-rieng-tai-quan-tan-binh-51&quot; title=&quot;Cho thue nha nguyen can Quan Tan Binh&quot;&gt;Quận Tân Bình&lt;/a&gt;&lt;/li&gt;                         &lt;li&gt;&lt;a href=&quot;http://123nhadat.vn/raovat-c17/cho-thue-nha-rieng-tai-quan-3-38&quot; title=&quot;Cho thue nha nguyen can Quan 3&quot;&gt;Quận 3&lt;/a&gt;&lt;/li&gt;                         &lt;li&gt;&lt;a href=&quot;http://123nhadat.vn/raovat-c17/cho-thue-nha-rieng-tai-quan-1-36&quot; title=&quot;Cho thue nha nguyen can Quan 1&quot;&gt;Quận 1&lt;/a&gt;&lt;/li&gt;                     &lt;/ul&gt;" SourceIndex="3509" TextLen="258" order="68" xPath="/#document/html/body/div[4]/div[3]/div[1]/div[0]/ul[23]/li[0]/a[0]/#text"/>
<LayoutNode BgColor="#5eab1f" ContainImg="0" ContainP="0" ContainTable="false" Content="Báo giá quảng cáo Quy chế đăng tin Quy chế hoạt động Câu hỏi thường gặp Hỗ trợ - góp ý Tuyển dụng Rss " DOMCldNum="13" DoC="5" FontSize="13" FontWeight="normal" FrameSourceIndex="0" ID="1-24" IsImg="false" LinkNum="7" LinkTextLen="95" ObjectRectHeight="34" ObjectRectLeft="0" ObjectRectTop="6302" ObjectRectWidth="1420" SRC="&lt;div xmlns=&quot;http://www.w3.org/1999/xhtml&quot; class=&quot;menu_bottom&quot;&gt;                &lt;ul&gt;                                                                                      &lt;li&gt;&lt;a href=&quot;http://123nhadat.vn/bao-gia-quang-cao&quot;&gt;Báo giá quảng cáo&lt;/a&gt;&lt;/li&gt;                    &lt;li&gt;&lt;a href=&quot;http://123nhadat.vn/quy-che-dang-tin&quot;&gt;Quy chế đăng tin&lt;/a&gt;&lt;/li&gt;                    &lt;li&gt;&lt;a href=&quot;http://123nhadat.vn/quy-che-hoat-dong&quot;&gt;Quy chế hoạt động&lt;/a&gt;&lt;/li&gt;                    &lt;li&gt;&lt;a href=&quot;http://blog.123nhadat.vn/category/hoi-dap/&quot;&gt;Câu hỏi thường gặp&lt;/a&gt;&lt;/li&gt;                    &lt;li&gt;&lt;a href=&quot;http://123nhadat.vn/contact.html&quot;&gt;Hỗ trợ - góp ý&lt;/a&gt;&lt;/li&gt;                    &lt;li&gt;&lt;a href=&quot;http://123nhadat.vn/tuyen-dung&quot;&gt;Tuyển dụng&lt;/a&gt;&lt;/li&gt;                    &lt;li&gt;&lt;a href=&quot;http://123nhadat.vn/rss&quot;&gt;Rss&lt;/a&gt;&lt;/li&gt;                &lt;/ul&gt;            &lt;/div&gt;" SourceIndex="3620" TextLen="95" order="69" xPath="/#document/html/body/div[4]/div[3]/div[3]/div[0]/ul[6]/li[0]/a[0]/#text"/>
<LayoutNode BgColor="#ffffff" ContainImg="0" ContainP="0" ContainTable="false" Content="Copyright © 2011 - 2017 123nhadat.vn. ® Ghi rõ nguồn &quot;123nhadat.vn&quot; khi phát hành lại thông tin từ website này. " DOMCldNum="18" DoC="10" FontSize="13" FontWeight="normal" FrameSourceIndex="0" ID="1-25" IsImg="false" LinkNum="0" LinkTextLen="0" ObjectRectHeight="16" ObjectRectLeft="0" ObjectRectTop="6357" ObjectRectWidth="1420" SRC="Copyright © 2011 - 2017 123nhadat.vn. &lt;span xmlns=&quot;http://www.w3.org/1999/xhtml&quot; class=&quot;khonghien_mobile&quot;&gt;® Ghi rõ nguồn &quot;123nhadat.vn&quot; khi phát hành lại thông tin từ website này.&lt;/span&gt;" SourceIndex="0;3661" TextLen="111" order="70" xPath="/#document/html/body/div[4]/div[3]/div[5]/div[0]/p[0]/#text"/>
<LayoutNode BgColor="#ffffff" ContainImg="0" ContainP="0" ContainTable="false" Content="Công ty Cổ phần Truyền thông và Công nghệ Nguyễn Trần " DOMCldNum="18" DoC="8" FontSize="13" FontWeight="normal" FrameSourceIndex="0" ID="1-26" IsImg="false" LinkNum="0" LinkTextLen="0" ObjectRectHeight="16" ObjectRectLeft="0" ObjectRectTop="6383" ObjectRectWidth="1420" SRC="&lt;span xmlns=&quot;http://www.w3.org/1999/xhtml&quot; class=&quot;khonghien_mobile&quot;&gt;&lt;b&gt;Công ty Cổ phần Truyền thông và Công nghệ Nguyễn Trần&lt;/b&gt;&lt;br/&gt;&lt;/span&gt;" SourceIndex="3665" TextLen="53" order="71" xPath="/XPspan[0]/#text"/>
<LayoutNode BgColor="#ffffff" ContainImg="0" ContainP="0" ContainTable="false" Content="Giấy chứng nhận ĐKKD số 0106006379 do Sở Kế hoạch &amp; Đầu tư TP.Hà Nội cấp " DOMCldNum="18" DoC="8" FontSize="13" FontWeight="normal" FrameSourceIndex="0" ID="1-27" IsImg="false" LinkNum="0" LinkTextLen="0" ObjectRectHeight="16" ObjectRectLeft="0" ObjectRectTop="6409" ObjectRectWidth="1420" SRC="&lt;span xmlns=&quot;http://www.w3.org/1999/xhtml&quot; class=&quot;khonghien_mobile&quot;&gt;Giấy chứng nhận ĐKKD số 0106006379 do Sở Kế hoạch &amp; Đầu tư TP.Hà Nội cấp&lt;br/&gt;&lt;/span&gt;" SourceIndex="3670" TextLen="72" order="72" xPath="/XPspan[0]/#text"/>
<LayoutNode BgColor="#ffffff" ContainImg="0" ContainP="0" ContainTable="false" Content="Địa chỉ: Số 13 ngõ 189 Hoàng Hoa Thám,phường Liễu Giai,quận Ba Đình, Hà Nội " DOMCldNum="18" DoC="8" FontSize="13" FontWeight="normal" FrameSourceIndex="0" ID="1-28" IsImg="false" LinkNum="0" LinkTextLen="0" ObjectRectHeight="16" ObjectRectLeft="0" ObjectRectTop="6435" ObjectRectWidth="1420" SRC="&lt;span xmlns=&quot;http://www.w3.org/1999/xhtml&quot; class=&quot;khonghien_mobile&quot;&gt;Địa chỉ: Số 13 ngõ 189 Hoàng Hoa Thám,phường Liễu Giai,quận Ba Đình, Hà Nội&lt;br/&gt;&lt;/span&gt;" SourceIndex="3674" TextLen="75" order="73" xPath="/XPspan[0]/#text"/>
<LayoutNode BgColor="#ffffff" ContainImg="2" ContainP="0" ContainTable="false" DOMCldNum="18" DoC="7" FontSize="13" FontWeight="normal" FrameSourceIndex="0" ID="1-29" IsImg="false" LinkNum="0" LinkTextLen="0" ObjectRectHeight="135" ObjectRectLeft="0" ObjectRectTop="6456" ObjectRectWidth="1420" SourceIndex="3659" TextLen="165" order="74">
<LayoutNode BgColor="#ffffff" ContainImg="0" ContainP="0" ContainTable="false" Content="Thời gian làm việc: 8h đến 17h ngày Thứ 2 đến thứ 6 ,Thứ 7 từ 8h đến 12h. Hotline: 09.1800.8589 | Email: contact@123nhadat.vn Tel : 02437.123.666 | Fax : 02437.123.555 " DOMCldNum="18" DoC="8" FontSize="13" FontWeight="normal" FrameSourceIndex="0" ID="1-29-1" IsImg="false" LinkNum="0" LinkTextLen="0" ObjectRectHeight="135" ObjectRectLeft="0" ObjectRectTop="6456" ObjectRectWidth="879" SRC="&lt;span xmlns=&quot;http://www.w3.org/1999/xhtml&quot; class=&quot;khonghien_mobile&quot;&gt;Thời gian làm việc: 8h đến 17h ngày Thứ 2 đến thứ 6 ,Thứ 7 từ 8h đến 12h.&lt;br/&gt;&lt;/span&gt;Hotline: 09.1800.8589 | Email: contact@123nhadat.vnTel : 02437.123.666 | Fax : 02437.123.555" SourceIndex="3659" TextLen="165" order="75" xPath="/XPspan[0]/#text"/>
<LayoutNode BgColor="#ffffff" ContainImg="2" ContainP="0" ContainTable="false" Content=" " DOMCldNum="1" DoC="8" FontSize="13" FontWeight="normal" FrameSourceIndex="0" ID="1-29-2" IsImg="true" LinkNum="0" LinkTextLen="0" ObjectRectHeight="135" ObjectRectLeft="1110" ObjectRectTop="6456" ObjectRectWidth="310" SRC="&lt;img xmlns=&quot;http://www.w3.org/1999/xhtml&quot; alt=&quot;&quot; src=&quot;http://123nhadat.vn/images/s1.png&quot;/&gt;" SourceIndex="7438" TextLen="0" order="76" xPath="/#document/html/body/div[4]/div[3]/div[5]/div[0]/p[5]/a[0]/img"/>
</LayoutNode>
</LayoutNode>
</VIPSPage>
