<VIPSPage PageRectHeight="980" PageRectLeft="0" PageRectTop="0" PageRectWidth="1420" PageTitle="cho thuê nhà riêng 4 tầng kinh doanh" Url="https://diachinhadat.com/cho-thue-van-phong-quan-dong-da-nha-rieng-4-tang-kinh-doanh-188902" WindowHeight="980" WindowWidth="1420" neworder="0" order="0">
<LayoutNode BgColor="#ffffff" ContainImg="21" ContainP="4" ContainTable="true" DOMCldNum="3" DoC="1" FontSize="16" FontWeight="normal" FormNum="0" FormSize="0" FrameSourceIndex="0" ID="1" InteractionNum="0" InteractionSize="0" IsImg="false" LinkNum="311" LinkTextLen="3162" ObjectRectHeight="3327" ObjectRectLeft="0" ObjectRectTop="0" ObjectRectWidth="1420" OptionNum="0" OptionTextLength="0" ParaNum="1" SourceIndex="105" TableNum="0" TextLen="4749" order="1">
<LayoutNode BgColor="#ffffff" ContainImg="4" ContainP="0" ContainTable="false" Content=" CẦN BÁN WEBSITE NÀY 0909107404 Đăng nhập Đăng ký Tìm kiếm Nhà đất bán Bán nhà mặt tiền Bán nhà trong hẻm Bán biệt thự, nhà liền kề Bán căn hộ chung cư Bán văn phòng Bán đất thổ cư, đất ở Bán đất nền, liền kề, đất dự án Bán đất nông, lâm nghiệp Bán trang trại Bán mặt bằng Bán phòng trọ, nhà trọ Bán nhà hàng, khách sạn Bán shop, kiot, quán Bán kho, xưởng Bán các loại BĐS khác Nhà đất cho thuê Cho thuê nhà nguyên căn Cho thuê phòng trọ Cho thuê nhà mặt tiền Cho thuê nhà trong hẻm Cho thuê biệt thự, nhà liền kề Cho thuê căn hộ chung cư Cho thuê văn phòng Cho thuê đất thổ cư, đất ở Cho thuê đất nền, liền kề, đất dự án Cho thuê đất nông, lâm nghiệp Cho thuê trang trại Cho thuê mặt bằng Cho thuê nhà hàng, khách sạn Cho thuê shop, kiot, quán Cho thuê kho, xưởng Cho thuê các loại BĐS khác Sang nhượng Sang quán cafe Sang quán ăn, nhà hàng Sang shop thời Trang Sang quán nhậu Sang bar, karaoke Sang spa, thẩm mỹ viện Sang tiệm tóc, salon beauty Sang quán bida Sang CLB thể hình Sang nhà thuốc tây Sang studio, áo cưới Sang cửa hàng, shop Sang mặt bằng kinh doanh Sang trường mầm non Sang cửa hàng điện thoại Sang tiệm net Sang khách sạn Sang tiệm Photocopy Dự án Căn hộ, chung cư Khu biệt thự Cao ốc văn phòng Khu thương mại Khu dân cư Nhà ở xã hội Khu đô thị mới Phong thủy Phong thủy phòng thờ Đặt bàn thờ thần tài Phong thủy nhà ở Phong thủy phòng khách Phong thủy cầu thang Phong thủy phòng làm việc Phong thủy bàn làm việc Phong thủy phòng ngủ Phong thủy nhà bếp Phong thủy mặt tiền Phong thủy phòng tắm Phong thủy sân vườn Phong thủy văn phòng Vật phẩm phong thủy Nhà cấp 4 theo phong thủy Tin tức Bất động sản Thị trường nhà đất Dự án bất động sản Nhà đẹp   Đăng tin miễn phí Đăng tin Nhà đất, Phòng trọ Đăng tin sang nhượng quán Đăng tin Dự án " DOMCldNum="3" DoC="5" FontSize="16" FontWeight="normal" FormNum="0" FormSize="0" FrameSourceIndex="0" ID="1-1" InteractionNum="0" InteractionSize="0" IsImg="false" LinkNum="22" LinkTextLen="130" ObjectHeight="105" ObjectRectHeight="215" ObjectRectLeft="0" ObjectRectTop="0" ObjectRectWidth="1420" ObjectWidth="262" ObjectX="125" ObjectY="10" OptionNum="0" OptionTextLength="0" ParaNum="0" SRC="&lt;img alt=&quot;diachinhadat.com&quot; class=&quot;img-responsive logo&quot; src=&quot;/images/logo.png&quot;/&gt;&lt;div class=&quot;col-md-12 col-sm-12&quot;&gt;                &lt;ul class=&quot;nav navbar-nav navbar-right navbar-nav-m&quot;&gt;    &lt;li class=&quot;welcome_title&quot;&gt;        &lt;a href=&quot;/&quot; style=&quot;color:red; font-weight:bold;&quot; target=&quot;_blank&quot;&gt;CẦN BÁN WEBSITE NÀY 0909107404&lt;/a&gt;    &lt;/li&gt;    &lt;!--li class=&quot;welcome_title&quot;&gt;        &lt;a href=&quot;http://muabancantho.vn&quot; target=&quot;_blank&quot; title=&quot;Rao vặt cần thơ&quot;&gt;&lt;img src=&quot;/images/raovatdaklak-icon.png&quot;/&gt; Raovatcantho.vn &lt;/a&gt;    &lt;/li--&gt;            &lt;li&gt;     &lt;a class=&quot;modal-link&quot; href=&quot;/dang-nhap-tai-khoan-dang-tin&quot; id=&quot;loginLink&quot; title=&quot;Đăng nhập tài khoản&quot;&gt;                &lt;img alt=&quot;Đăng nhập&quot; src=&quot;/images/login-icon.png&quot;/&gt; Đăng nhập            &lt;/a&gt;                    &lt;/li&gt;        &lt;li&gt;            &lt;a class=&quot;modal-link&quot; href=&quot;/dang-ky-tai-khoan-dang-tin&quot; id=&quot;registerLink&quot; title=&quot;Đăng ký tài khoản&quot;&gt;                &lt;img alt=&quot;Đăng ký&quot; src=&quot;/images/add-icon.png&quot;/&gt; Đăng ký            &lt;/a&gt;        &lt;/li&gt;&lt;/ul&gt;            &lt;/div&gt;&lt;nav class=&quot;navbar navbar-inverse&quot; id=&quot;nav_top&quot;&gt;            &lt;div class=&quot;container&quot;&gt;                &lt;div class=&quot;navbar-header&quot;&gt;                    &lt;button class=&quot;navbar-toggle&quot; data-target=&quot;#myNavbar&quot; data-toggle=&quot;collapse&quot; style=&quot;background: #e74c3c;&quot; type=&quot;button&quot;&gt;                        &lt;span class=&quot;icon-bar&quot;/&gt;                        &lt;span class=&quot;icon-bar&quot;/&gt;                        &lt;span class=&quot;icon-bar&quot;/&gt;                    &lt;/button&gt;                    &lt;a class=&quot;navbar-brand&quot; href=&quot;/&quot;&gt;                        &lt;span class=&quot;glyphicon glyphicon-home&quot; style=&quot;color:white&quot;/&gt;                    &lt;/a&gt;                    &lt;div class=&quot;navbar-brand&quot; data-toggle=&quot;collapse&quot; id=&quot;btnsearchmobile&quot; style=&quot;color:white&quot;&gt;                        &lt;span class=&quot;glyphicon glyphicon-search&quot;&gt; &lt;/span&gt; Tìm kiếm                    &lt;/div&gt;                                    &lt;/div&gt;                &lt;div class=&quot;collapse navbar-collapse&quot; id=&quot;myNavbar&quot;&gt;                    &lt;ul class=&quot;nav navbar-nav&quot;&gt;                        &lt;li class=&quot;dropdown&quot; itemprop=&quot;name&quot;&gt;                            &lt;a class=&quot;dropdown-toggle&quot; data-toggle=&quot;dropdown&quot; href=&quot;/nha-dat/ban-bat-dong-san&quot; itemprop=&quot;url&quot;&gt;Nhà đất bán&lt;/a&gt;                            &lt;ul class=&quot;dropdown-menu&quot;&gt;                                &lt;li&gt;&lt;a href=&quot;/nha-dat/ban-nha-mat-tien&quot;&gt;Bán nhà mặt tiền&lt;/a&gt;&lt;/li&gt;                                &lt;li&gt;&lt;a href=&quot;/nha-dat/ban-nha-trong-hem&quot;&gt;Bán nhà trong hẻm&lt;/a&gt;&lt;/li&gt;                                &lt;li&gt;&lt;a href=&quot;/nha-dat/ban-biet-thu-nha-lien-ke&quot;&gt;Bán biệt thự, nhà liền kề&lt;/a&gt;&lt;/li&gt;                                &lt;li&gt;&lt;a href=&quot;/nha-dat/ban-can-ho-chung-cu&quot;&gt;Bán căn hộ chung cư&lt;/a&gt;&lt;/li&gt;                                &lt;li&gt;&lt;a href=&quot;/nha-dat/ban-van-phong&quot;&gt;Bán văn phòng&lt;/a&gt;&lt;/li&gt;                                &lt;li&gt;&lt;a href=&quot;/nha-dat/ban-dat-tho-cu-dat-o&quot;&gt;Bán đất thổ cư, đất ở&lt;/a&gt;&lt;/li&gt;                                &lt;li&gt;&lt;a href=&quot;/nha-dat/ban-dat-nen-lien-ke-dat-du-an&quot;&gt;Bán đất nền, liền kề, đất dự án&lt;/a&gt;&lt;/li&gt;                                &lt;li&gt;&lt;a href=&quot;/nha-dat/ban-dat-nong-lam-nghiep&quot;&gt;Bán đất nông, lâm nghiệp&lt;/a&gt;&lt;/li&gt;                                &lt;li&gt;&lt;a href=&quot;/nha-dat/ban-trang-trai&quot;&gt;Bán trang trại&lt;/a&gt;&lt;/li&gt;                                &lt;li&gt;&lt;a href=&quot;/nha-dat/ban-mat-bang&quot;&gt;Bán mặt bằng&lt;/a&gt;&lt;/li&gt;                                &lt;li&gt;&lt;a href=&quot;/nha-dat/ban-phong-tro-nha-tro&quot;&gt;Bán phòng trọ, nhà trọ&lt;/a&gt;&lt;/li&gt;                                &lt;li&gt;&lt;a href=&quot;/nha-dat/ban-nha-hang-khach-san&quot;&gt;Bán nhà hàng, khách sạn&lt;/a&gt;&lt;/li&gt;                                &lt;li&gt;&lt;a href=&quot;/nha-dat/ban-shop-kiot-quan&quot;&gt;Bán shop, kiot, quán&lt;/a&gt;&lt;/li&gt;                                &lt;li&gt;&lt;a href=&quot;/nha-dat/ban-kho-xuong&quot;&gt;Bán kho, xưởng&lt;/a&gt;&lt;/li&gt;                                &lt;li&gt;&lt;a href=&quot;/nha-dat/ban-bat-dong-san&quot;&gt;Bán các loại BĐS khác&lt;/a&gt;&lt;/li&gt;                            &lt;/ul&gt;                        &lt;/li&gt;                        &lt;li class=&quot;dropdown&quot; itemprop=&quot;name&quot;&gt;                            &lt;a class=&quot;dropdown-toggle&quot; data-toggle=&quot;dropdown&quot; href=&quot;/nha-dat/cho-thue-bat-dong-san&quot; itemprop=&quot;url&quot;&gt;Nhà đất cho thuê&lt;/a&gt;                            &lt;ul class=&quot;dropdown-menu&quot;&gt;                                &lt;li&gt;&lt;a href=&quot;/nha-dat/cho-thue-nha-o&quot;&gt;Cho thuê nhà nguyên căn&lt;/a&gt;&lt;/li&gt;                                &lt;li&gt;&lt;a href=&quot;/nha-dat/cho-thue-phong-tro-nha-tro&quot;&gt;Cho thuê phòng trọ&lt;/a&gt;&lt;/li&gt;                                &lt;li&gt;&lt;a href=&quot;/nha-dat/cho-thue-nha-mat-tien&quot;&gt;Cho thuê nhà mặt tiền&lt;/a&gt;&lt;/li&gt;                                &lt;li&gt;&lt;a href=&quot;/nha-dat/cho-thue-nha-trong-hem&quot;&gt;Cho thuê nhà trong hẻm&lt;/a&gt;&lt;/li&gt;                                &lt;li&gt;&lt;a href=&quot;/nha-dat/cho-thue-biet-thu-nha-lien-ke&quot;&gt;Cho thuê biệt thự, nhà liền kề&lt;/a&gt;&lt;/li&gt;                                &lt;li&gt;&lt;a href=&quot;/nha-dat/cho-thue-can-ho-chung-cu&quot;&gt;Cho thuê căn hộ chung cư&lt;/a&gt;&lt;/li&gt;                                &lt;li&gt;&lt;a href=&quot;/nha-dat/cho-thue-van-phong&quot;&gt;Cho thuê văn phòng&lt;/a&gt;&lt;/li&gt;                                &lt;li&gt;&lt;a href=&quot;/nha-dat/cho-thue-dat-tho-cu-dat-o&quot;&gt;Cho thuê đất thổ cư, đất ở&lt;/a&gt;&lt;/li&gt;                                &lt;li&gt;&lt;a href=&quot;/nha-dat/cho-thue-dat-nen-lien-ke-dat-du-an&quot;&gt;Cho thuê đất nền, liền kề, đất dự án&lt;/a&gt;&lt;/li&gt;                                &lt;li&gt;&lt;a href=&quot;/nha-dat/cho-thue-dat-nong-lam-nghiep&quot;&gt;Cho thuê đất nông, lâm nghiệp&lt;/a&gt;&lt;/li&gt;                                &lt;li&gt;&lt;a href=&quot;/nha-dat/cho-thue-trang-trai&quot;&gt;Cho thuê trang trại&lt;/a&gt;&lt;/li&gt;                                &lt;li&gt;&lt;a href=&quot;/nha-dat/cho-thue-mat-bang&quot;&gt;Cho thuê mặt bằng&lt;/a&gt;&lt;/li&gt;                                &lt;li&gt;&lt;a href=&quot;/nha-dat/cho-thue-nha-hang-khach-san&quot;&gt;Cho thuê nhà hàng, khách sạn&lt;/a&gt;&lt;/li&gt;                                &lt;li&gt;&lt;a href=&quot;/nha-dat/cho-thue-shop-kiot-quan&quot;&gt;Cho thuê shop, kiot, quán&lt;/a&gt;&lt;/li&gt;                                &lt;li&gt;&lt;a href=&quot;/nha-dat/cho-thue-kho-xuong&quot;&gt;Cho thuê kho, xưởng&lt;/a&gt;&lt;/li&gt;                                &lt;li&gt;&lt;a href=&quot;/nha-dat/cho-thue-bat-dong-san&quot;&gt;Cho thuê các loại BĐS khác&lt;/a&gt;&lt;/li&gt;                            &lt;/ul&gt;                        &lt;/li&gt;                        &lt;li class=&quot;dropdown&quot; itemprop=&quot;name&quot;&gt;                            &lt;a class=&quot;dropdown-toggle&quot; data-toggle=&quot;dropdown&quot; href=&quot;/sang-nhuong&quot; itemprop=&quot;url&quot;&gt;Sang nhượng&lt;/a&gt;                            &lt;ul class=&quot;dropdown-menu&quot;&gt;                                &lt;li&gt;&lt;a href=&quot;/sang-nhuong/sang-quan-cafe&quot;&gt;Sang quán cafe&lt;/a&gt;&lt;/li&gt;                                &lt;li&gt;&lt;a href=&quot;/sang-nhuong/sang-quan-an-nha-hang&quot;&gt;Sang quán ăn, nhà hàng&lt;/a&gt;&lt;/li&gt;                                &lt;li&gt;&lt;a href=&quot;/sang-nhuong/sang-shop-thoi-trang&quot;&gt;Sang shop thời Trang&lt;/a&gt;&lt;/li&gt;                                &lt;li&gt;&lt;a href=&quot;/sang-nhuong/sang-quan-nhau&quot;&gt;Sang quán nhậu&lt;/a&gt;&lt;/li&gt;                                &lt;li&gt;&lt;a href=&quot;/sang-nhuong/sang-bar-karaoke&quot;&gt;Sang bar, karaoke&lt;/a&gt;&lt;/li&gt;                                &lt;li&gt;&lt;a href=&quot;/sang-nhuong/sang-spa-tham-my-vien&quot;&gt;Sang spa, thẩm mỹ viện&lt;/a&gt;&lt;/li&gt;                                &lt;li&gt;&lt;a href=&quot;/sang-nhuong/sang-tiem-toc-salon-beauty&quot;&gt;Sang tiệm tóc, salon beauty&lt;/a&gt;&lt;/li&gt;                                &lt;li&gt;&lt;a href=&quot;/sang-nhuong/sang-quan-bida&quot;&gt;Sang quán bida&lt;/a&gt;&lt;/li&gt;                                &lt;li&gt;&lt;a href=&quot;/sang-nhuong/sang-clb-the-hinh&quot;&gt;Sang CLB thể hình&lt;/a&gt;&lt;/li&gt;                                &lt;li&gt;&lt;a href=&quot;/sang-nhuong/sang-nha-thuoc-tay&quot;&gt;Sang nhà thuốc tây&lt;/a&gt;&lt;/li&gt;                                &lt;li&gt;&lt;a href=&quot;/sang-nhuong/sang-studio-ao-cuoi&quot;&gt;Sang studio, áo cưới&lt;/a&gt;&lt;/li&gt;                                &lt;li&gt;&lt;a href=&quot;/sang-nhuong/sang-cua-hang-shop&quot;&gt;Sang cửa hàng, shop&lt;/a&gt;&lt;/li&gt;                                &lt;li&gt;&lt;a href=&quot;/sang-nhuong/sang-mat-bang-kinh-doanh&quot;&gt;Sang mặt bằng kinh doanh&lt;/a&gt;&lt;/li&gt;                                &lt;li&gt;&lt;a href=&quot;/sang-nhuong/sang-truong-mam-non&quot;&gt;Sang trường mầm non&lt;/a&gt;&lt;/li&gt;                                &lt;li&gt;&lt;a href=&quot;/sang-nhuong/sang-cua-hang-dien-thoai&quot;&gt;Sang cửa hàng điện thoại&lt;/a&gt;&lt;/li&gt;                                &lt;li&gt;&lt;a href=&quot;/sang-nhuong/sang-tiem-net&quot;&gt;Sang tiệm net&lt;/a&gt;&lt;/li&gt;                                &lt;li&gt;&lt;a href=&quot;/sang-nhuong/sang-khach-san&quot;&gt;Sang khách sạn&lt;/a&gt;&lt;/li&gt;                                &lt;li&gt;&lt;a href=&quot;/sang-nhuong/sang-tiem-photocopy&quot;&gt;Sang tiệm Photocopy&lt;/a&gt;&lt;/li&gt;                            &lt;/ul&gt;                        &lt;/li&gt;                        &lt;li class=&quot;dropdown menu_responsive_hide&quot; itemprop=&quot;name&quot;&gt;                            &lt;a class=&quot;dropdown-toggle&quot; data-toggle=&quot;dropdown&quot; href=&quot;/du-an&quot; itemprop=&quot;url&quot;&gt;Dự án&lt;/a&gt;                            &lt;ul class=&quot;dropdown-menu&quot;&gt;                                &lt;li&gt;&lt;a href=&quot;/du-an/can-ho-chung-cu&quot;&gt;Căn hộ, chung cư&lt;/a&gt;&lt;/li&gt;                                &lt;li&gt;&lt;a href=&quot;/du-an/khu-biet-thu&quot;&gt;Khu biệt thự&lt;/a&gt;&lt;/li&gt;                                &lt;li&gt;&lt;a href=&quot;/du-an/cao-oc-van-phong&quot;&gt;Cao ốc văn phòng&lt;/a&gt;&lt;/li&gt;                                &lt;li&gt;&lt;a href=&quot;/du-an/khu-thuong-mai&quot;&gt;Khu thương mại&lt;/a&gt;&lt;/li&gt;                                &lt;li&gt;&lt;a href=&quot;/du-an/khu-dan-cu&quot;&gt;Khu dân cư&lt;/a&gt;&lt;/li&gt;                                &lt;li&gt;&lt;a href=&quot;/du-an/nha-o-xa-hoi&quot;&gt;Nhà ở xã hội&lt;/a&gt;&lt;/li&gt;                                &lt;li&gt;&lt;a href=&quot;/du-an/khu-do-thi-moi&quot;&gt;Khu đô thị mới&lt;/a&gt;&lt;/li&gt;                            &lt;/ul&gt;                        &lt;/li&gt;                        &lt;li class=&quot;dropdown menu_responsive_hide&quot; itemprop=&quot;name&quot;&gt;                            &lt;a class=&quot;dropdown-toggle&quot; data-toggle=&quot;dropdown&quot; href=&quot;/phong-thuy&quot; itemprop=&quot;url&quot;&gt;Phong thủy&lt;/a&gt;                            &lt;ul class=&quot;dropdown-menu&quot;&gt;                                &lt;li&gt;&lt;a href=&quot;/phong-thuy/phong-thuy-phong-tho&quot;&gt;Phong thủy phòng thờ&lt;/a&gt;&lt;/li&gt;                                &lt;li&gt;&lt;a href=&quot;/phong-thuy/dat-ban-tho-than-tai&quot;&gt;Đặt bàn thờ thần tài&lt;/a&gt;&lt;/li&gt;                                &lt;li&gt;&lt;a href=&quot;/phong-thuy/phong-thuy-nha-o&quot;&gt;Phong thủy nhà ở&lt;/a&gt;&lt;/li&gt;                                &lt;li&gt;&lt;a href=&quot;/phong-thuy/phong-thuy-phong-khach&quot;&gt;Phong thủy phòng khách&lt;/a&gt;&lt;/li&gt;                                &lt;li&gt;&lt;a href=&quot;/phong-thuy/phong-thuy-cau-thang&quot;&gt;Phong thủy cầu thang&lt;/a&gt;&lt;/li&gt;                                &lt;li&gt;&lt;a href=&quot;/phong-thuy/phong-thuy-phong-lam-viec&quot;&gt;Phong thủy phòng làm việc&lt;/a&gt;&lt;/li&gt;                                &lt;li&gt;&lt;a href=&quot;/phong-thuy/phong-thuy-ban-lam-viec&quot;&gt;Phong thủy bàn làm việc&lt;/a&gt;&lt;/li&gt;                                &lt;li&gt;&lt;a href=&quot;/phong-thuy/phong-thuy-phong-ngu&quot;&gt;Phong thủy phòng ngủ&lt;/a&gt;&lt;/li&gt;                                &lt;li&gt;&lt;a href=&quot;/phong-thuy/phong-thuy-nha-bep&quot;&gt;Phong thủy nhà bếp&lt;/a&gt;&lt;/li&gt;                                &lt;li&gt;&lt;a href=&quot;/phong-thuy/phong-thuy-mat-tien&quot;&gt;Phong thủy mặt tiền&lt;/a&gt;&lt;/li&gt;                                &lt;li&gt;&lt;a href=&quot;/phong-thuy/phong-thuy-phong-tam&quot;&gt;Phong thủy phòng tắm&lt;/a&gt;&lt;/li&gt;                                &lt;li&gt;&lt;a href=&quot;/phong-thuy/phong-thuy-san-vuon&quot;&gt;Phong thủy sân vườn&lt;/a&gt;&lt;/li&gt;                                &lt;li&gt;&lt;a href=&quot;/phong-thuy/phong-thuy-van-phong&quot;&gt;Phong thủy văn phòng&lt;/a&gt;&lt;/li&gt;                                &lt;li&gt;&lt;a href=&quot;/phong-thuy/vat-pham-phong-thuy&quot;&gt;Vật phẩm phong thủy&lt;/a&gt;&lt;/li&gt;                                &lt;li&gt;&lt;a href=&quot;/phong-thuy/nha-cap-4-theo-phong-thuy&quot;&gt;Nhà cấp 4 theo phong thủy&lt;/a&gt;&lt;/li&gt;                            &lt;/ul&gt;                        &lt;/li&gt;                        &lt;li class=&quot;dropdown menu_responsive_hide&quot; itemprop=&quot;name&quot;&gt;                            &lt;a class=&quot;dropdown-toggle&quot; data-toggle=&quot;dropdown&quot; href=&quot;/tin-tuc&quot; itemprop=&quot;url&quot;&gt;Tin tức&lt;/a&gt;                            &lt;ul class=&quot;dropdown-menu&quot;&gt;                                &lt;li&gt;&lt;a href=&quot;/tin-tuc/bat-dong-san&quot;&gt;Bất động sản&lt;/a&gt;&lt;/li&gt;                                &lt;li&gt;&lt;a href=&quot;/tin-tuc/thi-truong&quot;&gt;Thị trường nhà đất&lt;/a&gt;&lt;/li&gt;                                &lt;li&gt;&lt;a href=&quot;/tin-tuc/du-an-bat-dong-san&quot;&gt;Dự án bất động sản&lt;/a&gt;&lt;/li&gt;                                &lt;li&gt;&lt;a href=&quot;/tin-tuc/nha-dep&quot;&gt;Nhà đẹp&lt;/a&gt;&lt;/li&gt;                            &lt;/ul&gt;                        &lt;/li&gt;                                            &lt;/ul&gt;                    &lt;ul class=&quot;nav navbar-nav navbar-right&quot;&gt;                        &lt;li class=&quot;dropdown&quot; style=&quot;background-color: #e32a2a;&quot;&gt;                            &lt;a class=&quot;dropdown-toggle&quot; data-toggle=&quot;dropdown&quot; href=&quot;/&quot;&gt;                                &lt;span class=&quot;glyphicon glyphicon-plus-sign&quot;/&gt;                                  Đăng tin miễn phí                            &lt;/a&gt;                            &lt;ul class=&quot;dropdown-menu&quot;&gt;                                &lt;li&gt;&lt;a href=&quot;/dang-tin-nha-dat&quot;&gt;Đăng tin Nhà đất, Phòng trọ&lt;/a&gt;&lt;/li&gt;                                &lt;li&gt;&lt;a href=&quot;/dang-tin-sang-nhuong-quan&quot;&gt;Đăng tin sang nhượng quán&lt;/a&gt;&lt;/li&gt;                                &lt;li&gt;&lt;a href=&quot;/dang-tin-du-an&quot;&gt;Đăng tin Dự án&lt;/a&gt;&lt;/li&gt;                            &lt;/ul&gt;                        &lt;/li&gt;                    &lt;/ul&gt;                &lt;/div&gt;            &lt;/div&gt;        &lt;/nav&gt;" SourceIndex="2175;141;172" TableNum="0" TextLen="130" order="2" xPath="/html[1]/body[1]/header[1]/div[1]/div[1]/div[1]/a[1]/img[1]"/>
<LayoutNode BgColor="#ffffff" ContainImg="0" ContainP="0" ContainTable="false" Content="Trang chủ › Nhà đất Cho thuê › Văn phòng › Hà Nội › Quận Đống Đa " DOMCldNum="13" DoC="8" FontSize="16" FontWeight="normal" FormNum="0" FormSize="0" FrameSourceIndex="0" ID="1-2" InteractionNum="0" InteractionSize="0" IsImg="false" LinkNum="10" LinkTextLen="52" ObjectHeight="29" ObjectRectHeight="29" ObjectRectLeft="0" ObjectRectTop="235" ObjectRectWidth="1420" ObjectWidth="1140" ObjectX="125" ObjectY="235" OptionNum="0" OptionTextLength="0" ParaNum="0" SRC="&lt;nav&gt;    &lt;div class=&quot;breadcrumbs&quot;&gt;        &lt;ul class=&quot;list-inline&quot; itemscope=&quot;&quot; itemtype=&quot;http://schema.org/BreadcrumbList&quot;&gt;            &lt;li itemprop=&quot;itemListElement&quot; itemscope=&quot;&quot; itemtype=&quot;http://schema.org/ListItem&quot;&gt;                &lt;a href=&quot;/&quot; itemprop=&quot;item&quot; title=&quot;Mua bán nhà đất&quot;&gt;                    &lt;span itemprop=&quot;name&quot;&gt;Trang chủ&lt;/span&gt;                &lt;/a&gt;            &lt;/li&gt;            ›            &lt;li itemprop=&quot;itemListElement&quot; itemscope=&quot;&quot; itemtype=&quot;http://schema.org/ListItem&quot;&gt;                &lt;a href=&quot;/nha-dat/cho-thue-bat-dong-san&quot; itemprop=&quot;item&quot; title=&quot;Nhà đất Cho thuê&quot;&gt;                    &lt;span itemprop=&quot;name&quot;&gt;Nhà đất Cho thuê&lt;/span&gt;                &lt;/a&gt;            &lt;/li&gt;            ›            &lt;li itemprop=&quot;itemListElement&quot; itemscope=&quot;&quot; itemtype=&quot;http://schema.org/ListItem&quot;&gt;                &lt;a href=&quot;/nha-dat/cho-thue-van-phong&quot; itemprop=&quot;item&quot; title=&quot;Văn phòng&quot;&gt;                    &lt;span itemprop=&quot;name&quot;&gt;Văn phòng&lt;/span&gt;                &lt;/a&gt;            &lt;/li&gt;            ›            &lt;li itemprop=&quot;itemListElement&quot; itemscope=&quot;&quot; itemtype=&quot;http://schema.org/ListItem&quot;&gt;                &lt;a href=&quot;/nha-dat/cho-thue-van-phong-ha-noi&quot; itemprop=&quot;item&quot; title=&quot;Hà Nội&quot;&gt;                    &lt;span itemprop=&quot;name&quot;&gt;Hà Nội&lt;/span&gt;                &lt;/a&gt;            &lt;/li&gt;            ›            &lt;li itemprop=&quot;itemListElement&quot; itemscope=&quot;&quot; itemtype=&quot;http://schema.org/ListItem&quot;&gt;                &lt;a href=&quot;/nha-dat/cho-thue-van-phong-ha-noi-quan-dong-da&quot; itemprop=&quot;item&quot; title=&quot;Quận Đống Đa&quot;&gt;                    &lt;span itemprop=&quot;name&quot;&gt;Quận Đống Đa&lt;/span&gt;                &lt;/a&gt;            &lt;/li&gt;        &lt;/ul&gt;    &lt;/div&gt;&lt;/nav&gt;" SourceIndex="590" TableNum="0" TextLen="64" order="3" xPath="/html[1]/body[1]/div[2]/nav[1]"/>
<LayoutNode BgColor="#ffffff" ContainImg="0" ContainP="0" ContainTable="false" Content="Cho thuê nhà riêng 4 tầng kinh doanh " DOMCldNum="11" DoC="5" FontSize="16" FontWeight="normal" FormNum="0" FormSize="0" FrameSourceIndex="0" ID="1-3" InteractionNum="0" InteractionSize="0" IsImg="false" LinkNum="0" LinkTextLen="0" ObjectHeight="33" ObjectRectHeight="33" ObjectRectLeft="0" ObjectRectTop="274" ObjectRectWidth="1420" ObjectWidth="1140" ObjectX="140" ObjectY="274" OptionNum="0" OptionTextLength="0" ParaNum="0" SRC="&lt;div class=&quot;container&quot;&gt;        &lt;div class=&quot;row&quot;&gt;            &lt;h1 style=&quot;font-size: 20px; font-weight: bold; margin-top: 0px&quot;&gt;Cho thuê nhà riêng 4 tầng kinh doanh&lt;/h1&gt;        &lt;/div&gt;        &lt;div class=&quot;social-button&quot;&gt;                                &lt;div class=&quot;facebook_share&quot;&gt;                &lt;!--div class=&quot;fb-like fb-share-button&quot; data-href=&quot;https://diachinhadat.com/cho-thue-van-phong-quan-dong-da-nha-rieng-4-tang-kinh-doanh-188902&quot; data-layout=&quot;button_count&quot;&gt;&lt;/div--&gt;    &lt;div class=&quot;fb-like&quot; data-action=&quot;like&quot; data-href=&quot;https://diachinhadat.com/cho-thue-van-phong-quan-dong-da-nha-rieng-4-tang-kinh-doanh-188902&quot; data-layout=&quot;button_count&quot; data-share=&quot;true&quot; data-show-faces=&quot;false&quot; id=&quot;likepost&quot;/&gt;            &lt;/div&gt;        &lt;/div&gt;    &lt;/div&gt;" SourceIndex="648" TableNum="0" TextLen="36" order="4" xPath="/html[1]/body[1]/div[2]/div[1]/div[1]"/>
<LayoutNode BgColor="#ffffff" ContainImg="7" ContainP="2" ContainTable="true" DOMCldNum="7" DoC="8" FontSize="16" FontWeight="normal" FormNum="0" FormSize="0" FrameSourceIndex="0" ID="1-4" InteractionNum="0" InteractionSize="0" IsImg="false" LinkNum="0" LinkTextLen="0" ObjectRectHeight="509" ObjectRectLeft="0" ObjectRectTop="317" ObjectRectWidth="1420" OptionNum="0" OptionTextLength="0" ParaNum="0" SourceIndex="679" TableNum="0" TextLen="201" order="5">
<LayoutNode BgColor="#ffffff" ContainImg="7" ContainP="0" ContainTable="false" DOMCldNum="7" DoC="8" FontSize="16" FontWeight="normal" FormNum="0" FormSize="0" FrameSourceIndex="0" ID="1-4-1" InteractionNum="0" InteractionSize="0" IsImg="false" LinkNum="0" LinkTextLen="0" ObjectRectHeight="509" ObjectRectLeft="0" ObjectRectTop="317" ObjectRectWidth="869" OptionNum="0" OptionTextLength="0" ParaNum="0" SourceIndex="679" TableNum="0" TextLen="0" order="6">
<LayoutNode BgColor="#ffffff" ContainImg="2" ContainP="0" ContainTable="false" Content=" " DOMCldNum="7" DoC="8" FontSize="16" FontWeight="normal" FormNum="0" FormSize="0" FrameSourceIndex="0" ID="1-4-1-1" InteractionNum="0" InteractionSize="0" IsImg="false" LinkNum="0" LinkTextLen="0" ObjectHeight="358" ObjectRectHeight="363" ObjectRectLeft="0" ObjectRectTop="317" ObjectRectWidth="869" ObjectWidth="739" ObjectX="130" ObjectY="322" OptionNum="0" OptionTextLength="0" ParaNum="0" SRC="&lt;div class=&quot;col-lg-12 fileinput-preview thumbnail h_mobile&quot; data-trigger=&quot;fileinput&quot; id=&quot;previewPane&quot;&gt;        &lt;img id=&quot;rotateimg&quot; src=&quot;images/rotate.png&quot; style=&quot;position:absolute; right:10px; cursor: pointer;&quot; width=&quot;24px&quot;/&gt;                                                &lt;img alt=&quot;cho thuê nhà riêng 4 tầng kinh doanh-317710&quot; class=&quot;img-responsive small-responsive&quot; id=&quot;largeImage&quot; src=&quot;/files/nhadat/2020/6/28/images/082bff1c-d6d8-4f07-a009-2cedd38fbb81.jpg&quot;/&gt;                            &lt;/div&gt;" SourceIndex="681" TableNum="0" TextLen="0" order="7" xPath="/html[1]/body[1]/div[2]/div[1]/div[2]/div[1]/article[1]/div[1]/div[1]/div[1]"/>
<LayoutNode BgColor="#ffffff" ContainImg="5" ContainP="0" ContainTable="false" Content=" " DOMCldNum="7" DoC="8" FontSize="16" FontWeight="normal" FormNum="0" FormSize="0" FrameSourceIndex="0" ID="1-4-1-2" InteractionNum="0" InteractionSize="0" IsImg="false" LinkNum="0" LinkTextLen="0" ObjectHeight="108" ObjectRectHeight="111" ObjectRectLeft="0" ObjectRectTop="715" ObjectRectWidth="869" ObjectWidth="719" ObjectX="140" ObjectY="715" OptionNum="0" OptionTextLength="0" ParaNum="0" SRC="&lt;div class=&quot;col-lg-12 h_mobile&quot; id=&quot;thumbs&quot;&gt;                                           &lt;!-- Thumbnails --&gt;                                             &lt;img alt=&quot;cho thuê nhà riêng 4 tầng kinh doanh-317710&quot; class=&quot;img-responsive&quot; src=&quot;/files/nhadat/2020/6/28/images/082bff1c-d6d8-4f07-a009-2cedd38fbb81.jpg&quot; style=&quot;width:100px; height:100px;&quot;/&gt;                                    &lt;!-- End thumbnails --&gt;                                    &lt;!-- Thumbnails --&gt;                                             &lt;img alt=&quot;cho thuê nhà riêng 4 tầng kinh doanh-317711&quot; class=&quot;img-responsive&quot; src=&quot;/files/nhadat/2020/6/28/images/a38d43cc-7fca-4d0f-894e-68d83dd06aa5.jpg&quot; style=&quot;width:100px; height:100px;&quot;/&gt;                                    &lt;!-- End thumbnails --&gt;                                    &lt;!-- Thumbnails --&gt;                                             &lt;img alt=&quot;cho thuê nhà riêng 4 tầng kinh doanh-317712&quot; class=&quot;img-responsive&quot; src=&quot;/files/nhadat/2020/6/28/images/da1a08ef-78c3-4f0f-941d-6a823d94bbc4.jpg&quot; style=&quot;width:100px; height:100px;&quot;/&gt;                                    &lt;!-- End thumbnails --&gt;                                    &lt;!-- Thumbnails --&gt;                                             &lt;img alt=&quot;cho thuê nhà riêng 4 tầng kinh doanh-317713&quot; class=&quot;img-responsive&quot; src=&quot;/files/nhadat/2020/6/28/images/b8a8a150-7592-4eea-af18-5a0e3a67f1e3.jpg&quot; style=&quot;width:100px; height:100px;&quot;/&gt;                                    &lt;!-- End thumbnails --&gt;                                    &lt;!-- Thumbnails --&gt;                                             &lt;img alt=&quot;cho thuê nhà riêng 4 tầng kinh doanh-317714&quot; class=&quot;img-responsive&quot; src=&quot;/files/nhadat/2020/6/28/images/dc635eda-6302-488c-a14f-bce5dc706307.jpg&quot; style=&quot;width:100px; height:100px;&quot;/&gt;                                    &lt;!-- End thumbnails --&gt;                            &lt;/div&gt;" SourceIndex="688" TableNum="0" TextLen="0" order="8" xPath="/html[1]/body[1]/div[2]/div[1]/div[2]/div[1]/article[1]/div[1]/div[1]/div[2]"/>
</LayoutNode>
<LayoutNode BgColor="#fdfdfd" ContainImg="0" ContainP="2" ContainTable="true" DOMCldNum="9" DoC="8" FontSize="16" FontWeight="normal" FormNum="0" FormSize="0" FrameSourceIndex="0" ID="1-4-2" InteractionNum="0" InteractionSize="0" IsImg="false" LinkNum="0" LinkTextLen="0" ObjectRectHeight="509" ObjectRectLeft="904" ObjectRectTop="317" ObjectRectWidth="516" OptionNum="0" OptionTextLength="0" ParaNum="0" SourceIndex="761" TableNum="0" TextLen="201" order="9">
<LayoutNode BgColor="#fdfdfd" ContainImg="0" ContainP="2" ContainTable="false" Content="Ngày đăng: Hôm nay Ngõ 25 vũ Ngọc Phan Láng Hạ Diện tích: 36 m2 0988483766 " DOMCldNum="9" DoC="8" FontSize="16" FontWeight="normal" FormNum="0" FormSize="0" FrameSourceIndex="0" ID="1-4-2-1" InteractionNum="0" InteractionSize="0" IsImg="false" LinkNum="0" LinkTextLen="0" ObjectHeight="241" ObjectRectHeight="242" ObjectRectLeft="904" ObjectRectTop="317" ObjectRectWidth="516" ObjectWidth="317" ObjectX="925" ObjectY="318" OptionNum="0" OptionTextLength="0" ParaNum="0" SRC="&lt;div class=&quot;support-tip&quot;&gt;                &lt;div style=&quot;float:right&quot;&gt;                &lt;/div&gt;                &lt;span class=&quot;text-primary&quot;&gt;Mã tin: 188902&lt;/span&gt;                &lt;h2 style=&quot;font-size:30px;&quot;&gt;                    &lt;script&gt;                        document.write('&lt;span style=&quot;color:rgb(228, 27, 35); font-weight:bold&quot;&gt;' + ConvertNumberToText(14000) + '&lt;/span&gt;')                    &lt;/script&gt;                &lt;/h2&gt;                &lt;div&gt;                        Ngày đăng:                            &lt;font XDefaultStyle=&quot;;color: red;&quot; color=&quot;red&quot;&gt;Hôm nay&lt;/font&gt;                &lt;/div&gt;                &lt;!-- Small button group --&gt;                &lt;div class=&quot;clear&quot;/&gt;                &lt;div class=&quot;short-license&quot;&gt;                    &lt;p itemprop=&quot;streetAddress&quot;&gt;&lt;i class=&quot;glyphicon glyphicon-map-marker&quot;/&gt; Ngõ 25 vũ Ngọc Phan Láng Hạ &lt;/p&gt;                                        &lt;p&gt;                        &lt;i class=&quot;glyphicon glyphicon-globe&quot;/&gt;Diện tích:                            &lt;span class=&quot;dds&quot;&gt; 36 m2&lt;/span&gt;                    &lt;/p&gt;                         &lt;div aria-label=&quot;...&quot; class=&quot;btn-group cart-block&quot; role=&quot;group&quot;&gt;                        &lt;div class=&quot;addcart&quot; style=&quot;width: 100%;background: #e32a2a;color: white;height: 50px;padding: 10px;text-align: center;font-size: 20px;&quot;&gt;                            &lt;b class=&quot;phone&quot; itemprop=&quot;telephone&quot;&gt;                                0988483766                            &lt;/b&gt;                        &lt;/div&gt;                    &lt;/div&gt;                &lt;/div&gt;            &lt;/div&gt;" SourceIndex="763" TableNum="0" TextLen="88" order="10" xPath="/html[1]/body[1]/div[2]/div[1]/div[2]/div[2]/div[1]"/>
<LayoutNode BgColor="#fdfdfd" ContainImg="0" ContainP="0" ContainTable="true" Content="Thông tin khác Quận/Huyện: Quận Đống Đa, Hà Nội Chiều rộng: 36.00 (m) Chiều dài: (m) Đường hẻm vào: (m) Số tầng: 4 Số phòng: " DOMCldNum="9" DoC="8" FontSize="16" FontWeight="normal" FormNum="0" FormSize="0" FrameSourceIndex="0" ID="1-4-2-2" InteractionNum="0" InteractionSize="0" IsImg="false" LinkNum="0" LinkTextLen="0" ObjectHeight="195" ObjectRectHeight="216" ObjectRectLeft="904" ObjectRectTop="610" ObjectRectWidth="516" ObjectWidth="317" ObjectX="925" ObjectY="610" OptionNum="0" OptionTextLength="0" ParaNum="0" SRC="&lt;div class=&quot;support-tip&quot;&gt;                &lt;h3&gt;Thông tin khác&lt;/h3&gt;                &lt;div class=&quot;table-responsive&quot;&gt;                    &lt;table class=&quot;table table-condensed&quot;&gt;                        &lt;tr&gt;                            &lt;td class=&quot;meta-attributes__attr-name&quot;&gt;Quận/Huyện:&lt;/td&gt;       &lt;td class=&quot;meta-attributes__attr-detail&quot;&gt;&lt;strong itemprop=&quot;addressLocality&quot;&gt;Quận Đống Đa&lt;/strong&gt;,&lt;strong itemprop=&quot;addressRegion&quot;&gt; Hà Nội&lt;/strong&gt;&lt;/td&gt;                        &lt;/tr&gt;                        &lt;tr&gt;                            &lt;td class=&quot;meta-attributes__attr-name&quot;&gt;Chiều rộng:&lt;/td&gt;                            &lt;td class=&quot;meta-attributes__attr-detail&quot;&gt;&lt;strong&gt;36.00 (m)&lt;/strong&gt;&lt;/td&gt;                        &lt;/tr&gt;                        &lt;tr&gt;                            &lt;td class=&quot;meta-attributes__attr-name&quot;&gt;Chiều dài:&lt;/td&gt;                            &lt;td class=&quot;meta-attributes__attr-detail&quot;&gt;&lt;strong&gt; (m)&lt;/strong&gt;&lt;/td&gt;                        &lt;/tr&gt;                        &lt;tr&gt;                            &lt;td class=&quot;meta-attributes__attr-name&quot;&gt;Đường hẻm vào:&lt;/td&gt;                            &lt;td class=&quot;meta-attributes__attr-detail&quot;&gt;&lt;strong&gt; (m)&lt;/strong&gt;&lt;/td&gt;                        &lt;/tr&gt;                        &lt;tr&gt;                            &lt;td class=&quot;meta-attributes__attr-name&quot;&gt;Số tầng:&lt;/td&gt;                            &lt;td class=&quot;meta-attributes__attr-detail&quot;&gt;&lt;strong&gt;4&lt;/strong&gt;&lt;/td&gt;                        &lt;/tr&gt;                        &lt;tr&gt;                            &lt;td class=&quot;meta-attributes__attr-name&quot;&gt;Số phòng:&lt;/td&gt;                            &lt;td class=&quot;meta-attributes__attr-detail&quot;&gt;&lt;strong/&gt;&lt;/td&gt;                        &lt;/tr&gt;                    &lt;/table&gt;                &lt;/div&gt;            &lt;/div&gt;" SourceIndex="816" TableNum="0" TextLen="113" order="11" xPath="/html[1]/body[1]/div[2]/div[1]/div[2]/div[2]/div[3]"/>
</LayoutNode>
</LayoutNode>
<LayoutNode BgColor="#ffffff" ContainImg="0" ContainP="1" ContainTable="false" DOMCldNum="9" DoC="5" FontSize="16" FontWeight="normal" FormNum="0" FormSize="0" FrameSourceIndex="0" ID="1-5" InteractionNum="0" InteractionSize="0" IsImg="false" LinkNum="62" LinkTextLen="1014" ObjectRectHeight="306" ObjectRectLeft="0" ObjectRectTop="843" ObjectRectWidth="1420" OptionNum="0" OptionTextLength="0" ParaNum="1" SourceIndex="897" TableNum="0" TextLen="1561" order="12">
<LayoutNode BgColor="#ffffff" ContainImg="0" ContainP="1" ContainTable="false" Content="Thông tin nhà đất Chính chủ cho thuê nhà riêng 4 tầng tại Vũ Ngọc Phan, Láng Hạ. Ngõ rộng, đẹp, thông, 2 oto tránh nhau. Ngõ thông 1 đầu ra đường Láng, 1 đầu ra Vũ Ngọc Phan, gần chợ, trường học. Giao thông cực thuận tiện, an ninh thì đảm bảo vô cùng. Tầng 1 kinh doanh và ở đc, có bếp đầy đủ, cả 4 tầng đều có điều hòa, nóng lạnh. Mỗi tầng đểu có nhà vsinh riêng, cầu thang đi riêng. Mọi ng có thể thuê làm văn phòng, mở trung tâm dậy thêm, kinh doanh, bán online. Hiện tầng 3 e đang cho svien thuê. Giá 14 triệu/ 1 tháng Điện nước giá nhà nước luôn. " DOMCldNum="9" DoC="5" FontSize="16" FontWeight="normal" FormNum="0" FormSize="0" FrameSourceIndex="0" ID="1-5-1" InteractionNum="0" InteractionSize="0" IsImg="false" LinkNum="0" LinkTextLen="0" ObjectHeight="64" ObjectRectHeight="306" ObjectRectLeft="0" ObjectRectTop="843" ObjectRectWidth="864" ObjectWidth="729" ObjectX="135" ObjectY="853" OptionNum="0" OptionTextLength="0" ParaNum="1" SRC="&lt;div class=&quot;support-category&quot;&gt;                        &lt;h3&gt;Thông tin nhà đất&lt;/h3&gt;                    &lt;/div&gt;&lt;p&gt;                        Chính chủ cho thuê nhà riêng 4 tầng tại Vũ Ngọc Phan, Láng Hạ. Ngõ rộng, đẹp, thông, 2 oto tránh nhau. Ngõ thông 1 đầu ra đường Láng, 1 đầu ra Vũ Ngọc Phan, gần chợ, trường học. &lt;br/&gt;Giao thông cực thuận tiện, an ninh thì đảm bảo vô cùng. Tầng 1 kinh doanh và ở đc, có bếp đầy đủ, cả 4 tầng đều có điều hòa, nóng lạnh. &lt;br/&gt;Mỗi tầng đểu có nhà vsinh riêng, cầu thang đi riêng. Mọi ng có thể thuê làm văn phòng, mở trung tâm dậy thêm, kinh doanh, bán online. Hiện tầng 3 e đang cho svien thuê. &lt;br/&gt;Giá 14 triệu/ 1 tháng &lt;br/&gt;Điện nước giá nhà nước luôn.                    &lt;/p&gt;" SourceIndex="899;905" TableNum="0" TextLen="547" order="13" xPath="/html[1]/body[1]/div[2]/div[1]/div[2]/div[3]/article[1]/div[1]/div[1]"/>
<LayoutNode BgColor="#ffffff" ContainImg="0" ContainP="0" ContainTable="false" Content="Cho thuê Văn phòng Hà Nội Cho thuê Văn phòng Quận Ba Đình Cho thuê Văn phòng Quận Bắc Từ Liêm Cho thuê Văn phòng Quận Cầu Giấy Cho thuê Văn phòng Quận Đống Đa Cho thuê Văn phòng Quận Hà Đông Cho thuê Văn phòng Quận Hai Bà Trưng Cho thuê Văn phòng Quận Hoàn Kiếm Cho thuê Văn phòng Quận Hoàng Mai Cho thuê Văn phòng Quận Long Biên Cho thuê Văn phòng Quận Nam Từ Liêm Cho thuê Văn phòng Quận Tây Hồ Cho thuê Văn phòng Quận Thanh Xuân Cho thuê Văn phòng Thị Xã Sơn Tây Cho thuê Văn phòng Huyện Ba Vì Cho thuê Văn phòng Huyện Chương Mỹ Cho thuê Văn phòng Huyện Đan Phượng Cho thuê Văn phòng Huyện Đông Anh Cho thuê Văn phòng Huyện Gia Lâm Cho thuê Văn phòng Huyện Hoài Đức Cho thuê Văn phòng Huyện Mê Linh Cho thuê Văn phòng Huyện Mỹ Đức Cho thuê Văn phòng Huyện Phú Xuyên Cho thuê Văn phòng Huyện Phúc Thọ Cho thuê Văn phòng Huyện Quốc Oai Cho thuê Văn phòng Huyện Sóc Sơn Cho thuê Văn phòng Huyện Thạch Thất Cho thuê Văn phòng Huyện Thanh Oai Cho thuê Văn phòng Huyện Thanh Trì Cho thuê Văn phòng Huyện Thường Tín Cho thuê Văn phòng Huyện Ứng Hoà " DOMCldNum="11" DoC="5" FontSize="16" FontWeight="normal" FormNum="0" FormSize="0" FrameSourceIndex="0" ID="1-5-2" InteractionNum="0" InteractionSize="0" IsImg="false" LinkNum="62" LinkTextLen="1014" ObjectHeight="64" ObjectRectHeight="306" ObjectRectLeft="904" ObjectRectTop="843" ObjectRectWidth="516" ObjectWidth="359" ObjectX="904" ObjectY="843" OptionNum="0" OptionTextLength="0" ParaNum="0" SRC="&lt;div class=&quot;sidebar-widget&quot;&gt;                &lt;div class=&quot;list-group&quot;&gt;                    &lt;div class=&quot;support-category&quot;&gt;                        &lt;a href=&quot;/nha-dat/cho-thue-van-phong-ha-noi&quot; title=&quot;Cho thuê Văn phòng Hà Nội&quot;&gt;                            &lt;h3&gt;                                Cho thuê Văn phòng Hà Nội                            &lt;/h3&gt;                        &lt;/a&gt;                    &lt;/div&gt;                    &lt;div class=&quot;col-xs-12&quot; style=&quot;padding:0; border:none&quot;&gt;                            &lt;a class=&quot;list-group-item&quot; href=&quot;/nha-dat/cho-thue-van-phong-ha-noi-quan-ba-dinh&quot; title=&quot;Cho thuê Văn phòng Quận Ba Đình&quot;&gt;Cho thuê Văn phòng &lt;b&gt;Quận Ba Đình&lt;/b&gt;&lt;/a&gt;                            &lt;a class=&quot;list-group-item&quot; href=&quot;/nha-dat/cho-thue-van-phong-ha-noi-quan-bac-tu-liem&quot; title=&quot;Cho thuê Văn phòng Quận Bắc Từ Liêm&quot;&gt;Cho thuê Văn phòng &lt;b&gt;Quận Bắc Từ Liêm&lt;/b&gt;&lt;/a&gt;                            &lt;a class=&quot;list-group-item&quot; href=&quot;/nha-dat/cho-thue-van-phong-ha-noi-quan-cau-giay&quot; title=&quot;Cho thuê Văn phòng Quận Cầu Giấy&quot;&gt;Cho thuê Văn phòng &lt;b&gt;Quận Cầu Giấy&lt;/b&gt;&lt;/a&gt;                            &lt;a class=&quot;list-group-item&quot; href=&quot;/nha-dat/cho-thue-van-phong-ha-noi-quan-dong-da&quot; title=&quot;Cho thuê Văn phòng Quận Đống Đa&quot;&gt;Cho thuê Văn phòng &lt;b&gt;Quận Đống Đa&lt;/b&gt;&lt;/a&gt;                            &lt;a class=&quot;list-group-item&quot; href=&quot;/nha-dat/cho-thue-van-phong-ha-noi-quan-ha-dong&quot; title=&quot;Cho thuê Văn phòng Quận Hà Đông&quot;&gt;Cho thuê Văn phòng &lt;b&gt;Quận Hà Đông&lt;/b&gt;&lt;/a&gt;                            &lt;a class=&quot;list-group-item&quot; href=&quot;/nha-dat/cho-thue-van-phong-ha-noi-quan-hai-ba-trung&quot; title=&quot;Cho thuê Văn phòng Quận Hai Bà Trưng&quot;&gt;Cho thuê Văn phòng &lt;b&gt;Quận Hai Bà Trưng&lt;/b&gt;&lt;/a&gt;                            &lt;a class=&quot;list-group-item&quot; href=&quot;/nha-dat/cho-thue-van-phong-ha-noi-quan-hoan-kiem&quot; title=&quot;Cho thuê Văn phòng Quận Hoàn Kiếm&quot;&gt;Cho thuê Văn phòng &lt;b&gt;Quận Hoàn Kiếm&lt;/b&gt;&lt;/a&gt;                            &lt;a class=&quot;list-group-item&quot; href=&quot;/nha-dat/cho-thue-van-phong-ha-noi-quan-hoang-mai&quot; title=&quot;Cho thuê Văn phòng Quận Hoàng Mai&quot;&gt;Cho thuê Văn phòng &lt;b&gt;Quận Hoàng Mai&lt;/b&gt;&lt;/a&gt;                            &lt;a class=&quot;list-group-item&quot; href=&quot;/nha-dat/cho-thue-van-phong-ha-noi-quan-long-bien&quot; title=&quot;Cho thuê Văn phòng Quận Long Biên&quot;&gt;Cho thuê Văn phòng &lt;b&gt;Quận Long Biên&lt;/b&gt;&lt;/a&gt;                            &lt;a class=&quot;list-group-item&quot; href=&quot;/nha-dat/cho-thue-van-phong-ha-noi-quan-nam-tu-liem&quot; title=&quot;Cho thuê Văn phòng Quận Nam Từ Liêm&quot;&gt;Cho thuê Văn phòng &lt;b&gt;Quận Nam Từ Liêm&lt;/b&gt;&lt;/a&gt;                            &lt;a class=&quot;list-group-item&quot; href=&quot;/nha-dat/cho-thue-van-phong-ha-noi-quan-tay-ho&quot; title=&quot;Cho thuê Văn phòng Quận Tây Hồ&quot;&gt;Cho thuê Văn phòng &lt;b&gt;Quận Tây Hồ&lt;/b&gt;&lt;/a&gt;                            &lt;a class=&quot;list-group-item&quot; href=&quot;/nha-dat/cho-thue-van-phong-ha-noi-quan-thanh-xuan&quot; title=&quot;Cho thuê Văn phòng Quận Thanh Xuân&quot;&gt;Cho thuê Văn phòng &lt;b&gt;Quận Thanh Xuân&lt;/b&gt;&lt;/a&gt;                            &lt;a class=&quot;list-group-item&quot; href=&quot;/nha-dat/cho-thue-van-phong-ha-noi-thi-xa-son-tay&quot; title=&quot;Cho thuê Văn phòng Thị Xã Sơn Tây&quot;&gt;Cho thuê Văn phòng &lt;b&gt;Thị Xã Sơn Tây&lt;/b&gt;&lt;/a&gt;                            &lt;a class=&quot;list-group-item&quot; href=&quot;/nha-dat/cho-thue-van-phong-ha-noi-huyen-ba-vi&quot; title=&quot;Cho thuê Văn phòng Huyện Ba Vì&quot;&gt;Cho thuê Văn phòng &lt;b&gt;Huyện Ba Vì&lt;/b&gt;&lt;/a&gt;                            &lt;a class=&quot;list-group-item&quot; href=&quot;/nha-dat/cho-thue-van-phong-ha-noi-huyen-chuong-my&quot; title=&quot;Cho thuê Văn phòng Huyện Chương Mỹ&quot;&gt;Cho thuê Văn phòng &lt;b&gt;Huyện Chương Mỹ&lt;/b&gt;&lt;/a&gt;                            &lt;a class=&quot;list-group-item&quot; href=&quot;/nha-dat/cho-thue-van-phong-ha-noi-huyen-dan-phuong&quot; title=&quot;Cho thuê Văn phòng Huyện Đan Phượng&quot;&gt;Cho thuê Văn phòng &lt;b&gt;Huyện Đan Phượng&lt;/b&gt;&lt;/a&gt;                            &lt;a class=&quot;list-group-item&quot; href=&quot;/nha-dat/cho-thue-van-phong-ha-noi-huyen-dong-anh&quot; title=&quot;Cho thuê Văn phòng Huyện Đông Anh&quot;&gt;Cho thuê Văn phòng &lt;b&gt;Huyện Đông Anh&lt;/b&gt;&lt;/a&gt;                            &lt;a class=&quot;list-group-item&quot; href=&quot;/nha-dat/cho-thue-van-phong-ha-noi-huyen-gia-lam&quot; title=&quot;Cho thuê Văn phòng Huyện Gia Lâm&quot;&gt;Cho thuê Văn phòng &lt;b&gt;Huyện Gia Lâm&lt;/b&gt;&lt;/a&gt;                            &lt;a class=&quot;list-group-item&quot; href=&quot;/nha-dat/cho-thue-van-phong-ha-noi-huyen-hoai-duc&quot; title=&quot;Cho thuê Văn phòng Huyện Hoài Đức&quot;&gt;Cho thuê Văn phòng &lt;b&gt;Huyện Hoài Đức&lt;/b&gt;&lt;/a&gt;                            &lt;a class=&quot;list-group-item&quot; href=&quot;/nha-dat/cho-thue-van-phong-ha-noi-huyen-me-linh&quot; title=&quot;Cho thuê Văn phòng Huyện Mê Linh&quot;&gt;Cho thuê Văn phòng &lt;b&gt;Huyện Mê Linh&lt;/b&gt;&lt;/a&gt;                            &lt;a class=&quot;list-group-item&quot; href=&quot;/nha-dat/cho-thue-van-phong-ha-noi-huyen-my-duc&quot; title=&quot;Cho thuê Văn phòng Huyện Mỹ Đức&quot;&gt;Cho thuê Văn phòng &lt;b&gt;Huyện Mỹ Đức&lt;/b&gt;&lt;/a&gt;                            &lt;a class=&quot;list-group-item&quot; href=&quot;/nha-dat/cho-thue-van-phong-ha-noi-huyen-phu-xuyen&quot; title=&quot;Cho thuê Văn phòng Huyện Phú Xuyên&quot;&gt;Cho thuê Văn phòng &lt;b&gt;Huyện Phú Xuyên&lt;/b&gt;&lt;/a&gt;                            &lt;a class=&quot;list-group-item&quot; href=&quot;/nha-dat/cho-thue-van-phong-ha-noi-huyen-phuc-tho&quot; title=&quot;Cho thuê Văn phòng Huyện Phúc Thọ&quot;&gt;Cho thuê Văn phòng &lt;b&gt;Huyện Phúc Thọ&lt;/b&gt;&lt;/a&gt;                            &lt;a class=&quot;list-group-item&quot; href=&quot;/nha-dat/cho-thue-van-phong-ha-noi-huyen-quoc-oai&quot; title=&quot;Cho thuê Văn phòng Huyện Quốc Oai&quot;&gt;Cho thuê Văn phòng &lt;b&gt;Huyện Quốc Oai&lt;/b&gt;&lt;/a&gt;                            &lt;a class=&quot;list-group-item&quot; href=&quot;/nha-dat/cho-thue-van-phong-ha-noi-huyen-soc-son&quot; title=&quot;Cho thuê Văn phòng Huyện Sóc Sơn&quot;&gt;Cho thuê Văn phòng &lt;b&gt;Huyện Sóc Sơn&lt;/b&gt;&lt;/a&gt;                            &lt;a class=&quot;list-group-item&quot; href=&quot;/nha-dat/cho-thue-van-phong-ha-noi-huyen-thach-that&quot; title=&quot;Cho thuê Văn phòng Huyện Thạch Thất&quot;&gt;Cho thuê Văn phòng &lt;b&gt;Huyện Thạch Thất&lt;/b&gt;&lt;/a&gt;                            &lt;a class=&quot;list-group-item&quot; href=&quot;/nha-dat/cho-thue-van-phong-ha-noi-huyen-thanh-oai&quot; title=&quot;Cho thuê Văn phòng Huyện Thanh Oai&quot;&gt;Cho thuê Văn phòng &lt;b&gt;Huyện Thanh Oai&lt;/b&gt;&lt;/a&gt;                            &lt;a class=&quot;list-group-item&quot; href=&quot;/nha-dat/cho-thue-van-phong-ha-noi-huyen-thanh-tri&quot; title=&quot;Cho thuê Văn phòng Huyện Thanh Trì&quot;&gt;Cho thuê Văn phòng &lt;b&gt;Huyện Thanh Trì&lt;/b&gt;&lt;/a&gt;                            &lt;a class=&quot;list-group-item&quot; href=&quot;/nha-dat/cho-thue-van-phong-ha-noi-huyen-thuong-tin&quot; title=&quot;Cho thuê Văn phòng Huyện Thường Tín&quot;&gt;Cho thuê Văn phòng &lt;b&gt;Huyện Thường Tín&lt;/b&gt;&lt;/a&gt;                            &lt;a class=&quot;list-group-item&quot; href=&quot;/nha-dat/cho-thue-van-phong-ha-noi-huyen-ung-hoa&quot; title=&quot;Cho thuê Văn phòng Huyện Ứng Hoà&quot;&gt;Cho thuê Văn phòng &lt;b&gt;Huyện Ứng Hoà&lt;/b&gt;&lt;/a&gt;                    &lt;/div&gt;                &lt;/div&gt;            &lt;/div&gt;" SourceIndex="1361" TableNum="0" TextLen="1014" order="14" xPath="/html[1]/body[1]/div[2]/div[1]/div[2]/div[4]/div[1]"/>
</LayoutNode>
<LayoutNode BgColor="#fcf6f0" ContainImg="0" ContainP="1" ContainTable="false" Content="Mọi thông tin liên quan tới tin rao này là do người đăng tin đăng tải và chịu trách nhiệm. Chúng tôi luôn cố gắng để có chất lượng thông tin tốt nhất, nhưng chúng tôi không đảm bảo và không chịu trách nhiệm về bất kỳ nội dung nào liên quan tới tin rao này. Văn phòng Hà Nội - Quận Đống Đa mới đăng gần đây " DOMCldNum="13" DoC="8" FontSize="16" FontWeight="normal" FormNum="0" FormSize="0" FrameSourceIndex="0" ID="1-6" InteractionNum="0" InteractionSize="0" IsImg="false" LinkNum="0" LinkTextLen="0" ObjectHeight="116" ObjectRectHeight="160" ObjectRectLeft="0" ObjectRectTop="1194" ObjectRectWidth="1420" ObjectWidth="719" ObjectX="140" ObjectY="1194" OptionNum="0" OptionTextLength="0" ParaNum="0" SRC="&lt;div class=&quot;notices col-md-12 col-sm-12 col-lg-12&quot; style=&quot;background:#fcf6f0;&quot;&gt;     &lt;strong&gt;Lưu ý&lt;/strong&gt;      &lt;p&gt;Mọi thông tin liên quan tới tin rao này là do người đăng tin đăng tải và chịu trách nhiệm. Chúng tôi luôn cố gắng để có chất lượng thông tin tốt nhất, nhưng chúng tôi không đảm bảo và không chịu trách nhiệm về bất kỳ nội dung nào liên quan tới tin rao này.&lt;/p&gt;    &lt;/div&gt;&lt;h4 class=&quot;text-danger&quot;&gt;                    &lt;strong&gt;                        Văn phòng Hà Nội - Quận Đống Đa                    &lt;/strong&gt;                    mới đăng gần đây                &lt;/h4&gt;" SourceIndex="921;945" TableNum="0" TextLen="307" order="15" xPath="/html[1]/body[1]/div[2]/div[1]/div[2]/div[3]/article[1]/div[2]"/>
<LayoutNode BgColor="#ffffff" ContainImg="10" ContainP="0" ContainTable="false" DOMCldNum="21" DoC="5" FontSize="16" FontWeight="normal" FormNum="0" FormSize="0" FrameSourceIndex="0" ID="1-7" InteractionNum="0" InteractionSize="0" IsImg="false" LinkNum="100" LinkTextLen="964" ObjectRectHeight="1218" ObjectRectLeft="0" ObjectRectTop="1361" ObjectRectWidth="1420" OptionNum="0" OptionTextLength="0" ParaNum="0" SourceIndex="953" TableNum="0" TextLen="1332" order="16">
<LayoutNode BgColor="#ffffff" ContainImg="10" ContainP="0" ContainTable="false" DOMCldNum="21" DoC="8" FontSize="16" FontWeight="normal" FormNum="0" FormSize="0" FrameSourceIndex="0" ID="1-7-1" InteractionNum="0" InteractionSize="0" IsImg="false" LinkNum="44" LinkTextLen="622" ObjectRectHeight="1218" ObjectRectLeft="0" ObjectRectTop="1361" ObjectRectWidth="874" OptionNum="0" OptionTextLength="0" ParaNum="0" SourceIndex="953" TableNum="0" TextLen="930" order="17">
<LayoutNode BgColor="#ffffff" ContainImg="1" ContainP="0" ContainTable="false" Content="Chủ nhà cho thuê 75m2 văn phòng tại Phố Thái Hà Giá 17tr/TH 17000 Diện tích: 75 m2 16/06/2020 " DOMCldNum="21" DoC="8" FontSize="16" FontWeight="normal" FormNum="0" FormSize="0" FrameSourceIndex="0" ID="1-7-1-1" InteractionNum="0" InteractionSize="0" IsImg="false" LinkNum="4" LinkTextLen="59" ObjectHeight="95" ObjectRectHeight="101" ObjectRectLeft="0" ObjectRectTop="1361" ObjectRectWidth="874" ObjectWidth="737" ObjectX="131" ObjectY="1367" OptionNum="0" OptionTextLength="0" ParaNum="0" SRC="&lt;div class=&quot;item&quot;&gt;                                    &lt;div class=&quot;maxW40 imageCol alignLeft&quot;&gt;                                        &lt;a href=&quot;/cho-thue-van-phong-quan-dong-da-chu-nha-75m2-tai-pho-thai-ha-g-183584&quot; title=&quot;chủ nhà cho thuê 75m2 văn phòng tại phố thái hà giá 17tr/th&quot;&gt;                                                &lt;img alt=&quot;chủ nhà cho thuê 75m2 văn phòng tại phố thái hà giá 17tr/th&quot; class=&quot;image&quot; src=&quot;/files/nhadat/2020/6/16/images/c68b8810-4cd8-4040-908b-31f36adb6421.jpg&quot;/&gt;                                        &lt;/a&gt;                                    &lt;/div&gt;                                    &lt;div class=&quot;li_subject&quot;&gt;                                        &lt;div class=&quot;subject_price&quot;&gt;                                            &lt;a href=&quot;/cho-thue-van-phong-quan-dong-da-chu-nha-75m2-tai-pho-thai-ha-g-183584&quot; title=&quot;chủ nhà cho thuê 75m2 văn phòng tại phố thái hà giá 17tr/th&quot;&gt;                                                &lt;span&gt;                                                    Chủ nhà cho thuê 75m2 văn phòng tại Phố Thái Hà Giá 17tr/TH                                                &lt;/span&gt;                                            &lt;/a&gt;                                            &lt;div class=&quot;item_price&quot;&gt;                                                &lt;span class=&quot;vGia pr&quot;&gt;                                                    17000                                                &lt;/span&gt;                                            &lt;/div&gt;                                        &lt;/div&gt;                                        &lt;div class=&quot;item_address&quot;&gt;                                            Diện tích: 75 m2                                        &lt;/div&gt;                                        &lt;span class=&quot;item_date&quot;&gt;                                                &lt;span&gt;16/06/2020&lt;/span&gt;                                        &lt;/span&gt;                                    &lt;/div&gt;                                    &lt;div class=&quot;clear_row&quot;/&gt;                                &lt;/div&gt;" SourceIndex="955" TableNum="0" TextLen="90" order="18" xPath="/html[1]/body[1]/div[2]/div[1]/div[2]/div[3]/article[1]/div[5]/div[1]/div[1]"/>
<LayoutNode BgColor="#ffffff" ContainImg="1" ContainP="0" ContainTable="false" Content="Cho thuê chỗ ngồi làm việc trọn gói tại Cầu Giấy 1300 Diện tích: 55 m2 25/05/2020 " DOMCldNum="21" DoC="8" FontSize="16" FontWeight="normal" FormNum="0" FormSize="0" FrameSourceIndex="0" ID="1-7-1-2" InteractionNum="0" InteractionSize="0" IsImg="false" LinkNum="4" LinkTextLen="48" ObjectHeight="95" ObjectRectHeight="95" ObjectRectLeft="0" ObjectRectTop="1484" ObjectRectWidth="874" ObjectWidth="737" ObjectX="131" ObjectY="1484" OptionNum="0" OptionTextLength="0" ParaNum="0" SRC="&lt;div class=&quot;item&quot;&gt;                                    &lt;div class=&quot;maxW40 imageCol alignLeft&quot;&gt;                                        &lt;a href=&quot;/cho-thue-van-phong-quan-dong-da-cho-ngoi-lam-viec-tron-goi-tai-179596&quot; title=&quot;cho thuê chỗ ngồi làm việc trọn gói tại cầu giấy&quot;&gt;                                                &lt;img alt=&quot;cho thuê chỗ ngồi làm việc trọn gói tại cầu giấy&quot; class=&quot;image&quot; src=&quot;/files/nhadat/2020/5/25/images/f2965e1f-9da4-4796-8dd1-8459204f8a24.jpg&quot;/&gt;                                        &lt;/a&gt;                                    &lt;/div&gt;                                    &lt;div class=&quot;li_subject&quot;&gt;                                        &lt;div class=&quot;subject_price&quot;&gt;                                            &lt;a href=&quot;/cho-thue-van-phong-quan-dong-da-cho-ngoi-lam-viec-tron-goi-tai-179596&quot; title=&quot;cho thuê chỗ ngồi làm việc trọn gói tại cầu giấy&quot;&gt;                                                &lt;span&gt;                                                    Cho thuê chỗ ngồi làm việc trọn gói tại Cầu Giấy                                                &lt;/span&gt;                                            &lt;/a&gt;                                            &lt;div class=&quot;item_price&quot;&gt;                                                &lt;span class=&quot;vGia pr&quot;&gt;                                                    1300                                                &lt;/span&gt;                                            &lt;/div&gt;                                        &lt;/div&gt;                                        &lt;div class=&quot;item_address&quot;&gt;                                            Diện tích: 55 m2                                        &lt;/div&gt;                                        &lt;span class=&quot;item_date&quot;&gt;                                                &lt;span&gt;25/05/2020&lt;/span&gt;                                        &lt;/span&gt;                                    &lt;/div&gt;                                    &lt;div class=&quot;clear_row&quot;/&gt;                                &lt;/div&gt;" SourceIndex="995" TableNum="0" TextLen="78" order="19" xPath="/html[1]/body[1]/div[2]/div[1]/div[2]/div[3]/article[1]/div[5]/div[1]/div[2]"/>
<LayoutNode BgColor="#ffffff" ContainImg="1" ContainP="0" ContainTable="false" Content="Cho thuê văn phòng 35m2 80m2 mp 71 chùa Láng, đống đa, hà nội.0981536492 9000 Diện tích: 40 m2 07/05/2020 " DOMCldNum="21" DoC="8" FontSize="16" FontWeight="normal" FormNum="0" FormSize="0" FrameSourceIndex="0" ID="1-7-1-3" InteractionNum="0" InteractionSize="0" IsImg="false" LinkNum="4" LinkTextLen="72" ObjectHeight="95" ObjectRectHeight="95" ObjectRectLeft="0" ObjectRectTop="1601" ObjectRectWidth="874" ObjectWidth="737" ObjectX="131" ObjectY="1601" OptionNum="0" OptionTextLength="0" ParaNum="0" SRC="&lt;div class=&quot;item&quot;&gt;                                    &lt;div class=&quot;maxW40 imageCol alignLeft&quot;&gt;                                        &lt;a href=&quot;/cho-thue-van-phong-quan-dong-da-35m2-80m2-mp-71-chua-lang-dong-177791&quot; title=&quot;cho thuê văn phòng 35m2  80m2 mp 71 chùa láng, đống đa, hà n&quot;&gt;                                                &lt;img alt=&quot;cho thuê văn phòng 35m2  80m2 mp 71 chùa láng, đống đa, hà n&quot; class=&quot;image&quot; src=&quot;/files/nhadat/2020/5/7/images/6b27b0ba-fc0b-42bf-bab1-05aca3673d35.jpg&quot;/&gt;                                        &lt;/a&gt;                                    &lt;/div&gt;                                    &lt;div class=&quot;li_subject&quot;&gt;                                        &lt;div class=&quot;subject_price&quot;&gt;                                            &lt;a href=&quot;/cho-thue-van-phong-quan-dong-da-35m2-80m2-mp-71-chua-lang-dong-177791&quot; title=&quot;cho thuê văn phòng 35m2  80m2 mp 71 chùa láng, đống đa, hà n&quot;&gt;                                                &lt;span&gt;                                                    Cho thuê văn phòng 35m2  80m2 mp 71 chùa Láng, đống đa, hà nội.0981536492                                                &lt;/span&gt;                                            &lt;/a&gt;                                            &lt;div class=&quot;item_price&quot;&gt;                                                &lt;span class=&quot;vGia pr&quot;&gt;                                                    9000                                                &lt;/span&gt;                                            &lt;/div&gt;                                        &lt;/div&gt;                                        &lt;div class=&quot;item_address&quot;&gt;                                            Diện tích: 40 m2                                        &lt;/div&gt;                                        &lt;span class=&quot;item_date&quot;&gt;                                                &lt;span&gt;07/05/2020&lt;/span&gt;                                        &lt;/span&gt;                                    &lt;/div&gt;                                    &lt;div class=&quot;clear_row&quot;/&gt;                                &lt;/div&gt;" SourceIndex="1035" TableNum="0" TextLen="102" order="20" xPath="/html[1]/body[1]/div[2]/div[1]/div[2]/div[3]/article[1]/div[5]/div[1]/div[3]"/>
<LayoutNode BgColor="#ffffff" ContainImg="1" ContainP="0" ContainTable="false" Content="Cho thuê gấp Tây Sơn 500 m2 x tầng 3 và 4 chốt gấp siêu rẻ. 65000 Diện tích: 120 m2 16/01/2020 " DOMCldNum="21" DoC="8" FontSize="16" FontWeight="normal" FormNum="0" FormSize="0" FrameSourceIndex="0" ID="1-7-1-4" InteractionNum="0" InteractionSize="0" IsImg="false" LinkNum="4" LinkTextLen="59" ObjectHeight="95" ObjectRectHeight="95" ObjectRectLeft="0" ObjectRectTop="1718" ObjectRectWidth="874" ObjectWidth="737" ObjectX="131" ObjectY="1718" OptionNum="0" OptionTextLength="0" ParaNum="0" SRC="&lt;div class=&quot;item&quot;&gt;                                    &lt;div class=&quot;maxW40 imageCol alignLeft&quot;&gt;                                        &lt;a href=&quot;/cho-thue-van-phong-quan-dong-da-gap-tay-son-500-m2-x-tang-3-va-168021&quot; title=&quot;cho thuê gấp tây sơn 500 m2 x  tầng 3 và 4 chốt gấp siêu rẻ.&quot;&gt;                                                &lt;img alt=&quot;cho thuê gấp tây sơn 500 m2 x  tầng 3 và 4 chốt gấp siêu rẻ.&quot; class=&quot;image&quot; src=&quot;/files/nhadat/2020/1/16/images/5262a816-2c83-46d9-9712-8278000ddb18.jpg&quot;/&gt;                                        &lt;/a&gt;                                    &lt;/div&gt;                                    &lt;div class=&quot;li_subject&quot;&gt;                                        &lt;div class=&quot;subject_price&quot;&gt;                                            &lt;a href=&quot;/cho-thue-van-phong-quan-dong-da-gap-tay-son-500-m2-x-tang-3-va-168021&quot; title=&quot;cho thuê gấp tây sơn 500 m2 x  tầng 3 và 4 chốt gấp siêu rẻ.&quot;&gt;                                                &lt;span&gt;                                                    Cho thuê gấp Tây Sơn 500 m2 x  tầng 3 và 4 chốt gấp siêu rẻ.                                                &lt;/span&gt;                                            &lt;/a&gt;                                            &lt;div class=&quot;item_price&quot;&gt;                                                &lt;span class=&quot;vGia pr&quot;&gt;                                                    65000                                                &lt;/span&gt;                                            &lt;/div&gt;                                        &lt;/div&gt;                                        &lt;div class=&quot;item_address&quot;&gt;                                            Diện tích: 120 m2                                        &lt;/div&gt;                                        &lt;span class=&quot;item_date&quot;&gt;                                                &lt;span&gt;16/01/2020&lt;/span&gt;                                        &lt;/span&gt;                                    &lt;/div&gt;                                    &lt;div class=&quot;clear_row&quot;/&gt;                                &lt;/div&gt;" SourceIndex="1075" TableNum="0" TextLen="91" order="21" xPath="/html[1]/body[1]/div[2]/div[1]/div[2]/div[3]/article[1]/div[5]/div[1]/div[4]"/>
<LayoutNode BgColor="#ffffff" ContainImg="1" ContainP="0" ContainTable="false" Content="Cho thuê văn phòng tại Tòa Thành HC, Thái Thinh, Q.Đống Đa 33000 Diện tích: 100 m2 13/01/2020 " DOMCldNum="21" DoC="8" FontSize="16" FontWeight="normal" FormNum="0" FormSize="0" FrameSourceIndex="0" ID="1-7-1-5" InteractionNum="0" InteractionSize="0" IsImg="false" LinkNum="4" LinkTextLen="58" ObjectHeight="95" ObjectRectHeight="95" ObjectRectLeft="0" ObjectRectTop="1835" ObjectRectWidth="874" ObjectWidth="737" ObjectX="131" ObjectY="1835" OptionNum="0" OptionTextLength="0" ParaNum="0" SRC="&lt;div class=&quot;item&quot;&gt;                                    &lt;div class=&quot;maxW40 imageCol alignLeft&quot;&gt;                                        &lt;a href=&quot;/cho-thue-van-phong-quan-dong-da-tai-toa-thanh-hc-thai-thinh-q--158659&quot; title=&quot;cho thuê văn phòng tại tòa thành hc, thái thinh, q.đống đa&quot;&gt;                                                &lt;img alt=&quot;cho thuê văn phòng tại tòa thành hc, thái thinh, q.đống đa&quot; class=&quot;image&quot; src=&quot;/files/nhadat/2019/11/11/images/79872e16-3ca7-455f-933b-49c76d46422b.jpg&quot;/&gt;                                        &lt;/a&gt;                                    &lt;/div&gt;                                    &lt;div class=&quot;li_subject&quot;&gt;                                        &lt;div class=&quot;subject_price&quot;&gt;                                            &lt;a href=&quot;/cho-thue-van-phong-quan-dong-da-tai-toa-thanh-hc-thai-thinh-q--158659&quot; title=&quot;cho thuê văn phòng tại tòa thành hc, thái thinh, q.đống đa&quot;&gt;                                                &lt;span&gt;                                                    Cho thuê văn phòng tại Tòa Thành HC, Thái Thinh, Q.Đống Đa                                                &lt;/span&gt;                                            &lt;/a&gt;                                            &lt;div class=&quot;item_price&quot;&gt;                                                &lt;span class=&quot;vGia pr&quot;&gt;                                                    33000                                                &lt;/span&gt;                                            &lt;/div&gt;                                        &lt;/div&gt;                                        &lt;div class=&quot;item_address&quot;&gt;                                            Diện tích: 100 m2                                        &lt;/div&gt;                                        &lt;span class=&quot;item_date&quot;&gt;                                                &lt;span&gt;13/01/2020&lt;/span&gt;                                        &lt;/span&gt;                                    &lt;/div&gt;                                    &lt;div class=&quot;clear_row&quot;/&gt;                                &lt;/div&gt;" SourceIndex="1115" TableNum="0" TextLen="90" order="22" xPath="/html[1]/body[1]/div[2]/div[1]/div[2]/div[3]/article[1]/div[5]/div[1]/div[5]"/>
<LayoutNode BgColor="#ffffff" ContainImg="1" ContainP="0" ContainTable="false" Content="Cho thuê nhà mặt ngõ Thịnh Hào 1 làm văn phòng hoặc kinh doanh 20000 Diện tích: 55 m2 09/12/2019 " DOMCldNum="21" DoC="8" FontSize="16" FontWeight="normal" FormNum="0" FormSize="0" FrameSourceIndex="0" ID="1-7-1-6" InteractionNum="0" InteractionSize="0" IsImg="false" LinkNum="4" LinkTextLen="62" ObjectHeight="95" ObjectRectHeight="95" ObjectRectLeft="0" ObjectRectTop="1952" ObjectRectWidth="874" ObjectWidth="737" ObjectX="131" ObjectY="1952" OptionNum="0" OptionTextLength="0" ParaNum="0" SRC="&lt;div class=&quot;item&quot;&gt;                                    &lt;div class=&quot;maxW40 imageCol alignLeft&quot;&gt;                                        &lt;a href=&quot;/cho-thue-van-phong-quan-dong-da-nha-mat-ngo-thinh-hao-1-lam-ho-162596&quot; title=&quot;cho thuê nhà mặt ngõ thịnh hào 1 làm văn phòng hoặc kinh doa&quot;&gt;                                                &lt;img alt=&quot;Mua bán nhà đất&quot; class=&quot;image&quot; src=&quot;/images/diachinhadat-logo-thumnail.png&quot; title=&quot;Mua bán nhà đất&quot;/&gt;                                        &lt;/a&gt;                                    &lt;/div&gt;                                    &lt;div class=&quot;li_subject&quot;&gt;                                        &lt;div class=&quot;subject_price&quot;&gt;                                            &lt;a href=&quot;/cho-thue-van-phong-quan-dong-da-nha-mat-ngo-thinh-hao-1-lam-ho-162596&quot; title=&quot;cho thuê nhà mặt ngõ thịnh hào 1 làm văn phòng hoặc kinh doa&quot;&gt;                                                &lt;span&gt;                                                    Cho thuê nhà mặt ngõ Thịnh Hào 1 làm văn phòng hoặc kinh doanh                                                 &lt;/span&gt;                                            &lt;/a&gt;                                            &lt;div class=&quot;item_price&quot;&gt;                                                &lt;span class=&quot;vGia pr&quot;&gt;                                                    20000                                                &lt;/span&gt;                                            &lt;/div&gt;                                        &lt;/div&gt;                                        &lt;div class=&quot;item_address&quot;&gt;                                            Diện tích: 55 m2                                        &lt;/div&gt;                                        &lt;span class=&quot;item_date&quot;&gt;                                                &lt;span&gt;09/12/2019&lt;/span&gt;                                        &lt;/span&gt;                                    &lt;/div&gt;                                    &lt;div class=&quot;clear_row&quot;/&gt;                                &lt;/div&gt;" SourceIndex="1155" TableNum="0" TextLen="93" order="23" xPath="/html[1]/body[1]/div[2]/div[1]/div[2]/div[3]/article[1]/div[5]/div[1]/div[6]"/>
<LayoutNode BgColor="#ffffff" ContainImg="1" ContainP="0" ContainTable="false" DOMCldNum="7" DoC="8" FontSize="16" FontWeight="normal" FormNum="0" FormSize="0" FrameSourceIndex="0" ID="1-7-1-7" InteractionNum="0" InteractionSize="0" IsImg="false" LinkNum="6" LinkTextLen="80" ObjectRectHeight="124" ObjectRectLeft="0" ObjectRectTop="2069" ObjectRectWidth="874" OptionNum="0" OptionTextLength="0" ParaNum="0" SourceIndex="1195" TableNum="0" TextLen="110" order="24">
<LayoutNode BgColor="#ffffff" ContainImg="1" ContainP="0" ContainTable="false" Content=" " DOMCldNum="7" DoC="8" FontSize="16" FontWeight="normal" FormNum="0" FormSize="0" FrameSourceIndex="0" ID="1-7-1-7-1" InteractionNum="0" InteractionSize="0" IsImg="false" LinkNum="2" LinkTextLen="0" ObjectHeight="65" ObjectRectHeight="124" ObjectRectLeft="0" ObjectRectTop="2069" ObjectRectWidth="219" ObjectWidth="88" ObjectX="131" ObjectY="2069" OptionNum="0" OptionTextLength="0" ParaNum="0" SRC="&lt;div class=&quot;maxW40 imageCol alignLeft&quot;&gt;                                        &lt;a href=&quot;/cho-thue-van-phong-quan-dong-da-ao-dia-diem-dang-ky-kinh-doanh-tai-dong-da-lh-0942857357-155751&quot; title=&quot;cho thuê văn phòng ảo  địa điểm đăng ký kinh doanh tại &quot;&gt;                                                &lt;img alt=&quot;cho thuê văn phòng ảo  địa điểm đăng ký kinh doanh tại &quot; class=&quot;image&quot; src=&quot;/files/nhadat/2019/10/18/images/fc63ef22-1742-4360-bf6d-3c7ec3d30117.jpg&quot;/&gt;                                        &lt;/a&gt;                                    &lt;/div&gt;" SourceIndex="1197" TableNum="0" TextLen="0" order="25" xPath="/html[1]/body[1]/div[2]/div[1]/div[2]/div[3]/article[1]/div[5]/div[1]/div[7]/div[1]"/>
<LayoutNode BgColor="#ffffff" ContainImg="0" ContainP="0" ContainTable="false" Content="Cho Thuê Văn Phòng Ảo Địa Điểm đăng ký kinh doanh Tại Quận Đống Đa. LH 0942857357 1000 Diện tích: 15 m2 11/11/2019 " DOMCldNum="7" DoC="8" FontSize="16" FontWeight="normal" FormNum="0" FormSize="0" FrameSourceIndex="0" ID="1-7-1-7-2" InteractionNum="0" InteractionSize="0" IsImg="false" LinkNum="4" LinkTextLen="80" ObjectHeight="124" ObjectRectHeight="124" ObjectRectLeft="226" ObjectRectTop="2069" ObjectRectWidth="648" ObjectWidth="637" ObjectX="226" ObjectY="2069" OptionNum="0" OptionTextLength="0" ParaNum="0" SRC="&lt;div class=&quot;li_subject&quot;&gt;                                        &lt;div class=&quot;subject_price&quot;&gt;                                            &lt;a href=&quot;/cho-thue-van-phong-quan-dong-da-ao-dia-diem-dang-ky-kinh-doanh-tai-dong-da-lh-0942857357-155751&quot; title=&quot;cho thuê văn phòng ảo  địa điểm đăng ký kinh doanh tại &quot;&gt;                                                &lt;span&gt;                                                    Cho Thuê Văn Phòng Ảo  Địa Điểm đăng ký kinh doanh Tại Quận Đống Đa. LH  0942857357                                                &lt;/span&gt;                                            &lt;/a&gt;                                            &lt;div class=&quot;item_price&quot;&gt;                                                &lt;span class=&quot;vGia pr&quot;&gt;                                                    1000                                                &lt;/span&gt;                                            &lt;/div&gt;                                        &lt;/div&gt;                                        &lt;div class=&quot;item_address&quot;&gt;                                            Diện tích: 15 m2                                        &lt;/div&gt;                                        &lt;span class=&quot;item_date&quot;&gt;                                                &lt;span&gt;11/11/2019&lt;/span&gt;                                        &lt;/span&gt;                                    &lt;/div&gt;" SourceIndex="1205" TableNum="0" TextLen="110" order="26" xPath="/html[1]/body[1]/div[2]/div[1]/div[2]/div[3]/article[1]/div[5]/div[1]/div[7]/div[2]"/>
</LayoutNode>
<LayoutNode BgColor="#ffffff" ContainImg="1" ContainP="0" ContainTable="false" Content="Cho thuê văn phòng tại Quận Đống Đa 33000 Diện tích: 98 m2 11/11/2019 " DOMCldNum="21" DoC="8" FontSize="16" FontWeight="normal" FormNum="0" FormSize="0" FrameSourceIndex="0" ID="1-7-1-8" InteractionNum="0" InteractionSize="0" IsImg="false" LinkNum="4" LinkTextLen="35" ObjectHeight="95" ObjectRectHeight="95" ObjectRectLeft="0" ObjectRectTop="2215" ObjectRectWidth="874" ObjectWidth="737" ObjectX="131" ObjectY="2215" OptionNum="0" OptionTextLength="0" ParaNum="0" SRC="&lt;div class=&quot;item&quot;&gt;                                    &lt;div class=&quot;maxW40 imageCol alignLeft&quot;&gt;                                        &lt;a href=&quot;/cho-thue-van-phong-quan-dong-da-tai-dong-da-158656&quot; title=&quot;cho thuê văn phòng tại quận đống đa&quot;&gt;                                                &lt;img alt=&quot;cho thuê văn phòng tại quận đống đa&quot; class=&quot;image&quot; src=&quot;/files/nhadat/2019/11/11/images/46c7e548-cc1d-46e0-b1fa-2b865258f7f9.jpg&quot;/&gt;                                        &lt;/a&gt;                                    &lt;/div&gt;                                    &lt;div class=&quot;li_subject&quot;&gt;                                        &lt;div class=&quot;subject_price&quot;&gt;                                            &lt;a href=&quot;/cho-thue-van-phong-quan-dong-da-tai-dong-da-158656&quot; title=&quot;cho thuê văn phòng tại quận đống đa&quot;&gt;                                                &lt;span&gt;                                                    Cho thuê văn phòng tại Quận Đống Đa                                                &lt;/span&gt;                                            &lt;/a&gt;                                            &lt;div class=&quot;item_price&quot;&gt;                                                &lt;span class=&quot;vGia pr&quot;&gt;                                                    33000                                                &lt;/span&gt;                                            &lt;/div&gt;                                        &lt;/div&gt;                                        &lt;div class=&quot;item_address&quot;&gt;                                            Diện tích: 98 m2                                        &lt;/div&gt;                                        &lt;span class=&quot;item_date&quot;&gt;                                                &lt;span&gt;11/11/2019&lt;/span&gt;                                        &lt;/span&gt;                                    &lt;/div&gt;                                    &lt;div class=&quot;clear_row&quot;/&gt;                                &lt;/div&gt;" SourceIndex="1235" TableNum="0" TextLen="66" order="27" xPath="/html[1]/body[1]/div[2]/div[1]/div[2]/div[3]/article[1]/div[5]/div[1]/div[8]"/>
<LayoutNode BgColor="#ffffff" ContainImg="1" ContainP="0" ContainTable="false" DOMCldNum="7" DoC="8" FontSize="16" FontWeight="normal" FormNum="0" FormSize="0" FrameSourceIndex="0" ID="1-7-1-9" InteractionNum="0" InteractionSize="0" IsImg="false" LinkNum="6" LinkTextLen="74" ObjectRectHeight="124" ObjectRectLeft="0" ObjectRectTop="2332" ObjectRectWidth="874" OptionNum="0" OptionTextLength="0" ParaNum="0" SourceIndex="1275" TableNum="0" TextLen="105" order="28">
<LayoutNode BgColor="#ffffff" ContainImg="1" ContainP="0" ContainTable="false" Content=" " DOMCldNum="7" DoC="8" FontSize="16" FontWeight="normal" FormNum="0" FormSize="0" FrameSourceIndex="0" ID="1-7-1-9-1" InteractionNum="0" InteractionSize="0" IsImg="false" LinkNum="2" LinkTextLen="0" ObjectHeight="62" ObjectRectHeight="124" ObjectRectLeft="0" ObjectRectTop="2332" ObjectRectWidth="219" ObjectWidth="88" ObjectX="131" ObjectY="2332" OptionNum="0" OptionTextLength="0" ParaNum="0" SRC="&lt;div class=&quot;maxW40 imageCol alignLeft&quot;&gt;                                        &lt;a href=&quot;/cho-thue-van-phong-quan-dong-da-dt80m2-71-chua-lang-dong-da-hn-dt80m2-lh-0934693628-156179&quot; title=&quot;cho thuê văn phòng dt80m2,71 chùa láng ,đống đa ,hn, dt&quot;&gt;                                                &lt;img alt=&quot;cho thuê văn phòng dt80m2,71 chùa láng ,đống đa ,hn, dt&quot; class=&quot;image&quot; src=&quot;/files/nhadat/2019/10/22/images/e5824d26-7306-4154-b077-f66c0979f9a2.jpg&quot;/&gt;                                        &lt;/a&gt;                                    &lt;/div&gt;" SourceIndex="1277" TableNum="0" TextLen="0" order="29" xPath="/html[1]/body[1]/div[2]/div[1]/div[2]/div[3]/article[1]/div[5]/div[1]/div[9]/div[1]"/>
<LayoutNode BgColor="#ffffff" ContainImg="0" ContainP="0" ContainTable="false" Content="CHO THUÊ VĂN PHÒNG DT80M2,71 CHÙA LÁNG ,ĐỐNG ĐA ,HN, DT80M2 , LH 0934693628 25000 Diện tích: 80 m2 22/10/2019 " DOMCldNum="7" DoC="8" FontSize="16" FontWeight="normal" FormNum="0" FormSize="0" FrameSourceIndex="0" ID="1-7-1-9-2" InteractionNum="0" InteractionSize="0" IsImg="false" LinkNum="4" LinkTextLen="74" ObjectHeight="124" ObjectRectHeight="124" ObjectRectLeft="226" ObjectRectTop="2332" ObjectRectWidth="648" ObjectWidth="637" ObjectX="226" ObjectY="2332" OptionNum="0" OptionTextLength="0" ParaNum="0" SRC="&lt;div class=&quot;li_subject&quot;&gt;                                        &lt;div class=&quot;subject_price&quot;&gt;                                            &lt;a href=&quot;/cho-thue-van-phong-quan-dong-da-dt80m2-71-chua-lang-dong-da-hn-dt80m2-lh-0934693628-156179&quot; title=&quot;cho thuê văn phòng dt80m2,71 chùa láng ,đống đa ,hn, dt&quot;&gt;                                                &lt;span&gt;                                                    CHO THUÊ VĂN PHÒNG DT80M2,71 CHÙA LÁNG ,ĐỐNG ĐA ,HN, DT80M2 , LH 0934693628                                                &lt;/span&gt;                                            &lt;/a&gt;                                            &lt;div class=&quot;item_price&quot;&gt;                                                &lt;span class=&quot;vGia pr&quot;&gt;                                                    25000                                                &lt;/span&gt;                                            &lt;/div&gt;                                        &lt;/div&gt;                                        &lt;div class=&quot;item_address&quot;&gt;                                            Diện tích: 80 m2                                        &lt;/div&gt;                                        &lt;span class=&quot;item_date&quot;&gt;                                                &lt;span&gt;22/10/2019&lt;/span&gt;                                        &lt;/span&gt;                                    &lt;/div&gt;" SourceIndex="1285" TableNum="0" TextLen="105" order="30" xPath="/html[1]/body[1]/div[2]/div[1]/div[2]/div[3]/article[1]/div[5]/div[1]/div[9]/div[2]"/>
</LayoutNode>
<LayoutNode BgColor="#ffffff" ContainImg="1" ContainP="0" ContainTable="false" Content="Cho thuê văn phòng 40m2 mặt phố 14 Nam Đồng quận Đống Đa. Giá chỉ 9tr/tháng 9000 Diện tích: 40 m2 17/10/2019 " DOMCldNum="21" DoC="8" FontSize="16" FontWeight="normal" FormNum="0" FormSize="0" FrameSourceIndex="0" ID="1-7-1-10" InteractionNum="0" InteractionSize="0" IsImg="false" LinkNum="4" LinkTextLen="75" ObjectHeight="95" ObjectRectHeight="101" ObjectRectLeft="0" ObjectRectTop="2478" ObjectRectWidth="874" ObjectWidth="737" ObjectX="131" ObjectY="2478" OptionNum="0" OptionTextLength="0" ParaNum="0" SRC="&lt;div class=&quot;item&quot;&gt;                                    &lt;div class=&quot;maxW40 imageCol alignLeft&quot;&gt;                                        &lt;a href=&quot;/cho-thue-van-phong-quan-dong-da-40m2-mat-pho-14-nam-dong-dong-da-gia-chi-9tr-thang-155575&quot; title=&quot;cho thuê văn phòng 40m2 mặt phố 14 nam đồng quận đống đ&quot;&gt;                                                &lt;img alt=&quot;Mua bán nhà đất&quot; class=&quot;image&quot; src=&quot;/images/diachinhadat-logo-thumnail.png&quot; title=&quot;Mua bán nhà đất&quot;/&gt;                                        &lt;/a&gt;                                    &lt;/div&gt;                                    &lt;div class=&quot;li_subject&quot;&gt;                                        &lt;div class=&quot;subject_price&quot;&gt;                                            &lt;a href=&quot;/cho-thue-van-phong-quan-dong-da-40m2-mat-pho-14-nam-dong-dong-da-gia-chi-9tr-thang-155575&quot; title=&quot;cho thuê văn phòng 40m2 mặt phố 14 nam đồng quận đống đ&quot;&gt;                                                &lt;span&gt;                                                    Cho thuê văn phòng 40m2 mặt phố 14 Nam Đồng quận Đống Đa. Giá chỉ 9tr/tháng                                                &lt;/span&gt;                                            &lt;/a&gt;                                            &lt;div class=&quot;item_price&quot;&gt;                                                &lt;span class=&quot;vGia pr&quot;&gt;                                                    9000                                                &lt;/span&gt;                                            &lt;/div&gt;                                        &lt;/div&gt;                                        &lt;div class=&quot;item_address&quot;&gt;                                            Diện tích: 40 m2                                        &lt;/div&gt;                                        &lt;span class=&quot;item_date&quot;&gt;                                                &lt;span&gt;17/10/2019&lt;/span&gt;                                        &lt;/span&gt;                                    &lt;/div&gt;                                    &lt;div class=&quot;clear_row&quot;/&gt;                                &lt;/div&gt;" SourceIndex="1315" TableNum="0" TextLen="105" order="31" xPath="/html[1]/body[1]/div[2]/div[1]/div[2]/div[3]/article[1]/div[5]/div[1]/div[10]"/>
</LayoutNode>
<LayoutNode BgColor="#ffffff" ContainImg="0" ContainP="0" ContainTable="false" Content="Cho thuê Văn phòng Hà Nội Quận Đống Đa Theo giá 1 - 3 triệu 3 - 5 triệu 5 - 10 triệu 10 - 15 triệu 15 - 20 triệu 20 - 30 triệu 30 - 40 triệu 40 - 60 triệu 60 - 80 triệu 80 - 100 triệu 100 - 300 triệu 300 - 500 triệu 500 - 800 triệu trên 1 tỷ Theo diện tích Dưới 30 m2 30 - 50 m2 50 - 70 m2 70 - 100 m2 100 - 150 m2 150 - 200 m2 200 - 250 m2 250 - 300 m2 300 - 350 m2 350 - 400 m2 400 - 600 m2 600 - 800 m2 800 - 1000 m2 Trên 1000 m2 " DOMCldNum="11" DoC="5" FontSize="16" FontWeight="normal" FormNum="0" FormSize="0" FrameSourceIndex="0" ID="1-7-2" InteractionNum="0" InteractionSize="0" IsImg="false" LinkNum="56" LinkTextLen="342" ObjectHeight="64" ObjectRectHeight="1218" ObjectRectLeft="904" ObjectRectTop="1361" ObjectRectWidth="516" ObjectWidth="359" ObjectX="904" ObjectY="2048" OptionNum="0" OptionTextLength="0" ParaNum="0" SRC="&lt;div class=&quot;sidebar-widget&quot;&gt;                &lt;div class=&quot;support-category&quot;&gt;                    &lt;h3 title=&quot;Cho thuê Văn phòng Hà Nội Quận Đống Đa&quot;&gt;                        Cho thuê Văn phòng Hà Nội Quận Đống Đa                    &lt;/h3&gt;                &lt;/div&gt;                &lt;div class=&quot;list-group&quot;&gt;                    &lt;div class=&quot;col-xs-6&quot; style=&quot;padding:0&quot;&gt;                        &lt;strong class=&quot;list-group-item&quot;&gt;Theo giá&lt;/strong&gt;                        &lt;a class=&quot;list-group-item&quot; href=&quot;/nha-dat/cho-thue-van-phong-ha-noi-quan-dong-da?g=2&quot;&gt;1 - 3 triệu&lt;/a&gt;                        &lt;a class=&quot;list-group-item&quot; href=&quot;/nha-dat/cho-thue-van-phong-ha-noi-quan-dong-da?g=3&quot;&gt;3 - 5 triệu&lt;/a&gt;                        &lt;a class=&quot;list-group-item&quot; href=&quot;/nha-dat/cho-thue-van-phong-ha-noi-quan-dong-da?g=4&quot;&gt;5 - 10 triệu&lt;/a&gt;                        &lt;a class=&quot;list-group-item&quot; href=&quot;/nha-dat/cho-thue-van-phong-ha-noi-quan-dong-da?g=5&quot;&gt;10 - 15 triệu&lt;/a&gt;                        &lt;a class=&quot;list-group-item&quot; href=&quot;/nha-dat/cho-thue-van-phong-ha-noi-quan-dong-da?g=6&quot;&gt;15 - 20 triệu&lt;/a&gt;                        &lt;a class=&quot;list-group-item&quot; href=&quot;/nha-dat/cho-thue-van-phong-ha-noi-quan-dong-da?g=7&quot;&gt;20 - 30 triệu&lt;/a&gt;                        &lt;a class=&quot;list-group-item&quot; href=&quot;/nha-dat/cho-thue-van-phong-ha-noi-quan-dong-da?g=8&quot;&gt;30 - 40 triệu&lt;/a&gt;                        &lt;a class=&quot;list-group-item&quot; href=&quot;/nha-dat/cho-thue-van-phong-ha-noi-quan-dong-da?g=9&quot;&gt;40 - 60 triệu&lt;/a&gt;                        &lt;a class=&quot;list-group-item&quot; href=&quot;/nha-dat/cho-thue-van-phong-ha-noi-quan-dong-da?g=10&quot;&gt;60 - 80 triệu&lt;/a&gt;                        &lt;a class=&quot;list-group-item&quot; href=&quot;/nha-dat/cho-thue-van-phong-ha-noi-quan-dong-da?g=11&quot;&gt;80 - 100 triệu&lt;/a&gt;                        &lt;a class=&quot;list-group-item&quot; href=&quot;/nha-dat/cho-thue-van-phong-ha-noi-quan-dong-da?g=12&quot;&gt;100 - 300 triệu&lt;/a&gt;                        &lt;a class=&quot;list-group-item&quot; href=&quot;/nha-dat/cho-thue-van-phong-ha-noi-quan-dong-da?g=13&quot;&gt;300 - 500 triệu&lt;/a&gt;                        &lt;a class=&quot;list-group-item&quot; href=&quot;/nha-dat/cho-thue-van-phong-ha-noi-quan-dong-da?g=14&quot;&gt;500 - 800 triệu&lt;/a&gt;                        &lt;a class=&quot;list-group-item&quot; href=&quot;/nha-dat/cho-thue-van-phong-ha-noi-quan-dong-da?g=27&quot;&gt;trên 1 tỷ&lt;/a&gt;                    &lt;/div&gt;                    &lt;div class=&quot;col-xs-6&quot; style=&quot;padding:0&quot;&gt;                        &lt;strong class=&quot;list-group-item&quot;&gt;Theo diện tích&lt;/strong&gt;                        &lt;a class=&quot;list-group-item&quot; href=&quot;/nha-dat/cho-thue-van-phong-ha-noi-quan-dong-da?dt=1&quot;&gt;Dưới 30 m2&lt;/a&gt;                        &lt;a class=&quot;list-group-item&quot; href=&quot;/nha-dat/cho-thue-van-phong-ha-noi-quan-dong-da?dt=2&quot;&gt;30 - 50 m2&lt;/a&gt;                        &lt;a class=&quot;list-group-item&quot; href=&quot;/nha-dat/cho-thue-van-phong-ha-noi-quan-dong-da?dt=3&quot;&gt;50 - 70 m2&lt;/a&gt;                        &lt;a class=&quot;list-group-item&quot; href=&quot;/nha-dat/cho-thue-van-phong-ha-noi-quan-dong-da?dt=4&quot;&gt;70 - 100 m2&lt;/a&gt;                        &lt;a class=&quot;list-group-item&quot; href=&quot;/nha-dat/cho-thue-van-phong-ha-noi-quan-dong-da?dt=5&quot;&gt;100 - 150 m2&lt;/a&gt;                        &lt;a class=&quot;list-group-item&quot; href=&quot;/nha-dat/cho-thue-van-phong-ha-noi-quan-dong-da?dt=6&quot;&gt;150 - 200 m2&lt;/a&gt;                        &lt;a class=&quot;list-group-item&quot; href=&quot;/nha-dat/cho-thue-van-phong-ha-noi-quan-dong-da?dt=7&quot;&gt;200 - 250 m2&lt;/a&gt;                        &lt;a class=&quot;list-group-item&quot; href=&quot;/nha-dat/cho-thue-van-phong-ha-noi-quan-dong-da?dt=8&quot;&gt;250 - 300 m2&lt;/a&gt;                        &lt;a class=&quot;list-group-item&quot; href=&quot;/nha-dat/cho-thue-van-phong-ha-noi-quan-dong-da?dt=9&quot;&gt;300 - 350 m2&lt;/a&gt;                        &lt;a class=&quot;list-group-item&quot; href=&quot;/nha-dat/cho-thue-van-phong-ha-noi-quan-dong-da?dt=10&quot;&gt;350 - 400 m2&lt;/a&gt;                        &lt;a class=&quot;list-group-item&quot; href=&quot;/nha-dat/cho-thue-van-phong-ha-noi-quan-dong-da?dt=11&quot;&gt;400 - 600 m2&lt;/a&gt;                        &lt;a class=&quot;list-group-item&quot; href=&quot;/nha-dat/cho-thue-van-phong-ha-noi-quan-dong-da?dt=12&quot;&gt;600 - 800 m2&lt;/a&gt;                        &lt;a class=&quot;list-group-item&quot; href=&quot;/nha-dat/cho-thue-van-phong-ha-noi-quan-dong-da?dt=13&quot;&gt;800 - 1000 m2&lt;/a&gt;                        &lt;a class=&quot;list-group-item&quot; href=&quot;/nha-dat/cho-thue-van-phong-ha-noi-quan-dong-da?dt=14&quot;&gt;Trên 1000 m2&lt;/a&gt;                    &lt;/div&gt;                &lt;/div&gt;            &lt;/div&gt;" SourceIndex="1531" TableNum="0" TextLen="402" order="32" xPath="/html[1]/body[1]/div[2]/div[1]/div[2]/div[4]/div[3]"/>
</LayoutNode>
<LayoutNode BgColor="#ffffff" ContainImg="0" ContainP="0" ContainTable="false" Content="Facebook Page | Facebook Group | Liên hệ hỗ trợ | Quy định đăng tin | Dạy kèm tin học văn phòng | Dạy photoshop " DOMCldNum="57" DoC="7" FontSize="16" FontWeight="normal" FormNum="0" FormSize="0" FrameSourceIndex="0" ID="1-8" InteractionNum="0" InteractionSize="0" IsImg="false" LinkNum="12" LinkTextLen="96" ObjectHeight="40" ObjectRectHeight="40" ObjectRectLeft="0" ObjectRectTop="2748" ObjectRectWidth="1420" ObjectWidth="1160" ObjectX="120" ObjectY="2748" OptionNum="0" OptionTextLength="0" ParaNum="0" SRC="Facebook Page | Facebook Group | Liên hệ hỗ trợ | Quy định đăng tin | Dạy kèm tin học văn phòng | Dạy photoshop" SourceIndex="0" TableNum="0" TextLen="111" order="33" xPath="No Xpath"/>
<LayoutNode BgColor="#ffffff" ContainImg="0" ContainP="0" ContainTable="false" DOMCldNum="13" DoC="5" FontSize="16" FontWeight="normal" FormNum="0" FormSize="0" FrameSourceIndex="0" ID="1-9" InteractionNum="0" InteractionSize="0" IsImg="false" LinkNum="105" LinkTextLen="906" ObjectRectHeight="529" ObjectRectLeft="0" ObjectRectTop="2798" ObjectRectWidth="1420" OptionNum="0" OptionTextLength="0" ParaNum="0" SourceIndex="1722" TableNum="0" TextLen="1007" order="34">
<LayoutNode BgColor="#ffffff" ContainImg="0" ContainP="0" ContainTable="false" Content="NHÀ ĐẤT TP HCM Nhà đất Quận 12 Nhà đất Quận 10 Bán nhà Quận 7 Bán nhà Tân Phú Bán nhà Thủ Đức Bán nhà Tân Bình Bán nhà Bình Thạnh Bán nhà Gò Vấp Bán nhà Bình Tân Bán nhà Phú Nhuận Cho thuê văn phòng Quận 1 Cho thuê văn phòng Quận 3 " DOMCldNum="13" DoC="8" FontSize="16" FontWeight="normal" FormNum="0" FormSize="0" FrameSourceIndex="0" ID="1-9-1" InteractionNum="0" InteractionSize="0" IsImg="false" LinkNum="26" LinkTextLen="219" ObjectHeight="390" ObjectRectHeight="529" ObjectRectLeft="0" ObjectRectTop="2798" ObjectRectWidth="299" ObjectWidth="164" ObjectX="135" ObjectY="2808" OptionNum="0" OptionTextLength="0" ParaNum="0" SRC="&lt;div class=&quot;col-md-2&quot;&gt;                    &lt;h5&gt;                        &lt;strong&gt;                            &lt;a href=&quot;/nha-dat/ban-nha-mat-tien-tp-ho-chi-minh&quot; style=&quot;text-decoration:none&quot; title=&quot;Mua bán nhà đất tp Hồ Chí Minh&quot;&gt;                                NHÀ ĐẤT TP HCM                            &lt;/a&gt;                        &lt;/strong&gt;                    &lt;/h5&gt;                    &lt;ul class=&quot;list-unstyled&quot; style=&quot;font-size:12px&quot;&gt;                        &lt;li&gt;&lt;a href=&quot;/nha-dat/ban-nha-o-tp-ho-chi-minh-quan-12&quot; title=&quot;Mua bán nhà đất Quận 12 Hồ Chí Minh&quot;&gt;Nhà đất Quận 12&lt;/a&gt;&lt;/li&gt;                        &lt;li&gt;&lt;a href=&quot;/nha-dat/ban-nha-o-tp-ho-chi-minh-quan-10&quot; title=&quot;Mua bán nhà đất Quận 10 Hồ Chí Minh&quot;&gt;Nhà đất Quận 10&lt;/a&gt;&lt;/li&gt;                        &lt;li&gt;&lt;a href=&quot;/nha-dat/ban-nha-o-tp-ho-chi-minh-quan-7&quot; title=&quot;Mua bán nhà đất Quận 7 Hồ Chí Minh&quot;&gt;Bán nhà Quận 7&lt;/a&gt;&lt;/li&gt;                        &lt;li&gt;&lt;a href=&quot;/nha-dat/ban-nha-o-tp-ho-chi-minh-quan-tan-phu&quot; title=&quot;Mua bán nhà đất Quận Tân Phú Hồ Chí Minh&quot;&gt;Bán nhà Tân Phú&lt;/a&gt;&lt;/li&gt;                        &lt;li&gt;&lt;a href=&quot;/nha-dat/ban-nha-o-tp-ho-chi-minh-quan-thu-duc&quot; title=&quot;Mua bán nhà đất Quận Thủ Đức Hồ Chí Minh&quot;&gt;Bán nhà Thủ Đức&lt;/a&gt;&lt;/li&gt;                        &lt;li&gt;&lt;a href=&quot;/nha-dat/ban-nha-o-tp-ho-chi-minh-quan-tan-binh&quot; title=&quot;Mua bán nhà đất Quận Tân Bình Hồ Chí Minh&quot;&gt;Bán nhà Tân Bình&lt;/a&gt;&lt;/li&gt;                        &lt;li&gt;&lt;a href=&quot;/nha-dat/ban-nha-o-tp-ho-chi-minh-quan-binh-thanh&quot; title=&quot;Mua bán nhà đất Quận Bình Thạnh Hồ Chí Minh&quot;&gt;Bán nhà Bình Thạnh&lt;/a&gt;&lt;/li&gt;                        &lt;li&gt;&lt;a href=&quot;/nha-dat/ban-nha-o-tp-ho-chi-minh-quan-go-vap&quot; title=&quot;Mua bán nhà đất Quận Gò Vấp Hồ Chí Minh&quot;&gt;Bán nhà Gò Vấp&lt;/a&gt;&lt;/li&gt;                        &lt;li&gt;&lt;a href=&quot;/nha-dat/ban-nha-o-tp-ho-chi-minh-quan-binh-tan&quot; title=&quot;Mua bán nhà đất Quận Bình Tân Hồ Chí Minh&quot;&gt;Bán nhà Bình Tân&lt;/a&gt;&lt;/li&gt;                        &lt;li&gt;&lt;a href=&quot;/nha-dat/ban-nha-o-tp-ho-chi-minh-quan-phu-nhuan&quot; title=&quot;Mua bán nhà đất Quận Phú Nhuận Hồ Chí Minh&quot;&gt;Bán nhà Phú Nhuận&lt;/a&gt;&lt;/li&gt;                        &lt;li&gt;&lt;a href=&quot;/nha-dat/cho-thue-van-phong-tp-ho-chi-minh-quan-1&quot; title=&quot;Cho thuê văn phòng Quận 1 Hồ Chí Minh&quot;&gt;Cho thuê văn phòng Quận 1&lt;/a&gt;&lt;/li&gt;                        &lt;li&gt;&lt;a href=&quot;/nha-dat/cho-thue-van-phong-tp-ho-chi-minh-quan-3&quot; title=&quot;Cho thuê văn phòng Quận 3 Hồ Chí Minh&quot;&gt;Cho thuê văn phòng Quận 3&lt;/a&gt;&lt;/li&gt;                    &lt;/ul&gt;                &lt;/div&gt;" SourceIndex="1724" TableNum="0" TextLen="219" order="35" xPath="/html[1]/body[1]/div[3]/div[1]/div[1]/ul[1]/footer[1]/div[1]/div[1]/div[1]"/>
<LayoutNode BgColor="#ffffff" ContainImg="0" ContainP="0" ContainTable="false" DOMCldNum="13" DoC="5" FontSize="16" FontWeight="normal" FormNum="0" FormSize="0" FrameSourceIndex="0" ID="1-9-2" InteractionNum="0" InteractionSize="0" IsImg="false" LinkNum="65" LinkTextLen="585" ObjectRectHeight="529" ObjectRectLeft="323" ObjectRectTop="2798" ObjectRectWidth="763" OptionNum="0" OptionTextLength="0" ParaNum="0" SourceIndex="1722" TableNum="0" TextLen="686" order="36">
<LayoutNode BgColor="#ffffff" ContainImg="0" ContainP="0" ContainTable="false" DOMCldNum="13" DoC="5" FontSize="16" FontWeight="normal" FormNum="0" FormSize="0" FrameSourceIndex="0" ID="1-9-2-1" InteractionNum="0" InteractionSize="0" IsImg="false" LinkNum="64" LinkTextLen="569" ObjectRectHeight="400" ObjectRectLeft="323" ObjectRectTop="2798" ObjectRectWidth="763" OptionNum="0" OptionTextLength="0" ParaNum="0" SourceIndex="1722" TableNum="0" TextLen="569" order="37">
<LayoutNode BgColor="#ffffff" ContainImg="0" ContainP="0" ContainTable="false" Content="NHÀ ĐẤT HÀ NỘI Cho thuê chung cư Hà Nội Cho thuê phòng trọ Hà Nội Nhà đất Cầu Giấy Nhà đất Thanh Xuân Nhà đất Đống Đa Nhà đất Hai Bà Trưng Nhà đất Ba Đình Nhà đất Tây Hồ Nhà đất Long Biên Nhà đất Hoàn Kiếm Chung cư Thanh Xuân Chung cư Tây Hồ " DOMCldNum="13" DoC="8" FontSize="16" FontWeight="normal" FormNum="0" FormSize="0" FrameSourceIndex="0" ID="1-9-2-1-1" InteractionNum="0" InteractionSize="0" IsImg="false" LinkNum="26" LinkTextLen="229" ObjectHeight="390" ObjectRectHeight="400" ObjectRectLeft="323" ObjectRectTop="2798" ObjectRectWidth="170" ObjectWidth="164" ObjectX="329" ObjectY="2808" OptionNum="0" OptionTextLength="0" ParaNum="0" SRC="&lt;div class=&quot;col-md-2&quot;&gt;                    &lt;h5&gt;                        &lt;strong&gt;                            &lt;a href=&quot;/nha-dat/ban-nha-mat-tien-ha-noi&quot; style=&quot;text-decoration:none&quot; title=&quot;Mua bán nhà đất Hà Nội&quot;&gt;                                NHÀ ĐẤT HÀ NỘI                            &lt;/a&gt;                        &lt;/strong&gt;                    &lt;/h5&gt;                    &lt;ul class=&quot;list-unstyled&quot; style=&quot;font-size:12px&quot;&gt;                        &lt;li&gt;&lt;a href=&quot;/nha-dat/cho-thue-can-ho-chung-cu-ha-noi&quot; title=&quot;Cho thuê chung cư Hà Nội&quot;&gt;Cho thuê chung cư Hà Nội&lt;/a&gt;&lt;/li&gt;                        &lt;li&gt;&lt;a href=&quot;/nha-dat/cho-thue-phong-tro-nha-tro-ha-noi&quot; title=&quot;Cho thuê phòng trọ, nhà trọ Hà Nội&quot;&gt;Cho thuê phòng trọ Hà Nội&lt;/a&gt;&lt;/li&gt;                        &lt;li&gt;&lt;a href=&quot;/nha-dat/ban-nha-o-ha-noi-quan-cau-giay&quot; title=&quot;Bán nhà quận Cầu Giấy&quot;&gt;Nhà đất Cầu Giấy&lt;/a&gt;&lt;/li&gt;                        &lt;li&gt;&lt;a href=&quot;/nha-dat/ban-nha-o-ha-noi-quan-thanh-xuan&quot; title=&quot;Bán nhà quận Thanh xuân&quot;&gt;Nhà đất Thanh Xuân&lt;/a&gt;&lt;/li&gt;                        &lt;li&gt;&lt;a href=&quot;/nha-dat/ban-nha-o-ha-noi-quan-dong-da&quot; title=&quot;Bán nhà quận Đống Đa&quot;&gt;Nhà đất Đống Đa&lt;/a&gt;&lt;/li&gt;                        &lt;li&gt;&lt;a href=&quot;/nha-dat/ban-nha-o-ha-noi-quan-hai-ba-trung&quot; title=&quot;Mua bán nhà đất Quận Hai Bà Trưng&quot;&gt;Nhà đất Hai Bà Trưng&lt;/a&gt;&lt;/li&gt;                        &lt;li&gt;&lt;a href=&quot;/nha-dat/ban-nha-o-ha-noi-quan-ba-dinh&quot; title=&quot;Mua bán nhà đất Quận Ba Đình&quot;&gt;Nhà đất Ba Đình&lt;/a&gt;&lt;/li&gt;                        &lt;li&gt;&lt;a href=&quot;/nha-dat/ban-nha-o-ha-noi-quan-tay-ho&quot; title=&quot;Mua bán nhà đất Quận Tây Hồ&quot;&gt;Nhà đất Tây Hồ&lt;/a&gt;&lt;/li&gt;                        &lt;li&gt;&lt;a href=&quot;/nha-dat/ban-nha-o-ha-noi-quan-long-bien&quot; title=&quot;Mua bán nhà đất Quận Long Biên&quot;&gt;Nhà đất Long Biên&lt;/a&gt;&lt;/li&gt;                        &lt;li&gt;&lt;a href=&quot;/nha-dat/can-ban-nha-o-ha-noi-quan-hoan-kiem&quot; title=&quot;Mua bán nhà đất Quận Hoàn Kiếm&quot;&gt;Nhà đất Hoàn Kiếm&lt;/a&gt;&lt;/li&gt;                        &lt;li&gt;&lt;a href=&quot;/nha-dat/cho-thue-can-ho-chung-cu-ha-noi-quan-thanh-xuan&quot; title=&quot;Chung cư Quận Thanh Xuân&quot;&gt;Chung cư Thanh Xuân&lt;/a&gt;&lt;/li&gt;                        &lt;li&gt;&lt;a href=&quot;/nha-dat/cho-thue-can-ho-chung-cu-ha-noi-quan-tay-ho&quot; title=&quot;Chung cư Quận Tây Hồ&quot;&gt;Chung cư Tây Hồ&lt;/a&gt;&lt;/li&gt;                    &lt;/ul&gt;                &lt;/div&gt;" SourceIndex="1787" TableNum="0" TextLen="229" order="38" xPath="/html[1]/body[1]/div[3]/div[1]/div[1]/ul[1]/footer[1]/div[1]/div[1]/div[2]"/>
<LayoutNode BgColor="#ffffff" ContainImg="0" ContainP="0" ContainTable="false" Content="NHÀ ĐẤT ĐỒNG NAI Bán nhà Biên Hòa Bán đất Biên Hòa Căn hộ Đồng Nai Nhà mặt tiền Đồng Nai Cho thuê phòng trọ Đồng Nai " DOMCldNum="13" DoC="5" FontSize="16" FontWeight="normal" FormNum="0" FormSize="0" FrameSourceIndex="0" ID="1-9-2-1-2" InteractionNum="0" InteractionSize="0" IsImg="false" LinkNum="12" LinkTextLen="111" ObjectHeight="180" ObjectRectHeight="400" ObjectRectLeft="523" ObjectRectTop="2798" ObjectRectWidth="164" ObjectWidth="164" ObjectX="523" ObjectY="2808" OptionNum="0" OptionTextLength="0" ParaNum="0" SRC="&lt;div class=&quot;col-md-2&quot;&gt;                    &lt;h5&gt;                        &lt;strong&gt;                            &lt;a href=&quot;/nha-dat/ban-nha-o-dong-nai&quot; style=&quot;text-decoration:none&quot; title=&quot;Mua bán nhà đất Đồng Nai&quot;&gt;                                NHÀ ĐẤT ĐỒNG NAI                            &lt;/a&gt;                        &lt;/strong&gt;                    &lt;/h5&gt;                    &lt;ul class=&quot;list-unstyled&quot; style=&quot;font-size:12px&quot;&gt;                        &lt;li&gt;&lt;a href=&quot;/nha-dat/ban-nha-o-dong-naithanh-pho-bien-hoa&quot; title=&quot;Bán nhà Biên Hòa&quot;&gt;Bán nhà Biên Hòa&lt;/a&gt;&lt;/li&gt;                        &lt;li&gt;&lt;a href=&quot;/nha-dat/ban-dat-tho-cu-dat-o-dong-nai-thanh-pho-bien-hoa&quot; title=&quot;Bán đất Biên Hòa&quot;&gt;Bán đất Biên Hòa&lt;/a&gt;&lt;/li&gt;                        &lt;li&gt;&lt;a href=&quot;/nha-dat/ban-can-ho-chung-cu-dong-nai&quot; title=&quot;Mua bán căn hộ chung cư Đồng Nai&quot;&gt;Căn hộ Đồng Nai&lt;/a&gt;&lt;/li&gt;                        &lt;li&gt;&lt;a href=&quot;/nha-dat/ban-nha-mat-tien-dong-nai&quot; title=&quot;Mua bán nhà mặt tiền Đồng Nai&quot;&gt;Nhà mặt tiền Đồng Nai&lt;/a&gt;&lt;/li&gt;                        &lt;li&gt;&lt;a href=&quot;/nha-dat/cho-thue-phong-tro-nha-tro-dong-nai&quot; title=&quot;Cho thuê phòng trọ, nhà trọ Đồng Nai&quot;&gt;Cho thuê phòng trọ Đồng Nai&lt;/a&gt;&lt;/li&gt;                    &lt;/ul&gt;                &lt;/div&gt;" SourceIndex="1850" TableNum="0" TextLen="111" order="39" xPath="/html[1]/body[1]/div[3]/div[1]/div[1]/ul[1]/footer[1]/div[1]/div[1]/div[3]"/>
<LayoutNode BgColor="#ffffff" ContainImg="0" ContainP="0" ContainTable="false" Content="NHÀ ĐẤT BÌNH DƯƠNG Cho thuê nhà Bình Dương Cho thuê phòng trọ Bình Dương Cho thuê đất Bình Dương Nhà đất Thủ Dầu Một Nhà đất Dĩ An " DOMCldNum="13" DoC="5" FontSize="16" FontWeight="normal" FormNum="0" FormSize="0" FrameSourceIndex="0" ID="1-9-2-1-3" InteractionNum="0" InteractionSize="0" IsImg="false" LinkNum="14" LinkTextLen="124" ObjectHeight="210" ObjectRectHeight="400" ObjectRectLeft="717" ObjectRectTop="2798" ObjectRectWidth="164" ObjectWidth="164" ObjectX="717" ObjectY="2808" OptionNum="0" OptionTextLength="0" ParaNum="0" SRC="&lt;div class=&quot;col-md-2&quot;&gt;                    &lt;h5&gt;                        &lt;strong&gt;                            &lt;a href=&quot;/nha-dat/ban-nha-mat-tien-binh-duong&quot; style=&quot;text-decoration:none&quot; title=&quot;Mua bán Nhà đất Bình Dương&quot;&gt;                                NHÀ ĐẤT BÌNH DƯƠNG                            &lt;/a&gt;                        &lt;/strong&gt;                    &lt;/h5&gt;                    &lt;ul class=&quot;list-unstyled&quot; style=&quot;font-size:12px&quot;&gt;                        &lt;li&gt;&lt;a href=&quot;/nha-dat/cho-thue-nha-o-binh-duong&quot; title=&quot;Cho thuê nhà bình dương&quot;&gt;Cho thuê nhà Bình Dương&lt;/a&gt;&lt;/li&gt;                        &lt;li&gt;&lt;a href=&quot;/nha-dat/cho-thue-phong-tro-nha-tro-binh-duong&quot; title=&quot;Cho thuê phòng trọ Bình Dương&quot;&gt;Cho thuê phòng trọ Bình Dương&lt;/a&gt;&lt;/li&gt;                        &lt;li&gt;&lt;a href=&quot;/nha-dat/cho-thue-dat-tho-cu-dat-o-binh-duong&quot; title=&quot;Cho thuê đất Bình Dương&quot;&gt;Cho thuê đất Bình Dương&lt;/a&gt;&lt;/li&gt;                        &lt;li&gt;&lt;a href=&quot;/nha-dat/ban-nha-o-binh-duong-thi-xa-thu-dau-mot&quot; title=&quot;Bán nhà Thủ Dầu một&quot;&gt;Nhà đất Thủ Dầu Một&lt;/a&gt;&lt;/li&gt;                        &lt;li&gt;&lt;a href=&quot;/nha-dat/ban-nha-o-binh-duong-thi-xa-di-an&quot; title=&quot;Nhà đất Dĩ An Bình dương&quot;&gt;Nhà đất Dĩ An&lt;/a&gt;&lt;/li&gt;                    &lt;/ul&gt;                &lt;/div&gt;" SourceIndex="1885" TableNum="0" TextLen="124" order="40" xPath="/html[1]/body[1]/div[3]/div[1]/div[1]/ul[1]/footer[1]/div[1]/div[1]/div[4]"/>
<LayoutNode BgColor="#ffffff" ContainImg="0" ContainP="0" ContainTable="false" Content="NHÀ ĐẤT ĐÀ NẴNG Biệt thự Đà Nẵng Cho thuê căn hộ Đà Nẵng Cho thuê đất Đà Nẵng Nhà đất Hải Châu Nhà đất Sơn Trà " DOMCldNum="13" DoC="5" FontSize="16" FontWeight="normal" FormNum="0" FormSize="0" FrameSourceIndex="0" ID="1-9-2-1-4" InteractionNum="0" InteractionSize="0" IsImg="false" LinkNum="12" LinkTextLen="105" ObjectHeight="180" ObjectRectHeight="400" ObjectRectLeft="911" ObjectRectTop="2798" ObjectRectWidth="175" ObjectWidth="164" ObjectX="911" ObjectY="2808" OptionNum="0" OptionTextLength="0" ParaNum="0" SRC="&lt;div class=&quot;col-md-2&quot;&gt;                    &lt;h5&gt;                        &lt;strong&gt;                            &lt;a href=&quot;/nha-dat/ban-nha-o-da-nang&quot; style=&quot;text-decoration:none&quot; title=&quot;Mua bán nhà đất Đà Nẵng&quot;&gt;                                NHÀ ĐẤT ĐÀ NẴNG                            &lt;/a&gt;                        &lt;/strong&gt;                    &lt;/h5&gt;                    &lt;ul class=&quot;list-unstyled&quot; style=&quot;font-size:12px&quot;&gt;                        &lt;li&gt;&lt;a href=&quot;/nha-dat/cho-thue-biet-thu-nha-lien-ke-da-nang&quot; title=&quot;Biệt thự Đà Nẵng&quot;&gt;Biệt thự Đà Nẵng&lt;/a&gt;&lt;/li&gt;                        &lt;li&gt;&lt;a href=&quot;/nha-dat/cho-thue-can-ho-chung-cu-da-nang&quot; title=&quot;Cho thuê căn hộ Đà Nẵng&quot;&gt;Cho thuê căn hộ Đà Nẵng&lt;/a&gt;&lt;/li&gt;                        &lt;li&gt;&lt;a href=&quot;nha-dat/cho-thue-dat-tho-cu-dat-o-da-nang&quot; title=&quot;Cho thuê đất Đà Nẵng&quot;&gt;Cho thuê đất Đà Nẵng&lt;/a&gt;&lt;/li&gt;                        &lt;li&gt;&lt;a href=&quot;/nha-dat/cho-thue-nha-o-da-nang-quan-hai-chau&quot; title=&quot;Nhà đất Hải Châu&quot;&gt;Nhà đất Hải Châu&lt;/a&gt;&lt;/li&gt;                        &lt;li&gt;&lt;a href=&quot;/nha-dat/cho-thue-nha-o-da-nang-quan-son-tra&quot; title=&quot;Nhà đất Sơn Trà&quot;&gt;Nhà đất Sơn Trà&lt;/a&gt;&lt;/li&gt;                    &lt;/ul&gt;                &lt;/div&gt;" SourceIndex="1920" TableNum="0" TextLen="105" order="41" xPath="/html[1]/body[1]/div[3]/div[1]/div[1]/ul[1]/footer[1]/div[1]/div[1]/div[5]"/>
</LayoutNode>
<LayoutNode BgColor="#ffffff" ContainImg="0" ContainP="0" ContainTable="false" Content="© 2015 - diachinhadat.com - ® Ghi rõ nguồn diachinhadat.com khi bạn phát hành thông tin từ website này " DOMCldNum="5" DoC="10" FontSize="16" FontWeight="normal" FormNum="0" FormSize="0" FrameSourceIndex="0" ID="1-9-2-2" InteractionNum="0" InteractionSize="0" IsImg="false" LinkNum="1" LinkTextLen="16" ObjectHeight="20" ObjectRectHeight="20" ObjectRectLeft="323" ObjectRectTop="3208" ObjectRectWidth="763" ObjectWidth="67" ObjectX="323" ObjectY="3208" OptionNum="0" OptionTextLength="0" ParaNum="0" SRC="© 2015 - &lt;a href=&quot;https://diachinhadat.com&quot; title=&quot;Đăng tin mua bán nhà đất, bất động sản toàn quốc&quot;&gt;diachinhadat.com&lt;/a&gt; - ® Ghi rõ nguồn diachinhadat.com khi bạn phát hành thông tin từ website này" SourceIndex="0;4061;0" TableNum="0" TextLen="102" order="42" xPath="No Xpath"/>
<LayoutNode BgColor="#ffffff" ContainImg="0" ContainP="0" ContainTable="false" Content="Thiết kế và SEO " DOMCldNum="5" DoC="10" FontSize="16" FontWeight="normal" FormNum="0" FormSize="0" FrameSourceIndex="0" ID="1-9-2-3" InteractionNum="0" InteractionSize="0" IsImg="false" LinkNum="0" LinkTextLen="0" ObjectHeight="20" ObjectRectHeight="79" ObjectRectLeft="323" ObjectRectTop="3248" ObjectRectWidth="763" ObjectWidth="114" ObjectX="648" ObjectY="3248" OptionNum="0" OptionTextLength="0" ParaNum="0" SRC="Thiết kế và SEO" SourceIndex="0" TableNum="0" TextLen="15" order="43" xPath="No Xpath"/>
</LayoutNode>
<LayoutNode BgColor="#ffffff" ContainImg="0" ContainP="0" ContainTable="false" Content="NHÀ ĐẤT BÀ RỊA - VŨNG TÀU Bán nhà Vũng tàu Bán nhà Bà rịa Bán đất Châu Đức Bán đất Tân Thành Bán nhà Côn Đảo " DOMCldNum="13" DoC="5" FontSize="16" FontWeight="normal" FormNum="0" FormSize="0" FrameSourceIndex="0" ID="1-9-3" InteractionNum="0" InteractionSize="0" IsImg="false" LinkNum="14" LinkTextLen="102" ObjectHeight="200" ObjectRectHeight="529" ObjectRectLeft="1105" ObjectRectTop="2798" ObjectRectWidth="315" ObjectWidth="164" ObjectX="1105" ObjectY="2808" OptionNum="0" OptionTextLength="0" ParaNum="0" SRC="&lt;div class=&quot;col-md-2&quot;&gt;                    &lt;h5&gt;                        &lt;strong&gt;                            &lt;a href=&quot;/nha-dat/ban-nha-o-ba-ria-vung-tau&quot; style=&quot;text-decoration:none&quot; title=&quot;Mua bán nhà đất Vũng Tàu&quot;&gt;                                NHÀ ĐẤT BÀ RỊA - VŨNG TÀU                            &lt;/a&gt;                        &lt;/strong&gt;                    &lt;/h5&gt;                    &lt;ul class=&quot;list-unstyled&quot; style=&quot;font-size:12px&quot;&gt;                        &lt;li&gt;&lt;a href=&quot;/nha-dat/ban-nha-o-ba-ria-vung-tau-thanh-pho-vung-tau&quot; title=&quot;Bán nhà Vũng tàu&quot;&gt;Bán nhà Vũng tàu&lt;/a&gt;&lt;/li&gt;                        &lt;li&gt;&lt;a href=&quot;/nha-dat/ban-nha-o-ba-ria-vung-tau-thanh-pho-ba-ria&quot; title=&quot;Bán nhà Bà rịa&quot;&gt;Bán nhà Bà rịa&lt;/a&gt;&lt;/li&gt;                        &lt;li&gt;&lt;a href=&quot;/nha-dat/ban-nha-o-ba-ria-vung-tau-huyen-chau-duc&quot; title=&quot;Bán đất Châu Đức&quot;&gt;Bán đất Châu Đức&lt;/a&gt;&lt;/li&gt;                        &lt;li&gt;&lt;a href=&quot;/nha-dat/ban-dat-tho-cu-dat-o-ba-ria-vung-tau-huyen-tan-thanh&quot; title=&quot;Bán đất Tân Thành&quot;&gt;Bán đất Tân Thành&lt;/a&gt;&lt;/li&gt;                        &lt;li&gt;&lt;a href=&quot;/nha-dat/ban-nha-mat-tien-ba-ria-vung-tau-huyen-con-dao&quot; title=&quot;Bán nhà Côn Đảo&quot;&gt;Bán nhà Côn Đảo&lt;/a&gt;&lt;/li&gt;                    &lt;/ul&gt;                &lt;/div&gt;" SourceIndex="1955" TableNum="0" TextLen="102" order="44" xPath="/html[1]/body[1]/div[3]/div[1]/div[1]/ul[1]/footer[1]/div[1]/div[1]/div[6]"/>
</LayoutNode>
</LayoutNode>
</VIPSPage>
