<VIPSPage PageRectHeight="980" PageRectLeft="0" PageRectTop="0" PageRectWidth="1420" PageTitle="Bán nhà đẹp CMT8 P.7 Ngay ngã tư Bảy Hiền" Url="https://dinhgianhadat.vn/tin-ban-nha-dep-cmt8-p7-ngay-nga-tu-bay-hien-5157867" WindowHeight="980" WindowWidth="1420" neworder="0" order="0">
<LayoutNode BgColor="#ffffff" ContainImg="7" ContainP="13" ContainTable="true" DOMCldNum="0" DoC="1" FontSize="13" FontWeight="normal" FrameSourceIndex="0" ID="1" IsImg="false" LinkNum="72" LinkTextLen="1695" ObjectRectHeight="1861" ObjectRectLeft="0" ObjectRectTop="0" ObjectRectWidth="1638" SourceIndex="0" TextLen="3095" order="1">
<LayoutNode BgColor="#ffffff" ContainImg="2" ContainP="0" ContainTable="false" Content=" " DOMCldNum="0" DoC="8" FontSize="13" FontWeight="normal" FrameSourceIndex="0" ID="1-1" IsImg="true" LinkNum="0" LinkTextLen="0" ObjectRectHeight="1861" ObjectRectLeft="0" ObjectRectTop="0" ObjectRectWidth="1" SRC="&lt;img height=&quot;1&quot; src=&quot;https://www.facebook.com/tr?id=582912122120331&amp;ev=PageView&amp;noscript=1&quot; width=&quot;1&quot;/&gt;" SourceIndex="2971" TextLen="0" order="2" xPath="/#document/html/body/img"/>
<LayoutNode BgColor="#ffffff" ContainImg="5" ContainP="13" ContainTable="true" DOMCldNum="7" DoC="5" FontSize="13" FontWeight="normal" FrameSourceIndex="0" ID="1-2" IsImg="false" LinkNum="72" LinkTextLen="1695" ObjectRectHeight="1861" ObjectRectLeft="130" ObjectRectTop="0" ObjectRectWidth="1508" SourceIndex="115" TextLen="3095" order="3">
<LayoutNode BgColor="#ffffff" ContainImg="0" ContainP="0" ContainTable="true" Content="Đăng tin rao Đăng nhập Trang chủ Định giá BĐS Xem quy hoạch Mua bán Xem tất cả BĐS bán Nhà đất giá rẻ Các loại nhà Căn hộ chung cư Các loại đất Bán kho xưởng Nhà đất bán đấu giá Cho thuê Xem tất cả BĐS thuê Nhà phố Căn hộ chung cư Biệt thự Cao ốc văn phòng Khách sạn Nhà hàng, cafe Mặt bằng (tầng trệt) Phòng Kho xưởng Các loại đất Dự án Dự án căn hộ, chung cư Dự án đất nền So sánh dự án Tin tức Tin tức thời sự Kinh nghiệm mua bán BĐS Pháp luật nhà đất Bàn luận về định giá BĐS Thông tin dự án Phong thủy nhà đất Tin từ Ban quản trị Web Cần bán Cho thuê -- Chọn Tỉnh / TP -- Tp. Hồ Chí Minh Hà Nội Tp. Đà Nẵng Tỉnh Khánh Hòa Tỉnh Bình Dương Tỉnh Đồng Nai Tỉnh Kiên Giang Tp. Hải Phòng Tp. Cần Thơ Tỉnh Thái Bình Tỉnh Thanh Hóa Tỉnh Thái Nguyên Tỉnh Trà Vinh Tỉnh Vĩnh Long Tỉnh Tiền Giang Tỉnh Thừa Thiên Huế Tỉnh Quảng Trị Tỉnh Quảng Ninh Tỉnh Quảng Ngãi Tỉnh Quảng Nam Tỉnh Quảng Bình Tỉnh Phú Yên Tỉnh Phú Thọ Tỉnh Ninh Thuận Tỉnh Ninh Bình Tỉnh Nghệ An Tỉnh Nam Định Tỉnh Long An Tỉnh Lào Cai Tỉnh Lạng Sơn Tỉnh Lâm Đồng Tỉnh Lai Châu Tỉnh Kon Tum Tỉnh Tây Ninh Tỉnh Tuyên Quang Tỉnh Hưng Yên Tỉnh Hòa Bình Tỉnh Hậu Giang Tỉnh Hải Dương Tỉnh Hà Tĩnh Tỉnh Hà Nam Tỉnh Hà Giang Tỉnh Gia Lai Tỉnh Đồng Tháp Tỉnh Sóc Trăng Tỉnh Điện Biên Tỉnh Đăk Nông Tỉnh Đăk Lăk Tỉnh Cao Bằng Tỉnh Cà Mau Tỉnh Bình Thuận Tỉnh Bình Phước Tỉnh Sơn La Tỉnh Bình Định Tỉnh Bến Tre Tỉnh Bắc Ninh Tỉnh Bạc Liêu Tỉnh Bắc Kạn Tỉnh Bắc Giang Tỉnh Bà Rịa Vũng Tàu Tỉnh An Giang Tỉnh Vĩnh Phúc Tỉnh Yên Bái -- Chọn Quận/Huyện -- -- Chọn diện tích -- Chưa xác định &lt;= 30 m2 30 - 50 m2 50 - 80 m2 80 - 100 m2 100 - 150 m2 150 - 200 m2 200 - 250 m2 250 - 300 m2 300 - 500 m2 500 - 1000 m2 &gt; 1000 m2 -- Chọn giá -- Thỏa thuận &lt; 500 triệu 500 - 1 tỷ 1 tỷ - 2 tỷ 2 tỷ - 3 tỷ 3 tỷ - 5 tỷ 5 tỷ - 7 tỷ 7 tỷ - 10 tỷ 10 tỷ - 20 tỷ 20 tỷ - 30 tỷ 30 tỷ - 50 tỷ &gt; 50 tỷ -- Chọn Phường/Xã -- -- Chọn Đường -- -- Chọn vị trí -- Mặt tiền Hẻm &gt;= 1m Hẻm &gt;= 2m Hẻm &gt;= 3m Hẻm &gt;= 4m Hẻm &gt;= 6m -- Chọn hướng -- Ðông Tây Nam Bắc Đông Bắc Đông Nam Tây Bắc Tây Nam -- Chọn dự án -- " DOMCldNum="7" DoC="5" FontSize="13" FontWeight="normal" FrameSourceIndex="0" ID="1-2-1" IsImg="false" LinkNum="37" LinkTextLen="512" ObjectRectHeight="150" ObjectRectLeft="130" ObjectRectTop="0" ObjectRectWidth="1508" SRC="&lt;div class=&quot;ds-table-c tbl-action&quot; style=&quot;height:57px;float:right;&quot;&gt;                        &lt;ul class=&quot;list-unstyled ds-row&quot;&gt;                            &lt;li class=&quot;search-keyword item ds-cell hidden-sm hidden-xs&quot;&gt;                            &lt;/li&gt;                            &lt;li class=&quot;hidden-xs item ds-cell&quot;&gt;                                &lt;a class=&quot;upload flaticon-home177&quot; href=&quot;/quan-ly/dang-tin-rao&quot;&gt;&lt;span&gt;Đăng tin rao&lt;/span&gt;&lt;/a&gt;                            &lt;/li&gt;                                &lt;li class=&quot;user-not-auth ml10 item ds-cell&quot;&gt;                                    &lt;a class=&quot;login&quot; data-target=&quot;#myModal-login&quot; data-toggle=&quot;modal&quot; href=&quot;#&quot; rel=&quot;nofollow&quot;&gt;&lt;i class=&quot;fa fa-sign-in&quot;/&gt; Đăng nhập&lt;/a&gt;                                &lt;/li&gt;                        &lt;/ul&gt;                    &lt;/div&gt;&lt;div class=&quot;row&quot;&gt;                &lt;div class=&quot;col-xs-12 col-mainmenu&quot;&gt;                    &lt;ul&gt;                        &lt;li class=&quot;active&quot;&gt;                            &lt;a href=&quot;/&quot;&gt;Trang chủ&lt;/a&gt;                        &lt;/li&gt;                        &lt;li&gt;                            &lt;a href=&quot;/dinh-gia-bat-dong-san&quot;&gt;Định giá BĐS&lt;/a&gt;                        &lt;/li&gt;                        &lt;li&gt;                            &lt;a href=&quot;/ban-do-quy-hoach&quot;&gt;Xem quy hoạch&lt;/a&gt;                        &lt;/li&gt;                        &lt;li class=&quot;sub&quot;&gt;                            &lt;a href=&quot;/nha-dat-ban&quot;&gt;Mua bán&lt;i class=&quot;fa fa-caret-down&quot;/&gt;&lt;/a&gt;                            &lt;ul&gt;                                &lt;li&gt;&lt;a href=&quot;/nha-dat-ban&quot;&gt;Xem tất cả BĐS bán&lt;/a&gt;&lt;/li&gt;                                &lt;li&gt;&lt;a href=&quot;/nha-dat-gia-re&quot;&gt;Nhà đất giá rẻ&lt;/a&gt;&lt;/li&gt;                                &lt;li&gt;&lt;a href=&quot;/ban-nha-pho&quot;&gt;Các loại nhà&lt;/a&gt;&lt;/li&gt;                                &lt;li&gt;&lt;a href=&quot;/ban-can-ho&quot;&gt;Căn hộ chung cư&lt;/a&gt;&lt;/li&gt;                                &lt;li&gt;&lt;a href=&quot;/ban-dat&quot;&gt;Các loại đất&lt;/a&gt;&lt;/li&gt;                                &lt;li&gt;&lt;a href=&quot;/ban-kho-xuong&quot;&gt;Bán kho xưởng&lt;/a&gt;&lt;/li&gt;                                &lt;li/&gt;                                &lt;li&gt;&lt;a href=&quot;/nha-dat-phat-mai&quot;&gt;Nhà đất bán đấu giá&lt;/a&gt;&lt;/li&gt;                            &lt;/ul&gt;                        &lt;/li&gt;                        &lt;li class=&quot;sub&quot;&gt;                            &lt;a href=&quot;/nha-dat-cho-thue&quot;&gt;Cho thuê&lt;i class=&quot;fa fa-caret-down&quot;/&gt;&lt;/a&gt;                            &lt;ul&gt;                                &lt;li&gt;&lt;a href=&quot;/nha-dat-cho-thue&quot;&gt;Xem tất cả BĐS thuê&lt;/a&gt;&lt;/li&gt;                                &lt;li&gt;&lt;a href=&quot;/cho-thue-nha-pho&quot;&gt;Nhà phố&lt;/a&gt;&lt;/li&gt;                                &lt;li&gt;&lt;a href=&quot;/cho-thue-can-ho-chung-cu&quot;&gt;Căn hộ chung cư&lt;/a&gt;&lt;/li&gt;                                &lt;li&gt;&lt;a href=&quot;/cho-thue-biet-thu&quot;&gt;Biệt thự&lt;/a&gt;&lt;/li&gt;                                &lt;li&gt;&lt;a href=&quot;/cho-thue-cao-oc-van-phong&quot;&gt;Cao ốc văn phòng&lt;/a&gt;&lt;/li&gt;                                &lt;li&gt;&lt;a href=&quot;/cho-thue-khach-san&quot;&gt;Khách sạn&lt;/a&gt;&lt;/li&gt;                                &lt;li&gt;&lt;a href=&quot;/cho-thue-nha-hang-cafe&quot;&gt;Nhà hàng, cafe&lt;/a&gt;&lt;/li&gt;                                &lt;li&gt;&lt;a href=&quot;/cho-thue-mat-bang&quot;&gt;Mặt bằng (tầng trệt)&lt;/a&gt;&lt;/li&gt;                                &lt;li&gt;&lt;a href=&quot;/cho-thue-van-phong&quot;&gt;Phòng&lt;/a&gt;&lt;/li&gt;                                &lt;li&gt;&lt;a href=&quot;/cho-thue-nha-xuong&quot;&gt;Kho xưởng&lt;/a&gt;&lt;/li&gt;                                &lt;li&gt;&lt;a href=&quot;/cho-thue-dat&quot;&gt;Các loại đất&lt;/a&gt;&lt;/li&gt;                            &lt;/ul&gt;                        &lt;/li&gt;                        &lt;li class=&quot;sub&quot;&gt;                            &lt;a href=&quot;/du-an&quot;&gt;Dự án&lt;i class=&quot;fa fa-caret-down&quot;/&gt;&lt;/a&gt;                            &lt;ul&gt;                                                                &lt;li&gt;&lt;a href=&quot;/du-an/du-an-chung-cu&quot;&gt;Dự án căn hộ, chung cư&lt;/a&gt;&lt;/li&gt;                                &lt;li&gt;&lt;a href=&quot;/du-an/du-an-dat-nen&quot;&gt;Dự án đất nền&lt;/a&gt;&lt;/li&gt;                                &lt;li&gt;&lt;a href=&quot;/du-an/so-sanh-du-an&quot;&gt;So sánh dự án&lt;/a&gt;&lt;/li&gt;                            &lt;/ul&gt;                        &lt;/li&gt;                        &lt;li class=&quot;sub&quot;&gt;                            &lt;a href=&quot;/tin-tuc/tin-tuc-thoi-su-611431&quot;&gt;Tin tức&lt;i class=&quot;fa fa-caret-down&quot;/&gt;&lt;/a&gt;&lt;ul&gt;            &lt;li&gt;&lt;a href=&quot;/tin-tuc/tin-tuc-thoi-su-611431&quot;&gt;Tin tức thời sự&lt;/a&gt;&lt;/li&gt;             &lt;li&gt;&lt;a href=&quot;/tin-tuc/mua-ban-nha-dat-611435&quot;&gt;Kinh nghiệm mua bán BĐS&lt;/a&gt;&lt;/li&gt;             &lt;li&gt;&lt;a href=&quot;/tin-tuc/tu-van-phap-luat-nha-dat-611437&quot;&gt;Pháp luật nhà đất&lt;/a&gt;&lt;/li&gt;             &lt;li&gt;&lt;a href=&quot;/tin-tuc/dien-dan-dinh-gia-611481&quot;&gt;Bàn luận về định giá BĐS&lt;/a&gt;&lt;/li&gt;             &lt;li&gt;&lt;a href=&quot;/tin-tuc/quy-hoach-du-an-611442&quot;&gt;Thông tin dự án&lt;/a&gt;&lt;/li&gt;             &lt;li&gt;&lt;a href=&quot;/tin-tuc/phong-thuy-nha-dat-611446&quot;&gt;Phong thủy nhà đất&lt;/a&gt;&lt;/li&gt;             &lt;li&gt;&lt;a href=&quot;/tin-tuc/ban-quan-tri-web-611429&quot; rel=&quot;nofollow&quot;&gt;Tin từ Ban quản trị Web&lt;/a&gt;&lt;/li&gt;&lt;/ul&gt;                        &lt;/li&gt;                    &lt;/ul&gt;                                    &lt;/div&gt;            &lt;/div&gt;&lt;div class=&quot;container&quot;&gt;    &lt;div class=&quot;row&quot;&gt;        &lt;div class=&quot;col-xs-12 search-content&quot;&gt;            &lt;div class=&quot;main-search&quot;&gt;                &lt;div class=&quot;col-md-offset-1 col-md-10 col-xs-offset-0 col-xs-12 no-padding-left&quot;&gt;                    &lt;div class=&quot;col-xs-1 col-sm-3 no-padding&quot;&gt;                        &lt;button class=&quot;btn btn-search-detail&quot; data-target=&quot;#mainSearch&quot; data-toggle=&quot;collapse&quot;/&gt;                    &lt;/div&gt;                    &lt;div class=&quot;col-xs-10 col-sm-7  no-padding&quot;&gt;                        &lt;form action=&quot;/tim-kiem&quot; class=&quot;input-group&quot; id=&quot;frmtxtSearch&quot; method=&quot;get&quot;&gt;                            &lt;input class=&quot;form-control txt-search&quot; id=&quot;keyword&quot; name=&quot;keyword&quot; placeholder=&quot;Ví dụ: Nhà Quận 3 70m2 giá 10 tỷ&quot; type=&quot;text&quot; value=&quot;&quot;/&gt;                            &lt;span class=&quot;input-group-btn&quot;&gt;                                &lt;button class=&quot;btn btn-success btn-search&quot; onclick=&quot;moduleSearch.startDictation()&quot; type=&quot;button&quot;/&gt;                            &lt;/span&gt;                        &lt;/form&gt;                    &lt;/div&gt;                    &lt;div class=&quot;col-xs-1 col-sm-2 no-padding&quot;&gt;                        &lt;button class=&quot;btn btn-fast-search&quot; form=&quot;frmtxtSearch&quot; type=&quot;submit&quot;/&gt;                    &lt;/div&gt;                &lt;/div&gt;                &lt;div class=&quot;col-xs-12 no-padding&quot;&gt;                    &lt;div class=&quot;extend collapse&quot; id=&quot;mainSearch&quot;&gt;&lt;form action=&quot;/Property/ResultFilterPost&quot; class=&quot;form-horizontal &quot; id=&quot;formFilterHeader&quot; method=&quot;post&quot;&gt;&lt;input data-val=&quot;true&quot; data-val-number=&quot;The field TypeSearch must be a number.&quot; id=&quot;TypeSearch&quot; name=&quot;TypeSearch&quot; type=&quot;hidden&quot; value=&quot;&quot;/&gt;                            &lt;ul class=&quot;list-inline&quot;&gt;                                &lt;li class=&quot;col-lg-2 col-md-2 col-sm-4 col-xs-6 item&quot;&gt;                                    &lt;select class=&quot;&quot; id=&quot;AdsTypeUrl&quot; name=&quot;AdsTypeUrl&quot;&gt;&lt;option value=&quot;ban&quot;&gt;Cần bán&lt;/option&gt;&lt;option value=&quot;cho-thue&quot;&gt;Cho thuê&lt;/option&gt;&lt;/select&gt;                                &lt;/li&gt;                                &lt;li class=&quot;col-lg-2 col-md-2 col-sm-4 col-xs-6 item&quot;&gt;                                    &lt;select class=&quot;combobox&quot; id=&quot;ProvinceUrl&quot; name=&quot;ProvinceUrl&quot;&gt;&lt;option value=&quot;&quot;&gt;-- Chọn Tỉnh / TP --&lt;/option&gt;&lt;option value=&quot;tp-ho-chi-minh&quot;&gt;Tp. Hồ Chí Minh&lt;/option&gt;&lt;option value=&quot;ha-noi&quot;&gt;Hà Nội&lt;/option&gt;&lt;option value=&quot;da-nang&quot;&gt;Tp. Đà Nẵng&lt;/option&gt;&lt;option value=&quot;khanh-hoa&quot;&gt;Tỉnh Khánh Hòa&lt;/option&gt;&lt;option value=&quot;binh-duong&quot;&gt;Tỉnh Bình Dương&lt;/option&gt;&lt;option value=&quot;dong-nai&quot;&gt;Tỉnh Đồng Nai&lt;/option&gt;&lt;option value=&quot;kien-giang&quot;&gt;Tỉnh Kiên Giang&lt;/option&gt;&lt;option value=&quot;hai-phong&quot;&gt;Tp. Hải Phòng&lt;/option&gt;&lt;option value=&quot;can-tho&quot;&gt;Tp. Cần Thơ&lt;/option&gt;&lt;option value=&quot;thai-binh&quot;&gt;Tỉnh Thái Bình&lt;/option&gt;&lt;option value=&quot;thanh-hoa&quot;&gt;Tỉnh Thanh Hóa&lt;/option&gt;&lt;option value=&quot;thai-nguyen&quot;&gt;Tỉnh Thái Nguyên&lt;/option&gt;&lt;option value=&quot;tra-vinh&quot;&gt;Tỉnh Trà Vinh&lt;/option&gt;&lt;option value=&quot;vinh-long&quot;&gt;Tỉnh Vĩnh Long&lt;/option&gt;&lt;option value=&quot;tien-giang&quot;&gt;Tỉnh Tiền Giang&lt;/option&gt;&lt;option value=&quot;thua-thien-hue&quot;&gt;Tỉnh Thừa Thiên Huế&lt;/option&gt;&lt;option value=&quot;quang-tri&quot;&gt;Tỉnh Quảng Trị&lt;/option&gt;&lt;option value=&quot;quang-ninh&quot;&gt;Tỉnh Quảng Ninh&lt;/option&gt;&lt;option value=&quot;quang-ngai&quot;&gt;Tỉnh Quảng Ngãi&lt;/option&gt;&lt;option value=&quot;quang-nam&quot;&gt;Tỉnh Quảng Nam&lt;/option&gt;&lt;option value=&quot;quang-binh&quot;&gt;Tỉnh Quảng Bình&lt;/option&gt;&lt;option value=&quot;phu-yen&quot;&gt;Tỉnh Phú Yên&lt;/option&gt;&lt;option value=&quot;phu-tho&quot;&gt;Tỉnh Phú Thọ&lt;/option&gt;&lt;option value=&quot;ninh-thuan&quot;&gt;Tỉnh Ninh Thuận&lt;/option&gt;&lt;option value=&quot;ninh-binh&quot;&gt;Tỉnh Ninh Bình&lt;/option&gt;&lt;option value=&quot;nghe-an&quot;&gt;Tỉnh Nghệ An&lt;/option&gt;&lt;option value=&quot;nam-dinh&quot;&gt;Tỉnh Nam Định&lt;/option&gt;&lt;option value=&quot;long-an&quot;&gt;Tỉnh Long An&lt;/option&gt;&lt;option value=&quot;lao-cai&quot;&gt;Tỉnh Lào Cai&lt;/option&gt;&lt;option value=&quot;lang-son&quot;&gt;Tỉnh Lạng Sơn&lt;/option&gt;&lt;option value=&quot;lam-dong&quot;&gt;Tỉnh Lâm Đồng&lt;/option&gt;&lt;option value=&quot;lai-chau&quot;&gt;Tỉnh Lai Châu&lt;/option&gt;&lt;option value=&quot;kon-tum&quot;&gt;Tỉnh Kon Tum&lt;/option&gt;&lt;option value=&quot;tay-ninh&quot;&gt;Tỉnh Tây Ninh&lt;/option&gt;&lt;option value=&quot;tuyen-quang&quot;&gt;Tỉnh Tuyên Quang&lt;/option&gt;&lt;option value=&quot;hung-yen&quot;&gt;Tỉnh Hưng Yên&lt;/option&gt;&lt;option value=&quot;hoa-binh&quot;&gt;Tỉnh Hòa Bình&lt;/option&gt;&lt;option value=&quot;hau-giang&quot;&gt;Tỉnh Hậu Giang&lt;/option&gt;&lt;option value=&quot;hai-duong&quot;&gt;Tỉnh Hải Dương&lt;/option&gt;&lt;option value=&quot;ha-tinh&quot;&gt;Tỉnh Hà Tĩnh&lt;/option&gt;&lt;option value=&quot;ha-nam&quot;&gt;Tỉnh Hà Nam&lt;/option&gt;&lt;option value=&quot;ha-giang&quot;&gt;Tỉnh Hà Giang&lt;/option&gt;&lt;option value=&quot;gia-lai&quot;&gt;Tỉnh Gia Lai&lt;/option&gt;&lt;option value=&quot;dong-thap&quot;&gt;Tỉnh Đồng Tháp&lt;/option&gt;&lt;option value=&quot;soc-trang&quot;&gt;Tỉnh Sóc Trăng&lt;/option&gt;&lt;option value=&quot;dien-bien&quot;&gt;Tỉnh Điện Biên&lt;/option&gt;&lt;option value=&quot;dak-nong&quot;&gt;Tỉnh Đăk Nông&lt;/option&gt;&lt;option value=&quot;dak-lak&quot;&gt;Tỉnh Đăk Lăk&lt;/option&gt;&lt;option value=&quot;cao-bang&quot;&gt;Tỉnh Cao Bằng&lt;/option&gt;&lt;option value=&quot;ca-mau&quot;&gt;Tỉnh Cà Mau&lt;/option&gt;&lt;option value=&quot;binh-thuan&quot;&gt;Tỉnh Bình Thuận&lt;/option&gt;&lt;option value=&quot;binh-phuoc&quot;&gt;Tỉnh Bình Phước&lt;/option&gt;&lt;option value=&quot;son-la&quot;&gt;Tỉnh Sơn La&lt;/option&gt;&lt;option value=&quot;binh-dinh&quot;&gt;Tỉnh Bình Định&lt;/option&gt;&lt;option value=&quot;ben-tre&quot;&gt;Tỉnh Bến Tre&lt;/option&gt;&lt;option value=&quot;bac-ninh&quot;&gt;Tỉnh Bắc Ninh&lt;/option&gt;&lt;option value=&quot;bac-lieu&quot;&gt;Tỉnh Bạc Liêu&lt;/option&gt;&lt;option value=&quot;bac-kan&quot;&gt;Tỉnh Bắc Kạn&lt;/option&gt;&lt;option value=&quot;bac-giang&quot;&gt;Tỉnh Bắc Giang&lt;/option&gt;&lt;option value=&quot;ba-ria-vung-tau&quot;&gt;Tỉnh Bà Rịa Vũng Tàu&lt;/option&gt;&lt;option value=&quot;an-giang&quot;&gt;Tỉnh An Giang&lt;/option&gt;&lt;option value=&quot;vinh-phuc&quot;&gt;Tỉnh Vĩnh Phúc&lt;/option&gt;&lt;option value=&quot;yen-bai&quot;&gt;Tỉnh Yên Bái&lt;/option&gt;&lt;/select&gt;                                &lt;/li&gt;                                &lt;li class=&quot;col-lg-2 col-md-2 col-sm-4 col-xs-6 item&quot;&gt;                                        &lt;div class=&quot;tooltipValidate&quot; data-placement=&quot;top&quot; data-toggle=&quot;tooltip&quot; title=&quot;Chọn tỉnh/Tp trước khi chọn mục này&quot;&gt;                                            &lt;select class=&quot;combobox&quot; id=&quot;DistrictUrl&quot; name=&quot;DistrictUrl&quot;&gt;&lt;option value=&quot;&quot;&gt;-- Chọn Quận/Huyện --&lt;/option&gt;&lt;/select&gt;                                        &lt;/div&gt;                                &lt;/li&gt;                                &lt;li class=&quot;col-lg-2 col-md-2 col-sm-4 col-xs-6 item&quot;&gt;                                    &lt;select class=&quot;areaClass &quot; id=&quot;slcArea&quot; name=&quot;AreaId&quot;&gt;                                        &lt;option value=&quot;&quot;&gt;-- Chọn diện tích --&lt;/option&gt;                                            &lt;option value=&quot;1&quot;&gt;Chưa xác định&lt;/option&gt;                                            &lt;option value=&quot;2&quot;&gt;&lt;= 30 m2&lt;/option&gt;                                            &lt;option value=&quot;3&quot;&gt;30 - 50 m2&lt;/option&gt;                                            &lt;option value=&quot;4&quot;&gt;50 - 80 m2&lt;/option&gt;                                            &lt;option value=&quot;5&quot;&gt;80 - 100 m2&lt;/option&gt;                                            &lt;option value=&quot;6&quot;&gt;100 - 150 m2&lt;/option&gt;                                            &lt;option value=&quot;7&quot;&gt;150 - 200 m2&lt;/option&gt;                                            &lt;option value=&quot;8&quot;&gt;200 - 250 m2&lt;/option&gt;                                            &lt;option value=&quot;9&quot;&gt;250 - 300 m2&lt;/option&gt;                                            &lt;option value=&quot;10&quot;&gt;300 - 500 m2&lt;/option&gt;                                            &lt;option value=&quot;11&quot;&gt;500 - 1000 m2&lt;/option&gt;                                            &lt;option value=&quot;12&quot;&gt;&gt; 1000 m2&lt;/option&gt;                                    &lt;/select&gt;                                &lt;/li&gt;                                &lt;li class=&quot;col-lg-2 col-md-2 col-sm-4 col-xs-6 item&quot;&gt;                                    &lt;select class=&quot;PriceClass&quot; id=&quot;slcPrice&quot; name=&quot;PriceId&quot;&gt;                                        &lt;option value=&quot;&quot;&gt;-- Chọn giá --&lt;/option&gt;                                            &lt;option value=&quot;1&quot;&gt;Thỏa thuận&lt;/option&gt;                                            &lt;option value=&quot;2&quot;&gt;&lt; 500 triệu&lt;/option&gt;                                            &lt;option value=&quot;3&quot;&gt;500 - 1 tỷ&lt;/option&gt;                                            &lt;option value=&quot;4&quot;&gt;1 tỷ - 2 tỷ&lt;/option&gt;                                            &lt;option value=&quot;5&quot;&gt;2 tỷ - 3 tỷ&lt;/option&gt;                                            &lt;option value=&quot;6&quot;&gt;3 tỷ - 5 tỷ&lt;/option&gt;                                            &lt;option value=&quot;7&quot;&gt;5 tỷ - 7 tỷ&lt;/option&gt;                                            &lt;option value=&quot;8&quot;&gt;7 tỷ - 10 tỷ&lt;/option&gt;                                            &lt;option value=&quot;9&quot;&gt;10 tỷ - 20 tỷ&lt;/option&gt;                                            &lt;option value=&quot;10&quot;&gt;20 tỷ - 30 tỷ&lt;/option&gt;                                            &lt;option value=&quot;11&quot;&gt;30 tỷ - 50 tỷ&lt;/option&gt;                                            &lt;option value=&quot;12&quot;&gt;&gt; 50 tỷ&lt;/option&gt;                                    &lt;/select&gt;                                &lt;/li&gt;                                    &lt;li class=&quot;col-lg-2 col-md-2 col-sm-4 col-xs-6 button item&quot;&gt;                                        &lt;div class=&quot;wrap-button&quot;&gt;                                            &lt;input class=&quot;btn-search&quot; type=&quot;submit&quot; value=&quot;Tìm kiếm&quot;/&gt;                                        &lt;/div&gt;                                    &lt;/li&gt;                            &lt;/ul&gt;                            &lt;div class=&quot;panel-advanced-search&quot; style=&quot;display:block&quot;&gt;                                &lt;ul&gt;                                    &lt;li class=&quot;col-lg-2 col-md-2 col-sm-4 col-xs-6 item&quot;&gt;                                        &lt;select class=&quot;combobox&quot; id=&quot;WardUrl&quot; name=&quot;WardUrl&quot;&gt;&lt;option value=&quot;&quot;&gt;-- Chọn Phường/Xã --&lt;/option&gt;&lt;/select&gt;                                    &lt;/li&gt;                                    &lt;li class=&quot;col-lg-2 col-md-2 col-sm-4 col-xs-6 item&quot;&gt;                                        &lt;select class=&quot;combobox1 &quot; id=&quot;StreetUrl&quot; name=&quot;StreetUrl&quot;&gt;&lt;option value=&quot;&quot;&gt;-- Chọn Đường --&lt;/option&gt;&lt;/select&gt;                                        &lt;input id=&quot;tempStreetUrl&quot; type=&quot;hidden&quot;/&gt;                                    &lt;/li&gt;                                    &lt;li class=&quot;col-lg-2 col-md-2 col-sm-4 col-xs-6 item&quot;&gt;                                        &lt;select class=&quot;&quot; data-val=&quot;true&quot; data-val-number=&quot;The field LocationId must be a number.&quot; id=&quot;LocationId&quot; name=&quot;LocationId&quot;&gt;&lt;option value=&quot;&quot;&gt;-- Chọn vị trí --&lt;/option&gt;&lt;option value=&quot;91&quot;&gt;Mặt tiền&lt;/option&gt;&lt;option value=&quot;1&quot;&gt;Hẻm &gt;= 1m&lt;/option&gt;&lt;option value=&quot;2&quot;&gt;Hẻm &gt;= 2m&lt;/option&gt;&lt;option value=&quot;3&quot;&gt;Hẻm &gt;= 3m&lt;/option&gt;&lt;option value=&quot;4&quot;&gt;Hẻm &gt;= 4m&lt;/option&gt;&lt;option value=&quot;6&quot;&gt;Hẻm &gt;= 6m&lt;/option&gt;&lt;/select&gt;                                    &lt;/li&gt;                                    &lt;li class=&quot;col-lg-2 col-md-2 col-sm-4 col-xs-6 item&quot;&gt;                                        &lt;select class=&quot;&quot; data-val=&quot;true&quot; data-val-number=&quot;The field DirectionId must be a number.&quot; id=&quot;DirectionId&quot; name=&quot;DirectionId&quot;&gt;&lt;option value=&quot;&quot;&gt;-- Chọn hướng --&lt;/option&gt;&lt;option value=&quot;13&quot;&gt;Ðông&lt;/option&gt;&lt;option value=&quot;14&quot;&gt;Tây&lt;/option&gt;&lt;option value=&quot;15&quot;&gt;Nam&lt;/option&gt;&lt;option value=&quot;16&quot;&gt;Bắc&lt;/option&gt;&lt;option value=&quot;17&quot;&gt;Đông Bắc&lt;/option&gt;&lt;option value=&quot;18&quot;&gt;Đông Nam&lt;/option&gt;&lt;option value=&quot;19&quot;&gt;Tây Bắc&lt;/option&gt;&lt;option value=&quot;20&quot;&gt;Tây Nam&lt;/option&gt;&lt;/select&gt;                                    &lt;/li&gt;                                    &lt;li class=&quot;col-lg-2 col-md-2 col-sm-4 col-xs-6 item&quot;&gt;                                        &lt;select class=&quot;combobox&quot; id=&quot;ApartmentUrl&quot; name=&quot;ApartmentUrl&quot;&gt;&lt;option value=&quot;&quot;&gt;-- Chọn dự án --&lt;/option&gt;&lt;/select&gt;                                    &lt;/li&gt;                                &lt;/ul&gt;                            &lt;/div&gt;&lt;/form&gt;                    &lt;/div&gt;                &lt;/div&gt;            &lt;/div&gt;        &lt;/div&gt;    &lt;/div&gt;&lt;/div&gt;" SourceIndex="117;144;410" TextLen="543" order="4" xPath="/#document/html/body/div[0]/div[0]/div[0]/header[0]/div[0]/div[0]/div[1]/div[0]/div[0]/ul[2]/li[0]/a[1]/#text"/>
<LayoutNode BgColor="#ffffff" ContainImg="2" ContainP="10" ContainTable="false" DOMCldNum="3" DoC="5" FontSize="13" FontWeight="normal" FrameSourceIndex="0" ID="1-2-2" IsImg="false" LinkNum="0" LinkTextLen="0" ObjectRectHeight="310" ObjectRectLeft="130" ObjectRectTop="220" ObjectRectWidth="1508" SourceIndex="895" TextLen="347" order="5">
<LayoutNode BgColor="#ffffff" ContainImg="2" ContainP="0" ContainTable="false" Content=" " DOMCldNum="3" DoC="11" FontSize="13" FontWeight="normal" FrameSourceIndex="0" ID="1-2-2-1" IsImg="true" LinkNum="0" LinkTextLen="0" ObjectRectHeight="310" ObjectRectLeft="130" ObjectRectTop="220" ObjectRectWidth="365" SRC="&lt;img alt=&quot;Bán nhà đẹp CMT8 P.7 Ngay ngã tư Bảy Hiền&quot; src=&quot;https://dinhgianhadat.vn//UserFiles/5157867/34bd30cc-1658-44b7-8921-d27a04b8c144.jpg&quot;/&gt;" SourceIndex="3783" TextLen="0" order="6" xPath="/#document/html/body/div[0]/div[1]/div[2]/div[0]/div[4]/div[1]/div[1]/div[0]/div[0]/ul[0]/li[0]/a[0]/img"/>
<LayoutNode BgColor="#ffffff" ContainImg="0" ContainP="10" ContainTable="false" DOMCldNum="19" DoC="5" FontSize="20" FontWeight="500" FrameSourceIndex="0" ID="1-2-2-2" IsImg="false" LinkNum="0" LinkTextLen="0" ObjectRectHeight="310" ObjectRectLeft="509" ObjectRectTop="220" ObjectRectWidth="1129" SourceIndex="1077" TextLen="347" order="7">
<LayoutNode BgColor="#ffffff" ContainImg="0" ContainP="0" ContainTable="false" Content="Bán nhà đẹp CMT8 P.7 Ngay ngã tư Bảy Hiền " DOMCldNum="19" DoC="8" FontSize="20" FontWeight="500" FrameSourceIndex="0" ID="1-2-2-2-1" IsImg="false" LinkNum="0" LinkTextLen="0" ObjectRectHeight="28" ObjectRectLeft="509" ObjectRectTop="220" ObjectRectWidth="1129" SRC="&lt;h1 class=&quot;name&quot;&gt;                &lt;span class=&quot;&quot;&gt;                    Bán nhà đẹp CMT8 P.7 Ngay ngã tư Bảy Hiền                &lt;/span&gt;            &lt;/h1&gt;" SourceIndex="1079" TextLen="41" order="8" xPath="/#document/html/body/div[0]/div[1]/div[2]/div[0]/div[4]/div[4]/div[0]/h1[0]/span[0]/#text"/>
<LayoutNode BgColor="#ffffff" ContainImg="0" ContainP="10" ContainTable="false" Content="Mã tin: 5157867 Ngày cập nhật: 10:52 23/03/2020 Vị tríNhà phố hẻm Cách Mạng Tháng 8, Phường 7, Quận Tân Bình, Tp. Hồ Chí Minh DT khuôn viên:45 m2 (3.5m x 12m) DT Xây dựng:45 m2 DT Sàn xây dựng:86 m2 Tổng DT sử dụng:86 m2 HướngTây Bắc Số tầng2 Phòng ngủ2 Phòng tắm,wc2 Giấy tờ pháp lýSổ hồng - Quyền sử dụng nhà và đất " DOMCldNum="19" DoC="5" FontSize="13" FontWeight="normal" FrameSourceIndex="0" ID="1-2-2-2-2" IsImg="false" LinkNum="0" LinkTextLen="0" ObjectRectHeight="272" ObjectRectLeft="509" ObjectRectTop="258" ObjectRectWidth="1129" SRC="&lt;div class=&quot;mt10 row&quot;&gt;                &lt;div class=&quot;col-sm-6&quot;&gt;                    &lt;strong&gt;Mã tin: 5157867&lt;/strong&gt;                &lt;/div&gt;                &lt;div class=&quot;col-sm-6 text-right text-italic&quot;&gt;                    Ngày cập nhật: 10:52 23/03/2020                &lt;/div&gt;            &lt;/div&gt;&lt;ul class=&quot;row detail-list&quot;&gt;                &lt;li class=&quot;localtion col-xs-12&quot;&gt;                        &lt;i class=&quot;fa fa-map-marker&quot;/&gt;&lt;label class=&quot;left-32&quot;&gt;Vị trí&lt;/label&gt;&lt;p&gt;Nhà phố hẻm Cách Mạng Tháng 8, Phường 7, Quận Tân Bình, Tp. Hồ Chí Minh&lt;/p&gt;                &lt;/li&gt;                                        &lt;li class=&quot;area col-lg-6 col-md-6 col-sm-12 col-xs-12&quot;&gt;                            &lt;label&gt;DT khuôn viên:&lt;/label&gt;&lt;p&gt;45 m&lt;sup&gt;2&lt;/sup&gt; (3.5m x 12m)&lt;/p&gt;                        &lt;/li&gt;                        &lt;li class=&quot;area col-lg-6 col-md-6 col-sm-12 col-xs-12&quot;&gt;                            &lt;label&gt;DT Xây dựng:&lt;/label&gt;&lt;p&gt;45 m&lt;sup&gt;2&lt;/sup&gt;&lt;/p&gt;                        &lt;/li&gt;                        &lt;li class=&quot;area col-lg-6 col-md-6 col-sm-12 col-xs-12&quot;&gt;                            &lt;label&gt;DT Sàn xây dựng:&lt;/label&gt;&lt;p&gt;86 m&lt;sup&gt;2&lt;/sup&gt;&lt;/p&gt;                        &lt;/li&gt;                        &lt;li class=&quot;area col-lg-6 col-md-6 col-sm-12 col-xs-12&quot;&gt;                            &lt;label&gt;Tổng DT sử dụng:&lt;/label&gt;&lt;p&gt;86 m&lt;sup&gt;2&lt;/sup&gt;&lt;/p&gt;                        &lt;/li&gt;                        &lt;li class=&quot;direction col-lg-6 col-md-6 col-sm-12 col-xs-12&quot;&gt;                            &lt;label&gt;Hướng&lt;/label&gt;&lt;p&gt;Tây Bắc &lt;/p&gt;                        &lt;/li&gt;                        &lt;li class=&quot;direction col-lg-6 col-md-6 col-sm-12 col-xs-12&quot;&gt;                            &lt;label&gt;Số tầng&lt;/label&gt;&lt;p&gt;2&lt;/p&gt;                        &lt;/li&gt;                        &lt;li class=&quot;direction col-lg-6 col-md-6 col-sm-12 col-xs-12&quot;&gt;                            &lt;label&gt;Phòng ngủ&lt;/label&gt;&lt;p&gt;2&lt;/p&gt;                        &lt;/li&gt;                        &lt;li class=&quot;direction col-lg-6 col-md-6 col-sm-12 col-xs-12&quot;&gt;                            &lt;label&gt;Phòng tắm,wc&lt;/label&gt;&lt;p&gt;2&lt;/p&gt;                        &lt;/li&gt;                        &lt;li class=&quot;direction col-lg-6 col-md-6 col-sm-12 col-xs-12&quot;&gt;                            &lt;label&gt;Giấy tờ pháp lý&lt;/label&gt;&lt;p&gt;Sổ hồng - Quyền sử dụng nhà và đất&lt;/p&gt;                        &lt;/li&gt;            &lt;/ul&gt;" SourceIndex="1085;1097" TextLen="306" order="9" xPath="/#document/html/body/div[0]/div[1]/div[2]/div[0]/div[4]"/>
</LayoutNode>
</LayoutNode>
<LayoutNode BgColor="#ffffff" ContainImg="1" ContainP="0" ContainTable="false" DOMCldNum="11" DoC="5" FontSize="13" FontWeight="normal" FrameSourceIndex="0" ID="1-2-3" IsImg="false" LinkNum="3" LinkTextLen="39" ObjectRectHeight="215" ObjectRectLeft="130" ObjectRectTop="538" ObjectRectWidth="1508" SourceIndex="889" TextLen="465" order="10">
<LayoutNode BgColor="#ffffff" ContainImg="1" ContainP="0" ContainTable="false" DOMCldNum="11" DoC="5" FontSize="13" FontWeight="normal" FrameSourceIndex="0" ID="1-2-3-1" IsImg="false" LinkNum="2" LinkTextLen="23" ObjectRectHeight="215" ObjectRectLeft="130" ObjectRectTop="538" ObjectRectWidth="369" SourceIndex="889" TextLen="43" order="11">
<LayoutNode BgColor="#ffffff" ContainImg="1" ContainP="0" ContainTable="false" Content=" " DOMCldNum="11" DoC="8" FontSize="13" FontWeight="normal" FrameSourceIndex="0" ID="1-2-3-1-1" IsImg="false" LinkNum="0" LinkTextLen="0" ObjectRectHeight="82" ObjectRectLeft="130" ObjectRectTop="538" ObjectRectWidth="369" SRC="&lt;div class=&quot;flexslider&quot; id=&quot;carousel&quot;&gt;                        &lt;ul class=&quot;slides&quot;&gt;                                &lt;li class=&quot;img-thumbnail img-thumbnail-small&quot;&gt;                                    &lt;div class=&quot;image-container&quot;&gt;                                        &lt;img alt=&quot;Bán nhà đẹp CMT8 P.7 Ngay ngã tư Bảy Hiền&quot; class=&quot;item-slide&quot; src=&quot;https://dinhgianhadat.vn//UserFiles/5157867/34bd30cc-1658-44b7-8921-d27a04b8c144.jpg&quot;/&gt;                                    &lt;/div&gt;                                &lt;/li&gt;                                &lt;li class=&quot;img-thumbnail img-thumbnail-small&quot;&gt;                                    &lt;div class=&quot;image-container&quot;&gt;                                        &lt;img alt=&quot;Bán nhà đẹp CMT8 P.7 Ngay ngã tư Bảy Hiền&quot; class=&quot;item-slide&quot; src=&quot;https://dinhgianhadat.vn//UserFiles/5157867/9c970c27-70e4-4083-ad0f-6b7a574a5e9d.jpg&quot;/&gt;                                    &lt;/div&gt;                                &lt;/li&gt;                                &lt;li class=&quot;img-thumbnail img-thumbnail-small&quot;&gt;                                    &lt;div class=&quot;image-container&quot;&gt;                                        &lt;img alt=&quot;Bán nhà đẹp CMT8 P.7 Ngay ngã tư Bảy Hiền&quot; class=&quot;item-slide&quot; src=&quot;https://dinhgianhadat.vn//UserFiles/5157867/c8b9ec80-b1ac-4ed5-ac76-5e8fc8479e38.jpg&quot;/&gt;                                    &lt;/div&gt;                                &lt;/li&gt;                                &lt;li class=&quot;img-thumbnail img-thumbnail-small&quot;&gt;                                    &lt;div class=&quot;image-container&quot;&gt;                                        &lt;img alt=&quot;Bán nhà đẹp CMT8 P.7 Ngay ngã tư Bảy Hiền&quot; class=&quot;item-slide&quot; src=&quot;https://dinhgianhadat.vn//UserFiles/5157867/28adac7d-98e0-4993-9b26-227795543521.jpg&quot;/&gt;                                    &lt;/div&gt;                                &lt;/li&gt;                                &lt;li class=&quot;img-thumbnail img-thumbnail-small&quot;&gt;                                    &lt;div class=&quot;image-container&quot;&gt;                                        &lt;img alt=&quot;Bán nhà đẹp CMT8 P.7 Ngay ngã tư Bảy Hiền&quot; class=&quot;item-slide&quot; src=&quot;https://dinhgianhadat.vn//UserFiles/5157867/7c0b36b4-e640-4b37-a218-5a76c5ce4bbc.jpg&quot;/&gt;                                    &lt;/div&gt;                                &lt;/li&gt;                                &lt;li class=&quot;img-thumbnail img-thumbnail-small&quot;&gt;                                    &lt;div class=&quot;image-container&quot;&gt;                                        &lt;img alt=&quot;Bán nhà đẹp CMT8 P.7 Ngay ngã tư Bảy Hiền&quot; class=&quot;item-slide&quot; src=&quot;https://dinhgianhadat.vn//UserFiles/5157867/a1a31193-2ee9-4e59-a803-39abb77d1ab2.jpg&quot;/&gt;                                    &lt;/div&gt;                                &lt;/li&gt;                        &lt;/ul&gt;                    &lt;/div&gt;" SourceIndex="933" TextLen="0" order="12" xPath="/XPspan"/>
<LayoutNode BgColor="#ffffff" ContainImg="0" ContainP="0" ContainTable="false" Content="Có tổng cộng 6 hình " DOMCldNum="11" DoC="5" FontSize="13" FontWeight="normal" FrameSourceIndex="0" ID="1-2-3-1-2" IsImg="false" LinkNum="0" LinkTextLen="0" ObjectRectHeight="24" ObjectRectLeft="130" ObjectRectTop="644" ObjectRectWidth="369" SRC="&lt;div class=&quot;divCountPicture text-center&quot;&gt;Có tổng cộng&lt;strong class=&quot;text-danger&quot;&gt; 6&lt;/strong&gt; hình&lt;/div&gt;" SourceIndex="1054" TextLen="19" order="13" xPath="/#document/html/body/div[0]/div[1]/div[2]/div[0]//div[4]/div[1]/div[1]/div[4]/div[1]/#text"/>
<LayoutNode BgColor="#ffffff" ContainImg="0" ContainP="0" ContainTable="false" Content="Google Map Quy hoạch " DOMCldNum="7" DoC="5" FontSize="13" FontWeight="normal" FrameSourceIndex="0" ID="1-2-3-1-3" IsImg="false" LinkNum="2" LinkTextLen="23" ObjectRectHeight="35" ObjectRectLeft="130" ObjectRectTop="718" ObjectRectWidth="369" SRC="&lt;div class=&quot;show-buttons-map&quot; id=&quot;tabMaps&quot;&gt;                &lt;a aria-controls=&quot;mapGoogle&quot; class=&quot;btn btn-success btnGmap&quot; data-toggle=&quot;tab&quot; href=&quot;#mapGoogle&quot; role=&quot;tab&quot;&gt;&lt;i class=&quot;fa fa-globe&quot;/&gt; Google Map&lt;/a&gt;                &lt;a aria-controls=&quot;mapPlanning&quot; class=&quot;btn btn-primary&quot; data-toggle=&quot;tab&quot; href=&quot;#mapPlanning&quot; role=&quot;tab&quot;&gt;&lt;i class=&quot;fa fa-map&quot;/&gt; Quy hoạch&lt;/a&gt;            &lt;/div&gt;" SourceIndex="1061" TextLen="24" order="14" xPath="/#document/html/body/div[0]/div[1]/div[2]/div[0]//div[4]/div[1]/div[2]/div[1]/a[1]/#text"/>
</LayoutNode>
<LayoutNode BgColor="#ffffff" ContainImg="0" ContainP="0" ContainTable="false" DOMCldNum="19" DoC="5" FontSize="13" FontWeight="normal" FrameSourceIndex="0" ID="1-2-3-2" IsImg="false" LinkNum="1" LinkTextLen="16" ObjectRectHeight="215" ObjectRectLeft="519" ObjectRectTop="538" ObjectRectWidth="1119" SourceIndex="1077" TextLen="422" order="15">
<LayoutNode BgColor="#ffffff" ContainImg="0" ContainP="0" ContainTable="false" Content="Chia sẻ facebook " DOMCldNum="19" DoC="5" FontSize="13" FontWeight="normal" FrameSourceIndex="0" ID="1-2-3-2-1" IsImg="false" LinkNum="1" LinkTextLen="16" ObjectRectHeight="24" ObjectRectLeft="519" ObjectRectTop="538" ObjectRectWidth="1119" SRC="&lt;div class=&quot;mb10&quot;&gt;                                &lt;div class=&quot;fb-share-button&quot; data-href=&quot;https://dinhgianhadat.vn/tin-ban-nha-dep-cmt8-p7-ngay-nga-tu-bay-hien-5157867&quot; data-layout=&quot;button&quot; data-mobile-iframe=&quot;true&quot; data-size=&quot;large&quot; style=&quot;float:right&quot;&gt;&lt;a class=&quot;fb-xfbml-parse-ignore&quot; href=&quot;https://www.facebook.com/sharer/sharer.php?u=https://dinhgianhadat.vn/tin-ban-nha-dep-cmt8-p7-ngay-nga-tu-bay-hien-5157867;src=sdkpreparse&quot; target=&quot;_blank&quot;&gt;Chia sẻ facebook&lt;/a&gt;&lt;/div&gt;                &lt;div class=&quot;clearfix&quot;/&gt;            &lt;/div&gt;" SourceIndex="1190" TextLen="16" order="16" xPath="/XPspan"/>
<LayoutNode BgColor="#ffffff" ContainImg="0" ContainP="0" ContainTable="false" Content="Nhà bán gấp đường CMT8 P.7 Q. Tân Bình kế bệnh viện Thông Nhất - Diện tích: 3.5x12m công nhận 45m2 - Kết cấu: nhà mới ở liền 1 trệt 1 lầu đúc 2PN-2WC, NTCC - Vị trí: hẻm thông ra khu biệt thự Cư xá Tự do, cách MT khoảng 50m giáp đường Lý Thường Kiệt, Hoàng Văn Thụ, Trường Chinh, ... thuận tiện di chuyển về các quận trung tâm Q.1-3-10 .... - Giá bán: 4.85Tỷ có TL Liên hệ: 0902 1986 39 - Zalo: 0966 226 400 " DOMCldNum="19" DoC="8" FontSize="13" FontWeight="normal" FrameSourceIndex="0" ID="1-2-3-2-2" IsImg="false" LinkNum="0" LinkTextLen="0" ObjectRectHeight="181" ObjectRectLeft="519" ObjectRectTop="572" ObjectRectWidth="1119" SRC="&lt;div class=&quot;content-deatail&quot;&gt;Nhà bán gấp đường CMT8 P.7 Q. Tân Bình kế bệnh viện Thông Nhất&lt;br/&gt;- Diện tích: 3.5x12m công nhận 45m2&lt;br/&gt;- Kết cấu: nhà mới ở liền 1 trệt 1 lầu đúc 2PN-2WC, NTCC&lt;br/&gt;- Vị trí: hẻm thông ra khu biệt thự Cư xá Tự do, cách MT khoảng 50m giáp đường Lý Thường Kiệt, Hoàng Văn Thụ, Trường Chinh, ... thuận tiện di chuyển về các quận trung tâm Q.1-3-10 ....&lt;br/&gt;- Giá bán: 4.85Tỷ có TL&lt;br/&gt;Liên hệ: 0902 1986 39 - Zalo: 0966 226 400                &lt;/div&gt;" SourceIndex="1205" TextLen="406" order="17" xPath="/#document/html/body/div[0]/div[1]/div[2]/div[0]/div[4]/div[4]/div[5]/div[5]/#text"/>
</LayoutNode>
</LayoutNode>
<LayoutNode BgColor="#ffffff" ContainImg="0" ContainP="1" ContainTable="false" Content="Liên hệ BĐS này đã giao dịch hoặc đã hết hạn, hãy xem các BĐS tương tự bên dưới! " DOMCldNum="19" DoC="5" FontSize="13" FontWeight="normal" FrameSourceIndex="0" ID="1-2-4" IsImg="false" LinkNum="0" LinkTextLen="0" ObjectRectHeight="65" ObjectRectLeft="130" ObjectRectTop="790" ObjectRectWidth="1508" SRC="&lt;div class=&quot;wrap-contact&quot;&gt;                &lt;div class=&quot;title&quot;&gt;Liên hệ&lt;/div&gt;                    &lt;p&gt;                        &lt;strong class=&quot;text-red fs15&quot;&gt;BĐS này đã giao dịch hoặc đã hết hạn, hãy xem các BĐS tương tự bên dưới!&lt;/strong&gt;                    &lt;/p&gt;                            &lt;/div&gt;" SourceIndex="1221" TextLen="78" order="18" xPath="/#document/html/body/div[0]/div[1]/div[2]/div[0]//div[4]/div[4]/div[7]/div[1]/p[0]/strong[0]/#text"/>
<LayoutNode BgColor="#ffffff" ContainImg="2" ContainP="2" ContainTable="false" DOMCldNum="3" DoC="5" FontSize="13" FontWeight="normal" FrameSourceIndex="0" ID="1-2-5" IsImg="false" LinkNum="1" LinkTextLen="9" ObjectRectHeight="215" ObjectRectLeft="130" ObjectRectTop="925" ObjectRectWidth="1508" SourceIndex="1317" TextLen="282" order="19">
<LayoutNode BgColor="#ffffff" ContainImg="0" ContainP="0" ContainTable="false" Content="Chúng tôi chỉ đăng tin theo yêu cầu người rao, mọi thông tin về BĐS xin liên hệ người đăng tin này. Chúng tôi không đảm bảo, không chịu trách nhiệm về bất kỳ nội dung nào liên quan đến tin rao này. Nếu quý khách phát hiện có sai sót xin " DOMCldNum="3" DoC="10" FontSize="13" FontWeight="normal" FrameSourceIndex="0" ID="1-2-5-1" IsImg="false" LinkNum="0" LinkTextLen="0" ObjectRectHeight="30" ObjectRectLeft="130" ObjectRectTop="925" ObjectRectWidth="1508" SRC="Chúng tôi chỉ đăng tin theo yêu cầu người rao, mọi thông tin về BĐS xin liên hệ người đăng tin này. Chúng tôi không đảm bảo, không chịu trách nhiệm về bất kỳ nội dung nào liên quan đến tin rao này." SourceIndex="0" TextLen="197" order="20" xPath="/#document/html/body/div[0]/div[1]/div[2]/div[0]/div[11]/div[0]/div[0]/p[0]/#text"/>
<LayoutNode BgColor="#ffffff" ContainImg="0" ContainP="0" ContainTable="false" Content="Chúng tôi chỉ đăng tin theo yêu cầu người rao, mọi thông tin về BĐS xin liên hệ người đăng tin này. Chúng tôi không đảm bảo, không chịu trách nhiệm về bất kỳ nội dung nào liên quan đến tin rao này. Nếu quý khách phát hiện có sai sót xin thông báo cho chúng tôi. " DOMCldNum="3" DoC="10" FontSize="13" FontWeight="normal" FrameSourceIndex="0" ID="1-2-5-2" IsImg="false" LinkNum="1" LinkTextLen="9" ObjectRectHeight="17" ObjectRectLeft="130" ObjectRectTop="962" ObjectRectWidth="1508" SRC="Nếu quý khách phát hiện có sai sót xin &lt;a href=&quot;/lien-he&quot; rel=&quot;nofollow&quot;&gt;thông báo&lt;/a&gt; cho chúng tôi." SourceIndex="0;1319;0" TextLen="63" order="21" xPath="/#document/html/body/div[0]/div[1]/div[2]/div[0]/div[11]/div[0]/div[0]/p[0]/#text"/>
<LayoutNode BgColor="#ffffff" ContainImg="2" ContainP="2" ContainTable="false" DOMCldNum="3" DoC="5" FontSize="30" FontWeight="normal" FrameSourceIndex="0" ID="1-2-5-3" IsImg="false" LinkNum="0" LinkTextLen="0" ObjectRectHeight="139" ObjectRectLeft="130" ObjectRectTop="1001" ObjectRectWidth="1508" SourceIndex="1329" TextLen="22" order="22">
<LayoutNode BgColor="#ffffff" ContainImg="1" ContainP="1" ContainTable="false" Content="Đang tải... " DOMCldNum="3" DoC="8" FontSize="30" FontWeight="normal" FrameSourceIndex="0" ID="1-2-5-3-1" IsImg="false" LinkNum="0" LinkTextLen="0" ObjectRectHeight="139" ObjectRectLeft="130" ObjectRectTop="1001" ObjectRectWidth="845" SRC="&lt;div class=&quot;overlay-content-property&quot;&gt;    &lt;img alt=&quot;loading...&quot; class=&quot;img-load&quot; src=&quot;/Content/images/loading/loading.gif&quot;/&gt;    &lt;p&gt;Đang tải...&lt;/p&gt;&lt;/div&gt;" SourceIndex="1331" TextLen="11" order="23" xPath="/#document/html/body/div[0]/div[1]/div[2]/div[0]/div[12]/div[0]/div[0]/div[0]/div[1]/p[0]/#text"/>
<LayoutNode BgColor="#ffffff" ContainImg="1" ContainP="1" ContainTable="false" Content="Đang tải... " DOMCldNum="5" DoC="5" FontSize="13" FontWeight="normal" FrameSourceIndex="0" ID="1-2-5-3-2" IsImg="false" LinkNum="0" LinkTextLen="0" ObjectRectHeight="139" ObjectRectLeft="995" ObjectRectTop="1001" ObjectRectWidth="643" SRC="&lt;div class=&quot;col-lg-3 col-md-3 col-sm-5 col-xs-12 col-right-Agency &quot;&gt;            &lt;div class=&quot;ajax-content mb15&quot; data-url=&quot;/Agency/AjaxLoadAgencies?proviceId=249&amp;districtId=329&quot;&gt;                &lt;div class=&quot;overlay-content-property&quot;&gt;    &lt;img alt=&quot;loading...&quot; class=&quot;img-load&quot; src=&quot;/Content/images/loading/loading.gif&quot;/&gt;    &lt;p&gt;Đang tải...&lt;/p&gt;&lt;/div&gt;            &lt;/div&gt;            &lt;div class=&quot;clearfix&quot;/&gt;                    &lt;/div&gt;" SourceIndex="2574" TextLen="11" order="24" xPath="/XPspan"/>
</LayoutNode>
</LayoutNode>
<LayoutNode BgColor="#ffffff" ContainImg="0" ContainP="0" ContainTable="false" Content="Có thể bạn quan tâm? " DOMCldNum="5" DoC="5" FontSize="13" FontWeight="normal" FrameSourceIndex="0" ID="1-2-6" IsImg="false" LinkNum="0" LinkTextLen="0" ObjectRectHeight="31" ObjectRectLeft="130" ObjectRectTop="1150" ObjectRectWidth="1508" SRC="&lt;div class=&quot;title-group&quot;&gt;&lt;h1&gt;Có thể bạn quan tâm?&lt;/h1&gt;&lt;/div&gt;" SourceIndex="1342" TextLen="20" order="25" xPath="/#document/html/body/div[0]/div[1]/div[2]/div[0]/div[12]/div[0]/div[1]/div[0]/div[0]/h1[0]/#text"/>
<LayoutNode BgColor="#ffffff" ContainImg="0" ContainP="0" ContainTable="false" Content="Nhà đất Cần bán Đường Ấp Bắc, Quận Tân Bình (1) Nhà đất Cần bán Đường Âu Cơ, Quận Tân Bình (74) Nhà đất Cần bán Đường Ba Gia, Quận Tân Bình (1) Nhà đất Cần bán Đường Ba Vân, Quận Tân Bình (9) Nhà đất Cần bán Đường Ba Vì, Quận Tân Bình (1) Nhà đất Cần bán Đường Bắc Hải, Quận Tân Bình (2) Nhà đất Cần bán Đường Bạch Đằng, Quận Tân Bình (16) Nhà đất Cần bán Đường Bành Văn Trân, Quận Tân Bình (13) Nhà đất Cần bán Đường Bàu Bàng, Quận Tân Bình (1) Nhà đất Cần bán Đường Bàu Cát, Quận Tân Bình (15) Nhà đất Cần bán Đường Bàu Cát 1, Quận Tân Bình (5) Nhà đất Cần bán Đường Bàu Cát 2, Quận Tân Bình (1) Nhà đất Cần bán Đường Bàu Cát 3, Quận Tân Bình (2) Nhà đất Cần bán Đường Bàu Cát 4, Quận Tân Bình (1) Nhà đất Cần bán Đường Bàu Cát 6, Quận Tân Bình (1) Nhà đất Cần bán Đường Bàu Cát 7, Quận Tân Bình (2) Nhà đất Cần bán Đường Bàu Cát 8, Quận Tân Bình (3) Nhà đất Cần bán Đường Bình Giã, Quận Tân Bình (3) Nhà đất Cần bán Đường Bùi Thế Mỹ, Quận Tân Bình (8) Nhà đất Cần bán Đường Bùi Thị Xuân, Quận Tân Bình (18) Xem thêm " DOMCldNum="5" DoC="8" FontSize="13" FontWeight="normal" FrameSourceIndex="0" ID="1-2-7" IsImg="false" LinkNum="20" LinkTextLen="1030" ObjectRectHeight="344" ObjectRectLeft="130" ObjectRectTop="1192" ObjectRectWidth="1508" SRC="&lt;div class=&quot;row seo-view-more&quot;&gt;                &lt;div class=&quot;col-md-6  item&quot;&gt;                    &lt;a href=&quot;/tag-nha-dat-typ-ban-dng-ap-bac-qh-quan-tan-binh-tnh-tp-ho-chi-minh&quot;&gt;&lt;i aria-hidden=&quot;true&quot; class=&quot;fa fa-caret-right&quot;/&gt;&lt;span&gt; Nhà đất Cần bán  Đường Ấp Bắc, Quận Tân Bình (1)&lt;/span&gt;&lt;/a&gt;                &lt;/div&gt;                &lt;div class=&quot;col-md-6  item&quot;&gt;                    &lt;a href=&quot;/tag-nha-dat-typ-ban-dng-au-co-qh-quan-tan-binh-tnh-tp-ho-chi-minh&quot;&gt;&lt;i aria-hidden=&quot;true&quot; class=&quot;fa fa-caret-right&quot;/&gt;&lt;span&gt; Nhà đất Cần bán  Đường Âu Cơ, Quận Tân Bình (74)&lt;/span&gt;&lt;/a&gt;                &lt;/div&gt;                &lt;div class=&quot;col-md-6  item&quot;&gt;                    &lt;a href=&quot;/tag-nha-dat-typ-ban-dng-ba-gia-qh-quan-tan-binh-tnh-tp-ho-chi-minh&quot;&gt;&lt;i aria-hidden=&quot;true&quot; class=&quot;fa fa-caret-right&quot;/&gt;&lt;span&gt; Nhà đất Cần bán  Đường Ba Gia, Quận Tân Bình (1)&lt;/span&gt;&lt;/a&gt;                &lt;/div&gt;                &lt;div class=&quot;col-md-6  item&quot;&gt;                    &lt;a href=&quot;/tag-nha-dat-typ-ban-dng-ba-van-qh-quan-tan-binh-tnh-tp-ho-chi-minh&quot;&gt;&lt;i aria-hidden=&quot;true&quot; class=&quot;fa fa-caret-right&quot;/&gt;&lt;span&gt; Nhà đất Cần bán  Đường Ba Vân, Quận Tân Bình (9)&lt;/span&gt;&lt;/a&gt;                &lt;/div&gt;                &lt;div class=&quot;col-md-6  item&quot;&gt;                    &lt;a href=&quot;/tag-nha-dat-typ-ban-dng-ba-vi-qh-quan-tan-binh-tnh-tp-ho-chi-minh&quot;&gt;&lt;i aria-hidden=&quot;true&quot; class=&quot;fa fa-caret-right&quot;/&gt;&lt;span&gt; Nhà đất Cần bán  Đường Ba Vì, Quận Tân Bình (1)&lt;/span&gt;&lt;/a&gt;                &lt;/div&gt;                &lt;div class=&quot;col-md-6  item&quot;&gt;                    &lt;a href=&quot;/tag-nha-dat-typ-ban-dng-bac-hai-qh-quan-tan-binh-tnh-tp-ho-chi-minh&quot;&gt;&lt;i aria-hidden=&quot;true&quot; class=&quot;fa fa-caret-right&quot;/&gt;&lt;span&gt; Nhà đất Cần bán  Đường Bắc Hải, Quận Tân Bình (2)&lt;/span&gt;&lt;/a&gt;                &lt;/div&gt;                &lt;div class=&quot;col-md-6  item&quot;&gt;                    &lt;a href=&quot;/tag-nha-dat-typ-ban-dng-bach-dang-qh-quan-tan-binh-tnh-tp-ho-chi-minh&quot;&gt;&lt;i aria-hidden=&quot;true&quot; class=&quot;fa fa-caret-right&quot;/&gt;&lt;span&gt; Nhà đất Cần bán  Đường Bạch Đằng, Quận Tân Bình (16)&lt;/span&gt;&lt;/a&gt;                &lt;/div&gt;                &lt;div class=&quot;col-md-6  item&quot;&gt;                    &lt;a href=&quot;/tag-nha-dat-typ-ban-dng-banh-van-tran-qh-quan-tan-binh-tnh-tp-ho-chi-minh&quot;&gt;&lt;i aria-hidden=&quot;true&quot; class=&quot;fa fa-caret-right&quot;/&gt;&lt;span&gt; Nhà đất Cần bán  Đường Bành Văn Trân, Quận Tân Bình (13)&lt;/span&gt;&lt;/a&gt;                &lt;/div&gt;                &lt;div class=&quot;col-md-6  item&quot;&gt;                    &lt;a href=&quot;/tag-nha-dat-typ-ban-dng-bau-bang-qh-quan-tan-binh-tnh-tp-ho-chi-minh&quot;&gt;&lt;i aria-hidden=&quot;true&quot; class=&quot;fa fa-caret-right&quot;/&gt;&lt;span&gt; Nhà đất Cần bán  Đường Bàu Bàng, Quận Tân Bình (1)&lt;/span&gt;&lt;/a&gt;                &lt;/div&gt;                &lt;div class=&quot;col-md-6  item&quot;&gt;                    &lt;a href=&quot;/tag-nha-dat-typ-ban-dng-bau-cat-qh-quan-tan-binh-tnh-tp-ho-chi-minh&quot;&gt;&lt;i aria-hidden=&quot;true&quot; class=&quot;fa fa-caret-right&quot;/&gt;&lt;span&gt; Nhà đất Cần bán  Đường Bàu Cát, Quận Tân Bình (15)&lt;/span&gt;&lt;/a&gt;                &lt;/div&gt;                &lt;div class=&quot;col-md-6  item&quot;&gt;                    &lt;a href=&quot;/tag-nha-dat-typ-ban-dng-bau-cat-1-qh-quan-tan-binh-tnh-tp-ho-chi-minh&quot;&gt;&lt;i aria-hidden=&quot;true&quot; class=&quot;fa fa-caret-right&quot;/&gt;&lt;span&gt; Nhà đất Cần bán  Đường Bàu Cát 1, Quận Tân Bình (5)&lt;/span&gt;&lt;/a&gt;                &lt;/div&gt;                &lt;div class=&quot;col-md-6  item&quot;&gt;                    &lt;a href=&quot;/tag-nha-dat-typ-ban-dng-bau-cat-2-qh-quan-tan-binh-tnh-tp-ho-chi-minh&quot;&gt;&lt;i aria-hidden=&quot;true&quot; class=&quot;fa fa-caret-right&quot;/&gt;&lt;span&gt; Nhà đất Cần bán  Đường Bàu Cát 2, Quận Tân Bình (1)&lt;/span&gt;&lt;/a&gt;                &lt;/div&gt;                &lt;div class=&quot;col-md-6  item&quot;&gt;                    &lt;a href=&quot;/tag-nha-dat-typ-ban-dng-bau-cat-3-qh-quan-tan-binh-tnh-tp-ho-chi-minh&quot;&gt;&lt;i aria-hidden=&quot;true&quot; class=&quot;fa fa-caret-right&quot;/&gt;&lt;span&gt; Nhà đất Cần bán  Đường Bàu Cát 3, Quận Tân Bình (2)&lt;/span&gt;&lt;/a&gt;                &lt;/div&gt;                &lt;div class=&quot;col-md-6  item&quot;&gt;                    &lt;a href=&quot;/tag-nha-dat-typ-ban-dng-bau-cat-4-qh-quan-tan-binh-tnh-tp-ho-chi-minh&quot;&gt;&lt;i aria-hidden=&quot;true&quot; class=&quot;fa fa-caret-right&quot;/&gt;&lt;span&gt; Nhà đất Cần bán  Đường Bàu Cát 4, Quận Tân Bình (1)&lt;/span&gt;&lt;/a&gt;                &lt;/div&gt;                &lt;div class=&quot;col-md-6  item&quot;&gt;                    &lt;a href=&quot;/tag-nha-dat-typ-ban-dng-bau-cat-6-qh-quan-tan-binh-tnh-tp-ho-chi-minh&quot;&gt;&lt;i aria-hidden=&quot;true&quot; class=&quot;fa fa-caret-right&quot;/&gt;&lt;span&gt; Nhà đất Cần bán  Đường Bàu Cát 6, Quận Tân Bình (1)&lt;/span&gt;&lt;/a&gt;                &lt;/div&gt;                &lt;div class=&quot;col-md-6  item&quot;&gt;                    &lt;a href=&quot;/tag-nha-dat-typ-ban-dng-bau-cat-7-qh-quan-tan-binh-tnh-tp-ho-chi-minh&quot;&gt;&lt;i aria-hidden=&quot;true&quot; class=&quot;fa fa-caret-right&quot;/&gt;&lt;span&gt; Nhà đất Cần bán  Đường Bàu Cát 7, Quận Tân Bình (2)&lt;/span&gt;&lt;/a&gt;                &lt;/div&gt;                &lt;div class=&quot;col-md-6  item&quot;&gt;                    &lt;a href=&quot;/tag-nha-dat-typ-ban-dng-bau-cat-8-qh-quan-tan-binh-tnh-tp-ho-chi-minh&quot;&gt;&lt;i aria-hidden=&quot;true&quot; class=&quot;fa fa-caret-right&quot;/&gt;&lt;span&gt; Nhà đất Cần bán  Đường Bàu Cát 8, Quận Tân Bình (3)&lt;/span&gt;&lt;/a&gt;                &lt;/div&gt;                &lt;div class=&quot;col-md-6  item&quot;&gt;                    &lt;a href=&quot;/tag-nha-dat-typ-ban-dng-binh-gia-qh-quan-tan-binh-tnh-tp-ho-chi-minh&quot;&gt;&lt;i aria-hidden=&quot;true&quot; class=&quot;fa fa-caret-right&quot;/&gt;&lt;span&gt; Nhà đất Cần bán  Đường Bình Giã, Quận Tân Bình (3)&lt;/span&gt;&lt;/a&gt;                &lt;/div&gt;                &lt;div class=&quot;col-md-6  item&quot;&gt;                    &lt;a href=&quot;/tag-nha-dat-typ-ban-dng-bui-the-my-qh-quan-tan-binh-tnh-tp-ho-chi-minh&quot;&gt;&lt;i aria-hidden=&quot;true&quot; class=&quot;fa fa-caret-right&quot;/&gt;&lt;span&gt; Nhà đất Cần bán  Đường Bùi Thế Mỹ, Quận Tân Bình (8)&lt;/span&gt;&lt;/a&gt;                &lt;/div&gt;                &lt;div class=&quot;col-md-6  item&quot;&gt;                    &lt;a href=&quot;/tag-nha-dat-typ-ban-dng-bui-thi-xuan-qh-quan-tan-binh-tnh-tp-ho-chi-minh&quot;&gt;&lt;i aria-hidden=&quot;true&quot; class=&quot;fa fa-caret-right&quot;/&gt;&lt;span&gt; Nhà đất Cần bán  Đường Bùi Thị Xuân, Quận Tân Bình (18)&lt;/span&gt;&lt;/a&gt;                &lt;/div&gt;                &lt;div class=&quot;col-md-6 v-more item&quot;&gt;                    &lt;a href=&quot;/tag-nha-dat-typ-ban-dng-ca-van-thinh-qh-quan-tan-binh-tnh-tp-ho-chi-minh&quot;&gt;&lt;i aria-hidden=&quot;true&quot; class=&quot;fa fa-caret-right&quot;/&gt;&lt;span&gt; Nhà đất Cần bán  Đường Ca Văn Thỉnh, Quận Tân Bình (4)&lt;/span&gt;&lt;/a&gt;                &lt;/div&gt;                &lt;div class=&quot;col-md-6 v-more item&quot;&gt;                    &lt;a href=&quot;/tag-nha-dat-typ-ban-dng-cach-mang-thang-8-qh-quan-tan-binh-tnh-tp-ho-chi-minh&quot;&gt;&lt;i aria-hidden=&quot;true&quot; class=&quot;fa fa-caret-right&quot;/&gt;&lt;span&gt; Nhà đất Cần bán  Đường Cách Mạng Tháng 8, Quận Tân Bình (57)&lt;/span&gt;&lt;/a&gt;                &lt;/div&gt;                &lt;div class=&quot;col-md-6 v-more item&quot;&gt;                    &lt;a href=&quot;/tag-nha-dat-typ-ban-dng-chan-hung-qh-quan-tan-binh-tnh-tp-ho-chi-minh&quot;&gt;&lt;i aria-hidden=&quot;true&quot; class=&quot;fa fa-caret-right&quot;/&gt;&lt;span&gt; Nhà đất Cần bán  Đường Chấn Hưng, Quận Tân Bình (5)&lt;/span&gt;&lt;/a&gt;                &lt;/div&gt;                &lt;div class=&quot;col-md-6 v-more item&quot;&gt;                    &lt;a href=&quot;/tag-nha-dat-typ-ban-dng-chau-vinh-te-qh-quan-tan-binh-tnh-tp-ho-chi-minh&quot;&gt;&lt;i aria-hidden=&quot;true&quot; class=&quot;fa fa-caret-right&quot;/&gt;&lt;span&gt; Nhà đất Cần bán  Đường Châu Vĩnh Tế, Quận Tân Bình (1)&lt;/span&gt;&lt;/a&gt;                &lt;/div&gt;                &lt;div class=&quot;col-md-6 v-more item&quot;&gt;                    &lt;a href=&quot;/tag-nha-dat-typ-ban-dng-chu-dong-tu-qh-quan-tan-binh-tnh-tp-ho-chi-minh&quot;&gt;&lt;i aria-hidden=&quot;true&quot; class=&quot;fa fa-caret-right&quot;/&gt;&lt;span&gt; Nhà đất Cần bán  Đường Chữ Đồng Tử, Quận Tân Bình (5)&lt;/span&gt;&lt;/a&gt;                &lt;/div&gt;                &lt;div class=&quot;col-md-6 v-more item&quot;&gt;                    &lt;a href=&quot;/tag-nha-dat-typ-ban-dng-cong-hoa-qh-quan-tan-binh-tnh-tp-ho-chi-minh&quot;&gt;&lt;i aria-hidden=&quot;true&quot; class=&quot;fa fa-caret-right&quot;/&gt;&lt;span&gt; Nhà đất Cần bán  Đường Cộng Hoà, Quận Tân Bình (30)&lt;/span&gt;&lt;/a&gt;                &lt;/div&gt;                &lt;div class=&quot;col-md-6 v-more item&quot;&gt;                    &lt;a href=&quot;/tag-nha-dat-typ-ban-dng-cong-lo-qh-quan-tan-binh-tnh-tp-ho-chi-minh&quot;&gt;&lt;i aria-hidden=&quot;true&quot; class=&quot;fa fa-caret-right&quot;/&gt;&lt;span&gt; Nhà đất Cần bán  Đường Cống Lỡ, Quận Tân Bình (5)&lt;/span&gt;&lt;/a&gt;                &lt;/div&gt;                &lt;div class=&quot;col-md-6 v-more item&quot;&gt;                    &lt;a href=&quot;/tag-nha-dat-typ-ban-dng-cuu-long-qh-quan-tan-binh-tnh-tp-ho-chi-minh&quot;&gt;&lt;i aria-hidden=&quot;true&quot; class=&quot;fa fa-caret-right&quot;/&gt;&lt;span&gt; Nhà đất Cần bán  Đường Cửu Long, Quận Tân Bình (4)&lt;/span&gt;&lt;/a&gt;                &lt;/div&gt;                &lt;div class=&quot;col-md-6 v-more item&quot;&gt;                    &lt;a href=&quot;/tag-nha-dat-typ-ban-dng-dang-lo-qh-quan-tan-binh-tnh-tp-ho-chi-minh&quot;&gt;&lt;i aria-hidden=&quot;true&quot; class=&quot;fa fa-caret-right&quot;/&gt;&lt;span&gt; Nhà đất Cần bán  Đường Đặng Lộ, Quận Tân Bình (3)&lt;/span&gt;&lt;/a&gt;                &lt;/div&gt;                &lt;div class=&quot;col-md-6 v-more item&quot;&gt;                    &lt;a href=&quot;/tag-nha-dat-typ-ban-dng-dang-minh-tru-qh-quan-tan-binh-tnh-tp-ho-chi-minh&quot;&gt;&lt;i aria-hidden=&quot;true&quot; class=&quot;fa fa-caret-right&quot;/&gt;&lt;span&gt; Nhà đất Cần bán  Đường Đặng Minh Trứ, Quận Tân Bình (6)&lt;/span&gt;&lt;/a&gt;                &lt;/div&gt;                &lt;div class=&quot;col-md-6 v-more item&quot;&gt;                    &lt;a href=&quot;/tag-nha-dat-typ-ban-dng-dat-thanh-qh-quan-tan-binh-tnh-tp-ho-chi-minh&quot;&gt;&lt;i aria-hidden=&quot;true&quot; class=&quot;fa fa-caret-right&quot;/&gt;&lt;span&gt; Nhà đất Cần bán  Đường Đất Thánh, Quận Tân Bình (15)&lt;/span&gt;&lt;/a&gt;                &lt;/div&gt;                &lt;div class=&quot;col-md-6 v-more item&quot;&gt;                    &lt;a href=&quot;/tag-nha-dat-typ-ban-dng-dinh-dien-qh-quan-tan-binh-tnh-tp-ho-chi-minh&quot;&gt;&lt;i aria-hidden=&quot;true&quot; class=&quot;fa fa-caret-right&quot;/&gt;&lt;span&gt; Nhà đất Cần bán  Đường Đinh Điền, Quận Tân Bình (2)&lt;/span&gt;&lt;/a&gt;                &lt;/div&gt;                &lt;div class=&quot;col-md-6 v-more item&quot;&gt;                    &lt;a href=&quot;/tag-nha-dat-typ-ban-dng-dong-den-qh-quan-tan-binh-tnh-tp-ho-chi-minh&quot;&gt;&lt;i aria-hidden=&quot;true&quot; class=&quot;fa fa-caret-right&quot;/&gt;&lt;span&gt; Nhà đất Cần bán  Đường Đồng Đen, Quận Tân Bình (5)&lt;/span&gt;&lt;/a&gt;                &lt;/div&gt;                &lt;div class=&quot;col-md-6 v-more item&quot;&gt;                    &lt;a href=&quot;/tag-nha-dat-typ-ban-dng-dong-ho-qh-quan-tan-binh-tnh-tp-ho-chi-minh&quot;&gt;&lt;i aria-hidden=&quot;true&quot; class=&quot;fa fa-caret-right&quot;/&gt;&lt;span&gt; Nhà đất Cần bán  Đường Đông Hồ, Quận Tân Bình (2)&lt;/span&gt;&lt;/a&gt;                &lt;/div&gt;                &lt;div class=&quot;col-md-6 v-more item&quot;&gt;                    &lt;a href=&quot;/tag-nha-dat-typ-ban-dng-dong-son-qh-quan-tan-binh-tnh-tp-ho-chi-minh&quot;&gt;&lt;i aria-hidden=&quot;true&quot; class=&quot;fa fa-caret-right&quot;/&gt;&lt;span&gt; Nhà đất Cần bán  Đường Đông Sơn, Quận Tân Bình (2)&lt;/span&gt;&lt;/a&gt;                &lt;/div&gt;                &lt;div class=&quot;col-md-6 v-more item&quot;&gt;                    &lt;a href=&quot;/tag-nha-dat-typ-ban-dng-dong-xoai-qh-quan-tan-binh-tnh-tp-ho-chi-minh&quot;&gt;&lt;i aria-hidden=&quot;true&quot; class=&quot;fa fa-caret-right&quot;/&gt;&lt;span&gt; Nhà đất Cần bán  Đường Đồng Xoài, Quận Tân Bình (7)&lt;/span&gt;&lt;/a&gt;                &lt;/div&gt;                &lt;div class=&quot;col-md-6 v-more item&quot;&gt;                    &lt;a href=&quot;/tag-nha-dat-typ-ban-dng-duong-175-ly-thuong-kiet-qh-quan-tan-binh-tnh-tp-ho-chi-minh&quot;&gt;&lt;i aria-hidden=&quot;true&quot; class=&quot;fa fa-caret-right&quot;/&gt;&lt;span&gt; Nhà đất Cần bán  Đường Đường 175 Lý Thường Kiệt, Quận Tân Bình (1)&lt;/span&gt;&lt;/a&gt;                &lt;/div&gt;                &lt;div class=&quot;col-md-6 v-more item&quot;&gt;                    &lt;a href=&quot;/tag-nha-dat-typ-ban-dng-duong-a4-qh-quan-tan-binh-tnh-tp-ho-chi-minh&quot;&gt;&lt;i aria-hidden=&quot;true&quot; class=&quot;fa fa-caret-right&quot;/&gt;&lt;span&gt; Nhà đất Cần bán  Đường Đường A4, Quận Tân Bình (4)&lt;/span&gt;&lt;/a&gt;                &lt;/div&gt;                &lt;div class=&quot;col-md-6 v-more item&quot;&gt;                    &lt;a href=&quot;/tag-nha-dat-typ-ban-dng-duong-c27-qh-quan-tan-binh-tnh-tp-ho-chi-minh&quot;&gt;&lt;i aria-hidden=&quot;true&quot; class=&quot;fa fa-caret-right&quot;/&gt;&lt;span&gt; Nhà đất Cần bán  Đường Đường C27, Quận Tân Bình (1)&lt;/span&gt;&lt;/a&gt;                &lt;/div&gt;                &lt;div class=&quot;col-md-6 v-more item&quot;&gt;                    &lt;a href=&quot;/tag-nha-dat-typ-ban-dng-duong-so-1-qh-quan-tan-binh-tnh-tp-ho-chi-minh&quot;&gt;&lt;i aria-hidden=&quot;true&quot; class=&quot;fa fa-caret-right&quot;/&gt;&lt;span&gt; Nhà đất Cần bán  Đường Đường Số 1, Quận Tân Bình (7)&lt;/span&gt;&lt;/a&gt;                &lt;/div&gt;                &lt;div class=&quot;col-md-6 v-more item&quot;&gt;                    &lt;a href=&quot;/tag-nha-dat-typ-ban-dng-duong-so-2-qh-quan-tan-binh-tnh-tp-ho-chi-minh&quot;&gt;&lt;i aria-hidden=&quot;true&quot; class=&quot;fa fa-caret-right&quot;/&gt;&lt;span&gt; Nhà đất Cần bán  Đường Đường Số 2, Quận Tân Bình (1)&lt;/span&gt;&lt;/a&gt;                &lt;/div&gt;                &lt;div class=&quot;col-md-6 v-more item&quot;&gt;                    &lt;a href=&quot;/tag-nha-dat-typ-ban-dng-duong-so-5-qh-quan-tan-binh-tnh-tp-ho-chi-minh&quot;&gt;&lt;i aria-hidden=&quot;true&quot; class=&quot;fa fa-caret-right&quot;/&gt;&lt;span&gt; Nhà đất Cần bán  Đường Đường Số 5, Quận Tân Bình (3)&lt;/span&gt;&lt;/a&gt;                &lt;/div&gt;                &lt;div class=&quot;col-md-6 v-more item&quot;&gt;                    &lt;a href=&quot;/tag-nha-dat-typ-ban-dng-duong-so-6-qh-quan-tan-binh-tnh-tp-ho-chi-minh&quot;&gt;&lt;i aria-hidden=&quot;true&quot; class=&quot;fa fa-caret-right&quot;/&gt;&lt;span&gt; Nhà đất Cần bán  Đường Đường Số 6, Quận Tân Bình (1)&lt;/span&gt;&lt;/a&gt;                &lt;/div&gt;                &lt;div class=&quot;col-md-6 v-more item&quot;&gt;                    &lt;a href=&quot;/tag-nha-dat-typ-ban-dng-giai-phong-qh-quan-tan-binh-tnh-tp-ho-chi-minh&quot;&gt;&lt;i aria-hidden=&quot;true&quot; class=&quot;fa fa-caret-right&quot;/&gt;&lt;span&gt; Nhà đất Cần bán  Đường Giải Phóng, Quận Tân Bình (4)&lt;/span&gt;&lt;/a&gt;                &lt;/div&gt;                &lt;div class=&quot;col-md-6 v-more item&quot;&gt;                    &lt;a href=&quot;/tag-nha-dat-typ-ban-dng-hat-giang-qh-quan-tan-binh-tnh-tp-ho-chi-minh&quot;&gt;&lt;i aria-hidden=&quot;true&quot; class=&quot;fa fa-caret-right&quot;/&gt;&lt;span&gt; Nhà đất Cần bán  Đường Hát Giang, Quận Tân Bình (1)&lt;/span&gt;&lt;/a&gt;                &lt;/div&gt;                &lt;div class=&quot;col-md-6 v-more item&quot;&gt;                    &lt;a href=&quot;/tag-nha-dat-typ-ban-dng-hau-giang-qh-quan-tan-binh-tnh-tp-ho-chi-minh&quot;&gt;&lt;i aria-hidden=&quot;true&quot; class=&quot;fa fa-caret-right&quot;/&gt;&lt;span&gt; Nhà đất Cần bán  Đường Hậu Giang, Quận Tân Bình (2)&lt;/span&gt;&lt;/a&gt;                &lt;/div&gt;                &lt;div class=&quot;col-md-6 v-more item&quot;&gt;                    &lt;a href=&quot;/tag-nha-dat-typ-ban-dng-hiep-nhat-qh-quan-tan-binh-tnh-tp-ho-chi-minh&quot;&gt;&lt;i aria-hidden=&quot;true&quot; class=&quot;fa fa-caret-right&quot;/&gt;&lt;span&gt; Nhà đất Cần bán  Đường Hiệp Nhất, Quận Tân Bình (3)&lt;/span&gt;&lt;/a&gt;                &lt;/div&gt;                &lt;div class=&quot;col-md-6 v-more item&quot;&gt;                    &lt;a href=&quot;/tag-nha-dat-typ-ban-dng-hoa-hiep-qh-quan-tan-binh-tnh-tp-ho-chi-minh&quot;&gt;&lt;i aria-hidden=&quot;true&quot; class=&quot;fa fa-caret-right&quot;/&gt;&lt;span&gt; Nhà đất Cần bán  Đường Hoà Hiệp, Quận Tân Bình (1)&lt;/span&gt;&lt;/a&gt;                &lt;/div&gt;                &lt;div class=&quot;col-md-6 v-more item&quot;&gt;                    &lt;a href=&quot;/tag-nha-dat-typ-ban-dng-hoang-bat-dat-qh-quan-tan-binh-tnh-tp-ho-chi-minh&quot;&gt;&lt;i aria-hidden=&quot;true&quot; class=&quot;fa fa-caret-right&quot;/&gt;&lt;span&gt; Nhà đất Cần bán  Đường Hoàng Bật Đạt, Quận Tân Bình (1)&lt;/span&gt;&lt;/a&gt;                &lt;/div&gt;                &lt;div class=&quot;col-md-6 v-more item&quot;&gt;                    &lt;a href=&quot;/tag-nha-dat-typ-ban-dng-hoang-hoa-tham-qh-quan-tan-binh-tnh-tp-ho-chi-minh&quot;&gt;&lt;i aria-hidden=&quot;true&quot; class=&quot;fa fa-caret-right&quot;/&gt;&lt;span&gt; Nhà đất Cần bán  Đường Hoàng Hoa Thám, Quận Tân Bình (12)&lt;/span&gt;&lt;/a&gt;                &lt;/div&gt;                &lt;div class=&quot;col-md-6 v-more item&quot;&gt;                    &lt;a href=&quot;/tag-nha-dat-typ-ban-dng-hoang-sa-qh-quan-tan-binh-tnh-tp-ho-chi-minh&quot;&gt;&lt;i aria-hidden=&quot;true&quot; class=&quot;fa fa-caret-right&quot;/&gt;&lt;span&gt; Nhà đất Cần bán  Đường Hoàng Sa, Quận Tân Bình (6)&lt;/span&gt;&lt;/a&gt;                &lt;/div&gt;                &lt;div class=&quot;col-md-6 v-more item&quot;&gt;                    &lt;a href=&quot;/tag-nha-dat-typ-ban-dng-hoang-van-thu-qh-quan-tan-binh-tnh-tp-ho-chi-minh&quot;&gt;&lt;i aria-hidden=&quot;true&quot; class=&quot;fa fa-caret-right&quot;/&gt;&lt;span&gt; Nhà đất Cần bán  Đường Hoàng Văn Thụ, Quận Tân Bình (19)&lt;/span&gt;&lt;/a&gt;                &lt;/div&gt;                &lt;div class=&quot;col-md-6 v-more item&quot;&gt;                    &lt;a href=&quot;/tag-nha-dat-typ-ban-dng-hoang-viet-qh-quan-tan-binh-tnh-tp-ho-chi-minh&quot;&gt;&lt;i aria-hidden=&quot;true&quot; class=&quot;fa fa-caret-right&quot;/&gt;&lt;span&gt; Nhà đất Cần bán  Đường Hoàng Việt, Quận Tân Bình (3)&lt;/span&gt;&lt;/a&gt;                &lt;/div&gt;                &lt;div class=&quot;col-md-6 v-more item&quot;&gt;                    &lt;a href=&quot;/tag-nha-dat-typ-ban-dng-hong-ha-qh-quan-tan-binh-tnh-tp-ho-chi-minh&quot;&gt;&lt;i aria-hidden=&quot;true&quot; class=&quot;fa fa-caret-right&quot;/&gt;&lt;span&gt; Nhà đất Cần bán  Đường Hồng Hà, Quận Tân Bình (3)&lt;/span&gt;&lt;/a&gt;                &lt;/div&gt;                &lt;div class=&quot;col-md-6 v-more item&quot;&gt;                    &lt;a href=&quot;/tag-nha-dat-typ-ban-dng-hong-lac-qh-quan-tan-binh-tnh-tp-ho-chi-minh&quot;&gt;&lt;i aria-hidden=&quot;true&quot; class=&quot;fa fa-caret-right&quot;/&gt;&lt;span&gt; Nhà đất Cần bán  Đường Hồng Lạc, Quận Tân Bình (18)&lt;/span&gt;&lt;/a&gt;                &lt;/div&gt;                &lt;div class=&quot;col-md-6 v-more item&quot;&gt;                    &lt;a href=&quot;/tag-nha-dat-typ-ban-dng-hung-hoa-qh-quan-tan-binh-tnh-tp-ho-chi-minh&quot;&gt;&lt;i aria-hidden=&quot;true&quot; class=&quot;fa fa-caret-right&quot;/&gt;&lt;span&gt; Nhà đất Cần bán  Đường Hưng Hoá, Quận Tân Bình (2)&lt;/span&gt;&lt;/a&gt;                &lt;/div&gt;                &lt;div class=&quot;col-md-6 v-more item&quot;&gt;                    &lt;a href=&quot;/tag-nha-dat-typ-ban-dng-huynh-van-nghe-qh-quan-tan-binh-tnh-tp-ho-chi-minh&quot;&gt;&lt;i aria-hidden=&quot;true&quot; class=&quot;fa fa-caret-right&quot;/&gt;&lt;span&gt; Nhà đất Cần bán  Đường Huỳnh Văn Nghệ, Quận Tân Bình (1)&lt;/span&gt;&lt;/a&gt;                &lt;/div&gt;                &lt;div class=&quot;col-md-6 v-more item&quot;&gt;                    &lt;a href=&quot;/tag-nha-dat-typ-ban-dng-lac-long-quan-qh-quan-tan-binh-tnh-tp-ho-chi-minh&quot;&gt;&lt;i aria-hidden=&quot;true&quot; class=&quot;fa fa-caret-right&quot;/&gt;&lt;span&gt; Nhà đất Cần bán  Đường Lạc Long Quân, Quận Tân Bình (71)&lt;/span&gt;&lt;/a&gt;                &lt;/div&gt;                &lt;div class=&quot;col-md-6 v-more item&quot;&gt;                    &lt;a href=&quot;/tag-nha-dat-typ-ban-dng-lam-son-qh-quan-tan-binh-tnh-tp-ho-chi-minh&quot;&gt;&lt;i aria-hidden=&quot;true&quot; class=&quot;fa fa-caret-right&quot;/&gt;&lt;span&gt; Nhà đất Cần bán  Đường Lam Sơn, Quận Tân Bình (3)&lt;/span&gt;&lt;/a&gt;                &lt;/div&gt;                &lt;div class=&quot;col-md-6 v-more item&quot;&gt;                    &lt;a href=&quot;/tag-nha-dat-typ-ban-dng-le-binh-qh-quan-tan-binh-tnh-tp-ho-chi-minh&quot;&gt;&lt;i aria-hidden=&quot;true&quot; class=&quot;fa fa-caret-right&quot;/&gt;&lt;span&gt; Nhà đất Cần bán  Đường Lê Bình, Quận Tân Bình (4)&lt;/span&gt;&lt;/a&gt;                &lt;/div&gt;                &lt;div class=&quot;col-md-6 v-more item&quot;&gt;                    &lt;a href=&quot;/tag-nha-dat-typ-ban-dng-le-duy-nhuan-c28-qh-quan-tan-binh-tnh-tp-ho-chi-minh&quot;&gt;&lt;i aria-hidden=&quot;true&quot; class=&quot;fa fa-caret-right&quot;/&gt;&lt;span&gt; Nhà đất Cần bán  Đường Lê Duy Nhuận (c28), Quận Tân Bình (1)&lt;/span&gt;&lt;/a&gt;                &lt;/div&gt;                &lt;div class=&quot;col-md-6 v-more item&quot;&gt;                    &lt;a href=&quot;/tag-nha-dat-typ-ban-dng-le-lai-qh-quan-tan-binh-tnh-tp-ho-chi-minh&quot;&gt;&lt;i aria-hidden=&quot;true&quot; class=&quot;fa fa-caret-right&quot;/&gt;&lt;span&gt; Nhà đất Cần bán  Đường Lê Lai, Quận Tân Bình (9)&lt;/span&gt;&lt;/a&gt;                &lt;/div&gt;                &lt;div class=&quot;col-md-6 v-more item&quot;&gt;                    &lt;a href=&quot;/tag-nha-dat-typ-ban-dng-le-tan-quoc-qh-quan-tan-binh-tnh-tp-ho-chi-minh&quot;&gt;&lt;i aria-hidden=&quot;true&quot; class=&quot;fa fa-caret-right&quot;/&gt;&lt;span&gt; Nhà đất Cần bán  Đường Lê Tấn Quốc, Quận Tân Bình (1)&lt;/span&gt;&lt;/a&gt;                &lt;/div&gt;                &lt;div class=&quot;col-md-6 v-more item&quot;&gt;                    &lt;a href=&quot;/tag-nha-dat-typ-ban-dng-le-trung-nghia-c26-qh-quan-tan-binh-tnh-tp-ho-chi-minh&quot;&gt;&lt;i aria-hidden=&quot;true&quot; class=&quot;fa fa-caret-right&quot;/&gt;&lt;span&gt; Nhà đất Cần bán  Đường Lê Trung Nghĩa (c26), Quận Tân Bình (2)&lt;/span&gt;&lt;/a&gt;                &lt;/div&gt;                &lt;div class=&quot;col-md-6 v-more item&quot;&gt;                    &lt;a href=&quot;/tag-nha-dat-typ-ban-dng-le-van-sy-qh-quan-tan-binh-tnh-tp-ho-chi-minh&quot;&gt;&lt;i aria-hidden=&quot;true&quot; class=&quot;fa fa-caret-right&quot;/&gt;&lt;span&gt; Nhà đất Cần bán  Đường Lê Văn Sỹ, Quận Tân Bình (21)&lt;/span&gt;&lt;/a&gt;                &lt;/div&gt;                &lt;div class=&quot;col-md-6 v-more item&quot;&gt;                    &lt;a href=&quot;/tag-nha-dat-typ-ban-dng-luu-nhan-chu-qh-quan-tan-binh-tnh-tp-ho-chi-minh&quot;&gt;&lt;i aria-hidden=&quot;true&quot; class=&quot;fa fa-caret-right&quot;/&gt;&lt;span&gt; Nhà đất Cần bán  Đường Lưu Nhân Chú, Quận Tân Bình (2)&lt;/span&gt;&lt;/a&gt;                &lt;/div&gt;                &lt;div class=&quot;col-md-6 v-more item&quot;&gt;                    &lt;a href=&quot;/tag-nha-dat-typ-ban-dng-ly-thuong-kiet-qh-quan-tan-binh-tnh-tp-ho-chi-minh&quot;&gt;&lt;i aria-hidden=&quot;true&quot; class=&quot;fa fa-caret-right&quot;/&gt;&lt;span&gt; Nhà đất Cần bán  Đường Lý Thường Kiệt, Quận Tân Bình (30)&lt;/span&gt;&lt;/a&gt;                &lt;/div&gt;                &lt;div class=&quot;col-md-6 v-more item&quot;&gt;                    &lt;a href=&quot;/tag-nha-dat-typ-ban-dng-nam-chau-qh-quan-tan-binh-tnh-tp-ho-chi-minh&quot;&gt;&lt;i aria-hidden=&quot;true&quot; class=&quot;fa fa-caret-right&quot;/&gt;&lt;span&gt; Nhà đất Cần bán  Đường Năm Châu, Quận Tân Bình (14)&lt;/span&gt;&lt;/a&gt;                &lt;/div&gt;                &lt;div class=&quot;col-md-6 v-more item&quot;&gt;                    &lt;a href=&quot;/tag-nha-dat-typ-ban-dng-nghia-hoa-qh-quan-tan-binh-tnh-tp-ho-chi-minh&quot;&gt;&lt;i aria-hidden=&quot;true&quot; class=&quot;fa fa-caret-right&quot;/&gt;&lt;span&gt; Nhà đất Cần bán  Đường Nghĩa Hoà, Quận Tân Bình (2)&lt;/span&gt;&lt;/a&gt;                &lt;/div&gt;                &lt;div class=&quot;col-md-6 v-more item&quot;&gt;                    &lt;a href=&quot;/tag-nha-dat-typ-ban-dng-nghia-hung-qh-quan-tan-binh-tnh-tp-ho-chi-minh&quot;&gt;&lt;i aria-hidden=&quot;true&quot; class=&quot;fa fa-caret-right&quot;/&gt;&lt;span&gt; Nhà đất Cần bán  Đường Nghĩa Hưng, Quận Tân Bình (2)&lt;/span&gt;&lt;/a&gt;                &lt;/div&gt;                &lt;div class=&quot;col-md-6 v-more item&quot;&gt;                    &lt;a href=&quot;/tag-nha-dat-typ-ban-dng-nghia-phat-qh-quan-tan-binh-tnh-tp-ho-chi-minh&quot;&gt;&lt;i aria-hidden=&quot;true&quot; class=&quot;fa fa-caret-right&quot;/&gt;&lt;span&gt; Nhà đất Cần bán  Đường Nghĩa Phát, Quận Tân Bình (7)&lt;/span&gt;&lt;/a&gt;                &lt;/div&gt;                &lt;div class=&quot;col-md-6 v-more item&quot;&gt;                    &lt;a href=&quot;/tag-nha-dat-typ-ban-dng-ngo-be-qh-quan-tan-binh-tnh-tp-ho-chi-minh&quot;&gt;&lt;i aria-hidden=&quot;true&quot; class=&quot;fa fa-caret-right&quot;/&gt;&lt;span&gt; Nhà đất Cần bán  Đường Ngô Bệ, Quận Tân Bình (3)&lt;/span&gt;&lt;/a&gt;                &lt;/div&gt;                &lt;div class=&quot;col-md-6 v-more item&quot;&gt;                    &lt;a href=&quot;/tag-nha-dat-typ-ban-dng-ngo-thi-thu-minh-qh-quan-tan-binh-tnh-tp-ho-chi-minh&quot;&gt;&lt;i aria-hidden=&quot;true&quot; class=&quot;fa fa-caret-right&quot;/&gt;&lt;span&gt; Nhà đất Cần bán  Đường Ngô Thị Thu Minh, Quận Tân Bình (3)&lt;/span&gt;&lt;/a&gt;                &lt;/div&gt;                &lt;div class=&quot;col-md-6 v-more item&quot;&gt;                    &lt;a href=&quot;/tag-nha-dat-typ-ban-dng-nguyen-ba-tong-qh-quan-tan-binh-tnh-tp-ho-chi-minh&quot;&gt;&lt;i aria-hidden=&quot;true&quot; class=&quot;fa fa-caret-right&quot;/&gt;&lt;span&gt; Nhà đất Cần bán  Đường Nguyễn Bá Tòng, Quận Tân Bình (11)&lt;/span&gt;&lt;/a&gt;                &lt;/div&gt;                &lt;div class=&quot;col-md-6 v-more item&quot;&gt;                    &lt;a href=&quot;/tag-nha-dat-typ-ban-dng-nguyen-bac-qh-quan-tan-binh-tnh-tp-ho-chi-minh&quot;&gt;&lt;i aria-hidden=&quot;true&quot; class=&quot;fa fa-caret-right&quot;/&gt;&lt;span&gt; Nhà đất Cần bán  Đường Nguyễn Bặc, Quận Tân Bình (13)&lt;/span&gt;&lt;/a&gt;                &lt;/div&gt;                &lt;div class=&quot;col-md-6 v-more item&quot;&gt;                    &lt;a href=&quot;/tag-nha-dat-typ-ban-dng-nguyen-canh-di-qh-quan-tan-binh-tnh-tp-ho-chi-minh&quot;&gt;&lt;i aria-hidden=&quot;true&quot; class=&quot;fa fa-caret-right&quot;/&gt;&lt;span&gt; Nhà đất Cần bán  Đường Nguyễn Cảnh Dị, Quận Tân Bình (2)&lt;/span&gt;&lt;/a&gt;                &lt;/div&gt;                &lt;div class=&quot;col-md-6 v-more item&quot;&gt;                    &lt;a href=&quot;/tag-nha-dat-typ-ban-dng-nguyen-chanh-sat-qh-quan-tan-binh-tnh-tp-ho-chi-minh&quot;&gt;&lt;i aria-hidden=&quot;true&quot; class=&quot;fa fa-caret-right&quot;/&gt;&lt;span&gt; Nhà đất Cần bán  Đường Nguyễn Chánh Sắt, Quận Tân Bình (1)&lt;/span&gt;&lt;/a&gt;                &lt;/div&gt;                &lt;div class=&quot;col-md-6 v-more item&quot;&gt;                    &lt;a href=&quot;/tag-nha-dat-typ-ban-dng-nguyen-dinh-khoi-qh-quan-tan-binh-tnh-tp-ho-chi-minh&quot;&gt;&lt;i aria-hidden=&quot;true&quot; class=&quot;fa fa-caret-right&quot;/&gt;&lt;span&gt; Nhà đất Cần bán  Đường Nguyễn Đình Khơi, Quận Tân Bình (4)&lt;/span&gt;&lt;/a&gt;                &lt;/div&gt;                &lt;div class=&quot;col-md-6 v-more item&quot;&gt;                    &lt;a href=&quot;/tag-nha-dat-typ-ban-dng-nguyen-duc-thuan-qh-quan-tan-binh-tnh-tp-ho-chi-minh&quot;&gt;&lt;i aria-hidden=&quot;true&quot; class=&quot;fa fa-caret-right&quot;/&gt;&lt;span&gt; Nhà đất Cần bán  Đường Nguyễn Đức Thuận, Quận Tân Bình (7)&lt;/span&gt;&lt;/a&gt;                &lt;/div&gt;                &lt;div class=&quot;col-md-6 v-more item&quot;&gt;                    &lt;a href=&quot;/tag-nha-dat-typ-ban-dng-nguyen-hien-le-qh-quan-tan-binh-tnh-tp-ho-chi-minh&quot;&gt;&lt;i aria-hidden=&quot;true&quot; class=&quot;fa fa-caret-right&quot;/&gt;&lt;span&gt; Nhà đất Cần bán  Đường Nguyễn Hiến Lê, Quận Tân Bình (1)&lt;/span&gt;&lt;/a&gt;                &lt;/div&gt;                &lt;div class=&quot;col-md-6 v-more item&quot;&gt;                    &lt;a href=&quot;/tag-nha-dat-typ-ban-dng-nguyen-hong-dao-qh-quan-tan-binh-tnh-tp-ho-chi-minh&quot;&gt;&lt;i aria-hidden=&quot;true&quot; class=&quot;fa fa-caret-right&quot;/&gt;&lt;span&gt; Nhà đất Cần bán  Đường Nguyễn Hồng Đào, Quận Tân Bình (10)&lt;/span&gt;&lt;/a&gt;                &lt;/div&gt;                &lt;div class=&quot;col-md-6 v-more item&quot;&gt;                    &lt;a href=&quot;/tag-nha-dat-typ-ban-dng-nguyen-minh-hoang-c25-qh-quan-tan-binh-tnh-tp-ho-chi-minh&quot;&gt;&lt;i aria-hidden=&quot;true&quot; class=&quot;fa fa-caret-right&quot;/&gt;&lt;span&gt; Nhà đất Cần bán  Đường Nguyễn Minh Hoàng (c25), Quận Tân Bình (2)&lt;/span&gt;&lt;/a&gt;                &lt;/div&gt;                &lt;div class=&quot;col-md-6 v-more item&quot;&gt;                    &lt;a href=&quot;/tag-nha-dat-typ-ban-dng-nguyen-phuc-chu-qh-quan-tan-binh-tnh-tp-ho-chi-minh&quot;&gt;&lt;i aria-hidden=&quot;true&quot; class=&quot;fa fa-caret-right&quot;/&gt;&lt;span&gt; Nhà đất Cần bán  Đường Nguyễn Phúc Chu, Quận Tân Bình (3)&lt;/span&gt;&lt;/a&gt;                &lt;/div&gt;                &lt;div class=&quot;col-md-6 v-more item&quot;&gt;                    &lt;a href=&quot;/tag-nha-dat-typ-ban-dng-nguyen-quang-bichb4-qh-quan-tan-binh-tnh-tp-ho-chi-minh&quot;&gt;&lt;i aria-hidden=&quot;true&quot; class=&quot;fa fa-caret-right&quot;/&gt;&lt;span&gt; Nhà đất Cần bán  Đường Nguyễn Quang Bích(b4), Quận Tân Bình (2)&lt;/span&gt;&lt;/a&gt;                &lt;/div&gt;                &lt;div class=&quot;col-md-6 v-more item&quot;&gt;                    &lt;a href=&quot;/tag-nha-dat-typ-ban-dng-nguyen-sy-sach-qh-quan-tan-binh-tnh-tp-ho-chi-minh&quot;&gt;&lt;i aria-hidden=&quot;true&quot; class=&quot;fa fa-caret-right&quot;/&gt;&lt;span&gt; Nhà đất Cần bán  Đường Nguyễn Sỹ Sách, Quận Tân Bình (3)&lt;/span&gt;&lt;/a&gt;                &lt;/div&gt;                &lt;div class=&quot;col-md-6 v-more item&quot;&gt;                    &lt;a href=&quot;/tag-nha-dat-typ-ban-dng-nguyen-thai-binh-qh-quan-tan-binh-tnh-tp-ho-chi-minh&quot;&gt;&lt;i aria-hidden=&quot;true&quot; class=&quot;fa fa-caret-right&quot;/&gt;&lt;span&gt; Nhà đất Cần bán  Đường Nguyễn Thái Bình, Quận Tân Bình (16)&lt;/span&gt;&lt;/a&gt;                &lt;/div&gt;                &lt;div class=&quot;col-md-6 v-more item&quot;&gt;                    &lt;a href=&quot;/tag-nha-dat-typ-ban-dng-nguyen-thanh-tuyen-qh-quan-tan-binh-tnh-tp-ho-chi-minh&quot;&gt;&lt;i aria-hidden=&quot;true&quot; class=&quot;fa fa-caret-right&quot;/&gt;&lt;span&gt; Nhà đất Cần bán  Đường Nguyễn Thanh Tuyền, Quận Tân Bình (4)&lt;/span&gt;&lt;/a&gt;                &lt;/div&gt;                &lt;div class=&quot;col-md-6 v-more item&quot;&gt;                    &lt;a href=&quot;/tag-nha-dat-typ-ban-dng-nguyen-thi-nho-qh-quan-tan-binh-tnh-tp-ho-chi-minh&quot;&gt;&lt;i aria-hidden=&quot;true&quot; class=&quot;fa fa-caret-right&quot;/&gt;&lt;span&gt; Nhà đất Cần bán  Đường Nguyễn Thị Nhỏ, Quận Tân Bình (4)&lt;/span&gt;&lt;/a&gt;                &lt;/div&gt;                &lt;div class=&quot;col-md-6 v-more item&quot;&gt;                    &lt;a href=&quot;/tag-nha-dat-typ-ban-dng-nguyen-trong-loi-qh-quan-tan-binh-tnh-tp-ho-chi-minh&quot;&gt;&lt;i aria-hidden=&quot;true&quot; class=&quot;fa fa-caret-right&quot;/&gt;&lt;span&gt; Nhà đất Cần bán  Đường Nguyễn Trọng Lội, Quận Tân Bình (2)&lt;/span&gt;&lt;/a&gt;                &lt;/div&gt;                &lt;div class=&quot;col-md-6 v-more item&quot;&gt;                    &lt;a href=&quot;/tag-nha-dat-typ-ban-dng-nguyen-trong-tuyen-qh-quan-tan-binh-tnh-tp-ho-chi-minh&quot;&gt;&lt;i aria-hidden=&quot;true&quot; class=&quot;fa fa-caret-right&quot;/&gt;&lt;span&gt; Nhà đất Cần bán  Đường Nguyễn Trọng Tuyển, Quận Tân Bình (15)&lt;/span&gt;&lt;/a&gt;                &lt;/div&gt;                &lt;div class=&quot;col-md-6 v-more item&quot;&gt;                    &lt;a href=&quot;/tag-nha-dat-typ-ban-dng-nguyen-tu-nha-qh-quan-tan-binh-tnh-tp-ho-chi-minh&quot;&gt;&lt;i aria-hidden=&quot;true&quot; class=&quot;fa fa-caret-right&quot;/&gt;&lt;span&gt; Nhà đất Cần bán  Đường Nguyễn Tử Nha, Quận Tân Bình (3)&lt;/span&gt;&lt;/a&gt;                &lt;/div&gt;                &lt;div class=&quot;col-md-6 v-more item&quot;&gt;                    &lt;a href=&quot;/tag-nha-dat-typ-ban-dng-nguyen-van-mai-qh-quan-tan-binh-tnh-tp-ho-chi-minh&quot;&gt;&lt;i aria-hidden=&quot;true&quot; class=&quot;fa fa-caret-right&quot;/&gt;&lt;span&gt; Nhà đất Cần bán  Đường Nguyễn Văn Mại, Quận Tân Bình (1)&lt;/span&gt;&lt;/a&gt;                &lt;/div&gt;                &lt;div class=&quot;col-md-6 v-more item&quot;&gt;                    &lt;a href=&quot;/tag-nha-dat-typ-ban-dng-nguyen-van-troi-qh-quan-tan-binh-tnh-tp-ho-chi-minh&quot;&gt;&lt;i aria-hidden=&quot;true&quot; class=&quot;fa fa-caret-right&quot;/&gt;&lt;span&gt; Nhà đất Cần bán  Đường Nguyễn Văn Trỗi, Quận Tân Bình (3)&lt;/span&gt;&lt;/a&gt;                &lt;/div&gt;                &lt;div class=&quot;col-md-6 v-more item&quot;&gt;                    &lt;a href=&quot;/tag-nha-dat-typ-ban-dng-nguyen-van-vy-qh-quan-tan-binh-tnh-tp-ho-chi-minh&quot;&gt;&lt;i aria-hidden=&quot;true&quot; class=&quot;fa fa-caret-right&quot;/&gt;&lt;span&gt; Nhà đất Cần bán  Đường Nguyễn Văn Vỹ, Quận Tân Bình (1)&lt;/span&gt;&lt;/a&gt;                &lt;/div&gt;                &lt;div class=&quot;col-md-6 v-more item&quot;&gt;                    &lt;a href=&quot;/tag-nha-dat-typ-ban-dng-nhat-chi-mai-qh-quan-tan-binh-tnh-tp-ho-chi-minh&quot;&gt;&lt;i aria-hidden=&quot;true&quot; class=&quot;fa fa-caret-right&quot;/&gt;&lt;span&gt; Nhà đất Cần bán  Đường Nhất Chi Mai, Quận Tân Bình (5)&lt;/span&gt;&lt;/a&gt;                &lt;/div&gt;                &lt;div class=&quot;col-md-6 v-more item&quot;&gt;                    &lt;a href=&quot;/tag-nha-dat-typ-ban-dng-ni-su-huynh-lien-qh-quan-tan-binh-tnh-tp-ho-chi-minh&quot;&gt;&lt;i aria-hidden=&quot;true&quot; class=&quot;fa fa-caret-right&quot;/&gt;&lt;span&gt; Nhà đất Cần bán  Đường Ni Sư Huỳnh Liên, Quận Tân Bình (27)&lt;/span&gt;&lt;/a&gt;                &lt;/div&gt;                &lt;div class=&quot;col-md-6 v-more item&quot;&gt;                    &lt;a href=&quot;/tag-nha-dat-typ-ban-dng-nui-thanh-qh-quan-tan-binh-tnh-tp-ho-chi-minh&quot;&gt;&lt;i aria-hidden=&quot;true&quot; class=&quot;fa fa-caret-right&quot;/&gt;&lt;span&gt; Nhà đất Cần bán  Đường Núi Thành, Quận Tân Bình (4)&lt;/span&gt;&lt;/a&gt;                &lt;/div&gt;                &lt;div class=&quot;col-md-6 v-more item&quot;&gt;                    &lt;a href=&quot;/tag-nha-dat-typ-ban-dng-pham-cu-luong-qh-quan-tan-binh-tnh-tp-ho-chi-minh&quot;&gt;&lt;i aria-hidden=&quot;true&quot; class=&quot;fa fa-caret-right&quot;/&gt;&lt;span&gt; Nhà đất Cần bán  Đường Phạm Cự Lượng, Quận Tân Bình (4)&lt;/span&gt;&lt;/a&gt;                &lt;/div&gt;                &lt;div class=&quot;col-md-6 v-more item&quot;&gt;                    &lt;a href=&quot;/tag-nha-dat-typ-ban-dng-pham-phu-thu-qh-quan-tan-binh-tnh-tp-ho-chi-minh&quot;&gt;&lt;i aria-hidden=&quot;true&quot; class=&quot;fa fa-caret-right&quot;/&gt;&lt;span&gt; Nhà đất Cần bán  Đường Phạm Phú Thứ, Quận Tân Bình (5)&lt;/span&gt;&lt;/a&gt;                &lt;/div&gt;                &lt;div class=&quot;col-md-6 v-more item&quot;&gt;                    &lt;a href=&quot;/tag-nha-dat-typ-ban-dng-pham-van-bach-qh-quan-tan-binh-tnh-tp-ho-chi-minh&quot;&gt;&lt;i aria-hidden=&quot;true&quot; class=&quot;fa fa-caret-right&quot;/&gt;&lt;span&gt; Nhà đất Cần bán  Đường Phạm Văn Bạch, Quận Tân Bình (7)&lt;/span&gt;&lt;/a&gt;                &lt;/div&gt;                &lt;div class=&quot;col-md-6 v-more item&quot;&gt;                    &lt;a href=&quot;/tag-nha-dat-typ-ban-dng-pham-van-hai-qh-quan-tan-binh-tnh-tp-ho-chi-minh&quot;&gt;&lt;i aria-hidden=&quot;true&quot; class=&quot;fa fa-caret-right&quot;/&gt;&lt;span&gt; Nhà đất Cần bán  Đường Phạm Văn Hai, Quận Tân Bình (25)&lt;/span&gt;&lt;/a&gt;                &lt;/div&gt;                &lt;div class=&quot;col-md-6 v-more item&quot;&gt;                    &lt;a href=&quot;/tag-nha-dat-typ-ban-dng-phan-dinh-giot-qh-quan-tan-binh-tnh-tp-ho-chi-minh&quot;&gt;&lt;i aria-hidden=&quot;true&quot; class=&quot;fa fa-caret-right&quot;/&gt;&lt;span&gt; Nhà đất Cần bán  Đường Phan Đình Giót, Quận Tân Bình (1)&lt;/span&gt;&lt;/a&gt;                &lt;/div&gt;                &lt;div class=&quot;col-md-6 v-more item&quot;&gt;                    &lt;a href=&quot;/tag-nha-dat-typ-ban-dng-phan-huy-ich-qh-quan-tan-binh-tnh-tp-ho-chi-minh&quot;&gt;&lt;i aria-hidden=&quot;true&quot; class=&quot;fa fa-caret-right&quot;/&gt;&lt;span&gt; Nhà đất Cần bán  Đường Phan Huy Ích, Quận Tân Bình (4)&lt;/span&gt;&lt;/a&gt;                &lt;/div&gt;                &lt;div class=&quot;col-md-6 v-more item&quot;&gt;                    &lt;a href=&quot;/tag-nha-dat-typ-ban-dng-phan-sao-nam-qh-quan-tan-binh-tnh-tp-ho-chi-minh&quot;&gt;&lt;i aria-hidden=&quot;true&quot; class=&quot;fa fa-caret-right&quot;/&gt;&lt;span&gt; Nhà đất Cần bán  Đường Phan Sào Nam, Quận Tân Bình (6)&lt;/span&gt;&lt;/a&gt;                &lt;/div&gt;                &lt;div class=&quot;col-md-6 v-more item&quot;&gt;                    &lt;a href=&quot;/tag-nha-dat-typ-ban-dng-phan-thuc-duyen-qh-quan-tan-binh-tnh-tp-ho-chi-minh&quot;&gt;&lt;i aria-hidden=&quot;true&quot; class=&quot;fa fa-caret-right&quot;/&gt;&lt;span&gt; Nhà đất Cần bán  Đường Phan Thúc Duyện, Quận Tân Bình (3)&lt;/span&gt;&lt;/a&gt;                &lt;/div&gt;                &lt;div class=&quot;col-md-6 v-more item&quot;&gt;                    &lt;a href=&quot;/tag-nha-dat-typ-ban-dng-phan-van-suu-qh-quan-tan-binh-tnh-tp-ho-chi-minh&quot;&gt;&lt;i aria-hidden=&quot;true&quot; class=&quot;fa fa-caret-right&quot;/&gt;&lt;span&gt; Nhà đất Cần bán  Đường Phan Văn Sửu, Quận Tân Bình (1)&lt;/span&gt;&lt;/a&gt;                &lt;/div&gt;                &lt;div class=&quot;col-md-6 v-more item&quot;&gt;                    &lt;a href=&quot;/tag-nha-dat-typ-ban-dng-pho-quang-qh-quan-tan-binh-tnh-tp-ho-chi-minh&quot;&gt;&lt;i aria-hidden=&quot;true&quot; class=&quot;fa fa-caret-right&quot;/&gt;&lt;span&gt; Nhà đất Cần bán  Đường Phổ Quang, Quận Tân Bình (3)&lt;/span&gt;&lt;/a&gt;                &lt;/div&gt;                &lt;div class=&quot;col-md-6 v-more item&quot;&gt;                    &lt;a href=&quot;/tag-nha-dat-typ-ban-dng-phu-hoa-qh-quan-tan-binh-tnh-tp-ho-chi-minh&quot;&gt;&lt;i aria-hidden=&quot;true&quot; class=&quot;fa fa-caret-right&quot;/&gt;&lt;span&gt; Nhà đất Cần bán  Đường Phú Hoà, Quận Tân Bình (1)&lt;/span&gt;&lt;/a&gt;                &lt;/div&gt;                &lt;div class=&quot;col-md-6 v-more item&quot;&gt;                    &lt;a href=&quot;/tag-nha-dat-typ-ban-dng-phu-loc-qh-quan-tan-binh-tnh-tp-ho-chi-minh&quot;&gt;&lt;i aria-hidden=&quot;true&quot; class=&quot;fa fa-caret-right&quot;/&gt;&lt;span&gt; Nhà đất Cần bán  Đường Phú Lộc, Quận Tân Bình (1)&lt;/span&gt;&lt;/a&gt;                &lt;/div&gt;                &lt;div class=&quot;col-md-6 v-more item&quot;&gt;                    &lt;a href=&quot;/tag-nha-dat-typ-ban-dng-quang-hien-qh-quan-tan-binh-tnh-tp-ho-chi-minh&quot;&gt;&lt;i aria-hidden=&quot;true&quot; class=&quot;fa fa-caret-right&quot;/&gt;&lt;span&gt; Nhà đất Cần bán  Đường Quảng Hiền, Quận Tân Bình (5)&lt;/span&gt;&lt;/a&gt;                &lt;/div&gt;                &lt;div class=&quot;col-md-6 v-more item&quot;&gt;                    &lt;a href=&quot;/tag-nha-dat-typ-ban-dng-son-cang-qh-quan-tan-binh-tnh-tp-ho-chi-minh&quot;&gt;&lt;i aria-hidden=&quot;true&quot; class=&quot;fa fa-caret-right&quot;/&gt;&lt;span&gt; Nhà đất Cần bán  Đường Sơn Cang, Quận Tân Bình (2)&lt;/span&gt;&lt;/a&gt;                &lt;/div&gt;                &lt;div class=&quot;col-md-6 v-more item&quot;&gt;                    &lt;a href=&quot;/tag-nha-dat-typ-ban-dng-song-nhue-qh-quan-tan-binh-tnh-tp-ho-chi-minh&quot;&gt;&lt;i aria-hidden=&quot;true&quot; class=&quot;fa fa-caret-right&quot;/&gt;&lt;span&gt; Nhà đất Cần bán  Đường Sông Nhuệ, Quận Tân Bình (2)&lt;/span&gt;&lt;/a&gt;                &lt;/div&gt;                &lt;div class=&quot;col-md-6 v-more item&quot;&gt;                    &lt;a href=&quot;/tag-nha-dat-typ-ban-dng-song-thuong-qh-quan-tan-binh-tnh-tp-ho-chi-minh&quot;&gt;&lt;i aria-hidden=&quot;true&quot; class=&quot;fa fa-caret-right&quot;/&gt;&lt;span&gt; Nhà đất Cần bán  Đường Sông Thương, Quận Tân Bình (2)&lt;/span&gt;&lt;/a&gt;                &lt;/div&gt;                &lt;div class=&quot;col-md-6 v-more item&quot;&gt;                    &lt;a href=&quot;/tag-nha-dat-typ-ban-dng-tai-thiet-qh-quan-tan-binh-tnh-tp-ho-chi-minh&quot;&gt;&lt;i aria-hidden=&quot;true&quot; class=&quot;fa fa-caret-right&quot;/&gt;&lt;span&gt; Nhà đất Cần bán  Đường Tái Thiết, Quận Tân Bình (1)&lt;/span&gt;&lt;/a&gt;                &lt;/div&gt;                &lt;div class=&quot;col-md-6 v-more item&quot;&gt;                    &lt;a href=&quot;/tag-nha-dat-typ-ban-dng-tan-canh-qh-quan-tan-binh-tnh-tp-ho-chi-minh&quot;&gt;&lt;i aria-hidden=&quot;true&quot; class=&quot;fa fa-caret-right&quot;/&gt;&lt;span&gt; Nhà đất Cần bán  Đường Tân Canh, Quận Tân Bình (2)&lt;/span&gt;&lt;/a&gt;                &lt;/div&gt;                &lt;div class=&quot;col-md-6 v-more item&quot;&gt;                    &lt;a href=&quot;/tag-nha-dat-typ-ban-dng-tan-hai-qh-quan-tan-binh-tnh-tp-ho-chi-minh&quot;&gt;&lt;i aria-hidden=&quot;true&quot; class=&quot;fa fa-caret-right&quot;/&gt;&lt;span&gt; Nhà đất Cần bán  Đường Tân Hải, Quận Tân Bình (14)&lt;/span&gt;&lt;/a&gt;                &lt;/div&gt;                &lt;div class=&quot;col-md-6 v-more item&quot;&gt;                    &lt;a href=&quot;/tag-nha-dat-typ-ban-dng-tan-khai-qh-quan-tan-binh-tnh-tp-ho-chi-minh&quot;&gt;&lt;i aria-hidden=&quot;true&quot; class=&quot;fa fa-caret-right&quot;/&gt;&lt;span&gt; Nhà đất Cần bán  Đường Tân Khai, Quận Tân Bình (4)&lt;/span&gt;&lt;/a&gt;                &lt;/div&gt;                &lt;div class=&quot;col-md-6 v-more item&quot;&gt;                    &lt;a href=&quot;/tag-nha-dat-typ-ban-dng-tan-ky-tan-qui-qh-quan-tan-binh-tnh-tp-ho-chi-minh&quot;&gt;&lt;i aria-hidden=&quot;true&quot; class=&quot;fa fa-caret-right&quot;/&gt;&lt;span&gt; Nhà đất Cần bán  Đường Tân Kỳ Tân Quí, Quận Tân Bình (2)&lt;/span&gt;&lt;/a&gt;                &lt;/div&gt;                &lt;div class=&quot;col-md-6 v-more item&quot;&gt;                    &lt;a href=&quot;/tag-nha-dat-typ-ban-dng-tan-phuoc-qh-quan-tan-binh-tnh-tp-ho-chi-minh&quot;&gt;&lt;i aria-hidden=&quot;true&quot; class=&quot;fa fa-caret-right&quot;/&gt;&lt;span&gt; Nhà đất Cần bán  Đường Tân Phước, Quận Tân Bình (2)&lt;/span&gt;&lt;/a&gt;                &lt;/div&gt;                &lt;div class=&quot;col-md-6 v-more item&quot;&gt;                    &lt;a href=&quot;/tag-nha-dat-typ-ban-dng-tan-son-hoa-qh-quan-tan-binh-tnh-tp-ho-chi-minh&quot;&gt;&lt;i aria-hidden=&quot;true&quot; class=&quot;fa fa-caret-right&quot;/&gt;&lt;span&gt; Nhà đất Cần bán  Đường Tân Sơn Hoà, Quận Tân Bình (4)&lt;/span&gt;&lt;/a&gt;                &lt;/div&gt;                &lt;div class=&quot;col-md-6 v-more item&quot;&gt;                    &lt;a href=&quot;/tag-nha-dat-typ-ban-dng-tan-tien-qh-quan-tan-binh-tnh-tp-ho-chi-minh&quot;&gt;&lt;i aria-hidden=&quot;true&quot; class=&quot;fa fa-caret-right&quot;/&gt;&lt;span&gt; Nhà đất Cần bán  Đường Tân Tiến, Quận Tân Bình (1)&lt;/span&gt;&lt;/a&gt;                &lt;/div&gt;                &lt;div class=&quot;col-md-6 v-more item&quot;&gt;                    &lt;a href=&quot;/tag-nha-dat-typ-ban-dng-tan-trang-qh-quan-tan-binh-tnh-tp-ho-chi-minh&quot;&gt;&lt;i aria-hidden=&quot;true&quot; class=&quot;fa fa-caret-right&quot;/&gt;&lt;span&gt; Nhà đất Cần bán  Đường Tân Trang, Quận Tân Bình (5)&lt;/span&gt;&lt;/a&gt;                &lt;/div&gt;                &lt;div class=&quot;col-md-6 v-more item&quot;&gt;                    &lt;a href=&quot;/tag-nha-dat-typ-ban-dng-tan-tru-qh-quan-tan-binh-tnh-tp-ho-chi-minh&quot;&gt;&lt;i aria-hidden=&quot;true&quot; class=&quot;fa fa-caret-right&quot;/&gt;&lt;span&gt; Nhà đất Cần bán  Đường Tân Trụ, Quận Tân Bình (1)&lt;/span&gt;&lt;/a&gt;                &lt;/div&gt;                &lt;div class=&quot;col-md-6 v-more item&quot;&gt;                    &lt;a href=&quot;/tag-nha-dat-typ-ban-dng-tan-vien-qh-quan-tan-binh-tnh-tp-ho-chi-minh&quot;&gt;&lt;i aria-hidden=&quot;true&quot; class=&quot;fa fa-caret-right&quot;/&gt;&lt;span&gt; Nhà đất Cần bán  Đường Tản Viên, Quận Tân Bình (2)&lt;/span&gt;&lt;/a&gt;                &lt;/div&gt;                &lt;div class=&quot;col-md-6 v-more item&quot;&gt;                    &lt;a href=&quot;/tag-nha-dat-typ-ban-dng-tan-xuan-qh-quan-tan-binh-tnh-tp-ho-chi-minh&quot;&gt;&lt;i aria-hidden=&quot;true&quot; class=&quot;fa fa-caret-right&quot;/&gt;&lt;span&gt; Nhà đất Cần bán  Đường Tân Xuân, Quận Tân Bình (1)&lt;/span&gt;&lt;/a&gt;                &lt;/div&gt;                &lt;div class=&quot;col-md-6 v-more item&quot;&gt;                    &lt;a href=&quot;/tag-nha-dat-typ-ban-dng-than-nhan-trung-qh-quan-tan-binh-tnh-tp-ho-chi-minh&quot;&gt;&lt;i aria-hidden=&quot;true&quot; class=&quot;fa fa-caret-right&quot;/&gt;&lt;span&gt; Nhà đất Cần bán  Đường Thân Nhân Trung, Quận Tân Bình (2)&lt;/span&gt;&lt;/a&gt;                &lt;/div&gt;                &lt;div class=&quot;col-md-6 v-more item&quot;&gt;                    &lt;a href=&quot;/tag-nha-dat-typ-ban-dng-thang-long-qh-quan-tan-binh-tnh-tp-ho-chi-minh&quot;&gt;&lt;i aria-hidden=&quot;true&quot; class=&quot;fa fa-caret-right&quot;/&gt;&lt;span&gt; Nhà đất Cần bán  Đường Thăng Long, Quận Tân Bình (1)&lt;/span&gt;&lt;/a&gt;                &lt;/div&gt;                &lt;div class=&quot;col-md-6 v-more item&quot;&gt;                    &lt;a href=&quot;/tag-nha-dat-typ-ban-dng-thanh-my-qh-quan-tan-binh-tnh-tp-ho-chi-minh&quot;&gt;&lt;i aria-hidden=&quot;true&quot; class=&quot;fa fa-caret-right&quot;/&gt;&lt;span&gt; Nhà đất Cần bán  Đường Thành Mỹ, Quận Tân Bình (22)&lt;/span&gt;&lt;/a&gt;                &lt;/div&gt;                &lt;div class=&quot;col-md-6 v-more item&quot;&gt;                    &lt;a href=&quot;/tag-nha-dat-typ-ban-dng-thich-minh-nguyet-qh-quan-tan-binh-tnh-tp-ho-chi-minh&quot;&gt;&lt;i aria-hidden=&quot;true&quot; class=&quot;fa fa-caret-right&quot;/&gt;&lt;span&gt; Nhà đất Cần bán  Đường Thích Minh Nguyệt, Quận Tân Bình (1)&lt;/span&gt;&lt;/a&gt;                &lt;/div&gt;                &lt;div class=&quot;col-md-6 v-more item&quot;&gt;                    &lt;a href=&quot;/tag-nha-dat-typ-ban-dng-thien-phuoc-qh-quan-tan-binh-tnh-tp-ho-chi-minh&quot;&gt;&lt;i aria-hidden=&quot;true&quot; class=&quot;fa fa-caret-right&quot;/&gt;&lt;span&gt; Nhà đất Cần bán  Đường Thiên Phước, Quận Tân Bình (11)&lt;/span&gt;&lt;/a&gt;                &lt;/div&gt;                &lt;div class=&quot;col-md-6 v-more item&quot;&gt;                    &lt;a href=&quot;/tag-nha-dat-typ-ban-dng-tong-van-hen-qh-quan-tan-binh-tnh-tp-ho-chi-minh&quot;&gt;&lt;i aria-hidden=&quot;true&quot; class=&quot;fa fa-caret-right&quot;/&gt;&lt;span&gt; Nhà đất Cần bán  Đường Tống Văn Hên, Quận Tân Bình (1)&lt;/span&gt;&lt;/a&gt;                &lt;/div&gt;                &lt;div class=&quot;col-md-6 v-more item&quot;&gt;                    &lt;a href=&quot;/tag-nha-dat-typ-ban-dng-tran-mai-ninh-qh-quan-tan-binh-tnh-tp-ho-chi-minh&quot;&gt;&lt;i aria-hidden=&quot;true&quot; class=&quot;fa fa-caret-right&quot;/&gt;&lt;span&gt; Nhà đất Cần bán  Đường Trần Mai Ninh, Quận Tân Bình (3)&lt;/span&gt;&lt;/a&gt;                &lt;/div&gt;                &lt;div class=&quot;col-md-6 v-more item&quot;&gt;                    &lt;a href=&quot;/tag-nha-dat-typ-ban-dng-tran-thai-tong-qh-quan-tan-binh-tnh-tp-ho-chi-minh&quot;&gt;&lt;i aria-hidden=&quot;true&quot; class=&quot;fa fa-caret-right&quot;/&gt;&lt;span&gt; Nhà đất Cần bán  Đường Trần Thái Tông, Quận Tân Bình (2)&lt;/span&gt;&lt;/a&gt;                &lt;/div&gt;                &lt;div class=&quot;col-md-6 v-more item&quot;&gt;                    &lt;a href=&quot;/tag-nha-dat-typ-ban-dng-tran-thanh-tong-qh-quan-tan-binh-tnh-tp-ho-chi-minh&quot;&gt;&lt;i aria-hidden=&quot;true&quot; class=&quot;fa fa-caret-right&quot;/&gt;&lt;span&gt; Nhà đất Cần bán  Đường Trần Thánh Tông, Quận Tân Bình (2)&lt;/span&gt;&lt;/a&gt;                &lt;/div&gt;                &lt;div class=&quot;col-md-6 v-more item&quot;&gt;                    &lt;a href=&quot;/tag-nha-dat-typ-ban-dng-tran-van-du-qh-quan-tan-binh-tnh-tp-ho-chi-minh&quot;&gt;&lt;i aria-hidden=&quot;true&quot; class=&quot;fa fa-caret-right&quot;/&gt;&lt;span&gt; Nhà đất Cần bán  Đường Trần Văn Dư, Quận Tân Bình (1)&lt;/span&gt;&lt;/a&gt;                &lt;/div&gt;                &lt;div class=&quot;col-md-6 v-more item&quot;&gt;                    &lt;a href=&quot;/tag-nha-dat-typ-ban-dng-tran-van-hoang-qh-quan-tan-binh-tnh-tp-ho-chi-minh&quot;&gt;&lt;i aria-hidden=&quot;true&quot; class=&quot;fa fa-caret-right&quot;/&gt;&lt;span&gt; Nhà đất Cần bán  Đường Trần Văn Hoàng, Quận Tân Bình (18)&lt;/span&gt;&lt;/a&gt;                &lt;/div&gt;                &lt;div class=&quot;col-md-6 v-more item&quot;&gt;                    &lt;a href=&quot;/tag-nha-dat-typ-ban-dng-tran-van-quang-qh-quan-tan-binh-tnh-tp-ho-chi-minh&quot;&gt;&lt;i aria-hidden=&quot;true&quot; class=&quot;fa fa-caret-right&quot;/&gt;&lt;span&gt; Nhà đất Cần bán  Đường Trần Văn Quang, Quận Tân Bình (26)&lt;/span&gt;&lt;/a&gt;                &lt;/div&gt;                &lt;div class=&quot;col-md-6 v-more item&quot;&gt;                    &lt;a href=&quot;/tag-nha-dat-typ-ban-dng-trung-lang-qh-quan-tan-binh-tnh-tp-ho-chi-minh&quot;&gt;&lt;i aria-hidden=&quot;true&quot; class=&quot;fa fa-caret-right&quot;/&gt;&lt;span&gt; Nhà đất Cần bán  Đường Trung Lang, Quận Tân Bình (1)&lt;/span&gt;&lt;/a&gt;                &lt;/div&gt;                &lt;div class=&quot;col-md-6 v-more item&quot;&gt;                    &lt;a href=&quot;/tag-nha-dat-typ-ban-dng-truong-chinh-qh-quan-tan-binh-tnh-tp-ho-chi-minh&quot;&gt;&lt;i aria-hidden=&quot;true&quot; class=&quot;fa fa-caret-right&quot;/&gt;&lt;span&gt; Nhà đất Cần bán  Đường Trường Chinh, Quận Tân Bình (51)&lt;/span&gt;&lt;/a&gt;                &lt;/div&gt;                &lt;div class=&quot;col-md-6 v-more item&quot;&gt;                    &lt;a href=&quot;/tag-nha-dat-typ-ban-dng-truong-cong-dinh-qh-quan-tan-binh-tnh-tp-ho-chi-minh&quot;&gt;&lt;i aria-hidden=&quot;true&quot; class=&quot;fa fa-caret-right&quot;/&gt;&lt;span&gt; Nhà đất Cần bán  Đường Trương Công Định, Quận Tân Bình (9)&lt;/span&gt;&lt;/a&gt;                &lt;/div&gt;                &lt;div class=&quot;col-md-6 v-more item&quot;&gt;                    &lt;a href=&quot;/tag-nha-dat-typ-ban-dng-truong-hoang-thanh-qh-quan-tan-binh-tnh-tp-ho-chi-minh&quot;&gt;&lt;i aria-hidden=&quot;true&quot; class=&quot;fa fa-caret-right&quot;/&gt;&lt;span&gt; Nhà đất Cần bán  Đường Trương Hoàng Thanh, Quận Tân Bình (2)&lt;/span&gt;&lt;/a&gt;                &lt;/div&gt;                &lt;div class=&quot;col-md-6 v-more item&quot;&gt;                    &lt;a href=&quot;/tag-nha-dat-typ-ban-dng-truong-sa-qh-quan-tan-binh-tnh-tp-ho-chi-minh&quot;&gt;&lt;i aria-hidden=&quot;true&quot; class=&quot;fa fa-caret-right&quot;/&gt;&lt;span&gt; Nhà đất Cần bán  Đường Trường Sa, Quận Tân Bình (2)&lt;/span&gt;&lt;/a&gt;                &lt;/div&gt;                &lt;div class=&quot;col-md-6 v-more item&quot;&gt;                    &lt;a href=&quot;/tag-nha-dat-typ-ban-dng-truong-son-qh-quan-tan-binh-tnh-tp-ho-chi-minh&quot;&gt;&lt;i aria-hidden=&quot;true&quot; class=&quot;fa fa-caret-right&quot;/&gt;&lt;span&gt; Nhà đất Cần bán  Đường Trường Sơn, Quận Tân Bình (4)&lt;/span&gt;&lt;/a&gt;                &lt;/div&gt;                &lt;div class=&quot;col-md-6 v-more item&quot;&gt;                    &lt;a href=&quot;/tag-nha-dat-typ-ban-dng-tu-cuong-qh-quan-tan-binh-tnh-tp-ho-chi-minh&quot;&gt;&lt;i aria-hidden=&quot;true&quot; class=&quot;fa fa-caret-right&quot;/&gt;&lt;span&gt; Nhà đất Cần bán  Đường Tự Cường, Quận Tân Bình (2)&lt;/span&gt;&lt;/a&gt;                &lt;/div&gt;                &lt;div class=&quot;col-md-6 v-more item&quot;&gt;                    &lt;a href=&quot;/tag-nha-dat-typ-ban-dng-tu-hai-qh-quan-tan-binh-tnh-tp-ho-chi-minh&quot;&gt;&lt;i aria-hidden=&quot;true&quot; class=&quot;fa fa-caret-right&quot;/&gt;&lt;span&gt; Nhà đất Cần bán  Đường Tứ Hải, Quận Tân Bình (2)&lt;/span&gt;&lt;/a&gt;                &lt;/div&gt;                &lt;div class=&quot;col-md-6 v-more item&quot;&gt;                    &lt;a href=&quot;/tag-nha-dat-typ-ban-dng-tu-lap-qh-quan-tan-binh-tnh-tp-ho-chi-minh&quot;&gt;&lt;i aria-hidden=&quot;true&quot; class=&quot;fa fa-caret-right&quot;/&gt;&lt;span&gt; Nhà đất Cần bán  Đường Tự Lập, Quận Tân Bình (3)&lt;/span&gt;&lt;/a&gt;                &lt;/div&gt;                &lt;div class=&quot;col-md-6 v-more item&quot;&gt;                    &lt;a href=&quot;/tag-nha-dat-typ-ban-dng-ut-tich-qh-quan-tan-binh-tnh-tp-ho-chi-minh&quot;&gt;&lt;i aria-hidden=&quot;true&quot; class=&quot;fa fa-caret-right&quot;/&gt;&lt;span&gt; Nhà đất Cần bán  Đường Út Tịch, Quận Tân Bình (5)&lt;/span&gt;&lt;/a&gt;                &lt;/div&gt;                &lt;div class=&quot;col-md-6 v-more item&quot;&gt;                    &lt;a href=&quot;/tag-nha-dat-typ-ban-dng-van-chung-qh-quan-tan-binh-tnh-tp-ho-chi-minh&quot;&gt;&lt;i aria-hidden=&quot;true&quot; class=&quot;fa fa-caret-right&quot;/&gt;&lt;span&gt; Nhà đất Cần bán  Đường Văn Chung, Quận Tân Bình (5)&lt;/span&gt;&lt;/a&gt;                &lt;/div&gt;                &lt;div class=&quot;col-md-6 v-more item&quot;&gt;                    &lt;a href=&quot;/tag-nha-dat-typ-ban-dng-van-coi-qh-quan-tan-binh-tnh-tp-ho-chi-minh&quot;&gt;&lt;i aria-hidden=&quot;true&quot; class=&quot;fa fa-caret-right&quot;/&gt;&lt;span&gt; Nhà đất Cần bán  Đường Vân Côi, Quận Tân Bình (5)&lt;/span&gt;&lt;/a&gt;                &lt;/div&gt;                &lt;div class=&quot;col-md-6 v-more item&quot;&gt;                    &lt;a href=&quot;/tag-nha-dat-typ-ban-dng-vo-thanh-trang-qh-quan-tan-binh-tnh-tp-ho-chi-minh&quot;&gt;&lt;i aria-hidden=&quot;true&quot; class=&quot;fa fa-caret-right&quot;/&gt;&lt;span&gt; Nhà đất Cần bán  Đường Võ Thành Trang, Quận Tân Bình (13)&lt;/span&gt;&lt;/a&gt;                &lt;/div&gt;                &lt;div class=&quot;col-md-6 v-more item&quot;&gt;                    &lt;a href=&quot;/tag-nha-dat-typ-ban-dng-xuan-hong-qh-quan-tan-binh-tnh-tp-ho-chi-minh&quot;&gt;&lt;i aria-hidden=&quot;true&quot; class=&quot;fa fa-caret-right&quot;/&gt;&lt;span&gt; Nhà đất Cần bán  Đường Xuân Hồng, Quận Tân Bình (3)&lt;/span&gt;&lt;/a&gt;                &lt;/div&gt;                &lt;div class=&quot;col-md-6 v-more item&quot;&gt;                    &lt;a href=&quot;/tag-nha-dat-typ-ban-dng-yen-the-qh-quan-tan-binh-tnh-tp-ho-chi-minh&quot;&gt;&lt;i aria-hidden=&quot;true&quot; class=&quot;fa fa-caret-right&quot;/&gt;&lt;span&gt; Nhà đất Cần bán  Đường Yên Thế, Quận Tân Bình (4)&lt;/span&gt;&lt;/a&gt;                &lt;/div&gt;                            &lt;div class=&quot;col-md-12 text-center&quot;&gt;                    &lt;span class=&quot;cursor-pointer view-more green bold&quot; id=&quot;seoLinkMore&quot;&gt;&lt;i class=&quot;fa fa-angle-double-down&quot;/&gt; Xem thêm &lt;/span&gt;                &lt;/div&gt;        &lt;/div&gt;" SourceIndex="1346" TextLen="1040" order="26" xPath="/XPspan"/>
<LayoutNode BgColor="#ffffff" ContainImg="0" ContainP="0" ContainTable="false" DOMCldNum="7" DoC="5" FontSize="13" FontWeight="normal" FrameSourceIndex="0" ID="1-2-8" IsImg="false" LinkNum="11" LinkTextLen="105" ObjectRectHeight="270" ObjectRectLeft="130" ObjectRectTop="1591" ObjectRectWidth="1508" SourceIndex="2600" TextLen="320" order="27">
<LayoutNode BgColor="#ffffff" ContainImg="0" ContainP="0" ContainTable="false" Content="Công ty CP định giá bất động sản trực tuyến Việt Nam Viet Nam Online Real Estate Valuation J.S.C (VINAREV) HCM:0928.788.188 - 0917.088.088 Hà Nội:0911.283.288 - 0986.122.078 Email:info@dinhgianhadat.vn " DOMCldNum="7" DoC="8" FontSize="13" FontWeight="normal" FrameSourceIndex="0" ID="1-2-8-1" IsImg="false" LinkNum="0" LinkTextLen="0" ObjectRectHeight="270" ObjectRectLeft="130" ObjectRectTop="1591" ObjectRectWidth="465" SRC="&lt;div class=&quot;col-lg-5 col-md-5 col-sm-6 col-xs-12 col-company&quot;&gt;                &lt;h3&gt;Công ty CP định giá bất động sản trực tuyến Việt Nam &lt;br/&gt;Viet Nam Online Real Estate Valuation J.S.C (VINAREV)&lt;/h3&gt;                &lt;ul&gt;                    &lt;li&gt;&lt;i class=&quot;fa fa-phone&quot;/&gt;&lt;b&gt;HCM:&lt;/b&gt;&lt;span&gt;0928.788.188 - 0917.088.088&lt;/span&gt;&lt;/li&gt;                    &lt;li&gt;&lt;i class=&quot;fa fa-phone&quot;/&gt;&lt;b&gt;Hà Nội:&lt;/b&gt;&lt;span&gt;0911.283.288 - 0986.122.078&lt;/span&gt;&lt;/li&gt;                    &lt;li&gt;&lt;i class=&quot;fa fa-envelope&quot;/&gt;&lt;b&gt;Email:&lt;/b&gt;&lt;span&gt;info@dinhgianhadat.vn&lt;/span&gt;&lt;/li&gt;                &lt;/ul&gt;            &lt;/div&gt;" SourceIndex="2602" TextLen="199" order="28" xPath="/#document/html/body/div[0]/div[2]/footer[0]/div[0]/div[0]/div[1]/ul[2]/li[2]/span[0]/#text"/>
<LayoutNode BgColor="#ffffff" ContainImg="0" ContainP="0" ContainTable="false" Content="Danh mụcMua bánCho thuêDự ánXem quy hoạchTrang chủTin tứcGiới thiệuLiên hệ &amp; Báo giá " DOMCldNum="7" DoC="5" FontSize="13" FontWeight="normal" FrameSourceIndex="0" ID="1-2-8-2" IsImg="false" LinkNum="8" LinkTextLen="76" ObjectRectHeight="270" ObjectRectLeft="615" ObjectRectTop="1591" ObjectRectWidth="359" SRC="&lt;div class=&quot;col-lg-4 col-md-3 col-sm-6 col-xs-12 col-menu&quot;&gt;                &lt;div class=&quot;title-footer&quot;&gt;Danh mục&lt;/div&gt;                &lt;a href=&quot;/nha-dat-ban&quot;&gt;Mua bán&lt;/a&gt;                &lt;a href=&quot;/nha-dat-cho-thue&quot;&gt;Cho thuê&lt;/a&gt;                &lt;a href=&quot;/du-an&quot;&gt;Dự án&lt;/a&gt;                &lt;a href=&quot;/ban-do-quy-hoach&quot;&gt;Xem quy hoạch&lt;/a&gt;                &lt;a href=&quot;/&quot;&gt;Trang chủ&lt;/a&gt;                &lt;a href=&quot;/tin-tuc/tin-thi-truong&quot;&gt;Tin tức&lt;/a&gt;                &lt;a href=&quot;/gioi-thieu&quot; rel=&quot;nofollow&quot;&gt;Giới thiệu&lt;/a&gt;                                &lt;a href=&quot;/lien-he&quot; rel=&quot;nofollow&quot;&gt;Liên hệ &amp; Báo giá&lt;/a&gt;            &lt;/div&gt;" SourceIndex="2634" TextLen="84" order="29" xPath="/#document/html/body/div[0]/div[2]/footer[0]/div[0]/div[1]/div[8]/a[0]/#text"/>
<LayoutNode BgColor="#ffffff" ContainImg="0" ContainP="0" ContainTable="false" Content="Liên kếtĐã đăng ký vớiBỘ CÔNG THƯƠNG " DOMCldNum="7" DoC="5" FontSize="13" FontWeight="normal" FrameSourceIndex="0" ID="1-2-8-3" IsImg="false" LinkNum="3" LinkTextLen="29" ObjectRectHeight="270" ObjectRectLeft="994" ObjectRectTop="1591" ObjectRectWidth="644" SRC="&lt;div class=&quot;col-lg-3 col-md-4 col-sm-6 col-xs-12 col-share&quot;&gt;                &lt;div class=&quot;title-footer&quot;&gt;Liên kết&lt;/div&gt;                &lt;a class=&quot;fa fa-facebook share&quot; href=&quot;https://www.facebook.com/dinhgianhadat/&quot; target=&quot;_blank&quot;/&gt;                                &lt;a class=&quot;fa fa-google-plus share&quot; href=&quot;https://plus.google.com/118149059835631643012&quot; target=&quot;_blank&quot;/&gt;                                &lt;a class=&quot;registered&quot; href=&quot;http://online.gov.vn/HomePage/WebsiteDisplay.aspx?DocId=1975&quot; rel=&quot;nofollow&quot; target=&quot;_blank&quot;&gt;Đã đăng ký với&lt;b&gt;BỘ CÔNG THƯƠNG&lt;/b&gt;&lt;/a&gt;            &lt;/div&gt;" SourceIndex="2664" TextLen="37" order="30" xPath="/#document/html/body/div[0]/div[2]/footer[0]/div[0]/div[2]/div[3]/a[0]/b[0]/#text"/>
</LayoutNode>
</LayoutNode>
</LayoutNode>
</VIPSPage>
