<VIPSPage PageRectHeight="980" PageRectLeft="0" PageRectTop="0" PageRectWidth="1420" PageTitle="Bán đất MT Đường N3 - 3 - tái định cư dự án Hưng Thịnh - xã Cam Hải Đông - Cam Lâm - Khánh Hoà - Tìm Nhà Đất - Kênh nhà đất số 1 Việt Nam" Url="https://timnhadat.net.vn/tin-rao/733959-ban-dat-mt-duong-n3-3-tai-dinh-cu-du-an-hung-thinh-xa-cam-hai-dong-cam-lam-khanh-hoa" WindowHeight="980" WindowWidth="1420" neworder="0" order="0">
<LayoutNode BgColor="#ffffff" ContainImg="20" ContainP="13" ContainTable="true" DOMCldNum="7" DoC="1" FontSize="11" FontWeight="700" FormNum="2" FormSize="20" FrameSourceIndex="0" ID="1" InteractionNum="0" InteractionSize="0" IsImg="false" LinkNum="114" LinkTextLen="1180" ObjectRectHeight="2779" ObjectRectLeft="0" ObjectRectTop="0" ObjectRectWidth="1420" OptionNum="0" OptionTextLength="0" ParaNum="1" SourceIndex="119" TableNum="0" TextLen="5413" order="1">
<LayoutNode BgColor="#ffffff" ContainImg="6" ContainP="1" ContainTable="false" DOMCldNum="7" DoC="5" FontSize="11" FontWeight="700" FormNum="0" FormSize="0" FrameSourceIndex="0" ID="1-1" InteractionNum="0" InteractionSize="0" IsImg="false" LinkNum="12" LinkTextLen="16" ObjectRectHeight="140" ObjectRectLeft="0" ObjectRectTop="0" ObjectRectWidth="1420" OptionNum="0" OptionTextLength="0" ParaNum="1" SourceIndex="119" TableNum="0" TextLen="45" order="2">
<LayoutNode BgColor="#ffffff" ContainImg="1" ContainP="1" ContainTable="false" Content="Kênh nhà đất số 1 Việt Nam  " DOMCldNum="7" DoC="8" FontSize="11" FontWeight="700" FormNum="0" FormSize="0" FrameSourceIndex="0" ID="1-1-1" InteractionNum="0" InteractionSize="0" IsImg="false" LinkNum="2" LinkTextLen="0" ObjectHeight="18" ObjectRectHeight="140" ObjectRectLeft="0" ObjectRectTop="0" ObjectRectWidth="415" ObjectWidth="215" ObjectX="200" ObjectY="122" OptionNum="0" OptionTextLength="0" ParaNum="1" SRC="&lt;p class=&quot;slg pc&quot;&gt;Kênh nhà đất số 1 Việt Nam&lt;/p&gt;&lt;div class=&quot;logo float-left&quot;&gt;        &lt;a href=&quot;https://timnhadat.net.vn&quot;&gt;            &lt;img alt=&quot;&quot; src=&quot;https://timnhadat.net.vn/images/logo.png&quot;/&gt;        &lt;/a&gt;        &lt;p class=&quot;slg pc&quot;&gt;Kênh nhà đất số 1 Việt Nam&lt;/p&gt;    &lt;/div&gt;" SourceIndex="128;121" TableNum="0" TextLen="26" order="3" xPath="/html[1]/body[1]/div[1]/div[2]/div[1]/div[1]/p[1]"/>
<LayoutNode BgColor="#ffffff" ContainImg="5" ContainP="0" ContainTable="false" DOMCldNum="7" DoC="5" FontSize="12" FontWeight="normal" FormNum="0" FormSize="0" FrameSourceIndex="0" ID="1-1-2" InteractionNum="0" InteractionSize="0" IsImg="false" LinkNum="10" LinkTextLen="16" ObjectRectHeight="140" ObjectRectLeft="440" ObjectRectTop="0" ObjectRectWidth="980" OptionNum="0" OptionTextLength="0" ParaNum="0" SourceIndex="119" TableNum="0" TextLen="19" order="4">
<LayoutNode BgColor="#ffffff" ContainImg="1" ContainP="0" ContainTable="false" Content=" " DOMCldNum="5" DoC="8" FontSize="12" FontWeight="normal" FormNum="0" FormSize="0" FrameSourceIndex="0" ID="1-1-2-1" InteractionNum="0" InteractionSize="0" IsImg="false" LinkNum="2" LinkTextLen="0" ObjectHeight="100" ObjectRectHeight="110" ObjectRectLeft="440" ObjectRectTop="0" ObjectRectWidth="980" ObjectWidth="780" ObjectX="440" ObjectY="10" OptionNum="0" OptionTextLength="0" ParaNum="0" SRC="&lt;div class=&quot;header-banner&quot;&gt;                                                &lt;a href=&quot;http://batlothotom.com/&quot; target=&quot;_blank&quot;&gt;&lt;img alt=&quot;&quot; src=&quot;https://timnhadat.net.vn/storage/banners/1/1541734568.gif&quot;/&gt;&lt;/a&gt;                                    &lt;/div&gt;" SourceIndex="134" TableNum="0" TextLen="0" order="5" xPath="/html[1]/body[1]/div[1]/div[2]/div[1]/div[2]/div[1]"/>
<LayoutNode BgColor="#ffffff" ContainImg="4" ContainP="0" ContainTable="false" Content="Đăng ký Đăng nhập " DOMCldNum="7" DoC="5" FontSize="12" FontWeight="normal" FormNum="0" FormSize="0" FrameSourceIndex="0" ID="1-1-2-2" InteractionNum="0" InteractionSize="0" IsImg="false" LinkNum="8" LinkTextLen="16" ObjectHeight="21" ObjectRectHeight="21" ObjectRectLeft="440" ObjectRectTop="119" ObjectRectWidth="980" ObjectWidth="241" ObjectX="957" ObjectY="119" OptionNum="0" OptionTextLength="0" ParaNum="0" SRC="&lt;div class=&quot;header-actions&quot;&gt;            &lt;a class=&quot;action-item social&quot; href=&quot;https://www.facebook.com/&quot; target=&quot;_blank&quot;&gt;&lt;img src=&quot;https://timnhadat.net.vn/images/facebook-logo.png&quot;/&gt;&lt;/a&gt;                        &lt;a class=&quot;action-item social&quot; href=&quot;https://www.youtube.com/&quot; target=&quot;_blank&quot;&gt;&lt;img src=&quot;https://timnhadat.net.vn/images/youtube.png&quot;/&gt;&lt;/a&gt;                    &lt;!-- Authentication Links --&gt;                            &lt;a class=&quot;action-item&quot; href=&quot;https://timnhadat.net.vn/dang-ky&quot;&gt;&lt;img class=&quot;icon&quot; src=&quot;https://timnhadat.net.vn/images/user_accounts.png&quot;/&gt;Đăng ký&lt;/a&gt;                &lt;a class=&quot;action-item&quot; href=&quot;https://timnhadat.net.vn/dang-nhap&quot;&gt;&lt;img src=&quot;https://timnhadat.net.vn/images/login-key-icon.png&quot;/&gt;Đăng nhập&lt;/a&gt;                    &lt;/div&gt;" SourceIndex="140" TableNum="0" TextLen="19" order="6" xPath="/html[1]/body[1]/div[1]/div[2]/div[1]/div[2]/div[2]"/>
</LayoutNode>
</LayoutNode>
<LayoutNode BgColor="#055699" ContainImg="1" ContainP="0" ContainTable="false" Content="Nhà đất bán Bán căn hộ chung cư Bán nhà riêng Bán nhà biệt thự, liền kề Bán nhà mặt phố Bán đất nền dự án Bán đất Bán trang trại, khu nghỉ dưỡng Bán kho, nhà xưởng Bán loại bất động sản khác Nhà đất cho thuê Cho thuê căn hộ chung cư Cho thuê nhà riêng Cho thuê nhà mặt phố Cho thuê nhà trọ, phòng trọ Cho thuê văn phòng Cho thuê cửa hàng, ki ốt Cho thuê kho, nhà xưởng, đất Cho thuê loại bất động sản khác Nhà đất cần mua Mua căn hộ chung cư Mua nhà riêng Mua nhà biệt thự, liền kề Mua nhà mặt phố Mua đất nền dự án Mua đất Mua trang trại, khu nghỉ dưỡng Mua kho, nhà xưởng Mua loại bất động sản khác Nhà đất cần thuê Cần thuê căn hộ chung cư Cần thuê nhà riêng Cần thuê nhà mặt phố Cần thuê nhà trọ, phòng trọ Cần thuê văn phòng Cần thuê cửa hàng, ki ốt Cần thuê kho, nhà xưởng, đất Cần thuê loại bất động sản khác Khuyến mãi - Thông báo   " DOMCldNum="13" DoC="5" FontSize="12" FontWeight="700" FormNum="0" FormSize="0" FrameSourceIndex="0" ID="1-2" InteractionNum="0" InteractionSize="0" IsImg="false" LinkNum="12" LinkTextLen="80" ObjectHeight="30" ObjectRectHeight="30" ObjectRectLeft="0" ObjectRectTop="145" ObjectRectWidth="1420" ObjectWidth="978" ObjectX="210" ObjectY="145" OptionNum="0" OptionTextLength="0" ParaNum="0" SRC="&lt;div class=&quot;menu&quot;&gt;    &lt;div class=&quot;home-icon&quot;&gt;        &lt;a href=&quot;https://timnhadat.net.vn&quot;&gt;&lt;img src=&quot;https://timnhadat.net.vn/images/home.png&quot;/&gt;&lt;/a&gt;    &lt;/div&gt;            &lt;div class=&quot;menu-item &quot; data-depth=&quot;0&quot; data-id=&quot;2&quot;&gt;            &lt;a href=&quot;/danh-muc/nha-dat-ban&quot;&gt;Nhà đất bán&lt;/a&gt;            &lt;div class=&quot;sub-menu&quot; data-id=&quot;2&quot;&gt;                                    &lt;div class=&quot;menu-item &quot; data-depth=&quot;1&quot; data-id=&quot;3&quot;&gt;                        &lt;a href=&quot;/danh-muc/ban-can-ho-chung-cu&quot;&gt;Bán căn hộ chung cư&lt;/a&gt;                    &lt;/div&gt;                                    &lt;div class=&quot;menu-item &quot; data-depth=&quot;1&quot; data-id=&quot;4&quot;&gt;                        &lt;a href=&quot;/danh-muc/ban-nha-rieng&quot;&gt;Bán nhà riêng&lt;/a&gt;                    &lt;/div&gt;                                    &lt;div class=&quot;menu-item &quot; data-depth=&quot;1&quot; data-id=&quot;5&quot;&gt;                        &lt;a href=&quot;/danh-muc/ban-nha-biet-thu-lien-ke&quot;&gt;Bán nhà biệt thự, liền kề&lt;/a&gt;                    &lt;/div&gt;                                    &lt;div class=&quot;menu-item &quot; data-depth=&quot;1&quot; data-id=&quot;6&quot;&gt;                        &lt;a href=&quot;/danh-muc/ban-nha-mat-pho&quot;&gt;Bán nhà mặt phố&lt;/a&gt;                    &lt;/div&gt;                                    &lt;div class=&quot;menu-item &quot; data-depth=&quot;1&quot; data-id=&quot;7&quot;&gt;                        &lt;a href=&quot;/danh-muc/ban-dat-nen-du-an&quot;&gt;Bán đất nền dự án&lt;/a&gt;                    &lt;/div&gt;                                    &lt;div class=&quot;menu-item &quot; data-depth=&quot;1&quot; data-id=&quot;8&quot;&gt;                        &lt;a href=&quot;/danh-muc/ban-dat&quot;&gt;Bán đất&lt;/a&gt;                    &lt;/div&gt;                                    &lt;div class=&quot;menu-item &quot; data-depth=&quot;1&quot; data-id=&quot;9&quot;&gt;                        &lt;a href=&quot;/danh-muc/ban-trang-trai-khu-nghi-duong&quot;&gt;Bán trang trại, khu nghỉ dưỡng&lt;/a&gt;                    &lt;/div&gt;                                    &lt;div class=&quot;menu-item &quot; data-depth=&quot;1&quot; data-id=&quot;10&quot;&gt;                        &lt;a href=&quot;/danh-muc/ban-kho-nha-xuong&quot;&gt;Bán kho, nhà xưởng&lt;/a&gt;                    &lt;/div&gt;                                    &lt;div class=&quot;menu-item &quot; data-depth=&quot;1&quot; data-id=&quot;11&quot;&gt;                        &lt;a href=&quot;/danh-muc/ban-loai-bat-dong-san-khac&quot;&gt;Bán loại bất động sản khác&lt;/a&gt;                    &lt;/div&gt;                            &lt;/div&gt;        &lt;/div&gt;            &lt;div class=&quot;menu-item &quot; data-depth=&quot;0&quot; data-id=&quot;12&quot;&gt;            &lt;a href=&quot;/danh-muc/nha-dat-cho-thue&quot;&gt;Nhà đất cho thuê&lt;/a&gt;            &lt;div class=&quot;sub-menu&quot; data-id=&quot;12&quot;&gt;                                    &lt;div class=&quot;menu-item &quot; data-depth=&quot;1&quot; data-id=&quot;13&quot;&gt;                        &lt;a href=&quot;/danh-muc/cho-thue-can-ho-chung-cu&quot;&gt;Cho thuê căn hộ chung cư&lt;/a&gt;                    &lt;/div&gt;                                    &lt;div class=&quot;menu-item &quot; data-depth=&quot;1&quot; data-id=&quot;14&quot;&gt;                        &lt;a href=&quot;/danh-muc/cho-thue-nha-rieng&quot;&gt;Cho thuê nhà riêng&lt;/a&gt;                    &lt;/div&gt;                                    &lt;div class=&quot;menu-item &quot; data-depth=&quot;1&quot; data-id=&quot;15&quot;&gt;                        &lt;a href=&quot;/danh-muc/cho-thue-nha-mat-pho&quot;&gt;Cho thuê nhà mặt phố&lt;/a&gt;                    &lt;/div&gt;                                    &lt;div class=&quot;menu-item &quot; data-depth=&quot;1&quot; data-id=&quot;16&quot;&gt;                        &lt;a href=&quot;/danh-muc/cho-thue-nha-tro-phong-tro&quot;&gt;Cho thuê nhà trọ, phòng trọ&lt;/a&gt;                    &lt;/div&gt;                                    &lt;div class=&quot;menu-item &quot; data-depth=&quot;1&quot; data-id=&quot;17&quot;&gt;                        &lt;a href=&quot;/danh-muc/cho-thue-van-phong&quot;&gt;Cho thuê văn phòng&lt;/a&gt;                    &lt;/div&gt;                                    &lt;div class=&quot;menu-item &quot; data-depth=&quot;1&quot; data-id=&quot;18&quot;&gt;                        &lt;a href=&quot;/danh-muc/cho-thue-cua-hang-ki-ot&quot;&gt;Cho thuê cửa hàng, ki ốt&lt;/a&gt;                    &lt;/div&gt;                                    &lt;div class=&quot;menu-item &quot; data-depth=&quot;1&quot; data-id=&quot;19&quot;&gt;                        &lt;a href=&quot;/danh-muc/cho-thue-kho-nha-xuong-dat&quot;&gt;Cho thuê kho, nhà xưởng, đất&lt;/a&gt;                    &lt;/div&gt;                                    &lt;div class=&quot;menu-item &quot; data-depth=&quot;1&quot; data-id=&quot;20&quot;&gt;                        &lt;a href=&quot;/danh-muc/cho-thue-loai-bat-dong-san-khac&quot;&gt;Cho thuê loại bất động sản khác&lt;/a&gt;                    &lt;/div&gt;                            &lt;/div&gt;        &lt;/div&gt;            &lt;div class=&quot;menu-item &quot; data-depth=&quot;0&quot; data-id=&quot;21&quot;&gt;            &lt;a href=&quot;/danh-muc/nha-dat-can-mua&quot;&gt;Nhà đất cần mua&lt;/a&gt;            &lt;div class=&quot;sub-menu&quot; data-id=&quot;21&quot;&gt;                                    &lt;div class=&quot;menu-item &quot; data-depth=&quot;1&quot; data-id=&quot;22&quot;&gt;                        &lt;a href=&quot;/danh-muc/mua-can-ho-chung-cu&quot;&gt;Mua căn hộ chung cư&lt;/a&gt;                    &lt;/div&gt;                                    &lt;div class=&quot;menu-item &quot; data-depth=&quot;1&quot; data-id=&quot;23&quot;&gt;                        &lt;a href=&quot;/danh-muc/mua-nha-rieng&quot;&gt;Mua nhà riêng&lt;/a&gt;                    &lt;/div&gt;                                    &lt;div class=&quot;menu-item &quot; data-depth=&quot;1&quot; data-id=&quot;24&quot;&gt;                        &lt;a href=&quot;/danh-muc/mua-nha-biet-thu-lien-ke&quot;&gt;Mua nhà biệt thự, liền kề&lt;/a&gt;                    &lt;/div&gt;                                    &lt;div class=&quot;menu-item &quot; data-depth=&quot;1&quot; data-id=&quot;25&quot;&gt;                        &lt;a href=&quot;/danh-muc/mua-nha-mat-pho&quot;&gt;Mua nhà mặt phố&lt;/a&gt;                    &lt;/div&gt;                                    &lt;div class=&quot;menu-item &quot; data-depth=&quot;1&quot; data-id=&quot;26&quot;&gt;                        &lt;a href=&quot;/danh-muc/mua-dat-nen-du-an&quot;&gt;Mua đất nền dự án&lt;/a&gt;                    &lt;/div&gt;                                    &lt;div class=&quot;menu-item &quot; data-depth=&quot;1&quot; data-id=&quot;27&quot;&gt;                        &lt;a href=&quot;/danh-muc/mua-dat&quot;&gt;Mua đất&lt;/a&gt;                    &lt;/div&gt;                                    &lt;div class=&quot;menu-item &quot; data-depth=&quot;1&quot; data-id=&quot;28&quot;&gt;                        &lt;a href=&quot;/danh-muc/mua-trang-trai-khu-nghi-duong&quot;&gt;Mua trang trại, khu nghỉ dưỡng&lt;/a&gt;                    &lt;/div&gt;                                    &lt;div class=&quot;menu-item &quot; data-depth=&quot;1&quot; data-id=&quot;29&quot;&gt;                        &lt;a href=&quot;/danh-muc/mua-kho-nha-xuong&quot;&gt;Mua kho, nhà xưởng&lt;/a&gt;                    &lt;/div&gt;                                    &lt;div class=&quot;menu-item &quot; data-depth=&quot;1&quot; data-id=&quot;30&quot;&gt;                        &lt;a href=&quot;/danh-muc/mua-loai-bat-dong-san-khac&quot;&gt;Mua loại bất động sản khác&lt;/a&gt;                    &lt;/div&gt;                            &lt;/div&gt;        &lt;/div&gt;            &lt;div class=&quot;menu-item &quot; data-depth=&quot;0&quot; data-id=&quot;31&quot;&gt;            &lt;a href=&quot;/danh-muc/nha-dat-can-thue&quot;&gt;Nhà đất cần thuê&lt;/a&gt;            &lt;div class=&quot;sub-menu&quot; data-id=&quot;31&quot;&gt;                                    &lt;div class=&quot;menu-item &quot; data-depth=&quot;1&quot; data-id=&quot;32&quot;&gt;                        &lt;a href=&quot;/danh-muc/can-thue-can-ho-chung-cu&quot;&gt;Cần thuê căn hộ chung cư&lt;/a&gt;                    &lt;/div&gt;                                    &lt;div class=&quot;menu-item &quot; data-depth=&quot;1&quot; data-id=&quot;33&quot;&gt;                        &lt;a href=&quot;/danh-muc/can-thue-nha-rieng&quot;&gt;Cần thuê nhà riêng&lt;/a&gt;                    &lt;/div&gt;                                    &lt;div class=&quot;menu-item &quot; data-depth=&quot;1&quot; data-id=&quot;34&quot;&gt;                        &lt;a href=&quot;/danh-muc/can-thue-nha-mat-pho&quot;&gt;Cần thuê nhà mặt phố&lt;/a&gt;                    &lt;/div&gt;                                    &lt;div class=&quot;menu-item &quot; data-depth=&quot;1&quot; data-id=&quot;35&quot;&gt;                        &lt;a href=&quot;/danh-muc/can-thue-nha-tro-phong-tro&quot;&gt;Cần thuê nhà trọ, phòng trọ&lt;/a&gt;                    &lt;/div&gt;                                    &lt;div class=&quot;menu-item &quot; data-depth=&quot;1&quot; data-id=&quot;36&quot;&gt;                        &lt;a href=&quot;/danh-muc/can-thue-van-phong&quot;&gt;Cần thuê văn phòng&lt;/a&gt;                    &lt;/div&gt;                                    &lt;div class=&quot;menu-item &quot; data-depth=&quot;1&quot; data-id=&quot;37&quot;&gt;                        &lt;a href=&quot;/danh-muc/can-thue-cua-hang-ki-ot&quot;&gt;Cần thuê cửa hàng, ki ốt&lt;/a&gt;                    &lt;/div&gt;                                    &lt;div class=&quot;menu-item &quot; data-depth=&quot;1&quot; data-id=&quot;38&quot;&gt;                        &lt;a href=&quot;/danh-muc/can-thue-kho-nha-xuong-dat&quot;&gt;Cần thuê kho, nhà xưởng, đất&lt;/a&gt;                    &lt;/div&gt;                                    &lt;div class=&quot;menu-item &quot; data-depth=&quot;1&quot; data-id=&quot;39&quot;&gt;                        &lt;a href=&quot;/danh-muc/can-thue-loai-bat-dong-san-khac&quot;&gt;Cần thuê loại bất động sản khác&lt;/a&gt;                    &lt;/div&gt;                            &lt;/div&gt;        &lt;/div&gt;        &lt;div class=&quot;menu-item &quot; data-depth=&quot;0&quot;&gt;        &lt;a href=&quot;https://timnhadat.net.vn/khuyen-mai-thong-bao&quot;&gt;Khuyến mãi - Thông báo&lt;/a&gt;    &lt;/div&gt;    &lt;div class=&quot;menu-item menu-last float-left&quot;&gt; &lt;/div&gt;    &lt;div class=&quot;clear&quot;/&gt;&lt;/div&gt;" SourceIndex="163" TableNum="0" TextLen="81" order="7" xPath="/html[1]/body[1]/div[1]/div[2]/div[2]"/>
<LayoutNode BgColor="#ffffff" ContainImg="0" ContainP="0" ContainTable="false" Content="Nhà đất bán Nhà đất cho thuê Nhà đất cần mua Nhà đất cần thuê Tìm kiếm " DOMCldNum="13" DoC="5" FontSize="12" FontWeight="400" FormNum="1" FormSize="20" FrameSourceIndex="0" ID="1-3" InteractionNum="0" InteractionSize="0" IsImg="false" LinkNum="0" LinkTextLen="0" ObjectHeight="34" ObjectRectHeight="34" ObjectRectLeft="0" ObjectRectTop="185" ObjectRectWidth="1420" ObjectWidth="988" ObjectX="205" ObjectY="185" OptionNum="0" OptionTextLength="0" ParaNum="0" SRC="&lt;div class=&quot;menu-search&quot;&gt;    &lt;form action=&quot;https://timnhadat.net.vn/tim-kiem&quot; id=&quot;header_search_form&quot; method=&quot;get&quot;&gt;        &lt;input name=&quot;search_keyword&quot; placeholder=&quot;Nhập từ khóa để tìm theo cụm từ&quot; type=&quot;text&quot; value=&quot;&quot;/&gt;        &lt;select class=&quot;select2&quot; name=&quot;category_id&quot;&gt;                            &lt;option selected=&quot;&quot; value=&quot;1&quot;&gt;Nhà đất bán&lt;/option&gt;                            &lt;option value=&quot;13&quot;&gt;Nhà đất cho thuê&lt;/option&gt;                            &lt;option value=&quot;22&quot;&gt;Nhà đất cần mua&lt;/option&gt;                            &lt;option value=&quot;32&quot;&gt;Nhà đất cần thuê&lt;/option&gt;                    &lt;/select&gt;        &lt;button class=&quot;btn btn-sm btn-primary&quot; type=&quot;submit&quot;&gt;Tìm kiếm&lt;/button&gt;    &lt;/form&gt;&lt;/div&gt;" SourceIndex="482" TableNum="0" TextLen="10" order="8" xPath="/html[1]/body[1]/div[1]/div[2]/div[3]"/>
<LayoutNode BgColor="#ffffff" ContainImg="1" ContainP="0" ContainTable="false" DOMCldNum="23" DoC="5" FontSize="16" FontWeight="700" FormNum="1" FormSize="20" FrameSourceIndex="0" ID="1-4" InteractionNum="0" InteractionSize="0" IsImg="false" LinkNum="4" LinkTextLen="23" ObjectRectHeight="440" ObjectRectLeft="0" ObjectRectTop="224" ObjectRectWidth="1420" OptionNum="0" OptionTextLength="0" ParaNum="0" SourceIndex="1142" TableNum="0" TextLen="678" order="9">
<LayoutNode BgColor="#ffffff" ContainImg="0" ContainP="0" ContainTable="false" DOMCldNum="23" DoC="5" FontSize="16" FontWeight="700" FormNum="0" FormSize="0" FrameSourceIndex="0" ID="1-4-1" InteractionNum="0" InteractionSize="0" IsImg="false" LinkNum="0" LinkTextLen="0" ObjectRectHeight="440" ObjectRectLeft="0" ObjectRectTop="224" ObjectRectWidth="930" OptionNum="0" OptionTextLength="0" ParaNum="0" SourceIndex="1142" TableNum="0" TextLen="552" order="10">
<LayoutNode BgColor="#ffffff" ContainImg="0" ContainP="0" ContainTable="false" Content="Bán đất MT Đường N3 - 3 - tái định cư dự án Hưng Thịnh - xã Cam Hải Đông - Cam Lâm - Khánh Hoà " DOMCldNum="23" DoC="10" FontSize="16" FontWeight="700" FormNum="0" FormSize="0" FrameSourceIndex="0" ID="1-4-1-1" InteractionNum="0" InteractionSize="0" IsImg="false" LinkNum="0" LinkTextLen="0" ObjectHeight="44" ObjectRectHeight="54" ObjectRectLeft="0" ObjectRectTop="224" ObjectRectWidth="930" ObjectWidth="730" ObjectX="200" ObjectY="234" OptionNum="0" OptionTextLength="0" ParaNum="0" SRC="&lt;h1 class=&quot;post-title&quot;&gt;Bán đất MT Đường N3 - 3 - tái định cư dự án Hưng Thịnh - xã Cam Hải Đông - Cam Lâm - Khánh Hoà&lt;/h1&gt;" SourceIndex="1144" TableNum="0" TextLen="93" order="11" xPath="/html[1]/body[1]/div[1]/div[2]/div[4]/div[2]/div[1]/h1[1]"/>
<LayoutNode BgColor="#ffffff" ContainImg="0" ContainP="0" ContainTable="false" Content="Khu vực: Cam Lâm, Khánh Hòa Giá: 3.85 Tỷ Diện tích: 200.6m2 " DOMCldNum="23" DoC="5" FontSize="12" FontWeight="normal" FormNum="0" FormSize="0" FrameSourceIndex="0" ID="1-4-1-2" InteractionNum="0" InteractionSize="0" IsImg="false" LinkNum="0" LinkTextLen="0" ObjectHeight="18" ObjectRectHeight="40" ObjectRectLeft="0" ObjectRectTop="288" ObjectRectWidth="930" ObjectWidth="730" ObjectX="200" ObjectY="288" OptionNum="0" OptionTextLength="0" ParaNum="0" SRC="&lt;div class=&quot;post-location&quot;&gt;&lt;b&gt;Khu vực:&lt;/b&gt;            &lt;span&gt;Cam Lâm, Khánh Hòa&lt;/span&gt;&lt;/div&gt;&lt;div class=&quot;post-price&quot;&gt;&lt;b&gt;Giá:&lt;/b&gt; &lt;span&gt;3.85 Tỷ&lt;/span&gt;        &lt;/div&gt;&lt;div class=&quot;post-area&quot;&gt;&lt;b&gt;Diện tích:&lt;/b&gt;            &lt;span&gt;200.6m2&lt;/span&gt;&lt;/div&gt;" SourceIndex="1147;1154;1162" TableNum="0" TextLen="57" order="12" xPath="/html[1]/body[1]/div[1]/div[2]/div[4]/div[2]/div[1]/div[1]"/>
<LayoutNode BgColor="#ffffff" ContainImg="0" ContainP="0" ContainTable="false" Content="Thông tin mô tả " DOMCldNum="7" DoC="10" FontSize="12" FontWeight="700" FormNum="0" FormSize="0" FrameSourceIndex="0" ID="1-4-1-3" InteractionNum="0" InteractionSize="0" IsImg="false" LinkNum="0" LinkTextLen="0" ObjectHeight="18" ObjectRectHeight="18" ObjectRectLeft="0" ObjectRectTop="338" ObjectRectWidth="930" ObjectWidth="730" ObjectX="200" ObjectY="338" OptionNum="0" OptionTextLength="0" ParaNum="0" SRC="&lt;div class=&quot;post-detail-title&quot;&gt;Thông tin mô tả&lt;/div&gt;" SourceIndex="1173" TableNum="0" TextLen="15" order="13" xPath="/html[1]/body[1]/div[1]/div[2]/div[4]/div[2]/div[1]/div[5]/div[1]"/>
<LayoutNode BgColor="#ffffff" ContainImg="0" ContainP="0" ContainTable="false" Content="Bán đất mặt tiền Đường N3 - 3 - tái định cư dự án Hưng Thịnh - Xã Cam Hải Đông - Cam Lâm - Khánh Hoà. DT: 200,6m2 (ngang 9,22m). Hướng Đông. Đường nhựa hiện trạng 13m. Phong thuỷ: Lưng tựa núi mặt hướng biển. Khu dân cư ổn định, an ninh tốt, phù hợp xây biệt thự nghỉ dưỡng hoặc xây khách sạn. Giá bán nhanh khách đầu tư: 3.85 tỷ. Liên hệ ngay: Mr Hoàng 0972 206 206. Thông tin pháp lý: Sổ hồng. " DOMCldNum="7" DoC="8" FontSize="14" FontWeight="normal" FormNum="0" FormSize="0" FrameSourceIndex="0" ID="1-4-1-4" InteractionNum="0" InteractionSize="0" IsImg="false" LinkNum="0" LinkTextLen="0" ObjectHeight="300" ObjectRectHeight="303" ObjectRectLeft="0" ObjectRectTop="361" ObjectRectWidth="930" ObjectWidth="730" ObjectX="200" ObjectY="361" OptionNum="0" OptionTextLength="0" ParaNum="0" SRC="&lt;div class=&quot;post-detail-content&quot;&gt;                Bán đất mặt tiền Đường N3 - 3 - tái định cư dự án Hưng Thịnh - Xã Cam Hải Đông - Cam Lâm - Khánh Hoà.&lt;br/&gt;DT: 200,6m2 (ngang 9,22m).&lt;br/&gt;Hướng Đông.&lt;br/&gt;Đường nhựa hiện trạng 13m.&lt;br/&gt;Phong thuỷ: Lưng tựa núi mặt hướng biển.&lt;br/&gt;Khu dân cư ổn định, an ninh tốt, phù hợp xây biệt thự nghỉ dưỡng hoặc xây khách sạn.&lt;br/&gt;Giá bán nhanh khách đầu tư: 3.85 tỷ.&lt;br/&gt;Liên hệ ngay: Mr Hoàng 0972 206 206.&lt;br/&gt;&lt;br/&gt;Thông tin pháp lý: Sổ hồng.            &lt;/div&gt;" SourceIndex="1176" TableNum="0" TextLen="387" order="14" xPath="/html[1]/body[1]/div[1]/div[2]/div[4]/div[2]/div[1]/div[5]/div[2]"/>
</LayoutNode>
<LayoutNode BgColor="#ffffff" ContainImg="1" ContainP="0" ContainTable="false" DOMCldNum="5" DoC="5" FontSize="12" FontWeight="normal" FormNum="1" FormSize="20" FrameSourceIndex="0" ID="1-4-2" InteractionNum="0" InteractionSize="0" IsImg="false" LinkNum="4" LinkTextLen="23" ObjectRectHeight="440" ObjectRectLeft="970" ObjectRectTop="224" ObjectRectWidth="450" OptionNum="0" OptionTextLength="0" ParaNum="0" SourceIndex="510" TableNum="0" TextLen="126" order="15">
<LayoutNode BgColor="#ffffff" ContainImg="1" ContainP="0" ContainTable="false" Content="Nhận bản tin từ Timnhadat.net.vn Đăng ký " DOMCldNum="5" DoC="5" FontSize="12" FontWeight="normal" FormNum="0" FormSize="0" FrameSourceIndex="0" ID="1-4-2-1" InteractionNum="0" InteractionSize="0" IsImg="false" LinkNum="2" LinkTextLen="7" ObjectHeight="60" ObjectRectHeight="66" ObjectRectLeft="970" ObjectRectTop="224" ObjectRectWidth="450" ObjectWidth="238" ObjectX="976" ObjectY="230" OptionNum="0" OptionTextLength="0" ParaNum="0" SRC="&lt;div class=&quot;newsletter-form-small&quot;&gt;            &lt;div class=&quot;mb5&quot;&gt;                &lt;div class=&quot;float-left&quot;&gt;                    &lt;img src=&quot;https://timnhadat.net.vn/images/icon-newsletter-small.jpg&quot;/&gt;&lt;/div&gt;                &lt;div class=&quot;float-left news-text&quot;&gt;Nhận bản tin từ Timnhadat.net.vn&lt;/div&gt;                &lt;div class=&quot;clear&quot;/&gt;            &lt;/div&gt;            &lt;div&gt;                &lt;div class=&quot;float-left&quot;&gt;                    &lt;input id=&quot;email&quot; placeholder=&quot;Nhập email của bạn&quot; type=&quot;text&quot;/&gt;&lt;/div&gt;                &lt;div class=&quot;float-left&quot;&gt;&lt;a class=&quot;newsletter-register&quot; href=&quot;#&quot; id=&quot;newsletter&quot;&gt;Đăng ký&lt;/a&gt;&lt;/div&gt;                &lt;div class=&quot;clear&quot;/&gt;            &lt;/div&gt;        &lt;/div&gt;" SourceIndex="512" TableNum="0" TextLen="39" order="16" xPath="/html[1]/body[1]/div[1]/div[2]/div[4]/div[1]/div[1]"/>
<LayoutNode BgColor="#055699" ContainImg="0" ContainP="0" ContainTable="false" Content="Tìm kiếm trên 10.000.000 tin rao Nhà đất bán Nhà đất cho thuê --Chọn loại nhà đất-- - Bán căn hộ chung cư - Tất cả các loại nhà bán + Bán nhà riêng + Bán nhà biệt thự, liền kề + Bán nhà mặt phố - Tất cả các loại đất bán + Bán đất nền dự án + Bán đất - Bán trang trại, khu nghỉ dưỡng - Bán kho, nhà xưởng - Bán loại bất động sản khác --Chọn Tỉnh/Thành phố-- Hồ Chí Minh Hà Nội Đà Nẵng Bình Dương Đồng Nai Khánh Hòa Hải Phòng Long An Quảng Nam Bà Rịa Vũng Tàu Đắk Lắk Cần Thơ Bình Thuận Lâm Đồng Thừa Thiên Huế Kiên Giang Bắc Ninh Quảng Ninh Thanh Hóa Nghệ An Hải Dương Gia Lai Bình Phước Hưng Yên Bình Định Tiền Giang Thái Bình Bắc Giang Hòa Bình An Giang Vĩnh Phúc Tây Ninh Thái Nguyên Lào Cai Nam Định Quảng Ngãi Bến Tre Đắk Nông Cà Mau Vĩnh Long Ninh Bình Phú Thọ Ninh Thuận Phú Yên Hà Nam Hà Tĩnh Đồng Tháp Sóc Trăng Kon Tum Quảng Bình Quảng Trị Trà Vinh Hậu Giang Sơn La Bạc Liêu Yên Bái Tuyên Quang Điện Biên Lai Châu Lạng Sơn Hà Giang Bắc Kạn Cao Bằng --Chọn Quận/Huyện-- Huyện Cam Lâm Huyện Diên Khánh Huyện Khánh Sơn Huyện Khánh Vĩnh Thị xã Ninh Hòa Huyện Trường Sa Huyện Vạn Ninh Thành phố Nha Trang Thành phố Cam Ranh --Chọn diện tích-- &lt;= 30m2 30 - 50m2 50 - 80m2 80 - 100m2 100 - 150m2 150 - 200m2 200 - 250m2 250 - 300m2 300 - 500m2 &gt;= 500m2 --Chọn mức giá-- &lt; 500 triệu 500 - 800 triệu 800 triệu - 1 tỷ 1 - 2 tỷ 2 - 3 tỷ 3 - 5 tỷ 5 - 7 tỷ 7 - 10 tỷ 10 - 20 tỷ 20 - 30 tỷ &gt; 30 tỷ --Chọn Phường/Xã-- Xã Cam Tân Xã Cam Hòa Xã Sơn Tân Xã Cam Hải Tây Xã Cam Hiệp Bắc Xã Cam Hiệp Nam Xã Cam Thành Bắc Xã Cam An Bắc Xã Cam An Nam Xã Cam Phước Tây Xã Cam Hải Đông Xã Suối Tân Xã Suối Cát Thị trấn Cam Đức --Chọn Đường/Phố-- 1 3 Bà Huyện Thanh Quan Bãi Giếng - Trung Hiệp Cửu Long Đào Duy Anh Đinh Tiên Hoàng Hồ Xuân Hương Hương lộ 39 Lập Định - Suối Môn Lê Duẩn Lý Thái Tổ N5A Nguyễn Tất Thành Nguyễn Thị Minh Khai Nguyễn Trãi Quốc Lộ 1 Quốc lộ 1A Tỉnh lộ 3 Tỉnh lộ 9 Yersin --Chọn số phòng ngủ-- 1+ 2+ 3+ 4+ 5+ --Chọn hướng nhà-- KXĐ Đông Tây Nam Bắc Đông-Bắc Tây-Bắc Tây-Nam Đông-Nam Ẩn tìm nâng cao Tìm nâng cao Tìm kiếm " DOMCldNum="5" DoC="5" FontSize="12" FontWeight="700" FormNum="1" FormSize="20" FrameSourceIndex="0" ID="1-4-2-2" InteractionNum="0" InteractionSize="0" IsImg="false" LinkNum="2" LinkTextLen="16" ObjectHeight="28" ObjectRectHeight="356" ObjectRectLeft="970" ObjectRectTop="308" ObjectRectWidth="450" ObjectWidth="250" ObjectX="970" ObjectY="308" OptionNum="0" OptionTextLength="0" ParaNum="0" SRC="&lt;div class=&quot;block-title&quot;&gt;                                    &lt;span&gt;Tìm kiếm trên 10.000.000 tin rao&lt;/span&gt;                            &lt;/div&gt;&lt;div class=&quot;block-content&quot;&gt;                &lt;div class=&quot;tabs&quot;&gt;                                            &lt;div class=&quot;tab  active &quot; data-category-id=&quot;1&quot; data-tab-index=&quot;1&quot;&gt;Nhà đất bán&lt;/div&gt;                        &lt;div class=&quot;tab space&quot;/&gt;                                            &lt;div class=&quot;tab &quot; data-category-id=&quot;13&quot; data-tab-index=&quot;1&quot;&gt;Nhà đất cho thuê&lt;/div&gt;                        &lt;div class=&quot;tab space&quot;/&gt;                                        &lt;div class=&quot;cell-last&quot;/&gt;                &lt;/div&gt;                &lt;form action=&quot;https://timnhadat.net.vn/tim-nang-cao&quot; id=&quot;search&quot; method=&quot;get&quot;&gt;                    &lt;div class=&quot;tab-contents&quot;&gt;                        &lt;div class=&quot;tab-content&quot; data-tab-index=&quot;1&quot;&gt;                            &lt;input name=&quot;advanced_search&quot; type=&quot;hidden&quot; value=&quot;1&quot;/&gt;                            &lt;input name=&quot;category_id1&quot; type=&quot;hidden&quot; value=&quot;1&quot;/&gt;                                                                                                                &lt;div class=&quot;input&quot;&gt;                                &lt;select class=&quot;select2-search select-category-2&quot; data-width=&quot;100%&quot; name=&quot;category_id2&quot;&gt;                                    &lt;option value=&quot;&quot;&gt;--Chọn loại nhà đất--&lt;/option&gt;                                                                                                                        &lt;option value=&quot;2&quot;&gt;- Bán căn hộ chung cư&lt;/option&gt;                                                                                                                                                                                                                            &lt;option value=&quot;3&quot;&gt;- Tất cả các loại nhà bán&lt;/option&gt;                                                                                                                                                &lt;option value=&quot;4&quot;&gt;                                                        + Bán nhà riêng&lt;/option&gt;                                                                                                    &lt;option value=&quot;5&quot;&gt;                                                        + Bán nhà biệt thự, liền kề&lt;/option&gt;                                                                                                    &lt;option value=&quot;6&quot;&gt;                                                        + Bán nhà mặt phố&lt;/option&gt;                                                                                                                                                                                &lt;option value=&quot;7&quot;&gt;- Tất cả các loại đất bán&lt;/option&gt;                                                                                                                                                &lt;option selected=&quot;&quot; value=&quot;8&quot;&gt;                                                        + Bán đất nền dự án&lt;/option&gt;                                                                                                    &lt;option value=&quot;9&quot;&gt;                                                        + Bán đất&lt;/option&gt;                                                                                                                                                                                &lt;option value=&quot;10&quot;&gt;- Bán trang trại, khu nghỉ dưỡng&lt;/option&gt;                                                                                                                                                                                                                            &lt;option value=&quot;11&quot;&gt;- Bán kho, nhà xưởng&lt;/option&gt;                                                                                                                                                                                                                            &lt;option value=&quot;12&quot;&gt;- Bán loại bất động sản khác&lt;/option&gt;                                                                                                                                                                                                                                                    &lt;/select&gt;                            &lt;/div&gt;                            &lt;div class=&quot;input&quot;&gt;                                &lt;select class=&quot;select2-search select-city&quot; data-width=&quot;100%&quot; name=&quot;city_id&quot;&gt;                                    &lt;option value=&quot;&quot;&gt;--Chọn Tỉnh/Thành phố--&lt;/option&gt;                                                                            &lt;option value=&quot;1&quot;&gt;Hồ Chí Minh&lt;/option&gt;                                                                            &lt;option value=&quot;2&quot;&gt;Hà Nội&lt;/option&gt;                                                                            &lt;option value=&quot;3&quot;&gt;Đà Nẵng&lt;/option&gt;                                                                            &lt;option value=&quot;4&quot;&gt;Bình Dương&lt;/option&gt;                                                                            &lt;option value=&quot;5&quot;&gt;Đồng Nai&lt;/option&gt;                                                                            &lt;option selected=&quot;&quot; value=&quot;6&quot;&gt;Khánh Hòa&lt;/option&gt;                                                                            &lt;option value=&quot;7&quot;&gt;Hải Phòng&lt;/option&gt;                                                                            &lt;option value=&quot;8&quot;&gt;Long An&lt;/option&gt;                                                                            &lt;option value=&quot;9&quot;&gt;Quảng Nam&lt;/option&gt;                                                                            &lt;option value=&quot;10&quot;&gt;Bà Rịa Vũng Tàu&lt;/option&gt;                                                                            &lt;option value=&quot;11&quot;&gt;Đắk Lắk&lt;/option&gt;                                                                            &lt;option value=&quot;12&quot;&gt;Cần Thơ&lt;/option&gt;                                                                            &lt;option value=&quot;13&quot;&gt;Bình Thuận  &lt;/option&gt;                                                                            &lt;option value=&quot;14&quot;&gt;Lâm Đồng&lt;/option&gt;                                                                            &lt;option value=&quot;15&quot;&gt;Thừa Thiên Huế&lt;/option&gt;                                                                            &lt;option value=&quot;16&quot;&gt;Kiên Giang&lt;/option&gt;                                                                            &lt;option value=&quot;17&quot;&gt;Bắc Ninh&lt;/option&gt;                                                                            &lt;option value=&quot;18&quot;&gt;Quảng Ninh&lt;/option&gt;                                                                            &lt;option value=&quot;19&quot;&gt;Thanh Hóa&lt;/option&gt;                                                                            &lt;option value=&quot;20&quot;&gt;Nghệ An&lt;/option&gt;                                                                            &lt;option value=&quot;21&quot;&gt;Hải Dương&lt;/option&gt;                                                                            &lt;option value=&quot;22&quot;&gt;Gia Lai&lt;/option&gt;                                                                            &lt;option value=&quot;23&quot;&gt;Bình Phước&lt;/option&gt;                                                                            &lt;option value=&quot;24&quot;&gt;Hưng Yên&lt;/option&gt;                                                                            &lt;option value=&quot;25&quot;&gt;Bình Định&lt;/option&gt;                                                                            &lt;option value=&quot;26&quot;&gt;Tiền Giang&lt;/option&gt;                                                                            &lt;option value=&quot;27&quot;&gt;Thái Bình&lt;/option&gt;                                                                            &lt;option value=&quot;28&quot;&gt;Bắc Giang&lt;/option&gt;                                                                            &lt;option value=&quot;29&quot;&gt;Hòa Bình&lt;/option&gt;                                                                            &lt;option value=&quot;30&quot;&gt;An Giang&lt;/option&gt;                                                                            &lt;option value=&quot;31&quot;&gt;Vĩnh Phúc&lt;/option&gt;                                                                            &lt;option value=&quot;32&quot;&gt;Tây Ninh&lt;/option&gt;                                                                            &lt;option value=&quot;33&quot;&gt;Thái Nguyên&lt;/option&gt;                                                                            &lt;option value=&quot;34&quot;&gt;Lào Cai&lt;/option&gt;                                                                            &lt;option value=&quot;35&quot;&gt;Nam Định&lt;/option&gt;                                                                            &lt;option value=&quot;36&quot;&gt;Quảng Ngãi&lt;/option&gt;                                                                            &lt;option value=&quot;37&quot;&gt;Bến Tre&lt;/option&gt;                                                                            &lt;option value=&quot;38&quot;&gt;Đắk Nông&lt;/option&gt;                                                                            &lt;option value=&quot;39&quot;&gt;Cà Mau&lt;/option&gt;                                                                            &lt;option value=&quot;40&quot;&gt;Vĩnh Long&lt;/option&gt;                                                                            &lt;option value=&quot;41&quot;&gt;Ninh Bình&lt;/option&gt;                                                                            &lt;option value=&quot;42&quot;&gt;Phú Thọ&lt;/option&gt;                                                                            &lt;option value=&quot;43&quot;&gt;Ninh Thuận&lt;/option&gt;                                                                            &lt;option value=&quot;44&quot;&gt;Phú Yên&lt;/option&gt;                                                                            &lt;option value=&quot;45&quot;&gt;Hà Nam&lt;/option&gt;                                                                            &lt;option value=&quot;46&quot;&gt;Hà Tĩnh&lt;/option&gt;                                                                            &lt;option value=&quot;47&quot;&gt;Đồng Tháp&lt;/option&gt;                                                                            &lt;option value=&quot;48&quot;&gt;Sóc Trăng&lt;/option&gt;                                                                            &lt;option value=&quot;49&quot;&gt;Kon Tum&lt;/option&gt;                                                                            &lt;option value=&quot;50&quot;&gt;Quảng Bình&lt;/option&gt;                                                                            &lt;option value=&quot;51&quot;&gt;Quảng Trị&lt;/option&gt;                                                                            &lt;option value=&quot;52&quot;&gt;Trà Vinh&lt;/option&gt;                                                                            &lt;option value=&quot;53&quot;&gt;Hậu Giang&lt;/option&gt;                                                                            &lt;option value=&quot;54&quot;&gt;Sơn La&lt;/option&gt;                                                                            &lt;option value=&quot;55&quot;&gt;Bạc Liêu&lt;/option&gt;                                                                            &lt;option value=&quot;56&quot;&gt;Yên Bái&lt;/option&gt;                                                                            &lt;option value=&quot;57&quot;&gt;Tuyên Quang&lt;/option&gt;                                                                            &lt;option value=&quot;58&quot;&gt;Điện Biên&lt;/option&gt;                                                                            &lt;option value=&quot;59&quot;&gt;Lai Châu&lt;/option&gt;                                                                            &lt;option value=&quot;60&quot;&gt;Lạng Sơn&lt;/option&gt;                                                                            &lt;option value=&quot;61&quot;&gt;Hà Giang&lt;/option&gt;                                                                            &lt;option value=&quot;62&quot;&gt;Bắc Kạn&lt;/option&gt;                                                                            &lt;option value=&quot;63&quot;&gt;Cao Bằng&lt;/option&gt;                                                                    &lt;/select&gt;                            &lt;/div&gt;                            &lt;div class=&quot;input&quot;&gt;                                &lt;select class=&quot;select2-search select-district&quot; data-width=&quot;100%&quot; name=&quot;district_id&quot;&gt;                                    &lt;option value=&quot;&quot;&gt;--Chọn Quận/Huyện--&lt;/option&gt;                                                                            &lt;option selected=&quot;&quot; value=&quot;343&quot;&gt;Huyện Cam Lâm&lt;/option&gt;                                                                            &lt;option value=&quot;344&quot;&gt;Huyện Diên Khánh&lt;/option&gt;                                                                            &lt;option value=&quot;345&quot;&gt;Huyện Khánh Sơn&lt;/option&gt;                                                                            &lt;option value=&quot;346&quot;&gt;Huyện Khánh Vĩnh&lt;/option&gt;                                                                            &lt;option value=&quot;347&quot;&gt;Thị xã Ninh Hòa&lt;/option&gt;                                                                            &lt;option value=&quot;348&quot;&gt;Huyện Trường Sa&lt;/option&gt;                                                                            &lt;option value=&quot;349&quot;&gt;Huyện Vạn Ninh&lt;/option&gt;                                                                            &lt;option value=&quot;350&quot;&gt;Thành phố Nha Trang&lt;/option&gt;                                                                            &lt;option value=&quot;351&quot;&gt;Thành phố Cam Ranh&lt;/option&gt;                                                                    &lt;/select&gt;                            &lt;/div&gt;                            &lt;div class=&quot;input&quot;&gt;                                &lt;select class=&quot;select2-search&quot; data-width=&quot;100%&quot; name=&quot;area_range_id&quot;&gt;                                    &lt;option value=&quot;&quot;&gt;--Chọn diện tích--&lt;/option&gt;                                                                            &lt;option value=&quot;1&quot;&gt;&lt;= 30m2&lt;/option&gt;                                                                            &lt;option value=&quot;2&quot;&gt;30 - 50m2&lt;/option&gt;                                                                            &lt;option value=&quot;3&quot;&gt;50 - 80m2&lt;/option&gt;                                                                            &lt;option value=&quot;4&quot;&gt;80 - 100m2&lt;/option&gt;                                                                            &lt;option value=&quot;5&quot;&gt;100 - 150m2&lt;/option&gt;                                                                            &lt;option value=&quot;6&quot;&gt;150 - 200m2&lt;/option&gt;                                                                            &lt;option selected=&quot;&quot; value=&quot;7&quot;&gt;200 - 250m2&lt;/option&gt;                                                                            &lt;option value=&quot;8&quot;&gt;250 - 300m2&lt;/option&gt;                                                                            &lt;option value=&quot;9&quot;&gt;300 - 500m2&lt;/option&gt;                                                                            &lt;option value=&quot;10&quot;&gt;&gt;= 500m2&lt;/option&gt;                                                                    &lt;/select&gt;                            &lt;/div&gt;                            &lt;div class=&quot;input&quot;&gt;                                &lt;select class=&quot;select2-search&quot; data-width=&quot;100%&quot; name=&quot;price_range_id&quot;&gt;                                    &lt;option value=&quot;&quot;&gt;--Chọn mức giá--&lt;/option&gt;                                                                            &lt;option value=&quot;11&quot;&gt;&lt; 500 triệu&lt;/option&gt;                                                                            &lt;option value=&quot;12&quot;&gt;500 - 800 triệu&lt;/option&gt;                                                                            &lt;option value=&quot;13&quot;&gt;800 triệu - 1 tỷ&lt;/option&gt;                                                                            &lt;option value=&quot;14&quot;&gt;1 - 2 tỷ&lt;/option&gt;                                                                            &lt;option value=&quot;15&quot;&gt;2 - 3 tỷ&lt;/option&gt;                                                                            &lt;option selected=&quot;&quot; value=&quot;16&quot;&gt;3 - 5 tỷ&lt;/option&gt;                                                                            &lt;option value=&quot;17&quot;&gt;5 - 7 tỷ&lt;/option&gt;                                                                            &lt;option value=&quot;18&quot;&gt;7 - 10 tỷ&lt;/option&gt;                                                                            &lt;option value=&quot;19&quot;&gt;10 - 20 tỷ&lt;/option&gt;                                                                            &lt;option value=&quot;20&quot;&gt;20 - 30 tỷ&lt;/option&gt;                                                                            &lt;option value=&quot;21&quot;&gt;&gt; 30 tỷ&lt;/option&gt;                                                                    &lt;/select&gt;                            &lt;/div&gt;                            &lt;div class=&quot;input advanced-search active&quot;&gt;                                &lt;select class=&quot;select2-search select-ward&quot; data-width=&quot;100%&quot; name=&quot;ward_id&quot;&gt;                                    &lt;option value=&quot;&quot;&gt;--Chọn Phường/Xã--&lt;/option&gt;                                                                            &lt;option value=&quot;1720&quot;&gt;Xã Cam Tân&lt;/option&gt;                                                                            &lt;option value=&quot;1721&quot;&gt;Xã Cam Hòa&lt;/option&gt;                                                                            &lt;option value=&quot;1723&quot;&gt;Xã Sơn Tân&lt;/option&gt;                                                                            &lt;option value=&quot;1724&quot;&gt;Xã Cam Hải Tây&lt;/option&gt;                                                                            &lt;option value=&quot;1727&quot;&gt;Xã Cam Hiệp Bắc&lt;/option&gt;                                                                            &lt;option value=&quot;1730&quot;&gt;Xã Cam Hiệp Nam&lt;/option&gt;                                                                            &lt;option value=&quot;1733&quot;&gt;Xã Cam Thành Bắc&lt;/option&gt;                                                                            &lt;option value=&quot;1734&quot;&gt;Xã Cam An Bắc&lt;/option&gt;                                                                            &lt;option value=&quot;1735&quot;&gt;Xã Cam An Nam&lt;/option&gt;                                                                            &lt;option value=&quot;1736&quot;&gt;Xã Cam Phước Tây&lt;/option&gt;                                                                            &lt;option selected=&quot;&quot; value=&quot;1737&quot;&gt;Xã Cam Hải Đông&lt;/option&gt;                                                                            &lt;option value=&quot;1738&quot;&gt;Xã Suối Tân&lt;/option&gt;                                                                            &lt;option value=&quot;1739&quot;&gt;Xã Suối Cát&lt;/option&gt;                                                                            &lt;option value=&quot;1740&quot;&gt;Thị trấn Cam Đức&lt;/option&gt;                                                                    &lt;/select&gt;                            &lt;/div&gt;                            &lt;div class=&quot;input advanced-search active&quot;&gt;                                &lt;select class=&quot;select2-search select-street&quot; data-width=&quot;100%&quot; name=&quot;street_id&quot;&gt;                                    &lt;option value=&quot;&quot;&gt;--Chọn Đường/Phố--&lt;/option&gt;                                                                            &lt;option value=&quot;3789&quot;&gt;1&lt;/option&gt;                                                                            &lt;option value=&quot;689&quot;&gt;3&lt;/option&gt;                                                                            &lt;option value=&quot;800&quot;&gt;Bà Huyện Thanh Quan&lt;/option&gt;                                                                            &lt;option value=&quot;13300&quot;&gt;Bãi Giếng - Trung Hiệp&lt;/option&gt;                                                                            &lt;option value=&quot;1081&quot;&gt;Cửu Long&lt;/option&gt;                                                                            &lt;option value=&quot;402&quot;&gt;Đào Duy Anh&lt;/option&gt;                                                                            &lt;option value=&quot;66&quot;&gt;Đinh Tiên Hoàng&lt;/option&gt;                                                                            &lt;option value=&quot;522&quot;&gt;Hồ Xuân Hương&lt;/option&gt;                                                                            &lt;option value=&quot;7869&quot;&gt;Hương lộ 39&lt;/option&gt;                                                                            &lt;option value=&quot;13299&quot;&gt;Lập Định - Suối Môn&lt;/option&gt;                                                                            &lt;option value=&quot;89&quot;&gt;Lê Duẩn&lt;/option&gt;                                                                            &lt;option value=&quot;237&quot;&gt;Lý Thái Tổ&lt;/option&gt;                                                                            &lt;option value=&quot;10527&quot;&gt;N5A&lt;/option&gt;                                                                            &lt;option value=&quot;1310&quot;&gt;Nguyễn Tất Thành&lt;/option&gt;                                                                            &lt;option value=&quot;1051&quot;&gt;Nguyễn Thị Minh Khai&lt;/option&gt;                                                                            &lt;option value=&quot;65&quot;&gt;Nguyễn Trãi&lt;/option&gt;                                                                            &lt;option value=&quot;7834&quot;&gt;Quốc Lộ 1&lt;/option&gt;                                                                            &lt;option value=&quot;2092&quot;&gt;Quốc lộ 1A&lt;/option&gt;                                                                            &lt;option value=&quot;8557&quot;&gt;Tỉnh lộ 3&lt;/option&gt;                                                                            &lt;option value=&quot;7939&quot;&gt;Tỉnh lộ 9&lt;/option&gt;                                                                            &lt;option value=&quot;1002&quot;&gt;Yersin&lt;/option&gt;                                                                    &lt;/select&gt;                            &lt;/div&gt;                            &lt;div class=&quot;input advanced-search active&quot;&gt;                                &lt;select class=&quot;select2-search&quot; data-width=&quot;100%&quot; name=&quot;room_number_range_id&quot;&gt;                                    &lt;option value=&quot;&quot;&gt;--Chọn số phòng ngủ--&lt;/option&gt;                                                                            &lt;option value=&quot;22&quot;&gt;1+&lt;/option&gt;                                                                            &lt;option value=&quot;23&quot;&gt;2+&lt;/option&gt;                                                                            &lt;option value=&quot;24&quot;&gt;3+&lt;/option&gt;                                                                            &lt;option value=&quot;25&quot;&gt;4+&lt;/option&gt;                                                                            &lt;option value=&quot;26&quot;&gt;5+&lt;/option&gt;                                                                    &lt;/select&gt;                            &lt;/div&gt;                            &lt;div class=&quot;input advanced-search active&quot;&gt;                                &lt;select class=&quot;select2-search&quot; data-width=&quot;100%&quot; name=&quot;home_direction&quot;&gt;                                    &lt;option value=&quot;&quot;&gt;--Chọn hướng nhà--&lt;/option&gt;                                                                            &lt;option value=&quot;0&quot;&gt;KXĐ&lt;/option&gt;                                                                            &lt;option selected=&quot;&quot; value=&quot;1&quot;&gt;Đông&lt;/option&gt;                                                                            &lt;option value=&quot;2&quot;&gt;Tây&lt;/option&gt;                                                                            &lt;option value=&quot;3&quot;&gt;Nam&lt;/option&gt;                                                                            &lt;option value=&quot;4&quot;&gt;Bắc&lt;/option&gt;                                                                            &lt;option value=&quot;5&quot;&gt;Đông-Bắc&lt;/option&gt;                                                                            &lt;option value=&quot;6&quot;&gt;Tây-Bắc&lt;/option&gt;                                                                            &lt;option value=&quot;7&quot;&gt;Tây-Nam&lt;/option&gt;                                                                            &lt;option value=&quot;8&quot;&gt;Đông-Nam&lt;/option&gt;                                                                    &lt;/select&gt;                            &lt;/div&gt;                        &lt;/div&gt;                    &lt;/div&gt;                    &lt;div class=&quot;actions&quot;&gt;                        &lt;a href=&quot;javascript:void(0);&quot; id=&quot;show_hide_advanced_search&quot;&gt;                            &lt;span class=&quot;hide-status&quot;&gt;Ẩn tìm nâng cao&lt;/span&gt;                            &lt;span class=&quot;show-status&quot;&gt;Tìm nâng cao&lt;/span&gt;&lt;/a&gt;                        &lt;button class=&quot;btn btn-flat background-green color-white&quot; id=&quot;search-tools-submit&quot; type=&quot;submit&quot;&gt;                            &lt;i class=&quot;glyphicon glyphicon-search&quot;/&gt;                            &lt;b&gt;Tìm kiếm&lt;/b&gt;                        &lt;/button&gt;                    &lt;/div&gt;                &lt;/form&gt;                            &lt;/div&gt;" SourceIndex="542;548" TableNum="0" TextLen="87" order="17" xPath="/html[1]/body[1]/div[1]/div[2]/div[4]/div[1]/div[2]/div[1]"/>
</LayoutNode>
</LayoutNode>
<LayoutNode BgColor="#ffffff" ContainImg="0" ContainP="0" ContainTable="false" Content="(batdongsan.com.vn) " DOMCldNum="7" DoC="10" FontSize="12" FontWeight="700" FormNum="0" FormSize="0" FrameSourceIndex="0" ID="1-5" InteractionNum="0" InteractionSize="0" IsImg="false" LinkNum="0" LinkTextLen="0" ObjectHeight="18" ObjectRectHeight="18" ObjectRectLeft="0" ObjectRectTop="671" ObjectRectWidth="1420" ObjectWidth="710" ObjectX="210" ObjectY="671" OptionNum="0" OptionTextLength="0" ParaNum="0" SRC="&lt;div class=&quot;post-source&quot;&gt;(batdongsan.com.vn)&lt;/div&gt;" SourceIndex="1197" TableNum="0" TextLen="19" order="18" xPath="/html[1]/body[1]/div[1]/div[2]/div[4]/div[2]/div[1]/div[5]/div[3]"/>
<LayoutNode BgColor="#055699" ContainImg="0" ContainP="0" ContainTable="false" Content="Xem ảnh " DOMCldNum="7" DoC="10" FontSize="12" FontWeight="700" FormNum="0" FormSize="0" FrameSourceIndex="0" ID="1-6" InteractionNum="0" InteractionSize="0" IsImg="false" LinkNum="0" LinkTextLen="0" ObjectHeight="18" ObjectRectHeight="18" ObjectRectLeft="0" ObjectRectTop="715" ObjectRectWidth="1420" ObjectWidth="213" ObjectX="211" ObjectY="715" OptionNum="0" OptionTextLength="0" ParaNum="0" SRC="&lt;div class=&quot;block-title active&quot; content-id=&quot;#post-images&quot;&gt;Xem ảnh&lt;/div&gt;" SourceIndex="1203" TableNum="0" TextLen="7" order="19" xPath="/html[1]/body[1]/div[1]/div[2]/div[4]/div[2]/div[1]/div[6]/div[1]"/>
<LayoutNode BgColor="#ffffff" ContainImg="1" ContainP="0" ContainTable="false" Content=" " DOMCldNum="3" DoC="8" FontSize="12" FontWeight="normal" FormNum="0" FormSize="0" FrameSourceIndex="0" ID="1-7" InteractionNum="0" InteractionSize="0" IsImg="false" LinkNum="2" LinkTextLen="0" ObjectHeight="243" ObjectRectHeight="243" ObjectRectLeft="0" ObjectRectTop="748" ObjectRectWidth="1420" ObjectWidth="708" ObjectX="211" ObjectY="748" OptionNum="0" OptionTextLength="0" ParaNum="0" SRC="&lt;div class=&quot;fotorama&quot; data-fit=&quot;contain&quot; data-nav=&quot;thumbs&quot; data-ratio=&quot;800/600&quot; data-thumbheight=&quot;90&quot; data-thumbwidth=&quot;120&quot; data-width=&quot;730&quot;&gt;                                                    &lt;a href=&quot;https://timnhadat.net.vn/storage/images/posts/id_733959/20200525171138-7751_wm.jpg?ver=1593157113&quot;&gt;&lt;img alt=&quot;Bán đất MT Đường N3 - 3 - tái định cư dự án Hưng Thịnh - xã Cam Hải Đông - Cam Lâm - Khánh Hoà&quot; src=&quot;https://timnhadat.net.vn/storage/images/posts/id_733959/thumbs/c_200_200_20200525171138-7751_wm.jpg?ver=1593157113&quot;/&gt;&lt;/a&gt;                                                    &lt;a href=&quot;https://timnhadat.net.vn/storage/images/posts/id_733959/20200525171150-a47c_wm.jpg?ver=1593157113&quot;&gt;&lt;img alt=&quot;Bán đất MT Đường N3 - 3 - tái định cư dự án Hưng Thịnh - xã Cam Hải Đông - Cam Lâm - Khánh Hoà&quot; src=&quot;https://timnhadat.net.vn/storage/images/posts/id_733959/thumbs/c_200_200_20200525171150-a47c_wm.jpg?ver=1593157113&quot;/&gt;&lt;/a&gt;                                                    &lt;a href=&quot;https://timnhadat.net.vn/storage/images/posts/id_733959/20200525171158-bf39_wm.jpg?ver=1593157113&quot;&gt;&lt;img alt=&quot;Bán đất MT Đường N3 - 3 - tái định cư dự án Hưng Thịnh - xã Cam Hải Đông - Cam Lâm - Khánh Hoà&quot; src=&quot;https://timnhadat.net.vn/storage/images/posts/id_733959/thumbs/c_200_200_20200525171158-bf39_wm.jpg?ver=1593157113&quot;/&gt;&lt;/a&gt;                                                    &lt;a href=&quot;https://timnhadat.net.vn/storage/images/posts/id_733959/20200525171205-0e8d_wm.jpg?ver=1593157113&quot;&gt;&lt;img alt=&quot;Bán đất MT Đường N3 - 3 - tái định cư dự án Hưng Thịnh - xã Cam Hải Đông - Cam Lâm - Khánh Hoà&quot; src=&quot;https://timnhadat.net.vn/storage/images/posts/id_733959/thumbs/c_200_200_20200525171205-0e8d_wm.jpg?ver=1593157113&quot;/&gt;&lt;/a&gt;                                                    &lt;a href=&quot;https://timnhadat.net.vn/storage/images/posts/id_733959/20200525171217-a1de_wm.jpg?ver=1593157113&quot;&gt;&lt;img alt=&quot;Bán đất MT Đường N3 - 3 - tái định cư dự án Hưng Thịnh - xã Cam Hải Đông - Cam Lâm - Khánh Hoà&quot; src=&quot;https://timnhadat.net.vn/storage/images/posts/id_733959/thumbs/c_200_200_20200525171217-a1de_wm.jpg?ver=1593157113&quot;/&gt;&lt;/a&gt;                                            &lt;/div&gt;" SourceIndex="1210" TableNum="0" TextLen="0" order="20" xPath="/html[1]/body[1]/div[1]/div[2]/div[4]/div[2]/div[1]/div[6]/div[3]/div[1]"/>
<LayoutNode BgColor="#ffffff" ContainImg="0" ContainP="0" ContainTable="true" DOMCldNum="0" DoC="5" FontSize="12" FontWeight="normal" FormNum="0" FormSize="0" FrameSourceIndex="0" ID="1-8" InteractionNum="0" InteractionSize="0" IsImg="false" LinkNum="0" LinkTextLen="0" ObjectRectHeight="178" ObjectRectLeft="0" ObjectRectTop="1012" ObjectRectWidth="1420" OptionNum="0" OptionTextLength="0" ParaNum="0" SourceIndex="0" TableNum="0" TextLen="284" order="21">
<LayoutNode BgColor="#ffffff" ContainImg="0" ContainP="0" ContainTable="true" Content="Đặc điểm bất động sản Loại tin rao Bán đất nền dự án Địa chỉ Đường N3-3, Xã Cam Hải Đông, Cam Lâm, Khánh Hòa Hướng nhà Đông " DOMCldNum="0" DoC="8" FontSize="12" FontWeight="normal" FormNum="0" FormSize="0" FrameSourceIndex="0" ID="1-8-1" InteractionNum="0" InteractionSize="0" IsImg="false" LinkNum="0" LinkTextLen="0" ObjectHeight="176" ObjectRectHeight="178" ObjectRectLeft="0" ObjectRectTop="1012" ObjectRectWidth="641" ObjectWidth="440" ObjectX="201" ObjectY="1013" OptionNum="0" OptionTextLength="0" ParaNum="0" SRC="&lt;div class=&quot;div-table left&quot;&gt;                &lt;div class=&quot;div-table-header&quot;&gt;Đặc điểm bất động sản&lt;/div&gt;                &lt;div class=&quot;div-row&quot;&gt;                    &lt;div class=&quot;div-cell left&quot;&gt;Loại tin rao&lt;/div&gt;                    &lt;div class=&quot;div-cell right&quot;&gt;Bán đất nền dự án&lt;/div&gt;                    &lt;div class=&quot;clear&quot;/&gt;                &lt;/div&gt;                                    &lt;div class=&quot;div-row&quot;&gt;                        &lt;div class=&quot;div-cell left&quot;&gt;Địa chỉ&lt;/div&gt;                        &lt;div class=&quot;div-cell right&quot;&gt;Đường N3-3, Xã Cam Hải Đông, Cam Lâm, Khánh Hòa&lt;/div&gt;                        &lt;div class=&quot;clear&quot;/&gt;                    &lt;/div&gt;                                                    &lt;div class=&quot;div-row&quot;&gt;                        &lt;div class=&quot;div-cell left&quot;&gt;Hướng nhà&lt;/div&gt;                        &lt;div class=&quot;div-cell right&quot;&gt;Đông&lt;/div&gt;                        &lt;div class=&quot;clear&quot;/&gt;                    &lt;/div&gt;                                                                                            &lt;/div&gt;" SourceIndex="1232" TableNum="0" TextLen="116" order="22" xPath="/html[1]/body[1]/div[1]/div[2]/div[4]/div[2]/div[1]/div[7]/div[1]"/>
<LayoutNode BgColor="#ffffff" ContainImg="0" ContainP="0" ContainTable="true" Content="Liên hệ Tên liên hệ Phạm Thân Trọng Hoàng Địa chỉ Căn Hộ 4.10 - Chung Cư An Thịnh - Ngô Gia Khảm - Khu At - P. Vĩnh Hải - Nha Trang Di động 0972206206 Email economyland@gmail.com " DOMCldNum="0" DoC="5" FontSize="12" FontWeight="normal" FormNum="0" FormSize="0" FrameSourceIndex="0" ID="1-8-2" InteractionNum="0" InteractionSize="0" IsImg="false" LinkNum="0" LinkTextLen="0" ObjectHeight="176" ObjectRectHeight="178" ObjectRectLeft="653" ObjectRectTop="1012" ObjectRectWidth="767" ObjectWidth="280" ObjectX="653" ObjectY="1013" OptionNum="0" OptionTextLength="0" ParaNum="0" SRC="&lt;div class=&quot;div-table right&quot;&gt;                &lt;div class=&quot;div-table-header&quot;&gt;Liên hệ&lt;/div&gt;                                    &lt;div class=&quot;div-row&quot;&gt;                        &lt;div class=&quot;div-cell left&quot;&gt;Tên liên hệ&lt;/div&gt;                        &lt;div class=&quot;div-cell right&quot;&gt;Phạm Thân Trọng Hoàng&lt;/div&gt;                        &lt;div class=&quot;clear&quot;/&gt;                    &lt;/div&gt;                                                    &lt;div class=&quot;div-row&quot;&gt;                        &lt;div class=&quot;div-cell left&quot;&gt;Địa chỉ&lt;/div&gt;                        &lt;div class=&quot;div-cell right&quot;&gt;Căn Hộ 4.10 - Chung Cư An Thịnh - Ngô Gia Khảm - Khu At - P. Vĩnh Hải - Nha Trang&lt;/div&gt;                        &lt;div class=&quot;clear&quot;/&gt;                    &lt;/div&gt;                                                                    &lt;div class=&quot;div-row&quot;&gt;                        &lt;div class=&quot;div-cell left&quot;&gt;Di động&lt;/div&gt;                        &lt;div class=&quot;div-cell right&quot;&gt;0972206206&lt;/div&gt;                        &lt;div class=&quot;clear&quot;/&gt;                    &lt;/div&gt;                                                    &lt;div class=&quot;div-row&quot;&gt;                        &lt;div class=&quot;div-cell left&quot;&gt;Email&lt;/div&gt;                        &lt;div class=&quot;div-cell right em&quot;&gt;economyland@gmail.com&lt;/div&gt;                        &lt;div class=&quot;clear&quot;/&gt;                    &lt;/div&gt;                            &lt;/div&gt;" SourceIndex="1273" TableNum="0" TextLen="168" order="23" xPath="/html[1]/body[1]/div[1]/div[2]/div[4]/div[2]/div[1]/div[7]/div[3]"/>
</LayoutNode>
<LayoutNode BgColor="#ffffff" ContainImg="0" ContainP="0" ContainTable="false" Content="Tìm kiếm theo từ khóa:  Bán đất nền dự án tại Huyện Cam Lâm Khánh Hòa ,  Bán đất nền dự án tại Xã Cam Hải Đông ,  ,  Bán đất nền dự án tại Xã Cam Hải Đông Huyện Cam Lâm  " DOMCldNum="23" DoC="5" FontSize="12" FontWeight="700" FormNum="0" FormSize="0" FrameSourceIndex="0" ID="1-9" InteractionNum="0" InteractionSize="0" IsImg="false" LinkNum="8" LinkTextLen="168" ObjectHeight="36" ObjectRectHeight="36" ObjectRectLeft="0" ObjectRectTop="1210" ObjectRectWidth="1420" ObjectWidth="730" ObjectX="200" ObjectY="1210" OptionNum="0" OptionTextLength="0" ParaNum="0" SRC="&lt;div class=&quot;tagpanel&quot; id=&quot;LeftMainContent__productDetail_panelTag&quot;&gt;            Tìm kiếm theo từ khóa:                             &lt;a href=&quot;https://timnhadat.net.vn/tim-nang-cao?category_id1=1&amp;category_id2=8&amp;city_id=6&amp;district_id=343&amp;search_keyword=B%C3%A1n+%C4%91%E1%BA%A5t+n%E1%BB%81n+d%E1%BB%B1+%C3%A1n+t%E1%BA%A1i+Huy%E1%BB%87n+Cam+L%C3%A2m+Kh%C3%A1nh+H%C3%B2a&quot; title=&quot;Bán đất nền dự án tại Huyện Cam Lâm Khánh Hòa&quot;&gt;Bán đất nền dự án tại Huyện Cam Lâm Khánh Hòa&lt;/a&gt;                                                                    , &lt;a href=&quot;https://timnhadat.net.vn/tim-nang-cao?category_id1=1&amp;category_id2=8&amp;city_id=6&amp;district_id=343&amp;ward_id=1737&amp;search_keyword=B%C3%A1n+%C4%91%E1%BA%A5t+n%E1%BB%81n+d%E1%BB%B1+%C3%A1n+t%E1%BA%A1i+X%C3%A3+Cam+H%E1%BA%A3i+%C4%90%C3%B4ng&quot; title=&quot;Bán đất nền dự án tại Xã Cam Hải Đông&quot;&gt;Bán đất nền dự án tại Xã Cam Hải Đông&lt;/a&gt;                                                        , &lt;a href=&quot;https://timnhadat.net.vn/tim-nang-cao?category_id1=1&amp;category_id2=8&amp;city_id=6&amp;district_id=343&amp;search_keyword=B%C3%A1n+%C4%91%E1%BA%A5t+n%E1%BB%81n+d%E1%BB%B1+%C3%A1n+t%E1%BA%A1i+Huy%E1%BB%87n+Cam+L%C3%A2m&quot; title=&quot;Bán đất nền dự án tại Huyện Cam Lâm&quot;&gt;Bán đất nền dự án tại Huyện Cam Lâm&lt;/a&gt;                                                        , &lt;a href=&quot;https://timnhadat.net.vn/tim-nang-cao?category_id1=1&amp;category_id2=8&amp;city_id=6&amp;district_id=343&amp;ward_id=1737&amp;search_keyword=B%C3%A1n+%C4%91%E1%BA%A5t+n%E1%BB%81n+d%E1%BB%B1+%C3%A1n+t%E1%BA%A1i+X%C3%A3+Cam+H%E1%BA%A3i+%C4%90%C3%B4ng+Huy%E1%BB%87n+Cam+L%C3%A2m&quot; title=&quot;Bán đất nền dự án tại Xã Cam Hải Đông Huyện Cam Lâm&quot;&gt;Bán đất nền dự án tại Xã Cam Hải Đông Huyện Cam Lâm&lt;/a&gt;                     &lt;/div&gt;" SourceIndex="1326" TableNum="0" TextLen="202" order="24" xPath="/html[1]/body[1]/div[1]/div[2]/div[4]/div[2]/div[1]/div[9]"/>
<LayoutNode BgColor="#ffffff" ContainImg="1" ContainP="0" ContainTable="false" Content="Mã tin đăng: 2006260647Gói tin rao: Diamond VIPNgày bắt đầu: 26-06-2020Ngày kết thúc: 26-07-2020 Nhận các thông tin BĐS phù hợp với yêu cầu của bạn qua email × Đăng ký để nhận được tin rao bất động sản mới và nhanh nhất Vui lòng nhập các tiêu chí tìm kiếm để nhận các bất động sản phù hợp Tần suất nhận thư báo: Ngay tức thì Hàng ngày Hàng tuần Hình thức: Nhà đất bán Nhà đất cho thuê Loại tin rao: --Chọn loại nhà đất-- - Bán căn hộ chung cư - Tất cả các loại nhà bán + Bán nhà riêng + Bán nhà biệt thự, liền kề + Bán nhà mặt phố - Tất cả các loại đất bán + Bán đất nền dự án + Bán đất - Bán trang trại, khu nghỉ dưỡng - Bán kho, nhà xưởng - Bán loại bất động sản khác Tỉnh/Thành Phố: --Chọn Tỉnh/Thành phố-- Hồ Chí Minh Hà Nội Đà Nẵng Bình Dương Đồng Nai Khánh Hòa Hải Phòng Long An Quảng Nam Bà Rịa Vũng Tàu Đắk Lắk Cần Thơ Bình Thuận Lâm Đồng Thừa Thiên Huế Kiên Giang Bắc Ninh Quảng Ninh Thanh Hóa Nghệ An Hải Dương Gia Lai Bình Phước Hưng Yên Bình Định Tiền Giang Thái Bình Bắc Giang Hòa Bình An Giang Vĩnh Phúc Tây Ninh Thái Nguyên Lào Cai Nam Định Quảng Ngãi Bến Tre Đắk Nông Cà Mau Vĩnh Long Ninh Bình Phú Thọ Ninh Thuận Phú Yên Hà Nam Hà Tĩnh Đồng Tháp Sóc Trăng Kon Tum Quảng Bình Quảng Trị Trà Vinh Hậu Giang Sơn La Bạc Liêu Yên Bái Tuyên Quang Điện Biên Lai Châu Lạng Sơn Hà Giang Bắc Kạn Cao Bằng Quận/Huyện: --Chọn Quận/Huyện-- Huyện Cam Lâm Huyện Diên Khánh Huyện Khánh Sơn Huyện Khánh Vĩnh Thị xã Ninh Hòa Huyện Trường Sa Huyện Vạn Ninh Thành phố Nha Trang Thành phố Cam Ranh Diện tích: --Chọn diện tích-- &lt;= 30m2 30 - 50m2 50 - 80m2 80 - 100m2 100 - 150m2 150 - 200m2 200 - 250m2 250 - 300m2 300 - 500m2 &gt;= 500m2 Giá: --Chọn mức giá-- &lt; 500 triệu 500 - 800 triệu 800 triệu - 1 tỷ 1 - 2 tỷ 2 - 3 tỷ 3 - 5 tỷ 5 - 7 tỷ 7 - 10 tỷ 10 - 20 tỷ 20 - 30 tỷ &gt; 30 tỷ Phường/ Xã: --Chọn Phường/Xã-- Xã Cam Tân Xã Cam Hòa Xã Sơn Tân Xã Cam Hải Tây Xã Cam Hiệp Bắc Xã Cam Hiệp Nam Xã Cam Thành Bắc Xã Cam An Bắc Xã Cam An Nam Xã Cam Phước Tây Xã Cam Hải Đông Xã Suối Tân Xã Suối Cát Thị trấn Cam Đức Đường/Phố: --Chọn Đường/Phố-- 1 3 Bà Huyện Thanh Quan Bãi Giếng - Trung Hiệp Cửu Long Đào Duy Anh Đinh Tiên Hoàng Hồ Xuân Hương Hương lộ 39 Lập Định - Suối Môn Lê Duẩn Lý Thái Tổ N5A Nguyễn Tất Thành Nguyễn Thị Minh Khai Nguyễn Trãi Quốc Lộ 1 Quốc lộ 1A Tỉnh lộ 3 Tỉnh lộ 9 Yersin Số phòng ngủ: --Chọn số phòng ngủ-- 1+ 2+ 3+ 4+ 5+ Hướng nhà: --Chọn hướng nhà-- KXĐ Đông Tây Nam Bắc Đông-Bắc Tây-Bắc Tây-Nam Đông-Nam Nhận thư báo Tiêu đề thư: Email: Họ và tên: Xác nhận Hủy bỏ Đăng ký " DOMCldNum="23" DoC="8" FontSize="12" FontWeight="normal" FormNum="0" FormSize="0" FrameSourceIndex="0" ID="1-10" InteractionNum="0" InteractionSize="0" IsImg="false" LinkNum="8" LinkTextLen="63" ObjectHeight="113" ObjectRectHeight="113" ObjectRectLeft="0" ObjectRectTop="1261" ObjectRectWidth="1420" ObjectWidth="720" ObjectX="205" ObjectY="1261" OptionNum="0" OptionTextLength="0" ParaNum="0" SRC="&lt;div class=&quot;post-time&quot;&gt;            &lt;div class=&quot;post-code&quot;&gt;&lt;span class=&quot;lb&quot;&gt;Mã tin đăng&lt;span class=&quot;pc&quot;&gt;:&lt;/span&gt;&lt;/span&gt;                &lt;span&gt;2006260647&lt;/span&gt;&lt;/div&gt;            &lt;div class=&quot;post-time-d&quot;&gt;&lt;span class=&quot;lb&quot;&gt;Gói tin rao&lt;span class=&quot;pc&quot;&gt;:&lt;/span&gt;&lt;/span&gt; &lt;span&gt;Diamond VIP&lt;/span&gt;&lt;/div&gt;            &lt;div class=&quot;post-time-d&quot;&gt;&lt;span class=&quot;lb&quot;&gt;Ngày bắt đầu&lt;span class=&quot;pc&quot;&gt;:&lt;/span&gt;&lt;/span&gt;                &lt;span&gt;26-06-2020&lt;/span&gt;&lt;/div&gt;            &lt;div class=&quot;post-time-d&quot;&gt;&lt;span class=&quot;lb&quot;&gt;Ngày kết thúc&lt;span class=&quot;pc&quot;&gt;:&lt;/span&gt;&lt;/span&gt; &lt;span&gt;26-07-2020&lt;/span&gt;&lt;/div&gt;            &lt;div class=&quot;received_posts&quot;&gt;        &lt;div class=&quot;buttons&quot;&gt;        &lt;a class=&quot;btn btn-default add_receive_mail_btn&quot; data-target=&quot;#addReceivedPostModal&quot; data-toggle=&quot;modal&quot;&gt;            &lt;img src=&quot;https://timnhadat.net.vn/images/mail-icon.png&quot;/&gt; Nhận các thông tin BĐS phù hợp với yêu cầu của bạn qua email        &lt;/a&gt;    &lt;/div&gt;        &lt;div aria-labelledby=&quot;addReceivedPostModalLabel&quot; class=&quot;modal fade&quot; id=&quot;addReceivedPostModal&quot; role=&quot;dialog&quot;&gt;        &lt;div class=&quot;modal-dialog&quot; role=&quot;document&quot;&gt;            &lt;div class=&quot;modal-content&quot;&gt;                &lt;div class=&quot;modal-header&quot;&gt;                    &lt;button aria-label=&quot;Close&quot; class=&quot;close&quot; data-dismiss=&quot;modal&quot; type=&quot;button&quot;&gt;&lt;span aria-hidden=&quot;true&quot;&gt;×&lt;/span&gt;&lt;/button&gt;                    &lt;div class=&quot;modal-title&quot; id=&quot;addReceivedPostModalLabel&quot;&gt;Đăng ký để nhận được tin rao bất động sản mới và nhanh nhất&lt;/div&gt;                &lt;/div&gt;                &lt;div class=&quot;modal-body&quot;&gt;                    &lt;form action=&quot;https://timnhadat.net.vn/addReceivedPost&quot; id=&quot;addReceivedPostForm&quot; method=&quot;post&quot;&gt;                        &lt;input name=&quot;_token&quot; type=&quot;hidden&quot; value=&quot;5JwZilU8rZUW2TVqEVWjOCi5INJEsYEL3Z0YZWbo&quot;/&gt;                        &lt;p&gt;Vui lòng nhập các tiêu chí tìm kiếm để nhận các bất động sản phù hợp&lt;/p&gt;                        &lt;div class=&quot;form-group clearfix&quot;&gt;                            &lt;label class=&quot;control-label col-md-4&quot;&gt;Tần suất nhận thư báo:&lt;/label&gt;                            &lt;div class=&quot;col-md-8&quot;&gt;                                                                                                    &lt;label class=&quot;radio-label&quot;&gt;&lt;input checked=&quot;&quot; class=&quot;form-control iCheck&quot; name=&quot;frequency&quot; type=&quot;radio&quot; value=&quot;0&quot;/&gt; Ngay tức thì&lt;/label&gt;                                                                                                        &lt;label class=&quot;radio-label&quot;&gt;&lt;input class=&quot;form-control iCheck&quot; name=&quot;frequency&quot; type=&quot;radio&quot; value=&quot;1&quot;/&gt; Hàng ngày&lt;/label&gt;                                                                                                        &lt;label class=&quot;radio-label&quot;&gt;&lt;input class=&quot;form-control iCheck&quot; name=&quot;frequency&quot; type=&quot;radio&quot; value=&quot;2&quot;/&gt; Hàng tuần&lt;/label&gt;                                                                                                &lt;/div&gt;                        &lt;/div&gt;                        &lt;div class=&quot;form-group clearfix&quot;&gt;                            &lt;label class=&quot;control-label col-md-4&quot; for=&quot;category_id1&quot;&gt;Hình thức:&lt;/label&gt;                            &lt;div class=&quot;col-md-8&quot;&gt;                                &lt;select class=&quot;select2 select-category-1&quot; data-width=&quot;100%&quot; name=&quot;search_category_id1&quot;&gt;                                                                            &lt;option selected=&quot;&quot; value=&quot;1&quot;&gt;Nhà đất bán&lt;/option&gt;                                                                            &lt;option value=&quot;13&quot;&gt;Nhà đất cho thuê&lt;/option&gt;                                                                    &lt;/select&gt;                            &lt;/div&gt;                        &lt;/div&gt;                        &lt;div class=&quot;form-group clearfix&quot;&gt;                            &lt;label class=&quot;control-label col-md-4&quot;&gt;Loại tin rao:&lt;/label&gt;                            &lt;div class=&quot;col-md-8&quot;&gt;                                &lt;select class=&quot;select2-search select-category-2&quot; data-width=&quot;100%&quot; name=&quot;search_category_id2&quot;&gt;                                    &lt;option value=&quot;&quot;&gt;--Chọn loại nhà đất--&lt;/option&gt;                                                                                                                        &lt;option value=&quot;2&quot;&gt;- Bán căn hộ chung cư&lt;/option&gt;                                                                                                                                                                                                                            &lt;option value=&quot;3&quot;&gt;- Tất cả các loại nhà bán&lt;/option&gt;                                                                                                                                                &lt;option value=&quot;4&quot;&gt;+ Bán nhà riêng&lt;/option&gt;                                                                                                    &lt;option value=&quot;5&quot;&gt;+ Bán nhà biệt thự, liền kề&lt;/option&gt;                                                                                                    &lt;option value=&quot;6&quot;&gt;+ Bán nhà mặt phố&lt;/option&gt;                                                                                                                                                                                &lt;option value=&quot;7&quot;&gt;- Tất cả các loại đất bán&lt;/option&gt;                                                                                                                                                &lt;option selected=&quot;&quot; value=&quot;8&quot;&gt;+ Bán đất nền dự án&lt;/option&gt;                                                                                                    &lt;option value=&quot;9&quot;&gt;+ Bán đất&lt;/option&gt;                                                                                                                                                                                &lt;option value=&quot;10&quot;&gt;- Bán trang trại, khu nghỉ dưỡng&lt;/option&gt;                                                                                                                                                                                                                            &lt;option value=&quot;11&quot;&gt;- Bán kho, nhà xưởng&lt;/option&gt;                                                                                                                                                                                                                            &lt;option value=&quot;12&quot;&gt;- Bán loại bất động sản khác&lt;/option&gt;                                                                                                                                                                                                                                                    &lt;/select&gt;                            &lt;/div&gt;                        &lt;/div&gt;                        &lt;div class=&quot;form-group clearfix&quot;&gt;                            &lt;label class=&quot;control-label col-md-4&quot;&gt;Tỉnh/Thành Phố:&lt;/label&gt;                            &lt;div class=&quot;col-md-8&quot;&gt;                                &lt;select class=&quot;select2-search select-city&quot; data-width=&quot;100%&quot; name=&quot;city_id&quot;&gt;                                    &lt;option value=&quot;&quot;&gt;--Chọn Tỉnh/Thành phố--&lt;/option&gt;                                                                            &lt;option value=&quot;1&quot;&gt;Hồ Chí Minh&lt;/option&gt;                                                                            &lt;option value=&quot;2&quot;&gt;Hà Nội&lt;/option&gt;                                                                            &lt;option value=&quot;3&quot;&gt;Đà Nẵng&lt;/option&gt;                                                                            &lt;option value=&quot;4&quot;&gt;Bình Dương&lt;/option&gt;                                                                            &lt;option value=&quot;5&quot;&gt;Đồng Nai&lt;/option&gt;                                                                            &lt;option selected=&quot;&quot; value=&quot;6&quot;&gt;Khánh Hòa&lt;/option&gt;                                                                            &lt;option value=&quot;7&quot;&gt;Hải Phòng&lt;/option&gt;                                                                            &lt;option value=&quot;8&quot;&gt;Long An&lt;/option&gt;                                                                            &lt;option value=&quot;9&quot;&gt;Quảng Nam&lt;/option&gt;                                                                            &lt;option value=&quot;10&quot;&gt;Bà Rịa Vũng Tàu&lt;/option&gt;                                                                            &lt;option value=&quot;11&quot;&gt;Đắk Lắk&lt;/option&gt;                                                                            &lt;option value=&quot;12&quot;&gt;Cần Thơ&lt;/option&gt;                                                                            &lt;option value=&quot;13&quot;&gt;Bình Thuận  &lt;/option&gt;                                                                            &lt;option value=&quot;14&quot;&gt;Lâm Đồng&lt;/option&gt;                                                                            &lt;option value=&quot;15&quot;&gt;Thừa Thiên Huế&lt;/option&gt;                                                                            &lt;option value=&quot;16&quot;&gt;Kiên Giang&lt;/option&gt;                                                                            &lt;option value=&quot;17&quot;&gt;Bắc Ninh&lt;/option&gt;                                                                            &lt;option value=&quot;18&quot;&gt;Quảng Ninh&lt;/option&gt;                                                                            &lt;option value=&quot;19&quot;&gt;Thanh Hóa&lt;/option&gt;                                                                            &lt;option value=&quot;20&quot;&gt;Nghệ An&lt;/option&gt;                                                                            &lt;option value=&quot;21&quot;&gt;Hải Dương&lt;/option&gt;                                                                            &lt;option value=&quot;22&quot;&gt;Gia Lai&lt;/option&gt;                                                                            &lt;option value=&quot;23&quot;&gt;Bình Phước&lt;/option&gt;                                                                            &lt;option value=&quot;24&quot;&gt;Hưng Yên&lt;/option&gt;                                                                            &lt;option value=&quot;25&quot;&gt;Bình Định&lt;/option&gt;                                                                            &lt;option value=&quot;26&quot;&gt;Tiền Giang&lt;/option&gt;                                                                            &lt;option value=&quot;27&quot;&gt;Thái Bình&lt;/option&gt;                                                                            &lt;option value=&quot;28&quot;&gt;Bắc Giang&lt;/option&gt;                                                                            &lt;option value=&quot;29&quot;&gt;Hòa Bình&lt;/option&gt;                                                                            &lt;option value=&quot;30&quot;&gt;An Giang&lt;/option&gt;                                                                            &lt;option value=&quot;31&quot;&gt;Vĩnh Phúc&lt;/option&gt;                                                                            &lt;option value=&quot;32&quot;&gt;Tây Ninh&lt;/option&gt;                                                                            &lt;option value=&quot;33&quot;&gt;Thái Nguyên&lt;/option&gt;                                                                            &lt;option value=&quot;34&quot;&gt;Lào Cai&lt;/option&gt;                                                                            &lt;option value=&quot;35&quot;&gt;Nam Định&lt;/option&gt;                                                                            &lt;option value=&quot;36&quot;&gt;Quảng Ngãi&lt;/option&gt;                                                                            &lt;option value=&quot;37&quot;&gt;Bến Tre&lt;/option&gt;                                                                            &lt;option value=&quot;38&quot;&gt;Đắk Nông&lt;/option&gt;                                                                            &lt;option value=&quot;39&quot;&gt;Cà Mau&lt;/option&gt;                                                                            &lt;option value=&quot;40&quot;&gt;Vĩnh Long&lt;/option&gt;                                                                            &lt;option value=&quot;41&quot;&gt;Ninh Bình&lt;/option&gt;                                                                            &lt;option value=&quot;42&quot;&gt;Phú Thọ&lt;/option&gt;                                                                            &lt;option value=&quot;43&quot;&gt;Ninh Thuận&lt;/option&gt;                                                                            &lt;option value=&quot;44&quot;&gt;Phú Yên&lt;/option&gt;                                                                            &lt;option value=&quot;45&quot;&gt;Hà Nam&lt;/option&gt;                                                                            &lt;option value=&quot;46&quot;&gt;Hà Tĩnh&lt;/option&gt;                                                                            &lt;option value=&quot;47&quot;&gt;Đồng Tháp&lt;/option&gt;                                                                            &lt;option value=&quot;48&quot;&gt;Sóc Trăng&lt;/option&gt;                                                                            &lt;option value=&quot;49&quot;&gt;Kon Tum&lt;/option&gt;                                                                            &lt;option value=&quot;50&quot;&gt;Quảng Bình&lt;/option&gt;                                                                            &lt;option value=&quot;51&quot;&gt;Quảng Trị&lt;/option&gt;                                                                            &lt;option value=&quot;52&quot;&gt;Trà Vinh&lt;/option&gt;                                                                            &lt;option value=&quot;53&quot;&gt;Hậu Giang&lt;/option&gt;                                                                            &lt;option value=&quot;54&quot;&gt;Sơn La&lt;/option&gt;                                                                            &lt;option value=&quot;55&quot;&gt;Bạc Liêu&lt;/option&gt;                                                                            &lt;option value=&quot;56&quot;&gt;Yên Bái&lt;/option&gt;                                                                            &lt;option value=&quot;57&quot;&gt;Tuyên Quang&lt;/option&gt;                                                                            &lt;option value=&quot;58&quot;&gt;Điện Biên&lt;/option&gt;                                                                            &lt;option value=&quot;59&quot;&gt;Lai Châu&lt;/option&gt;                                                                            &lt;option value=&quot;60&quot;&gt;Lạng Sơn&lt;/option&gt;                                                                            &lt;option value=&quot;61&quot;&gt;Hà Giang&lt;/option&gt;                                                                            &lt;option value=&quot;62&quot;&gt;Bắc Kạn&lt;/option&gt;                                                                            &lt;option value=&quot;63&quot;&gt;Cao Bằng&lt;/option&gt;                                                                    &lt;/select&gt;                            &lt;/div&gt;                        &lt;/div&gt;                        &lt;div class=&quot;form-group clearfix&quot;&gt;                            &lt;label class=&quot;control-label col-md-4&quot;&gt;Quận/Huyện:&lt;/label&gt;                            &lt;div class=&quot;col-md-8&quot;&gt;                                &lt;select class=&quot;select2-search select-district&quot; data-width=&quot;100%&quot; name=&quot;district_id&quot;&gt;                                    &lt;option value=&quot;&quot;&gt;--Chọn Quận/Huyện--&lt;/option&gt;                                                                            &lt;option selected=&quot;&quot; value=&quot;343&quot;&gt;Huyện Cam Lâm&lt;/option&gt;                                                                            &lt;option value=&quot;344&quot;&gt;Huyện Diên Khánh&lt;/option&gt;                                                                            &lt;option value=&quot;345&quot;&gt;Huyện Khánh Sơn&lt;/option&gt;                                                                            &lt;option value=&quot;346&quot;&gt;Huyện Khánh Vĩnh&lt;/option&gt;                                                                            &lt;option value=&quot;347&quot;&gt;Thị xã Ninh Hòa&lt;/option&gt;                                                                            &lt;option value=&quot;348&quot;&gt;Huyện Trường Sa&lt;/option&gt;                                                                            &lt;option value=&quot;349&quot;&gt;Huyện Vạn Ninh&lt;/option&gt;                                                                            &lt;option value=&quot;350&quot;&gt;Thành phố Nha Trang&lt;/option&gt;                                                                            &lt;option value=&quot;351&quot;&gt;Thành phố Cam Ranh&lt;/option&gt;                                                                    &lt;/select&gt;                            &lt;/div&gt;                        &lt;/div&gt;                        &lt;div class=&quot;form-group clearfix&quot;&gt;                            &lt;label class=&quot;control-label col-md-4&quot;&gt;Diện tích:&lt;/label&gt;                            &lt;div class=&quot;col-md-8&quot;&gt;                                &lt;select class=&quot;select2-search&quot; data-width=&quot;100%&quot; name=&quot;area_range_id&quot;&gt;                                    &lt;option value=&quot;&quot;&gt;--Chọn diện tích--&lt;/option&gt;                                                                            &lt;option value=&quot;1&quot;&gt;&lt;= 30m2&lt;/option&gt;                                                                            &lt;option value=&quot;2&quot;&gt;30 - 50m2&lt;/option&gt;                                                                            &lt;option value=&quot;3&quot;&gt;50 - 80m2&lt;/option&gt;                                                                            &lt;option value=&quot;4&quot;&gt;80 - 100m2&lt;/option&gt;                                                                            &lt;option value=&quot;5&quot;&gt;100 - 150m2&lt;/option&gt;                                                                            &lt;option value=&quot;6&quot;&gt;150 - 200m2&lt;/option&gt;                                                                            &lt;option selected=&quot;&quot; value=&quot;7&quot;&gt;200 - 250m2&lt;/option&gt;                                                                            &lt;option value=&quot;8&quot;&gt;250 - 300m2&lt;/option&gt;                                                                            &lt;option value=&quot;9&quot;&gt;300 - 500m2&lt;/option&gt;                                                                            &lt;option value=&quot;10&quot;&gt;&gt;= 500m2&lt;/option&gt;                                                                    &lt;/select&gt;                            &lt;/div&gt;                        &lt;/div&gt;                        &lt;div class=&quot;form-group clearfix&quot;&gt;                            &lt;label class=&quot;control-label col-md-4&quot;&gt;Giá:&lt;/label&gt;                            &lt;div class=&quot;col-md-8&quot;&gt;                                &lt;select class=&quot;select2-search&quot; data-width=&quot;100%&quot; name=&quot;price_range_id&quot;&gt;                                    &lt;option value=&quot;&quot;&gt;--Chọn mức giá--&lt;/option&gt;                                                                            &lt;option value=&quot;11&quot;&gt;&lt; 500 triệu&lt;/option&gt;                                                                            &lt;option value=&quot;12&quot;&gt;500 - 800 triệu&lt;/option&gt;                                                                            &lt;option value=&quot;13&quot;&gt;800 triệu - 1 tỷ&lt;/option&gt;                                                                            &lt;option value=&quot;14&quot;&gt;1 - 2 tỷ&lt;/option&gt;                                                                            &lt;option value=&quot;15&quot;&gt;2 - 3 tỷ&lt;/option&gt;                                                                            &lt;option selected=&quot;&quot; value=&quot;16&quot;&gt;3 - 5 tỷ&lt;/option&gt;                                                                            &lt;option value=&quot;17&quot;&gt;5 - 7 tỷ&lt;/option&gt;                                                                            &lt;option value=&quot;18&quot;&gt;7 - 10 tỷ&lt;/option&gt;                                                                            &lt;option value=&quot;19&quot;&gt;10 - 20 tỷ&lt;/option&gt;                                                                            &lt;option value=&quot;20&quot;&gt;20 - 30 tỷ&lt;/option&gt;                                                                            &lt;option value=&quot;21&quot;&gt;&gt; 30 tỷ&lt;/option&gt;                                                                    &lt;/select&gt;                            &lt;/div&gt;                        &lt;/div&gt;                        &lt;div class=&quot;form-group clearfix&quot;&gt;                            &lt;label class=&quot;control-label col-md-4&quot;&gt;Phường/ Xã:&lt;/label&gt;                            &lt;div class=&quot;col-md-8&quot;&gt;                                &lt;select class=&quot;select2-search select-ward&quot; data-width=&quot;100%&quot; name=&quot;ward_id&quot;&gt;                                    &lt;option value=&quot;&quot;&gt;--Chọn Phường/Xã--&lt;/option&gt;                                                                            &lt;option value=&quot;1720&quot;&gt;Xã Cam Tân&lt;/option&gt;                                                                            &lt;option value=&quot;1721&quot;&gt;Xã Cam Hòa&lt;/option&gt;                                                                            &lt;option value=&quot;1723&quot;&gt;Xã Sơn Tân&lt;/option&gt;                                                                            &lt;option value=&quot;1724&quot;&gt;Xã Cam Hải Tây&lt;/option&gt;                                                                            &lt;option value=&quot;1727&quot;&gt;Xã Cam Hiệp Bắc&lt;/option&gt;                                                                            &lt;option value=&quot;1730&quot;&gt;Xã Cam Hiệp Nam&lt;/option&gt;                                                                            &lt;option value=&quot;1733&quot;&gt;Xã Cam Thành Bắc&lt;/option&gt;                                                                            &lt;option value=&quot;1734&quot;&gt;Xã Cam An Bắc&lt;/option&gt;                                                                            &lt;option value=&quot;1735&quot;&gt;Xã Cam An Nam&lt;/option&gt;                                                                            &lt;option value=&quot;1736&quot;&gt;Xã Cam Phước Tây&lt;/option&gt;                                                                            &lt;option selected=&quot;&quot; value=&quot;1737&quot;&gt;Xã Cam Hải Đông&lt;/option&gt;                                                                            &lt;option value=&quot;1738&quot;&gt;Xã Suối Tân&lt;/option&gt;                                                                            &lt;option value=&quot;1739&quot;&gt;Xã Suối Cát&lt;/option&gt;                                                                            &lt;option value=&quot;1740&quot;&gt;Thị trấn Cam Đức&lt;/option&gt;                                                                    &lt;/select&gt;                            &lt;/div&gt;                        &lt;/div&gt;                        &lt;div class=&quot;form-group clearfix&quot;&gt;                            &lt;label class=&quot;control-label col-md-4&quot;&gt;Đường/Phố:&lt;/label&gt;                            &lt;div class=&quot;col-md-8&quot;&gt;                                &lt;select class=&quot;select2-search select-street&quot; data-width=&quot;100%&quot; name=&quot;street_id&quot;&gt;                                    &lt;option value=&quot;&quot;&gt;--Chọn Đường/Phố--&lt;/option&gt;                                                                            &lt;option value=&quot;3789&quot;&gt;1&lt;/option&gt;                                                                            &lt;option value=&quot;689&quot;&gt;3&lt;/option&gt;                                                                            &lt;option value=&quot;800&quot;&gt;Bà Huyện Thanh Quan&lt;/option&gt;                                                                            &lt;option value=&quot;13300&quot;&gt;Bãi Giếng - Trung Hiệp&lt;/option&gt;                                                                            &lt;option value=&quot;1081&quot;&gt;Cửu Long&lt;/option&gt;                                                                            &lt;option value=&quot;402&quot;&gt;Đào Duy Anh&lt;/option&gt;                                                                            &lt;option value=&quot;66&quot;&gt;Đinh Tiên Hoàng&lt;/option&gt;                                                                            &lt;option value=&quot;522&quot;&gt;Hồ Xuân Hương&lt;/option&gt;                                                                            &lt;option value=&quot;7869&quot;&gt;Hương lộ 39&lt;/option&gt;                                                                            &lt;option value=&quot;13299&quot;&gt;Lập Định - Suối Môn&lt;/option&gt;                                                                            &lt;option value=&quot;89&quot;&gt;Lê Duẩn&lt;/option&gt;                                                                            &lt;option value=&quot;237&quot;&gt;Lý Thái Tổ&lt;/option&gt;                                                                            &lt;option value=&quot;10527&quot;&gt;N5A&lt;/option&gt;                                                                            &lt;option value=&quot;1310&quot;&gt;Nguyễn Tất Thành&lt;/option&gt;                                                                            &lt;option value=&quot;1051&quot;&gt;Nguyễn Thị Minh Khai&lt;/option&gt;                                                                            &lt;option value=&quot;65&quot;&gt;Nguyễn Trãi&lt;/option&gt;                                                                            &lt;option value=&quot;7834&quot;&gt;Quốc Lộ 1&lt;/option&gt;                                                                            &lt;option value=&quot;2092&quot;&gt;Quốc lộ 1A&lt;/option&gt;                                                                            &lt;option value=&quot;8557&quot;&gt;Tỉnh lộ 3&lt;/option&gt;                                                                            &lt;option value=&quot;7939&quot;&gt;Tỉnh lộ 9&lt;/option&gt;                                                                            &lt;option value=&quot;1002&quot;&gt;Yersin&lt;/option&gt;                                                                    &lt;/select&gt;                            &lt;/div&gt;                        &lt;/div&gt;                        &lt;div class=&quot;form-group clearfix&quot;&gt;                            &lt;label class=&quot;control-label col-md-4&quot;&gt;Số phòng ngủ:&lt;/label&gt;                            &lt;div class=&quot;col-md-8&quot;&gt;                                &lt;select class=&quot;select2-search&quot; data-width=&quot;100%&quot; name=&quot;room_number_range_id&quot;&gt;                                    &lt;option value=&quot;&quot;&gt;--Chọn số phòng ngủ--&lt;/option&gt;                                                                            &lt;option value=&quot;22&quot;&gt;1+&lt;/option&gt;                                                                            &lt;option value=&quot;23&quot;&gt;2+&lt;/option&gt;                                                                            &lt;option value=&quot;24&quot;&gt;3+&lt;/option&gt;                                                                            &lt;option value=&quot;25&quot;&gt;4+&lt;/option&gt;                                                                            &lt;option value=&quot;26&quot;&gt;5+&lt;/option&gt;                                                                    &lt;/select&gt;                            &lt;/div&gt;                        &lt;/div&gt;                        &lt;div class=&quot;form-group clearfix&quot;&gt;                            &lt;label class=&quot;control-label col-md-4&quot;&gt;Hướng nhà:&lt;/label&gt;                            &lt;div class=&quot;col-md-8&quot;&gt;                                &lt;select class=&quot;select2-search&quot; data-width=&quot;100%&quot; name=&quot;home_direction&quot;&gt;                                    &lt;option value=&quot;&quot;&gt;--Chọn hướng nhà--&lt;/option&gt;                                                                            &lt;option value=&quot;0&quot;&gt;KXĐ&lt;/option&gt;                                                                            &lt;option selected=&quot;&quot; value=&quot;1&quot;&gt;Đông&lt;/option&gt;                                                                            &lt;option value=&quot;2&quot;&gt;Tây&lt;/option&gt;                                                                            &lt;option value=&quot;3&quot;&gt;Nam&lt;/option&gt;                                                                            &lt;option value=&quot;4&quot;&gt;Bắc&lt;/option&gt;                                                                            &lt;option value=&quot;5&quot;&gt;Đông-Bắc&lt;/option&gt;                                                                            &lt;option value=&quot;6&quot;&gt;Tây-Bắc&lt;/option&gt;                                                                            &lt;option value=&quot;7&quot;&gt;Tây-Nam&lt;/option&gt;                                                                            &lt;option value=&quot;8&quot;&gt;Đông-Nam&lt;/option&gt;                                                                    &lt;/select&gt;                            &lt;/div&gt;                        &lt;/div&gt;                        &lt;h4&gt;Nhận thư báo&lt;/h4&gt;                        &lt;div class=&quot;form-group clearfix&quot;&gt;                            &lt;label class=&quot;control-label col-md-4 required&quot;&gt;Tiêu đề thư:&lt;/label&gt;                            &lt;div class=&quot;col-md-8&quot;&gt;&lt;input class=&quot;form-control&quot; name=&quot;email_title&quot; required=&quot;&quot; type=&quot;text&quot;/&gt;&lt;/div&gt;                        &lt;/div&gt;                        &lt;div class=&quot;form-group clearfix&quot;&gt;                            &lt;label class=&quot;control-label col-md-4 required&quot;&gt;Email:&lt;/label&gt;                            &lt;div class=&quot;col-md-8&quot;&gt;&lt;input class=&quot;form-control&quot; name=&quot;email&quot; required=&quot;&quot; type=&quot;text&quot; value=&quot;&quot;/&gt;&lt;/div&gt;                        &lt;/div&gt;                        &lt;div class=&quot;form-group clearfix&quot;&gt;                            &lt;label class=&quot;control-label col-md-4 required&quot;&gt;Họ và tên:&lt;/label&gt;                            &lt;div class=&quot;col-md-8&quot;&gt;&lt;input class=&quot;form-control&quot; name=&quot;fullname&quot; required=&quot;&quot; type=&quot;text&quot;/&gt;&lt;/div&gt;                        &lt;/div&gt;                        &lt;div class=&quot;form-captcha form-group clearfix&quot;&gt;                            &lt;label class=&quot;col-md-4 control-label required&quot; for=&quot;captcha&quot;&gt;Xác nhận&lt;/label&gt;                            &lt;div class=&quot;col-md-8&quot;&gt;                                &lt;div class=&quot;input-group&quot;&gt;                                    &lt;span class=&quot;input-group-addon captcha-image&quot;&gt;&lt;img alt=&quot;captcha&quot; class=&quot;captcha-img&quot; data-refresh-config=&quot;default&quot; src=&quot;https://timnhadat.net.vn/captcha/default?l4yvOlC5&quot;/&gt;&lt;/span&gt;                                    &lt;input class=&quot;form-control&quot; id=&quot;captcha&quot; name=&quot;captcha&quot; type=&quot;text&quot;/&gt;                                &lt;/div&gt;                            &lt;/div&gt;                        &lt;/div&gt;                        &lt;input name=&quot;sendType&quot; type=&quot;hidden&quot; value=&quot;1&quot;/&gt;                    &lt;/form&gt;                &lt;/div&gt;                &lt;div class=&quot;modal-footer&quot;&gt;                    &lt;button class=&quot;btn btn-default&quot; data-dismiss=&quot;modal&quot; type=&quot;button&quot;&gt;Hủy bỏ&lt;/button&gt;                    &lt;button class=&quot;btn btn-primary&quot; id=&quot;addReceivedPostSaveBtn&quot; type=&quot;button&quot;&gt;Đăng ký&lt;/button&gt;                &lt;/div&gt;            &lt;/div&gt;        &lt;/div&gt;    &lt;/div&gt;&lt;/div&gt;            &lt;div class=&quot;post-actions&quot;&gt;                &lt;div class=&quot;ssk-group ssk-round&quot; data-text=&quot;Bán đất MT Đường N3 - 3 - tái định cư dự án Hưng Thịnh - xã Cam Hải Đông - Cam Lâm - Khánh Hoà&quot;&gt;                    &lt;a class=&quot;ssk ssk-email&quot; href=&quot;&quot; title=&quot;Gửi cho bạn bè tin này qua email&quot;/&gt;                    &lt;a class=&quot;ssk ssk-print&quot; href=&quot;javascript: window.print();&quot; title=&quot;In trang này&quot;&gt;&lt;i aria-hidden=&quot;true&quot; class=&quot;fa fa-print&quot;/&gt;&lt;/a&gt;                    &lt;a class=&quot;ssk ssk-facebook&quot; href=&quot;&quot;/&gt;                                                        &lt;/div&gt;            &lt;/div&gt;            &lt;div class=&quot;clear&quot;/&gt;        &lt;/div&gt;" SourceIndex="1341" TableNum="0" TextLen="161" order="25" xPath="/html[1]/body[1]/div[1]/div[2]/div[4]/div[2]/div[1]/div[10]"/>
<LayoutNode BgColor="#055699" ContainImg="0" ContainP="0" ContainTable="false" Content="Bất động sản liên quan " DOMCldNum="5" DoC="10" FontSize="12" FontWeight="700" FormNum="0" FormSize="0" FrameSourceIndex="0" ID="1-11" InteractionNum="0" InteractionSize="0" IsImg="false" LinkNum="0" LinkTextLen="0" ObjectHeight="28" ObjectRectHeight="28" ObjectRectLeft="0" ObjectRectTop="1404" ObjectRectWidth="1420" ObjectWidth="710" ObjectX="210" ObjectY="1404" OptionNum="0" OptionTextLength="0" ParaNum="0" SRC="&lt;div class=&quot;block-title full-width text-center&quot;&gt;                Bất động sản liên quan            &lt;/div&gt;" SourceIndex="2130" TableNum="0" TextLen="22" order="26" xPath="/html[1]/body[1]/div[1]/div[2]/div[4]/div[2]/div[2]/div[1]"/>
<LayoutNode BgColor="#ffffff" ContainImg="7" ContainP="0" ContainTable="false" DOMCldNum="29" DoC="7" FontSize="12" FontWeight="normal" FormNum="0" FormSize="0" FrameSourceIndex="0" ID="1-12" InteractionNum="0" InteractionSize="0" IsImg="false" LinkNum="32" LinkTextLen="569" ObjectRectHeight="999" ObjectRectLeft="0" ObjectRectTop="1447" ObjectRectWidth="1420" OptionNum="0" OptionTextLength="0" ParaNum="0" SourceIndex="2135" TableNum="0" TextLen="3133" order="27">
<LayoutNode BgColor="#ffffff" ContainImg="0" ContainP="0" ContainTable="false" Content="SANG NHƯỢNG 10HA DỰ ÁN RESORT 5 SAO, MẶT BIỂN 200M NHA TRANG, KHÁNH HÒA " DOMCldNum="29" DoC="7" FontSize="12" FontWeight="normal" FormNum="0" FormSize="0" FrameSourceIndex="0" ID="1-12-1" InteractionNum="0" InteractionSize="0" IsImg="false" LinkNum="2" LinkTextLen="71" ObjectHeight="18" ObjectRectHeight="18" ObjectRectLeft="0" ObjectRectTop="1447" ObjectRectWidth="1420" ObjectWidth="708" ObjectX="211" ObjectY="1447" OptionNum="0" OptionTextLength="0" ParaNum="0" SRC="SANG NHƯỢNG 10HA DỰ ÁN RESORT 5 SAO, MẶT BIỂN 200M NHA TRANG, KHÁNH HÒA" SourceIndex="0" TableNum="0" TextLen="71" order="28" xPath="No Xpath"/>
<LayoutNode BgColor="#ffffff" ContainImg="1" ContainP="0" ContainTable="false" Content="18-06-2020 Chủ đầu tư sang nhượng dự án resort 5 sao tại Bãi Dài, Cam Lâm, Khánh Hòa với tổng diện tích 10ha.- Dự án 10ha nằm trong quần thể resort 5 sao đẳng cấp của tỉnh Khánh Hòa.- Dự án có vị trí rất đắc địa, với tổng diện tích 10ha, có mặt biển, bãi tắm tuyệt đẹp, đẳng cấp...- Tọa lạc trên cung đường kế... (18-06-2020) Giá:  Thương lượng Diện tích:  100000m2 Quận/Huyện:  Cam Lâm, Khánh Hòa " DOMCldNum="29" DoC="8" FontSize="12" FontWeight="normal" FormNum="0" FormSize="0" FrameSourceIndex="0" ID="1-12-2" InteractionNum="0" InteractionSize="0" IsImg="false" LinkNum="2" LinkTextLen="0" ObjectHeight="90" ObjectRectHeight="90" ObjectRectLeft="0" ObjectRectTop="1475" ObjectRectWidth="1420" ObjectWidth="708" ObjectX="211" ObjectY="1475" OptionNum="0" OptionTextLength="0" ParaNum="0" SRC="&lt;div class=&quot;post-item&quot; data-id=&quot;728601&quot;&gt;    &lt;div class=&quot;post-info float-right p-title&quot;&gt;        &lt;div class=&quot;post-title&quot;&gt;            &lt;div class=&quot;post-des&quot;&gt;Chủ đầu tư sang nhượng dự án resort 5 sao tại Bãi Dài, Cam Lâm, Khánh Hòa với tổng diện tích 10ha.- Dự án 10ha nằm trong quần thể resort 5 sao đẳng cấp của tỉnh Khánh Hòa.- Dự án có vị trí rất đắc địa, với tổng diện tích 10ha, có mặt biển, bãi tắm tuyệt đẹp, đẳng cấp...- Tọa lạc trên cung đường kế...&lt;/div&gt;            &lt;span class=&quot;sp post-pub-date&quot;&gt;(&lt;/span&gt;&lt;span class=&quot;post-pub-date&quot;&gt;18-06-2020&lt;/span&gt;&lt;span class=&quot;sp post-pub-date&quot;&gt;)&lt;/span&gt;        &lt;/div&gt;    &lt;/div&gt;    &lt;div class=&quot;post-image float-left&quot;&gt;        &lt;a href=&quot;https://timnhadat.net.vn/tin-rao/728601-sang-nhuong-10ha-du-an-resort-5-sao-mat-bien-200m-nha-trang-khanh-hoa&quot;&gt;&lt;img alt=&quot;Sang nhượng 10ha dự án resort 5 sao, mặt biển 200m Nha Trang, Khánh Hòa&quot; src=&quot;https://timnhadat.net.vn/storage/images/posts/id_728601/thumbs/thumb.jpg&quot; title=&quot;Sang nhượng 10ha dự án resort 5 sao, mặt biển 200m Nha Trang, Khánh Hòa&quot;/&gt;&lt;/a&gt;    &lt;/div&gt;    &lt;div class=&quot;post-info-other&quot;&gt;        &lt;div class=&quot;post-detail-item&quot;&gt;            &lt;div class=&quot;post-detail-label&quot;&gt;&lt;span class=&quot;p-label&quot;&gt;Giá&lt;/span&gt;&lt;span&gt;: &lt;/span&gt;            &lt;/div&gt;            &lt;div class=&quot;post-detail-value&quot;&gt;&lt;span&gt;Thương lượng&lt;/span&gt;&lt;/div&gt;            &lt;div class=&quot;clear&quot;/&gt;        &lt;/div&gt;                    &lt;div class=&quot;post-detail-item&quot;&gt;                &lt;div class=&quot;post-detail-label&quot;&gt;&lt;span class=&quot;p-label&quot;&gt;Diện tích&lt;/span&gt;&lt;span&gt;: &lt;/span&gt;&lt;/div&gt;                &lt;div class=&quot;post-detail-value&quot;&gt;&lt;span&gt;100000m2&lt;/span&gt;&lt;/div&gt;                &lt;div class=&quot;clear&quot;/&gt;            &lt;/div&gt;                &lt;div class=&quot;post-detail-item&quot;&gt;            &lt;div class=&quot;post-detail-label&quot;&gt;&lt;span class=&quot;p-label&quot;&gt;Quận/Huyện&lt;/span&gt;&lt;span&gt;: &lt;/span&gt;            &lt;/div&gt;            &lt;div class=&quot;post-detail-value&quot;&gt;&lt;span&gt;Cam Lâm, Khánh Hòa&lt;/span&gt;&lt;/div&gt;            &lt;div class=&quot;clear&quot;/&gt;        &lt;/div&gt;    &lt;/div&gt;    &lt;div class=&quot;clear&quot;/&gt;&lt;/div&gt;" SourceIndex="2140" TableNum="0" TextLen="375" order="29" xPath="/html[1]/body[1]/div[1]/div[2]/div[4]/div[2]/div[2]/div[2]/div[1]/div[1]"/>
<LayoutNode BgColor="#ffffff" ContainImg="0" ContainP="0" ContainTable="false" Content="SIÊU PHẨM NGHỈ DƯỠNG RADISSONBLU CỦA EUROWINDOW TẠI BÃI DÀI - NHA TRANG (90TR/M2) LH 0916992778 " DOMCldNum="29" DoC="7" FontSize="12" FontWeight="normal" FormNum="0" FormSize="0" FrameSourceIndex="0" ID="1-12-3" InteractionNum="0" InteractionSize="0" IsImg="false" LinkNum="4" LinkTextLen="94" ObjectHeight="36" ObjectRectHeight="36" ObjectRectLeft="0" ObjectRectTop="1586" ObjectRectWidth="1420" ObjectWidth="708" ObjectX="211" ObjectY="1586" OptionNum="0" OptionTextLength="0" ParaNum="0" SRC="SIÊU PHẨM NGHỈ DƯỠNG RADISSONBLU CỦA EUROWINDOW TẠI BÃI DÀI - NHA TRANG (90TR/M2) LH0916992778" SourceIndex="0" TableNum="0" TextLen="94" order="30" xPath="No Xpath"/>
<LayoutNode BgColor="#ffffff" ContainImg="1" ContainP="0" ContainTable="false" Content="07-05-2020 Tóm tắt chính sách Radison blue: 1/ Mua BT tặng condo. Sổ 50 năm (sẽ gia hạn thời gian sử dụng đất khi hết 50 năm) 2/ Chia sẻ 85-15. Tặng 20 đêm nghỉ cả BT và condo trong 10 năm (HD ký 10 năm 1) 3/ Cam kết 10%/3 năm đầu. Nhận trc ck 25% 4/ vay NH 70% trong 12 tháng (3 không) 5/ Chính sách đặc biệt... (07-05-2020) Giá:  90 Triệu/m2 Quận/Huyện:  Cam Lâm, Khánh Hòa " DOMCldNum="29" DoC="8" FontSize="12" FontWeight="normal" FormNum="0" FormSize="0" FrameSourceIndex="0" ID="1-12-4" InteractionNum="0" InteractionSize="0" IsImg="false" LinkNum="2" LinkTextLen="0" ObjectHeight="90" ObjectRectHeight="90" ObjectRectLeft="0" ObjectRectTop="1632" ObjectRectWidth="1420" ObjectWidth="708" ObjectX="211" ObjectY="1632" OptionNum="0" OptionTextLength="0" ParaNum="0" SRC="&lt;div class=&quot;post-item&quot; data-id=&quot;688703&quot;&gt;    &lt;div class=&quot;post-info float-right p-title&quot;&gt;        &lt;div class=&quot;post-title&quot;&gt;            &lt;div class=&quot;post-des&quot;&gt;Tóm tắt chính sách Radison blue:1/ Mua BT tặng condo. Sổ 50 năm (sẽ gia hạn thời gian sử dụng đất khi hết 50 năm)2/ Chia sẻ 85-15. Tặng 20 đêm nghỉ cả BT và condo trong 10 năm (HD ký 10 năm 1)3/ Cam kết 10%/3 năm đầu. Nhận trc ck 25%4/ vay NH 70% trong 12 tháng (3 không)5/ Chính sách đặc biệt...&lt;/div&gt;            &lt;span class=&quot;sp post-pub-date&quot;&gt;(&lt;/span&gt;&lt;span class=&quot;post-pub-date&quot;&gt;07-05-2020&lt;/span&gt;&lt;span class=&quot;sp post-pub-date&quot;&gt;)&lt;/span&gt;        &lt;/div&gt;    &lt;/div&gt;    &lt;div class=&quot;post-image float-left&quot;&gt;        &lt;a href=&quot;https://timnhadat.net.vn/tin-rao/688703-sieu-pham-nghi-duong-radissonblu-cua-eurowindow-tai-bai-dai-nha-trang-90trm2-lh-0916992778&quot;&gt;&lt;img alt=&quot;Siêu phẩm nghỉ dưỡng RadissonBlu của Eurowindow tại Bãi Dài - Nha Trang (90tr/m2) LH 0916992778&quot; src=&quot;https://timnhadat.net.vn/storage/images/posts/id_688703/thumbs/thumb.jpg&quot; title=&quot;Siêu phẩm nghỉ dưỡng RadissonBlu của Eurowindow tại Bãi Dài - Nha Trang (90tr/m2) LH 0916992778&quot;/&gt;&lt;/a&gt;    &lt;/div&gt;    &lt;div class=&quot;post-info-other&quot;&gt;        &lt;div class=&quot;post-detail-item&quot;&gt;            &lt;div class=&quot;post-detail-label&quot;&gt;&lt;span class=&quot;p-label&quot;&gt;Giá&lt;/span&gt;&lt;span&gt;: &lt;/span&gt;            &lt;/div&gt;            &lt;div class=&quot;post-detail-value&quot;&gt;&lt;span&gt;90 Triệu/m2&lt;/span&gt;&lt;/div&gt;            &lt;div class=&quot;clear&quot;/&gt;        &lt;/div&gt;                &lt;div class=&quot;post-detail-item&quot;&gt;            &lt;div class=&quot;post-detail-label&quot;&gt;&lt;span class=&quot;p-label&quot;&gt;Quận/Huyện&lt;/span&gt;&lt;span&gt;: &lt;/span&gt;            &lt;/div&gt;            &lt;div class=&quot;post-detail-value&quot;&gt;&lt;span&gt;Cam Lâm, Khánh Hòa&lt;/span&gt;&lt;/div&gt;            &lt;div class=&quot;clear&quot;/&gt;        &lt;/div&gt;    &lt;/div&gt;    &lt;div class=&quot;clear&quot;/&gt;&lt;/div&gt;" SourceIndex="2220" TableNum="0" TextLen="354" order="31" xPath="/html[1]/body[1]/div[1]/div[2]/div[4]/div[2]/div[2]/div[2]/div[1]/div[2]"/>
<LayoutNode BgColor="#ffffff" ContainImg="0" ContainP="0" ContainTable="false" Content="HƯNG THỊNH MỞ BÁN BIỆT THỰ BIỂN BÃI DÀI CAM RANH - KHÁNH HÒA CHIẾT KHẤU 17%: LH 0902537816 " DOMCldNum="29" DoC="7" FontSize="12" FontWeight="normal" FormNum="0" FormSize="0" FrameSourceIndex="0" ID="1-12-5" InteractionNum="0" InteractionSize="0" IsImg="false" LinkNum="2" LinkTextLen="90" ObjectHeight="18" ObjectRectHeight="18" ObjectRectLeft="0" ObjectRectTop="1743" ObjectRectWidth="1420" ObjectWidth="708" ObjectX="211" ObjectY="1743" OptionNum="0" OptionTextLength="0" ParaNum="0" SRC="HƯNG THỊNH MỞ BÁN BIỆT THỰ BIỂN BÃI DÀI CAM RANH - KHÁNH HÒA CHIẾT KHẤU 17%: LH 0902537816" SourceIndex="0" TableNum="0" TextLen="90" order="32" xPath="No Xpath"/>
<LayoutNode BgColor="#ffffff" ContainImg="1" ContainP="0" ContainTable="false" Content="25-04-2020 - Bán nhà biệt thự, liền kề tại Cam Ranh Mystery Villas - Huyện Cam Lâm - Khánh Hòa. - Giá: 9,5 tỷ. Diện tích: 240m2. - Vịnh Cam Ranh là vịnh có vị trí chiến lược cho ngành du lịch, kinh tế, quân sự. Hình ảnh bên dưới là hình thực tế thi công dự án và Cam Ranh của hiện tại. Cam Ranh ngày nay thực... (25-04-2020) Giá:  9 Tỷ Diện tích:  240m2 Quận/Huyện:  Cam Lâm, Khánh Hòa " DOMCldNum="29" DoC="8" FontSize="12" FontWeight="normal" FormNum="0" FormSize="0" FrameSourceIndex="0" ID="1-12-6" InteractionNum="0" InteractionSize="0" IsImg="false" LinkNum="2" LinkTextLen="0" ObjectHeight="90" ObjectRectHeight="90" ObjectRectLeft="0" ObjectRectTop="1771" ObjectRectWidth="1420" ObjectWidth="708" ObjectX="211" ObjectY="1771" OptionNum="0" OptionTextLength="0" ParaNum="0" SRC="&lt;div class=&quot;post-item&quot; data-id=&quot;677288&quot;&gt;    &lt;div class=&quot;post-info float-right p-title&quot;&gt;        &lt;div class=&quot;post-title&quot;&gt;            &lt;div class=&quot;post-des&quot;&gt;- Bán nhà biệt thự, liền kề tại Cam Ranh Mystery Villas - Huyện Cam Lâm - Khánh Hòa.- Giá: 9,5 tỷ. Diện tích: 240m2.- Vịnh Cam Ranh là vịnh có vị trí chiến lược cho ngành du lịch, kinh tế, quân sự. Hình ảnh bên dưới là hình thực tế thi công dự án và Cam Ranh của hiện tại. Cam Ranh ngày nay thực...&lt;/div&gt;            &lt;span class=&quot;sp post-pub-date&quot;&gt;(&lt;/span&gt;&lt;span class=&quot;post-pub-date&quot;&gt;25-04-2020&lt;/span&gt;&lt;span class=&quot;sp post-pub-date&quot;&gt;)&lt;/span&gt;        &lt;/div&gt;    &lt;/div&gt;    &lt;div class=&quot;post-image float-left&quot;&gt;        &lt;a href=&quot;https://timnhadat.net.vn/tin-rao/677288-hung-thinh-mo-ban-biet-thu-bien-bai-dai-cam-ranh-khanh-hoa-chiet-khau-17-lh-0902537816&quot;&gt;&lt;img alt=&quot;HƯNG THỊNH MỞ BÁN BIỆT THỰ BIỂN BÃI DÀI CAM RANH - KHÁNH HÒA CHIẾT KHẤU 17%: LH 0902537816&quot; src=&quot;https://timnhadat.net.vn/storage/images/posts/id_677288/thumbs/thumb.jpg&quot; title=&quot;HƯNG THỊNH MỞ BÁN BIỆT THỰ BIỂN BÃI DÀI CAM RANH - KHÁNH HÒA CHIẾT KHẤU 17%: LH 0902537816&quot;/&gt;&lt;/a&gt;    &lt;/div&gt;    &lt;div class=&quot;post-info-other&quot;&gt;        &lt;div class=&quot;post-detail-item&quot;&gt;            &lt;div class=&quot;post-detail-label&quot;&gt;&lt;span class=&quot;p-label&quot;&gt;Giá&lt;/span&gt;&lt;span&gt;: &lt;/span&gt;            &lt;/div&gt;            &lt;div class=&quot;post-detail-value&quot;&gt;&lt;span&gt;9 Tỷ&lt;/span&gt;&lt;/div&gt;            &lt;div class=&quot;clear&quot;/&gt;        &lt;/div&gt;                    &lt;div class=&quot;post-detail-item&quot;&gt;                &lt;div class=&quot;post-detail-label&quot;&gt;&lt;span class=&quot;p-label&quot;&gt;Diện tích&lt;/span&gt;&lt;span&gt;: &lt;/span&gt;&lt;/div&gt;                &lt;div class=&quot;post-detail-value&quot;&gt;&lt;span&gt;240m2&lt;/span&gt;&lt;/div&gt;                &lt;div class=&quot;clear&quot;/&gt;            &lt;/div&gt;                &lt;div class=&quot;post-detail-item&quot;&gt;            &lt;div class=&quot;post-detail-label&quot;&gt;&lt;span class=&quot;p-label&quot;&gt;Quận/Huyện&lt;/span&gt;&lt;span&gt;: &lt;/span&gt;            &lt;/div&gt;            &lt;div class=&quot;post-detail-value&quot;&gt;&lt;span&gt;Cam Lâm, Khánh Hòa&lt;/span&gt;&lt;/div&gt;            &lt;div class=&quot;clear&quot;/&gt;        &lt;/div&gt;    &lt;/div&gt;    &lt;div class=&quot;clear&quot;/&gt;&lt;/div&gt;" SourceIndex="2285" TableNum="0" TextLen="363" order="33" xPath="/html[1]/body[1]/div[1]/div[2]/div[4]/div[2]/div[2]/div[2]/div[1]/div[3]"/>
<LayoutNode BgColor="#ffffff" ContainImg="0" ContainP="0" ContainTable="false" Content="HƯNG THỊNH BÁN BIỆT THỰ CAM RANH MYSTERY VỊ TRÍ NGHĨ DƯỠNG ĐẲNG CẤP 5* NGAY BIỂN BÃI DÀI " DOMCldNum="29" DoC="7" FontSize="12" FontWeight="normal" FormNum="0" FormSize="0" FrameSourceIndex="0" ID="1-12-7" InteractionNum="0" InteractionSize="0" IsImg="false" LinkNum="2" LinkTextLen="88" ObjectHeight="18" ObjectRectHeight="18" ObjectRectLeft="0" ObjectRectTop="1882" ObjectRectWidth="1420" ObjectWidth="708" ObjectX="211" ObjectY="1882" OptionNum="0" OptionTextLength="0" ParaNum="0" SRC="HƯNG THỊNH BÁN BIỆT THỰ CAM RANH MYSTERY VỊ TRÍ NGHĨ DƯỠNG ĐẲNG CẤP 5* NGAY BIỂN BÃI DÀI" SourceIndex="0" TableNum="0" TextLen="88" order="34" xPath="No Xpath"/>
<LayoutNode BgColor="#ffffff" ContainImg="1" ContainP="0" ContainTable="false" Content="23-04-2020 Khu biệt thự nghỉ dưỡng Cam Ranh Mystery Villas chuẩn 5* quốc tế. - Vị trí sinh lời cao, nằm trong khu du lịch đẳng cấp quốc tế của tỉnh Khánh Hòa, Nha Trang. - Cách sân bay quốc tế Cam Ranh chạy xe 5 phút. - Biển Bãi Dài là một trong những bãi biển đẹp nhất nước Việt Nam, bãi tắm này và nước tron... (23-04-2020) Giá:  9.5 Tỷ Diện tích:  240m2 Quận/Huyện:  Cam Lâm, Khánh Hòa " DOMCldNum="29" DoC="8" FontSize="12" FontWeight="normal" FormNum="0" FormSize="0" FrameSourceIndex="0" ID="1-12-8" InteractionNum="0" InteractionSize="0" IsImg="false" LinkNum="2" LinkTextLen="0" ObjectHeight="90" ObjectRectHeight="90" ObjectRectLeft="0" ObjectRectTop="1910" ObjectRectWidth="1420" ObjectWidth="708" ObjectX="211" ObjectY="1910" OptionNum="0" OptionTextLength="0" ParaNum="0" SRC="&lt;div class=&quot;post-item&quot; data-id=&quot;675332&quot;&gt;    &lt;div class=&quot;post-info float-right p-title&quot;&gt;        &lt;div class=&quot;post-title&quot;&gt;            &lt;div class=&quot;post-des&quot;&gt;Khu biệt thự nghỉ dưỡng Cam Ranh Mystery Villas chuẩn 5* quốc tế.- Vị trí sinh lời cao, nằm trong khu du lịch đẳng cấp quốc tế của tỉnh Khánh Hòa, Nha Trang.- Cách sân bay quốc tế Cam Ranh chạy xe 5 phút.- Biển Bãi Dài là một trong những bãi biển đẹp nhất nước Việt Nam, bãi tắm này và nước tron...&lt;/div&gt;            &lt;span class=&quot;sp post-pub-date&quot;&gt;(&lt;/span&gt;&lt;span class=&quot;post-pub-date&quot;&gt;23-04-2020&lt;/span&gt;&lt;span class=&quot;sp post-pub-date&quot;&gt;)&lt;/span&gt;        &lt;/div&gt;    &lt;/div&gt;    &lt;div class=&quot;post-image float-left&quot;&gt;        &lt;a href=&quot;https://timnhadat.net.vn/tin-rao/675332-hung-thinh-ban-biet-thu-cam-ranh-mystery-vi-tri-nghi-duong-dang-cap-5-ngay-bien-bai-dai&quot;&gt;&lt;img alt=&quot;HƯNG THỊNH BÁN BIỆT THỰ CAM RANH MYSTERY VỊ TRÍ NGHĨ DƯỠNG ĐẲNG CẤP 5* NGAY BIỂN BÃI DÀI &quot; src=&quot;https://timnhadat.net.vn/storage/images/posts/id_675332/thumbs/thumb.jpg&quot; title=&quot;HƯNG THỊNH BÁN BIỆT THỰ CAM RANH MYSTERY VỊ TRÍ NGHĨ DƯỠNG ĐẲNG CẤP 5* NGAY BIỂN BÃI DÀI &quot;/&gt;&lt;/a&gt;    &lt;/div&gt;    &lt;div class=&quot;post-info-other&quot;&gt;        &lt;div class=&quot;post-detail-item&quot;&gt;            &lt;div class=&quot;post-detail-label&quot;&gt;&lt;span class=&quot;p-label&quot;&gt;Giá&lt;/span&gt;&lt;span&gt;: &lt;/span&gt;            &lt;/div&gt;            &lt;div class=&quot;post-detail-value&quot;&gt;&lt;span&gt;9.5 Tỷ&lt;/span&gt;&lt;/div&gt;            &lt;div class=&quot;clear&quot;/&gt;        &lt;/div&gt;                    &lt;div class=&quot;post-detail-item&quot;&gt;                &lt;div class=&quot;post-detail-label&quot;&gt;&lt;span class=&quot;p-label&quot;&gt;Diện tích&lt;/span&gt;&lt;span&gt;: &lt;/span&gt;&lt;/div&gt;                &lt;div class=&quot;post-detail-value&quot;&gt;&lt;span&gt;240m2&lt;/span&gt;&lt;/div&gt;                &lt;div class=&quot;clear&quot;/&gt;            &lt;/div&gt;                &lt;div class=&quot;post-detail-item&quot;&gt;            &lt;div class=&quot;post-detail-label&quot;&gt;&lt;span class=&quot;p-label&quot;&gt;Quận/Huyện&lt;/span&gt;&lt;span&gt;: &lt;/span&gt;            &lt;/div&gt;            &lt;div class=&quot;post-detail-value&quot;&gt;&lt;span&gt;Cam Lâm, Khánh Hòa&lt;/span&gt;&lt;/div&gt;            &lt;div class=&quot;clear&quot;/&gt;        &lt;/div&gt;    &lt;/div&gt;    &lt;div class=&quot;clear&quot;/&gt;&lt;/div&gt;" SourceIndex="2365" TableNum="0" TextLen="366" order="35" xPath="/html[1]/body[1]/div[1]/div[2]/div[4]/div[2]/div[2]/div[2]/div[1]/div[4]"/>
<LayoutNode BgColor="#ffffff" ContainImg="0" ContainP="0" ContainTable="false" Content="CHO THUÊ ĐẤT LÀM MẶT BẰNG TUA DU LỊCH 7000M2 CẦU MỚI CAM LÂM " DOMCldNum="29" DoC="7" FontSize="12" FontWeight="normal" FormNum="0" FormSize="0" FrameSourceIndex="0" ID="1-12-9" InteractionNum="0" InteractionSize="0" IsImg="false" LinkNum="2" LinkTextLen="60" ObjectHeight="18" ObjectRectHeight="18" ObjectRectLeft="0" ObjectRectTop="2021" ObjectRectWidth="1420" ObjectWidth="708" ObjectX="211" ObjectY="2021" OptionNum="0" OptionTextLength="0" ParaNum="0" SRC="CHO THUÊ ĐẤT LÀM MẶT BẰNG TUA DU LỊCH 7000M2 CẦU MỚI CAM LÂM" SourceIndex="0" TableNum="0" TextLen="60" order="36" xPath="No Xpath"/>
<LayoutNode BgColor="#ffffff" ContainImg="1" ContainP="0" ContainTable="false" Content="14-01-2020 - CHO THUÊ MẶT BẰNG - 7000m2 LÀM TUA DU LỊCH - Cần cho thuê lô đất chân cầu mới Cam Lâm - Cam Ranh - KH - Dt: 7000m2 (70 x 100m) - Có sổ hồng - Đã có giấy phép xây dựng Nhà hàng - Vị trí đẹp, mặt đầm Thuỷ chiều, ngay chân cầu mới rất phù hợp để làm nhà hàng, dịch vụ tua, dịch vụ Du lịch, quán càe.... (14-01-2020) Giá:  80 Triệu Diện tích:  7000m2 Quận/Huyện:  Cam Lâm, Khánh Hòa " DOMCldNum="29" DoC="8" FontSize="12" FontWeight="normal" FormNum="0" FormSize="0" FrameSourceIndex="0" ID="1-12-10" InteractionNum="0" InteractionSize="0" IsImg="false" LinkNum="2" LinkTextLen="0" ObjectHeight="90" ObjectRectHeight="90" ObjectRectLeft="0" ObjectRectTop="2049" ObjectRectWidth="1420" ObjectWidth="708" ObjectX="211" ObjectY="2049" OptionNum="0" OptionTextLength="0" ParaNum="0" SRC="&lt;div class=&quot;post-item&quot; data-id=&quot;587331&quot;&gt;    &lt;div class=&quot;post-info float-right p-title&quot;&gt;        &lt;div class=&quot;post-title&quot;&gt;            &lt;div class=&quot;post-des&quot;&gt;- CHO THUÊ MẶT BẰNG - 7000m2 LÀM TUA DU LỊCH- Cần cho thuê lô đất chân cầu mới Cam Lâm - Cam Ranh - KH- Dt: 7000m2 (70 x 100m)- Có sổ hồng- Đã có giấy phép xây dựng Nhà hàng- Vị trí đẹp, mặt đầm Thuỷ chiều, ngay chân cầu mới rất phù hợp để làm nhà hàng, dịch vụ tua, dịch vụ Du lịch, quán càe....&lt;/div&gt;            &lt;span class=&quot;sp post-pub-date&quot;&gt;(&lt;/span&gt;&lt;span class=&quot;post-pub-date&quot;&gt;14-01-2020&lt;/span&gt;&lt;span class=&quot;sp post-pub-date&quot;&gt;)&lt;/span&gt;        &lt;/div&gt;    &lt;/div&gt;    &lt;div class=&quot;post-image float-left&quot;&gt;        &lt;a href=&quot;https://timnhadat.net.vn/tin-rao/587331-cho-thue-dat-lam-mat-bang-tua-du-lich-7000m2-cau-moi-cam-lam&quot;&gt;&lt;img alt=&quot;CHO THUÊ ĐẤT LÀM MẶT BẰNG TUA DU LỊCH 7000M2 CẦU MỚI CAM LÂM&quot; src=&quot;https://timnhadat.net.vn/storage/images/posts/id_587331/thumbs/thumb.jpg&quot; title=&quot;CHO THUÊ ĐẤT LÀM MẶT BẰNG TUA DU LỊCH 7000M2 CẦU MỚI CAM LÂM&quot;/&gt;&lt;/a&gt;    &lt;/div&gt;    &lt;div class=&quot;post-info-other&quot;&gt;        &lt;div class=&quot;post-detail-item&quot;&gt;            &lt;div class=&quot;post-detail-label&quot;&gt;&lt;span class=&quot;p-label&quot;&gt;Giá&lt;/span&gt;&lt;span&gt;: &lt;/span&gt;            &lt;/div&gt;            &lt;div class=&quot;post-detail-value&quot;&gt;&lt;span&gt;80 Triệu&lt;/span&gt;&lt;/div&gt;            &lt;div class=&quot;clear&quot;/&gt;        &lt;/div&gt;                    &lt;div class=&quot;post-detail-item&quot;&gt;                &lt;div class=&quot;post-detail-label&quot;&gt;&lt;span class=&quot;p-label&quot;&gt;Diện tích&lt;/span&gt;&lt;span&gt;: &lt;/span&gt;&lt;/div&gt;                &lt;div class=&quot;post-detail-value&quot;&gt;&lt;span&gt;7000m2&lt;/span&gt;&lt;/div&gt;                &lt;div class=&quot;clear&quot;/&gt;            &lt;/div&gt;                &lt;div class=&quot;post-detail-item&quot;&gt;            &lt;div class=&quot;post-detail-label&quot;&gt;&lt;span class=&quot;p-label&quot;&gt;Quận/Huyện&lt;/span&gt;&lt;span&gt;: &lt;/span&gt;            &lt;/div&gt;            &lt;div class=&quot;post-detail-value&quot;&gt;&lt;span&gt;Cam Lâm, Khánh Hòa&lt;/span&gt;&lt;/div&gt;            &lt;div class=&quot;clear&quot;/&gt;        &lt;/div&gt;    &lt;/div&gt;    &lt;div class=&quot;clear&quot;/&gt;&lt;/div&gt;" SourceIndex="2445" TableNum="0" TextLen="368" order="37" xPath="/html[1]/body[1]/div[1]/div[2]/div[4]/div[2]/div[2]/div[2]/div[1]/div[5]"/>
<LayoutNode BgColor="#ffffff" ContainImg="0" ContainP="0" ContainTable="false" Content="SANG NHƯỢNG 10HA DỰ ÁN RESORT 5 SAO, MẶT BIỂN 200M NHA TRANG, KHÁNH HÒA " DOMCldNum="29" DoC="7" FontSize="12" FontWeight="normal" FormNum="0" FormSize="0" FrameSourceIndex="0" ID="1-12-11" InteractionNum="0" InteractionSize="0" IsImg="false" LinkNum="2" LinkTextLen="71" ObjectHeight="18" ObjectRectHeight="18" ObjectRectLeft="0" ObjectRectTop="2160" ObjectRectWidth="1420" ObjectWidth="708" ObjectX="211" ObjectY="2160" OptionNum="0" OptionTextLength="0" ParaNum="0" SRC="SANG NHƯỢNG 10HA DỰ ÁN RESORT 5 SAO, MẶT BIỂN 200M NHA TRANG, KHÁNH HÒA" SourceIndex="0" TableNum="0" TextLen="71" order="38" xPath="No Xpath"/>
<LayoutNode BgColor="#ffffff" ContainImg="1" ContainP="0" ContainTable="false" Content="10-01-2020 Chủ đầu tư sang nhượng dự án resort 5 sao tại Bãi Dài, Cam Lâm, Khánh Hòa với tổng diện tích 10ha.- Dự án 10ha nằm trong quần thể resort 5 sao đẳng cấp của tỉnh Khánh Hòa.- Dự án có vị trí rất đắc địa, với tổng diện tích 10ha, có mặt biển, bãi tắm tuyệt đẹp, đẳng cấp...- Tọa lạc trên cung đường kế... (10-01-2020) Giá:  Thương lượng Diện tích:  100000m2 Quận/Huyện:  Cam Lâm, Khánh Hòa " DOMCldNum="29" DoC="8" FontSize="12" FontWeight="normal" FormNum="0" FormSize="0" FrameSourceIndex="0" ID="1-12-12" InteractionNum="0" InteractionSize="0" IsImg="false" LinkNum="2" LinkTextLen="0" ObjectHeight="90" ObjectRectHeight="90" ObjectRectLeft="0" ObjectRectTop="2188" ObjectRectWidth="1420" ObjectWidth="708" ObjectX="211" ObjectY="2188" OptionNum="0" OptionTextLength="0" ParaNum="0" SRC="&lt;div class=&quot;post-item&quot; data-id=&quot;583754&quot;&gt;    &lt;div class=&quot;post-info float-right p-title&quot;&gt;        &lt;div class=&quot;post-title&quot;&gt;            &lt;div class=&quot;post-des&quot;&gt;Chủ đầu tư sang nhượng dự án resort 5 sao tại Bãi Dài, Cam Lâm, Khánh Hòa với tổng diện tích 10ha.- Dự án 10ha nằm trong quần thể resort 5 sao đẳng cấp của tỉnh Khánh Hòa.- Dự án có vị trí rất đắc địa, với tổng diện tích 10ha, có mặt biển, bãi tắm tuyệt đẹp, đẳng cấp...- Tọa lạc trên cung đường kế...&lt;/div&gt;            &lt;span class=&quot;sp post-pub-date&quot;&gt;(&lt;/span&gt;&lt;span class=&quot;post-pub-date&quot;&gt;10-01-2020&lt;/span&gt;&lt;span class=&quot;sp post-pub-date&quot;&gt;)&lt;/span&gt;        &lt;/div&gt;    &lt;/div&gt;    &lt;div class=&quot;post-image float-left&quot;&gt;        &lt;a href=&quot;https://timnhadat.net.vn/tin-rao/583754-sang-nhuong-10ha-du-an-resort-5-sao-mat-bien-200m-nha-trang-khanh-hoa&quot;&gt;&lt;img alt=&quot;Sang nhượng 10ha dự án resort 5 sao, mặt biển 200m Nha Trang, Khánh Hòa&quot; src=&quot;https://timnhadat.net.vn/storage/images/posts/id_583754/thumbs/thumb.jpg&quot; title=&quot;Sang nhượng 10ha dự án resort 5 sao, mặt biển 200m Nha Trang, Khánh Hòa&quot;/&gt;&lt;/a&gt;    &lt;/div&gt;    &lt;div class=&quot;post-info-other&quot;&gt;        &lt;div class=&quot;post-detail-item&quot;&gt;            &lt;div class=&quot;post-detail-label&quot;&gt;&lt;span class=&quot;p-label&quot;&gt;Giá&lt;/span&gt;&lt;span&gt;: &lt;/span&gt;            &lt;/div&gt;            &lt;div class=&quot;post-detail-value&quot;&gt;&lt;span&gt;Thương lượng&lt;/span&gt;&lt;/div&gt;            &lt;div class=&quot;clear&quot;/&gt;        &lt;/div&gt;                    &lt;div class=&quot;post-detail-item&quot;&gt;                &lt;div class=&quot;post-detail-label&quot;&gt;&lt;span class=&quot;p-label&quot;&gt;Diện tích&lt;/span&gt;&lt;span&gt;: &lt;/span&gt;&lt;/div&gt;                &lt;div class=&quot;post-detail-value&quot;&gt;&lt;span&gt;100000m2&lt;/span&gt;&lt;/div&gt;                &lt;div class=&quot;clear&quot;/&gt;            &lt;/div&gt;                &lt;div class=&quot;post-detail-item&quot;&gt;            &lt;div class=&quot;post-detail-label&quot;&gt;&lt;span class=&quot;p-label&quot;&gt;Quận/Huyện&lt;/span&gt;&lt;span&gt;: &lt;/span&gt;            &lt;/div&gt;            &lt;div class=&quot;post-detail-value&quot;&gt;&lt;span&gt;Cam Lâm, Khánh Hòa&lt;/span&gt;&lt;/div&gt;            &lt;div class=&quot;clear&quot;/&gt;        &lt;/div&gt;    &lt;/div&gt;    &lt;div class=&quot;clear&quot;/&gt;&lt;/div&gt;" SourceIndex="2525" TableNum="0" TextLen="375" order="39" xPath="/html[1]/body[1]/div[1]/div[2]/div[4]/div[2]/div[2]/div[2]/div[1]/div[6]"/>
<LayoutNode BgColor="#ffffff" ContainImg="0" ContainP="0" ContainTable="false" Content="CHỦ KẸT TIỀN CẦN BÁN GẤP KHÁCH SẠN MỚI XÂY CHƯA NGAY MẶT TIỀN ĐƯỜNG LỚN - GẦN SÂN BAY QUỐC TẾ CR " DOMCldNum="29" DoC="7" FontSize="12" FontWeight="normal" FormNum="0" FormSize="0" FrameSourceIndex="0" ID="1-12-13" InteractionNum="0" InteractionSize="0" IsImg="false" LinkNum="4" LinkTextLen="95" ObjectHeight="36" ObjectRectHeight="36" ObjectRectLeft="0" ObjectRectTop="2299" ObjectRectWidth="1420" ObjectWidth="708" ObjectX="211" ObjectY="2299" OptionNum="0" OptionTextLength="0" ParaNum="0" SRC="CHỦ KẸT TIỀN CẦN BÁN GẤP KHÁCH SẠN MỚI XÂY CHƯA NGAY MẶT TIỀN ĐƯỜNG LỚN - GẦN SÂN BAY QUỐC TẾCR" SourceIndex="0" TableNum="0" TextLen="95" order="40" xPath="No Xpath"/>
<LayoutNode BgColor="#ffffff" ContainImg="1" ContainP="0" ContainTable="false" Content="31-12-2019 Vị trí: khu dân cư hiện hữu, gần chợ sân bay. Khách cần đi nước ngoài, không có người trông coi khách sạn nên cần bán gấp tòa khách sạn mới thiện nội thất. Diện tích: 198m2 Thiết kế: 5 tầng, gồm 20 phòng, có thang máy, sân thượng và sân vườn - chồi cà phê - ăn sáng. Pháp lý: sổ đỏ Tiện ích: + kh... (31-12-2019) Giá:  12 Tỷ Diện tích:  198m2 Quận/Huyện:  Cam Lâm, Khánh Hòa " DOMCldNum="29" DoC="8" FontSize="12" FontWeight="normal" FormNum="0" FormSize="0" FrameSourceIndex="0" ID="1-12-14" InteractionNum="0" InteractionSize="0" IsImg="false" LinkNum="2" LinkTextLen="0" ObjectHeight="90" ObjectRectHeight="101" ObjectRectLeft="0" ObjectRectTop="2345" ObjectRectWidth="1420" ObjectWidth="708" ObjectX="211" ObjectY="2345" OptionNum="0" OptionTextLength="0" ParaNum="0" SRC="&lt;div class=&quot;post-item&quot; data-id=&quot;575388&quot;&gt;    &lt;div class=&quot;post-info float-right p-title&quot;&gt;        &lt;div class=&quot;post-title&quot;&gt;            &lt;div class=&quot;post-des&quot;&gt;Vị trí: khu dân cư hiện hữu, gần chợ sân bay.Khách cần  đi nước ngoài, không có người trông coi khách sạn nên cần bán gấp tòa khách sạn mới thiện nội thất.Diện tích: 198m2Thiết kế: 5 tầng, gồm 20 phòng, có thang máy, sân thượng và sân vườn - chồi cà phê - ăn sáng.Pháp lý: sổ đỏTiện ích: + kh...&lt;/div&gt;            &lt;span class=&quot;sp post-pub-date&quot;&gt;(&lt;/span&gt;&lt;span class=&quot;post-pub-date&quot;&gt;31-12-2019&lt;/span&gt;&lt;span class=&quot;sp post-pub-date&quot;&gt;)&lt;/span&gt;        &lt;/div&gt;    &lt;/div&gt;    &lt;div class=&quot;post-image float-left&quot;&gt;        &lt;a href=&quot;https://timnhadat.net.vn/tin-rao/575388-chu-ket-tien-can-ban-gap-khach-san-moi-xay-chua-ngay-mat-tien-duong-lon-gan-san-bay-quoc-te-cr&quot;&gt;&lt;img alt=&quot;CHỦ KẸT TIỀN CẦN BÁN GẤP KHÁCH SẠN MỚI XÂY CHƯA NGAY MẶT TIỀN ĐƯỜNG LỚN - GẦN SÂN BAY QUỐC TẾ CR&quot; src=&quot;https://timnhadat.net.vn/images/no-image.jpg&quot; title=&quot;CHỦ KẸT TIỀN CẦN BÁN GẤP KHÁCH SẠN MỚI XÂY CHƯA NGAY MẶT TIỀN ĐƯỜNG LỚN - GẦN SÂN BAY QUỐC TẾ CR&quot;/&gt;&lt;/a&gt;    &lt;/div&gt;    &lt;div class=&quot;post-info-other&quot;&gt;        &lt;div class=&quot;post-detail-item&quot;&gt;            &lt;div class=&quot;post-detail-label&quot;&gt;&lt;span class=&quot;p-label&quot;&gt;Giá&lt;/span&gt;&lt;span&gt;: &lt;/span&gt;            &lt;/div&gt;            &lt;div class=&quot;post-detail-value&quot;&gt;&lt;span&gt;12 Tỷ&lt;/span&gt;&lt;/div&gt;            &lt;div class=&quot;clear&quot;/&gt;        &lt;/div&gt;                    &lt;div class=&quot;post-detail-item&quot;&gt;                &lt;div class=&quot;post-detail-label&quot;&gt;&lt;span class=&quot;p-label&quot;&gt;Diện tích&lt;/span&gt;&lt;span&gt;: &lt;/span&gt;&lt;/div&gt;                &lt;div class=&quot;post-detail-value&quot;&gt;&lt;span&gt;198m2&lt;/span&gt;&lt;/div&gt;                &lt;div class=&quot;clear&quot;/&gt;            &lt;/div&gt;                &lt;div class=&quot;post-detail-item&quot;&gt;            &lt;div class=&quot;post-detail-label&quot;&gt;&lt;span class=&quot;p-label&quot;&gt;Quận/Huyện&lt;/span&gt;&lt;span&gt;: &lt;/span&gt;            &lt;/div&gt;            &lt;div class=&quot;post-detail-value&quot;&gt;&lt;span&gt;Cam Lâm, Khánh Hòa&lt;/span&gt;&lt;/div&gt;            &lt;div class=&quot;clear&quot;/&gt;        &lt;/div&gt;    &lt;/div&gt;    &lt;div class=&quot;clear&quot;/&gt;&lt;/div&gt;" SourceIndex="2605" TableNum="0" TextLen="363" order="41" xPath="/html[1]/body[1]/div[1]/div[2]/div[4]/div[2]/div[2]/div[2]/div[1]/div[7]"/>
</LayoutNode>
<LayoutNode BgColor="#015f95" ContainImg="0" ContainP="0" ContainTable="false" Content="Giới thiệu Hướng dẫn sử dụng Quy định Quy chế hoạt động Bảo vệ thông tin cá nhân Cơ chế giải quyết tranh chấp Liên hệ Điều khoản thỏa thuận Báo giá " DOMCldNum="5" DoC="5" FontSize="12" FontWeight="normal" FormNum="0" FormSize="0" FrameSourceIndex="0" ID="1-13" InteractionNum="0" InteractionSize="0" IsImg="false" LinkNum="18" LinkTextLen="139" ObjectHeight="40" ObjectRectHeight="40" ObjectRectLeft="0" ObjectRectTop="2517" ObjectRectWidth="1420" ObjectWidth="1018" ObjectX="190" ObjectY="2517" OptionNum="0" OptionTextLength="0" ParaNum="0" SRC="&lt;div class=&quot;footer-menu&quot;&gt;        &lt;div class=&quot;footer-menu-item&quot;&gt;            &lt;a href=&quot;https://timnhadat.net.vn/gioi-thieu&quot; rel=&quot;nofollow&quot;&gt;Giới thiệu&lt;/a&gt;        &lt;/div&gt;        &lt;div class=&quot;footer-menu-item&quot;&gt;            &lt;a href=&quot;https://timnhadat.net.vn/huong-dan-su-dung&quot; rel=&quot;nofollow&quot;&gt;Hướng dẫn sử dụng&lt;/a&gt;        &lt;/div&gt;        &lt;div class=&quot;footer-menu-item&quot;&gt;            &lt;a href=&quot;https://timnhadat.net.vn/quy-dinh&quot; rel=&quot;nofollow&quot;&gt;Quy định&lt;/a&gt;        &lt;/div&gt;        &lt;div class=&quot;footer-menu-item&quot;&gt;            &lt;a href=&quot;https://timnhadat.net.vn/quy-che-hoat-dong&quot; rel=&quot;nofollow&quot;&gt;Quy chế hoạt động&lt;/a&gt;        &lt;/div&gt;        &lt;div class=&quot;footer-menu-item&quot;&gt;            &lt;a href=&quot;https://timnhadat.net.vn/bao-ve-thong-tin-ca-nhan&quot; rel=&quot;nofollow&quot;&gt;Bảo vệ thông tin cá nhân&lt;/a&gt;        &lt;/div&gt;        &lt;div class=&quot;footer-menu-item&quot;&gt;            &lt;a href=&quot;https://timnhadat.net.vn/co-che-giai-quyet-tranh-chap&quot; rel=&quot;nofollow&quot;&gt;Cơ chế giải quyết tranh chấp&lt;/a&gt;        &lt;/div&gt;        &lt;div class=&quot;footer-menu-item&quot;&gt;            &lt;a href=&quot;https://timnhadat.net.vn/lien-he&quot; rel=&quot;nofollow&quot;&gt;Liên hệ&lt;/a&gt;        &lt;/div&gt;        &lt;div class=&quot;footer-menu-item&quot;&gt;            &lt;a href=&quot;https://timnhadat.net.vn/dieu-khoan-thoa-thuan&quot; rel=&quot;nofollow&quot;&gt;Điều khoản thỏa thuận&lt;/a&gt;        &lt;/div&gt;        &lt;div class=&quot;footer-menu-item&quot;&gt;            &lt;a href=&quot;https://timnhadat.net.vn/bao-gia&quot; rel=&quot;nofollow&quot;&gt;Báo giá&lt;/a&gt;        &lt;/div&gt;        &lt;div class=&quot;clear&quot;/&gt;    &lt;/div&gt;" SourceIndex="2781" TableNum="0" TextLen="139" order="42" xPath="/html[1]/body[1]/div[1]/div[2]/div[5]/div[1]"/>
<LayoutNode BgColor="#ffffff" ContainImg="3" ContainP="12" ContainTable="false" DOMCldNum="9" DoC="5" FontSize="12" FontWeight="normal" FormNum="0" FormSize="0" FrameSourceIndex="0" ID="1-14" InteractionNum="0" InteractionSize="0" IsImg="false" LinkNum="18" LinkTextLen="122" ObjectRectHeight="212" ObjectRectLeft="0" ObjectRectTop="2567" ObjectRectWidth="1420" OptionNum="0" OptionTextLength="0" ParaNum="0" SourceIndex="2840" TableNum="0" TextLen="632" order="43">
<LayoutNode BgColor="#ffffff" ContainImg="2" ContainP="0" ContainTable="false" Content=" " DOMCldNum="9" DoC="5" FontSize="12" FontWeight="normal" FormNum="0" FormSize="0" FrameSourceIndex="0" ID="1-14-1" InteractionNum="0" InteractionSize="0" IsImg="false" LinkNum="4" LinkTextLen="0" ObjectHeight="130" ObjectRectHeight="212" ObjectRectLeft="0" ObjectRectTop="2567" ObjectRectWidth="400" ObjectWidth="200" ObjectX="200" ObjectY="2587" OptionNum="0" OptionTextLength="0" ParaNum="0" SRC="&lt;div class=&quot;footer-logo&quot;&gt;            &lt;a href=&quot;javascript:void(0);&quot;&gt;&lt;img alt=&quot;CÔNG TY CỔ PHẦN KING DRAGON VIỆT NAM&quot; class=&quot;kd-logo&quot; src=&quot;https://timnhadat.net.vn/images/king-dragon-logo.png?v=20181102&quot;/&gt;&lt;/a&gt;            &lt;br/&gt;            &lt;a href=&quot;http://online.gov.vn/HomePage/WebsiteDisplay.aspx?DocId=43061&quot; rel=&quot;nofollow&quot; target=&quot;_blank&quot;&gt;&lt;img alt=&quot;Đã đăng ký với Bộ Công Thương&quot; src=&quot;https://timnhadat.net.vn/images/h1e79xqJq949lcNmi4Rquw==.jpgx&quot; title=&quot;Đã đăng ký với Bộ Công Thương&quot; width=&quot;130&quot;/&gt;&lt;/a&gt;        &lt;/div&gt;" SourceIndex="2842" TableNum="0" TextLen="1" order="44" xPath="/html[1]/body[1]/div[1]/div[2]/div[5]/div[2]/div[1]"/>
<LayoutNode BgColor="#ffffff" ContainImg="0" ContainP="9" ContainTable="false" Content="CÔNG TY CỔ PHẦN KING DRAGON VIỆT NAM MSDN: 0314932187, đăng ký lần đầu ngày 20/03/2018, đăng ký thay đổi lần 1 ngày 15/08/2019 Chịu trách nhiệm: Trần Minh Khôi [A] : 142/7 Trường Sa, Phường 15, Quận Bình Thạnh, Thành phố Hồ Chí Minh, Việt Nam [M]: 028. 6276.8206 – Hotline: 0908.888.283 [T] : Thứ 2 đến thứ 6: 8h00 - 17h15 | Thứ 7: 8h00 - 12h00 - CSKH1 (Miền Nam)  : Zalo: 08888.104.38, Email: cskhmiennam@timnhadat.net.vn - CSKH2 (Miền Trung): Zalo: 08888.941.78, Email: cskhmientrung@timnhadat.net.vn - CSKH3 (Miền Bắc)   : Zalo: 08888.785.38, Email: cskhmienbac@timnhadat.net.vn " DOMCldNum="9" DoC="8" FontSize="12" FontWeight="normal" FormNum="0" FormSize="0" FrameSourceIndex="0" ID="1-14-2" InteractionNum="0" InteractionSize="0" IsImg="false" LinkNum="12" LinkTextLen="122" ObjectHeight="203" ObjectRectHeight="212" ObjectRectLeft="430" ObjectRectTop="2567" ObjectRectWidth="485" ObjectWidth="485" ObjectX="430" ObjectY="2567" OptionNum="0" OptionTextLength="0" ParaNum="0" SRC="&lt;div class=&quot;footer-info&quot;&gt;            &lt;p class=&quot;footer-company-name&quot;&gt;                &lt;b&gt;CÔNG TY CỔ PHẦN KING DRAGON VIỆT NAM&lt;/b&gt;            &lt;/p&gt;            &lt;p&gt;                MSDN: 0314932187, đăng ký lần đầu ngày 20/03/2018, đăng ký thay đổi lần 1 ngày 15/08/2019            &lt;/p&gt;            &lt;p&gt;                Chịu trách nhiệm: Trần Minh Khôi            &lt;/p&gt;            &lt;div class=&quot;clear&quot;&gt;            &lt;/div&gt;            &lt;p&gt;                &lt;span&gt;&lt;b class=&quot;first&quot;&gt;[A] :&lt;/b&gt; 142/7 Trường Sa, Phường 15, Quận Bình Thạnh, Thành phố Hồ Chí Minh, Việt Nam&lt;/span&gt;            &lt;/p&gt;            &lt;p&gt;                &lt;span&gt;&lt;b class=&quot;first&quot;&gt;[M]:&lt;/b&gt; 028. 6276.8206 – &lt;b&gt;Hotline&lt;/b&gt;: 0908.888.283&lt;/span&gt;            &lt;/p&gt;            &lt;div class=&quot;clear&quot;&gt;            &lt;/div&gt;            &lt;p&gt;                &lt;span class=&quot;colr&quot;&gt;&lt;b class=&quot;first&quot;&gt;[T] :&lt;/b&gt; Thứ 2 đến thứ 6: &lt;strong&gt;8h00 - 17h15&lt;/strong&gt; | Thứ 7: &lt;strong&gt;8h00 - 12h00&lt;/strong&gt;&lt;/span&gt;            &lt;/p&gt;            &lt;div class=&quot;clear&quot;/&gt;            &lt;p&gt;                &lt;span class=&quot;colr&quot;&gt;- CSKH1 (Miền Nam)  : Zalo: &lt;a href=&quot;tel:0888810438&quot;&gt;08888.104.38&lt;/a&gt;, Email: &lt;a href=&quot;mailto:cskhmiennam@timnhadat.net.vn?Subject=Liên hệ&quot; rel=&quot;nofollow&quot; target=&quot;_top&quot;&gt;cskhmiennam@timnhadat.net.vn&lt;/a&gt;&lt;/span&gt;            &lt;/p&gt;            &lt;div class=&quot;clear&quot;/&gt;            &lt;p&gt;                &lt;span class=&quot;colr&quot;&gt;- CSKH2 (Miền Trung): Zalo: &lt;a href=&quot;tel:0888894178&quot;&gt;08888.941.78&lt;/a&gt;, Email: &lt;a href=&quot;mailto:cskhmientrung@timnhadat.net.vn?Subject=Liên hệ&quot; rel=&quot;nofollow&quot; target=&quot;_top&quot;&gt;cskhmientrung@timnhadat.net.vn&lt;/a&gt;&lt;/span&gt;            &lt;/p&gt;            &lt;div class=&quot;clear&quot;/&gt;            &lt;p&gt;                &lt;span class=&quot;colr&quot;&gt;- CSKH3 (Miền Bắc)   : Zalo: &lt;a href=&quot;tel:0888878538&quot;&gt;08888.785.38&lt;/a&gt;, Email: &lt;a href=&quot;mailto:cskhmienbac@timnhadat.net.vn?Subject=Liên hệ&quot; rel=&quot;nofollow&quot; target=&quot;_top&quot;&gt;cskhmienbac@timnhadat.net.vn&lt;/a&gt;&lt;/span&gt;            &lt;/p&gt;        &lt;/div&gt;" SourceIndex="2853" TableNum="0" TextLen="571" order="45" xPath="/html[1]/body[1]/div[1]/div[2]/div[5]/div[2]/div[2]"/>
<LayoutNode BgColor="#ffffff" ContainImg="1" ContainP="3" ContainTable="false" Content="Tải ứng dụng di động Copyright © 2017 - 2020 TIMNHADAT.NET.VN " DOMCldNum="9" DoC="5" FontSize="12" FontWeight="normal" FormNum="0" FormSize="0" FrameSourceIndex="0" ID="1-14-3" InteractionNum="0" InteractionSize="0" IsImg="false" LinkNum="2" LinkTextLen="0" ObjectHeight="128" ObjectRectHeight="212" ObjectRectLeft="945" ObjectRectTop="2567" ObjectRectWidth="475" ObjectWidth="275" ObjectX="945" ObjectY="2567" OptionNum="0" OptionTextLength="0" ParaNum="0" SRC="&lt;div class=&quot;footer-app-info&quot;&gt;            &lt;p class=&quot;fai-title&quot;&gt;                Tải ứng dụng di động            &lt;/p&gt;            &lt;p&gt;                &lt;a href=&quot;https://play.google.com/store/apps/details?id=vn.net.timnhadat&quot; rel=&quot;nofollow&quot; target=&quot;_blank&quot;&gt;&lt;img alt=&quot;Tải nội dung trên Google Play&quot; class=&quot;google-play-dl-img&quot; src=&quot;https://timnhadat.net.vn/images/google-play-badge.png&quot;/&gt;&lt;/a&gt;            &lt;/p&gt;            &lt;p class=&quot;copyright&quot;&gt;                Copyright © 2017 - 2020 TIMNHADAT.NET.VN            &lt;/p&gt;        &lt;/div&gt;" SourceIndex="2945" TableNum="0" TextLen="60" order="46" xPath="/html[1]/body[1]/div[1]/div[2]/div[5]/div[2]/div[3]"/>
</LayoutNode>
</LayoutNode>
</VIPSPage>
