<VIPSPage PageRectHeight="980" PageRectLeft="0" PageRectTop="0" PageRectWidth="1420" PageTitle="  Chủ nhà cho thuê 70m2 vp tại đường đôi yên phụ " Url="https://nhadat24h.net/cho-thue-nha-mat-pho-yen-phu/chu-nha-cho-thue-70m2-vp-tai-duong-doi-yen-phu-ID3604188" WindowHeight="980" WindowWidth="1420" neworder="0" order="0">
<LayoutNode BgColor="#ffffff" ContainImg="20" ContainP="14" ContainTable="true" DOMCldNum="3" DoC="1" FontSize="14" FontWeight="normal" FrameSourceIndex="0" ID="1" IsImg="false" LinkNum="152" LinkTextLen="2150" ObjectRectHeight="3043" ObjectRectLeft="0" ObjectRectTop="0" ObjectRectWidth="1420" SourceIndex="376" TextLen="3851" order="1">
<LayoutNode BgColor="#ffffff" ContainImg="3" ContainP="0" ContainTable="false" Content="Nhadat24h .net Nền tảng tiếp thị Bất Động Sản Nhà đất bán Nhà đất cho thuê Dự án Tin tức Tour 360° Bản đồ WebOne Tạo WebOne WebOne Store WebOne Click Liên hệ Hỏi đáp Nhà Đất BánNhà đất chính chủ bánCăn hộ chung cưShopHouseNhà biệt thự, Liền kềNhà mặt phốĐất nền dự ánĐất thổ cưCondotelOfficetelNhà trong ngõPhòng trọ, nhà trọĐất dịch vụ, đền bùĐất trang trạiKhách sạn, Nhà hàng, ResortMặt bằng, Nhà Xưởng, Kho bãiVăn phòng, TTTM, Cửa hàng, KiotNhà Đất Cho ThuêNhà đất chính chủ cho thuêCăn hộ chung cưShopHouseNhà biệt thự, Liền kềNhà mặt phốĐất nền dự ánĐất thổ cưCondotelOfficetelNhà trong ngõPhòng trọ, nhà trọĐất dịch vụ, đền bùĐất trang trạiKhách sạn, Nhà hàng, ResortMặt bằng, Nhà Xưởng, Kho bãiVăn phòng, TTTM, Cửa hàng, Kiot Tin tức Dự án Tour 360° Bản đồ WebOne Tạo WebOne WebOne Store WebOne Click Hỏi Đáp   Đăng Tin Trang chủ»Nhà đất cho thuê»Nhà mặt phố»Hà Nội»Quận Ba Đình»Yên Phụ»{&quot;@context&quot;:&quot;https://schema.org&quot;,&quot;@type&quot;:&quot;BreadcrumbList&quot;,&quot;itemListElement&quot;:[{&quot;@type&quot;:&quot;ListItem&quot;,&quot;item&quot;:{&quot;@type&quot;:&quot;ItemList&quot;,&quot;@id&quot;:&quot;https://nhadat24h.net/&quot;,&quot;name&quot;:&quot;Trang chủ&quot;},&quot;position&quot;:1},{&quot;@type&quot;:&quot;ListItem&quot;,&quot;item&quot;:{&quot;@type&quot;:&quot;ItemList&quot;,&quot;@id&quot;:&quot;https://nhadat24h.net/nha-dat-cho-thue&quot;,&quot;name&quot;:&quot;Nhà đất cho thuê&quot;},&quot;position&quot;:2},{&quot;@type&quot;:&quot;ListItem&quot;,&quot;item&quot;:{&quot;@type&quot;:&quot;ItemList&quot;,&quot;@id&quot;:&quot;https://nhadat24h.net/cho-thue-nha-mat-pho&quot;,&quot;name&quot;:&quot;Nhà mặt phố&quot;},&quot;position&quot;:3},{&quot;@type&quot;:&quot;ListItem&quot;,&quot;item&quot;:{&quot;@type&quot;:&quot;ItemList&quot;,&quot;@id&quot;:&quot;https://nhadat24h.net/cho-thue-nha-mat-pho-ha-noi&quot;,&quot;name&quot;:&quot;Hà Nội&quot;},&quot;position&quot;:4},{&quot;@type&quot;:&quot;ListItem&quot;,&quot;item&quot;:{&quot;@type&quot;:&quot;ItemList&quot;,&quot;@id&quot;:&quot;https://nhadat24h.net/cho-thue-nha-mat-pho-quan-ba-dinh-ha-noi&quot;,&quot;name&quot;:&quot;Quận Ba Đình&quot;},&quot;position&quot;:5},{&quot;@type&quot;:&quot;ListItem&quot;,&quot;item&quot;:{&quot;@type&quot;:&quot;ItemList&quot;,&quot;@id&quot;:&quot;https://nhadat24h.net/cho-thue-nha-mat-pho-yen-phu-quan-ba-dinh-s776777/&quot;,&quot;name&quot;:&quot;Yên Phụ&quot;},&quot;position&quot;:6}]}{&quot;@context&quot;:&quot;https://schema.org&quot;,&quot;@type&quot;:&quot;Product&quot;,&quot;name&quot;:&quot;Chủ nhà cho thuê 70m2 vp tại đường đôi yên phụ&quot;,&quot;description&quot;:&quot;Tôi chính chủ cần cho thuê nhà văn phòng hướng Đông Bắc tại số 62 đường đôi Yên Phụ.Nhà 8 tầng với một tầng hầm để xe. Vỉa hè rộng rãi. Là tuyến phố trung tâm, &quot;,&quot;offers&quot;:{&quot;@type&quot;:&quot;Offer&quot;,&quot;url&quot;:&quot;https://nhadat24h.net/cho-thue-nha-mat-pho-yen-phu/chu-nha-cho-thue-70m2-vp-tai-duong-doi-yen-phu-ID3604188&quot;,&quot;availability&quot;:&quot;https://schema.org/InStock&quot;,&quot;price&quot;:13000000.0,&quot;priceCurrency&quot;:&quot;VND&quot;}} " DOMCldNum="3" DoC="5" FontSize="14" FontWeight="normal" FrameSourceIndex="0" ID="1-1" IsImg="false" LinkNum="53" LinkTextLen="703" ObjectRectHeight="292" ObjectRectLeft="0" ObjectRectTop="0" ObjectRectWidth="1420" SRC="&lt;div xmlns=&quot;http://www.w3.org/1999/xhtml&quot; class=&quot;hd-in-c&quot;&gt;                        &lt;div class=&quot;left&quot;&gt;                            &lt;div class=&quot;logo&quot;&gt;                                &lt;a href=&quot;https://nhadat24h.net&quot; title=&quot;Trang chủ Nhà đất 24h&quot;&gt;                                    &lt;div class=&quot;img&quot;/&gt;                                &lt;/a&gt;                            &lt;/div&gt;                            &lt;div class=&quot;logodetail&quot;&gt;                                &lt;label class=&quot;lable1&quot;&gt;Nhadat24h&lt;/label&gt;                                &lt;label class=&quot;lable2&quot;&gt;.net&lt;/label&gt;                                &lt;div class=&quot;lable3&quot;&gt;Nền tảng tiếp thị Bất Động Sản&lt;/div&gt;                                &lt;a class=&quot;topiconapp&quot; href=&quot;https://itunes.apple.com/us/app/nhadat24h-net/id1292563772?ls=1&amp;mt=8&quot; id=&quot;btndownloadappIOS&quot; onmouseover=&quot;tooltip.pop(this, '#frmQRCODE-IOS',{position:2,overlay:false})&quot; rel=&quot;nofollow&quot; target=&quot;_blank&quot; title=&quot;Ứng dụng Nhadat24h.net trên Apple Store&quot;&gt;                                    &lt;img alt=&quot;Ứng dụng Nhadat24h.net trên Apple Store&quot; src=&quot;https://nhadat24h.net/Images/2020/apple-store.png&quot;/&gt;                                &lt;/a&gt;                                &lt;a class=&quot;topiconapp&quot; href=&quot;https://play.google.com/store/apps/details?id=com.companyname.xpro4&quot; id=&quot;btndownloadappANDROID&quot; onmouseover=&quot;tooltip.pop(this, '#frmQRCODE-ANDROID',{position:2,overlay:false})&quot; rel=&quot;nofollow&quot; target=&quot;_blank&quot; title=&quot;Ứng dụng Nhadat24h.net trên Google Play&quot;&gt;                                    &lt;img alt=&quot;Ứng dụng Nhadat24h.net trên Google Play&quot; src=&quot;https://nhadat24h.net/Images/2020/google-play.png&quot;/&gt;                                &lt;/a&gt;                                &lt;div class=&quot;g-plusone&quot; data-size=&quot;medium&quot;&gt;                                &lt;/div&gt;                                &lt;div class=&quot;hide&quot;&gt;                                    &lt;div id=&quot;frmQRCODE-IOS&quot;&gt;&lt;img alt=&quot;QRCODE App IOS&quot; data-src=&quot;/Images/nhadat24h-qrcode-appios.png&quot; src=&quot;data:image/png;base64,R0lGODlhAQABAAD/ACwAAAAAAQABAAACADs=&quot;/&gt;&lt;/div&gt;                                    &lt;div id=&quot;frmQRCODE-ANDROID&quot;&gt;&lt;img alt=&quot;QRCODE App Android&quot; data-src=&quot;/Images/nhadat24h-qrcode-appandroid.png&quot; src=&quot;data:image/png;base64,R0lGODlhAQABAAD/ACwAAAAAAQABAAACADs=&quot;/&gt;&lt;/div&gt;                                &lt;/div&gt;                            &lt;/div&gt;                        &lt;/div&gt;                                                &lt;div class=&quot;right&quot;&gt;                                                        &lt;div class=&quot;dv-banner-1&quot;&gt;&lt;a href=&quot;/ClickBanner.aspx?id=274&quot; rel=&quot;nofollow&quot; target=&quot;_blank&quot; title=&quot;&quot;&gt;&lt;img alt=&quot;&quot; data-src=&quot;/Images/2020/bannerDKR.jpg&quot; src=&quot;data:image/png;base64,R0lGODlhAQABAAD/ACwAAAAAAQABAAACADs=&quot;/&gt;&lt;/a&gt;&lt;/div&gt;                        &lt;/div&gt;                    &lt;/div&gt;&lt;div xmlns=&quot;http://www.w3.org/1999/xhtml&quot; class=&quot;header-f&quot;&gt;                    &lt;div class=&quot;header-in-f&quot;&gt;    &lt;div class=&quot;hd-mnu-top&quot;&gt;        &lt;nav class=&quot;nav&quot;&gt;            &lt;ul class=&quot;nav-list&quot;&gt;                                &lt;li class=&quot;nav-item&quot;&gt;                    &lt;a href=&quot;javascript:LoadlinkSearch('1', '/Search-All-1-0-0-0-0-0----10--10000---0-1/',false)&quot; title=&quot;Nhà đất bán&quot;&gt;Nhà đất bán&lt;/a&gt;                    &lt;ul class=&quot;nav-submenu&quot; id=&quot;ulmobilemenuBan&quot;&gt;                                            &lt;/ul&gt;                &lt;/li&gt;                &lt;li class=&quot;nav-item&quot;&gt;                    &lt;a href=&quot;javascript:LoadlinkSearch('3', '/Search-All-3-0-0-0-0-0----10--10000---0-1/',false)&quot; title=&quot;Nhà đất cho thuê&quot;&gt;Nhà đất cho thuê&lt;/a&gt;                    &lt;ul class=&quot;nav-submenu&quot; id=&quot;ulmobilemenuChothue&quot;&gt;                                            &lt;/ul&gt;                &lt;/li&gt;                &lt;li class=&quot;nav-item&quot;&gt;                    &lt;a href=&quot;/du-an&quot; title=&quot;Thông tin chi tiết các dự án bất động sản&quot;&gt;Dự án&lt;/a&gt;                &lt;/li&gt;                &lt;li class=&quot;nav-item&quot;&gt;                    &lt;a href=&quot;/tin-tuc&quot; title=&quot;Tin tức nhà đất mới nhất&quot;&gt;Tin tức&lt;/a&gt;                &lt;/li&gt;                &lt;li class=&quot;nav-item&quot;&gt;                    &lt;a href=&quot;/pano360&quot; title=&quot;Xem Virtual Tour 360° các dự án bất động sản&quot;&gt;Tour 360°&lt;/a&gt;                &lt;/li&gt;                                &lt;li class=&quot;nav-item&quot;&gt;&lt;a href=&quot;/tim-nha-dat-quanh-day&quot; rel=&quot;nofollow&quot; target=&quot;_blank&quot; title=&quot;Tìm kiếm nhà theo vị trí trên bản đồ Google Map&quot;&gt;Bản đồ&lt;/a&gt; &lt;/li&gt;                &lt;li class=&quot;nav-item&quot;&gt;                    &lt;a href=&quot;/webone&quot; rel=&quot;nofollow&quot; title=&quot;Tạo WebOne&quot;&gt;WebOne&lt;/a&gt;                     &lt;ul class=&quot;nav-submenu&quot;&gt;                        &lt;li class=&quot;nav-submenu-item&quot;&gt;&lt;a href=&quot;/webone&quot; rel=&quot;nofollow&quot; title=&quot;Tạo Website dự án&quot;&gt;Tạo WebOne&lt;/a&gt;&lt;/li&gt;                        &lt;li class=&quot;nav-submenu-item&quot;&gt;&lt;a href=&quot;/webone/store&quot; rel=&quot;nofollow&quot; title=&quot;Kho Website dự án bất động sản&quot;&gt;WebOne Store&lt;/a&gt;&lt;/li&gt;                        &lt;li class=&quot;nav-submenu-item&quot;&gt;&lt;a href=&quot;/webone/woclick&quot; rel=&quot;nofollow&quot; title=&quot;Tạo quảng cáo WO Click&quot;&gt;WebOne Click&lt;/a&gt;&lt;/li&gt;                    &lt;/ul&gt;                &lt;/li&gt;                &lt;li class=&quot;nav-item&quot;&gt;                    &lt;a href=&quot;/GLH&quot; rel=&quot;nofollow&quot; title=&quot;Liên hệ với chúng tôi&quot;&gt;Liên hệ&lt;/a&gt;                &lt;/li&gt;                &lt;li class=&quot;nav-item&quot;&gt;                    &lt;a href=&quot;/Help-0&quot; rel=&quot;nofollow&quot; title=&quot;Hướng dẫ sử dụng&quot;&gt;Hỏi đáp&lt;/a&gt;                &lt;/li&gt;            &lt;/ul&gt;        &lt;/nav&gt;        &lt;ul id=&quot;menu&quot;&gt;            &lt;li id=&quot;litab1&quot;&gt;&lt;a class=&quot;drop&quot; href=&quot;/nha-dat-ban&quot; title=&quot;Nhà đất bán tại Việt Nam&quot;&gt;Nhà Đất Bán&lt;/a&gt;&lt;div class=&quot;dropdown_3columns&quot;&gt;&lt;div class=&quot;col_1&quot;&gt;&lt;ul class=&quot;greybox&quot; id=&quot;ulmenuBan&quot;&gt;&lt;li class=&quot;nav-submenu-item&quot;&gt;&lt;a href=&quot;/nha-dat-chinh-chu-ban&quot; title=&quot;Nhà đất chính chủ bán tại Việt Nam&quot;&gt;Nhà đất chính chủ bán&lt;/a&gt;&lt;/li&gt;&lt;li class=&quot;nav-submenu-item&quot;&gt;&lt;a href=&quot;/ban-can-ho-chung-cu&quot; title=&quot;Bán Căn hộ chung cư tại Việt Nam&quot;&gt;Căn hộ chung cư&lt;/a&gt;&lt;/li&gt;&lt;li class=&quot;nav-submenu-item&quot;&gt;&lt;a href=&quot;/ban-shophouse&quot; title=&quot;Bán ShopHouse tại Việt Nam&quot;&gt;ShopHouse&lt;/a&gt;&lt;/li&gt;&lt;li class=&quot;nav-submenu-item&quot;&gt;&lt;a href=&quot;/ban-nha-biet-thu-lien-ke&quot; title=&quot;Bán Nhà biệt thự, Liền kề tại Việt Nam&quot;&gt;Nhà biệt thự, Liền kề&lt;/a&gt;&lt;/li&gt;&lt;li class=&quot;nav-submenu-item&quot;&gt;&lt;a href=&quot;/ban-nha-mat-pho&quot; title=&quot;Bán Nhà mặt phố tại Việt Nam&quot;&gt;Nhà mặt phố&lt;/a&gt;&lt;/li&gt;&lt;li class=&quot;nav-submenu-item&quot;&gt;&lt;a href=&quot;/ban-dat-nen-du-an&quot; title=&quot;Bán Đất nền dự án tại Việt Nam&quot;&gt;Đất nền dự án&lt;/a&gt;&lt;/li&gt;&lt;li class=&quot;nav-submenu-item&quot;&gt;&lt;a href=&quot;/ban-dat-tho-cu&quot; title=&quot;Bán Đất thổ cư tại Việt Nam&quot;&gt;Đất thổ cư&lt;/a&gt;&lt;/li&gt;&lt;li class=&quot;nav-submenu-item&quot;&gt;&lt;a href=&quot;/ban-condotel&quot; title=&quot;Bán Condotel tại Việt Nam&quot;&gt;Condotel&lt;/a&gt;&lt;/li&gt;&lt;li class=&quot;nav-submenu-item&quot;&gt;&lt;a href=&quot;/ban-officetel&quot; title=&quot;Bán Officetel tại Việt Nam&quot;&gt;Officetel&lt;/a&gt;&lt;/li&gt;&lt;li class=&quot;nav-submenu-item&quot;&gt;&lt;a href=&quot;/ban-nha-trong-ngo-tren-3m&quot; title=&quot;Bán Nhà trong ngõ tại Việt Nam&quot;&gt;Nhà trong ngõ&lt;/a&gt;&lt;/li&gt;&lt;li class=&quot;nav-submenu-item&quot;&gt;&lt;a href=&quot;/ban-phong-tro-nha-tro&quot; title=&quot;Bán Phòng trọ, nhà trọ tại Việt Nam&quot;&gt;Phòng trọ, nhà trọ&lt;/a&gt;&lt;/li&gt;&lt;li class=&quot;nav-submenu-item&quot;&gt;&lt;a href=&quot;/ban-dat-dich-vu-dat-den-bu&quot; title=&quot;Bán Đất dịch vụ, đền bù tại Việt Nam&quot;&gt;Đất dịch vụ, đền bù&lt;/a&gt;&lt;/li&gt;&lt;li class=&quot;nav-submenu-item&quot;&gt;&lt;a href=&quot;/ban-dat-trang-trai&quot; title=&quot;Bán Đất trang trại tại Việt Nam&quot;&gt;Đất trang trại&lt;/a&gt;&lt;/li&gt;&lt;li class=&quot;nav-submenu-item&quot;&gt;&lt;a href=&quot;/ban-khach-san-nha-hang-resort&quot; title=&quot;Bán Khách sạn, Nhà hàng, Resort tại Việt Nam&quot;&gt;Khách sạn, Nhà hàng, Resort&lt;/a&gt;&lt;/li&gt;&lt;li class=&quot;nav-submenu-item&quot;&gt;&lt;a href=&quot;/ban-mat-bang-nha-xuong&quot; title=&quot;Bán Mặt bằng, Nhà Xưởng, Kho bãi tại Việt Nam&quot;&gt;Mặt bằng, Nhà Xưởng, Kho bãi&lt;/a&gt;&lt;/li&gt;&lt;li class=&quot;nav-submenu-item&quot;&gt;&lt;a href=&quot;/ban-van-phong-trung-tam-tm&quot; title=&quot;Bán Văn phòng, TTTM, Cửa hàng, Kiot tại Việt Nam&quot;&gt;Văn phòng, TTTM, Cửa hàng, Kiot&lt;/a&gt;&lt;/li&gt;&lt;/ul&gt;&lt;/div&gt;&lt;/div&gt;&lt;/li&gt;&lt;li id=&quot;litab3&quot;&gt;&lt;a href=&quot;/nha-dat-cho-thue&quot; title=&quot;Nhà đất cho thuê tại Việt Nam&quot;&gt;Nhà Đất Cho Thuê&lt;/a&gt;&lt;div class=&quot;dropdown_3columns&quot;&gt;&lt;div class=&quot;col_1&quot;&gt;&lt;ul class=&quot;greybox&quot; id=&quot;ulmenuChoThue&quot;&gt;&lt;li class=&quot;nav-submenu-item&quot;&gt;&lt;a href=&quot;/nha-dat-chinh-chu-cho-thue&quot; title=&quot;Nhà đất chính chủ cho thuê tại Việt Nam&quot;&gt;Nhà đất chính chủ cho thuê&lt;/a&gt;&lt;/li&gt;&lt;li class=&quot;nav-submenu-item&quot;&gt;&lt;a href=&quot;/cho-thue-can-ho-chung-cu&quot; title=&quot;Cho thuê Căn hộ chung cư tại Việt Nam&quot;&gt;Căn hộ chung cư&lt;/a&gt;&lt;/li&gt;&lt;li class=&quot;nav-submenu-item&quot;&gt;&lt;a href=&quot;/cho-thue-shophouse&quot; title=&quot;Cho thuê ShopHouse tại Việt Nam&quot;&gt;ShopHouse&lt;/a&gt;&lt;/li&gt;&lt;li class=&quot;nav-submenu-item&quot;&gt;&lt;a href=&quot;/cho-thue-nha-biet-thu-lien-ke&quot; title=&quot;Cho thuê Nhà biệt thự, Liền kề tại Việt Nam&quot;&gt;Nhà biệt thự, Liền kề&lt;/a&gt;&lt;/li&gt;&lt;li class=&quot;nav-submenu-item&quot;&gt;&lt;a href=&quot;/cho-thue-nha-mat-pho&quot; title=&quot;Cho thuê Nhà mặt phố tại Việt Nam&quot;&gt;Nhà mặt phố&lt;/a&gt;&lt;/li&gt;&lt;li class=&quot;nav-submenu-item&quot;&gt;&lt;a href=&quot;/cho-thue-dat-nen-du-an&quot; title=&quot;Cho thuê Đất nền dự án tại Việt Nam&quot;&gt;Đất nền dự án&lt;/a&gt;&lt;/li&gt;&lt;li class=&quot;nav-submenu-item&quot;&gt;&lt;a href=&quot;/cho-thue-dat-tho-cu&quot; title=&quot;Cho thuê Đất thổ cư tại Việt Nam&quot;&gt;Đất thổ cư&lt;/a&gt;&lt;/li&gt;&lt;li class=&quot;nav-submenu-item&quot;&gt;&lt;a href=&quot;/cho-thue-condotel&quot; title=&quot;Cho thuê Condotel tại Việt Nam&quot;&gt;Condotel&lt;/a&gt;&lt;/li&gt;&lt;li class=&quot;nav-submenu-item&quot;&gt;&lt;a href=&quot;/cho-thue-officetel&quot; title=&quot;Cho thuê Officetel tại Việt Nam&quot;&gt;Officetel&lt;/a&gt;&lt;/li&gt;&lt;li class=&quot;nav-submenu-item&quot;&gt;&lt;a href=&quot;/cho-thue-nha-trong-ngo-tren-3m&quot; title=&quot;Cho thuê Nhà trong ngõ tại Việt Nam&quot;&gt;Nhà trong ngõ&lt;/a&gt;&lt;/li&gt;&lt;li class=&quot;nav-submenu-item&quot;&gt;&lt;a href=&quot;/cho-thue-phong-tro-nha-tro&quot; title=&quot;Cho thuê Phòng trọ, nhà trọ tại Việt Nam&quot;&gt;Phòng trọ, nhà trọ&lt;/a&gt;&lt;/li&gt;&lt;li class=&quot;nav-submenu-item&quot;&gt;&lt;a href=&quot;/cho-thue-dat-dich-vu&quot; title=&quot;Cho thuê Đất dịch vụ, đền bù tại Việt Nam&quot;&gt;Đất dịch vụ, đền bù&lt;/a&gt;&lt;/li&gt;&lt;li class=&quot;nav-submenu-item&quot;&gt;&lt;a href=&quot;/cho-thue-dat-trang-trai&quot; title=&quot;Cho thuê Đất trang trại tại Việt Nam&quot;&gt;Đất trang trại&lt;/a&gt;&lt;/li&gt;&lt;li class=&quot;nav-submenu-item&quot;&gt;&lt;a href=&quot;/cho-thue-khach-san-nha-hang-resort&quot; title=&quot;Cho thuê Khách sạn, Nhà hàng, Resort tại Việt Nam&quot;&gt;Khách sạn, Nhà hàng, Resort&lt;/a&gt;&lt;/li&gt;&lt;li class=&quot;nav-submenu-item&quot;&gt;&lt;a href=&quot;/cho-thue-mat-bang-nha-xuong-kho-bai&quot; title=&quot;Cho thuê Mặt bằng, Nhà Xưởng, Kho bãi tại Việt Nam&quot;&gt;Mặt bằng, Nhà Xưởng, Kho bãi&lt;/a&gt;&lt;/li&gt;&lt;li class=&quot;nav-submenu-item&quot;&gt;&lt;a href=&quot;/cho-thue-van-phong-tai-trung-tam-thuong-mai&quot; title=&quot;Cho thuê Văn phòng, TTTM, Cửa hàng, Kiot tại Việt Nam&quot;&gt;Văn phòng, TTTM, Cửa hàng, Kiot&lt;/a&gt;&lt;/li&gt;&lt;/ul&gt;&lt;/div&gt;&lt;/div&gt;&lt;/li&gt;            &lt;li&gt;                &lt;a class=&quot;drop&quot; href=&quot;/tin-tuc&quot; target=&quot;_blank&quot; title=&quot;Tin tức nhà đất mới nhất&quot;&gt;Tin tức&lt;/a&gt;            &lt;/li&gt;            &lt;li id=&quot;litab7&quot;&gt;&lt;a class=&quot;drop&quot; href=&quot;/du-an&quot; title=&quot;Thông tin chi tiết các dự án bất động sản&quot;&gt;Dự án&lt;/a&gt; &lt;/li&gt;            &lt;li class=&quot;drop&quot; id=&quot;litab8&quot;&gt;&lt;a href=&quot;/pano360&quot; title=&quot;Xem Virtual Tour 360° các dự án bất động sản&quot;&gt;Tour 360°&lt;/a&gt;&lt;/li&gt;                        &lt;li id=&quot;litab6&quot;&gt;                &lt;a href=&quot;/tim-nha-dat-quanh-day&quot; rel=&quot;nofollow&quot; target=&quot;_blank&quot; title=&quot;Tìm kiếm nhà theo vị trí trên bản đồ Google Map&quot;&gt;Bản đồ&lt;/a&gt;            &lt;/li&gt;            &lt;li&gt;                    &lt;a href=&quot;/webone&quot; title=&quot;Tạo WebOne&quot;&gt;WebOne&lt;/a&gt;                     &lt;div class=&quot;dropdown_3columns&quot;&gt;                        &lt;div class=&quot;col_1&quot;&gt;                             &lt;ul class=&quot;greybox&quot;&gt;                                &lt;li&gt;&lt;a href=&quot;/webone&quot; title=&quot;Tạo Website dự án&quot;&gt;Tạo WebOne&lt;/a&gt;&lt;/li&gt;                                &lt;li&gt;&lt;a href=&quot;/webone/store&quot; title=&quot;Kho Website dự án bất động sản&quot;&gt;WebOne Store&lt;/a&gt;&lt;/li&gt;                                &lt;li&gt;&lt;a href=&quot;/webone/woclick&quot; rel=&quot;nofollow&quot; title=&quot;Tạo quảng cáo WO Click&quot;&gt;WebOne Click&lt;/a&gt;&lt;/li&gt;                            &lt;/ul&gt;                        &lt;/div&gt;                    &lt;/div&gt;            &lt;/li&gt;            &lt;li&gt;&lt;a class=&quot;drop&quot; href=&quot;/Help-0&quot; rel=&quot;nofollow&quot; title=&quot;Hướng dẫn sử dụng&quot;&gt;Hỏi Đáp&lt;/a&gt;&lt;/li&gt;            &lt;li class=&quot;li-border-m&quot;&gt; &lt;/li&gt;        &lt;/ul&gt;    &lt;/div&gt;    &lt;a class=&quot;a-btl-uload&quot; href=&quot;/DT&quot; rel=&quot;nofollow&quot; title=&quot;Đăng tin&quot;&gt;Đăng Tin&lt;/a&gt;&lt;/div&gt;                &lt;/div&gt;&lt;div xmlns=&quot;http://www.w3.org/1999/xhtml&quot; class=&quot;dv-main-detail&quot;&gt;    &lt;!--dv-breadcrumb--&gt;    &lt;div id=&quot;navMenu1_divNavMenu&quot;&gt;&lt;div class=&quot;dv-breadcrumb&quot;&gt;&lt;ul&gt;&lt;li&gt;&lt;a href=&quot;https://nhadat24h.net&quot; title=&quot;Quay về trang chủ Nhadat24h.net&quot;&gt;Trang chủ&lt;/a&gt;»&lt;/li&gt;&lt;li&gt;&lt;a href=&quot;/nha-dat-cho-thue&quot; id=&quot;loadmenuLoaiNha&quot; onmouseover=&quot;tooltip.pop(this, '#cboLN',{ position: 2,overlay: false})&quot; title=&quot;Nhà đất cho thuê tại Hà Nội&quot;&gt;Nhà đất cho thuê&lt;/a&gt;»&lt;/li&gt;&lt;li&gt;&lt;a href=&quot;/cho-thue-nha-mat-pho&quot; title=&quot;Cho thuê Nhà mặt phố tại Hà Nội&quot;&gt;Nhà mặt phố&lt;/a&gt;»&lt;/li&gt;&lt;li&gt;&lt;a href=&quot;/cho-thue-nha-mat-pho-ha-noi&quot; id=&quot;loadmenuTinhThanh&quot; onmouseover=&quot;tooltip.pop(this, '#selectTinhThanh',{ position: 2,overlay: false})&quot; title=&quot;Chọn tỉnh thành&quot;&gt;Hà Nội&lt;/a&gt;»&lt;/li&gt;&lt;li&gt;&lt;a href=&quot;/cho-thue-nha-mat-pho-quan-ba-dinh-ha-noi&quot; title=&quot;Cho thuê Nhà mặt phố tại Quận Ba Đình&quot;&gt;Quận Ba Đình&lt;/a&gt;»&lt;/li&gt;&lt;li&gt;&lt;a href=&quot;/cho-thue-nha-mat-pho-yen-phu-quan-ba-dinh-s776777/&quot; title=&quot;Yên Phụ&quot;&gt;Yên Phụ&lt;/a&gt;»&lt;/li&gt;&lt;/ul&gt;&lt;/div&gt;&lt;script type=&quot;application/ld+json&quot;&gt;{&quot;@context&quot;:&quot;https://schema.org&quot;,&quot;@type&quot;:&quot;BreadcrumbList&quot;,&quot;itemListElement&quot;:[{&quot;@type&quot;:&quot;ListItem&quot;,&quot;item&quot;:{&quot;@type&quot;:&quot;ItemList&quot;,&quot;@id&quot;:&quot;https://nhadat24h.net/&quot;,&quot;name&quot;:&quot;Trang chủ&quot;},&quot;position&quot;:1},{&quot;@type&quot;:&quot;ListItem&quot;,&quot;item&quot;:{&quot;@type&quot;:&quot;ItemList&quot;,&quot;@id&quot;:&quot;https://nhadat24h.net/nha-dat-cho-thue&quot;,&quot;name&quot;:&quot;Nhà đất cho thuê&quot;},&quot;position&quot;:2},{&quot;@type&quot;:&quot;ListItem&quot;,&quot;item&quot;:{&quot;@type&quot;:&quot;ItemList&quot;,&quot;@id&quot;:&quot;https://nhadat24h.net/cho-thue-nha-mat-pho&quot;,&quot;name&quot;:&quot;Nhà mặt phố&quot;},&quot;position&quot;:3},{&quot;@type&quot;:&quot;ListItem&quot;,&quot;item&quot;:{&quot;@type&quot;:&quot;ItemList&quot;,&quot;@id&quot;:&quot;https://nhadat24h.net/cho-thue-nha-mat-pho-ha-noi&quot;,&quot;name&quot;:&quot;Hà Nội&quot;},&quot;position&quot;:4},{&quot;@type&quot;:&quot;ListItem&quot;,&quot;item&quot;:{&quot;@type&quot;:&quot;ItemList&quot;,&quot;@id&quot;:&quot;https://nhadat24h.net/cho-thue-nha-mat-pho-quan-ba-dinh-ha-noi&quot;,&quot;name&quot;:&quot;Quận Ba Đình&quot;},&quot;position&quot;:5},{&quot;@type&quot;:&quot;ListItem&quot;,&quot;item&quot;:{&quot;@type&quot;:&quot;ItemList&quot;,&quot;@id&quot;:&quot;https://nhadat24h.net/cho-thue-nha-mat-pho-yen-phu-quan-ba-dinh-s776777/&quot;,&quot;name&quot;:&quot;Yên Phụ&quot;},&quot;position&quot;:6}]}&lt;/script&gt;&lt;script type=&quot;application/ld+json&quot;&gt;{&quot;@context&quot;:&quot;https://schema.org&quot;,&quot;@type&quot;:&quot;Product&quot;,&quot;name&quot;:&quot;Chủ nhà cho thuê 70m2 vp tại đường đôi yên phụ&quot;,&quot;description&quot;:&quot;Tôi chính chủ cần cho thuê nhà văn phòng hướng Đông Bắc tại số 62 đường đôi Yên Phụ.Nhà 8 tầng với một tầng hầm để xe. Vỉa hè rộng rãi. Là tuyến phố trung tâm, &quot;,&quot;offers&quot;:{&quot;@type&quot;:&quot;Offer&quot;,&quot;url&quot;:&quot;https://nhadat24h.net/cho-thue-nha-mat-pho-yen-phu/chu-nha-cho-thue-70m2-vp-tai-duong-doi-yen-phu-ID3604188&quot;,&quot;availability&quot;:&quot;https://schema.org/InStock&quot;,&quot;price&quot;:13000000.0,&quot;priceCurrency&quot;:&quot;VND&quot;}}&lt;/script&gt;&lt;/div&gt;        &lt;/div&gt;" SourceIndex="378;434;698" TextLen="755" order="2" xPath="/#document/html/body/form[10]/div[0]/div[0]/div[0]/div[1]/div[0]/div[0]/a[0]/img"/>
<LayoutNode BgColor="#ffffff" ContainImg="16" ContainP="10" ContainTable="true" DOMCldNum="5" DoC="7" FontSize="25" FontWeight="400" FrameSourceIndex="0" ID="1-2" IsImg="false" LinkNum="37" LinkTextLen="540" ObjectRectHeight="1348" ObjectRectLeft="0" ObjectRectTop="300" ObjectRectWidth="1420" SourceIndex="741" TextLen="823" order="3">
<LayoutNode BgColor="#ffffff" ContainImg="15" ContainP="2" ContainTable="false" Content="Chủ nhà cho thuê 70m2 vp tại đường đôi yên phụ Giá:13Triệu - Diện Tích:70M2Báo cáo  Giang NguyễnCá Nhân - Chính ChủSố 62 đường Yên Phụ0986646169-Yêu cầu Giang Nguyễn gọi điện tư vấn. Tổng tiền13TriệuDiện Tích70 M2Số phòngMã BĐS3604188Loại TinCho thuêVị tríYên Phụ, Quận Ba Đình, Hà NộiLoại BĐSNhà mặt phốHướngĐông bắcĐường vào30 (m)Mặt tiền9 (m)Số tầng8 Tầng  " DOMCldNum="5" DoC="8" FontSize="25" FontWeight="400" FrameSourceIndex="0" ID="1-2-1" IsImg="false" LinkNum="14" LinkTextLen="139" ObjectRectHeight="1348" ObjectRectLeft="0" ObjectRectTop="300" ObjectRectWidth="927" SRC="&lt;h1 xmlns=&quot;http://www.w3.org/1999/xhtml&quot;&gt;&lt;a data-idn=&quot;3604188&quot; data-thumbnai=&quot;/Upload/User/DangTin/2019/Images/399150/Thumbnai/08912e23-5acb-4896-aa4d-f142002a4441_bthumb.jpg&quot; href=&quot;/cho-thue-nha-mat-pho-yen-phu/chu-nha-cho-thue-70m2-vp-tai-duong-doi-yen-phu-ID3604188&quot; id=&quot;txtcontenttieudetin&quot;&gt;Chủ nhà cho thuê 70m2 vp tại đường đôi yên phụ&lt;/a&gt;&lt;/h1&gt;&lt;div xmlns=&quot;http://www.w3.org/1999/xhtml&quot; class=&quot;dv-time-dt&quot;&gt;&lt;p&gt;&lt;label id=&quot;ContentPlaceHolder1_ctl00_lbDate&quot;/&gt;&lt;label class=&quot;lb-pri-dt&quot; id=&quot;ContentPlaceHolder1_ctl00_lbGiaDienTich&quot;&gt;Giá:&lt;label class=&quot;strong1&quot;&gt;13&lt;/label&gt;Triệu - Diện Tích:&lt;label class=&quot;strong2&quot;&gt;70&lt;/label&gt;M2&lt;/label&gt;&lt;/p&gt;&lt;span id=&quot;ContentPlaceHolder1_ctl00_spXacthuc&quot;&gt;&lt;i class=&quot;i-dxn&quot;/&gt;&lt;/span&gt;&lt;a class=&quot;lb-alink right&quot; id=&quot;btnBinFormBaocao&quot; onclick=&quot;tooltip.pop(this, '#formBaoCao',{position:2,overlay:true})&quot;&gt;&lt;i class=&quot;fa fa-exclamation-circle&quot;/&gt;Báo cáo&lt;/a&gt;&lt;div class=&quot;hide&quot;&gt;&lt;div class=&quot;formBaoCaoCss&quot; id=&quot;formBaoCao&quot;/&gt;&lt;/div&gt;&lt;/div&gt;&lt;div xmlns=&quot;http://www.w3.org/1999/xhtml&quot; class=&quot;myPanelClass&quot;&gt;&lt;ul id=&quot;ContentPlaceHolder1_ctl00_viewImage1_divLi&quot;&gt;&lt;li&gt;&lt;a class=&quot;swipebox&quot; href=&quot;/Upload/User/DangTin/2019/Images/399150/08912e23-5acb-4896-aa4d-f142002a4441.jpg&quot; title=&quot;Chủ nhà cho thuê 70m2 vp tại đường đôi yên phụ&quot;&gt;&lt;img alt=&quot;Chủ nhà cho thuê 70m2 vp tại đường đôi yên phụ&quot; class=&quot;imageThumb&quot; data-src=&quot;/Upload/User/DangTin/2019/Images/399150/Thumbnai/400_08912e23-5acb-4896-aa4d-f142002a4441_bthumb.jpg&quot; src=&quot;data:image/png;base64,R0lGODlhAQABAAD/ACwAAAAAAQABAAACADs=&quot;/&gt;&lt;/a&gt;&lt;/li&gt;&lt;li&gt;&lt;a class=&quot;swipebox&quot; href=&quot;/Upload/User/DangTin/2019/Images/399150/9cfe18b9-a4fe-4324-9c78-5262f9cf86cd.jpg&quot; title=&quot;Chủ nhà cho thuê 70m2 vp tại đường đôi yên phụ&quot;&gt;&lt;img alt=&quot;Chủ nhà cho thuê 70m2 vp tại đường đôi yên phụ&quot; class=&quot;imageThumb&quot; data-src=&quot;/Upload/User/DangTin/2019/Images/399150/Thumbnai/400_9cfe18b9-a4fe-4324-9c78-5262f9cf86cd_bthumb.jpg&quot; src=&quot;data:image/png;base64,R0lGODlhAQABAAD/ACwAAAAAAQABAAACADs=&quot;/&gt;&lt;/a&gt;&lt;/li&gt;&lt;li&gt;&lt;a class=&quot;swipebox&quot; href=&quot;/Upload/User/DangTin/2019/Images/399150/9db40c5c-f7af-457f-9a21-2c4815071607.jpg&quot; title=&quot;Chủ nhà cho thuê 70m2 vp tại đường đôi yên phụ&quot;&gt;&lt;img alt=&quot;Chủ nhà cho thuê 70m2 vp tại đường đôi yên phụ&quot; class=&quot;imageThumb&quot; data-src=&quot;/Upload/User/DangTin/2019/Images/399150/Thumbnai/400_9db40c5c-f7af-457f-9a21-2c4815071607_bthumb.jpg&quot; src=&quot;data:image/png;base64,R0lGODlhAQABAAD/ACwAAAAAAQABAAACADs=&quot;/&gt;&lt;/a&gt;&lt;/li&gt;&lt;li&gt;&lt;a class=&quot;swipebox&quot; href=&quot;/Upload/User/DangTin/2019/Images/399150/ee1a96dc-c09d-4b07-8808-7b93f0d0a439.jpg&quot; title=&quot;Chủ nhà cho thuê 70m2 vp tại đường đôi yên phụ&quot;&gt;&lt;img alt=&quot;Chủ nhà cho thuê 70m2 vp tại đường đôi yên phụ&quot; class=&quot;imageThumb&quot; data-src=&quot;/Upload/User/DangTin/2019/Images/399150/Thumbnai/400_ee1a96dc-c09d-4b07-8808-7b93f0d0a439_bthumb.jpg&quot; src=&quot;data:image/png;base64,R0lGODlhAQABAAD/ACwAAAAAAQABAAACADs=&quot;/&gt;&lt;/a&gt;&lt;/li&gt;&lt;li&gt;&lt;a class=&quot;swipebox&quot; href=&quot;/Upload/User/DangTin/2019/Images/399150/85695219-4a8d-482d-84b3-66cc1022248a.jpg&quot; title=&quot;Chủ nhà cho thuê 70m2 vp tại đường đôi yên phụ&quot;&gt;&lt;img alt=&quot;Chủ nhà cho thuê 70m2 vp tại đường đôi yên phụ&quot; class=&quot;imageThumb&quot; data-src=&quot;/Upload/User/DangTin/2019/Images/399150/Thumbnai/400_85695219-4a8d-482d-84b3-66cc1022248a_bthumb.jpg&quot; src=&quot;data:image/png;base64,R0lGODlhAQABAAD/ACwAAAAAAQABAAACADs=&quot;/&gt;&lt;/a&gt;&lt;/li&gt;&lt;li&gt;&lt;a class=&quot;swipebox&quot; href=&quot;/Upload/User/DangTin/2019/Images/399150/74f02831-0b1e-4930-8dc9-83948cc6f42d.jpg&quot; title=&quot;Chủ nhà cho thuê 70m2 vp tại đường đôi yên phụ&quot;&gt;&lt;img alt=&quot;Chủ nhà cho thuê 70m2 vp tại đường đôi yên phụ&quot; class=&quot;imageThumb&quot; data-src=&quot;/Upload/User/DangTin/2019/Images/399150/Thumbnai/400_74f02831-0b1e-4930-8dc9-83948cc6f42d_bthumb.jpg&quot; src=&quot;data:image/png;base64,R0lGODlhAQABAAD/ACwAAAAAAQABAAACADs=&quot;/&gt;&lt;/a&gt;&lt;/li&gt;&lt;li&gt;&lt;a class=&quot;swipebox&quot; href=&quot;/Upload/User/DangTin/2020/Images/399150/c61ab55f-5135-4c3f-8daa-7326266320a1.jpg&quot; title=&quot;Chủ nhà cho thuê 70m2 vp tại đường đôi yên phụ&quot;&gt;&lt;img alt=&quot;Chủ nhà cho thuê 70m2 vp tại đường đôi yên phụ&quot; class=&quot;imageThumb&quot; data-src=&quot;/Upload/User/DangTin/2020/Images/399150/Thumbnai/400_c61ab55f-5135-4c3f-8daa-7326266320a1_bthumb.jpg&quot; src=&quot;data:image/png;base64,R0lGODlhAQABAAD/ACwAAAAAAQABAAACADs=&quot;/&gt;&lt;/a&gt;&lt;/li&gt;&lt;li&gt;&lt;a class=&quot;swipebox&quot; href=&quot;/Upload/User/DangTin/2020/Images/399150/f97a3860-c1bd-4ea4-bb3b-c79e147cad32.jpg&quot; title=&quot;Chủ nhà cho thuê 70m2 vp tại đường đôi yên phụ&quot;&gt;&lt;img alt=&quot;Chủ nhà cho thuê 70m2 vp tại đường đôi yên phụ&quot; class=&quot;imageThumb&quot; data-src=&quot;/Upload/User/DangTin/2020/Images/399150/Thumbnai/400_f97a3860-c1bd-4ea4-bb3b-c79e147cad32_bthumb.jpg&quot; src=&quot;data:image/png;base64,R0lGODlhAQABAAD/ACwAAAAAAQABAAACADs=&quot;/&gt;&lt;/a&gt;&lt;/li&gt;&lt;li&gt;&lt;a class=&quot;swipebox&quot; href=&quot;/Upload/User/DangTin/2020/Images/399150/7beb0b25-61b4-41c8-8fa5-e06d043f656b.jpg&quot; title=&quot;Chủ nhà cho thuê 70m2 vp tại đường đôi yên phụ&quot;&gt;&lt;img alt=&quot;Chủ nhà cho thuê 70m2 vp tại đường đôi yên phụ&quot; class=&quot;imageThumb&quot; data-src=&quot;/Upload/User/DangTin/2020/Images/399150/Thumbnai/400_7beb0b25-61b4-41c8-8fa5-e06d043f656b_bthumb.jpg&quot; src=&quot;data:image/png;base64,R0lGODlhAQABAAD/ACwAAAAAAQABAAACADs=&quot;/&gt;&lt;/a&gt;&lt;/li&gt;&lt;li&gt;&lt;a class=&quot;swipebox&quot; href=&quot;/Upload/User/DangTin/2019/Images/399150/31be9b6b-6924-4a49-b62b-9350ecf5cf48.jpg&quot; title=&quot;Chủ nhà cho thuê 70m2 vp tại đường đôi yên phụ&quot;&gt;&lt;img alt=&quot;Chủ nhà cho thuê 70m2 vp tại đường đôi yên phụ&quot; class=&quot;imageThumb&quot; data-src=&quot;/Upload/User/DangTin/2019/Images/399150/Thumbnai/400_31be9b6b-6924-4a49-b62b-9350ecf5cf48_bthumb.jpg&quot; src=&quot;data:image/png;base64,R0lGODlhAQABAAD/ACwAAAAAAQABAAACADs=&quot;/&gt;&lt;/a&gt;&lt;/li&gt;&lt;li&gt;&lt;a class=&quot;swipebox&quot; href=&quot;/Upload/User/DangTin/2019/Images/399150/5872f667-1fe6-4069-b9af-247bde7a7321.jpg&quot; title=&quot;Chủ nhà cho thuê 70m2 vp tại đường đôi yên phụ&quot;&gt;&lt;img alt=&quot;Chủ nhà cho thuê 70m2 vp tại đường đôi yên phụ&quot; class=&quot;imageThumb&quot; data-src=&quot;/Upload/User/DangTin/2019/Images/399150/Thumbnai/400_5872f667-1fe6-4069-b9af-247bde7a7321_bthumb.jpg&quot; src=&quot;data:image/png;base64,R0lGODlhAQABAAD/ACwAAAAAAQABAAACADs=&quot;/&gt;&lt;/a&gt;&lt;/li&gt;&lt;li&gt;&lt;a class=&quot;swipebox&quot; href=&quot;/Upload/User/DangTin/2019/Images/399150/e759e8d4-96c2-49e4-8260-0923d6864e50.jpg&quot; title=&quot;Chủ nhà cho thuê 70m2 vp tại đường đôi yên phụ&quot;&gt;&lt;img alt=&quot;Chủ nhà cho thuê 70m2 vp tại đường đôi yên phụ&quot; class=&quot;imageThumb&quot; data-src=&quot;/Upload/User/DangTin/2019/Images/399150/Thumbnai/400_e759e8d4-96c2-49e4-8260-0923d6864e50_bthumb.jpg&quot; src=&quot;data:image/png;base64,R0lGODlhAQABAAD/ACwAAAAAAQABAAACADs=&quot;/&gt;&lt;/a&gt;&lt;/li&gt;&lt;li&gt;&lt;a class=&quot;swipebox&quot; href=&quot;/Upload/User/DangTin/2019/Images/399150/b4d6700b-186d-4bac-beac-932691298a35.jpg&quot; title=&quot;Chủ nhà cho thuê 70m2 vp tại đường đôi yên phụ&quot;&gt;&lt;img alt=&quot;Chủ nhà cho thuê 70m2 vp tại đường đôi yên phụ&quot; class=&quot;imageThumb&quot; data-src=&quot;/Upload/User/DangTin/2019/Images/399150/Thumbnai/400_b4d6700b-186d-4bac-beac-932691298a35_bthumb.jpg&quot; src=&quot;data:image/png;base64,R0lGODlhAQABAAD/ACwAAAAAAQABAAACADs=&quot;/&gt;&lt;/a&gt;&lt;/li&gt;&lt;li&gt;&lt;a class=&quot;swipebox&quot; href=&quot;/Upload/User/DangTin/2019/Images/399150/9b5fde73-7a2e-4bcc-97f6-ae1250883ac0.jpg&quot; title=&quot;Chủ nhà cho thuê 70m2 vp tại đường đôi yên phụ&quot;&gt;&lt;img alt=&quot;Chủ nhà cho thuê 70m2 vp tại đường đôi yên phụ&quot; class=&quot;imageThumb&quot; data-src=&quot;/Upload/User/DangTin/2019/Images/399150/Thumbnai/400_9b5fde73-7a2e-4bcc-97f6-ae1250883ac0_bthumb.jpg&quot; src=&quot;data:image/png;base64,R0lGODlhAQABAAD/ACwAAAAAAQABAAACADs=&quot;/&gt;&lt;/a&gt;&lt;/li&gt;&lt;/ul&gt;&lt;/div&gt;&lt;div xmlns=&quot;http://www.w3.org/1999/xhtml&quot; class=&quot;dv-cont-dt&quot;&gt;&lt;div&gt;&lt;a class=&quot;swipebox&quot; href=&quot;/Upload/User/Avatar/2019/399150/d1edc2d4-f8d5-4369-92ea-fece252603f7.jpg&quot; rel=&quot;nofollow&quot; title=&quot;Xem ảnh cỡ lớn&quot;&gt;&lt;img alt=&quot;&quot; class=&quot;w3-circle&quot; id=&quot;imgAvataDetail&quot; src=&quot;/Upload/User/Avatar/2019/399150/Thumbnai/d1edc2d4-f8d5-4369-92ea-fece252603f7.jpg&quot;/&gt;&lt;/a&gt;&lt;label id=&quot;lbHoTen&quot;&gt;&lt;a href=&quot;/tv/399150&quot; title=&quot;Click để xem trang cá nhân của Giang Nguyễn&quot;&gt;Giang Nguyễn&lt;/a&gt;&lt;/label&gt;&lt;a data-placement=&quot;bottom&quot; data-toggle=&quot;tooltip&quot; href=&quot;https://nhadat24h.net/chatroom-chattinrao-ida399150-subtopic3604188?#&quot; id=&quot;btnclickpopchattopic&quot; rel=&quot;nofollow&quot; target=&quot;_blank&quot; title=&quot;Chat công khai hỏi về bất động sản này&quot;&gt;&lt;i class=&quot;fa fa-comments-o&quot;/&gt;&lt;/a&gt;&lt;a data-placement=&quot;bottom&quot; data-toggle=&quot;tooltip&quot; href=&quot;javascript:binTopicChat('399150');&quot; title=&quot;Chat riêng tư với tôi&quot;&gt;&lt;i class=&quot;fa fa-comment-o&quot;/&gt;&lt;/a&gt;&lt;/div&gt;&lt;p&gt;&lt;label&gt;&lt;i class=&quot;fa fa-user&quot;/&gt;Cá Nhân - Chính Chủ&lt;/label&gt;&lt;label&gt;&lt;i class=&quot;fa fa-map-marker&quot;/&gt;&lt;a class=&quot;popup-gmaps&quot; href=&quot;/gmap.aspx?idu=399150&quot; rel=&quot;nofollow&quot; title=&quot;Xem vị trí trên Gmap&quot;&gt;Số 62 đường Yên Phụ&lt;/a&gt;&lt;/label&gt;&lt;label&gt;&lt;i class=&quot;fa fa-phone&quot;/&gt;&lt;a href=&quot;tel:0986646169&quot; id=&quot;viewmobinumber&quot; title=&quot;Mobile&quot;&gt;0986646169&lt;/a&gt;-&lt;a href=&quot;tel:&quot; title=&quot;Mobile&quot;/&gt;&lt;/label&gt;&lt;label&gt;&lt;a class=&quot;buttonNhacGoilai&quot; id=&quot;yeucaugoilai&quot; title=&quot;Bạn quan tâm đến bất động sản này và bạn muốn GIANG NGUYỄN gọi điện tư vấn ngay cho bạn!&quot;&gt;&lt;i class=&quot;fa fa-bell-o&quot;/&gt;&lt;span class=&quot;begTest&quot; id=&quot;numgoilai&quot;/&gt;Yêu cầu Giang Nguyễn gọi điện tư vấn.&lt;/a&gt;&lt;/label&gt;&lt;/p&gt;&lt;input id=&quot;IDAChat&quot; type=&quot;hidden&quot; value=&quot;399150&quot;/&gt;&lt;/div&gt;&lt;tbody xmlns=&quot;http://www.w3.org/1999/xhtml&quot;&gt;&lt;tr&gt;&lt;td class=&quot;col1&quot;&gt;Tổng tiền&lt;/td&gt;&lt;td&gt;&lt;label id=&quot;ContentPlaceHolder1_ctl00_lbGiaTien&quot;&gt;&lt;label class=&quot;strong1&quot;&gt;13&lt;/label&gt;Triệu&lt;/label&gt;&lt;/td&gt;&lt;/tr&gt;&lt;tr&gt;&lt;td class=&quot;col1&quot;&gt;Diện Tích&lt;/td&gt;&lt;td&gt;&lt;label id=&quot;ContentPlaceHolder1_ctl00_lbDienTich&quot;&gt;70 M2&lt;/label&gt;&lt;/td&gt;&lt;/tr&gt;&lt;tr&gt;&lt;td class=&quot;col1&quot;&gt;Số phòng&lt;/td&gt;&lt;td/&gt;&lt;/tr&gt;&lt;tr&gt;&lt;td class=&quot;col1&quot;&gt;Mã BĐS&lt;/td&gt;&lt;td&gt;3604188&lt;/td&gt;&lt;/tr&gt;&lt;tr&gt;&lt;td class=&quot;col1&quot;&gt;Loại Tin&lt;/td&gt;&lt;td&gt;&lt;label id=&quot;ContentPlaceHolder1_ctl00_lbLoaiTin&quot;&gt;Cho thuê&lt;/label&gt;&lt;/td&gt;&lt;/tr&gt;&lt;tr&gt;&lt;td class=&quot;col1&quot;&gt;Vị trí&lt;/td&gt;&lt;td&gt;&lt;label id=&quot;ContentPlaceHolder1_ctl00_lbTinhThanh&quot;&gt;Yên Phụ, Quận Ba Đình, Hà Nội&lt;/label&gt;&lt;div id=&quot;divViewDuan&quot;/&gt;&lt;/td&gt;&lt;/tr&gt;&lt;tr&gt;&lt;td class=&quot;col1&quot;&gt;Loại BĐS&lt;/td&gt;&lt;td&gt;&lt;label id=&quot;ContentPlaceHolder1_ctl00_lbLoaiBDS&quot;&gt;Nhà mặt phố&lt;/label&gt;&lt;/td&gt;&lt;/tr&gt;&lt;tr&gt;&lt;td class=&quot;col1&quot;&gt;Hướng&lt;/td&gt;&lt;td&gt;&lt;label id=&quot;ContentPlaceHolder1_ctl00_lbHuong&quot;&gt;Đông bắc&lt;/label&gt;&lt;/td&gt;&lt;/tr&gt;&lt;tr&gt;&lt;td class=&quot;col1&quot;&gt;Đường vào&lt;/td&gt;&lt;td&gt;30 (m)&lt;/td&gt;&lt;/tr&gt;&lt;tr&gt;&lt;td class=&quot;col1&quot;&gt;Mặt tiền&lt;/td&gt;&lt;td&gt;9 (m)&lt;/td&gt;&lt;/tr&gt;&lt;tr&gt;&lt;td class=&quot;col1&quot;&gt;Số tầng&lt;/td&gt;&lt;td&gt;8 Tầng&lt;/td&gt;&lt;/tr&gt;&lt;/tbody&gt;&lt;div xmlns=&quot;http://www.w3.org/1999/xhtml&quot; class=&quot;dv-socail-dt&quot;&gt;&lt;a data-placement=&quot;bottom&quot; data-toggle=&quot;tooltip&quot; href=&quot;https://www.facebook.com/sharer/sharer.php?u=https://nhadat24h.net/cho-thue-nha-mat-pho-yen-phu/chu-nha-cho-thue-70m2-vp-tai-duong-doi-yen-phu-ID3604188&quot; rel=&quot;nofollow&quot; target=&quot;_blank&quot; title=&quot;Chia sẻ lên Facebook của bạn&quot;&gt;&lt;i class=&quot;fa fa-facebook-square&quot;/&gt;&lt;/a&gt;&lt;a data-placement=&quot;bottom&quot; data-toggle=&quot;tooltip&quot; href=&quot;https://twitter.com/share?url=https://nhadat24h.net/cho-thue-nha-mat-pho-yen-phu/chu-nha-cho-thue-70m2-vp-tai-duong-doi-yen-phu-ID3604188&quot; rel=&quot;nofollow&quot; target=&quot;_blank&quot; title=&quot;Chia sẻ lên Twitter&quot;&gt;&lt;i class=&quot;fa fa-twitter-square&quot;/&gt;&lt;/a&gt;&lt;a data-placement=&quot;bottom&quot; data-toggle=&quot;tooltip&quot; href=&quot;https://plus.google.com/share?url=https://nhadat24h.net/cho-thue-nha-mat-pho-yen-phu/chu-nha-cho-thue-70m2-vp-tai-duong-doi-yen-phu-ID3604188&quot; rel=&quot;nofollow&quot; target=&quot;_blank&quot; title=&quot;Chia sẻ lên Google+&quot;&gt;&lt;i class=&quot;fa fa-google-plus-square&quot;/&gt;&lt;/a&gt;&lt;a data-placement=&quot;bottom&quot; data-toggle=&quot;tooltip&quot; href=&quot;/VPN-2-3604188&quot; rel=&quot;nofollow&quot; title=&quot;Mua tin V.I.P&quot;&gt;&lt;i class=&quot;fa fa-shopping-cart&quot;/&gt;&lt;/a&gt;&lt;a data-placement=&quot;bottom&quot; data-toggle=&quot;tooltip&quot; onclick=&quot;return Button1_onclick2()&quot; title=&quot;Lưu tin này&quot;&gt;&lt;i class=&quot;fa fa-save&quot;/&gt;&lt;/a&gt;&lt;/div&gt;" SourceIndex="741" TextLen="364" order="4" xPath="/#document/html/body/form[10]/div[1]/div[0]/div[2]/div[0]/div[0]/div[0]/div[0]/h1[0]/a[0]/#text"/>
<LayoutNode BgColor="#ffffff" ContainImg="1" ContainP="8" ContainTable="true" DOMCldNum="12" DoC="7" FontSize="14" FontWeight="normal" FrameSourceIndex="0" ID="1-2-2" IsImg="false" LinkNum="23" LinkTextLen="401" ObjectRectHeight="1348" ObjectRectLeft="945" ObjectRectTop="300" ObjectRectWidth="475" SourceIndex="1009" TextLen="459" order="5">
<LayoutNode BgColor="#ffffff" ContainImg="0" ContainP="8" ContainTable="false" Content="BánMuaCho ThuêCần thuê " DOMCldNum="12" DoC="8" FontSize="14" FontWeight="normal" FrameSourceIndex="0" ID="1-2-2-1" IsImg="false" LinkNum="0" LinkTextLen="0" ObjectRectHeight="519" ObjectRectLeft="945" ObjectRectTop="300" ObjectRectWidth="475" SRC="&lt;div xmlns=&quot;http://www.w3.org/1999/xhtml&quot; class=&quot;dv-boxsearch-r&quot; id=&quot;boxsearch&quot;&gt;&lt;ul class=&quot;tabs1&quot;&gt;&lt;li class=&quot;&quot; id=&quot;sale&quot;&gt;Bán&lt;/li&gt;&lt;li class=&quot;&quot; id=&quot;buy&quot;&gt;Mua&lt;/li&gt;&lt;li class=&quot;active&quot; id=&quot;lease&quot;&gt;Cho Thuê&lt;/li&gt;&lt;li class=&quot;&quot; id=&quot;brokerage&quot;&gt;Cần thuê&lt;/li&gt;&lt;/ul&gt;&lt;span class=&quot;clear&quot;/&gt;&lt;div class=&quot;content buy&quot;&gt;&lt;div class=&quot;in-tab&quot; id=&quot;contentTabSearch&quot;&gt;&lt;p&gt;&lt;input autocomplete=&quot;off&quot; class=&quot;inputNewTimKiem&quot; id=&quot;txtTuKhoa&quot; name=&quot;ctl00$ContentPlaceHolder1$ctl00$boxSearch1$txtTuKhoa&quot; placeholder=&quot;Chung cư&quot; type=&quot;text&quot;/&gt;&lt;/p&gt;&lt;div id=&quot;listTimKiem&quot;/&gt;&lt;div id=&quot;divHuongDan&quot;&gt;&lt;div class=&quot;tbLinksearch&quot;&gt;&lt;div&gt;Hãy nhập địa điểm hoặc tên dự án mà bạn muốn tìm kiếm.&lt;br/&gt;&lt;strong&gt;Ví dụ:&lt;/strong&gt;bạn muốn tìm dự án Royal City hãy gõ: royal city sau đó ân Enter&lt;/div&gt;&lt;/div&gt;&lt;/div&gt;&lt;p&gt;&lt;select id=&quot;cboLN&quot; name=&quot;ctl00$ContentPlaceHolder1$ctl00$boxSearch1$cboLN&quot;&gt;&lt;option value=&quot;0&quot;&gt;Tất cả&lt;/option&gt;&lt;option value=&quot;1&quot;&gt;Căn hộ chung cư&lt;/option&gt;&lt;option value=&quot;21&quot;&gt;ShopHouse&lt;/option&gt;&lt;option value=&quot;2&quot;&gt;Nhà biệt thự, Liền kề&lt;/option&gt;&lt;option selected=&quot;selected&quot; value=&quot;10&quot;&gt;Nhà mặt phố&lt;/option&gt;&lt;option value=&quot;6&quot;&gt;Đất nền dự án&lt;/option&gt;&lt;option value=&quot;8&quot;&gt;Đất thổ cư&lt;/option&gt;&lt;option value=&quot;22&quot;&gt;Condotel&lt;/option&gt;&lt;option value=&quot;24&quot;&gt;Officetel&lt;/option&gt;&lt;option value=&quot;5&quot;&gt;Nhà trong ngõ&lt;/option&gt;&lt;option value=&quot;12&quot;&gt;Phòng trọ, nhà trọ&lt;/option&gt;&lt;option value=&quot;19&quot;&gt;Đất dịch vụ, đền bù&lt;/option&gt;&lt;option value=&quot;16&quot;&gt;Đất trang trại&lt;/option&gt;&lt;option value=&quot;20&quot;&gt;Khách sạn, Nhà hàng, Resort&lt;/option&gt;&lt;option value=&quot;17&quot;&gt;Mặt bằng, Nhà Xưởng, Kho bãi&lt;/option&gt;&lt;option value=&quot;13&quot;&gt;Văn phòng, TTTM, Cửa hàng, Kiot&lt;/option&gt;&lt;/select&gt;&lt;/p&gt;&lt;p&gt;&lt;select id=&quot;ContentPlaceHolder3_boxSearch1_ddlCustomers&quot; name=&quot;ctl00$ContentPlaceHolder3$boxSearch1$ddlCustomers&quot;/&gt;&lt;/p&gt;&lt;p&gt;&lt;select id=&quot;ContentPlaceHolder3_boxSearch1_ddlOrders&quot; name=&quot;ctl00$ContentPlaceHolder3$boxSearch1$ddlOrders&quot;/&gt;&lt;/p&gt;&lt;p&gt;&lt;select id=&quot;ContentPlaceHolder3_boxSearch1_ddlProducts&quot; name=&quot;ctl00$ContentPlaceHolder3$boxSearch1$ddlProducts&quot;/&gt;&lt;/p&gt;&lt;div&gt;&lt;input class=&quot;inputGiaTien&quot; id=&quot;txtFromGiaTien&quot; maxlength=&quot;4&quot; name=&quot;ctl00$ContentPlaceHolder1$ctl00$boxSearch1$txtFromGiaTien&quot; placeholder=&quot;Giá Tiền Từ...&quot; type=&quot;text&quot;/&gt;&lt;select class=&quot;SelectGiaTien&quot; id=&quot;cboGK2&quot; name=&quot;ctl00$ContentPlaceHolder1$ctl00$boxSearch1$cboGK2&quot;&gt;&lt;option selected=&quot;selected&quot; value=&quot;10&quot;&gt;Triệu&lt;/option&gt;&lt;option value=&quot;10000&quot;&gt;Tỷ&lt;/option&gt;&lt;/select&gt;&lt;/div&gt;&lt;div&gt;&lt;input class=&quot;inputGiaTien&quot; id=&quot;txtToGiaTien&quot; maxlength=&quot;4&quot; name=&quot;ctl00$ContentPlaceHolder1$ctl00$boxSearch1$txtToGiaTien&quot; placeholder=&quot;Đến...&quot; type=&quot;text&quot;/&gt;&lt;select class=&quot;SelectGiaTien&quot; id=&quot;cboKG&quot; name=&quot;ctl00$ContentPlaceHolder1$ctl00$boxSearch1$cboKG&quot;&gt;&lt;option value=&quot;10&quot;&gt;Triệu&lt;/option&gt;&lt;option selected=&quot;selected&quot; value=&quot;10000&quot;&gt;Tỷ&lt;/option&gt;&lt;/select&gt;&lt;/div&gt;&lt;div&gt;&lt;input autocomplete=&quot;off&quot; class=&quot;inputGiaTien&quot; id=&quot;txtFromDienTich&quot; maxlength=&quot;6&quot; name=&quot;ctl00$ContentPlaceHolder1$ctl00$boxSearch1$txtFromDienTich&quot; placeholder=&quot;Diện Tích Từ...(m2)&quot; type=&quot;text&quot;/&gt;&lt;input class=&quot;inputGiaTien&quot; id=&quot;txtToDienTich&quot; maxlength=&quot;6&quot; name=&quot;ctl00$ContentPlaceHolder1$ctl00$boxSearch1$txtToDienTich&quot; placeholder=&quot;Đến...(m2)&quot; type=&quot;text&quot;/&gt;&lt;/div&gt;&lt;div class=&quot;btnSearch50&quot;&gt;&lt;p id=&quot;loadingSearchTatCa&quot;&gt;&lt;input class=&quot;ip-btl-search-1&quot; id=&quot;btnSearchTatCa&quot; onclick=&quot;javascript: Button1_onclick(0, false, 'SearchTatCa');&quot; title=&quot;Tìm kiếm tất cả các bất động sản&quot; type=&quot;button&quot; value=&quot;Tìm Tất Cả&quot;/&gt;&lt;/p&gt;&lt;/div&gt;&lt;div class=&quot;btnSearch50&quot;&gt;&lt;p id=&quot;loadingSearchChinhChu&quot;&gt;&lt;input class=&quot;ip-btl-search-1&quot; id=&quot;btnSearchChinhChu&quot; onclick=&quot;javascript: Button1_onclick(2, false, 'SearchChinhChu');&quot; title=&quot;Chỉ tìm những tin chính chủ bao gồm tin chưa xác thực&quot; type=&quot;button&quot; value=&quot;Tìm Chính Chủ&quot;/&gt;&lt;/p&gt;&lt;/div&gt;&lt;p id=&quot;loadingDatMua&quot;&gt;&lt;input class=&quot;ip-btl-buy-datmua&quot; id=&quot;btnDatMua&quot; onclick=&quot;javascript: Button1_onclick(0, true, 'DatMua');&quot; title=&quot;Chọn khu vực hoặc dự án bạn muốn mua và gửi yêu cầu cho chúng tôi&quot; type=&quot;button&quot; value=&quot;ĐẶT MUA NHÀ ĐẤT TẠI ĐÂY&quot;/&gt;&lt;/p&gt;&lt;/div&gt;&lt;/div&gt;&lt;/div&gt;" SourceIndex="1014" TextLen="22" order="6" xPath="/#document/html/body/form[10]/div[1]/div[0]/div[2]/div[1]/div[4]/div[2]/div[0]/div[12]/p[0]/input"/>
<LayoutNode BgColor="#ffffff" ContainImg="1" ContainP="0" ContainTable="true" Content=" Nhà đất theo giá tiền cần bánDưới 500 Triệu500 - 800 Triệu800 Triệu - 1 TỷGiá từ: 1 Tỷ - 2 TỷGiá từ: 2 Tỷ - 3 TỷGiá từ: 3 Tỷ - 5 TỷGiá từ: 5 Tỷ - 7 TỷGiá từ: 7 Tỷ - 10 TỷGiá từ: 10 Tỷ - 20 TỷGiá từ: 20 Tỷ - 30 TỷGiá: Trên 30 TỷCho thuêCho Thuê Chung CưCho Thuê Biệt ThựCho Thuê Văn PhòngNhà Mặt PhốCho Thuê Phòng TrọGiá từ: 1 - 3 TriệuGiá từ: 3 - 5 TriệuGiá từ: 5 - 10 TriệuGiá từ: 10 - 40 TriệuGiá từ: 40 - 70 TriệuGiá từ: 70 - 100 Triệu " DOMCldNum="0" DoC="7" FontSize="14" FontWeight="normal" FrameSourceIndex="0" ID="1-2-2-2" IsImg="false" LinkNum="23" LinkTextLen="401" ObjectRectHeight="777" ObjectRectLeft="945" ObjectRectTop="871" ObjectRectWidth="475" SRC="&lt;div xmlns=&quot;http://www.w3.org/1999/xhtml&quot; class=&quot;dv-banner-r&quot;&gt;&lt;a href=&quot;/baogiabanner&quot; ref=&quot;nofollow&quot; rel=&quot;nofollow&quot; target=&quot;_blank&quot; title=&quot;Mời quảng cáo trên Nhadat24h.net&quot;&gt;&lt;img alt=&quot;Mời quảng cáo trên Nhadat24h.net&quot; src=&quot;/Images/upload/banner/2015/moiquangcao350.png&quot;/&gt;&lt;/a&gt;&lt;/div&gt;NHÀ ĐẤT THEO GIÁ TIỀN&lt;tr xmlns=&quot;http://www.w3.org/1999/xhtml&quot;&gt;&lt;td class=&quot;col50&quot;&gt;&lt;table&gt;&lt;tbody&gt;&lt;tr&gt;&lt;td&gt;&lt;h3 class=&quot;foderCaption&quot;&gt;cần bán&lt;/h3&gt;&lt;/td&gt;&lt;/tr&gt;&lt;tr&gt;&lt;td&gt;&lt;a class=&quot;btnCheckButoonHOT&quot; href=&quot;/ban-nha-dat-quan-ba-dinh-gia-tu-400-trieu-den-duoi-500-trieu-s359390/&quot; title=&quot;Bán nhà đất tại Quận Ba Đình giá dưới 500 Triệu&quot;&gt;Dưới 500 Triệu&lt;/a&gt;&lt;/td&gt;&lt;/tr&gt;&lt;tr&gt;&lt;td&gt;&lt;a class=&quot;btnCheckButoonHOT&quot; href=&quot;/ban-nha-dat-quan-ba-dinh-gia-tu-500-trieu-den-duoi-800-trieu-s373506/&quot; title=&quot;Bán nhà đất tại Quận Ba Đình giá dưới 500 Triệu đến 800 triệu&quot;&gt;500 - 800 Triệu&lt;/a&gt;&lt;/td&gt;&lt;/tr&gt;&lt;tr&gt;&lt;td&gt;&lt;a class=&quot;btnCheckButoonHOT&quot; href=&quot;/ban-nha-dat-quan-ba-dinh-gia-tu-800-trieu-den-duoi-1-ty-s307050/&quot; title=&quot;Bán nhà đất tại Quận Ba Đình giá từ 500 triệu đến 1 tỷ&quot;&gt;800 Triệu - 1 Tỷ&lt;/a&gt;&lt;/td&gt;&lt;/tr&gt;&lt;tr&gt;&lt;td&gt;&lt;a class=&quot;btnCheckButoon2&quot; href=&quot;/ban-nha-dat-quan-ba-dinh-gia-tu-1-ty-den-duoi-2-ty-s318792/&quot; title=&quot;Bán nhà đất tại Quận Ba Đình giá từ 1 tỷ đến 2 tỷ &quot;&gt;Giá từ: 1 Tỷ - 2 Tỷ&lt;/a&gt;&lt;/td&gt;&lt;/tr&gt;&lt;tr&gt;&lt;td&gt;&lt;a class=&quot;btnCheckButoon2&quot; href=&quot;/ban-nha-dat-quan-ba-dinh-gia-tu-2-ty-den-duoi-3-ty-s341049/&quot; title=&quot;Bán nhà đất tại Quận Ba Đình giá từ 2 tỷ đến 3 tỷ&quot;&gt;Giá từ: 2 Tỷ - 3 Tỷ&lt;/a&gt;&lt;/td&gt;&lt;/tr&gt;&lt;tr&gt;&lt;td&gt;&lt;a class=&quot;btnCheckButoon2&quot; href=&quot;/ban-nha-dat-quan-ba-dinh-gia-tu-3-ty-den-duoi-5-ty-s397319/&quot; title=&quot;Bán nhà đất tại Quận Ba Đình giá từ 3 tỷ đến 5 tỷ&quot;&gt;Giá từ: 3 Tỷ - 5 Tỷ&lt;/a&gt;&lt;/td&gt;&lt;/tr&gt;&lt;tr&gt;&lt;td&gt;&lt;a class=&quot;btnCheckButoon2&quot; href=&quot;/ban-nha-dat-quan-ba-dinh-gia-tu-5-ty-den-duoi-7-ty-s400724/&quot; title=&quot;Bán nhà đất tại Quận Ba Đình giá từ 5 tỷ đến 7 tỷ&quot;&gt;Giá từ: 5 Tỷ - 7 Tỷ&lt;/a&gt;&lt;/td&gt;&lt;/tr&gt;&lt;tr&gt;&lt;td&gt;&lt;a class=&quot;btnCheckButoon2&quot; href=&quot;/ban-nha-dat-quan-ba-dinh-gia-tu-7-ty-den-duoi-10-ty-s370334/&quot; title=&quot;Bán nhà đất tại Quận Ba Đình giá từ 7 tỷ đến 10 tỷ&quot;&gt;Giá từ: 7 Tỷ - 10 Tỷ&lt;/a&gt;&lt;/td&gt;&lt;/tr&gt;&lt;tr&gt;&lt;td&gt;&lt;a class=&quot;btnCheckButoon2&quot; href=&quot;/ban-nha-dat-quan-ba-dinh-gia-tu-10-ty-den-duoi-20-ty-s356824/&quot; title=&quot;Bán nhà đất tại Quận Ba Đình giá từ 10 tỷ đến 20 tỷ&quot;&gt;Giá từ: 10 Tỷ - 20 Tỷ&lt;/a&gt;&lt;/td&gt;&lt;/tr&gt;&lt;tr&gt;&lt;td&gt;&lt;a class=&quot;btnCheckButoon2&quot; href=&quot;/ban-nha-dat-quan-ba-dinh-gia-tu-20-ty-den-duoi-30-ty-s555575/&quot; title=&quot;Bán nhà đất tại Quận Ba Đình giá từ 20 tỷ đến 30 tỷ &quot;&gt;Giá từ: 20 Tỷ - 30 Tỷ&lt;/a&gt;&lt;/td&gt;&lt;/tr&gt;&lt;tr&gt;&lt;td&gt;&lt;a class=&quot;btnCheckButoon2&quot; href=&quot;/ban-nha-dat-quan-ba-dinh-gia-tu-30-ty-s347969/&quot; title=&quot;Bán nhà đất tại Quận Ba Đình giá trên 30 tỷ &quot;&gt;Giá: Trên 30 Tỷ&lt;/a&gt;&lt;/td&gt;&lt;/tr&gt;&lt;/tbody&gt;&lt;/table&gt;&lt;/td&gt;&lt;td class=&quot;col50&quot;&gt;&lt;table&gt;&lt;tbody&gt;&lt;tr&gt;&lt;td&gt;&lt;h3 class=&quot;foderCaption&quot;&gt;Cho thuê&lt;/h3&gt;&lt;/td&gt;&lt;/tr&gt;&lt;tr&gt;&lt;td&gt;&lt;a class=&quot;btnCheckButoonHOT&quot; href=&quot;/cho-thue-can-ho-chung-cu-quan-ba-dinh-ha-noi&quot; title=&quot;Cho thuê chung cư tại Quận Ba Đình&quot;&gt;Cho Thuê Chung Cư&lt;/a&gt;&lt;/td&gt;&lt;/tr&gt;&lt;tr&gt;&lt;td&gt;&lt;a class=&quot;btnCheckButoon2&quot; href=&quot;/cho-thue-nha-biet-thu-lien-ke-quan-ba-dinh-ha-noi&quot; title=&quot;Cho thuê biệt thự tại Quận Ba Đình&quot;&gt;Cho Thuê Biệt Thự&lt;/a&gt;&lt;/td&gt;&lt;/tr&gt;&lt;tr&gt;&lt;td&gt;&lt;a class=&quot;btnCheckButoon2&quot; href=&quot;/cho-thue-van-phong-quan-ba-dinh-ha-noi&quot; title=&quot;Cho thuê Văn Phòng tại Quận Ba Đình&quot;&gt;Cho Thuê Văn Phòng&lt;/a&gt;&lt;/td&gt;&lt;/tr&gt;&lt;tr&gt;&lt;td&gt;&lt;a class=&quot;btnCheckButoon2&quot; href=&quot;/cho-thue-nha-mat-pho-quan-ba-dinh-ha-noi&quot; title=&quot;Cho thuê nhà mặt phố tại Quận Ba Đình&quot;&gt;Nhà Mặt Phố&lt;/a&gt;&lt;/td&gt;&lt;/tr&gt;&lt;tr&gt;&lt;td&gt;&lt;a class=&quot;btnCheckButoon2&quot; href=&quot;/cho-thue-phong-tro-nha-tro-quan-ba-dinh-ha-noi&quot; title=&quot;Cho thuê phòng trọ tại Quận Ba Đình&quot;&gt;Cho Thuê Phòng Trọ&lt;/a&gt;&lt;/td&gt;&lt;/tr&gt;&lt;tr&gt;&lt;td&gt;&lt;a class=&quot;btnCheckButoonHOT&quot; href=&quot;/cho-thue-nha-dat-quan-ba-dinh-gia-tu-1-trieu-den-duoi-3-trieu-s301892/&quot; title=&quot;Cho thuê nhà đất tại Quận Ba Đình giá từ 1 đến 3 triệu&quot;&gt;Giá từ: 1 - 3 Triệu&lt;/a&gt;&lt;/td&gt;&lt;/tr&gt;&lt;tr&gt;&lt;td&gt;&lt;a class=&quot;btnCheckButoonHOT&quot; href=&quot;/cho-thue-nha-dat-quan-ba-dinh-gia-tu-3-trieu-den-duoi-5-trieu-s299321/&quot; title=&quot;Cho thuê nhà đất tại Quận Ba Đình giá từ 3 đến 5 triệu&quot;&gt;Giá từ: 3 - 5 Triệu&lt;/a&gt;&lt;/td&gt;&lt;/tr&gt;&lt;tr&gt;&lt;td&gt;&lt;a class=&quot;btnCheckButoon2&quot; href=&quot;/cho-thue-nha-dat-quan-ba-dinh-gia-tu-5-trieu-den-duoi-10-trieu-s407653/&quot; title=&quot;Cho thuê nhà đất tại Quận Ba Đình giá từ 5 đến 10 triệu&quot;&gt;Giá từ: 5 - 10 Triệu&lt;/a&gt;&lt;/td&gt;&lt;/tr&gt;&lt;tr&gt;&lt;td&gt;&lt;a class=&quot;btnCheckButoon2&quot; href=&quot;/cho-thue-nha-dat-quan-ba-dinh-gia-tu-10-trieu-den-duoi-40-trieu-s479344/&quot; title=&quot;Cho thuê nhà đất giá từ 10 đến 40 triệu tại Quận Ba Đình&quot;&gt;Giá từ: 10 - 40 Triệu&lt;/a&gt;&lt;/td&gt;&lt;/tr&gt;&lt;tr&gt;&lt;td&gt;&lt;a class=&quot;btnCheckButoon2&quot; href=&quot;/cho-thue-nha-dat-tai-quan-ba-dinh-gia-tu-40-trieu-den-duoi-70-trieu-s1259940/&quot; title=&quot;Cho thuê nhà đất giá từ 40 đến 70 triệu tại Quận Ba Đình&quot;&gt;Giá từ: 40 - 70 Triệu&lt;/a&gt;&lt;/td&gt;&lt;/tr&gt;&lt;tr&gt;&lt;td&gt;&lt;a class=&quot;btnCheckButoon2&quot; href=&quot;/cho-thue-nha-dat-tai-quan-ba-dinh-gia-tu-70-trieu-den-duoi-100-trieu-s1293977/&quot; title=&quot;Cho thuê nhà đất giá từ 70 đến 100 triệu tại Quận Ba Đình&quot;&gt;Giá từ: 70 - 100 Triệu&lt;/a&gt;&lt;/td&gt;&lt;/tr&gt;&lt;/tbody&gt;&lt;/table&gt;&lt;/td&gt;&lt;/tr&gt;" SourceIndex="1105;0;1114" TextLen="437" order="7" xPath="/#document/html/body/form[10]/div[1]/div[0]/div[2]/div[1]/div[7]/div[0]/a[0]/img"/>
</LayoutNode>
</LayoutNode>
<LayoutNode BgColor="#ffffff" ContainImg="0" ContainP="2" ContainTable="false" DOMCldNum="1" DoC="5" FontSize="14" FontWeight="normal" FrameSourceIndex="0" ID="1-3" IsImg="false" LinkNum="53" LinkTextLen="798" ObjectRectHeight="1012" ObjectRectLeft="0" ObjectRectTop="1670" ObjectRectWidth="1420" SourceIndex="922" TextLen="1798" order="8">
<LayoutNode BgColor="#ffffff" ContainImg="0" ContainP="2" ContainTable="false" Content="Tôi chính chủ cần cho thuê nhà văn phòng hướng Đông Bắc tại số 62 đường đôi Yên Phụ. Nhà 8 tầng với một tầng hầm để xe. Vỉa hè rộng rãi. Là tuyến phố trung tâm, giao thông vô cùng thuận lợi (gần dốc Hòe Nhai). Phù hợp cho các công ty, doanh nghiệp chọn làm văn phòng giao dịch và làm việc. Diện tích hiện trống: 70m2 phòng 801, tầng 8. Giá 13 triệu/tháng Sàn được trang bị các thiết bị văn phòng: Điều hoà âm trần, ánh sáng đạt chuẩn, sàn gạch, rèm cửa... Tòa nhà có các tiện ích văn phòng đạt chuẩn: - Thang máy tốc độ cao. - Cơ sở viễn thông hiện đại và máy phát điện dự phòng công suất lớn. - Hệ thống PCCC tiêu chuẩn. - Điện nước ổn định. - View đẹp và thoáng với 12m mặt tiền. - Tầng hầm để xe. - Camera an ninh và bảo vệ 24/24. - Dịch vụ quản lý tòa nhà chuyên nghiệp. - Miễn phí làm việc ngoài giờ (kể cả ngày lễ và chủ nhật). Cam kết: - Thông tin và hình ảnh trung thực. - Làm việc với chủ nhà - Chủ nhà trực tiếp quản lý và cho thuê Gọi điện: 0986646169ChatQuan tâmĐã cólượt yêu cầu tư vấn Xem thêm : Nhà đất Quận Ba ĐìnhNhà mặt phố tại Yên Phụ , Quận Ba ĐìnhNhà mặt phố Quận Ba Đình " DOMCldNum="1" DoC="5" FontSize="14" FontWeight="normal" FrameSourceIndex="0" ID="1-3-1" IsImg="false" LinkNum="6" LinkTextLen="115" ObjectRectHeight="1012" ObjectRectLeft="0" ObjectRectTop="1670" ObjectRectWidth="927" SRC="&lt;p xmlns=&quot;http://www.w3.org/1999/xhtml&quot;&gt;Tôi chính chủ cần cho thuê nhà văn phòng hướng Đông Bắc tại số 62 đường đôi Yên Phụ.&lt;br/&gt;Nhà 8 tầng với một tầng hầm để xe. Vỉa hè rộng rãi. Là tuyến phố trung tâm, giao thông vô cùng thuận lợi (gần dốc Hòe Nhai). Phù hợp cho các công ty, doanh nghiệp chọn làm văn phòng giao dịch và làm việc.&lt;br/&gt;Diện tích hiện trống: 70m2 phòng 801, tầng 8. Giá 13 triệu/tháng&lt;br/&gt;Sàn được trang bị các thiết bị văn phòng: Điều hoà âm trần, ánh sáng đạt chuẩn, sàn gạch, rèm cửa...&lt;br/&gt;Tòa nhà có các tiện ích văn phòng đạt chuẩn:&lt;br/&gt;- Thang máy tốc độ cao.&lt;br/&gt;- Cơ sở viễn thông hiện đại và máy phát điện dự phòng công suất lớn.&lt;br/&gt;- Hệ thống PCCC tiêu chuẩn.&lt;br/&gt;- Điện nước ổn định.&lt;br/&gt;- View đẹp và thoáng với 12m mặt tiền.&lt;br/&gt;- Tầng hầm để xe.&lt;br/&gt;- Camera an ninh và bảo vệ 24/24.&lt;br/&gt;- Dịch vụ quản lý tòa nhà chuyên nghiệp.&lt;br/&gt;- Miễn phí làm việc ngoài giờ (kể cả ngày lễ và chủ nhật).&lt;br/&gt;Cam kết:&lt;br/&gt;- Thông tin và hình ảnh trung thực.&lt;br/&gt;- Làm việc với chủ nhà&lt;br/&gt;- Chủ  nhà trực tiếp quản lý và cho thuê&lt;br/&gt;&lt;/p&gt;&lt;div xmlns=&quot;http://www.w3.org/1999/xhtml&quot; class=&quot;dv-pt-item&quot;&gt;&lt;div class=&quot;panelActionContent&quot;&gt;&lt;a class=&quot;call&quot;&gt;&lt;i class=&quot;fa fa-phone&quot;/&gt;Gọi điện: 0986646169&lt;/a&gt;&lt;a class=&quot;chat&quot; data-original-title=&quot;Chat để hỏi về bất động sản này&quot; data-placement=&quot;bottom&quot; data-toggle=&quot;tooltip&quot;&gt;&lt;i class=&quot;fa fa-comments-o&quot;/&gt;Chat&lt;/a&gt;&lt;a class=&quot;quantam&quot; data-original-title=&quot;Bạn quan tâm đến bất động sản này và bạn muốn chủ tin đăng gọi điện tư vấn cho bạn!&quot; data-placement=&quot;bottom&quot; data-toggle=&quot;tooltip&quot;&gt;&lt;i class=&quot;fa fa-thumbs-up&quot;/&gt;Quan tâm&lt;/a&gt;&lt;div class=&quot;thongbaostatus&quot;&gt;Đã có&lt;span/&gt;lượt yêu cầu tư vấn&lt;/div&gt;&lt;/div&gt;&lt;/div&gt;&lt;p xmlns=&quot;http://www.w3.org/1999/xhtml&quot; class=&quot;ptag&quot;&gt;Xem thêm :&lt;a href=&quot;/nha-dat-cho-thue-quan-ba-dinh-ha-noi&quot; title=&quot;Cho thuê nhà đất tại Quận Ba Đình&quot;&gt;Nhà đất Quận Ba Đình&lt;/a&gt;&lt;a href=&quot;/cho-thue-nha-mat-pho-yen-phu-quan-ba-dinh-s776777/&quot; title=&quot;Cho thuê Nhà mặt phố tại Yên Phụ , Quận Ba Đình&quot;&gt;Nhà mặt phố tại Yên Phụ , Quận Ba Đình&lt;/a&gt;&lt;a href=&quot;/cho-thue-nha-mat-pho-quan-ba-dinh-ha-noi&quot; title=&quot;Cho thuê Nhà mặt phố tại Quận Ba Đình&quot;&gt;Nhà mặt phố Quận Ba Đình&lt;/a&gt;&lt;/p&gt;" SourceIndex="923;961;976" TextLen="1048" order="9" xPath="/#document/html/body/form[10]/div[1]/div[0]/div[2]/div[0]/div[0]"/>
<LayoutNode BgColor="#ffffff" ContainImg="0" ContainP="0" ContainTable="false" DOMCldNum="2" DoC="5" FontSize="14" FontWeight="normal" FrameSourceIndex="0" ID="1-3-2" IsImg="false" LinkNum="47" LinkTextLen="683" ObjectRectHeight="1012" ObjectRectLeft="947" ObjectRectTop="1670" ObjectRectWidth="473" SourceIndex="1218" TextLen="750" order="10">
<LayoutNode BgColor="#ffffff" ContainImg="0" ContainP="0" ContainTable="false" Content="Nhà đất tại theo quận huyện Quận Ba ĐìnhQuận Bắc Từ LiêmQuận Cầu GiấyQuận Đống ĐaQuận Hà ĐôngQuận Hai Bà TrưngQuận Hoàn KiếmQuận Hoàng MaiQuận Long BiênQuận Nam Từ LiêmQuận Tây HồQuận Thanh XuânHuyện Ba VìHuyện Chương MỹHuyện Đan PhượngHuyện Đông AnhHuyện Gia LâmHuyện Hoài ĐứcHuyện Mê LinhHuyện Mỹ ĐứcHuyện Phú XuyênHuyện Phúc ThọHuyện Quốc OaiHuyện Sóc SơnHuyện Thạch ThấtHuyện Thanh OaiHuyện Thanh TrìHuyện Thường TínHuyện Ứng HòaThị Xã Sơn Tây " DOMCldNum="2" DoC="7" FontSize="14" FontWeight="normal" FrameSourceIndex="0" ID="1-3-2-1" IsImg="false" LinkNum="30" LinkTextLen="419" ObjectRectHeight="531" ObjectRectLeft="947" ObjectRectTop="1670" ObjectRectWidth="473" SRC="NHÀ ĐẤT TẠI THEO QUẬN HUYỆN&lt;div xmlns=&quot;http://www.w3.org/1999/xhtml&quot; class=&quot;scroll450&quot; id=&quot;tblViewQuan&quot;&gt;&lt;div class=&quot;rows&quot;&gt;&lt;a class=&quot;btnCheckButoon2&quot; href=&quot;/cho-thue-nha-mat-pho-quan-ba-dinh-ha-noi&quot; title=&quot;Cho thuê Nhà mặt phố tại Quận Ba Đình&quot;&gt;Quận Ba Đình&lt;/a&gt;&lt;/div&gt;&lt;div class=&quot;rows&quot;&gt;&lt;a class=&quot;btnCheckButoon2&quot; href=&quot;/cho-thue-nha-mat-pho-quan-bac-tu-liem-ha-noi&quot; title=&quot;Cho thuê Nhà mặt phố tại Quận Bắc Từ Liêm&quot;&gt;Quận Bắc Từ Liêm&lt;/a&gt;&lt;/div&gt;&lt;div class=&quot;rows&quot;&gt;&lt;a class=&quot;btnCheckButoon2&quot; href=&quot;/cho-thue-nha-mat-pho-quan-cau-giay-ha-noi&quot; title=&quot;Cho thuê Nhà mặt phố tại Quận Cầu Giấy&quot;&gt;Quận Cầu Giấy&lt;/a&gt;&lt;/div&gt;&lt;div class=&quot;rows&quot;&gt;&lt;a class=&quot;btnCheckButoon2&quot; href=&quot;/cho-thue-nha-mat-pho-quan-dong-da-ha-noi&quot; title=&quot;Cho thuê Nhà mặt phố tại Quận Đống Đa&quot;&gt;Quận Đống Đa&lt;/a&gt;&lt;/div&gt;&lt;div class=&quot;rows&quot;&gt;&lt;a class=&quot;btnCheckButoon2&quot; href=&quot;/cho-thue-nha-mat-pho-quan-ha-dong-ha-noi&quot; title=&quot;Cho thuê Nhà mặt phố tại Quận Hà Đông&quot;&gt;Quận Hà Đông&lt;/a&gt;&lt;/div&gt;&lt;div class=&quot;rows&quot;&gt;&lt;a class=&quot;btnCheckButoon2&quot; href=&quot;/cho-thue-nha-mat-pho-quan-hai-ba-trung-ha-noi&quot; title=&quot;Cho thuê Nhà mặt phố tại Quận Hai Bà Trưng&quot;&gt;Quận Hai Bà Trưng&lt;/a&gt;&lt;/div&gt;&lt;div class=&quot;rows&quot;&gt;&lt;a class=&quot;btnCheckButoon2&quot; href=&quot;/cho-thue-nha-mat-pho-quan-hoan-kiem-ha-noi&quot; title=&quot;Cho thuê Nhà mặt phố tại Quận Hoàn Kiếm&quot;&gt;Quận Hoàn Kiếm&lt;/a&gt;&lt;/div&gt;&lt;div class=&quot;rows&quot;&gt;&lt;a class=&quot;btnCheckButoon2&quot; href=&quot;/cho-thue-nha-mat-pho-quan-hoang-mai-ha-noi&quot; title=&quot;Cho thuê Nhà mặt phố tại Quận Hoàng Mai&quot;&gt;Quận Hoàng Mai&lt;/a&gt;&lt;/div&gt;&lt;div class=&quot;rows&quot;&gt;&lt;a class=&quot;btnCheckButoon2&quot; href=&quot;/cho-thue-nha-mat-pho-quan-long-bien-ha-noi&quot; title=&quot;Cho thuê Nhà mặt phố tại Quận Long Biên&quot;&gt;Quận Long Biên&lt;/a&gt;&lt;/div&gt;&lt;div class=&quot;rows&quot;&gt;&lt;a class=&quot;btnCheckButoon2&quot; href=&quot;/cho-thue-nha-mat-pho-quan-nam-tu-liem-ha-noi&quot; title=&quot;Cho thuê Nhà mặt phố tại Quận Nam Từ Liêm&quot;&gt;Quận Nam Từ Liêm&lt;/a&gt;&lt;/div&gt;&lt;div class=&quot;rows&quot;&gt;&lt;a class=&quot;btnCheckButoon2&quot; href=&quot;/cho-thue-nha-mat-pho-quan-tay-ho-ha-noi&quot; title=&quot;Cho thuê Nhà mặt phố tại Quận Tây Hồ&quot;&gt;Quận Tây Hồ&lt;/a&gt;&lt;/div&gt;&lt;div class=&quot;rows&quot;&gt;&lt;a class=&quot;btnCheckButoon2&quot; href=&quot;/cho-thue-nha-mat-pho-quan-thanh-xuan-ha-noi&quot; title=&quot;Cho thuê Nhà mặt phố tại Quận Thanh Xuân&quot;&gt;Quận Thanh Xuân&lt;/a&gt;&lt;/div&gt;&lt;div class=&quot;rows&quot;&gt;&lt;a class=&quot;btnCheckButoon2&quot; href=&quot;/cho-thue-nha-mat-pho-huyen-ba-vi-ha-noi&quot; title=&quot;Cho thuê Nhà mặt phố tại Huyện Ba Vì&quot;&gt;Huyện Ba Vì&lt;/a&gt;&lt;/div&gt;&lt;div class=&quot;rows&quot;&gt;&lt;a class=&quot;btnCheckButoon2&quot; href=&quot;/cho-thue-nha-mat-pho-huyen-chuong-my-ha-noi&quot; title=&quot;Cho thuê Nhà mặt phố tại Huyện Chương Mỹ&quot;&gt;Huyện Chương Mỹ&lt;/a&gt;&lt;/div&gt;&lt;div class=&quot;rows&quot;&gt;&lt;a class=&quot;btnCheckButoon2&quot; href=&quot;/cho-thue-nha-mat-pho-huyen-dan-phuong-ha-noi&quot; title=&quot;Cho thuê Nhà mặt phố tại Huyện Đan Phượng&quot;&gt;Huyện Đan Phượng&lt;/a&gt;&lt;/div&gt;&lt;div class=&quot;rows&quot;&gt;&lt;a class=&quot;btnCheckButoon2&quot; href=&quot;/cho-thue-nha-mat-pho-huyen-dong-anh-ha-noi&quot; title=&quot;Cho thuê Nhà mặt phố tại Huyện Đông Anh&quot;&gt;Huyện Đông Anh&lt;/a&gt;&lt;/div&gt;&lt;div class=&quot;rows&quot;&gt;&lt;a class=&quot;btnCheckButoon2&quot; href=&quot;/cho-thue-nha-mat-pho-huyen-gia-lam-ha-noi&quot; title=&quot;Cho thuê Nhà mặt phố tại Huyện Gia Lâm&quot;&gt;Huyện Gia Lâm&lt;/a&gt;&lt;/div&gt;&lt;div class=&quot;rows&quot;&gt;&lt;a class=&quot;btnCheckButoon2&quot; href=&quot;/cho-thue-nha-mat-pho-huyen-hoai-duc-ha-noi&quot; title=&quot;Cho thuê Nhà mặt phố tại Huyện Hoài Đức&quot;&gt;Huyện Hoài Đức&lt;/a&gt;&lt;/div&gt;&lt;div class=&quot;rows&quot;&gt;&lt;a class=&quot;btnCheckButoon2&quot; href=&quot;/cho-thue-nha-mat-pho-huyen-me-linh-ha-noi&quot; title=&quot;Cho thuê Nhà mặt phố tại Huyện Mê Linh&quot;&gt;Huyện Mê Linh&lt;/a&gt;&lt;/div&gt;&lt;div class=&quot;rows&quot;&gt;&lt;a class=&quot;btnCheckButoon2&quot; href=&quot;/cho-thue-nha-mat-pho-huyen-my-duc-ha-noi&quot; title=&quot;Cho thuê Nhà mặt phố tại Huyện Mỹ Đức&quot;&gt;Huyện Mỹ Đức&lt;/a&gt;&lt;/div&gt;&lt;div class=&quot;rows&quot;&gt;&lt;a class=&quot;btnCheckButoon2&quot; href=&quot;/cho-thue-nha-mat-pho-huyen-phu-xuyen-ha-noi&quot; title=&quot;Cho thuê Nhà mặt phố tại Huyện Phú Xuyên&quot;&gt;Huyện Phú Xuyên&lt;/a&gt;&lt;/div&gt;&lt;div class=&quot;rows&quot;&gt;&lt;a class=&quot;btnCheckButoon2&quot; href=&quot;/cho-thue-nha-mat-pho-huyen-phuc-tho-ha-noi&quot; title=&quot;Cho thuê Nhà mặt phố tại Huyện Phúc Thọ&quot;&gt;Huyện Phúc Thọ&lt;/a&gt;&lt;/div&gt;&lt;div class=&quot;rows&quot;&gt;&lt;a class=&quot;btnCheckButoon2&quot; href=&quot;/cho-thue-nha-mat-pho-huyen-quoc-oai-ha-noi&quot; title=&quot;Cho thuê Nhà mặt phố tại Huyện Quốc Oai&quot;&gt;Huyện Quốc Oai&lt;/a&gt;&lt;/div&gt;&lt;div class=&quot;rows&quot;&gt;&lt;a class=&quot;btnCheckButoon2&quot; href=&quot;/cho-thue-nha-mat-pho-huyen-soc-son-ha-noi&quot; title=&quot;Cho thuê Nhà mặt phố tại Huyện Sóc Sơn&quot;&gt;Huyện Sóc Sơn&lt;/a&gt;&lt;/div&gt;&lt;div class=&quot;rows&quot;&gt;&lt;a class=&quot;btnCheckButoon2&quot; href=&quot;/cho-thue-nha-mat-pho-huyen-thach-that-ha-noi&quot; title=&quot;Cho thuê Nhà mặt phố tại Huyện Thạch Thất&quot;&gt;Huyện Thạch Thất&lt;/a&gt;&lt;/div&gt;&lt;div class=&quot;rows&quot;&gt;&lt;a class=&quot;btnCheckButoon2&quot; href=&quot;/cho-thue-nha-mat-pho-huyen-thanh-oai-ha-noi&quot; title=&quot;Cho thuê Nhà mặt phố tại Huyện Thanh Oai&quot;&gt;Huyện Thanh Oai&lt;/a&gt;&lt;/div&gt;&lt;div class=&quot;rows&quot;&gt;&lt;a class=&quot;btnCheckButoon2&quot; href=&quot;/cho-thue-nha-mat-pho-huyen-thanh-tri-ha-noi&quot; title=&quot;Cho thuê Nhà mặt phố tại Huyện Thanh Trì&quot;&gt;Huyện Thanh Trì&lt;/a&gt;&lt;/div&gt;&lt;div class=&quot;rows&quot;&gt;&lt;a class=&quot;btnCheckButoon2&quot; href=&quot;/cho-thue-nha-mat-pho-huyen-thuong-tin-ha-noi&quot; title=&quot;Cho thuê Nhà mặt phố tại Huyện Thường Tín&quot;&gt;Huyện Thường Tín&lt;/a&gt;&lt;/div&gt;&lt;div class=&quot;rows&quot;&gt;&lt;a class=&quot;btnCheckButoon2&quot; href=&quot;/cho-thue-nha-mat-pho-huyen-ung-hoa-ha-noi&quot; title=&quot;Cho thuê Nhà mặt phố tại Huyện Ứng Hòa&quot;&gt;Huyện Ứng Hòa&lt;/a&gt;&lt;/div&gt;&lt;div class=&quot;rows&quot;&gt;&lt;a class=&quot;btnCheckButoon2&quot; href=&quot;/cho-thue-nha-mat-pho-thi-xa-son-tay-ha-noi&quot; title=&quot;Cho thuê Nhà mặt phố tại Thị Xã Sơn Tây&quot;&gt;Thị Xã Sơn Tây&lt;/a&gt;&lt;/div&gt;&lt;/div&gt;" SourceIndex="0;1222" TextLen="446" order="11" xPath="/#document/html/body/form[10]/div[1]/div[0]/div[2]/div[1]/div[9]/div[0]/div[0]/div[0]/h2[0]/#text"/>
<LayoutNode BgColor="#ffffff" ContainImg="0" ContainP="0" ContainTable="false" Content="Nhà đất Quận Ba Đình. Nhà đất Quận Ba ĐìnhCăn hộ chung cưShopHouseNhà biệt thự, Liền kềNhà mặt phốĐất nền dự ánĐất thổ cưCondotelOfficetelNhà trong ngõPhòng trọ, nhà trọĐất dịch vụ, đền bùĐất trang trạiKhách sạn, Nhà hàng, ResortMặt bằng, Nhà Xưởng, Kho bãiVăn phòng, TTTM, Cửa hàng, Kiot " DOMCldNum="2" DoC="7" FontSize="14" FontWeight="normal" FrameSourceIndex="0" ID="1-3-2-2" IsImg="false" LinkNum="16" LinkTextLen="263" ObjectRectHeight="341" ObjectRectLeft="947" ObjectRectTop="2221" ObjectRectWidth="473" SRC="NHÀ ĐẤT QUẬN BA ĐÌNH.&lt;div xmlns=&quot;http://www.w3.org/1999/xhtml&quot; class=&quot;scroll450&quot;&gt;&lt;div class=&quot;rows&quot;&gt;&lt;a class=&quot;btnCheckButoon2&quot; href=&quot;/nha-dat-cho-thue-quan-ba-dinh-ha-noi&quot; title=&quot;Cho thuê Nhà đất Quận Ba Đình tại Quận Ba Đình&quot;&gt;Nhà đất Quận Ba Đình&lt;/a&gt;&lt;/div&gt;&lt;div class=&quot;rows&quot;&gt;&lt;a class=&quot;btnCheckButoon2&quot; href=&quot;/cho-thue-can-ho-chung-cu-quan-ba-dinh-ha-noi&quot; title=&quot;Cho thuê Căn hộ chung cư tại Quận Ba Đình&quot;&gt;Căn hộ chung cư&lt;/a&gt;&lt;/div&gt;&lt;div class=&quot;rows&quot;&gt;&lt;a class=&quot;btnCheckButoon2&quot; href=&quot;/cho-thue-shophouse-quan-ba-dinh-ha-noi&quot; title=&quot;Cho thuê ShopHouse tại Quận Ba Đình&quot;&gt;ShopHouse&lt;/a&gt;&lt;/div&gt;&lt;div class=&quot;rows&quot;&gt;&lt;a class=&quot;btnCheckButoon2&quot; href=&quot;/cho-thue-nha-biet-thu-lien-ke-quan-ba-dinh-ha-noi&quot; title=&quot;Cho thuê Nhà biệt thự, Liền kề tại Quận Ba Đình&quot;&gt;Nhà biệt thự, Liền kề&lt;/a&gt;&lt;/div&gt;&lt;div class=&quot;rows&quot;&gt;&lt;a class=&quot;btnCheckButoon2&quot; href=&quot;/cho-thue-nha-mat-pho-quan-ba-dinh-ha-noi&quot; title=&quot;Cho thuê Nhà mặt phố tại Quận Ba Đình&quot;&gt;Nhà mặt phố&lt;/a&gt;&lt;/div&gt;&lt;div class=&quot;rows&quot;&gt;&lt;a class=&quot;btnCheckButoon2&quot; href=&quot;/cho-thue-dat-nen-du-an-quan-ba-dinh-s321956/&quot; title=&quot;Cho thuê Đất nền dự án tại Quận Ba Đình&quot;&gt;Đất nền dự án&lt;/a&gt;&lt;/div&gt;&lt;div class=&quot;rows&quot;&gt;&lt;a class=&quot;btnCheckButoon2&quot; href=&quot;/cho-thue-dat-tho-cu-quan-ba-dinh-ha-noi&quot; title=&quot;Cho thuê Đất thổ cư tại Quận Ba Đình&quot;&gt;Đất thổ cư&lt;/a&gt;&lt;/div&gt;&lt;div class=&quot;rows&quot;&gt;&lt;a class=&quot;btnCheckButoon2&quot; href=&quot;/cho-thue-condotel-quan-ba-dinh-ha-noi&quot; title=&quot;Cho thuê Condotel tại Quận Ba Đình&quot;&gt;Condotel&lt;/a&gt;&lt;/div&gt;&lt;div class=&quot;rows&quot;&gt;&lt;a class=&quot;btnCheckButoon2&quot; href=&quot;/cho-thue-officetel-quan-ba-dinh-ha-noi&quot; title=&quot;Cho thuê Officetel tại Quận Ba Đình&quot;&gt;Officetel&lt;/a&gt;&lt;/div&gt;&lt;div class=&quot;rows&quot;&gt;&lt;a class=&quot;btnCheckButoon2&quot; href=&quot;/cho-thue-nha-trong-ngo-quan-ba-dinh-ha-noi&quot; title=&quot;Cho thuê Nhà trong ngõ tại Quận Ba Đình&quot;&gt;Nhà trong ngõ&lt;/a&gt;&lt;/div&gt;&lt;div class=&quot;rows&quot;&gt;&lt;a class=&quot;btnCheckButoon2&quot; href=&quot;/cho-thue-phong-tro-nha-tro-quan-ba-dinh-ha-noi&quot; title=&quot;Cho thuê Phòng trọ, nhà trọ tại Quận Ba Đình&quot;&gt;Phòng trọ, nhà trọ&lt;/a&gt;&lt;/div&gt;&lt;div class=&quot;rows&quot;&gt;&lt;a class=&quot;btnCheckButoon2&quot; href=&quot;/cho-thue-dat-dich-vu-den-bu-quan-ba-dinh-s438636/&quot; title=&quot;Cho thuê Đất dịch vụ, đền bù tại Quận Ba Đình&quot;&gt;Đất dịch vụ, đền bù&lt;/a&gt;&lt;/div&gt;&lt;div class=&quot;rows&quot;&gt;&lt;a class=&quot;btnCheckButoon2&quot; href=&quot;/cho-thue-dat-trang-trai-quan-ba-dinh-ha-noi&quot; title=&quot;Cho thuê Đất trang trại tại Quận Ba Đình&quot;&gt;Đất trang trại&lt;/a&gt;&lt;/div&gt;&lt;div class=&quot;rows&quot;&gt;&lt;a class=&quot;btnCheckButoon2&quot; href=&quot;/cho-thue-khach-san-nha-hang-khu-nghi-duong-quan-ba-dinh-ha-noi&quot; title=&quot;Cho thuê Khách sạn, Nhà hàng, Resort tại Quận Ba Đình&quot;&gt;Khách sạn, Nhà hàng, Resort&lt;/a&gt;&lt;/div&gt;&lt;div class=&quot;rows&quot;&gt;&lt;a class=&quot;btnCheckButoon2&quot; href=&quot;/cho-thue-mat-bang-kho-nha-xuong-quan-ba-dinh-ha-noi&quot; title=&quot;Cho thuê Mặt bằng, Nhà Xưởng, Kho bãi tại Quận Ba Đình&quot;&gt;Mặt bằng, Nhà Xưởng, Kho bãi&lt;/a&gt;&lt;/div&gt;&lt;div class=&quot;rows&quot;&gt;&lt;a class=&quot;btnCheckButoon2&quot; href=&quot;/cho-thue-van-phong-quan-ba-dinh-ha-noi&quot; title=&quot;Cho thuê Văn phòng, TTTM, Cửa hàng, Kiot tại Quận Ba Đình&quot;&gt;Văn phòng, TTTM, Cửa hàng, Kiot&lt;/a&gt;&lt;/div&gt;&lt;/div&gt;" SourceIndex="0;1317" TextLen="284" order="12" xPath="/#document/html/body/form[10]/div[1]/div[0]/div[2]/div[1]/div[10]/div[0]/div[0]/h2[0]/#text"/>
<LayoutNode BgColor="#ffffff" ContainImg="0" ContainP="0" ContainTable="false" Content=" " DOMCldNum="12" DoC="5" FontSize="14" FontWeight="normal" FrameSourceIndex="0" ID="1-3-2-3" IsImg="false" LinkNum="1" LinkTextLen="1" ObjectRectHeight="100" ObjectRectLeft="947" ObjectRectTop="2582" ObjectRectWidth="473" SRC="&lt;div xmlns=&quot;http://www.w3.org/1999/xhtml&quot; class=&quot;dv-boxsearch-r&quot;&gt;&lt;div class=&quot;dv-pt-item-caption&quot;&gt;&lt;h3&gt;Đã xem, đã tìm kiếm&lt;/h3&gt;&lt;a class=&quot;a-linkbtl-l&quot; id=&quot;btnClearAllHistorySearch&quot;&gt;&lt;i class=&quot;fa fa-times&quot;/&gt;&lt;/a&gt;&lt;/div&gt;&lt;div id=&quot;divListLichsutruycap&quot;/&gt;&lt;/div&gt;" SourceIndex="1366" TextLen="20" order="13" xPath="/#document/html/body/form[10]/div[1]/div[0]/div[2]/div[1]/div[11]/div[1]/div"/>
</LayoutNode>
</LayoutNode>
<LayoutNode BgColor="#0774b9" ContainImg="0" ContainP="0" ContainTable="false" Content="Trang Chủ| Quy Chế Website| Bảng Giá Tin VIP| Bảng Giá Banner| Tài khoản nạp Gold24h| Hướng Dẫn| Liên Hệ| Hỗ trợ trực tuyến " DOMCldNum="7" DoC="5" FontSize="14" FontWeight="normal" FrameSourceIndex="0" ID="1-4" IsImg="false" LinkNum="8" LinkTextLen="109" ObjectRectHeight="40" ObjectRectLeft="0" ObjectRectTop="2765" ObjectRectWidth="1420" SRC="&lt;div xmlns=&quot;http://www.w3.org/1999/xhtml&quot; class=&quot;ft-top&quot;&gt;                    &lt;div class=&quot;ft-in-top&quot;&gt;                        &lt;ul&gt;                            &lt;li&gt;&lt;a href=&quot;https://nhadat24h.net&quot; title=&quot;Trang chủ&quot;&gt;Trang Chủ&lt;/a&gt;|&lt;/li&gt;                            &lt;li&gt;&lt;a href=&quot;/quyche&quot; rel=&quot;nofollow&quot; title=&quot;Quy chế Website&quot;&gt;Quy Chế Website&lt;/a&gt;|&lt;/li&gt;                            &lt;li&gt;&lt;a href=&quot;/baogiavip&quot; rel=&quot;nofollow&quot; title=&quot;Bảng giá đăng tin VIP&quot;&gt;Bảng Giá Tin VIP&lt;/a&gt;|&lt;/li&gt;                            &lt;li&gt;&lt;a href=&quot;/baogiabanner&quot; rel=&quot;nofollow&quot; title=&quot;Bảng giá Banner&quot;&gt;Bảng Giá Banner&lt;/a&gt;|&lt;/li&gt;                            &lt;li&gt;&lt;a href=&quot;/CNT#xemsotk&quot; rel=&quot;nofollow&quot; title=&quot;Số tài khoản nạp Gold24h&quot;&gt;Tài khoản nạp Gold24h&lt;/a&gt;|&lt;/li&gt;                            &lt;li&gt;&lt;a href=&quot;/Help-0&quot; rel=&quot;nofollow&quot; title=&quot;Hướng đẫn&quot;&gt;Hướng Dẫn&lt;/a&gt;|&lt;/li&gt;                            &lt;li&gt;&lt;a href=&quot;/GLH&quot; rel=&quot;nofollow&quot; title=&quot;Liên hệ&quot;&gt;Liên Hệ&lt;/a&gt;|&lt;/li&gt;                            &lt;li&gt;&lt;a onclick=&quot;binTopicChat('259053')&quot; title=&quot;Chat trực tuyến hỗ trợ đăng tin và quảng cáo&quot;&gt;Hỗ trợ trực tuyến&lt;/a&gt; &lt;/li&gt;                        &lt;/ul&gt;                    &lt;/div&gt;                &lt;/div&gt;" SourceIndex="1390" TextLen="116" order="14" xPath="/#document/html/body/form[10]/div[4]/div[0]/div[0]/div[0]/ul[7]/li[0]/a[0]/#text"/>
<LayoutNode BgColor="#ffffff" ContainImg="1" ContainP="1" ContainTable="false" Content="NHADAT24H.NET - MUA BÁN NHÀ ĐẤT CÔNG TY CP TẬP ĐOÀN CÔNG NGHỆ REALTECH Trụ sở chính : Ô TM 305 Toà nhà HPC Landmark, Tố Hữu, La khê, Hà Đông, Hà Nội. Hotline: 0987.281.636 - 0982.180.807  " DOMCldNum="17" DoC="8" FontSize="18" FontWeight="normal" FrameSourceIndex="0" ID="1-5" IsImg="false" LinkNum="1" LinkTextLen="0" ObjectRectHeight="84" ObjectRectLeft="0" ObjectRectTop="2823" ObjectRectWidth="1420" SRC="&lt;span xmlns=&quot;http://www.w3.org/1999/xhtml&quot;&gt;NHADAT24H.NET - MUA BÁN NHÀ ĐẤT&lt;/span&gt;&lt;label xmlns=&quot;http://www.w3.org/1999/xhtml&quot;&gt;                                CÔNG TY CP TẬP ĐOÀN CÔNG NGHỆ REALTECH                            &lt;/label&gt;&lt;label xmlns=&quot;http://www.w3.org/1999/xhtml&quot;&gt;                                Trụ sở chính : Ô TM 305 Toà nhà HPC Landmark, Tố Hữu, La khê, Hà Đông, Hà Nội.&lt;/label&gt;&lt;label xmlns=&quot;http://www.w3.org/1999/xhtml&quot;&gt;                                Hotline: 0987.281.636 - 0982.180.807                            &lt;/label&gt;&lt;p xmlns=&quot;http://www.w3.org/1999/xhtml&quot; class=&quot;p-ft-r&quot;&gt;                            &lt;a href=&quot;http://online.gov.vn/WebsiteDisplay.aspx?DocId=54740&quot; rel=&quot;nofollow&quot; target=&quot;_blank&quot; title=&quot;Đã đăng ký bộ công thương&quot;&gt;                                &lt;img alt=&quot;Bộ công thương&quot; src=&quot;/images/2014/bocongthuong.png&quot; title=&quot;Bộ công thương&quot;/&gt;&lt;/a&gt;                        &lt;/p&gt;" SourceIndex="1445;1448;1451;1454;1469" TextLen="183" order="15" xPath="/#document/html/body/form[10]/div[4]/div[1]/div[0]/div[0]/p[0]/span[0]/#text"/>
<LayoutNode BgColor="#ffffff" ContainImg="0" ContainP="0" ContainTable="false" Content="Phone: (024)39961636 - Fax: 04.62661512 " DOMCldNum="17" DoC="10" FontSize="12" FontWeight="normal" FrameSourceIndex="0" ID="1-6" IsImg="false" LinkNum="0" LinkTextLen="0" ObjectRectHeight="17" ObjectRectLeft="0" ObjectRectTop="2912" ObjectRectWidth="1420" SRC="&lt;label xmlns=&quot;http://www.w3.org/1999/xhtml&quot;&gt;                                Phone: (024)39961636 - Fax: 04.62661512                            &lt;/label&gt;" SourceIndex="1457" TextLen="39" order="16" xPath="/#document/html/body/form[10]/div[4]/div[1]/div[0]/div[0]/p[4]/label[0]/#text"/>
<LayoutNode BgColor="#ffffff" ContainImg="0" ContainP="0" ContainTable="false" Content="Email: ceo@nhadat24h.net " DOMCldNum="17" DoC="10" FontSize="12" FontWeight="normal" FrameSourceIndex="0" ID="1-7" IsImg="false" LinkNum="0" LinkTextLen="0" ObjectRectHeight="17" ObjectRectLeft="0" ObjectRectTop="2934" ObjectRectWidth="1420" SRC="&lt;label xmlns=&quot;http://www.w3.org/1999/xhtml&quot;&gt;                                Email: ceo@nhadat24h.net                            &lt;/label&gt;" SourceIndex="1460" TextLen="24" order="17" xPath="/#document/html/body/form[10]/div[4]/div[1]/div[0]/div[0]/p[5]/label[0]/#text"/>
<LayoutNode BgColor="#ffffff" ContainImg="0" ContainP="1" ContainTable="false" Content="© Copyright 2019 Realtech Inc. All Rights Reserved SÀN GIAO DỊCH THƯƠNG MẠI ĐIỆN TỬ NHADAT24H.NET, MST: 0108563110 " DOMCldNum="17" DoC="5" FontSize="12" FontWeight="normal" FrameSourceIndex="0" ID="1-8" IsImg="false" LinkNum="0" LinkTextLen="0" ObjectRectHeight="87" ObjectRectLeft="0" ObjectRectTop="2956" ObjectRectWidth="1420" SRC="&lt;label xmlns=&quot;http://www.w3.org/1999/xhtml&quot;&gt;© Copyright 2019 Realtech Inc. All Rights Reserved&lt;/label&gt;&lt;div xmlns=&quot;http://www.w3.org/1999/xhtml&quot; class=&quot;ft-dow&quot;&gt;                    &lt;div class=&quot;ft-in-dow&quot;&gt;                        &lt;p class=&quot;p-dow-l&quot;&gt;                            SÀN GIAO DỊCH THƯƠNG MẠI ĐIỆN TỬ NHADAT24H.NET, MST: 0108563110                        &lt;/p&gt;                    &lt;/div&gt;                &lt;/div&gt;" SourceIndex="1463;1478" TextLen="113" order="18" xPath="/#document/html/body/form[10]/div[4]/div[1]/div[0]/div[0]/p[6]/label[0]/#text"/>
</LayoutNode>
</VIPSPage>
