<VIPSPage PageRectHeight="980" PageRectLeft="0" PageRectTop="0" PageRectWidth="1420" PageTitle="Nhà, Đất Thủ Dầu Một 2 Mặt Tiền Chính Chủ - Mã tin 4292695" Url="http://123nhadat.vn/raovat-t4292695/ban-nha-rieng-tai-duong-vo-van-kiet/dat-thu-dau-mot-2-mat-tien-chinh-chu.html" WindowHeight="980" WindowWidth="1420" neworder="0" order="0">
<LayoutNode BgColor="#ffffff" ContainImg="15" ContainP="1" ContainTable="false" DOMCldNum="15" DoC="1" FontSize="13" FontWeight="normal" FrameSourceIndex="0" ID="1" IsImg="false" LinkNum="127" LinkTextLen="2501" ObjectRectHeight="6604" ObjectRectLeft="0" ObjectRectTop="0" ObjectRectWidth="1420" SourceIndex="204" TextLen="8290" order="1">
<LayoutNode BgColor="#ffffff" ContainImg="1" ContainP="0" ContainTable="false" Content=" " DOMCldNum="15" DoC="8" FontSize="13" FontWeight="normal" FrameSourceIndex="0" ID="1-1" IsImg="false" LinkNum="1" LinkTextLen="0" ObjectRectHeight="102" ObjectRectLeft="0" ObjectRectTop="0" ObjectRectWidth="1420" SRC="&lt;div xmlns=&quot;http://www.w3.org/1999/xhtml&quot; class=&quot;logo_banner&quot;&gt;            &lt;div class=&quot;logo&quot;&gt;                &lt;a href=&quot;http://123nhadat.vn/&quot;&gt;&lt;img alt=&quot;&quot; src=&quot;http://123nhadat.vn/uploads/logo_web.png&quot;/&gt;&lt;/a&gt;            &lt;/div&gt;            &lt;div class=&quot;banner&quot; id=&quot;top-banner1&quot;&gt;                &lt;!-- Banner_vertical --&gt;&lt;ins class=&quot;adsbygoogle&quot; data-ad-client=&quot;ca-pub-7688425822787883&quot; data-ad-format=&quot;auto&quot; data-ad-slot=&quot;6087119449&quot; data-full-width-responsive=&quot;true&quot; style=&quot;display:block&quot;/&gt;&lt;script&gt;     (adsbygoogle = window.adsbygoogle || []).push({});&lt;/script&gt;            &lt;/div&gt;        &lt;/div&gt;" SourceIndex="206" TextLen="0" order="2" xPath="/#document/html/body/div[1]/div[0]/div[1]/div[1]/ins"/>
<LayoutNode BgColor="#ffffff" ContainImg="1" ContainP="0" ContainTable="false" Content=" Nhà đất bán Nhà đất cho thuê Tin thị trường Kiến thức Dự án Báo giá dịch vụ Vé máy bay giá rẻ Tìm kiếm Đăng tin bán/ Cho thuê Cần mua/ Cần thuê Đăng ký Đăng nhập var uLogIn = 0; " DOMCldNum="19" DoC="5" FontSize="14" FontWeight="600" FrameSourceIndex="0" ID="1-2" IsImg="false" LinkNum="12" LinkTextLen="142" ObjectRectHeight="85" ObjectRectLeft="0" ObjectRectTop="112" ObjectRectWidth="1420" SRC="&lt;li xmlns=&quot;http://www.w3.org/1999/xhtml&quot; id=&quot;home_link&quot;&gt;&lt;a href=&quot;http://123nhadat.vn/&quot;&gt;&lt;img alt=&quot;icon home&quot; class=&quot;icon_home&quot; src=&quot;http://123nhadat.vn/images/icon_home.png&quot;/&gt;&lt;/a&gt;&lt;span class=&quot;mb_min&quot; onclick=&quot;jPanelMenu.close();&quot;&gt;Đóng lại&lt;/span&gt;&lt;/li&gt;&lt;li xmlns=&quot;http://www.w3.org/1999/xhtml&quot;&gt;&lt;a class=&quot;active&quot; href=&quot;http://123nhadat.vn/raovat-c1/nha-dat-ban&quot;&gt;Nhà đất bán&lt;/a&gt;&lt;span class=&quot;child_mobile_show&quot; onclick=&quot;$('.con_1').toggle();&quot;/&gt;                              &lt;ul class=&quot;con_1&quot;&gt;                                   &lt;li&gt;&lt;a href=&quot;http://123nhadat.vn/raovat-c3/ban-biet-thu-trong-du-an&quot;&gt;Bán biệt thự&lt;/a&gt;&lt;/li&gt;                                   &lt;li&gt;&lt;a href=&quot;http://123nhadat.vn/raovat-c5/ban-dat-nen-du-an&quot;&gt;Bán đất nền dự án&lt;/a&gt;&lt;/li&gt;                                   &lt;li&gt;&lt;a href=&quot;http://123nhadat.vn/raovat-c6/ban-can-ho-chung-cu&quot;&gt;Bán căn hộ chung cư&lt;/a&gt;&lt;/li&gt;                                   &lt;li&gt;&lt;a href=&quot;http://123nhadat.vn/raovat-c8/ban-nha-rieng&quot;&gt;Bán nhà riêng&lt;/a&gt;&lt;/li&gt;                                   &lt;li&gt;&lt;a href=&quot;http://123nhadat.vn/raovat-c9/ban-nha-mat-pho&quot;&gt;Bán nhà mặt phố&lt;/a&gt;&lt;/li&gt;                                   &lt;li&gt;&lt;a href=&quot;http://123nhadat.vn/raovat-c10/ban-nha-phan-lo&quot;&gt;Bán nhà phân lô&lt;/a&gt;&lt;/li&gt;                                   &lt;li&gt;&lt;a href=&quot;http://123nhadat.vn/raovat-c11/ban-dat&quot;&gt;Bán đất&lt;/a&gt;&lt;/li&gt;                                   &lt;li&gt;&lt;a href=&quot;http://123nhadat.vn/raovat-c12/ban-trang-trai-khu-nghi-duong&quot;&gt;Bán trang trại,khu nghỉ dưỡng&lt;/a&gt;&lt;/li&gt;                                   &lt;li&gt;&lt;a href=&quot;http://123nhadat.vn/raovat-c13/ban-kho-nha-xuong&quot;&gt;Bán kho, nhà xưởng&lt;/a&gt;&lt;/li&gt;                                   &lt;li&gt;&lt;a href=&quot;http://123nhadat.vn/raovat-c14/ban-khach-san-nha-nghi&quot;&gt;Bán khách sạn, nhà nghỉ&lt;/a&gt;&lt;/li&gt;                                   &lt;li&gt;&lt;a href=&quot;http://123nhadat.vn/raovat-c15/ban-mat-bang-cua-hang&quot;&gt;Bán mặt bằng, cửa hàng&lt;/a&gt;&lt;/li&gt;                               &lt;/ul&gt;                          &lt;/li&gt;&lt;li xmlns=&quot;http://www.w3.org/1999/xhtml&quot;&gt;&lt;a class=&quot;mbL_nhadat_2&quot; href=&quot;http://123nhadat.vn/raovat-c2/nha-dat-cho-thue&quot;&gt;Nhà đất cho thuê&lt;/a&gt;&lt;span class=&quot;child_mobile_show&quot; onclick=&quot;$('.con_2').toggle();&quot;/&gt;                              &lt;ul class=&quot;con_2&quot;&gt;                                   &lt;li&gt;&lt;a href=&quot;http://123nhadat.vn/raovat-c4/cho-thue-van-phong&quot;&gt;Cho thuê văn phòng&lt;/a&gt;&lt;/li&gt;                                   &lt;li&gt;&lt;a href=&quot;http://123nhadat.vn/raovat-c16/cho-thue-nha-mat-pho&quot;&gt;Cho thuê nhà mặt phố&lt;/a&gt;&lt;/li&gt;                                   &lt;li&gt;&lt;a href=&quot;http://123nhadat.vn/raovat-c17/cho-thue-nha-rieng&quot;&gt;Cho thuê nhà riêng&lt;/a&gt;&lt;/li&gt;                                   &lt;li&gt;&lt;a href=&quot;http://123nhadat.vn/raovat-c18/cho-thue-can-ho-chung-cu&quot;&gt;Cho thuê căn hộ chung cư&lt;/a&gt;&lt;/li&gt;                                   &lt;li&gt;&lt;a href=&quot;http://123nhadat.vn/raovat-c19/cho-thue-biet-thu&quot;&gt;Cho thuê biệt thự&lt;/a&gt;&lt;/li&gt;                                   &lt;li&gt;&lt;a href=&quot;http://123nhadat.vn/raovat-c20/cho-thue-cua-hang-kiot&quot;&gt;Cho thuê cửa hàng, ki ốt&lt;/a&gt;&lt;/li&gt;                                   &lt;li&gt;&lt;a href=&quot;http://123nhadat.vn/raovat-c21/cho-thue-nha-tro&quot;&gt;Cho thuê nhà trọ,phòng trọ&lt;/a&gt;&lt;/li&gt;                                   &lt;li&gt;&lt;a href=&quot;http://123nhadat.vn/raovat-c23/cho-thue-kho-nha-xuong&quot;&gt;Cho thuê kho, nhà xưởng&lt;/a&gt;&lt;/li&gt;                                   &lt;li&gt;&lt;a href=&quot;http://123nhadat.vn/raovat-c24/cho-thue-dat&quot;&gt;Cho thuê đất&lt;/a&gt;&lt;/li&gt;                                   &lt;li&gt;&lt;a href=&quot;http://123nhadat.vn/raovat-c25/cho-thue-khach-san-nha-nghi&quot;&gt;Cho thuê khách sạn, nhà nghỉ&lt;/a&gt;&lt;/li&gt;                                   &lt;li&gt;&lt;a href=&quot;http://123nhadat.vn/raovat-c26/cho-thue-loai-bat-dong-san-khac&quot;&gt;Cho thuê loại bất động sản khác&lt;/a&gt;&lt;/li&gt;                               &lt;/ul&gt;                          &lt;/li&gt;&lt;li xmlns=&quot;http://www.w3.org/1999/xhtml&quot;&gt;&lt;a class=&quot;mbL_tinthitruong&quot; href=&quot;http://123nhadat.vn/news/c2/thi-truong&quot;&gt;Tin thị trường&lt;/a&gt;&lt;span class=&quot;child_mobile_show&quot; onclick=&quot;$('.news_2').toggle();&quot;/&gt;                        &lt;ul class=&quot;news_2&quot;&gt;                                  &lt;li&gt;&lt;a href=&quot;http://123nhadat.vn/news/c8/trong-nuoc&quot;&gt;Thị trường trong nước&lt;/a&gt;&lt;/li&gt;                                  &lt;li&gt;&lt;a href=&quot;http://123nhadat.vn/news/c15/phan-tich-nhan-dinh&quot;&gt;Phân tích - Nhận định&lt;/a&gt;&lt;/li&gt;                                  &lt;li&gt;&lt;a href=&quot;http://123nhadat.vn/news/c16/chinh-sach-quan-ly&quot;&gt;Chính sách - Quản lý&lt;/a&gt;&lt;/li&gt;                                  &lt;li&gt;&lt;a href=&quot;http://123nhadat.vn/news/c17/thong-tin-quy-hoach&quot;&gt;Thông tin quy hoạch&lt;/a&gt;&lt;/li&gt;                                  &lt;li&gt;&lt;a href=&quot;http://123nhadat.vn/news/c18/ngoai-nuoc&quot;&gt;Thị trường ngoài nước&lt;/a&gt;&lt;/li&gt;                                  &lt;li&gt;&lt;a href=&quot;http://123nhadat.vn/news/c23/tai-chinh-chung-khoan&quot;&gt;Tài chính - Chứng khoán&lt;/a&gt;&lt;/li&gt;                                  &lt;li&gt;&lt;a href=&quot;http://123nhadat.vn/news/c49/hoat-dong-doanh-nghiep&quot;&gt;Hoạt động doanh nghiệp&lt;/a&gt;&lt;/li&gt;                                  &lt;li&gt;&lt;a href=&quot;http://123nhadat.vn/news/c50/tin-du-an&quot;&gt;Tin từ Dự Án&lt;/a&gt;&lt;/li&gt;                                  &lt;li&gt;&lt;a href=&quot;http://123nhadat.vn/news/c51/goc-su-kien-khuyen-mai&quot;&gt;Góc sự kiện &amp; khuyến mại&lt;/a&gt;&lt;/li&gt;                              &lt;/ul&gt;                    &lt;/li&gt;&lt;li xmlns=&quot;http://www.w3.org/1999/xhtml&quot;&gt;&lt;a class=&quot;mbL_kienthuc&quot; href=&quot;http://123nhadat.vn/news&quot;&gt;Kiến thức&lt;/a&gt;&lt;span class=&quot;child_mobile_show&quot; onclick=&quot;$('.news_home').toggle();&quot;/&gt;                        &lt;ul class=&quot;news_home&quot;&gt;                                                         &lt;li&gt;&lt;a class=&quot;parent&quot; href=&quot;http://123nhadat.vn/news/c1/kinh-nghiem&quot;&gt;&lt;span&gt;Kinh nghiệm&lt;/span&gt;&lt;/a&gt;&lt;span class=&quot;child_mobile_show&quot; onclick=&quot;$('.news_1').toggle();&quot;/&gt;                                            &lt;ul class=&quot;news_1&quot;&gt;                                                          &lt;li&gt;&lt;a href=&quot;http://123nhadat.vn/news/c14/kinh-nghiem-mua-nha&quot;&gt;&lt;span&gt;Kinh nghiệm mua nhà&lt;/span&gt;&lt;/a&gt;                                                  &lt;/li&gt;                                                           &lt;li&gt;&lt;a href=&quot;http://123nhadat.vn/news/c19/kinh-nghiem-ban-nha&quot;&gt;&lt;span&gt;Kinh nghiệm bán nhà đất&lt;/span&gt;&lt;/a&gt;                                                  &lt;/li&gt;                                                           &lt;li&gt;&lt;a href=&quot;http://123nhadat.vn/news/c20/kinh-nghiem-dau-tu&quot;&gt;&lt;span&gt;Kinh nghiệm đầu tư&lt;/span&gt;&lt;/a&gt;                                                  &lt;/li&gt;                                                           &lt;li&gt;&lt;a href=&quot;http://123nhadat.vn/news/c21/kinh-nghiem-thue-nha&quot;&gt;&lt;span&gt;Kinh nghiệm thuê nhà&lt;/span&gt;&lt;/a&gt;                                                  &lt;/li&gt;                                                           &lt;li&gt;&lt;a href=&quot;http://123nhadat.vn/news/c22/kinh-nghiem-cho-thue-nha&quot;&gt;&lt;span&gt;Kinh nghiệm cho thuê nhà&lt;/span&gt;&lt;/a&gt;                                                  &lt;/li&gt;                     &lt;/ul&gt;          &lt;/li&gt;                                                                  &lt;li&gt;&lt;a class=&quot;parent&quot; href=&quot;http://123nhadat.vn/news/c3/xay-dung&quot;&gt;&lt;span&gt;Xây dựng&lt;/span&gt;&lt;/a&gt;&lt;span class=&quot;child_mobile_show&quot; onclick=&quot;$('.news_3').toggle();&quot;/&gt;                                            &lt;ul class=&quot;news_3&quot;&gt;                                                          &lt;li&gt;&lt;a href=&quot;http://123nhadat.vn/news/c9/vat-lieu-xay-dung&quot;&gt;&lt;span&gt;Vật liệu xây dựng&lt;/span&gt;&lt;/a&gt;                                                  &lt;/li&gt;                                                           &lt;li&gt;&lt;a href=&quot;http://123nhadat.vn/news/c24/kien-thuc-xay-dung&quot;&gt;&lt;span&gt;Kiến thức cần biết&lt;/span&gt;&lt;/a&gt;                                                  &lt;/li&gt;                                                           &lt;li&gt;&lt;a href=&quot;http://123nhadat.vn/news/c25/giai-phap-xay-dung&quot;&gt;&lt;span&gt;Giải pháp xây dựng&lt;/span&gt;&lt;/a&gt;                                                  &lt;/li&gt;                     &lt;/ul&gt;          &lt;/li&gt;                                                          &lt;li&gt;&lt;a class=&quot;parent&quot; href=&quot;http://123nhadat.vn/news/c4/khong-gian-dep&quot;&gt;&lt;span&gt;Không Gian Đẹp&lt;/span&gt;&lt;/a&gt;&lt;span class=&quot;child_mobile_show&quot; onclick=&quot;$('.news_4').toggle();&quot;/&gt;                                            &lt;ul class=&quot;news_4&quot;&gt;                                                          &lt;li&gt;&lt;a class=&quot;parent&quot; href=&quot;http://123nhadat.vn/news/c10/noi-that&quot;&gt;&lt;span&gt;Nội thất&lt;/span&gt;&lt;/a&gt;&lt;span class=&quot;child_mobile_show&quot; onclick=&quot;$('.news_10').toggle();&quot;/&gt;                                                      &lt;ul class=&quot;news_10&quot;&gt;                                                           &lt;li&gt;&lt;a href=&quot;http://123nhadat.vn/news/c35/toan-canh&quot;&gt;&lt;span&gt;Toàn cảnh&lt;/span&gt;&lt;/a&gt;&lt;/li&gt;                                                            &lt;li&gt;&lt;a href=&quot;http://123nhadat.vn/news/c36/phong-khach&quot;&gt;&lt;span&gt;Phòng khách&lt;/span&gt;&lt;/a&gt;&lt;/li&gt;                                                            &lt;li&gt;&lt;a href=&quot;http://123nhadat.vn/news/c37/phong-ngu&quot;&gt;&lt;span&gt;Phòng ngủ&lt;/span&gt;&lt;/a&gt;&lt;/li&gt;                                                            &lt;li&gt;&lt;a href=&quot;http://123nhadat.vn/news/c38/nha-bep&quot;&gt;&lt;span&gt;Nhà bếp&lt;/span&gt;&lt;/a&gt;&lt;/li&gt;                                                            &lt;li&gt;&lt;a href=&quot;http://123nhadat.vn/news/c39/phong-tam&quot;&gt;&lt;span&gt;Phòng tắm&lt;/span&gt;&lt;/a&gt;&lt;/li&gt;                                                            &lt;li&gt;&lt;a href=&quot;http://123nhadat.vn/news/c40/phong-tre-em&quot;&gt;&lt;span&gt;Phòng trẻ em&lt;/span&gt;&lt;/a&gt;&lt;/li&gt;                                                            &lt;li&gt;&lt;a href=&quot;http://123nhadat.vn/news/c41/van-phong&quot;&gt;&lt;span&gt;Văn phòng&lt;/span&gt;&lt;/a&gt;&lt;/li&gt;                                                            &lt;li&gt;&lt;a href=&quot;http://123nhadat.vn/news/c42/khach-san-nha-hang-showroom&quot;&gt;&lt;span&gt;Khách sạn,nhà hàng,showroom&lt;/span&gt;&lt;/a&gt;&lt;/li&gt;                                                        &lt;/ul&gt;                                        &lt;/li&gt;                                                            &lt;li&gt;&lt;a href=&quot;http://123nhadat.vn/news/c26/ngoai-that&quot;&gt;&lt;span&gt;Ngoại thất&lt;/span&gt;&lt;/a&gt;                                                  &lt;/li&gt;                     &lt;/ul&gt;          &lt;/li&gt;                                                          &lt;li&gt;&lt;a class=&quot;parent&quot; href=&quot;http://123nhadat.vn/news/c5/kien-truc&quot;&gt;&lt;span&gt;Kiến trúc&lt;/span&gt;&lt;/a&gt;&lt;span class=&quot;child_mobile_show&quot; onclick=&quot;$('.news_5').toggle();&quot;/&gt;                                            &lt;ul class=&quot;news_5&quot;&gt;                                                          &lt;li&gt;&lt;a href=&quot;http://123nhadat.vn/news/c11/tu-van-thiet-ke&quot;&gt;&lt;span&gt;Tư vấn thiết kế&lt;/span&gt;&lt;/a&gt;                                                  &lt;/li&gt;                                                           &lt;li&gt;&lt;a href=&quot;http://123nhadat.vn/news/c27/kien-truc-ngay-ay-bay-gio&quot;&gt;&lt;span&gt;Kiến trúc ngày ấy - bây giờ&lt;/span&gt;&lt;/a&gt;                                                  &lt;/li&gt;                                                           &lt;li&gt;&lt;a href=&quot;http://123nhadat.vn/news/c28/du-lich-kien-truc&quot;&gt;&lt;span&gt;Du lịch kiến trúc&lt;/span&gt;&lt;/a&gt;                                                  &lt;/li&gt;                     &lt;/ul&gt;          &lt;/li&gt;                                                          &lt;li&gt;&lt;a class=&quot;parent&quot; href=&quot;http://123nhadat.vn/news/c6/phong-thuy&quot;&gt;&lt;span&gt;Phong thủy&lt;/span&gt;&lt;/a&gt;&lt;span class=&quot;child_mobile_show&quot; onclick=&quot;$('.news_6').toggle();&quot;/&gt;                                            &lt;ul class=&quot;news_6&quot;&gt;                                                          &lt;li&gt;&lt;a class=&quot;parent&quot; href=&quot;http://123nhadat.vn/news/c12/phong-thuy-nha-o&quot;&gt;&lt;span&gt;Phong thủy Nhà ở&lt;/span&gt;&lt;/a&gt;&lt;span class=&quot;child_mobile_show&quot; onclick=&quot;$('.news_12').toggle();&quot;/&gt;                                                      &lt;ul class=&quot;news_12&quot;&gt;                                                           &lt;li&gt;&lt;a href=&quot;http://123nhadat.vn/news/c43/toan-canh&quot;&gt;&lt;span&gt;Toàn cảnh&lt;/span&gt;&lt;/a&gt;&lt;/li&gt;                                                            &lt;li&gt;&lt;a href=&quot;http://123nhadat.vn/news/c44/phong-ngu&quot;&gt;&lt;span&gt;Phòng ngủ&lt;/span&gt;&lt;/a&gt;&lt;/li&gt;                                                            &lt;li&gt;&lt;a href=&quot;http://123nhadat.vn/news/c45/phong-khach&quot;&gt;&lt;span&gt;Phòng khách&lt;/span&gt;&lt;/a&gt;&lt;/li&gt;                                                            &lt;li&gt;&lt;a href=&quot;http://123nhadat.vn/news/c46/phong-bep&quot;&gt;&lt;span&gt;Phòng bếp&lt;/span&gt;&lt;/a&gt;&lt;/li&gt;                                                            &lt;li&gt;&lt;a href=&quot;http://123nhadat.vn/news/c47/phong-tam&quot;&gt;&lt;span&gt;Phòng tắm&lt;/span&gt;&lt;/a&gt;&lt;/li&gt;                                                            &lt;li&gt;&lt;a href=&quot;http://123nhadat.vn/news/c48/cua-chinh-san-vuon&quot;&gt;&lt;span&gt;Cửa chính, sân vườn&lt;/span&gt;&lt;/a&gt;&lt;/li&gt;                                                        &lt;/ul&gt;                                        &lt;/li&gt;                                                            &lt;li&gt;&lt;a href=&quot;http://123nhadat.vn/news/c29/phong-thuy-van-phong&quot;&gt;&lt;span&gt;Phong thủy văn phòng&lt;/span&gt;&lt;/a&gt;                                                  &lt;/li&gt;                     &lt;/ul&gt;          &lt;/li&gt;                                                          &lt;li&gt;&lt;a class=&quot;parent&quot; href=&quot;http://123nhadat.vn/news/c7/cafe-luat&quot;&gt;&lt;span&gt;Cafe luật&lt;/span&gt;&lt;/a&gt;&lt;span class=&quot;child_mobile_show&quot; onclick=&quot;$('.news_7').toggle();&quot;/&gt;                                            &lt;ul class=&quot;news_7&quot;&gt;                                                          &lt;li&gt;&lt;a href=&quot;http://123nhadat.vn/news/c13/hop-thuc-hoa&quot;&gt;&lt;span&gt;Hợp thức hóa&lt;/span&gt;&lt;/a&gt;                                                  &lt;/li&gt;                                                           &lt;li&gt;&lt;a href=&quot;http://123nhadat.vn/news/c30/quyen-so-huu&quot;&gt;&lt;span&gt;Chuyển quyền sở hữu&lt;/span&gt;&lt;/a&gt;                                                  &lt;/li&gt;                                                           &lt;li&gt;&lt;a href=&quot;http://123nhadat.vn/news/c31/thua-ke-tranh-chap&quot;&gt;&lt;span&gt;Thừa kế - Tranh chấp&lt;/span&gt;&lt;/a&gt;                                                  &lt;/li&gt;                                                           &lt;li&gt;&lt;a href=&quot;http://123nhadat.vn/news/c32/xay-dung-hoan-cong&quot;&gt;&lt;span&gt;Xây dựng - Hoàn công&lt;/span&gt;&lt;/a&gt;                                                  &lt;/li&gt;                                                           &lt;li&gt;&lt;a href=&quot;http://123nhadat.vn/news/c33/thue-nha-dat&quot;&gt;&lt;span&gt;Thuế nhà đất&lt;/span&gt;&lt;/a&gt;                                                  &lt;/li&gt;                                                           &lt;li&gt;&lt;a href=&quot;http://123nhadat.vn/news/c34/nuoc-ngoai&quot;&gt;&lt;span&gt;Nước ngoài&lt;/span&gt;&lt;/a&gt;                                                  &lt;/li&gt;                     &lt;/ul&gt;          &lt;/li&gt;                                      &lt;/ul&gt;                    &lt;/li&gt;&lt;li xmlns=&quot;http://www.w3.org/1999/xhtml&quot;&gt;&lt;a class=&quot;mbL_duan&quot; href=&quot;http://123nhadat.vn/du-an&quot;&gt;Dự án&lt;/a&gt;&lt;span class=&quot;child_mobile_show&quot; onclick=&quot;$('.con_duan').toggle();&quot;/&gt;                        &lt;ul class=&quot;con_duan&quot;&gt;                                                        &lt;li&gt;&lt;a href=&quot;http://123nhadat.vn/du-an-khu-do-thi-moi-c1&quot;&gt;&lt;span&gt;Khu đô thị mới&lt;/span&gt;&lt;/a&gt;&lt;/li&gt;                                   &lt;li&gt;&lt;a href=&quot;http://123nhadat.vn/du-an-chung-cu-cao-oc-can-ho-c2&quot;&gt;&lt;span&gt;Chung cư/Cao ốc căn hộ&lt;/span&gt;&lt;/a&gt;&lt;/li&gt;                                   &lt;li&gt;&lt;a href=&quot;http://123nhadat.vn/du-an-khu-dan-cu-c3&quot;&gt;&lt;span&gt;Khu dân cư&lt;/span&gt;&lt;/a&gt;&lt;/li&gt;                                   &lt;li&gt;&lt;a href=&quot;http://123nhadat.vn/du-an-khu-biet-thu-c4&quot;&gt;&lt;span&gt;Khu Biệt thự&lt;/span&gt;&lt;/a&gt;&lt;/li&gt;                                   &lt;li&gt;&lt;a href=&quot;http://123nhadat.vn/du-an-bds-du-lich-nghi-duong-resort-c5&quot;&gt;&lt;span&gt;Bđs du lịch, nghỉ dưỡng, resort&lt;/span&gt;&lt;/a&gt;&lt;/li&gt;                                   &lt;li&gt;&lt;a href=&quot;http://123nhadat.vn/du-an-khu-tai-dinh-cu-c6&quot;&gt;&lt;span&gt;Khu tái định cư&lt;/span&gt;&lt;/a&gt;&lt;/li&gt;                                   &lt;li&gt;&lt;a href=&quot;http://123nhadat.vn/du-an-nha-o-xa-hoi-c7&quot;&gt;&lt;span&gt;Nhà ở xã hội&lt;/span&gt;&lt;/a&gt;&lt;/li&gt;                                   &lt;li&gt;&lt;a href=&quot;http://123nhadat.vn/du-an-cao-oc-van-phong-c8&quot;&gt;&lt;span&gt;Cao ốc văn phòng&lt;/span&gt;&lt;/a&gt;&lt;/li&gt;                                   &lt;li&gt;&lt;a href=&quot;http://123nhadat.vn/du-an-khu-thuong-mai-c9&quot;&gt;&lt;span&gt;Khu thương mại&lt;/span&gt;&lt;/a&gt;&lt;/li&gt;                                   &lt;li&gt;&lt;a href=&quot;http://123nhadat.vn/du-an-khu-phuc-hop-c10&quot;&gt;&lt;span&gt;Khu phức hợp&lt;/span&gt;&lt;/a&gt;&lt;/li&gt;                                   &lt;li&gt;&lt;a href=&quot;http://123nhadat.vn/du-an-khu-cn-cx-c11&quot;&gt;&lt;span&gt;Khu CN/CX&lt;/span&gt;&lt;/a&gt;&lt;/li&gt;                                   &lt;li&gt;&lt;a href=&quot;http://123nhadat.vn/du-an-khach-san-nha-nghi-c12&quot;&gt;&lt;span&gt;Khách sạn, nhà nghỉ&lt;/span&gt;&lt;/a&gt;&lt;/li&gt;                               &lt;/ul&gt;                    &lt;/li&gt;&lt;li xmlns=&quot;http://www.w3.org/1999/xhtml&quot; id=&quot;bao_gia_id&quot;&gt;&lt;a class=&quot;mbL_baogiadichvu&quot; href=&quot;javascript:void(0)&quot;&gt;Báo giá dịch vụ&lt;/a&gt;&lt;span class=&quot;child_mobile_show&quot; onclick=&quot;$('.con_baogia').toggle();&quot;/&gt;                        &lt;ul class=&quot;con_baogia&quot;&gt;                            &lt;li&gt;&lt;a href=&quot;http://123nhadat.vn/bao-gia-quang-cao&quot;&gt;Hiệu quả quảng cáo&lt;/a&gt;&lt;/li&gt;                            &lt;li&gt;&lt;a href=&quot;http://123nhadat.vn/bao-gia-quang-cao/banners&quot;&gt;Báo giá Banner&lt;/a&gt;&lt;/li&gt;                            &lt;li&gt;&lt;a href=&quot;http://123nhadat.vn/bao-gia-quang-cao/gia-tin-dang&quot;&gt;Báo giá tin đăng&lt;/a&gt;&lt;/li&gt;                        &lt;/ul&gt;                    &lt;/li&gt;&lt;li xmlns=&quot;http://www.w3.org/1999/xhtml&quot;&gt;&lt;a class=&quot;mbL_admin&quot; href=&quot;https://123vemaybay.vn&quot; title=&quot;Vé máy bay giá rẻ,ve may bay gia re nhất thị trường&quot;&gt;Vé máy bay giá rẻ&lt;/a&gt;&lt;/li&gt;&lt;div xmlns=&quot;http://www.w3.org/1999/xhtml&quot; class=&quot;boxfull bgxam khonghien_mobile&quot;&gt;            &lt;div class=&quot;box_search&quot;&gt;   &lt;form action=&quot;http://123nhadat.vn/?act=tim-nha-dat&quot; id=&quot;searchForm&quot; method=&quot;post&quot;&gt;                &lt;div class=&quot;timkiem&quot;&gt;                    &lt;label&gt;Tìm kiếm&lt;/label&gt;                    &lt;input class=&quot;icon_timkiemnhadat2&quot; id=&quot;txtKeyword&quot; name=&quot;q&quot; placeholder=&quot; Nhập vào từ khóa hoặc mã tin&quot; type=&quot;text&quot;/&gt;                    &lt;input id=&quot;Button1&quot; onclick=&quot;document.getElementById('searchForm').submit();&quot; type=&quot;button&quot; value=&quot;&quot;/&gt;                &lt;/div&gt;                                &lt;div class=&quot;chucnang_top&quot;&gt;                    &lt;ul class=&quot;timkiem_dangtin&quot;&gt;                        &lt;li class=&quot;icon_dangtinban&quot;&gt;&lt;a href=&quot;http://123nhadat.vn/Dang-tin-rao-vat-ban-nha-dat.html&quot;&gt;Đăng tin bán/ Cho thuê&lt;/a&gt;&lt;/li&gt;                        &lt;li class=&quot;icon_canmua&quot;&gt;&lt;a href=&quot;http://123nhadat.vn/can-mua-can-thue.html&quot;&gt;Cần mua/ Cần thuê&lt;/a&gt;&lt;/li&gt;                    &lt;/ul&gt;                    &lt;ul class=&quot;login_logout&quot;&gt;                                                &lt;li class=&quot;uRegister&quot;&gt;&lt;a href=&quot;http://123nhadat.vn/reg.html&quot;&gt;Đăng ký&lt;/a&gt;&lt;/li&gt;      &lt;li class=&quot;uLogin&quot;&gt;&lt;a href=&quot;http://123nhadat.vn/dang-nhap.html&quot;&gt;Đăng nhập&lt;/a&gt;&lt;/li&gt;      &lt;script type=&quot;text/javascript&quot;&gt;      var uLogIn = 0;      &lt;/script&gt;                          &lt;/ul&gt;                &lt;/div&gt;            &lt;/form&gt;&lt;/div&gt;        &lt;/div&gt;" SourceIndex="235;241;294;347;392;665;734;755;771" TextLen="151" order="3" xPath="/#document/html/body/div[1]/div[2]/header[0]/nav[0]/div[0]/ul[0]/li[0]/a[0]/img"/>
<LayoutNode BgColor="#ffffff" ContainImg="0" ContainP="0" ContainTable="false" Content="Vip 1Nhà, Đất Thủ Dầu Một 2 Mặt Tiền Chính Chủ " DOMCldNum="85" DoC="5" FontSize="13" FontWeight="normal" FrameSourceIndex="0" ID="1-3" IsImg="false" LinkNum="0" LinkTextLen="0" ObjectRectHeight="32" ObjectRectLeft="0" ObjectRectTop="391" ObjectRectWidth="1420" SRC="&lt;div xmlns=&quot;http://www.w3.org/1999/xhtml&quot; class=&quot;box_C&quot;&gt;                    &lt;span class=&quot;tit_vip2&quot;&gt;Vip 1&lt;/span&gt;&lt;h1 class=&quot;tieude_nhadat&quot;&gt;Nhà, Đất Thủ Dầu Một 2 Mặt Tiền Chính Chủ&lt;/h1&gt;                &lt;/div&gt;" SourceIndex="1194" TextLen="46" order="4" xPath="/#document/html/body/div[4]/div[0]/div[0]/div[1]/div[1]/h1[0]/#text"/>
<LayoutNode BgColor="#ffffff" ContainImg="0" ContainP="0" ContainTable="false" Content="Khu vực:Bán nhà riêng tại Đường Võ Văn Kiệt - Thành phố Thủ Dầu Một - Bình Dương Giá:Thỏa thuận Diện tích:223 m2 Thông tin tài khoản đã được xác thực " DOMCldNum="85" DoC="5" FontSize="13" FontWeight="normal" FrameSourceIndex="0" ID="1-4" IsImg="false" LinkNum="1" LinkTextLen="35" ObjectRectHeight="65" ObjectRectLeft="0" ObjectRectTop="433" ObjectRectWidth="1420" SRC="&lt;div xmlns=&quot;http://www.w3.org/1999/xhtml&quot; class=&quot;box_C&quot;&gt;                    &lt;ul class=&quot;info_no2&quot;&gt;                        &lt;li&gt;&lt;label&gt;Khu vực:&lt;/label&gt;&lt;span&gt;&lt;a href=&quot;http://123nhadat.vn/raovat-c8/ban-nha-rieng-tai-duong-vo-van-kiet-20618&quot;&gt;Bán nhà riêng tại Đường Võ Văn Kiệt&lt;/a&gt; - Thành phố Thủ Dầu Một - Bình Dương&lt;/span&gt;&lt;/li&gt;                    &lt;/ul&gt;     &lt;ul class=&quot;info_no1&quot;&gt;      &lt;li&gt;&lt;label&gt;Giá:&lt;/label&gt;&lt;span&gt;&lt;b class=&quot;camcam&quot;&gt;Thỏa thuận&lt;/b&gt;&lt;/span&gt;&lt;/li&gt;                        &lt;li&gt;&lt;label&gt;Diện tích:&lt;/label&gt;&lt;span&gt;&lt;b class=&quot;camcam&quot;&gt;223 m2&lt;/b&gt;&lt;/span&gt;&lt;/li&gt;                        &lt;li&gt;&lt;label class=&quot;da_xacthuc&quot;/&gt;&lt;span&gt;Thông tin tài khoản đã được xác thực&lt;/span&gt;&lt;/li&gt;                      &lt;/ul&gt;                &lt;/div&gt;" SourceIndex="1202" TextLen="148" order="5" xPath="/#document/html/body/div[4]/div[0]/div[0]/div[2]/div[1]/ul[2]/li[1]/span[0]/#text"/>
<LayoutNode BgColor="#ffffff" ContainImg="0" ContainP="1" ContainTable="false" DOMCldNum="85" DoC="5" FontSize="13" FontWeight="normal" FrameSourceIndex="0" ID="1-5" IsImg="false" LinkNum="8" LinkTextLen="114" ObjectRectHeight="650" ObjectRectLeft="0" ObjectRectTop="643" ObjectRectWidth="1420" SourceIndex="1190" TextLen="601" order="6">
<LayoutNode BgColor="#ffffff" ContainImg="0" ContainP="1" ContainTable="false" DOMCldNum="85" DoC="5" FontSize="13" FontWeight="normal" FrameSourceIndex="0" ID="1-5-1" IsImg="false" LinkNum="6" LinkTextLen="91" ObjectRectHeight="650" ObjectRectLeft="0" ObjectRectTop="643" ObjectRectWidth="900" SourceIndex="1190" TextLen="418" order="7">
<LayoutNode BgColor="#ffffff" ContainImg="0" ContainP="0" ContainTable="false" Content="Đặc điểm nhà đất Tiện ích trong khu vực Các tin rao nhà đất liên quan " DOMCldNum="85" DoC="5" FontSize="13" FontWeight="normal" FrameSourceIndex="0" ID="1-5-1-1" IsImg="false" LinkNum="3" LinkTextLen="67" ObjectRectHeight="357" ObjectRectLeft="0" ObjectRectTop="643" ObjectRectWidth="900" SRC="&lt;div xmlns=&quot;http://www.w3.org/1999/xhtml&quot; class=&quot;box_C&quot;&gt;                    &lt;ul class=&quot;next_link&quot;&gt;                        &lt;li&gt;&lt;a href=&quot;#dacdiembds&quot;&gt;Đặc điểm nhà đất&lt;/a&gt;&lt;/li&gt;                        &lt;li&gt;&lt;a href=&quot;#tienich_xungquanh&quot;&gt;Tiện ích trong khu vực&lt;/a&gt;&lt;/li&gt;                        &lt;li&gt;&lt;a href=&quot;#tinrao_lienquan&quot;&gt;Các tin rao nhà đất liên quan&lt;/a&gt;&lt;/li&gt;                    &lt;/ul&gt;                &lt;/div&gt;" SourceIndex="1421" TextLen="67" order="8" xPath="/#document/html/body/div[4]/div[0]/div[0]/div[20]/div[0]/ul[2]/li[0]/a[0]/#text"/>
<LayoutNode BgColor="#5eab1f" ContainImg="0" ContainP="0" ContainTable="false" Content="THÔNG TIN MÔ TẢ " DOMCldNum="5" DoC="5" FontSize="11" FontWeight="700" FrameSourceIndex="0" ID="1-5-1-2" IsImg="false" LinkNum="0" LinkTextLen="0" ObjectRectHeight="20" ObjectRectLeft="0" ObjectRectTop="1013" ObjectRectWidth="900" SRC="&lt;div xmlns=&quot;http://www.w3.org/1999/xhtml&quot; class=&quot;tit_C&quot;&gt;                        &lt;span class=&quot;icon_star_xanh&quot;/&gt;                        Thông tin mô tả                    &lt;/div&gt;" SourceIndex="1443" TextLen="15" order="9" xPath="/#document/html/body/div[4]/div[0]/div[0]/div[22]/div[0]/div[1]/#text"/>
<LayoutNode BgColor="#f3f3f3" ContainImg="0" ContainP="1" ContainTable="false" DOMCldNum="9" DoC="5" FontSize="13" FontWeight="normal" FrameSourceIndex="0" ID="1-5-1-3" IsImg="false" LinkNum="3" LinkTextLen="24" ObjectRectHeight="236" ObjectRectLeft="0" ObjectRectTop="1057" ObjectRectWidth="900" SourceIndex="1448" TextLen="336" order="10">
<LayoutNode BgColor="#f3f3f3" ContainImg="0" ContainP="1" ContainTable="false" Content="Lưu BĐSIn tinChia sẻ tin Liên hệ người bán Ban Mai Xanh Điện thoại: 0908.488.135 Địa chỉ: Thủ Dầu Một, Bình Dương Email:linda.2019.m4@gmail.com Nhu cầu định cư nơi khác nên gia đình mình muốn sang nhượng lại Đất và Nhà chính chủ: ----------------- " DOMCldNum="9" DoC="5" FontSize="13" FontWeight="normal" FrameSourceIndex="0" ID="1-5-1-3-1" IsImg="false" LinkNum="3" LinkTextLen="24" ObjectRectHeight="182" ObjectRectLeft="0" ObjectRectTop="1057" ObjectRectWidth="900" SRC="&lt;div xmlns=&quot;http://www.w3.org/1999/xhtml&quot; class=&quot;save_print&quot;&gt;                            &lt;a class=&quot;save_news&quot; href=&quot;javascript:void(0)&quot; id=&quot;save-posts&quot; title=&quot;Lưu tin tức lại&quot;&gt;Lưu BĐS&lt;/a&gt;                            &lt;a class=&quot;print_news&quot; href=&quot;javascript:window.print()&quot; title=&quot;In tin tức&quot;&gt;In tin&lt;/a&gt;                            &lt;a class=&quot;share_news&quot; href=&quot;javascript:void(0)&quot; onclick=&quot;$('#addthis_bar').slideDown();&quot; title=&quot;Chia sẻ tin&quot;&gt;Chia sẻ tin&lt;/a&gt;       &lt;!-- AddThis Button BEGIN --&gt;       &lt;div class=&quot;addthis_toolbox addthis_default_style addthis_16x16_style&quot; id=&quot;addthis_bar&quot; style=&quot;display:none&quot;&gt;       &lt;a class=&quot;addthis_button_facebook&quot;/&gt;       &lt;a class=&quot;addthis_button_google_plusone_share&quot;/&gt;       &lt;a class=&quot;addthis_button_email&quot;/&gt;       &lt;a class=&quot;addthis_button_twitter&quot;/&gt;       &lt;a class=&quot;addthis_button_print&quot;/&gt;       &lt;a class=&quot;addthis_button_digg&quot;/&gt;       &lt;a class=&quot;addthis_button_pinterest_share&quot;/&gt;       &lt;a class=&quot;addthis_button_zingme&quot;/&gt;       &lt;/div&gt;       &lt;script src=&quot;//s7.addthis.com/js/300/addthis_widget.js#pubid=ra-514ff26f59a43fb9&quot; type=&quot;text/javascript&quot;/&gt;       &lt;!-- AddThis Button END --&gt;                        &lt;/div&gt;&lt;div xmlns=&quot;http://www.w3.org/1999/xhtml&quot; class=&quot;lienhe_nguoiban&quot;&gt;                            &lt;ul&gt;                                &lt;li&gt;&lt;b style=&quot;color:green&quot;&gt;Liên hệ người bán&lt;/b&gt;&lt;/li&gt;                                &lt;li&gt;&lt;b&gt;Ban Mai Xanh&lt;/b&gt;&lt;/li&gt;                                &lt;li&gt;Điện thoại:&lt;b class=&quot;camcam&quot;&gt; 0908.488.135&lt;/b&gt;&lt;/li&gt;                                &lt;li&gt;Địa chỉ: Thủ Dầu Một, Bình Dương&lt;/li&gt;                                &lt;li&gt;Email:linda.2019.m4@gmail.com&lt;/li&gt;                            &lt;/ul&gt;                        &lt;/div&gt;&lt;p xmlns=&quot;http://www.w3.org/1999/xhtml&quot;&gt;Nhu cầu định cư nơi khác nên gia đình mình muốn sang nhượng lại Đất và Nhà chính chủ:&lt;br/&gt;&lt;br/&gt;-----------------&lt;br/&gt;&lt;br/&gt;&lt;/p&gt;" SourceIndex="1450;1487;1512" TextLen="239" order="11" xPath="/#document/html/body/div[4]/div[0]/div[0]/div[22]/div[1]/div[0]/div[2]/a[0]/#text"/>
<LayoutNode BgColor="#f7f7f7" ContainImg="0" ContainP="0" ContainTable="false" Content="&gt; Bạn đang xem tin cũ trên hệ thống của 123nhadat.vn ,tuy nhiên có thể giá trị giao dịch vẫn còn. " DOMCldNum="9" DoC="10" FontSize="13" FontWeight="normal" FrameSourceIndex="0" ID="1-5-1-3-2" IsImg="false" LinkNum="0" LinkTextLen="0" ObjectRectHeight="32" ObjectRectLeft="0" ObjectRectTop="1261" ObjectRectWidth="900" SRC="&lt;span xmlns=&quot;http://www.w3.org/1999/xhtml&quot; class=&quot;hethan_conhan lamlam&quot;&gt;                            &gt; Bạn đang xem tin cũ trên hệ thống của 123nhadat.vn ,tuy nhiên có thể giá trị giao dịch vẫn còn.                        &lt;/span&gt;" SourceIndex="1520" TextLen="97" order="12" xPath="/#document/html/body/div[4]/div[0]/div[0]/div[22]/div[1]/div[3]/span[0]/#text"/>
</LayoutNode>
</LayoutNode>
<LayoutNode BgColor="#ffffff" ContainImg="0" ContainP="0" ContainTable="false" Content="Tìm kiếm nhà đất Địa điểm Loại tin rao Nhà đất bán Nhà đất cho thuê Loại nhà đất Vui lòng chọn Tỉnh, thành phố Vui lòng chọn Tp.HCM Hà Nội Bình Dương Hải Phòng Đà Nẵng Cần Thơ Đồng Nai Bà Rịa Vũng Tàu Khánh Hòa Long An Thừa Thiên Huế An Giang Bạc Liêu Bắc Cạn Bắc Giang Bắc Ninh Bắc Giang Bình Định Bình Phước Bình Thuận Cà Mau Cao Bằng Đắk Lắk Đồng Tháp Gia Lai Hà Giang Hà Nam Hà Tĩnh Hải Dương Hòa Bình Hưng Yên Kiên Giang Kon Tum Lai Châu Lạng Sơn Lào Cai Lâm Đồng Nam Định Nghệ An Ninh Bình Ninh Thuận Phú Thọ Phú Yên Quảng Bình Quảng Nam Quảng Ngãi Quảng Ninh Quảng Trị Sóc Trăng Sơn La Tây Ninh Thái Bình Thái Nguyên Thanh Hóa Tiền Giang Trà Vinh Tuyên Quang Vĩnh Long Vĩnh Phúc Yên Bái Điện Biên Đắk Nông Hậu Giang Theo quận, huyện Vui lòng chọn Theo phường, xã Vui lòng chọn Theo đường phố Vui lòng chọn Theo dự án Vui lòng chọn Tìm gần trường Vui lòng chọn Theo diện tích ---Chọn diện tích--- Không xác định &lt;= 30 m2 30-50 m2 50-100 m2 100-200 m2 200-300 m2 300-400 m2 400-500 m2 &gt;=500 m2 Theo mức giá Vui lòng chọn Tìm kiếm Bỏ tìm nâng cao " DOMCldNum="35" DoC="8" FontSize="13" FontWeight="normal" FrameSourceIndex="0" ID="1-5-2" IsImg="false" LinkNum="2" LinkTextLen="23" ObjectRectHeight="650" ObjectRectLeft="910" ObjectRectTop="643" ObjectRectWidth="510" SRC="&lt;div xmlns=&quot;http://www.w3.org/1999/xhtml&quot; class=&quot;box_R cachtren2 khonghien_mobile box_nhadatban_R&quot; id=&quot;product-search-right&quot;&gt;          &lt;form action=&quot;http://123nhadat.vn/?act=tim-nha-dat&quot; id=&quot;searchFormR&quot; method=&quot;post&quot;&gt;                    &lt;div class=&quot;tit_C cachtren2&quot;&gt;                        &lt;span class=&quot;icon_star_xanh&quot;/&gt;                        Tìm kiếm nhà đất                    &lt;/div&gt;                    &lt;div class=&quot;detail_R&quot;&gt;                        &lt;div class=&quot;timkiem&quot;&gt;                            &lt;label&gt;Địa điểm&lt;/label&gt;                            &lt;input id=&quot;searchlocation&quot; name=&quot;q&quot; placeholder=&quot; Nhập địa điểm bất động sản&quot; title=&quot;&lt;div style='width:190px;'&gt;&lt;div&gt;&lt;strong class='camcam'&gt;Gợi ý&lt;/strong&gt;&lt;/div&gt;                 &lt;ul&gt;                     &lt;li&gt;-Nhập tên tỉnh/thành phố, quận/huyện, phường/xã, đường/phố, dự án; ví dụ: Imperia&lt;/li&gt;                     &lt;li&gt;-Phải chọn các gợi ý chúng tôi đề xuất bên dưới để kết quả chính xác&lt;/li&gt;                     &lt;li&gt;-Nếu không nhập địa điểm ở đây, Quý vị có thể chọn lựa khu vực bằng các ô phía dưới trong công cụ tìm kiếm này&lt;/li&gt;      &lt;li&gt;-Bạn cũng có thể nhập vào đây mã số tài sản để tim theo mã tài sản.&lt;/li&gt;                 &lt;/ul&gt;&lt;/div&gt;&quot; type=&quot;text&quot;/&gt;                            &lt;input id=&quot;Button4&quot; type=&quot;button&quot; value=&quot;&quot;/&gt;                        &lt;/div&gt;                              &lt;div class=&quot;row_timkiemR&quot;&gt;                            &lt;label&gt;Loại tin rao&lt;/label&gt;                            &lt;select id=&quot;cboCategoryR&quot; name=&quot;cboCategory&quot;&gt;                                &lt;option selected=&quot;selected&quot; value=&quot;1&quot;&gt;Nhà đất bán&lt;/option&gt;        &lt;option value=&quot;2&quot;&gt;Nhà đất cho thuê&lt;/option&gt;                            &lt;/select&gt;                        &lt;/div&gt;      &lt;div class=&quot;row_timkiemR&quot;&gt;                            &lt;label&gt;Loại nhà đất&lt;/label&gt;                            &lt;select id=&quot;cboTypeReR&quot; name=&quot;cboTypeRe&quot;&gt;                                &lt;option value=&quot;&quot;&gt;Vui lòng chọn&lt;/option&gt;                            &lt;/select&gt;                        &lt;/div&gt;                        &lt;div class=&quot;row_timkiemR&quot;&gt;                            &lt;label&gt;Tỉnh, thành phố&lt;/label&gt;                            &lt;select id=&quot;cboCityR&quot; name=&quot;cboCity&quot;&gt;                                &lt;option value=&quot;&quot;&gt;Vui lòng chọn&lt;/option&gt;                &lt;option value=&quot;3&quot;&gt;Tp.HCM&lt;/option&gt;        &lt;option value=&quot;2&quot;&gt;Hà Nội&lt;/option&gt;        &lt;option value=&quot;13&quot;&gt;Bình Dương&lt;/option&gt;        &lt;option value=&quot;4&quot;&gt;Hải Phòng&lt;/option&gt;        &lt;option value=&quot;5&quot;&gt;Đà Nẵng&lt;/option&gt;        &lt;option value=&quot;19&quot;&gt;Cần Thơ&lt;/option&gt;        &lt;option value=&quot;115&quot;&gt;Đồng Nai&lt;/option&gt;        &lt;option value=&quot;8&quot;&gt;Bà Rịa Vũng Tàu&lt;/option&gt;        &lt;option value=&quot;125&quot;&gt;Khánh Hòa&lt;/option&gt;        &lt;option value=&quot;132&quot;&gt;Long An&lt;/option&gt;        &lt;option value=&quot;6&quot;&gt;Thừa Thiên Huế&lt;/option&gt;        &lt;option value=&quot;7&quot;&gt;An Giang&lt;/option&gt;                &lt;option value=&quot;9&quot;&gt;Bạc Liêu&lt;/option&gt;        &lt;option value=&quot;10&quot;&gt;Bắc Cạn&lt;/option&gt;        &lt;option value=&quot;1&quot;&gt;Bắc Giang&lt;/option&gt;        &lt;option value=&quot;11&quot;&gt;Bắc Ninh&lt;/option&gt;        &lt;option value=&quot;12&quot;&gt;Bắc Giang&lt;/option&gt;                &lt;option value=&quot;14&quot;&gt;Bình Định&lt;/option&gt;        &lt;option value=&quot;15&quot;&gt;Bình Phước&lt;/option&gt;        &lt;option value=&quot;16&quot;&gt;Bình Thuận&lt;/option&gt;        &lt;option value=&quot;17&quot;&gt;Cà Mau&lt;/option&gt;        &lt;option value=&quot;18&quot;&gt;Cao Bằng&lt;/option&gt;                &lt;option value=&quot;103&quot;&gt;Đắk Lắk&lt;/option&gt;                &lt;option value=&quot;116&quot;&gt;Đồng Tháp&lt;/option&gt;        &lt;option value=&quot;117&quot;&gt;Gia Lai&lt;/option&gt;        &lt;option value=&quot;118&quot;&gt;Hà  Giang&lt;/option&gt;        &lt;option value=&quot;119&quot;&gt;Hà Nam&lt;/option&gt;        &lt;option value=&quot;121&quot;&gt;Hà Tĩnh&lt;/option&gt;        &lt;option value=&quot;122&quot;&gt;Hải Dương&lt;/option&gt;        &lt;option value=&quot;123&quot;&gt;Hòa Bình&lt;/option&gt;        &lt;option value=&quot;124&quot;&gt;Hưng Yên&lt;/option&gt;                &lt;option value=&quot;126&quot;&gt;Kiên Giang&lt;/option&gt;        &lt;option value=&quot;127&quot;&gt;Kon Tum&lt;/option&gt;        &lt;option value=&quot;128&quot;&gt;Lai Châu&lt;/option&gt;        &lt;option value=&quot;129&quot;&gt;Lạng Sơn&lt;/option&gt;        &lt;option value=&quot;130&quot;&gt;Lào Cai&lt;/option&gt;        &lt;option value=&quot;131&quot;&gt;Lâm Đồng&lt;/option&gt;                &lt;option value=&quot;133&quot;&gt;Nam Định&lt;/option&gt;        &lt;option value=&quot;134&quot;&gt;Nghệ An&lt;/option&gt;        &lt;option value=&quot;135&quot;&gt;Ninh Bình&lt;/option&gt;        &lt;option value=&quot;136&quot;&gt;Ninh Thuận&lt;/option&gt;        &lt;option value=&quot;137&quot;&gt;Phú Thọ&lt;/option&gt;        &lt;option value=&quot;138&quot;&gt;Phú Yên&lt;/option&gt;        &lt;option value=&quot;139&quot;&gt;Quảng Bình&lt;/option&gt;        &lt;option value=&quot;140&quot;&gt;Quảng Nam&lt;/option&gt;        &lt;option value=&quot;141&quot;&gt;Quảng Ngãi&lt;/option&gt;        &lt;option value=&quot;142&quot;&gt;Quảng Ninh&lt;/option&gt;        &lt;option value=&quot;143&quot;&gt;Quảng Trị&lt;/option&gt;        &lt;option value=&quot;144&quot;&gt;Sóc Trăng&lt;/option&gt;        &lt;option value=&quot;145&quot;&gt;Sơn La&lt;/option&gt;        &lt;option value=&quot;146&quot;&gt;Tây Ninh&lt;/option&gt;        &lt;option value=&quot;147&quot;&gt;Thái Bình&lt;/option&gt;        &lt;option value=&quot;148&quot;&gt;Thái Nguyên&lt;/option&gt;        &lt;option value=&quot;149&quot;&gt;Thanh Hóa&lt;/option&gt;        &lt;option value=&quot;150&quot;&gt;Tiền Giang&lt;/option&gt;        &lt;option value=&quot;151&quot;&gt;Trà Vinh&lt;/option&gt;        &lt;option value=&quot;152&quot;&gt;Tuyên Quang&lt;/option&gt;        &lt;option value=&quot;153&quot;&gt;Vĩnh Long&lt;/option&gt;        &lt;option value=&quot;154&quot;&gt;Vĩnh Phúc&lt;/option&gt;        &lt;option value=&quot;155&quot;&gt;Yên Bái&lt;/option&gt;        &lt;option value=&quot;156&quot;&gt;Điện Biên&lt;/option&gt;        &lt;option value=&quot;157&quot;&gt;Đắk Nông&lt;/option&gt;        &lt;option value=&quot;158&quot;&gt;Hậu Giang&lt;/option&gt;                            &lt;/select&gt;                        &lt;/div&gt;                        &lt;div class=&quot;row_timkiemR&quot;&gt;                            &lt;label&gt;Theo quận, huyện&lt;/label&gt;                            &lt;select id=&quot;cboDistrictR&quot; name=&quot;cboDistrict&quot;&gt;                                &lt;option selected=&quot;selected&quot;&gt;Vui lòng chọn&lt;/option&gt;                            &lt;/select&gt;                        &lt;/div&gt;                        &lt;div class=&quot;row_timkiemR&quot; id=&quot;divWard&quot;&gt;                            &lt;label&gt;Theo phường, xã&lt;/label&gt;                            &lt;select id=&quot;cboWardR&quot; name=&quot;cboWard&quot;&gt;                                &lt;option selected=&quot;selected&quot;&gt;Vui lòng chọn&lt;/option&gt;                            &lt;/select&gt;                        &lt;/div&gt;                        &lt;div class=&quot;row_timkiemR&quot; id=&quot;divStreet&quot;&gt;                            &lt;label&gt;Theo đường phố&lt;/label&gt;                            &lt;select id=&quot;cboStreetR&quot; name=&quot;cboStreet&quot;&gt;                                &lt;option selected=&quot;selected&quot;&gt;Vui lòng chọn&lt;/option&gt;                            &lt;/select&gt;                        &lt;/div&gt;                        &lt;div class=&quot;row_timkiemR&quot; id=&quot;divProj&quot;&gt;                            &lt;label&gt;Theo dự án&lt;/label&gt;                            &lt;select id=&quot;cboProjR&quot; name=&quot;cboProj&quot;&gt;                                &lt;option selected=&quot;selected&quot;&gt;Vui lòng chọn&lt;/option&gt;                            &lt;/select&gt;                        &lt;/div&gt;      &lt;div class=&quot;row_timkiemR&quot; id=&quot;divPlace&quot;&gt;                            &lt;label&gt;Tìm gần trường&lt;/label&gt;                            &lt;select id=&quot;cboNearPlaceR&quot; name=&quot;cboNearPlace&quot;&gt;                                &lt;option selected=&quot;selected&quot;&gt;Vui lòng chọn&lt;/option&gt;                            &lt;/select&gt;                        &lt;/div&gt;                        &lt;div class=&quot;row_timkiemR&quot;&gt;                            &lt;label&gt;Theo diện tích&lt;/label&gt;                            &lt;select id=&quot;cboAreaR&quot; name=&quot;cboArea&quot;&gt;                                &lt;option value=&quot;&quot;&gt;---Chọn diện tích---&lt;/option&gt;        &lt;option value=&quot;1&quot;&gt;Không xác định&lt;/option&gt;        &lt;option value=&quot;2&quot;&gt;&lt;= 30 m2&lt;/option&gt;        &lt;option value=&quot;3&quot;&gt;30-50 m2&lt;/option&gt;        &lt;option value=&quot;4&quot;&gt;50-100 m2&lt;/option&gt;        &lt;option value=&quot;5&quot;&gt;100-200 m2&lt;/option&gt;        &lt;option value=&quot;6&quot;&gt;200-300 m2&lt;/option&gt;        &lt;option value=&quot;7&quot;&gt;300-400 m2&lt;/option&gt;        &lt;option value=&quot;8&quot;&gt;400-500 m2&lt;/option&gt;        &lt;option value=&quot;9&quot;&gt;&gt;=500 m2&lt;/option&gt;                            &lt;/select&gt;                        &lt;/div&gt;                        &lt;div class=&quot;row_timkiemR&quot;&gt;                            &lt;label&gt;Theo mức giá&lt;/label&gt;                            &lt;select id=&quot;cboPriceR&quot; name=&quot;cboPrice&quot;&gt;                                &lt;option selected=&quot;selected&quot;&gt;Vui lòng chọn&lt;/option&gt;                            &lt;/select&gt;                        &lt;/div&gt;                        &lt;div class=&quot;row_timkiemR&quot;&gt;       &lt;input name=&quot;come_from&quot; type=&quot;hidden&quot; value=&quot;2&quot;/&gt;                            &lt;a href=&quot;javascript:void(0)&quot; onclick=&quot;$('#searchFormR').submit();&quot;&gt;Tìm kiếm&lt;/a&gt;                            &lt;a href=&quot;javascript:void(0);&quot; id=&quot;showAdvSearch&quot; onclick=&quot;ShowAdvSearch();&quot;&gt;Bỏ tìm nâng cao&lt;/a&gt;                        &lt;/div&gt;                    &lt;/div&gt;     &lt;/form&gt;                &lt;/div&gt;" SourceIndex="2705" TextLen="183" order="13" xPath="/#document/html/body/div[4]/div[0]/div[1]/div[1]/div[0]/form[1]/div[11]/div[2]/a[0]/#text"/>
</LayoutNode>
<LayoutNode BgColor="#5eab1f" ContainImg="0" ContainP="0" ContainTable="false" Content="ĐẶC ĐIỂM BẤT ĐỘNG SẢN " DOMCldNum="5" DoC="5" FontSize="11" FontWeight="700" FrameSourceIndex="0" ID="1-6" IsImg="false" LinkNum="0" LinkTextLen="0" ObjectRectHeight="20" ObjectRectLeft="0" ObjectRectTop="1317" ObjectRectWidth="1420" SRC="&lt;div xmlns=&quot;http://www.w3.org/1999/xhtml&quot; class=&quot;tit_C&quot; id=&quot;dacdiembds&quot;&gt;                        &lt;span class=&quot;icon_star_xanh&quot;/&gt;                        Đặc điểm bất động sản                    &lt;/div&gt;" SourceIndex="1529" TextLen="21" order="14" xPath="/#document/html/body/div[4]/div[0]/div[0]/div[24]/div[0]/div[1]/#text"/>
<LayoutNode BgColor="#ffffff" ContainImg="0" ContainP="0" ContainTable="false" DOMCldNum="9" DoC="5" FontSize="13" FontWeight="bold" FrameSourceIndex="0" ID="1-7" IsImg="false" LinkNum="23" LinkTextLen="426" ObjectRectHeight="716" ObjectRectLeft="0" ObjectRectTop="1361" ObjectRectWidth="1420" SourceIndex="1534" TextLen="1118" order="15">
<LayoutNode BgColor="#ffffff" ContainImg="0" ContainP="0" ContainTable="false" DOMCldNum="9" DoC="5" FontSize="13" FontWeight="bold" FrameSourceIndex="0" ID="1-7-1" IsImg="false" LinkNum="2" LinkTextLen="40" ObjectRectHeight="716" ObjectRectLeft="0" ObjectRectTop="1361" ObjectRectWidth="900" SourceIndex="1534" TextLen="570" order="16">
<LayoutNode BgColor="#ffffff" ContainImg="0" ContainP="0" ContainTable="false" DOMCldNum="9" DoC="5" FontSize="13" FontWeight="bold" FrameSourceIndex="0" ID="1-7-1-1" IsImg="false" LinkNum="0" LinkTextLen="0" ObjectRectHeight="246" ObjectRectLeft="0" ObjectRectTop="1361" ObjectRectWidth="900" SourceIndex="1534" TextLen="473" order="17">
<LayoutNode BgColor="#ffffff" ContainImg="0" ContainP="0" ContainTable="false" Content="Bán nhà riêng tại Đường Võ Văn Kiệt,Phường Hòa Phú,Thành phố Thủ Dầu Một,Bình Dương,giá Thỏa thuận,diện tích 223 m2 " DOMCldNum="9" DoC="5" FontSize="13" FontWeight="bold" FrameSourceIndex="0" ID="1-7-1-1-1" IsImg="false" LinkNum="0" LinkTextLen="0" ObjectRectHeight="57" ObjectRectLeft="0" ObjectRectTop="1361" ObjectRectWidth="900" SRC="&lt;div xmlns=&quot;http://www.w3.org/1999/xhtml&quot; style=&quot;margin-bottom: 8px;font-weight:bold;&quot;&gt;&lt;h2&gt;&lt;b&gt;Bán nhà riêng tại Đường Võ Văn Kiệt,Phường Hòa Phú,Thành phố Thủ Dầu Một,Bình Dương,giá Thỏa thuận,diện tích 223 m2&lt;/b&gt;&lt;/h2&gt;&lt;/div&gt;" SourceIndex="1536" TextLen="116" order="18" xPath="/#document/html/body/div[4]/div[0]/div[0]/div[24]/div[1]/div[0]/div[0]/h2[0]/b[0]/#text"/>
<LayoutNode BgColor="#ffffff" ContainImg="0" ContainP="0" ContainTable="false" Content="Địa chỉ của bất động sản : 29. Đường 21, Khu Tái Định Cư Định Hòa, Hòa Phú. " DOMCldNum="9" DoC="10" FontSize="13" FontWeight="normal" FrameSourceIndex="0" ID="1-7-1-1-2" IsImg="false" LinkNum="0" LinkTextLen="0" ObjectRectHeight="24" ObjectRectLeft="0" ObjectRectTop="1427" ObjectRectWidth="900" SRC="&lt;div xmlns=&quot;http://www.w3.org/1999/xhtml&quot; style=&quot;margin-bottom: 8px;&quot;&gt;Địa chỉ của bất động sản : 29. Đường 21, Khu Tái Định Cư Định Hòa, Hòa Phú. &lt;/div&gt;" SourceIndex="1541" TextLen="75" order="19" xPath="/#document/html/body/div[4]/div[0]/div[0]/div[24]/div[1]/div[1]/div[0]/#text"/>
<LayoutNode BgColor="#ffffff" ContainImg="0" ContainP="0" ContainTable="false" Content="Lần cập nhật gần đây nhất là vào : 07:52 04/03/2020 " DOMCldNum="9" DoC="10" FontSize="13" FontWeight="normal" FrameSourceIndex="0" ID="1-7-1-1-3" IsImg="false" LinkNum="0" LinkTextLen="0" ObjectRectHeight="24" ObjectRectLeft="0" ObjectRectTop="1459" ObjectRectWidth="900" SRC="&lt;div xmlns=&quot;http://www.w3.org/1999/xhtml&quot; style=&quot;margin-bottom: 8px;&quot;&gt;Lần cập nhật gần đây nhất là vào : 07:52 04/03/2020&lt;/div&gt;" SourceIndex="1544" TextLen="51" order="20" xPath="/#document/html/body/div[4]/div[0]/div[0]/div[24]/div[1]/div[2]/div[0]/#text"/>
<LayoutNode BgColor="#ffffff" ContainImg="0" ContainP="0" ContainTable="false" Content="Mã tin: 4292695Ngày đăng tin: 03/03/2020Ngày hết hạn: 13/03/2020Giá: Thỏa thuậnDiện tích: 223 m2Diện tích khuôn viên:6 m x 20 mDiện tích xây dựng:6 m x 20 mPháp lý: Sổ hồngVị trí: Mặt tiền đường1 tầng2 phòng ngủHướng nhà: Tây Bắc " DOMCldNum="9" DoC="8" FontSize="13" FontWeight="normal" FrameSourceIndex="0" ID="1-7-1-1-4" IsImg="false" LinkNum="0" LinkTextLen="0" ObjectRectHeight="116" ObjectRectLeft="0" ObjectRectTop="1491" ObjectRectWidth="900" SRC="&lt;ul xmlns=&quot;http://www.w3.org/1999/xhtml&quot; class=&quot;thongsonha&quot;&gt;                            &lt;li&gt;Mã tin: 4292695&lt;/li&gt;              &lt;li&gt;Ngày đăng tin: 03/03/2020&lt;/li&gt;       &lt;li&gt;Ngày hết hạn: 13/03/2020&lt;/li&gt;       &lt;li&gt;Giá: Thỏa thuận&lt;/li&gt;       &lt;li&gt;Diện tích: 223 m2&lt;/li&gt;       &lt;li&gt;Diện tích khuôn viên:6 m x 20 m&lt;/li&gt;                            &lt;li&gt;Diện tích xây dựng:6 m x 20 m&lt;/li&gt;       &lt;li&gt;Pháp lý: Sổ hồng&lt;/li&gt;                            &lt;li&gt;Vị trí: Mặt tiền đường&lt;/li&gt;                            &lt;li&gt;1 tầng&lt;/li&gt;                            &lt;li&gt;2 phòng ngủ&lt;/li&gt;                                                        &lt;li&gt;Hướng nhà: Tây Bắc&lt;/li&gt;                               &lt;/ul&gt;" SourceIndex="1547" TextLen="231" order="21" xPath="/#document/html/body/div[4]/div[0]/div[0]/div[24]/div[1]/div[3]/ul[11]/li[0]/#text"/>
</LayoutNode>
<LayoutNode BgColor="#5eab1f" ContainImg="0" ContainP="0" ContainTable="false" Content="TIỆN ÍCH XUNNG QUANH " DOMCldNum="9" DoC="5" FontSize="11" FontWeight="700" FrameSourceIndex="0" ID="1-7-1-2" IsImg="false" LinkNum="0" LinkTextLen="0" ObjectRectHeight="20" ObjectRectLeft="0" ObjectRectTop="1651" ObjectRectWidth="900" SRC="&lt;div xmlns=&quot;http://www.w3.org/1999/xhtml&quot; class=&quot;tit_C&quot;&gt;                        &lt;span class=&quot;icon_star_xanh&quot;/&gt;                        Tiện ích xunng quanh                    &lt;/div&gt;" SourceIndex="1615" TextLen="20" order="22" xPath="/#document/html/body/div[4]/div[0]/div[0]/div[33]/div[0]/div[1]/#text"/>
<LayoutNode BgColor="#ffffff" ContainImg="0" ContainP="0" ContainTable="false" Content="Vị trí nhà đất Tiện ích bản đồ xung quanh " DOMCldNum="9" DoC="5" FontSize="13" FontWeight="normal" FrameSourceIndex="0" ID="1-7-1-3" IsImg="false" LinkNum="2" LinkTextLen="40" ObjectRectHeight="34" ObjectRectLeft="0" ObjectRectTop="1684" ObjectRectWidth="900" SRC="&lt;div xmlns=&quot;http://www.w3.org/1999/xhtml&quot; class=&quot;detail_C&quot;&gt;                        &lt;ul id=&quot;countrytabs&quot;&gt;                            &lt;li&gt;&lt;a class=&quot;ntctab&quot; href=&quot;#map1&quot;&gt;Vị trí nhà đất&lt;/a&gt;&lt;/li&gt;                            &lt;li&gt;&lt;a class=&quot;ntctab&quot; href=&quot;#map2&quot;&gt;Tiện ích bản đồ xung quanh&lt;/a&gt;&lt;/li&gt;                            &lt;/ul&gt;                    &lt;/div&gt;" SourceIndex="1620" TextLen="40" order="23" xPath="/#document/html/body/div[4]/div[0]/div[0]/div[33]/div[1]/div[0]/ul[1]/li[0]/a[0]/#text"/>
<LayoutNode BgColor="#ffffff" ContainImg="0" ContainP="0" ContainTable="false" Content="Chọn bán kính để xem: 500m 1km 2km 3km 5km " DOMCldNum="13" DoC="8" FontSize="13" FontWeight="normal" FrameSourceIndex="0" ID="1-7-1-4" IsImg="false" LinkNum="0" LinkTextLen="0" ObjectRectHeight="348" ObjectRectLeft="0" ObjectRectTop="1729" ObjectRectWidth="900" SRC="&lt;li xmlns=&quot;http://www.w3.org/1999/xhtml&quot;&gt;&lt;span&gt;Chọn bán kính để xem:&lt;/span&gt;&lt;/li&gt;&lt;li xmlns=&quot;http://www.w3.org/1999/xhtml&quot;&gt;&lt;input id=&quot;Checkbox6&quot; name=&quot;radNb&quot; type=&quot;radio&quot; value=&quot;500&quot;/&gt;&lt;span&gt;500m&lt;/span&gt;&lt;/li&gt;&lt;li xmlns=&quot;http://www.w3.org/1999/xhtml&quot;&gt;&lt;input id=&quot;Checkbox7&quot; name=&quot;radNb&quot; type=&quot;radio&quot; value=&quot;1000&quot;/&gt;&lt;span&gt;1km&lt;/span&gt;&lt;/li&gt;&lt;li xmlns=&quot;http://www.w3.org/1999/xhtml&quot;&gt;&lt;input id=&quot;Checkbox8&quot; name=&quot;radNb&quot; type=&quot;radio&quot; value=&quot;2000&quot;/&gt;&lt;span&gt;2km&lt;/span&gt;&lt;/li&gt;&lt;li xmlns=&quot;http://www.w3.org/1999/xhtml&quot;&gt;&lt;input id=&quot;Checkbox9&quot; name=&quot;radNb&quot; type=&quot;radio&quot; value=&quot;3000&quot;/&gt;&lt;span&gt;3km&lt;/span&gt;&lt;/li&gt;&lt;li xmlns=&quot;http://www.w3.org/1999/xhtml&quot;&gt;&lt;input id=&quot;Checkbox9&quot; name=&quot;radNb&quot; type=&quot;radio&quot; value=&quot;5000&quot;/&gt;&lt;span&gt;5km&lt;/span&gt;&lt;/li&gt;" SourceIndex="1640" TextLen="37" order="24" xPath="/#document/html/body/div[4]/div[0]/div[0]/div[33]/div[2]/div[1]/div[0]/ul[0]/li[0]/span[0]/#text"/>
</LayoutNode>
<LayoutNode BgColor="#5eab1f" ContainImg="0" ContainP="0" ContainTable="false" DOMCldNum="5" DoC="5" FontSize="11" FontWeight="700" FrameSourceIndex="0" ID="1-7-2" IsImg="false" LinkNum="21" LinkTextLen="386" ObjectRectHeight="716" ObjectRectLeft="915" ObjectRectTop="1361" ObjectRectWidth="505" SourceIndex="3091" TextLen="548" order="25">
<LayoutNode BgColor="#5eab1f" ContainImg="0" ContainP="0" ContainTable="false" Content="BÁN NHÀ RIÊNG THEO ĐƯỜNG/PHỐ TẠI THÀNH PHỐ THỦ DẦU MỘT " DOMCldNum="5" DoC="5" FontSize="11" FontWeight="700" FrameSourceIndex="0" ID="1-7-2-1" IsImg="false" LinkNum="0" LinkTextLen="0" ObjectRectHeight="108" ObjectRectLeft="915" ObjectRectTop="1361" ObjectRectWidth="505" SRC="&lt;div xmlns=&quot;http://www.w3.org/1999/xhtml&quot; class=&quot;tit_C&quot;&gt;                        &lt;span class=&quot;icon_star_xanh&quot;/&gt;                        Bán nhà riêng theo đường/phố tại Thành phố Thủ Dầu Một                    &lt;/div&gt;" SourceIndex="3093" TextLen="53" order="26" xPath="/#document/html/body/div[4]/div[0]/div[1]/div[4]/div[0]/div[1]/#text"/>
<LayoutNode BgColor="#ffffff" ContainImg="0" ContainP="0" ContainTable="false" Content="Đường Lê Hồng Phong (170)Đường Huỳnh Văn Lũy (126)Đường Lê Chí Dân (119)Đường Phú Lợi (110)Đường Nguyễn Thị Minh Khai (78)Đường Đại Lộ Bình Dương (66)Đường Phạm Ngọc Thạch (58)Đường Hồ Văn Cống (53)Đường Nguyễn Đức Thuận (50)Đường 30 Tháng 4 (44)Đường Nguyễn Chí Thanh (43)Đường Phan Đăng Lưu (42)Đường Thích Quảng Đức (31)Đường Hiệp An (23)Đường D8 (23)Đường 1 Tháng 12 (18)Đường Bùi Ngọc Thu (18)Đường ĐX 95 (17)Đường Cách Mạng Tháng 8 (16)Đường Bùi Quốc Khanh (13)Đường Nguyễn Tri Phương (12) " DOMCldNum="3" DoC="8" FontSize="13" FontWeight="normal" FrameSourceIndex="0" ID="1-7-2-2" IsImg="false" LinkNum="21" LinkTextLen="386" ObjectRectHeight="584" ObjectRectLeft="915" ObjectRectTop="1493" ObjectRectWidth="505" SRC="&lt;ul xmlns=&quot;http://www.w3.org/1999/xhtml&quot; class=&quot;nhadatVN&quot;&gt;                                   &lt;li&gt;&lt;a href=&quot;http://123nhadat.vn/raovat-c8/ban-nha-rieng-tai-duong-le-hong-phong-14390&quot; title=&quot;Bán nhà riêng tại Đường Lê Hồng Phong,Thành phố Thủ Dầu Một&quot;&gt;Đường Lê Hồng Phong&lt;/a&gt; (&lt;span style=&quot;color:green&quot;&gt;170&lt;/span&gt;)&lt;/li&gt;                                   &lt;li&gt;&lt;a href=&quot;http://123nhadat.vn/raovat-c8/ban-nha-rieng-tai-duong-huynh-van-luy-14072&quot; title=&quot;Bán nhà riêng tại Đường Huỳnh Văn Lũy,Thành phố Thủ Dầu Một&quot;&gt;Đường Huỳnh Văn Lũy&lt;/a&gt; (&lt;span style=&quot;color:green&quot;&gt;126&lt;/span&gt;)&lt;/li&gt;                                   &lt;li&gt;&lt;a href=&quot;http://123nhadat.vn/raovat-c8/ban-nha-rieng-tai-duong-le-chi-dan-14314&quot; title=&quot;Bán nhà riêng tại Đường Lê Chí Dân,Thành phố Thủ Dầu Một&quot;&gt;Đường Lê Chí Dân&lt;/a&gt; (&lt;span style=&quot;color:green&quot;&gt;119&lt;/span&gt;)&lt;/li&gt;                                   &lt;li&gt;&lt;a href=&quot;http://123nhadat.vn/raovat-c8/ban-nha-rieng-tai-duong-phu-loi-17758&quot; title=&quot;Bán nhà riêng tại Đường Phú Lợi,Thành phố Thủ Dầu Một&quot;&gt;Đường Phú Lợi&lt;/a&gt; (&lt;span style=&quot;color:green&quot;&gt;110&lt;/span&gt;)&lt;/li&gt;                                   &lt;li&gt;&lt;a href=&quot;http://123nhadat.vn/raovat-c8/ban-nha-rieng-tai-duong-nguyen-thi-minh-khai-16468&quot; title=&quot;Bán nhà riêng tại Đường Nguyễn Thị Minh Khai,Thành phố Thủ Dầu Một&quot;&gt;Đường Nguyễn Thị Minh Khai&lt;/a&gt; (&lt;span style=&quot;color:green&quot;&gt;78&lt;/span&gt;)&lt;/li&gt;                                   &lt;li&gt;&lt;a href=&quot;http://123nhadat.vn/raovat-c8/ban-nha-rieng-tai-duong-dai-lo-binh-duong-20886&quot; title=&quot;Bán nhà riêng tại Đường Đại Lộ Bình Dương,Thành phố Thủ Dầu Một&quot;&gt;Đường Đại Lộ Bình Dương&lt;/a&gt; (&lt;span style=&quot;color:green&quot;&gt;66&lt;/span&gt;)&lt;/li&gt;                                   &lt;li&gt;&lt;a href=&quot;http://123nhadat.vn/raovat-c8/ban-nha-rieng-tai-duong-pham-ngoc-thach-17302&quot; title=&quot;Bán nhà riêng tại Đường Phạm Ngọc Thạch,Thành phố Thủ Dầu Một&quot;&gt;Đường Phạm Ngọc Thạch&lt;/a&gt; (&lt;span style=&quot;color:green&quot;&gt;58&lt;/span&gt;)&lt;/li&gt;                                   &lt;li&gt;&lt;a href=&quot;http://123nhadat.vn/raovat-c8/ban-nha-rieng-tai-duong-ho-van-cong-13492&quot; title=&quot;Bán nhà riêng tại Đường Hồ Văn Cống,Thành phố Thủ Dầu Một&quot;&gt;Đường Hồ Văn Cống&lt;/a&gt; (&lt;span style=&quot;color:green&quot;&gt;53&lt;/span&gt;)&lt;/li&gt;                                   &lt;li&gt;&lt;a href=&quot;http://123nhadat.vn/raovat-c8/ban-nha-rieng-tai-duong-nguyen-duc-thuan-17130&quot; title=&quot;Bán nhà riêng tại Đường Nguyễn Đức Thuận,Thành phố Thủ Dầu Một&quot;&gt;Đường Nguyễn Đức Thuận&lt;/a&gt; (&lt;span style=&quot;color:green&quot;&gt;50&lt;/span&gt;)&lt;/li&gt;                                   &lt;li&gt;&lt;a href=&quot;http://123nhadat.vn/raovat-c8/ban-nha-rieng-tai-duong-30-thang-4-11907&quot; title=&quot;Bán nhà riêng tại Đường 30 Tháng 4,Thành phố Thủ Dầu Một&quot;&gt;Đường 30 Tháng 4&lt;/a&gt; (&lt;span style=&quot;color:green&quot;&gt;44&lt;/span&gt;)&lt;/li&gt;                                   &lt;li&gt;&lt;a href=&quot;http://123nhadat.vn/raovat-c8/ban-nha-rieng-tai-duong-nguyen-chi-thanh-15861&quot; title=&quot;Bán nhà riêng tại Đường Nguyễn Chí Thanh,Thành phố Thủ Dầu Một&quot;&gt;Đường Nguyễn Chí Thanh&lt;/a&gt; (&lt;span style=&quot;color:green&quot;&gt;43&lt;/span&gt;)&lt;/li&gt;                                   &lt;li&gt;&lt;a href=&quot;http://123nhadat.vn/raovat-c8/ban-nha-rieng-tai-duong-phan-dang-luu-17644&quot; title=&quot;Bán nhà riêng tại Đường Phan Đăng Lưu,Thành phố Thủ Dầu Một&quot;&gt;Đường Phan Đăng Lưu&lt;/a&gt; (&lt;span style=&quot;color:green&quot;&gt;42&lt;/span&gt;)&lt;/li&gt;                                   &lt;li&gt;&lt;a href=&quot;http://123nhadat.vn/raovat-c8/ban-nha-rieng-tai-duong-thich-quang-duc-18867&quot; title=&quot;Bán nhà riêng tại Đường Thích Quảng Đức,Thành phố Thủ Dầu Một&quot;&gt;Đường Thích Quảng Đức&lt;/a&gt; (&lt;span style=&quot;color:green&quot;&gt;31&lt;/span&gt;)&lt;/li&gt;                                   &lt;li&gt;&lt;a href=&quot;http://123nhadat.vn/raovat-c8/ban-nha-rieng-tai-duong-hiep-an-13422&quot; title=&quot;Bán nhà riêng tại Đường Hiệp An,Thành phố Thủ Dầu Một&quot;&gt;Đường Hiệp An&lt;/a&gt; (&lt;span style=&quot;color:green&quot;&gt;23&lt;/span&gt;)&lt;/li&gt;                                   &lt;li&gt;&lt;a href=&quot;http://123nhadat.vn/raovat-c8/ban-nha-rieng-tai-duong-d8-21637&quot; title=&quot;Bán nhà riêng tại Đường D8,Thành phố Thủ Dầu Một&quot;&gt;Đường D8&lt;/a&gt; (&lt;span style=&quot;color:green&quot;&gt;23&lt;/span&gt;)&lt;/li&gt;                                   &lt;li&gt;&lt;a href=&quot;http://123nhadat.vn/raovat-c8/ban-nha-rieng-tai-duong-1-thang-12-11823&quot; title=&quot;Bán nhà riêng tại Đường 1 Tháng 12,Thành phố Thủ Dầu Một&quot;&gt;Đường 1 Tháng 12&lt;/a&gt; (&lt;span style=&quot;color:green&quot;&gt;18&lt;/span&gt;)&lt;/li&gt;                                   &lt;li&gt;&lt;a href=&quot;http://123nhadat.vn/raovat-c8/ban-nha-rieng-tai-duong-bui-ngoc-thu-12415&quot; title=&quot;Bán nhà riêng tại Đường Bùi Ngọc Thu,Thành phố Thủ Dầu Một&quot;&gt;Đường Bùi Ngọc Thu&lt;/a&gt; (&lt;span style=&quot;color:green&quot;&gt;18&lt;/span&gt;)&lt;/li&gt;                                   &lt;li&gt;&lt;a href=&quot;http://123nhadat.vn/raovat-c8/ban-nha-rieng-tai-duong-dx-95-21921&quot; title=&quot;Bán nhà riêng tại Đường ĐX 95,Thành phố Thủ Dầu Một&quot;&gt;Đường ĐX 95&lt;/a&gt; (&lt;span style=&quot;color:green&quot;&gt;17&lt;/span&gt;)&lt;/li&gt;                                   &lt;li&gt;&lt;a href=&quot;http://123nhadat.vn/raovat-c8/ban-nha-rieng-tai-duong-cach-mang-thang-8-12503&quot; title=&quot;Bán nhà riêng tại Đường Cách Mạng Tháng 8,Thành phố Thủ Dầu Một&quot;&gt;Đường Cách Mạng Tháng 8&lt;/a&gt; (&lt;span style=&quot;color:green&quot;&gt;16&lt;/span&gt;)&lt;/li&gt;                                   &lt;li&gt;&lt;a href=&quot;http://123nhadat.vn/raovat-c8/ban-nha-rieng-tai-duong-bui-quoc-khanh-12419&quot; title=&quot;Bán nhà riêng tại Đường Bùi Quốc Khanh,Thành phố Thủ Dầu Một&quot;&gt;Đường Bùi Quốc Khanh&lt;/a&gt; (&lt;span style=&quot;color:green&quot;&gt;13&lt;/span&gt;)&lt;/li&gt;                                   &lt;li&gt;&lt;a href=&quot;http://123nhadat.vn/raovat-c8/ban-nha-rieng-tai-duong-nguyen-tri-phuong-16661&quot; title=&quot;Bán nhà riêng tại Đường Nguyễn Tri Phương,Thành phố Thủ Dầu Một&quot;&gt;Đường Nguyễn Tri Phương&lt;/a&gt; (&lt;span style=&quot;color:green&quot;&gt;12&lt;/span&gt;)&lt;/li&gt;                               &lt;/ul&gt;" SourceIndex="3100" TextLen="495" order="27" xPath="/#document/html/body/div[4]/div[0]/div[1]/div[4]/div[1]/div[0]/ul[20]/li[2]/#text"/>
</LayoutNode>
</LayoutNode>
<LayoutNode BgColor="#ffffff" ContainImg="1" ContainP="0" ContainTable="false" DOMCldNum="7" DoC="5" FontSize="13" FontWeight="normal" FrameSourceIndex="0" ID="1-8" IsImg="false" LinkNum="3" LinkTextLen="24" ObjectRectHeight="395" ObjectRectLeft="0" ObjectRectTop="2102" ObjectRectWidth="1420" SourceIndex="1638" TextLen="377" order="28">
<LayoutNode BgColor="#ffffff" ContainImg="0" ContainP="0" ContainTable="false" Content="Các nhà đất trong cùng khu vực BDS xung quanh Diện tích Giá Khoảng cách Để xem các nhà đất khác xung quanh vị trí nhà đất hiện tại bạn vui lòng chọn phạm vi bán kính muốn xem Chọn bán kính để xem: 500m 1km 2km 3km 5km Trường học Bệnh viện Cơ quan hành chính Chùa-Nhà thờ " DOMCldNum="7" DoC="8" FontSize="13" FontWeight="normal" FrameSourceIndex="0" ID="1-8-1" IsImg="false" LinkNum="0" LinkTextLen="0" ObjectRectHeight="395" ObjectRectLeft="0" ObjectRectTop="2102" ObjectRectWidth="889" SRC="&lt;div xmlns=&quot;http://www.w3.org/1999/xhtml&quot; class=&quot;list_tienich&quot;&gt;                                &lt;div class=&quot;tit_list_tienich&quot; id=&quot;total_property&quot;&gt;Các nhà đất trong cùng khu vực&lt;/div&gt;                                &lt;div class=&quot;nhaxungquanh&quot;&gt;                                    &lt;span&gt;BDS xung quanh&lt;/span&gt;                                    &lt;label&gt;Diện tích&lt;/label&gt;                                    &lt;strong&gt;Giá&lt;/strong&gt;                                    &lt;span&gt;Khoảng cách&lt;/span&gt;                                &lt;/div&gt;                                &lt;div class=&quot;detail_list_nhaxungquanh tienich_scroll_no&quot; id=&quot;local_info&quot;&gt;                                                                            Để xem các nhà đất khác xung quanh vị trí nhà đất hiện tại bạn vui lòng chọn phạm vi bán kính muốn xem                                                                   &lt;/div&gt;                            &lt;/div&gt;&lt;li xmlns=&quot;http://www.w3.org/1999/xhtml&quot;&gt;&lt;span&gt;Chọn bán kính để xem:&lt;/span&gt;&lt;/li&gt;&lt;li xmlns=&quot;http://www.w3.org/1999/xhtml&quot;&gt;&lt;input id=&quot;Checkbox6&quot; name=&quot;radSchool&quot; type=&quot;radio&quot; value=&quot;500&quot;/&gt;&lt;span&gt;500m&lt;/span&gt;&lt;/li&gt;&lt;li xmlns=&quot;http://www.w3.org/1999/xhtml&quot;&gt;&lt;input id=&quot;Checkbox7&quot; name=&quot;radSchool&quot; type=&quot;radio&quot; value=&quot;1000&quot;/&gt;&lt;span&gt;1km&lt;/span&gt;&lt;/li&gt;&lt;li xmlns=&quot;http://www.w3.org/1999/xhtml&quot;&gt;&lt;input id=&quot;Checkbox8&quot; name=&quot;radSchool&quot; type=&quot;radio&quot; value=&quot;2000&quot;/&gt;&lt;span&gt;2km&lt;/span&gt;&lt;/li&gt;&lt;li xmlns=&quot;http://www.w3.org/1999/xhtml&quot;&gt;&lt;input id=&quot;Checkbox9&quot; name=&quot;radSchool&quot; type=&quot;radio&quot; value=&quot;3000&quot;/&gt;&lt;span&gt;3km&lt;/span&gt;&lt;/li&gt;&lt;li xmlns=&quot;http://www.w3.org/1999/xhtml&quot;&gt;&lt;input id=&quot;Checkbox9&quot; name=&quot;radSchool&quot; type=&quot;radio&quot; value=&quot;5000&quot;/&gt;&lt;span&gt;5km&lt;/span&gt;&lt;/li&gt;&lt;li xmlns=&quot;http://www.w3.org/1999/xhtml&quot;&gt;&lt;input checked=&quot;&quot; id=&quot;school_local&quot; name=&quot;local_group[]&quot; type=&quot;checkbox&quot;/&gt;&lt;span class=&quot;place_01&quot;&gt;Trường học&lt;/span&gt;&lt;/li&gt;&lt;li xmlns=&quot;http://www.w3.org/1999/xhtml&quot;&gt;&lt;input checked=&quot;&quot; id=&quot;hospital_local&quot; name=&quot;local_group[]&quot; type=&quot;checkbox&quot;/&gt;&lt;span class=&quot;place_02&quot;&gt;Bệnh viện&lt;/span&gt;&lt;/li&gt;&lt;li xmlns=&quot;http://www.w3.org/1999/xhtml&quot;&gt;&lt;input checked=&quot;&quot; id=&quot;market_local&quot; name=&quot;local_group[]&quot; type=&quot;checkbox&quot;/&gt;&lt;span class=&quot;place_03&quot;&gt;Cơ quan hành chính&lt;/span&gt;&lt;/li&gt;&lt;li xmlns=&quot;http://www.w3.org/1999/xhtml&quot;&gt;&lt;input checked=&quot;&quot; id=&quot;pagoda_local&quot; name=&quot;local_group[]&quot; type=&quot;checkbox&quot;/&gt;&lt;span class=&quot;place_09&quot;&gt;Chùa-Nhà thờ&lt;/span&gt;&lt;/li&gt;" SourceIndex="1638" TextLen="255" order="29" xPath="/#document/html/body/div[4]/div[0]/div[0]/div[33]/div[2]/div[1]/div[2]/div[2]/div[0]/#text"/>
<LayoutNode BgColor="#5eab1f" ContainImg="1" ContainP="0" ContainTable="false" DOMCldNum="5" DoC="5" FontSize="11" FontWeight="700" FrameSourceIndex="0" ID="1-8-2" IsImg="false" LinkNum="3" LinkTextLen="24" ObjectRectHeight="395" ObjectRectLeft="910" ObjectRectTop="2102" ObjectRectWidth="510" SourceIndex="3278" TextLen="122" order="30">
<LayoutNode BgColor="#5eab1f" ContainImg="0" ContainP="0" ContainTable="false" Content="LIÊN HỆ NGƯỜI ĐĂNG TIN " DOMCldNum="5" DoC="5" FontSize="11" FontWeight="700" FrameSourceIndex="0" ID="1-8-2-1" IsImg="false" LinkNum="0" LinkTextLen="0" ObjectRectHeight="23" ObjectRectLeft="910" ObjectRectTop="2102" ObjectRectWidth="510" SRC="&lt;div xmlns=&quot;http://www.w3.org/1999/xhtml&quot; class=&quot;tit_C&quot;&gt;                        &lt;span class=&quot;icon_star_xanh&quot;/&gt;                        Liên hệ người đăng tin                    &lt;/div&gt;" SourceIndex="3280" TextLen="22" order="31" xPath="/#document/html/body/div[4]/div[0]/div[1]/div[7]/div[0]/div[1]/#text"/>
<LayoutNode BgColor="#ffffff" ContainImg="1" ContainP="0" ContainTable="false" Content="Ban Mai Xanh Phone: 0908488135 Đang rao 7 nhà đất   Họ và tên: Mobile: Email: Tiêu đề: Tin nhắn: Gửi tin nhắn " DOMCldNum="5" DoC="8" FontSize="13" FontWeight="normal" FrameSourceIndex="0" ID="1-8-2-2" IsImg="false" LinkNum="3" LinkTextLen="24" ObjectRectHeight="348" ObjectRectLeft="910" ObjectRectTop="2149" ObjectRectWidth="510" SRC="&lt;div xmlns=&quot;http://www.w3.org/1999/xhtml&quot; class=&quot;detail_R&quot;&gt;                        &lt;div class=&quot;box_moigioi border_none lienhe_dangtin_R&quot;&gt;                            &lt;div class=&quot;img_moigioi&quot;&gt;&lt;a href=&quot;http://123nhadat.vn/thanhvien/tinrao/228378&quot;&gt;&lt;img align=&quot;middle&quot; alt=&quot;Ban Mai Xanh&quot; class=&quot;img&quot; height=&quot;50&quot; src=&quot;http://123nhadat.vn/thumbs/120x122/avatar/noavatar.jpg&quot; width=&quot;50&quot;/&gt;&lt;/a&gt;&lt;/div&gt;                            &lt;ul&gt;                                &lt;li&gt;&lt;a href=&quot;http://123nhadat.vn/thanhvien/tinrao/228378&quot; title=&quot;Xem toàn bộ tin rao của Ban Mai Xanh&quot;&gt;Ban Mai Xanh&lt;/a&gt;&lt;/li&gt;                                                                &lt;li&gt;Phone: 0908488135&lt;/li&gt;                                &lt;li&gt;Đang rao &lt;b style=&quot;color:green&quot;&gt;7&lt;/b&gt; nhà đất&lt;/li&gt;        &lt;li&gt; &lt;/li&gt;                            &lt;/ul&gt;                        &lt;/div&gt;      &lt;form action=&quot;&quot; id=&quot;sendMessForm&quot; name=&quot;sendMessForm&quot;&gt;      &lt;input id=&quot;txtMsgTo&quot; name=&quot;txtMsgTo&quot; type=&quot;hidden&quot; value=&quot;linda.2019.m4@gmail.com&quot;/&gt;                              &lt;div class=&quot;row_lienheR&quot;&gt;                            &lt;label&gt;Họ và tên:&lt;/label&gt;                            &lt;input id=&quot;nameSender&quot; name=&quot;nameSender&quot; placeholder=&quot;Họ tên bạn&quot; type=&quot;text&quot; value=&quot;&quot;/&gt;                        &lt;/div&gt;                        &lt;div class=&quot;row_lienheR&quot;&gt;                            &lt;label&gt;Mobile:&lt;/label&gt;                            &lt;input id=&quot;mobiSender&quot; name=&quot;mobiSender&quot; placeholder=&quot;Di động của bạn&quot; type=&quot;text&quot; value=&quot;&quot;/&gt;                        &lt;/div&gt;                        &lt;div class=&quot;row_lienheR&quot;&gt;                            &lt;label&gt;Email:&lt;/label&gt;                            &lt;input id=&quot;emailSender&quot; name=&quot;emailSender&quot; placeholder=&quot;Email của bạn&quot; type=&quot;text&quot; value=&quot;&quot;/&gt;                        &lt;/div&gt;                              &lt;div class=&quot;row_lienheR&quot;&gt;                            &lt;label&gt;Tiêu đề:&lt;/label&gt;                            &lt;input id=&quot;txtMsgTitle&quot; name=&quot;txtMsgTitle&quot; placeholder=&quot;Tiêu đề tin nhắn&quot; type=&quot;text&quot; value=&quot;Liên hệ từ tin ID: 4292695&quot;/&gt;                        &lt;/div&gt;                        &lt;div class=&quot;row_lienheR&quot;&gt;                            &lt;label&gt;Tin nhắn:&lt;/label&gt;                            &lt;textarea cols=&quot;23&quot; id=&quot;mess_content&quot; name=&quot;mess_content&quot; placeholder=&quot;Nội dung tin nhắn&quot; rows=&quot;3&quot;/&gt;                        &lt;/div&gt;                        &lt;!-- &lt;div class=&quot;row_timkiemR&quot;&gt;                            &lt;input id=&quot;sendmsg&quot; class=&quot;bt_cam&quot; type=&quot;submit&quot; value=&quot;Gửi tin nhắn&quot;&gt;                        &lt;/div&gt; --&gt;      &lt;div class=&quot;row_lienheR&quot;&gt;                            &lt;a class=&quot;bt_cam&quot; href=&quot;javascript:void(0)&quot; onclick=&quot;$('#sendMessForm').submit();&quot;&gt;Gửi tin nhắn&lt;/a&gt;                        &lt;/div&gt;      &lt;/form&gt;                    &lt;/div&gt;" SourceIndex="3285" TextLen="100" order="32" xPath="/#document/html/body/div[4]/div[0]/div[1]/div[7]/div[1]/div[1]/form[7]/div[0]/a[0]/#text"/>
</LayoutNode>
</LayoutNode>
<LayoutNode BgColor="#ffffff" ContainImg="1" ContainP="0" ContainTable="false" DOMCldNum="9" DoC="5" FontSize="13" FontWeight="normal" FrameSourceIndex="0" ID="1-9" IsImg="false" LinkNum="16" LinkTextLen="290" ObjectRectHeight="451" ObjectRectLeft="0" ObjectRectTop="2767" ObjectRectWidth="1420" SourceIndex="1700" TextLen="852" order="33">
<LayoutNode BgColor="#ffffff" ContainImg="1" ContainP="0" ContainTable="false" DOMCldNum="9" DoC="5" FontSize="13" FontWeight="normal" FrameSourceIndex="0" ID="1-9-1" IsImg="false" LinkNum="3" LinkTextLen="91" ObjectRectHeight="451" ObjectRectLeft="0" ObjectRectTop="2767" ObjectRectWidth="889" SourceIndex="1700" TextLen="530" order="34">
<LayoutNode BgColor="#ffffff" ContainImg="0" ContainP="0" ContainTable="false" Content="Các địa điểmĐịa điểmKhoảng cách Vui lòng chọn bán kính và loại địa điểm muốn xem ở trên " DOMCldNum="9" DoC="8" FontSize="13" FontWeight="normal" FrameSourceIndex="0" ID="1-9-1-1" IsImg="false" LinkNum="0" LinkTextLen="0" ObjectRectHeight="133" ObjectRectLeft="0" ObjectRectTop="2767" ObjectRectWidth="889" SRC="&lt;div xmlns=&quot;http://www.w3.org/1999/xhtml&quot; class=&quot;list_tienich&quot;&gt;                                &lt;div class=&quot;tit_list_tienich&quot; id=&quot;total_pos&quot;&gt;Các địa điểm&lt;/div&gt;                                &lt;div class=&quot;diadiem_khoangcach&quot;&gt;&lt;label&gt;Địa điểm&lt;/label&gt;&lt;span&gt;Khoảng cách&lt;/span&gt;&lt;/div&gt;                                &lt;div class=&quot;detail_list_tienich tienich_scroll_no&quot; id=&quot;local_group&quot;&gt;                                    Vui lòng chọn bán kính và loại địa điểm muốn xem ở trên                                &lt;/div&gt;                            &lt;/div&gt;" SourceIndex="1762" TextLen="86" order="35" xPath="/#document/html/body/div[4]/div[0]/div[0]/div[33]/div[2]/div[2]/div[3]/div[2]/div[0]/#text"/>
<LayoutNode BgColor="#5eab1f" ContainImg="0" ContainP="0" ContainTable="false" Content="BÁN NHÀ RIÊNG TẠI ĐƯỜNG VÕ VĂN KIỆT " DOMCldNum="85" DoC="5" FontSize="11" FontWeight="700" FrameSourceIndex="0" ID="1-9-1-2" IsImg="false" LinkNum="0" LinkTextLen="0" ObjectRectHeight="20" ObjectRectLeft="0" ObjectRectTop="2934" ObjectRectWidth="889" SRC="&lt;div xmlns=&quot;http://www.w3.org/1999/xhtml&quot; class=&quot;tit_C&quot;&gt;                        &lt;span class=&quot;icon_star_xanh&quot;/&gt;                        Bán nhà riêng tại Đường Võ Văn Kiệt                    &lt;/div&gt;" SourceIndex="1801" TextLen="35" order="36" xPath="/#document/html/body/div[4]/div[0]/div[0]/div[37]/div[1]/#text"/>
<LayoutNode BgColor="#ffffff" ContainImg="1" ContainP="0" ContainTable="false" DOMCldNum="5" DoC="5" FontSize="13" FontWeight="normal" FrameSourceIndex="0" ID="1-9-1-3" IsImg="false" LinkNum="3" LinkTextLen="91" ObjectRectHeight="208" ObjectRectLeft="0" ObjectRectTop="3010" ObjectRectWidth="889" SourceIndex="1816" TextLen="409" order="37">
<LayoutNode BgColor="#ffffff" ContainImg="0" ContainP="0" ContainTable="false" Content="Nhà mặt tiền kinh doanh, 1 lầu, dt 153m2, 60m tc, SHR, P. Tương Bình Hiệp, TDM, Bình Dương. " DOMCldNum="5" DoC="5" FontSize="13" FontWeight="normal" FrameSourceIndex="0" ID="1-9-1-3-1" IsImg="false" LinkNum="1" LinkTextLen="91" ObjectRectHeight="35" ObjectRectLeft="0" ObjectRectTop="3010" ObjectRectWidth="889" SRC="&lt;div xmlns=&quot;http://www.w3.org/1999/xhtml&quot; class=&quot;tit_nhadatban&quot;&gt;                            &lt;h4&gt;&lt;a href=&quot;http://123nhadat.vn/raovat-t4294043/ban-nha-rieng-tai-duong-ho-van-cong/mat-tien-kinh-doanh-1-lau-dt-153m2-60m-tc-shr-p-tuong-binh-hiep-tdm.html&quot; title=&quot;Nhà mặt tiền kinh doanh, 1 lầu, dt 153m2, 60m tc, SHR, P. Tương Bình Hiệp, TDM, Bình Dương.&quot;&gt;Nhà mặt tiền kinh doanh, 1 lầu, dt 153m2, 60m tc, SHR, P. Tương Bình Hiệp, TDM, Bình Dương.&lt;/a&gt;&lt;/h4&gt;                        &lt;/div&gt;" SourceIndex="1818" TextLen="91" order="38" xPath="/#document/html/body/div[4]/div[0]/div[0]/div[38]/div[1]/div[0]/div[0]/h4[0]/a[0]/#text"/>
<LayoutNode BgColor="#ffffff" ContainImg="1" ContainP="0" ContainTable="false" Content="Cập nhật 16 ngày trước Diện tích: 156 m2 Khu vực: Thành phố Thủ Dầu Một, Bình Dương 1.99 Tỷ Em về quê ở luôn nên cần bán lại mặt tiền kinh doanh gần chợ mới tương bình hiệp, thủ dầu một bình dương.Nhà có kết cấu 1 trệt 1 lầu, 3 phòng ngủ, 2 WC, 1 phòng thờCó sân ô tô rộng 40m2, có cổng rào cao 1m6, tường rào cao 1m2 UBND... " DOMCldNum="5" DoC="8" FontSize="13" FontWeight="normal" FrameSourceIndex="0" ID="1-9-1-3-2" IsImg="false" LinkNum="2" LinkTextLen="0" ObjectRectHeight="159" ObjectRectLeft="0" ObjectRectTop="3059" ObjectRectWidth="889" SRC="&lt;div xmlns=&quot;http://www.w3.org/1999/xhtml&quot; class=&quot;detail_nhadatban&quot;&gt;                            &lt;div class=&quot;img_nhadatban&quot;&gt;                                &lt;a href=&quot;http://123nhadat.vn/raovat-t4294043/ban-nha-rieng-tai-duong-ho-van-cong/mat-tien-kinh-doanh-1-lau-dt-153m2-60m-tc-shr-p-tuong-binh-hiep-tdm.html&quot;&gt;&lt;img alt=&quot;Nhà mặt tiền kinh doanh, 1 lầu, dt 153m2, 60m tc, SHR, P. Tương Bình Hiệp, TDM, Bình Dương.&quot; src=&quot;http://123nhadat.vn/thumbs/155x112/raovat/nhadat_1585379052_B1n7.jpg&quot;/&gt;&lt;/a&gt;                                &lt;span class=&quot;masotin&quot;&gt;MST: 4294043&lt;/span&gt;                                &lt;/div&gt;       &lt;div class=&quot;text_nhadatban&quot;&gt;                                &lt;div class=&quot;info_nhadatban&quot;&gt;                                    &lt;ul&gt;                                    &lt;li&gt;&lt;span class=&quot;datetime&quot;&gt;Cập nhật &lt;span class=&quot;timecolor&quot;&gt;16 ngày trước&lt;/span&gt;&lt;/span&gt;&lt;/li&gt;                                    &lt;li&gt;Diện tích: &lt;span class=&quot;saleboldtext&quot;&gt;156 m2&lt;/span&gt;&lt;/li&gt;                                    &lt;li&gt;Khu vực: &lt;span class=&quot;saleboldtext&quot;&gt;Thành phố Thủ Dầu Một, Bình Dương&lt;/span&gt;&lt;/li&gt;                                &lt;/ul&gt;                                &lt;/div&gt;                                &lt;div class=&quot;contact_nhadatban&quot;&gt;                                    &lt;ul&gt;          &lt;li&gt;           &lt;span id=&quot;luu_4294043&quot;&gt;&lt;a class=&quot;bt_save&quot; href=&quot;javascript:void(0)&quot; onclick=&quot;UpdateListingListRV(0,4294043)&quot; title=&quot;Lưu tin này vào trong danh sách các nhà đất bạn quan tâm,để bạn có thể tiện theo dõi&quot;/&gt;&lt;/span&gt;          &lt;/li&gt;          &lt;li class=&quot;gia&quot;&gt;&lt;strong class=&quot;camcam&quot;&gt;1.99 Tỷ&lt;/strong&gt;&lt;/li&gt;         &lt;/ul&gt;                                &lt;/div&gt;                            &lt;/div&gt;                            &lt;div class=&quot;description_nhadatban&quot;&gt;                                Em về quê ở luôn nên cần bán lại mặt tiền kinh doanh gần chợ mới tương bình hiệp, thủ dầu một bình dương.Nhà có kết cấu 1 trệt 1 lầu, 3 phòng ngủ, 2 WC, 1 phòng thờCó sân ô tô rộng 40m2, có cổng rào cao 1m6, tường rào cao 1m2 UBND...                            &lt;/div&gt;                        &lt;/div&gt;" SourceIndex="1825" TextLen="318" order="39" xPath="/#document/html/body/div[4]/div[0]/div[0]/div[38]/div[1]/div[1]/div[2]/div[0]/#text"/>
</LayoutNode>
</LayoutNode>
<LayoutNode BgColor="#5eab1f" ContainImg="0" ContainP="0" ContainTable="false" DOMCldNum="5" DoC="5" FontSize="11" FontWeight="700" FrameSourceIndex="0" ID="1-9-2" IsImg="false" LinkNum="13" LinkTextLen="199" ObjectRectHeight="451" ObjectRectLeft="910" ObjectRectTop="2767" ObjectRectWidth="510" SourceIndex="3380" TextLen="322" order="40">
<LayoutNode BgColor="#5eab1f" ContainImg="0" ContainP="0" ContainTable="false" Content="BÁN NHÀ RIÊNG THEO PHƯỜNG/XÃ TẠI THÀNH PHỐ THỦ DẦU MỘT " DOMCldNum="5" DoC="5" FontSize="11" FontWeight="700" FrameSourceIndex="0" ID="1-9-2-1" IsImg="false" LinkNum="0" LinkTextLen="0" ObjectRectHeight="43" ObjectRectLeft="910" ObjectRectTop="2767" ObjectRectWidth="510" SRC="&lt;div xmlns=&quot;http://www.w3.org/1999/xhtml&quot; class=&quot;tit_C&quot;&gt;                        &lt;span class=&quot;icon_star_xanh&quot;/&gt;                        Bán nhà riêng theo phường/xã tại Thành phố Thủ Dầu Một                    &lt;/div&gt;" SourceIndex="3382" TextLen="53" order="41" xPath="/#document/html/body/div[4]/div[0]/div[1]/div[10]/div[0]/div[1]/#text"/>
<LayoutNode BgColor="#ffffff" ContainImg="0" ContainP="0" ContainTable="false" Content="Phường Phú Hòa (401)Phường Hiệp Thành (352)Phường Phú Lợi (265)Phường Hiệp An (175)Phường Tân An (155)Phường Chánh Nghĩa (103)Phường Phú Mỹ (85)Phường Tương Bình Hiệp (78)Phường Chánh Mỹ (70)Phường Phú Cường (61)Phường Định Hòa (55)Phường Phú Thọ (38)Phường Phú Tân (9) " DOMCldNum="3" DoC="8" FontSize="13" FontWeight="normal" FrameSourceIndex="0" ID="1-9-2-2" IsImg="false" LinkNum="13" LinkTextLen="199" ObjectRectHeight="384" ObjectRectLeft="910" ObjectRectTop="2834" ObjectRectWidth="510" SRC="&lt;ul xmlns=&quot;http://www.w3.org/1999/xhtml&quot; class=&quot;nhadatVN&quot;&gt;                                   &lt;li&gt;&lt;a href=&quot;http://123nhadat.vn/raovat-c8/ban-nha-rieng-tai-phuong-phu-hoa-6438&quot; title=&quot;Bán nhà riêng tại Phường Phú Hòa,Thành phố Thủ Dầu Một&quot;&gt;Phường Phú Hòa&lt;/a&gt; (&lt;span style=&quot;color:green&quot;&gt;401&lt;/span&gt;)&lt;/li&gt;                                   &lt;li&gt;&lt;a href=&quot;http://123nhadat.vn/raovat-c8/ban-nha-rieng-tai-phuong-hiep-thanh-3238&quot; title=&quot;Bán nhà riêng tại Phường Hiệp Thành,Thành phố Thủ Dầu Một&quot;&gt;Phường Hiệp Thành&lt;/a&gt; (&lt;span style=&quot;color:green&quot;&gt;352&lt;/span&gt;)&lt;/li&gt;                                   &lt;li&gt;&lt;a href=&quot;http://123nhadat.vn/raovat-c8/ban-nha-rieng-tai-phuong-phu-loi-6494&quot; title=&quot;Bán nhà riêng tại Phường Phú Lợi,Thành phố Thủ Dầu Một&quot;&gt;Phường Phú Lợi&lt;/a&gt; (&lt;span style=&quot;color:green&quot;&gt;265&lt;/span&gt;)&lt;/li&gt;                                   &lt;li&gt;&lt;a href=&quot;http://123nhadat.vn/raovat-c8/ban-nha-rieng-tai-phuong-hiep-an-3207&quot; title=&quot;Bán nhà riêng tại Phường Hiệp An,Thành phố Thủ Dầu Một&quot;&gt;Phường Hiệp An&lt;/a&gt; (&lt;span style=&quot;color:green&quot;&gt;175&lt;/span&gt;)&lt;/li&gt;                                   &lt;li&gt;&lt;a href=&quot;http://123nhadat.vn/raovat-c8/ban-nha-rieng-tai-phuong-tan-an-7850&quot; title=&quot;Bán nhà riêng tại Phường Tân An,Thành phố Thủ Dầu Một&quot;&gt;Phường Tân An&lt;/a&gt; (&lt;span style=&quot;color:green&quot;&gt;155&lt;/span&gt;)&lt;/li&gt;                                   &lt;li&gt;&lt;a href=&quot;http://123nhadat.vn/raovat-c8/ban-nha-rieng-tai-phuong-chanh-nghia-2221&quot; title=&quot;Bán nhà riêng tại Phường Chánh Nghĩa,Thành phố Thủ Dầu Một&quot;&gt;Phường Chánh Nghĩa&lt;/a&gt; (&lt;span style=&quot;color:green&quot;&gt;103&lt;/span&gt;)&lt;/li&gt;                                   &lt;li&gt;&lt;a href=&quot;http://123nhadat.vn/raovat-c8/ban-nha-rieng-tai-phuong-phu-my-6529&quot; title=&quot;Bán nhà riêng tại Phường Phú Mỹ,Thành phố Thủ Dầu Một&quot;&gt;Phường Phú Mỹ&lt;/a&gt; (&lt;span style=&quot;color:green&quot;&gt;85&lt;/span&gt;)&lt;/li&gt;                                   &lt;li&gt;&lt;a href=&quot;http://123nhadat.vn/raovat-c8/ban-nha-rieng-tai-phuong-tuong-binh-hiep-9950&quot; title=&quot;Bán nhà riêng tại Phường Tương Bình Hiệp,Thành phố Thủ Dầu Một&quot;&gt;Phường Tương Bình Hiệp&lt;/a&gt; (&lt;span style=&quot;color:green&quot;&gt;78&lt;/span&gt;)&lt;/li&gt;                                   &lt;li&gt;&lt;a href=&quot;http://123nhadat.vn/raovat-c8/ban-nha-rieng-tai-phuong-chanh-my-2220&quot; title=&quot;Bán nhà riêng tại Phường Chánh Mỹ,Thành phố Thủ Dầu Một&quot;&gt;Phường Chánh Mỹ&lt;/a&gt; (&lt;span style=&quot;color:green&quot;&gt;70&lt;/span&gt;)&lt;/li&gt;                                   &lt;li&gt;&lt;a href=&quot;http://123nhadat.vn/raovat-c8/ban-nha-rieng-tai-phuong-phu-cuong-6413&quot; title=&quot;Bán nhà riêng tại Phường Phú Cường,Thành phố Thủ Dầu Một&quot;&gt;Phường Phú Cường&lt;/a&gt; (&lt;span style=&quot;color:green&quot;&gt;61&lt;/span&gt;)&lt;/li&gt;                                   &lt;li&gt;&lt;a href=&quot;http://123nhadat.vn/raovat-c8/ban-nha-rieng-tai-phuong-dinh-hoa-11321&quot; title=&quot;Bán nhà riêng tại Phường Định Hòa,Thành phố Thủ Dầu Một&quot;&gt;Phường Định Hòa&lt;/a&gt; (&lt;span style=&quot;color:green&quot;&gt;55&lt;/span&gt;)&lt;/li&gt;                                   &lt;li&gt;&lt;a href=&quot;http://123nhadat.vn/raovat-c8/ban-nha-rieng-tai-phuong-phu-tho-6616&quot; title=&quot;Bán nhà riêng tại Phường Phú Thọ,Thành phố Thủ Dầu Một&quot;&gt;Phường Phú Thọ&lt;/a&gt; (&lt;span style=&quot;color:green&quot;&gt;38&lt;/span&gt;)&lt;/li&gt;                                   &lt;li&gt;&lt;a href=&quot;http://123nhadat.vn/raovat-c8/ban-nha-rieng-tai-phuong-phu-tan-6582&quot; title=&quot;Bán nhà riêng tại Phường Phú Tân,Thành phố Thủ Dầu Một&quot;&gt;Phường Phú Tân&lt;/a&gt; (&lt;span style=&quot;color:green&quot;&gt;9&lt;/span&gt;)&lt;/li&gt;                               &lt;/ul&gt;" SourceIndex="3389" TextLen="269" order="42" xPath="/#document/html/body/div[4]/div[0]/div[1]/div[10]/div[1]/div[0]/ul[12]/li[2]/#text"/>
</LayoutNode>
</LayoutNode>
<LayoutNode BgColor="#ffffff" ContainImg="1" ContainP="0" ContainTable="false" DOMCldNum="5" DoC="5" FontSize="13" FontWeight="normal" FrameSourceIndex="0" ID="1-10" IsImg="false" LinkNum="3" LinkTextLen="90" ObjectRectHeight="208" ObjectRectLeft="0" ObjectRectTop="3250" ObjectRectWidth="1420" SourceIndex="1882" TextLen="411" order="43">
<LayoutNode BgColor="#ffffff" ContainImg="0" ContainP="0" ContainTable="false" Content="Chuyển về Sài Gòn sinh sống bán gấp nhà cấp 4 105m2 SHR, mặt tiền KD buôn bán, dân đông... " DOMCldNum="5" DoC="5" FontSize="13" FontWeight="normal" FrameSourceIndex="0" ID="1-10-1" IsImg="false" LinkNum="1" LinkTextLen="90" ObjectRectHeight="35" ObjectRectLeft="0" ObjectRectTop="3250" ObjectRectWidth="1420" SRC="&lt;div xmlns=&quot;http://www.w3.org/1999/xhtml&quot; class=&quot;tit_nhadatban&quot;&gt;                            &lt;h4&gt;&lt;a href=&quot;http://123nhadat.vn/raovat-t4293688/ban-nha-rieng-tai-duong-cach-mang-thang-8/chuyen-ve-sai-gon-sinh-song-gap-cap-4-105m2-shr-mat-tien-kd-buon-dan-dong.html&quot; title=&quot;Chuyển về Sài Gòn sinh sống bán gấp nhà cấp 4 105m2 SHR, mặt tiền KD buôn bán, dân đông...&quot;&gt;Chuyển về Sài Gòn sinh sống bán gấp nhà cấp 4 105m2 SHR, mặt tiền KD buôn bán, dân đông...&lt;/a&gt;&lt;/h4&gt;                        &lt;/div&gt;" SourceIndex="1884" TextLen="90" order="44" xPath="/#document/html/body/div[4]/div[0]/div[0]/div[38]/div[2]/div[0]/div[0]/h4[0]/a[0]/#text"/>
<LayoutNode BgColor="#ffffff" ContainImg="1" ContainP="0" ContainTable="false" Content="Cập nhật 23 ngày trước Diện tích: 105 m2 Khu vực: Thành phố Thủ Dầu Một, Bình Dương 1200 Triệu Hiện tại vợ chồng tôi cần vốn kinh doanh nên cần sang gấp nhà cấp 4 đẹp để trang trải tiền trả nợ.- Diện tích: 105m2(5x21m)- Giá bán: 1 tỷ200 triệu.- Bao gồm 2 phòng ngủ, 1 toalet, 1 phòng khách, 1 nhà bếp, sân trước, cổng tường r... " DOMCldNum="5" DoC="8" FontSize="13" FontWeight="normal" FrameSourceIndex="0" ID="1-10-2" IsImg="false" LinkNum="2" LinkTextLen="0" ObjectRectHeight="159" ObjectRectLeft="0" ObjectRectTop="3299" ObjectRectWidth="1420" SRC="&lt;div xmlns=&quot;http://www.w3.org/1999/xhtml&quot; class=&quot;detail_nhadatban&quot;&gt;                            &lt;div class=&quot;img_nhadatban&quot;&gt;                                &lt;a href=&quot;http://123nhadat.vn/raovat-t4293688/ban-nha-rieng-tai-duong-cach-mang-thang-8/chuyen-ve-sai-gon-sinh-song-gap-cap-4-105m2-shr-mat-tien-kd-buon-dan-dong.html&quot;&gt;&lt;img alt=&quot;Chuyển về Sài Gòn sinh sống bán gấp nhà cấp 4 105m2 SHR, mặt tiền KD buôn bán, dân đông...&quot; src=&quot;http://123nhadat.vn/thumbs/155x112/raovat/nhadat_1584763989_tnJ1.jpg&quot;/&gt;&lt;/a&gt;                                &lt;span class=&quot;masotin&quot;&gt;MST: 4293688&lt;/span&gt;                                &lt;/div&gt;       &lt;div class=&quot;text_nhadatban&quot;&gt;                                &lt;div class=&quot;info_nhadatban&quot;&gt;                                    &lt;ul&gt;                                    &lt;li&gt;&lt;span class=&quot;datetime&quot;&gt;Cập nhật &lt;span class=&quot;timecolor&quot;&gt;23 ngày trước&lt;/span&gt;&lt;/span&gt;&lt;/li&gt;                                    &lt;li&gt;Diện tích: &lt;span class=&quot;saleboldtext&quot;&gt;105 m2&lt;/span&gt;&lt;/li&gt;                                    &lt;li&gt;Khu vực: &lt;span class=&quot;saleboldtext&quot;&gt;Thành phố Thủ Dầu Một, Bình Dương&lt;/span&gt;&lt;/li&gt;                                &lt;/ul&gt;                                &lt;/div&gt;                                &lt;div class=&quot;contact_nhadatban&quot;&gt;                                    &lt;ul&gt;          &lt;li&gt;           &lt;span id=&quot;luu_4293688&quot;&gt;&lt;a class=&quot;bt_save&quot; href=&quot;javascript:void(0)&quot; onclick=&quot;UpdateListingListRV(0,4293688)&quot; title=&quot;Lưu tin này vào trong danh sách các nhà đất bạn quan tâm,để bạn có thể tiện theo dõi&quot;/&gt;&lt;/span&gt;          &lt;/li&gt;          &lt;li class=&quot;gia&quot;&gt;&lt;strong class=&quot;camcam&quot;&gt;1200 Triệu&lt;/strong&gt;&lt;/li&gt;         &lt;/ul&gt;                                &lt;/div&gt;                            &lt;/div&gt;                            &lt;div class=&quot;description_nhadatban&quot;&gt;                                Hiện tại vợ chồng tôi cần vốn kinh doanh nên cần sang gấp nhà cấp 4 đẹp để trang trải tiền trả nợ.- Diện tích: 105m2(5x21m)- Giá bán: 1 tỷ200 triệu.- Bao gồm 2 phòng ngủ, 1 toalet, 1 phòng khách, 1 nhà bếp, sân trước, cổng tường r...                            &lt;/div&gt;                        &lt;/div&gt;" SourceIndex="1891" TextLen="321" order="45" xPath="/#document/html/body/div[4]/div[0]/div[0]/div[38]/div[2]/div[1]/div[2]/div[0]/#text"/>
</LayoutNode>
<LayoutNode BgColor="#ffffff" ContainImg="1" ContainP="0" ContainTable="false" DOMCldNum="5" DoC="5" FontSize="13" FontWeight="normal" FrameSourceIndex="0" ID="1-11" IsImg="false" LinkNum="3" LinkTextLen="45" ObjectRectHeight="208" ObjectRectLeft="0" ObjectRectTop="3490" ObjectRectWidth="1420" SourceIndex="1948" TextLen="363" order="46">
<LayoutNode BgColor="#ffffff" ContainImg="0" ContainP="0" ContainTable="false" Content="nhà mới xây 4x30m 1 trệt 2 lầu tt thủ dầu một " DOMCldNum="5" DoC="5" FontSize="13" FontWeight="normal" FrameSourceIndex="0" ID="1-11-1" IsImg="false" LinkNum="1" LinkTextLen="45" ObjectRectHeight="35" ObjectRectLeft="0" ObjectRectTop="3490" ObjectRectWidth="1420" SRC="&lt;div xmlns=&quot;http://www.w3.org/1999/xhtml&quot; class=&quot;tit_nhadatban&quot;&gt;                            &lt;h4&gt;&lt;a href=&quot;http://123nhadat.vn/raovat-t4293423/ban-nha-rieng-tai-duong-nguyen-thi-minh-khai/moi-xay-4x30m-1-tret-2-lau-tt-thu-dau-mot.html&quot; title=&quot;nhà mới xây 4x30m 1 trệt 2 lầu tt thủ dầu một&quot;&gt;nhà mới xây 4x30m 1 trệt 2 lầu tt thủ dầu một&lt;/a&gt;&lt;/h4&gt;                        &lt;/div&gt;" SourceIndex="1950" TextLen="45" order="47" xPath="/#document/html/body/div[4]/div[0]/div[0]/div[38]/div[3]/div[0]/div[0]/h4[0]/a[0]/#text"/>
<LayoutNode BgColor="#ffffff" ContainImg="1" ContainP="0" ContainTable="false" Content="Cập nhật 27 ngày trước Diện tích: 120 m2 Khu vực: Thành phố Thủ Dầu Một, Bình Dương 3.65 Tỷ Bán nhà mới xây ngay trung tâm Thủ Dầu Một để mua khẩu trang phòng dịch Corona- Đường Nguyễn Thị Minh Khai- Diện tích 4*30m 1trệt,2 lầu,4pn,4wc.- Giá 3 tỷ 650 triệu- Hướng Tây Bắc- Tặng miễn phí bộ sofa rèm cửa thảm chân....- Liên... " DOMCldNum="5" DoC="8" FontSize="13" FontWeight="normal" FrameSourceIndex="0" ID="1-11-2" IsImg="false" LinkNum="2" LinkTextLen="0" ObjectRectHeight="159" ObjectRectLeft="0" ObjectRectTop="3539" ObjectRectWidth="1420" SRC="&lt;div xmlns=&quot;http://www.w3.org/1999/xhtml&quot; class=&quot;detail_nhadatban&quot;&gt;                            &lt;div class=&quot;img_nhadatban&quot;&gt;                                &lt;a href=&quot;http://123nhadat.vn/raovat-t4293423/ban-nha-rieng-tai-duong-nguyen-thi-minh-khai/moi-xay-4x30m-1-tret-2-lau-tt-thu-dau-mot.html&quot;&gt;&lt;img alt=&quot;nhà mới xây 4x30m 1 trệt 2 lầu tt thủ dầu một&quot; src=&quot;http://123nhadat.vn/thumbs/155x112/raovat/nhadat_1584418495_xLMY.jpg&quot;/&gt;&lt;/a&gt;                                &lt;span class=&quot;masotin&quot;&gt;MST: 4293423&lt;/span&gt;                                &lt;/div&gt;       &lt;div class=&quot;text_nhadatban&quot;&gt;                                &lt;div class=&quot;info_nhadatban&quot;&gt;                                    &lt;ul&gt;                                    &lt;li&gt;&lt;span class=&quot;datetime&quot;&gt;Cập nhật &lt;span class=&quot;timecolor&quot;&gt;27 ngày trước&lt;/span&gt;&lt;/span&gt;&lt;/li&gt;                                    &lt;li&gt;Diện tích: &lt;span class=&quot;saleboldtext&quot;&gt;120 m2&lt;/span&gt;&lt;/li&gt;                                    &lt;li&gt;Khu vực: &lt;span class=&quot;saleboldtext&quot;&gt;Thành phố Thủ Dầu Một, Bình Dương&lt;/span&gt;&lt;/li&gt;                                &lt;/ul&gt;                                &lt;/div&gt;                                &lt;div class=&quot;contact_nhadatban&quot;&gt;                                    &lt;ul&gt;          &lt;li&gt;           &lt;span id=&quot;luu_4293423&quot;&gt;&lt;a class=&quot;bt_save&quot; href=&quot;javascript:void(0)&quot; onclick=&quot;UpdateListingListRV(0,4293423)&quot; title=&quot;Lưu tin này vào trong danh sách các nhà đất bạn quan tâm,để bạn có thể tiện theo dõi&quot;/&gt;&lt;/span&gt;          &lt;/li&gt;          &lt;li class=&quot;gia&quot;&gt;&lt;strong class=&quot;camcam&quot;&gt;3.65 Tỷ&lt;/strong&gt;&lt;/li&gt;         &lt;/ul&gt;                                &lt;/div&gt;                            &lt;/div&gt;                            &lt;div class=&quot;description_nhadatban&quot;&gt;                                Bán nhà mới xây ngay trung tâm Thủ Dầu Một để mua khẩu trang phòng dịch Corona- Đường Nguyễn Thị Minh Khai- Diện tích 4*30m 1trệt,2 lầu,4pn,4wc.- Giá 3 tỷ 650 triệu- Hướng Tây Bắc- Tặng miễn phí bộ sofa rèm cửa thảm chân....- Liên...                            &lt;/div&gt;                        &lt;/div&gt;" SourceIndex="1957" TextLen="318" order="48" xPath="/#document/html/body/div[4]/div[0]/div[0]/div[38]/div[3]/div[1]/div[2]/div[0]/#text"/>
</LayoutNode>
<LayoutNode BgColor="#ffffff" ContainImg="1" ContainP="0" ContainTable="false" DOMCldNum="7" DoC="5" FontSize="13" FontWeight="normal" FrameSourceIndex="0" ID="1-12" IsImg="false" LinkNum="3" LinkTextLen="66" ObjectRectHeight="208" ObjectRectLeft="0" ObjectRectTop="3730" ObjectRectWidth="1420" SourceIndex="2014" TextLen="342" order="49">
<LayoutNode BgColor="#ffffff" ContainImg="0" ContainP="0" ContainTable="false" Content="Nhà bán 1 trệt 2 lầu P.hiệp thành trung tâm thủ dầu một bình dương " DOMCldNum="7" DoC="5" FontSize="13" FontWeight="normal" FrameSourceIndex="0" ID="1-12-1" IsImg="false" LinkNum="1" LinkTextLen="66" ObjectRectHeight="35" ObjectRectLeft="0" ObjectRectTop="3730" ObjectRectWidth="1420" SRC="&lt;div xmlns=&quot;http://www.w3.org/1999/xhtml&quot; class=&quot;tit_nhadatban&quot;&gt;                            &lt;h4&gt;&lt;a href=&quot;http://123nhadat.vn/raovat-t4293358/ban-nha-rieng-tai-duong-dai-lo-binh-duong/1-tret-2-lau-phiep-thanh-trung-tam-thu-dau-mot.html&quot; title=&quot;Nhà bán 1 trệt 2 lầu P.hiệp thành trung tâm thủ dầu một bình dương &quot;&gt;Nhà bán 1 trệt 2 lầu P.hiệp thành trung tâm thủ dầu một bình dương &lt;/a&gt;&lt;/h4&gt;                        &lt;/div&gt;" SourceIndex="2018" TextLen="66" order="50" xPath="/#document/html/body/div[4]/div[0]/div[0]/div[38]/div[4]/div[1]/div[0]/h4[0]/a[0]/#text"/>
<LayoutNode BgColor="#ffffff" ContainImg="1" ContainP="0" ContainTable="false" Content="Cập nhật 27 ngày trước Diện tích: 100 m2 Khu vực: Thành phố Thủ Dầu Một, Bình Dương 3 Tỷ Còn 10 căn nhà 1 trệt 1 lầu và 1trệt 2 lầu ngay trung tâm Phường Hiệp Thành, TDM.Diện tích 5x20, 5x25, 6x22, Đường nhựa 6m, vị trí rất đẹp.Giá từ 3 tỷ đến 5 tỷ căn.Hỗ trợ vay ngân hàng 50-70%... " DOMCldNum="7" DoC="8" FontSize="13" FontWeight="normal" FrameSourceIndex="0" ID="1-12-2" IsImg="false" LinkNum="2" LinkTextLen="0" ObjectRectHeight="159" ObjectRectLeft="0" ObjectRectTop="3779" ObjectRectWidth="1420" SRC="&lt;div xmlns=&quot;http://www.w3.org/1999/xhtml&quot; class=&quot;detail_nhadatban&quot;&gt;                            &lt;div class=&quot;img_nhadatban&quot;&gt;                                &lt;a href=&quot;http://123nhadat.vn/raovat-t4293358/ban-nha-rieng-tai-duong-dai-lo-binh-duong/1-tret-2-lau-phiep-thanh-trung-tam-thu-dau-mot.html&quot;&gt;&lt;img alt=&quot;Nhà bán 1 trệt 2 lầu P.hiệp thành trung tâm thủ dầu một bình dương &quot; src=&quot;http://123nhadat.vn/thumbs/155x112/raovat/nhadat_1584331482_DVu9.jpg&quot;/&gt;&lt;/a&gt;                                &lt;span class=&quot;masotin&quot;&gt;MST: 4293358&lt;/span&gt;                                &lt;/div&gt;       &lt;div class=&quot;text_nhadatban&quot;&gt;                                &lt;div class=&quot;info_nhadatban&quot;&gt;                                    &lt;ul&gt;                                    &lt;li&gt;&lt;span class=&quot;datetime&quot;&gt;Cập nhật &lt;span class=&quot;timecolor&quot;&gt;27 ngày trước&lt;/span&gt;&lt;/span&gt;&lt;/li&gt;                                    &lt;li&gt;Diện tích: &lt;span class=&quot;saleboldtext&quot;&gt;100 m2&lt;/span&gt;&lt;/li&gt;                                    &lt;li&gt;Khu vực: &lt;span class=&quot;saleboldtext&quot;&gt;Thành phố Thủ Dầu Một, Bình Dương&lt;/span&gt;&lt;/li&gt;                                &lt;/ul&gt;                                &lt;/div&gt;                                &lt;div class=&quot;contact_nhadatban&quot;&gt;                                    &lt;ul&gt;          &lt;li&gt;           &lt;span id=&quot;luu_4293358&quot;&gt;&lt;a class=&quot;bt_save&quot; href=&quot;javascript:void(0)&quot; onclick=&quot;UpdateListingListRV(0,4293358)&quot; title=&quot;Lưu tin này vào trong danh sách các nhà đất bạn quan tâm,để bạn có thể tiện theo dõi&quot;/&gt;&lt;/span&gt;          &lt;/li&gt;          &lt;li class=&quot;gia&quot;&gt;&lt;strong class=&quot;camcam&quot;&gt;3 Tỷ&lt;/strong&gt;&lt;/li&gt;         &lt;/ul&gt;                                &lt;/div&gt;                            &lt;/div&gt;                            &lt;div class=&quot;description_nhadatban&quot;&gt;                                Còn 10 căn nhà 1 trệt 1 lầu và 1trệt 2 lầu ngay trung tâm Phường Hiệp Thành, TDM.Diện tích 5x20, 5x25, 6x22, Đường nhựa 6m, vị trí rất đẹp.Giá từ 3 tỷ đến 5 tỷ căn.Hỗ trợ vay ngân hàng 50-70%...                            &lt;/div&gt;                        &lt;/div&gt;" SourceIndex="2025" TextLen="276" order="51" xPath="/#document/html/body/div[4]/div[0]/div[0]/div[38]/div[4]/div[2]/div[2]/div[0]/#text"/>
</LayoutNode>
<LayoutNode BgColor="#ffffff" ContainImg="1" ContainP="0" ContainTable="false" DOMCldNum="5" DoC="5" FontSize="13" FontWeight="normal" FrameSourceIndex="0" ID="1-13" IsImg="false" LinkNum="3" LinkTextLen="53" ObjectRectHeight="198" ObjectRectLeft="0" ObjectRectTop="3970" ObjectRectWidth="1420" SourceIndex="2082" TextLen="248" order="52">
<LayoutNode BgColor="#ffffff" ContainImg="0" ContainP="0" ContainTable="false" Content="Nhà thành phố Bình dương 2 mặt tiền sỗ riêng 2.350 tỷ " DOMCldNum="5" DoC="5" FontSize="13" FontWeight="normal" FrameSourceIndex="0" ID="1-13-1" IsImg="false" LinkNum="1" LinkTextLen="53" ObjectRectHeight="35" ObjectRectLeft="0" ObjectRectTop="3970" ObjectRectWidth="1420" SRC="&lt;div xmlns=&quot;http://www.w3.org/1999/xhtml&quot; class=&quot;tit_nhadatban&quot;&gt;                            &lt;h4&gt;&lt;a href=&quot;http://123nhadat.vn/raovat-t4293225/ban-nha-rieng-tai-duong-30-thang-4/thanh-pho-binh-2-mat-tien-so-2350-ty.html&quot; title=&quot;Nhà thành phố Bình dương 2 mặt tiền sỗ riêng 2.350 tỷ&quot;&gt;Nhà thành phố Bình dương 2 mặt tiền sỗ riêng 2.350 tỷ&lt;/a&gt;&lt;/h4&gt;                        &lt;/div&gt;" SourceIndex="2084" TextLen="53" order="53" xPath="/#document/html/body/div[4]/div[0]/div[0]/div[38]/div[5]/div[0]/div[0]/h4[0]/a[0]/#text"/>
<LayoutNode BgColor="#ffffff" ContainImg="1" ContainP="0" ContainTable="false" Content="Cập nhật lúc 11h44 ngày 13/03/2020 Diện tích: 87.5 m2 Khu vực: Thành phố Thủ Dầu Một, Bình Dương 2.35 Tỷ Bán nhà thành phố Bình dương đường rộng xe hơi ra vào thuận tiện nhà 2 mặt tiền gần bệnh viện... " DOMCldNum="5" DoC="8" FontSize="13" FontWeight="normal" FrameSourceIndex="0" ID="1-13-2" IsImg="false" LinkNum="2" LinkTextLen="0" ObjectRectHeight="149" ObjectRectLeft="0" ObjectRectTop="4019" ObjectRectWidth="1420" SRC="&lt;div xmlns=&quot;http://www.w3.org/1999/xhtml&quot; class=&quot;detail_nhadatban&quot;&gt;                            &lt;div class=&quot;img_nhadatban&quot;&gt;                                &lt;a href=&quot;http://123nhadat.vn/raovat-t4293225/ban-nha-rieng-tai-duong-30-thang-4/thanh-pho-binh-2-mat-tien-so-2350-ty.html&quot;&gt;&lt;img alt=&quot;Nhà thành phố Bình dương 2 mặt tiền sỗ riêng 2.350 tỷ&quot; src=&quot;http://123nhadat.vn/thumbs/155x112/raovat/nhadat_1584073736_jDrU.jpg&quot;/&gt;&lt;/a&gt;                                &lt;span class=&quot;masotin&quot;&gt;MST: 4293225&lt;/span&gt;                                &lt;/div&gt;       &lt;div class=&quot;text_nhadatban&quot;&gt;                                &lt;div class=&quot;info_nhadatban&quot;&gt;                                    &lt;ul&gt;                                    &lt;li&gt;&lt;span class=&quot;datetime&quot;&gt;Cập nhật lúc &lt;span class=&quot;timecolor&quot;&gt;11h44 ngày 13/03/2020&lt;/span&gt;&lt;/span&gt;&lt;/li&gt;                                    &lt;li&gt;Diện tích: &lt;span class=&quot;saleboldtext&quot;&gt;87.5 m2&lt;/span&gt;&lt;/li&gt;                                    &lt;li&gt;Khu vực: &lt;span class=&quot;saleboldtext&quot;&gt;Thành phố Thủ Dầu Một, Bình Dương&lt;/span&gt;&lt;/li&gt;                                &lt;/ul&gt;                                &lt;/div&gt;                                &lt;div class=&quot;contact_nhadatban&quot;&gt;                                    &lt;ul&gt;          &lt;li&gt;           &lt;span id=&quot;luu_4293225&quot;&gt;&lt;a class=&quot;bt_save&quot; href=&quot;javascript:void(0)&quot; onclick=&quot;UpdateListingListRV(0,4293225)&quot; title=&quot;Lưu tin này vào trong danh sách các nhà đất bạn quan tâm,để bạn có thể tiện theo dõi&quot;/&gt;&lt;/span&gt;          &lt;/li&gt;          &lt;li class=&quot;gia&quot;&gt;&lt;strong class=&quot;camcam&quot;&gt;2.35 Tỷ&lt;/strong&gt;&lt;/li&gt;         &lt;/ul&gt;                                &lt;/div&gt;                            &lt;/div&gt;                            &lt;div class=&quot;description_nhadatban&quot;&gt;                                Bán nhà thành phố Bình dương đường rộng xe hơi ra vào thuận tiện nhà 2 mặt tiền gần bệnh viện...                            &lt;/div&gt;                        &lt;/div&gt;" SourceIndex="2091" TextLen="195" order="54" xPath="/#document/html/body/div[4]/div[0]/div[0]/div[38]/div[5]/div[1]/div[2]/div[0]/#text"/>
</LayoutNode>
<LayoutNode BgColor="#ffffff" ContainImg="1" ContainP="0" ContainTable="false" DOMCldNum="5" DoC="5" FontSize="13" FontWeight="normal" FrameSourceIndex="0" ID="1-14" IsImg="false" LinkNum="3" LinkTextLen="53" ObjectRectHeight="208" ObjectRectLeft="0" ObjectRectTop="4200" ObjectRectWidth="1420" SourceIndex="2148" TextLen="383" order="55">
<LayoutNode BgColor="#ffffff" ContainImg="0" ContainP="0" ContainTable="false" Content="Cần bán nhà 1 trệt 1 lầu khu biệt thự tiamo phú thịnh " DOMCldNum="5" DoC="5" FontSize="13" FontWeight="normal" FrameSourceIndex="0" ID="1-14-1" IsImg="false" LinkNum="1" LinkTextLen="53" ObjectRectHeight="35" ObjectRectLeft="0" ObjectRectTop="4200" ObjectRectWidth="1420" SRC="&lt;div xmlns=&quot;http://www.w3.org/1999/xhtml&quot; class=&quot;tit_nhadatban&quot;&gt;                            &lt;h4&gt;&lt;a href=&quot;http://123nhadat.vn/raovat-t4282032/ban-nha-rieng-tai-duong-nguyen-tri-phuong/can-1-tret-lau-khu-biet-thu-tiamo-phu-thinh.html&quot; title=&quot;Cần bán nhà 1 trệt 1 lầu khu biệt thự tiamo phú thịnh&quot;&gt;Cần bán nhà 1 trệt 1 lầu khu biệt thự tiamo phú thịnh&lt;/a&gt;&lt;/h4&gt;                        &lt;/div&gt;" SourceIndex="2150" TextLen="53" order="56" xPath="/#document/html/body/div[4]/div[0]/div[0]/div[38]/div[6]/div[0]/div[0]/h4[0]/a[0]/#text"/>
<LayoutNode BgColor="#ffffff" ContainImg="1" ContainP="0" ContainTable="false" Content="Cập nhật lúc 19h07 ngày 08/03/2020 Diện tích: 125 m2 Khu vực: Thành phố Thủ Dầu Một, Bình Dương 3650 Tỷ Cần bán nhà khu biệt thự tiamo phú thịnhVị trí : tiamo phú thịnhDiện tích : 5 x 25 , nhà 1 trệt 1 lầu , có 1 phòng khách , 3 phòng ngủ , bếp , 2 toletSân trước để oto , khu an ninh dân trí , có cài đặt hệ thống camera giám sát , b... " DOMCldNum="5" DoC="8" FontSize="13" FontWeight="normal" FrameSourceIndex="0" ID="1-14-2" IsImg="false" LinkNum="2" LinkTextLen="0" ObjectRectHeight="159" ObjectRectLeft="0" ObjectRectTop="4249" ObjectRectWidth="1420" SRC="&lt;div xmlns=&quot;http://www.w3.org/1999/xhtml&quot; class=&quot;detail_nhadatban&quot;&gt;                            &lt;div class=&quot;img_nhadatban&quot;&gt;                                &lt;a href=&quot;http://123nhadat.vn/raovat-t4282032/ban-nha-rieng-tai-duong-nguyen-tri-phuong/can-1-tret-lau-khu-biet-thu-tiamo-phu-thinh.html&quot;&gt;&lt;img alt=&quot;Cần bán nhà 1 trệt 1 lầu khu biệt thự tiamo phú thịnh&quot; src=&quot;http://123nhadat.vn/uploads/hinhmau/no_image.png&quot;/&gt;&lt;/a&gt;                                &lt;span class=&quot;masotin&quot;&gt;MST: 4282032&lt;/span&gt;                                &lt;/div&gt;       &lt;div class=&quot;text_nhadatban&quot;&gt;                                &lt;div class=&quot;info_nhadatban&quot;&gt;                                    &lt;ul&gt;                                    &lt;li&gt;&lt;span class=&quot;datetime&quot;&gt;Cập nhật lúc &lt;span class=&quot;timecolor&quot;&gt;19h07 ngày 08/03/2020&lt;/span&gt;&lt;/span&gt;&lt;/li&gt;                                    &lt;li&gt;Diện tích: &lt;span class=&quot;saleboldtext&quot;&gt;125 m2&lt;/span&gt;&lt;/li&gt;                                    &lt;li&gt;Khu vực: &lt;span class=&quot;saleboldtext&quot;&gt;Thành phố Thủ Dầu Một, Bình Dương&lt;/span&gt;&lt;/li&gt;                                &lt;/ul&gt;                                &lt;/div&gt;                                &lt;div class=&quot;contact_nhadatban&quot;&gt;                                    &lt;ul&gt;          &lt;li&gt;           &lt;span id=&quot;luu_4282032&quot;&gt;&lt;a class=&quot;bt_save&quot; href=&quot;javascript:void(0)&quot; onclick=&quot;UpdateListingListRV(0,4282032)&quot; title=&quot;Lưu tin này vào trong danh sách các nhà đất bạn quan tâm,để bạn có thể tiện theo dõi&quot;/&gt;&lt;/span&gt;          &lt;/li&gt;          &lt;li class=&quot;gia&quot;&gt;&lt;strong class=&quot;camcam&quot;&gt;3650 Tỷ&lt;/strong&gt;&lt;/li&gt;         &lt;/ul&gt;                                &lt;/div&gt;                            &lt;/div&gt;                            &lt;div class=&quot;description_nhadatban&quot;&gt;                                Cần bán nhà khu biệt thự tiamo phú thịnhVị trí : tiamo phú thịnhDiện tích : 5 x 25 , nhà 1 trệt 1 lầu , có 1 phòng khách , 3 phòng ngủ , bếp , 2 toletSân trước để oto , khu an ninh dân trí , có cài đặt hệ thống camera giám sát , b...                            &lt;/div&gt;                        &lt;/div&gt;" SourceIndex="2157" TextLen="330" order="57" xPath="/#document/html/body/div[4]/div[0]/div[0]/div[38]/div[6]/div[1]/div[2]/div[0]/#text"/>
</LayoutNode>
<LayoutNode BgColor="#ffffff" ContainImg="1" ContainP="0" ContainTable="false" DOMCldNum="5" DoC="5" FontSize="13" FontWeight="normal" FrameSourceIndex="0" ID="1-15" IsImg="false" LinkNum="3" LinkTextLen="38" ObjectRectHeight="208" ObjectRectLeft="0" ObjectRectTop="4440" ObjectRectWidth="1420" SourceIndex="2214" TextLen="367" order="58">
<LayoutNode BgColor="#ffffff" ContainImg="0" ContainP="0" ContainTable="false" Content="Cần bán nhà khu dân cư hiệp phát 60 m2 " DOMCldNum="5" DoC="5" FontSize="13" FontWeight="normal" FrameSourceIndex="0" ID="1-15-1" IsImg="false" LinkNum="1" LinkTextLen="38" ObjectRectHeight="35" ObjectRectLeft="0" ObjectRectTop="4440" ObjectRectWidth="1420" SRC="&lt;div xmlns=&quot;http://www.w3.org/1999/xhtml&quot; class=&quot;tit_nhadatban&quot;&gt;                            &lt;h4&gt;&lt;a href=&quot;http://123nhadat.vn/raovat-t4282039/ban-nha-rieng-tai-duong-nguyen-duc-thuan/can-khu-dan-cu-hiep-phat-60-m2.html&quot; title=&quot;Cần bán nhà khu dân cư hiệp phát 60 m2 &quot;&gt;Cần bán nhà khu dân cư hiệp phát 60 m2 &lt;/a&gt;&lt;/h4&gt;                        &lt;/div&gt;" SourceIndex="2216" TextLen="38" order="59" xPath="/#document/html/body/div[4]/div[0]/div[0]/div[38]/div[7]/div[0]/div[0]/h4[0]/a[0]/#text"/>
<LayoutNode BgColor="#ffffff" ContainImg="1" ContainP="0" ContainTable="false" Content="Cập nhật lúc 18h59 ngày 08/03/2020 Diện tích: 60 m2 Khu vực: Thành phố Thủ Dầu Một, Bình Dương 2250 Tỷ Cần bán nhà 1 trệt 1 lửng hiệp phátVị trí : khu dân cư hiệp phátDiện tích : 4 x 15 , nhà có 1 phòng khách , bếp , 2 phòng ngủ , 2 toletGiá : 2 tỷ 250 triệu , hướng đông namQuý khách có nhu cầu vui lòng liên hệ : 0908.841191 lan ru... " DOMCldNum="5" DoC="8" FontSize="13" FontWeight="normal" FrameSourceIndex="0" ID="1-15-2" IsImg="false" LinkNum="2" LinkTextLen="0" ObjectRectHeight="159" ObjectRectLeft="0" ObjectRectTop="4489" ObjectRectWidth="1420" SRC="&lt;div xmlns=&quot;http://www.w3.org/1999/xhtml&quot; class=&quot;detail_nhadatban&quot;&gt;                            &lt;div class=&quot;img_nhadatban&quot;&gt;                                &lt;a href=&quot;http://123nhadat.vn/raovat-t4282039/ban-nha-rieng-tai-duong-nguyen-duc-thuan/can-khu-dan-cu-hiep-phat-60-m2.html&quot;&gt;&lt;img alt=&quot;Cần bán nhà khu dân cư hiệp phát 60 m2 &quot; src=&quot;http://123nhadat.vn/uploads/hinhmau/no_image.png&quot;/&gt;&lt;/a&gt;                                &lt;span class=&quot;masotin&quot;&gt;MST: 4282039&lt;/span&gt;                                &lt;/div&gt;       &lt;div class=&quot;text_nhadatban&quot;&gt;                                &lt;div class=&quot;info_nhadatban&quot;&gt;                                    &lt;ul&gt;                                    &lt;li&gt;&lt;span class=&quot;datetime&quot;&gt;Cập nhật lúc &lt;span class=&quot;timecolor&quot;&gt;18h59 ngày 08/03/2020&lt;/span&gt;&lt;/span&gt;&lt;/li&gt;                                    &lt;li&gt;Diện tích: &lt;span class=&quot;saleboldtext&quot;&gt;60 m2&lt;/span&gt;&lt;/li&gt;                                    &lt;li&gt;Khu vực: &lt;span class=&quot;saleboldtext&quot;&gt;Thành phố Thủ Dầu Một, Bình Dương&lt;/span&gt;&lt;/li&gt;                                &lt;/ul&gt;                                &lt;/div&gt;                                &lt;div class=&quot;contact_nhadatban&quot;&gt;                                    &lt;ul&gt;          &lt;li&gt;           &lt;span id=&quot;luu_4282039&quot;&gt;&lt;a class=&quot;bt_save&quot; href=&quot;javascript:void(0)&quot; onclick=&quot;UpdateListingListRV(0,4282039)&quot; title=&quot;Lưu tin này vào trong danh sách các nhà đất bạn quan tâm,để bạn có thể tiện theo dõi&quot;/&gt;&lt;/span&gt;          &lt;/li&gt;          &lt;li class=&quot;gia&quot;&gt;&lt;strong class=&quot;camcam&quot;&gt;2250 Tỷ&lt;/strong&gt;&lt;/li&gt;         &lt;/ul&gt;                                &lt;/div&gt;                            &lt;/div&gt;                            &lt;div class=&quot;description_nhadatban&quot;&gt;                                Cần bán nhà 1 trệt 1 lửng hiệp phátVị trí : khu dân cư hiệp phátDiện tích : 4 x 15 , nhà có 1 phòng khách , bếp , 2 phòng ngủ , 2 toletGiá : 2 tỷ 250 triệu , hướng đông namQuý khách có nhu cầu vui lòng liên hệ : 0908.841191 lan ru...                            &lt;/div&gt;                        &lt;/div&gt;" SourceIndex="2223" TextLen="329" order="60" xPath="/#document/html/body/div[4]/div[0]/div[0]/div[38]/div[7]/div[1]/div[2]/div[0]/#text"/>
</LayoutNode>
<LayoutNode BgColor="#ffffff" ContainImg="1" ContainP="0" ContainTable="false" DOMCldNum="5" DoC="5" FontSize="13" FontWeight="normal" FrameSourceIndex="0" ID="1-16" IsImg="false" LinkNum="3" LinkTextLen="73" ObjectRectHeight="208" ObjectRectLeft="0" ObjectRectTop="4680" ObjectRectWidth="1420" SourceIndex="2280" TextLen="408" order="61">
<LayoutNode BgColor="#ffffff" ContainImg="0" ContainP="0" ContainTable="false" Content="Cân bán gấp lô đất mặt tiền đường lê hồng phong, dt 457,6m2, TC 40m2, SHR " DOMCldNum="5" DoC="5" FontSize="13" FontWeight="normal" FrameSourceIndex="0" ID="1-16-1" IsImg="false" LinkNum="1" LinkTextLen="73" ObjectRectHeight="35" ObjectRectLeft="0" ObjectRectTop="4680" ObjectRectWidth="1420" SRC="&lt;div xmlns=&quot;http://www.w3.org/1999/xhtml&quot; class=&quot;tit_nhadatban&quot;&gt;                            &lt;h4&gt;&lt;a href=&quot;http://123nhadat.vn/raovat-t4290424/ban-nha-rieng-tai-duong-le-hong-phong/can-gap-lo-dat-mat-tien-dt-4576m2-tc-40m2-shr.html&quot; title=&quot;Cân bán gấp lô đất mặt tiền đường  lê hồng phong, dt 457,6m2, TC 40m2, SHR&quot;&gt;Cân bán gấp lô đất mặt tiền đường  lê hồng phong, dt 457,6m2, TC 40m2, SHR&lt;/a&gt;&lt;/h4&gt;                        &lt;/div&gt;" SourceIndex="2282" TextLen="73" order="62" xPath="/#document/html/body/div[4]/div[0]/div[0]/div[38]/div[8]/div[0]/div[0]/h4[0]/a[0]/#text"/>
<LayoutNode BgColor="#ffffff" ContainImg="1" ContainP="0" ContainTable="false" Content="Cập nhật lúc 15h36 ngày 14/02/2020 Diện tích: 457 m2 Khu vực: Thành phố Thủ Dầu Một, Bình Dương Thỏa thuận Chuyển về sài gòn nên cần bán lại lô đất mặt tiền lê hồng phong, đang kinh doanh quán cafe, không gian thoáng mát, quán được ốp gỗ sang trọng phía sau có nhà 1 trệt 3 tầng để làm phòng làm việc, có khu vui chơi trẻ em, quán kinh d... " DOMCldNum="5" DoC="8" FontSize="13" FontWeight="normal" FrameSourceIndex="0" ID="1-16-2" IsImg="false" LinkNum="2" LinkTextLen="0" ObjectRectHeight="159" ObjectRectLeft="0" ObjectRectTop="4729" ObjectRectWidth="1420" SRC="&lt;div xmlns=&quot;http://www.w3.org/1999/xhtml&quot; class=&quot;detail_nhadatban&quot;&gt;                            &lt;div class=&quot;img_nhadatban&quot;&gt;                                &lt;a href=&quot;http://123nhadat.vn/raovat-t4290424/ban-nha-rieng-tai-duong-le-hong-phong/can-gap-lo-dat-mat-tien-dt-4576m2-tc-40m2-shr.html&quot;&gt;&lt;img alt=&quot;Cân bán gấp lô đất mặt tiền đường  lê hồng phong, dt 457,6m2, TC 40m2, SHR&quot; src=&quot;http://123nhadat.vn/thumbs/155x112/raovat/nhadat_1576382125_Mugv.jpg&quot;/&gt;&lt;/a&gt;                                &lt;span class=&quot;masotin&quot;&gt;MST: 4290424&lt;/span&gt;                                &lt;/div&gt;       &lt;div class=&quot;text_nhadatban&quot;&gt;                                &lt;div class=&quot;info_nhadatban&quot;&gt;                                    &lt;ul&gt;                                    &lt;li&gt;&lt;span class=&quot;datetime&quot;&gt;Cập nhật lúc &lt;span class=&quot;timecolor&quot;&gt;15h36 ngày 14/02/2020&lt;/span&gt;&lt;/span&gt;&lt;/li&gt;                                    &lt;li&gt;Diện tích: &lt;span class=&quot;saleboldtext&quot;&gt;457 m2&lt;/span&gt;&lt;/li&gt;                                    &lt;li&gt;Khu vực: &lt;span class=&quot;saleboldtext&quot;&gt;Thành phố Thủ Dầu Một, Bình Dương&lt;/span&gt;&lt;/li&gt;                                &lt;/ul&gt;                                &lt;/div&gt;                                &lt;div class=&quot;contact_nhadatban&quot;&gt;                                    &lt;ul&gt;          &lt;li&gt;           &lt;span id=&quot;luu_4290424&quot;&gt;&lt;a class=&quot;bt_save&quot; href=&quot;javascript:void(0)&quot; onclick=&quot;UpdateListingListRV(0,4290424)&quot; title=&quot;Lưu tin này vào trong danh sách các nhà đất bạn quan tâm,để bạn có thể tiện theo dõi&quot;/&gt;&lt;/span&gt;          &lt;/li&gt;          &lt;li class=&quot;gia&quot;&gt;&lt;strong class=&quot;camcam&quot;&gt;Thỏa thuận&lt;/strong&gt;&lt;/li&gt;         &lt;/ul&gt;                                &lt;/div&gt;                            &lt;/div&gt;                            &lt;div class=&quot;description_nhadatban&quot;&gt;                                Chuyển về sài gòn nên cần bán lại lô đất mặt tiền lê hồng phong, đang kinh doanh quán cafe, không gian thoáng mát, quán được ốp gỗ sang trọng phía sau có nhà 1 trệt 3 tầng để làm phòng làm việc, có khu vui chơi trẻ em, quán kinh d...                            &lt;/div&gt;                        &lt;/div&gt;" SourceIndex="2289" TextLen="335" order="63" xPath="/#document/html/body/div[4]/div[0]/div[0]/div[38]/div[8]/div[1]/div[2]/div[0]/#text"/>
</LayoutNode>
<LayoutNode BgColor="#ffffff" ContainImg="1" ContainP="0" ContainTable="false" DOMCldNum="5" DoC="5" FontSize="13" FontWeight="normal" FrameSourceIndex="0" ID="1-17" IsImg="false" LinkNum="3" LinkTextLen="55" ObjectRectHeight="208" ObjectRectLeft="0" ObjectRectTop="4920" ObjectRectWidth="1420" SourceIndex="2346" TextLen="385" order="64">
<LayoutNode BgColor="#ffffff" ContainImg="0" ContainP="0" ContainTable="false" Content="Nhà TP Thủ Dầu Một, New 100%, Trả Trước 1 tỷ 2 nhận nha " DOMCldNum="5" DoC="5" FontSize="13" FontWeight="normal" FrameSourceIndex="0" ID="1-17-1" IsImg="false" LinkNum="1" LinkTextLen="55" ObjectRectHeight="35" ObjectRectLeft="0" ObjectRectTop="4920" ObjectRectWidth="1420" SRC="&lt;div xmlns=&quot;http://www.w3.org/1999/xhtml&quot; class=&quot;tit_nhadatban&quot;&gt;                            &lt;h4&gt;&lt;a href=&quot;http://123nhadat.vn/raovat-t4291507/ban-nha-rieng-tai-duong-ho-van-cong/tp-thu-dau-mot-new-100-tra-truoc-1-ty-2-nhan.html&quot; title=&quot;Nhà TP Thủ Dầu Một, New 100%, Trả Trước 1 tỷ 2 nhận nha&quot;&gt;Nhà TP Thủ Dầu Một, New 100%, Trả Trước 1 tỷ 2 nhận nha&lt;/a&gt;&lt;/h4&gt;                        &lt;/div&gt;" SourceIndex="2348" TextLen="55" order="65" xPath="/#document/html/body/div[4]/div[0]/div[0]/div[38]/div[9]/div[0]/div[0]/h4[0]/a[0]/#text"/>
<LayoutNode BgColor="#ffffff" ContainImg="1" ContainP="0" ContainTable="false" Content="Cập nhật lúc 11h48 ngày 09/02/2020 Diện tích: 152 m2 Khu vực: Thành phố Thủ Dầu Một, Bình Dương 1.99 Tỷ Cần bán căn nhà TP Thủ Dầu Một, Xây Dựng New 100%-Diện tích đất 4x39= 156m2 có 60m2 thổ cư, sổ hồng riêngNhà 1 trệt 1 lầu xây dựng theo phong cách hiện đại diện tích xây dựng 116m2Bao gồm 4 phòng ngủ, 2 wc, 1 phòng khách, 1 bếp, B... " DOMCldNum="5" DoC="8" FontSize="13" FontWeight="normal" FrameSourceIndex="0" ID="1-17-2" IsImg="false" LinkNum="2" LinkTextLen="0" ObjectRectHeight="159" ObjectRectLeft="0" ObjectRectTop="4969" ObjectRectWidth="1420" SRC="&lt;div xmlns=&quot;http://www.w3.org/1999/xhtml&quot; class=&quot;detail_nhadatban&quot;&gt;                            &lt;div class=&quot;img_nhadatban&quot;&gt;                                &lt;a href=&quot;http://123nhadat.vn/raovat-t4291507/ban-nha-rieng-tai-duong-ho-van-cong/tp-thu-dau-mot-new-100-tra-truoc-1-ty-2-nhan.html&quot;&gt;&lt;img alt=&quot;Nhà TP Thủ Dầu Một, New 100%, Trả Trước 1 tỷ 2 nhận nha&quot; src=&quot;http://123nhadat.vn/thumbs/155x112/raovat/nhadat_1581221983_PZc3.jpg&quot;/&gt;&lt;/a&gt;                                &lt;span class=&quot;masotin&quot;&gt;MST: 4291507&lt;/span&gt;                                &lt;/div&gt;       &lt;div class=&quot;text_nhadatban&quot;&gt;                                &lt;div class=&quot;info_nhadatban&quot;&gt;                                    &lt;ul&gt;                                    &lt;li&gt;&lt;span class=&quot;datetime&quot;&gt;Cập nhật lúc &lt;span class=&quot;timecolor&quot;&gt;11h48 ngày 09/02/2020&lt;/span&gt;&lt;/span&gt;&lt;/li&gt;                                    &lt;li&gt;Diện tích: &lt;span class=&quot;saleboldtext&quot;&gt;152 m2&lt;/span&gt;&lt;/li&gt;                                    &lt;li&gt;Khu vực: &lt;span class=&quot;saleboldtext&quot;&gt;Thành phố Thủ Dầu Một, Bình Dương&lt;/span&gt;&lt;/li&gt;                                &lt;/ul&gt;                                &lt;/div&gt;                                &lt;div class=&quot;contact_nhadatban&quot;&gt;                                    &lt;ul&gt;          &lt;li&gt;           &lt;span id=&quot;luu_4291507&quot;&gt;&lt;a class=&quot;bt_save&quot; href=&quot;javascript:void(0)&quot; onclick=&quot;UpdateListingListRV(0,4291507)&quot; title=&quot;Lưu tin này vào trong danh sách các nhà đất bạn quan tâm,để bạn có thể tiện theo dõi&quot;/&gt;&lt;/span&gt;          &lt;/li&gt;          &lt;li class=&quot;gia&quot;&gt;&lt;strong class=&quot;camcam&quot;&gt;1.99 Tỷ&lt;/strong&gt;&lt;/li&gt;         &lt;/ul&gt;                                &lt;/div&gt;                            &lt;/div&gt;                            &lt;div class=&quot;description_nhadatban&quot;&gt;                                Cần bán căn nhà TP Thủ Dầu Một, Xây Dựng New 100%-Diện tích đất 4x39= 156m2 có 60m2 thổ cư, sổ hồng riêngNhà 1 trệt 1 lầu xây dựng theo phong cách hiện đại diện tích xây dựng 116m2Bao gồm 4 phòng ngủ, 2 wc, 1 phòng khách, 1 bếp, B...                            &lt;/div&gt;                        &lt;/div&gt;" SourceIndex="2355" TextLen="330" order="66" xPath="/#document/html/body/div[4]/div[0]/div[0]/div[38]/div[9]/div[1]/div[2]/div[0]/#text"/>
</LayoutNode>
<LayoutNode BgColor="#ffffff" ContainImg="1" ContainP="0" ContainTable="false" DOMCldNum="5" DoC="5" FontSize="13" FontWeight="normal" FrameSourceIndex="0" ID="1-18" IsImg="false" LinkNum="3" LinkTextLen="64" ObjectRectHeight="208" ObjectRectLeft="0" ObjectRectTop="5160" ObjectRectWidth="1420" SourceIndex="2412" TextLen="394" order="67">
<LayoutNode BgColor="#ffffff" ContainImg="0" ContainP="0" ContainTable="false" Content="Nhà TP Thủ Dầu Một, Xây Dựng New 100%, Trả Trước 1 tỷ 2 nhận nha " DOMCldNum="5" DoC="5" FontSize="13" FontWeight="normal" FrameSourceIndex="0" ID="1-18-1" IsImg="false" LinkNum="1" LinkTextLen="64" ObjectRectHeight="35" ObjectRectLeft="0" ObjectRectTop="5160" ObjectRectWidth="1420" SRC="&lt;div xmlns=&quot;http://www.w3.org/1999/xhtml&quot; class=&quot;tit_nhadatban&quot;&gt;                            &lt;h4&gt;&lt;a href=&quot;http://123nhadat.vn/raovat-t4291499/ban-nha-rieng-tai-duong-ho-van-cong/tp-thu-dau-mot-xay-dung-new-100-tra-truoc-1-ty-2-nhan.html&quot; title=&quot;Nhà TP Thủ Dầu Một, Xây Dựng New 100%, Trả Trước 1 tỷ 2 nhận nha&quot;&gt;Nhà TP Thủ Dầu Một, Xây Dựng New 100%, Trả Trước 1 tỷ 2 nhận nha&lt;/a&gt;&lt;/h4&gt;                        &lt;/div&gt;" SourceIndex="2414" TextLen="64" order="68" xPath="/#document/html/body/div[4]/div[0]/div[0]/div[38]/div[10]/div[0]/div[0]/h4[0]/a[0]/#text"/>
<LayoutNode BgColor="#ffffff" ContainImg="1" ContainP="0" ContainTable="false" Content="Cập nhật lúc 11h23 ngày 09/02/2020 Diện tích: 152 m2 Khu vực: Thành phố Thủ Dầu Một, Bình Dương 1.99 Tỷ Cần bán căn nhà TP Thủ Dầu Một, Xây Dựng New 100%-Diện tích đất 4x39= 156m2 có 60m2 thổ cư, sổ hồng riêngNhà 1 trệt 1 lầu xây dựng theo phong cách hiện đại== 4x14 tầng 1== 4x15 tầng 2Bao gồm 4 phòng ngủ, 2 wc, 1 phòng khách, 1 bếp... " DOMCldNum="5" DoC="8" FontSize="13" FontWeight="normal" FrameSourceIndex="0" ID="1-18-2" IsImg="false" LinkNum="2" LinkTextLen="0" ObjectRectHeight="159" ObjectRectLeft="0" ObjectRectTop="5209" ObjectRectWidth="1420" SRC="&lt;div xmlns=&quot;http://www.w3.org/1999/xhtml&quot; class=&quot;detail_nhadatban&quot;&gt;                            &lt;div class=&quot;img_nhadatban&quot;&gt;                                &lt;a href=&quot;http://123nhadat.vn/raovat-t4291499/ban-nha-rieng-tai-duong-ho-van-cong/tp-thu-dau-mot-xay-dung-new-100-tra-truoc-1-ty-2-nhan.html&quot;&gt;&lt;img alt=&quot;Nhà TP Thủ Dầu Một, Xây Dựng New 100%, Trả Trước 1 tỷ 2 nhận nha&quot; src=&quot;http://123nhadat.vn/thumbs/155x112/raovat/nhadat_1581221983_PZc3.jpg&quot;/&gt;&lt;/a&gt;                                &lt;span class=&quot;masotin&quot;&gt;MST: 4291499&lt;/span&gt;                                &lt;/div&gt;       &lt;div class=&quot;text_nhadatban&quot;&gt;                                &lt;div class=&quot;info_nhadatban&quot;&gt;                                    &lt;ul&gt;                                    &lt;li&gt;&lt;span class=&quot;datetime&quot;&gt;Cập nhật lúc &lt;span class=&quot;timecolor&quot;&gt;11h23 ngày 09/02/2020&lt;/span&gt;&lt;/span&gt;&lt;/li&gt;                                    &lt;li&gt;Diện tích: &lt;span class=&quot;saleboldtext&quot;&gt;152 m2&lt;/span&gt;&lt;/li&gt;                                    &lt;li&gt;Khu vực: &lt;span class=&quot;saleboldtext&quot;&gt;Thành phố Thủ Dầu Một, Bình Dương&lt;/span&gt;&lt;/li&gt;                                &lt;/ul&gt;                                &lt;/div&gt;                                &lt;div class=&quot;contact_nhadatban&quot;&gt;                                    &lt;ul&gt;          &lt;li&gt;           &lt;span id=&quot;luu_4291499&quot;&gt;&lt;a class=&quot;bt_save&quot; href=&quot;javascript:void(0)&quot; onclick=&quot;UpdateListingListRV(0,4291499)&quot; title=&quot;Lưu tin này vào trong danh sách các nhà đất bạn quan tâm,để bạn có thể tiện theo dõi&quot;/&gt;&lt;/span&gt;          &lt;/li&gt;          &lt;li class=&quot;gia&quot;&gt;&lt;strong class=&quot;camcam&quot;&gt;1.99 Tỷ&lt;/strong&gt;&lt;/li&gt;         &lt;/ul&gt;                                &lt;/div&gt;                            &lt;/div&gt;                            &lt;div class=&quot;description_nhadatban&quot;&gt;                                Cần bán căn nhà TP Thủ Dầu Một, Xây Dựng New 100%-Diện tích đất 4x39= 156m2 có 60m2 thổ cư, sổ hồng riêngNhà 1 trệt 1 lầu xây dựng theo phong cách hiện đại== 4x14 tầng 1== 4x15 tầng 2Bao gồm 4 phòng ngủ, 2 wc, 1 phòng khách, 1 bếp...                            &lt;/div&gt;                        &lt;/div&gt;" SourceIndex="2421" TextLen="330" order="69" xPath="/#document/html/body/div[4]/div[0]/div[0]/div[38]/div[10]/div[1]/div[2]/div[0]/#text"/>
</LayoutNode>
<LayoutNode BgColor="#5eab1f" ContainImg="0" ContainP="0" ContainTable="false" Content="NHÀ ĐẤT BÌNH DƯƠNG CÓ THỂ BẠN QUAN TÂM " DOMCldNum="5" DoC="5" FontSize="11" FontWeight="700" FrameSourceIndex="0" ID="1-19" IsImg="false" LinkNum="0" LinkTextLen="0" ObjectRectHeight="20" ObjectRectLeft="0" ObjectRectTop="5424" ObjectRectWidth="1420" SRC="&lt;div xmlns=&quot;http://www.w3.org/1999/xhtml&quot; class=&quot;tit_C&quot;&gt;                        &lt;span class=&quot;icon_star_xanh&quot;/&gt;                        Nhà đất Bình Dương có thể bạn quan tâm                    &lt;/div&gt;" SourceIndex="2491" TextLen="38" order="70" xPath="/#document/html/body/div[4]/div[0]/div[0]/div[40]/div[0]/div[1]/#text"/>
<LayoutNode BgColor="#ffffff" ContainImg="0" ContainP="0" ContainTable="false" Content="Nhà đất Thành phố Thủ Dầu MộtBán đất Thành phố Thủ Dầu Một (24960)Bán đất nền dự án Thành phố Thủ Dầu Một (4972)Bán nhà riêng Thành phố Thủ Dầu Một (3152)Bán nhà mặt phố Thành phố Thủ Dầu Một (2339)Bán căn hộ chung cư Thành phố Thủ Dầu Một (834)Bán kho, nhà xưởng Thành phố Thủ Dầu Một (577)Bán biệt thự Thành phố Thủ Dầu Một (275)Bán trang trại,khu nghỉ dưỡng Thành phố Thủ Dầu Một (94)Bán nhà phân lô Thành phố Thủ Dầu Một (48)Bán mặt bằng, cửa hàng Thành phố Thủ Dầu Một (42)Bán khách sạn, nhà nghỉ Thành phố Thủ Dầu Một (29) Nhà đất bán tại Bình DươngBán đất Bình Dương (98548)Bán đất nền dự án Bình Dương (31023)Bán nhà riêng Bình Dương (10878)Bán nhà mặt phố Bình Dương (10016)Bán căn hộ chung cư Bình Dương (4459)Bán kho, nhà xưởng Bình Dương (2977)Bán biệt thự Bình Dương (1450)Bán trang trại,khu nghỉ dưỡng Bình Dương (476)Bán nhà phân lô Bình Dương (179)Bán mặt bằng, cửa hàng Bình Dương (174)Bán khách sạn, nhà nghỉ Bình Dương (97) " DOMCldNum="5" DoC="8" FontSize="13" FontWeight="normal" FrameSourceIndex="0" ID="1-20" IsImg="false" LinkNum="22" LinkTextLen="743" ObjectRectHeight="696" ObjectRectLeft="0" ObjectRectTop="5468" ObjectRectWidth="1420" SRC="&lt;ul xmlns=&quot;http://www.w3.org/1999/xhtml&quot; class=&quot;banquantam&quot;&gt;                            &lt;li&gt;&lt;strong&gt;Nhà đất Thành phố Thủ Dầu Một&lt;/strong&gt;&lt;/li&gt;                                   &lt;li&gt;&lt;a href=&quot;http://123nhadat.vn/raovat-c11/ban-dat-tai-thanh-pho-thu-dau-mot-202&quot; title=&quot;Ban dat Thanh pho Thu Dau Mot&quot;&gt;Bán đất Thành phố Thủ Dầu Một&lt;/a&gt; (&lt;span style=&quot;color:green&quot;&gt;24960&lt;/span&gt;)&lt;/li&gt;              &lt;li&gt;&lt;a href=&quot;http://123nhadat.vn/raovat-c5/ban-dat-nen-du-an-tai-thanh-pho-thu-dau-mot-202&quot; title=&quot;Ban dat nen du an Thanh pho Thu Dau Mot&quot;&gt;Bán đất nền dự án Thành phố Thủ Dầu Một&lt;/a&gt; (&lt;span style=&quot;color:green&quot;&gt;4972&lt;/span&gt;)&lt;/li&gt;              &lt;li&gt;&lt;a href=&quot;http://123nhadat.vn/raovat-c8/ban-nha-rieng-tai-thanh-pho-thu-dau-mot-202&quot; title=&quot;Ban nha rieng Thanh pho Thu Dau Mot&quot;&gt;Bán nhà riêng Thành phố Thủ Dầu Một&lt;/a&gt; (&lt;span style=&quot;color:green&quot;&gt;3152&lt;/span&gt;)&lt;/li&gt;              &lt;li&gt;&lt;a href=&quot;http://123nhadat.vn/raovat-c9/ban-nha-mat-pho-tai-thanh-pho-thu-dau-mot-202&quot; title=&quot;Ban nha mat pho Thanh pho Thu Dau Mot&quot;&gt;Bán nhà mặt phố Thành phố Thủ Dầu Một&lt;/a&gt; (&lt;span style=&quot;color:green&quot;&gt;2339&lt;/span&gt;)&lt;/li&gt;              &lt;li&gt;&lt;a href=&quot;http://123nhadat.vn/raovat-c6/ban-can-ho-chung-cu-tai-thanh-pho-thu-dau-mot-202&quot; title=&quot;Ban can ho chung cu Thanh pho Thu Dau Mot&quot;&gt;Bán căn hộ chung cư Thành phố Thủ Dầu Một&lt;/a&gt; (&lt;span style=&quot;color:green&quot;&gt;834&lt;/span&gt;)&lt;/li&gt;              &lt;li&gt;&lt;a href=&quot;http://123nhadat.vn/raovat-c13/ban-kho-nha-xuong-tai-thanh-pho-thu-dau-mot-202&quot; title=&quot;Ban kho, nha xuong Thanh pho Thu Dau Mot&quot;&gt;Bán kho, nhà xưởng Thành phố Thủ Dầu Một&lt;/a&gt; (&lt;span style=&quot;color:green&quot;&gt;577&lt;/span&gt;)&lt;/li&gt;              &lt;li&gt;&lt;a href=&quot;http://123nhadat.vn/raovat-c3/ban-biet-thu-trong-du-an-tai-thanh-pho-thu-dau-mot-202&quot; title=&quot;Ban biet thu Thanh pho Thu Dau Mot&quot;&gt;Bán biệt thự Thành phố Thủ Dầu Một&lt;/a&gt; (&lt;span style=&quot;color:green&quot;&gt;275&lt;/span&gt;)&lt;/li&gt;              &lt;li&gt;&lt;a href=&quot;http://123nhadat.vn/raovat-c12/ban-trang-trai-khu-nghi-duong-tai-thanh-pho-thu-dau-mot-202&quot; title=&quot;Ban trang trai,khu nghi duong Thanh pho Thu Dau Mot&quot;&gt;Bán trang trại,khu nghỉ dưỡng Thành phố Thủ Dầu Một&lt;/a&gt; (&lt;span style=&quot;color:green&quot;&gt;94&lt;/span&gt;)&lt;/li&gt;              &lt;li&gt;&lt;a href=&quot;http://123nhadat.vn/raovat-c10/ban-nha-phan-lo-tai-thanh-pho-thu-dau-mot-202&quot; title=&quot;Ban nha phan lo Thanh pho Thu Dau Mot&quot;&gt;Bán nhà phân lô Thành phố Thủ Dầu Một&lt;/a&gt; (&lt;span style=&quot;color:green&quot;&gt;48&lt;/span&gt;)&lt;/li&gt;              &lt;li&gt;&lt;a href=&quot;http://123nhadat.vn/raovat-c15/ban-mat-bang-cua-hang-tai-thanh-pho-thu-dau-mot-202&quot; title=&quot;Ban mat bang, cua hang Thanh pho Thu Dau Mot&quot;&gt;Bán mặt bằng, cửa hàng Thành phố Thủ Dầu Một&lt;/a&gt; (&lt;span style=&quot;color:green&quot;&gt;42&lt;/span&gt;)&lt;/li&gt;              &lt;li&gt;&lt;a href=&quot;http://123nhadat.vn/raovat-c14/ban-khach-san-nha-nghi-tai-thanh-pho-thu-dau-mot-202&quot; title=&quot;Ban khach san, nha nghi Thanh pho Thu Dau Mot&quot;&gt;Bán khách sạn, nhà nghỉ Thành phố Thủ Dầu Một&lt;/a&gt; (&lt;span style=&quot;color:green&quot;&gt;29&lt;/span&gt;)&lt;/li&gt;                               &lt;/ul&gt;&lt;ul xmlns=&quot;http://www.w3.org/1999/xhtml&quot; class=&quot;banquantam&quot;&gt;                            &lt;li&gt;&lt;strong&gt;Nhà đất bán tại Bình Dương&lt;/strong&gt;&lt;/li&gt;                                   &lt;li&gt;&lt;a href=&quot;http://123nhadat.vn/raovat-c11/ban-dat-tai-binh-duong-13&quot; title=&quot;Ban dat Binh Duong&quot;&gt;Bán đất Bình Dương&lt;/a&gt; (&lt;span style=&quot;color:green&quot;&gt;98548&lt;/span&gt;)&lt;/li&gt;               &lt;li&gt;&lt;a href=&quot;http://123nhadat.vn/raovat-c5/ban-dat-nen-du-an-tai-binh-duong-13&quot; title=&quot;Ban dat nen du an Binh Duong&quot;&gt;Bán đất nền dự án Bình Dương&lt;/a&gt; (&lt;span style=&quot;color:green&quot;&gt;31023&lt;/span&gt;)&lt;/li&gt;               &lt;li&gt;&lt;a href=&quot;http://123nhadat.vn/raovat-c8/ban-nha-rieng-tai-binh-duong-13&quot; title=&quot;Ban nha rieng Binh Duong&quot;&gt;Bán nhà riêng Bình Dương&lt;/a&gt; (&lt;span style=&quot;color:green&quot;&gt;10878&lt;/span&gt;)&lt;/li&gt;               &lt;li&gt;&lt;a href=&quot;http://123nhadat.vn/raovat-c9/ban-nha-mat-pho-tai-binh-duong-13&quot; title=&quot;Ban nha mat pho Binh Duong&quot;&gt;Bán nhà mặt phố Bình Dương&lt;/a&gt; (&lt;span style=&quot;color:green&quot;&gt;10016&lt;/span&gt;)&lt;/li&gt;               &lt;li&gt;&lt;a href=&quot;http://123nhadat.vn/raovat-c6/ban-can-ho-chung-cu-tai-binh-duong-13&quot; title=&quot;Ban can ho chung cu Binh Duong&quot;&gt;Bán căn hộ chung cư Bình Dương&lt;/a&gt; (&lt;span style=&quot;color:green&quot;&gt;4459&lt;/span&gt;)&lt;/li&gt;               &lt;li&gt;&lt;a href=&quot;http://123nhadat.vn/raovat-c13/ban-kho-nha-xuong-tai-binh-duong-13&quot; title=&quot;Ban kho, nha xuong Binh Duong&quot;&gt;Bán kho, nhà xưởng Bình Dương&lt;/a&gt; (&lt;span style=&quot;color:green&quot;&gt;2977&lt;/span&gt;)&lt;/li&gt;               &lt;li&gt;&lt;a href=&quot;http://123nhadat.vn/raovat-c3/ban-biet-thu-trong-du-an-tai-binh-duong-13&quot; title=&quot;Ban biet thu Binh Duong&quot;&gt;Bán biệt thự Bình Dương&lt;/a&gt; (&lt;span style=&quot;color:green&quot;&gt;1450&lt;/span&gt;)&lt;/li&gt;               &lt;li&gt;&lt;a href=&quot;http://123nhadat.vn/raovat-c12/ban-trang-trai-khu-nghi-duong-tai-binh-duong-13&quot; title=&quot;Ban trang trai,khu nghi duong Binh Duong&quot;&gt;Bán trang trại,khu nghỉ dưỡng Bình Dương&lt;/a&gt; (&lt;span style=&quot;color:green&quot;&gt;476&lt;/span&gt;)&lt;/li&gt;               &lt;li&gt;&lt;a href=&quot;http://123nhadat.vn/raovat-c10/ban-nha-phan-lo-tai-binh-duong-13&quot; title=&quot;Ban nha phan lo Binh Duong&quot;&gt;Bán nhà phân lô Bình Dương&lt;/a&gt; (&lt;span style=&quot;color:green&quot;&gt;179&lt;/span&gt;)&lt;/li&gt;               &lt;li&gt;&lt;a href=&quot;http://123nhadat.vn/raovat-c15/ban-mat-bang-cua-hang-tai-binh-duong-13&quot; title=&quot;Ban mat bang, cua hang Binh Duong&quot;&gt;Bán mặt bằng, cửa hàng Bình Dương&lt;/a&gt; (&lt;span style=&quot;color:green&quot;&gt;174&lt;/span&gt;)&lt;/li&gt;               &lt;li&gt;&lt;a href=&quot;http://123nhadat.vn/raovat-c14/ban-khach-san-nha-nghi-tai-binh-duong-13&quot; title=&quot;Ban khach san, nha nghi Binh Duong&quot;&gt;Bán khách sạn, nhà nghỉ Bình Dương&lt;/a&gt; (&lt;span style=&quot;color:green&quot;&gt;97&lt;/span&gt;)&lt;/li&gt;                                                            &lt;/ul&gt;" SourceIndex="2498;2593" TextLen="940" order="71" xPath="/#document/html/body/div[4]/div[0]/div[0]/div[40]/div[1]/div[0]/ul[11]/li[2]/#text"/>
<LayoutNode BgColor="#ffffff" ContainImg="0" ContainP="0" ContainTable="false" Content="  Bán nhà riêng tại Bình Dương: Huyện Phú Giáo Huyện Dầu Tiếng Huyện Bàu Bàng Huyện Tân Uyên Huyện Bến Cát Huyện Dĩ An Huyện Thuận An " DOMCldNum="13" DoC="8" FontSize="13" FontWeight="normal" FrameSourceIndex="0" ID="1-21" IsImg="false" LinkNum="7" LinkTextLen="95" ObjectRectHeight="52" ObjectRectLeft="0" ObjectRectTop="6220" ObjectRectWidth="1420" SRC="&lt;div xmlns=&quot;http://www.w3.org/1999/xhtml&quot; class=&quot;residential&quot;&gt;                &lt;ul&gt;                    &lt;li&gt;  &lt;strong&gt;Bán nhà riêng tại Bình Dương:&lt;/strong&gt;&lt;/li&gt;                         &lt;li&gt;&lt;a href=&quot;http://123nhadat.vn/raovat-c8/ban-nha-rieng-tai-huyen-phu-giao-199&quot; title=&quot;Ban nha rieng Huyen Phu Giao&quot;&gt;Huyện Phú Giáo&lt;/a&gt;&lt;/li&gt;                         &lt;li&gt;&lt;a href=&quot;http://123nhadat.vn/raovat-c8/ban-nha-rieng-tai-huyen-dau-tieng-198&quot; title=&quot;Ban nha rieng Huyen Dau Tieng&quot;&gt;Huyện Dầu Tiếng&lt;/a&gt;&lt;/li&gt;                         &lt;li&gt;&lt;a href=&quot;http://123nhadat.vn/raovat-c8/ban-nha-rieng-tai-huyen-bau-bang-688&quot; title=&quot;Ban nha rieng Huyen Bau Bang&quot;&gt;Huyện Bàu Bàng&lt;/a&gt;&lt;/li&gt;                         &lt;li&gt;&lt;a href=&quot;http://123nhadat.vn/raovat-c8/ban-nha-rieng-tai-huyen-tan-uyen-200&quot; title=&quot;Ban nha rieng Huyen Tan Uyen&quot;&gt;Huyện Tân Uyên&lt;/a&gt;&lt;/li&gt;                         &lt;li&gt;&lt;a href=&quot;http://123nhadat.vn/raovat-c8/ban-nha-rieng-tai-huyen-ben-cat-201&quot; title=&quot;Ban nha rieng Huyen Ben Cat&quot;&gt;Huyện Bến Cát&lt;/a&gt;&lt;/li&gt;                         &lt;li&gt;&lt;a href=&quot;http://123nhadat.vn/raovat-c8/ban-nha-rieng-tai-huyen-di-an-197&quot; title=&quot;Ban nha rieng Huyen Di An&quot;&gt;Huyện Dĩ An&lt;/a&gt;&lt;/li&gt;                         &lt;li&gt;&lt;a href=&quot;http://123nhadat.vn/raovat-c8/ban-nha-rieng-tai-huyen-thuan-an-196&quot; title=&quot;Ban nha rieng Huyen Thuan An&quot;&gt;Huyện Thuận An&lt;/a&gt;&lt;/li&gt;                     &lt;/ul&gt;            &lt;/div&gt;" SourceIndex="3526" TextLen="126" order="72" xPath="/#document/html/body/div[4]/div[3]/div[1]/div[0]/ul[7]/li[0]/a[0]/#text"/>
<LayoutNode BgColor="#5eab1f" ContainImg="0" ContainP="0" ContainTable="false" Content="Báo giá quảng cáo Quy chế đăng tin Quy chế hoạt động Câu hỏi thường gặp Hỗ trợ - góp ý Tuyển dụng Rss " DOMCldNum="13" DoC="5" FontSize="13" FontWeight="normal" FrameSourceIndex="0" ID="1-22" IsImg="false" LinkNum="7" LinkTextLen="95" ObjectRectHeight="34" ObjectRectLeft="0" ObjectRectTop="6315" ObjectRectWidth="1420" SRC="&lt;div xmlns=&quot;http://www.w3.org/1999/xhtml&quot; class=&quot;menu_bottom&quot;&gt;                &lt;ul&gt;                                                                                      &lt;li&gt;&lt;a href=&quot;http://123nhadat.vn/bao-gia-quang-cao&quot;&gt;Báo giá quảng cáo&lt;/a&gt;&lt;/li&gt;                    &lt;li&gt;&lt;a href=&quot;http://123nhadat.vn/quy-che-dang-tin&quot;&gt;Quy chế đăng tin&lt;/a&gt;&lt;/li&gt;                    &lt;li&gt;&lt;a href=&quot;http://123nhadat.vn/quy-che-hoat-dong&quot;&gt;Quy chế hoạt động&lt;/a&gt;&lt;/li&gt;                    &lt;li&gt;&lt;a href=&quot;http://blog.123nhadat.vn/category/hoi-dap/&quot;&gt;Câu hỏi thường gặp&lt;/a&gt;&lt;/li&gt;                    &lt;li&gt;&lt;a href=&quot;http://123nhadat.vn/contact.html&quot;&gt;Hỗ trợ - góp ý&lt;/a&gt;&lt;/li&gt;                    &lt;li&gt;&lt;a href=&quot;http://123nhadat.vn/tuyen-dung&quot;&gt;Tuyển dụng&lt;/a&gt;&lt;/li&gt;                    &lt;li&gt;&lt;a href=&quot;http://123nhadat.vn/rss&quot;&gt;Rss&lt;/a&gt;&lt;/li&gt;                &lt;/ul&gt;            &lt;/div&gt;" SourceIndex="3575" TextLen="95" order="73" xPath="/#document/html/body/div[4]/div[3]/div[3]/div[0]/ul[6]/li[0]/a[0]/#text"/>
<LayoutNode BgColor="#ffffff" ContainImg="0" ContainP="0" ContainTable="false" Content="Copyright © 2011 - 2017 123nhadat.vn. ® Ghi rõ nguồn &quot;123nhadat.vn&quot; khi phát hành lại thông tin từ website này. " DOMCldNum="18" DoC="10" FontSize="13" FontWeight="normal" FrameSourceIndex="0" ID="1-23" IsImg="false" LinkNum="0" LinkTextLen="0" ObjectRectHeight="16" ObjectRectLeft="0" ObjectRectTop="6370" ObjectRectWidth="1420" SRC="Copyright © 2011 - 2017 123nhadat.vn. &lt;span xmlns=&quot;http://www.w3.org/1999/xhtml&quot; class=&quot;khonghien_mobile&quot;&gt;® Ghi rõ nguồn &quot;123nhadat.vn&quot; khi phát hành lại thông tin từ website này.&lt;/span&gt;" SourceIndex="0;3616" TextLen="111" order="74" xPath="/#document/html/body/div[4]/div[3]/div[5]/div[0]/p[0]/#text"/>
<LayoutNode BgColor="#ffffff" ContainImg="0" ContainP="0" ContainTable="false" Content="Công ty Cổ phần Truyền thông và Công nghệ Nguyễn Trần " DOMCldNum="18" DoC="8" FontSize="13" FontWeight="normal" FrameSourceIndex="0" ID="1-24" IsImg="false" LinkNum="0" LinkTextLen="0" ObjectRectHeight="16" ObjectRectLeft="0" ObjectRectTop="6396" ObjectRectWidth="1420" SRC="&lt;span xmlns=&quot;http://www.w3.org/1999/xhtml&quot; class=&quot;khonghien_mobile&quot;&gt;&lt;b&gt;Công ty Cổ phần Truyền thông và Công nghệ Nguyễn Trần&lt;/b&gt;&lt;br/&gt;&lt;/span&gt;" SourceIndex="3620" TextLen="53" order="75" xPath="/XPspan[0]/#text"/>
<LayoutNode BgColor="#ffffff" ContainImg="0" ContainP="0" ContainTable="false" Content="Giấy chứng nhận ĐKKD số 0106006379 do Sở Kế hoạch &amp; Đầu tư TP.Hà Nội cấp " DOMCldNum="18" DoC="8" FontSize="13" FontWeight="normal" FrameSourceIndex="0" ID="1-25" IsImg="false" LinkNum="0" LinkTextLen="0" ObjectRectHeight="16" ObjectRectLeft="0" ObjectRectTop="6422" ObjectRectWidth="1420" SRC="&lt;span xmlns=&quot;http://www.w3.org/1999/xhtml&quot; class=&quot;khonghien_mobile&quot;&gt;Giấy chứng nhận ĐKKD số 0106006379 do Sở Kế hoạch &amp; Đầu tư TP.Hà Nội cấp&lt;br/&gt;&lt;/span&gt;" SourceIndex="3625" TextLen="72" order="76" xPath="/XPspan[0]/#text"/>
<LayoutNode BgColor="#ffffff" ContainImg="0" ContainP="0" ContainTable="false" Content="Địa chỉ: Số 13 ngõ 189 Hoàng Hoa Thám,phường Liễu Giai,quận Ba Đình, Hà Nội " DOMCldNum="18" DoC="8" FontSize="13" FontWeight="normal" FrameSourceIndex="0" ID="1-26" IsImg="false" LinkNum="0" LinkTextLen="0" ObjectRectHeight="16" ObjectRectLeft="0" ObjectRectTop="6448" ObjectRectWidth="1420" SRC="&lt;span xmlns=&quot;http://www.w3.org/1999/xhtml&quot; class=&quot;khonghien_mobile&quot;&gt;Địa chỉ: Số 13 ngõ 189 Hoàng Hoa Thám,phường Liễu Giai,quận Ba Đình, Hà Nội&lt;br/&gt;&lt;/span&gt;" SourceIndex="3629" TextLen="75" order="77" xPath="/XPspan[0]/#text"/>
<LayoutNode BgColor="#ffffff" ContainImg="2" ContainP="0" ContainTable="false" DOMCldNum="18" DoC="7" FontSize="13" FontWeight="normal" FrameSourceIndex="0" ID="1-27" IsImg="false" LinkNum="0" LinkTextLen="0" ObjectRectHeight="135" ObjectRectLeft="0" ObjectRectTop="6469" ObjectRectWidth="1420" SourceIndex="3614" TextLen="165" order="78">
<LayoutNode BgColor="#ffffff" ContainImg="0" ContainP="0" ContainTable="false" Content="Thời gian làm việc: 8h đến 17h ngày Thứ 2 đến thứ 6 ,Thứ 7 từ 8h đến 12h. Hotline: 09.1800.8589 | Email: contact@123nhadat.vn Tel : 02437.123.666 | Fax : 02437.123.555 " DOMCldNum="18" DoC="8" FontSize="13" FontWeight="normal" FrameSourceIndex="0" ID="1-27-1" IsImg="false" LinkNum="0" LinkTextLen="0" ObjectRectHeight="135" ObjectRectLeft="0" ObjectRectTop="6469" ObjectRectWidth="879" SRC="&lt;span xmlns=&quot;http://www.w3.org/1999/xhtml&quot; class=&quot;khonghien_mobile&quot;&gt;Thời gian làm việc: 8h đến 17h ngày Thứ 2 đến thứ 6 ,Thứ 7 từ 8h đến 12h.&lt;br/&gt;&lt;/span&gt;Hotline: 09.1800.8589 | Email: contact@123nhadat.vnTel : 02437.123.666 | Fax : 02437.123.555" SourceIndex="3614" TextLen="165" order="79" xPath="/XPspan[0]/#text"/>
<LayoutNode BgColor="#ffffff" ContainImg="2" ContainP="0" ContainTable="false" Content=" " DOMCldNum="1" DoC="8" FontSize="13" FontWeight="normal" FrameSourceIndex="0" ID="1-27-2" IsImg="true" LinkNum="0" LinkTextLen="0" ObjectRectHeight="135" ObjectRectLeft="1110" ObjectRectTop="6469" ObjectRectWidth="310" SRC="&lt;img xmlns=&quot;http://www.w3.org/1999/xhtml&quot; alt=&quot;&quot; src=&quot;http://123nhadat.vn/images/s1.png&quot;/&gt;" SourceIndex="7348" TextLen="0" order="80" xPath="/#document/html/body/div[4]/div[3]/div[5]/div[0]/p[5]/a[0]/img"/>
</LayoutNode>
</LayoutNode>
</VIPSPage>
