<VIPSPage PageRectHeight="980" PageRectLeft="0" PageRectTop="0" PageRectWidth="1420" PageTitle="Bán đất chính chủ Giá 4.85 tỷ- số 801/38 A  quốc Lộ 13 cũ, Phường Hiệp Bình Phước, quận Thủ Đức. - DiaOcOnline" Url="https://diaoconline.vn/ban-dat-o-dat-tho-cu-c11/ban-dat-chinh-chu-gia-485-ty-so-80138-a-quoc-lo-13-cu-phuong-hiep-binh-phuoc-quan-thu-duc-i1738066" WindowHeight="980" WindowWidth="1420" neworder="0" order="0">
<LayoutNode BgColor="transparent" ContainImg="32" ContainP="7" ContainTable="true" DOMCldNum="22" DoC="1" FontSize="16" FontWeight="normal" FrameSourceIndex="0" ID="1" IsImg="false" LinkNum="232" LinkTextLen="4759" ObjectRectHeight="2776" ObjectRectLeft="0" ObjectRectTop="0" ObjectRectWidth="1420" SourceIndex="64" TextLen="8708" order="1">
<LayoutNode BgColor="transparent" ContainImg="6" ContainP="3" ContainTable="false" Content="Địa Ốc Online THÔNG TIN ĐỊA ỐC Thị trường địa ốc Hoạt động Doanh nghiệp Chính sách - Quy hoạch Tài chính - Chứng khoán Xây dựng Bất động sản thế giới Ngoại kiều - Việt kiều THÔNG TIN MỚI NHẤT Vốn 'khủng' cho nhà ở xã hội 3 giờ 45 phút trước Chính phủ đã giao Bộ Kế hoạch - Đầu tư cân đối thêm 1.000 tỉ đồng cho Ngân hàng Chính sách xã hội và bổ sung 2.000 tỉ đồng cho 4 ngân hàng thương mại để hỗ trợ cho vay nhà ở xã hội. THÔNG TIN MỚI CẬP NHẬT Nhà ở xã hội: Dài cổ chờ ưu đãi Bất động sản trước sức ép đại dịch: ... Bà Rịa – Vũng Tàu tính xây sân bay rộng ... Quy định mới về hỗ trợ tạm cư khi thu ... &quot;Đề kháng&quot; cao trước đại dịch, giá BĐS ... Giải pháp giúp thị trường bất động sản ... Bà Rịa - Vũng Tàu: Phân lô, tách thửa ... Trả đất vàng cho Nhà nước: Bài toán khó ... Ngã rẽ cho thị trường mặt bằng bán lẻ SIÊU THỊ ĐỊA ỐC Nhà phố Villa - Biệt thự Căn hộ chung cư Đất ở - Đất thổ cư Đất dự án - Quy hoạch Văn phòng Mặt bằng - Cửa hàng Nhà hàng - Khách sạn Nhà Kho - Xưởng Khách Sạn - Nhà Phố Căn hộ dich vụ Đất vườn TÀI SẢN NỔI BẬT Bạn có cân nhắc kỹ trước khi mua nhà ! ... 5. Nhà Gò Vấp giá rẻ 2.4 tỷ, đúc kiên ... 3. Bán nhà P.11 quận Gò Vấp sổ hồng ... CÁC TÀI SẢN MỚI ĐĂNG TP.HCM: 3. Nhà bán đường Quang Trung ... TP.HCM: 8. Bán nhà Nguyễn Duy Cung Gò ... TP.HCM: 5. Nhà bán Gò Vấp DT: 4 x17m ... TP.HCM: 2. Nhà đường Phạm Văn Chiêu ... TP.HCM: 4. Nhà Gò Vấp hướng Nam thiết ... TP.HCM: 5. Nhà đường số 9 quận Gò Vấp ... TP.HCM: Bán đất chính chủ Giá 4.85 ... TP.HCM: 6. Nhà đường Số 8 quận Gò ... TP.HCM: 1. Nhà Quang Trung Gò Vấp Giá ... DỰ ÁN Khu công nghiệp Khu dân cư – Đô thị mới Khu phức hợp - Thương mại Cao ốc văn phòng Khu du lịch - Nghỉ dưỡng Công trình công cộng Khu căn hộ DỰ ÁN MỚI Sunshine Diamond River 26/10/2019 14:49 Sunshine Diamond River Với 3 mặt giáp sông Sài Gòn được chủ đầu tư Sunshine Group tích hợp Smart Home bên trong căn hộ bàn giao cho khách hàng. CÁC DỰ ÁN KHÁC TP.HCM: Sunshine City Saigon Bình Phước: Dự Án Đất Nền Sky Center City 5 – Chơn ... TP.HCM: Khu dân cư Senturia Nam Sài Gòn huyện ... Bà Rịa - Vũng Tàu: Đất nền Rich Central Bà Rịa – Vũng ... Long An: Khu đô thị sinh thái D’Villa Centa Long ... Hà Nội: Dự án 6th Element Hà Nội TP.HCM: Tòa tháp căn hộ Diamond Brilliant ... Quảng Nam: Khu nghỉ dưỡng Malibu MGM Hội An ... Bình Dương: Khu đô thị New Times City Bình Dương DOANH NGHIỆP KHÁM PHÁ Thế giới kiến trúc Mách bạn Phong thủy Không gian sống Shopping cùng DOOL Thương hiệu Nhà của sao KHÁM PHÁ NỔI BẬT Mua nhà chung cư, thích đến mấy cũng phải xem kĩ 8 điều này 13/08/2019 15:30 Nhiều chủ đầu tư chưa thực sự chú trọng tới vấn đề phong thủy trong xây dựng chung cư, vì thế trước khi chọn mua gia chủ nên quan tâm nhiều hơn tới vấn đề này. CÁC TIN KHÁC Mẹo trúng mánh khi mua nhà, đất tháng ... 4 kiểu giao dịch bất động sản dễ mất ... 8 quyền lợi người mua bất động sản hình ... Đây là 4 tình huống nhà đầu tư cần hiểu ... Làm thế nào để đầu tư vào bất động sản ... 10 lời khuyên quý hơn vàng từ ‘sói già’ ... Sai lầm ‘chí mạng’ mất đứt trăm triệu ... Kinh nghiệm khi mua nhà có nội thất 6 sai lầm khiến nhà bạn mua không thể ... NHÀ ĐẸP Đăng nhập Đăng ký ĐĂNG TÀI SẢN CỦA BẠN " DOMCldNum="22" DoC="8" FontSize="16" FontWeight="normal" FrameSourceIndex="0" ID="1-1" IsImg="false" LinkNum="95" LinkTextLen="2386" ObjectRectHeight="78" ObjectRectLeft="0" ObjectRectTop="0" ObjectRectWidth="1420" SRC="&lt;div xmlns=&quot;http://www.w3.org/1999/xhtml&quot; class=&quot;margin_bottom&quot; id=&quot;header&quot;&gt;        &lt;div class=&quot;wrap&quot; id=&quot;head_content&quot;&gt;            &lt;span id=&quot;logo&quot;&gt;&lt;a href=&quot;/&quot; title=&quot;Về trang chủ DiaOcOnline.vn&quot;&gt;Địa Ốc Online&lt;/a&gt;&lt;/span&gt;            &lt;div id=&quot;head_nav&quot;&gt;                &lt;ul&gt;                    &lt;li id=&quot;news_item&quot;&gt;&lt;a href=&quot;/tin-tuc&quot;&gt;                        THÔNG TIN ĐỊA ỐC&lt;/a&gt;                        &lt;div class=&quot;sub_menu&quot;&gt;                            &lt;div class=&quot;wrap&quot;&gt;                                &lt;div class=&quot;col_178&quot;&gt;                                    &lt;div class=&quot;left_menu&quot;&gt;                                        &lt;ul&gt;                                                &lt;li&gt;&lt;a href=&quot;/tin-tuc/thi-truong-dia-oc-c18&quot;&gt;Thị trường địa ốc&lt;/a&gt;                                                &lt;/li&gt;                                                &lt;li&gt;&lt;a href=&quot;/tin-tuc/hoat-dong-doanh-nghiep-c23&quot;&gt;Hoạt động Doanh nghiệp&lt;/a&gt;                                                &lt;/li&gt;                                                &lt;li&gt;&lt;a href=&quot;/tin-tuc/chinh-sach-quy-hoach-c16&quot;&gt;Chính sách - Quy hoạch&lt;/a&gt;                                                &lt;/li&gt;                                                &lt;li&gt;&lt;a href=&quot;/tin-tuc/tai-chinh-chung-khoan-c57&quot;&gt;Tài chính - Chứng khoán&lt;/a&gt;                                                &lt;/li&gt;                                                &lt;li&gt;&lt;a href=&quot;/tin-tuc/xay-dung-c25&quot;&gt;Xây dựng&lt;/a&gt;                                                &lt;/li&gt;                                                &lt;li&gt;&lt;a href=&quot;/tin-tuc/bat-dong-san-the-gioi-c24&quot;&gt;Bất động sản thế giới&lt;/a&gt;                                                &lt;/li&gt;                                                &lt;li&gt;&lt;a href=&quot;/tin-tuc/ngoai-kieu-viet-kieu-c17&quot;&gt;Ngoại kiều - Việt kiều&lt;/a&gt;                                                &lt;/li&gt;                                        &lt;/ul&gt;                                    &lt;/div&gt;                                &lt;/div&gt;                                &lt;div class=&quot;col_463&quot;&gt;                                    &lt;div class=&quot;info&quot;&gt;                                        &lt;div class=&quot;headline rounded_style_6 rounded_box&quot;&gt;                                            &lt;div class=&quot;content&quot;&gt;                                                &lt;h2&gt;                                                    THÔNG TIN MỚI NHẤT&lt;/h2&gt;                                            &lt;/div&gt;                                        &lt;/div&gt;                                        &lt;div class=&quot;content_inner rounded_style_7 rounded_box&quot;&gt;                                                &lt;div class=&quot;content&quot;&gt;                                                    &lt;div class=&quot;img&quot;&gt;                                                        &lt;a href=&quot;/tin-tuc/thi-truong-dia-oc-c18/von-khung-cho-nha-o-xa-hoi-i80580&quot;&gt;                                                            &lt;img alt=&quot;Vốn 'khủng' cho nhà ở xã hội&quot; height=&quot;154&quot; src=&quot;http://image.diaoconline.vn/tin-tuc/2020/04/13/thumb-A99-von-khung-cho-nha-o-xa-hoi.jpg&quot; title=&quot;Vốn 'khủng' cho nhà ở xã hội&quot; width=&quot;200&quot;/&gt;                                                        &lt;/a&gt;                                                    &lt;/div&gt;                                                    &lt;div class=&quot;right&quot;&gt;                                                        &lt;h2&gt;                                                            &lt;a href=&quot;/tin-tuc/thi-truong-dia-oc-c18/von-khung-cho-nha-o-xa-hoi-i80580&quot;&gt;Vốn 'khủng' cho nhà ở xã hội&lt;/a&gt;&lt;/h2&gt;                                                        &lt;span class=&quot;updated_date&quot;&gt;3 giờ 45 phút trước&lt;/span&gt;                                                        &lt;br/&gt;                                                        &lt;p&gt;Chính phủ đã giao Bộ Kế hoạch - Đầu tư cân đối thêm 1.000 tỉ đồng cho Ngân hàng Chính sách xã hội và bổ sung 2.000 tỉ đồng cho 4 ngân hàng thương mại để hỗ trợ cho vay nhà ở xã hội.&lt;/p&gt;                                                    &lt;/div&gt;                                                &lt;/div&gt;                                        &lt;/div&gt;                                    &lt;/div&gt;                                &lt;/div&gt;                                &lt;div class=&quot;col_290 margin_left&quot;&gt;                                    &lt;div class=&quot;latest&quot;&gt;                                        &lt;div class=&quot;headline rounded_style_6 rounded_box&quot;&gt;                                            &lt;div class=&quot;content&quot;&gt;                                                &lt;h2&gt;                                                    THÔNG TIN MỚI CẬP NHẬT&lt;/h2&gt;                                            &lt;/div&gt;                                        &lt;/div&gt;                                        &lt;div class=&quot;content_inner&quot;&gt;                                            &lt;ul&gt;                                                    &lt;li&gt;&lt;span class=&quot;bullet&quot;/&gt;&lt;a href=&quot;/tin-tuc/chinh-sach-quy-hoach-c16/nha-o-xa-hoi-dai-co-cho-uu-dai-i80579&quot; title=&quot;Nhà ở xã hội: Dài cổ chờ ưu đãi&quot;&gt;                                                        Nhà ở xã hội: Dài cổ chờ ưu đãi                                                    &lt;/a&gt;&lt;/li&gt;                                                     &lt;li&gt;&lt;span class=&quot;bullet&quot;/&gt;&lt;a href=&quot;/tin-tuc/thi-truong-dia-oc-c18/bat-dong-san-truoc-suc-ep-dai-dich-thuc-hu-ve-lan-song-dua-nhau-ban-thao-i80578&quot; title=&quot;Bất động sản trước sức ép đại dịch: Thực hư về làn sóng đua nhau bán tháo&quot;&gt;                                                        Bất động sản trước sức ép đại dịch:  ...                                                    &lt;/a&gt;&lt;/li&gt;                                                     &lt;li&gt;&lt;span class=&quot;bullet&quot;/&gt;&lt;a href=&quot;/tin-tuc/chinh-sach-quy-hoach-c16/ba-ria-vung-tau-tinh-xay-san-bay-rong-250ha-tren-dao-i80577&quot; title=&quot;Bà Rịa – Vũng Tàu tính xây sân bay rộng 250ha trên đảo&quot;&gt;                                                        Bà Rịa – Vũng Tàu tính xây sân bay rộng  ...                                                    &lt;/a&gt;&lt;/li&gt;                                                     &lt;li&gt;&lt;span class=&quot;bullet&quot;/&gt;&lt;a href=&quot;/tin-tuc/chinh-sach-quy-hoach-c16/quy-dinh-moi-ve-ho-tro-tam-cu-khi-thu-hoi-dat-i80576&quot; title=&quot;Quy định mới về hỗ trợ tạm cư khi thu hồi đất&quot;&gt;                                                        Quy định mới về hỗ trợ tạm cư khi thu  ...                                                    &lt;/a&gt;&lt;/li&gt;                                                     &lt;li&gt;&lt;span class=&quot;bullet&quot;/&gt;&lt;a href=&quot;/tin-tuc/thi-truong-dia-oc-c18/de-khang-cao-truoc-dai-dich-gia-bds-cong-nghiep-van-tang-65-i80575&quot; title=&quot;&quot;Đề kháng&quot; cao trước đại dịch, giá BĐS công nghiệp vẫn tăng 6,5%&quot;&gt;                                                        &quot;Đề kháng&quot; cao trước đại dịch, giá BĐS  ...                                                    &lt;/a&gt;&lt;/li&gt;                                                     &lt;li&gt;&lt;span class=&quot;bullet&quot;/&gt;&lt;a href=&quot;/tin-tuc/thi-truong-dia-oc-c18/giai-phap-giup-thi-truong-bat-dong-san-hoi-sinh-sau-dai-dich-i80574&quot; title=&quot;Giải pháp giúp thị trường bất động sản &quot;hồi sinh&quot; sau đại dịch&quot;&gt;                                                        Giải pháp giúp thị trường bất động sản  ...                                                    &lt;/a&gt;&lt;/li&gt;                                                     &lt;li&gt;&lt;span class=&quot;bullet&quot;/&gt;&lt;a href=&quot;/tin-tuc/chinh-sach-quy-hoach-c16/ba-ria-vung-tau-phan-lo-tach-thua-tac-vi-quyet-dinh-18-i80573&quot; title=&quot;Bà Rịa - Vũng Tàu: Phân lô, tách thửa “tắc” vì Quyết định 18&quot;&gt;                                                        Bà Rịa - Vũng Tàu: Phân lô, tách thửa  ...                                                    &lt;/a&gt;&lt;/li&gt;                                                     &lt;li&gt;&lt;span class=&quot;bullet&quot;/&gt;&lt;a href=&quot;/tin-tuc/chinh-sach-quy-hoach-c16/tra-dat-vang-cho-nha-nuoc-bai-toan-kho-hau-thu-hoi-i80572&quot; title=&quot;Trả đất vàng cho Nhà nước: Bài toán khó hậu thu hồi&quot;&gt;                                                        Trả đất vàng cho Nhà nước: Bài toán khó  ...                                                    &lt;/a&gt;&lt;/li&gt;                                                     &lt;li&gt;&lt;span class=&quot;bullet&quot;/&gt;&lt;a href=&quot;/tin-tuc/thi-truong-dia-oc-c18/nga-re-cho-thi-truong-mat-bang-ban-le-i80571&quot; title=&quot;Ngã rẽ cho thị trường mặt bằng bán lẻ&quot;&gt;                                                        Ngã rẽ cho thị trường mặt bằng bán lẻ                                                    &lt;/a&gt;&lt;/li&gt;                                             &lt;/ul&gt;                                        &lt;/div&gt;                                    &lt;/div&gt;                                &lt;/div&gt;                            &lt;/div&gt;                        &lt;/div&gt;                    &lt;/li&gt;                    &lt;li id=&quot;real_market_item&quot;&gt;&lt;a href=&quot;/sieu-thi&quot;&gt;                        SIÊU THỊ ĐỊA ỐC&lt;/a&gt;                        &lt;div class=&quot;sub_menu&quot;&gt;                            &lt;div class=&quot;wrap&quot;&gt;                                &lt;div class=&quot;col_178&quot;&gt;                                    &lt;div class=&quot;left_menu&quot;&gt;                                        &lt;ul&gt;                                                &lt;li&gt;&lt;a href=&quot;/sieu-thi/nha-pho-c20&quot;&gt;Nhà phố&lt;/a&gt;                                                &lt;/li&gt;                                                &lt;li&gt;&lt;a href=&quot;/sieu-thi/villa-biet-thu-c1&quot;&gt;Villa - Biệt thự&lt;/a&gt;                                                &lt;/li&gt;                                                &lt;li&gt;&lt;a href=&quot;/sieu-thi/can-ho-chung-cu-c8&quot;&gt;Căn hộ chung cư&lt;/a&gt;                                                &lt;/li&gt;                                                &lt;li&gt;&lt;a href=&quot;/sieu-thi/dat-o-dat-tho-cu-c11&quot;&gt;Đất ở - Đất thổ cư&lt;/a&gt;                                                &lt;/li&gt;                                                &lt;li&gt;&lt;a href=&quot;/sieu-thi/dat-du-an-quy-hoach-c12&quot;&gt;Đất dự án - Quy hoạch&lt;/a&gt;                                                &lt;/li&gt;                                                &lt;li&gt;&lt;a href=&quot;/sieu-thi/van-phong-c9&quot;&gt;Văn phòng&lt;/a&gt;                                                &lt;/li&gt;                                                &lt;li&gt;&lt;a href=&quot;/sieu-thi/mat-bang-cua-hang-c15&quot;&gt;Mặt bằng - Cửa hàng&lt;/a&gt;                                                &lt;/li&gt;                                                &lt;li&gt;&lt;a href=&quot;/sieu-thi/nha-hang-khach-san-c17&quot;&gt;Nhà hàng - Khách sạn&lt;/a&gt;                                                &lt;/li&gt;                                                &lt;li&gt;&lt;a href=&quot;/sieu-thi/nha-kho-xuong-c19&quot;&gt;Nhà Kho - Xưởng&lt;/a&gt;                                                &lt;/li&gt;                                                &lt;li&gt;&lt;a href=&quot;/sieu-thi/khach-san-nha-pho-c25&quot;&gt;Khách Sạn - Nhà Phố&lt;/a&gt;                                                &lt;/li&gt;                                                &lt;li&gt;&lt;a href=&quot;/sieu-thi/can-ho-dich-vu-c26&quot;&gt;Căn hộ dich vụ&lt;/a&gt;                                                &lt;/li&gt;                                                &lt;li&gt;&lt;a href=&quot;/sieu-thi/dat-vuon-c27&quot;&gt;Đất vườn&lt;/a&gt;                                                &lt;/li&gt;                                        &lt;/ul&gt;                                    &lt;/div&gt;                                &lt;/div&gt;                                &lt;div class=&quot;col_463&quot;&gt;                                    &lt;div class=&quot;info&quot;&gt;                                        &lt;div class=&quot;headline rounded_style_6 rounded_box&quot;&gt;                                            &lt;div class=&quot;content&quot;&gt;                                                &lt;h2&gt;                                                    TÀI SẢN NỔI BẬT&lt;/h2&gt;                                            &lt;/div&gt;                                        &lt;/div&gt;                                        &lt;div class=&quot;content_inner rounded_style_7 rounded_box&quot;&gt;                                            &lt;div class=&quot;content&quot;&gt;                                                    &lt;div class=&quot;real_block&quot;&gt;                                                        &lt;a href=&quot;/ban-can-ho-cao-cap-c10/ban-co-can-nhac-ky-truoc-khi-mua-nha-dung-bo-qua-du-an-nay-i1971243&quot;&gt;                                                            &lt;img alt=&quot;Bạn có cân nhắc kỹ trước khi mua nhà ! Đừng bỏ qua dự án này.&quot; height=&quot;140&quot; src=&quot;http://image.diaoconline.vn/sieu-thi/can-ho-cao-cap.jpg&quot; title=&quot;Bạn có cân nhắc kỹ trước khi mua nhà ! Đừng bỏ qua dự án này.&quot; width=&quot;140&quot;/&gt;&lt;/a&gt;                                                        &lt;h3&gt;                                                            &lt;a href=&quot;/ban-can-ho-cao-cap-c10/ban-co-can-nhac-ky-truoc-khi-mua-nha-dung-bo-qua-du-an-nay-i1971243&quot;&gt;                                                                Bạn có cân nhắc kỹ trước khi mua nhà !  ...                                                            &lt;/a&gt;                                                        &lt;/h3&gt;                                                    &lt;/div&gt;                                                    &lt;div class=&quot;real_block&quot;&gt;                                                        &lt;a href=&quot;/ban-nha-pho-c20/5nha-go-vap-gia-re-24-ty-duc-kien-co-1-tam-2pn-i1971041&quot;&gt;                                                            &lt;img alt=&quot;5. Nhà Gò Vấp giá rẻ 2.4 tỷ, đúc kiên cố 1 tấm – 2PN!&quot; height=&quot;140&quot; src=&quot;http://image.diaoconline.vn/sieu-thi/2020/03/10/thumb-212-C18590.jpg&quot; title=&quot;5. Nhà Gò Vấp giá rẻ 2.4 tỷ, đúc kiên cố 1 tấm – 2PN!&quot; width=&quot;140&quot;/&gt;&lt;/a&gt;                                                        &lt;h3&gt;                                                            &lt;a href=&quot;/ban-nha-pho-c20/5nha-go-vap-gia-re-24-ty-duc-kien-co-1-tam-2pn-i1971041&quot;&gt;                                                                5. Nhà Gò Vấp giá rẻ 2.4 tỷ, đúc kiên  ...                                                            &lt;/a&gt;                                                        &lt;/h3&gt;                                                    &lt;/div&gt;                                                    &lt;div class=&quot;real_block last&quot;&gt;                                                        &lt;a href=&quot;/ban-nha-pho-c20/3ban-nha-p11-quan-go-vap-so-hong-rieng-xay-moi-100-gia-625-ty-i1976509&quot;&gt;                                                            &lt;img alt=&quot;3. Bán nhà P.11 quận Gò Vấp sổ hồng riêng, xây mới 100% Giá 6.25 tỷ&quot; height=&quot;140&quot; src=&quot;http://image.diaoconline.vn/sieu-thi/2020/03/25/thumb-8DC-D8A612.jpg&quot; title=&quot;3. Bán nhà P.11 quận Gò Vấp sổ hồng riêng, xây mới 100% Giá 6.25 tỷ&quot; width=&quot;140&quot;/&gt;&lt;/a&gt;                                                        &lt;h3&gt;                                                            &lt;a href=&quot;/ban-nha-pho-c20/3ban-nha-p11-quan-go-vap-so-hong-rieng-xay-moi-100-gia-625-ty-i1976509&quot;&gt;                                                                3. Bán nhà P.11 quận Gò Vấp sổ hồng  ...                                                            &lt;/a&gt;                                                        &lt;/h3&gt;                                                    &lt;/div&gt;                                            &lt;/div&gt;                                        &lt;/div&gt;                                    &lt;/div&gt;                                &lt;/div&gt;                                &lt;div class=&quot;col_290 margin_left&quot;&gt;                                    &lt;div class=&quot;latest&quot;&gt;                                        &lt;div class=&quot;headline rounded_style_6 rounded_box&quot;&gt;                                            &lt;div class=&quot;content&quot;&gt;                                                &lt;h2&gt;                                                    CÁC TÀI SẢN MỚI ĐĂNG&lt;/h2&gt;                                            &lt;/div&gt;                                        &lt;/div&gt;                                        &lt;div class=&quot;content_inner&quot;&gt;                                            &lt;ul&gt;                                                    &lt;li&gt;&lt;span class=&quot;bullet&quot;/&gt;&lt;a href=&quot;/ban-nha-pho-c20/3nha-ban-duong-quang-trung-go-vap-kien-truc-chau-au-gia-86-ty-i1976496&quot; title=&quot;3. Nhà bán đường Quang Trung Gò Vấp kiến trúc Châu Âu giá 8.6 tỷ!&quot;&gt;                                                        &lt;span&gt;TP.HCM: &lt;/span&gt;                                                        3. Nhà bán đường Quang Trung  ...&lt;/a&gt; &lt;/li&gt;                                                    &lt;li&gt;&lt;span class=&quot;bullet&quot;/&gt;&lt;a href=&quot;/ban-nha-pho-c20/8ban-nha-nguyen-duy-cung-go-vap-nha-kien-truc-hien-dai-gia-re-24-ty-i1963597&quot; title=&quot;8. Bán nhà Nguyễn Duy Cung Gò Vấp, nhà kiến trúc hiện đại Giá rẻ 2.4 tỷ!&quot;&gt;                                                        &lt;span&gt;TP.HCM: &lt;/span&gt;                                                        8. Bán nhà Nguyễn Duy Cung Gò  ...&lt;/a&gt; &lt;/li&gt;                                                    &lt;li&gt;&lt;span class=&quot;bullet&quot;/&gt;&lt;a href=&quot;/ban-nha-pho-c20/5nha-ban-go-vap-dt-4-x17m-duc-5-tam-5pn-moi-100--i1976513&quot; title=&quot;5. Nhà bán Gò Vấp DT: 4 x17m đúc 5 tấm -5PN mới 100% !&quot;&gt;                                                        &lt;span&gt;TP.HCM: &lt;/span&gt;                                                        5. Nhà bán Gò Vấp DT: 4 x17m  ...&lt;/a&gt; &lt;/li&gt;                                                    &lt;li&gt;&lt;span class=&quot;bullet&quot;/&gt;&lt;a href=&quot;/ban-nha-pho-c20/2nha-duong-pham-van-chieu-go-vap-hem-xe-hoi-ban-gap-gia-55-ty-i1976506&quot; title=&quot;2. Nhà đường Phạm Văn Chiêu Gò Vấp hẻm xe hơi bán Gấp Giá 5.5 tỷ!&quot;&gt;                                                        &lt;span&gt;TP.HCM: &lt;/span&gt;                                                        2. Nhà đường Phạm Văn Chiêu  ...&lt;/a&gt; &lt;/li&gt;                                                    &lt;li&gt;&lt;span class=&quot;bullet&quot;/&gt;&lt;a href=&quot;/ban-nha-pho-c20/4nha-go-vap-huong-nam-thiet-ke-hien-dai-can-ban-gap-gia-38-ty-i1963593&quot; title=&quot;4. Nhà Gò Vấp hướng Nam thiết kế hiện đại cần bán Gấp Giá 3.8 tỷ!&quot;&gt;                                                        &lt;span&gt;TP.HCM: &lt;/span&gt;                                                        4. Nhà Gò Vấp hướng Nam thiết  ...&lt;/a&gt; &lt;/li&gt;                                                    &lt;li&gt;&lt;span class=&quot;bullet&quot;/&gt;&lt;a href=&quot;/ban-nha-pho-c20/5nha-duong-so-9-quan-go-vap-gia-365-ty-duc-1-tam-can-ban-gap-i1963605&quot; title=&quot;5. Nhà đường số 9 quận Gò Vấp Giá 3.65 tỷ đúc 1 tấm Cần bán Gấp!&quot;&gt;                                                        &lt;span&gt;TP.HCM: &lt;/span&gt;                                                        5. Nhà đường số 9 quận Gò Vấp  ...&lt;/a&gt; &lt;/li&gt;                                                    &lt;li&gt;&lt;span class=&quot;bullet&quot;/&gt;&lt;a href=&quot;/ban-dat-o-dat-tho-cu-c11/ban-dat-chinh-chu-gia-485-ty-so-80138-a-quoc-lo-13-cu-phuong-hiep-binh-phuoc-quan-thu-duc-i1738066&quot; title=&quot;Bán đất chính chủ Giá 4.85 tỷ- số 801/38 A  quốc Lộ 13 cũ, Phường Hiệp Bình Phước, quận Thủ Đức.&quot;&gt;                                                        &lt;span&gt;TP.HCM: &lt;/span&gt;                                                        Bán đất chính chủ Giá 4.85  ...&lt;/a&gt; &lt;/li&gt;                                                    &lt;li&gt;&lt;span class=&quot;bullet&quot;/&gt;&lt;a href=&quot;/ban-nha-pho-c20/6nha-duong-so-8-quan-go-vap-duc-kien-co-2-tam-gia-ban-45-ty-i1963606&quot; title=&quot;6. Nhà đường Số 8 quận Gò Vấp, đúc kiên cố 2 tấm Giá bán 4.5 tỷ!&quot;&gt;                                                        &lt;span&gt;TP.HCM: &lt;/span&gt;                                                        6. Nhà đường Số 8 quận Gò  ...&lt;/a&gt; &lt;/li&gt;                                                    &lt;li&gt;&lt;span class=&quot;bullet&quot;/&gt;&lt;a href=&quot;/ban-nha-pho-c20/1nha-quang-trung-go-vap-gia-cuc-re-can-ban-gap-gia-39-ty-i1971016&quot; title=&quot;1. Nhà Quang Trung Gò Vấp Giá cực rẻ cần bán Gấp giá 3.9 tỷ!&quot;&gt;                                                        &lt;span&gt;TP.HCM: &lt;/span&gt;                                                        1. Nhà Quang Trung Gò Vấp Giá  ...&lt;/a&gt; &lt;/li&gt;                                            &lt;/ul&gt;                                        &lt;/div&gt;                                    &lt;/div&gt;                                &lt;/div&gt;                            &lt;/div&gt;                        &lt;/div&gt;                    &lt;/li&gt;                    &lt;li id=&quot;project_item&quot;&gt;&lt;a href=&quot;/du-an&quot;&gt;                        DỰ ÁN&lt;/a&gt;                        &lt;div class=&quot;sub_menu&quot;&gt;                            &lt;div class=&quot;wrap&quot;&gt;                                &lt;div class=&quot;col_178&quot;&gt;                                    &lt;div class=&quot;left_menu&quot;&gt;                                        &lt;ul&gt;                                                &lt;li&gt;&lt;a href=&quot;/du-an/khu-cong-nghiep-c11&quot;&gt;Khu công nghiệp&lt;/a&gt;&lt;/li&gt;                                                &lt;li&gt;&lt;a href=&quot;/du-an/khu-dan-cu-do-thi-moi-c24&quot;&gt;Khu dân cư – Đô thị mới &lt;/a&gt;&lt;/li&gt;                                                &lt;li&gt;&lt;a href=&quot;/du-an/khu-phuc-hop-thuong-mai-c25&quot;&gt;Khu phức hợp - Thương mại&lt;/a&gt;&lt;/li&gt;                                                &lt;li&gt;&lt;a href=&quot;/du-an/cao-oc-van-phong-c26&quot;&gt;Cao ốc văn phòng&lt;/a&gt;&lt;/li&gt;                                                &lt;li&gt;&lt;a href=&quot;/du-an/khu-du-lich-nghi-duong-c28&quot;&gt;Khu du lịch - Nghỉ dưỡng&lt;/a&gt;&lt;/li&gt;                                                &lt;li&gt;&lt;a href=&quot;/du-an/cong-trinh-cong-cong-c29&quot;&gt;Công trình công cộng&lt;/a&gt;&lt;/li&gt;                                                &lt;li&gt;&lt;a href=&quot;/du-an/khu-can-ho-c27&quot;&gt;Khu căn hộ&lt;/a&gt;&lt;/li&gt;                                        &lt;/ul&gt;                                    &lt;/div&gt;                                &lt;/div&gt;                                &lt;div class=&quot;col_463&quot;&gt;                                    &lt;div class=&quot;info&quot;&gt;                                        &lt;div class=&quot;headline rounded_style_6 rounded_box&quot;&gt;                                            &lt;div class=&quot;content&quot;&gt;                                                &lt;h2&gt;                                                    DỰ ÁN MỚI&lt;/h2&gt;                                            &lt;/div&gt;                                        &lt;/div&gt;                                        &lt;div class=&quot;content_inner rounded_style_7 rounded_box&quot;&gt;                                                &lt;div class=&quot;content&quot;&gt;                                                    &lt;div class=&quot;img&quot;&gt;                                                        &lt;a href=&quot;/du-an/khu-dan-cu-do-thi-moi-c24/sunshine-diamond-river-i2341&quot;&gt;                                                            &lt;img alt=&quot;Sunshine Diamond River&quot; height=&quot;154&quot; src=&quot;http://image.diaoconline.vn/du-an/2019/10/25/thumb-D28-sunshine-diamond-river.jpg&quot; title=&quot;Sunshine Diamond River&quot; width=&quot;200&quot;/&gt;                                                        &lt;/a&gt;                                                    &lt;/div&gt;                                                    &lt;div class=&quot;right&quot;&gt;                                                        &lt;h2&gt;                                                            &lt;a href=&quot;/du-an/khu-dan-cu-do-thi-moi-c24/sunshine-diamond-river-i2341&quot;&gt;Sunshine Diamond River&lt;/a&gt;&lt;/h2&gt;                                                        &lt;span class=&quot;updated_date&quot;&gt;26/10/2019 14:49&lt;/span&gt;                                                        &lt;br/&gt;                                                        &lt;p&gt;Sunshine Diamond River Với 3 mặt giáp sông Sài Gòn được chủ đầu tư Sunshine Group tích hợp Smart Home bên trong căn hộ bàn giao cho khách hàng.&lt;/p&gt;                                                    &lt;/div&gt;                                                &lt;/div&gt;                                        &lt;/div&gt;                                    &lt;/div&gt;                                &lt;/div&gt;                                &lt;div class=&quot;col_290 margin_left&quot;&gt;                                    &lt;div class=&quot;latest&quot;&gt;                                        &lt;div class=&quot;headline rounded_style_6 rounded_box&quot;&gt;                                            &lt;div class=&quot;content&quot;&gt;                                                &lt;h2&gt;                                                    CÁC DỰ ÁN KHÁC&lt;/h2&gt;                                            &lt;/div&gt;                                        &lt;/div&gt;                                        &lt;div class=&quot;content_inner&quot;&gt;                                            &lt;ul&gt;                                                    &lt;li&gt;&lt;span class=&quot;bullet&quot;/&gt;&lt;a href=&quot;/du-an/khu-dan-cu-do-thi-moi-c24/sunshine-city-saigon-i2340&quot; title=&quot;Sunshine City Saigon&quot;&gt;                                                        &lt;span&gt;TP.HCM: &lt;/span&gt;                                                        Sunshine City Saigon                                                    &lt;/a&gt;&lt;/li&gt;                                                    &lt;li&gt;&lt;span class=&quot;bullet&quot;/&gt;&lt;a href=&quot;/du-an/khu-dan-cu-do-thi-moi-c24/du-an-dat-nen-sky-center-city-5-chon-thanh-binh-phuoc-i2339&quot; title=&quot;Dự Án Đất Nền Sky Center City 5 – Chơn Thành, Bình Phước&quot;&gt;                                                        &lt;span&gt;Bình Phước: &lt;/span&gt;                                                        Dự Án Đất Nền Sky Center City 5 – Chơn  ...                                                    &lt;/a&gt;&lt;/li&gt;                                                    &lt;li&gt;&lt;span class=&quot;bullet&quot;/&gt;&lt;a href=&quot;/du-an/khu-dan-cu-do-thi-moi-c24/khu-dan-cu-senturia-nam-sai-gon-huyen-binh-chanh-i2338&quot; title=&quot;Khu dân cư Senturia Nam Sài Gòn huyện Bình Chánh&quot;&gt;                                                        &lt;span&gt;TP.HCM: &lt;/span&gt;                                                        Khu dân cư Senturia Nam Sài Gòn huyện  ...                                                    &lt;/a&gt;&lt;/li&gt;                                                    &lt;li&gt;&lt;span class=&quot;bullet&quot;/&gt;&lt;a href=&quot;/du-an/khu-dan-cu-do-thi-moi-c24/dat-nen-rich-central-ba-ria-vung-tau-i2337&quot; title=&quot;Đất nền Rich Central Bà Rịa – Vũng Tàu&quot;&gt;                                                        &lt;span&gt;Bà Rịa - Vũng Tàu: &lt;/span&gt;                                                        Đất nền Rich Central Bà Rịa – Vũng  ...                                                    &lt;/a&gt;&lt;/li&gt;                                                    &lt;li&gt;&lt;span class=&quot;bullet&quot;/&gt;&lt;a href=&quot;/du-an/khu-dan-cu-do-thi-moi-c24/khu-do-thi-sinh-thai-dvilla-centa-long-an-i2336&quot; title=&quot;Khu đô thị sinh thái D’Villa Centa Long An&quot;&gt;                                                        &lt;span&gt;Long An: &lt;/span&gt;                                                        Khu đô thị sinh thái D’Villa Centa Long  ...                                                    &lt;/a&gt;&lt;/li&gt;                                                    &lt;li&gt;&lt;span class=&quot;bullet&quot;/&gt;&lt;a href=&quot;/du-an/khu-can-ho-c27/du-an-6th-element-ha-noi-i2335&quot; title=&quot;Dự án 6th Element Hà Nội&quot;&gt;                                                        &lt;span&gt;Hà Nội: &lt;/span&gt;                                                        Dự án 6th Element Hà Nội                                                    &lt;/a&gt;&lt;/li&gt;                                                    &lt;li&gt;&lt;span class=&quot;bullet&quot;/&gt;&lt;a href=&quot;/du-an/khu-can-ho-c27/toa-thap-can-ho-diamond-brilliant-quan-tan-phu-i2334&quot; title=&quot;Tòa tháp căn hộ Diamond Brilliant quận Tân Phú&quot;&gt;                                                        &lt;span&gt;TP.HCM: &lt;/span&gt;                                                        Tòa tháp căn hộ Diamond Brilliant  ...                                                    &lt;/a&gt;&lt;/li&gt;                                                    &lt;li&gt;&lt;span class=&quot;bullet&quot;/&gt;&lt;a href=&quot;/du-an/khu-du-lich-nghi-duong-c28/khu-nghi-duong-malibu-mgm-hoi-an-resorts-villas-i2333&quot; title=&quot;Khu nghỉ dưỡng Malibu MGM Hội An Resorts &amp; Villas&quot;&gt;                                                        &lt;span&gt;Quảng Nam: &lt;/span&gt;                                                        Khu nghỉ dưỡng Malibu MGM Hội An  ...                                                    &lt;/a&gt;&lt;/li&gt;                                                    &lt;li&gt;&lt;span class=&quot;bullet&quot;/&gt;&lt;a href=&quot;/du-an/khu-dan-cu-do-thi-moi-c24/khu-do-thi-new-times-city-binh-duong-i2332&quot; title=&quot;Khu đô thị New Times City Bình Dương&quot;&gt;                                                        &lt;span&gt;Bình Dương: &lt;/span&gt;                                                        Khu đô thị New Times City Bình Dương                                                    &lt;/a&gt;&lt;/li&gt;                                            &lt;/ul&gt;                                        &lt;/div&gt;                                    &lt;/div&gt;                                &lt;/div&gt;                            &lt;/div&gt;                        &lt;/div&gt;                    &lt;/li&gt;                    &lt;li&gt;&lt;a href=&quot;/doanh-nghiep&quot;&gt;                        DOANH NGHIỆP&lt;/a&gt;&lt;/li&gt;                    &lt;li&gt;&lt;a href=&quot;/kham-pha&quot;&gt;                        KHÁM PHÁ&lt;/a&gt;                        &lt;div class=&quot;sub_menu&quot;&gt;                            &lt;div class=&quot;wrap&quot;&gt;                                &lt;div class=&quot;col_178&quot;&gt;                                    &lt;div class=&quot;left_menu&quot;&gt;                                        &lt;ul&gt;                                                &lt;li&gt;&lt;a href=&quot;/kham-pha/the-gioi-kien-truc-c4&quot;&gt;Thế giới kiến trúc&lt;/a&gt;&lt;/li&gt;                                                &lt;li&gt;&lt;a href=&quot;/kham-pha/mach-ban-c6&quot;&gt;Mách bạn&lt;/a&gt;&lt;/li&gt;                                                &lt;li&gt;&lt;a href=&quot;/kham-pha/phong-thuy-c9&quot;&gt;Phong thủy&lt;/a&gt;&lt;/li&gt;                                                &lt;li&gt;&lt;a href=&quot;/kham-pha/khong-gian-song-c7&quot;&gt;Không gian sống&lt;/a&gt;&lt;/li&gt;                                                &lt;li&gt;&lt;a href=&quot;/kham-pha/shopping-cung-dool-c10&quot;&gt;Shopping cùng DOOL&lt;/a&gt;&lt;/li&gt;                                                &lt;li&gt;&lt;a href=&quot;/kham-pha/thuong-hieu-c11&quot;&gt;Thương hiệu&lt;/a&gt;&lt;/li&gt;                                                &lt;li&gt;&lt;a href=&quot;/kham-pha/nha-cua-sao-c76&quot;&gt;Nhà của sao&lt;/a&gt;&lt;/li&gt;                                        &lt;/ul&gt;                                    &lt;/div&gt;                                &lt;/div&gt;                                &lt;div class=&quot;col_463&quot;&gt;                                    &lt;div class=&quot;info&quot;&gt;                                        &lt;div class=&quot;headline rounded_style_6 rounded_box&quot;&gt;                                            &lt;div class=&quot;content&quot;&gt;                                                &lt;h2&gt;                                                    KHÁM PHÁ NỔI BẬT&lt;/h2&gt;                                            &lt;/div&gt;                                        &lt;/div&gt;                                        &lt;div class=&quot;content_inner rounded_style_7 rounded_box&quot;&gt;                                                &lt;div class=&quot;content&quot;&gt;                                                    &lt;div class=&quot;img&quot;&gt;                                                        &lt;a href=&quot;/kham-pha/mach-ban-c6/mua-nha-chung-cu-thich-den-may-cung-phai-xem-ki-8-dieu-nay-i78838&quot;&gt;                                                            &lt;img alt=&quot;Mua nhà chung cư, thích đến mấy cũng phải xem kĩ 8 điều này&quot; height=&quot;125&quot; src=&quot;http://image.diaoconline.vn/kham-pha/2019/08/13/thumb-C01-mua-nha-chung-cu-thich-den-may-cung-phai-xem-ki-8-dieu-nay.jpg&quot; title=&quot;Mua nhà chung cư, thích đến mấy cũng phải xem kĩ 8 điều này&quot; width=&quot;200&quot;/&gt;&lt;/a&gt;                                                    &lt;/div&gt;                                                    &lt;div class=&quot;right&quot;&gt;                                                        &lt;h2&gt;                                                            &lt;a href=&quot;/kham-pha/mach-ban-c6/mua-nha-chung-cu-thich-den-may-cung-phai-xem-ki-8-dieu-nay-i78838&quot;&gt;Mua nhà chung cư, thích đến mấy cũng phải xem kĩ 8 điều này&lt;/a&gt;&lt;/h2&gt;                                                        &lt;span class=&quot;updated_date&quot;&gt;13/08/2019 15:30&lt;/span&gt;                                                        &lt;br/&gt;                                                        &lt;p&gt;Nhiều chủ đầu tư chưa thực sự chú trọng tới vấn đề phong thủy trong xây dựng chung cư, vì thế trước khi chọn mua gia chủ nên quan tâm nhiều hơn tới vấn đề này.&lt;/p&gt;                                                    &lt;/div&gt;                                                &lt;/div&gt;                                        &lt;/div&gt;                                    &lt;/div&gt;                                &lt;/div&gt;                                &lt;div class=&quot;col_290 margin_left&quot;&gt;                                    &lt;div class=&quot;latest&quot;&gt;                                        &lt;div class=&quot;headline rounded_style_6 rounded_box&quot;&gt;                                            &lt;div class=&quot;content&quot;&gt;                                                &lt;h2&gt;                                                    CÁC TIN KHÁC&lt;/h2&gt;                                            &lt;/div&gt;                                        &lt;/div&gt;                                        &lt;div class=&quot;content_inner&quot;&gt;                                            &lt;ul&gt;                                                    &lt;li&gt;&lt;span class=&quot;bullet&quot;/&gt;&lt;a href=&quot;/kham-pha/mach-ban-c6/meo-trung-manh-khi-mua-nha-dat-thang-co-hon-khong-phai-ai-cung-biet-i78742&quot; title=&quot;Mẹo trúng mánh khi mua nhà, đất tháng “cô hồn” không phải ai cũng biết&quot;&gt;                                                        Mẹo trúng mánh khi mua nhà, đất tháng  ...                                                    &lt;/a&gt;&lt;/li&gt;                                                    &lt;li&gt;&lt;span class=&quot;bullet&quot;/&gt;&lt;a href=&quot;/kham-pha/mach-ban-c6/4-kieu-giao-dich-bat-dong-san-de-mat-sach-tien-i78427&quot; title=&quot;4 kiểu giao dịch bất động sản dễ mất sạch tiền&quot;&gt;                                                        4 kiểu giao dịch bất động sản dễ mất  ...                                                    &lt;/a&gt;&lt;/li&gt;                                                    &lt;li&gt;&lt;span class=&quot;bullet&quot;/&gt;&lt;a href=&quot;/kham-pha/mach-ban-c6/8-quyen-loi-nguoi-mua-bat-dong-san-hinh-thanh-trong-tuong-lai-can-biet-i78419&quot; title=&quot;8 quyền lợi người mua bất động sản hình thành trong tương lai cần biết&quot;&gt;                                                        8 quyền lợi người mua bất động sản hình  ...                                                    &lt;/a&gt;&lt;/li&gt;                                                    &lt;li&gt;&lt;span class=&quot;bullet&quot;/&gt;&lt;a href=&quot;/kham-pha/mach-ban-c6/day-la-4-tinh-huong-nha-dau-tu-can-hieu-ro-de-tranh-rui-ro-trong-con-sot-dat-i78409&quot; title=&quot;Đây là 4 tình huống nhà đầu tư cần hiểu rõ để tránh rủi ro trong cơn sốt đất&quot;&gt;                                                        Đây là 4 tình huống nhà đầu tư cần hiểu  ...                                                    &lt;/a&gt;&lt;/li&gt;                                                    &lt;li&gt;&lt;span class=&quot;bullet&quot;/&gt;&lt;a href=&quot;/kham-pha/mach-ban-c6/lam-the-nao-de-dau-tu-vao-bat-dong-san-va-kiem-loi-lau-dai-i78336&quot; title=&quot;Làm thế nào để đầu tư vào bất động sản và kiếm lời lâu dài?&quot;&gt;                                                        Làm thế nào để đầu tư vào bất động sản  ...                                                    &lt;/a&gt;&lt;/li&gt;                                                    &lt;li&gt;&lt;span class=&quot;bullet&quot;/&gt;&lt;a href=&quot;/kham-pha/mach-ban-c6/10-loi-khuyen-quy-hon-vang-tu-soi-gia-bat-dong-san-i78080&quot; title=&quot;10 lời khuyên quý hơn vàng từ ‘sói già’ bất động sản&quot;&gt;                                                        10 lời khuyên quý hơn vàng từ ‘sói già’  ...                                                    &lt;/a&gt;&lt;/li&gt;                                                    &lt;li&gt;&lt;span class=&quot;bullet&quot;/&gt;&lt;a href=&quot;/kham-pha/mach-ban-c6/sai-lam-chi-mang-mat-dut-tram-trieu-khi-ban-nha-i77827&quot; title=&quot;Sai lầm ‘chí mạng’ mất đứt trăm triệu khi bán nhà&quot;&gt;                                                        Sai lầm ‘chí mạng’ mất đứt trăm triệu  ...                                                    &lt;/a&gt;&lt;/li&gt;                                                    &lt;li&gt;&lt;span class=&quot;bullet&quot;/&gt;&lt;a href=&quot;/kham-pha/mach-ban-c6/kinh-nghiem-khi-mua-nha-co-noi-that-i77744&quot; title=&quot;Kinh nghiệm khi mua nhà có nội thất&quot;&gt;                                                        Kinh nghiệm khi mua nhà có nội thất                                                    &lt;/a&gt;&lt;/li&gt;                                                    &lt;li&gt;&lt;span class=&quot;bullet&quot;/&gt;&lt;a href=&quot;/kham-pha/mach-ban-c6/6-sai-lam-khien-nha-ban-mua-khong-the-tang-gia-i77403&quot; title=&quot;6 sai lầm khiến nhà bạn mua không thể tăng giá&quot;&gt;                                                        6 sai lầm khiến nhà bạn mua không thể  ...                                                    &lt;/a&gt;&lt;/li&gt;                                            &lt;/ul&gt;                                        &lt;/div&gt;                                    &lt;/div&gt;                                &lt;/div&gt;                            &lt;/div&gt;                        &lt;/div&gt;                    &lt;/li&gt;                    &lt;li&gt;&lt;a href=&quot;/nha-dep&quot;&gt;                        NHÀ ĐẸP&lt;/a&gt;&lt;/li&gt;                &lt;/ul&gt;            &lt;/div&gt;            &lt;div id=&quot;acc_section&quot;&gt;                &lt;div class=&quot;left_cn&quot;&gt;                &lt;/div&gt;                &lt;div class=&quot;right_cn&quot;&gt;                &lt;/div&gt;                    &lt;div class=&quot;content default&quot;&gt;                        &lt;ul&gt;                            &lt;li class=&quot;login&quot;&gt;&lt;span class=&quot;login_ico ico_24 ico_login_24&quot;/&gt;&lt;a href=&quot;/dang-nhap&quot;&gt;                                Đăng nhập&lt;/a&gt;&lt;/li&gt;                            &lt;li class=&quot;register&quot;&gt;&lt;span class=&quot;register_ico ico_24 ico_register_24&quot;/&gt;&lt;a class=&quot;register&quot; href=&quot;/dang-ky&quot;&gt;                                Đăng ký&lt;/a&gt;&lt;/li&gt;                        &lt;/ul&gt;                    &lt;/div&gt;            &lt;/div&gt;            &lt;div class=&quot;post_propertise&quot;&gt;                &lt;a href=&quot;/thanh-vien/tai-san-dang-moi/1738066&quot;&gt;ĐĂNG TÀI SẢN CỦA BẠN&lt;/a&gt;            &lt;/div&gt;        &lt;/div&gt;    &lt;/div&gt;" SourceIndex="101" TextLen="3033" order="2" xPath="/#document/html/body/div[5]/div[0]/div[3]/div[0]/a[0]/#text"/>
<LayoutNode BgColor="transparent" ContainImg="6" ContainP="0" ContainTable="false" DOMCldNum="5" DoC="5" FontSize="16" FontWeight="normal" FrameSourceIndex="0" ID="1-2" IsImg="false" LinkNum="6" LinkTextLen="0" ObjectRectHeight="101" ObjectRectLeft="0" ObjectRectTop="114" ObjectRectWidth="1420" SourceIndex="919" TextLen="35" order="3">
<LayoutNode BgColor="transparent" ContainImg="0" ContainP="0" ContainTable="false" Content="Sàn giao dịch bất động sản nổi bật " DOMCldNum="5" DoC="5" FontSize="16" FontWeight="normal" FrameSourceIndex="0" ID="1-2-1" IsImg="false" LinkNum="0" LinkTextLen="0" ObjectRectHeight="101" ObjectRectLeft="0" ObjectRectTop="114" ObjectRectWidth="290" SRC="&lt;div xmlns=&quot;http://www.w3.org/1999/xhtml&quot; class=&quot;headline_img&quot;&gt;                    &lt;h2&gt;                        Sàn giao dịch bất động sản nổi bật&lt;/h2&gt;                &lt;/div&gt;" SourceIndex="921" TextLen="35" order="4" xPath="/#document/html/body/div[8]/div[0]/div[0]/div[0]/div[0]/div[0]/h2[0]/#text"/>
<LayoutNode BgColor="#ffffff" ContainImg="6" ContainP="0" ContainTable="false" Content=" " DOMCldNum="5" DoC="8" FontSize="16" FontWeight="normal" FrameSourceIndex="0" ID="1-2-2" IsImg="false" LinkNum="6" LinkTextLen="0" ObjectRectHeight="101" ObjectRectLeft="299" ObjectRectTop="114" ObjectRectWidth="1121" SRC="&lt;ul xmlns=&quot;http://www.w3.org/1999/xhtml&quot; class=&quot;newslogost&quot;&gt;            &lt;li&gt;                    &lt;a href=&quot;/sieu-thi/loc?cty=1583&quot;&gt;                        &lt;img alt=&quot;Công Ty Cổ Phần Đầu Tư Căn Nhà Mơ Ước&quot; height=&quot;75&quot; src=&quot;http://image.diaoconline.vn/doanh-nghiep/2016/12/01/logo-C88-cong-ty-co-phan-dau-tu-can-nha-mo-uoc.jpg&quot; width=&quot;75&quot;/&gt;&lt;/a&gt;                            &lt;div class=&quot;textQTip&quot;&gt;                    &lt;p&gt;&lt;strong&gt;Công Ty Cổ Phần Đầu Tư Căn Nhà Mơ Ước&lt;/strong&gt;&lt;/p&gt;                    &lt;p&gt;117 - 119 - 121, Nguyễn Du, Bến Thành, Quận 1, TP.HCM                        &lt;br/&gt;                            ĐT: 08 3822 3771     &lt;/p&gt;                &lt;/div&gt;            &lt;/li&gt;            &lt;li&gt;                    &lt;a href=&quot;/sieu-thi/loc?cty=827&quot;&gt;                        &lt;img alt=&quot;Công ty Cổ phần DV-TM và Xây dựng Địa ốc Kim Oanh&quot; height=&quot;75&quot; src=&quot;http://image.diaoconline.vn/CompanyImageSmall/2011/05/13_kimoanh_75x75.jpg&quot; width=&quot;75&quot;/&gt;&lt;/a&gt;                            &lt;div class=&quot;textQTip&quot;&gt;                    &lt;p&gt;&lt;strong&gt;Công ty Cổ phần DV-TM và Xây dựng Địa ốc Kim Oanh&lt;/strong&gt;&lt;/p&gt;                    &lt;p&gt;NE8, Mỹ Phước 3, Bến Cát, Bình Dương                        &lt;br/&gt;                            ĐT: (650) 3577662 - 0909599593&lt;/p&gt;                &lt;/div&gt;            &lt;/li&gt;            &lt;li&gt;                    &lt;a href=&quot;/sieu-thi/loc?cty=1192&quot;&gt;                        &lt;img alt=&quot;Công ty TNHH Đầu tư Địa ốc Thành phố - Cityland&quot; height=&quot;75&quot; src=&quot;http://image.diaoconline.vn/doanh-nghiep/2015/09/14/logo-F0A-cong-ty-tnhh-dau-tu-dia-oc-thanh-pho-cityland.jpg&quot; width=&quot;75&quot;/&gt;&lt;/a&gt;                            &lt;div class=&quot;textQTip&quot;&gt;                    &lt;p&gt;&lt;strong&gt;Công ty TNHH Đầu tư Địa ốc Thành phố - Cityland&lt;/strong&gt;&lt;/p&gt;                    &lt;p&gt;24 Nguyễn Bỉnh Khiêm, Đa Kao, Quận 1, TP.HCM                        &lt;br/&gt;                            ĐT: 0968 22 88 11 (TP.HCM), 0967 55 88 11(Hà Nội)&lt;/p&gt;                &lt;/div&gt;            &lt;/li&gt;            &lt;li&gt;                    &lt;a href=&quot;/sieu-thi/loc?cty=1605&quot;&gt;                        &lt;img alt=&quot;CÔNG TY TNHH HOAIANH 3C&quot; height=&quot;75&quot; src=&quot;http://image.diaoconline.vn/doanh-nghiep/2017/05/03/logo-88C-cong-ty-tnhh-hoaianh-3c.jpg&quot; width=&quot;75&quot;/&gt;&lt;/a&gt;                            &lt;div class=&quot;textQTip&quot;&gt;                    &lt;p&gt;&lt;strong&gt;CÔNG TY TNHH HOAIANH 3C&lt;/strong&gt;&lt;/p&gt;                    &lt;p&gt;103/2A Đường Số 20 , Hiệp Bình Chánh, Quận Thủ Đức, TP.HCM                        &lt;br/&gt;                            ĐT: 0918.157.879&lt;/p&gt;                &lt;/div&gt;            &lt;/li&gt;            &lt;li&gt;                    &lt;a href=&quot;/sieu-thi/loc?cty=308&quot;&gt;                        &lt;img alt=&quot;Công ty Cổ phần Đầu tư Nam Long&quot; height=&quot;75&quot; src=&quot;http://image.diaoconline.vn/upload/Images/hinhLogo75/namlong-logo.gif&quot; width=&quot;75&quot;/&gt;&lt;/a&gt;                            &lt;div class=&quot;textQTip&quot;&gt;                    &lt;p&gt;&lt;strong&gt;Công ty Cổ phần Đầu tư Nam Long&lt;/strong&gt;&lt;/p&gt;                    &lt;p&gt;Số 06 Nguyễn Khắc Viện , Tân Phong, Quận 7, TP.HCM                        &lt;br/&gt;                            ĐT: 84.8.5416 1718&lt;/p&gt;                &lt;/div&gt;            &lt;/li&gt;            &lt;li&gt;                    &lt;a href=&quot;/sieu-thi/loc?cty=1549&quot;&gt;                        &lt;img alt=&quot;Công ty Cổ Phần đầu tư phát triển SunReal&quot; height=&quot;75&quot; src=&quot;http://image.diaoconline.vn/doanh-nghiep/2015/06/02/logo-31A-cong-ty-co-phan-dau-tu-phat-trien-sunreal.jpg&quot; width=&quot;75&quot;/&gt;&lt;/a&gt;                            &lt;div class=&quot;textQTip&quot;&gt;                    &lt;p&gt;&lt;strong&gt;Công ty Cổ Phần đầu tư phát triển SunReal&lt;/strong&gt;&lt;/p&gt;                    &lt;p&gt;125/7 Đường D1 , Phường 25, Quận Bình Thạnh, TP.HCM                        &lt;br/&gt;                            ĐT: (08) 3.898.0087 - 0939.888.173&lt;/p&gt;                &lt;/div&gt;            &lt;/li&gt;    &lt;/ul&gt;" SourceIndex="932" TextLen="0" order="5" xPath="/#document/html/body/div[8]/div[0]/div[0]/div[0]/div[1]/div[1]/ul[5]/li[0]/a[0]/img"/>
</LayoutNode>
<LayoutNode BgColor="#ffffff" ContainImg="11" ContainP="1" ContainTable="true" DOMCldNum="7" DoC="5" FontSize="16" FontWeight="normal" FrameSourceIndex="0" ID="1-3" IsImg="false" LinkNum="65" LinkTextLen="1266" ObjectRectHeight="1730" ObjectRectLeft="0" ObjectRectTop="225" ObjectRectWidth="1420" SourceIndex="1059" TextLen="3904" order="6">
<LayoutNode BgColor="#ffffff" ContainImg="0" ContainP="0" ContainTable="false" DOMCldNum="7" DoC="5" FontSize="16" FontWeight="normal" FrameSourceIndex="0" ID="1-3-1" IsImg="false" LinkNum="18" LinkTextLen="193" ObjectRectHeight="1730" ObjectRectLeft="0" ObjectRectTop="225" ObjectRectWidth="400" SourceIndex="1059" TextLen="698" order="7">
<LayoutNode BgColor="#ffffff" ContainImg="0" ContainP="0" ContainTable="false" Content="- TRỞ VỀ TÌM NHANH LOẠI TIN ĐĂNGXóa Bán / Sang nhượng Cho thuê Cần mua Cần thuê KHU VỰCXóa PHÁP LÝXóa LOẠI ĐỊA ỐCXóa " DOMCldNum="7" DoC="5" FontSize="16" FontWeight="normal" FrameSourceIndex="0" ID="1-3-1-1" IsImg="false" LinkNum="4" LinkTextLen="12" ObjectRectHeight="453" ObjectRectLeft="0" ObjectRectTop="225" ObjectRectWidth="400" SRC="&lt;div xmlns=&quot;http://www.w3.org/1999/xhtml&quot; class=&quot;headline_4 link-pointer&quot; id=&quot;ShowSearchMenu&quot;&gt;        &lt;h2&gt;&lt;span&gt; - TRỞ VỀ TÌM NHANH&lt;/span&gt;&lt;/h2&gt;    &lt;/div&gt;&lt;li xmlns=&quot;http://www.w3.org/1999/xhtml&quot; class=&quot;filter_block&quot; id=&quot;post_type&quot;&gt;                &lt;div class=&quot;headline&quot;&gt;&lt;h3&gt;LOẠI TIN ĐĂNG&lt;/h3&gt;&lt;a class=&quot;remove&quot; href=&quot;#&quot; id=&quot;ResetTinDang&quot; name=&quot;ResetTinDang&quot;&gt;Xóa&lt;span class=&quot;ico_remove_11&quot;/&gt;&lt;/a&gt;&lt;/div&gt;                &lt;div class=&quot;rounded_style_7 rounded_box&quot;&gt;                 &lt;div class=&quot;body&quot;&gt;                     &lt;fieldset&gt;                         &lt;ul&gt;                                &lt;li&gt;&lt;input id=&quot;at_1&quot; name=&quot;TinDang&quot; type=&quot;radio&quot; value=&quot;1&quot;/&gt;&lt;label for=&quot;at_1&quot;&gt;Bán / Sang nhượng&lt;/label&gt;&lt;/li&gt;                                &lt;li&gt;&lt;input id=&quot;at_2&quot; name=&quot;TinDang&quot; type=&quot;radio&quot; value=&quot;2&quot;/&gt;&lt;label for=&quot;at_2&quot;&gt;Cho thuê&lt;/label&gt;&lt;/li&gt;                                &lt;li&gt;&lt;input id=&quot;at_3&quot; name=&quot;TinDang&quot; type=&quot;radio&quot; value=&quot;3&quot;/&gt;&lt;label for=&quot;at_3&quot;&gt;Cần mua&lt;/label&gt;&lt;/li&gt;                                &lt;li&gt;&lt;input id=&quot;at_4&quot; name=&quot;TinDang&quot; type=&quot;radio&quot; value=&quot;4&quot;/&gt;&lt;label for=&quot;at_4&quot;&gt;Cần thuê&lt;/label&gt;&lt;/li&gt;                           &lt;/ul&gt;                       &lt;/fieldset&gt;                        &lt;input id=&quot;HDTinDang&quot; name=&quot;HDTinDang&quot; type=&quot;hidden&quot; value=&quot;1&quot;/&gt;                   &lt;/div&gt;               &lt;/div&gt;            &lt;/li&gt;&lt;li xmlns=&quot;http://www.w3.org/1999/xhtml&quot; class=&quot;filter_block&quot; id=&quot;location&quot;&gt;            &lt;div class=&quot;headline&quot;&gt;&lt;h3&gt;KHU VỰC&lt;/h3&gt;&lt;a class=&quot;remove&quot; href=&quot;#&quot; id=&quot;ResetKhuVuc&quot; name=&quot;ResetKhuVuc&quot;&gt;Xóa&lt;span class=&quot;ico_remove_11&quot;/&gt;&lt;/a&gt;&lt;/div&gt;            &lt;div class=&quot;rounded_style_7 rounded_box&quot;&gt;             &lt;div class=&quot;body&quot;&gt;                 &lt;fieldset&gt;                     &lt;div class=&quot;margin_bottom_form&quot;&gt;                     &lt;div class=&quot;city&quot;&gt;                            &lt;div class=&quot;divUni-2 margin_bottom&quot;&gt;                                &lt;div class=&quot;wid-left&quot;/&gt;        &lt;div class=&quot;wid&quot;&gt;                                    &lt;select id=&quot;CityList&quot; name=&quot;CityList&quot;&gt;                                        &lt;option value=&quot;&quot;&gt;Tỉnh/Thành phố&lt;/option&gt;                                        &lt;option value=&quot;2&quot;&gt;Hà Nội&lt;/option&gt;                                        &lt;option value=&quot;3&quot;&gt;TP.HCM&lt;/option&gt;                                        &lt;option value=&quot;71&quot;&gt;Đà Nẵng&lt;/option&gt;                                        &lt;option value=&quot;53&quot;&gt;Đồng Nai&lt;/option&gt;                                        &lt;option value=&quot;61&quot;&gt;Bình Dương&lt;/option&gt;                                        &lt;option value=&quot;35&quot;&gt;Long An&lt;/option&gt;                                        &lt;option value=&quot;69&quot;&gt;An Giang&lt;/option&gt;                                        &lt;option value=&quot;68&quot;&gt;Bà Rịa - Vũng Tàu&lt;/option&gt;                                        &lt;option value=&quot;67&quot;&gt;Bắc Giang&lt;/option&gt;                                        &lt;option value=&quot;66&quot;&gt;Bắc Kạn&lt;/option&gt;                                        &lt;option value=&quot;65&quot;&gt;Bạc Liêu&lt;/option&gt;                                        &lt;option value=&quot;64&quot;&gt;Bắc Ninh&lt;/option&gt;                                        &lt;option value=&quot;63&quot;&gt;Bến Tre&lt;/option&gt;                                        &lt;option value=&quot;62&quot;&gt;Bình Định&lt;/option&gt;                                        &lt;option value=&quot;60&quot;&gt;Bình Phước&lt;/option&gt;                                        &lt;option value=&quot;59&quot;&gt;Bình Thuận&lt;/option&gt;                                        &lt;option value=&quot;58&quot;&gt;Cà Mau&lt;/option&gt;                                        &lt;option value=&quot;72&quot;&gt;Cần Thơ&lt;/option&gt;                                        &lt;option value=&quot;57&quot;&gt;Cao Bằng&lt;/option&gt;                                        &lt;option value=&quot;56&quot;&gt;Đắk Lắk&lt;/option&gt;                                        &lt;option value=&quot;55&quot;&gt;Đắk Nông&lt;/option&gt;                                        &lt;option value=&quot;54&quot;&gt;Điện Biên&lt;/option&gt;                                        &lt;option value=&quot;52&quot;&gt;Đồng Tháp&lt;/option&gt;                                        &lt;option value=&quot;51&quot;&gt;Gia Lai&lt;/option&gt;                                        &lt;option value=&quot;50&quot;&gt;Hà Giang&lt;/option&gt;                                        &lt;option value=&quot;49&quot;&gt;Hà Nam &lt;/option&gt;                                        &lt;option value=&quot;47&quot;&gt;Hà Tĩnh&lt;/option&gt;                                        &lt;option value=&quot;46&quot;&gt;Hải Dương&lt;/option&gt;                                        &lt;option value=&quot;70&quot;&gt;Hải Phòng&lt;/option&gt;                                        &lt;option value=&quot;45&quot;&gt;Hậu Giang&lt;/option&gt;                                        &lt;option value=&quot;44&quot;&gt;Hòa Bình&lt;/option&gt;                                        &lt;option value=&quot;43&quot;&gt;Hưng Yên&lt;/option&gt;                                        &lt;option value=&quot;42&quot;&gt;Khánh Hòa&lt;/option&gt;                                        &lt;option value=&quot;41&quot;&gt;Kiên Giang&lt;/option&gt;                                        &lt;option value=&quot;40&quot;&gt;Kon Tum&lt;/option&gt;                                        &lt;option value=&quot;39&quot;&gt;Lai Châu&lt;/option&gt;                                        &lt;option value=&quot;38&quot;&gt;Lâm Đồng&lt;/option&gt;                                        &lt;option value=&quot;37&quot;&gt;Lạng Sơn&lt;/option&gt;                                        &lt;option value=&quot;36&quot;&gt;Lào Cai&lt;/option&gt;                                        &lt;option value=&quot;34&quot;&gt;Nam Định&lt;/option&gt;                                        &lt;option value=&quot;33&quot;&gt;Nghệ An&lt;/option&gt;                                        &lt;option value=&quot;32&quot;&gt;Ninh Bình&lt;/option&gt;                                        &lt;option value=&quot;31&quot;&gt;Ninh Thuận&lt;/option&gt;                                        &lt;option value=&quot;30&quot;&gt;Phú Thọ&lt;/option&gt;                                        &lt;option value=&quot;29&quot;&gt;Phú Yên&lt;/option&gt;                                        &lt;option value=&quot;28&quot;&gt;Quảng Bình&lt;/option&gt;                                        &lt;option value=&quot;27&quot;&gt;Quảng Nam&lt;/option&gt;                                        &lt;option value=&quot;26&quot;&gt;Quảng Ngãi&lt;/option&gt;                                        &lt;option value=&quot;25&quot;&gt;Quảng Ninh&lt;/option&gt;                                        &lt;option value=&quot;24&quot;&gt;Quảng Trị&lt;/option&gt;                                        &lt;option value=&quot;23&quot;&gt;Sóc Trăng&lt;/option&gt;                                        &lt;option value=&quot;22&quot;&gt;Sơn La&lt;/option&gt;                                        &lt;option value=&quot;21&quot;&gt;Tây Ninh&lt;/option&gt;                                        &lt;option value=&quot;19&quot;&gt;Thái Bình&lt;/option&gt;                                        &lt;option value=&quot;18&quot;&gt;Thái Nguyên&lt;/option&gt;                                        &lt;option value=&quot;17&quot;&gt;Thanh Hóa&lt;/option&gt;                                        &lt;option value=&quot;16&quot;&gt;Thừa Thiên Huế&lt;/option&gt;                                        &lt;option value=&quot;15&quot;&gt;Tiền Giang&lt;/option&gt;                                        &lt;option value=&quot;14&quot;&gt;Trà Vinh&lt;/option&gt;                                        &lt;option value=&quot;13&quot;&gt;Tuyên Quang&lt;/option&gt;                                        &lt;option value=&quot;12&quot;&gt;Vĩnh Long&lt;/option&gt;                                        &lt;option value=&quot;11&quot;&gt;Vĩnh Phúc&lt;/option&gt;                                        &lt;option value=&quot;10&quot;&gt;Yên Bái&lt;/option&gt;                                    &lt;/select&gt;                                &lt;/div&gt;                            &lt;/div&gt;                       &lt;/div&gt;                     &lt;div class=&quot;district divUni-2 margin_bottom&quot;&gt;                            &lt;div id=&quot;district&quot;&gt;                                &lt;div class=&quot;divUni-2&quot;&gt;                                    &lt;div class=&quot;wid-left&quot;/&gt;            &lt;div class=&quot;wid&quot;&gt;                                &lt;select id=&quot;DistrictList&quot; name=&quot;DistrictList&quot;&gt;                                    &lt;option value=&quot;&quot;&gt;Quận/Huyện&lt;/option&gt;                                &lt;/select&gt;                                    &lt;/div&gt;                                &lt;/div&gt;                            &lt;/div&gt;                       &lt;/div&gt;                     &lt;div class=&quot;bussiness_type divUni-2 margin_bottom&quot;&gt;                         &lt;div id=&quot;ward&quot;&gt;                                &lt;div class=&quot;divUni-2&quot;&gt;                                    &lt;div class=&quot;wid-left&quot;/&gt;            &lt;div class=&quot;wid&quot;&gt;                                &lt;select id=&quot;WardList&quot; name=&quot;WardList&quot;&gt;                                    &lt;option value=&quot;&quot;&gt;Phường/Xã&lt;/option&gt;                                &lt;/select&gt;                                    &lt;/div&gt;                                &lt;/div&gt;                            &lt;/div&gt;                       &lt;/div&gt;                     &lt;div class=&quot;bussiness_type divUni-2 margin_bottom&quot;&gt;                         &lt;div id=&quot;street&quot;&gt;                                &lt;div class=&quot;divUni-2&quot;&gt;                                    &lt;div class=&quot;wid-left&quot;/&gt;            &lt;div class=&quot;wid&quot;&gt;                                &lt;select id=&quot;StreetList&quot; name=&quot;StreetList&quot;&gt;                                    &lt;option value=&quot;&quot;&gt;Đường&lt;/option&gt;                                &lt;/select&gt;                                    &lt;/div&gt;                                &lt;/div&gt;                            &lt;/div&gt;                       &lt;/div&gt;                   &lt;/div&gt;                   &lt;/fieldset&gt;                    &lt;input id=&quot;HDKhuVuc&quot; name=&quot;HDKhuVuc&quot; type=&quot;hidden&quot; value=&quot;1&quot;/&gt;               &lt;/div&gt;           &lt;/div&gt;        &lt;/li&gt;&lt;li xmlns=&quot;http://www.w3.org/1999/xhtml&quot; class=&quot;filter_block&quot; id=&quot;legal_status&quot;&gt;            &lt;div class=&quot;headline&quot;&gt;&lt;h3&gt;PHÁP LÝ&lt;/h3&gt;&lt;a class=&quot;remove&quot; href=&quot;#&quot; id=&quot;ResetPhapLy&quot; name=&quot;ResetPhapLy&quot;&gt;Xóa&lt;span class=&quot;ico_remove_11&quot;/&gt;&lt;/a&gt;&lt;/div&gt;            &lt;div class=&quot;rounded_style_7 rounded_box&quot;&gt;             &lt;div class=&quot;body&quot;&gt;                 &lt;fieldset&gt;                        &lt;div class=&quot;divUni-2&quot;&gt;                            &lt;div class=&quot;wid-left&quot;/&gt;       &lt;div class=&quot;wid&quot;&gt;                                &lt;select id=&quot;DioStateLegalList&quot; name=&quot;DioStateLegalList&quot;&gt;                                    &lt;option value=&quot;&quot;&gt;Chọn tình trạng&lt;/option&gt;                                    &lt;option value=&quot;1&quot;&gt;Sổ hồng&lt;/option&gt;                                    &lt;option value=&quot;2&quot;&gt;Giấy đỏ&lt;/option&gt;                                    &lt;option value=&quot;3&quot;&gt;Giấy tay&lt;/option&gt;                                    &lt;option value=&quot;4&quot;&gt;Đang hợp thức hóa&lt;/option&gt;                                    &lt;option value=&quot;5&quot;&gt;Giấy tờ hợp lệ&lt;/option&gt;                                    &lt;option value=&quot;6&quot;&gt;Chủ quyền tư nhân&lt;/option&gt;                                    &lt;option value=&quot;7&quot;&gt;Hợp đồng&lt;/option&gt;                                    &lt;option value=&quot;8&quot;&gt;Không xác định&lt;/option&gt;                                &lt;/select&gt;                            &lt;/div&gt;                        &lt;/div&gt;                   &lt;/fieldset&gt;                    &lt;input id=&quot;HDPhapLy&quot; name=&quot;HDPhapLy&quot; type=&quot;hidden&quot; value=&quot;1&quot;/&gt;                &lt;/div&gt;           &lt;/div&gt;        &lt;/li&gt;&lt;div xmlns=&quot;http://www.w3.org/1999/xhtml&quot; class=&quot;headline&quot;&gt;&lt;h3&gt;LOẠI ĐỊA ỐC&lt;/h3&gt;&lt;a class=&quot;remove&quot; href=&quot;#&quot; id=&quot;ResetLoaiDiaOc&quot; name=&quot;ResetLoaiDiaOc&quot;&gt;Xóa&lt;span class=&quot;ico_remove_11&quot;/&gt;&lt;/a&gt;&lt;/div&gt;" SourceIndex="1061;1441;1485;1775;1836" TextLen="108" order="8" xPath="/#document/html/body/div[8]/div[0]/div[1]/div[0]/div[1]/form[0]/div[0]/h2[0]/span[0]/#text"/>
<LayoutNode BgColor="#ffffff" ContainImg="0" ContainP="0" ContainTable="false" Content="Đất vườn Căn hộ dich vụ Khách Sạn - Nhà Phố Nhà Villa - Biệt thự Nhà phố Nhà tạm Căn hộ/Văn phòng Văn phòng Căn hộ chung cư Căn hộ cao cấp Đất Đất dự án - Quy hoạch Đất ở - Đất thổ cư Đất nông nghiệp Đất lâm nghiệp Đất cho sản xuất Địa ốc khác Nhà Kho - Xưởng Nhà hàng - Khách sạn Mặt bằng - Cửa hàng Phòng trọ " DOMCldNum="3" DoC="8" FontSize="16" FontWeight="normal" FrameSourceIndex="0" ID="1-3-1-2" IsImg="false" LinkNum="0" LinkTextLen="0" ObjectRectHeight="489" ObjectRectLeft="0" ObjectRectTop="689" ObjectRectWidth="400" SRC="&lt;div xmlns=&quot;http://www.w3.org/1999/xhtml&quot; class=&quot;body&quot;&gt;                    &lt;fieldset&gt;                        &lt;label/&gt;                        &lt;ul&gt;                            &lt;li&gt;&lt;input id=&quot;dt_27&quot; name=&quot;LoaiDiaOc_27&quot; type=&quot;checkbox&quot; value=&quot;27&quot;/&gt;&lt;label for=&quot;dt_27&quot;&gt;Đất vườn&lt;/label&gt;&lt;/li&gt;                            &lt;li&gt;&lt;input id=&quot;dt_26&quot; name=&quot;LoaiDiaOc_26&quot; type=&quot;checkbox&quot; value=&quot;26&quot;/&gt;&lt;label for=&quot;dt_26&quot;&gt;Căn hộ dich vụ&lt;/label&gt;&lt;/li&gt;                            &lt;li&gt;&lt;input id=&quot;dt_25&quot; name=&quot;LoaiDiaOc_25&quot; type=&quot;checkbox&quot; value=&quot;25&quot;/&gt;&lt;label for=&quot;dt_25&quot;&gt;Khách Sạn - Nhà Phố&lt;/label&gt;&lt;/li&gt;                        &lt;/ul&gt;                        &lt;label&gt;Nhà&lt;/label&gt;                        &lt;ul&gt;                            &lt;li&gt;&lt;input id=&quot;dt_1&quot; name=&quot;LoaiDiaOc_1&quot; type=&quot;checkbox&quot; value=&quot;1&quot;/&gt;&lt;label for=&quot;dt_1&quot;&gt;Villa - Biệt thự&lt;/label&gt;&lt;/li&gt;                            &lt;li&gt;&lt;input id=&quot;dt_20&quot; name=&quot;LoaiDiaOc_20&quot; type=&quot;checkbox&quot; value=&quot;20&quot;/&gt;&lt;label for=&quot;dt_20&quot;&gt;Nhà phố&lt;/label&gt;&lt;/li&gt;                            &lt;li&gt;&lt;input id=&quot;dt_6&quot; name=&quot;LoaiDiaOc_6&quot; type=&quot;checkbox&quot; value=&quot;6&quot;/&gt;&lt;label for=&quot;dt_6&quot;&gt;Nhà tạm&lt;/label&gt;&lt;/li&gt;                        &lt;/ul&gt;                        &lt;label&gt;Căn hộ/Văn phòng&lt;/label&gt;                        &lt;ul&gt;                            &lt;li&gt;&lt;input id=&quot;dt_9&quot; name=&quot;LoaiDiaOc_9&quot; type=&quot;checkbox&quot; value=&quot;9&quot;/&gt;&lt;label for=&quot;dt_9&quot;&gt;Văn phòng&lt;/label&gt;&lt;/li&gt;                            &lt;li&gt;&lt;input id=&quot;dt_8&quot; name=&quot;LoaiDiaOc_8&quot; type=&quot;checkbox&quot; value=&quot;8&quot;/&gt;&lt;label for=&quot;dt_8&quot;&gt;Căn hộ chung cư&lt;/label&gt;&lt;/li&gt;                            &lt;li&gt;&lt;input id=&quot;dt_10&quot; name=&quot;LoaiDiaOc_10&quot; type=&quot;checkbox&quot; value=&quot;10&quot;/&gt;&lt;label for=&quot;dt_10&quot;&gt;Căn hộ cao cấp&lt;/label&gt;&lt;/li&gt;                        &lt;/ul&gt;                        &lt;label&gt;Đất&lt;/label&gt;                        &lt;ul&gt;                            &lt;li&gt;&lt;input id=&quot;dt_12&quot; name=&quot;LoaiDiaOc_12&quot; type=&quot;checkbox&quot; value=&quot;12&quot;/&gt;&lt;label for=&quot;dt_12&quot;&gt;Đất dự án - Quy hoạch&lt;/label&gt;&lt;/li&gt;                            &lt;li&gt;&lt;input id=&quot;dt_11&quot; name=&quot;LoaiDiaOc_11&quot; type=&quot;checkbox&quot; value=&quot;11&quot;/&gt;&lt;label for=&quot;dt_11&quot;&gt;Đất ở - Đất thổ cư&lt;/label&gt;&lt;/li&gt;                            &lt;li&gt;&lt;input id=&quot;dt_13&quot; name=&quot;LoaiDiaOc_13&quot; type=&quot;checkbox&quot; value=&quot;13&quot;/&gt;&lt;label for=&quot;dt_13&quot;&gt;Đất nông nghiệp&lt;/label&gt;&lt;/li&gt;                            &lt;li&gt;&lt;input id=&quot;dt_23&quot; name=&quot;LoaiDiaOc_23&quot; type=&quot;checkbox&quot; value=&quot;23&quot;/&gt;&lt;label for=&quot;dt_23&quot;&gt;Đất lâm nghiệp&lt;/label&gt;&lt;/li&gt;                            &lt;li&gt;&lt;input id=&quot;dt_14&quot; name=&quot;LoaiDiaOc_14&quot; type=&quot;checkbox&quot; value=&quot;14&quot;/&gt;&lt;label for=&quot;dt_14&quot;&gt;Đất cho sản xuất&lt;/label&gt;&lt;/li&gt;                        &lt;/ul&gt;                        &lt;label&gt;Địa ốc khác&lt;/label&gt;                        &lt;ul&gt;                            &lt;li&gt;&lt;input id=&quot;dt_19&quot; name=&quot;LoaiDiaOc_19&quot; type=&quot;checkbox&quot; value=&quot;19&quot;/&gt;&lt;label for=&quot;dt_19&quot;&gt;Nhà Kho - Xưởng&lt;/label&gt;&lt;/li&gt;                            &lt;li&gt;&lt;input id=&quot;dt_17&quot; name=&quot;LoaiDiaOc_17&quot; type=&quot;checkbox&quot; value=&quot;17&quot;/&gt;&lt;label for=&quot;dt_17&quot;&gt;Nhà hàng - Khách sạn&lt;/label&gt;&lt;/li&gt;                            &lt;li&gt;&lt;input id=&quot;dt_15&quot; name=&quot;LoaiDiaOc_15&quot; type=&quot;checkbox&quot; value=&quot;15&quot;/&gt;&lt;label for=&quot;dt_15&quot;&gt;Mặt bằng - Cửa hàng&lt;/label&gt;&lt;/li&gt;                            &lt;li&gt;&lt;input id=&quot;dt_16&quot; name=&quot;LoaiDiaOc_16&quot; type=&quot;checkbox&quot; value=&quot;16&quot;/&gt;&lt;label for=&quot;dt_16&quot;&gt;Phòng trọ&lt;/label&gt;&lt;/li&gt;                        &lt;/ul&gt;                        &lt;input id=&quot;HDLoaiDiaOc&quot; name=&quot;HDLoaiDiaOc&quot; type=&quot;hidden&quot; value=&quot;27,26,25,1,20,6,9,8,10,12,11,13,23,14,19,17,15,16&quot;/&gt;                &lt;/fieldset&gt;               &lt;/div&gt;" SourceIndex="1845" TextLen="289" order="9" xPath="/#document/html/body/div[8]/div[0]/div[1]/div[0]/div[1]/form[2]/div[0]/div[0]/ul[3]/li[1]/div[0]/div[0]/fieldset[10]/input"/>
<LayoutNode BgColor="#ffffff" ContainImg="0" ContainP="0" ContainTable="false" Content="KHOẢNG GIÁXóa + Giá thương lượng + dưới 5 triệu + 5 triệu - 20 triệu + 20 triệu - 100 triệu + 100 triệu - 500 triệu + 500 triệu - 1,2 tỷ + 1,2 tỷ - 2 tỷ + 2 tỷ - 3 tỷ + 3 tỷ - 5 tỷ + trên 5 tỷ VỊ TRÍ ĐỊA ỐCXóa 60m Hẻm xe hơi Mặt tiền đường Đường nội bộ Đường hẻm lớn Đường hẻm nhỏ Không cập nhật SỐ PHÒNG NGỦXóa HƯỚNGXóa " DOMCldNum="17" DoC="8" FontSize="16" FontWeight="normal" FrameSourceIndex="0" ID="1-3-1-3" IsImg="false" LinkNum="14" LinkTextLen="181" ObjectRectHeight="767" ObjectRectLeft="0" ObjectRectTop="1188" ObjectRectWidth="400" SRC="&lt;li xmlns=&quot;http://www.w3.org/1999/xhtml&quot; class=&quot;filter_block&quot; id=&quot;price&quot;&gt;            &lt;div class=&quot;headline&quot;&gt;&lt;h3&gt;KHOẢNG GIÁ&lt;/h3&gt;&lt;a class=&quot;remove&quot; href=&quot;#&quot; id=&quot;ResetKhoangGia&quot; name=&quot;ResetKhoangGia&quot;&gt;Xóa&lt;span class=&quot;ico_remove_11&quot;/&gt;&lt;/a&gt;&lt;/div&gt;            &lt;div class=&quot;rounded_style_7 rounded_box&quot;&gt;             &lt;div class=&quot;body&quot;&gt;                 &lt;ul class=&quot;price_list&quot; id=&quot;price_box&quot;&gt;                        &lt;li&gt;&lt;a href=&quot;#&quot; param=&quot;0#0&quot;&gt;+ Giá thương lượng&lt;/a&gt;&lt;/li&gt;                        &lt;li&gt;&lt;a href=&quot;#&quot; param=&quot;0#5000000&quot;&gt;+ dưới 5 triệu&lt;/a&gt;&lt;/li&gt;                        &lt;li&gt;&lt;a href=&quot;#&quot; param=&quot;5000000#20000000&quot;&gt;+ 5 triệu - 20 triệu&lt;/a&gt;&lt;/li&gt;                        &lt;li&gt;&lt;a href=&quot;#&quot; param=&quot;20000000#100000000&quot;&gt;+ 20 triệu - 100 triệu&lt;/a&gt;&lt;/li&gt;                        &lt;li&gt;&lt;a href=&quot;#&quot; param=&quot;100000000#500000000&quot;&gt;+ 100 triệu - 500 triệu&lt;/a&gt;&lt;/li&gt;                        &lt;li&gt;&lt;a href=&quot;#&quot; param=&quot;500000000#1200000000&quot;&gt;+ 500 triệu - 1,2 tỷ&lt;/a&gt;&lt;/li&gt;                        &lt;li&gt;&lt;a href=&quot;#&quot; param=&quot;1200000000#2000000000&quot;&gt;+ 1,2 tỷ - 2 tỷ&lt;/a&gt;&lt;/li&gt;                        &lt;li&gt;&lt;a href=&quot;#&quot; param=&quot;2000000000#3000000000&quot;&gt;+ 2 tỷ - 3 tỷ&lt;/a&gt;&lt;/li&gt;                        &lt;li&gt;&lt;a href=&quot;#&quot; param=&quot;3000000000#5000000000&quot;&gt;+ 3 tỷ - 5 tỷ&lt;/a&gt;&lt;/li&gt;                        &lt;li&gt;&lt;a href=&quot;#&quot; param=&quot;5000000000#0&quot;&gt;+ trên 5 tỷ&lt;/a&gt;&lt;/li&gt;                   &lt;/ul&gt;                                     &lt;input id=&quot;HDKhoangGiaPost&quot; name=&quot;HDKhoangGiaPost&quot; type=&quot;hidden&quot; value=&quot;-1#-1&quot;/&gt;                    &lt;input id=&quot;HDKhoangGia&quot; name=&quot;HDKhoangGia&quot; type=&quot;hidden&quot; value=&quot;1&quot;/&gt;           &lt;/div&gt;           &lt;/div&gt;        &lt;/li&gt;&lt;li xmlns=&quot;http://www.w3.org/1999/xhtml&quot; class=&quot;filter_block&quot; id=&quot;position&quot;&gt;            &lt;div class=&quot;headline&quot;&gt;&lt;h3&gt;VỊ TRÍ ĐỊA ỐC&lt;/h3&gt;&lt;a class=&quot;remove&quot; href=&quot;#&quot; id=&quot;ResetViTri&quot; name=&quot;ResetViTri&quot;&gt;Xóa&lt;span class=&quot;ico_remove_11&quot;/&gt;&lt;/a&gt;&lt;/div&gt;            &lt;div class=&quot;rounded_style_7 rounded_box&quot;&gt;             &lt;div class=&quot;body&quot;&gt;                 &lt;fieldset&gt;                        &lt;ul&gt;                            &lt;li&gt;&lt;input id=&quot;dl_8&quot; name=&quot;dl_8&quot; type=&quot;checkbox&quot; value=&quot;8&quot;/&gt;&lt;label for=&quot;dl_8&quot;&gt;60m&lt;/label&gt;&lt;/li&gt;                            &lt;li&gt;&lt;input id=&quot;dl_7&quot; name=&quot;dl_7&quot; type=&quot;checkbox&quot; value=&quot;7&quot;/&gt;&lt;label for=&quot;dl_7&quot;&gt;Hẻm xe hơi&lt;/label&gt;&lt;/li&gt;                            &lt;li&gt;&lt;input id=&quot;dl_1&quot; name=&quot;dl_1&quot; type=&quot;checkbox&quot; value=&quot;1&quot;/&gt;&lt;label for=&quot;dl_1&quot;&gt;Mặt tiền đường&lt;/label&gt;&lt;/li&gt;                            &lt;li&gt;&lt;input id=&quot;dl_5&quot; name=&quot;dl_5&quot; type=&quot;checkbox&quot; value=&quot;5&quot;/&gt;&lt;label for=&quot;dl_5&quot;&gt;Đường nội bộ&lt;/label&gt;&lt;/li&gt;                            &lt;li&gt;&lt;input id=&quot;dl_2&quot; name=&quot;dl_2&quot; type=&quot;checkbox&quot; value=&quot;2&quot;/&gt;&lt;label for=&quot;dl_2&quot;&gt;Đường hẻm lớn&lt;/label&gt;&lt;/li&gt;                            &lt;li&gt;&lt;input id=&quot;dl_3&quot; name=&quot;dl_3&quot; type=&quot;checkbox&quot; value=&quot;3&quot;/&gt;&lt;label for=&quot;dl_3&quot;&gt;Đường hẻm nhỏ&lt;/label&gt;&lt;/li&gt;                            &lt;li&gt;&lt;input id=&quot;dl_4&quot; name=&quot;dl_4&quot; type=&quot;checkbox&quot; value=&quot;4&quot;/&gt;&lt;label for=&quot;dl_4&quot;&gt;Không cập nhật&lt;/label&gt;&lt;/li&gt;                        &lt;/ul&gt;                        &lt;input id=&quot;HDViTri&quot; name=&quot;HDViTri&quot; type=&quot;hidden&quot; value=&quot;8,7,1,5,2,3,4,&quot;/&gt;                   &lt;/fieldset&gt;                                   &lt;/div&gt;           &lt;/div&gt;        &lt;/li&gt;&lt;li xmlns=&quot;http://www.w3.org/1999/xhtml&quot; class=&quot;filter_block&quot; id=&quot;room_number&quot;&gt;            &lt;div class=&quot;headline&quot;&gt;&lt;h3&gt;SỐ PHÒNG NGỦ&lt;/h3&gt;&lt;a class=&quot;remove&quot; href=&quot;#&quot; id=&quot;ResetPhongNgu&quot; name=&quot;ResetPhongNgu&quot;&gt;Xóa&lt;span class=&quot;ico_remove_11&quot;/&gt;&lt;/a&gt;&lt;/div&gt;            &lt;div class=&quot;rounded_style_7 rounded_box&quot;&gt;             &lt;div class=&quot;body&quot;&gt;                 &lt;fieldset&gt;                        &lt;div class=&quot;divUni-2&quot;&gt;                            &lt;div class=&quot;wid-left&quot;/&gt;       &lt;div class=&quot;wid&quot;&gt;                                &lt;select id=&quot;NumberOfBedRoomList&quot; name=&quot;NumberOfBedRoomList&quot;&gt;                                    &lt;option selected=&quot;selected&quot; value=&quot;&quot;&gt;Chọn số phòng&lt;/option&gt;                                    &lt;option value=&quot;1&quot;&gt;1&lt;/option&gt;                                    &lt;option value=&quot;2&quot;&gt;2&lt;/option&gt;                                    &lt;option value=&quot;3&quot;&gt;3&lt;/option&gt;                                    &lt;option value=&quot;4&quot;&gt;4&lt;/option&gt;                                    &lt;option value=&quot;5&quot;&gt;5&lt;/option&gt;                                    &lt;option value=&quot;6+&quot;&gt;nhiều hơn 6&lt;/option&gt;                                &lt;/select&gt;                            &lt;/div&gt;                        &lt;/div&gt;                   &lt;/fieldset&gt;                    &lt;input id=&quot;HDPhongNgu&quot; name=&quot;HDPhongNgu&quot; type=&quot;hidden&quot; value=&quot;1&quot;/&gt;               &lt;/div&gt;           &lt;/div&gt;        &lt;/li&gt;&lt;li xmlns=&quot;http://www.w3.org/1999/xhtml&quot; class=&quot;filter_block&quot; id=&quot;direction&quot;&gt;            &lt;div class=&quot;headline&quot;&gt;&lt;h3&gt;HƯỚNG&lt;/h3&gt;&lt;a class=&quot;remove&quot; href=&quot;#&quot; id=&quot;ResetHuong&quot; name=&quot;ResetHuong&quot;&gt;Xóa&lt;span class=&quot;ico_remove_11&quot;/&gt;&lt;/a&gt;&lt;/div&gt;            &lt;div class=&quot;rounded_style_7 rounded_box&quot;&gt;             &lt;div class=&quot;body&quot;&gt;                    &lt;fieldset&gt;                        &lt;div class=&quot;divUni-2&quot;&gt;                            &lt;div class=&quot;wid-left&quot;/&gt;       &lt;div class=&quot;wid&quot;&gt;                                &lt;select id=&quot;DioDirectionList&quot; name=&quot;DioDirectionList&quot;&gt;                                    &lt;option value=&quot;&quot;&gt;Chọn hướng địa ốc&lt;/option&gt;                                    &lt;option value=&quot;1&quot;&gt;Hướng Ðông&lt;/option&gt;                                    &lt;option value=&quot;2&quot;&gt;Hướng Tây&lt;/option&gt;                                    &lt;option value=&quot;3&quot;&gt;Hướng Nam&lt;/option&gt;                                    &lt;option value=&quot;4&quot;&gt;Hướng Bắc&lt;/option&gt;                                    &lt;option value=&quot;5&quot;&gt;Hướng Đông Bắc&lt;/option&gt;                                    &lt;option value=&quot;6&quot;&gt;Hướng Đông Nam&lt;/option&gt;                                    &lt;option value=&quot;7&quot;&gt;Hướng Tây Bắc&lt;/option&gt;                                    &lt;option value=&quot;8&quot;&gt;Hướng Tây Nam&lt;/option&gt;                                    &lt;option value=&quot;9&quot;&gt;Không xác định&lt;/option&gt;                                &lt;/select&gt;                            &lt;/div&gt;                        &lt;/div&gt;                    &lt;/fieldset&gt;                    &lt;input id=&quot;HDHuong&quot; name=&quot;HDHuong&quot; type=&quot;hidden&quot; value=&quot;1&quot;/&gt;               &lt;/div&gt;           &lt;/div&gt;        &lt;/li&gt;" SourceIndex="1974;2037;2096;2149" TextLen="301" order="10" xPath="/#document/html/body/div[8]/div[0]/div[1]/div[0]/div[1]/form[2]/div[0]/div[0]/ul[4]/li[1]/div[0]/div[2]/input"/>
</LayoutNode>
<LayoutNode BgColor="#ebebeb" ContainImg="11" ContainP="1" ContainTable="true" DOMCldNum="5" DoC="5" FontSize="16" FontWeight="normal" FrameSourceIndex="0" ID="1-3-2" IsImg="false" LinkNum="47" LinkTextLen="1073" ObjectRectHeight="1730" ObjectRectLeft="411" ObjectRectTop="225" ObjectRectWidth="1009" SourceIndex="2218" TextLen="3206" order="11">
<LayoutNode BgColor="#ebebeb" ContainImg="0" ContainP="0" ContainTable="false" Content="TÀI SẢN ĐANG GIAO DỊCH TÀI SẢN NỔI BẬT TÀI SẢN CHÍNH CHỦ NHÀ TRỌ SINH VIÊN Tìm tài sản bất động sản " DOMCldNum="5" DoC="5" FontSize="16" FontWeight="normal" FrameSourceIndex="0" ID="1-3-2-1" IsImg="false" LinkNum="4" LinkTextLen="71" ObjectRectHeight="28" ObjectRectLeft="411" ObjectRectTop="225" ObjectRectWidth="1009" SRC="&lt;div xmlns=&quot;http://www.w3.org/1999/xhtml&quot; class=&quot;headline_title_1 rounded_style_5 rounded_box&quot;&gt;                        &lt;ul class=&quot;headline_tab&quot;&gt;                            &lt;li class=&quot;actived&quot;&gt;&lt;span class=&quot;L&quot;/&gt;&lt;a href=&quot;/sieu-thi&quot;&gt;                                TÀI SẢN ĐANG GIAO DỊCH&lt;/a&gt;&lt;span class=&quot;R&quot;/&gt;&lt;/li&gt;                            &lt;li&gt;&lt;a href=&quot;/sieu-thi/loc?noibat=1&quot;&gt;                                &lt;span&gt;TÀI SẢN NỔI BẬT&lt;/span&gt;&lt;/a&gt;&lt;/li&gt;                            &lt;li&gt;&lt;a href=&quot;/sieu-thi/loc?chinhchu=1&quot;&gt;                                &lt;span&gt;TÀI SẢN CHÍNH CHỦ&lt;/span&gt;&lt;/a&gt;&lt;/li&gt;                                                        &lt;li&gt;&lt;a href=&quot;/sieu-thi/loc?nhasv=1&quot;&gt;                                &lt;span&gt;NHÀ TRỌ SINH VIÊN&lt;/span&gt;&lt;/a&gt;&lt;/li&gt;                                                    &lt;/ul&gt;                        &lt;div id=&quot;search_result&quot;&gt;                            &lt;form action=&quot;/sieu-thi/loc&quot; class=&quot;form_style_5&quot; method=&quot;post&quot;&gt;                            &lt;fieldset&gt;                                &lt;input id=&quot;txtSearch&quot; name=&quot;txtSearch&quot; placeholder=&quot;Từ khóa / Mã số tài sản&quot; type=&quot;text&quot; value=&quot;&quot;/&gt;                                &lt;button id=&quot;SubmitSearch&quot; name=&quot;SubmitSearch&quot; type=&quot;submit&quot;&gt;                                    Tìm tài sản bất động sản&lt;/button&gt;                            &lt;/fieldset&gt;                            &lt;/form&gt;                        &lt;/div&gt;                    &lt;/div&gt;" SourceIndex="2220" TextLen="96" order="12" xPath="/#document/html/body/div[8]/div[0]/div[1]/div[1]/div[0]/div[0]/div[1]/div[0]/form[0]/fieldset[1]/button[0]/#text"/>
<LayoutNode BgColor="#ffffff" ContainImg="0" ContainP="0" ContainTable="false" Content="Bản in Lưu tin Quay lại Chia sẻ facebook twitter " DOMCldNum="19" DoC="5" FontSize="16" FontWeight="normal" FrameSourceIndex="0" ID="1-3-2-2" IsImg="false" LinkNum="3" LinkTextLen="21" ObjectRectHeight="16" ObjectRectLeft="411" ObjectRectTop="266" ObjectRectWidth="1009" SRC="&lt;div xmlns=&quot;http://www.w3.org/1999/xhtml&quot; class=&quot;unity_bar&quot;&gt;                            &lt;div class=&quot;left&quot;&gt;                                &lt;div class=&quot;email_print&quot;&gt;                                    &lt;ul&gt;                                        &lt;li&gt;&lt;a href=&quot;/sieu-thi/in/ban-dat-chinh-chu-gia-485-ty-so-80138-a-quoc-lo-13-cu-phuong-hiep-binh-phuoc-quan-thu-duc-1738066&quot;&gt;                                            &lt;span class=&quot;ico_16 ico_print_16&quot;/&gt;Bản in&lt;/a&gt;&lt;/li&gt;                                        &lt;li&gt;                                            &lt;a class=&quot;itemsaved&quot; href=&quot;javascript:void(0)&quot; onclick=&quot;GetDataSaved('112ydSxhgPAXdT6q89iisQ==','/ban-dat-o-dat-tho-cu-c11/ban-dat-chinh-chu-gia-485-ty-so-80138-a-quoc-lo-13-cu-phuong-hiep-binh-phuoc-quan-thu-duc-i1738066','.itemsaved')&quot;&gt;                                                &lt;span class=&quot;ico_16 ico_save_2_16&quot;/&gt;Lưu tin&lt;/a&gt;&lt;/li&gt;                                        &lt;li&gt;&lt;a href=&quot;/sieu-thi&quot;&gt;&lt;span class=&quot;ico_16 ico_back_16&quot;/&gt;Quay lại&lt;/a&gt;&lt;/li&gt;                                    &lt;/ul&gt;                                &lt;/div&gt;                            &lt;/div&gt;                            &lt;div class=&quot;right&quot;&gt;                                    &lt;div class=&quot;social_network&quot;&gt;        &lt;span class=&quot;tl&quot;&gt;Chia sẻ&lt;/span&gt;        &lt;ul&gt;        &lt;li&gt;&lt;a href=&quot;http://www.facebook.com/share.php?u=http://diaoconline.vn/ban-dat-o-dat-tho-cu-c11/ban-dat-chinh-chu-gia-485-ty-so-80138-a-quoc-lo-13-cu-phuong-hiep-binh-phuoc-quan-thu-duc-i1738066&quot; target=&quot;_blank&quot;&gt;&lt;span class=&quot;ico_16 ico_facebook_16&quot;&gt;facebook&lt;/span&gt;&lt;/a&gt;&lt;/li&gt;        &lt;li&gt;&lt;a href=&quot;https://twitter.com/intent/tweet?text=B%c3%a1n+%c4%91%e1%ba%a5t+ch%c3%adnh+ch%e1%bb%a7+Gi%c3%a1+4.85+t%e1%bb%b7-+s%e1%bb%91+801%2f38+A++qu%e1%bb%91c+L%e1%bb%99+13+c%c5%a9%2c+Ph%c6%b0%e1%bb%9dng+Hi%e1%bb%87p+B%c3%acnh+Ph%c6%b0%e1%bb%9bc%2c+qu%e1%ba%adn+Th%e1%bb%a7+%c4%90%e1%bb%a9c.&amp;url=http://diaoconline.vn/ban-dat-o-dat-tho-cu-c11/ban-dat-chinh-chu-gia-485-ty-so-80138-a-quoc-lo-13-cu-phuong-hiep-binh-phuoc-quan-thu-duc-i1738066&amp;via=DiaOcOnlinevn&quot; target=&quot;_blank&quot;&gt;&lt;span class=&quot;ico_16 ico_twitter_16&quot;&gt;twitter&lt;/span&gt;&lt;/a&gt;&lt;/li&gt;                &lt;/ul&gt;    &lt;/div&gt;                            &lt;/div&gt;                        &lt;/div&gt;" SourceIndex="2266" TextLen="43" order="13" xPath="/#document/html/body/div[8]/div[0]/div[1]/div[1]/div[0]/div[1]/div[0]/div[1]/div[0]/div[1]/ul[1]/li[0]/a[0]/span[0]/#text"/>
<LayoutNode BgColor="#ffffff" ContainImg="0" ContainP="0" ContainTable="false" Content="Siêu thị địa ốc » Bán Đất ở - Đất thổ cư » TP.HCM » Quận Thủ Đức " DOMCldNum="19" DoC="5" FontSize="16" FontWeight="normal" FrameSourceIndex="0" ID="1-3-2-3" IsImg="false" LinkNum="4" LinkTextLen="55" ObjectRectHeight="20" ObjectRectLeft="411" ObjectRectTop="298" ObjectRectWidth="1009" SRC="&lt;div xmlns=&quot;http://www.w3.org/1999/xhtml&quot;&gt;    &lt;div class=&quot;breadcrumb&quot;&gt;            &lt;div itemscope=&quot;&quot; itemtype=&quot;http://data-vocabulary.org/Breadcrumb&quot;&gt;                &lt;a href=&quot;http://diaoconline.vn/sieu-thi&quot; itemprop=&quot;url&quot; title=&quot;Siêu thị địa ốc&quot;&gt;&lt;span itemprop=&quot;title&quot;&gt;Siêu thị địa ốc&lt;/span&gt;&lt;/a&gt;»            &lt;/div&gt;            &lt;div itemscope=&quot;&quot; itemtype=&quot;http://data-vocabulary.org/Breadcrumb&quot;&gt;                &lt;a href=&quot;http://diaoconline.vn/ban-dat-o-dat-tho-cu-c11&quot; itemprop=&quot;url&quot; title=&quot;Bán Đất ở - Đất thổ cư&quot;&gt;&lt;span itemprop=&quot;title&quot;&gt;Bán Đất ở - Đất thổ cư&lt;/span&gt;&lt;/a&gt;»            &lt;/div&gt;            &lt;div itemscope=&quot;&quot; itemtype=&quot;http://data-vocabulary.org/Breadcrumb&quot;&gt;                &lt;a href=&quot;http://diaoconline.vn/ban-dat-o-dat-tho-cu-c11/tphcm-t3&quot; itemprop=&quot;url&quot; title=&quot;Bán Đất ở - Đất thổ cư TP.HCM&quot;&gt;&lt;span itemprop=&quot;title&quot;&gt;TP.HCM&lt;/span&gt;&lt;/a&gt;»            &lt;/div&gt;            &lt;div itemscope=&quot;&quot; itemtype=&quot;http://data-vocabulary.org/Breadcrumb&quot;&gt;                &lt;a href=&quot;http://diaoconline.vn/ban-dat-o-dat-tho-cu-c11/tphcm-t3/quan-thu-duc-q144&quot; itemprop=&quot;url&quot; title=&quot;Bán Đất ở - Đất thổ cư Quận Thủ Đức TP.HCM&quot;&gt;&lt;span itemprop=&quot;title&quot;&gt;Quận Thủ Đức&lt;/span&gt;&lt;/a&gt;            &lt;/div&gt;    &lt;/div&gt;                        &lt;/div&gt;" SourceIndex="2318" TextLen="61" order="14" xPath="/#document/html/body/div[8]/div[0]/div[1]/div[1]/div[0]/div[1]/div[1]/div[0]/div[3]/div[0]/a[0]/span[0]/#text"/>
<LayoutNode BgColor="#ffffff" ContainImg="0" ContainP="0" ContainTable="false" Content="Bán đất chính chủ Giá 4.85 tỷ- số 801/38 A quốc Lộ 13 cũ, Phường Hiệp Bình Phước, quận Thủ Đức. " DOMCldNum="15" DoC="10" FontSize="18" FontWeight="700" FrameSourceIndex="0" ID="1-3-2-4" IsImg="false" LinkNum="0" LinkTextLen="0" ObjectRectHeight="40" ObjectRectLeft="411" ObjectRectTop="328" ObjectRectWidth="1009" SRC="&lt;h1 xmlns=&quot;http://www.w3.org/1999/xhtml&quot; class=&quot;larger_title&quot;&gt;Bán đất chính chủ Giá 4.85 tỷ- số 801/38 A  quốc Lộ 13 cũ, Phường Hiệp Bình Phước, quận Thủ Đức.&lt;/h1&gt;" SourceIndex="2370" TextLen="94" order="15" xPath="/#document/html/body/div[8]/div[0]/div[1]/div[1]/div[0]/div[1]/div[8]/div[0]/h1[0]/#text"/>
<LayoutNode BgColor="#ffffff" ContainImg="0" ContainP="0" ContainTable="false" Content="Vị trí: Quận Thủ Đức, TP.HCM " DOMCldNum="15" DoC="10" FontSize="11" FontWeight="normal" FrameSourceIndex="0" ID="1-3-2-5" IsImg="false" LinkNum="0" LinkTextLen="0" ObjectRectHeight="13" ObjectRectLeft="411" ObjectRectTop="373" ObjectRectWidth="1009" SRC="&lt;span xmlns=&quot;http://www.w3.org/1999/xhtml&quot; class=&quot;location&quot;&gt;Vị trí:Quận Thủ Đức, TP.HCM&lt;/span&gt;" SourceIndex="2373" TextLen="28" order="16" xPath="/#document/html/body/div[8]/div[0]/div[1]/div[1]/div[0]/div[1]/div[8]/div[1]/span[0]/#text"/>
<LayoutNode BgColor="#ffffff" ContainImg="10" ContainP="0" ContainTable="false" DOMCldNum="9" DoC="5" FontSize="16" FontWeight="normal" FrameSourceIndex="0" ID="1-3-2-6" IsImg="false" LinkNum="1" LinkTextLen="18" ObjectRectHeight="435" ObjectRectLeft="411" ObjectRectTop="397" ObjectRectWidth="1009" SourceIndex="2382" TextLen="294" order="17">
<LayoutNode BgColor="#ffffff" ContainImg="0" ContainP="0" ContainTable="false" DOMCldNum="9" DoC="5" FontSize="16" FontWeight="normal" FrameSourceIndex="0" ID="1-3-2-6-1" IsImg="false" LinkNum="1" LinkTextLen="18" ObjectRectHeight="360" ObjectRectLeft="411" ObjectRectTop="397" ObjectRectWidth="1009" SourceIndex="2382" TextLen="293" order="18">
<LayoutNode BgColor="#ffffff" ContainImg="0" ContainP="0" ContainTable="false" Content="Hình 1/10 " DOMCldNum="9" DoC="8" FontSize="16" FontWeight="normal" FrameSourceIndex="0" ID="1-3-2-6-1-1" IsImg="false" LinkNum="0" LinkTextLen="0" ObjectRectHeight="360" ObjectRectLeft="411" ObjectRectTop="397" ObjectRectWidth="371" SRC="&lt;div xmlns=&quot;http://www.w3.org/1999/xhtml&quot; class=&quot;flexslider&quot; id=&quot;slider&quot;&gt;                        &lt;div id=&quot;imge_count&quot; style=&quot;left: 30% !important; z-index: 1 !important;&quot;&gt;                            Hình &lt;span&gt;1&lt;/span&gt;/10&lt;/div&gt;                        &lt;ul class=&quot;slides&quot;&gt;                                &lt;li&gt;                                    &lt;div class=&quot;slideLarge&quot; style=&quot;vertical-align:middle&quot;&gt;                                        &lt;a href=&quot;http://image.diaoconline.vn/sieu-thi/2018/11/16/large-B92-6286A7.jpg&quot;&gt;                                            &lt;img alt=&quot;0&quot; src=&quot;http://image.diaoconline.vn/sieu-thi/2018/11/16/small-B92-6286A7.jpg&quot; style=&quot;max-width:350px;max-height:362px;vertical-align:middle&quot;/&gt;&lt;/a&gt;                                    &lt;/div&gt;                                &lt;/li&gt;                                &lt;li&gt;                                    &lt;div class=&quot;slideLarge&quot; style=&quot;vertical-align:middle&quot;&gt;                                        &lt;a href=&quot;http://image.diaoconline.vn/sieu-thi/2018/11/16/large-836-39B3AD.jpg&quot;&gt;                                            &lt;img alt=&quot;1&quot; src=&quot;http://image.diaoconline.vn/sieu-thi/2018/11/16/small-836-39B3AD.jpg&quot; style=&quot;max-width:350px;max-height:362px;vertical-align:middle&quot;/&gt;&lt;/a&gt;                                    &lt;/div&gt;                                &lt;/li&gt;                                &lt;li&gt;                                    &lt;div class=&quot;slideLarge&quot; style=&quot;vertical-align:middle&quot;&gt;                                        &lt;a href=&quot;http://image.diaoconline.vn/sieu-thi/2018/11/16/large-3AA-DEFE00.jpg&quot;&gt;                                            &lt;img alt=&quot;2&quot; src=&quot;http://image.diaoconline.vn/sieu-thi/2018/11/16/small-3AA-DEFE00.jpg&quot; style=&quot;max-width:350px;max-height:362px;vertical-align:middle&quot;/&gt;&lt;/a&gt;                                    &lt;/div&gt;                                &lt;/li&gt;                                &lt;li&gt;                                    &lt;div class=&quot;slideLarge&quot; style=&quot;vertical-align:middle&quot;&gt;                                        &lt;a href=&quot;http://image.diaoconline.vn/sieu-thi/2018/11/16/large-388-45C783.jpg&quot;&gt;                                            &lt;img alt=&quot;3&quot; src=&quot;http://image.diaoconline.vn/sieu-thi/2018/11/16/small-388-45C783.jpg&quot; style=&quot;max-width:350px;max-height:362px;vertical-align:middle&quot;/&gt;&lt;/a&gt;                                    &lt;/div&gt;                                &lt;/li&gt;                                &lt;li&gt;                                    &lt;div class=&quot;slideLarge&quot; style=&quot;vertical-align:middle&quot;&gt;                                        &lt;a href=&quot;http://image.diaoconline.vn/sieu-thi/2018/11/16/large-873-21C54A.jpg&quot;&gt;                                            &lt;img alt=&quot;4&quot; src=&quot;http://image.diaoconline.vn/sieu-thi/2018/11/16/small-873-21C54A.jpg&quot; style=&quot;max-width:350px;max-height:362px;vertical-align:middle&quot;/&gt;&lt;/a&gt;                                    &lt;/div&gt;                                &lt;/li&gt;                                &lt;li&gt;                                    &lt;div class=&quot;slideLarge&quot; style=&quot;vertical-align:middle&quot;&gt;                                        &lt;a href=&quot;http://image.diaoconline.vn/sieu-thi/2018/11/16/large-EEE-B29715.jpg&quot;&gt;                                            &lt;img alt=&quot;5&quot; src=&quot;http://image.diaoconline.vn/sieu-thi/2018/11/16/small-EEE-B29715.jpg&quot; style=&quot;max-width:350px;max-height:362px;vertical-align:middle&quot;/&gt;&lt;/a&gt;                                    &lt;/div&gt;                                &lt;/li&gt;                                &lt;li&gt;                                    &lt;div class=&quot;slideLarge&quot; style=&quot;vertical-align:middle&quot;&gt;                                        &lt;a href=&quot;http://image.diaoconline.vn/sieu-thi/2018/11/16/large-B25-A0C5DA.jpg&quot;&gt;                                            &lt;img alt=&quot;6&quot; src=&quot;http://image.diaoconline.vn/sieu-thi/2018/11/16/small-B25-A0C5DA.jpg&quot; style=&quot;max-width:350px;max-height:362px;vertical-align:middle&quot;/&gt;&lt;/a&gt;                                    &lt;/div&gt;                                &lt;/li&gt;                                &lt;li&gt;                                    &lt;div class=&quot;slideLarge&quot; style=&quot;vertical-align:middle&quot;&gt;                                        &lt;a href=&quot;http://image.diaoconline.vn/sieu-thi/2018/11/16/large-770-F7F8AC.jpg&quot;&gt;                                            &lt;img alt=&quot;7&quot; src=&quot;http://image.diaoconline.vn/sieu-thi/2018/11/16/small-770-F7F8AC.jpg&quot; style=&quot;max-width:350px;max-height:362px;vertical-align:middle&quot;/&gt;&lt;/a&gt;                                    &lt;/div&gt;                                &lt;/li&gt;                                &lt;li&gt;                                    &lt;div class=&quot;slideLarge&quot; style=&quot;vertical-align:middle&quot;&gt;                                        &lt;a href=&quot;http://image.diaoconline.vn/sieu-thi/2018/11/16/large-1CB-6DDD81.jpg&quot;&gt;                                            &lt;img alt=&quot;8&quot; src=&quot;http://image.diaoconline.vn/sieu-thi/2018/11/16/small-1CB-6DDD81.jpg&quot; style=&quot;max-width:350px;max-height:362px;vertical-align:middle&quot;/&gt;&lt;/a&gt;                                    &lt;/div&gt;                                &lt;/li&gt;                                &lt;li&gt;                                    &lt;div class=&quot;slideLarge&quot; style=&quot;vertical-align:middle&quot;&gt;                                        &lt;a href=&quot;http://image.diaoconline.vn/sieu-thi/2018/11/16/large-BDC-E373AB.jpg&quot;&gt;                                            &lt;img alt=&quot;9&quot; src=&quot;http://image.diaoconline.vn/sieu-thi/2018/11/16/small-BDC-E373AB.jpg&quot; style=&quot;max-width:350px;max-height:362px;vertical-align:middle&quot;/&gt;&lt;/a&gt;                                    &lt;/div&gt;                                &lt;/li&gt;                        &lt;/ul&gt;                    &lt;/div&gt;" SourceIndex="2389" TextLen="10" order="19" xPath="/XPspan[0]/#text"/>
<LayoutNode BgColor="#ffffff" ContainImg="0" ContainP="0" ContainTable="false" DOMCldNum="5" DoC="5" FontSize="16" FontWeight="normal" FrameSourceIndex="0" ID="1-3-2-6-1-2" IsImg="false" LinkNum="1" LinkTextLen="18" ObjectRectHeight="360" ObjectRectLeft="803" ObjectRectTop="397" ObjectRectWidth="617" SourceIndex="2588" TextLen="283" order="20">
<LayoutNode BgColor="#ffffff" ContainImg="0" ContainP="0" ContainTable="false" Content="Giá: 4 tỷ 850 triệu Mã số tài sản: 1738066 Tổng diện tích sử dụng: 89.48m2 Diện tích khuôn viên: 4m x 22.37m Diện tích xây dựng:   Tình trạng:   Số phòng ngủ:   Số phòng tắm / WC:   " DOMCldNum="5" DoC="8" FontSize="16" FontWeight="normal" FrameSourceIndex="0" ID="1-3-2-6-1-2-1" IsImg="false" LinkNum="0" LinkTextLen="0" ObjectRectHeight="250" ObjectRectLeft="803" ObjectRectTop="397" ObjectRectWidth="617" SRC="&lt;div xmlns=&quot;http://www.w3.org/1999/xhtml&quot; class=&quot;features margin_bottom&quot;&gt;                    &lt;div class=&quot;currency_convertor&quot;&gt;                        &lt;div class=&quot;money&quot;&gt;                            Giá: 4 tỷ 850 triệu&lt;/div&gt;                    &lt;/div&gt;                    &lt;div class=&quot;feat_item&quot;&gt;                        &lt;dl&gt;                            &lt;dt&gt;Mã số tài sản:&lt;/dt&gt;                            &lt;dd&gt;1738066&lt;/dd&gt;                            &lt;dt&gt;Tổng diện tích sử dụng:&lt;/dt&gt;                            &lt;dd&gt;89.48m2&lt;/dd&gt;                            &lt;dt&gt;Diện tích khuôn viên:&lt;/dt&gt;                            &lt;dd&gt; 4m x  22.37m&lt;/dd&gt;                            &lt;dt&gt;Diện tích xây dựng:&lt;/dt&gt;                            &lt;dd&gt;                                     &lt;/dd&gt;                            &lt;dt&gt;Tình trạng:&lt;/dt&gt;                            &lt;dd&gt;                                     &lt;/dd&gt;                            &lt;dt&gt;Số phòng ngủ:&lt;/dt&gt;                            &lt;dd&gt;                                     &lt;/dd&gt;                            &lt;dt&gt;Số phòng tắm / WC:&lt;/dt&gt;                            &lt;dd&gt;                                     &lt;/dd&gt;                        &lt;/dl&gt;                    &lt;/div&gt;                &lt;/div&gt;" SourceIndex="2590" TextLen="167" order="21" xPath="/#document/html/body/div[8]/div[0]/div[1]/div[1]/div[0]/div[1]/div[8]/div[3]/div[2]/div[0]/div[1]/div[0]/dl[13]/dd[0]/#text"/>
<LayoutNode BgColor="#ffffff" ContainImg="0" ContainP="0" ContainTable="false" Content="THÔNG TIN LIÊN HỆ Anh Thanh - Chị Hà ĐT:  0914 067 717 - 0968 157 993 Địa chỉ:   Chia sẻ facebook twitter để bạn bè biết đến " DOMCldNum="5" DoC="5" FontSize="16" FontWeight="normal" FrameSourceIndex="0" ID="1-3-2-6-1-2-2" IsImg="false" LinkNum="1" LinkTextLen="18" ObjectRectHeight="98" ObjectRectLeft="803" ObjectRectTop="659" ObjectRectWidth="617" SRC="&lt;div xmlns=&quot;http://www.w3.org/1999/xhtml&quot; id=&quot;sticky_thongtin&quot; style=&quot;width:368px;z-index: 99;&quot;&gt;                &lt;div class=&quot;contact_info margin_bottom&quot;&gt;                    &lt;h3 class=&quot;small_headline&quot;&gt;                        THÔNG TIN LIÊN HỆ&lt;/h3&gt;                    &lt;div class=&quot;body&quot;&gt;                            &lt;h4&gt;                                &lt;a href=&quot;javascript:void(0)&quot; style=&quot;cursor: default&quot;&gt;Anh Thanh - Chị Hà&lt;/a&gt;&lt;/h4&gt;                            &lt;dl&gt;                                &lt;dt&gt;ĐT: &lt;/dt&gt;&lt;dd&gt;                                        &lt;span&gt;0914 067 717 - 0968 157 993&lt;/span&gt;                                &lt;/dd&gt;                                &lt;dt&gt;Địa chỉ: &lt;/dt&gt;&lt;dd&gt; &lt;/dd&gt;                            &lt;/dl&gt;                    &lt;/div&gt;                &lt;/div&gt;    &lt;!-- Techcombank_vayvon --&gt;    &lt;!--&lt;a href=&quot;https://www.techcombank.com.vn/dang-ky-truc-tuyen/dang-ky-vay-von-truc-tuyen-diaoconline?utm_source=Agent&amp;utm_medium=DiaOcOnline&amp;utm_campaign=BestOffer&quot; onclick=&quot;_gaq.push(['_trackEvent','Techcombank_vayvon','www.techcombank.com.vn/dang-ky-truc-tuyen/dang-ky-vay-von-truc-tuyen-diaoconline?utm_source=Agent&amp;utm_medium=DiaOcOnline&amp;utm_campaign=BestOffer'])&quot; target=&quot;_blank&quot;&gt;&lt;img src=&quot;http://image.diaoconline.vn/techcombank_vayvon2.gif&quot; width=&quot;370px&quot; /&gt;&lt;/a&gt;                &lt;div class=&quot;domino_ads&quot; style=&quot;padding-bottom: 10px;&quot;&gt;&lt;a href=&quot;http://quangcao.diaoconline.vn/Domino.vn/index.html&quot;&gt;&lt;img src=&quot;http://image.diaoconline.vn/dominovn_150x50.jpg&quot; width=&quot;150px&quot; alt=&quot;Domino.vn - Giải pháp giám sát an ninh cho gia đình&quot; /&gt;&lt;/a&gt;&lt;/div&gt;--&gt;    &lt;div&gt;               &lt;div class=&quot;social_network&quot;&gt;        &lt;span class=&quot;tl&quot;&gt;Chia sẻ&lt;/span&gt;        &lt;ul&gt;        &lt;li&gt;&lt;a href=&quot;http://www.facebook.com/share.php?u=http://diaoconline.vn/ban-dat-o-dat-tho-cu-c11/ban-dat-chinh-chu-gia-485-ty-so-80138-a-quoc-lo-13-cu-phuong-hiep-binh-phuoc-quan-thu-duc-i1738066&quot; target=&quot;_blank&quot;&gt;&lt;span class=&quot;ico_16 ico_facebook_16&quot;&gt;facebook&lt;/span&gt;&lt;/a&gt;&lt;/li&gt;        &lt;li&gt;&lt;a href=&quot;https://twitter.com/intent/tweet?text=B%c3%a1n+%c4%91%e1%ba%a5t+ch%c3%adnh+ch%e1%bb%a7+Gi%c3%a1+4.85+t%e1%bb%b7-+s%e1%bb%91+801%2f38+A++qu%e1%bb%91c+L%e1%bb%99+13+c%c5%a9%2c+Ph%c6%b0%e1%bb%9dng+Hi%e1%bb%87p+B%c3%acnh+Ph%c6%b0%e1%bb%9bc%2c+qu%e1%ba%adn+Th%e1%bb%a7+%c4%90%e1%bb%a9c.&amp;url=http://diaoconline.vn/ban-dat-o-dat-tho-cu-c11/ban-dat-chinh-chu-gia-485-ty-so-80138-a-quoc-lo-13-cu-phuong-hiep-binh-phuoc-quan-thu-duc-i1738066&amp;via=DiaOcOnlinevn&quot; target=&quot;_blank&quot;&gt;&lt;span class=&quot;ico_16 ico_twitter_16&quot;&gt;twitter&lt;/span&gt;&lt;/a&gt;&lt;/li&gt;                &lt;/ul&gt;    &lt;/div&gt;        &lt;span style=&quot;float: left; font-size: 11px; padding-top: 3px;&quot;&gt; để bạn bè biết đến &lt;/span&gt;    &lt;/div&gt;                   &lt;/div&gt;" SourceIndex="2647" TextLen="116" order="22" xPath="/#document/html/body/div[8]/div[0]/div[1]/div[1]/div[0]/div[1]/div[8]/div[3]/div[2]/div[1]/div[3]/div[1]/span[0]/#text"/>
</LayoutNode>
</LayoutNode>
<LayoutNode BgColor="#ffffff" ContainImg="10" ContainP="0" ContainTable="false" Content=" " DOMCldNum="9" DoC="5" FontSize="16" FontWeight="normal" FrameSourceIndex="0" ID="1-3-2-6-2" IsImg="false" LinkNum="0" LinkTextLen="0" ObjectRectHeight="60" ObjectRectLeft="411" ObjectRectTop="772" ObjectRectWidth="1009" SRC="&lt;div xmlns=&quot;http://www.w3.org/1999/xhtml&quot; class=&quot;flex-control-thumbs&quot; id=&quot;carousel&quot;&gt;                        &lt;ul class=&quot;slides&quot;&gt;                            &lt;li&gt;                                &lt;div class=&quot;bor&quot;&gt;                                    &lt;img alt=&quot;0&quot; src=&quot;http://image.diaoconline.vn/sieu-thi/2018/11/16/thumb-B92-6286A7.jpg&quot; style=&quot;width:75px;height:50px&quot;/&gt;                                &lt;/div&gt;                            &lt;/li&gt;                            &lt;li&gt;                                &lt;div class=&quot;bor&quot;&gt;                                    &lt;img alt=&quot;1&quot; src=&quot;http://image.diaoconline.vn/sieu-thi/2018/11/16/thumb-836-39B3AD.jpg&quot; style=&quot;width:75px;height:50px&quot;/&gt;                                &lt;/div&gt;                            &lt;/li&gt;                            &lt;li&gt;                                &lt;div class=&quot;bor&quot;&gt;                                    &lt;img alt=&quot;2&quot; src=&quot;http://image.diaoconline.vn/sieu-thi/2018/11/16/thumb-3AA-DEFE00.jpg&quot; style=&quot;width:75px;height:50px&quot;/&gt;                                &lt;/div&gt;                            &lt;/li&gt;                            &lt;li&gt;                                &lt;div class=&quot;bor&quot;&gt;                                    &lt;img alt=&quot;3&quot; src=&quot;http://image.diaoconline.vn/sieu-thi/2018/11/16/thumb-388-45C783.jpg&quot; style=&quot;width:75px;height:50px&quot;/&gt;                                &lt;/div&gt;                            &lt;/li&gt;                            &lt;li&gt;                                &lt;div class=&quot;bor&quot;&gt;                                    &lt;img alt=&quot;4&quot; src=&quot;http://image.diaoconline.vn/sieu-thi/2018/11/16/thumb-873-21C54A.jpg&quot; style=&quot;width:75px;height:50px&quot;/&gt;                                &lt;/div&gt;                            &lt;/li&gt;                            &lt;li&gt;                                &lt;div class=&quot;bor&quot;&gt;                                    &lt;img alt=&quot;5&quot; src=&quot;http://image.diaoconline.vn/sieu-thi/2018/11/16/thumb-EEE-B29715.jpg&quot; style=&quot;width:75px;height:50px&quot;/&gt;                                &lt;/div&gt;                            &lt;/li&gt;                            &lt;li&gt;                                &lt;div class=&quot;bor&quot;&gt;                                    &lt;img alt=&quot;6&quot; src=&quot;http://image.diaoconline.vn/sieu-thi/2018/11/16/thumb-B25-A0C5DA.jpg&quot; style=&quot;width:75px;height:50px&quot;/&gt;                                &lt;/div&gt;                            &lt;/li&gt;                            &lt;li&gt;                                &lt;div class=&quot;bor&quot;&gt;                                    &lt;img alt=&quot;7&quot; src=&quot;http://image.diaoconline.vn/sieu-thi/2018/11/16/thumb-770-F7F8AC.jpg&quot; style=&quot;width:75px;height:50px&quot;/&gt;                                &lt;/div&gt;                            &lt;/li&gt;                            &lt;li&gt;                                &lt;div class=&quot;bor&quot;&gt;                                    &lt;img alt=&quot;8&quot; src=&quot;http://image.diaoconline.vn/sieu-thi/2018/11/16/thumb-1CB-6DDD81.jpg&quot; style=&quot;width:75px;height:50px&quot;/&gt;                                &lt;/div&gt;                            &lt;/li&gt;                            &lt;li&gt;                                &lt;div class=&quot;bor&quot;&gt;                                    &lt;img alt=&quot;9&quot; src=&quot;http://image.diaoconline.vn/sieu-thi/2018/11/16/thumb-BDC-E373AB.jpg&quot; style=&quot;width:75px;height:50px&quot;/&gt;                                &lt;/div&gt;                            &lt;/li&gt;                        &lt;/ul&gt;                    &lt;/div&gt;" SourceIndex="2501" TextLen="1" order="23" xPath="/XPspan[0]/#text"/>
</LayoutNode>
<LayoutNode BgColor="#ebebeb" ContainImg="0" ContainP="0" ContainTable="false" Content="MÔ TẢ CHI TIẾT " DOMCldNum="5" DoC="5" FontSize="16" FontWeight="normal" FrameSourceIndex="0" ID="1-3-2-7" IsImg="false" LinkNum="0" LinkTextLen="0" ObjectRectHeight="27" ObjectRectLeft="411" ObjectRectTop="844" ObjectRectWidth="1009" SRC="&lt;div xmlns=&quot;http://www.w3.org/1999/xhtml&quot; class=&quot;headline_title_1 rounded_style_5 rounded_box&quot;&gt;                    &lt;h2 class=&quot;headline&quot;&gt;                        &lt;span&gt;MÔ TẢ CHI TIẾT&lt;/span&gt;&lt;/h2&gt;                &lt;/div&gt;" SourceIndex="2713" TextLen="14" order="24" xPath="/#document/html/body/div[8]/div[0]/div[1]/div[1]/div[0]/div[1]/div[8]/div[4]/div[0]/div[0]/h2[0]/span[0]/#text"/>
<LayoutNode BgColor="#ffffff" ContainImg="0" ContainP="1" ContainTable="false" Content="Bán đất chính chủ Giá 4.85 tỷ- số 801/38 A quốc Lộ 13 cũ, Phường Hiệp Bình Phước, quận Thủ Đức.Hoa hồng   1% cho người môi giới. Bán đất chính chủ Giá 4.85tỷ diện tích: 4m x 22.37m. Giấy tờ pháp lý đầy đủ - Hoa hồng 1% cho người môi giới. Hướng:Đông Nam Mặt tiền hẻm: 5.35m.Sắp tới sẽ mở rộng thành đường lớn. Vị trí rất đẹp. Hẻm 1 trục thông với 2 trục đường huyết mạch Quốc Lộ 13 cũ và Quốc Lộ 13 mới. Vị trí: số 801/38 A quốc Lộ 13 cũ, Phường Hiệp Bình Phước, quận Thủ Đức. Thông qua Quốc Lộ 13 và quốc Lộ 1A. Vị trí tuyệt đẹp, giao thông kết nối đi các tỉnh rất thuận tiện. Phía trước lô đất là vườn mai, và hàng cau bóng mát, không khí trong lành và yên tĩnh. Xung quanh đã xây dựng hết, hạ tầng đồng bộ. Tiện ích: Gần trung tâm thể Dục thể thao P.Hiệp Bình Phước, đầu hẻm là sân bóng đá và sân tennis, gần chợ, trường học,.... Giá bán: 4.85 tỷ (thương lượng). Liên hệ: A.Thanh 0914 067 717 – C.Hà 0968 157 993. " DOMCldNum="3" DoC="8" FontSize="14" FontWeight="400" FrameSourceIndex="0" ID="1-3-2-8" IsImg="false" LinkNum="0" LinkTextLen="0" ObjectRectHeight="270" ObjectRectLeft="411" ObjectRectTop="889" ObjectRectWidth="1009" SRC="&lt;p xmlns=&quot;http://www.w3.org/1999/xhtml&quot;&gt;                        Bán đất chính chủ Giá 4.85 tỷ- số 801/38 A  quốc Lộ 13 cũ, Phường Hiệp Bình Phước, quận Thủ Đức.Hoa hồng   1% cho người môi giới.&lt;br/&gt;Bán đất chính chủ Giá 4.85tỷ diện tích: 4m x 22.37m. &lt;br/&gt;Giấy tờ pháp lý đầy đủ - Hoa hồng 1% cho người môi giới.&lt;br/&gt;Hướng:Đông Nam&lt;br/&gt;Mặt tiền hẻm: 5.35m.Sắp tới sẽ mở rộng thành đường lớn. Vị trí rất đẹp.&lt;br/&gt;Hẻm 1 trục thông với 2 trục đường huyết mạch Quốc Lộ 13 cũ và Quốc Lộ 13 mới. &lt;br/&gt;Vị trí: số 801/38 A quốc Lộ 13 cũ, Phường Hiệp Bình Phước, quận Thủ Đức.&lt;br/&gt;Thông qua Quốc Lộ 13 và quốc Lộ 1A. Vị  trí tuyệt đẹp, giao thông kết nối đi các tỉnh rất thuận tiện.&lt;br/&gt;Phía trước lô đất là vườn mai, và hàng cau bóng mát, không khí trong lành và yên tĩnh.&lt;br/&gt;Xung quanh đã xây dựng hết, hạ tầng đồng bộ.&lt;br/&gt;Tiện ích: Gần trung tâm thể Dục thể thao P.Hiệp Bình Phước, đầu hẻm là sân bóng đá và sân tennis, gần chợ, trường học,....&lt;br/&gt;Giá bán: 4.85 tỷ (thương lượng).&lt;br/&gt;Liên hệ: A.Thanh 0914 067 717 – C.Hà 0968 157 993.                        &lt;/p&gt;" SourceIndex="2725" TextLen="902" order="25" xPath="/#document/html/body/div[8]/div[0]/div[1]/div[1]/div[0]/div[1]/div[8]/div[4]/div[1]/div[0]/div[0]/p[12]/#text"/>
<LayoutNode BgColor="#ebebeb" ContainImg="0" ContainP="0" ContainTable="false" Content="CẤU TRÚC &amp; TIỆN ÍCH " DOMCldNum="5" DoC="5" FontSize="16" FontWeight="normal" FrameSourceIndex="0" ID="1-3-2-9" IsImg="false" LinkNum="0" LinkTextLen="0" ObjectRectHeight="27" ObjectRectLeft="411" ObjectRectTop="1186" ObjectRectWidth="1009" SRC="&lt;div xmlns=&quot;http://www.w3.org/1999/xhtml&quot; class=&quot;headline_title_1 rounded_style_5 rounded_box&quot;&gt;                &lt;h2 class=&quot;headline&quot;&gt;                    &lt;span&gt;CẤU TRÚC &amp; TIỆN ÍCH&lt;/span&gt;&lt;/h2&gt;            &lt;/div&gt;" SourceIndex="2757" TextLen="19" order="26" xPath="/#document/html/body/div[8]/div[0]/div[1]/div[1]/div[0]/div[1]/div[8]/div[5]/div[0]/div[0]/h2[0]/span[0]/#text"/>
<LayoutNode BgColor="#ffffff" ContainImg="0" ContainP="0" ContainTable="true" Content="Tổng diện tích sử dụng: 89.48m2 Diện tích khuôn viên: Chiều ngang trước: 4m Chiều ngang sau: Chiều dài: 22.37m Diện tích xây dựng: Chiều ngang trước: Chiều ngang sau: Chiều dài: Loại địa ốc: Đất ở - Đất thổ cư Tình trạng pháp lý: Hướng: Đông Nam Đường trước nhà: Vị trí địa ốc: Mặt tiền đường Số lầu: Số phòng khách: Số phòng ngủ: Số phòng tắm/WC: Số phòng khác: Đầy đủ tiện nghi Chỗ đậu xe hơi Sân vườn Hồ bơi Tiện kinh doanh Tiện để ở Tiện làm văn phòng Tiện cho sản xuất Cho sinh viên thuê " DOMCldNum="3" DoC="8" FontSize="16" FontWeight="normal" FrameSourceIndex="0" ID="1-3-2-10" IsImg="false" LinkNum="3" LinkTextLen="40" ObjectRectHeight="282" ObjectRectLeft="411" ObjectRectTop="1226" ObjectRectWidth="1009" SRC="&lt;div xmlns=&quot;http://www.w3.org/1999/xhtml&quot; class=&quot;body&quot;&gt;                    &lt;div class=&quot;block&quot;&gt;                        &lt;table&gt;                            &lt;tbody&gt;                                &lt;tr class=&quot;bg_grey&quot;&gt;                                    &lt;td&gt;                                        Tổng diện tích sử dụng: &lt;strong&gt;                                            89.48m2&lt;/strong&gt;                                    &lt;/td&gt;                                &lt;/tr&gt;                                &lt;tr class=&quot;bg_grey&quot;&gt;                                    &lt;td&gt;                                        &lt;strong&gt;Diện tích khuôn viên: &lt;/strong&gt;                                    &lt;/td&gt;                                &lt;/tr&gt;                                &lt;tr class=&quot;child&quot;&gt;                                    &lt;td&gt;                                        Chiều ngang trước: &lt;strong&gt;                                            4m&lt;/strong&gt;                                    &lt;/td&gt;                                &lt;/tr&gt;                                &lt;tr class=&quot;child&quot;&gt;                                    &lt;td&gt;                                        Chiều ngang sau: &lt;strong&gt;                                            &lt;/strong&gt;                                    &lt;/td&gt;                                &lt;/tr&gt;                                &lt;tr class=&quot;child&quot;&gt;                                    &lt;td&gt;                                        Chiều dài: &lt;strong&gt;                                            22.37m&lt;/strong&gt;                                    &lt;/td&gt;                                &lt;/tr&gt;                                &lt;tr class=&quot;bg_grey&quot;&gt;                                    &lt;td&gt;                                        &lt;strong&gt;Diện tích xây dựng: &lt;/strong&gt;                                    &lt;/td&gt;                                &lt;/tr&gt;                                &lt;tr class=&quot;child&quot;&gt;                                    &lt;td&gt;                                        Chiều ngang trước: &lt;strong&gt;                                            &lt;/strong&gt;                                    &lt;/td&gt;                                &lt;/tr&gt;                                &lt;tr class=&quot;child&quot;&gt;                                    &lt;td&gt;                                        Chiều ngang sau: &lt;strong&gt;                                            &lt;/strong&gt;                                    &lt;/td&gt;                                &lt;/tr&gt;                                &lt;tr class=&quot;child&quot;&gt;                                    &lt;td&gt;                                        Chiều dài: &lt;strong&gt;                                            &lt;/strong&gt;                                    &lt;/td&gt;                                &lt;/tr&gt;                            &lt;/tbody&gt;                        &lt;/table&gt;                    &lt;/div&gt;                    &lt;div class=&quot;block&quot;&gt;                        &lt;table&gt;                            &lt;tbody&gt;                                &lt;tr class=&quot;bg_grey&quot;&gt;                                    &lt;td&gt;                                        Loại địa ốc: &lt;strong&gt;                                                &lt;a class=&quot;link-ext&quot; href=&quot;/sieu-thi/dat-o-dat-tho-cu-c11&quot;&gt;Đất ở - Đất thổ cư&lt;/a&gt;&lt;/strong&gt;                                    &lt;/td&gt;                                &lt;/tr&gt;                                &lt;tr&gt;                                    &lt;td&gt;                                        Tình trạng pháp lý: &lt;strong&gt;&lt;/strong&gt;                                    &lt;/td&gt;                                &lt;/tr&gt;                                &lt;tr class=&quot;bg_grey&quot;&gt;                                    &lt;td&gt;                                        Hướng: &lt;strong&gt;                                                &lt;a class=&quot;link-ext&quot; href=&quot;/sieu-thi/dia-oc-huong-dong-nam-g6&quot;&gt;Đông Nam&lt;/a&gt;&lt;/strong&gt;                                    &lt;/td&gt;                                &lt;/tr&gt;                                &lt;tr&gt;                                    &lt;td&gt;                                        Đường trước nhà: &lt;strong&gt;                                            &lt;/strong&gt;                                    &lt;/td&gt;                                &lt;/tr&gt;                                &lt;tr class=&quot;bg_grey&quot;&gt;                                    &lt;td&gt;                                        Vị trí địa ốc: &lt;strong&gt;                                                &lt;a class=&quot;link-ext&quot; href=&quot;/sieu-thi/dia-oc-mat-tien-duong-d1&quot;&gt;Mặt tiền đường&lt;/a&gt;&lt;/strong&gt;                                    &lt;/td&gt;                                &lt;/tr&gt;                                &lt;tr&gt;                                    &lt;td&gt;                                        Số lầu: &lt;strong&gt;                                            &lt;/strong&gt;                                    &lt;/td&gt;                                &lt;/tr&gt;                                &lt;tr class=&quot;bg_grey&quot;&gt;                                    &lt;td&gt;                                        Số phòng khách: &lt;strong&gt;                                            &lt;/strong&gt;                                    &lt;/td&gt;                                &lt;/tr&gt;                                &lt;tr&gt;                                    &lt;td&gt;                                        Số phòng ngủ: &lt;strong&gt;                                            &lt;/strong&gt;                                    &lt;/td&gt;                                &lt;/tr&gt;                                &lt;tr class=&quot;bg_grey&quot;&gt;                                    &lt;td&gt;                                        Số phòng tắm/WC: &lt;strong&gt;                                            &lt;/strong&gt;                                    &lt;/td&gt;                                &lt;/tr&gt;                                &lt;tr&gt;                                    &lt;td&gt;                                        Số phòng khác: &lt;strong&gt;                                            &lt;/strong&gt;                                    &lt;/td&gt;                                &lt;/tr&gt;                            &lt;/tbody&gt;                        &lt;/table&gt;                    &lt;/div&gt;                    &lt;div class=&quot;block&quot;&gt;                        &lt;table&gt;                            &lt;tbody&gt;                                    &lt;tr class=&quot;bg_grey&quot;&gt;                                        &lt;td&gt;Đầy đủ tiện nghi&lt;span class=&quot;ico_16&quot;/&gt;                                        &lt;/td&gt;                                    &lt;/tr&gt;                                    &lt;tr class=&quot;bg_grey&quot;&gt;                                        &lt;td&gt;Chỗ đậu xe hơi&lt;span class=&quot;ico_16&quot;/&gt;                                        &lt;/td&gt;                                    &lt;/tr&gt;                                    &lt;tr class=&quot;bg_grey&quot;&gt;                                        &lt;td&gt;Sân vườn&lt;span class=&quot;ico_16&quot;/&gt;                                        &lt;/td&gt;                                    &lt;/tr&gt;                                    &lt;tr class=&quot;bg_grey&quot;&gt;                                        &lt;td&gt;Hồ bơi&lt;span class=&quot;ico_16&quot;/&gt;                                        &lt;/td&gt;                                    &lt;/tr&gt;                                    &lt;tr class=&quot;bg_grey&quot;&gt;                                        &lt;td&gt;Tiện kinh doanh&lt;span class=&quot;ico_16&quot;/&gt;                                        &lt;/td&gt;                                    &lt;/tr&gt;                                    &lt;tr class=&quot;bg_grey&quot;&gt;                                        &lt;td&gt;Tiện để ở&lt;span class=&quot;ico_16&quot;/&gt;                                        &lt;/td&gt;                                    &lt;/tr&gt;                                    &lt;tr class=&quot;bg_grey&quot;&gt;                                        &lt;td&gt;Tiện làm văn phòng&lt;span class=&quot;ico_16&quot;/&gt;                                        &lt;/td&gt;                                    &lt;/tr&gt;                                    &lt;tr class=&quot;bg_grey&quot;&gt;                                        &lt;td&gt;Tiện cho sản xuất&lt;span class=&quot;ico_16&quot;/&gt;                                        &lt;/td&gt;                                    &lt;/tr&gt;                                    &lt;tr class=&quot;bg_grey&quot;&gt;                                        &lt;td&gt;Cho sinh viên thuê&lt;span class=&quot;ico_16&quot;/&gt;                                        &lt;/td&gt;                                    &lt;/tr&gt;                            &lt;/tbody&gt;                        &lt;/table&gt;                    &lt;/div&gt;                &lt;/div&gt;" SourceIndex="2767" TextLen="465" order="27" xPath="/#document/html/body/div[8]/div[0]/div[1]/div[1]/div[0]/div[1]/div[8]/div[5]/div[1]/div[0]/div[2]/div[0]/table[0]/tbody[8]/tr[0]/td[0]/#text"/>
<LayoutNode BgColor="#ebebeb" ContainImg="1" ContainP="0" ContainTable="false" DOMCldNum="5" DoC="5" FontSize="16" FontWeight="normal" FrameSourceIndex="0" ID="1-3-2-11" IsImg="false" LinkNum="2" LinkTextLen="14" ObjectRectHeight="148" ObjectRectLeft="411" ObjectRectTop="1529" ObjectRectWidth="1009" SourceIndex="3051" TextLen="87" order="28">
<LayoutNode BgColor="#ebebeb" ContainImg="0" ContainP="0" ContainTable="false" Content="THÔNG TIN NGƯỜI ĐĂNG " DOMCldNum="5" DoC="5" FontSize="16" FontWeight="normal" FrameSourceIndex="0" ID="1-3-2-11-1" IsImg="false" LinkNum="0" LinkTextLen="0" ObjectRectHeight="28" ObjectRectLeft="411" ObjectRectTop="1529" ObjectRectWidth="1009" SRC="&lt;div xmlns=&quot;http://www.w3.org/1999/xhtml&quot; class=&quot;headline_title_1 rounded_style_5 rounded_box&quot;&gt;                    &lt;h2 class=&quot;headline&quot;&gt;                        &lt;span&gt;THÔNG TIN NGƯỜI ĐĂNG&lt;/span&gt;&lt;/h2&gt;                &lt;/div&gt;" SourceIndex="3053" TextLen="20" order="29" xPath="/#document/html/body/div[8]/div[0]/div[1]/div[1]/div[0]/div[1]/div[8]/div[6]/div[0]/div[0]/h2[0]/span[0]/#text"/>
<LayoutNode BgColor="#ffffff" ContainImg="1" ContainP="0" ContainTable="false" Content="Nguyễn Ngọc Hà ĐT: 0938 444 358 – 0903 696 093   Địa chỉ:   Website:   " DOMCldNum="3" DoC="8" FontSize="16" FontWeight="normal" FrameSourceIndex="0" ID="1-3-2-11-2" IsImg="false" LinkNum="2" LinkTextLen="14" ObjectRectHeight="107" ObjectRectLeft="411" ObjectRectTop="1570" ObjectRectWidth="1009" SRC="&lt;div xmlns=&quot;http://www.w3.org/1999/xhtml&quot; class=&quot;body&quot;&gt;                        &lt;div class=&quot;avatar&quot;&gt;                            &lt;div class=&quot;default_avatar_77&quot;&gt;                                    &lt;a href=&quot;/sieu-thi/loc?tv=47643&quot; title=&quot;Danh sách tài sản của Nguyễn Ngọc Hà&quot;&gt;                                        &lt;img height=&quot;75&quot; src=&quot;http://image.diaoconline.vn/LogoMember/2012/05/05_chan_dung_Nguyen_Ngoc_Ha.jpg&quot; width=&quot;75&quot;/&gt;                                    &lt;/a&gt;                            &lt;/div&gt;                        &lt;/div&gt;                        &lt;h4&gt;                                &lt;a href=&quot;/sieu-thi/loc?tv=47643&quot; title=&quot;Danh sách tài sản của Nguyễn Ngọc Hà&quot;&gt;Nguyễn Ngọc Hà&lt;/a&gt;                        &lt;/h4&gt;                        &lt;dl&gt;                            &lt;dt&gt;ĐT: &lt;/dt&gt;&lt;dd&gt;0938 444 358 – 0903 696 093  &lt;/dd&gt;                            &lt;dt&gt;Địa chỉ: &lt;/dt&gt;&lt;dd&gt; &lt;/dd&gt;                            &lt;dt&gt;Website: &lt;/dt&gt;&lt;dd&gt;&lt;a href=&quot;http://&quot; target=&quot;_blank&quot;/&gt; &lt;/dd&gt;                        &lt;/dl&gt;                    &lt;/div&gt;" SourceIndex="3063" TextLen="67" order="30" xPath="/#document/html/body/div[8]/div[0]/div[1]/div[1]/div[0]/div[1]/div[8]/div[6]/div[1]/div[0]/div[2]/dl[5]/dd[1]/#text"/>
</LayoutNode>
<LayoutNode BgColor="#ffffff" ContainImg="0" ContainP="0" ContainTable="false" Content="»ĐỊA ỐC CÙNG TỈNH/THÀNH Bán Đất ở - Đất thổ cư Huyện Bình Chánh (3211) Bán Đất ở - Đất thổ cư Quận Bình Tân (493) Bán Đất ở - Đất thổ cư Huyện Củ Chi (207) Bán Đất ở - Đất thổ cư Huyện Hóc Môn (138) Bán Đất ở - Đất thổ cư Quận Thủ Đức (108) Bán Đất ở - Đất thổ cư Quận 2 (84) Bán Đất ở - Đất thổ cư Quận Bình Thạnh (73) Bán Đất ở - Đất thổ cư Huyện Nhà Bè (59) Bán Đất ở - Đất thổ cư Quận 6 (53) Bán Đất ở - Đất thổ cư Quận 9 (50) »ĐỊA ỐC THEO DANH MỤC Bán Nhà phố (14243) Bán Đất ở - Đất thổ cư (9445) Bán Căn hộ cao cấp (3215) Bán Căn hộ chung cư (2804) Bán Đất dự án - Quy hoạch (1082) Bán Villa - Biệt thự (1041) Bán Phòng trọ (422) Bán Khách Sạn - Nhà Phố (282) Bán Căn hộ dich vụ (247) Bán Mặt bằng - Cửa hàng (127) »ĐỊA ỐC THEO TỈNH THÀNH Bán Đất ở - Đất thổ cư TP.HCM (4660) Bán Đất ở - Đất thổ cư Long An (2071) Bán Đất ở - Đất thổ cư Đồng Nai (1158) Bán Đất ở - Đất thổ cư Bình Dương (850) Bán Đất ở - Đất thổ cư Bình Phước (355) Bán Đất ở - Đất thổ cư Vĩnh Long (216) Bán Đất ở - Đất thổ cư Bà Rịa - Vũng Tàu (23) Bán Đất ở - Đất thổ cư An Giang (15) Bán Đất ở - Đất thổ cư Hà Nội (14) Bán Đất ở - Đất thổ cư Kiên Giang (12) " DOMCldNum="3" DoC="8" FontSize="16" FontWeight="normal" FrameSourceIndex="0" ID="1-3-2-12" IsImg="false" LinkNum="30" LinkTextLen="854" ObjectRectHeight="236" ObjectRectLeft="411" ObjectRectTop="1719" ObjectRectWidth="1009" SRC="&lt;div xmlns=&quot;http://www.w3.org/1999/xhtml&quot; class=&quot;body wrap margin_bottom&quot; id=&quot;bottom_menu&quot;&gt;        &lt;div id=&quot;bot-03&quot;&gt;            &lt;h4&gt;                »ĐỊA ỐC CÙNG TỈNH/THÀNH&lt;/h4&gt;            &lt;ul&gt;                    &lt;li&gt;&lt;a href=&quot;/ban-dat-o-dat-tho-cu-c11/tphcm-t3/huyen-binh-chanh-q146&quot;&gt;Bán Đất ở - Đất thổ cư Huyện Bình Chánh&lt;/a&gt; &lt;span&gt;(3211)&lt;/span&gt;&lt;/li&gt;                    &lt;li&gt;&lt;a href=&quot;/ban-dat-o-dat-tho-cu-c11/tphcm-t3/quan-binh-tan-q145&quot;&gt;Bán Đất ở - Đất thổ cư Quận Bình Tân&lt;/a&gt; &lt;span&gt;(493)&lt;/span&gt;&lt;/li&gt;                    &lt;li&gt;&lt;a href=&quot;/ban-dat-o-dat-tho-cu-c11/tphcm-t3/huyen-cu-chi-q147&quot;&gt;Bán Đất ở - Đất thổ cư Huyện Củ Chi&lt;/a&gt; &lt;span&gt;(207)&lt;/span&gt;&lt;/li&gt;                    &lt;li&gt;&lt;a href=&quot;/ban-dat-o-dat-tho-cu-c11/tphcm-t3/huyen-hoc-mon-q856&quot;&gt;Bán Đất ở - Đất thổ cư Huyện Hóc Môn&lt;/a&gt; &lt;span&gt;(138)&lt;/span&gt;&lt;/li&gt;                    &lt;li&gt;&lt;a href=&quot;/ban-dat-o-dat-tho-cu-c11/tphcm-t3/quan-thu-duc-q144&quot;&gt;Bán Đất ở - Đất thổ cư Quận Thủ Đức&lt;/a&gt; &lt;span&gt;(108)&lt;/span&gt;&lt;/li&gt;                    &lt;li&gt;&lt;a href=&quot;/ban-dat-o-dat-tho-cu-c11/tphcm-t3/quan-2-q128&quot;&gt;Bán Đất ở - Đất thổ cư Quận 2&lt;/a&gt; &lt;span&gt;(84)&lt;/span&gt;&lt;/li&gt;                    &lt;li&gt;&lt;a href=&quot;/ban-dat-o-dat-tho-cu-c11/tphcm-t3/quan-binh-thanh-q140&quot;&gt;Bán Đất ở - Đất thổ cư Quận Bình Thạnh&lt;/a&gt; &lt;span&gt;(73)&lt;/span&gt;&lt;/li&gt;                    &lt;li&gt;&lt;a href=&quot;/ban-dat-o-dat-tho-cu-c11/tphcm-t3/huyen-nha-be-q149&quot;&gt;Bán Đất ở - Đất thổ cư Huyện Nhà Bè&lt;/a&gt; &lt;span&gt;(59)&lt;/span&gt;&lt;/li&gt;                    &lt;li&gt;&lt;a href=&quot;/ban-dat-o-dat-tho-cu-c11/tphcm-t3/quan-6-q132&quot;&gt;Bán Đất ở - Đất thổ cư Quận 6&lt;/a&gt; &lt;span&gt;(53)&lt;/span&gt;&lt;/li&gt;                    &lt;li&gt;&lt;a href=&quot;/ban-dat-o-dat-tho-cu-c11/tphcm-t3/quan-9-q135&quot;&gt;Bán Đất ở - Đất thổ cư Quận 9&lt;/a&gt; &lt;span&gt;(50)&lt;/span&gt;&lt;/li&gt;            &lt;/ul&gt;        &lt;/div&gt;        &lt;div id=&quot;bot-01&quot;&gt;            &lt;h4&gt;                »ĐỊA ỐC THEO DANH MỤC&lt;/h4&gt;            &lt;ul&gt;                    &lt;li&gt;&lt;a href=&quot;/ban-nha-pho-c20&quot;&gt;Bán Nhà phố&lt;/a&gt; &lt;span&gt;(14243)&lt;/span&gt;&lt;/li&gt;                    &lt;li&gt;&lt;a href=&quot;/ban-dat-o-dat-tho-cu-c11&quot;&gt;Bán Đất ở - Đất thổ cư&lt;/a&gt; &lt;span&gt;(9445)&lt;/span&gt;&lt;/li&gt;                    &lt;li&gt;&lt;a href=&quot;/ban-can-ho-cao-cap-c10&quot;&gt;Bán Căn hộ cao cấp&lt;/a&gt; &lt;span&gt;(3215)&lt;/span&gt;&lt;/li&gt;                    &lt;li&gt;&lt;a href=&quot;/ban-can-ho-chung-cu-c8&quot;&gt;Bán Căn hộ chung cư&lt;/a&gt; &lt;span&gt;(2804)&lt;/span&gt;&lt;/li&gt;                    &lt;li&gt;&lt;a href=&quot;/ban-dat-du-an-quy-hoach-c12&quot;&gt;Bán Đất dự án - Quy hoạch&lt;/a&gt; &lt;span&gt;(1082)&lt;/span&gt;&lt;/li&gt;                    &lt;li&gt;&lt;a href=&quot;/ban-villa-biet-thu-c1&quot;&gt;Bán Villa - Biệt thự&lt;/a&gt; &lt;span&gt;(1041)&lt;/span&gt;&lt;/li&gt;                    &lt;li&gt;&lt;a href=&quot;/ban-phong-tro-c16&quot;&gt;Bán Phòng trọ&lt;/a&gt; &lt;span&gt;(422)&lt;/span&gt;&lt;/li&gt;                    &lt;li&gt;&lt;a href=&quot;/ban-khach-san-nha-pho-c25&quot;&gt;Bán Khách Sạn - Nhà Phố&lt;/a&gt; &lt;span&gt;(282)&lt;/span&gt;&lt;/li&gt;                    &lt;li&gt;&lt;a href=&quot;/ban-can-ho-dich-vu-c26&quot;&gt;Bán Căn hộ dich vụ&lt;/a&gt; &lt;span&gt;(247)&lt;/span&gt;&lt;/li&gt;                    &lt;li&gt;&lt;a href=&quot;/ban-mat-bang-cua-hang-c15&quot;&gt;Bán Mặt bằng - Cửa hàng&lt;/a&gt; &lt;span&gt;(127)&lt;/span&gt;&lt;/li&gt;            &lt;/ul&gt;        &lt;/div&gt;        &lt;div id=&quot;bot-02&quot;&gt;            &lt;h4&gt;                »ĐỊA ỐC THEO TỈNH THÀNH&lt;/h4&gt;            &lt;ul&gt;                    &lt;li&gt;&lt;a href=&quot;/ban-dat-o-dat-tho-cu-c11/tphcm-t3&quot;&gt;Bán Đất ở - Đất thổ cư TP.HCM&lt;/a&gt; &lt;span&gt;(4660)&lt;/span&gt;&lt;/li&gt;                    &lt;li&gt;&lt;a href=&quot;/ban-dat-o-dat-tho-cu-c11/long-an-t35&quot;&gt;Bán Đất ở - Đất thổ cư Long An&lt;/a&gt; &lt;span&gt;(2071)&lt;/span&gt;&lt;/li&gt;                    &lt;li&gt;&lt;a href=&quot;/ban-dat-o-dat-tho-cu-c11/dong-nai-t53&quot;&gt;Bán Đất ở - Đất thổ cư Đồng Nai&lt;/a&gt; &lt;span&gt;(1158)&lt;/span&gt;&lt;/li&gt;                    &lt;li&gt;&lt;a href=&quot;/ban-dat-o-dat-tho-cu-c11/binh-duong-t61&quot;&gt;Bán Đất ở - Đất thổ cư Bình Dương&lt;/a&gt; &lt;span&gt;(850)&lt;/span&gt;&lt;/li&gt;                    &lt;li&gt;&lt;a href=&quot;/ban-dat-o-dat-tho-cu-c11/binh-phuoc-t60&quot;&gt;Bán Đất ở - Đất thổ cư Bình Phước&lt;/a&gt; &lt;span&gt;(355)&lt;/span&gt;&lt;/li&gt;                    &lt;li&gt;&lt;a href=&quot;/ban-dat-o-dat-tho-cu-c11/vinh-long-t12&quot;&gt;Bán Đất ở - Đất thổ cư Vĩnh Long&lt;/a&gt; &lt;span&gt;(216)&lt;/span&gt;&lt;/li&gt;                    &lt;li&gt;&lt;a href=&quot;/ban-dat-o-dat-tho-cu-c11/ba-ria-vung-tau-t68&quot;&gt;Bán Đất ở - Đất thổ cư Bà Rịa - Vũng Tàu&lt;/a&gt; &lt;span&gt;(23)&lt;/span&gt;&lt;/li&gt;                    &lt;li&gt;&lt;a href=&quot;/ban-dat-o-dat-tho-cu-c11/an-giang-t69&quot;&gt;Bán Đất ở - Đất thổ cư An Giang&lt;/a&gt; &lt;span&gt;(15)&lt;/span&gt;&lt;/li&gt;                    &lt;li&gt;&lt;a href=&quot;/ban-dat-o-dat-tho-cu-c11/ha-noi-t2&quot;&gt;Bán Đất ở - Đất thổ cư Hà Nội&lt;/a&gt; &lt;span&gt;(14)&lt;/span&gt;&lt;/li&gt;                    &lt;li&gt;&lt;a href=&quot;/ban-dat-o-dat-tho-cu-c11/kien-giang-t41&quot;&gt;Bán Đất ở - Đất thổ cư Kiên Giang&lt;/a&gt; &lt;span&gt;(12)&lt;/span&gt;&lt;/li&gt;            &lt;/ul&gt;        &lt;/div&gt;            &lt;/div&gt;" SourceIndex="3109" TextLen="1103" order="31" xPath="/#document/html/body/div[8]/div[0]/div[1]/div[1]/div[1]/div[0]/div[2]/div[1]/ul[9]/li[1]/span[0]/#text"/>
</LayoutNode>
</LayoutNode>
<LayoutNode BgColor="#ffffff" ContainImg="3" ContainP="0" ContainTable="false" DOMCldNum="5" DoC="5" FontSize="16" FontWeight="normal" FrameSourceIndex="0" ID="1-4" IsImg="false" LinkNum="9" LinkTextLen="182" ObjectRectHeight="136" ObjectRectLeft="0" ObjectRectTop="1987" ObjectRectWidth="1420" SourceIndex="3350" TextLen="251" order="32">
<LayoutNode BgColor="#ffffff" ContainImg="0" ContainP="0" ContainTable="false" Content="CÁC TÀI SẢN CÙNG NGƯỜI ĐĂNG " DOMCldNum="5" DoC="5" FontSize="16" FontWeight="normal" FrameSourceIndex="0" ID="1-4-1" IsImg="false" LinkNum="0" LinkTextLen="0" ObjectRectHeight="24" ObjectRectLeft="0" ObjectRectTop="1987" ObjectRectWidth="1420" SRC="&lt;div xmlns=&quot;http://www.w3.org/1999/xhtml&quot; class=&quot;headline_3&quot;&gt;                            &lt;h2&gt;                                CÁC TÀI SẢN CÙNG NGƯỜI ĐĂNG&lt;/h2&gt;                        &lt;/div&gt;" SourceIndex="3352" TextLen="27" order="33" xPath="/#document/html/body/div[8]/div[0]/div[1]/div[1]/div[2]/div[0]/div[0]/h2[0]/#text"/>
<LayoutNode BgColor="#ffffff" ContainImg="3" ContainP="0" ContainTable="false" Content="6. Bán nhà Gò Vấp hướng Đông Nam, hẻm 1 xẹc, đúc 1 tấm Giá ... 3 tỷ 450 triệu 2. Bán nhà đường Số 4 Gò Vấp Giá cực rẻ 3.45 tỷ, nhà mới vị ... 3 tỷ 450 triệu 7. Nhà Gò Vấp Giá 4.95 tỷ diện tích khủng, nhà mới đúc kiên ... 4 tỷ 950 triệu " DOMCldNum="3" DoC="8" FontSize="16" FontWeight="normal" FrameSourceIndex="0" ID="1-4-2" IsImg="false" LinkNum="9" LinkTextLen="182" ObjectRectHeight="91" ObjectRectLeft="0" ObjectRectTop="2032" ObjectRectWidth="1420" SRC="&lt;div xmlns=&quot;http://www.w3.org/1999/xhtml&quot; class=&quot;content_inner&quot;&gt;                                &lt;ul class=&quot;listing_4&quot;&gt;                                        &lt;li&gt;&lt;a href=&quot;/ban-dat-o-dat-tho-cu-c11/6ban-nha-go-vap-huong-dong-nam-hem-1-xec-duc-1-tam-gia-345-ty-i1963595&quot;&gt;                                            &lt;img alt=&quot;6. Bán nhà Gò Vấp hướng Đông Nam, hẻm 1 xẹc, đúc 1 tấm Giá 3.45 tỷ!&quot; height=&quot;75&quot; src=&quot;http://image.diaoconline.vn/sieu-thi/2020/02/05/thumb-41F-66736A.jpg&quot; title=&quot;6. Bán nhà Gò Vấp hướng Đông Nam, hẻm 1 xẹc, đúc 1 tấm Giá 3.45 tỷ!&quot; width=&quot;75&quot;/&gt;&lt;/a&gt;                                            &lt;div class=&quot;right&quot;&gt;                                                &lt;h2&gt;                                                    &lt;a href=&quot;/ban-nha-pho-c20/6ban-nha-go-vap-huong-dong-nam-hem-1-xec-duc-1-tam-gia-345-ty-i1963595&quot;&gt;6. Bán nhà Gò Vấp hướng Đông Nam, hẻm 1 xẹc, đúc 1 tấm Giá  ...&lt;/a&gt;&lt;/h2&gt;                                                &lt;span class=&quot;price&quot;&gt;3 tỷ 450 triệu&lt;/span&gt;                                            &lt;/div&gt;                                        &lt;/li&gt;                                        &lt;li&gt;&lt;a href=&quot;/ban-dat-o-dat-tho-cu-c11/2ban-nha-duong-so-4-go-vap-gia-cuc-re-345-ty-nha-moi-vi-tri-tuyet-dep-i1963590&quot;&gt;                                            &lt;img alt=&quot;2. Bán nhà đường Số 4 Gò Vấp Giá cực rẻ 3.45 tỷ, nhà mới vị trí tuyệt đẹp.&quot; height=&quot;75&quot; src=&quot;http://image.diaoconline.vn/sieu-thi/2020/02/05/thumb-4F0-F5B9F0.jpg&quot; title=&quot;2. Bán nhà đường Số 4 Gò Vấp Giá cực rẻ 3.45 tỷ, nhà mới vị trí tuyệt đẹp.&quot; width=&quot;75&quot;/&gt;&lt;/a&gt;                                            &lt;div class=&quot;right&quot;&gt;                                                &lt;h2&gt;                                                    &lt;a href=&quot;/ban-nha-pho-c20/2ban-nha-duong-so-4-go-vap-gia-cuc-re-345-ty-nha-moi-vi-tri-tuyet-dep-i1963590&quot;&gt;2. Bán nhà đường Số 4 Gò Vấp Giá cực rẻ 3.45 tỷ, nhà mới vị  ...&lt;/a&gt;&lt;/h2&gt;                                                &lt;span class=&quot;price&quot;&gt;3 tỷ 450 triệu&lt;/span&gt;                                            &lt;/div&gt;                                        &lt;/li&gt;                                        &lt;li class=&quot;last&quot;&gt;&lt;a href=&quot;/ban-dat-o-dat-tho-cu-c11/7nha-go-vap-gia-495-ty-dien-tich-khung-nha-moi-duc-kien-co-4-tam-i1963607&quot;&gt;                                            &lt;img alt=&quot;7. Nhà Gò Vấp Giá 4.95 tỷ diện tích khủng, nhà mới đúc kiên cố 4 tấm!&quot; height=&quot;75&quot; src=&quot;http://image.diaoconline.vn/sieu-thi/2020/02/05/thumb-B7E-DAA285.jpg&quot; title=&quot;7. Nhà Gò Vấp Giá 4.95 tỷ diện tích khủng, nhà mới đúc kiên cố 4 tấm!&quot; width=&quot;75&quot;/&gt;&lt;/a&gt;                                            &lt;div class=&quot;right&quot;&gt;                                                &lt;h2&gt;                                                    &lt;a href=&quot;/ban-nha-pho-c20/7nha-go-vap-gia-495-ty-dien-tich-khung-nha-moi-duc-kien-co-4-tam-i1963607&quot;&gt;7. Nhà Gò Vấp Giá 4.95 tỷ diện tích khủng, nhà mới đúc kiên  ...&lt;/a&gt;&lt;/h2&gt;                                                &lt;span class=&quot;price&quot;&gt;4 tỷ 950 triệu&lt;/span&gt;                                            &lt;/div&gt;                                        &lt;/li&gt;                                &lt;/ul&gt;                            &lt;/div&gt;" SourceIndex="3360" TextLen="224" order="34" xPath="/#document/html/body/div[8]/div[0]/div[1]/div[1]/div[2]/div[1]/div[0]/div[0]/ul[2]/li[1]/div[1]/span[0]/#text"/>
</LayoutNode>
<LayoutNode BgColor="#ffffff" ContainImg="3" ContainP="0" ContainTable="false" DOMCldNum="5" DoC="5" FontSize="16" FontWeight="normal" FrameSourceIndex="0" ID="1-5" IsImg="false" LinkNum="9" LinkTextLen="174" ObjectRectHeight="136" ObjectRectLeft="0" ObjectRectTop="2135" ObjectRectWidth="1420" SourceIndex="3419" TextLen="236" order="35">
<LayoutNode BgColor="#ffffff" ContainImg="0" ContainP="0" ContainTable="false" Content="CÁC TÀI SẢN MỚI NHẤT " DOMCldNum="5" DoC="5" FontSize="16" FontWeight="normal" FrameSourceIndex="0" ID="1-5-1" IsImg="false" LinkNum="0" LinkTextLen="0" ObjectRectHeight="24" ObjectRectLeft="0" ObjectRectTop="2135" ObjectRectWidth="1420" SRC="&lt;div xmlns=&quot;http://www.w3.org/1999/xhtml&quot; class=&quot;headline_3&quot;&gt;                            &lt;h2&gt;                                CÁC TÀI SẢN MỚI NHẤT&lt;/h2&gt;                        &lt;/div&gt;" SourceIndex="3421" TextLen="20" order="36" xPath="/#document/html/body/div[8]/div[0]/div[1]/div[1]/div[3]/div[0]/div[0]/h2[0]/#text"/>
<LayoutNode BgColor="#ffffff" ContainImg="3" ContainP="0" ContainTable="false" Content="Bán nhà mặt tiền số 280 Thạch Lam, 11.3x17 được xây dựng ... 25 tỷ 200 triệu Bán nhà 12x28, 2 lầu. Mặt tiền 20m số 111A đường Gò Dầu ... 45 tỷ Cho thuê phòng 30m2 và mặt bằng kinh doanh 150m2 mặt tiền ... 4 triệu 300 ngàn/tháng " DOMCldNum="3" DoC="8" FontSize="16" FontWeight="normal" FrameSourceIndex="0" ID="1-5-2" IsImg="false" LinkNum="9" LinkTextLen="174" ObjectRectHeight="91" ObjectRectLeft="0" ObjectRectTop="2180" ObjectRectWidth="1420" SRC="&lt;div xmlns=&quot;http://www.w3.org/1999/xhtml&quot; class=&quot;content_inner&quot;&gt;                                &lt;ul class=&quot;listing_4&quot;&gt;                                        &lt;li&gt;&lt;a href=&quot;/ban-dat-o-dat-tho-cu-c11/ban-nha-mat-tien-so-280-thach-lam-113x17-duoc-xay-dung-du-gia-252-ty-tl-i1948247&quot;&gt;                                            &lt;img alt=&quot;Bán nhà mặt tiền số 280 Thạch Lam, 11.3x17 được xây dựng đủ. Giá 25.2 tỷ TL&quot; height=&quot;75&quot; src=&quot;http://image.diaoconline.vn/sieu-thi/2019/11/22/thumb-3F5-1FCF33.jpg&quot; title=&quot;Bán nhà mặt tiền số 280 Thạch Lam, 11.3x17 được xây dựng đủ. Giá 25.2 tỷ TL&quot; width=&quot;75&quot;/&gt;&lt;/a&gt;                                            &lt;div class=&quot;right&quot;&gt;                                                &lt;h2&gt;                                                    &lt;a href=&quot;/ban-dat-o-dat-tho-cu-c11/ban-nha-mat-tien-so-280-thach-lam-113x17-duoc-xay-dung-du-gia-252-ty-tl-i1948247&quot;&gt;Bán nhà mặt tiền số 280 Thạch Lam, 11.3x17 được xây dựng  ...&lt;/a&gt;&lt;/h2&gt;                                                &lt;span class=&quot;price&quot;&gt;25 tỷ 200 triệu&lt;/span&gt;                                            &lt;/div&gt;                                        &lt;/li&gt;                                        &lt;li&gt;&lt;a href=&quot;/ban-dat-o-dat-tho-cu-c11/ban-nha-12x28-2-lau-mat-tien-20m-so-111a-duong-go-dau-quan-tan-phu-gia-45-ty-i1971694&quot;&gt;                                            &lt;img alt=&quot;Bán nhà 12x28, 2 lầu. Mặt tiền 20m số 111A đường Gò Dầu quận Tân Phú. Giá 45 tỷ&quot; height=&quot;75&quot; src=&quot;http://image.diaoconline.vn/sieu-thi/2020/03/11/thumb-A53-73FDDC.jpg&quot; title=&quot;Bán nhà 12x28, 2 lầu. Mặt tiền 20m số 111A đường Gò Dầu quận Tân Phú. Giá 45 tỷ&quot; width=&quot;75&quot;/&gt;&lt;/a&gt;                                            &lt;div class=&quot;right&quot;&gt;                                                &lt;h2&gt;                                                    &lt;a href=&quot;/ban-dat-o-dat-tho-cu-c11/ban-nha-12x28-2-lau-mat-tien-20m-so-111a-duong-go-dau-quan-tan-phu-gia-45-ty-i1971694&quot;&gt;Bán nhà 12x28, 2 lầu. Mặt tiền 20m số 111A đường Gò Dầu  ...&lt;/a&gt;&lt;/h2&gt;                                                &lt;span class=&quot;price&quot;&gt;45 tỷ&lt;/span&gt;                                            &lt;/div&gt;                                        &lt;/li&gt;                                        &lt;li class=&quot;last&quot;&gt;&lt;a href=&quot;/ban-dat-o-dat-tho-cu-c11/cho-thue-phong-30m2-va-mat-bang-kinh-doanh-150m2-mat-tien-54-bui-dinh-tuy-p12-q-binh-thanh-i1981140&quot;&gt;                                            &lt;img alt=&quot;Cho thuê phòng 30m2 và mặt bằng kinh doanh 150m2 mặt tiền 54 Bùi Đình Túy P12 Q Bình Thạnh&quot; height=&quot;75&quot; src=&quot;http://image.diaoconline.vn/sieu-thi/2020/04/12/thumb-A5D-57EDAB.jpg&quot; title=&quot;Cho thuê phòng 30m2 và mặt bằng kinh doanh 150m2 mặt tiền 54 Bùi Đình Túy P12 Q Bình Thạnh&quot; width=&quot;75&quot;/&gt;&lt;/a&gt;                                            &lt;div class=&quot;right&quot;&gt;                                                &lt;h2&gt;                                                    &lt;a href=&quot;/ban-dat-o-dat-tho-cu-c11/cho-thue-phong-30m2-va-mat-bang-kinh-doanh-150m2-mat-tien-54-bui-dinh-tuy-p12-q-binh-thanh-i1981140&quot;&gt;Cho thuê phòng 30m2 và mặt bằng kinh doanh 150m2 mặt tiền  ...&lt;/a&gt;&lt;/h2&gt;                                                &lt;span class=&quot;price&quot;&gt;4 triệu 300 ngàn/tháng&lt;/span&gt;                                            &lt;/div&gt;                                        &lt;/li&gt;                                &lt;/ul&gt;                            &lt;/div&gt;" SourceIndex="3429" TextLen="216" order="37" xPath="/#document/html/body/div[8]/div[0]/div[1]/div[1]/div[3]/div[1]/div[0]/div[0]/ul[2]/li[1]/div[1]/span[0]/#text"/>
</LayoutNode>
<LayoutNode BgColor="#ffffff" ContainImg="0" ContainP="0" ContainTable="false" Content="»THÔNG TIN ĐỊA ỐC Thị trường địa ốc Hoạt động Doanh nghiệp Chính sách - Quy hoạch Tài chính - Chứng khoán Xây dựng Bất động sản thế giới »SIÊU THỊ ĐỊA ỐC Nhà phố Villa - Biệt thự Căn hộ chung cư Đất ở - Đất thổ cư Đất dự án - Quy hoạch Văn phòng »DỰ ÁN Khu du lịch - Nghỉ dưỡng Công trình công cộng Khu công nghiệp Khu dân cư – Đô thị mới Khu phức hợp - Thương mại Cao ốc văn phòng »DOANH NGHIỆP ĐỊA ỐC Môi giới địa ốc VLXD &amp; Thi công Tài chính pháp lý Đầu tư - Dự án Thiết kế - Trang trí Truyền thông - Quảng cáo »KHÁM PHÁ - TRẢI NGHIỆM Thế giới kiến trúc Mách bạn Phong thủy Không gian sống Shopping cùng DOOL Thương hiệu Hỗ trợ kỹ thuật 0975 148 873(Mr. Giang) Hỗ trợ dịch vụ Liên hệ phòng kinh doanh KẾT NỐI VỚI CHÚNG TÔI TẠI: facebook twitter youtube linkedin TRUNG TÂM TRỢ GIÚP BẢNG GIÁ QUẢNG CÁO NẠP ĐIỂM DOOL DỊCH VỤ CỦA CHÚNG TÔI HƯỚNG DẪN ĐĂNG TIN " DOMCldNum="5" DoC="8" FontSize="16" FontWeight="normal" FrameSourceIndex="0" ID="1-6" IsImg="false" LinkNum="40" LinkTextLen="649" ObjectRectHeight="274" ObjectRectLeft="0" ObjectRectTop="2293" ObjectRectWidth="1420" SRC="&lt;div xmlns=&quot;http://www.w3.org/1999/xhtml&quot; class=&quot;wrap&quot; id=&quot;bottom_menu&quot;&gt;                &lt;div id=&quot;news_menu&quot;&gt;                    &lt;h4&gt;»THÔNG TIN ĐỊA ỐC&lt;/h4&gt;                    &lt;ul&gt;                        &lt;li&gt;&lt;a href=&quot;/tin-tuc/thi-truong-dia-oc-c18&quot;&gt;Thị trường địa ốc&lt;/a&gt;&lt;/li&gt;                        &lt;li&gt;&lt;a href=&quot;/tin-tuc/hoat-dong-doanh-nghiep-c23&quot;&gt;Hoạt động Doanh nghiệp&lt;/a&gt;&lt;/li&gt;                        &lt;li&gt;&lt;a href=&quot;/tin-tuc/chinh-sach-quy-hoach-c16&quot;&gt;Chính sách - Quy hoạch&lt;/a&gt;&lt;/li&gt;                        &lt;li&gt;&lt;a href=&quot;/tin-tuc/tai-chinh-chung-khoan-c57&quot;&gt;Tài chính - Chứng khoán&lt;/a&gt;&lt;/li&gt;                        &lt;li&gt;&lt;a href=&quot;/tin-tuc/xay-dung-c25&quot;&gt;Xây dựng&lt;/a&gt;&lt;/li&gt;                        &lt;li&gt;&lt;a href=&quot;/tin-tuc/bat-dong-san-the-gioi-c24&quot;&gt;Bất động sản thế giới&lt;/a&gt;&lt;/li&gt;                    &lt;/ul&gt;                &lt;/div&gt;                &lt;div id=&quot;market_menu&quot;&gt;                    &lt;h4&gt;»SIÊU THỊ ĐỊA ỐC&lt;/h4&gt;                    &lt;ul&gt;                        &lt;li&gt;                            &lt;a href=&quot;/sieu-thi/nha-pho-c20&quot;&gt;Nhà phố&lt;/a&gt;                        &lt;/li&gt;                        &lt;li&gt;                            &lt;a href=&quot;/sieu-thi/villa-biet-thu-c1&quot;&gt;Villa - Biệt thự&lt;/a&gt;                        &lt;/li&gt;                        &lt;li&gt;                            &lt;a href=&quot;/sieu-thi/can-ho-chung-cu-c8&quot;&gt;Căn hộ chung cư&lt;/a&gt;                        &lt;/li&gt;                        &lt;li&gt;                            &lt;a href=&quot;/sieu-thi/dat-o-dat-tho-cu-c11&quot;&gt;Đất ở - Đất thổ cư&lt;/a&gt;                        &lt;/li&gt;                        &lt;li&gt;                            &lt;a href=&quot;/sieu-thi/dat-du-an-quy-hoach-c12&quot;&gt;Đất dự án - Quy hoạch&lt;/a&gt;                        &lt;/li&gt;                        &lt;li&gt;                            &lt;a href=&quot;/sieu-thi/van-phong-c9&quot;&gt;Văn phòng&lt;/a&gt;                        &lt;/li&gt;                    &lt;/ul&gt;                &lt;/div&gt;                &lt;div id=&quot;project_menu&quot;&gt;                    &lt;h4&gt;»DỰ ÁN&lt;/h4&gt;                    &lt;ul&gt;                            &lt;li&gt;&lt;a href=&quot;/du-an/khu-du-lich-nghi-duong-c28&quot;&gt;Khu du lịch - Nghỉ dưỡng&lt;/a&gt;&lt;/li&gt;                            &lt;li&gt;&lt;a href=&quot;/du-an/cong-trinh-cong-cong-c29&quot;&gt;Công trình công cộng&lt;/a&gt;&lt;/li&gt;                            &lt;li&gt;&lt;a href=&quot;/du-an/khu-cong-nghiep-c11&quot;&gt;Khu công nghiệp&lt;/a&gt;&lt;/li&gt;                            &lt;li&gt;&lt;a href=&quot;/du-an/khu-dan-cu-do-thi-moi-c24&quot;&gt;Khu dân cư – Đô thị mới &lt;/a&gt;&lt;/li&gt;                            &lt;li&gt;&lt;a href=&quot;/du-an/khu-phuc-hop-thuong-mai-c25&quot;&gt;Khu phức hợp - Thương mại&lt;/a&gt;&lt;/li&gt;                            &lt;li&gt;&lt;a href=&quot;/du-an/cao-oc-van-phong-c26&quot;&gt;Cao ốc văn phòng&lt;/a&gt;&lt;/li&gt;                    &lt;/ul&gt;                &lt;/div&gt;                &lt;div id=&quot;company_menu&quot;&gt;                    &lt;h4&gt;»DOANH NGHIỆP ĐỊA ỐC&lt;/h4&gt;                    &lt;ul&gt;                            &lt;li&gt;                                &lt;a href=&quot;/doanh-nghiep/moi-gioi-dia-oc-c1&quot;&gt;Môi giới địa ốc&lt;/a&gt;                            &lt;/li&gt;                            &lt;li&gt;                                &lt;a href=&quot;/doanh-nghiep/vlxd-thi-cong-c3&quot;&gt;VLXD &amp; Thi công&lt;/a&gt;                            &lt;/li&gt;                            &lt;li&gt;                                &lt;a href=&quot;/doanh-nghiep/tai-chinh-phap-ly-c6&quot;&gt;Tài chính pháp lý&lt;/a&gt;                            &lt;/li&gt;                            &lt;li&gt;                                &lt;a href=&quot;/doanh-nghiep/dau-tu-du-an-c12&quot;&gt;Đầu tư - Dự án&lt;/a&gt;                            &lt;/li&gt;                            &lt;li&gt;                                &lt;a href=&quot;/doanh-nghiep/thiet-ke-trang-tri-c14&quot;&gt;Thiết kế - Trang trí&lt;/a&gt;                            &lt;/li&gt;                            &lt;li&gt;                                &lt;a href=&quot;/doanh-nghiep/truyen-thong-quang-cao-c16&quot;&gt;Truyền thông - Quảng cáo&lt;/a&gt;                            &lt;/li&gt;                    &lt;/ul&gt;                &lt;/div&gt;                &lt;div class=&quot;last&quot; id=&quot;discover_menu&quot;&gt;                    &lt;h4&gt;                        »KHÁM PHÁ - TRẢI NGHIỆM&lt;/h4&gt;                    &lt;ul&gt;                            &lt;li&gt;&lt;a href=&quot;/kham-pha/the-gioi-kien-truc-c4&quot;&gt;Thế giới kiến trúc&lt;/a&gt;&lt;/li&gt;                            &lt;li&gt;&lt;a href=&quot;/kham-pha/mach-ban-c6&quot;&gt;Mách bạn&lt;/a&gt;&lt;/li&gt;                            &lt;li&gt;&lt;a href=&quot;/kham-pha/phong-thuy-c9&quot;&gt;Phong thủy&lt;/a&gt;&lt;/li&gt;                            &lt;li&gt;&lt;a href=&quot;/kham-pha/khong-gian-song-c7&quot;&gt;Không gian sống&lt;/a&gt;&lt;/li&gt;                            &lt;li&gt;&lt;a href=&quot;/kham-pha/shopping-cung-dool-c10&quot;&gt;Shopping cùng DOOL&lt;/a&gt;&lt;/li&gt;                            &lt;li&gt;&lt;a href=&quot;/kham-pha/thuong-hieu-c11&quot;&gt;Thương hiệu&lt;/a&gt;&lt;/li&gt;                    &lt;/ul&gt;                &lt;/div&gt;&lt;/div&gt;&lt;div xmlns=&quot;http://www.w3.org/1999/xhtml&quot; class=&quot;wrap&quot;&gt;            &lt;div class=&quot;white_border_box rounded_box&quot; id=&quot;social_network&quot; style=&quot;width: 960px; text-align: center;&quot;&gt;                &lt;div class=&quot;content&quot;&gt;                    &lt;div class=&quot;like&quot; style=&quot;width: 250px;&quot;&gt;                        &lt;h2&gt;Hỗ trợ kỹ thuật&lt;/h2&gt;                        &lt;span class=&quot;phone&quot;&gt;&lt;!--0909 480 599--&gt; 0975 148 873&lt;/span&gt;&lt;span&gt;(Mr. Giang)&lt;/span&gt;                    &lt;/div&gt;                    &lt;div class=&quot;like&quot; style=&quot;width: 200px; border-left: 1px solid #e1e1e1;&quot;&gt;                       &lt;h2&gt;Hỗ trợ dịch vụ&lt;/h2&gt;                      &lt;a href=&quot;http://adv.diaoconline.vn/AboutUs/hotrotructuyen.html&quot; style=&quot;color: #007bc4; font-size: 12px; line-height: 18px;&quot;&gt;Liên hệ phòng kinh doanh&lt;/a&gt;                  &lt;/div&gt;                    &lt;div class=&quot;join_network&quot; style=&quot;width: 488px;&quot;&gt;                        &lt;h4 style=&quot;width: 236px; float: left;&quot;&gt;KẾT NỐI VỚI CHÚNG TÔI TẠI: &lt;/h4&gt;                        &lt;ul style=&quot;width: 236px; padding: 10px 0 10px 10px;&quot;&gt;                         &lt;li class=&quot;facebook&quot;&gt;&lt;a href=&quot;http://facebook.com/diaoconlinefc&quot; target=&quot;_blank&quot;&gt;facebook&lt;/a&gt;&lt;/li&gt;                         &lt;li class=&quot;twitter&quot;&gt;&lt;a href=&quot;https://twitter.com/DiaOcOnlinevn&quot; target=&quot;_blank&quot;&gt;twitter&lt;/a&gt;&lt;/li&gt;                         &lt;li class=&quot;youtube&quot;&gt;&lt;a href=&quot;http://www.youtube.com/diaoconline&quot; target=&quot;_blank&quot;&gt;youtube&lt;/a&gt;&lt;/li&gt;                         &lt;!--&lt;li class=&quot;google&quot;&gt;&lt;a href=&quot;https://plus.google.com/u/1/b/101503616522434888485/&quot; target=&quot;_blank&quot;&gt;google&lt;/a&gt;&lt;/li&gt;--&gt;                         &lt;li class=&quot;linkedin&quot;&gt;&lt;a href=&quot;http://www.linkedin.com/in/diaoconline&quot; target=&quot;_blank&quot;&gt;linkedin&lt;/a&gt;&lt;/li&gt;                        &lt;/ul&gt;                    &lt;/div&gt;                &lt;/div&gt;            &lt;/div&gt;            &lt;div class=&quot;rounded_style_3 rounded_box&quot; id=&quot;misc&quot;&gt;                &lt;div class=&quot;content&quot;&gt;                    &lt;ul&gt;                    &lt;li class=&quot;btn_help_center first&quot;&gt;&lt;a href=&quot;http://adv.diaoconline.vn/AboutUs/trogiup.html&quot; target=&quot;_blank&quot;&gt;&lt;span/&gt;TRUNG TÂM TRỢ GIÚP&lt;/a&gt;&lt;/li&gt;                    &lt;li class=&quot;btn_ad_price_list&quot;&gt;&lt;a href=&quot;http://adv.diaoconline.vn/AboutUs/banggia.html&quot; target=&quot;_blank&quot;&gt;&lt;span/&gt;BẢNG GIÁ QUẢNG CÁO&lt;/a&gt;&lt;/li&gt;                    &lt;li class=&quot;btn_point_load&quot;&gt;&lt;a href=&quot;http://adv.diaoconline.vn/AboutUs/trogiup_tphi_napthe.html&quot; target=&quot;_blank&quot;&gt;&lt;span/&gt;NẠP ĐIỂM DOOL&lt;/a&gt;&lt;/li&gt;                    &lt;li class=&quot;btn_our_services&quot;&gt;&lt;a href=&quot;http://adv.diaoconline.vn/AboutUs/dichvu.html&quot; target=&quot;_blank&quot;&gt;&lt;span/&gt;DỊCH VỤ CỦA CHÚNG TÔI&lt;/a&gt;&lt;/li&gt;                    &lt;li class=&quot;btn_post_guide&quot;&gt;&lt;a href=&quot;http://adv.diaoconline.vn/AboutUs/trogiup_tdang.html&quot; target=&quot;_blank&quot;&gt;&lt;span/&gt;HƯỚNG DẪN ĐĂNG TIN&lt;/a&gt;&lt;/li&gt;                    &lt;/ul&gt;                &lt;/div&gt;            &lt;/div&gt;        &lt;/div&gt;" SourceIndex="3498;3690" TextLen="807" order="38" xPath="/#document/html/body/div[10]/div[0]/div[0]/div[4]/div[1]/ul[5]/li[0]/a[0]/#text"/>
<LayoutNode BgColor="#ffffff" ContainImg="3" ContainP="3" ContainTable="false" Content="Copyright © 2007 - 2019 DiaOcOnline Corp. ® Ghi rõ nguồn &quot;DiaOcOnline.vn&quot; khi phát hành lại thông tin từ website này. Công ty Cổ phần Địa ốc Trực Tuyến - Số 79C Điện Biên Phủ, Phường Đakao, Quận 1, TP.HCM, Viet Nam. Tel: (028) 6299 1486 Giấy phép MXH số 285/GP-BTTTT cấp ngày 14/06/2017 Đơn vị chủ quản: CÔNG TY CỔ PHẦN ĐỊA ỐC TRỰC TUYẾN " DOMCldNum="2" DoC="8" FontSize="16" FontWeight="normal" FrameSourceIndex="0" ID="1-7" IsImg="false" LinkNum="8" LinkTextLen="102" ObjectRectHeight="199" ObjectRectLeft="0" ObjectRectTop="2577" ObjectRectWidth="1420" SRC="&lt;ul xmlns=&quot;http://www.w3.org/1999/xhtml&quot;&gt;    &lt;li class=&quot;first&quot;&gt;&lt;a href=&quot;http://adv.diaoconline.vn/AboutUs&quot; target=&quot;_blank&quot;&gt;Về chúng tôi&lt;/a&gt;&lt;/li&gt;    &lt;li&gt;&lt;a href=&quot;http://adv.diaoconline.vn/AboutUs/trogiup.html&quot; target=&quot;_blank&quot;&gt;Hướng dẫn sử dụng&lt;/a&gt;&lt;/li&gt;    &lt;li&gt;&lt;a href=&quot;/quy-che-hoat-dong&quot;&gt;Quy chế hoạt động&lt;/a&gt;&lt;/li&gt;        &lt;li&gt;&lt;a href=&quot;/chinh-sach-bao-mat&quot;&gt;Chính sách bảo mật&lt;/a&gt;&lt;/li&gt;    &lt;li&gt;&lt;a href=&quot;/chinh-sach-giai-quyet-khieu-nai&quot;&gt;Chính sách giải quyết khiếu nại&lt;/a&gt;&lt;/li&gt;    &lt;li&gt;&lt;a href=&quot;/lien-he&quot;&gt;Liên hệ&lt;/a&gt;&lt;/li&gt;    &lt;li&gt;&lt;a href=&quot;/rss&quot;&gt;&lt;img alt=&quot;rss diaoconline&quot; height=&quot;14&quot; src=&quot;/Content/images/icon_rss.gif&quot; width=&quot;36&quot;/&gt;&lt;/a&gt;&lt;/li&gt;      &lt;div class=&quot;copyright&quot; style=&quot;padding-top: 10px;&quot;&gt;     &lt;!--&lt;p style=&quot;width: 40%;float: left; text-align: left; color: #8dccf2;&quot;&gt;      Copyright © 2007 - 2016 DiaOcOnline Corp. ® &lt;br&gt;      Ghi rõ nguồn &quot;DiaOcOnline.vn&quot; khi phát hành lại thông tin từ website này.&lt;br&gt;      Công ty Cổ phần Địa ốc Trực Tuyến. Lầu 1, Phòng 102 tòa nhà OfficeSpot, 79C Điện Biên Phủ, Phường Đakao, Quận 1, TP.HCM, Viet Nam. &lt;br&gt;      Tel: (028) 39115304 - Fax: (028) 39115360           &lt;/p&gt;--&gt;     &lt;p style=&quot;width: 40%;float: left; text-align: left; color: #8dccf2;&quot;&gt;    Copyright © 2007 - 2019 DiaOcOnline Corp. ® &lt;br/&gt;    Ghi rõ nguồn &quot;DiaOcOnline.vn&quot; khi phát hành lại thông tin từ website này.&lt;br/&gt;    Công ty Cổ phần Địa ốc Trực Tuyến - Số 79C Điện Biên Phủ, Phường Đakao, Quận 1, TP.HCM, Viet Nam. Tel: (028) 6299 1486     &lt;/p&gt;     &lt;p style=&quot;width: 20%;float: left;&quot;&gt;    &lt;a href=&quot;http://online.gov.vn/WebsiteDisplay.aspx?DocId=23064&quot; target=&quot;_blank&quot;&gt;&lt;img alt=&quot;&quot; src=&quot;http://diaoconline.vn/Content/images/diaoconline.vn_bocongthuong.png&quot; title=&quot;&quot;/&gt;&lt;/a&gt;     &lt;/p&gt;     &lt;p style=&quot;width: 40%; float: left; text-align: left; color: #8dccf2;&quot;&gt;           Giấy phép MXH số 285/GP-BTTTT cấp ngày 14/06/2017 &lt;br/&gt;      Đơn vị chủ quản: CÔNG TY CỔ PHẦN ĐỊA ỐC TRỰC TUYẾN     &lt;!--     Giấy xác nhận cung cấp dịch vụ mạng xã hội trực tuyến số 131/GXN-TTĐT do Cục QL Phát thanh, Truyền hình và Thông tin điện tử cấp.&lt;br&gt;     Giấy phép ICP số 07/GP-ICP-STTTT do Sở Thông tin và Truyền thông TP. HCM cấp.--&gt;          &lt;/p&gt;   &lt;/div&gt;         &lt;!-- STICKY FOOTER --&gt;&lt;!--&lt;div style=&quot;position: fixed; bottom: 0; z-index: 999; width: 100%;&quot;&gt; &lt;div style=&quot;width: 960px; margin-left: auto; margin-right: auto;&quot;&gt;   &lt;div id=&quot;swiffycontainer&quot; style=&quot;width: 960px; height: 50px; background: #fff;&quot;&gt;    &lt;a href=&quot;http://www.diaockimoanh.com.vn/dat-nen/du-an-dau-giay-center-city-2/240/2774&quot; target=&quot;_blank&quot;&gt;&lt;img src=&quot;http://image.diaoconline.vn/kimoanh_sf_960x50.gif&quot; /&gt;&lt;/a&gt;     &lt;/div&gt; &lt;/div&gt;&lt;/div&gt;--&gt;&lt;!-- Google Code for Remarketing Tag --&gt;&lt;!--- - - - - - - - - - - - - - - - - - - - - - - - - - - - - - - - - - - - - - - - - - - - - - - -Remarketing tags may not be associated with personally identifiable information or placed on pages related to sensitive categories. See more information and instructions on how to setup the tag on: http://google.com/ads/remarketingsetup- - - - - - - - - - - - - - - - - - - - - - - - - - - - - - - - - - - - - - - - - - - - - - - - - --&gt;&lt;script type=&quot;text/javascript&quot;&gt;/* &lt;![CDATA[ */var google_conversion_id = 899111951;var google_custom_params = window.google_tag_params;var google_remarketing_only = true;/* ]]&gt; */&lt;/script&gt;&lt;script src=&quot;//www.googleadservices.com/pagead/conversion.js&quot; type=&quot;text/javascript&quot;&gt;&lt;/script&gt;&lt;noscript&gt;&lt;div style=&quot;display:inline;&quot;&gt;&lt;img alt=&quot;&quot; height=&quot;1&quot; src=&quot;//googleads.g.doubleclick.net/pagead/viewthroughconversion/899111951/?value=0&amp;guid=ON&amp;script=0&quot; style=&quot;border-style:none;&quot; width=&quot;1&quot;/&gt;&lt;/div&gt;&lt;/noscript&gt;    &lt;script src=&quot;/Content/js/uniform/uniform.js&quot; type=&quot;text/javascript&quot;/&gt;    &lt;script src=&quot;/Content/js/script.js&quot; type=&quot;text/javascript&quot;/&gt;    &lt;script src=&quot;/Content/js/tooltip/tooltipsy.min.js&quot; type=&quot;text/javascript&quot;/&gt;    &lt;script src=&quot;/Content/js/slides/slides.min.jquery.js&quot; type=&quot;text/javascript&quot;/&gt;    &lt;script src=&quot;/Content/js/doolv3.js?1427&quot; type=&quot;text/javascript&quot;/&gt;    &lt;script src=&quot;/Content/js/jquery-scrolltofixed-min.js&quot; type=&quot;text/javascript&quot;/&gt;    &lt;script src=&quot;/Content/js/jquery.stickyelement.js&quot; type=&quot;text/javascript&quot;/&gt;&lt;/ul&gt;" SourceIndex="3790" TextLen="442" order="39" xPath="/#document/html/body/div[10]/div[1]/div[0]/div[1]/div[0]/ul[14]/noscript[0]/div[0]/img"/>
</LayoutNode>
</VIPSPage>
