<VIPSPage PageRectHeight="980" PageRectLeft="0" PageRectTop="0" PageRectWidth="1420" PageTitle="  Em cần cho thuê gấp 2 căn hộ green star 234 phạm văn đồng gi " Url="https://nhadat24h.net/cho-thue-chung-cu-green-stars/em-can-cho-thue-gap-2-can-ho-green-star-234-pham-van-dong-gia-8-den-10-tr-fulldo-ID3730010" WindowHeight="980" WindowWidth="1420" neworder="0" order="0">
<LayoutNode BgColor="#ffffff" ContainImg="9" ContainP="27" ContainTable="true" DOMCldNum="3" DoC="1" FontSize="14" FontWeight="normal" FrameSourceIndex="0" ID="1" IsImg="false" LinkNum="159" LinkTextLen="2387" ObjectRectHeight="3136" ObjectRectLeft="0" ObjectRectTop="0" ObjectRectWidth="1420" SourceIndex="376" TextLen="3921" order="1">
<LayoutNode BgColor="#ffffff" ContainImg="3" ContainP="0" ContainTable="false" Content="Nhadat24h .net Nền tảng tiếp thị Bất Động Sản Nhà đất bán Nhà đất cho thuê Dự án Tin tức Tour 360° Bản đồ WebOne Tạo WebOne WebOne Store WebOne Click Liên hệ Hỏi đáp Nhà Đất BánNhà đất chính chủ bánCăn hộ chung cưShopHouseNhà biệt thự, Liền kềNhà mặt phốĐất nền dự ánĐất thổ cưCondotelOfficetelNhà trong ngõPhòng trọ, nhà trọĐất dịch vụ, đền bùĐất trang trạiKhách sạn, Nhà hàng, ResortMặt bằng, Nhà Xưởng, Kho bãiVăn phòng, TTTM, Cửa hàng, KiotNhà Đất Cho ThuêNhà đất chính chủ cho thuêCăn hộ chung cưShopHouseNhà biệt thự, Liền kềNhà mặt phốĐất nền dự ánĐất thổ cưCondotelOfficetelNhà trong ngõPhòng trọ, nhà trọĐất dịch vụ, đền bùĐất trang trạiKhách sạn, Nhà hàng, ResortMặt bằng, Nhà Xưởng, Kho bãiVăn phòng, TTTM, Cửa hàng, Kiot Tin tức Dự án Tour 360° Bản đồ WebOne Tạo WebOne WebOne Store WebOne Click Hỏi Đáp   Đăng Tin Trang chủ»Nhà đất cho thuê»Căn hộ chung cư»Hà Nội»Quận Bắc Từ Liêm»Chung cư Green Stars»{&quot;@context&quot;:&quot;https://schema.org&quot;,&quot;@type&quot;:&quot;BreadcrumbList&quot;,&quot;itemListElement&quot;:[{&quot;@type&quot;:&quot;ListItem&quot;,&quot;item&quot;:{&quot;@type&quot;:&quot;ItemList&quot;,&quot;@id&quot;:&quot;https://nhadat24h.net/&quot;,&quot;name&quot;:&quot;Trang chủ&quot;},&quot;position&quot;:1},{&quot;@type&quot;:&quot;ListItem&quot;,&quot;item&quot;:{&quot;@type&quot;:&quot;ItemList&quot;,&quot;@id&quot;:&quot;https://nhadat24h.net/nha-dat-cho-thue&quot;,&quot;name&quot;:&quot;Nhà đất cho thuê&quot;},&quot;position&quot;:2},{&quot;@type&quot;:&quot;ListItem&quot;,&quot;item&quot;:{&quot;@type&quot;:&quot;ItemList&quot;,&quot;@id&quot;:&quot;https://nhadat24h.net/cho-thue-can-ho-chung-cu&quot;,&quot;name&quot;:&quot;Căn hộ chung cư&quot;},&quot;position&quot;:3},{&quot;@type&quot;:&quot;ListItem&quot;,&quot;item&quot;:{&quot;@type&quot;:&quot;ItemList&quot;,&quot;@id&quot;:&quot;https://nhadat24h.net/cho-thue-can-ho-chung-cu-tai-ha-noi&quot;,&quot;name&quot;:&quot;Hà Nội&quot;},&quot;position&quot;:4},{&quot;@type&quot;:&quot;ListItem&quot;,&quot;item&quot;:{&quot;@type&quot;:&quot;ItemList&quot;,&quot;@id&quot;:&quot;https://nhadat24h.net/cho-thue-can-ho-chung-cu-quan-bac-tu-liem-ha-noi&quot;,&quot;name&quot;:&quot;Quận Bắc Từ Liêm&quot;},&quot;position&quot;:5},{&quot;@type&quot;:&quot;ListItem&quot;,&quot;item&quot;:{&quot;@type&quot;:&quot;ItemList&quot;,&quot;@id&quot;:&quot;https://nhadat24h.net/cho-thue-can-ho-chung-cu-du-an-green-stars&quot;,&quot;name&quot;:&quot;Chung cư Green Stars&quot;},&quot;position&quot;:6}]}{&quot;@context&quot;:&quot;https://schema.org&quot;,&quot;@type&quot;:&quot;Product&quot;,&quot;name&quot;:&quot;Em cần cho thuê gấp 2 căn hộ green star 234 phạm văn đồng giá 8 đến 10 tr fulldo&quot;,&quot;description&quot;:&quot;Em chính chủ cần cho thuê gấp căn hộ rộng 64m2, 2PN, 2VS, 1 khách----full nội thất bao gồm cả đồ điện tử----AI CÓ NHU CẦU THUÊ GIÁ RẺ THÌ IB EM NHÉ,----Hình ảnh&quot;,&quot;offers&quot;:{&quot;@type&quot;:&quot;Offer&quot;,&quot;url&quot;:&quot;https://nhadat24h.net/cho-thue-chung-cu-green-stars/em-can-cho-thue-gap-2-can-ho-green-star-234-pham-van-dong-gia-8-den-10-tr-fulldo-ID3730010&quot;,&quot;availability&quot;:&quot;https://schema.org/InStock&quot;,&quot;price&quot;:9000000.0,&quot;priceCurrency&quot;:&quot;VND&quot;}} " DOMCldNum="3" DoC="5" FontSize="14" FontWeight="normal" FrameSourceIndex="0" ID="1-1" IsImg="false" LinkNum="53" LinkTextLen="724" ObjectRectHeight="292" ObjectRectLeft="0" ObjectRectTop="0" ObjectRectWidth="1420" SRC="&lt;div xmlns=&quot;http://www.w3.org/1999/xhtml&quot; class=&quot;hd-in-c&quot;&gt;                        &lt;div class=&quot;left&quot;&gt;                            &lt;div class=&quot;logo&quot;&gt;                                &lt;a href=&quot;https://nhadat24h.net&quot; title=&quot;Trang chủ Nhà đất 24h&quot;&gt;                                    &lt;div class=&quot;img&quot;/&gt;                                &lt;/a&gt;                            &lt;/div&gt;                            &lt;div class=&quot;logodetail&quot;&gt;                                &lt;label class=&quot;lable1&quot;&gt;Nhadat24h&lt;/label&gt;                                &lt;label class=&quot;lable2&quot;&gt;.net&lt;/label&gt;                                &lt;div class=&quot;lable3&quot;&gt;Nền tảng tiếp thị Bất Động Sản&lt;/div&gt;                                &lt;a class=&quot;topiconapp&quot; href=&quot;https://itunes.apple.com/us/app/nhadat24h-net/id1292563772?ls=1&amp;mt=8&quot; id=&quot;btndownloadappIOS&quot; onmouseover=&quot;tooltip.pop(this, '#frmQRCODE-IOS',{position:2,overlay:false})&quot; rel=&quot;nofollow&quot; target=&quot;_blank&quot; title=&quot;Ứng dụng Nhadat24h.net trên Apple Store&quot;&gt;                                    &lt;img alt=&quot;Ứng dụng Nhadat24h.net trên Apple Store&quot; src=&quot;https://nhadat24h.net/Images/2020/apple-store.png&quot;/&gt;                                &lt;/a&gt;                                &lt;a class=&quot;topiconapp&quot; href=&quot;https://play.google.com/store/apps/details?id=com.companyname.xpro4&quot; id=&quot;btndownloadappANDROID&quot; onmouseover=&quot;tooltip.pop(this, '#frmQRCODE-ANDROID',{position:2,overlay:false})&quot; rel=&quot;nofollow&quot; target=&quot;_blank&quot; title=&quot;Ứng dụng Nhadat24h.net trên Google Play&quot;&gt;                                    &lt;img alt=&quot;Ứng dụng Nhadat24h.net trên Google Play&quot; src=&quot;https://nhadat24h.net/Images/2020/google-play.png&quot;/&gt;                                &lt;/a&gt;                                &lt;div class=&quot;g-plusone&quot; data-size=&quot;medium&quot;&gt;                                &lt;/div&gt;                                &lt;div class=&quot;hide&quot;&gt;                                    &lt;div id=&quot;frmQRCODE-IOS&quot;&gt;&lt;img alt=&quot;QRCODE App IOS&quot; data-src=&quot;/Images/nhadat24h-qrcode-appios.png&quot; src=&quot;data:image/png;base64,R0lGODlhAQABAAD/ACwAAAAAAQABAAACADs=&quot;/&gt;&lt;/div&gt;                                    &lt;div id=&quot;frmQRCODE-ANDROID&quot;&gt;&lt;img alt=&quot;QRCODE App Android&quot; data-src=&quot;/Images/nhadat24h-qrcode-appandroid.png&quot; src=&quot;data:image/png;base64,R0lGODlhAQABAAD/ACwAAAAAAQABAAACADs=&quot;/&gt;&lt;/div&gt;                                &lt;/div&gt;                            &lt;/div&gt;                        &lt;/div&gt;                                                &lt;div class=&quot;right&quot;&gt;                                                        &lt;div class=&quot;dv-banner-1&quot;&gt;&lt;a href=&quot;/ClickBanner.aspx?id=274&quot; rel=&quot;nofollow&quot; target=&quot;_blank&quot; title=&quot;&quot;&gt;&lt;img alt=&quot;&quot; data-src=&quot;/Images/2020/bannerDKR.jpg&quot; src=&quot;data:image/png;base64,R0lGODlhAQABAAD/ACwAAAAAAQABAAACADs=&quot;/&gt;&lt;/a&gt;&lt;/div&gt;                        &lt;/div&gt;                    &lt;/div&gt;&lt;div xmlns=&quot;http://www.w3.org/1999/xhtml&quot; class=&quot;header-f&quot;&gt;                    &lt;div class=&quot;header-in-f&quot;&gt;    &lt;div class=&quot;hd-mnu-top&quot;&gt;        &lt;nav class=&quot;nav&quot;&gt;            &lt;ul class=&quot;nav-list&quot;&gt;                                &lt;li class=&quot;nav-item&quot;&gt;                    &lt;a href=&quot;javascript:LoadlinkSearch('1', '/Search-All-1-0-0-0-0-0----10--10000---0-1/',false)&quot; title=&quot;Nhà đất bán&quot;&gt;Nhà đất bán&lt;/a&gt;                    &lt;ul class=&quot;nav-submenu&quot; id=&quot;ulmobilemenuBan&quot;&gt;                                            &lt;/ul&gt;                &lt;/li&gt;                &lt;li class=&quot;nav-item&quot;&gt;                    &lt;a href=&quot;javascript:LoadlinkSearch('3', '/Search-All-3-0-0-0-0-0----10--10000---0-1/',false)&quot; title=&quot;Nhà đất cho thuê&quot;&gt;Nhà đất cho thuê&lt;/a&gt;                    &lt;ul class=&quot;nav-submenu&quot; id=&quot;ulmobilemenuChothue&quot;&gt;                                            &lt;/ul&gt;                &lt;/li&gt;                &lt;li class=&quot;nav-item&quot;&gt;                    &lt;a href=&quot;/du-an&quot; title=&quot;Thông tin chi tiết các dự án bất động sản&quot;&gt;Dự án&lt;/a&gt;                &lt;/li&gt;                &lt;li class=&quot;nav-item&quot;&gt;                    &lt;a href=&quot;/tin-tuc&quot; title=&quot;Tin tức nhà đất mới nhất&quot;&gt;Tin tức&lt;/a&gt;                &lt;/li&gt;                &lt;li class=&quot;nav-item&quot;&gt;                    &lt;a href=&quot;/pano360&quot; title=&quot;Xem Virtual Tour 360° các dự án bất động sản&quot;&gt;Tour 360°&lt;/a&gt;                &lt;/li&gt;                                &lt;li class=&quot;nav-item&quot;&gt;&lt;a href=&quot;/tim-nha-dat-quanh-day&quot; rel=&quot;nofollow&quot; target=&quot;_blank&quot; title=&quot;Tìm kiếm nhà theo vị trí trên bản đồ Google Map&quot;&gt;Bản đồ&lt;/a&gt; &lt;/li&gt;                &lt;li class=&quot;nav-item&quot;&gt;                    &lt;a href=&quot;/webone&quot; rel=&quot;nofollow&quot; title=&quot;Tạo WebOne&quot;&gt;WebOne&lt;/a&gt;                     &lt;ul class=&quot;nav-submenu&quot;&gt;                        &lt;li class=&quot;nav-submenu-item&quot;&gt;&lt;a href=&quot;/webone&quot; rel=&quot;nofollow&quot; title=&quot;Tạo Website dự án&quot;&gt;Tạo WebOne&lt;/a&gt;&lt;/li&gt;                        &lt;li class=&quot;nav-submenu-item&quot;&gt;&lt;a href=&quot;/webone/store&quot; rel=&quot;nofollow&quot; title=&quot;Kho Website dự án bất động sản&quot;&gt;WebOne Store&lt;/a&gt;&lt;/li&gt;                        &lt;li class=&quot;nav-submenu-item&quot;&gt;&lt;a href=&quot;/webone/woclick&quot; rel=&quot;nofollow&quot; title=&quot;Tạo quảng cáo WO Click&quot;&gt;WebOne Click&lt;/a&gt;&lt;/li&gt;                    &lt;/ul&gt;                &lt;/li&gt;                &lt;li class=&quot;nav-item&quot;&gt;                    &lt;a href=&quot;/GLH&quot; rel=&quot;nofollow&quot; title=&quot;Liên hệ với chúng tôi&quot;&gt;Liên hệ&lt;/a&gt;                &lt;/li&gt;                &lt;li class=&quot;nav-item&quot;&gt;                    &lt;a href=&quot;/Help-0&quot; rel=&quot;nofollow&quot; title=&quot;Hướng dẫ sử dụng&quot;&gt;Hỏi đáp&lt;/a&gt;                &lt;/li&gt;            &lt;/ul&gt;        &lt;/nav&gt;        &lt;ul id=&quot;menu&quot;&gt;            &lt;li id=&quot;litab1&quot;&gt;&lt;a class=&quot;drop&quot; href=&quot;/nha-dat-ban&quot; title=&quot;Nhà đất bán tại Việt Nam&quot;&gt;Nhà Đất Bán&lt;/a&gt;&lt;div class=&quot;dropdown_3columns&quot;&gt;&lt;div class=&quot;col_1&quot;&gt;&lt;ul class=&quot;greybox&quot; id=&quot;ulmenuBan&quot;&gt;&lt;li class=&quot;nav-submenu-item&quot;&gt;&lt;a href=&quot;/nha-dat-chinh-chu-ban&quot; title=&quot;Nhà đất chính chủ bán tại Việt Nam&quot;&gt;Nhà đất chính chủ bán&lt;/a&gt;&lt;/li&gt;&lt;li class=&quot;nav-submenu-item&quot;&gt;&lt;a href=&quot;/ban-can-ho-chung-cu&quot; title=&quot;Bán Căn hộ chung cư tại Việt Nam&quot;&gt;Căn hộ chung cư&lt;/a&gt;&lt;/li&gt;&lt;li class=&quot;nav-submenu-item&quot;&gt;&lt;a href=&quot;/ban-shophouse&quot; title=&quot;Bán ShopHouse tại Việt Nam&quot;&gt;ShopHouse&lt;/a&gt;&lt;/li&gt;&lt;li class=&quot;nav-submenu-item&quot;&gt;&lt;a href=&quot;/ban-nha-biet-thu-lien-ke&quot; title=&quot;Bán Nhà biệt thự, Liền kề tại Việt Nam&quot;&gt;Nhà biệt thự, Liền kề&lt;/a&gt;&lt;/li&gt;&lt;li class=&quot;nav-submenu-item&quot;&gt;&lt;a href=&quot;/ban-nha-mat-pho&quot; title=&quot;Bán Nhà mặt phố tại Việt Nam&quot;&gt;Nhà mặt phố&lt;/a&gt;&lt;/li&gt;&lt;li class=&quot;nav-submenu-item&quot;&gt;&lt;a href=&quot;/ban-dat-nen-du-an&quot; title=&quot;Bán Đất nền dự án tại Việt Nam&quot;&gt;Đất nền dự án&lt;/a&gt;&lt;/li&gt;&lt;li class=&quot;nav-submenu-item&quot;&gt;&lt;a href=&quot;/ban-dat-tho-cu&quot; title=&quot;Bán Đất thổ cư tại Việt Nam&quot;&gt;Đất thổ cư&lt;/a&gt;&lt;/li&gt;&lt;li class=&quot;nav-submenu-item&quot;&gt;&lt;a href=&quot;/ban-condotel&quot; title=&quot;Bán Condotel tại Việt Nam&quot;&gt;Condotel&lt;/a&gt;&lt;/li&gt;&lt;li class=&quot;nav-submenu-item&quot;&gt;&lt;a href=&quot;/ban-officetel&quot; title=&quot;Bán Officetel tại Việt Nam&quot;&gt;Officetel&lt;/a&gt;&lt;/li&gt;&lt;li class=&quot;nav-submenu-item&quot;&gt;&lt;a href=&quot;/ban-nha-trong-ngo-tren-3m&quot; title=&quot;Bán Nhà trong ngõ tại Việt Nam&quot;&gt;Nhà trong ngõ&lt;/a&gt;&lt;/li&gt;&lt;li class=&quot;nav-submenu-item&quot;&gt;&lt;a href=&quot;/ban-phong-tro-nha-tro&quot; title=&quot;Bán Phòng trọ, nhà trọ tại Việt Nam&quot;&gt;Phòng trọ, nhà trọ&lt;/a&gt;&lt;/li&gt;&lt;li class=&quot;nav-submenu-item&quot;&gt;&lt;a href=&quot;/ban-dat-dich-vu-dat-den-bu&quot; title=&quot;Bán Đất dịch vụ, đền bù tại Việt Nam&quot;&gt;Đất dịch vụ, đền bù&lt;/a&gt;&lt;/li&gt;&lt;li class=&quot;nav-submenu-item&quot;&gt;&lt;a href=&quot;/ban-dat-trang-trai&quot; title=&quot;Bán Đất trang trại tại Việt Nam&quot;&gt;Đất trang trại&lt;/a&gt;&lt;/li&gt;&lt;li class=&quot;nav-submenu-item&quot;&gt;&lt;a href=&quot;/ban-khach-san-nha-hang-resort&quot; title=&quot;Bán Khách sạn, Nhà hàng, Resort tại Việt Nam&quot;&gt;Khách sạn, Nhà hàng, Resort&lt;/a&gt;&lt;/li&gt;&lt;li class=&quot;nav-submenu-item&quot;&gt;&lt;a href=&quot;/ban-mat-bang-nha-xuong&quot; title=&quot;Bán Mặt bằng, Nhà Xưởng, Kho bãi tại Việt Nam&quot;&gt;Mặt bằng, Nhà Xưởng, Kho bãi&lt;/a&gt;&lt;/li&gt;&lt;li class=&quot;nav-submenu-item&quot;&gt;&lt;a href=&quot;/ban-van-phong-trung-tam-tm&quot; title=&quot;Bán Văn phòng, TTTM, Cửa hàng, Kiot tại Việt Nam&quot;&gt;Văn phòng, TTTM, Cửa hàng, Kiot&lt;/a&gt;&lt;/li&gt;&lt;/ul&gt;&lt;/div&gt;&lt;/div&gt;&lt;/li&gt;&lt;li id=&quot;litab3&quot;&gt;&lt;a href=&quot;/nha-dat-cho-thue&quot; title=&quot;Nhà đất cho thuê tại Việt Nam&quot;&gt;Nhà Đất Cho Thuê&lt;/a&gt;&lt;div class=&quot;dropdown_3columns&quot;&gt;&lt;div class=&quot;col_1&quot;&gt;&lt;ul class=&quot;greybox&quot; id=&quot;ulmenuChoThue&quot;&gt;&lt;li class=&quot;nav-submenu-item&quot;&gt;&lt;a href=&quot;/nha-dat-chinh-chu-cho-thue&quot; title=&quot;Nhà đất chính chủ cho thuê tại Việt Nam&quot;&gt;Nhà đất chính chủ cho thuê&lt;/a&gt;&lt;/li&gt;&lt;li class=&quot;nav-submenu-item&quot;&gt;&lt;a href=&quot;/cho-thue-can-ho-chung-cu&quot; title=&quot;Cho thuê Căn hộ chung cư tại Việt Nam&quot;&gt;Căn hộ chung cư&lt;/a&gt;&lt;/li&gt;&lt;li class=&quot;nav-submenu-item&quot;&gt;&lt;a href=&quot;/cho-thue-shophouse&quot; title=&quot;Cho thuê ShopHouse tại Việt Nam&quot;&gt;ShopHouse&lt;/a&gt;&lt;/li&gt;&lt;li class=&quot;nav-submenu-item&quot;&gt;&lt;a href=&quot;/cho-thue-nha-biet-thu-lien-ke&quot; title=&quot;Cho thuê Nhà biệt thự, Liền kề tại Việt Nam&quot;&gt;Nhà biệt thự, Liền kề&lt;/a&gt;&lt;/li&gt;&lt;li class=&quot;nav-submenu-item&quot;&gt;&lt;a href=&quot;/cho-thue-nha-mat-pho&quot; title=&quot;Cho thuê Nhà mặt phố tại Việt Nam&quot;&gt;Nhà mặt phố&lt;/a&gt;&lt;/li&gt;&lt;li class=&quot;nav-submenu-item&quot;&gt;&lt;a href=&quot;/cho-thue-dat-nen-du-an&quot; title=&quot;Cho thuê Đất nền dự án tại Việt Nam&quot;&gt;Đất nền dự án&lt;/a&gt;&lt;/li&gt;&lt;li class=&quot;nav-submenu-item&quot;&gt;&lt;a href=&quot;/cho-thue-dat-tho-cu&quot; title=&quot;Cho thuê Đất thổ cư tại Việt Nam&quot;&gt;Đất thổ cư&lt;/a&gt;&lt;/li&gt;&lt;li class=&quot;nav-submenu-item&quot;&gt;&lt;a href=&quot;/cho-thue-condotel&quot; title=&quot;Cho thuê Condotel tại Việt Nam&quot;&gt;Condotel&lt;/a&gt;&lt;/li&gt;&lt;li class=&quot;nav-submenu-item&quot;&gt;&lt;a href=&quot;/cho-thue-officetel&quot; title=&quot;Cho thuê Officetel tại Việt Nam&quot;&gt;Officetel&lt;/a&gt;&lt;/li&gt;&lt;li class=&quot;nav-submenu-item&quot;&gt;&lt;a href=&quot;/cho-thue-nha-trong-ngo-tren-3m&quot; title=&quot;Cho thuê Nhà trong ngõ tại Việt Nam&quot;&gt;Nhà trong ngõ&lt;/a&gt;&lt;/li&gt;&lt;li class=&quot;nav-submenu-item&quot;&gt;&lt;a href=&quot;/cho-thue-phong-tro-nha-tro&quot; title=&quot;Cho thuê Phòng trọ, nhà trọ tại Việt Nam&quot;&gt;Phòng trọ, nhà trọ&lt;/a&gt;&lt;/li&gt;&lt;li class=&quot;nav-submenu-item&quot;&gt;&lt;a href=&quot;/cho-thue-dat-dich-vu&quot; title=&quot;Cho thuê Đất dịch vụ, đền bù tại Việt Nam&quot;&gt;Đất dịch vụ, đền bù&lt;/a&gt;&lt;/li&gt;&lt;li class=&quot;nav-submenu-item&quot;&gt;&lt;a href=&quot;/cho-thue-dat-trang-trai&quot; title=&quot;Cho thuê Đất trang trại tại Việt Nam&quot;&gt;Đất trang trại&lt;/a&gt;&lt;/li&gt;&lt;li class=&quot;nav-submenu-item&quot;&gt;&lt;a href=&quot;/cho-thue-khach-san-nha-hang-resort&quot; title=&quot;Cho thuê Khách sạn, Nhà hàng, Resort tại Việt Nam&quot;&gt;Khách sạn, Nhà hàng, Resort&lt;/a&gt;&lt;/li&gt;&lt;li class=&quot;nav-submenu-item&quot;&gt;&lt;a href=&quot;/cho-thue-mat-bang-nha-xuong-kho-bai&quot; title=&quot;Cho thuê Mặt bằng, Nhà Xưởng, Kho bãi tại Việt Nam&quot;&gt;Mặt bằng, Nhà Xưởng, Kho bãi&lt;/a&gt;&lt;/li&gt;&lt;li class=&quot;nav-submenu-item&quot;&gt;&lt;a href=&quot;/cho-thue-van-phong-tai-trung-tam-thuong-mai&quot; title=&quot;Cho thuê Văn phòng, TTTM, Cửa hàng, Kiot tại Việt Nam&quot;&gt;Văn phòng, TTTM, Cửa hàng, Kiot&lt;/a&gt;&lt;/li&gt;&lt;/ul&gt;&lt;/div&gt;&lt;/div&gt;&lt;/li&gt;            &lt;li&gt;                &lt;a class=&quot;drop&quot; href=&quot;/tin-tuc&quot; target=&quot;_blank&quot; title=&quot;Tin tức nhà đất mới nhất&quot;&gt;Tin tức&lt;/a&gt;            &lt;/li&gt;            &lt;li id=&quot;litab7&quot;&gt;&lt;a class=&quot;drop&quot; href=&quot;/du-an&quot; title=&quot;Thông tin chi tiết các dự án bất động sản&quot;&gt;Dự án&lt;/a&gt; &lt;/li&gt;            &lt;li class=&quot;drop&quot; id=&quot;litab8&quot;&gt;&lt;a href=&quot;/pano360&quot; title=&quot;Xem Virtual Tour 360° các dự án bất động sản&quot;&gt;Tour 360°&lt;/a&gt;&lt;/li&gt;                        &lt;li id=&quot;litab6&quot;&gt;                &lt;a href=&quot;/tim-nha-dat-quanh-day&quot; rel=&quot;nofollow&quot; target=&quot;_blank&quot; title=&quot;Tìm kiếm nhà theo vị trí trên bản đồ Google Map&quot;&gt;Bản đồ&lt;/a&gt;            &lt;/li&gt;            &lt;li&gt;                    &lt;a href=&quot;/webone&quot; title=&quot;Tạo WebOne&quot;&gt;WebOne&lt;/a&gt;                     &lt;div class=&quot;dropdown_3columns&quot;&gt;                        &lt;div class=&quot;col_1&quot;&gt;                             &lt;ul class=&quot;greybox&quot;&gt;                                &lt;li&gt;&lt;a href=&quot;/webone&quot; title=&quot;Tạo Website dự án&quot;&gt;Tạo WebOne&lt;/a&gt;&lt;/li&gt;                                &lt;li&gt;&lt;a href=&quot;/webone/store&quot; title=&quot;Kho Website dự án bất động sản&quot;&gt;WebOne Store&lt;/a&gt;&lt;/li&gt;                                &lt;li&gt;&lt;a href=&quot;/webone/woclick&quot; rel=&quot;nofollow&quot; title=&quot;Tạo quảng cáo WO Click&quot;&gt;WebOne Click&lt;/a&gt;&lt;/li&gt;                            &lt;/ul&gt;                        &lt;/div&gt;                    &lt;/div&gt;            &lt;/li&gt;            &lt;li&gt;&lt;a class=&quot;drop&quot; href=&quot;/Help-0&quot; rel=&quot;nofollow&quot; title=&quot;Hướng dẫn sử dụng&quot;&gt;Hỏi Đáp&lt;/a&gt;&lt;/li&gt;            &lt;li class=&quot;li-border-m&quot;&gt; &lt;/li&gt;        &lt;/ul&gt;    &lt;/div&gt;    &lt;a class=&quot;a-btl-uload&quot; href=&quot;/DT&quot; rel=&quot;nofollow&quot; title=&quot;Đăng tin&quot;&gt;Đăng Tin&lt;/a&gt;&lt;/div&gt;                &lt;/div&gt;&lt;div xmlns=&quot;http://www.w3.org/1999/xhtml&quot; class=&quot;dv-main-detail&quot;&gt;    &lt;!--dv-breadcrumb--&gt;    &lt;div id=&quot;navMenu1_divNavMenu&quot;&gt;&lt;div class=&quot;dv-breadcrumb&quot;&gt;&lt;ul&gt;&lt;li&gt;&lt;a href=&quot;https://nhadat24h.net&quot; title=&quot;Quay về trang chủ Nhadat24h.net&quot;&gt;Trang chủ&lt;/a&gt;»&lt;/li&gt;&lt;li&gt;&lt;a href=&quot;/nha-dat-cho-thue&quot; id=&quot;loadmenuLoaiNha&quot; onmouseover=&quot;tooltip.pop(this, '#cboLN',{ position: 2,overlay: false})&quot; title=&quot;Nhà đất cho thuê tại Hà Nội&quot;&gt;Nhà đất cho thuê&lt;/a&gt;»&lt;/li&gt;&lt;li&gt;&lt;a href=&quot;/cho-thue-can-ho-chung-cu&quot; title=&quot;Cho thuê Căn hộ chung cư tại Hà Nội&quot;&gt;Căn hộ chung cư&lt;/a&gt;»&lt;/li&gt;&lt;li&gt;&lt;a href=&quot;/cho-thue-can-ho-chung-cu-tai-ha-noi&quot; id=&quot;loadmenuTinhThanh&quot; onmouseover=&quot;tooltip.pop(this, '#selectTinhThanh',{ position: 2,overlay: false})&quot; title=&quot;Chọn tỉnh thành&quot;&gt;Hà Nội&lt;/a&gt;»&lt;/li&gt;&lt;li&gt;&lt;a href=&quot;/cho-thue-can-ho-chung-cu-quan-bac-tu-liem-ha-noi&quot; title=&quot;Cho thuê Căn hộ chung cư tại Quận Bắc Từ Liêm&quot;&gt;Quận Bắc Từ Liêm&lt;/a&gt;»&lt;/li&gt;&lt;li&gt;&lt;a href=&quot;/cho-thue-can-ho-chung-cu-du-an-green-stars&quot; title=&quot;Chung cư Green Stars&quot;&gt;Chung cư Green Stars&lt;/a&gt;»&lt;/li&gt;&lt;/ul&gt;&lt;/div&gt;&lt;script type=&quot;application/ld+json&quot;&gt;{&quot;@context&quot;:&quot;https://schema.org&quot;,&quot;@type&quot;:&quot;BreadcrumbList&quot;,&quot;itemListElement&quot;:[{&quot;@type&quot;:&quot;ListItem&quot;,&quot;item&quot;:{&quot;@type&quot;:&quot;ItemList&quot;,&quot;@id&quot;:&quot;https://nhadat24h.net/&quot;,&quot;name&quot;:&quot;Trang chủ&quot;},&quot;position&quot;:1},{&quot;@type&quot;:&quot;ListItem&quot;,&quot;item&quot;:{&quot;@type&quot;:&quot;ItemList&quot;,&quot;@id&quot;:&quot;https://nhadat24h.net/nha-dat-cho-thue&quot;,&quot;name&quot;:&quot;Nhà đất cho thuê&quot;},&quot;position&quot;:2},{&quot;@type&quot;:&quot;ListItem&quot;,&quot;item&quot;:{&quot;@type&quot;:&quot;ItemList&quot;,&quot;@id&quot;:&quot;https://nhadat24h.net/cho-thue-can-ho-chung-cu&quot;,&quot;name&quot;:&quot;Căn hộ chung cư&quot;},&quot;position&quot;:3},{&quot;@type&quot;:&quot;ListItem&quot;,&quot;item&quot;:{&quot;@type&quot;:&quot;ItemList&quot;,&quot;@id&quot;:&quot;https://nhadat24h.net/cho-thue-can-ho-chung-cu-tai-ha-noi&quot;,&quot;name&quot;:&quot;Hà Nội&quot;},&quot;position&quot;:4},{&quot;@type&quot;:&quot;ListItem&quot;,&quot;item&quot;:{&quot;@type&quot;:&quot;ItemList&quot;,&quot;@id&quot;:&quot;https://nhadat24h.net/cho-thue-can-ho-chung-cu-quan-bac-tu-liem-ha-noi&quot;,&quot;name&quot;:&quot;Quận Bắc Từ Liêm&quot;},&quot;position&quot;:5},{&quot;@type&quot;:&quot;ListItem&quot;,&quot;item&quot;:{&quot;@type&quot;:&quot;ItemList&quot;,&quot;@id&quot;:&quot;https://nhadat24h.net/cho-thue-can-ho-chung-cu-du-an-green-stars&quot;,&quot;name&quot;:&quot;Chung cư Green Stars&quot;},&quot;position&quot;:6}]}&lt;/script&gt;&lt;script type=&quot;application/ld+json&quot;&gt;{&quot;@context&quot;:&quot;https://schema.org&quot;,&quot;@type&quot;:&quot;Product&quot;,&quot;name&quot;:&quot;Em cần cho thuê gấp 2 căn hộ green star 234 phạm văn đồng giá 8 đến 10 tr fulldo&quot;,&quot;description&quot;:&quot;Em chính chủ cần cho thuê gấp căn hộ rộng 64m2, 2PN, 2VS, 1 khách----full nội thất bao gồm cả đồ điện tử----AI CÓ NHU CẦU THUÊ GIÁ RẺ THÌ IB EM NHÉ,----Hình ảnh&quot;,&quot;offers&quot;:{&quot;@type&quot;:&quot;Offer&quot;,&quot;url&quot;:&quot;https://nhadat24h.net/cho-thue-chung-cu-green-stars/em-can-cho-thue-gap-2-can-ho-green-star-234-pham-van-dong-gia-8-den-10-tr-fulldo-ID3730010&quot;,&quot;availability&quot;:&quot;https://schema.org/InStock&quot;,&quot;price&quot;:9000000.0,&quot;priceCurrency&quot;:&quot;VND&quot;}}&lt;/script&gt;&lt;/div&gt;        &lt;/div&gt;" SourceIndex="378;434;698" TextLen="776" order="2" xPath="/#document/html/body/form[10]/div[0]/div[0]/div[0]/div[1]/div[0]/div[0]/a[0]/img"/>
<LayoutNode BgColor="#ffffff" ContainImg="5" ContainP="25" ContainTable="true" DOMCldNum="5" DoC="5" FontSize="25" FontWeight="400" FrameSourceIndex="0" ID="1-2" IsImg="false" LinkNum="80" LinkTextLen="1287" ObjectRectHeight="2071" ObjectRectLeft="0" ObjectRectTop="315" ObjectRectWidth="1420" SourceIndex="741" TextLen="2359" order="3">
<LayoutNode BgColor="#ffffff" ContainImg="3" ContainP="10" ContainTable="false" DOMCldNum="5" DoC="5" FontSize="25" FontWeight="400" FrameSourceIndex="0" ID="1-2-1" IsImg="false" LinkNum="22" LinkTextLen="327" ObjectRectHeight="2071" ObjectRectLeft="0" ObjectRectTop="315" ObjectRectWidth="927" SourceIndex="741" TextLen="1020" order="4">
<LayoutNode BgColor="#ffffff" ContainImg="0" ContainP="0" ContainTable="false" Content="Em cần cho thuê gấp 2 căn hộ green star 234 phạm văn đồng giá 8 đến 10 tr fulldo " DOMCldNum="5" DoC="8" FontSize="25" FontWeight="400" FrameSourceIndex="0" ID="1-2-1-1" IsImg="false" LinkNum="2" LinkTextLen="79" ObjectRectHeight="81" ObjectRectLeft="0" ObjectRectTop="315" ObjectRectWidth="927" SRC="&lt;h1 xmlns=&quot;http://www.w3.org/1999/xhtml&quot;&gt;&lt;a data-idn=&quot;3730010&quot; data-thumbnai=&quot;/Upload/User/DangTin/2020/Images/417657/Thumbnai/ca844c20-31c9-4db8-b03c-9828f6915dbb_bthumb.jpg&quot; href=&quot;/cho-thue-chung-cu-green-stars/em-can-cho-thue-gap-2-can-ho-green-star-234-pham-van-dong-gia-8-den-10-tr-fulldo-ID3730010&quot; id=&quot;txtcontenttieudetin&quot;&gt;Em cần cho thuê gấp 2 căn hộ green star 234 phạm văn đồng giá 8 đến 10 tr fulldo&lt;/a&gt;&lt;/h1&gt;" SourceIndex="742" TextLen="79" order="5" xPath="/#document/html/body/form[10]/div[1]/div[0]/div[2]/div[0]/div[0]/div[0]/div[0]/h1[0]/a[0]/#text"/>
<LayoutNode BgColor="#ffffff" ContainImg="0" ContainP="1" ContainTable="false" Content="Giá:9Triệu - Diện Tích:64M2Báo cáo " DOMCldNum="5" DoC="5" FontSize="14" FontWeight="normal" FrameSourceIndex="0" ID="1-2-1-2" IsImg="false" LinkNum="1" LinkTextLen="7" ObjectRectHeight="68" ObjectRectLeft="0" ObjectRectTop="412" ObjectRectWidth="927" SRC="&lt;div xmlns=&quot;http://www.w3.org/1999/xhtml&quot; class=&quot;dv-time-dt&quot;&gt;&lt;p&gt;&lt;label id=&quot;ContentPlaceHolder1_ctl00_lbDate&quot;/&gt;&lt;label class=&quot;lb-pri-dt&quot; id=&quot;ContentPlaceHolder1_ctl00_lbGiaDienTich&quot;&gt;Giá:&lt;label class=&quot;strong1&quot;&gt;9&lt;/label&gt;Triệu - Diện Tích:&lt;label class=&quot;strong2&quot;&gt;64&lt;/label&gt;M2&lt;/label&gt;&lt;/p&gt;&lt;span id=&quot;ContentPlaceHolder1_ctl00_spXacthuc&quot;/&gt;&lt;a class=&quot;lb-alink right&quot; id=&quot;btnBinFormBaocao&quot; onclick=&quot;tooltip.pop(this, '#formBaoCao',{position:2,overlay:true})&quot;&gt;&lt;i class=&quot;fa fa-exclamation-circle&quot;/&gt;Báo cáo&lt;/a&gt;&lt;div class=&quot;hide&quot;&gt;&lt;div class=&quot;formBaoCaoCss&quot; id=&quot;formBaoCao&quot;/&gt;&lt;/div&gt;&lt;/div&gt;" SourceIndex="745" TextLen="34" order="6" xPath="/#document/html/body/form[10]/div[1]/div[0]/div[2]/div[0]/div[0]/div[0]/div[1]/div[2]/a[1]/#text"/>
<LayoutNode BgColor="#ffffff" ContainImg="3" ContainP="1" ContainTable="false" Content=" Nguyễn Thị PhượngCông Ty Nhà Đất - Môi Giới BĐS234 phạm văn đồng0983593582-Yêu cầu Nguyễn Thị Phượng gọi điện tư vấn. Tổng tiền9TriệuDiện Tích64 M2Số phòngPhòng Ngủ: 2 , Phòng WC: 2Mã BĐS3730010Loại TinCho thuêVị tríChung cư Green Stars, Quận Bắc Từ Liêm, Hà NộiLoại BĐSCăn hộ chung cưHướngTây Nam  " DOMCldNum="2" DoC="8" FontSize="14" FontWeight="normal" FrameSourceIndex="0" ID="1-2-1-3" IsImg="false" LinkNum="12" LinkTextLen="94" ObjectRectHeight="644" ObjectRectLeft="0" ObjectRectTop="496" ObjectRectWidth="927" SRC="&lt;div xmlns=&quot;http://www.w3.org/1999/xhtml&quot; class=&quot;myPanelClass&quot;&gt;&lt;ul id=&quot;ContentPlaceHolder1_ctl00_viewImage1_divLi&quot;&gt;&lt;li&gt;&lt;a class=&quot;swipebox&quot; href=&quot;/Upload/User/DangTin/2020/Images/417657/ca844c20-31c9-4db8-b03c-9828f6915dbb.jpg&quot; title=&quot;Em cần cho thuê gấp 2 căn hộ green star 234 phạm văn đồng giá 8 đến 10 tr fulldo&quot;&gt;&lt;img alt=&quot;Em cần cho thuê gấp 2 căn hộ green star 234 phạm văn đồng giá 8 đến 10 tr fulldo&quot; class=&quot;imageThumbTwo&quot; data-src=&quot;/Upload/User/DangTin/2020/Images/417657/ca844c20-31c9-4db8-b03c-9828f6915dbb.jpg&quot; src=&quot;data:image/png;base64,R0lGODlhAQABAAD/ACwAAAAAAQABAAACADs=&quot;/&gt;&lt;/a&gt;&lt;/li&gt;&lt;li&gt;&lt;a class=&quot;swipebox&quot; href=&quot;/Upload/User/DangTin/2020/Images/417657/b621a859-608c-4671-bb20-189f576d4589.jpg&quot; title=&quot;Em cần cho thuê gấp 2 căn hộ green star 234 phạm văn đồng giá 8 đến 10 tr fulldo&quot;&gt;&lt;img alt=&quot;Em cần cho thuê gấp 2 căn hộ green star 234 phạm văn đồng giá 8 đến 10 tr fulldo&quot; class=&quot;imageThumbTwo&quot; data-src=&quot;/Upload/User/DangTin/2020/Images/417657/b621a859-608c-4671-bb20-189f576d4589.jpg&quot; src=&quot;data:image/png;base64,R0lGODlhAQABAAD/ACwAAAAAAQABAAACADs=&quot;/&gt;&lt;/a&gt;&lt;/li&gt;&lt;/ul&gt;&lt;/div&gt;&lt;div xmlns=&quot;http://www.w3.org/1999/xhtml&quot; class=&quot;dv-cont-dt&quot;&gt;&lt;div&gt;&lt;a class=&quot;swipebox&quot; href=&quot;/Upload/User/Avatar/2020/417657/f4c33b0f-3458-46db-9b4a-5f0c6f189839.jpg&quot; rel=&quot;nofollow&quot; title=&quot;Xem ảnh cỡ lớn&quot;&gt;&lt;img alt=&quot;&quot; class=&quot;w3-circle&quot; id=&quot;imgAvataDetail&quot; src=&quot;/Upload/User/Avatar/2020/417657/Thumbnai/f4c33b0f-3458-46db-9b4a-5f0c6f189839.jpg&quot;/&gt;&lt;/a&gt;&lt;label id=&quot;lbHoTen&quot;&gt;&lt;a href=&quot;/tv/417657&quot; title=&quot;Click để xem trang cá nhân của Nguyễn Thị Phượng&quot;&gt;Nguyễn Thị Phượng&lt;/a&gt;&lt;/label&gt;&lt;a data-placement=&quot;bottom&quot; data-toggle=&quot;tooltip&quot; href=&quot;https://nhadat24h.net/chatroom-chattinrao-ida417657-subtopic3730010?#&quot; id=&quot;btnclickpopchattopic&quot; rel=&quot;nofollow&quot; target=&quot;_blank&quot; title=&quot;Chat công khai hỏi về bất động sản này&quot;&gt;&lt;i class=&quot;fa fa-comments-o&quot;/&gt;&lt;/a&gt;&lt;a data-placement=&quot;bottom&quot; data-toggle=&quot;tooltip&quot; href=&quot;javascript:binTopicChat('417657');&quot; title=&quot;Chat riêng tư với tôi&quot;&gt;&lt;i class=&quot;fa fa-comment-o&quot;/&gt;&lt;/a&gt;&lt;/div&gt;&lt;p&gt;&lt;label&gt;&lt;i class=&quot;fa fa-user&quot;/&gt;Công Ty Nhà Đất - Môi Giới BĐS&lt;/label&gt;&lt;label&gt;&lt;i class=&quot;fa fa-map-marker&quot;/&gt;&lt;a class=&quot;popup-gmaps&quot; href=&quot;/gmap.aspx?idu=417657&quot; rel=&quot;nofollow&quot; title=&quot;Xem vị trí trên Gmap&quot;&gt;234 phạm văn đồng&lt;/a&gt;&lt;/label&gt;&lt;label&gt;&lt;i class=&quot;fa fa-phone&quot;/&gt;&lt;a href=&quot;tel:0983593582&quot; id=&quot;viewmobinumber&quot; title=&quot;Mobile&quot;&gt;0983593582&lt;/a&gt;-&lt;a href=&quot;tel:&quot; title=&quot;Mobile&quot;/&gt;&lt;/label&gt;&lt;label&gt;&lt;a class=&quot;buttonNhacGoilai&quot; id=&quot;yeucaugoilai&quot; title=&quot;Bạn quan tâm đến bất động sản này và bạn muốn NGUYỄN THỊ PHƯỢNG gọi điện tư vấn ngay cho bạn!&quot;&gt;&lt;i class=&quot;fa fa-bell-o&quot;/&gt;&lt;span class=&quot;begTest&quot; id=&quot;numgoilai&quot;/&gt;Yêu cầu Nguyễn Thị Phượng gọi điện tư vấn.&lt;/a&gt;&lt;/label&gt;&lt;/p&gt;&lt;input id=&quot;IDAChat&quot; type=&quot;hidden&quot; value=&quot;417657&quot;/&gt;&lt;/div&gt;&lt;tbody xmlns=&quot;http://www.w3.org/1999/xhtml&quot;&gt;&lt;tr&gt;&lt;td class=&quot;col1&quot;&gt;Tổng tiền&lt;/td&gt;&lt;td&gt;&lt;label id=&quot;ContentPlaceHolder1_ctl00_lbGiaTien&quot;&gt;&lt;label class=&quot;strong1&quot;&gt;9&lt;/label&gt;Triệu&lt;/label&gt;&lt;/td&gt;&lt;/tr&gt;&lt;tr&gt;&lt;td class=&quot;col1&quot;&gt;Diện Tích&lt;/td&gt;&lt;td&gt;&lt;label id=&quot;ContentPlaceHolder1_ctl00_lbDienTich&quot;&gt;64 M2&lt;/label&gt;&lt;/td&gt;&lt;/tr&gt;&lt;tr&gt;&lt;td class=&quot;col1&quot;&gt;Số phòng&lt;/td&gt;&lt;td&gt;Phòng Ngủ: 2                                                                                         ,  Phòng WC:  2&lt;/td&gt;&lt;/tr&gt;&lt;tr&gt;&lt;td class=&quot;col1&quot;&gt;Mã BĐS&lt;/td&gt;&lt;td&gt;3730010&lt;/td&gt;&lt;/tr&gt;&lt;tr&gt;&lt;td class=&quot;col1&quot;&gt;Loại Tin&lt;/td&gt;&lt;td&gt;&lt;label id=&quot;ContentPlaceHolder1_ctl00_lbLoaiTin&quot;&gt;Cho thuê&lt;/label&gt;&lt;/td&gt;&lt;/tr&gt;&lt;tr&gt;&lt;td class=&quot;col1&quot;&gt;Vị trí&lt;/td&gt;&lt;td&gt;&lt;label id=&quot;ContentPlaceHolder1_ctl00_lbTinhThanh&quot;&gt;Chung cư Green Stars, Quận Bắc Từ Liêm, Hà Nội&lt;/label&gt;&lt;div id=&quot;divViewDuan&quot;/&gt;&lt;/td&gt;&lt;/tr&gt;&lt;tr&gt;&lt;td class=&quot;col1&quot;&gt;Loại BĐS&lt;/td&gt;&lt;td&gt;&lt;label id=&quot;ContentPlaceHolder1_ctl00_lbLoaiBDS&quot;&gt;Căn hộ chung cư&lt;/label&gt;&lt;/td&gt;&lt;/tr&gt;&lt;tr&gt;&lt;td class=&quot;col1&quot;&gt;Hướng&lt;/td&gt;&lt;td&gt;&lt;label id=&quot;ContentPlaceHolder1_ctl00_lbHuong&quot;&gt;Tây Nam&lt;/label&gt;&lt;/td&gt;&lt;/tr&gt;&lt;/tbody&gt;&lt;div xmlns=&quot;http://www.w3.org/1999/xhtml&quot; class=&quot;dv-socail-dt&quot;&gt;&lt;a data-placement=&quot;bottom&quot; data-toggle=&quot;tooltip&quot; href=&quot;https://www.facebook.com/sharer/sharer.php?u=https://nhadat24h.net/cho-thue-chung-cu-green-stars/em-can-cho-thue-gap-2-can-ho-green-star-234-pham-van-dong-gia-8-den-10-tr-fulldo-ID3730010&quot; rel=&quot;nofollow&quot; target=&quot;_blank&quot; title=&quot;Chia sẻ lên Facebook của bạn&quot;&gt;&lt;i class=&quot;fa fa-facebook-square&quot;/&gt;&lt;/a&gt;&lt;a data-placement=&quot;bottom&quot; data-toggle=&quot;tooltip&quot; href=&quot;https://twitter.com/share?url=https://nhadat24h.net/cho-thue-chung-cu-green-stars/em-can-cho-thue-gap-2-can-ho-green-star-234-pham-van-dong-gia-8-den-10-tr-fulldo-ID3730010&quot; rel=&quot;nofollow&quot; target=&quot;_blank&quot; title=&quot;Chia sẻ lên Twitter&quot;&gt;&lt;i class=&quot;fa fa-twitter-square&quot;/&gt;&lt;/a&gt;&lt;a data-placement=&quot;bottom&quot; data-toggle=&quot;tooltip&quot; href=&quot;https://plus.google.com/share?url=https://nhadat24h.net/cho-thue-chung-cu-green-stars/em-can-cho-thue-gap-2-can-ho-green-star-234-pham-van-dong-gia-8-den-10-tr-fulldo-ID3730010&quot; rel=&quot;nofollow&quot; target=&quot;_blank&quot; title=&quot;Chia sẻ lên Google+&quot;&gt;&lt;i class=&quot;fa fa-google-plus-square&quot;/&gt;&lt;/a&gt;&lt;a data-placement=&quot;bottom&quot; data-toggle=&quot;tooltip&quot; href=&quot;/VPN-2-3730010&quot; rel=&quot;nofollow&quot; title=&quot;Mua tin V.I.P&quot;&gt;&lt;i class=&quot;fa fa-shopping-cart&quot;/&gt;&lt;/a&gt;&lt;a data-placement=&quot;bottom&quot; data-toggle=&quot;tooltip&quot; onclick=&quot;return Button1_onclick2()&quot; title=&quot;Lưu tin này&quot;&gt;&lt;i class=&quot;fa fa-save&quot;/&gt;&lt;/a&gt;&lt;/div&gt;" SourceIndex="764;772;806;856" TextLen="306" order="7" xPath="/#document/html/body/form[10]/div[1]/div[0]/div[2]/div[0]/div[0]/div[0]/div[2]/div[0]/div[0]/div[0]/ul[1]/li[0]/a[0]/img"/>
<LayoutNode BgColor="#ffffff" ContainImg="0" ContainP="8" ContainTable="false" Content="Em chính chủ cần cho thuê gấp căn hộ rộng 64m2, 2PN, 2VS, 1 khách----full nội thất bao gồm cả đồ điện tử----AI CÓ NHU CẦU THUÊ GIÁ RẺ THÌ IB EM NHÉ,----Hình ảnh căn hộ thực tế e đi lấy anh/chị/em quan tâm đến căn hộ thì ibox em nhé---Khuyến khích anh/chị/em có nhu cầu lên đi xem căn hộ thực tế ở ngoàiCam kết hỗ trợ nhiệt tình nhất (không lấy bất cứ phí gì khi khách hàng thuê nhà) hãy liên hệ ngay sđt 0983593582 để được hỗ trợ 1 cách tốt nhất Gọi điện: 0983593582ChatQuan tâmĐã cólượt yêu cầu tư vấn Xem thêm : Nhà đất Quận Bắc Từ LiêmCăn hộ chung cư tại Chung cư Green Stars , Quận Bắc Từ LiêmCăn hộ chung cư Quận Bắc Từ Liêm " DOMCldNum="2" DoC="5" FontSize="14" FontWeight="normal" FrameSourceIndex="0" ID="1-2-1-4" IsImg="false" LinkNum="7" LinkTextLen="147" ObjectRectHeight="939" ObjectRectLeft="0" ObjectRectTop="1447" ObjectRectWidth="927" SRC="&lt;div xmlns=&quot;http://www.w3.org/1999/xhtml&quot; id=&quot;ContentPlaceHolder1_ctl00_divContent&quot;&gt;&lt;p&gt;Em chính chủ cần cho thuê gấp căn hộ rộng 64m2, 2PN, 2VS, 1 khách&lt;/p&gt;&lt;p&gt;----full nội thất bao gồm cả đồ điện tử&lt;/p&gt;&lt;p&gt;----AI CÓ NHU CẦU THUÊ GIÁ RẺ THÌ IB EM NHÉ,&lt;/p&gt;&lt;p&gt;----Hình ảnh căn hộ thực tế e đi lấy anh/chị/em quan tâm đến căn hộ thì ibox em nhé&lt;/p&gt;&lt;p&gt;---Khuyến khích anh/chị/em có nhu cầu lên đi xem căn hộ thực tế ở ngoài&lt;/p&gt;&lt;p&gt;Cam kết hỗ trợ nhiệt tình nhất (không lấy bất cứ phí gì khi khách hàng thuê nhà) hãy liên hệ ngay sđt 0983593582 để được hỗ trợ 1 cách tốt nhất&lt;/p&gt;&lt;p/&gt;&lt;/div&gt;&lt;div xmlns=&quot;http://www.w3.org/1999/xhtml&quot; class=&quot;dv-pt-item&quot;&gt;&lt;div class=&quot;panelActionContent&quot;&gt;&lt;a class=&quot;call&quot;&gt;&lt;i class=&quot;fa fa-phone&quot;/&gt;Gọi điện: 0983593582&lt;/a&gt;&lt;a class=&quot;chat&quot; data-original-title=&quot;Chat để hỏi về bất động sản này&quot; data-placement=&quot;bottom&quot; data-toggle=&quot;tooltip&quot;&gt;&lt;i class=&quot;fa fa-comments-o&quot;/&gt;Chat&lt;/a&gt;&lt;a class=&quot;quantam&quot; data-original-title=&quot;Bạn quan tâm đến bất động sản này và bạn muốn chủ tin đăng gọi điện tư vấn cho bạn!&quot; data-placement=&quot;bottom&quot; data-toggle=&quot;tooltip&quot;&gt;&lt;i class=&quot;fa fa-thumbs-up&quot;/&gt;Quan tâm&lt;/a&gt;&lt;div class=&quot;thongbaostatus&quot;&gt;Đã có&lt;span/&gt;lượt yêu cầu tư vấn&lt;/div&gt;&lt;/div&gt;&lt;/div&gt;&lt;p xmlns=&quot;http://www.w3.org/1999/xhtml&quot; class=&quot;ptag&quot;&gt;Xem thêm :&lt;a href=&quot;/nha-dat-cho-thue-quan-bac-tu-liem-ha-noi&quot; title=&quot;Cho thuê nhà đất tại Quận Bắc Từ Liêm&quot;&gt;Nhà đất Quận Bắc Từ Liêm&lt;/a&gt;&lt;a href=&quot;/cho-thue-can-ho-chung-cu-du-an-green-stars&quot; title=&quot;Cho thuê Căn hộ chung cư tại Chung cư Green Stars , Quận Bắc Từ Liêm&quot;&gt;Căn hộ chung cư tại Chung cư Green Stars , Quận Bắc Từ Liêm&lt;/a&gt;&lt;a href=&quot;/cho-thue-can-ho-chung-cu-quan-bac-tu-liem-ha-noi&quot; title=&quot;Cho thuê Căn hộ chung cư tại Quận Bắc Từ Liêm&quot;&gt;Căn hộ chung cư Quận Bắc Từ Liêm&lt;/a&gt;&lt;/p&gt;" SourceIndex="871;886;901" TextLen="601" order="8" xPath="/#document/html/body/form[10]/div[1]/div[0]/div[2]/div[0]/div[0]/div[0]/div[4]/div[0]/div[0]/div[0]/div[6]/p"/>
</LayoutNode>
<LayoutNode BgColor="#ffffff" ContainImg="2" ContainP="15" ContainTable="true" DOMCldNum="13" DoC="7" FontSize="14" FontWeight="normal" FrameSourceIndex="0" ID="1-2-2" IsImg="false" LinkNum="58" LinkTextLen="960" ObjectRectHeight="2071" ObjectRectLeft="945" ObjectRectTop="315" ObjectRectWidth="475" SourceIndex="934" TextLen="1339" order="9">
<LayoutNode BgColor="#ffffff" ContainImg="1" ContainP="15" ContainTable="false" Content="BánMuaCho ThuêCần thuê Chung cư Green StarsTọa lạc tại cửa ngõ Tây Bắc của Thủ đô Hà Nội, cách sân bay quốc tế Nội Bài 20 km, Chung cư Green Stars nằm trong quần thể khu đô thị hiện đại Thành Phố Giao Lưu. Với ưu thế vượt trội về môi trường sống trong lành. Green Stars là hạt nhân của thành phố giao lưu, nơi được thiết kế đặc biệt để tôn lênCó1 Tinrao cho thuê tại Chung cư Green StarsCơ cấu sản phẩm Chung cư Green StarsCó28 Môi giớicho thuê Chung cư Green Stars " DOMCldNum="13" DoC="8" FontSize="14" FontWeight="normal" FrameSourceIndex="0" ID="1-2-2-1" IsImg="false" LinkNum="5" LinkTextLen="140" ObjectRectHeight="693" ObjectRectLeft="945" ObjectRectTop="315" ObjectRectWidth="475" SRC="&lt;div xmlns=&quot;http://www.w3.org/1999/xhtml&quot; class=&quot;dv-boxsearch-r&quot; id=&quot;boxsearch&quot;&gt;&lt;ul class=&quot;tabs1&quot;&gt;&lt;li class=&quot;&quot; id=&quot;sale&quot;&gt;Bán&lt;/li&gt;&lt;li class=&quot;&quot; id=&quot;buy&quot;&gt;Mua&lt;/li&gt;&lt;li class=&quot;active&quot; id=&quot;lease&quot;&gt;Cho Thuê&lt;/li&gt;&lt;li class=&quot;&quot; id=&quot;brokerage&quot;&gt;Cần thuê&lt;/li&gt;&lt;/ul&gt;&lt;span class=&quot;clear&quot;/&gt;&lt;div class=&quot;content buy&quot;&gt;&lt;div class=&quot;in-tab&quot; id=&quot;contentTabSearch&quot;&gt;&lt;p&gt;&lt;input autocomplete=&quot;off&quot; class=&quot;inputNewTimKiem&quot; id=&quot;txtTuKhoa&quot; name=&quot;ctl00$ContentPlaceHolder1$ctl00$boxSearch1$txtTuKhoa&quot; placeholder=&quot;Chung cư&quot; type=&quot;text&quot;/&gt;&lt;/p&gt;&lt;div id=&quot;listTimKiem&quot;/&gt;&lt;div id=&quot;divHuongDan&quot;&gt;&lt;div class=&quot;tbLinksearch&quot;&gt;&lt;div&gt;Hãy nhập địa điểm hoặc tên dự án mà bạn muốn tìm kiếm.&lt;br/&gt;&lt;strong&gt;Ví dụ:&lt;/strong&gt;bạn muốn tìm dự án Royal City hãy gõ: royal city sau đó ân Enter&lt;/div&gt;&lt;/div&gt;&lt;/div&gt;&lt;p&gt;&lt;select id=&quot;cboLN&quot; name=&quot;ctl00$ContentPlaceHolder1$ctl00$boxSearch1$cboLN&quot;&gt;&lt;option value=&quot;0&quot;&gt;Tất cả&lt;/option&gt;&lt;option selected=&quot;selected&quot; value=&quot;1&quot;&gt;Căn hộ chung cư&lt;/option&gt;&lt;option value=&quot;21&quot;&gt;ShopHouse&lt;/option&gt;&lt;option value=&quot;2&quot;&gt;Nhà biệt thự, Liền kề&lt;/option&gt;&lt;option value=&quot;10&quot;&gt;Nhà mặt phố&lt;/option&gt;&lt;option value=&quot;6&quot;&gt;Đất nền dự án&lt;/option&gt;&lt;option value=&quot;8&quot;&gt;Đất thổ cư&lt;/option&gt;&lt;option value=&quot;22&quot;&gt;Condotel&lt;/option&gt;&lt;option value=&quot;24&quot;&gt;Officetel&lt;/option&gt;&lt;option value=&quot;5&quot;&gt;Nhà trong ngõ&lt;/option&gt;&lt;option value=&quot;12&quot;&gt;Phòng trọ, nhà trọ&lt;/option&gt;&lt;option value=&quot;19&quot;&gt;Đất dịch vụ, đền bù&lt;/option&gt;&lt;option value=&quot;16&quot;&gt;Đất trang trại&lt;/option&gt;&lt;option value=&quot;20&quot;&gt;Khách sạn, Nhà hàng, Resort&lt;/option&gt;&lt;option value=&quot;17&quot;&gt;Mặt bằng, Nhà Xưởng, Kho bãi&lt;/option&gt;&lt;option value=&quot;13&quot;&gt;Văn phòng, TTTM, Cửa hàng, Kiot&lt;/option&gt;&lt;/select&gt;&lt;/p&gt;&lt;p&gt;&lt;select id=&quot;ContentPlaceHolder3_boxSearch1_ddlCustomers&quot; name=&quot;ctl00$ContentPlaceHolder3$boxSearch1$ddlCustomers&quot;/&gt;&lt;/p&gt;&lt;p&gt;&lt;select id=&quot;ContentPlaceHolder3_boxSearch1_ddlOrders&quot; name=&quot;ctl00$ContentPlaceHolder3$boxSearch1$ddlOrders&quot;/&gt;&lt;/p&gt;&lt;p&gt;&lt;select id=&quot;ContentPlaceHolder3_boxSearch1_ddlProducts&quot; name=&quot;ctl00$ContentPlaceHolder3$boxSearch1$ddlProducts&quot;/&gt;&lt;/p&gt;&lt;div&gt;&lt;input class=&quot;inputGiaTien&quot; id=&quot;txtFromGiaTien&quot; maxlength=&quot;4&quot; name=&quot;ctl00$ContentPlaceHolder1$ctl00$boxSearch1$txtFromGiaTien&quot; placeholder=&quot;Giá Tiền Từ...&quot; type=&quot;text&quot;/&gt;&lt;select class=&quot;SelectGiaTien&quot; id=&quot;cboGK2&quot; name=&quot;ctl00$ContentPlaceHolder1$ctl00$boxSearch1$cboGK2&quot;&gt;&lt;option selected=&quot;selected&quot; value=&quot;10&quot;&gt;Triệu&lt;/option&gt;&lt;option value=&quot;10000&quot;&gt;Tỷ&lt;/option&gt;&lt;/select&gt;&lt;/div&gt;&lt;div&gt;&lt;input class=&quot;inputGiaTien&quot; id=&quot;txtToGiaTien&quot; maxlength=&quot;4&quot; name=&quot;ctl00$ContentPlaceHolder1$ctl00$boxSearch1$txtToGiaTien&quot; placeholder=&quot;Đến...&quot; type=&quot;text&quot;/&gt;&lt;select class=&quot;SelectGiaTien&quot; id=&quot;cboKG&quot; name=&quot;ctl00$ContentPlaceHolder1$ctl00$boxSearch1$cboKG&quot;&gt;&lt;option value=&quot;10&quot;&gt;Triệu&lt;/option&gt;&lt;option selected=&quot;selected&quot; value=&quot;10000&quot;&gt;Tỷ&lt;/option&gt;&lt;/select&gt;&lt;/div&gt;&lt;div&gt;&lt;input autocomplete=&quot;off&quot; class=&quot;inputGiaTien&quot; id=&quot;txtFromDienTich&quot; maxlength=&quot;6&quot; name=&quot;ctl00$ContentPlaceHolder1$ctl00$boxSearch1$txtFromDienTich&quot; placeholder=&quot;Diện Tích Từ...(m2)&quot; type=&quot;text&quot;/&gt;&lt;input class=&quot;inputGiaTien&quot; id=&quot;txtToDienTich&quot; maxlength=&quot;6&quot; name=&quot;ctl00$ContentPlaceHolder1$ctl00$boxSearch1$txtToDienTich&quot; placeholder=&quot;Đến...(m2)&quot; type=&quot;text&quot;/&gt;&lt;/div&gt;&lt;div class=&quot;btnSearch50&quot;&gt;&lt;p id=&quot;loadingSearchTatCa&quot;&gt;&lt;input class=&quot;ip-btl-search-1&quot; id=&quot;btnSearchTatCa&quot; onclick=&quot;javascript: Button1_onclick(0, false, 'SearchTatCa');&quot; title=&quot;Tìm kiếm tất cả các bất động sản&quot; type=&quot;button&quot; value=&quot;Tìm Tất Cả&quot;/&gt;&lt;/p&gt;&lt;/div&gt;&lt;div class=&quot;btnSearch50&quot;&gt;&lt;p id=&quot;loadingSearchChinhChu&quot;&gt;&lt;input class=&quot;ip-btl-search-1&quot; id=&quot;btnSearchChinhChu&quot; onclick=&quot;javascript: Button1_onclick(2, false, 'SearchChinhChu');&quot; title=&quot;Chỉ tìm những tin chính chủ bao gồm tin chưa xác thực&quot; type=&quot;button&quot; value=&quot;Tìm Chính Chủ&quot;/&gt;&lt;/p&gt;&lt;/div&gt;&lt;p id=&quot;loadingDatMua&quot;&gt;&lt;input class=&quot;ip-btl-buy-datmua&quot; id=&quot;btnDatMua&quot; onclick=&quot;javascript: Button1_onclick(0, true, 'DatMua');&quot; title=&quot;Chọn khu vực hoặc dự án bạn muốn mua và gửi yêu cầu cho chúng tôi&quot; type=&quot;button&quot; value=&quot;ĐẶT MUA NHÀ ĐẤT TẠI ĐÂY&quot;/&gt;&lt;/p&gt;&lt;/div&gt;&lt;/div&gt;&lt;/div&gt;&lt;div xmlns=&quot;http://www.w3.org/1999/xhtml&quot; class=&quot;boxgioithieuduan&quot;&gt;&lt;p&gt;&lt;strong&gt;&lt;a href=&quot;/du-an/chung-cu-green-stars-17&quot; id=&quot;atagLinkDuan&quot; title=&quot;Thông tin chính thống và đầy đủ nhất về Chung cư Green Stars, Phạm Văn Đồng, Bắc Từ Liêm&quot;&gt;Chung cư Green Stars&lt;/a&gt;&lt;/strong&gt;&lt;/p&gt;&lt;a href=&quot;/du-an/chung-cu-green-stars-17&quot; title=&quot;Chung cư Green Stars, Phạm Văn Đồng, Bắc Từ Liêm&quot;&gt;&lt;img alt=&quot;Chung cư Green Stars, Phạm Văn Đồng, Bắc Từ Liêm&quot; src=&quot;/duan/images/6197/10/thumbnai/04_Diaoconline_GreenStars_Phoicanh.jpg&quot;/&gt;&lt;/a&gt;&lt;p&gt;Tọa lạc tại cửa ngõ Tây Bắc của Thủ đô Hà Nội, cách sân bay quốc tế Nội Bài 20 km, Chung cư Green Stars nằm trong quần thể khu đô thị hiện đại Thành Phố Giao Lưu. Với ưu thế vượt trội về môi trường sống trong lành. Green Stars là hạt nhân của thành phố giao lưu, nơi được thiết kế đặc biệt để tôn lên&lt;/p&gt;&lt;p&gt;&lt;input class=&quot;ip-btl-buy-datmua-woStore&quot; onclick=&quot;window.open('/webone/store-duan17','_blank');&quot; title=&quot;Mua hoặc thuê website dự án  trên WebOne Store&quot; type=&quot;button&quot; value=&quot;Trên WebOne Store&quot;/&gt;&lt;/p&gt;&lt;p&gt;&lt;input class=&quot;ip-btl-buy-datmua&quot; id=&quot;Button5&quot; onclick=&quot;window.open('/tao-website-17-3-0','_blank');&quot; title=&quot;Tạo Website bán hàng chuyên nghiệp cho Chung cư Green Stars&quot; type=&quot;button&quot; value=&quot;Tạo Website dự án&quot;/&gt;&lt;/p&gt;&lt;p&gt;&lt;a class=&quot;btnCheckButoon&quot; href=&quot;/cho-thue-can-ho-chung-cu-du-an-green-stars&quot; id=&quot;ContentPlaceHolder1_ctl00_boxSearch1_topDuAn1_HyperLink1&quot; title=&quot;cho thuê Chung cư Green Stars&quot;&gt;Có&lt;strong&gt;1 Tin&lt;/strong&gt;rao cho thuê tại Chung cư Green Stars&lt;/a&gt;&lt;/p&gt;&lt;p&gt;&lt;a class=&quot;btnCheckButoon&quot; href=&quot;/du-an/co-cau-san-pham-6197-17&quot; title=&quot;Sơ đồ chi tiết, hướng, diện tích của các bất động sản thuộc Chung cư Green Stars&quot;&gt;Cơ cấu sản phẩm Chung cư Green Stars&lt;/a&gt;&lt;/p&gt;&lt;p&gt;&lt;a class=&quot;btnCheckButoon&quot;&gt;Có&lt;strong&gt;28 Môi giới&lt;/strong&gt;cho thuê Chung cư Green Stars&lt;/a&gt;&lt;/p&gt;&lt;/div&gt;" SourceIndex="939;1029" TextLen="456" order="10" xPath="/#document/html/body/form[10]/div[1]/div[0]/div[2]/div[1]/div[4]/div[2]/div[0]/div[12]/p[0]/input"/>
<LayoutNode BgColor="#ffffff" ContainImg="1" ContainP="0" ContainTable="true" Content=" Nhà đất theo giá tiền cần bánDưới 500 Triệu500 - 800 Triệu800 Triệu - 1 TỷGiá từ: 1 Tỷ - 2 TỷGiá từ: 2 Tỷ - 3 TỷGiá từ: 3 Tỷ - 5 TỷGiá từ: 5 Tỷ - 7 TỷGiá từ: 7 Tỷ - 10 TỷGiá từ: 10 Tỷ - 20 TỷGiá từ: 20 Tỷ - 30 TỷGiá: Trên 30 TỷCho thuêCho Thuê Chung CưCho Thuê Biệt ThựCho Thuê Văn PhòngNhà Mặt PhốCho Thuê Phòng TrọGiá từ: 1 - 3 TriệuGiá từ: 3 - 5 TriệuGiá từ: 5 - 10 TriệuGiá từ: 10 - 40 TriệuGiá từ: 40 - 70 TriệuGiá từ: 70 - 100 Triệu " DOMCldNum="0" DoC="7" FontSize="14" FontWeight="normal" FrameSourceIndex="0" ID="1-2-2-2" IsImg="false" LinkNum="23" LinkTextLen="401" ObjectRectHeight="777" ObjectRectLeft="945" ObjectRectTop="1056" ObjectRectWidth="475" SRC="&lt;div xmlns=&quot;http://www.w3.org/1999/xhtml&quot; class=&quot;dv-banner-r&quot;&gt;&lt;a href=&quot;/baogiabanner&quot; ref=&quot;nofollow&quot; rel=&quot;nofollow&quot; target=&quot;_blank&quot; title=&quot;Mời quảng cáo trên Nhadat24h.net&quot;&gt;&lt;img alt=&quot;Mời quảng cáo trên Nhadat24h.net&quot; src=&quot;/Images/upload/banner/2015/moiquangcao350.png&quot;/&gt;&lt;/a&gt;&lt;/div&gt;NHÀ ĐẤT THEO GIÁ TIỀN&lt;tr xmlns=&quot;http://www.w3.org/1999/xhtml&quot;&gt;&lt;td class=&quot;col50&quot;&gt;&lt;table&gt;&lt;tbody&gt;&lt;tr&gt;&lt;td&gt;&lt;h3 class=&quot;foderCaption&quot;&gt;cần bán&lt;/h3&gt;&lt;/td&gt;&lt;/tr&gt;&lt;tr&gt;&lt;td&gt;&lt;a class=&quot;btnCheckButoonHOT&quot; href=&quot;/ban-nha-dat-quan-bac-tu-liem-gia-tu-400-trieu-den-duoi-500-trieu-s734870/&quot; title=&quot;Bán nhà đất tại Quận Bắc Từ Liêm giá dưới 500 Triệu&quot;&gt;Dưới 500 Triệu&lt;/a&gt;&lt;/td&gt;&lt;/tr&gt;&lt;tr&gt;&lt;td&gt;&lt;a class=&quot;btnCheckButoonHOT&quot; href=&quot;/ban-nha-dat-quan-bac-tu-liem-gia-tu-500-trieu-den-duoi-800-trieu-s758913/&quot; title=&quot;Bán nhà đất tại Quận Bắc Từ Liêm giá dưới 500 Triệu đến 800 triệu&quot;&gt;500 - 800 Triệu&lt;/a&gt;&lt;/td&gt;&lt;/tr&gt;&lt;tr&gt;&lt;td&gt;&lt;a class=&quot;btnCheckButoonHOT&quot; href=&quot;/ban-nha-dat-quan-bac-tu-liem-gia-tu-800-trieu-den-duoi-1-ty-s734000/&quot; title=&quot;Bán nhà đất tại Quận Bắc Từ Liêm giá từ 500 triệu đến 1 tỷ&quot;&gt;800 Triệu - 1 Tỷ&lt;/a&gt;&lt;/td&gt;&lt;/tr&gt;&lt;tr&gt;&lt;td&gt;&lt;a class=&quot;btnCheckButoon2&quot; href=&quot;/ban-nha-dat-quan-bac-tu-liem-gia-tu-1-ty-den-duoi-2-ty-s733126/&quot; title=&quot;Bán nhà đất tại Quận Bắc Từ Liêm giá từ 1 tỷ đến 2 tỷ &quot;&gt;Giá từ: 1 Tỷ - 2 Tỷ&lt;/a&gt;&lt;/td&gt;&lt;/tr&gt;&lt;tr&gt;&lt;td&gt;&lt;a class=&quot;btnCheckButoon2&quot; href=&quot;/ban-nha-dat-quan-bac-tu-liem-gia-tu-2-ty-den-duoi-3-ty-s746181/&quot; title=&quot;Bán nhà đất tại Quận Bắc Từ Liêm giá từ 2 tỷ đến 3 tỷ&quot;&gt;Giá từ: 2 Tỷ - 3 Tỷ&lt;/a&gt;&lt;/td&gt;&lt;/tr&gt;&lt;tr&gt;&lt;td&gt;&lt;a class=&quot;btnCheckButoon2&quot; href=&quot;/ban-nha-dat-quan-bac-tu-liem-gia-tu-3-ty-den-duoi-5-ty-s747035/&quot; title=&quot;Bán nhà đất tại Quận Bắc Từ Liêm giá từ 3 tỷ đến 5 tỷ&quot;&gt;Giá từ: 3 Tỷ - 5 Tỷ&lt;/a&gt;&lt;/td&gt;&lt;/tr&gt;&lt;tr&gt;&lt;td&gt;&lt;a class=&quot;btnCheckButoon2&quot; href=&quot;/ban-nha-dat-quan-bac-tu-liem-gia-tu-5-ty-den-duoi-7-ty-s749184/&quot; title=&quot;Bán nhà đất tại Quận Bắc Từ Liêm giá từ 5 tỷ đến 7 tỷ&quot;&gt;Giá từ: 5 Tỷ - 7 Tỷ&lt;/a&gt;&lt;/td&gt;&lt;/tr&gt;&lt;tr&gt;&lt;td&gt;&lt;a class=&quot;btnCheckButoon2&quot; href=&quot;/ban-nha-dat-quan-bac-tu-liem-gia-tu-7-ty-den-duoi-10-ty-s772990/&quot; title=&quot;Bán nhà đất tại Quận Bắc Từ Liêm giá từ 7 tỷ đến 10 tỷ&quot;&gt;Giá từ: 7 Tỷ - 10 Tỷ&lt;/a&gt;&lt;/td&gt;&lt;/tr&gt;&lt;tr&gt;&lt;td&gt;&lt;a class=&quot;btnCheckButoon2&quot; href=&quot;/ban-bat-dong-san-quan-bac-tu-liem-nha-dat-quan-bac-tu-liem-s862443/&quot; title=&quot;Bán nhà đất tại Quận Bắc Từ Liêm giá từ 10 tỷ đến 20 tỷ&quot;&gt;Giá từ: 10 Tỷ - 20 Tỷ&lt;/a&gt;&lt;/td&gt;&lt;/tr&gt;&lt;tr&gt;&lt;td&gt;&lt;a class=&quot;btnCheckButoon2&quot; href=&quot;/ban-nha-dat-tai-quan-bac-tu-liem-gia-tu-20-ty-den-duoi-30-ty-s889940/&quot; title=&quot;Bán nhà đất tại Quận Bắc Từ Liêm giá từ 20 tỷ đến 30 tỷ &quot;&gt;Giá từ: 20 Tỷ - 30 Tỷ&lt;/a&gt;&lt;/td&gt;&lt;/tr&gt;&lt;tr&gt;&lt;td&gt;&lt;a class=&quot;btnCheckButoon2&quot; href=&quot;/ban-nha-dat-tai-quan-bac-tu-liem-gia-tu-30-ty-s1298927/&quot; title=&quot;Bán nhà đất tại Quận Bắc Từ Liêm giá trên 30 tỷ &quot;&gt;Giá: Trên 30 Tỷ&lt;/a&gt;&lt;/td&gt;&lt;/tr&gt;&lt;/tbody&gt;&lt;/table&gt;&lt;/td&gt;&lt;td class=&quot;col50&quot;&gt;&lt;table&gt;&lt;tbody&gt;&lt;tr&gt;&lt;td&gt;&lt;h3 class=&quot;foderCaption&quot;&gt;Cho thuê&lt;/h3&gt;&lt;/td&gt;&lt;/tr&gt;&lt;tr&gt;&lt;td&gt;&lt;a class=&quot;btnCheckButoonHOT&quot; href=&quot;/cho-thue-can-ho-chung-cu-quan-bac-tu-liem-ha-noi&quot; title=&quot;Cho thuê chung cư tại Quận Bắc Từ Liêm&quot;&gt;Cho Thuê Chung Cư&lt;/a&gt;&lt;/td&gt;&lt;/tr&gt;&lt;tr&gt;&lt;td&gt;&lt;a class=&quot;btnCheckButoon2&quot; href=&quot;/cho-thue-nha-biet-thu-lien-ke-quan-bac-tu-liem-ha-noi&quot; title=&quot;Cho thuê biệt thự tại Quận Bắc Từ Liêm&quot;&gt;Cho Thuê Biệt Thự&lt;/a&gt;&lt;/td&gt;&lt;/tr&gt;&lt;tr&gt;&lt;td&gt;&lt;a class=&quot;btnCheckButoon2&quot; href=&quot;/cho-thue-van-phong-quan-bac-tu-liem-ha-noi&quot; title=&quot;Cho thuê Văn Phòng tại Quận Bắc Từ Liêm&quot;&gt;Cho Thuê Văn Phòng&lt;/a&gt;&lt;/td&gt;&lt;/tr&gt;&lt;tr&gt;&lt;td&gt;&lt;a class=&quot;btnCheckButoon2&quot; href=&quot;/cho-thue-nha-mat-pho-quan-bac-tu-liem-ha-noi&quot; title=&quot;Cho thuê nhà mặt phố tại Quận Bắc Từ Liêm&quot;&gt;Nhà Mặt Phố&lt;/a&gt;&lt;/td&gt;&lt;/tr&gt;&lt;tr&gt;&lt;td&gt;&lt;a class=&quot;btnCheckButoon2&quot; href=&quot;/cho-thue-phong-tro-nha-tro-quan-bac-tu-liem-ha-noi&quot; title=&quot;Cho thuê phòng trọ tại Quận Bắc Từ Liêm&quot;&gt;Cho Thuê Phòng Trọ&lt;/a&gt;&lt;/td&gt;&lt;/tr&gt;&lt;tr&gt;&lt;td&gt;&lt;a class=&quot;btnCheckButoonHOT&quot; href=&quot;/cho-thue-nha-dat-quan-bac-tu-liem-gia-tu-1-trieu-den-duoi-3-trieu-s746157/&quot; title=&quot;Cho thuê nhà đất tại Quận Bắc Từ Liêm giá từ 1 đến 3 triệu&quot;&gt;Giá từ: 1 - 3 Triệu&lt;/a&gt;&lt;/td&gt;&lt;/tr&gt;&lt;tr&gt;&lt;td&gt;&lt;a class=&quot;btnCheckButoonHOT&quot; href=&quot;/cho-thue-nha-dat-quan-bac-tu-liem-gia-tu-3-trieu-den-duoi-5-trieu-s739536/&quot; title=&quot;Cho thuê nhà đất tại Quận Bắc Từ Liêm giá từ 3 đến 5 triệu&quot;&gt;Giá từ: 3 - 5 Triệu&lt;/a&gt;&lt;/td&gt;&lt;/tr&gt;&lt;tr&gt;&lt;td&gt;&lt;a class=&quot;btnCheckButoon2&quot; href=&quot;/cho-thue-nha-dat-quan-bac-tu-liem-gia-tu-5-trieu-den-duoi-10-trieu-s771883/&quot; title=&quot;Cho thuê nhà đất tại Quận Bắc Từ Liêm giá từ 5 đến 10 triệu&quot;&gt;Giá từ: 5 - 10 Triệu&lt;/a&gt;&lt;/td&gt;&lt;/tr&gt;&lt;tr&gt;&lt;td&gt;&lt;a class=&quot;btnCheckButoon2&quot; href=&quot;/cho-thue-nha-dat-tai-quan-bac-tu-liem-gia-tu-10-trieu-den-duoi-40-trieu-s1208440/&quot; title=&quot;Cho thuê nhà đất giá từ 10 đến 40 triệu tại Quận Bắc Từ Liêm&quot;&gt;Giá từ: 10 - 40 Triệu&lt;/a&gt;&lt;/td&gt;&lt;/tr&gt;&lt;tr&gt;&lt;td&gt;&lt;a class=&quot;btnCheckButoon2&quot; href=&quot;/cho-thue-nha-dat-tai-quan-bac-tu-liem-gia-tu-40-trieu-den-duoi-70-trieu-s1298924/&quot; title=&quot;Cho thuê nhà đất giá từ 40 đến 70 triệu tại Quận Bắc Từ Liêm&quot;&gt;Giá từ: 40 - 70 Triệu&lt;/a&gt;&lt;/td&gt;&lt;/tr&gt;&lt;tr&gt;&lt;td&gt;&lt;a class=&quot;btnCheckButoon2&quot; href=&quot;/cho-thue-nha-dat-tai-quan-bac-tu-liem-gia-tu-70-trieu-den-duoi-100-trieu-s1298925/&quot; title=&quot;Cho thuê nhà đất giá từ 70 đến 100 triệu tại Quận Bắc Từ Liêm&quot;&gt;Giá từ: 70 - 100 Triệu&lt;/a&gt;&lt;/td&gt;&lt;/tr&gt;&lt;/tbody&gt;&lt;/table&gt;&lt;/td&gt;&lt;/tr&gt;" SourceIndex="1058;0;1067" TextLen="437" order="11" xPath="/#document/html/body/form[10]/div[1]/div[0]/div[2]/div[1]/div[8]/div[0]/a[0]/img"/>
<LayoutNode BgColor="#ffffff" ContainImg="0" ContainP="0" ContainTable="false" Content="Nhà đất tại theo quận huyện Quận Ba ĐìnhQuận Bắc Từ LiêmQuận Cầu GiấyQuận Đống ĐaQuận Hà ĐôngQuận Hai Bà TrưngQuận Hoàn KiếmQuận Hoàng MaiQuận Long BiênQuận Nam Từ LiêmQuận Tây HồQuận Thanh XuânHuyện Ba VìHuyện Chương MỹHuyện Đan PhượngHuyện Đông AnhHuyện Gia LâmHuyện Hoài ĐứcHuyện Mê LinhHuyện Mỹ ĐứcHuyện Phú XuyênHuyện Phúc ThọHuyện Quốc OaiHuyện Sóc SơnHuyện Thạch ThấtHuyện Thanh OaiHuyện Thanh TrìHuyện Thường TínHuyện Ứng HòaThị Xã Sơn Tây " DOMCldNum="2" DoC="7" FontSize="14" FontWeight="normal" FrameSourceIndex="0" ID="1-2-2-3" IsImg="false" LinkNum="30" LinkTextLen="419" ObjectRectHeight="531" ObjectRectLeft="945" ObjectRectTop="1855" ObjectRectWidth="475" SRC="NHÀ ĐẤT TẠI THEO QUẬN HUYỆN&lt;div xmlns=&quot;http://www.w3.org/1999/xhtml&quot; class=&quot;scroll450&quot; id=&quot;tblViewQuan&quot;&gt;&lt;div class=&quot;rows&quot;&gt;&lt;a class=&quot;btnCheckButoon2&quot; href=&quot;/cho-thue-can-ho-chung-cu-quan-ba-dinh-ha-noi&quot; title=&quot;Cho thuê Căn hộ chung cư tại Quận Ba Đình&quot;&gt;Quận Ba Đình&lt;/a&gt;&lt;/div&gt;&lt;div class=&quot;rows&quot;&gt;&lt;a class=&quot;btnCheckButoon2&quot; href=&quot;/cho-thue-can-ho-chung-cu-quan-bac-tu-liem-ha-noi&quot; title=&quot;Cho thuê Căn hộ chung cư tại Quận Bắc Từ Liêm&quot;&gt;Quận Bắc Từ Liêm&lt;/a&gt;&lt;/div&gt;&lt;div class=&quot;rows&quot;&gt;&lt;a class=&quot;btnCheckButoon2&quot; href=&quot;/cho-thue-can-ho-chung-cu-quan-cau-giay-ha-noi&quot; title=&quot;Cho thuê Căn hộ chung cư tại Quận Cầu Giấy&quot;&gt;Quận Cầu Giấy&lt;/a&gt;&lt;/div&gt;&lt;div class=&quot;rows&quot;&gt;&lt;a class=&quot;btnCheckButoon2&quot; href=&quot;/cho-thue-can-ho-chung-cu-quan-dong-da-ha-noi&quot; title=&quot;Cho thuê Căn hộ chung cư tại Quận Đống Đa&quot;&gt;Quận Đống Đa&lt;/a&gt;&lt;/div&gt;&lt;div class=&quot;rows&quot;&gt;&lt;a class=&quot;btnCheckButoon2&quot; href=&quot;/cho-thue-can-ho-chung-cu-quan-ha-dong-ha-noi&quot; title=&quot;Cho thuê Căn hộ chung cư tại Quận Hà Đông&quot;&gt;Quận Hà Đông&lt;/a&gt;&lt;/div&gt;&lt;div class=&quot;rows&quot;&gt;&lt;a class=&quot;btnCheckButoon2&quot; href=&quot;/cho-thue-can-ho-chung-cu-quan-hai-ba-trung-ha-noi&quot; title=&quot;Cho thuê Căn hộ chung cư tại Quận Hai Bà Trưng&quot;&gt;Quận Hai Bà Trưng&lt;/a&gt;&lt;/div&gt;&lt;div class=&quot;rows&quot;&gt;&lt;a class=&quot;btnCheckButoon2&quot; href=&quot;/cho-thue-can-ho-chung-cu-quan-hoan-kiem-ha-noi&quot; title=&quot;Cho thuê Căn hộ chung cư tại Quận Hoàn Kiếm&quot;&gt;Quận Hoàn Kiếm&lt;/a&gt;&lt;/div&gt;&lt;div class=&quot;rows&quot;&gt;&lt;a class=&quot;btnCheckButoon2&quot; href=&quot;/cho-thue-can-ho-chung-cu-quan-hoang-mai-ha-noi&quot; title=&quot;Cho thuê Căn hộ chung cư tại Quận Hoàng Mai&quot;&gt;Quận Hoàng Mai&lt;/a&gt;&lt;/div&gt;&lt;div class=&quot;rows&quot;&gt;&lt;a class=&quot;btnCheckButoon2&quot; href=&quot;/cho-thue-can-ho-chung-cu-quan-long-bien-ha-noi&quot; title=&quot;Cho thuê Căn hộ chung cư tại Quận Long Biên&quot;&gt;Quận Long Biên&lt;/a&gt;&lt;/div&gt;&lt;div class=&quot;rows&quot;&gt;&lt;a class=&quot;btnCheckButoon2&quot; href=&quot;/cho-thue-can-ho-chung-cu-quan-nam-tu-liem-ha-noi&quot; title=&quot;Cho thuê Căn hộ chung cư tại Quận Nam Từ Liêm&quot;&gt;Quận Nam Từ Liêm&lt;/a&gt;&lt;/div&gt;&lt;div class=&quot;rows&quot;&gt;&lt;a class=&quot;btnCheckButoon2&quot; href=&quot;/cho-thue-can-ho-chung-cu-quan-tay-ho-ha-noi&quot; title=&quot;Cho thuê Căn hộ chung cư tại Quận Tây Hồ&quot;&gt;Quận Tây Hồ&lt;/a&gt;&lt;/div&gt;&lt;div class=&quot;rows&quot;&gt;&lt;a class=&quot;btnCheckButoon2&quot; href=&quot;/cho-thue-can-ho-chung-cu-quan-thanh-xuan-ha-noi&quot; title=&quot;Cho thuê Căn hộ chung cư tại Quận Thanh Xuân&quot;&gt;Quận Thanh Xuân&lt;/a&gt;&lt;/div&gt;&lt;div class=&quot;rows&quot;&gt;&lt;a class=&quot;btnCheckButoon2&quot; href=&quot;/cho-thue-can-ho-chung-cu-huyen-ba-vi-ha-noi&quot; title=&quot;Cho thuê Căn hộ chung cư tại Huyện Ba Vì&quot;&gt;Huyện Ba Vì&lt;/a&gt;&lt;/div&gt;&lt;div class=&quot;rows&quot;&gt;&lt;a class=&quot;btnCheckButoon2&quot; href=&quot;/cho-thue-can-ho-chung-cu-huyen-chuong-my-ha-noi&quot; title=&quot;Cho thuê Căn hộ chung cư tại Huyện Chương Mỹ&quot;&gt;Huyện Chương Mỹ&lt;/a&gt;&lt;/div&gt;&lt;div class=&quot;rows&quot;&gt;&lt;a class=&quot;btnCheckButoon2&quot; href=&quot;/cho-thue-can-ho-chung-cu-huyen-dan-phuong-ha-noi&quot; title=&quot;Cho thuê Căn hộ chung cư tại Huyện Đan Phượng&quot;&gt;Huyện Đan Phượng&lt;/a&gt;&lt;/div&gt;&lt;div class=&quot;rows&quot;&gt;&lt;a class=&quot;btnCheckButoon2&quot; href=&quot;/cho-thue-can-ho-chung-cu-huyen-dong-anh-ha-noi&quot; title=&quot;Cho thuê Căn hộ chung cư tại Huyện Đông Anh&quot;&gt;Huyện Đông Anh&lt;/a&gt;&lt;/div&gt;&lt;div class=&quot;rows&quot;&gt;&lt;a class=&quot;btnCheckButoon2&quot; href=&quot;/cho-thue-can-ho-chung-cu-huyen-gia-lam-ha-noi&quot; title=&quot;Cho thuê Căn hộ chung cư tại Huyện Gia Lâm&quot;&gt;Huyện Gia Lâm&lt;/a&gt;&lt;/div&gt;&lt;div class=&quot;rows&quot;&gt;&lt;a class=&quot;btnCheckButoon2&quot; href=&quot;/cho-thue-can-ho-chung-cu-huyen-hoai-duc-ha-noi&quot; title=&quot;Cho thuê Căn hộ chung cư tại Huyện Hoài Đức&quot;&gt;Huyện Hoài Đức&lt;/a&gt;&lt;/div&gt;&lt;div class=&quot;rows&quot;&gt;&lt;a class=&quot;btnCheckButoon2&quot; href=&quot;/cho-thue-can-ho-chung-cu-huyen-me-linh-ha-noi&quot; title=&quot;Cho thuê Căn hộ chung cư tại Huyện Mê Linh&quot;&gt;Huyện Mê Linh&lt;/a&gt;&lt;/div&gt;&lt;div class=&quot;rows&quot;&gt;&lt;a class=&quot;btnCheckButoon2&quot; href=&quot;/cho-thue-can-ho-chung-cu-huyen-my-duc-ha-noi&quot; title=&quot;Cho thuê Căn hộ chung cư tại Huyện Mỹ Đức&quot;&gt;Huyện Mỹ Đức&lt;/a&gt;&lt;/div&gt;&lt;div class=&quot;rows&quot;&gt;&lt;a class=&quot;btnCheckButoon2&quot; href=&quot;/cho-thue-can-ho-chung-cu-huyen-phu-xuyen-ha-noi&quot; title=&quot;Cho thuê Căn hộ chung cư tại Huyện Phú Xuyên&quot;&gt;Huyện Phú Xuyên&lt;/a&gt;&lt;/div&gt;&lt;div class=&quot;rows&quot;&gt;&lt;a class=&quot;btnCheckButoon2&quot; href=&quot;/cho-thue-can-ho-chung-cu-huyen-phuc-tho-ha-noi&quot; title=&quot;Cho thuê Căn hộ chung cư tại Huyện Phúc Thọ&quot;&gt;Huyện Phúc Thọ&lt;/a&gt;&lt;/div&gt;&lt;div class=&quot;rows&quot;&gt;&lt;a class=&quot;btnCheckButoon2&quot; href=&quot;/cho-thue-can-ho-chung-cu-huyen-quoc-oai-ha-noi&quot; title=&quot;Cho thuê Căn hộ chung cư tại Huyện Quốc Oai&quot;&gt;Huyện Quốc Oai&lt;/a&gt;&lt;/div&gt;&lt;div class=&quot;rows&quot;&gt;&lt;a class=&quot;btnCheckButoon2&quot; href=&quot;/cho-thue-can-ho-chung-cu-huyen-soc-son-ha-noi&quot; title=&quot;Cho thuê Căn hộ chung cư tại Huyện Sóc Sơn&quot;&gt;Huyện Sóc Sơn&lt;/a&gt;&lt;/div&gt;&lt;div class=&quot;rows&quot;&gt;&lt;a class=&quot;btnCheckButoon2&quot; href=&quot;/cho-thue-can-ho-chung-cu-huyen-thach-that-ha-noi&quot; title=&quot;Cho thuê Căn hộ chung cư tại Huyện Thạch Thất&quot;&gt;Huyện Thạch Thất&lt;/a&gt;&lt;/div&gt;&lt;div class=&quot;rows&quot;&gt;&lt;a class=&quot;btnCheckButoon2&quot; href=&quot;/cho-thue-can-ho-chung-cu-huyen-thanh-oai-ha-noi&quot; title=&quot;Cho thuê Căn hộ chung cư tại Huyện Thanh Oai&quot;&gt;Huyện Thanh Oai&lt;/a&gt;&lt;/div&gt;&lt;div class=&quot;rows&quot;&gt;&lt;a class=&quot;btnCheckButoon2&quot; href=&quot;/cho-thue-can-ho-chung-cu-huyen-thanh-tri-ha-noi&quot; title=&quot;Cho thuê Căn hộ chung cư tại Huyện Thanh Trì&quot;&gt;Huyện Thanh Trì&lt;/a&gt;&lt;/div&gt;&lt;div class=&quot;rows&quot;&gt;&lt;a class=&quot;btnCheckButoon2&quot; href=&quot;/cho-thue-can-ho-chung-cu-huyen-thuong-tin-ha-noi&quot; title=&quot;Cho thuê Căn hộ chung cư tại Huyện Thường Tín&quot;&gt;Huyện Thường Tín&lt;/a&gt;&lt;/div&gt;&lt;div class=&quot;rows&quot;&gt;&lt;a class=&quot;btnCheckButoon2&quot; href=&quot;/cho-thue-can-ho-chung-cu-huyen-ung-hoa-ha-noi&quot; title=&quot;Cho thuê Căn hộ chung cư tại Huyện Ứng Hòa&quot;&gt;Huyện Ứng Hòa&lt;/a&gt;&lt;/div&gt;&lt;div class=&quot;rows&quot;&gt;&lt;a class=&quot;btnCheckButoon2&quot; href=&quot;/cho-thue-can-ho-chung-cu-thi-xa-son-tay-ha-noi&quot; title=&quot;Cho thuê Căn hộ chung cư tại Thị Xã Sơn Tây&quot;&gt;Thị Xã Sơn Tây&lt;/a&gt;&lt;/div&gt;&lt;/div&gt;" SourceIndex="0;1175" TextLen="446" order="12" xPath="/#document/html/body/form[10]/div[1]/div[0]/div[2]/div[1]/div[10]/div[0]/div[0]/div[0]/h2[0]/#text"/>
</LayoutNode>
</LayoutNode>
<LayoutNode BgColor="#ffffff" ContainImg="0" ContainP="0" ContainTable="false" Content="Nhà đất Quận Bắc Từ Liêm. Nhà đất Quận Bắc Từ LiêmCăn hộ chung cưShopHouseNhà biệt thự, Liền kềNhà mặt phốĐất nền dự ánĐất thổ cưCondotelOfficetelNhà trong ngõPhòng trọ, nhà trọĐất dịch vụ, đền bùĐất trang trạiKhách sạn, Nhà hàng, ResortMặt bằng, Nhà Xưởng, Kho bãiVăn phòng, TTTM, Cửa hàng, Kiot " DOMCldNum="2" DoC="7" FontSize="14" FontWeight="normal" FrameSourceIndex="0" ID="1-3" IsImg="false" LinkNum="16" LinkTextLen="266" ObjectRectHeight="358" ObjectRectLeft="0" ObjectRectTop="2406" ObjectRectWidth="1420" SRC="NHÀ ĐẤT QUẬN BẮC TỪ LIÊM.&lt;div xmlns=&quot;http://www.w3.org/1999/xhtml&quot; class=&quot;scroll450&quot;&gt;&lt;div class=&quot;rows&quot;&gt;&lt;a class=&quot;btnCheckButoon2&quot; href=&quot;/nha-dat-cho-thue-quan-bac-tu-liem-ha-noi&quot; title=&quot;Cho thuê Nhà đất Quận Bắc Từ Liêm tại Quận Bắc Từ Liêm&quot;&gt;Nhà đất Quận Bắc Từ Liêm&lt;/a&gt;&lt;/div&gt;&lt;div class=&quot;rows&quot;&gt;&lt;a class=&quot;btnCheckButoon2&quot; href=&quot;/cho-thue-can-ho-chung-cu-quan-bac-tu-liem-ha-noi&quot; title=&quot;Cho thuê Căn hộ chung cư tại Quận Bắc Từ Liêm&quot;&gt;Căn hộ chung cư&lt;/a&gt;&lt;/div&gt;&lt;div class=&quot;rows&quot;&gt;&lt;a class=&quot;btnCheckButoon2&quot; href=&quot;/cho-thue-shophouse-quan-bac-tu-liem-ha-noi&quot; title=&quot;Cho thuê ShopHouse tại Quận Bắc Từ Liêm&quot;&gt;ShopHouse&lt;/a&gt;&lt;/div&gt;&lt;div class=&quot;rows&quot;&gt;&lt;a class=&quot;btnCheckButoon2&quot; href=&quot;/cho-thue-nha-biet-thu-lien-ke-quan-bac-tu-liem-ha-noi&quot; title=&quot;Cho thuê Nhà biệt thự, Liền kề tại Quận Bắc Từ Liêm&quot;&gt;Nhà biệt thự, Liền kề&lt;/a&gt;&lt;/div&gt;&lt;div class=&quot;rows&quot;&gt;&lt;a class=&quot;btnCheckButoon2&quot; href=&quot;/cho-thue-nha-mat-pho-quan-bac-tu-liem-ha-noi&quot; title=&quot;Cho thuê Nhà mặt phố tại Quận Bắc Từ Liêm&quot;&gt;Nhà mặt phố&lt;/a&gt;&lt;/div&gt;&lt;div class=&quot;rows&quot;&gt;&lt;a class=&quot;btnCheckButoon2&quot; href=&quot;/cho-thue-dat-nen-du-an-quan-bac-tu-liem-s732662/&quot; title=&quot;Cho thuê Đất nền dự án tại Quận Bắc Từ Liêm&quot;&gt;Đất nền dự án&lt;/a&gt;&lt;/div&gt;&lt;div class=&quot;rows&quot;&gt;&lt;a class=&quot;btnCheckButoon2&quot; href=&quot;/cho-thue-dat-tho-cu-quan-bac-tu-liem-ha-noi&quot; title=&quot;Cho thuê Đất thổ cư tại Quận Bắc Từ Liêm&quot;&gt;Đất thổ cư&lt;/a&gt;&lt;/div&gt;&lt;div class=&quot;rows&quot;&gt;&lt;a class=&quot;btnCheckButoon2&quot; href=&quot;/cho-thue-condotel-quan-bac-tu-liem-ha-noi&quot; title=&quot;Cho thuê Condotel tại Quận Bắc Từ Liêm&quot;&gt;Condotel&lt;/a&gt;&lt;/div&gt;&lt;div class=&quot;rows&quot;&gt;&lt;a class=&quot;btnCheckButoon2&quot; href=&quot;/cho-thue-officetel-quan-bac-tu-liem-ha-noi&quot; title=&quot;Cho thuê Officetel tại Quận Bắc Từ Liêm&quot;&gt;Officetel&lt;/a&gt;&lt;/div&gt;&lt;div class=&quot;rows&quot;&gt;&lt;a class=&quot;btnCheckButoon2&quot; href=&quot;/cho-thue-nha-trong-ngo-quan-bac-tu-liem-ha-noi&quot; title=&quot;Cho thuê Nhà trong ngõ tại Quận Bắc Từ Liêm&quot;&gt;Nhà trong ngõ&lt;/a&gt;&lt;/div&gt;&lt;div class=&quot;rows&quot;&gt;&lt;a class=&quot;btnCheckButoon2&quot; href=&quot;/cho-thue-phong-tro-nha-tro-quan-bac-tu-liem-ha-noi&quot; title=&quot;Cho thuê Phòng trọ, nhà trọ tại Quận Bắc Từ Liêm&quot;&gt;Phòng trọ, nhà trọ&lt;/a&gt;&lt;/div&gt;&lt;div class=&quot;rows&quot;&gt;&lt;a class=&quot;btnCheckButoon2&quot; href=&quot;/cho-thue-dat-dich-vu-den-bu-quan-bac-tu-liem-s732666/&quot; title=&quot;Cho thuê Đất dịch vụ, đền bù tại Quận Bắc Từ Liêm&quot;&gt;Đất dịch vụ, đền bù&lt;/a&gt;&lt;/div&gt;&lt;div class=&quot;rows&quot;&gt;&lt;a class=&quot;btnCheckButoon2&quot; href=&quot;/cho-thue-dat-trang-trai-quan-bac-tu-liem-ha-noi&quot; title=&quot;Cho thuê Đất trang trại tại Quận Bắc Từ Liêm&quot;&gt;Đất trang trại&lt;/a&gt;&lt;/div&gt;&lt;div class=&quot;rows&quot;&gt;&lt;a class=&quot;btnCheckButoon2&quot; href=&quot;/cho-thue-khach-san-nha-hang-khu-nghi-duong-quan-bac-tu-liem-ha-noi&quot; title=&quot;Cho thuê Khách sạn, Nhà hàng, Resort tại Quận Bắc Từ Liêm&quot;&gt;Khách sạn, Nhà hàng, Resort&lt;/a&gt;&lt;/div&gt;&lt;div class=&quot;rows&quot;&gt;&lt;a class=&quot;btnCheckButoon2&quot; href=&quot;/cho-thue-mat-bang-kho-nha-xuong-quan-bac-tu-liem-ha-noi&quot; title=&quot;Cho thuê Mặt bằng, Nhà Xưởng, Kho bãi tại Quận Bắc Từ Liêm&quot;&gt;Mặt bằng, Nhà Xưởng, Kho bãi&lt;/a&gt;&lt;/div&gt;&lt;div class=&quot;rows&quot;&gt;&lt;a class=&quot;btnCheckButoon2&quot; href=&quot;/cho-thue-van-phong-quan-bac-tu-liem-ha-noi&quot; title=&quot;Cho thuê Văn phòng, TTTM, Cửa hàng, Kiot tại Quận Bắc Từ Liêm&quot;&gt;Văn phòng, TTTM, Cửa hàng, Kiot&lt;/a&gt;&lt;/div&gt;&lt;/div&gt;" SourceIndex="0;1270" TextLen="291" order="13" xPath="/#document/html/body/form[10]/div[1]/div[0]/div[2]/div[1]/div[11]/div[0]/div[0]/h2[0]/#text"/>
<LayoutNode BgColor="#ffffff" ContainImg="0" ContainP="0" ContainTable="false" Content=" " DOMCldNum="13" DoC="5" FontSize="14" FontWeight="normal" FrameSourceIndex="0" ID="1-4" IsImg="false" LinkNum="1" LinkTextLen="1" ObjectRectHeight="53" ObjectRectLeft="0" ObjectRectTop="2784" ObjectRectWidth="1420" SRC="&lt;div xmlns=&quot;http://www.w3.org/1999/xhtml&quot; class=&quot;dv-boxsearch-r&quot;&gt;&lt;div class=&quot;dv-pt-item-caption&quot;&gt;&lt;h3&gt;Đã xem, đã tìm kiếm&lt;/h3&gt;&lt;a class=&quot;a-linkbtl-l&quot; id=&quot;btnClearAllHistorySearch&quot;&gt;&lt;i class=&quot;fa fa-times&quot;/&gt;&lt;/a&gt;&lt;/div&gt;&lt;div id=&quot;divListLichsutruycap&quot;/&gt;&lt;/div&gt;" SourceIndex="1319" TextLen="20" order="14" xPath="/#document/html/body/form[10]/div[1]/div[0]/div[2]/div[1]/div[12]/div[1]/div"/>
<LayoutNode BgColor="#0774b9" ContainImg="0" ContainP="0" ContainTable="false" Content="Trang Chủ| Quy Chế Website| Bảng Giá Tin VIP| Bảng Giá Banner| Tài khoản nạp Gold24h| Hướng Dẫn| Liên Hệ| Hỗ trợ trực tuyến " DOMCldNum="7" DoC="5" FontSize="14" FontWeight="normal" FrameSourceIndex="0" ID="1-5" IsImg="false" LinkNum="8" LinkTextLen="109" ObjectRectHeight="40" ObjectRectLeft="0" ObjectRectTop="2858" ObjectRectWidth="1420" SRC="&lt;div xmlns=&quot;http://www.w3.org/1999/xhtml&quot; class=&quot;ft-top&quot;&gt;                    &lt;div class=&quot;ft-in-top&quot;&gt;                        &lt;ul&gt;                            &lt;li&gt;&lt;a href=&quot;https://nhadat24h.net&quot; title=&quot;Trang chủ&quot;&gt;Trang Chủ&lt;/a&gt;|&lt;/li&gt;                            &lt;li&gt;&lt;a href=&quot;/quyche&quot; rel=&quot;nofollow&quot; title=&quot;Quy chế Website&quot;&gt;Quy Chế Website&lt;/a&gt;|&lt;/li&gt;                            &lt;li&gt;&lt;a href=&quot;/baogiavip&quot; rel=&quot;nofollow&quot; title=&quot;Bảng giá đăng tin VIP&quot;&gt;Bảng Giá Tin VIP&lt;/a&gt;|&lt;/li&gt;                            &lt;li&gt;&lt;a href=&quot;/baogiabanner&quot; rel=&quot;nofollow&quot; title=&quot;Bảng giá Banner&quot;&gt;Bảng Giá Banner&lt;/a&gt;|&lt;/li&gt;                            &lt;li&gt;&lt;a href=&quot;/CNT#xemsotk&quot; rel=&quot;nofollow&quot; title=&quot;Số tài khoản nạp Gold24h&quot;&gt;Tài khoản nạp Gold24h&lt;/a&gt;|&lt;/li&gt;                            &lt;li&gt;&lt;a href=&quot;/Help-0&quot; rel=&quot;nofollow&quot; title=&quot;Hướng đẫn&quot;&gt;Hướng Dẫn&lt;/a&gt;|&lt;/li&gt;                            &lt;li&gt;&lt;a href=&quot;/GLH&quot; rel=&quot;nofollow&quot; title=&quot;Liên hệ&quot;&gt;Liên Hệ&lt;/a&gt;|&lt;/li&gt;                            &lt;li&gt;&lt;a onclick=&quot;binTopicChat('259053')&quot; title=&quot;Chat trực tuyến hỗ trợ đăng tin và quảng cáo&quot;&gt;Hỗ trợ trực tuyến&lt;/a&gt; &lt;/li&gt;                        &lt;/ul&gt;                    &lt;/div&gt;                &lt;/div&gt;" SourceIndex="1343" TextLen="116" order="15" xPath="/#document/html/body/form[10]/div[4]/div[0]/div[0]/div[0]/ul[7]/li[0]/a[0]/#text"/>
<LayoutNode BgColor="#ffffff" ContainImg="1" ContainP="1" ContainTable="false" Content="NHADAT24H.NET - MUA BÁN NHÀ ĐẤT CÔNG TY CP TẬP ĐOÀN CÔNG NGHỆ REALTECH Trụ sở chính : Ô TM 305 Toà nhà HPC Landmark, Tố Hữu, La khê, Hà Đông, Hà Nội. Hotline: 0987.281.636 - 0982.180.807  " DOMCldNum="17" DoC="8" FontSize="18" FontWeight="normal" FrameSourceIndex="0" ID="1-6" IsImg="false" LinkNum="1" LinkTextLen="0" ObjectRectHeight="84" ObjectRectLeft="0" ObjectRectTop="2916" ObjectRectWidth="1420" SRC="&lt;span xmlns=&quot;http://www.w3.org/1999/xhtml&quot;&gt;NHADAT24H.NET - MUA BÁN NHÀ ĐẤT&lt;/span&gt;&lt;label xmlns=&quot;http://www.w3.org/1999/xhtml&quot;&gt;                                CÔNG TY CP TẬP ĐOÀN CÔNG NGHỆ REALTECH                            &lt;/label&gt;&lt;label xmlns=&quot;http://www.w3.org/1999/xhtml&quot;&gt;                                Trụ sở chính : Ô TM 305 Toà nhà HPC Landmark, Tố Hữu, La khê, Hà Đông, Hà Nội.&lt;/label&gt;&lt;label xmlns=&quot;http://www.w3.org/1999/xhtml&quot;&gt;                                Hotline: 0987.281.636 - 0982.180.807                            &lt;/label&gt;&lt;p xmlns=&quot;http://www.w3.org/1999/xhtml&quot; class=&quot;p-ft-r&quot;&gt;                            &lt;a href=&quot;http://online.gov.vn/WebsiteDisplay.aspx?DocId=54740&quot; rel=&quot;nofollow&quot; target=&quot;_blank&quot; title=&quot;Đã đăng ký bộ công thương&quot;&gt;                                &lt;img alt=&quot;Bộ công thương&quot; src=&quot;/images/2014/bocongthuong.png&quot; title=&quot;Bộ công thương&quot;/&gt;&lt;/a&gt;                        &lt;/p&gt;" SourceIndex="1398;1401;1404;1407;1422" TextLen="183" order="16" xPath="/#document/html/body/form[10]/div[4]/div[1]/div[0]/div[0]/p[0]/span[0]/#text"/>
<LayoutNode BgColor="#ffffff" ContainImg="0" ContainP="0" ContainTable="false" Content="Phone: (024)39961636 - Fax: 04.62661512 " DOMCldNum="17" DoC="10" FontSize="12" FontWeight="normal" FrameSourceIndex="0" ID="1-7" IsImg="false" LinkNum="0" LinkTextLen="0" ObjectRectHeight="17" ObjectRectLeft="0" ObjectRectTop="3005" ObjectRectWidth="1420" SRC="&lt;label xmlns=&quot;http://www.w3.org/1999/xhtml&quot;&gt;                                Phone: (024)39961636 - Fax: 04.62661512                            &lt;/label&gt;" SourceIndex="1410" TextLen="39" order="17" xPath="/#document/html/body/form[10]/div[4]/div[1]/div[0]/div[0]/p[4]/label[0]/#text"/>
<LayoutNode BgColor="#ffffff" ContainImg="0" ContainP="0" ContainTable="false" Content="Email: ceo@nhadat24h.net " DOMCldNum="17" DoC="10" FontSize="12" FontWeight="normal" FrameSourceIndex="0" ID="1-8" IsImg="false" LinkNum="0" LinkTextLen="0" ObjectRectHeight="17" ObjectRectLeft="0" ObjectRectTop="3027" ObjectRectWidth="1420" SRC="&lt;label xmlns=&quot;http://www.w3.org/1999/xhtml&quot;&gt;                                Email: ceo@nhadat24h.net                            &lt;/label&gt;" SourceIndex="1413" TextLen="24" order="18" xPath="/#document/html/body/form[10]/div[4]/div[1]/div[0]/div[0]/p[5]/label[0]/#text"/>
<LayoutNode BgColor="#ffffff" ContainImg="0" ContainP="1" ContainTable="false" Content="© Copyright 2019 Realtech Inc. All Rights Reserved SÀN GIAO DỊCH THƯƠNG MẠI ĐIỆN TỬ NHADAT24H.NET, MST: 0108563110 " DOMCldNum="17" DoC="5" FontSize="12" FontWeight="normal" FrameSourceIndex="0" ID="1-9" IsImg="false" LinkNum="0" LinkTextLen="0" ObjectRectHeight="87" ObjectRectLeft="0" ObjectRectTop="3049" ObjectRectWidth="1420" SRC="&lt;label xmlns=&quot;http://www.w3.org/1999/xhtml&quot;&gt;© Copyright 2019 Realtech Inc. All Rights Reserved&lt;/label&gt;&lt;div xmlns=&quot;http://www.w3.org/1999/xhtml&quot; class=&quot;ft-dow&quot;&gt;                    &lt;div class=&quot;ft-in-dow&quot;&gt;                        &lt;p class=&quot;p-dow-l&quot;&gt;                            SÀN GIAO DỊCH THƯƠNG MẠI ĐIỆN TỬ NHADAT24H.NET, MST: 0108563110                        &lt;/p&gt;                    &lt;/div&gt;                &lt;/div&gt;" SourceIndex="1416;1431" TextLen="113" order="19" xPath="/#document/html/body/form[10]/div[4]/div[1]/div[0]/div[0]/p[6]/label[0]/#text"/>
</LayoutNode>
</VIPSPage>
