<VIPSPage PageRectHeight="980" PageRectLeft="0" PageRectTop="0" PageRectWidth="1420" PageTitle="bán nhà đại từ ô tô đỗ 250m, 6t mt15m tổng 36 phòng." Url="https://diachinhadat.com/ban-nha-trong-hem-quan-hoang-mai-dai-tu-o-to-do-250m-6t-mt15m-t-188899" WindowHeight="980" WindowWidth="1420" neworder="0" order="0">
<LayoutNode BgColor="#ffffff" ContainImg="21" ContainP="4" ContainTable="true" DOMCldNum="3" DoC="1" FontSize="16" FontWeight="normal" FormNum="0" FormSize="0" FrameSourceIndex="0" ID="1" InteractionNum="0" InteractionSize="0" IsImg="false" LinkNum="307" LinkTextLen="3088" ObjectRectHeight="3327" ObjectRectLeft="0" ObjectRectTop="0" ObjectRectWidth="1420" OptionNum="0" OptionTextLength="0" ParaNum="1" SourceIndex="105" TableNum="0" TextLen="4727" order="1">
<LayoutNode BgColor="#ffffff" ContainImg="4" ContainP="0" ContainTable="false" Content=" CẦN BÁN WEBSITE NÀY 0909107404 Đăng nhập Đăng ký Tìm kiếm Nhà đất bán Bán nhà mặt tiền Bán nhà trong hẻm Bán biệt thự, nhà liền kề Bán căn hộ chung cư Bán văn phòng Bán đất thổ cư, đất ở Bán đất nền, liền kề, đất dự án Bán đất nông, lâm nghiệp Bán trang trại Bán mặt bằng Bán phòng trọ, nhà trọ Bán nhà hàng, khách sạn Bán shop, kiot, quán Bán kho, xưởng Bán các loại BĐS khác Nhà đất cho thuê Cho thuê nhà nguyên căn Cho thuê phòng trọ Cho thuê nhà mặt tiền Cho thuê nhà trong hẻm Cho thuê biệt thự, nhà liền kề Cho thuê căn hộ chung cư Cho thuê văn phòng Cho thuê đất thổ cư, đất ở Cho thuê đất nền, liền kề, đất dự án Cho thuê đất nông, lâm nghiệp Cho thuê trang trại Cho thuê mặt bằng Cho thuê nhà hàng, khách sạn Cho thuê shop, kiot, quán Cho thuê kho, xưởng Cho thuê các loại BĐS khác Sang nhượng Sang quán cafe Sang quán ăn, nhà hàng Sang shop thời Trang Sang quán nhậu Sang bar, karaoke Sang spa, thẩm mỹ viện Sang tiệm tóc, salon beauty Sang quán bida Sang CLB thể hình Sang nhà thuốc tây Sang studio, áo cưới Sang cửa hàng, shop Sang mặt bằng kinh doanh Sang trường mầm non Sang cửa hàng điện thoại Sang tiệm net Sang khách sạn Sang tiệm Photocopy Dự án Căn hộ, chung cư Khu biệt thự Cao ốc văn phòng Khu thương mại Khu dân cư Nhà ở xã hội Khu đô thị mới Phong thủy Phong thủy phòng thờ Đặt bàn thờ thần tài Phong thủy nhà ở Phong thủy phòng khách Phong thủy cầu thang Phong thủy phòng làm việc Phong thủy bàn làm việc Phong thủy phòng ngủ Phong thủy nhà bếp Phong thủy mặt tiền Phong thủy phòng tắm Phong thủy sân vườn Phong thủy văn phòng Vật phẩm phong thủy Nhà cấp 4 theo phong thủy Tin tức Bất động sản Thị trường nhà đất Dự án bất động sản Nhà đẹp   Đăng tin miễn phí Đăng tin Nhà đất, Phòng trọ Đăng tin sang nhượng quán Đăng tin Dự án " DOMCldNum="3" DoC="5" FontSize="16" FontWeight="normal" FormNum="0" FormSize="0" FrameSourceIndex="0" ID="1-1" InteractionNum="0" InteractionSize="0" IsImg="false" LinkNum="22" LinkTextLen="130" ObjectHeight="105" ObjectRectHeight="215" ObjectRectLeft="0" ObjectRectTop="0" ObjectRectWidth="1420" ObjectWidth="262" ObjectX="125" ObjectY="10" OptionNum="0" OptionTextLength="0" ParaNum="0" SRC="&lt;img alt=&quot;diachinhadat.com&quot; class=&quot;img-responsive logo&quot; src=&quot;/images/logo.png&quot;/&gt;&lt;div class=&quot;col-md-12 col-sm-12&quot;&gt;                &lt;ul class=&quot;nav navbar-nav navbar-right navbar-nav-m&quot;&gt;    &lt;li class=&quot;welcome_title&quot;&gt;        &lt;a href=&quot;/&quot; style=&quot;color:red; font-weight:bold;&quot; target=&quot;_blank&quot;&gt;CẦN BÁN WEBSITE NÀY 0909107404&lt;/a&gt;    &lt;/li&gt;    &lt;!--li class=&quot;welcome_title&quot;&gt;        &lt;a href=&quot;http://muabancantho.vn&quot; target=&quot;_blank&quot; title=&quot;Rao vặt cần thơ&quot;&gt;&lt;img src=&quot;/images/raovatdaklak-icon.png&quot;/&gt; Raovatcantho.vn &lt;/a&gt;    &lt;/li--&gt;            &lt;li&gt;     &lt;a class=&quot;modal-link&quot; href=&quot;/dang-nhap-tai-khoan-dang-tin&quot; id=&quot;loginLink&quot; title=&quot;Đăng nhập tài khoản&quot;&gt;                &lt;img alt=&quot;Đăng nhập&quot; src=&quot;/images/login-icon.png&quot;/&gt; Đăng nhập            &lt;/a&gt;                    &lt;/li&gt;        &lt;li&gt;            &lt;a class=&quot;modal-link&quot; href=&quot;/dang-ky-tai-khoan-dang-tin&quot; id=&quot;registerLink&quot; title=&quot;Đăng ký tài khoản&quot;&gt;                &lt;img alt=&quot;Đăng ký&quot; src=&quot;/images/add-icon.png&quot;/&gt; Đăng ký            &lt;/a&gt;        &lt;/li&gt;&lt;/ul&gt;            &lt;/div&gt;&lt;nav class=&quot;navbar navbar-inverse&quot; id=&quot;nav_top&quot;&gt;            &lt;div class=&quot;container&quot;&gt;                &lt;div class=&quot;navbar-header&quot;&gt;                    &lt;button class=&quot;navbar-toggle&quot; data-target=&quot;#myNavbar&quot; data-toggle=&quot;collapse&quot; style=&quot;background: #e74c3c;&quot; type=&quot;button&quot;&gt;                        &lt;span class=&quot;icon-bar&quot;/&gt;                        &lt;span class=&quot;icon-bar&quot;/&gt;                        &lt;span class=&quot;icon-bar&quot;/&gt;                    &lt;/button&gt;                    &lt;a class=&quot;navbar-brand&quot; href=&quot;/&quot;&gt;                        &lt;span class=&quot;glyphicon glyphicon-home&quot; style=&quot;color:white&quot;/&gt;                    &lt;/a&gt;                    &lt;div class=&quot;navbar-brand&quot; data-toggle=&quot;collapse&quot; id=&quot;btnsearchmobile&quot; style=&quot;color:white&quot;&gt;                        &lt;span class=&quot;glyphicon glyphicon-search&quot;&gt; &lt;/span&gt; Tìm kiếm                    &lt;/div&gt;                                    &lt;/div&gt;                &lt;div class=&quot;collapse navbar-collapse&quot; id=&quot;myNavbar&quot;&gt;                    &lt;ul class=&quot;nav navbar-nav&quot;&gt;                        &lt;li class=&quot;dropdown&quot; itemprop=&quot;name&quot;&gt;                            &lt;a class=&quot;dropdown-toggle&quot; data-toggle=&quot;dropdown&quot; href=&quot;/nha-dat/ban-bat-dong-san&quot; itemprop=&quot;url&quot;&gt;Nhà đất bán&lt;/a&gt;                            &lt;ul class=&quot;dropdown-menu&quot;&gt;                                &lt;li&gt;&lt;a href=&quot;/nha-dat/ban-nha-mat-tien&quot;&gt;Bán nhà mặt tiền&lt;/a&gt;&lt;/li&gt;                                &lt;li&gt;&lt;a href=&quot;/nha-dat/ban-nha-trong-hem&quot;&gt;Bán nhà trong hẻm&lt;/a&gt;&lt;/li&gt;                                &lt;li&gt;&lt;a href=&quot;/nha-dat/ban-biet-thu-nha-lien-ke&quot;&gt;Bán biệt thự, nhà liền kề&lt;/a&gt;&lt;/li&gt;                                &lt;li&gt;&lt;a href=&quot;/nha-dat/ban-can-ho-chung-cu&quot;&gt;Bán căn hộ chung cư&lt;/a&gt;&lt;/li&gt;                                &lt;li&gt;&lt;a href=&quot;/nha-dat/ban-van-phong&quot;&gt;Bán văn phòng&lt;/a&gt;&lt;/li&gt;                                &lt;li&gt;&lt;a href=&quot;/nha-dat/ban-dat-tho-cu-dat-o&quot;&gt;Bán đất thổ cư, đất ở&lt;/a&gt;&lt;/li&gt;                                &lt;li&gt;&lt;a href=&quot;/nha-dat/ban-dat-nen-lien-ke-dat-du-an&quot;&gt;Bán đất nền, liền kề, đất dự án&lt;/a&gt;&lt;/li&gt;                                &lt;li&gt;&lt;a href=&quot;/nha-dat/ban-dat-nong-lam-nghiep&quot;&gt;Bán đất nông, lâm nghiệp&lt;/a&gt;&lt;/li&gt;                                &lt;li&gt;&lt;a href=&quot;/nha-dat/ban-trang-trai&quot;&gt;Bán trang trại&lt;/a&gt;&lt;/li&gt;                                &lt;li&gt;&lt;a href=&quot;/nha-dat/ban-mat-bang&quot;&gt;Bán mặt bằng&lt;/a&gt;&lt;/li&gt;                                &lt;li&gt;&lt;a href=&quot;/nha-dat/ban-phong-tro-nha-tro&quot;&gt;Bán phòng trọ, nhà trọ&lt;/a&gt;&lt;/li&gt;                                &lt;li&gt;&lt;a href=&quot;/nha-dat/ban-nha-hang-khach-san&quot;&gt;Bán nhà hàng, khách sạn&lt;/a&gt;&lt;/li&gt;                                &lt;li&gt;&lt;a href=&quot;/nha-dat/ban-shop-kiot-quan&quot;&gt;Bán shop, kiot, quán&lt;/a&gt;&lt;/li&gt;                                &lt;li&gt;&lt;a href=&quot;/nha-dat/ban-kho-xuong&quot;&gt;Bán kho, xưởng&lt;/a&gt;&lt;/li&gt;                                &lt;li&gt;&lt;a href=&quot;/nha-dat/ban-bat-dong-san&quot;&gt;Bán các loại BĐS khác&lt;/a&gt;&lt;/li&gt;                            &lt;/ul&gt;                        &lt;/li&gt;                        &lt;li class=&quot;dropdown&quot; itemprop=&quot;name&quot;&gt;                            &lt;a class=&quot;dropdown-toggle&quot; data-toggle=&quot;dropdown&quot; href=&quot;/nha-dat/cho-thue-bat-dong-san&quot; itemprop=&quot;url&quot;&gt;Nhà đất cho thuê&lt;/a&gt;                            &lt;ul class=&quot;dropdown-menu&quot;&gt;                                &lt;li&gt;&lt;a href=&quot;/nha-dat/cho-thue-nha-o&quot;&gt;Cho thuê nhà nguyên căn&lt;/a&gt;&lt;/li&gt;                                &lt;li&gt;&lt;a href=&quot;/nha-dat/cho-thue-phong-tro-nha-tro&quot;&gt;Cho thuê phòng trọ&lt;/a&gt;&lt;/li&gt;                                &lt;li&gt;&lt;a href=&quot;/nha-dat/cho-thue-nha-mat-tien&quot;&gt;Cho thuê nhà mặt tiền&lt;/a&gt;&lt;/li&gt;                                &lt;li&gt;&lt;a href=&quot;/nha-dat/cho-thue-nha-trong-hem&quot;&gt;Cho thuê nhà trong hẻm&lt;/a&gt;&lt;/li&gt;                                &lt;li&gt;&lt;a href=&quot;/nha-dat/cho-thue-biet-thu-nha-lien-ke&quot;&gt;Cho thuê biệt thự, nhà liền kề&lt;/a&gt;&lt;/li&gt;                                &lt;li&gt;&lt;a href=&quot;/nha-dat/cho-thue-can-ho-chung-cu&quot;&gt;Cho thuê căn hộ chung cư&lt;/a&gt;&lt;/li&gt;                                &lt;li&gt;&lt;a href=&quot;/nha-dat/cho-thue-van-phong&quot;&gt;Cho thuê văn phòng&lt;/a&gt;&lt;/li&gt;                                &lt;li&gt;&lt;a href=&quot;/nha-dat/cho-thue-dat-tho-cu-dat-o&quot;&gt;Cho thuê đất thổ cư, đất ở&lt;/a&gt;&lt;/li&gt;                                &lt;li&gt;&lt;a href=&quot;/nha-dat/cho-thue-dat-nen-lien-ke-dat-du-an&quot;&gt;Cho thuê đất nền, liền kề, đất dự án&lt;/a&gt;&lt;/li&gt;                                &lt;li&gt;&lt;a href=&quot;/nha-dat/cho-thue-dat-nong-lam-nghiep&quot;&gt;Cho thuê đất nông, lâm nghiệp&lt;/a&gt;&lt;/li&gt;                                &lt;li&gt;&lt;a href=&quot;/nha-dat/cho-thue-trang-trai&quot;&gt;Cho thuê trang trại&lt;/a&gt;&lt;/li&gt;                                &lt;li&gt;&lt;a href=&quot;/nha-dat/cho-thue-mat-bang&quot;&gt;Cho thuê mặt bằng&lt;/a&gt;&lt;/li&gt;                                &lt;li&gt;&lt;a href=&quot;/nha-dat/cho-thue-nha-hang-khach-san&quot;&gt;Cho thuê nhà hàng, khách sạn&lt;/a&gt;&lt;/li&gt;                                &lt;li&gt;&lt;a href=&quot;/nha-dat/cho-thue-shop-kiot-quan&quot;&gt;Cho thuê shop, kiot, quán&lt;/a&gt;&lt;/li&gt;                                &lt;li&gt;&lt;a href=&quot;/nha-dat/cho-thue-kho-xuong&quot;&gt;Cho thuê kho, xưởng&lt;/a&gt;&lt;/li&gt;                                &lt;li&gt;&lt;a href=&quot;/nha-dat/cho-thue-bat-dong-san&quot;&gt;Cho thuê các loại BĐS khác&lt;/a&gt;&lt;/li&gt;                            &lt;/ul&gt;                        &lt;/li&gt;                        &lt;li class=&quot;dropdown&quot; itemprop=&quot;name&quot;&gt;                            &lt;a class=&quot;dropdown-toggle&quot; data-toggle=&quot;dropdown&quot; href=&quot;/sang-nhuong&quot; itemprop=&quot;url&quot;&gt;Sang nhượng&lt;/a&gt;                            &lt;ul class=&quot;dropdown-menu&quot;&gt;                                &lt;li&gt;&lt;a href=&quot;/sang-nhuong/sang-quan-cafe&quot;&gt;Sang quán cafe&lt;/a&gt;&lt;/li&gt;                                &lt;li&gt;&lt;a href=&quot;/sang-nhuong/sang-quan-an-nha-hang&quot;&gt;Sang quán ăn, nhà hàng&lt;/a&gt;&lt;/li&gt;                                &lt;li&gt;&lt;a href=&quot;/sang-nhuong/sang-shop-thoi-trang&quot;&gt;Sang shop thời Trang&lt;/a&gt;&lt;/li&gt;                                &lt;li&gt;&lt;a href=&quot;/sang-nhuong/sang-quan-nhau&quot;&gt;Sang quán nhậu&lt;/a&gt;&lt;/li&gt;                                &lt;li&gt;&lt;a href=&quot;/sang-nhuong/sang-bar-karaoke&quot;&gt;Sang bar, karaoke&lt;/a&gt;&lt;/li&gt;                                &lt;li&gt;&lt;a href=&quot;/sang-nhuong/sang-spa-tham-my-vien&quot;&gt;Sang spa, thẩm mỹ viện&lt;/a&gt;&lt;/li&gt;                                &lt;li&gt;&lt;a href=&quot;/sang-nhuong/sang-tiem-toc-salon-beauty&quot;&gt;Sang tiệm tóc, salon beauty&lt;/a&gt;&lt;/li&gt;                                &lt;li&gt;&lt;a href=&quot;/sang-nhuong/sang-quan-bida&quot;&gt;Sang quán bida&lt;/a&gt;&lt;/li&gt;                                &lt;li&gt;&lt;a href=&quot;/sang-nhuong/sang-clb-the-hinh&quot;&gt;Sang CLB thể hình&lt;/a&gt;&lt;/li&gt;                                &lt;li&gt;&lt;a href=&quot;/sang-nhuong/sang-nha-thuoc-tay&quot;&gt;Sang nhà thuốc tây&lt;/a&gt;&lt;/li&gt;                                &lt;li&gt;&lt;a href=&quot;/sang-nhuong/sang-studio-ao-cuoi&quot;&gt;Sang studio, áo cưới&lt;/a&gt;&lt;/li&gt;                                &lt;li&gt;&lt;a href=&quot;/sang-nhuong/sang-cua-hang-shop&quot;&gt;Sang cửa hàng, shop&lt;/a&gt;&lt;/li&gt;                                &lt;li&gt;&lt;a href=&quot;/sang-nhuong/sang-mat-bang-kinh-doanh&quot;&gt;Sang mặt bằng kinh doanh&lt;/a&gt;&lt;/li&gt;                                &lt;li&gt;&lt;a href=&quot;/sang-nhuong/sang-truong-mam-non&quot;&gt;Sang trường mầm non&lt;/a&gt;&lt;/li&gt;                                &lt;li&gt;&lt;a href=&quot;/sang-nhuong/sang-cua-hang-dien-thoai&quot;&gt;Sang cửa hàng điện thoại&lt;/a&gt;&lt;/li&gt;                                &lt;li&gt;&lt;a href=&quot;/sang-nhuong/sang-tiem-net&quot;&gt;Sang tiệm net&lt;/a&gt;&lt;/li&gt;                                &lt;li&gt;&lt;a href=&quot;/sang-nhuong/sang-khach-san&quot;&gt;Sang khách sạn&lt;/a&gt;&lt;/li&gt;                                &lt;li&gt;&lt;a href=&quot;/sang-nhuong/sang-tiem-photocopy&quot;&gt;Sang tiệm Photocopy&lt;/a&gt;&lt;/li&gt;                            &lt;/ul&gt;                        &lt;/li&gt;                        &lt;li class=&quot;dropdown menu_responsive_hide&quot; itemprop=&quot;name&quot;&gt;                            &lt;a class=&quot;dropdown-toggle&quot; data-toggle=&quot;dropdown&quot; href=&quot;/du-an&quot; itemprop=&quot;url&quot;&gt;Dự án&lt;/a&gt;                            &lt;ul class=&quot;dropdown-menu&quot;&gt;                                &lt;li&gt;&lt;a href=&quot;/du-an/can-ho-chung-cu&quot;&gt;Căn hộ, chung cư&lt;/a&gt;&lt;/li&gt;                                &lt;li&gt;&lt;a href=&quot;/du-an/khu-biet-thu&quot;&gt;Khu biệt thự&lt;/a&gt;&lt;/li&gt;                                &lt;li&gt;&lt;a href=&quot;/du-an/cao-oc-van-phong&quot;&gt;Cao ốc văn phòng&lt;/a&gt;&lt;/li&gt;                                &lt;li&gt;&lt;a href=&quot;/du-an/khu-thuong-mai&quot;&gt;Khu thương mại&lt;/a&gt;&lt;/li&gt;                                &lt;li&gt;&lt;a href=&quot;/du-an/khu-dan-cu&quot;&gt;Khu dân cư&lt;/a&gt;&lt;/li&gt;                                &lt;li&gt;&lt;a href=&quot;/du-an/nha-o-xa-hoi&quot;&gt;Nhà ở xã hội&lt;/a&gt;&lt;/li&gt;                                &lt;li&gt;&lt;a href=&quot;/du-an/khu-do-thi-moi&quot;&gt;Khu đô thị mới&lt;/a&gt;&lt;/li&gt;                            &lt;/ul&gt;                        &lt;/li&gt;                        &lt;li class=&quot;dropdown menu_responsive_hide&quot; itemprop=&quot;name&quot;&gt;                            &lt;a class=&quot;dropdown-toggle&quot; data-toggle=&quot;dropdown&quot; href=&quot;/phong-thuy&quot; itemprop=&quot;url&quot;&gt;Phong thủy&lt;/a&gt;                            &lt;ul class=&quot;dropdown-menu&quot;&gt;                                &lt;li&gt;&lt;a href=&quot;/phong-thuy/phong-thuy-phong-tho&quot;&gt;Phong thủy phòng thờ&lt;/a&gt;&lt;/li&gt;                                &lt;li&gt;&lt;a href=&quot;/phong-thuy/dat-ban-tho-than-tai&quot;&gt;Đặt bàn thờ thần tài&lt;/a&gt;&lt;/li&gt;                                &lt;li&gt;&lt;a href=&quot;/phong-thuy/phong-thuy-nha-o&quot;&gt;Phong thủy nhà ở&lt;/a&gt;&lt;/li&gt;                                &lt;li&gt;&lt;a href=&quot;/phong-thuy/phong-thuy-phong-khach&quot;&gt;Phong thủy phòng khách&lt;/a&gt;&lt;/li&gt;                                &lt;li&gt;&lt;a href=&quot;/phong-thuy/phong-thuy-cau-thang&quot;&gt;Phong thủy cầu thang&lt;/a&gt;&lt;/li&gt;                                &lt;li&gt;&lt;a href=&quot;/phong-thuy/phong-thuy-phong-lam-viec&quot;&gt;Phong thủy phòng làm việc&lt;/a&gt;&lt;/li&gt;                                &lt;li&gt;&lt;a href=&quot;/phong-thuy/phong-thuy-ban-lam-viec&quot;&gt;Phong thủy bàn làm việc&lt;/a&gt;&lt;/li&gt;                                &lt;li&gt;&lt;a href=&quot;/phong-thuy/phong-thuy-phong-ngu&quot;&gt;Phong thủy phòng ngủ&lt;/a&gt;&lt;/li&gt;                                &lt;li&gt;&lt;a href=&quot;/phong-thuy/phong-thuy-nha-bep&quot;&gt;Phong thủy nhà bếp&lt;/a&gt;&lt;/li&gt;                                &lt;li&gt;&lt;a href=&quot;/phong-thuy/phong-thuy-mat-tien&quot;&gt;Phong thủy mặt tiền&lt;/a&gt;&lt;/li&gt;                                &lt;li&gt;&lt;a href=&quot;/phong-thuy/phong-thuy-phong-tam&quot;&gt;Phong thủy phòng tắm&lt;/a&gt;&lt;/li&gt;                                &lt;li&gt;&lt;a href=&quot;/phong-thuy/phong-thuy-san-vuon&quot;&gt;Phong thủy sân vườn&lt;/a&gt;&lt;/li&gt;                                &lt;li&gt;&lt;a href=&quot;/phong-thuy/phong-thuy-van-phong&quot;&gt;Phong thủy văn phòng&lt;/a&gt;&lt;/li&gt;                                &lt;li&gt;&lt;a href=&quot;/phong-thuy/vat-pham-phong-thuy&quot;&gt;Vật phẩm phong thủy&lt;/a&gt;&lt;/li&gt;                                &lt;li&gt;&lt;a href=&quot;/phong-thuy/nha-cap-4-theo-phong-thuy&quot;&gt;Nhà cấp 4 theo phong thủy&lt;/a&gt;&lt;/li&gt;                            &lt;/ul&gt;                        &lt;/li&gt;                        &lt;li class=&quot;dropdown menu_responsive_hide&quot; itemprop=&quot;name&quot;&gt;                            &lt;a class=&quot;dropdown-toggle&quot; data-toggle=&quot;dropdown&quot; href=&quot;/tin-tuc&quot; itemprop=&quot;url&quot;&gt;Tin tức&lt;/a&gt;                            &lt;ul class=&quot;dropdown-menu&quot;&gt;                                &lt;li&gt;&lt;a href=&quot;/tin-tuc/bat-dong-san&quot;&gt;Bất động sản&lt;/a&gt;&lt;/li&gt;                                &lt;li&gt;&lt;a href=&quot;/tin-tuc/thi-truong&quot;&gt;Thị trường nhà đất&lt;/a&gt;&lt;/li&gt;                                &lt;li&gt;&lt;a href=&quot;/tin-tuc/du-an-bat-dong-san&quot;&gt;Dự án bất động sản&lt;/a&gt;&lt;/li&gt;                                &lt;li&gt;&lt;a href=&quot;/tin-tuc/nha-dep&quot;&gt;Nhà đẹp&lt;/a&gt;&lt;/li&gt;                            &lt;/ul&gt;                        &lt;/li&gt;                                            &lt;/ul&gt;                    &lt;ul class=&quot;nav navbar-nav navbar-right&quot;&gt;                        &lt;li class=&quot;dropdown&quot; style=&quot;background-color: #e32a2a;&quot;&gt;                            &lt;a class=&quot;dropdown-toggle&quot; data-toggle=&quot;dropdown&quot; href=&quot;/&quot;&gt;                                &lt;span class=&quot;glyphicon glyphicon-plus-sign&quot;/&gt;                                  Đăng tin miễn phí                            &lt;/a&gt;                            &lt;ul class=&quot;dropdown-menu&quot;&gt;                                &lt;li&gt;&lt;a href=&quot;/dang-tin-nha-dat&quot;&gt;Đăng tin Nhà đất, Phòng trọ&lt;/a&gt;&lt;/li&gt;                                &lt;li&gt;&lt;a href=&quot;/dang-tin-sang-nhuong-quan&quot;&gt;Đăng tin sang nhượng quán&lt;/a&gt;&lt;/li&gt;                                &lt;li&gt;&lt;a href=&quot;/dang-tin-du-an&quot;&gt;Đăng tin Dự án&lt;/a&gt;&lt;/li&gt;                            &lt;/ul&gt;                        &lt;/li&gt;                    &lt;/ul&gt;                &lt;/div&gt;            &lt;/div&gt;        &lt;/nav&gt;" SourceIndex="2171;141;172" TableNum="0" TextLen="130" order="2" xPath="/html[1]/body[1]/header[1]/div[1]/div[1]/div[1]/a[1]/img[1]"/>
<LayoutNode BgColor="#ffffff" ContainImg="0" ContainP="0" ContainTable="false" Content="Trang chủ › Nhà đất Bán › Nhà trong hẻm › Hà Nội › Quận Hoàng Mai " DOMCldNum="13" DoC="8" FontSize="16" FontWeight="normal" FormNum="0" FormSize="0" FrameSourceIndex="0" ID="1-2" InteractionNum="0" InteractionSize="0" IsImg="false" LinkNum="10" LinkTextLen="53" ObjectHeight="29" ObjectRectHeight="29" ObjectRectLeft="0" ObjectRectTop="235" ObjectRectWidth="1420" ObjectWidth="1140" ObjectX="125" ObjectY="235" OptionNum="0" OptionTextLength="0" ParaNum="0" SRC="&lt;nav&gt;    &lt;div class=&quot;breadcrumbs&quot;&gt;        &lt;ul class=&quot;list-inline&quot; itemscope=&quot;&quot; itemtype=&quot;http://schema.org/BreadcrumbList&quot;&gt;            &lt;li itemprop=&quot;itemListElement&quot; itemscope=&quot;&quot; itemtype=&quot;http://schema.org/ListItem&quot;&gt;                &lt;a href=&quot;/&quot; itemprop=&quot;item&quot; title=&quot;Mua bán nhà đất&quot;&gt;                    &lt;span itemprop=&quot;name&quot;&gt;Trang chủ&lt;/span&gt;                &lt;/a&gt;            &lt;/li&gt;            ›            &lt;li itemprop=&quot;itemListElement&quot; itemscope=&quot;&quot; itemtype=&quot;http://schema.org/ListItem&quot;&gt;                &lt;a href=&quot;/nha-dat/ban-bat-dong-san&quot; itemprop=&quot;item&quot; title=&quot;Nhà đất Bán&quot;&gt;                    &lt;span itemprop=&quot;name&quot;&gt;Nhà đất Bán&lt;/span&gt;                &lt;/a&gt;            &lt;/li&gt;            ›            &lt;li itemprop=&quot;itemListElement&quot; itemscope=&quot;&quot; itemtype=&quot;http://schema.org/ListItem&quot;&gt;                &lt;a href=&quot;/nha-dat/ban-nha-trong-hem&quot; itemprop=&quot;item&quot; title=&quot;Nhà trong hẻm&quot;&gt;                    &lt;span itemprop=&quot;name&quot;&gt;Nhà trong hẻm&lt;/span&gt;                &lt;/a&gt;            &lt;/li&gt;            ›            &lt;li itemprop=&quot;itemListElement&quot; itemscope=&quot;&quot; itemtype=&quot;http://schema.org/ListItem&quot;&gt;                &lt;a href=&quot;/nha-dat/ban-nha-trong-hem-ha-noi&quot; itemprop=&quot;item&quot; title=&quot;Hà Nội&quot;&gt;                    &lt;span itemprop=&quot;name&quot;&gt;Hà Nội&lt;/span&gt;                &lt;/a&gt;            &lt;/li&gt;            ›            &lt;li itemprop=&quot;itemListElement&quot; itemscope=&quot;&quot; itemtype=&quot;http://schema.org/ListItem&quot;&gt;                &lt;a href=&quot;/nha-dat/ban-nha-trong-hem-ha-noi-quan-hoang-mai&quot; itemprop=&quot;item&quot; title=&quot;Quận Hoàng Mai&quot;&gt;                    &lt;span itemprop=&quot;name&quot;&gt;Quận Hoàng Mai&lt;/span&gt;                &lt;/a&gt;            &lt;/li&gt;        &lt;/ul&gt;    &lt;/div&gt;&lt;/nav&gt;" SourceIndex="590" TableNum="0" TextLen="65" order="3" xPath="/html[1]/body[1]/div[2]/nav[1]"/>
<LayoutNode BgColor="#ffffff" ContainImg="0" ContainP="0" ContainTable="false" Content="Bán nhà Đại Từ ô tô đỗ 250m, 6T MT15m tổng 36 phòng. " DOMCldNum="11" DoC="5" FontSize="16" FontWeight="normal" FormNum="0" FormSize="0" FrameSourceIndex="0" ID="1-3" InteractionNum="0" InteractionSize="0" IsImg="false" LinkNum="0" LinkTextLen="0" ObjectHeight="33" ObjectRectHeight="33" ObjectRectLeft="0" ObjectRectTop="274" ObjectRectWidth="1420" ObjectWidth="1140" ObjectX="140" ObjectY="274" OptionNum="0" OptionTextLength="0" ParaNum="0" SRC="&lt;div class=&quot;container&quot;&gt;        &lt;div class=&quot;row&quot;&gt;            &lt;h1 style=&quot;font-size: 20px; font-weight: bold; margin-top: 0px&quot;&gt;Bán nhà Đại Từ ô tô đỗ 250m, 6T MT15m tổng 36 phòng.&lt;/h1&gt;        &lt;/div&gt;        &lt;div class=&quot;social-button&quot;&gt;                                &lt;div class=&quot;facebook_share&quot;&gt;                &lt;!--div class=&quot;fb-like fb-share-button&quot; data-href=&quot;https://diachinhadat.com/ban-nha-trong-hem-quan-hoang-mai-dai-tu-o-to-do-250m-6t-mt15m-t-188899&quot; data-layout=&quot;button_count&quot;&gt;&lt;/div--&gt;    &lt;div class=&quot;fb-like&quot; data-action=&quot;like&quot; data-href=&quot;https://diachinhadat.com/ban-nha-trong-hem-quan-hoang-mai-dai-tu-o-to-do-250m-6t-mt15m-t-188899&quot; data-layout=&quot;button_count&quot; data-share=&quot;true&quot; data-show-faces=&quot;false&quot; id=&quot;likepost&quot;/&gt;            &lt;/div&gt;        &lt;/div&gt;    &lt;/div&gt;" SourceIndex="648" TableNum="0" TextLen="52" order="4" xPath="/html[1]/body[1]/div[2]/div[1]/div[1]"/>
<LayoutNode BgColor="#ffffff" ContainImg="7" ContainP="2" ContainTable="true" DOMCldNum="5" DoC="7" FontSize="16" FontWeight="normal" FormNum="0" FormSize="0" FrameSourceIndex="0" ID="1-4" InteractionNum="0" InteractionSize="0" IsImg="false" LinkNum="0" LinkTextLen="0" ObjectRectHeight="509" ObjectRectLeft="0" ObjectRectTop="317" ObjectRectWidth="1420" OptionNum="0" OptionTextLength="0" ParaNum="0" SourceIndex="681" TableNum="0" TextLen="182" order="5">
<LayoutNode BgColor="#ffffff" ContainImg="7" ContainP="0" ContainTable="false" DOMCldNum="5" DoC="7" FontSize="16" FontWeight="normal" FormNum="0" FormSize="0" FrameSourceIndex="0" ID="1-4-1" InteractionNum="0" InteractionSize="0" IsImg="false" LinkNum="0" LinkTextLen="0" ObjectRectHeight="509" ObjectRectLeft="0" ObjectRectTop="317" ObjectRectWidth="869" OptionNum="0" OptionTextLength="0" ParaNum="0" SourceIndex="681" TableNum="0" TextLen="0" order="6">
<LayoutNode BgColor="#ffffff" ContainImg="4" ContainP="0" ContainTable="false" DOMCldNum="5" DoC="7" FontSize="16" FontWeight="normal" FormNum="0" FormSize="0" FrameSourceIndex="0" ID="1-4-1-1" InteractionNum="0" InteractionSize="0" IsImg="false" LinkNum="0" LinkTextLen="0" ObjectRectHeight="363" ObjectRectLeft="0" ObjectRectTop="317" ObjectRectWidth="869" OptionNum="0" OptionTextLength="0" ParaNum="0" SourceIndex="681" TableNum="0" TextLen="0" order="7">
<LayoutNode BgColor="#ffffff" ContainImg="2" ContainP="0" ContainTable="false" Content=" " DOMCldNum="5" DoC="11" FontSize="16" FontWeight="normal" FormNum="0" FormSize="0" FrameSourceIndex="0" ID="1-4-1-1-1" InteractionNum="0" InteractionSize="0" IsImg="true" LinkNum="0" LinkTextLen="0" ObjectHeight="358" ObjectRectHeight="363" ObjectRectLeft="0" ObjectRectTop="317" ObjectRectWidth="400" ObjectWidth="269" ObjectX="131" ObjectY="323" OptionNum="0" OptionTextLength="0" ParaNum="0" SRC="&lt;img alt=&quot;bán nhà đại từ ô tô đỗ 250m, 6t mt15m tổng 36 phòng.-317701&quot; class=&quot;img-responsive small-responsive&quot; id=&quot;largeImage&quot; src=&quot;/files/nhadat/2020/6/28/images/ab5e0e12-e903-4efe-ba98-cdedfaaecd54.jpg&quot;/&gt;" SourceIndex="2747" TableNum="0" TextLen="0" order="8" xPath="/html[1]/body[1]/div[2]/div[1]/div[2]/div[1]/article[1]/div[1]/div[1]/div[1]/img[2]"/>
<LayoutNode BgColor="#ffffff" ContainImg="2" ContainP="0" ContainTable="false" Content=" " DOMCldNum="5" DoC="11" FontSize="16" FontWeight="normal" FormNum="0" FormSize="0" FrameSourceIndex="0" ID="1-4-1-1-2" InteractionNum="0" InteractionSize="0" IsImg="true" LinkNum="0" LinkTextLen="0" ObjectHeight="24" ObjectRectHeight="363" ObjectRectLeft="863" ObjectRectTop="317" ObjectRectWidth="6" ObjectWidth="24" ObjectX="863" ObjectY="322" OptionNum="0" OptionTextLength="0" ParaNum="0" SRC="&lt;img id=&quot;rotateimg&quot; src=&quot;images/rotate.png&quot; style=&quot;position:absolute; right:10px; cursor: pointer;&quot; width=&quot;24px&quot;/&gt;" SourceIndex="2745" TableNum="0" TextLen="0" order="9" xPath="/html[1]/body[1]/div[2]/div[1]/div[2]/div[1]/article[1]/div[1]/div[1]/div[1]/img[1]"/>
</LayoutNode>
<LayoutNode BgColor="#ffffff" ContainImg="3" ContainP="0" ContainTable="false" Content=" " DOMCldNum="7" DoC="8" FontSize="16" FontWeight="normal" FormNum="0" FormSize="0" FrameSourceIndex="0" ID="1-4-1-2" InteractionNum="0" InteractionSize="0" IsImg="false" LinkNum="0" LinkTextLen="0" ObjectHeight="108" ObjectRectHeight="111" ObjectRectLeft="0" ObjectRectTop="715" ObjectRectWidth="869" ObjectWidth="719" ObjectX="140" ObjectY="715" OptionNum="0" OptionTextLength="0" ParaNum="0" SRC="&lt;div class=&quot;col-lg-12 h_mobile&quot; id=&quot;thumbs&quot;&gt;                                           &lt;!-- Thumbnails --&gt;                                             &lt;img alt=&quot;bán nhà đại từ ô tô đỗ 250m, 6t mt15m tổng 36 phòng.-317701&quot; class=&quot;img-responsive&quot; src=&quot;/files/nhadat/2020/6/28/images/ab5e0e12-e903-4efe-ba98-cdedfaaecd54.jpg&quot; style=&quot;width:100px; height:100px;&quot;/&gt;                                    &lt;!-- End thumbnails --&gt;                                    &lt;!-- Thumbnails --&gt;                                             &lt;img alt=&quot;bán nhà đại từ ô tô đỗ 250m, 6t mt15m tổng 36 phòng.-317702&quot; class=&quot;img-responsive&quot; src=&quot;/files/nhadat/2020/6/28/images/fe980f23-89e0-4d25-82bd-47821c8b667b.jpg&quot; style=&quot;width:100px; height:100px;&quot;/&gt;                                    &lt;!-- End thumbnails --&gt;                                    &lt;!-- Thumbnails --&gt;                                             &lt;img alt=&quot;bán nhà đại từ ô tô đỗ 250m, 6t mt15m tổng 36 phòng.-317703&quot; class=&quot;img-responsive&quot; src=&quot;/files/nhadat/2020/6/28/images/8e0c09dc-f320-4b52-9a40-1da4d7a00c01.jpg&quot; style=&quot;width:100px; height:100px;&quot;/&gt;                                    &lt;!-- End thumbnails --&gt;                            &lt;/div&gt;" SourceIndex="688" TableNum="0" TextLen="0" order="10" xPath="/html[1]/body[1]/div[2]/div[1]/div[2]/div[1]/article[1]/div[1]/div[1]/div[2]"/>
</LayoutNode>
<LayoutNode BgColor="#fdfdfd" ContainImg="0" ContainP="2" ContainTable="true" DOMCldNum="9" DoC="8" FontSize="16" FontWeight="normal" FormNum="0" FormSize="0" FrameSourceIndex="0" ID="1-4-2" InteractionNum="0" InteractionSize="0" IsImg="false" LinkNum="0" LinkTextLen="0" ObjectRectHeight="509" ObjectRectLeft="904" ObjectRectTop="317" ObjectRectWidth="516" OptionNum="0" OptionTextLength="0" ParaNum="0" SourceIndex="739" TableNum="0" TextLen="182" order="11">
<LayoutNode BgColor="#fdfdfd" ContainImg="0" ContainP="2" ContainTable="false" Content="Ngày đăng: Hôm nay Hoàng Mai Diện tích: 250 m2 0962305478 " DOMCldNum="9" DoC="8" FontSize="16" FontWeight="normal" FormNum="0" FormSize="0" FrameSourceIndex="0" ID="1-4-2-1" InteractionNum="0" InteractionSize="0" IsImg="false" LinkNum="0" LinkTextLen="0" ObjectHeight="241" ObjectRectHeight="242" ObjectRectLeft="904" ObjectRectTop="317" ObjectRectWidth="516" ObjectWidth="317" ObjectX="925" ObjectY="318" OptionNum="0" OptionTextLength="0" ParaNum="0" SRC="&lt;div class=&quot;support-tip&quot;&gt;                &lt;div style=&quot;float:right&quot;&gt;                &lt;/div&gt;                &lt;span class=&quot;text-primary&quot;&gt;Mã tin: 188899&lt;/span&gt;                &lt;h2 style=&quot;font-size:30px;&quot;&gt;                    &lt;script&gt;                        document.write('&lt;span style=&quot;color:rgb(228, 27, 35); font-weight:bold&quot;&gt;' + ConvertNumberToText(18000000) + '&lt;/span&gt;')                    &lt;/script&gt;                &lt;/h2&gt;                &lt;div&gt;                        Ngày đăng:                            &lt;font XDefaultStyle=&quot;;color: red;&quot; color=&quot;red&quot;&gt;Hôm nay&lt;/font&gt;                &lt;/div&gt;                &lt;!-- Small button group --&gt;                &lt;div class=&quot;clear&quot;/&gt;                &lt;div class=&quot;short-license&quot;&gt;                    &lt;p itemprop=&quot;streetAddress&quot;&gt;&lt;i class=&quot;glyphicon glyphicon-map-marker&quot;/&gt; Hoàng Mai&lt;/p&gt;                                        &lt;p&gt;                        &lt;i class=&quot;glyphicon glyphicon-globe&quot;/&gt;Diện tích:                            &lt;span class=&quot;dds&quot;&gt; 250 m2&lt;/span&gt;                    &lt;/p&gt;                         &lt;div aria-label=&quot;...&quot; class=&quot;btn-group cart-block&quot; role=&quot;group&quot;&gt;                        &lt;div class=&quot;addcart&quot; style=&quot;width: 100%;background: #e32a2a;color: white;height: 50px;padding: 10px;text-align: center;font-size: 20px;&quot;&gt;                            &lt;b class=&quot;phone&quot; itemprop=&quot;telephone&quot;&gt;                                0962305478                            &lt;/b&gt;                        &lt;/div&gt;                    &lt;/div&gt;                &lt;/div&gt;            &lt;/div&gt;" SourceIndex="741" TableNum="0" TextLen="71" order="12" xPath="/html[1]/body[1]/div[2]/div[1]/div[2]/div[2]/div[1]"/>
<LayoutNode BgColor="#fdfdfd" ContainImg="0" ContainP="0" ContainTable="true" Content="Thông tin khác Quận/Huyện: Quận Hoàng Mai, Hà Nội Chiều rộng: (m) Chiều dài: (m) Đường hẻm vào: (m) Số tầng: 6 Số phòng: 36 " DOMCldNum="9" DoC="8" FontSize="16" FontWeight="normal" FormNum="0" FormSize="0" FrameSourceIndex="0" ID="1-4-2-2" InteractionNum="0" InteractionSize="0" IsImg="false" LinkNum="0" LinkTextLen="0" ObjectHeight="195" ObjectRectHeight="216" ObjectRectLeft="904" ObjectRectTop="610" ObjectRectWidth="516" ObjectWidth="317" ObjectX="925" ObjectY="610" OptionNum="0" OptionTextLength="0" ParaNum="0" SRC="&lt;div class=&quot;support-tip&quot;&gt;                &lt;h3&gt;Thông tin khác&lt;/h3&gt;                &lt;div class=&quot;table-responsive&quot;&gt;                    &lt;table class=&quot;table table-condensed&quot;&gt;                        &lt;tr&gt;                            &lt;td class=&quot;meta-attributes__attr-name&quot;&gt;Quận/Huyện:&lt;/td&gt;       &lt;td class=&quot;meta-attributes__attr-detail&quot;&gt;&lt;strong itemprop=&quot;addressLocality&quot;&gt;Quận Hoàng Mai&lt;/strong&gt;,&lt;strong itemprop=&quot;addressRegion&quot;&gt; Hà Nội&lt;/strong&gt;&lt;/td&gt;                        &lt;/tr&gt;                        &lt;tr&gt;                            &lt;td class=&quot;meta-attributes__attr-name&quot;&gt;Chiều rộng:&lt;/td&gt;                            &lt;td class=&quot;meta-attributes__attr-detail&quot;&gt;&lt;strong&gt; (m)&lt;/strong&gt;&lt;/td&gt;                        &lt;/tr&gt;                        &lt;tr&gt;                            &lt;td class=&quot;meta-attributes__attr-name&quot;&gt;Chiều dài:&lt;/td&gt;                            &lt;td class=&quot;meta-attributes__attr-detail&quot;&gt;&lt;strong&gt; (m)&lt;/strong&gt;&lt;/td&gt;                        &lt;/tr&gt;                        &lt;tr&gt;                            &lt;td class=&quot;meta-attributes__attr-name&quot;&gt;Đường hẻm vào:&lt;/td&gt;                            &lt;td class=&quot;meta-attributes__attr-detail&quot;&gt;&lt;strong&gt; (m)&lt;/strong&gt;&lt;/td&gt;                        &lt;/tr&gt;                        &lt;tr&gt;                            &lt;td class=&quot;meta-attributes__attr-name&quot;&gt;Số tầng:&lt;/td&gt;                            &lt;td class=&quot;meta-attributes__attr-detail&quot;&gt;&lt;strong&gt;6&lt;/strong&gt;&lt;/td&gt;                        &lt;/tr&gt;                        &lt;tr&gt;                            &lt;td class=&quot;meta-attributes__attr-name&quot;&gt;Số phòng:&lt;/td&gt;                            &lt;td class=&quot;meta-attributes__attr-detail&quot;&gt;&lt;strong&gt;36&lt;/strong&gt;&lt;/td&gt;                        &lt;/tr&gt;                    &lt;/table&gt;                &lt;/div&gt;            &lt;/div&gt;" SourceIndex="794" TableNum="0" TextLen="111" order="13" xPath="/html[1]/body[1]/div[2]/div[1]/div[2]/div[2]/div[3]"/>
</LayoutNode>
</LayoutNode>
<LayoutNode BgColor="#ffffff" ContainImg="0" ContainP="1" ContainTable="false" DOMCldNum="9" DoC="5" FontSize="16" FontWeight="normal" FormNum="0" FormSize="0" FrameSourceIndex="0" ID="1-5" InteractionNum="0" InteractionSize="0" IsImg="false" LinkNum="62" LinkTextLen="983" ObjectRectHeight="451" ObjectRectLeft="0" ObjectRectTop="843" ObjectRectWidth="1420" OptionNum="0" OptionTextLength="0" ParaNum="1" SourceIndex="876" TableNum="0" TextLen="1592" order="14">
<LayoutNode BgColor="#ffffff" ContainImg="0" ContainP="1" ContainTable="false" Content="Thông tin nhà đất Ô TÔ ĐỖ CỔNG - DIỆN TÍCH RỘNG - BÁN CẢ 04 CĂN 6 TẦNG - TỔNG 36 PHÒNG RỘNG + Vị trí tiếp giáp AEON Đại Kim an sinh hưởng trọn KĐT Đại Kim + Thiết kế: Gồm 4 nhà riêng biệt cao 6 tầng.Trong đó 02 Căn DT 60m và 02 căn DT 50m. - Tầng 1: Phòng khách, phòng ngủ, Bếp, VS. - Tầng 2: Tầng lửng. - Tầng: 3,4,5 mỗi tầng 2 phòng ngủ rộng, VS. - Tầng 6: Phòng rộng, sân phơi. + Sổ đỏ để nhà sẵn sàng giao dịch. + giá bán: 18 tỷ Còn ngại ngần gì nữa mà không nhấc máy lên và liên hệ với em để có được căn nhà như ý. Liên hệ: Đại – 0962305478 – chuyên đất thổ cư Hà Nội. ( Liên hệ để được tư vấn miễn phí về pháp lý) " DOMCldNum="9" DoC="5" FontSize="16" FontWeight="normal" FormNum="0" FormSize="0" FrameSourceIndex="0" ID="1-5-1" InteractionNum="0" InteractionSize="0" IsImg="false" LinkNum="0" LinkTextLen="0" ObjectHeight="64" ObjectRectHeight="451" ObjectRectLeft="0" ObjectRectTop="843" ObjectRectWidth="864" ObjectWidth="729" ObjectX="135" ObjectY="853" OptionNum="0" OptionTextLength="0" ParaNum="1" SRC="&lt;div class=&quot;support-category&quot;&gt;                        &lt;h3&gt;Thông tin nhà đất&lt;/h3&gt;                    &lt;/div&gt;&lt;p&gt;                        Ô TÔ ĐỖ CỔNG - DIỆN TÍCH RỘNG - BÁN CẢ 04 CĂN 6 TẦNG - TỔNG 36 PHÒNG RỘNG   &lt;br/&gt;+ Vị trí tiếp giáp AEON Đại Kim an sinh hưởng trọn KĐT Đại Kim&lt;br/&gt;+ Thiết kế: Gồm 4 nhà riêng biệt cao 6 tầng.Trong đó 02 Căn DT 60m và 02 căn DT 50m. &lt;br/&gt;- Tầng 1: Phòng khách, phòng ngủ, Bếp, VS.&lt;br/&gt;- Tầng 2: Tầng lửng.&lt;br/&gt;- Tầng: 3,4,5 mỗi tầng 2 phòng ngủ rộng, VS.&lt;br/&gt;- Tầng 6: Phòng rộng, sân phơi.&lt;br/&gt;+ Sổ đỏ để nhà sẵn sàng giao dịch.&lt;br/&gt;+ giá bán: 18 tỷ&lt;br/&gt;Còn ngại ngần gì nữa mà không nhấc máy lên và liên hệ với em để có được căn nhà như ý.&lt;br/&gt;Liên hệ: Đại – 0962305478 – chuyên đất thổ cư Hà Nội.&lt;br/&gt;( Liên hệ để được tư vấn miễn phí về pháp lý)&lt;br/&gt;&lt;br/&gt;                    &lt;/p&gt;" SourceIndex="878;884" TableNum="0" TextLen="609" order="15" xPath="/html[1]/body[1]/div[2]/div[1]/div[2]/div[3]/article[1]/div[1]/div[1]"/>
<LayoutNode BgColor="#ffffff" ContainImg="0" ContainP="0" ContainTable="false" Content="Bán Nhà trong hẻm Hà Nội Bán Nhà trong hẻm Quận Ba Đình Bán Nhà trong hẻm Quận Bắc Từ Liêm Bán Nhà trong hẻm Quận Cầu Giấy Bán Nhà trong hẻm Quận Đống Đa Bán Nhà trong hẻm Quận Hà Đông Bán Nhà trong hẻm Quận Hai Bà Trưng Bán Nhà trong hẻm Quận Hoàn Kiếm Bán Nhà trong hẻm Quận Hoàng Mai Bán Nhà trong hẻm Quận Long Biên Bán Nhà trong hẻm Quận Nam Từ Liêm Bán Nhà trong hẻm Quận Tây Hồ Bán Nhà trong hẻm Quận Thanh Xuân Bán Nhà trong hẻm Thị Xã Sơn Tây Bán Nhà trong hẻm Huyện Ba Vì Bán Nhà trong hẻm Huyện Chương Mỹ Bán Nhà trong hẻm Huyện Đan Phượng Bán Nhà trong hẻm Huyện Đông Anh Bán Nhà trong hẻm Huyện Gia Lâm Bán Nhà trong hẻm Huyện Hoài Đức Bán Nhà trong hẻm Huyện Mê Linh Bán Nhà trong hẻm Huyện Mỹ Đức Bán Nhà trong hẻm Huyện Phú Xuyên Bán Nhà trong hẻm Huyện Phúc Thọ Bán Nhà trong hẻm Huyện Quốc Oai Bán Nhà trong hẻm Huyện Sóc Sơn Bán Nhà trong hẻm Huyện Thạch Thất Bán Nhà trong hẻm Huyện Thanh Oai Bán Nhà trong hẻm Huyện Thanh Trì Bán Nhà trong hẻm Huyện Thường Tín Bán Nhà trong hẻm Huyện Ứng Hoà " DOMCldNum="11" DoC="5" FontSize="16" FontWeight="normal" FormNum="0" FormSize="0" FrameSourceIndex="0" ID="1-5-2" InteractionNum="0" InteractionSize="0" IsImg="false" LinkNum="62" LinkTextLen="983" ObjectHeight="64" ObjectRectHeight="451" ObjectRectLeft="904" ObjectRectTop="843" ObjectRectWidth="516" ObjectWidth="359" ObjectX="904" ObjectY="843" OptionNum="0" OptionTextLength="0" ParaNum="0" SRC="&lt;div class=&quot;sidebar-widget&quot;&gt;                &lt;div class=&quot;list-group&quot;&gt;                    &lt;div class=&quot;support-category&quot;&gt;                        &lt;a href=&quot;/nha-dat/ban-nha-trong-hem-ha-noi&quot; title=&quot;Bán Nhà trong hẻm Hà Nội&quot;&gt;                            &lt;h3&gt;                                Bán Nhà trong hẻm Hà Nội                            &lt;/h3&gt;                        &lt;/a&gt;                    &lt;/div&gt;                    &lt;div class=&quot;col-xs-12&quot; style=&quot;padding:0; border:none&quot;&gt;                            &lt;a class=&quot;list-group-item&quot; href=&quot;/nha-dat/ban-nha-trong-hem-ha-noi-quan-ba-dinh&quot; title=&quot;Bán Nhà trong hẻm Quận Ba Đình&quot;&gt;Bán Nhà trong hẻm &lt;b&gt;Quận Ba Đình&lt;/b&gt;&lt;/a&gt;                            &lt;a class=&quot;list-group-item&quot; href=&quot;/nha-dat/ban-nha-trong-hem-ha-noi-quan-bac-tu-liem&quot; title=&quot;Bán Nhà trong hẻm Quận Bắc Từ Liêm&quot;&gt;Bán Nhà trong hẻm &lt;b&gt;Quận Bắc Từ Liêm&lt;/b&gt;&lt;/a&gt;                            &lt;a class=&quot;list-group-item&quot; href=&quot;/nha-dat/ban-nha-trong-hem-ha-noi-quan-cau-giay&quot; title=&quot;Bán Nhà trong hẻm Quận Cầu Giấy&quot;&gt;Bán Nhà trong hẻm &lt;b&gt;Quận Cầu Giấy&lt;/b&gt;&lt;/a&gt;                            &lt;a class=&quot;list-group-item&quot; href=&quot;/nha-dat/ban-nha-trong-hem-ha-noi-quan-dong-da&quot; title=&quot;Bán Nhà trong hẻm Quận Đống Đa&quot;&gt;Bán Nhà trong hẻm &lt;b&gt;Quận Đống Đa&lt;/b&gt;&lt;/a&gt;                            &lt;a class=&quot;list-group-item&quot; href=&quot;/nha-dat/ban-nha-trong-hem-ha-noi-quan-ha-dong&quot; title=&quot;Bán Nhà trong hẻm Quận Hà Đông&quot;&gt;Bán Nhà trong hẻm &lt;b&gt;Quận Hà Đông&lt;/b&gt;&lt;/a&gt;                            &lt;a class=&quot;list-group-item&quot; href=&quot;/nha-dat/ban-nha-trong-hem-ha-noi-quan-hai-ba-trung&quot; title=&quot;Bán Nhà trong hẻm Quận Hai Bà Trưng&quot;&gt;Bán Nhà trong hẻm &lt;b&gt;Quận Hai Bà Trưng&lt;/b&gt;&lt;/a&gt;                            &lt;a class=&quot;list-group-item&quot; href=&quot;/nha-dat/ban-nha-trong-hem-ha-noi-quan-hoan-kiem&quot; title=&quot;Bán Nhà trong hẻm Quận Hoàn Kiếm&quot;&gt;Bán Nhà trong hẻm &lt;b&gt;Quận Hoàn Kiếm&lt;/b&gt;&lt;/a&gt;                            &lt;a class=&quot;list-group-item&quot; href=&quot;/nha-dat/ban-nha-trong-hem-ha-noi-quan-hoang-mai&quot; title=&quot;Bán Nhà trong hẻm Quận Hoàng Mai&quot;&gt;Bán Nhà trong hẻm &lt;b&gt;Quận Hoàng Mai&lt;/b&gt;&lt;/a&gt;                            &lt;a class=&quot;list-group-item&quot; href=&quot;/nha-dat/ban-nha-trong-hem-ha-noi-quan-long-bien&quot; title=&quot;Bán Nhà trong hẻm Quận Long Biên&quot;&gt;Bán Nhà trong hẻm &lt;b&gt;Quận Long Biên&lt;/b&gt;&lt;/a&gt;                            &lt;a class=&quot;list-group-item&quot; href=&quot;/nha-dat/ban-nha-trong-hem-ha-noi-quan-nam-tu-liem&quot; title=&quot;Bán Nhà trong hẻm Quận Nam Từ Liêm&quot;&gt;Bán Nhà trong hẻm &lt;b&gt;Quận Nam Từ Liêm&lt;/b&gt;&lt;/a&gt;                            &lt;a class=&quot;list-group-item&quot; href=&quot;/nha-dat/ban-nha-trong-hem-ha-noi-quan-tay-ho&quot; title=&quot;Bán Nhà trong hẻm Quận Tây Hồ&quot;&gt;Bán Nhà trong hẻm &lt;b&gt;Quận Tây Hồ&lt;/b&gt;&lt;/a&gt;                            &lt;a class=&quot;list-group-item&quot; href=&quot;/nha-dat/ban-nha-trong-hem-ha-noi-quan-thanh-xuan&quot; title=&quot;Bán Nhà trong hẻm Quận Thanh Xuân&quot;&gt;Bán Nhà trong hẻm &lt;b&gt;Quận Thanh Xuân&lt;/b&gt;&lt;/a&gt;                            &lt;a class=&quot;list-group-item&quot; href=&quot;/nha-dat/ban-nha-trong-hem-ha-noi-thi-xa-son-tay&quot; title=&quot;Bán Nhà trong hẻm Thị Xã Sơn Tây&quot;&gt;Bán Nhà trong hẻm &lt;b&gt;Thị Xã Sơn Tây&lt;/b&gt;&lt;/a&gt;                            &lt;a class=&quot;list-group-item&quot; href=&quot;/nha-dat/ban-nha-trong-hem-ha-noi-huyen-ba-vi&quot; title=&quot;Bán Nhà trong hẻm Huyện Ba Vì&quot;&gt;Bán Nhà trong hẻm &lt;b&gt;Huyện Ba Vì&lt;/b&gt;&lt;/a&gt;                            &lt;a class=&quot;list-group-item&quot; href=&quot;/nha-dat/ban-nha-trong-hem-ha-noi-huyen-chuong-my&quot; title=&quot;Bán Nhà trong hẻm Huyện Chương Mỹ&quot;&gt;Bán Nhà trong hẻm &lt;b&gt;Huyện Chương Mỹ&lt;/b&gt;&lt;/a&gt;                            &lt;a class=&quot;list-group-item&quot; href=&quot;/nha-dat/ban-nha-trong-hem-ha-noi-huyen-dan-phuong&quot; title=&quot;Bán Nhà trong hẻm Huyện Đan Phượng&quot;&gt;Bán Nhà trong hẻm &lt;b&gt;Huyện Đan Phượng&lt;/b&gt;&lt;/a&gt;                            &lt;a class=&quot;list-group-item&quot; href=&quot;/nha-dat/ban-nha-trong-hem-ha-noi-huyen-dong-anh&quot; title=&quot;Bán Nhà trong hẻm Huyện Đông Anh&quot;&gt;Bán Nhà trong hẻm &lt;b&gt;Huyện Đông Anh&lt;/b&gt;&lt;/a&gt;                            &lt;a class=&quot;list-group-item&quot; href=&quot;/nha-dat/ban-nha-trong-hem-ha-noi-huyen-gia-lam&quot; title=&quot;Bán Nhà trong hẻm Huyện Gia Lâm&quot;&gt;Bán Nhà trong hẻm &lt;b&gt;Huyện Gia Lâm&lt;/b&gt;&lt;/a&gt;                            &lt;a class=&quot;list-group-item&quot; href=&quot;/nha-dat/ban-nha-trong-hem-ha-noi-huyen-hoai-duc&quot; title=&quot;Bán Nhà trong hẻm Huyện Hoài Đức&quot;&gt;Bán Nhà trong hẻm &lt;b&gt;Huyện Hoài Đức&lt;/b&gt;&lt;/a&gt;                            &lt;a class=&quot;list-group-item&quot; href=&quot;/nha-dat/ban-nha-trong-hem-ha-noi-huyen-me-linh&quot; title=&quot;Bán Nhà trong hẻm Huyện Mê Linh&quot;&gt;Bán Nhà trong hẻm &lt;b&gt;Huyện Mê Linh&lt;/b&gt;&lt;/a&gt;                            &lt;a class=&quot;list-group-item&quot; href=&quot;/nha-dat/ban-nha-trong-hem-ha-noi-huyen-my-duc&quot; title=&quot;Bán Nhà trong hẻm Huyện Mỹ Đức&quot;&gt;Bán Nhà trong hẻm &lt;b&gt;Huyện Mỹ Đức&lt;/b&gt;&lt;/a&gt;                            &lt;a class=&quot;list-group-item&quot; href=&quot;/nha-dat/ban-nha-trong-hem-ha-noi-huyen-phu-xuyen&quot; title=&quot;Bán Nhà trong hẻm Huyện Phú Xuyên&quot;&gt;Bán Nhà trong hẻm &lt;b&gt;Huyện Phú Xuyên&lt;/b&gt;&lt;/a&gt;                            &lt;a class=&quot;list-group-item&quot; href=&quot;/nha-dat/ban-nha-trong-hem-ha-noi-huyen-phuc-tho&quot; title=&quot;Bán Nhà trong hẻm Huyện Phúc Thọ&quot;&gt;Bán Nhà trong hẻm &lt;b&gt;Huyện Phúc Thọ&lt;/b&gt;&lt;/a&gt;                            &lt;a class=&quot;list-group-item&quot; href=&quot;/nha-dat/ban-nha-trong-hem-ha-noi-huyen-quoc-oai&quot; title=&quot;Bán Nhà trong hẻm Huyện Quốc Oai&quot;&gt;Bán Nhà trong hẻm &lt;b&gt;Huyện Quốc Oai&lt;/b&gt;&lt;/a&gt;                            &lt;a class=&quot;list-group-item&quot; href=&quot;/nha-dat/ban-nha-trong-hem-ha-noi-huyen-soc-son&quot; title=&quot;Bán Nhà trong hẻm Huyện Sóc Sơn&quot;&gt;Bán Nhà trong hẻm &lt;b&gt;Huyện Sóc Sơn&lt;/b&gt;&lt;/a&gt;                            &lt;a class=&quot;list-group-item&quot; href=&quot;/nha-dat/ban-nha-trong-hem-ha-noi-huyen-thach-that&quot; title=&quot;Bán Nhà trong hẻm Huyện Thạch Thất&quot;&gt;Bán Nhà trong hẻm &lt;b&gt;Huyện Thạch Thất&lt;/b&gt;&lt;/a&gt;                            &lt;a class=&quot;list-group-item&quot; href=&quot;/nha-dat/ban-nha-trong-hem-ha-noi-huyen-thanh-oai&quot; title=&quot;Bán Nhà trong hẻm Huyện Thanh Oai&quot;&gt;Bán Nhà trong hẻm &lt;b&gt;Huyện Thanh Oai&lt;/b&gt;&lt;/a&gt;                            &lt;a class=&quot;list-group-item&quot; href=&quot;/nha-dat/ban-nha-trong-hem-ha-noi-huyen-thanh-tri&quot; title=&quot;Bán Nhà trong hẻm Huyện Thanh Trì&quot;&gt;Bán Nhà trong hẻm &lt;b&gt;Huyện Thanh Trì&lt;/b&gt;&lt;/a&gt;                            &lt;a class=&quot;list-group-item&quot; href=&quot;/nha-dat/ban-nha-trong-hem-ha-noi-huyen-thuong-tin&quot; title=&quot;Bán Nhà trong hẻm Huyện Thường Tín&quot;&gt;Bán Nhà trong hẻm &lt;b&gt;Huyện Thường Tín&lt;/b&gt;&lt;/a&gt;                            &lt;a class=&quot;list-group-item&quot; href=&quot;/nha-dat/ban-nha-trong-hem-ha-noi-huyen-ung-hoa&quot; title=&quot;Bán Nhà trong hẻm Huyện Ứng Hoà&quot;&gt;Bán Nhà trong hẻm &lt;b&gt;Huyện Ứng Hoà&lt;/b&gt;&lt;/a&gt;                    &lt;/div&gt;                &lt;/div&gt;            &lt;/div&gt;" SourceIndex="1357" TableNum="0" TextLen="983" order="16" xPath="/html[1]/body[1]/div[2]/div[1]/div[2]/div[4]/div[1]"/>
</LayoutNode>
<LayoutNode BgColor="#fcf6f0" ContainImg="0" ContainP="1" ContainTable="false" Content="Mọi thông tin liên quan tới tin rao này là do người đăng tin đăng tải và chịu trách nhiệm. Chúng tôi luôn cố gắng để có chất lượng thông tin tốt nhất, nhưng chúng tôi không đảm bảo và không chịu trách nhiệm về bất kỳ nội dung nào liên quan tới tin rao này. Nhà trong hẻm Hà Nội - Quận Hoàng Mai mới đăng gần đây " DOMCldNum="13" DoC="8" FontSize="16" FontWeight="normal" FormNum="0" FormSize="0" FrameSourceIndex="0" ID="1-6" InteractionNum="0" InteractionSize="0" IsImg="false" LinkNum="0" LinkTextLen="0" ObjectHeight="116" ObjectRectHeight="160" ObjectRectLeft="0" ObjectRectTop="1339" ObjectRectWidth="1420" ObjectWidth="719" ObjectX="140" ObjectY="1339" OptionNum="0" OptionTextLength="0" ParaNum="0" SRC="&lt;div class=&quot;notices col-md-12 col-sm-12 col-lg-12&quot; style=&quot;background:#fcf6f0;&quot;&gt;     &lt;strong&gt;Lưu ý&lt;/strong&gt;      &lt;p&gt;Mọi thông tin liên quan tới tin rao này là do người đăng tin đăng tải và chịu trách nhiệm. Chúng tôi luôn cố gắng để có chất lượng thông tin tốt nhất, nhưng chúng tôi không đảm bảo và không chịu trách nhiệm về bất kỳ nội dung nào liên quan tới tin rao này.&lt;/p&gt;    &lt;/div&gt;&lt;h4 class=&quot;text-danger&quot;&gt;                    &lt;strong&gt;                        Nhà trong hẻm Hà Nội - Quận Hoàng Mai                    &lt;/strong&gt;                    mới đăng gần đây                &lt;/h4&gt;" SourceIndex="917;941" TableNum="0" TextLen="313" order="17" xPath="/html[1]/body[1]/div[2]/div[1]/div[2]/div[3]/article[1]/div[2]"/>
<LayoutNode BgColor="#ffffff" ContainImg="10" ContainP="0" ContainTable="false" DOMCldNum="21" DoC="5" FontSize="16" FontWeight="normal" FormNum="0" FormSize="0" FrameSourceIndex="0" ID="1-7" InteractionNum="0" InteractionSize="0" IsImg="false" LinkNum="96" LinkTextLen="920" ObjectRectHeight="1160" ObjectRectLeft="0" ObjectRectTop="1506" ObjectRectWidth="1420" OptionNum="0" OptionTextLength="0" ParaNum="0" SourceIndex="949" TableNum="0" TextLen="1275" order="18">
<LayoutNode BgColor="#ffffff" ContainImg="10" ContainP="0" ContainTable="false" DOMCldNum="21" DoC="8" FontSize="16" FontWeight="normal" FormNum="0" FormSize="0" FrameSourceIndex="0" ID="1-7-1" InteractionNum="0" InteractionSize="0" IsImg="false" LinkNum="40" LinkTextLen="578" ObjectRectHeight="1160" ObjectRectLeft="0" ObjectRectTop="1506" ObjectRectWidth="874" OptionNum="0" OptionTextLength="0" ParaNum="0" SourceIndex="949" TableNum="0" TextLen="872" order="19">
<LayoutNode BgColor="#ffffff" ContainImg="1" ContainP="0" ContainTable="false" Content="BÁN NHÀ MỚI PHỐ KIM GIANG, LÔ GÓC, KINH DOANH TUYỆT VỜI, 40M2 X 5 TẦNG. 3800000 Diện tích: 40 m2 Hôm nay " DOMCldNum="21" DoC="8" FontSize="16" FontWeight="normal" FormNum="0" FormSize="0" FrameSourceIndex="0" ID="1-7-1-1" InteractionNum="0" InteractionSize="0" IsImg="false" LinkNum="4" LinkTextLen="71" ObjectHeight="95" ObjectRectHeight="101" ObjectRectLeft="0" ObjectRectTop="1506" ObjectRectWidth="874" ObjectWidth="737" ObjectX="131" ObjectY="1512" OptionNum="0" OptionTextLength="0" ParaNum="0" SRC="&lt;div class=&quot;item&quot;&gt;                                    &lt;div class=&quot;maxW40 imageCol alignLeft&quot;&gt;                                        &lt;a href=&quot;/ban-nha-trong-hem-quan-hoang-mai-moi-pho-kim-giang-lo-goc-kinh--180632&quot; title=&quot;bán nhà mới phố kim giang, lô góc, kinh doanh tuyệt vời, 40m&quot;&gt;                                                &lt;img alt=&quot;bán nhà mới phố kim giang, lô góc, kinh doanh tuyệt vời, 40m&quot; class=&quot;image&quot; src=&quot;/files/nhadat/2020/6/5/images/d2411ccb-9cba-46b7-9ea0-f50b42a5c055.jpg&quot;/&gt;                                        &lt;/a&gt;                                    &lt;/div&gt;                                    &lt;div class=&quot;li_subject&quot;&gt;                                        &lt;div class=&quot;subject_price&quot;&gt;                                            &lt;a href=&quot;/ban-nha-trong-hem-quan-hoang-mai-moi-pho-kim-giang-lo-goc-kinh--180632&quot; title=&quot;bán nhà mới phố kim giang, lô góc, kinh doanh tuyệt vời, 40m&quot;&gt;                                                &lt;span&gt;                                                    BÁN NHÀ MỚI PHỐ KIM GIANG, LÔ GÓC, KINH DOANH TUYỆT VỜI, 40M2 X 5 TẦNG.                                                &lt;/span&gt;                                            &lt;/a&gt;                                            &lt;div class=&quot;item_price&quot;&gt;                                                &lt;span class=&quot;vGia pr&quot;&gt;                                                    3800000                                                &lt;/span&gt;                                            &lt;/div&gt;                                        &lt;/div&gt;                                        &lt;div class=&quot;item_address&quot;&gt;                                            Diện tích: 40 m2                                        &lt;/div&gt;                                        &lt;span class=&quot;item_date&quot;&gt;                                                &lt;span&gt;Hôm nay&lt;/span&gt;                                        &lt;/span&gt;                                    &lt;/div&gt;                                    &lt;div class=&quot;clear_row&quot;/&gt;                                &lt;/div&gt;" SourceIndex="951" TableNum="0" TextLen="101" order="20" xPath="/html[1]/body[1]/div[2]/div[1]/div[2]/div[3]/article[1]/div[5]/div[1]/div[1]"/>
<LayoutNode BgColor="#ffffff" ContainImg="1" ContainP="0" ContainTable="false" Content="Ô tô đỗ cửa, nhà Nguyễn Chính, 30.5m2 giá 2.68 tỷ 2680000 Diện tích: 30 m2 Hôm nay " DOMCldNum="21" DoC="8" FontSize="16" FontWeight="normal" FormNum="0" FormSize="0" FrameSourceIndex="0" ID="1-7-1-2" InteractionNum="0" InteractionSize="0" IsImg="false" LinkNum="4" LinkTextLen="49" ObjectHeight="95" ObjectRectHeight="95" ObjectRectLeft="0" ObjectRectTop="1629" ObjectRectWidth="874" ObjectWidth="737" ObjectX="131" ObjectY="1629" OptionNum="0" OptionTextLength="0" ParaNum="0" SRC="&lt;div class=&quot;item&quot;&gt;                                    &lt;div class=&quot;maxW40 imageCol alignLeft&quot;&gt;                                        &lt;a href=&quot;/ban-nha-trong-hem-quan-hoang-mai-o-to-do-cua-nha-nguyen-chinh-3-184095&quot; title=&quot;ô tô đỗ cửa, nhà nguyễn chính, 30.5m2 giá 2.68 tỷ&quot;&gt;                                                &lt;img alt=&quot;ô tô đỗ cửa, nhà nguyễn chính, 30.5m2 giá 2.68 tỷ&quot; class=&quot;image&quot; src=&quot;/files/nhadat/2020/6/19/images/02bcda5f-033f-4c64-8a57-3ca2b804ba87.jpg&quot;/&gt;                                        &lt;/a&gt;                                    &lt;/div&gt;                                    &lt;div class=&quot;li_subject&quot;&gt;                                        &lt;div class=&quot;subject_price&quot;&gt;                                            &lt;a href=&quot;/ban-nha-trong-hem-quan-hoang-mai-o-to-do-cua-nha-nguyen-chinh-3-184095&quot; title=&quot;ô tô đỗ cửa, nhà nguyễn chính, 30.5m2 giá 2.68 tỷ&quot;&gt;                                                &lt;span&gt;                                                    Ô tô đỗ cửa, nhà Nguyễn Chính, 30.5m2 giá 2.68 tỷ                                                &lt;/span&gt;                                            &lt;/a&gt;                                            &lt;div class=&quot;item_price&quot;&gt;                                                &lt;span class=&quot;vGia pr&quot;&gt;                                                    2680000                                                &lt;/span&gt;                                            &lt;/div&gt;                                        &lt;/div&gt;                                        &lt;div class=&quot;item_address&quot;&gt;                                            Diện tích: 30 m2                                        &lt;/div&gt;                                        &lt;span class=&quot;item_date&quot;&gt;                                                &lt;span&gt;Hôm nay&lt;/span&gt;                                        &lt;/span&gt;                                    &lt;/div&gt;                                    &lt;div class=&quot;clear_row&quot;/&gt;                                &lt;/div&gt;" SourceIndex="991" TableNum="0" TextLen="79" order="21" xPath="/html[1]/body[1]/div[2]/div[1]/div[2]/div[3]/article[1]/div[5]/div[1]/div[2]"/>
<LayoutNode BgColor="#ffffff" ContainImg="1" ContainP="0" ContainTable="false" Content="Bán gấp nhà Trương Định, Hoàng Mai, 3 tầng, 30m2 chỉ 2 tỷ 2000000 Diện tích: 30 m2 Hôm nay " DOMCldNum="21" DoC="8" FontSize="16" FontWeight="normal" FormNum="0" FormSize="0" FrameSourceIndex="0" ID="1-7-1-3" InteractionNum="0" InteractionSize="0" IsImg="false" LinkNum="4" LinkTextLen="57" ObjectHeight="95" ObjectRectHeight="95" ObjectRectLeft="0" ObjectRectTop="1746" ObjectRectWidth="874" ObjectWidth="737" ObjectX="131" ObjectY="1746" OptionNum="0" OptionTextLength="0" ParaNum="0" SRC="&lt;div class=&quot;item&quot;&gt;                                    &lt;div class=&quot;maxW40 imageCol alignLeft&quot;&gt;                                        &lt;a href=&quot;/ban-nha-trong-hem-quan-hoang-mai-ban-gap-nha-truong-dinh-hoang--183934&quot; title=&quot;bán gấp nhà trương định, hoàng mai, 3 tầng, 30m2 chỉ 2 tỷ&quot;&gt;                                                &lt;img alt=&quot;bán gấp nhà trương định, hoàng mai, 3 tầng, 30m2 chỉ 2 tỷ&quot; class=&quot;image&quot; src=&quot;/files/nhadat/2020/6/18/images/3e9eb2cc-daef-4098-a284-820537c9989b.jpg&quot;/&gt;                                        &lt;/a&gt;                                    &lt;/div&gt;                                    &lt;div class=&quot;li_subject&quot;&gt;                                        &lt;div class=&quot;subject_price&quot;&gt;                                            &lt;a href=&quot;/ban-nha-trong-hem-quan-hoang-mai-ban-gap-nha-truong-dinh-hoang--183934&quot; title=&quot;bán gấp nhà trương định, hoàng mai, 3 tầng, 30m2 chỉ 2 tỷ&quot;&gt;                                                &lt;span&gt;                                                    Bán gấp nhà Trương Định, Hoàng Mai, 3 tầng, 30m2 chỉ 2 tỷ                                                &lt;/span&gt;                                            &lt;/a&gt;                                            &lt;div class=&quot;item_price&quot;&gt;                                                &lt;span class=&quot;vGia pr&quot;&gt;                                                    2000000                                                &lt;/span&gt;                                            &lt;/div&gt;                                        &lt;/div&gt;                                        &lt;div class=&quot;item_address&quot;&gt;                                            Diện tích: 30 m2                                        &lt;/div&gt;                                        &lt;span class=&quot;item_date&quot;&gt;                                                &lt;span&gt;Hôm nay&lt;/span&gt;                                        &lt;/span&gt;                                    &lt;/div&gt;                                    &lt;div class=&quot;clear_row&quot;/&gt;                                &lt;/div&gt;" SourceIndex="1031" TableNum="0" TextLen="87" order="22" xPath="/html[1]/body[1]/div[2]/div[1]/div[2]/div[3]/article[1]/div[5]/div[1]/div[3]"/>
<LayoutNode BgColor="#ffffff" ContainImg="1" ContainP="0" ContainTable="false" Content="Bán nhà phố Trương Định, 70m, 4T, chỉ 3.4 tỷ ở ngay. 3400000 Diện tích: 70 m2 Hôm nay " DOMCldNum="21" DoC="8" FontSize="16" FontWeight="normal" FormNum="0" FormSize="0" FrameSourceIndex="0" ID="1-7-1-4" InteractionNum="0" InteractionSize="0" IsImg="false" LinkNum="4" LinkTextLen="52" ObjectHeight="95" ObjectRectHeight="95" ObjectRectLeft="0" ObjectRectTop="1863" ObjectRectWidth="874" ObjectWidth="737" ObjectX="131" ObjectY="1863" OptionNum="0" OptionTextLength="0" ParaNum="0" SRC="&lt;div class=&quot;item&quot;&gt;                                    &lt;div class=&quot;maxW40 imageCol alignLeft&quot;&gt;                                        &lt;a href=&quot;/ban-nha-trong-hem-quan-hoang-mai-pho-truong-dinh-70m-4t-chi-3-4-184901&quot; title=&quot;bán nhà phố trương định, 70m, 4t, chỉ 3.4 tỷ ở ngay.&quot;&gt;                                                &lt;img alt=&quot;bán nhà phố trương định, 70m, 4t, chỉ 3.4 tỷ ở ngay.&quot; class=&quot;image&quot; src=&quot;/files/nhadat/2020/6/26/images/4e7912d3-0c5f-40e0-aa16-f5f7352bd04e.jpg&quot;/&gt;                                        &lt;/a&gt;                                    &lt;/div&gt;                                    &lt;div class=&quot;li_subject&quot;&gt;                                        &lt;div class=&quot;subject_price&quot;&gt;                                            &lt;a href=&quot;/ban-nha-trong-hem-quan-hoang-mai-pho-truong-dinh-70m-4t-chi-3-4-184901&quot; title=&quot;bán nhà phố trương định, 70m, 4t, chỉ 3.4 tỷ ở ngay.&quot;&gt;                                                &lt;span&gt;                                                    Bán nhà phố Trương Định, 70m, 4T, chỉ 3.4 tỷ ở ngay.                                                &lt;/span&gt;                                            &lt;/a&gt;                                            &lt;div class=&quot;item_price&quot;&gt;                                                &lt;span class=&quot;vGia pr&quot;&gt;                                                    3400000                                                &lt;/span&gt;                                            &lt;/div&gt;                                        &lt;/div&gt;                                        &lt;div class=&quot;item_address&quot;&gt;                                            Diện tích: 70 m2                                        &lt;/div&gt;                                        &lt;span class=&quot;item_date&quot;&gt;                                                &lt;span&gt;Hôm nay&lt;/span&gt;                                        &lt;/span&gt;                                    &lt;/div&gt;                                    &lt;div class=&quot;clear_row&quot;/&gt;                                &lt;/div&gt;" SourceIndex="1071" TableNum="0" TextLen="82" order="23" xPath="/html[1]/body[1]/div[2]/div[1]/div[2]/div[3]/article[1]/div[5]/div[1]/div[4]"/>
<LayoutNode BgColor="#ffffff" ContainImg="1" ContainP="0" ContainTable="false" Content="Bán nhà Trương Định phân lô 60m, 4T chỉ 4.1 tỷ. 4100000 Diện tích: 60 m2 Hôm nay " DOMCldNum="21" DoC="8" FontSize="16" FontWeight="normal" FormNum="0" FormSize="0" FrameSourceIndex="0" ID="1-7-1-5" InteractionNum="0" InteractionSize="0" IsImg="false" LinkNum="4" LinkTextLen="47" ObjectHeight="95" ObjectRectHeight="95" ObjectRectLeft="0" ObjectRectTop="1980" ObjectRectWidth="874" ObjectWidth="737" ObjectX="131" ObjectY="1980" OptionNum="0" OptionTextLength="0" ParaNum="0" SRC="&lt;div class=&quot;item&quot;&gt;                                    &lt;div class=&quot;maxW40 imageCol alignLeft&quot;&gt;                                        &lt;a href=&quot;/ban-nha-trong-hem-quan-hoang-mai-truong-dinh-phan-lo-60m-4t-chi-184899&quot; title=&quot;bán nhà trương định phân lô 60m, 4t chỉ 4.1 tỷ.&quot;&gt;                                                &lt;img alt=&quot;bán nhà trương định phân lô 60m, 4t chỉ 4.1 tỷ.&quot; class=&quot;image&quot; src=&quot;/files/nhadat/2020/6/26/images/3879823c-ae9f-4c1c-a886-53bd200dc163.jpg&quot;/&gt;                                        &lt;/a&gt;                                    &lt;/div&gt;                                    &lt;div class=&quot;li_subject&quot;&gt;                                        &lt;div class=&quot;subject_price&quot;&gt;                                            &lt;a href=&quot;/ban-nha-trong-hem-quan-hoang-mai-truong-dinh-phan-lo-60m-4t-chi-184899&quot; title=&quot;bán nhà trương định phân lô 60m, 4t chỉ 4.1 tỷ.&quot;&gt;                                                &lt;span&gt;                                                    Bán nhà Trương Định phân lô 60m, 4T chỉ 4.1 tỷ.                                                &lt;/span&gt;                                            &lt;/a&gt;                                            &lt;div class=&quot;item_price&quot;&gt;                                                &lt;span class=&quot;vGia pr&quot;&gt;                                                    4100000                                                &lt;/span&gt;                                            &lt;/div&gt;                                        &lt;/div&gt;                                        &lt;div class=&quot;item_address&quot;&gt;                                            Diện tích: 60 m2                                        &lt;/div&gt;                                        &lt;span class=&quot;item_date&quot;&gt;                                                &lt;span&gt;Hôm nay&lt;/span&gt;                                        &lt;/span&gt;                                    &lt;/div&gt;                                    &lt;div class=&quot;clear_row&quot;/&gt;                                &lt;/div&gt;" SourceIndex="1111" TableNum="0" TextLen="77" order="24" xPath="/html[1]/body[1]/div[2]/div[1]/div[2]/div[3]/article[1]/div[5]/div[1]/div[5]"/>
<LayoutNode BgColor="#ffffff" ContainImg="1" ContainP="0" ContainTable="false" Content="Bán nhà Tân Mai, 120m, mặt tiền 8m chỉ 6.5 tỷ. 65 Diện tích: 120 m2 Hôm nay " DOMCldNum="21" DoC="8" FontSize="16" FontWeight="normal" FormNum="0" FormSize="0" FrameSourceIndex="0" ID="1-7-1-6" InteractionNum="0" InteractionSize="0" IsImg="false" LinkNum="4" LinkTextLen="46" ObjectHeight="95" ObjectRectHeight="95" ObjectRectLeft="0" ObjectRectTop="2097" ObjectRectWidth="874" ObjectWidth="737" ObjectX="131" ObjectY="2097" OptionNum="0" OptionTextLength="0" ParaNum="0" SRC="&lt;div class=&quot;item&quot;&gt;                                    &lt;div class=&quot;maxW40 imageCol alignLeft&quot;&gt;                                        &lt;a href=&quot;/ban-nha-trong-hem-quan-hoang-mai-tan-mai-120m-mat-tien-8m-chi-6-184764&quot; title=&quot;bán nhà tân mai, 120m, mặt tiền 8m chỉ 6.5 tỷ.&quot;&gt;                                                &lt;img alt=&quot;bán nhà tân mai, 120m, mặt tiền 8m chỉ 6.5 tỷ.&quot; class=&quot;image&quot; src=&quot;/files/nhadat/2020/6/25/images/6dc0e58f-e1c3-4af1-9ff9-bb4fb4b34868.jpg&quot;/&gt;                                        &lt;/a&gt;                                    &lt;/div&gt;                                    &lt;div class=&quot;li_subject&quot;&gt;                                        &lt;div class=&quot;subject_price&quot;&gt;                                            &lt;a href=&quot;/ban-nha-trong-hem-quan-hoang-mai-tan-mai-120m-mat-tien-8m-chi-6-184764&quot; title=&quot;bán nhà tân mai, 120m, mặt tiền 8m chỉ 6.5 tỷ.&quot;&gt;                                                &lt;span&gt;                                                    Bán nhà Tân Mai, 120m, mặt tiền 8m chỉ 6.5 tỷ.                                                &lt;/span&gt;                                            &lt;/a&gt;                                            &lt;div class=&quot;item_price&quot;&gt;                                                &lt;span class=&quot;vGia pr&quot;&gt;                                                    65                                                &lt;/span&gt;                                            &lt;/div&gt;                                        &lt;/div&gt;                                        &lt;div class=&quot;item_address&quot;&gt;                                            Diện tích: 120 m2                                        &lt;/div&gt;                                        &lt;span class=&quot;item_date&quot;&gt;                                                &lt;span&gt;Hôm nay&lt;/span&gt;                                        &lt;/span&gt;                                    &lt;/div&gt;                                    &lt;div class=&quot;clear_row&quot;/&gt;                                &lt;/div&gt;" SourceIndex="1151" TableNum="0" TextLen="72" order="25" xPath="/html[1]/body[1]/div[2]/div[1]/div[2]/div[3]/article[1]/div[5]/div[1]/div[6]"/>
<LayoutNode BgColor="#ffffff" ContainImg="1" ContainP="0" ContainTable="false" Content="Bán nhà Hoàng Mai, 40m2, 5T, tặng nội thất 300 triệu, 2.65 tỷ. 2650000 Diện tích: 40 m2 Hôm qua " DOMCldNum="21" DoC="8" FontSize="16" FontWeight="normal" FormNum="0" FormSize="0" FrameSourceIndex="0" ID="1-7-1-7" InteractionNum="0" InteractionSize="0" IsImg="false" LinkNum="4" LinkTextLen="62" ObjectHeight="95" ObjectRectHeight="95" ObjectRectLeft="0" ObjectRectTop="2214" ObjectRectWidth="874" ObjectWidth="737" ObjectX="131" ObjectY="2214" OptionNum="0" OptionTextLength="0" ParaNum="0" SRC="&lt;div class=&quot;item&quot;&gt;                                    &lt;div class=&quot;maxW40 imageCol alignLeft&quot;&gt;                                        &lt;a href=&quot;/ban-nha-trong-hem-quan-hoang-mai-hoang-mai-40m2-5t-tang-noi-tha-184705&quot; title=&quot;bán nhà hoàng mai, 40m2, 5t, tặng nội thất 300 triệu, 2.65 t&quot;&gt;                                                &lt;img alt=&quot;bán nhà hoàng mai, 40m2, 5t, tặng nội thất 300 triệu, 2.65 t&quot; class=&quot;image&quot; src=&quot;/files/nhadat/2020/6/24/images/3467f3fe-1966-4551-9586-3f8c370fed6d.jpg&quot;/&gt;                                        &lt;/a&gt;                                    &lt;/div&gt;                                    &lt;div class=&quot;li_subject&quot;&gt;                                        &lt;div class=&quot;subject_price&quot;&gt;                                            &lt;a href=&quot;/ban-nha-trong-hem-quan-hoang-mai-hoang-mai-40m2-5t-tang-noi-tha-184705&quot; title=&quot;bán nhà hoàng mai, 40m2, 5t, tặng nội thất 300 triệu, 2.65 t&quot;&gt;                                                &lt;span&gt;                                                    Bán nhà Hoàng Mai, 40m2, 5T, tặng nội thất 300 triệu, 2.65 tỷ.                                                &lt;/span&gt;                                            &lt;/a&gt;                                            &lt;div class=&quot;item_price&quot;&gt;                                                &lt;span class=&quot;vGia pr&quot;&gt;                                                    2650000                                                &lt;/span&gt;                                            &lt;/div&gt;                                        &lt;/div&gt;                                        &lt;div class=&quot;item_address&quot;&gt;                                            Diện tích: 40 m2                                        &lt;/div&gt;                                        &lt;span class=&quot;item_date&quot;&gt;                                                &lt;span&gt;Hôm qua&lt;/span&gt;                                        &lt;/span&gt;                                    &lt;/div&gt;                                    &lt;div class=&quot;clear_row&quot;/&gt;                                &lt;/div&gt;" SourceIndex="1191" TableNum="0" TextLen="92" order="26" xPath="/html[1]/body[1]/div[2]/div[1]/div[2]/div[3]/article[1]/div[5]/div[1]/div[7]"/>
<LayoutNode BgColor="#ffffff" ContainImg="1" ContainP="0" ContainTable="false" Content="Nha đep ơ luôn Băng B Linh Đam,38mx 5t lung linh,chi hơn 2 ty 0867578891 2800000 Diện tích: 38 m2 Hôm qua " DOMCldNum="21" DoC="8" FontSize="16" FontWeight="normal" FormNum="0" FormSize="0" FrameSourceIndex="0" ID="1-7-1-8" InteractionNum="0" InteractionSize="0" IsImg="false" LinkNum="4" LinkTextLen="72" ObjectHeight="95" ObjectRectHeight="95" ObjectRectLeft="0" ObjectRectTop="2331" ObjectRectWidth="874" ObjectWidth="737" ObjectX="131" ObjectY="2331" OptionNum="0" OptionTextLength="0" ParaNum="0" SRC="&lt;div class=&quot;item&quot;&gt;                                    &lt;div class=&quot;maxW40 imageCol alignLeft&quot;&gt;                                        &lt;a href=&quot;/ban-nha-trong-hem-quan-hoang-mai-nha-dep-o-luon-bang-b-linh-dam-184687&quot; title=&quot;nha đep ơ luôn băng b  linh đam,38mx 5t lung linh,chi hơn 2 &quot;&gt;                                                &lt;img alt=&quot;nha đep ơ luôn băng b  linh đam,38mx 5t lung linh,chi hơn 2 &quot; class=&quot;image&quot; src=&quot;/files/nhadat/2020/6/24/images/8f46d9d1-d50e-4ada-b458-0571ccfc2935.jpg&quot;/&gt;                                        &lt;/a&gt;                                    &lt;/div&gt;                                    &lt;div class=&quot;li_subject&quot;&gt;                                        &lt;div class=&quot;subject_price&quot;&gt;                                            &lt;a href=&quot;/ban-nha-trong-hem-quan-hoang-mai-nha-dep-o-luon-bang-b-linh-dam-184687&quot; title=&quot;nha đep ơ luôn băng b  linh đam,38mx 5t lung linh,chi hơn 2 &quot;&gt;                                                &lt;span&gt;                                                    Nha đep ơ luôn Băng B  Linh Đam,38mx 5t lung linh,chi hơn 2 ty  0867578891                                                &lt;/span&gt;                                            &lt;/a&gt;                                            &lt;div class=&quot;item_price&quot;&gt;                                                &lt;span class=&quot;vGia pr&quot;&gt;                                                    2800000                                                &lt;/span&gt;                                            &lt;/div&gt;                                        &lt;/div&gt;                                        &lt;div class=&quot;item_address&quot;&gt;                                            Diện tích: 38 m2                                        &lt;/div&gt;                                        &lt;span class=&quot;item_date&quot;&gt;                                                &lt;span&gt;Hôm qua&lt;/span&gt;                                        &lt;/span&gt;                                    &lt;/div&gt;                                    &lt;div class=&quot;clear_row&quot;/&gt;                                &lt;/div&gt;" SourceIndex="1231" TableNum="0" TextLen="102" order="27" xPath="/html[1]/body[1]/div[2]/div[1]/div[2]/div[3]/article[1]/div[5]/div[1]/div[8]"/>
<LayoutNode BgColor="#ffffff" ContainImg="1" ContainP="0" ContainTable="false" Content="Nha mơi đep ơ ngay Đinh Công Ha,33mx5T,SĐCC,ô tô đỗ cửa chi hơn 2 ty 0867578891 2750000 Diện tích: 33 m2 Hôm qua " DOMCldNum="21" DoC="8" FontSize="16" FontWeight="normal" FormNum="0" FormSize="0" FrameSourceIndex="0" ID="1-7-1-9" InteractionNum="0" InteractionSize="0" IsImg="false" LinkNum="4" LinkTextLen="79" ObjectHeight="95" ObjectRectHeight="95" ObjectRectLeft="0" ObjectRectTop="2448" ObjectRectWidth="874" ObjectWidth="737" ObjectX="131" ObjectY="2448" OptionNum="0" OptionTextLength="0" ParaNum="0" SRC="&lt;div class=&quot;item&quot;&gt;                                    &lt;div class=&quot;maxW40 imageCol alignLeft&quot;&gt;                                        &lt;a href=&quot;/ban-nha-trong-hem-quan-hoang-mai-nha-moi-dep-o-ngay-dinh-cong-h-184594&quot; title=&quot;nha mơi đep ơ ngay đinh công ha,33mx5t,sđcc,ô tô đỗ cửa chi &quot;&gt;                                                &lt;img alt=&quot;nha mơi đep ơ ngay đinh công ha,33mx5t,sđcc,ô tô đỗ cửa chi &quot; class=&quot;image&quot; src=&quot;/files/nhadat/2020/6/23/images/6040e660-6266-42e1-a1b5-57a7a114961f.jpg&quot;/&gt;                                        &lt;/a&gt;                                    &lt;/div&gt;                                    &lt;div class=&quot;li_subject&quot;&gt;                                        &lt;div class=&quot;subject_price&quot;&gt;                                            &lt;a href=&quot;/ban-nha-trong-hem-quan-hoang-mai-nha-moi-dep-o-ngay-dinh-cong-h-184594&quot; title=&quot;nha mơi đep ơ ngay đinh công ha,33mx5t,sđcc,ô tô đỗ cửa chi &quot;&gt;                                                &lt;span&gt;                                                    Nha mơi đep ơ ngay Đinh Công Ha,33mx5T,SĐCC,ô tô đỗ cửa chi hơn 2 ty 0867578891                                                &lt;/span&gt;                                            &lt;/a&gt;                                            &lt;div class=&quot;item_price&quot;&gt;                                                &lt;span class=&quot;vGia pr&quot;&gt;                                                    2750000                                                &lt;/span&gt;                                            &lt;/div&gt;                                        &lt;/div&gt;                                        &lt;div class=&quot;item_address&quot;&gt;                                            Diện tích: 33 m2                                        &lt;/div&gt;                                        &lt;span class=&quot;item_date&quot;&gt;                                                &lt;span&gt;Hôm qua&lt;/span&gt;                                        &lt;/span&gt;                                    &lt;/div&gt;                                    &lt;div class=&quot;clear_row&quot;/&gt;                                &lt;/div&gt;" SourceIndex="1271" TableNum="0" TextLen="109" order="28" xPath="/html[1]/body[1]/div[2]/div[1]/div[2]/div[3]/article[1]/div[5]/div[1]/div[9]"/>
<LayoutNode BgColor="#ffffff" ContainImg="1" ContainP="0" ContainTable="false" Content="Bán nhà lô góc Tân Mai, 35m, 5T chỉ 2.8 tỷ. 28 Diện tích: 35 m2 22/06/2020 " DOMCldNum="21" DoC="8" FontSize="16" FontWeight="normal" FormNum="0" FormSize="0" FrameSourceIndex="0" ID="1-7-1-10" InteractionNum="0" InteractionSize="0" IsImg="false" LinkNum="4" LinkTextLen="43" ObjectHeight="95" ObjectRectHeight="101" ObjectRectLeft="0" ObjectRectTop="2565" ObjectRectWidth="874" ObjectWidth="737" ObjectX="131" ObjectY="2565" OptionNum="0" OptionTextLength="0" ParaNum="0" SRC="&lt;div class=&quot;item&quot;&gt;                                    &lt;div class=&quot;maxW40 imageCol alignLeft&quot;&gt;                                        &lt;a href=&quot;/ban-nha-trong-hem-quan-hoang-mai-lo-goc-tan-mai-35m-5t-chi-2-8--184321&quot; title=&quot;bán nhà lô góc tân mai, 35m, 5t chỉ 2.8 tỷ.&quot;&gt;                                                &lt;img alt=&quot;bán nhà lô góc tân mai, 35m, 5t chỉ 2.8 tỷ.&quot; class=&quot;image&quot; src=&quot;/files/nhadat/2020/6/22/images/9642e68b-7bbb-45b0-ad79-19fad8d0d196.jpg&quot;/&gt;                                        &lt;/a&gt;                                    &lt;/div&gt;                                    &lt;div class=&quot;li_subject&quot;&gt;                                        &lt;div class=&quot;subject_price&quot;&gt;                                            &lt;a href=&quot;/ban-nha-trong-hem-quan-hoang-mai-lo-goc-tan-mai-35m-5t-chi-2-8--184321&quot; title=&quot;bán nhà lô góc tân mai, 35m, 5t chỉ 2.8 tỷ.&quot;&gt;                                                &lt;span&gt;                                                    Bán nhà lô góc Tân Mai, 35m, 5T chỉ 2.8 tỷ.                                                &lt;/span&gt;                                            &lt;/a&gt;                                            &lt;div class=&quot;item_price&quot;&gt;                                                &lt;span class=&quot;vGia pr&quot;&gt;                                                    28                                                &lt;/span&gt;                                            &lt;/div&gt;                                        &lt;/div&gt;                                        &lt;div class=&quot;item_address&quot;&gt;                                            Diện tích: 35 m2                                        &lt;/div&gt;                                        &lt;span class=&quot;item_date&quot;&gt;                                                &lt;span&gt;22/06/2020&lt;/span&gt;                                        &lt;/span&gt;                                    &lt;/div&gt;                                    &lt;div class=&quot;clear_row&quot;/&gt;                                &lt;/div&gt;" SourceIndex="1311" TableNum="0" TextLen="71" order="29" xPath="/html[1]/body[1]/div[2]/div[1]/div[2]/div[3]/article[1]/div[5]/div[1]/div[10]"/>
</LayoutNode>
<LayoutNode BgColor="#ffffff" ContainImg="0" ContainP="0" ContainTable="false" Content="Bán Nhà trong hẻm Hà Nội Quận Hoàng Mai Theo giá 1 - 3 triệu 3 - 5 triệu 5 - 10 triệu 10 - 15 triệu 15 - 20 triệu 20 - 30 triệu 30 - 40 triệu 40 - 60 triệu 60 - 80 triệu 80 - 100 triệu 100 - 300 triệu 300 - 500 triệu 500 - 800 triệu trên 1 tỷ Theo diện tích Dưới 30 m2 30 - 50 m2 50 - 70 m2 70 - 100 m2 100 - 150 m2 150 - 200 m2 200 - 250 m2 250 - 300 m2 300 - 350 m2 350 - 400 m2 400 - 600 m2 600 - 800 m2 800 - 1000 m2 Trên 1000 m2 " DOMCldNum="11" DoC="5" FontSize="16" FontWeight="normal" FormNum="0" FormSize="0" FrameSourceIndex="0" ID="1-7-2" InteractionNum="0" InteractionSize="0" IsImg="false" LinkNum="56" LinkTextLen="342" ObjectHeight="64" ObjectRectHeight="1160" ObjectRectLeft="904" ObjectRectTop="1506" ObjectRectWidth="516" ObjectWidth="359" ObjectX="904" ObjectY="2048" OptionNum="0" OptionTextLength="0" ParaNum="0" SRC="&lt;div class=&quot;sidebar-widget&quot;&gt;                &lt;div class=&quot;support-category&quot;&gt;                    &lt;h3 title=&quot;Bán Nhà trong hẻm Hà Nội Quận Hoàng Mai&quot;&gt;                        Bán Nhà trong hẻm Hà Nội Quận Hoàng Mai                    &lt;/h3&gt;                &lt;/div&gt;                &lt;div class=&quot;list-group&quot;&gt;                    &lt;div class=&quot;col-xs-6&quot; style=&quot;padding:0&quot;&gt;                        &lt;strong class=&quot;list-group-item&quot;&gt;Theo giá&lt;/strong&gt;                        &lt;a class=&quot;list-group-item&quot; href=&quot;/nha-dat/ban-nha-trong-hem-ha-noi-quan-hoang-mai?g=2&quot;&gt;1 - 3 triệu&lt;/a&gt;                        &lt;a class=&quot;list-group-item&quot; href=&quot;/nha-dat/ban-nha-trong-hem-ha-noi-quan-hoang-mai?g=3&quot;&gt;3 - 5 triệu&lt;/a&gt;                        &lt;a class=&quot;list-group-item&quot; href=&quot;/nha-dat/ban-nha-trong-hem-ha-noi-quan-hoang-mai?g=4&quot;&gt;5 - 10 triệu&lt;/a&gt;                        &lt;a class=&quot;list-group-item&quot; href=&quot;/nha-dat/ban-nha-trong-hem-ha-noi-quan-hoang-mai?g=5&quot;&gt;10 - 15 triệu&lt;/a&gt;                        &lt;a class=&quot;list-group-item&quot; href=&quot;/nha-dat/ban-nha-trong-hem-ha-noi-quan-hoang-mai?g=6&quot;&gt;15 - 20 triệu&lt;/a&gt;                        &lt;a class=&quot;list-group-item&quot; href=&quot;/nha-dat/ban-nha-trong-hem-ha-noi-quan-hoang-mai?g=7&quot;&gt;20 - 30 triệu&lt;/a&gt;                        &lt;a class=&quot;list-group-item&quot; href=&quot;/nha-dat/ban-nha-trong-hem-ha-noi-quan-hoang-mai?g=8&quot;&gt;30 - 40 triệu&lt;/a&gt;                        &lt;a class=&quot;list-group-item&quot; href=&quot;/nha-dat/ban-nha-trong-hem-ha-noi-quan-hoang-mai?g=9&quot;&gt;40 - 60 triệu&lt;/a&gt;                        &lt;a class=&quot;list-group-item&quot; href=&quot;/nha-dat/ban-nha-trong-hem-ha-noi-quan-hoang-mai?g=10&quot;&gt;60 - 80 triệu&lt;/a&gt;                        &lt;a class=&quot;list-group-item&quot; href=&quot;/nha-dat/ban-nha-trong-hem-ha-noi-quan-hoang-mai?g=11&quot;&gt;80 - 100 triệu&lt;/a&gt;                        &lt;a class=&quot;list-group-item&quot; href=&quot;/nha-dat/ban-nha-trong-hem-ha-noi-quan-hoang-mai?g=12&quot;&gt;100 - 300 triệu&lt;/a&gt;                        &lt;a class=&quot;list-group-item&quot; href=&quot;/nha-dat/ban-nha-trong-hem-ha-noi-quan-hoang-mai?g=13&quot;&gt;300 - 500 triệu&lt;/a&gt;                        &lt;a class=&quot;list-group-item&quot; href=&quot;/nha-dat/ban-nha-trong-hem-ha-noi-quan-hoang-mai?g=14&quot;&gt;500 - 800 triệu&lt;/a&gt;                        &lt;a class=&quot;list-group-item&quot; href=&quot;/nha-dat/ban-nha-trong-hem-ha-noi-quan-hoang-mai?g=27&quot;&gt;trên 1 tỷ&lt;/a&gt;                    &lt;/div&gt;                    &lt;div class=&quot;col-xs-6&quot; style=&quot;padding:0&quot;&gt;                        &lt;strong class=&quot;list-group-item&quot;&gt;Theo diện tích&lt;/strong&gt;                        &lt;a class=&quot;list-group-item&quot; href=&quot;/nha-dat/ban-nha-trong-hem-ha-noi-quan-hoang-mai?dt=1&quot;&gt;Dưới 30 m2&lt;/a&gt;                        &lt;a class=&quot;list-group-item&quot; href=&quot;/nha-dat/ban-nha-trong-hem-ha-noi-quan-hoang-mai?dt=2&quot;&gt;30 - 50 m2&lt;/a&gt;                        &lt;a class=&quot;list-group-item&quot; href=&quot;/nha-dat/ban-nha-trong-hem-ha-noi-quan-hoang-mai?dt=3&quot;&gt;50 - 70 m2&lt;/a&gt;                        &lt;a class=&quot;list-group-item&quot; href=&quot;/nha-dat/ban-nha-trong-hem-ha-noi-quan-hoang-mai?dt=4&quot;&gt;70 - 100 m2&lt;/a&gt;                        &lt;a class=&quot;list-group-item&quot; href=&quot;/nha-dat/ban-nha-trong-hem-ha-noi-quan-hoang-mai?dt=5&quot;&gt;100 - 150 m2&lt;/a&gt;                        &lt;a class=&quot;list-group-item&quot; href=&quot;/nha-dat/ban-nha-trong-hem-ha-noi-quan-hoang-mai?dt=6&quot;&gt;150 - 200 m2&lt;/a&gt;                        &lt;a class=&quot;list-group-item&quot; href=&quot;/nha-dat/ban-nha-trong-hem-ha-noi-quan-hoang-mai?dt=7&quot;&gt;200 - 250 m2&lt;/a&gt;                        &lt;a class=&quot;list-group-item&quot; href=&quot;/nha-dat/ban-nha-trong-hem-ha-noi-quan-hoang-mai?dt=8&quot;&gt;250 - 300 m2&lt;/a&gt;                        &lt;a class=&quot;list-group-item&quot; href=&quot;/nha-dat/ban-nha-trong-hem-ha-noi-quan-hoang-mai?dt=9&quot;&gt;300 - 350 m2&lt;/a&gt;                        &lt;a class=&quot;list-group-item&quot; href=&quot;/nha-dat/ban-nha-trong-hem-ha-noi-quan-hoang-mai?dt=10&quot;&gt;350 - 400 m2&lt;/a&gt;                        &lt;a class=&quot;list-group-item&quot; href=&quot;/nha-dat/ban-nha-trong-hem-ha-noi-quan-hoang-mai?dt=11&quot;&gt;400 - 600 m2&lt;/a&gt;                        &lt;a class=&quot;list-group-item&quot; href=&quot;/nha-dat/ban-nha-trong-hem-ha-noi-quan-hoang-mai?dt=12&quot;&gt;600 - 800 m2&lt;/a&gt;                        &lt;a class=&quot;list-group-item&quot; href=&quot;/nha-dat/ban-nha-trong-hem-ha-noi-quan-hoang-mai?dt=13&quot;&gt;800 - 1000 m2&lt;/a&gt;                        &lt;a class=&quot;list-group-item&quot; href=&quot;/nha-dat/ban-nha-trong-hem-ha-noi-quan-hoang-mai?dt=14&quot;&gt;Trên 1000 m2&lt;/a&gt;                    &lt;/div&gt;                &lt;/div&gt;            &lt;/div&gt;" SourceIndex="1527" TableNum="0" TextLen="403" order="30" xPath="/html[1]/body[1]/div[2]/div[1]/div[2]/div[4]/div[3]"/>
</LayoutNode>
<LayoutNode BgColor="#ffffff" ContainImg="0" ContainP="0" ContainTable="false" Content="Facebook Page | Facebook Group | Liên hệ hỗ trợ | Quy định đăng tin | Dạy kèm tin học văn phòng | Dạy photoshop " DOMCldNum="57" DoC="7" FontSize="16" FontWeight="normal" FormNum="0" FormSize="0" FrameSourceIndex="0" ID="1-8" InteractionNum="0" InteractionSize="0" IsImg="false" LinkNum="12" LinkTextLen="96" ObjectHeight="40" ObjectRectHeight="40" ObjectRectLeft="0" ObjectRectTop="2748" ObjectRectWidth="1420" ObjectWidth="1160" ObjectX="120" ObjectY="2748" OptionNum="0" OptionTextLength="0" ParaNum="0" SRC="Facebook Page | Facebook Group | Liên hệ hỗ trợ | Quy định đăng tin | Dạy kèm tin học văn phòng | Dạy photoshop" SourceIndex="0" TableNum="0" TextLen="111" order="31" xPath="No Xpath"/>
<LayoutNode BgColor="#ffffff" ContainImg="0" ContainP="0" ContainTable="false" DOMCldNum="13" DoC="5" FontSize="16" FontWeight="normal" FormNum="0" FormSize="0" FrameSourceIndex="0" ID="1-9" InteractionNum="0" InteractionSize="0" IsImg="false" LinkNum="105" LinkTextLen="906" ObjectRectHeight="529" ObjectRectLeft="0" ObjectRectTop="2798" ObjectRectWidth="1420" OptionNum="0" OptionTextLength="0" ParaNum="0" SourceIndex="1718" TableNum="0" TextLen="1007" order="32">
<LayoutNode BgColor="#ffffff" ContainImg="0" ContainP="0" ContainTable="false" Content="NHÀ ĐẤT TP HCM Nhà đất Quận 12 Nhà đất Quận 10 Bán nhà Quận 7 Bán nhà Tân Phú Bán nhà Thủ Đức Bán nhà Tân Bình Bán nhà Bình Thạnh Bán nhà Gò Vấp Bán nhà Bình Tân Bán nhà Phú Nhuận Cho thuê văn phòng Quận 1 Cho thuê văn phòng Quận 3 " DOMCldNum="13" DoC="8" FontSize="16" FontWeight="normal" FormNum="0" FormSize="0" FrameSourceIndex="0" ID="1-9-1" InteractionNum="0" InteractionSize="0" IsImg="false" LinkNum="26" LinkTextLen="219" ObjectHeight="390" ObjectRectHeight="529" ObjectRectLeft="0" ObjectRectTop="2798" ObjectRectWidth="299" ObjectWidth="164" ObjectX="135" ObjectY="2808" OptionNum="0" OptionTextLength="0" ParaNum="0" SRC="&lt;div class=&quot;col-md-2&quot;&gt;                    &lt;h5&gt;                        &lt;strong&gt;                            &lt;a href=&quot;/nha-dat/ban-nha-mat-tien-tp-ho-chi-minh&quot; style=&quot;text-decoration:none&quot; title=&quot;Mua bán nhà đất tp Hồ Chí Minh&quot;&gt;                                NHÀ ĐẤT TP HCM                            &lt;/a&gt;                        &lt;/strong&gt;                    &lt;/h5&gt;                    &lt;ul class=&quot;list-unstyled&quot; style=&quot;font-size:12px&quot;&gt;                        &lt;li&gt;&lt;a href=&quot;/nha-dat/ban-nha-o-tp-ho-chi-minh-quan-12&quot; title=&quot;Mua bán nhà đất Quận 12 Hồ Chí Minh&quot;&gt;Nhà đất Quận 12&lt;/a&gt;&lt;/li&gt;                        &lt;li&gt;&lt;a href=&quot;/nha-dat/ban-nha-o-tp-ho-chi-minh-quan-10&quot; title=&quot;Mua bán nhà đất Quận 10 Hồ Chí Minh&quot;&gt;Nhà đất Quận 10&lt;/a&gt;&lt;/li&gt;                        &lt;li&gt;&lt;a href=&quot;/nha-dat/ban-nha-o-tp-ho-chi-minh-quan-7&quot; title=&quot;Mua bán nhà đất Quận 7 Hồ Chí Minh&quot;&gt;Bán nhà Quận 7&lt;/a&gt;&lt;/li&gt;                        &lt;li&gt;&lt;a href=&quot;/nha-dat/ban-nha-o-tp-ho-chi-minh-quan-tan-phu&quot; title=&quot;Mua bán nhà đất Quận Tân Phú Hồ Chí Minh&quot;&gt;Bán nhà Tân Phú&lt;/a&gt;&lt;/li&gt;                        &lt;li&gt;&lt;a href=&quot;/nha-dat/ban-nha-o-tp-ho-chi-minh-quan-thu-duc&quot; title=&quot;Mua bán nhà đất Quận Thủ Đức Hồ Chí Minh&quot;&gt;Bán nhà Thủ Đức&lt;/a&gt;&lt;/li&gt;                        &lt;li&gt;&lt;a href=&quot;/nha-dat/ban-nha-o-tp-ho-chi-minh-quan-tan-binh&quot; title=&quot;Mua bán nhà đất Quận Tân Bình Hồ Chí Minh&quot;&gt;Bán nhà Tân Bình&lt;/a&gt;&lt;/li&gt;                        &lt;li&gt;&lt;a href=&quot;/nha-dat/ban-nha-o-tp-ho-chi-minh-quan-binh-thanh&quot; title=&quot;Mua bán nhà đất Quận Bình Thạnh Hồ Chí Minh&quot;&gt;Bán nhà Bình Thạnh&lt;/a&gt;&lt;/li&gt;                        &lt;li&gt;&lt;a href=&quot;/nha-dat/ban-nha-o-tp-ho-chi-minh-quan-go-vap&quot; title=&quot;Mua bán nhà đất Quận Gò Vấp Hồ Chí Minh&quot;&gt;Bán nhà Gò Vấp&lt;/a&gt;&lt;/li&gt;                        &lt;li&gt;&lt;a href=&quot;/nha-dat/ban-nha-o-tp-ho-chi-minh-quan-binh-tan&quot; title=&quot;Mua bán nhà đất Quận Bình Tân Hồ Chí Minh&quot;&gt;Bán nhà Bình Tân&lt;/a&gt;&lt;/li&gt;                        &lt;li&gt;&lt;a href=&quot;/nha-dat/ban-nha-o-tp-ho-chi-minh-quan-phu-nhuan&quot; title=&quot;Mua bán nhà đất Quận Phú Nhuận Hồ Chí Minh&quot;&gt;Bán nhà Phú Nhuận&lt;/a&gt;&lt;/li&gt;                        &lt;li&gt;&lt;a href=&quot;/nha-dat/cho-thue-van-phong-tp-ho-chi-minh-quan-1&quot; title=&quot;Cho thuê văn phòng Quận 1 Hồ Chí Minh&quot;&gt;Cho thuê văn phòng Quận 1&lt;/a&gt;&lt;/li&gt;                        &lt;li&gt;&lt;a href=&quot;/nha-dat/cho-thue-van-phong-tp-ho-chi-minh-quan-3&quot; title=&quot;Cho thuê văn phòng Quận 3 Hồ Chí Minh&quot;&gt;Cho thuê văn phòng Quận 3&lt;/a&gt;&lt;/li&gt;                    &lt;/ul&gt;                &lt;/div&gt;" SourceIndex="1720" TableNum="0" TextLen="219" order="33" xPath="/html[1]/body[1]/div[3]/div[1]/div[1]/ul[1]/footer[1]/div[1]/div[1]/div[1]"/>
<LayoutNode BgColor="#ffffff" ContainImg="0" ContainP="0" ContainTable="false" DOMCldNum="13" DoC="5" FontSize="16" FontWeight="normal" FormNum="0" FormSize="0" FrameSourceIndex="0" ID="1-9-2" InteractionNum="0" InteractionSize="0" IsImg="false" LinkNum="65" LinkTextLen="585" ObjectRectHeight="529" ObjectRectLeft="323" ObjectRectTop="2798" ObjectRectWidth="763" OptionNum="0" OptionTextLength="0" ParaNum="0" SourceIndex="1718" TableNum="0" TextLen="686" order="34">
<LayoutNode BgColor="#ffffff" ContainImg="0" ContainP="0" ContainTable="false" DOMCldNum="13" DoC="5" FontSize="16" FontWeight="normal" FormNum="0" FormSize="0" FrameSourceIndex="0" ID="1-9-2-1" InteractionNum="0" InteractionSize="0" IsImg="false" LinkNum="64" LinkTextLen="569" ObjectRectHeight="400" ObjectRectLeft="323" ObjectRectTop="2798" ObjectRectWidth="763" OptionNum="0" OptionTextLength="0" ParaNum="0" SourceIndex="1718" TableNum="0" TextLen="569" order="35">
<LayoutNode BgColor="#ffffff" ContainImg="0" ContainP="0" ContainTable="false" Content="NHÀ ĐẤT HÀ NỘI Cho thuê chung cư Hà Nội Cho thuê phòng trọ Hà Nội Nhà đất Cầu Giấy Nhà đất Thanh Xuân Nhà đất Đống Đa Nhà đất Hai Bà Trưng Nhà đất Ba Đình Nhà đất Tây Hồ Nhà đất Long Biên Nhà đất Hoàn Kiếm Chung cư Thanh Xuân Chung cư Tây Hồ " DOMCldNum="13" DoC="8" FontSize="16" FontWeight="normal" FormNum="0" FormSize="0" FrameSourceIndex="0" ID="1-9-2-1-1" InteractionNum="0" InteractionSize="0" IsImg="false" LinkNum="26" LinkTextLen="229" ObjectHeight="390" ObjectRectHeight="400" ObjectRectLeft="323" ObjectRectTop="2798" ObjectRectWidth="170" ObjectWidth="164" ObjectX="329" ObjectY="2808" OptionNum="0" OptionTextLength="0" ParaNum="0" SRC="&lt;div class=&quot;col-md-2&quot;&gt;                    &lt;h5&gt;                        &lt;strong&gt;                            &lt;a href=&quot;/nha-dat/ban-nha-mat-tien-ha-noi&quot; style=&quot;text-decoration:none&quot; title=&quot;Mua bán nhà đất Hà Nội&quot;&gt;                                NHÀ ĐẤT HÀ NỘI                            &lt;/a&gt;                        &lt;/strong&gt;                    &lt;/h5&gt;                    &lt;ul class=&quot;list-unstyled&quot; style=&quot;font-size:12px&quot;&gt;                        &lt;li&gt;&lt;a href=&quot;/nha-dat/cho-thue-can-ho-chung-cu-ha-noi&quot; title=&quot;Cho thuê chung cư Hà Nội&quot;&gt;Cho thuê chung cư Hà Nội&lt;/a&gt;&lt;/li&gt;                        &lt;li&gt;&lt;a href=&quot;/nha-dat/cho-thue-phong-tro-nha-tro-ha-noi&quot; title=&quot;Cho thuê phòng trọ, nhà trọ Hà Nội&quot;&gt;Cho thuê phòng trọ Hà Nội&lt;/a&gt;&lt;/li&gt;                        &lt;li&gt;&lt;a href=&quot;/nha-dat/ban-nha-o-ha-noi-quan-cau-giay&quot; title=&quot;Bán nhà quận Cầu Giấy&quot;&gt;Nhà đất Cầu Giấy&lt;/a&gt;&lt;/li&gt;                        &lt;li&gt;&lt;a href=&quot;/nha-dat/ban-nha-o-ha-noi-quan-thanh-xuan&quot; title=&quot;Bán nhà quận Thanh xuân&quot;&gt;Nhà đất Thanh Xuân&lt;/a&gt;&lt;/li&gt;                        &lt;li&gt;&lt;a href=&quot;/nha-dat/ban-nha-o-ha-noi-quan-dong-da&quot; title=&quot;Bán nhà quận Đống Đa&quot;&gt;Nhà đất Đống Đa&lt;/a&gt;&lt;/li&gt;                        &lt;li&gt;&lt;a href=&quot;/nha-dat/ban-nha-o-ha-noi-quan-hai-ba-trung&quot; title=&quot;Mua bán nhà đất Quận Hai Bà Trưng&quot;&gt;Nhà đất Hai Bà Trưng&lt;/a&gt;&lt;/li&gt;                        &lt;li&gt;&lt;a href=&quot;/nha-dat/ban-nha-o-ha-noi-quan-ba-dinh&quot; title=&quot;Mua bán nhà đất Quận Ba Đình&quot;&gt;Nhà đất Ba Đình&lt;/a&gt;&lt;/li&gt;                        &lt;li&gt;&lt;a href=&quot;/nha-dat/ban-nha-o-ha-noi-quan-tay-ho&quot; title=&quot;Mua bán nhà đất Quận Tây Hồ&quot;&gt;Nhà đất Tây Hồ&lt;/a&gt;&lt;/li&gt;                        &lt;li&gt;&lt;a href=&quot;/nha-dat/ban-nha-o-ha-noi-quan-long-bien&quot; title=&quot;Mua bán nhà đất Quận Long Biên&quot;&gt;Nhà đất Long Biên&lt;/a&gt;&lt;/li&gt;                        &lt;li&gt;&lt;a href=&quot;/nha-dat/can-ban-nha-o-ha-noi-quan-hoan-kiem&quot; title=&quot;Mua bán nhà đất Quận Hoàn Kiếm&quot;&gt;Nhà đất Hoàn Kiếm&lt;/a&gt;&lt;/li&gt;                        &lt;li&gt;&lt;a href=&quot;/nha-dat/cho-thue-can-ho-chung-cu-ha-noi-quan-thanh-xuan&quot; title=&quot;Chung cư Quận Thanh Xuân&quot;&gt;Chung cư Thanh Xuân&lt;/a&gt;&lt;/li&gt;                        &lt;li&gt;&lt;a href=&quot;/nha-dat/cho-thue-can-ho-chung-cu-ha-noi-quan-tay-ho&quot; title=&quot;Chung cư Quận Tây Hồ&quot;&gt;Chung cư Tây Hồ&lt;/a&gt;&lt;/li&gt;                    &lt;/ul&gt;                &lt;/div&gt;" SourceIndex="1783" TableNum="0" TextLen="229" order="36" xPath="/html[1]/body[1]/div[3]/div[1]/div[1]/ul[1]/footer[1]/div[1]/div[1]/div[2]"/>
<LayoutNode BgColor="#ffffff" ContainImg="0" ContainP="0" ContainTable="false" Content="NHÀ ĐẤT ĐỒNG NAI Bán nhà Biên Hòa Bán đất Biên Hòa Căn hộ Đồng Nai Nhà mặt tiền Đồng Nai Cho thuê phòng trọ Đồng Nai " DOMCldNum="13" DoC="5" FontSize="16" FontWeight="normal" FormNum="0" FormSize="0" FrameSourceIndex="0" ID="1-9-2-1-2" InteractionNum="0" InteractionSize="0" IsImg="false" LinkNum="12" LinkTextLen="111" ObjectHeight="180" ObjectRectHeight="400" ObjectRectLeft="523" ObjectRectTop="2798" ObjectRectWidth="164" ObjectWidth="164" ObjectX="523" ObjectY="2808" OptionNum="0" OptionTextLength="0" ParaNum="0" SRC="&lt;div class=&quot;col-md-2&quot;&gt;                    &lt;h5&gt;                        &lt;strong&gt;                            &lt;a href=&quot;/nha-dat/ban-nha-o-dong-nai&quot; style=&quot;text-decoration:none&quot; title=&quot;Mua bán nhà đất Đồng Nai&quot;&gt;                                NHÀ ĐẤT ĐỒNG NAI                            &lt;/a&gt;                        &lt;/strong&gt;                    &lt;/h5&gt;                    &lt;ul class=&quot;list-unstyled&quot; style=&quot;font-size:12px&quot;&gt;                        &lt;li&gt;&lt;a href=&quot;/nha-dat/ban-nha-o-dong-naithanh-pho-bien-hoa&quot; title=&quot;Bán nhà Biên Hòa&quot;&gt;Bán nhà Biên Hòa&lt;/a&gt;&lt;/li&gt;                        &lt;li&gt;&lt;a href=&quot;/nha-dat/ban-dat-tho-cu-dat-o-dong-nai-thanh-pho-bien-hoa&quot; title=&quot;Bán đất Biên Hòa&quot;&gt;Bán đất Biên Hòa&lt;/a&gt;&lt;/li&gt;                        &lt;li&gt;&lt;a href=&quot;/nha-dat/ban-can-ho-chung-cu-dong-nai&quot; title=&quot;Mua bán căn hộ chung cư Đồng Nai&quot;&gt;Căn hộ Đồng Nai&lt;/a&gt;&lt;/li&gt;                        &lt;li&gt;&lt;a href=&quot;/nha-dat/ban-nha-mat-tien-dong-nai&quot; title=&quot;Mua bán nhà mặt tiền Đồng Nai&quot;&gt;Nhà mặt tiền Đồng Nai&lt;/a&gt;&lt;/li&gt;                        &lt;li&gt;&lt;a href=&quot;/nha-dat/cho-thue-phong-tro-nha-tro-dong-nai&quot; title=&quot;Cho thuê phòng trọ, nhà trọ Đồng Nai&quot;&gt;Cho thuê phòng trọ Đồng Nai&lt;/a&gt;&lt;/li&gt;                    &lt;/ul&gt;                &lt;/div&gt;" SourceIndex="1846" TableNum="0" TextLen="111" order="37" xPath="/html[1]/body[1]/div[3]/div[1]/div[1]/ul[1]/footer[1]/div[1]/div[1]/div[3]"/>
<LayoutNode BgColor="#ffffff" ContainImg="0" ContainP="0" ContainTable="false" Content="NHÀ ĐẤT BÌNH DƯƠNG Cho thuê nhà Bình Dương Cho thuê phòng trọ Bình Dương Cho thuê đất Bình Dương Nhà đất Thủ Dầu Một Nhà đất Dĩ An " DOMCldNum="13" DoC="5" FontSize="16" FontWeight="normal" FormNum="0" FormSize="0" FrameSourceIndex="0" ID="1-9-2-1-3" InteractionNum="0" InteractionSize="0" IsImg="false" LinkNum="14" LinkTextLen="124" ObjectHeight="210" ObjectRectHeight="400" ObjectRectLeft="717" ObjectRectTop="2798" ObjectRectWidth="164" ObjectWidth="164" ObjectX="717" ObjectY="2808" OptionNum="0" OptionTextLength="0" ParaNum="0" SRC="&lt;div class=&quot;col-md-2&quot;&gt;                    &lt;h5&gt;                        &lt;strong&gt;                            &lt;a href=&quot;/nha-dat/ban-nha-mat-tien-binh-duong&quot; style=&quot;text-decoration:none&quot; title=&quot;Mua bán Nhà đất Bình Dương&quot;&gt;                                NHÀ ĐẤT BÌNH DƯƠNG                            &lt;/a&gt;                        &lt;/strong&gt;                    &lt;/h5&gt;                    &lt;ul class=&quot;list-unstyled&quot; style=&quot;font-size:12px&quot;&gt;                        &lt;li&gt;&lt;a href=&quot;/nha-dat/cho-thue-nha-o-binh-duong&quot; title=&quot;Cho thuê nhà bình dương&quot;&gt;Cho thuê nhà Bình Dương&lt;/a&gt;&lt;/li&gt;                        &lt;li&gt;&lt;a href=&quot;/nha-dat/cho-thue-phong-tro-nha-tro-binh-duong&quot; title=&quot;Cho thuê phòng trọ Bình Dương&quot;&gt;Cho thuê phòng trọ Bình Dương&lt;/a&gt;&lt;/li&gt;                        &lt;li&gt;&lt;a href=&quot;/nha-dat/cho-thue-dat-tho-cu-dat-o-binh-duong&quot; title=&quot;Cho thuê đất Bình Dương&quot;&gt;Cho thuê đất Bình Dương&lt;/a&gt;&lt;/li&gt;                        &lt;li&gt;&lt;a href=&quot;/nha-dat/ban-nha-o-binh-duong-thi-xa-thu-dau-mot&quot; title=&quot;Bán nhà Thủ Dầu một&quot;&gt;Nhà đất Thủ Dầu Một&lt;/a&gt;&lt;/li&gt;                        &lt;li&gt;&lt;a href=&quot;/nha-dat/ban-nha-o-binh-duong-thi-xa-di-an&quot; title=&quot;Nhà đất Dĩ An Bình dương&quot;&gt;Nhà đất Dĩ An&lt;/a&gt;&lt;/li&gt;                    &lt;/ul&gt;                &lt;/div&gt;" SourceIndex="1881" TableNum="0" TextLen="124" order="38" xPath="/html[1]/body[1]/div[3]/div[1]/div[1]/ul[1]/footer[1]/div[1]/div[1]/div[4]"/>
<LayoutNode BgColor="#ffffff" ContainImg="0" ContainP="0" ContainTable="false" Content="NHÀ ĐẤT ĐÀ NẴNG Biệt thự Đà Nẵng Cho thuê căn hộ Đà Nẵng Cho thuê đất Đà Nẵng Nhà đất Hải Châu Nhà đất Sơn Trà " DOMCldNum="13" DoC="5" FontSize="16" FontWeight="normal" FormNum="0" FormSize="0" FrameSourceIndex="0" ID="1-9-2-1-4" InteractionNum="0" InteractionSize="0" IsImg="false" LinkNum="12" LinkTextLen="105" ObjectHeight="180" ObjectRectHeight="400" ObjectRectLeft="911" ObjectRectTop="2798" ObjectRectWidth="175" ObjectWidth="164" ObjectX="911" ObjectY="2808" OptionNum="0" OptionTextLength="0" ParaNum="0" SRC="&lt;div class=&quot;col-md-2&quot;&gt;                    &lt;h5&gt;                        &lt;strong&gt;                            &lt;a href=&quot;/nha-dat/ban-nha-o-da-nang&quot; style=&quot;text-decoration:none&quot; title=&quot;Mua bán nhà đất Đà Nẵng&quot;&gt;                                NHÀ ĐẤT ĐÀ NẴNG                            &lt;/a&gt;                        &lt;/strong&gt;                    &lt;/h5&gt;                    &lt;ul class=&quot;list-unstyled&quot; style=&quot;font-size:12px&quot;&gt;                        &lt;li&gt;&lt;a href=&quot;/nha-dat/cho-thue-biet-thu-nha-lien-ke-da-nang&quot; title=&quot;Biệt thự Đà Nẵng&quot;&gt;Biệt thự Đà Nẵng&lt;/a&gt;&lt;/li&gt;                        &lt;li&gt;&lt;a href=&quot;/nha-dat/cho-thue-can-ho-chung-cu-da-nang&quot; title=&quot;Cho thuê căn hộ Đà Nẵng&quot;&gt;Cho thuê căn hộ Đà Nẵng&lt;/a&gt;&lt;/li&gt;                        &lt;li&gt;&lt;a href=&quot;nha-dat/cho-thue-dat-tho-cu-dat-o-da-nang&quot; title=&quot;Cho thuê đất Đà Nẵng&quot;&gt;Cho thuê đất Đà Nẵng&lt;/a&gt;&lt;/li&gt;                        &lt;li&gt;&lt;a href=&quot;/nha-dat/cho-thue-nha-o-da-nang-quan-hai-chau&quot; title=&quot;Nhà đất Hải Châu&quot;&gt;Nhà đất Hải Châu&lt;/a&gt;&lt;/li&gt;                        &lt;li&gt;&lt;a href=&quot;/nha-dat/cho-thue-nha-o-da-nang-quan-son-tra&quot; title=&quot;Nhà đất Sơn Trà&quot;&gt;Nhà đất Sơn Trà&lt;/a&gt;&lt;/li&gt;                    &lt;/ul&gt;                &lt;/div&gt;" SourceIndex="1916" TableNum="0" TextLen="105" order="39" xPath="/html[1]/body[1]/div[3]/div[1]/div[1]/ul[1]/footer[1]/div[1]/div[1]/div[5]"/>
</LayoutNode>
<LayoutNode BgColor="#ffffff" ContainImg="0" ContainP="0" ContainTable="false" Content="© 2015 - diachinhadat.com - ® Ghi rõ nguồn diachinhadat.com khi bạn phát hành thông tin từ website này " DOMCldNum="5" DoC="10" FontSize="16" FontWeight="normal" FormNum="0" FormSize="0" FrameSourceIndex="0" ID="1-9-2-2" InteractionNum="0" InteractionSize="0" IsImg="false" LinkNum="1" LinkTextLen="16" ObjectHeight="20" ObjectRectHeight="20" ObjectRectLeft="323" ObjectRectTop="3208" ObjectRectWidth="763" ObjectWidth="67" ObjectX="323" ObjectY="3208" OptionNum="0" OptionTextLength="0" ParaNum="0" SRC="© 2015 - &lt;a href=&quot;https://diachinhadat.com&quot; title=&quot;Đăng tin mua bán nhà đất, bất động sản toàn quốc&quot;&gt;diachinhadat.com&lt;/a&gt; - ® Ghi rõ nguồn diachinhadat.com khi bạn phát hành thông tin từ website này" SourceIndex="0;4053;0" TableNum="0" TextLen="102" order="40" xPath="No Xpath"/>
<LayoutNode BgColor="#ffffff" ContainImg="0" ContainP="0" ContainTable="false" Content="Thiết kế và SEO " DOMCldNum="5" DoC="10" FontSize="16" FontWeight="normal" FormNum="0" FormSize="0" FrameSourceIndex="0" ID="1-9-2-3" InteractionNum="0" InteractionSize="0" IsImg="false" LinkNum="0" LinkTextLen="0" ObjectHeight="20" ObjectRectHeight="79" ObjectRectLeft="323" ObjectRectTop="3248" ObjectRectWidth="763" ObjectWidth="114" ObjectX="648" ObjectY="3248" OptionNum="0" OptionTextLength="0" ParaNum="0" SRC="Thiết kế và SEO" SourceIndex="0" TableNum="0" TextLen="15" order="41" xPath="No Xpath"/>
</LayoutNode>
<LayoutNode BgColor="#ffffff" ContainImg="0" ContainP="0" ContainTable="false" Content="NHÀ ĐẤT BÀ RỊA - VŨNG TÀU Bán nhà Vũng tàu Bán nhà Bà rịa Bán đất Châu Đức Bán đất Tân Thành Bán nhà Côn Đảo " DOMCldNum="13" DoC="5" FontSize="16" FontWeight="normal" FormNum="0" FormSize="0" FrameSourceIndex="0" ID="1-9-3" InteractionNum="0" InteractionSize="0" IsImg="false" LinkNum="14" LinkTextLen="102" ObjectHeight="200" ObjectRectHeight="529" ObjectRectLeft="1105" ObjectRectTop="2798" ObjectRectWidth="315" ObjectWidth="164" ObjectX="1105" ObjectY="2808" OptionNum="0" OptionTextLength="0" ParaNum="0" SRC="&lt;div class=&quot;col-md-2&quot;&gt;                    &lt;h5&gt;                        &lt;strong&gt;                            &lt;a href=&quot;/nha-dat/ban-nha-o-ba-ria-vung-tau&quot; style=&quot;text-decoration:none&quot; title=&quot;Mua bán nhà đất Vũng Tàu&quot;&gt;                                NHÀ ĐẤT BÀ RỊA - VŨNG TÀU                            &lt;/a&gt;                        &lt;/strong&gt;                    &lt;/h5&gt;                    &lt;ul class=&quot;list-unstyled&quot; style=&quot;font-size:12px&quot;&gt;                        &lt;li&gt;&lt;a href=&quot;/nha-dat/ban-nha-o-ba-ria-vung-tau-thanh-pho-vung-tau&quot; title=&quot;Bán nhà Vũng tàu&quot;&gt;Bán nhà Vũng tàu&lt;/a&gt;&lt;/li&gt;                        &lt;li&gt;&lt;a href=&quot;/nha-dat/ban-nha-o-ba-ria-vung-tau-thanh-pho-ba-ria&quot; title=&quot;Bán nhà Bà rịa&quot;&gt;Bán nhà Bà rịa&lt;/a&gt;&lt;/li&gt;                        &lt;li&gt;&lt;a href=&quot;/nha-dat/ban-nha-o-ba-ria-vung-tau-huyen-chau-duc&quot; title=&quot;Bán đất Châu Đức&quot;&gt;Bán đất Châu Đức&lt;/a&gt;&lt;/li&gt;                        &lt;li&gt;&lt;a href=&quot;/nha-dat/ban-dat-tho-cu-dat-o-ba-ria-vung-tau-huyen-tan-thanh&quot; title=&quot;Bán đất Tân Thành&quot;&gt;Bán đất Tân Thành&lt;/a&gt;&lt;/li&gt;                        &lt;li&gt;&lt;a href=&quot;/nha-dat/ban-nha-mat-tien-ba-ria-vung-tau-huyen-con-dao&quot; title=&quot;Bán nhà Côn Đảo&quot;&gt;Bán nhà Côn Đảo&lt;/a&gt;&lt;/li&gt;                    &lt;/ul&gt;                &lt;/div&gt;" SourceIndex="1951" TableNum="0" TextLen="102" order="42" xPath="/html[1]/body[1]/div[3]/div[1]/div[1]/ul[1]/footer[1]/div[1]/div[1]/div[6]"/>
</LayoutNode>
</LayoutNode>
</VIPSPage>
