<VIPSPage PageRectHeight="980" PageRectLeft="0" PageRectTop="0" PageRectWidth="1420" PageTitle="Nhà 3 tầng bán 1 tỷ 190tr-Mới xây Hà Đông-Sổ đỏ chính chủ TÊN TÔI - 632032" Url="https://kenhbds.vn/can-ban/nha-dat/nha-3-tang-ban-1-ty-190tr-moi-xay-ha-dong-so-do-chinh-chu-ten-toi/632032.html" WindowHeight="980" WindowWidth="1420" neworder="0" order="0">
<LayoutNode BgColor="#ffffff" ContainImg="30" ContainP="12" ContainTable="false" DOMCldNum="7" DoC="1" FontSize="12" FontWeight="normal" FrameSourceIndex="0" ID="1" IsImg="false" LinkNum="170" LinkTextLen="3629" ObjectRectHeight="3131" ObjectRectLeft="0" ObjectRectTop="0" ObjectRectWidth="1420" SourceIndex="60" TextLen="6478" order="1">
<LayoutNode BgColor="#ffffff" ContainImg="1" ContainP="0" ContainTable="false" DOMCldNum="7" DoC="5" FontSize="12" FontWeight="normal" FrameSourceIndex="0" ID="1-1" IsImg="false" LinkNum="12" LinkTextLen="129" ObjectRectHeight="204" ObjectRectLeft="0" ObjectRectTop="0" ObjectRectWidth="1420" SourceIndex="60" TextLen="135" order="2">
<LayoutNode BgColor="#ffffff" ContainImg="0" ContainP="0" ContainTable="false" Content="Trang chủ | Quyền lợi tin đăng | Liên hệ " DOMCldNum="7" DoC="5" FontSize="12" FontWeight="normal" FrameSourceIndex="0" ID="1-1-1" IsImg="false" LinkNum="3" LinkTextLen="34" ObjectRectHeight="30" ObjectRectLeft="0" ObjectRectTop="0" ObjectRectWidth="1420" SRC="&lt;div xmlns=&quot;http://www.w3.org/1999/xhtml&quot; class=&quot;menu_top&quot;&gt;   &lt;ul&gt;          &lt;li&gt;&lt;a href=&quot;https://kenhbds.vn/&quot;&gt;Trang chủ&lt;/a&gt;&lt;/li&gt;        &lt;li&gt;|&lt;/li&gt;        &lt;li&gt;&lt;a href=&quot;https://kenhbds.vn/quyen-loi-tin-dang.html&quot; rel=&quot;nofollow&quot;&gt;Quyền lợi tin đăng&lt;/a&gt;&lt;/li&gt;        &lt;li&gt;|&lt;/li&gt;        &lt;li&gt;&lt;a href=&quot;https://kenhbds.vn/lien-he.html&quot; rel=&quot;nofollow&quot;&gt;Liên hệ&lt;/a&gt;&lt;/li&gt; &lt;/ul&gt; &lt;div class=&quot;clear&quot;/&gt;    &lt;/div&gt;" SourceIndex="62" TextLen="40" order="3" xPath="/#document/html/body/div[0]/div[1]/div"/>
<LayoutNode BgColor="#ffffff" ContainImg="1" ContainP="0" ContainTable="false" Content=" " DOMCldNum="5" DoC="8" FontSize="12" FontWeight="normal" FrameSourceIndex="0" ID="1-1-2" IsImg="false" LinkNum="1" LinkTextLen="0" ObjectRectHeight="120" ObjectRectLeft="0" ObjectRectTop="42" ObjectRectWidth="1420" SRC="&lt;div xmlns=&quot;http://www.w3.org/1999/xhtml&quot; class=&quot;nen_logo&quot;&gt;&lt;a href=&quot;https://kenhbds.vn/&quot;&gt;&lt;img XDefaultStyle=&quot;;border-top-style:none;border-right-style:none;border-bottom-style:none;border-left-style:none;&quot; alt=&quot;Mua bán nhà đất Hà Nội, TP.HCM, Đà Nẵng...Rao vặt mua bán cho thuê nhà đất toàn quốc&quot; border=&quot;0&quot; height=&quot;120&quot; src=&quot;https://kenhbds.vn/media2016/images/logo_kenhbds_final.png&quot; title=&quot;Mua bán nhà đất Hà Nội, TP.HCM, Đà Nẵng...Rao vặt mua bán cho thuê nhà đất toàn quốc&quot; width=&quot;226&quot;/&gt;&lt;/a&gt;&lt;/div&gt;" SourceIndex="92" TextLen="0" order="4" xPath="/#document/html/body/div[2]/div[0]/div[0]/a[0]/img"/>
<LayoutNode BgColor="#ffffff" ContainImg="0" ContainP="0" ContainTable="false" Content="Đăng Ký Đăng Tin Nhà đất bán Bán căn hộ, chung cư Bán căn hộ chung cư Hà Nội Bán căn hộ chung cư TP HCM Bán căn hộ chung cư Đà Nẵng Bán căn hộ chung cư Khánh Hòa Bán căn hộ chung cư Bình Dương Bán căn hộ chung cư Đồng Nai Bán căn hộ chung cư Bà Rịa Vũng Tàu Bán nhà riêng Bán nhà riêng Hà Nội Bán nhà riêng TP HCM Bán nhà riêng Đà Nẵng Bán nhà riêng Khánh Hòa Bán nhà riêng Bình Dương Bán nhà riêng Đồng Nai Bán nhà riêng Bà Rịa Vũng Tàu Bán nhà mặt phố Bán nhà mặt phố Hà Nội Bán nhà mặt phố TP HCM Bán nhà mặt phố Đà Nẵng Bán nhà mặt phố Khánh Hòa Bán nhà mặt phố Bình Dương Bán nhà mặt phố Đồng Nai Bán nhà mặt phố Bà Rịa Vũng Tàu Bán nhà tập thể, nhà cấp 4 Bán nhà tập thể nhà cấp 4 Hà Nội Bán nhà tập thể nhà cấp 4 TP HCM Bán nhà tập thể nhà cấp 4 Đà Nẵng Bán nhà tập thể nhà cấp 4 Khánh Hòa Bán nhà tập thể nhà cấp 4 Bình Dương Bán nhà tập thể nhà cấp 4 Đồng Nai Bán nhà tập thể nhà cấp 4 Bà Rịa Vũng Tàu Bán biệt thự, liền kề Bán biệt thự liền kề Hà Nội Bán biệt thự liền kề TP HCM Bán biệt thự liền kề Đà Nẵng Bán biệt thự liền kề Khánh Hòa Bán biệt thự liền kề Bình Dương Bán biệt thự liền kề Đồng Nai Bán biệt thự liền kề Bà Rịa Vũng Tàu Bán đất nền, đất thổ cư Bán đất nền đất thổ cư Hà Nội Bán đất nền đất thổ cư TP HCM Bán đất nền đất thổ cư Đà Nẵng Bán đất nền đất thổ cư Khánh Hòa Bán đất nền đất thổ cư Bình Dương Bán đất nền đất thổ cư Đồng Nai Bán đất nền đất thổ cư Bà Rịa Vũng Tàu Bán nhà xưởng, kho bãi Bán trang trại, khu nghỉ dưỡng Bán loại BĐS khác Nhà đất cho thuê Cho thuê căn hộ, chung cư Cho thuê căn hộ chung cư Hà Nội Cho thuê căn hộ chung cư TP HCM Cho thuê căn hộ chung cư Đà Nẵng Cho thuê căn hộ chung cư Khánh Hòa Cho thuê căn hộ chung cư Bình Dương Cho thuê căn hộ chung cư Đồng Nai Cho thuê căn hộ chung cư Bà Rịa Vũng Tàu Cho thuê nhà riêng Cho thuê nhà riêng Hà Nội Cho thuê nhà riêng TP HCM Cho thuê nhà riêng Đà Nẵng Cho thuê nhà riêng Khánh Hòa Cho thuê nhà riêng Bình Dương Cho thuê nhà riêng Đồng Nai Cho thuê nhà riêng Bà Rịa Vũng Tàu Cho thuê nhà mặt phố Cho thuê nhà mặt phố Hà Nội Cho thuê nhà mặt phố TP HCM Cho thuê nhà mặt phố Đà Nẵng Cho thuê nhà mặt phố Khánh Hòa Cho thuê nhà mặt phố Bình Dương Cho thuê nhà mặt phố Đồng Nai Cho thuê nhà mặt phố Bà Rịa Vũng Tàu Cho thuê nhà trọ, phòng trọ Cho thuê nhà trọ phòng trọ Hà Nội Cho thuê nhà trọ phòng trọ TP HCM Cho thuê nhà trọ phòng trọ Đà Nẵng Cho thuê nhà trọ phòng trọ Khánh Hòa Cho thuê nhà trọ phòng trọ Bình Dương Cho thuê nhà trọ phòng trọ Đồng Nai Cho thuê nhà trọ phòng trọ Bà Rịa Vũng Tàu Cho thuê văn phòng Cho thuê văn phòng Hà Nội Cho thuê văn phòng TP HCM Cho thuê văn phòng Đà Nẵng Cho thuê văn phòng Khánh Hòa Cho thuê văn phòng Bình Dương Cho thuê văn phòng Đồng Nai Cho thuê văn phòng Bà Rịa Vũng Tàu Cho thuê cửa hàng, ki ốt Cho thuê cửa hàng ki ốt Hà Nội Cho thuê cửa hàng ki ốt TP HCM Cho thuê cửa hàng ki ốt Đà Nẵng Cho thuê cửa hàng ki ốt Khánh Hòa Cho thuê cửa hàng ki ốt Bình Dương Cho thuê cửa hàng ki ốt Đồng Nai Cho thuê cửa hàng ki ốt Bà Rịa Vũng Tàu Cho thuê nhà nghỉ, khách sạn Cho thuê đất, nhà xưởng, kho bãi Cho thuê loại BĐS khác Cần mua - Cần thuê Nhà đất cần mua Cần mua căn hộ, chung cư Cần mua nhà riêng Cần mua nhà mặt phố Cần mua nhà tập thể, nhà cấp 4 Cần mua biệt thự, liền kề Cần mua đất nền, đất thổ cư Cần mua nhà xưởng, kho bãi Cần mua trang trại, khu nghỉ dưỡng Cần mua loại BĐS khác Nhà đất cần thuê Cần thuê căn hộ, chung cư Cần thuê nhà riêng Cần thuê nhà mặt phố Cần thuê nhà trọ, phòng trọ Cần thuê văn phòng Cần thuê cửa hàng, ki ốt Cần thuê nhà nghỉ, khách sạn Cần thuê đất, nhà xưởng, kho bãi Cần thuê loại BĐS khác Grand Central http://gemriverside.datxanh.co Tin tức &amp; sự kiện Sự kiện BĐS Thị trường Đầu tư – xây dựng Chính sách – quy hoạch Phong thủy Kiến thức phong thủy Phong thủy trong cuộc sống Tài liệu Mẫu hợp đồng mua bán nhà đất Mẫu hợp đồng cho thuê nhà đất Văn bản pháp luật Bảng giá đất Bảng giá dự án " DOMCldNum="6" DoC="5" FontSize="12" FontWeight="normal" FrameSourceIndex="0" ID="1-1-3" IsImg="false" LinkNum="8" LinkTextLen="95" ObjectRectHeight="34" ObjectRectLeft="0" ObjectRectTop="170" ObjectRectWidth="1420" SRC="&lt;div xmlns=&quot;http://www.w3.org/1999/xhtml&quot; class=&quot;menu_m&quot;&gt;      &lt;div class=&quot;menu_c&quot; id=&quot;smoothmenu1&quot;&gt;        &lt;a class=&quot;menu_c_dk&quot; href=&quot;https://kenhbds.vn/dang-ky.html&quot; rel=&quot;nofollow&quot;&gt; Đăng Ký &lt;/a&gt;        &lt;a class=&quot;menu_c_dt&quot; href=&quot;https://kenhbds.vn/dang-tin.html&quot;&gt; Đăng Tin &lt;/a&gt;    &lt;ul&gt;     &lt;li&gt;&lt;a class=&quot;selected&quot; href=&quot;https://kenhbds.vn/can-ban&quot;&gt;&lt;span&gt;Nhà đất bán&lt;/span&gt;&lt;/a&gt;  &lt;ul&gt;&lt;li&gt; &lt;a href=&quot;https://kenhbds.vn/can-ban/can-ho-chung-cu-l3&quot;&gt;Bán căn hộ, chung cư&lt;/a&gt; &lt;ul&gt;  &lt;li&gt;&lt;a href=&quot;https://kenhbds.vn/can-ban/can-ho-chung-cu-l3/ha-noi-t24&quot;&gt;Bán căn hộ chung cư Hà Nội&lt;/a&gt;&lt;/li&gt;  &lt;li&gt;&lt;a href=&quot;https://kenhbds.vn/can-ban/can-ho-chung-cu-l3/tphcm-t58&quot;&gt;Bán căn hộ chung cư TP HCM&lt;/a&gt;&lt;/li&gt;  &lt;li&gt;&lt;a href=&quot;https://kenhbds.vn/can-ban/can-ho-chung-cu-l3/da-nang-t15&quot;&gt;Bán căn hộ chung cư Đà Nẵng&lt;/a&gt;&lt;/li&gt;  &lt;li&gt;&lt;a href=&quot;https://kenhbds.vn/can-ban/can-ho-chung-cu-l3/khanh-hoa-t31&quot;&gt;Bán căn hộ chung cư Khánh Hòa&lt;/a&gt;&lt;/li&gt;  &lt;li&gt;&lt;a href=&quot;https://kenhbds.vn/can-ban/can-ho-chung-cu-l3/binh-duong-t3&quot;&gt;Bán căn hộ chung cư Bình Dương&lt;/a&gt;&lt;/li&gt;  &lt;li&gt;&lt;a href=&quot;https://kenhbds.vn/can-ban/can-ho-chung-cu-l3/dong-nai-t19&quot;&gt;Bán căn hộ chung cư Đồng Nai&lt;/a&gt;&lt;/li&gt;  &lt;li&gt;&lt;a href=&quot;https://kenhbds.vn/can-ban/can-ho-chung-cu-l3/ba-ria-vung-tau-t2&quot;&gt;Bán căn hộ chung cư Bà Rịa Vũng Tàu&lt;/a&gt;&lt;/li&gt; &lt;/ul&gt;&lt;/li&gt;&lt;li&gt; &lt;a href=&quot;https://kenhbds.vn/can-ban/nha-rieng-l5&quot;&gt;Bán nhà riêng&lt;/a&gt; &lt;ul&gt;  &lt;li&gt;&lt;a href=&quot;https://kenhbds.vn/can-ban/nha-rieng-l5/ha-noi-t24&quot;&gt;Bán nhà riêng Hà Nội&lt;/a&gt;&lt;/li&gt;  &lt;li&gt;&lt;a href=&quot;https://kenhbds.vn/can-ban/nha-rieng-l5/tphcm-t58&quot;&gt;Bán nhà riêng TP HCM&lt;/a&gt;&lt;/li&gt;  &lt;li&gt;&lt;a href=&quot;https://kenhbds.vn/can-ban/nha-rieng-l5/da-nang-t15&quot;&gt;Bán nhà riêng Đà Nẵng&lt;/a&gt;&lt;/li&gt;  &lt;li&gt;&lt;a href=&quot;https://kenhbds.vn/can-ban/nha-rieng-l5/khanh-hoa-t31&quot;&gt;Bán nhà riêng Khánh Hòa&lt;/a&gt;&lt;/li&gt;  &lt;li&gt;&lt;a href=&quot;https://kenhbds.vn/can-ban/nha-rieng-l5/binh-duong-t3&quot;&gt;Bán nhà riêng Bình Dương&lt;/a&gt;&lt;/li&gt;  &lt;li&gt;&lt;a href=&quot;https://kenhbds.vn/can-ban/nha-rieng-l5/dong-nai-t19&quot;&gt;Bán nhà riêng Đồng Nai&lt;/a&gt;&lt;/li&gt;  &lt;li&gt;&lt;a href=&quot;https://kenhbds.vn/can-ban/nha-rieng-l5/ba-ria-vung-tau-t2&quot;&gt;Bán nhà riêng Bà Rịa Vũng Tàu&lt;/a&gt;&lt;/li&gt; &lt;/ul&gt;&lt;/li&gt;&lt;li&gt;&lt;a href=&quot;https://kenhbds.vn/can-ban/nha-mat-pho-l67&quot;&gt;Bán nhà mặt phố&lt;/a&gt;&lt;ul&gt;  &lt;li&gt;&lt;a href=&quot;https://kenhbds.vn/can-ban/nha-mat-pho-l67/ha-noi-t24&quot;&gt;Bán nhà mặt phố Hà Nội&lt;/a&gt;&lt;/li&gt;  &lt;li&gt;&lt;a href=&quot;https://kenhbds.vn/can-ban/nha-mat-pho-l67/tphcm-t58&quot;&gt;Bán nhà mặt phố TP HCM&lt;/a&gt;&lt;/li&gt;  &lt;li&gt;&lt;a href=&quot;https://kenhbds.vn/can-ban/nha-mat-pho-l67/da-nang-t15&quot;&gt;Bán nhà mặt phố Đà Nẵng&lt;/a&gt;&lt;/li&gt;  &lt;li&gt;&lt;a href=&quot;https://kenhbds.vn/can-ban/nha-mat-pho-l67/khanh-hoa-t31&quot;&gt;Bán nhà mặt phố Khánh Hòa&lt;/a&gt;&lt;/li&gt;  &lt;li&gt;&lt;a href=&quot;https://kenhbds.vn/can-ban/nha-mat-pho-l67/binh-duong-t3&quot;&gt;Bán nhà mặt phố Bình Dương&lt;/a&gt;&lt;/li&gt;  &lt;li&gt;&lt;a href=&quot;https://kenhbds.vn/can-ban/nha-mat-pho-l67/dong-nai-t19&quot;&gt;Bán nhà mặt phố Đồng Nai&lt;/a&gt;&lt;/li&gt;  &lt;li&gt;&lt;a href=&quot;https://kenhbds.vn/can-ban/nha-mat-pho-l67/ba-ria-vung-tau-t2&quot;&gt;Bán nhà mặt phố Bà Rịa Vũng Tàu&lt;/a&gt;&lt;/li&gt; &lt;/ul&gt;&lt;/li&gt;&lt;li&gt;&lt;a href=&quot;https://kenhbds.vn/can-ban/nha-tap-the-nha-cap-4-l4&quot;&gt;Bán nhà tập thể, nhà cấp 4&lt;/a&gt;&lt;ul&gt;  &lt;li&gt;&lt;a href=&quot;https://kenhbds.vn/can-ban/nha-tap-the-nha-cap-4-l4/ha-noi-t24&quot;&gt;Bán nhà tập thể nhà cấp 4 Hà Nội&lt;/a&gt;&lt;/li&gt;  &lt;li&gt;&lt;a href=&quot;https://kenhbds.vn/can-ban/nha-tap-the-nha-cap-4-l4/tphcm-t58&quot;&gt;Bán nhà tập thể nhà cấp 4 TP HCM&lt;/a&gt;&lt;/li&gt;  &lt;li&gt;&lt;a href=&quot;https://kenhbds.vn/can-ban/nha-tap-the-nha-cap-4-l4/da-nang-t15&quot;&gt;Bán nhà tập thể nhà cấp 4 Đà Nẵng&lt;/a&gt;&lt;/li&gt;  &lt;li&gt;&lt;a href=&quot;https://kenhbds.vn/can-ban/nha-tap-the-nha-cap-4-l4/khanh-hoa-t31&quot;&gt;Bán nhà tập thể nhà cấp 4 Khánh Hòa&lt;/a&gt;&lt;/li&gt;  &lt;li&gt;&lt;a href=&quot;https://kenhbds.vn/can-ban/nha-tap-the-nha-cap-4-l4/binh-duong-t3&quot;&gt;Bán nhà tập thể nhà cấp 4 Bình Dương&lt;/a&gt;&lt;/li&gt;  &lt;li&gt;&lt;a href=&quot;https://kenhbds.vn/can-ban/nha-tap-the-nha-cap-4-l4/dong-nai-t19&quot;&gt;Bán nhà tập thể nhà cấp 4 Đồng Nai&lt;/a&gt;&lt;/li&gt;  &lt;li&gt;&lt;a href=&quot;https://kenhbds.vn/can-ban/nha-tap-the-nha-cap-4-l4/ba-ria-vung-tau-t2&quot;&gt;Bán nhà tập thể nhà cấp 4 Bà Rịa Vũng Tàu&lt;/a&gt;&lt;/li&gt; &lt;/ul&gt;&lt;/li&gt;&lt;li&gt;&lt;a href=&quot;https://kenhbds.vn/can-ban/biet-thu-lien-ke-l1&quot;&gt;Bán biệt thự, liền kề&lt;/a&gt;&lt;ul&gt;  &lt;li&gt;&lt;a href=&quot;https://kenhbds.vn/can-ban/biet-thu-lien-ke-l1/ha-noi-t24&quot;&gt;Bán biệt thự liền kề Hà Nội&lt;/a&gt;&lt;/li&gt;  &lt;li&gt;&lt;a href=&quot;https://kenhbds.vn/can-ban/biet-thu-lien-ke-l1/tphcm-t58&quot;&gt;Bán biệt thự liền kề TP HCM&lt;/a&gt;&lt;/li&gt;  &lt;li&gt;&lt;a href=&quot;https://kenhbds.vn/can-ban/biet-thu-lien-ke-l1/da-nang-t15&quot;&gt;Bán biệt thự liền kề Đà Nẵng&lt;/a&gt;&lt;/li&gt;  &lt;li&gt;&lt;a href=&quot;https://kenhbds.vn/can-ban/biet-thu-lien-ke-l1/khanh-hoa-t31&quot;&gt;Bán biệt thự liền kề Khánh Hòa&lt;/a&gt;&lt;/li&gt;  &lt;li&gt;&lt;a href=&quot;https://kenhbds.vn/can-ban/biet-thu-lien-ke-l1/binh-duong-t3&quot;&gt;Bán biệt thự liền kề Bình Dương&lt;/a&gt;&lt;/li&gt;  &lt;li&gt;&lt;a href=&quot;https://kenhbds.vn/can-ban/biet-thu-lien-ke-l1/dong-nai-t19&quot;&gt;Bán biệt thự liền kề Đồng Nai&lt;/a&gt;&lt;/li&gt;  &lt;li&gt;&lt;a href=&quot;https://kenhbds.vn/can-ban/biet-thu-lien-ke-l1/ba-ria-vung-tau-t2&quot;&gt;Bán biệt thự liền kề Bà Rịa Vũng Tàu&lt;/a&gt;&lt;/li&gt; &lt;/ul&gt;&lt;/li&gt;&lt;li&gt;&lt;a href=&quot;https://kenhbds.vn/can-ban/dat-nen-dat-tho-cu-l7&quot;&gt;Bán đất nền, đất thổ cư&lt;/a&gt;&lt;ul&gt;  &lt;li&gt;&lt;a href=&quot;https://kenhbds.vn/can-ban/dat-nen-dat-tho-cu-l7/ha-noi-t24&quot;&gt;Bán đất nền đất thổ cư Hà Nội&lt;/a&gt;&lt;/li&gt;  &lt;li&gt;&lt;a href=&quot;https://kenhbds.vn/can-ban/dat-nen-dat-tho-cu-l7/tphcm-t58&quot;&gt;Bán đất nền đất thổ cư TP HCM&lt;/a&gt;&lt;/li&gt;  &lt;li&gt;&lt;a href=&quot;https://kenhbds.vn/can-ban/dat-nen-dat-tho-cu-l7/da-nang-t15&quot;&gt;Bán đất nền đất thổ cư Đà Nẵng&lt;/a&gt;&lt;/li&gt;  &lt;li&gt;&lt;a href=&quot;https://kenhbds.vn/can-ban/dat-nen-dat-tho-cu-l7/khanh-hoa-t31&quot;&gt;Bán đất nền đất thổ cư Khánh Hòa&lt;/a&gt;&lt;/li&gt;  &lt;li&gt;&lt;a href=&quot;https://kenhbds.vn/can-ban/dat-nen-dat-tho-cu-l7/binh-duong-t3&quot;&gt;Bán đất nền đất thổ cư Bình Dương&lt;/a&gt;&lt;/li&gt;  &lt;li&gt;&lt;a href=&quot;https://kenhbds.vn/can-ban/dat-nen-dat-tho-cu-l7/dong-nai-t19&quot;&gt;Bán đất nền đất thổ cư Đồng Nai&lt;/a&gt;&lt;/li&gt;  &lt;li&gt;&lt;a href=&quot;https://kenhbds.vn/can-ban/dat-nen-dat-tho-cu-l7/ba-ria-vung-tau-t2&quot;&gt;Bán đất nền đất thổ cư Bà Rịa Vũng Tàu&lt;/a&gt;&lt;/li&gt; &lt;/ul&gt;&lt;/li&gt;&lt;li&gt;&lt;a href=&quot;https://kenhbds.vn/can-ban/nha-xuong-kho-bai-l46&quot;&gt;Bán nhà xưởng, kho bãi&lt;/a&gt;&lt;/li&gt;&lt;li&gt;&lt;a href=&quot;https://kenhbds.vn/can-ban/trang-trai-khu-nghi-duong-l31&quot;&gt;Bán trang trại, khu nghỉ dưỡng&lt;/a&gt;&lt;/li&gt;&lt;li&gt;&lt;a href=&quot;https://kenhbds.vn/can-ban/loai-bds-khac-l48&quot;&gt;Bán loại BĐS khác&lt;/a&gt;&lt;/li&gt;&lt;/ul&gt;  &lt;/li&gt;     &lt;li&gt;&lt;a href=&quot;https://kenhbds.vn/cho-thue&quot;&gt;&lt;span&gt;Nhà đất cho thuê&lt;/span&gt;&lt;/a&gt;  &lt;ul&gt;&lt;li&gt;&lt;a href=&quot;https://kenhbds.vn/cho-thue/can-ho-chung-cu-l10&quot;&gt;Cho thuê căn hộ, chung cư&lt;/a&gt;&lt;ul&gt;  &lt;li&gt;&lt;a href=&quot;https://kenhbds.vn/cho-thue/can-ho-chung-cu-l10/ha-noi-t24&quot;&gt;Cho thuê căn hộ chung cư Hà Nội&lt;/a&gt;&lt;/li&gt;  &lt;li&gt;&lt;a href=&quot;https://kenhbds.vn/cho-thue/can-ho-chung-cu-l10/tphcm-t58&quot;&gt;Cho thuê căn hộ chung cư TP HCM&lt;/a&gt;&lt;/li&gt;  &lt;li&gt;&lt;a href=&quot;https://kenhbds.vn/cho-thue/can-ho-chung-cu-l10/da-nang-t15&quot;&gt;Cho thuê căn hộ chung cư Đà Nẵng&lt;/a&gt;&lt;/li&gt;  &lt;li&gt;&lt;a href=&quot;https://kenhbds.vn/cho-thue/can-ho-chung-cu-l10/khanh-hoa-t31&quot;&gt;Cho thuê căn hộ chung cư Khánh Hòa&lt;/a&gt;&lt;/li&gt;  &lt;li&gt;&lt;a href=&quot;https://kenhbds.vn/cho-thue/can-ho-chung-cu-l10/binh-duong-t3&quot;&gt;Cho thuê căn hộ chung cư Bình Dương&lt;/a&gt;&lt;/li&gt;  &lt;li&gt;&lt;a href=&quot;https://kenhbds.vn/cho-thue/can-ho-chung-cu-l10/dong-nai-t19&quot;&gt;Cho thuê căn hộ chung cư Đồng Nai&lt;/a&gt;&lt;/li&gt;  &lt;li&gt;&lt;a href=&quot;https://kenhbds.vn/cho-thue/can-ho-chung-cu-l10/ba-ria-vung-tau-t2&quot;&gt;Cho thuê căn hộ chung cư Bà Rịa Vũng Tàu&lt;/a&gt;&lt;/li&gt; &lt;/ul&gt;&lt;/li&gt;&lt;li&gt;&lt;a href=&quot;https://kenhbds.vn/cho-thue/nha-rieng-l12&quot;&gt;Cho thuê nhà riêng&lt;/a&gt;&lt;ul&gt;  &lt;li&gt;&lt;a href=&quot;https://kenhbds.vn/cho-thue/nha-rieng-l12/ha-noi-t24&quot;&gt;Cho thuê nhà riêng Hà Nội&lt;/a&gt;&lt;/li&gt;  &lt;li&gt;&lt;a href=&quot;https://kenhbds.vn/cho-thue/nha-rieng-l12/tphcm-t58&quot;&gt;Cho thuê nhà riêng TP HCM&lt;/a&gt;&lt;/li&gt;  &lt;li&gt;&lt;a href=&quot;https://kenhbds.vn/cho-thue/nha-rieng-l12/da-nang-t15&quot;&gt;Cho thuê nhà riêng Đà Nẵng&lt;/a&gt;&lt;/li&gt;  &lt;li&gt;&lt;a href=&quot;https://kenhbds.vn/cho-thue/nha-rieng-l12/khanh-hoa-t31&quot;&gt;Cho thuê nhà riêng Khánh Hòa&lt;/a&gt;&lt;/li&gt;  &lt;li&gt;&lt;a href=&quot;https://kenhbds.vn/cho-thue/nha-rieng-l12/binh-duong-t3&quot;&gt;Cho thuê nhà riêng Bình Dương&lt;/a&gt;&lt;/li&gt;  &lt;li&gt;&lt;a href=&quot;https://kenhbds.vn/cho-thue/nha-rieng-l12/dong-nai-t19&quot;&gt;Cho thuê nhà riêng Đồng Nai&lt;/a&gt;&lt;/li&gt;  &lt;li&gt;&lt;a href=&quot;https://kenhbds.vn/cho-thue/nha-rieng-l12/ba-ria-vung-tau-t2&quot;&gt;Cho thuê nhà riêng Bà Rịa Vũng Tàu&lt;/a&gt;&lt;/li&gt; &lt;/ul&gt;&lt;/li&gt;&lt;li&gt;&lt;a href=&quot;https://kenhbds.vn/cho-thue/nha-mat-pho-l68&quot;&gt;Cho thuê nhà mặt phố&lt;/a&gt;&lt;ul&gt;  &lt;li&gt;&lt;a href=&quot;https://kenhbds.vn/cho-thue/nha-mat-pho-l68/ha-noi-t24&quot;&gt;Cho thuê nhà mặt phố Hà Nội&lt;/a&gt;&lt;/li&gt;  &lt;li&gt;&lt;a href=&quot;https://kenhbds.vn/cho-thue/nha-mat-pho-l68/tphcm-t58&quot;&gt;Cho thuê nhà mặt phố TP HCM&lt;/a&gt;&lt;/li&gt;  &lt;li&gt;&lt;a href=&quot;https://kenhbds.vn/cho-thue/nha-mat-pho-l68/da-nang-t15&quot;&gt;Cho thuê nhà mặt phố Đà Nẵng&lt;/a&gt;&lt;/li&gt;  &lt;li&gt;&lt;a href=&quot;https://kenhbds.vn/cho-thue/nha-mat-pho-l68/khanh-hoa-t31&quot;&gt;Cho thuê nhà mặt phố Khánh Hòa&lt;/a&gt;&lt;/li&gt;  &lt;li&gt;&lt;a href=&quot;https://kenhbds.vn/cho-thue/nha-mat-pho-l68/binh-duong-t3&quot;&gt;Cho thuê nhà mặt phố Bình Dương&lt;/a&gt;&lt;/li&gt;  &lt;li&gt;&lt;a href=&quot;https://kenhbds.vn/cho-thue/nha-mat-pho-l68/dong-nai-t19&quot;&gt;Cho thuê nhà mặt phố Đồng Nai&lt;/a&gt;&lt;/li&gt;  &lt;li&gt;&lt;a href=&quot;https://kenhbds.vn/cho-thue/nha-mat-pho-l68/ba-ria-vung-tau-t2&quot;&gt;Cho thuê nhà mặt phố Bà Rịa Vũng Tàu&lt;/a&gt;&lt;/li&gt; &lt;/ul&gt;&lt;/li&gt;&lt;li&gt;&lt;a href=&quot;https://kenhbds.vn/cho-thue/nha-tro-phong-tro-l14&quot;&gt;Cho thuê nhà trọ, phòng trọ&lt;/a&gt;&lt;ul&gt;  &lt;li&gt;&lt;a href=&quot;https://kenhbds.vn/cho-thue/nha-tro-phong-tro-l14/ha-noi-t24&quot;&gt;Cho thuê nhà trọ phòng trọ Hà Nội&lt;/a&gt;&lt;/li&gt;  &lt;li&gt;&lt;a href=&quot;https://kenhbds.vn/cho-thue/nha-tro-phong-tro-l14/tphcm-t58&quot;&gt;Cho thuê nhà trọ phòng trọ TP HCM&lt;/a&gt;&lt;/li&gt;  &lt;li&gt;&lt;a href=&quot;https://kenhbds.vn/cho-thue/nha-tro-phong-tro-l14/da-nang-t15&quot;&gt;Cho thuê nhà trọ phòng trọ Đà Nẵng&lt;/a&gt;&lt;/li&gt;  &lt;li&gt;&lt;a href=&quot;https://kenhbds.vn/cho-thue/nha-tro-phong-tro-l14/khanh-hoa-t31&quot;&gt;Cho thuê nhà trọ phòng trọ Khánh Hòa&lt;/a&gt;&lt;/li&gt;  &lt;li&gt;&lt;a href=&quot;https://kenhbds.vn/cho-thue/nha-tro-phong-tro-l14/binh-duong-t3&quot;&gt;Cho thuê nhà trọ phòng trọ Bình Dương&lt;/a&gt;&lt;/li&gt;  &lt;li&gt;&lt;a href=&quot;https://kenhbds.vn/cho-thue/nha-tro-phong-tro-l14/dong-nai-t19&quot;&gt;Cho thuê nhà trọ phòng trọ Đồng Nai&lt;/a&gt;&lt;/li&gt;  &lt;li&gt;&lt;a href=&quot;https://kenhbds.vn/cho-thue/nha-tro-phong-tro-l14/ba-ria-vung-tau-t2&quot;&gt;Cho thuê nhà trọ phòng trọ Bà Rịa Vũng Tàu&lt;/a&gt;&lt;/li&gt; &lt;/ul&gt;&lt;/li&gt;&lt;li&gt;&lt;a href=&quot;https://kenhbds.vn/cho-thue/van-phong-l34&quot;&gt;Cho thuê văn phòng&lt;/a&gt;&lt;ul&gt;  &lt;li&gt;&lt;a href=&quot;https://kenhbds.vn/cho-thue/van-phong-l34/ha-noi-t24&quot;&gt;Cho thuê văn phòng Hà Nội&lt;/a&gt;&lt;/li&gt;  &lt;li&gt;&lt;a href=&quot;https://kenhbds.vn/cho-thue/van-phong-l34/tphcm-t58&quot;&gt;Cho thuê văn phòng TP HCM&lt;/a&gt;&lt;/li&gt;  &lt;li&gt;&lt;a href=&quot;https://kenhbds.vn/cho-thue/van-phong-l34/da-nang-t15&quot;&gt;Cho thuê văn phòng Đà Nẵng&lt;/a&gt;&lt;/li&gt;  &lt;li&gt;&lt;a href=&quot;https://kenhbds.vn/cho-thue/van-phong-l34/khanh-hoa-t31&quot;&gt;Cho thuê văn phòng Khánh Hòa&lt;/a&gt;&lt;/li&gt;  &lt;li&gt;&lt;a href=&quot;https://kenhbds.vn/cho-thue/van-phong-l34/binh-duong-t3&quot;&gt;Cho thuê văn phòng Bình Dương&lt;/a&gt;&lt;/li&gt;  &lt;li&gt;&lt;a href=&quot;https://kenhbds.vn/cho-thue/van-phong-l34/dong-nai-t19&quot;&gt;Cho thuê văn phòng Đồng Nai&lt;/a&gt;&lt;/li&gt;  &lt;li&gt;&lt;a href=&quot;https://kenhbds.vn/cho-thue/van-phong-l34/ba-ria-vung-tau-t2&quot;&gt;Cho thuê văn phòng Bà Rịa Vũng Tàu&lt;/a&gt;&lt;/li&gt; &lt;/ul&gt;&lt;/li&gt;&lt;li&gt;&lt;a href=&quot;https://kenhbds.vn/cho-thue/cua-hang-ki-ot-l42&quot;&gt;Cho thuê cửa hàng, ki ốt&lt;/a&gt;&lt;ul&gt;  &lt;li&gt;&lt;a href=&quot;https://kenhbds.vn/cho-thue/cua-hang-ki-ot-l42/ha-noi-t24&quot;&gt;Cho thuê cửa hàng ki ốt Hà Nội&lt;/a&gt;&lt;/li&gt;  &lt;li&gt;&lt;a href=&quot;https://kenhbds.vn/cho-thue/cua-hang-ki-ot-l42/tphcm-t58&quot;&gt;Cho thuê cửa hàng ki ốt TP HCM&lt;/a&gt;&lt;/li&gt;  &lt;li&gt;&lt;a href=&quot;https://kenhbds.vn/cho-thue/cua-hang-ki-ot-l42/da-nang-t15&quot;&gt;Cho thuê cửa hàng ki ốt Đà Nẵng&lt;/a&gt;&lt;/li&gt;  &lt;li&gt;&lt;a href=&quot;https://kenhbds.vn/cho-thue/cua-hang-ki-ot-l42/khanh-hoa-t31&quot;&gt;Cho thuê cửa hàng ki ốt Khánh Hòa&lt;/a&gt;&lt;/li&gt;  &lt;li&gt;&lt;a href=&quot;https://kenhbds.vn/cho-thue/cua-hang-ki-ot-l42/binh-duong-t3&quot;&gt;Cho thuê cửa hàng ki ốt Bình Dương&lt;/a&gt;&lt;/li&gt;  &lt;li&gt;&lt;a href=&quot;https://kenhbds.vn/cho-thue/cua-hang-ki-ot-l42/dong-nai-t19&quot;&gt;Cho thuê cửa hàng ki ốt Đồng Nai&lt;/a&gt;&lt;/li&gt;  &lt;li&gt;&lt;a href=&quot;https://kenhbds.vn/cho-thue/cua-hang-ki-ot-l42/ba-ria-vung-tau-t2&quot;&gt;Cho thuê cửa hàng ki ốt Bà Rịa Vũng Tàu&lt;/a&gt;&lt;/li&gt; &lt;/ul&gt;&lt;/li&gt;&lt;li&gt;&lt;a href=&quot;https://kenhbds.vn/cho-thue/nha-nghi-khach-san-l41&quot;&gt;Cho thuê nhà nghỉ, khách sạn&lt;/a&gt;&lt;/li&gt;&lt;li&gt;&lt;a href=&quot;https://kenhbds.vn/cho-thue/dat-nha-xuong-kho-bai-l35&quot;&gt;Cho thuê đất, nhà xưởng, kho bãi&lt;/a&gt;&lt;/li&gt;&lt;li&gt;&lt;a href=&quot;https://kenhbds.vn/cho-thue/loai-bds-khac-l49&quot;&gt;Cho thuê loại BĐS khác&lt;/a&gt;&lt;/li&gt;&lt;/ul&gt;  &lt;/li&gt;  &lt;li&gt;  &lt;a rel=&quot;nofollow&quot;&gt;&lt;span&gt;Cần mua - Cần thuê&lt;/span&gt;&lt;/a&gt;  &lt;ul&gt;   &lt;li&gt;&lt;a href=&quot;https://kenhbds.vn/can-mua&quot;&gt;Nhà đất cần mua&lt;/a&gt;   &lt;ul&gt;&lt;li&gt;&lt;a href=&quot;https://kenhbds.vn/can-mua/can-ho-chung-cu-l17&quot;&gt;Cần mua căn hộ, chung cư&lt;/a&gt;&lt;/li&gt;&lt;li&gt;&lt;a href=&quot;https://kenhbds.vn/can-mua/nha-rieng-l19&quot;&gt;Cần mua nhà riêng&lt;/a&gt;&lt;/li&gt;&lt;li&gt;&lt;a href=&quot;https://kenhbds.vn/can-mua/nha-mat-pho-l69&quot;&gt;Cần mua nhà mặt phố&lt;/a&gt;&lt;/li&gt;&lt;li&gt;&lt;a href=&quot;https://kenhbds.vn/can-mua/nha-tap-the-nha-cap-4-l18&quot;&gt;Cần mua nhà tập thể, nhà cấp 4&lt;/a&gt;&lt;/li&gt;&lt;li&gt;&lt;a href=&quot;https://kenhbds.vn/can-mua/biet-thu-lien-ke-l15&quot;&gt;Cần mua biệt thự, liền kề&lt;/a&gt;&lt;/li&gt;&lt;li&gt;&lt;a href=&quot;https://kenhbds.vn/can-mua/dat-nen-dat-tho-cu-l47&quot;&gt;Cần mua đất nền, đất thổ cư&lt;/a&gt;&lt;/li&gt;&lt;li&gt;&lt;a href=&quot;https://kenhbds.vn/can-mua/nha-xuong-kho-bai-l24&quot;&gt;Cần mua nhà xưởng, kho bãi&lt;/a&gt;&lt;/li&gt;&lt;li&gt;&lt;a href=&quot;https://kenhbds.vn/can-mua/trang-trai-khu-nghi-duong-l50&quot;&gt;Cần mua trang trại, khu nghỉ dưỡng&lt;/a&gt;&lt;/li&gt;&lt;li&gt;&lt;a href=&quot;https://kenhbds.vn/can-mua/loai-bds-khac-l66&quot;&gt;Cần mua loại BĐS khác&lt;/a&gt;&lt;/li&gt;&lt;/ul&gt;   &lt;/li&gt;   &lt;li&gt;&lt;a href=&quot;https://kenhbds.vn/can-thue&quot;&gt;Nhà đất cần thuê&lt;/a&gt;    &lt;ul&gt;&lt;li&gt;&lt;a href=&quot;https://kenhbds.vn/can-thue/can-ho-chung-cu-l26&quot;&gt;Cần thuê căn hộ, chung cư&lt;/a&gt;&lt;/li&gt;&lt;li&gt;&lt;a href=&quot;https://kenhbds.vn/can-thue/nha-rieng-l30&quot;&gt;Cần thuê nhà riêng&lt;/a&gt;&lt;/li&gt;&lt;li&gt;&lt;a href=&quot;https://kenhbds.vn/can-thue/nha-mat-pho-l70&quot;&gt;Cần thuê nhà mặt phố&lt;/a&gt;&lt;/li&gt;&lt;li&gt;&lt;a href=&quot;https://kenhbds.vn/can-thue/nha-tro-phong-tro-l27&quot;&gt;Cần thuê nhà trọ, phòng trọ&lt;/a&gt;&lt;/li&gt;&lt;li&gt;&lt;a href=&quot;https://kenhbds.vn/can-thue/van-phong-l28&quot;&gt;Cần thuê văn phòng&lt;/a&gt;&lt;/li&gt;&lt;li&gt;&lt;a href=&quot;https://kenhbds.vn/can-thue/cua-hang-ki-ot-l37&quot;&gt;Cần thuê cửa hàng, ki ốt&lt;/a&gt;&lt;/li&gt;&lt;li&gt;&lt;a href=&quot;https://kenhbds.vn/can-thue/nha-nghi-khach-san-l38&quot;&gt;Cần thuê nhà nghỉ, khách sạn&lt;/a&gt;&lt;/li&gt;&lt;li&gt;&lt;a href=&quot;https://kenhbds.vn/can-thue/dat-nha-xuong-kho-bai-l45&quot;&gt;Cần thuê đất, nhà xưởng, kho bãi&lt;/a&gt;&lt;/li&gt;&lt;li&gt; &lt;a href=&quot;https://kenhbds.vn/can-thue/loai-bds-khac-l60&quot;&gt;Cần thuê loại BĐS khác&lt;/a&gt; &lt;ul&gt; &lt;li&gt;&lt;a href=&quot;http://grand-central.vn&quot; rel=&quot;dofollow&quot; target=&quot;_blank&quot;&gt;Grand Central&lt;/a&gt;&lt;/li&gt; &lt;li&gt;&lt;a href=&quot;http://gemriverside.datxanh.co&quot; rel=&quot;dofollow&quot; target=&quot;_blank&quot;&gt;http://gemriverside.datxanh.co&lt;/a&gt;&lt;/li&gt; &lt;/ul&gt;&lt;/li&gt;&lt;/ul&gt;    &lt;/li&gt;  &lt;/ul&gt;  &lt;/li&gt;     &lt;li&gt;  &lt;a href=&quot;https://kenhbds.vn/thong-tin&quot;&gt;&lt;span&gt;Tin tức &amp; sự kiện&lt;/span&gt;&lt;/a&gt;  &lt;ul&gt;   &lt;li&gt;&lt;a href=&quot;https://kenhbds.vn/thong-tin/tin-tuc-su-kien/su-kien-bds&quot;&gt;Sự kiện BĐS&lt;/a&gt;&lt;/li&gt;   &lt;li&gt;&lt;a href=&quot;https://kenhbds.vn/thong-tin/tin-tuc-su-kien/thi-truong&quot;&gt;Thị trường&lt;/a&gt;&lt;/li&gt;   &lt;li&gt;&lt;a href=&quot;https://kenhbds.vn/thong-tin/tin-tuc-su-kien/dau-tu-xay-dung&quot;&gt;Đầu tư – xây dựng&lt;/a&gt;&lt;/li&gt;   &lt;li&gt;&lt;a href=&quot;https://kenhbds.vn/thong-tin/tin-tuc-su-kien/chinh-sach-quy-hoach&quot;&gt;Chính sách – quy hoạch&lt;/a&gt;&lt;/li&gt;  &lt;/ul&gt;  &lt;/li&gt;  &lt;li&gt;  &lt;a href=&quot;https://kenhbds.vn/thong-tin/phong-thuy&quot;&gt;&lt;span&gt;Phong thủy&lt;/span&gt;&lt;/a&gt;  &lt;ul&gt;   &lt;li&gt;&lt;a href=&quot;https://kenhbds.vn/thong-tin/phong-thuy/kien-thuc-phong-thuy&quot;&gt;Kiến thức phong thủy&lt;/a&gt;&lt;/li&gt;   &lt;li&gt;&lt;a href=&quot;https://kenhbds.vn/thong-tin/phong-thuy/phong-thuy-trong-cuoc-song&quot;&gt;Phong thủy trong cuộc sống&lt;/a&gt;&lt;/li&gt;  &lt;/ul&gt;  &lt;/li&gt;  &lt;li&gt;  &lt;a href=&quot;https://kenhbds.vn/thong-tin/tai-lieu&quot;&gt;&lt;span&gt;Tài liệu&lt;/span&gt;&lt;/a&gt;  &lt;ul&gt;   &lt;li&gt;&lt;a href=&quot;https://kenhbds.vn/thong-tin/tai-lieu/mau-hop-dong-mua-ban-nha-dat&quot;&gt;Mẫu hợp đồng mua bán nhà đất&lt;/a&gt;&lt;/li&gt;   &lt;li&gt;&lt;a href=&quot;https://kenhbds.vn/thong-tin/tai-lieu/mau-hop-dong-cho-thue-nha-dat&quot;&gt;Mẫu hợp đồng cho thuê nhà đất&lt;/a&gt;&lt;/li&gt;   &lt;li&gt;&lt;a href=&quot;https://kenhbds.vn/thong-tin/tai-lieu/van-ban-phap-luat&quot;&gt;Văn bản pháp luật&lt;/a&gt;&lt;/li&gt;   &lt;li&gt;&lt;a href=&quot;https://kenhbds.vn/thong-tin/tai-lieu/bang-gia-dat&quot;&gt;Bảng giá đất&lt;/a&gt;&lt;/li&gt;   &lt;li&gt;&lt;a href=&quot;https://kenhbds.vn/thong-tin/tai-lieu/bang-gia-du-an&quot;&gt;Bảng giá dự án&lt;/a&gt;&lt;/li&gt;  &lt;/ul&gt;  &lt;/li&gt;    &lt;/ul&gt;    &lt;/div&gt;&lt;/div&gt;" SourceIndex="107" TextLen="95" order="5" xPath="/#document/html/body/div[0]/div[2]/ul[5]/li[0]/a[0]/span[0]/#text"/>
</LayoutNode>
<LayoutNode BgColor="#ffffff" ContainImg="1" ContainP="0" ContainTable="false" Content="Hướng dẫn nạp tiền vào tài khoản Hỗ trợ đăng tin &amp; bảng giá dịch vụ Kenhbds.vn " DOMCldNum="72" DoC="5" FontSize="12" FontWeight="normal" FrameSourceIndex="0" ID="1-2" IsImg="false" LinkNum="2" LinkTextLen="77" ObjectRectHeight="17" ObjectRectLeft="0" ObjectRectTop="214" ObjectRectWidth="1420" SRC="&lt;div xmlns=&quot;http://www.w3.org/1999/xhtml&quot; class=&quot;news_top&quot;&gt; &lt;a href=&quot;https://kenhbds.vn/huong-dan-nap-tien-vao-tai-khoan.html&quot; rel=&quot;nofollow&quot; target=&quot;_blank&quot;&gt;Hướng dẫn nạp tiền vào tài khoản&lt;/a&gt; &lt;img alt=&quot;Nạp tiền tài khoản&quot; src=&quot;https://kenhbds.vn/media2016/images/hot.gif&quot;/&gt; &lt;a href=&quot;https://kenhbds.vn/ho-tro-dang-tin.html&quot; rel=&quot;nofollow&quot; target=&quot;_blank&quot;&gt;Hỗ trợ đăng tin &amp; bảng giá dịch vụ Kenhbds.vn&lt;/a&gt; &lt;/div&gt;" SourceIndex="789" TextLen="79" order="6" xPath="/#document/html/body/div[1]/div[0]/div[2]/a[0]/#text"/>
<LayoutNode BgColor="#ffffff" ContainImg="0" ContainP="0" ContainTable="false" Content="Trang chủ » Nhà đất bán » Bán nhà riêng » Bán nhà riêng Hà Nội » Bán nhà riêng Quận Hà Đông " DOMCldNum="72" DoC="5" FontSize="14" FontWeight="normal" FrameSourceIndex="0" ID="1-3" IsImg="false" LinkNum="5" LinkTextLen="79" ObjectRectHeight="19" ObjectRectLeft="0" ObjectRectTop="241" ObjectRectWidth="1420" SRC="&lt;div xmlns=&quot;http://www.w3.org/1999/xhtml&quot; class=&quot;breadcrum&quot; typeof=&quot;BreadcrumbList&quot; vocab=&quot;http://schema.org/&quot;&gt;         &lt;span property=&quot;itemListElement&quot; typeof=&quot;ListItem&quot;&gt;&lt;a href=&quot;https://kenhbds.vn/&quot; property=&quot;item&quot; title=&quot;Trang chủ kenhbds.vn&quot; typeof=&quot;WebPage&quot;/&gt;&lt;label property=&quot;name&quot;&gt;&lt;a href=&quot;https://kenhbds.vn/&quot; property=&quot;item&quot; title=&quot;Trang chủ kenhbds.vn&quot; typeof=&quot;WebPage&quot;&gt;Trang chủ&lt;/a&gt;&lt;/label&gt;&lt;meta content=&quot;1&quot; property=&quot;position&quot;/&gt;&lt;/span&gt; » &lt;span property=&quot;itemListElement&quot; typeof=&quot;ListItem&quot;&gt;&lt;a href=&quot;https://kenhbds.vn/can-ban&quot; property=&quot;item&quot; title=&quot;Nhà đất bán&quot; typeof=&quot;WebPage&quot;/&gt;&lt;label property=&quot;name&quot;&gt;&lt;a href=&quot;https://kenhbds.vn/can-ban&quot; property=&quot;item&quot; title=&quot;Nhà đất bán&quot; typeof=&quot;WebPage&quot;&gt;Nhà đất bán&lt;/a&gt;&lt;/label&gt;&lt;meta content=&quot;2&quot; property=&quot;position&quot;/&gt;&lt;/span&gt;          » &lt;span property=&quot;itemListElement&quot; typeof=&quot;ListItem&quot;&gt;&lt;a href=&quot;https://kenhbds.vn/can-ban/nha-rieng-l5&quot; property=&quot;item&quot; title=&quot;Bán nhà riêng&quot; typeof=&quot;WebPage&quot;/&gt;&lt;label property=&quot;name&quot;&gt;&lt;a href=&quot;https://kenhbds.vn/can-ban/nha-rieng-l5&quot; property=&quot;item&quot; title=&quot;Bán nhà riêng&quot; typeof=&quot;WebPage&quot;&gt;Bán nhà riêng&lt;/a&gt;&lt;/label&gt;&lt;meta content=&quot;3&quot; property=&quot;position&quot;/&gt;&lt;/span&gt; » &lt;span property=&quot;itemListElement&quot; typeof=&quot;ListItem&quot;&gt;&lt;a href=&quot;https://kenhbds.vn/can-ban/nha-rieng-l5/ha-noi-t24&quot; property=&quot;item&quot; title=&quot;Bán nhà riêng Hà Nội&quot; typeof=&quot;WebPage&quot;/&gt;&lt;label property=&quot;name&quot;&gt;&lt;a href=&quot;https://kenhbds.vn/can-ban/nha-rieng-l5/ha-noi-t24&quot; property=&quot;item&quot; title=&quot;Bán nhà riêng Hà Nội&quot; typeof=&quot;WebPage&quot;&gt;Bán nhà riêng Hà Nội&lt;/a&gt;&lt;/label&gt;&lt;meta content=&quot;4&quot; property=&quot;position&quot;/&gt;&lt;/span&gt; » &lt;span property=&quot;itemListElement&quot; typeof=&quot;ListItem&quot;&gt;&lt;a href=&quot;https://kenhbds.vn/can-ban/nha-rieng-l5/ha-noi-t24/quan-ha-dong-q248&quot; property=&quot;item&quot; title=&quot;Bán nhà riêng Quận Hà Đông&quot; typeof=&quot;WebPage&quot;/&gt;&lt;label property=&quot;name&quot;&gt;&lt;a href=&quot;https://kenhbds.vn/can-ban/nha-rieng-l5/ha-noi-t24/quan-ha-dong-q248&quot; property=&quot;item&quot; title=&quot;Bán nhà riêng Quận Hà Đông&quot; typeof=&quot;WebPage&quot;&gt;Bán nhà riêng Quận Hà Đông&lt;/a&gt;&lt;/label&gt;&lt;meta content=&quot;5&quot; property=&quot;position&quot;/&gt;&lt;/span&gt;    &lt;/div&gt;" SourceIndex="800" TextLen="91" order="7" xPath="/#document/html/body/div[1]/div[1]/div[4]/span[1]/label[0]/a[0]/#text"/>
<LayoutNode BgColor="#ffffff" ContainImg="2" ContainP="0" ContainTable="false" Content="Nhà 3 tầng bán 1 tỷ 190tr-Mới xây Hà Đông-Sổ đỏ chính chủ TÊN TÔI Nhà 3 tầng bán 1 tỷ 190tr-Mới xây Hà Đông-Sổ đỏ chính chủ TÊN TÔI Sổ đỏ chính chủ nhà đất tên tôi-  Phạm Trang 0934 535 030- Vị trí tại trung tâm thành phố mới của quận Hà Đông, cạnh ngã tư Tố Hữu và Lê Trọng Tấn.- Cạnh đại siêu thị của Nhật Bản Aeon Mall Hà Đông rộng 9,8 ha vừa khởi công đầu năm 2018, cuối năm 2018 chuẩn bị đi vào hoạt động.- Nằm giữa các khu đô thị mới, được thừa hưởng đầy đủ dịch vụ và tiện ... Loại BĐS/Khu vực: Bán nhà riêng Hà Nội - Bán nhà riêng Quận Hà Đông Bán nhà 3 tầng mới xây cạnh siêu thị Aoen Mall Hà Đông và Đô thị Vinhome Bán nhà 3 tầng mới xây cạnh siêu thị Aoen Mall Hà Đông và Đô thị Vinhome Tôi cần bán nhà ngay cạnh khu đô thị VinCom (cách 100m bên kia đường). Gần siêu thị Aeon Mall Hà Đông.Nhà mới xây 03 tầng gồm 03 phòng ngủ, 02 WC. Kết cấu móng 05 tầng.Diện tích sổ đỏ 30m2. Nhà sổ đỏ chính chủ tên tôi.Hiện tại đại đô thị đã xong 70%, đầu sang năm bắt đầu đi vào hoạt động thì cả khu này sẽ cực kỳ sầm uất, giá nhà năm sau sẽ rất ... Loại BĐS/Khu vực: Bán nhà riêng Hà Nội - Bán nhà riêng Huyện Hoài Đức Mua tin Nổi Bật " DOMCldNum="72" DoC="8" FontSize="12" FontWeight="normal" FrameSourceIndex="0" ID="1-4" IsImg="false" LinkNum="1" LinkTextLen="15" ObjectRectHeight="210" ObjectRectLeft="0" ObjectRectTop="275" ObjectRectWidth="1420" SRC="&lt;div xmlns=&quot;http://www.w3.org/1999/xhtml&quot; id=&quot;tin_noi_bat&quot;&gt;     &lt;div class=&quot;box_noi_bat box_nb_ac tt_dong1 box_noi_bat_nb&quot;&gt;      &lt;a class=&quot;tooltip tooltip_nb&quot; href=&quot;https://kenhbds.vn/can-ban/nha-dat/nha-3-tang-ban-1-ty-190tr-moi-xay-ha-dong-so-do-chinh-chu-ten-toi/632032.html&quot; style=&quot;font-size:0px;&quot;&gt;   &lt;div style=&quot;text-align:center;&quot;&gt;      &lt;img alt=&quot;Nhà 3 tầng bán 1 tỷ 190tr-Mới xây Hà Đông-Sổ đỏ chính chủ TÊN TÔI&quot; class=&quot;img_nb&quot; src=&quot;https://kenhbds.vn/upload_images/thumb/2019-09-12_a889d_e6051.jpg&quot;/&gt;         &lt;/div&gt;   &lt;div class=&quot;title_nb&quot;&gt;    Nhà 3 tầng bán 1 tỷ 190tr-Mới xây Hà Đông-Sổ đỏ chính chủ TÊN TÔI   &lt;/div&gt;   &lt;/a&gt;   &lt;div class=&quot;content_tooltip content_tooltip_nb&quot;&gt;                    &lt;div class=&quot;tool_title tool_title_nb&quot;&gt;Nhà 3 tầng bán 1 tỷ 190tr-Mới xây Hà Đông-Sổ đỏ chính chủ TÊN TÔI&lt;/div&gt;                    &lt;div class=&quot;tool_content&quot;&gt;                         &lt;img XDefaultStyle=&quot;;float:left;&quot; align=&quot;left&quot; alt=&quot;Nhà 3 tầng bán 1 tỷ 190tr-Mới xây Hà Đông-Sổ đỏ chính chủ TÊN TÔI&quot; class=&quot;img_nb_ct&quot; src=&quot;https://kenhbds.vn/upload_images/thumb/2019-09-12_a889d_e6051.jpg&quot;/&gt;          &lt;div&gt;     Sổ đỏ chính chủ nhà đất tên tôi-  Phạm Trang 0934 535 030- Vị trí tại trung tâm thành phố mới của quận Hà Đông, cạnh ngã tư Tố Hữu và Lê Trọng Tấn.- Cạnh đại siêu thị của Nhật Bản Aeon Mall Hà Đông rộng 9,8 ha vừa khởi công đầu năm 2018, cuối năm 2018 chuẩn bị đi vào hoạt động.- Nằm giữa các khu đô thị mới, được thừa hưởng đầy đủ dịch vụ và tiện ...      &lt;br/&gt;      &lt;label class=&quot;lbds_kv&quot;&gt;Loại BĐS/Khu vực:&lt;/label&gt;      &lt;a class=&quot;a_lbds_kv&quot; href=&quot;https://kenhbds.vn/can-ban/nha-rieng-l5/ha-noi-t24&quot; title=&quot;Bán nhà riêng Hà Nội&quot;&gt;&lt;strong&gt;Bán nhà riêng Hà Nội&lt;/strong&gt;&lt;/a&gt;                     - &lt;a class=&quot;a_lbds_kv&quot; href=&quot;https://kenhbds.vn/can-ban/nha-rieng-l5/ha-noi-t24/quan-ha-dong-q248&quot; title=&quot;Bán nhà riêng Quận Hà Đông&quot;&gt;&lt;strong&gt;Bán nhà riêng Quận Hà Đông&lt;/strong&gt;&lt;/a&gt;      &lt;/div&gt;                    &lt;/div&gt;                &lt;/div&gt;  &lt;/div&gt;     &lt;div class=&quot;box_noi_bat box_nb_ac tt_dong1 box_noi_bat_nb&quot;&gt;      &lt;a class=&quot;tooltip tooltip_nb&quot; href=&quot;https://kenhbds.vn/can-ban/nha-dat/ban-nha-3-tang-moi-xay-canh-sieu-thi-aoen-mall-ha-dong-va-do-thi-vinhome/682860.html&quot; style=&quot;font-size:0px;&quot;&gt;   &lt;div style=&quot;text-align:center;&quot;&gt;      &lt;img alt=&quot;Bán nhà 3 tầng mới xây cạnh siêu thị Aoen Mall Hà Đông và Đô thị Vinhome&quot; class=&quot;img_nb&quot; src=&quot;https://kenhbds.vn/upload_images/thumb/2019-09-12_e3db0_2e6d9.jpg&quot;/&gt;         &lt;/div&gt;   &lt;div class=&quot;title_nb&quot;&gt;    Bán nhà 3 tầng mới xây cạnh siêu thị Aoen Mall Hà Đông và Đô thị Vinhome   &lt;/div&gt;   &lt;/a&gt;   &lt;div class=&quot;content_tooltip content_tooltip_nb&quot;&gt;                    &lt;div class=&quot;tool_title tool_title_nb&quot;&gt;Bán nhà 3 tầng mới xây cạnh siêu thị Aoen Mall Hà Đông và Đô thị Vinhome&lt;/div&gt;                    &lt;div class=&quot;tool_content&quot;&gt;                         &lt;img XDefaultStyle=&quot;;float:left;&quot; align=&quot;left&quot; alt=&quot;Bán nhà 3 tầng mới xây cạnh siêu thị Aoen Mall Hà Đông và Đô thị Vinhome&quot; class=&quot;img_nb_ct&quot; src=&quot;https://kenhbds.vn/upload_images/thumb/2019-09-12_e3db0_2e6d9.jpg&quot;/&gt;          &lt;div&gt;     Tôi cần bán nhà ngay cạnh khu đô thị VinCom (cách 100m bên kia đường). Gần siêu thị Aeon Mall Hà Đông.Nhà mới xây 03 tầng gồm 03 phòng ngủ, 02 WC. Kết cấu móng 05 tầng.Diện tích sổ đỏ 30m2. Nhà sổ đỏ chính chủ tên tôi.Hiện tại đại đô thị đã xong 70%, đầu sang năm bắt đầu đi vào hoạt động thì cả khu này sẽ cực kỳ sầm uất, giá nhà năm sau sẽ rất ...      &lt;br/&gt;      &lt;label class=&quot;lbds_kv&quot;&gt;Loại BĐS/Khu vực:&lt;/label&gt;      &lt;a class=&quot;a_lbds_kv&quot; href=&quot;https://kenhbds.vn/can-ban/nha-rieng-l5/ha-noi-t24&quot; title=&quot;Bán nhà riêng Hà Nội&quot;&gt;&lt;strong&gt;Bán nhà riêng Hà Nội&lt;/strong&gt;&lt;/a&gt;                     - &lt;a class=&quot;a_lbds_kv&quot; href=&quot;https://kenhbds.vn/can-ban/nha-rieng-l5/ha-noi-t24/huyen-hoai-duc-q228&quot; title=&quot;Bán nhà riêng Huyện Hoài Đức&quot;&gt;&lt;strong&gt;Bán nhà riêng Huyện Hoài Đức&lt;/strong&gt;&lt;/a&gt;      &lt;/div&gt;                    &lt;/div&gt;                &lt;/div&gt;  &lt;/div&gt;      &lt;a class=&quot;mua_nb&quot; href=&quot;https://kenhbds.vn/ho-tro-dang-tin.html#ht_dt_nb&quot; rel=&quot;nofollow&quot; title=&quot;Mua tin Nổi Bật Kenhbds.vn&quot;&gt;Mua tin Nổi Bật&lt;/a&gt;    &lt;div class=&quot;clear&quot;/&gt; &lt;/div&gt;" SourceIndex="838" TextLen="144" order="8" xPath="/#document/html/body/div[1]/div[2]/div[3]/div"/>
<LayoutNode BgColor="transparent" ContainImg="20" ContainP="12" ContainTable="false" DOMCldNum="25" DoC="5" FontSize="12" FontWeight="normal" FrameSourceIndex="0" ID="1-5" IsImg="false" LinkNum="27" LinkTextLen="500" ObjectRectHeight="1107" ObjectRectLeft="0" ObjectRectTop="500" ObjectRectWidth="1420" SourceIndex="930" TextLen="2092" order="9">
<LayoutNode BgColor="transparent" ContainImg="2" ContainP="11" ContainTable="false" DOMCldNum="25" DoC="5" FontSize="12" FontWeight="normal" FrameSourceIndex="0" ID="1-5-1" IsImg="false" LinkNum="7" LinkTextLen="119" ObjectRectHeight="1107" ObjectRectLeft="0" ObjectRectTop="500" ObjectRectWidth="950" SourceIndex="930" TextLen="1561" order="10">
<LayoutNode BgColor="transparent" ContainImg="1" ContainP="0" ContainTable="false" Content="Nhà 3 tầng bán 1 tỷ 190tr-Mới xây Hà Đông-Sổ đỏ chính chủ TÊN TÔI   " DOMCldNum="25" DoC="5" FontSize="12" FontWeight="normal" FrameSourceIndex="0" ID="1-5-1-1" IsImg="false" LinkNum="0" LinkTextLen="0" ObjectRectHeight="28" ObjectRectLeft="0" ObjectRectTop="500" ObjectRectWidth="950" SRC="&lt;div xmlns=&quot;http://www.w3.org/1999/xhtml&quot; class=&quot;tit3&quot;&gt;    &lt;h1 class=&quot;td_nb&quot;&gt;Nhà 3 tầng bán 1 tỷ 190tr-Mới xây Hà Đông-Sổ đỏ chính chủ TÊN TÔI  &lt;img alt=&quot;Tin đăng Nổi Bật&quot; src=&quot;https://kenhbds.vn/media2016/images/star_18.png&quot;/&gt;&lt;/h1&gt;    &lt;/div&gt;" SourceIndex="932" TextLen="67" order="11" xPath="/#document/html/body/div[1]/div[3]/div[0]/div[0]/div[0]/h1[0]/img"/>
<LayoutNode BgColor="#ffffff" ContainImg="0" ContainP="10" ContainTable="false" Content="THÔNG TIN CHUNGMã số tin đăng: 632032 Ngày đăng tin: 31/03/2020Loại bất động sản: Bán nhà riêngKhu vực: Bán nhà riêng Quận Hà Đông - Bán nhà riêng Hà Nội - Bán nhà Quận Hà Đông - Bán nhà Hà Nội Diện tích: 30 m2Giá: 1.190.000.000 VNĐ/Diện tíchLIÊN HỆHọ tên: Pham TrangEmail: Điện thoại: 0984 946 966Địa chỉ: Ngã tư Tố Hữu- Lê Trọng Tấn- Quận Hà Đông " DOMCldNum="25" DoC="8" FontSize="12" FontWeight="normal" FrameSourceIndex="0" ID="1-5-1-2" IsImg="false" LinkNum="5" LinkTextLen="93" ObjectRectHeight="390" ObjectRectLeft="0" ObjectRectTop="543" ObjectRectWidth="950" SRC="&lt;div xmlns=&quot;http://www.w3.org/1999/xhtml&quot; class=&quot;c3_tt&quot;&gt;   &lt;h4&gt;THÔNG TIN CHUNG&lt;/h4&gt;            &lt;p&gt;&lt;span&gt;Mã số tin đăng: &lt;/span&gt; &lt;label class=&quot;ma_so_tin&quot;&gt;632032&lt;/label&gt;   &lt;/p&gt;   &lt;p&gt;&lt;span&gt;Ngày đăng tin: &lt;/span&gt;31/03/2020&lt;/p&gt;             &lt;p&gt;&lt;span&gt;Loại bất động sản: &lt;/span&gt;&lt;a class=&quot;link_loaibds&quot; href=&quot;https://kenhbds.vn/can-ban/nha-rieng-l5&quot; title=&quot;Bán nhà riêng&quot;&gt;&lt;strong&gt;Bán nhà riêng&lt;/strong&gt;&lt;/a&gt;&lt;/p&gt;             &lt;p&gt;&lt;span&gt;Khu vực: &lt;/span&gt;&lt;a class=&quot;link_loaibds&quot; href=&quot;https://kenhbds.vn/can-ban/nha-rieng-l5/ha-noi-t24/quan-ha-dong-q248&quot; title=&quot;Bán nhà riêng Quận Hà Đông&quot;&gt;&lt;strong&gt;Bán nhà riêng Quận Hà Đông&lt;/strong&gt;&lt;/a&gt; -     &lt;a class=&quot;link_loaibds&quot; href=&quot;https://kenhbds.vn/can-ban/nha-rieng-l5/ha-noi-t24&quot; title=&quot;Bán nhà riêng Hà Nội&quot;&gt;&lt;strong&gt;Bán nhà riêng Hà Nội&lt;/strong&gt;&lt;/a&gt; -    &lt;a class=&quot;link_loaibds&quot; href=&quot;https://kenhbds.vn/can-ban/ha-noi-t24/quan-ha-dong-q248&quot; title=&quot;Bán nhà Quận Hà Đông&quot;&gt;&lt;strong&gt;Bán nhà Quận Hà Đông&lt;/strong&gt;&lt;/a&gt; -    &lt;a class=&quot;link_loaibds&quot; href=&quot;https://kenhbds.vn/can-ban/ha-noi-t24&quot; title=&quot;Bán nhà Hà Nội&quot;&gt;&lt;strong&gt;Bán nhà Hà Nội&lt;/strong&gt;&lt;/a&gt;        &lt;/p&gt;    &lt;p&gt;&lt;span&gt;Diện tích: &lt;/span&gt;30 m2&lt;/p&gt;             &lt;p&gt;&lt;span&gt;Giá: &lt;/span&gt;1.190.000.000 VNĐ/Diện tích&lt;/p&gt;          &lt;h4&gt;LIÊN HỆ&lt;/h4&gt;          &lt;p&gt;&lt;span&gt;Họ tên: &lt;/span&gt;Pham Trang&lt;/p&gt;          &lt;p&gt;&lt;span&gt;Email: &lt;/span&gt;&lt;/p&gt;          &lt;p&gt;&lt;span&gt;Điện thoại: &lt;/span&gt;&lt;label class=&quot;ma_so_tin&quot;&gt;0984 946 966&lt;/label&gt;&lt;/p&gt;          &lt;p&gt;&lt;span&gt;Địa chỉ: &lt;/span&gt;Ngã tư Tố Hữu- Lê Trọng Tấn- Quận Hà Đông&lt;/p&gt;          &lt;/div&gt;" SourceIndex="939" TextLen="337" order="12" xPath="/#document/html/body/div[1]/div[3]/div[0]/div[1]/div[11]/p[1]/#text"/>
<LayoutNode BgColor="#ffffff" ContainImg="1" ContainP="0" ContainTable="false" Content="HÌNH ẢNH NHÀ ĐẤT/BẤT ĐỘNG SẢN " DOMCldNum="25" DoC="8" FontSize="12" FontWeight="normal" FrameSourceIndex="0" ID="1-5-1-3" IsImg="false" LinkNum="1" LinkTextLen="0" ObjectRectHeight="102" ObjectRectLeft="0" ObjectRectTop="943" ObjectRectWidth="950" SRC="&lt;div xmlns=&quot;http://www.w3.org/1999/xhtml&quot; class=&quot;c3_img&quot;&gt;            &lt;script type=&quot;text/javascript&quot;&gt;            $(document).ready(function()            {               $(&quot;a[rel=images_group]&quot;).fancybox({                            'transitionIn'        : 'none',                            'transitionOut'        : 'none',                            'titlePosition'     : 'over',                            'titleFormat'        : function(title, currentArray, currentIndex, currentOpts) {                                return '&lt;span id=&quot;fancybox-title-over&quot;&gt;Ảnh ' + (currentIndex + 1) + ' / ' + currentArray.length + (title.length ? ' &amp;nbsp; ' + title : '') + '&lt;/span&gt;';                            }                        });            });            &lt;/script&gt;            &lt;h4&gt;HÌNH ẢNH NHÀ ĐẤT/BẤT ĐỘNG SẢN&lt;/h4&gt;                &lt;ul&gt;                                &lt;li&gt;&lt;a href=&quot;https://kenhbds.vn/upload_images/2019-09-12_a889d_e6051.jpg&quot; rel=&quot;images_group&quot;&gt;&lt;img XDefaultStyle=&quot;;border-top-style:none;border-right-style:none;border-bottom-style:none;border-left-style:none;&quot; align=&quot;Nhà 3 tầng bán 1 tỷ 190tr-Mới xây Hà Đông-Sổ đỏ chính chủ TÊN TÔI - Ảnh 1&quot; border=&quot;0&quot; height=&quot;73&quot; src=&quot;https://kenhbds.vn/upload_images/thumb/2019-09-12_a889d_e6051.jpg&quot; width=&quot;100&quot;/&gt;&lt;/a&gt;&lt;/li&gt;                                &lt;/ul&gt;                &lt;div class=&quot;clear&quot;/&gt;          &lt;/div&gt;" SourceIndex="1020" TextLen="29" order="13" xPath="/#document/html/body/div[1]/div[3]/div[0]/div[3]/div[3]/div"/>
<LayoutNode BgColor="#ffffff" ContainImg="0" ContainP="0" ContainTable="false" Content="THÔNG TIN CHI TIẾT " DOMCldNum="7" DoC="10" FontSize="13" FontWeight="bolder" FrameSourceIndex="0" ID="1-5-1-4" IsImg="false" LinkNum="0" LinkTextLen="0" ObjectRectHeight="20" ObjectRectLeft="0" ObjectRectTop="1075" ObjectRectWidth="950" SRC="&lt;h4 xmlns=&quot;http://www.w3.org/1999/xhtml&quot;&gt;THÔNG TIN CHI TIẾT&lt;/h4&gt;" SourceIndex="1042" TextLen="18" order="14" xPath="/#document/html/body/div[1]/div[3]/div[0]/div[5]/div[0]/h4[0]/#text"/>
<LayoutNode BgColor="#ffffff" ContainImg="0" ContainP="1" ContainTable="false" Content="Sổ đỏ chính chủ nhà đất tên tôi-  Phạm Trang 0934 535 030- Vị trí tại trung tâm thành phố mới của quận Hà Đông - Bán nhà riêng Quận Hà Đông, cạnh ngã tư Tố Hữu và Lê Trọng Tấn.- Cạnh đại siêu thị của Nhật Bản Aeon Mall Hà Đông rộng 9,8 ha vừa khởi công đầu năm 2018, cuối năm 2018 chuẩn bị đi vào hoạt động.- Nằm giữa các khu đô thị mới, được thừa hưởng đầy đủ dịch vụ và tiện ích ăn theo đô thị đã đi vào hoạt động sầm uất như Gleximco, Vincom Hà Đông, công viên và hồ điều hòa rộng 8ha.- Bệnh viện quốc tế Hà Đông rộng 9ha, gần trường, chợ, bệnh viện.* Mô tả nhà:- Nhà xây 3 tầng, diện tích đất 30m2, có 3 phòng ngủ, 1 phòng khách, 1 phòng bếp, 2 vệ sinh và sân phơi.- Sổ đỏ chính chủ, bao sang tên sổ đỏ.* Nội thất.1. Cầu thang gỗ Lim.2. Cửa thông phòng gỗ Chò. Tủ bếp gỗ tự nhiên.3. Cửa nhôm hệ Việt Pháp, cửa chính xếp kéo Đài Loan.4. Thiết bị vệ sinh Inax. Trần thạch cao.5. Sơn cao cấp Jotun. Bồn nước Sơn Hà.6. Dây điện Trần Phú, ống nhựa Tiền Phong.7. Đá ốp cầu thang hoa cương tự nhiên.* Giá bán: 1 tỷ 190 triệu.-  Chính chủ tên sổ đỏ Tên tôi Phạm Trang 0984 946 966- Ngân hàng hỗ trợ cho vay 60 - 70%. " DOMCldNum="7" DoC="8" FontSize="13" FontWeight="normal" FrameSourceIndex="0" ID="1-5-1-5" IsImg="false" LinkNum="1" LinkTextLen="26" ObjectRectHeight="497" ObjectRectLeft="0" ObjectRectTop="1110" ObjectRectWidth="950" SRC="&lt;p xmlns=&quot;http://www.w3.org/1999/xhtml&quot;&gt;&lt;span style=&quot;color: #313131; font-family: Arial; font-size: 14px;&quot;&gt;Sổ đỏ chính chủ nhà đất tên tôi-  Phạm Trang &lt;/span&gt;&lt;span style=&quot;color: #313131; font-family: Arial;&quot;&gt;&lt;span style=&quot;font-size: 14px;&quot;&gt;0934 535 030&lt;/span&gt;&lt;/span&gt;&lt;br style=&quot;color: #313131; font-family: Arial; font-size: 14px;&quot;/&gt;&lt;span style=&quot;color: #313131; font-family: Arial; font-size: 14px;&quot;&gt;- Vị trí tại trung tâm thành phố mới của quận Hà Đông - &lt;a class=&quot;link_seo&quot; href=&quot;https://kenhbds.vn/can-ban/nha-rieng-l5/ha-noi-t24/quan-ha-dong-q248&quot; target=&quot;_blank&quot; title=&quot;Bán nhà riêng Quận Hà Đông&quot; z=&quot;&quot;&gt;&lt;strong&gt;Bán nhà riêng Quận Hà Đông&lt;/strong&gt;&lt;/a&gt;, cạnh ngã tư Tố Hữu và Lê Trọng Tấn.&lt;/span&gt;&lt;br style=&quot;color: #313131; font-family: Arial; font-size: 14px;&quot;/&gt;&lt;span style=&quot;color: #313131; font-family: Arial; font-size: 14px;&quot;&gt;- Cạnh đại siêu thị của Nhật Bản Aeon Mall Hà Đông rộng 9,8 ha vừa khởi công đầu năm 2018, cuối năm 2018 chuẩn bị đi vào hoạt động.&lt;/span&gt;&lt;br style=&quot;color: #313131; font-family: Arial; font-size: 14px;&quot;/&gt;&lt;span style=&quot;color: #313131; font-family: Arial; font-size: 14px;&quot;&gt;- Nằm giữa các khu đô thị mới, được thừa hưởng đầy đủ dịch vụ và tiện ích ăn theo đô thị đã đi vào hoạt động sầm uất như Gleximco, Vincom Hà Đông, công viên và hồ điều hòa rộng 8ha.&lt;/span&gt;&lt;br style=&quot;color: #313131; font-family: Arial; font-size: 14px;&quot;/&gt;&lt;span style=&quot;color: #313131; font-family: Arial; font-size: 14px;&quot;&gt;- Bệnh viện quốc tế Hà Đông rộng 9ha, gần trường, chợ, bệnh viện.&lt;/span&gt;&lt;br style=&quot;color: #313131; font-family: Arial; font-size: 14px;&quot;/&gt;&lt;br style=&quot;color: #313131; font-family: Arial; font-size: 14px;&quot;/&gt;&lt;span style=&quot;color: #313131; font-family: Arial; font-size: 14px;&quot;&gt;* Mô tả nhà:&lt;/span&gt;&lt;br style=&quot;color: #313131; font-family: Arial; font-size: 14px;&quot;/&gt;&lt;span style=&quot;color: #313131; font-family: Arial; font-size: 14px;&quot;&gt;- Nhà xây 3 tầng, diện tích đất 30m2, có 3 phòng ngủ, 1 phòng khách, 1 phòng bếp, 2 vệ sinh và sân phơi.&lt;/span&gt;&lt;br style=&quot;color: #313131; font-family: Arial; font-size: 14px;&quot;/&gt;&lt;span style=&quot;color: #313131; font-family: Arial; font-size: 14px;&quot;&gt;- Sổ đỏ chính chủ, bao sang tên sổ đỏ.&lt;/span&gt;&lt;br style=&quot;color: #313131; font-family: Arial; font-size: 14px;&quot;/&gt;&lt;br style=&quot;color: #313131; font-family: Arial; font-size: 14px;&quot;/&gt;&lt;span style=&quot;color: #313131; font-family: Arial; font-size: 14px;&quot;&gt;* Nội thất.&lt;/span&gt;&lt;br style=&quot;color: #313131; font-family: Arial; font-size: 14px;&quot;/&gt;&lt;span style=&quot;color: #313131; font-family: Arial; font-size: 14px;&quot;&gt;1. Cầu thang gỗ Lim.&lt;/span&gt;&lt;br style=&quot;color: #313131; font-family: Arial; font-size: 14px;&quot;/&gt;&lt;span style=&quot;color: #313131; font-family: Arial; font-size: 14px;&quot;&gt;2. Cửa thông phòng gỗ Chò. Tủ bếp gỗ tự nhiên.&lt;/span&gt;&lt;br style=&quot;color: #313131; font-family: Arial; font-size: 14px;&quot;/&gt;&lt;span style=&quot;color: #313131; font-family: Arial; font-size: 14px;&quot;&gt;3. Cửa nhôm hệ Việt Pháp, cửa chính xếp kéo Đài Loan.&lt;/span&gt;&lt;br style=&quot;color: #313131; font-family: Arial; font-size: 14px;&quot;/&gt;&lt;span style=&quot;color: #313131; font-family: Arial; font-size: 14px;&quot;&gt;4. Thiết bị vệ sinh Inax. Trần thạch cao.&lt;/span&gt;&lt;br style=&quot;color: #313131; font-family: Arial; font-size: 14px;&quot;/&gt;&lt;span style=&quot;color: #313131; font-family: Arial; font-size: 14px;&quot;&gt;5. Sơn cao cấp Jotun. Bồn nước Sơn Hà.&lt;/span&gt;&lt;br style=&quot;color: #313131; font-family: Arial; font-size: 14px;&quot;/&gt;&lt;span style=&quot;color: #313131; font-family: Arial; font-size: 14px;&quot;&gt;6. Dây điện Trần Phú, ống nhựa Tiền Phong.&lt;/span&gt;&lt;br style=&quot;color: #313131; font-family: Arial; font-size: 14px;&quot;/&gt;&lt;span style=&quot;color: #313131; font-family: Arial; font-size: 14px;&quot;&gt;7. Đá ốp cầu thang hoa cương tự nhiên.&lt;/span&gt;&lt;br style=&quot;color: #313131; font-family: Arial; font-size: 14px;&quot;/&gt;&lt;br style=&quot;color: #313131; font-family: Arial; font-size: 14px;&quot;/&gt;&lt;span style=&quot;color: #313131; font-family: Arial; font-size: 14px;&quot;&gt;* Giá bán: &lt;span style=&quot;color: #000000; font-family: Arial, Verdana, sans-serif; font-size: 13px; text-align: justify; white-space: pre-wrap;&quot;&gt;1 tỷ 190 triệu&lt;/span&gt;.&lt;/span&gt;&lt;br style=&quot;color: #313131; font-family: Arial; font-size: 14px;&quot;/&gt;&lt;br style=&quot;color: #313131; font-family: Arial; font-size: 14px;&quot;/&gt;&lt;span style=&quot;color: #313131; font-family: Arial; font-size: 14px;&quot;&gt;-  Chính chủ tên sổ đỏ Tên tôi Phạm Trang &lt;/span&gt;&lt;span style=&quot;color: #313131; font-family: Arial;&quot;&gt;&lt;span style=&quot;font-size: 14px;&quot;&gt;0984 946 966&lt;/span&gt;&lt;/span&gt;&lt;br style=&quot;color: #313131; font-family: Arial; font-size: 14px;&quot;/&gt;&lt;span style=&quot;color: #313131; font-family: Arial; font-size: 14px;&quot;&gt;- Ngân hàng hỗ trợ cho vay 60 - 70%.&lt;/span&gt;&lt;/p&gt;" SourceIndex="1045" TextLen="1110" order="15" xPath="/#document/html/body/div[1]/div[3]/div[0]/div[5]/div[1]/p[42]/span[0]/#text"/>
</LayoutNode>
<LayoutNode BgColor="#ffffff" ContainImg="18" ContainP="1" ContainTable="false" DOMCldNum="27" DoC="5" FontSize="12" FontWeight="normal" FrameSourceIndex="0" ID="1-5-2" IsImg="false" LinkNum="20" LinkTextLen="381" ObjectRectHeight="1107" ObjectRectLeft="960" ObjectRectTop="500" ObjectRectWidth="460" SourceIndex="1742" TextLen="531" order="16">
<LayoutNode BgColor="#ffffff" ContainImg="7" ContainP="1" ContainTable="false" Content="ĐĂNG NHẬP Email: Mật khẩu: Đăng ký thành viên   Quên mật khẩu? Đăng nhập bằng tài khoản Yahoo, Google!   Đăng nhập vào Kenhbds.vn chưa bao giờ dễ dàng hơn. Chỉ cần bạn có tài khoản Yahoo/Google - Bạn không cần nhớ mật khẩu tài khoản Kenhbds.vn - Kenhbds.vn không lưu giữ bất kì thông tin cá nhân liên quan đến tài khoản Yahoo/Google của bạn. $(document).ready(function(){$(&quot;.tooltip_login&quot;).hover(function(){tip=$(this).parent('.nd3');tip.children('.content_tooltip_login').show();},function(){tip.children('.content_tooltip_login').hide();}).mousemove(function(e){var mousex=e.pageX-270;var mousey=e.pageY+20;tip.children('.content_tooltip_login').css({top:mousey,left:mousex});});}); " DOMCldNum="27" DoC="5" FontSize="12" FontWeight="normal" FrameSourceIndex="0" ID="1-5-2-1" IsImg="false" LinkNum="4" LinkTextLen="32" ObjectRectHeight="202" ObjectRectLeft="960" ObjectRectTop="500" ObjectRectWidth="460" SRC="&lt;div xmlns=&quot;http://www.w3.org/1999/xhtml&quot; class=&quot;box&quot; id=&quot;box_search&quot;&gt;            &lt;div class=&quot;tit1&quot;&gt;&lt;img alt=&quot;Cần mua bán, cho thuê, cần thuê nhà đất - login1&quot; class=&quot;nl&quot; height=&quot;30&quot; src=&quot;https://kenhbds.vn/media2016/images/t1.gif&quot; width=&quot;5&quot;/&gt;&lt;img alt=&quot;Cần mua bán, cho thuê, cần thuê nhà đất - login2&quot; class=&quot;nr&quot; height=&quot;30&quot; src=&quot;https://kenhbds.vn/media2016/images/t3.gif&quot; width=&quot;5&quot;/&gt;                 &lt;p class=&quot;dn&quot;&gt;                 ĐĂNG NHẬP                 &lt;/p&gt;            &lt;/div&gt;                          &lt;form action=&quot;https://kenhbds.vn/login_openid/user_kenhbdsvn?return_url=https%3A%2F%2Fkenhbds.vn%3A443%2Fcan-ban%2Fnha-dat%2Fnha-3-tang-ban-1-ty-190tr-moi-xay-ha-dong-so-do-chinh-chu-ten-toi%2F632032.html&quot; method=&quot;post&quot; name=&quot;form_login&quot;&gt;             &lt;div class=&quot;nd2&quot;&gt;              &lt;div class=&quot;dn_dong&quot;&gt;&lt;input name=&quot;email&quot; type=&quot;text&quot;/&gt;Email: &lt;div class=&quot;clear&quot;/&gt;&lt;/div&gt;              &lt;div class=&quot;dn_dong&quot;&gt;&lt;input name=&quot;password&quot; type=&quot;password&quot;/&gt;Mật khẩu: &lt;div class=&quot;clear&quot;/&gt;&lt;/div&gt;            &lt;div class=&quot;dn_dong&quot;&gt;            &lt;input id=&quot;submit_login&quot; name=&quot;Go&quot; onclick=&quot;return checkSubmitLogin()&quot; type=&quot;submit&quot; value=&quot;GO&quot;/&gt;            &lt;div class=&quot;clear&quot;/&gt;&lt;/div&gt;            &lt;div class=&quot;dn_dong&quot;&gt;&lt;a href=&quot;https://kenhbds.vn/dang-ky.html&quot; rel=&quot;nofollow&quot;&gt;Đăng ký thành viên&lt;/a&gt;   &lt;a href=&quot;https://kenhbds.vn/quen-mat-khau.html&quot; rel=&quot;nofollow&quot;&gt;Quên mật khẩu?&lt;/a&gt;&lt;/div&gt;          &lt;div&gt;&lt;img alt=&quot;Cần mua bán, cho thuê, cần thuê nhà đất - login image loading &quot; class=&quot;img_loading&quot; height=&quot;32&quot; src=&quot;https://kenhbds.vn/media2016/images/bds_loading.gif&quot; width=&quot;32&quot;/&gt;&lt;/div&gt;          &lt;/div&gt;          &lt;div class=&quot;nd3&quot;&gt;&lt;label class=&quot;txt_lb&quot;&gt;Đăng nhập bằng tài khoản Yahoo, Google!&lt;/label&gt;&lt;br/&gt;            &lt;a class=&quot;tooltip_login&quot; href=&quot;https://kenhbds.vn/login_openid/yahoo?login=1&amp;return_url=https%3A%2F%2Fkenhbds.vn%3A443%2Fcan-ban%2Fnha-dat%2Fnha-3-tang-ban-1-ty-190tr-moi-xay-ha-dong-so-do-chinh-chu-ten-toi%2F632032.html&quot; rel=&quot;nofollow&quot;&gt;&lt;img XDefaultStyle=&quot;;border-top-style:none;border-right-style:none;border-bottom-style:none;border-left-style:none;&quot; alt=&quot;Cần mua bán, cho thuê, cần thuê nhà đất - đăng nhập bằng Yahoo&quot; border=&quot;0&quot; height=&quot;21&quot; src=&quot;https://kenhbds.vn/media2016/images/yahoo.jpeg&quot; width=&quot;89&quot;/&gt;&lt;/a&gt;   &lt;a class=&quot;tooltip_login&quot; href=&quot;https://kenhbds.vn/login_openid/google?login=1&amp;return_url=https%3A%2F%2Fkenhbds.vn%3A443%2Fcan-ban%2Fnha-dat%2Fnha-3-tang-ban-1-ty-190tr-moi-xay-ha-dong-so-do-chinh-chu-ten-toi%2F632032.html&quot; rel=&quot;nofollow&quot;&gt;&lt;img XDefaultStyle=&quot;;border-top-style:none;border-right-style:none;border-bottom-style:none;border-left-style:none;&quot; alt=&quot;Cần mua bán, cho thuê, cần thuê nhà đất - đăng nhập bằng Google&quot; border=&quot;0&quot; height=&quot;21&quot; src=&quot;https://kenhbds.vn/media2016/images/google.jpeg&quot; width=&quot;89&quot;/&gt;&lt;/a&gt;            &lt;div class=&quot;content_tooltip_login&quot;&gt;            &lt;b&gt;Đăng nhập vào Kenhbds.vn chưa bao giờ dễ dàng hơn. Chỉ cần bạn có tài khoản Yahoo/Google&lt;/b&gt;&lt;br/&gt;            - Bạn không cần nhớ mật khẩu tài khoản &lt;label class=&quot;copyright&quot;&gt;Kenhbds.vn&lt;/label&gt;&lt;br/&gt;            - &lt;label class=&quot;copyright&quot;&gt;Kenhbds.vn&lt;/label&gt; không lưu giữ bất kì thông tin cá nhân liên quan đến tài khoản Yahoo/Google của bạn.            &lt;/div&gt;           &lt;/div&gt;           &lt;script type=&quot;text/javascript&quot;&gt;$(document).ready(function(){$(&quot;.tooltip_login&quot;).hover(function(){tip=$(this).parent('.nd3');tip.children('.content_tooltip_login').show();},function(){tip.children('.content_tooltip_login').hide();}).mousemove(function(e){var mousex=e.pageX-270;var mousey=e.pageY+20;tip.children('.content_tooltip_login').css({top:mousey,left:mousex});});});&lt;/script&gt;           &lt;/form&gt;                       &lt;div class=&quot;chan1&quot;&gt;&lt;img alt=&quot;Cần mua bán, cho thuê, cần thuê nhà đất - đăng nhập t7&quot; class=&quot;nl&quot; height=&quot;5&quot; src=&quot;https://kenhbds.vn/media2016/images/t7.gif&quot; width=&quot;5&quot;/&gt;&lt;img alt=&quot;Cần mua bán, cho thuê, cần thuê nhà đất - đăng nhập t9&quot; class=&quot;nr&quot; height=&quot;5&quot; src=&quot;https://kenhbds.vn/media2016/images/t9.gif&quot; width=&quot;5&quot;/&gt;&lt;/div&gt;            &lt;/div&gt;" SourceIndex="1746" TextLen="101" order="17" xPath="/#document/html/body/div[1]/div[5]/div[1]/div[2]/div[1]/img"/>
<LayoutNode BgColor="#ffffff" ContainImg="11" ContainP="0" ContainTable="false" DOMCldNum="27" DoC="5" FontSize="12" FontWeight="normal" FrameSourceIndex="0" ID="1-5-2-2" IsImg="false" LinkNum="16" LinkTextLen="349" ObjectRectHeight="895" ObjectRectLeft="960" ObjectRectTop="712" ObjectRectWidth="460" SourceIndex="1742" TextLen="430" order="18">
<LayoutNode BgColor="#ffffff" ContainImg="7" ContainP="0" ContainTable="false" Content=" Cần bán Cho thuê Cần mua Cần thuê Nhu cầu: Lựa chọn Căn hộ, chung cư Nhà riêng Nhà mặt phố Nhà tập thể, nhà cấp 4 Biệt thự, liền kề Đất nền, đất thổ cư Nhà xưởng, kho bãi Trang trại, khu nghỉ dưỡng Loại BĐS khác Loại BĐS: Lựa chọn Hà Nội TPHCM Hải Phòng Đà Nẵng Bà Rịa - Vũng Tàu Bình Dương Cần Thơ Khánh Hòa Đồng Nai Long An Bắc Ninh Phú Thọ Vĩnh Phúc Thừa Thiên Huế Hải Dương Thanh Hóa An Giang Bình Phước Bình Thuận Bình Định Bạc Liêu Bắc Giang Bắc Kạn Bến Tre Cao Bằng Cà Mau Đắk Lắk Đắk Nông Điện Biên Đồng Tháp Gia Lai Hà Giang Hà Nam Hà Tĩnh Hậu Giang Hòa Bình Hưng Yên Kiên Giang Kon Tum Lai Châu Lạng Sơn Lào Cai Lâm Đồng Nam Định Nghệ An Ninh Bình Ninh Thuận Phú Yên Quảng Bình Quảng Nam Quảng Ngãi Quảng Ninh Quảng Trị Sóc Trăng Sơn La Tây Ninh Thái Bình Thái Nguyên Tiền Giang Trà Vinh Tuyên Quang Vĩnh Long Yên Bái Tỉnh thành: Lựa chọn Quận Hoàn Kiếm Quận Hai Bà Trưng Quận Ba Đình Quận Cầu Giấy Quận Đống Đa Quận Tây Hồ Quận Thanh Xuân Quận Hà Đông Quận Long Biên Quận Hoàng Mai Quận Nam Từ Liêm Quận Bắc Từ Liêm TX Sơn Tây Huyện Sóc Sơn Huyện Quốc Oai Huyện Ba Vì Huyện Chương Mỹ Huyện Đan Phượng Huyện Đông Anh Huyện Gia Lâm Huyện Hoài Đức Huyện Mê Linh Huyện Mỹ Đức Huyện Phú Xuyên Huyện Phúc Thọ Huyện Thạch Thất Huyện Thanh Oai Huyện Thanh Trì Huyện Thường Tín Huyện Ứng Hòa Quận huyện: Lựa chọn 0 - 30 m2 30 m2 - 50 m2 50 m2 -75 m2 75 m2 - 100 m2 100 m2 - 150 m2 150 m2 - 200 m2 200 m2 - 300 m2 300 m2 - 500 m2 500 m2 - 1000 m2 &gt;= 1000 m2 Diện tích: Lựa chọn Thỏa thuận 0 - 500 triệu 500 triệu - 1 tỷ 1 tỷ - 2 tỷ 2 tỷ - 3 tỷ 3 tỷ - 5 tỷ 5 tỷ - 7 tỷ 7 tỷ - 10 tỷ 10 tỷ - 20 tỷ &gt;= 20 tỷ Khoảng giá: function checkSubmitSearch() { var tim_kiem=document.getElementById('tim-kiem').value; if(tim_kiem==&quot;&quot;||tim_kiem==&quot;Nhập vào từ khóa hoặc mã tin...&quot;) { document.getElementById('tim-kiem').value=''; /*jAlert(&quot;Bạn vui lòng nhập từ khóa tìm kiếm.&quot;,&quot;Thông báo&quot;,function(r) { document.getElementById('tim-kiem').focus(); }); return false; */ } return true; } $(function() { $(&quot;#tim-kiem&quot;).autoSuggest({ ajaxFilePath : &quot;https://kenhbds.vn/ajax/auto_suggest&quot;, ajaxParams : &quot;dummydata=dummyData&quot;, autoFill : false, iwidth : &quot;auto&quot;, opacity : &quot;0.9&quot;, ilimit : &quot;10&quot;, match : &quot;contains&quot; }); }); " DOMCldNum="27" DoC="5" FontSize="12" FontWeight="normal" FrameSourceIndex="0" ID="1-5-2-2-1" IsImg="false" LinkNum="1" LinkTextLen="0" ObjectRectHeight="287" ObjectRectLeft="960" ObjectRectTop="712" ObjectRectWidth="460" SRC="&lt;div xmlns=&quot;http://www.w3.org/1999/xhtml&quot; class=&quot;box&quot;&gt;    &lt;a href=&quot;https://kenhbds.vn/huong-dan-nap-tien-vao-tai-khoan.html&quot; target=&quot;_blank&quot;&gt;     &lt;img alt=&quot;Hướng dẫn nạp tiền TK&quot; src=&quot;https://kenhbds.vn/media2016/images/nap-tien-vao-tai-khoan.gif&quot; width=&quot;235&quot;/&gt;    &lt;/a&gt;   &lt;/div&gt;&lt;div xmlns=&quot;http://www.w3.org/1999/xhtml&quot; class=&quot;box box_search_detail&quot;&gt;&lt;div class=&quot;search&quot;&gt;      &lt;form action=&quot;https://kenhbds.vn/can-ban&quot; id=&quot;form_search&quot; method=&quot;get&quot; name=&quot;form_search&quot;&gt;      &lt;div class=&quot;s_d1&quot;&gt;&lt;img XDefaultStyle=&quot;;border-top-style:none;border-right-style:none;border-bottom-style:none;border-left-style:none;&quot; alt=&quot;Cần mua bán, cho thuê, cần thuê nhà đất - search1&quot; border=&quot;0&quot; class=&quot;nl&quot; height=&quot;5&quot; src=&quot;https://kenhbds.vn/media2016/images/se1.gif&quot; width=&quot;5&quot;/&gt;&lt;img XDefaultStyle=&quot;;border-top-style:none;border-right-style:none;border-bottom-style:none;border-left-style:none;&quot; alt=&quot;Cần mua bán, cho thuê, cần thuê nhà đất - search2&quot; border=&quot;0&quot; class=&quot;nr&quot; height=&quot;5&quot; src=&quot;https://kenhbds.vn/media2016/images/se3.gif&quot; width=&quot;5&quot;/&gt;&lt;/div&gt;      &lt;div class=&quot;s_d2_rg&quot;&gt;          &lt;div class=&quot;s_box1_rg&quot;&gt;&lt;img XDefaultStyle=&quot;;border-top-style:none;border-right-style:none;border-bottom-style:none;border-left-style:none;&quot; alt=&quot;Cần mua bán, cho thuê, cần thuê nhà đất - search3&quot; border=&quot;0&quot; class=&quot;nl&quot; height=&quot;21&quot; src=&quot;https://kenhbds.vn/media2016/images/s4.gif&quot; width=&quot;5&quot;/&gt;&lt;img XDefaultStyle=&quot;;border-top-style:none;border-right-style:none;border-bottom-style:none;border-left-style:none;&quot; alt=&quot;Cần mua bán, cho thuê, cần thuê nhà đất - search4&quot; border=&quot;0&quot; class=&quot;nr&quot; height=&quot;21&quot; src=&quot;https://kenhbds.vn/media2016/images/s6.gif&quot; width=&quot;5&quot;/&gt;           &lt;input autocomplete=&quot;off&quot; id=&quot;tim-kiem&quot; name=&quot;tim-kiem&quot; onblur=&quot;if(this.value=='') this.value='Nhập vào từ khóa hoặc mã tin...';&quot; onfocus=&quot;if(this.value=='Nhập vào từ khóa hoặc mã tin...') this.value='';&quot; type=&quot;text&quot; value=&quot;Nhập vào từ khóa hoặc mã tin...&quot;/&gt;          &lt;/div&gt;          &lt;div class=&quot;clear&quot;/&gt;           &lt;div class=&quot;s_box2_rg&quot;&gt;              &lt;select id=&quot;se_nhu_cau&quot; name=&quot;nc&quot; onchange=&quot;onChangeNhuCau();&quot;&gt;                &lt;option selected=&quot;selected&quot; value=&quot;1&quot;&gt;Cần bán&lt;/option&gt;                &lt;option value=&quot;2&quot;&gt;Cho thuê&lt;/option&gt;                &lt;option value=&quot;3&quot;&gt;Cần mua&lt;/option&gt;                &lt;option value=&quot;4&quot;&gt;Cần thuê&lt;/option&gt;              &lt;/select&gt;              &lt;strong&gt;Nhu cầu:&lt;/strong&gt;            &lt;/div&gt;            &lt;div class=&quot;s_box2_rg&quot;&gt;               &lt;select id=&quot;se_loai_bds&quot; name=&quot;l&quot;&gt;                &lt;option value=&quot;0&quot;&gt;Lựa chọn&lt;/option&gt;                                 &lt;option value=&quot;3&quot;&gt;Căn hộ, chung cư&lt;/option&gt;                                &lt;option selected=&quot;selected&quot; value=&quot;5&quot;&gt;Nhà riêng&lt;/option&gt;                                &lt;option value=&quot;67&quot;&gt;Nhà mặt phố&lt;/option&gt;                                &lt;option value=&quot;4&quot;&gt;Nhà tập thể, nhà cấp 4&lt;/option&gt;                                &lt;option value=&quot;1&quot;&gt;Biệt thự, liền kề&lt;/option&gt;                                &lt;option value=&quot;7&quot;&gt;Đất nền, đất thổ cư&lt;/option&gt;                                &lt;option value=&quot;46&quot;&gt;Nhà xưởng, kho bãi&lt;/option&gt;                                &lt;option value=&quot;31&quot;&gt;Trang trại, khu nghỉ dưỡng&lt;/option&gt;                                &lt;option value=&quot;48&quot;&gt;Loại BĐS khác&lt;/option&gt;                            &lt;/select&gt;              &lt;strong&gt;Loại BĐS:&lt;/strong&gt;            &lt;/div&gt;            &lt;div class=&quot;s_box2_rg&quot;&gt;&lt;select id=&quot;se_tinh_thanh&quot; name=&quot;t&quot; onchange=&quot;onChangeTinhThanh();&quot;&gt;                &lt;option value=&quot;0&quot;&gt;Lựa chọn&lt;/option&gt;                                &lt;option selected=&quot;selected&quot; value=&quot;24&quot;&gt;Hà Nội&lt;/option&gt;                                &lt;option value=&quot;58&quot;&gt;TPHCM&lt;/option&gt;                                &lt;option value=&quot;27&quot;&gt;Hải Phòng&lt;/option&gt;                                &lt;option value=&quot;15&quot;&gt;Đà Nẵng&lt;/option&gt;                                &lt;option value=&quot;2&quot;&gt;Bà Rịa - Vũng Tàu&lt;/option&gt;                                &lt;option value=&quot;3&quot;&gt;Bình Dương&lt;/option&gt;                                &lt;option value=&quot;14&quot;&gt;Cần Thơ&lt;/option&gt;                                &lt;option value=&quot;31&quot;&gt;Khánh Hòa&lt;/option&gt;                                &lt;option value=&quot;19&quot;&gt;Đồng Nai&lt;/option&gt;                                &lt;option value=&quot;38&quot;&gt;Long An&lt;/option&gt;                                &lt;option value=&quot;10&quot;&gt;Bắc Ninh&lt;/option&gt;                                &lt;option value=&quot;43&quot;&gt;Phú Thọ&lt;/option&gt;                                &lt;option value=&quot;62&quot;&gt;Vĩnh Phúc&lt;/option&gt;                                &lt;option value=&quot;56&quot;&gt;Thừa Thiên Huế&lt;/option&gt;                                &lt;option value=&quot;26&quot;&gt;Hải Dương&lt;/option&gt;                                &lt;option value=&quot;55&quot;&gt;Thanh Hóa&lt;/option&gt;                                &lt;option value=&quot;1&quot;&gt;An Giang&lt;/option&gt;                                &lt;option value=&quot;4&quot;&gt;Bình Phước&lt;/option&gt;                                &lt;option value=&quot;5&quot;&gt;Bình Thuận&lt;/option&gt;                                &lt;option value=&quot;6&quot;&gt;Bình Định&lt;/option&gt;                                &lt;option value=&quot;7&quot;&gt;Bạc Liêu&lt;/option&gt;                                &lt;option value=&quot;8&quot;&gt;Bắc Giang&lt;/option&gt;                                &lt;option value=&quot;9&quot;&gt;Bắc Kạn&lt;/option&gt;                                &lt;option value=&quot;11&quot;&gt;Bến Tre&lt;/option&gt;                                &lt;option value=&quot;12&quot;&gt;Cao Bằng&lt;/option&gt;                                &lt;option value=&quot;13&quot;&gt;Cà Mau&lt;/option&gt;                                &lt;option value=&quot;16&quot;&gt;Đắk Lắk&lt;/option&gt;                                &lt;option value=&quot;17&quot;&gt;Đắk Nông&lt;/option&gt;                                &lt;option value=&quot;18&quot;&gt;Điện Biên&lt;/option&gt;                                &lt;option value=&quot;20&quot;&gt;Đồng Tháp&lt;/option&gt;                                &lt;option value=&quot;21&quot;&gt;Gia Lai&lt;/option&gt;                                &lt;option value=&quot;22&quot;&gt;Hà Giang&lt;/option&gt;                                &lt;option value=&quot;23&quot;&gt;Hà Nam&lt;/option&gt;                                &lt;option value=&quot;25&quot;&gt;Hà Tĩnh&lt;/option&gt;                                &lt;option value=&quot;28&quot;&gt;Hậu Giang&lt;/option&gt;                                &lt;option value=&quot;29&quot;&gt;Hòa Bình&lt;/option&gt;                                &lt;option value=&quot;30&quot;&gt;Hưng Yên&lt;/option&gt;                                &lt;option value=&quot;32&quot;&gt;Kiên Giang&lt;/option&gt;                                &lt;option value=&quot;33&quot;&gt;Kon Tum&lt;/option&gt;                                &lt;option value=&quot;34&quot;&gt;Lai Châu&lt;/option&gt;                                &lt;option value=&quot;35&quot;&gt;Lạng Sơn&lt;/option&gt;                                &lt;option value=&quot;36&quot;&gt;Lào Cai&lt;/option&gt;                                &lt;option value=&quot;37&quot;&gt;Lâm Đồng&lt;/option&gt;                                &lt;option value=&quot;39&quot;&gt;Nam Định&lt;/option&gt;                                &lt;option value=&quot;40&quot;&gt;Nghệ An&lt;/option&gt;                                &lt;option value=&quot;41&quot;&gt;Ninh Bình&lt;/option&gt;                                &lt;option value=&quot;42&quot;&gt;Ninh Thuận&lt;/option&gt;                                &lt;option value=&quot;44&quot;&gt;Phú Yên&lt;/option&gt;                                &lt;option value=&quot;45&quot;&gt;Quảng Bình&lt;/option&gt;                                &lt;option value=&quot;46&quot;&gt;Quảng Nam&lt;/option&gt;                                &lt;option value=&quot;47&quot;&gt;Quảng Ngãi&lt;/option&gt;                                &lt;option value=&quot;48&quot;&gt;Quảng Ninh&lt;/option&gt;                                &lt;option value=&quot;49&quot;&gt;Quảng Trị&lt;/option&gt;                                &lt;option value=&quot;50&quot;&gt;Sóc Trăng&lt;/option&gt;                                &lt;option value=&quot;51&quot;&gt;Sơn La&lt;/option&gt;                                &lt;option value=&quot;52&quot;&gt;Tây Ninh&lt;/option&gt;                                &lt;option value=&quot;53&quot;&gt;Thái Bình&lt;/option&gt;                                &lt;option value=&quot;54&quot;&gt;Thái Nguyên&lt;/option&gt;                                &lt;option value=&quot;57&quot;&gt;Tiền Giang&lt;/option&gt;                                &lt;option value=&quot;59&quot;&gt;Trà Vinh&lt;/option&gt;                                &lt;option value=&quot;60&quot;&gt;Tuyên Quang&lt;/option&gt;                                &lt;option value=&quot;61&quot;&gt;Vĩnh Long&lt;/option&gt;                                &lt;option value=&quot;63&quot;&gt;Yên Bái&lt;/option&gt;                            &lt;/select&gt;              &lt;strong&gt;Tỉnh thành:&lt;/strong&gt;            &lt;/div&gt;            &lt;div class=&quot;s_box2_rg&quot;&gt;              &lt;select id=&quot;se_quan_huyen&quot; name=&quot;q&quot;&gt;                &lt;option value=&quot;0&quot;&gt;Lựa chọn&lt;/option&gt;                                &lt;option value=&quot;243&quot;&gt;Quận Hoàn Kiếm&lt;/option&gt;                                &lt;option value=&quot;242&quot;&gt;Quận Hai Bà Trưng&lt;/option&gt;                                &lt;option value=&quot;239&quot;&gt;Quận Ba Đình&lt;/option&gt;                                &lt;option value=&quot;240&quot;&gt;Quận Cầu Giấy&lt;/option&gt;                                &lt;option value=&quot;241&quot;&gt;Quận Đống Đa&lt;/option&gt;                                &lt;option value=&quot;246&quot;&gt;Quận Tây Hồ&lt;/option&gt;                                &lt;option value=&quot;247&quot;&gt;Quận Thanh Xuân&lt;/option&gt;                                &lt;option selected=&quot;selected&quot; value=&quot;248&quot;&gt;Quận Hà Đông&lt;/option&gt;                                &lt;option value=&quot;245&quot;&gt;Quận Long Biên&lt;/option&gt;                                &lt;option value=&quot;244&quot;&gt;Quận Hoàng Mai&lt;/option&gt;                                &lt;option value=&quot;677&quot;&gt;Quận Nam Từ Liêm&lt;/option&gt;                                &lt;option value=&quot;678&quot;&gt;Quận Bắc Từ Liêm&lt;/option&gt;                                &lt;option value=&quot;249&quot;&gt;TX Sơn Tây&lt;/option&gt;                                &lt;option value=&quot;680&quot;&gt;Huyện Sóc Sơn&lt;/option&gt;                                &lt;option value=&quot;683&quot;&gt;Huyện Quốc Oai&lt;/option&gt;                                &lt;option value=&quot;223&quot;&gt;Huyện Ba Vì&lt;/option&gt;                                &lt;option value=&quot;224&quot;&gt;Huyện Chương Mỹ&lt;/option&gt;                                &lt;option value=&quot;225&quot;&gt;Huyện Đan Phượng&lt;/option&gt;                                &lt;option value=&quot;226&quot;&gt;Huyện Đông Anh&lt;/option&gt;                                &lt;option value=&quot;227&quot;&gt;Huyện Gia Lâm&lt;/option&gt;                                &lt;option value=&quot;228&quot;&gt;Huyện Hoài Đức&lt;/option&gt;                                &lt;option value=&quot;229&quot;&gt;Huyện Mê Linh&lt;/option&gt;                                &lt;option value=&quot;230&quot;&gt;Huyện Mỹ Đức&lt;/option&gt;                                &lt;option value=&quot;231&quot;&gt;Huyện Phú Xuyên&lt;/option&gt;                                &lt;option value=&quot;232&quot;&gt;Huyện Phúc Thọ&lt;/option&gt;                                &lt;option value=&quot;233&quot;&gt;Huyện Thạch Thất&lt;/option&gt;                                &lt;option value=&quot;234&quot;&gt;Huyện Thanh Oai&lt;/option&gt;                                &lt;option value=&quot;235&quot;&gt;Huyện Thanh Trì&lt;/option&gt;                                &lt;option value=&quot;236&quot;&gt;Huyện Thường Tín&lt;/option&gt;                                &lt;option value=&quot;238&quot;&gt;Huyện Ứng Hòa&lt;/option&gt;                            &lt;/select&gt;             &lt;strong&gt;Quận huyện:&lt;/strong&gt;            &lt;/div&gt;            &lt;div class=&quot;s_box2_rg&quot;&gt;              &lt;select id=&quot;se_dien_tich&quot; name=&quot;d&quot;&gt;                &lt;option value=&quot;0&quot;&gt;Lựa chọn&lt;/option&gt;                                &lt;option selected=&quot;selected&quot; value=&quot;1&quot;&gt;0 - 30 m2&lt;/option&gt;                                &lt;option value=&quot;2&quot;&gt;30 m2 - 50 m2&lt;/option&gt;                                &lt;option value=&quot;3&quot;&gt;50 m2 -75 m2&lt;/option&gt;                                &lt;option value=&quot;4&quot;&gt;75 m2 - 100 m2&lt;/option&gt;                                &lt;option value=&quot;5&quot;&gt;100 m2 - 150 m2&lt;/option&gt;                                &lt;option value=&quot;6&quot;&gt;150 m2 - 200 m2&lt;/option&gt;                                &lt;option value=&quot;7&quot;&gt;200 m2 - 300 m2&lt;/option&gt;                                &lt;option value=&quot;8&quot;&gt;300 m2 - 500 m2&lt;/option&gt;                                &lt;option value=&quot;9&quot;&gt;500 m2 - 1000 m2&lt;/option&gt;                                &lt;option value=&quot;10&quot;&gt;&gt;= 1000 m2&lt;/option&gt;                            &lt;/select&gt;              &lt;strong&gt;Diện tích:&lt;/strong&gt;&lt;/div&gt;            &lt;div class=&quot;s_box2_rg&quot;&gt;&lt;select id=&quot;se_gia_tien&quot; name=&quot;g&quot;&gt;                &lt;option value=&quot;0&quot;&gt;Lựa chọn&lt;/option&gt;                                &lt;option value=&quot;1&quot;&gt;Thỏa thuận&lt;/option&gt;                                &lt;option value=&quot;2&quot;&gt;0 - 500 triệu&lt;/option&gt;                                &lt;option value=&quot;3&quot;&gt;500 triệu - 1 tỷ&lt;/option&gt;                                &lt;option selected=&quot;selected&quot; value=&quot;4&quot;&gt;1 tỷ - 2 tỷ&lt;/option&gt;                                &lt;option value=&quot;5&quot;&gt;2 tỷ - 3 tỷ&lt;/option&gt;                                &lt;option value=&quot;6&quot;&gt;3 tỷ - 5 tỷ&lt;/option&gt;                                &lt;option value=&quot;7&quot;&gt;5 tỷ - 7 tỷ&lt;/option&gt;                                &lt;option value=&quot;8&quot;&gt;7 tỷ - 10 tỷ&lt;/option&gt;                                &lt;option value=&quot;9&quot;&gt;10 tỷ - 20 tỷ&lt;/option&gt;                                &lt;option value=&quot;10&quot;&gt;&gt;= 20 tỷ&lt;/option&gt;                            &lt;/select&gt;              &lt;strong&gt;Khoảng giá:&lt;/strong&gt;&lt;/div&gt;   &lt;div class=&quot;s_box2_rg&quot;&gt;       &lt;input class=&quot;nr&quot; id=&quot;submit_search&quot; name=&quot;find&quot; onclick=&quot;return checkSubmitSearch();&quot; type=&quot;submit&quot; value=&quot;find&quot;/&gt;   &lt;/div&gt;            &lt;!--&lt;div class=&quot;s_box2_rg&quot;&gt; &lt;/div&gt;            &lt;div class=&quot;s_box2_rg&quot;&gt;&lt;a href=&quot;#&quot; class=&quot;menu3 nr&quot;&gt;Tìm kiếm nâng cao&lt;/a&gt;&lt;/div&gt; --&gt;            &lt;div class=&quot;clear&quot;/&gt;          &lt;/div&gt;          &lt;div class=&quot;s_d3&quot;&gt;&lt;img XDefaultStyle=&quot;;border-top-style:none;border-right-style:none;border-bottom-style:none;border-left-style:none;&quot; alt=&quot;Cần mua bán, cho thuê, cần thuê nhà đất - search5&quot; border=&quot;0&quot; class=&quot;nl&quot; height=&quot;5&quot; src=&quot;https://kenhbds.vn/media2016/images/se5.gif&quot; width=&quot;5&quot;/&gt;&lt;img XDefaultStyle=&quot;;border-top-style:none;border-right-style:none;border-bottom-style:none;border-left-style:none;&quot; alt=&quot;Cần mua bán, cho thuê, cần thuê nhà đất - search6&quot; border=&quot;0&quot; class=&quot;nr&quot; height=&quot;5&quot; src=&quot;https://kenhbds.vn/media2016/images/se7.gif&quot; width=&quot;5&quot;/&gt;&lt;/div&gt;        &lt;/form&gt;  &lt;script type=&quot;text/javascript&quot;&gt;  function checkSubmitSearch()  {   var tim_kiem=document.getElementById('tim-kiem').value;   if(tim_kiem==&quot;&quot;||tim_kiem==&quot;Nhập vào từ khóa hoặc mã tin...&quot;)   {    document.getElementById('tim-kiem').value='';    /*jAlert(&quot;Bạn vui lòng nhập từ khóa tìm kiếm.&quot;,&quot;Thông báo&quot;,function(r)    {     document.getElementById('tim-kiem').focus();    });    return false;    */   }  return true;  }       $(function() {   $(&quot;#tim-kiem&quot;).autoSuggest({    ajaxFilePath     : &quot;https://kenhbds.vn/ajax/auto_suggest&quot;,    ajaxParams     : &quot;dummydata=dummyData&quot;,    autoFill     : false,    iwidth         : &quot;auto&quot;,    opacity         : &quot;0.9&quot;,    ilimit         : &quot;10&quot;,    match         : &quot;contains&quot;   });    });  &lt;/script&gt;    &lt;/div&gt;&lt;/div&gt;" SourceIndex="1822;1844" TextLen="60" order="19" xPath="/#document/html/body/div[1]/div[5]/div[2]/div[0]/a[0]/img"/>
<LayoutNode BgColor="#079fb6" ContainImg="2" ContainP="0" ContainTable="false" Content="Nhà đất theo loại BĐS " DOMCldNum="7" DoC="5" FontSize="12" FontWeight="normal" FrameSourceIndex="0" ID="1-5-2-2-2" IsImg="false" LinkNum="0" LinkTextLen="0" ObjectRectHeight="30" ObjectRectLeft="960" ObjectRectTop="1009" ObjectRectWidth="460" SRC="&lt;div xmlns=&quot;http://www.w3.org/1999/xhtml&quot; class=&quot;tit1&quot;&gt;&lt;img alt=&quot;ndtt1&quot; class=&quot;nl&quot; height=&quot;30&quot; src=&quot;https://kenhbds.vn/media2016/images/t1.gif&quot; width=&quot;5&quot;/&gt;&lt;img alt=&quot;ndtt2&quot; class=&quot;nr&quot; height=&quot;30&quot; src=&quot;https://kenhbds.vn/media2016/images/t3.gif&quot; width=&quot;5&quot;/&gt;        &lt;h3&gt;Nhà đất theo loại BĐS&lt;/h3&gt;    &lt;/div&gt;" SourceIndex="2330" TextLen="21" order="20" xPath="/#document/html/body/div[1]/div[5]/div[9]/div[1]/div[0]/div[2]/h3[0]/#text"/>
<LayoutNode BgColor="#ffffff" ContainImg="0" ContainP="0" ContainTable="false" Content="Bán nhà Hà NộiBán nhà Quận Hà ĐôngBán nhà riêng Hà Nội Bán căn hộ chung cư Quận Hà Đông Bán nhà riêng Quận Hà Đông Bán nhà mặt phố Quận Hà Đông Bán nhà tập thể nhà cấp 4 Quận Hà Đông Bán biệt thự liền kề Quận Hà Đông Bán đất nền đất thổ cư Quận Hà Đông Bán nhà xưởng kho bãi Quận Hà Đông Bán trang trại khu nghỉ dưỡng Quận Hà Đông Bán loại BĐS khác Quận Hà Đông " DOMCldNum="3" DoC="8" FontSize="13" FontWeight="normal" FrameSourceIndex="0" ID="1-5-2-2-3" IsImg="false" LinkNum="15" LinkTextLen="349" ObjectRectHeight="384" ObjectRectLeft="960" ObjectRectTop="1047" ObjectRectWidth="460" SRC="&lt;ul xmlns=&quot;http://www.w3.org/1999/xhtml&quot;&gt;            &lt;li&gt;&lt;h3&gt;&lt;a href=&quot;https://kenhbds.vn/can-ban/ha-noi-t24&quot; title=&quot;Bán nhà Hà Nội&quot;&gt;&lt;strong&gt;Bán nhà Hà Nội&lt;/strong&gt;&lt;/a&gt;&lt;/h3&gt;&lt;/li&gt;            &lt;li&gt;&lt;h3&gt;&lt;a href=&quot;https://kenhbds.vn/can-ban/ha-noi-t24/quan-ha-dong-q248&quot; title=&quot;Bán nhà Quận Hà Đông&quot;&gt;&lt;strong&gt;Bán nhà Quận Hà Đông&lt;/strong&gt;&lt;/a&gt;&lt;/h3&gt;&lt;/li&gt;            &lt;li&gt;&lt;h3&gt;&lt;a href=&quot;https://kenhbds.vn/can-ban/nha-rieng-l5/ha-noi-t24&quot; title=&quot;Bán nhà riêng Hà Nội&quot;&gt;&lt;strong&gt;Bán nhà riêng Hà Nội&lt;/strong&gt;&lt;/a&gt;&lt;/h3&gt;&lt;/li&gt;        &lt;li&gt;     &lt;h3&gt;&lt;a href=&quot;https://kenhbds.vn/can-ban/can-ho-chung-cu-l3/ha-noi-t24/quan-ha-dong-q248&quot; title=&quot;Bán căn hộ chung cư Quận Hà Đông&quot;&gt;     Bán căn hộ chung cư Quận Hà Đông     &lt;/a&gt;&lt;/h3&gt;    &lt;/li&gt;    &lt;li&gt;     &lt;h3&gt;&lt;a href=&quot;https://kenhbds.vn/can-ban/nha-rieng-l5/ha-noi-t24/quan-ha-dong-q248&quot; title=&quot;Bán nhà riêng Quận Hà Đông&quot;&gt;     Bán nhà riêng Quận Hà Đông     &lt;/a&gt;&lt;/h3&gt;    &lt;/li&gt;    &lt;li&gt;     &lt;h3&gt;&lt;a href=&quot;https://kenhbds.vn/can-ban/nha-mat-pho-l67/ha-noi-t24/quan-ha-dong-q248&quot; title=&quot;Bán nhà mặt phố Quận Hà Đông&quot;&gt;     Bán nhà mặt phố Quận Hà Đông     &lt;/a&gt;&lt;/h3&gt;    &lt;/li&gt;    &lt;li&gt;     &lt;h3&gt;&lt;a href=&quot;https://kenhbds.vn/can-ban/nha-tap-the-nha-cap-4-l4/ha-noi-t24/quan-ha-dong-q248&quot; title=&quot;Bán nhà tập thể nhà cấp 4 Quận Hà Đông&quot;&gt;     Bán nhà tập thể nhà cấp 4 Quận Hà Đông     &lt;/a&gt;&lt;/h3&gt;    &lt;/li&gt;    &lt;li&gt;     &lt;h3&gt;&lt;a href=&quot;https://kenhbds.vn/can-ban/biet-thu-lien-ke-l1/ha-noi-t24/quan-ha-dong-q248&quot; title=&quot;Bán biệt thự liền kề Quận Hà Đông&quot;&gt;     Bán biệt thự liền kề Quận Hà Đông     &lt;/a&gt;&lt;/h3&gt;    &lt;/li&gt;    &lt;li&gt;     &lt;h3&gt;&lt;a href=&quot;https://kenhbds.vn/can-ban/dat-nen-dat-tho-cu-l7/ha-noi-t24/quan-ha-dong-q248&quot; title=&quot;Bán đất nền đất thổ cư Quận Hà Đông&quot;&gt;     Bán đất nền đất thổ cư Quận Hà Đông     &lt;/a&gt;&lt;/h3&gt;    &lt;/li&gt;    &lt;li&gt;     &lt;h3&gt;&lt;a href=&quot;https://kenhbds.vn/can-ban/nha-xuong-kho-bai-l46/ha-noi-t24/quan-ha-dong-q248&quot; title=&quot;Bán nhà xưởng kho bãi Quận Hà Đông&quot;&gt;     Bán nhà xưởng kho bãi Quận Hà Đông     &lt;/a&gt;&lt;/h3&gt;    &lt;/li&gt;    &lt;li&gt;     &lt;h3&gt;&lt;a href=&quot;https://kenhbds.vn/can-ban/trang-trai-khu-nghi-duong-l31/ha-noi-t24/quan-ha-dong-q248&quot; title=&quot;Bán trang trại khu nghỉ dưỡng Quận Hà Đông&quot;&gt;     Bán trang trại khu nghỉ dưỡng Quận Hà Đông     &lt;/a&gt;        &lt;/h3&gt;&lt;/li&gt;&lt;li&gt;     &lt;h3&gt;&lt;a href=&quot;https://kenhbds.vn/can-ban/loai-bds-khac-l48/ha-noi-t24/quan-ha-dong-q248&quot; title=&quot;Bán loại BĐS khác Quận Hà Đông&quot;&gt;     Bán loại BĐS khác Quận Hà Đông     &lt;/a&gt;&lt;/h3&gt;    &lt;/li&gt;   &lt;/ul&gt;" SourceIndex="2340" TextLen="349" order="21" xPath="/#document/html/body/div[1]/div[5]/div[9]/div[1]/div[1]/div[0]/ul[11]/li[0]/h3[0]/a[0]/#text"/>
<LayoutNode BgColor="transparent" ContainImg="2" ContainP="0" ContainTable="false" Content=" " DOMCldNum="7" DoC="8" FontSize="12" FontWeight="normal" FrameSourceIndex="0" ID="1-5-2-2-4" IsImg="false" LinkNum="0" LinkTextLen="0" ObjectRectHeight="168" ObjectRectLeft="960" ObjectRectTop="1439" ObjectRectWidth="460" SRC="&lt;div xmlns=&quot;http://www.w3.org/1999/xhtml&quot; class=&quot;chan1&quot;&gt;&lt;img alt=&quot;ndtt3&quot; class=&quot;nl&quot; height=&quot;5&quot; src=&quot;https://kenhbds.vn/media2016/images/t7.gif&quot; width=&quot;5&quot;/&gt;&lt;img alt=&quot;ndtt4&quot; class=&quot;nr&quot; height=&quot;5&quot; src=&quot;https://kenhbds.vn/media2016/images/t9.gif&quot; width=&quot;5&quot;/&gt;&lt;/div&gt;" SourceIndex="2424" TextLen="0" order="22" xPath="/#document/html/body/div[1]/div[5]/div[9]/div[1]/div[2]/div[1]/img"/>
</LayoutNode>
</LayoutNode>
</LayoutNode>
<LayoutNode BgColor="#ffffff" ContainImg="0" ContainP="0" ContainTable="false" Content="Bạn có thể xem tất cả các tin đăng rao vặt nhà đất theo từ khóa:Bán nhà riêng Quận Hà ĐôngBán nhà riêng Hà NộiMua bán nhà đất Quận Hà ĐôngMua bán nhà đất Hà Nội " DOMCldNum="25" DoC="5" FontSize="12" FontWeight="normal" FrameSourceIndex="0" ID="1-6" IsImg="false" LinkNum="6" LinkTextLen="124" ObjectRectHeight="52" ObjectRectLeft="0" ObjectRectTop="1667" ObjectRectWidth="1420" SRC="&lt;div xmlns=&quot;http://www.w3.org/1999/xhtml&quot; class=&quot;rv_tag&quot;&gt;   &lt;span class=&quot;title_tag&quot;&gt;Bạn có thể xem tất cả các tin đăng rao vặt nhà đất theo từ khóa:&lt;/span&gt;      &lt;a href=&quot;https://kenhbds.vn/can-ban/nha-rieng-l5/ha-noi-t24/quan-ha-dong-q248&quot; title=&quot;Bán nhà riêng Quận Hà Đông&quot;&gt;&lt;strong&gt;Bán nhà riêng Quận Hà Đông&lt;/strong&gt;&lt;/a&gt;   &lt;a href=&quot;https://kenhbds.vn/can-ban/nha-rieng-l5/ha-noi-t24&quot; title=&quot;Bán nhà riêng Hà Nội&quot;&gt;&lt;strong&gt;Bán nhà riêng Hà Nội&lt;/strong&gt;&lt;/a&gt;   &lt;a href=&quot;https://kenhbds.vn/can-ban/nha-rieng-l5&quot; title=&quot;Bán nhà riêng&quot;&gt;&lt;strong&gt;Bán nhà riêng&lt;/strong&gt;&lt;/a&gt;   &lt;a href=&quot;https://kenhbds.vn/can-ban/ha-noi-t24/quan-ha-dong-q248&quot; title=&quot;Mua bán nhà đất Quận Hà Đông&quot;&gt;&lt;strong&gt;Mua bán nhà đất Quận Hà Đông&lt;/strong&gt;&lt;/a&gt;      &lt;a href=&quot;https://kenhbds.vn/can-ban/ha-noi-t24&quot; title=&quot;Mua bán nhà đất Hà Nội&quot;&gt;&lt;strong&gt;Mua bán nhà đất Hà Nội&lt;/strong&gt;&lt;/a&gt;      &lt;a href=&quot;https://kenhbds.vn/can-ban&quot; title=&quot;Mua bán nhà đất&quot;&gt;&lt;strong&gt;Mua bán nhà đất&lt;/strong&gt;&lt;/a&gt;    &lt;/div&gt;" SourceIndex="1126" TextLen="188" order="23" xPath="/#document/html/body/div[1]/div[3]//div[0]/div[7]/div[6]/a[0]/strong[0]/#text"/>
<LayoutNode BgColor="#ffffff" ContainImg="0" ContainP="0" ContainTable="false" Content="Bán nhà riêng Hà Nội " DOMCldNum="17" DoC="8" FontSize="12" FontWeight="bold" FrameSourceIndex="0" ID="1-7" IsImg="false" LinkNum="1" LinkTextLen="20" ObjectRectHeight="17" ObjectRectLeft="0" ObjectRectTop="1743" ObjectRectWidth="1420" SRC="&lt;h2 xmlns=&quot;http://www.w3.org/1999/xhtml&quot; class=&quot;bds_khac&quot;&gt;&lt;a href=&quot;https://kenhbds.vn/can-ban/nha-rieng-l5/ha-noi-t24&quot; title=&quot;Bán nhà riêng Hà Nội&quot;&gt;Bán nhà riêng Hà Nội&lt;/a&gt;&lt;/h2&gt;" SourceIndex="1167" TextLen="20" order="24" xPath="/#document/html/body/div[1]/div[3]/div[1]/h2[0]/a[0]/#text"/>
<LayoutNode BgColor="#ffffff" ContainImg="4" ContainP="0" ContainTable="false" Content="xem thêm...Rao vặt Bán nhà riêng Hà Nội mới nhất Bán nhà 3 tầng mới xây cạnh siêu thị Aoen Mall Hà Đông và Đô thị Vinhome Bán nhà 3 tầng mới xây cạnh siêu thị Aoen Mall Hà Đông và Đô thị Vinhome Tôi cần bán nhà ngay cạnh khu đô thị VinCom (cách 100m bên kia đường). Gần siêu thị Aeon Mall Hà Đông.Nhà mới xây 03 tầng gồm 03 phòng ngủ, 02 WC. Kết cấu móng 05 tầng.Diện tích sổ đỏ 30m2. Nhà sổ đỏ chính chủ tên tôi.Hiện tại đại đô thị đã xong 70%, đầu sang năm bắt đầu đi vào hoạt động thì cả khu n&amp;agr... • 31/03/2020 • Huyện Hoài Đức • Diện tích: 30 m2 • Giá: 1.580.000.000 VNĐ/Diện tích Bán Nhà Lô Góc Tây Sơn - Đống Đa DT37m2 x 4 Tầng Bán Nhà Lô Góc Tây Sơn - Đống Đa DT37m2 x 4 Tầng Cơ Hội Hiếm Có Dành Cho Khách Hàng Mùa Covid  Chính Chủ Cần Bán Căn Ngà Lô Góc TạiTây Sơn - Đống Đa, 37m, 4 tầng , mặt tiền 4,8m , giá 3,85 tỷ ,Liên hệ e ngay nào: 03.75.75.5678 - Ngõ thông , Cách ô tô đỗ 70m, đường trước nhà thoáng, sạch sẽ, xe ba gác đua với xe máy.- Trung tâm quận Đống Đa, cách Ngã Tư Sở 350m, Gò Đống Đa 200m. Gần trường ĐH Thủy Lợi, ĐH Công Đoàn, Học viện Ngân Hàng.- Hàng xóm thân thiện, dân trí cao. Xung quanh đầy đủ tiện ... • 10/04/2020 • Quận Đống Đa • Diện tích: 37 m2 • Giá: Thỏa thuận Bán đất tặng nhà đường láng Quận Đống Đa Hà Nội Bán đất tặng nhà đường láng Quận Đống Đa Hà Nội Bán đất tặng nhà cực đẹp cách MP Láng Hạ 40m, đầu tư sửa bán hoặc xây căn hộ CCMN quá tốt. Láng Hạ - Đống Đa 80m, 4 tầng, mặt tiền 5m , giá 5,6 tỷ - Vị trí đẹp gần phố, 1 ngoặt vào nhà, thông đường Láng- Nhà xây chắc chắn hơn chục năm xác định bán đất hoặc sơn lại vẫn ở tốt.- Thiết kế:+ Tầng 1 bếp, PK, tầng 2,3,4: 4 PN, phòng thờ, phơi đồ.- Đầu tư mua xây căn hộ CCMN cho thuê quá tuyệt vời, hoặc xây nhà vừa ở vừa cho thuê.- Sổ đỏ vuông đét nở h... • 08/04/2020 • Quận Đống Đa • Diện tích: 80 m2 • Giá: Thỏa thuận Bán nhà riêng Quận Thanh Xuân Hà Nội Bán nhà riêng Quận Thanh Xuân Hà Nội  HẠ CHÀO 300 TRIỆU, GIÁ CHÀO MỚI 5.150 TỶ. CHỦ CẦN BÁN, CHỈ CẦN KHÁCH THÍCH.NHÀ QUÁ ĐẸP, Ô TÔ VÀO NHÀ. LH 03.75.75.5678 Quan Nhân-Thanh Xuân 64m, 4 tầng, mt3,5m,giá 5.3 tỷ . - Nhà 2 mặt thoáng, phía sau có ngõ.- Gần trường học các cấp, gần chợ Quan Nhân, tiện ích đầy đủ không thiếu gì.- Giao thông thuận tiện ô tô vào nhà, thông Quan Nhân, Giáp Nhất, Láng, Ngã Tư Sở, Lê Văn Lương....- Nhà mới đẹp thiết kế hiện đại ở ngay.- Cầu thang gỗ lim nội t... • 09/04/2020 • Quận Thanh Xuân • Diện tích: 64 m2 • Giá: Thỏa thuận Bán Nhà đường láng 5 tầng mới Bán Nhà đường láng 5 tầng mới CHỈ CÓ MỘT CĂN DUY NHẤT - Nhà Sát Đường Láng - Đống ĐaDT 36m, x 5 tầng , mt 4,6m , giá 3,6 tỉ - Nhà cách đường Láng 150m, ngõ thoáng, xe ba gác tránh xe máy.- Vị trí gần Ngã Tư Sở, nhà ga đường sắt trên cao. Khu dân trí cao, hoà đồng, thân thiện.- Thiết kế hiện đại, đầy đủ công năng sử dụng, tổng 3 ngủ.+ Tầng 1: Phòng khách, bếp, vs+ Tầng 2, 3, 4: Mỗi tầng 1 phòng ngủ rộng, vs.+Tầng 5: Phòng thờ, sân phơi.Liên hệ xem nhà trực tiếp :03.75.75.567... • 13/04/2020 • Quận Cầu Giấy • Diện tích: 36 m2 • Giá: Thỏa thuận Bán nhà gần Metro Hà Đông: Đường to rộng vỉa hè 2 ô tô tránh nhau, 42m2x4 tầng, Hướng:ĐB. Giá 4 tỷ có thương lượng Bán nhà gần Metro Hà Đông: Đường to rộng vỉa hè 2 ô tô tránh nhau, 42m2x4 tầng, Hướng:ĐB. Giá 4 tỷ có thương lượng Tôi cần bán nhà với diện tích là 42m, nhà có 4 tầng, mỗi tầng 2 phòng ngủ, thiết bị cũng như nội thất đầy đủ và đẹp chỗ ở gần Metro Hà Đông thuận tiện đi lại, dân cư đông đúc, gần chợ. Đường to rộng 2 ô tô tránh nhau thoải mái.Hướng nhà: Đông BắcGiá yêu thương: 4 tỷ ( yên tâm giá... • 13/04/2020 • Quận Hà Đông • Diện tích: 42 m2 • Giá: 4.000.000.000 VNĐ/Diện tích Bán nhà Quận Hà Đông: 45m2 x 4 tầng đẹp, thoáng mát, đường to rộng ô tô qua nhà, kinh doanh tốt Bán nhà Quận Hà Đông: 45m2 x 4 tầng đẹp, thoáng mát, đường to rộng ô tô qua nhà, kinh doanh tốt Tôi đang cần bán nhà riêng với diện tích là 45m2, nhà 4 tầng đẹp thoáng mát, Hướng nhà Đông Bắc, mỗi tầng được thiết kế 2 phòng ngủ rộng dãi với thiết kế hiện đại Đường to và rộng, ô tô qua nhà, nằm trên trục đường thông từ đường Lê Hồng Phong sáng đường Quang Trung, với dân cư đông đúc rất... • 13/04/2020 • Quận Hà Đông • Diện tích: 45 m2 • Giá: 3.700.000.000 VNĐ/Diện tích Bán nhà gần đường Quang Trung, nhà 34m, nhà đẹp 3 tầng hướng Tây Nam, cách phố Hoàng Hoa Thám 20m Bán nhà gần đường Quang Trung, nhà 34m, nhà đẹp 3 tầng hướng Tây Nam, cách phố Hoàng Hoa Thám 20m Nhà tôi cần bán nhà diện tích 34m2, nhà 3 tầng mỗi tầng 5m và mỗi tầng có 2 phòng ngủ, nhà vệ sinh đầy đủ, phòng ốc thông thoáng mát mẻ. Hướng nhà Tây Nam, ngõ thông, gần đường Quang Trung , cách phố Hoàng Hoa Thám 20m, nhà đẹp khu vực trung tâm, dân cư đông đúc vui vẻ. Gi... • 12/04/2020 • Quận Hà Đông • Diện tích: 34 m2 • Giá: 2.600.000.000 VNĐ/Diện tích " DOMCldNum="17" DoC="8" FontSize="12" FontWeight="normal" FrameSourceIndex="0" ID="1-8" IsImg="false" LinkNum="9" LinkTextLen="549" ObjectRectHeight="443" ObjectRectLeft="0" ObjectRectTop="1770" ObjectRectWidth="1420" SRC="&lt;div xmlns=&quot;http://www.w3.org/1999/xhtml&quot; class=&quot;box1 ds_bds_khac&quot;&gt;             &lt;div class=&quot;tit3&quot;&gt;&lt;a class=&quot;menu1&quot; href=&quot;https://kenhbds.vn/can-ban/nha-rieng-l5/ha-noi-t24&quot;&gt;xem thêm...&lt;/a&gt;&lt;h3&gt;Rao vặt Bán nhà riêng Hà Nội mới nhất&lt;/h3&gt;&lt;/div&gt;                           &lt;div class=&quot;tt_dong1 tt_vip&quot;&gt;                &lt;div class=&quot;box_gia&quot;&gt;                                &lt;img class=&quot;nl&quot; height=&quot;10&quot; src=&quot;https://kenhbds.vn/images/vip.gif&quot; width=&quot;20&quot;/&gt;                                                     &lt;/div&gt;                &lt;h3&gt;&lt;a class=&quot;tooltip menu2&quot; href=&quot;https://kenhbds.vn/can-ban/nha-dat/ban-nha-3-tang-moi-xay-canh-sieu-thi-aoen-mall-ha-dong-va-do-thi-vinhome/682860.html&quot;&gt;Bán nhà 3 tầng mới xây cạnh siêu thị Aoen Mall Hà Đông và Đô thị Vinhome&lt;/a&gt;&lt;/h3&gt;                &lt;div class=&quot;content_tooltip&quot;&gt;                    &lt;div class=&quot;tool_title tool_title_vip&quot;&gt;Bán nhà 3 tầng mới xây cạnh siêu thị Aoen Mall Hà Đông và Đô thị Vinhome&lt;/div&gt;                    &lt;div class=&quot;tool_content&quot;&gt;                    Tôi cần bán nhà ngay cạnh khu đô thị VinCom (cách 100m bên kia đường). Gần siêu thị Aeon Mall Hà Đông.Nhà mới xây 03 tầng gồm 03 phòng ngủ, 02 WC. Kết cấu móng 05 tầng.Diện tích sổ đỏ 30m2. Nhà sổ đỏ chính chủ tên tôi.Hiện tại đại đô thị đã xong 70%, đầu sang năm bắt đầu đi vào hoạt động thì cả khu n&amp;agr...                    &lt;/div&gt;                &lt;/div&gt;                &lt;span class=&quot;do&quot;&gt;•&lt;/span&gt; &lt;span class=&quot;span_ngay&quot;&gt;31/03/2020&lt;/span&gt;                &lt;span class=&quot;do&quot;&gt;•&lt;/span&gt; &lt;span class=&quot;span_tinh_thanh&quot;&gt;Huyện Hoài Đức&lt;/span&gt;                &lt;span class=&quot;do&quot;&gt;•&lt;/span&gt; &lt;span class=&quot;span_dien_tich&quot;&gt;Diện tích: 30 m2&lt;/span&gt;                &lt;span class=&quot;do&quot;&gt;•&lt;/span&gt; &lt;span class=&quot;span_gia&quot;&gt;Giá: 1.580.000.000 VNĐ/Diện tích&lt;/span&gt;              &lt;/div&gt;                         &lt;div class=&quot;tt_dong1 tt_vip&quot;&gt;                &lt;div class=&quot;box_gia&quot;&gt;                                &lt;img class=&quot;nl&quot; height=&quot;10&quot; src=&quot;https://kenhbds.vn/images/vip.gif&quot; width=&quot;20&quot;/&gt;                                                     &lt;/div&gt;                &lt;h3&gt;&lt;a class=&quot;tooltip menu2&quot; href=&quot;https://kenhbds.vn/can-ban/nha-dat/ban-nha-lo-goc-tay-son-dong-da-dt37m2-x-4-tang/816249.html&quot;&gt;Bán Nhà Lô Góc Tây Sơn - Đống Đa DT37m2 x 4 Tầng&lt;/a&gt;&lt;/h3&gt;                &lt;div class=&quot;content_tooltip&quot;&gt;                    &lt;div class=&quot;tool_title tool_title_vip&quot;&gt;Bán Nhà Lô Góc Tây Sơn - Đống Đa DT37m2 x 4 Tầng&lt;/div&gt;                    &lt;div class=&quot;tool_content&quot;&gt;                    Cơ Hội Hiếm Có Dành Cho Khách Hàng Mùa Covid Chính Chủ Cần Bán Căn Ngà Lô Góc TạiTây Sơn - Đống Đa, 37m, 4 tầng , mặt tiền 4,8m , giá 3,85 tỷ ,Liên hệ e ngay nào: 03.75.75.5678- Ngõ thông , Cách ô tô đỗ 70m, đường trước nhà thoáng, sạch sẽ, xe ba gác đua với xe máy.- Trung tâm quận Đống Đa, cách Ngã Tư Sở 350m, Gò Đống Đa 200m. Gần trường ĐH Thủy Lợi, ĐH Công Đoàn, Học viện Ngân Hàng.- Hàng xóm thân thiện, dân trí cao. Xung quanh đầy đủ tiện ...                    &lt;/div&gt;                &lt;/div&gt;                &lt;span class=&quot;do&quot;&gt;•&lt;/span&gt; &lt;span class=&quot;span_ngay&quot;&gt;10/04/2020&lt;/span&gt;                &lt;span class=&quot;do&quot;&gt;•&lt;/span&gt; &lt;span class=&quot;span_tinh_thanh&quot;&gt;Quận Đống Đa&lt;/span&gt;                &lt;span class=&quot;do&quot;&gt;•&lt;/span&gt; &lt;span class=&quot;span_dien_tich&quot;&gt;Diện tích: 37 m2&lt;/span&gt;                &lt;span class=&quot;do&quot;&gt;•&lt;/span&gt; &lt;span class=&quot;span_gia&quot;&gt;Giá: Thỏa thuận &lt;/span&gt;              &lt;/div&gt;                         &lt;div class=&quot;tt_dong1 tt_vip&quot;&gt;                &lt;div class=&quot;box_gia&quot;&gt;                                &lt;img class=&quot;nl&quot; height=&quot;10&quot; src=&quot;https://kenhbds.vn/images/vip.gif&quot; width=&quot;20&quot;/&gt;                                                     &lt;/div&gt;                &lt;h3&gt;&lt;a class=&quot;tooltip menu2&quot; href=&quot;https://kenhbds.vn/can-ban/nha-dat/ban-dat-tang-nha-duong-lang-quan-dong-da-ha-noi/816008.html&quot;&gt;Bán đất tặng nhà đường láng Quận Đống Đa Hà Nội&lt;/a&gt;&lt;/h3&gt;                &lt;div class=&quot;content_tooltip&quot;&gt;                    &lt;div class=&quot;tool_title tool_title_vip&quot;&gt;Bán đất tặng nhà đường láng Quận Đống Đa Hà Nội&lt;/div&gt;                    &lt;div class=&quot;tool_content&quot;&gt;                    Bán đất tặng nhà cực đẹp cách MP Láng Hạ 40m, đầu tư sửa bán hoặc xây căn hộ CCMN quá tốt.Láng Hạ - Đống Đa 80m, 4 tầng, mặt tiền 5m , giá 5,6 tỷ- Vị trí đẹp gần phố, 1 ngoặt vào nhà, thông đường Láng- Nhà xây chắc chắn hơn chục năm xác định bán đất hoặc sơn lại vẫn ở tốt.- Thiết kế:+ Tầng 1 bếp, PK, tầng 2,3,4: 4 PN, phòng thờ, phơi đồ.- Đầu tư mua xây căn hộ CCMN cho thuê quá tuyệt vời, hoặc xây nhà vừa ở vừa cho thuê.- Sổ đỏ vuông đét nở h...                    &lt;/div&gt;                &lt;/div&gt;                &lt;span class=&quot;do&quot;&gt;•&lt;/span&gt; &lt;span class=&quot;span_ngay&quot;&gt;08/04/2020&lt;/span&gt;                &lt;span class=&quot;do&quot;&gt;•&lt;/span&gt; &lt;span class=&quot;span_tinh_thanh&quot;&gt;Quận Đống Đa&lt;/span&gt;                &lt;span class=&quot;do&quot;&gt;•&lt;/span&gt; &lt;span class=&quot;span_dien_tich&quot;&gt;Diện tích: 80 m2&lt;/span&gt;                &lt;span class=&quot;do&quot;&gt;•&lt;/span&gt; &lt;span class=&quot;span_gia&quot;&gt;Giá: Thỏa thuận &lt;/span&gt;              &lt;/div&gt;                         &lt;div class=&quot;tt_dong1 tt_vip&quot;&gt;                &lt;div class=&quot;box_gia&quot;&gt;                                &lt;img class=&quot;nl&quot; height=&quot;10&quot; src=&quot;https://kenhbds.vn/images/vip.gif&quot; width=&quot;20&quot;/&gt;                                                     &lt;/div&gt;                &lt;h3&gt;&lt;a class=&quot;tooltip menu2&quot; href=&quot;https://kenhbds.vn/can-ban/nha-dat/ban-nha-rieng-quan-thanh-xuan-ha-noi/816107.html&quot;&gt;Bán nhà riêng Quận Thanh Xuân Hà Nội&lt;/a&gt;&lt;/h3&gt;                &lt;div class=&quot;content_tooltip&quot;&gt;                    &lt;div class=&quot;tool_title tool_title_vip&quot;&gt;Bán nhà riêng Quận Thanh Xuân Hà Nội&lt;/div&gt;                    &lt;div class=&quot;tool_content&quot;&gt;                     HẠ CHÀO 300 TRIỆU, GIÁ CHÀO MỚI 5.150 TỶ. CHỦ CẦN BÁN, CHỈ CẦN KHÁCH THÍCH.NHÀ QUÁ ĐẸP, Ô TÔ VÀO NHÀ. LH 03.75.75.5678Quan Nhân-Thanh Xuân 64m, 4 tầng, mt3,5m,giá 5.3 tỷ .- Nhà 2 mặt thoáng, phía sau có ngõ.- Gần trường học các cấp, gần chợ Quan Nhân, tiện ích đầy đủ không thiếu gì.- Giao thông thuận tiện ô tô vào nhà, thông Quan Nhân, Giáp Nhất, Láng, Ngã Tư Sở, Lê Văn Lương....- Nhà mới đẹp thiết kế hiện đại ở ngay.- Cầu thang gỗ lim nội t...                    &lt;/div&gt;                &lt;/div&gt;                &lt;span class=&quot;do&quot;&gt;•&lt;/span&gt; &lt;span class=&quot;span_ngay&quot;&gt;09/04/2020&lt;/span&gt;                &lt;span class=&quot;do&quot;&gt;•&lt;/span&gt; &lt;span class=&quot;span_tinh_thanh&quot;&gt;Quận Thanh Xuân&lt;/span&gt;                &lt;span class=&quot;do&quot;&gt;•&lt;/span&gt; &lt;span class=&quot;span_dien_tich&quot;&gt;Diện tích: 64 m2&lt;/span&gt;                &lt;span class=&quot;do&quot;&gt;•&lt;/span&gt; &lt;span class=&quot;span_gia&quot;&gt;Giá: Thỏa thuận &lt;/span&gt;              &lt;/div&gt;                         &lt;div class=&quot;tt_dong1 &quot;&gt;                &lt;div class=&quot;box_gia&quot;&gt;                                                     &lt;/div&gt;                &lt;h3&gt;&lt;a class=&quot;tooltip menu3&quot; href=&quot;https://kenhbds.vn/can-ban/nha-dat/ban-nha-duong-lang-5-tang-moi/814725.html&quot;&gt;Bán Nhà đường láng 5 tầng mới&lt;/a&gt;&lt;/h3&gt;                &lt;div class=&quot;content_tooltip&quot;&gt;                    &lt;div class=&quot;tool_title &quot;&gt;Bán Nhà đường láng 5 tầng mới&lt;/div&gt;                    &lt;div class=&quot;tool_content&quot;&gt;                    CHỈ CÓ MỘT CĂN DUY NHẤT- Nhà Sát Đường Láng - Đống ĐaDT 36m, x 5 tầng , mt 4,6m , giá 3,6 tỉ- Nhà cách đường Láng 150m, ngõ thoáng, xe ba gác tránh xe máy.- Vị trí gần Ngã Tư Sở, nhà ga đường sắt trên cao. Khu dân trí cao, hoà đồng, thân thiện.- Thiết kế hiện đại, đầy đủ công năng sử dụng, tổng 3 ngủ.+ Tầng 1: Phòng khách, bếp, vs+ Tầng 2, 3, 4: Mỗi tầng 1 phòng ngủ rộng, vs.+Tầng 5: Phòng thờ, sân phơi.Liên hệ xem nhà trực tiếp :03.75.75.567...                    &lt;/div&gt;                &lt;/div&gt;                &lt;span class=&quot;do&quot;&gt;•&lt;/span&gt; &lt;span class=&quot;span_ngay&quot;&gt;13/04/2020&lt;/span&gt;                &lt;span class=&quot;do&quot;&gt;•&lt;/span&gt; &lt;span class=&quot;span_tinh_thanh&quot;&gt;Quận Cầu Giấy&lt;/span&gt;                &lt;span class=&quot;do&quot;&gt;•&lt;/span&gt; &lt;span class=&quot;span_dien_tich&quot;&gt;Diện tích: 36 m2&lt;/span&gt;                &lt;span class=&quot;do&quot;&gt;•&lt;/span&gt; &lt;span class=&quot;span_gia&quot;&gt;Giá: Thỏa thuận &lt;/span&gt;              &lt;/div&gt;                         &lt;div class=&quot;tt_dong1 &quot;&gt;                &lt;div class=&quot;box_gia&quot;&gt;                                                     &lt;/div&gt;                &lt;h3&gt;&lt;a class=&quot;tooltip menu3&quot; href=&quot;https://kenhbds.vn/can-ban/nha-dat/ban-nha-gan-metro-ha-dong-duong-to-rong-via-he-2-o-to-tranh-nhau-42m2x4-tang-huongdb.-gia-4-ty-co-thuong-luong/800979.html&quot;&gt;Bán nhà gần Metro Hà Đông: Đường to rộng vỉa hè 2 ô tô tránh nhau, 42m2x4 tầng, Hướng:ĐB. Giá 4 tỷ có thương lượng&lt;/a&gt;&lt;/h3&gt;                &lt;div class=&quot;content_tooltip&quot;&gt;                    &lt;div class=&quot;tool_title &quot;&gt;Bán nhà gần Metro Hà Đông: Đường to rộng vỉa hè 2 ô tô tránh nhau, 42m2x4 tầng, Hướng:ĐB. Giá 4 tỷ có thương lượng&lt;/div&gt;                    &lt;div class=&quot;tool_content&quot;&gt;                    Tôi cần bán nhà với diện tích là 42m, nhà có 4 tầng, mỗi tầng 2 phòng ngủ, thiết bị cũng như nội thất đầy đủ và đẹp chỗ ở gần Metro Hà Đông thuận tiện đi lại, dân cư đông đúc, gần chợ. Đường to rộng 2 ô tô tránh nhau thoải mái.Hướng nhà: Đông BắcGiá yêu thương: 4 tỷ ( yên tâm giá...                    &lt;/div&gt;                &lt;/div&gt;                &lt;span class=&quot;do&quot;&gt;•&lt;/span&gt; &lt;span class=&quot;span_ngay&quot;&gt;13/04/2020&lt;/span&gt;                &lt;span class=&quot;do&quot;&gt;•&lt;/span&gt; &lt;span class=&quot;span_tinh_thanh&quot;&gt;Quận Hà Đông&lt;/span&gt;                &lt;span class=&quot;do&quot;&gt;•&lt;/span&gt; &lt;span class=&quot;span_dien_tich&quot;&gt;Diện tích: 42 m2&lt;/span&gt;                &lt;span class=&quot;do&quot;&gt;•&lt;/span&gt; &lt;span class=&quot;span_gia&quot;&gt;Giá: 4.000.000.000 VNĐ/Diện tích&lt;/span&gt;              &lt;/div&gt;                         &lt;div class=&quot;tt_dong1 &quot;&gt;                &lt;div class=&quot;box_gia&quot;&gt;                                                     &lt;/div&gt;                &lt;h3&gt;&lt;a class=&quot;tooltip menu3&quot; href=&quot;https://kenhbds.vn/can-ban/nha-dat/ban-nha-quan-ha-dong-45m2-x-4-tang-dep-thoang-mat-duong-to-rong-o-to-qua-nha-kinh-doanh-tot/798246.html&quot;&gt;Bán nhà Quận Hà Đông: 45m2 x 4 tầng đẹp, thoáng mát, đường to rộng ô tô qua nhà, kinh doanh tốt&lt;/a&gt;&lt;/h3&gt;                &lt;div class=&quot;content_tooltip&quot;&gt;                    &lt;div class=&quot;tool_title &quot;&gt;Bán nhà Quận Hà Đông: 45m2 x 4 tầng đẹp, thoáng mát, đường to rộng ô tô qua nhà, kinh doanh tốt&lt;/div&gt;                    &lt;div class=&quot;tool_content&quot;&gt;                    Tôi đang cần bán nhà riêng với diện tích là 45m2, nhà 4 tầng đẹp thoáng mát, Hướng nhà Đông Bắc, mỗi tầng được thiết kế 2 phòng ngủ rộng dãi với thiết kế hiện đạiĐường to và rộng, ô tô qua nhà, nằm trên trục đường thông từ đường Lê Hồng Phong sáng đường Quang Trung, với dân cư đông đúc rất...                    &lt;/div&gt;                &lt;/div&gt;                &lt;span class=&quot;do&quot;&gt;•&lt;/span&gt; &lt;span class=&quot;span_ngay&quot;&gt;13/04/2020&lt;/span&gt;                &lt;span class=&quot;do&quot;&gt;•&lt;/span&gt; &lt;span class=&quot;span_tinh_thanh&quot;&gt;Quận Hà Đông&lt;/span&gt;                &lt;span class=&quot;do&quot;&gt;•&lt;/span&gt; &lt;span class=&quot;span_dien_tich&quot;&gt;Diện tích: 45 m2&lt;/span&gt;                &lt;span class=&quot;do&quot;&gt;•&lt;/span&gt; &lt;span class=&quot;span_gia&quot;&gt;Giá: 3.700.000.000 VNĐ/Diện tích&lt;/span&gt;              &lt;/div&gt;                         &lt;div class=&quot;tt_dong1 &quot;&gt;                &lt;div class=&quot;box_gia&quot;&gt;                                                     &lt;/div&gt;                &lt;h3&gt;&lt;a class=&quot;tooltip menu3&quot; href=&quot;https://kenhbds.vn/can-ban/nha-dat/ban-nha-gan-duong-quang-trung-nha-34m-nha-dep-3-tang-huong-tay-nam-cach-pho-hoang-hoa-tham-20m/798694.html&quot;&gt;Bán nhà gần đường Quang Trung, nhà 34m, nhà đẹp 3 tầng hướng Tây Nam, cách phố Hoàng Hoa Thám 20m&lt;/a&gt;&lt;/h3&gt;                &lt;div class=&quot;content_tooltip&quot;&gt;                    &lt;div class=&quot;tool_title &quot;&gt;Bán nhà gần đường Quang Trung, nhà 34m, nhà đẹp 3 tầng hướng Tây Nam, cách phố Hoàng Hoa Thám 20m&lt;/div&gt;                    &lt;div class=&quot;tool_content&quot;&gt;                    Nhà tôi cần bán nhà diện tích 34m2, nhà 3 tầng mỗi tầng 5m và mỗi tầng có 2 phòng ngủ, nhà vệ sinh đầy đủ, phòng ốc thông thoáng mát mẻ.Hướng nhà Tây Nam, ngõ thông, gần đường Quang Trung , cách phố Hoàng Hoa Thám 20m, nhà đẹp khu vực trung tâm, dân cư đông đúc vui vẻ.Gi...                    &lt;/div&gt;                &lt;/div&gt;                &lt;span class=&quot;do&quot;&gt;•&lt;/span&gt; &lt;span class=&quot;span_ngay&quot;&gt;12/04/2020&lt;/span&gt;                &lt;span class=&quot;do&quot;&gt;•&lt;/span&gt; &lt;span class=&quot;span_tinh_thanh&quot;&gt;Quận Hà Đông&lt;/span&gt;                &lt;span class=&quot;do&quot;&gt;•&lt;/span&gt; &lt;span class=&quot;span_dien_tich&quot;&gt;Diện tích: 34 m2&lt;/span&gt;                &lt;span class=&quot;do&quot;&gt;•&lt;/span&gt; &lt;span class=&quot;span_gia&quot;&gt;Giá: 2.600.000.000 VNĐ/Diện tích&lt;/span&gt;              &lt;/div&gt;                     &lt;/div&gt;" SourceIndex="1173" TextLen="1172" order="25" xPath="/#document/html/body/div[1]/div[3]/div[3]/div[8]/div[10]/span[0]/#text"/>
<LayoutNode BgColor="#ffffff" ContainImg="0" ContainP="0" ContainTable="false" Content="Bán nhà riêng theo Quận/Huyện tại Hà Nội Bán nhà riêng Quận Hoàn Kiếm Bán nhà riêng Quận Hai Bà Trưng Bán nhà riêng Quận Ba Đình Bán nhà riêng Quận Cầu Giấy Bán nhà riêng Quận Đống Đa Bán nhà riêng Quận Tây Hồ Bán nhà riêng Quận Thanh Xuân Bán nhà riêng Quận Hà Đông Bán nhà riêng Quận Long Biên Bán nhà riêng Quận Hoàng Mai Bán nhà riêng Quận Nam Từ Liêm Bán nhà riêng Quận Bắc Từ Liêm Bán nhà riêng TX Sơn Tây Bán nhà riêng Huyện Sóc Sơn Bán nhà riêng Huyện Quốc Oai Bán nhà riêng Huyện Ba Vì Bán nhà riêng Huyện Chương Mỹ Bán nhà riêng Huyện Đan Phượng Bán nhà riêng Huyện Đông Anh Bán nhà riêng Huyện Gia Lâm Bán nhà riêng Huyện Hoài Đức Bán nhà riêng Huyện Mê Linh Bán nhà riêng Huyện Mỹ Đức Bán nhà riêng Huyện Phú Xuyên Bán nhà riêng Huyện Phúc Thọ Bán nhà riêng Huyện Thạch Thất Bán nhà riêng Huyện Thanh Oai Bán nhà riêng Huyện Thanh Trì Bán nhà riêng Huyện Thường Tín Bán nhà riêng Huyện Ứng Hòa " DOMCldNum="17" DoC="8" FontSize="12" FontWeight="normal" FrameSourceIndex="0" ID="1-9" IsImg="false" LinkNum="30" LinkTextLen="835" ObjectRectHeight="356" ObjectRectLeft="0" ObjectRectTop="2253" ObjectRectWidth="1420" SRC="&lt;div xmlns=&quot;http://www.w3.org/1999/xhtml&quot; class=&quot;qh_qt_wrap&quot;&gt;   &lt;div class=&quot;tit3&quot;&gt;&lt;h3&gt;Bán nhà riêng theo Quận/Huyện tại Hà Nội&lt;/h3&gt;&lt;/div&gt;   &lt;ul&gt;       &lt;li class=&quot;qh_qt_item&quot;&gt;&lt;a href=&quot;https://kenhbds.vn/can-ban/nha-rieng-l5/ha-noi-t24/quan-hoan-kiem-q243&quot; title=&quot;Bán nhà riêng Quận Hoàn Kiếm&quot;&gt;Bán nhà riêng &lt;b&gt;Quận Hoàn Kiếm&lt;/b&gt;&lt;/a&gt;&lt;/li&gt;       &lt;li class=&quot;qh_qt_item&quot;&gt;&lt;a href=&quot;https://kenhbds.vn/can-ban/nha-rieng-l5/ha-noi-t24/quan-hai-ba-trung-q242&quot; title=&quot;Bán nhà riêng Quận Hai Bà Trưng&quot;&gt;Bán nhà riêng &lt;b&gt;Quận Hai Bà Trưng&lt;/b&gt;&lt;/a&gt;&lt;/li&gt;       &lt;li class=&quot;qh_qt_item&quot;&gt;&lt;a href=&quot;https://kenhbds.vn/can-ban/nha-rieng-l5/ha-noi-t24/quan-ba-dinh-q239&quot; title=&quot;Bán nhà riêng Quận Ba Đình&quot;&gt;Bán nhà riêng &lt;b&gt;Quận Ba Đình&lt;/b&gt;&lt;/a&gt;&lt;/li&gt;       &lt;li class=&quot;qh_qt_item&quot;&gt;&lt;a href=&quot;https://kenhbds.vn/can-ban/nha-rieng-l5/ha-noi-t24/quan-cau-giay-q240&quot; title=&quot;Bán nhà riêng Quận Cầu Giấy&quot;&gt;Bán nhà riêng &lt;b&gt;Quận Cầu Giấy&lt;/b&gt;&lt;/a&gt;&lt;/li&gt;       &lt;li class=&quot;qh_qt_item&quot;&gt;&lt;a href=&quot;https://kenhbds.vn/can-ban/nha-rieng-l5/ha-noi-t24/quan-dong-da-q241&quot; title=&quot;Bán nhà riêng Quận Đống Đa&quot;&gt;Bán nhà riêng &lt;b&gt;Quận Đống Đa&lt;/b&gt;&lt;/a&gt;&lt;/li&gt;       &lt;li class=&quot;qh_qt_item&quot;&gt;&lt;a href=&quot;https://kenhbds.vn/can-ban/nha-rieng-l5/ha-noi-t24/quan-tay-ho-q246&quot; title=&quot;Bán nhà riêng Quận Tây Hồ&quot;&gt;Bán nhà riêng &lt;b&gt;Quận Tây Hồ&lt;/b&gt;&lt;/a&gt;&lt;/li&gt;       &lt;li class=&quot;qh_qt_item&quot;&gt;&lt;a href=&quot;https://kenhbds.vn/can-ban/nha-rieng-l5/ha-noi-t24/quan-thanh-xuan-q247&quot; title=&quot;Bán nhà riêng Quận Thanh Xuân&quot;&gt;Bán nhà riêng &lt;b&gt;Quận Thanh Xuân&lt;/b&gt;&lt;/a&gt;&lt;/li&gt;       &lt;li class=&quot;qh_qt_item&quot;&gt;&lt;a href=&quot;https://kenhbds.vn/can-ban/nha-rieng-l5/ha-noi-t24/quan-ha-dong-q248&quot; title=&quot;Bán nhà riêng Quận Hà Đông&quot;&gt;Bán nhà riêng &lt;b&gt;Quận Hà Đông&lt;/b&gt;&lt;/a&gt;&lt;/li&gt;       &lt;li class=&quot;qh_qt_item&quot;&gt;&lt;a href=&quot;https://kenhbds.vn/can-ban/nha-rieng-l5/ha-noi-t24/quan-long-bien-q245&quot; title=&quot;Bán nhà riêng Quận Long Biên&quot;&gt;Bán nhà riêng &lt;b&gt;Quận Long Biên&lt;/b&gt;&lt;/a&gt;&lt;/li&gt;       &lt;li class=&quot;qh_qt_item&quot;&gt;&lt;a href=&quot;https://kenhbds.vn/can-ban/nha-rieng-l5/ha-noi-t24/quan-hoang-mai-q244&quot; title=&quot;Bán nhà riêng Quận Hoàng Mai&quot;&gt;Bán nhà riêng &lt;b&gt;Quận Hoàng Mai&lt;/b&gt;&lt;/a&gt;&lt;/li&gt;       &lt;li class=&quot;qh_qt_item&quot;&gt;&lt;a href=&quot;https://kenhbds.vn/can-ban/nha-rieng-l5/ha-noi-t24/quan-nam-tu-liem-q677&quot; title=&quot;Bán nhà riêng Quận Nam Từ Liêm&quot;&gt;Bán nhà riêng &lt;b&gt;Quận Nam Từ Liêm&lt;/b&gt;&lt;/a&gt;&lt;/li&gt;       &lt;li class=&quot;qh_qt_item&quot;&gt;&lt;a href=&quot;https://kenhbds.vn/can-ban/nha-rieng-l5/ha-noi-t24/quan-bac-tu-liem-q678&quot; title=&quot;Bán nhà riêng Quận Bắc Từ Liêm&quot;&gt;Bán nhà riêng &lt;b&gt;Quận Bắc Từ Liêm&lt;/b&gt;&lt;/a&gt;&lt;/li&gt;       &lt;li class=&quot;qh_qt_item&quot;&gt;&lt;a href=&quot;https://kenhbds.vn/can-ban/nha-rieng-l5/ha-noi-t24/tx-son-tay-q249&quot; title=&quot;Bán nhà riêng TX Sơn Tây&quot;&gt;Bán nhà riêng &lt;b&gt;TX Sơn Tây&lt;/b&gt;&lt;/a&gt;&lt;/li&gt;       &lt;li class=&quot;qh_qt_item&quot;&gt;&lt;a href=&quot;https://kenhbds.vn/can-ban/nha-rieng-l5/ha-noi-t24/huyen-soc-son-q680&quot; title=&quot;Bán nhà riêng Huyện Sóc Sơn&quot;&gt;Bán nhà riêng &lt;b&gt;Huyện Sóc Sơn&lt;/b&gt;&lt;/a&gt;&lt;/li&gt;       &lt;li class=&quot;qh_qt_item&quot;&gt;&lt;a href=&quot;https://kenhbds.vn/can-ban/nha-rieng-l5/ha-noi-t24/huyen-quoc-oai-q683&quot; title=&quot;Bán nhà riêng Huyện Quốc Oai&quot;&gt;Bán nhà riêng &lt;b&gt;Huyện Quốc Oai&lt;/b&gt;&lt;/a&gt;&lt;/li&gt;       &lt;li class=&quot;qh_qt_item&quot;&gt;&lt;a href=&quot;https://kenhbds.vn/can-ban/nha-rieng-l5/ha-noi-t24/huyen-ba-vi-q223&quot; title=&quot;Bán nhà riêng Huyện Ba Vì&quot;&gt;Bán nhà riêng &lt;b&gt;Huyện Ba Vì&lt;/b&gt;&lt;/a&gt;&lt;/li&gt;       &lt;li class=&quot;qh_qt_item&quot;&gt;&lt;a href=&quot;https://kenhbds.vn/can-ban/nha-rieng-l5/ha-noi-t24/huyen-chuong-my-q224&quot; title=&quot;Bán nhà riêng Huyện Chương Mỹ&quot;&gt;Bán nhà riêng &lt;b&gt;Huyện Chương Mỹ&lt;/b&gt;&lt;/a&gt;&lt;/li&gt;       &lt;li class=&quot;qh_qt_item&quot;&gt;&lt;a href=&quot;https://kenhbds.vn/can-ban/nha-rieng-l5/ha-noi-t24/huyen-dan-phuong-q225&quot; title=&quot;Bán nhà riêng Huyện Đan Phượng&quot;&gt;Bán nhà riêng &lt;b&gt;Huyện Đan Phượng&lt;/b&gt;&lt;/a&gt;&lt;/li&gt;       &lt;li class=&quot;qh_qt_item&quot;&gt;&lt;a href=&quot;https://kenhbds.vn/can-ban/nha-rieng-l5/ha-noi-t24/huyen-dong-anh-q226&quot; title=&quot;Bán nhà riêng Huyện Đông Anh&quot;&gt;Bán nhà riêng &lt;b&gt;Huyện Đông Anh&lt;/b&gt;&lt;/a&gt;&lt;/li&gt;       &lt;li class=&quot;qh_qt_item&quot;&gt;&lt;a href=&quot;https://kenhbds.vn/can-ban/nha-rieng-l5/ha-noi-t24/huyen-gia-lam-q227&quot; title=&quot;Bán nhà riêng Huyện Gia Lâm&quot;&gt;Bán nhà riêng &lt;b&gt;Huyện Gia Lâm&lt;/b&gt;&lt;/a&gt;&lt;/li&gt;       &lt;li class=&quot;qh_qt_item&quot;&gt;&lt;a href=&quot;https://kenhbds.vn/can-ban/nha-rieng-l5/ha-noi-t24/huyen-hoai-duc-q228&quot; title=&quot;Bán nhà riêng Huyện Hoài Đức&quot;&gt;Bán nhà riêng &lt;b&gt;Huyện Hoài Đức&lt;/b&gt;&lt;/a&gt;&lt;/li&gt;       &lt;li class=&quot;qh_qt_item&quot;&gt;&lt;a href=&quot;https://kenhbds.vn/can-ban/nha-rieng-l5/ha-noi-t24/huyen-me-linh-q229&quot; title=&quot;Bán nhà riêng Huyện Mê Linh&quot;&gt;Bán nhà riêng &lt;b&gt;Huyện Mê Linh&lt;/b&gt;&lt;/a&gt;&lt;/li&gt;       &lt;li class=&quot;qh_qt_item&quot;&gt;&lt;a href=&quot;https://kenhbds.vn/can-ban/nha-rieng-l5/ha-noi-t24/huyen-my-duc-q230&quot; title=&quot;Bán nhà riêng Huyện Mỹ Đức&quot;&gt;Bán nhà riêng &lt;b&gt;Huyện Mỹ Đức&lt;/b&gt;&lt;/a&gt;&lt;/li&gt;       &lt;li class=&quot;qh_qt_item&quot;&gt;&lt;a href=&quot;https://kenhbds.vn/can-ban/nha-rieng-l5/ha-noi-t24/huyen-phu-xuyen-q231&quot; title=&quot;Bán nhà riêng Huyện Phú Xuyên&quot;&gt;Bán nhà riêng &lt;b&gt;Huyện Phú Xuyên&lt;/b&gt;&lt;/a&gt;&lt;/li&gt;       &lt;li class=&quot;qh_qt_item&quot;&gt;&lt;a href=&quot;https://kenhbds.vn/can-ban/nha-rieng-l5/ha-noi-t24/huyen-phuc-tho-q232&quot; title=&quot;Bán nhà riêng Huyện Phúc Thọ&quot;&gt;Bán nhà riêng &lt;b&gt;Huyện Phúc Thọ&lt;/b&gt;&lt;/a&gt;&lt;/li&gt;       &lt;li class=&quot;qh_qt_item&quot;&gt;&lt;a href=&quot;https://kenhbds.vn/can-ban/nha-rieng-l5/ha-noi-t24/huyen-thach-that-q233&quot; title=&quot;Bán nhà riêng Huyện Thạch Thất&quot;&gt;Bán nhà riêng &lt;b&gt;Huyện Thạch Thất&lt;/b&gt;&lt;/a&gt;&lt;/li&gt;       &lt;li class=&quot;qh_qt_item&quot;&gt;&lt;a href=&quot;https://kenhbds.vn/can-ban/nha-rieng-l5/ha-noi-t24/huyen-thanh-oai-q234&quot; title=&quot;Bán nhà riêng Huyện Thanh Oai&quot;&gt;Bán nhà riêng &lt;b&gt;Huyện Thanh Oai&lt;/b&gt;&lt;/a&gt;&lt;/li&gt;       &lt;li class=&quot;qh_qt_item&quot;&gt;&lt;a href=&quot;https://kenhbds.vn/can-ban/nha-rieng-l5/ha-noi-t24/huyen-thanh-tri-q235&quot; title=&quot;Bán nhà riêng Huyện Thanh Trì&quot;&gt;Bán nhà riêng &lt;b&gt;Huyện Thanh Trì&lt;/b&gt;&lt;/a&gt;&lt;/li&gt;       &lt;li class=&quot;qh_qt_item&quot;&gt;&lt;a href=&quot;https://kenhbds.vn/can-ban/nha-rieng-l5/ha-noi-t24/huyen-thuong-tin-q236&quot; title=&quot;Bán nhà riêng Huyện Thường Tín&quot;&gt;Bán nhà riêng &lt;b&gt;Huyện Thường Tín&lt;/b&gt;&lt;/a&gt;&lt;/li&gt;       &lt;li class=&quot;qh_qt_item&quot;&gt;&lt;a href=&quot;https://kenhbds.vn/can-ban/nha-rieng-l5/ha-noi-t24/huyen-ung-hoa-q238&quot; title=&quot;Bán nhà riêng Huyện Ứng Hòa&quot;&gt;Bán nhà riêng &lt;b&gt;Huyện Ứng Hòa&lt;/b&gt;&lt;/a&gt;&lt;/li&gt;      &lt;/ul&gt;   &lt;div class=&quot;clear&quot;/&gt;  &lt;/div&gt;" SourceIndex="1547" TextLen="875" order="26" xPath="/#document/html/body/div[1]/div[3]/div[7]/div[2]/div"/>
<LayoutNode BgColor="#05a8bb" ContainImg="0" ContainP="0" ContainTable="false" Content="Nhà đất Hà Nội Nhà đất TPHCM Nhà đất Đà Nẵng Nhà đất Hải Phòng Nhà đất Bình Dương Nhà đất Cần Thơ Nhà đất Đồng Nai Nhà đất Bắc Ninh Nhà đất Vĩnh Phúc Nhà đất Hải Dương Nhà đất Phú Thọ Nhà đất Thừa Thiên Huế Nhà đất Thanh Hóa Nhà đất Khánh Hòa Nhà đất An Giang Nhà đất Bà Rịa Vũng Tàu Nhà đất Bình Phước Nhà đất Bình Thuận Nhà đất Bình Định Nhà đất Bạc Liêu Nhà đất Bắc Giang Nhà đất Bắc Kạn Nhà đất Bến Tre Nhà đất Cao Bằng Nhà đất Cà Mau Nhà đất Đắk Lắk Nhà đất Đắk Nông Nhà đất Điện Biên Nhà đất Đồng Tháp Nhà đất Gia Lai Nhà đất Hà Giang Nhà đất Hà Nam Nhà đất Hà Tĩnh Nhà đất Hậu Giang Nhà đất Hòa Bình Nhà đất Hưng Yên Nhà đất Kiên Giang Nhà đất Kon Tum Nhà đất Lai Châu Nhà đất Lạng Sơn Nhà đất Lào Cai Nhà đất Lâm Đồng Nhà đất Long An Nhà đất Nam Định Nhà đất Nghệ An Nhà đất Ninh Bình Nhà đất Ninh Thuận Nhà đất Phú Yên Nhà đất Quảng Bình Nhà đất Quảng Nam Nhà đất Quảng Ngãi Nhà đất Quảng Ninh Nhà đất Quảng Trị Nhà đất Sóc Trăng Nhà đất Sơn La Nhà đất Tây Ninh Nhà đất Thái Bình Nhà đất Thái Nguyên Nhà đất Tiền Giang Nhà đất Trà Vinh Nhà đất Tuyên Quang Nhà đất Vĩnh Long Nhà đất Yên Bái " DOMCldNum="72" DoC="8" FontSize="12" FontWeight="normal" FrameSourceIndex="0" ID="1-10" IsImg="false" LinkNum="63" LinkTextLen="1036" ObjectRectHeight="209" ObjectRectLeft="0" ObjectRectTop="2647" ObjectRectWidth="1420" SRC="&lt;div xmlns=&quot;http://www.w3.org/1999/xhtml&quot; class=&quot;footer0&quot;&gt;   &lt;ul&gt;    &lt;li&gt;&lt;a href=&quot;https://kenhbds.vn/can-ban/ha-noi-t24&quot;&gt;Nhà đất &lt;b&gt;Hà Nội&lt;/b&gt;&lt;/a&gt;&lt;/li&gt;    &lt;li&gt;&lt;a href=&quot;https://kenhbds.vn/can-ban/tphcm-t58&quot;&gt;Nhà đất &lt;b&gt;TPHCM&lt;/b&gt;&lt;/a&gt;&lt;/li&gt;    &lt;li&gt;&lt;a href=&quot;https://kenhbds.vn/can-ban/da-nang-t15&quot;&gt;Nhà đất &lt;b&gt;Đà Nẵng&lt;/b&gt;&lt;/a&gt;&lt;/li&gt;    &lt;li&gt;&lt;a href=&quot;https://kenhbds.vn/can-ban/hai-phong-t27&quot;&gt;Nhà đất &lt;b&gt;Hải Phòng&lt;/b&gt;&lt;/a&gt;&lt;/li&gt;    &lt;li&gt;&lt;a href=&quot;https://kenhbds.vn/can-ban/binh-duong-t3&quot;&gt;Nhà đất &lt;b&gt;Bình Dương&lt;/b&gt;&lt;/a&gt;&lt;/li&gt;    &lt;li&gt;&lt;a href=&quot;https://kenhbds.vn/can-ban/can-tho-t14&quot;&gt;Nhà đất &lt;b&gt;Cần Thơ&lt;/b&gt;&lt;/a&gt;&lt;/li&gt;    &lt;li&gt;&lt;a href=&quot;https://kenhbds.vn/can-ban/dong-nai-t19&quot;&gt;Nhà đất &lt;b&gt;Đồng Nai&lt;/b&gt;&lt;/a&gt;&lt;/li&gt;    &lt;li&gt;&lt;a href=&quot;https://kenhbds.vn/can-ban/bac-ninh-t10&quot;&gt;Nhà đất &lt;b&gt;Bắc Ninh&lt;/b&gt;&lt;/a&gt;&lt;/li&gt;    &lt;li&gt;&lt;a href=&quot;https://kenhbds.vn/can-ban/vinh-phuc-t62&quot;&gt;Nhà đất &lt;b&gt;Vĩnh Phúc&lt;/b&gt;&lt;/a&gt;&lt;/li&gt;    &lt;li&gt;&lt;a href=&quot;https://kenhbds.vn/can-ban/hai-duong-t26&quot;&gt;Nhà đất &lt;b&gt;Hải Dương&lt;/b&gt;&lt;/a&gt;&lt;/li&gt;    &lt;li&gt;&lt;a href=&quot;https://kenhbds.vn/can-ban/phu-tho-t43&quot;&gt;Nhà đất &lt;b&gt;Phú Thọ&lt;/b&gt;&lt;/a&gt;&lt;/li&gt;    &lt;li&gt;&lt;a href=&quot;https://kenhbds.vn/can-ban/thua-thien-hue-t56&quot;&gt;Nhà đất &lt;b&gt;Thừa Thiên Huế&lt;/b&gt;&lt;/a&gt;&lt;/li&gt;    &lt;li&gt;&lt;a href=&quot;https://kenhbds.vn/can-ban/thanh-hoa-t55&quot;&gt;Nhà đất &lt;b&gt;Thanh Hóa&lt;/b&gt;&lt;/a&gt;&lt;/li&gt;    &lt;li&gt;&lt;a href=&quot;https://kenhbds.vn/can-ban/khanh-hoa-t31&quot;&gt;Nhà đất &lt;b&gt;Khánh Hòa&lt;/b&gt;&lt;/a&gt;&lt;/li&gt;    &lt;li&gt;&lt;a href=&quot;https://kenhbds.vn/can-ban/an-giang-t1&quot;&gt;Nhà đất &lt;b&gt;An Giang&lt;/b&gt;&lt;/a&gt;&lt;/li&gt;    &lt;li&gt;&lt;a href=&quot;https://kenhbds.vn/can-ban/ba-ria-vung-tau-t2&quot;&gt;Nhà đất &lt;b&gt;Bà Rịa Vũng Tàu&lt;/b&gt;&lt;/a&gt;&lt;/li&gt;    &lt;li&gt;&lt;a href=&quot;https://kenhbds.vn/can-ban/binh-phuoc-t4&quot;&gt;Nhà đất &lt;b&gt;Bình Phước&lt;/b&gt;&lt;/a&gt;&lt;/li&gt;    &lt;li&gt;&lt;a href=&quot;https://kenhbds.vn/can-ban/binh-thuan-t5&quot;&gt;Nhà đất &lt;b&gt;Bình Thuận&lt;/b&gt;&lt;/a&gt;&lt;/li&gt;    &lt;li&gt;&lt;a href=&quot;https://kenhbds.vn/can-ban/binh-dinh-t6&quot;&gt;Nhà đất &lt;b&gt;Bình Định&lt;/b&gt;&lt;/a&gt;&lt;/li&gt;    &lt;li&gt;&lt;a href=&quot;https://kenhbds.vn/can-ban/bac-lieu-t7&quot;&gt;Nhà đất &lt;b&gt;Bạc Liêu&lt;/b&gt;&lt;/a&gt;&lt;/li&gt;    &lt;li&gt;&lt;a href=&quot;https://kenhbds.vn/can-ban/bac-giang-t8&quot;&gt;Nhà đất &lt;b&gt;Bắc Giang&lt;/b&gt;&lt;/a&gt;&lt;/li&gt;    &lt;li&gt;&lt;a href=&quot;https://kenhbds.vn/can-ban/bac-kan-t9&quot;&gt;Nhà đất &lt;b&gt;Bắc Kạn&lt;/b&gt;&lt;/a&gt;&lt;/li&gt;    &lt;li&gt;&lt;a href=&quot;https://kenhbds.vn/can-ban/ben-tre-t11&quot;&gt;Nhà đất &lt;b&gt;Bến Tre&lt;/b&gt;&lt;/a&gt;&lt;/li&gt;    &lt;li&gt;&lt;a href=&quot;https://kenhbds.vn/can-ban/cao-bang-t12&quot;&gt;Nhà đất &lt;b&gt;Cao Bằng&lt;/b&gt;&lt;/a&gt;&lt;/li&gt;    &lt;li&gt;&lt;a href=&quot;https://kenhbds.vn/can-ban/ca-mau-t13&quot;&gt;Nhà đất &lt;b&gt;Cà Mau&lt;/b&gt;&lt;/a&gt;&lt;/li&gt;    &lt;li&gt;&lt;a href=&quot;https://kenhbds.vn/can-ban/dak-lak-t16&quot;&gt;Nhà đất &lt;b&gt;Đắk Lắk&lt;/b&gt;&lt;/a&gt;&lt;/li&gt;    &lt;li&gt;&lt;a href=&quot;https://kenhbds.vn/can-ban/dak-nong-t17&quot;&gt;Nhà đất &lt;b&gt;Đắk Nông&lt;/b&gt;&lt;/a&gt;&lt;/li&gt;    &lt;li&gt;&lt;a href=&quot;https://kenhbds.vn/can-ban/dien-bien-t18&quot;&gt;Nhà đất &lt;b&gt;Điện Biên&lt;/b&gt;&lt;/a&gt;&lt;/li&gt;    &lt;li&gt;&lt;a href=&quot;https://kenhbds.vn/can-ban/dong-thap-t20&quot;&gt;Nhà đất &lt;b&gt;Đồng Tháp&lt;/b&gt;&lt;/a&gt;&lt;/li&gt;    &lt;li&gt;&lt;a href=&quot;https://kenhbds.vn/can-ban/gia-lai-t21&quot;&gt;Nhà đất &lt;b&gt;Gia Lai&lt;/b&gt;&lt;/a&gt;&lt;/li&gt;    &lt;li&gt;&lt;a href=&quot;https://kenhbds.vn/can-ban/ha-giang-t22&quot;&gt;Nhà đất &lt;b&gt;Hà Giang&lt;/b&gt;&lt;/a&gt;&lt;/li&gt;    &lt;li&gt;&lt;a href=&quot;https://kenhbds.vn/can-ban/ha-nam-t23&quot;&gt;Nhà đất &lt;b&gt;Hà Nam&lt;/b&gt;&lt;/a&gt;&lt;/li&gt;    &lt;li&gt;&lt;a href=&quot;https://kenhbds.vn/can-ban/ha-tinh-t25&quot;&gt;Nhà đất &lt;b&gt;Hà Tĩnh&lt;/b&gt;&lt;/a&gt;&lt;/li&gt;    &lt;li&gt;&lt;a href=&quot;https://kenhbds.vn/can-ban/hau-giang-t28&quot;&gt;Nhà đất &lt;b&gt;Hậu Giang&lt;/b&gt;&lt;/a&gt;&lt;/li&gt;    &lt;li&gt;&lt;a href=&quot;https://kenhbds.vn/can-ban/hoa-binh-t29&quot;&gt;Nhà đất &lt;b&gt;Hòa Bình&lt;/b&gt;&lt;/a&gt;&lt;/li&gt;    &lt;li&gt;&lt;a href=&quot;https://kenhbds.vn/can-ban/hung-yen-t30&quot;&gt;Nhà đất &lt;b&gt;Hưng Yên&lt;/b&gt;&lt;/a&gt;&lt;/li&gt;    &lt;li&gt;&lt;a href=&quot;https://kenhbds.vn/can-ban/kien-giang-t32&quot;&gt;Nhà đất &lt;b&gt;Kiên Giang&lt;/b&gt;&lt;/a&gt;&lt;/li&gt;    &lt;li&gt;&lt;a href=&quot;https://kenhbds.vn/can-ban/kon-tum-t33&quot;&gt;Nhà đất &lt;b&gt;Kon Tum&lt;/b&gt;&lt;/a&gt;&lt;/li&gt;    &lt;li&gt;&lt;a href=&quot;https://kenhbds.vn/can-ban/lai-chau-t34&quot;&gt;Nhà đất &lt;b&gt;Lai Châu&lt;/b&gt;&lt;/a&gt;&lt;/li&gt;    &lt;li&gt;&lt;a href=&quot;https://kenhbds.vn/can-ban/lang-son-t35&quot;&gt;Nhà đất &lt;b&gt;Lạng Sơn&lt;/b&gt;&lt;/a&gt;&lt;/li&gt;    &lt;li&gt;&lt;a href=&quot;https://kenhbds.vn/can-ban/lao-cai-t36&quot;&gt;Nhà đất &lt;b&gt;Lào Cai&lt;/b&gt;&lt;/a&gt;&lt;/li&gt;    &lt;li&gt;&lt;a href=&quot;https://kenhbds.vn/can-ban/lam-dong-t37&quot;&gt;Nhà đất &lt;b&gt;Lâm Đồng&lt;/b&gt;&lt;/a&gt;&lt;/li&gt;    &lt;li&gt;&lt;a href=&quot;https://kenhbds.vn/can-ban/long-an-t38&quot;&gt;Nhà đất &lt;b&gt;Long An&lt;/b&gt;&lt;/a&gt;&lt;/li&gt;    &lt;li&gt;&lt;a href=&quot;https://kenhbds.vn/can-ban/nam-dinh-t39&quot;&gt;Nhà đất &lt;b&gt;Nam Định&lt;/b&gt;&lt;/a&gt;&lt;/li&gt;    &lt;li&gt;&lt;a href=&quot;https://kenhbds.vn/can-ban/nghe-an-t40&quot;&gt;Nhà đất &lt;b&gt;Nghệ An&lt;/b&gt;&lt;/a&gt;&lt;/li&gt;    &lt;li&gt;&lt;a href=&quot;https://kenhbds.vn/can-ban/ninh-binh-t41&quot;&gt;Nhà đất &lt;b&gt;Ninh Bình&lt;/b&gt;&lt;/a&gt;&lt;/li&gt;    &lt;li&gt;&lt;a href=&quot;https://kenhbds.vn/can-ban/ninh-thuan-t42&quot;&gt;Nhà đất &lt;b&gt;Ninh Thuận&lt;/b&gt;&lt;/a&gt;&lt;/li&gt;    &lt;li&gt;&lt;a href=&quot;https://kenhbds.vn/can-ban/phu-yen-t44&quot;&gt;Nhà đất &lt;b&gt;Phú Yên&lt;/b&gt;&lt;/a&gt;&lt;/li&gt;    &lt;li&gt;&lt;a href=&quot;https://kenhbds.vn/can-ban/quang-binh-t45&quot;&gt;Nhà đất &lt;b&gt;Quảng Bình&lt;/b&gt;&lt;/a&gt;&lt;/li&gt;    &lt;li&gt;&lt;a href=&quot;https://kenhbds.vn/can-ban/quang-nam-t46&quot;&gt;Nhà đất &lt;b&gt;Quảng Nam&lt;/b&gt;&lt;/a&gt;&lt;/li&gt;    &lt;li&gt;&lt;a href=&quot;https://kenhbds.vn/can-ban/quang-ngai-t47&quot;&gt;Nhà đất &lt;b&gt;Quảng Ngãi&lt;/b&gt;&lt;/a&gt;&lt;/li&gt;    &lt;li&gt;&lt;a href=&quot;https://kenhbds.vn/can-ban/quang-ninh-t48&quot;&gt;Nhà đất &lt;b&gt;Quảng Ninh&lt;/b&gt;&lt;/a&gt;&lt;/li&gt;    &lt;li&gt;&lt;a href=&quot;https://kenhbds.vn/can-ban/quang-tri-t49&quot;&gt;Nhà đất &lt;b&gt;Quảng Trị&lt;/b&gt;&lt;/a&gt;&lt;/li&gt;    &lt;li&gt;&lt;a href=&quot;https://kenhbds.vn/can-ban/soc-trang-t50&quot;&gt;Nhà đất &lt;b&gt;Sóc Trăng&lt;/b&gt;&lt;/a&gt;&lt;/li&gt;    &lt;li&gt;&lt;a href=&quot;https://kenhbds.vn/can-ban/son-la-t51&quot;&gt;Nhà đất &lt;b&gt;Sơn La&lt;/b&gt;&lt;/a&gt;&lt;/li&gt;    &lt;li&gt;&lt;a href=&quot;https://kenhbds.vn/can-ban/tay-ninh-t52&quot;&gt;Nhà đất &lt;b&gt;Tây Ninh&lt;/b&gt;&lt;/a&gt;&lt;/li&gt;    &lt;li&gt;&lt;a href=&quot;https://kenhbds.vn/can-ban/thai-binh-t53&quot;&gt;Nhà đất &lt;b&gt;Thái Bình&lt;/b&gt;&lt;/a&gt;&lt;/li&gt;    &lt;li&gt;&lt;a href=&quot;https://kenhbds.vn/can-ban/thai-nguyen-t54&quot;&gt;Nhà đất &lt;b&gt;Thái Nguyên&lt;/b&gt;&lt;/a&gt;&lt;/li&gt;    &lt;li&gt;&lt;a href=&quot;https://kenhbds.vn/can-ban/tien-giang-t57&quot;&gt;Nhà đất &lt;b&gt;Tiền Giang&lt;/b&gt;&lt;/a&gt;&lt;/li&gt;    &lt;li&gt;&lt;a href=&quot;https://kenhbds.vn/can-ban/tra-vinh-t59&quot;&gt;Nhà đất &lt;b&gt;Trà Vinh&lt;/b&gt;&lt;/a&gt;&lt;/li&gt;    &lt;li&gt;&lt;a href=&quot;https://kenhbds.vn/can-ban/tuyen-quang-t60&quot;&gt;Nhà đất &lt;b&gt;Tuyên Quang&lt;/b&gt;&lt;/a&gt;&lt;/li&gt;    &lt;li&gt;&lt;a href=&quot;https://kenhbds.vn/can-ban/vinh-long-t61&quot;&gt;Nhà đất &lt;b&gt;Vĩnh Long&lt;/b&gt;&lt;/a&gt;&lt;/li&gt;    &lt;li&gt;&lt;a href=&quot;https://kenhbds.vn/can-ban/yen-bai-t63&quot;&gt;Nhà đất &lt;b&gt;Yên Bái&lt;/b&gt;&lt;/a&gt;&lt;/li&gt;   &lt;/ul&gt;  &lt;div class=&quot;clear&quot;/&gt; &lt;/div&gt;" SourceIndex="2443" TextLen="1036" order="27" xPath="/#document/html/body/div[1]/div[9]/div[1]/div"/>
<LayoutNode BgColor="#ecf1f5" ContainImg="1" ContainP="0" ContainTable="false" Content="Giới thiệu | Hỗ trợ đăng tin &amp; bảng giá dịch vụ | Quyền lợi tin đăng | Quy chế hoạt động | Giải quyết tranh chấp | Điều khoản thỏa thuận | Liên hệ | Phiên bản Mobile " DOMCldNum="72" DoC="5" FontSize="12" FontWeight="normal" FrameSourceIndex="0" ID="1-11" IsImg="false" LinkNum="8" LinkTextLen="145" ObjectRectHeight="17" ObjectRectLeft="0" ObjectRectTop="2885" ObjectRectWidth="1420" SRC="&lt;div xmlns=&quot;http://www.w3.org/1999/xhtml&quot; class=&quot;footer1&quot;&gt;      &lt;a href=&quot;https://kenhbds.vn/gioi-thieu.html&quot; rel=&quot;nofollow&quot;&gt;Giới thiệu&lt;/a&gt;      | &lt;a href=&quot;https://kenhbds.vn/ho-tro-dang-tin.html&quot; rel=&quot;nofollow&quot;&gt;Hỗ trợ đăng tin &amp; bảng giá dịch vụ&lt;/a&gt;      | &lt;a href=&quot;https://kenhbds.vn/quyen-loi-tin-dang.html&quot; rel=&quot;nofollow&quot;&gt;Quyền lợi tin đăng&lt;/a&gt;      | &lt;a href=&quot;https://kenhbds.vn/quy-che-hoat-dong.html&quot; rel=&quot;nofollow&quot;&gt;Quy chế hoạt động&lt;/a&gt;   | &lt;a href=&quot;https://kenhbds.vn/giai-quyet-tranh-chap.html&quot; rel=&quot;nofollow&quot;&gt;Giải quyết tranh chấp&lt;/a&gt;      | &lt;a href=&quot;https://kenhbds.vn/dieu-khoan-thoa-thuan.html&quot; rel=&quot;nofollow&quot;&gt;Điều khoản thỏa thuận&lt;/a&gt;   | &lt;a href=&quot;https://kenhbds.vn/lien-he.html&quot; rel=&quot;nofollow&quot;&gt;Liên hệ&lt;/a&gt;      | &lt;a class=&quot;v_mobile&quot; href=&quot;https://m.kenhbds.vn&quot;&gt;&lt;img alt=&quot;Kenhbds.vn phiên bản mobile&quot; src=&quot;https://kenhbds.vn/media2016/css/images/mobile.png&quot;/&gt; Phiên bản Mobile&lt;/a&gt;   &lt;/div&gt;" SourceIndex="2829" TextLen="166" order="28" xPath="/#document/html/body/div[1]/div[10]/div[7]/a[1]/#text"/>
<LayoutNode BgColor="#ffffff" ContainImg="1" ContainP="0" ContainTable="false" Content="Copyright © 2011 - 2020 Kenhbds.vn. ® Ghi rõ nguồn &quot;Kenhbds.vn&quot; khi phát hành lại thông tin từ website này.Công ty Cổ phần truyền thông trực tuyến Skyroad Việt NamGiấy chứng nhận ĐKKD số 0106699324 do Sở Kế hoạch &amp; Đầu tư TP.Hà Nội cấp Địa chỉ: Số 185, phố Bế Văn Đàn, Quận Hà Đông, Hà Nội Hotline: 0931.20.12.86 - 097.293.7670  Email: contact@kenhbds.vn  Q.cáo Textlink: căn hộ royal park riverside - - https://khuongthuanland.com - https://nhadatnamlong.com.vn " DOMCldNum="21" DoC="5" FontSize="12" FontWeight="normal" FrameSourceIndex="0" ID="1-12" IsImg="false" LinkNum="6" LinkTextLen="120" ObjectRectHeight="213" ObjectRectLeft="0" ObjectRectTop="2918" ObjectRectWidth="1420" SRC="Copyright © 2011 - 2020 Kenhbds.vn. ® Ghi rõ nguồn &quot;Kenhbds.vn&quot; khi phát hành lại thông tin từ website này.Công ty Cổ phần truyền thông trực tuyến Skyroad Việt NamGiấy chứng nhận ĐKKD số 0106699324 do Sở Kế hoạch &amp; Đầu tư TP.Hà Nội cấpĐịa chỉ: Số 185, phố Bế Văn Đàn, Quận Hà Đông, Hà NộiHotline: 0931.20.12.86 - 097.293.7670  Email: contact@kenhbds.vn &lt;div xmlns=&quot;http://www.w3.org/1999/xhtml&quot;&gt; &lt;a href=&quot;http://online.gov.vn/HomePage/WebsiteDisplay.aspx?DocId=25664&quot; rel=&quot;nofollow&quot; target=&quot;_blank&quot;&gt;&lt;img alt=&quot;Đăng ký BCT&quot; height=&quot;84&quot; src=&quot;https://kenhbds.vn/media2016/images/dk_bct.png&quot; width=&quot;223&quot;/&gt;&lt;/a&gt; &lt;/div&gt;&lt;div xmlns=&quot;http://www.w3.org/1999/xhtml&quot; class=&quot;text_link_top&quot; style=&quot;margin-bottom:8px;padding:0px 4px;&quot;&gt;  &lt;label&gt;Q.cáo Textlink:&lt;/label&gt;  &lt;a href=&quot;https://datsaithanh.vn/thong-tin-chi-tiet-du-an-royal-park-riverside-quan-8-tu-chu-dau-tu&quot; rel=&quot;dofollow&quot; target=&quot;_blank&quot;&gt;căn hộ royal park riverside&lt;/a&gt; -  &lt;a href=&quot;https://royalparkriverside.vn&quot; rel=&quot;dofollow&quot; target=&quot;_blank&quot;&gt;royal park riverside&lt;/a&gt; -           &lt;a href=&quot;https://khuongthuanland.com&quot; rel=&quot;dofollow&quot; target=&quot;_blank&quot;&gt;https://khuongthuanland.com&lt;/a&gt; -        &lt;a href=&quot;https://nhadatnamlong.com.vn&quot; rel=&quot;dofollow&quot; target=&quot;_blank&quot;&gt;https://nhadatnamlong.com.vn&lt;/a&gt;        &lt;/div&gt;" SourceIndex="0;2882;2888" TextLen="480" order="29" xPath="/XPspan[0]/#text"/>
</LayoutNode>
</VIPSPage>
