<VIPSPage PageRectHeight="980" PageRectLeft="0" PageRectTop="0" PageRectWidth="1420" PageTitle="20m RA PHỐ,PHỐ LÒ ĐÚC,TẦM TRÊN 3 TỶ HIẾM NHÀ BÁN!" Url="https://bannha.net/Nha-dat/20m-ra-phopho-lo-ductam-tren-3-ty-hiem-nha-ban" WindowHeight="980" WindowWidth="1420" neworder="0" order="0">
<LayoutNode BgColor="#ffffff" ContainImg="25" ContainP="7" ContainTable="false" DOMCldNum="3" DoC="1" FontSize="14" FontWeight="400" FrameSourceIndex="0" ID="1" IsImg="false" LinkNum="102" LinkTextLen="1368" ObjectRectHeight="6632" ObjectRectLeft="0" ObjectRectTop="0" ObjectRectWidth="1420" SourceIndex="392" TextLen="5210" order="1">
<LayoutNode BgColor="#ffffff" ContainImg="1" ContainP="0" ContainTable="false" Content="Hơn 3450 Tin đăng Đăng tin miễn phí " DOMCldNum="3" DoC="8" FontSize="14" FontWeight="400" FrameSourceIndex="0" ID="1-1" IsImg="false" LinkNum="2" LinkTextLen="18" ObjectRectHeight="136" ObjectRectLeft="0" ObjectRectTop="0" ObjectRectWidth="1420" SRC="&lt;div class=&quot;container&quot;&gt;                                    &lt;h2 class=&quot;site-logo&quot;&gt;                        &lt;a href=&quot;https://bannha.net/&quot; rel=&quot;home&quot;&gt;                            &lt;img alt=&quot;Mua bán nhà đất TPHCM&quot; src=&quot;https://bannha.net/wp-content/uploads/bfi_thumb/logo_thudo2-o4gu328lz56ymah8de9d1ik6zfv69nq4i6cmpwixvk.jpg&quot;/&gt;                        &lt;/a&gt;                    &lt;/h2&gt;                                &lt;ul class=&quot;site-stats&quot;&gt;                    &lt;li&gt;Hơn &lt;strong&gt;3450&lt;/strong&gt; Tin đăng&lt;/li&gt;                &lt;/ul&gt;                                    &lt;a class=&quot;site-login&quot; data-toggle=&quot;modal&quot; href=&quot;#modal-login&quot;&gt;&lt;i class=&quot;ion-compose&quot;/&gt;&lt;span class=&quot;text&quot;&gt;Đăng tin miễn phí&lt;/span&gt;&lt;/a&gt;                                &lt;div class=&quot;site-search&quot;&gt;&lt;form action=&quot;https://bannha.net&quot; class=&quot;form-search&quot; method=&quot;GET&quot;&gt; &lt;div class=&quot;input-group&quot;&gt;  &lt;input class=&quot;form-control&quot; name=&quot;s&quot; placeholder=&quot;Nhập từ khóa bạn muốn tìm&quot; type=&quot;text&quot;/&gt;  &lt;span class=&quot;input-group-btn&quot;&gt;   &lt;button class=&quot;btn&quot; type=&quot;submit&quot;&gt;&lt;i class=&quot;ion-search&quot;/&gt;&lt;/button&gt;  &lt;/span&gt; &lt;/div&gt;&lt;/form&gt;&lt;/div&gt;            &lt;/div&gt;" SourceIndex="394" TextLen="36" order="2" xPath="/XPspan"/>
<LayoutNode BgColor="#cd110a" ContainImg="0" ContainP="0" ContainTable="false" Content="Thành viên12253 Tin đăng Trang chủ TPHCM Quận 1 Quận 2 Quận 3 Quận 4 Quận 5 Quận 6 Quận 7 Quận 8 Quận 9 Quận 10 Quận 11 Quận 12 Quận Gò Vấp Quận Bình Thạnh Quận Tân Bình Quận Tân Phú Quận Phú Nhuận Quận Bình Tân Huyện Củ Chi Huyện Hóc Môn Huyện Bình Chánh Huyện Nhà Bè Huyện Cần Giờ HÀ NỘI Quận Hoàn Kiếm Quận Ba Đình Quận Bắc Từ Liêm Quận Nam Từ Liêm Quận Hai Bà Trưng Quận Cầu Giấy Quận Tây Hồ Quận Thanh Xuân Quận Long Biên Quận Hà Đông Quận Đống Đa Quận Hoàng Mai Dự án Tin tức Tin tức nhà đất Thị trường bất động sản Kiến Thức Hỗ trợ Liên hệ " DOMCldNum="5" DoC="8" FontSize="14" FontWeight="400" FrameSourceIndex="0" ID="1-2" IsImg="false" LinkNum="7" LinkTextLen="45" ObjectRectHeight="40" ObjectRectLeft="0" ObjectRectTop="146" ObjectRectWidth="1420" SRC="&lt;nav class=&quot;site-nav navbar-toggleable-md&quot;&gt;            &lt;div class=&quot;container&quot;&gt;                &lt;div class=&quot;mm-toggle&quot;&gt;                    &lt;i class=&quot;icon-menu&quot;/&gt;                &lt;/div&gt;                &lt;ul class=&quot;site-stats&quot;&gt;                    &lt;li&gt;Thành viên&lt;br/&gt;&lt;strong&gt;12253&lt;/strong&gt;&lt;/li&gt;                    &lt;li&gt;Tin đăng&lt;br/&gt;&lt;strong/&gt;&lt;/li&gt;                &lt;/ul&gt;                &lt;div class=&quot;collapse navbar-collapse&quot; id=&quot;site-nav&quot;&gt;                    &lt;ul class=&quot;menu&quot; id=&quot;menu-footer-menu-1&quot;&gt;&lt;li class=&quot;menu-item menu-item-type-custom menu-item-object-custom menu-item-94062&quot;&gt;&lt;a href=&quot;/&quot;&gt;Trang chủ&lt;/a&gt;&lt;/li&gt;&lt;li class=&quot;menu-item menu-item-type-taxonomy menu-item-object-property_city menu-item-has-children menu-item-94065&quot;&gt;&lt;a href=&quot;https://bannha.net/mua-ban-nha-dat/tphcm&quot;&gt;TPHCM&lt;/a&gt;&lt;ul class=&quot;sub-menu&quot;&gt; &lt;li class=&quot;menu-item menu-item-type-taxonomy menu-item-object-property_city menu-item-94014&quot;&gt;&lt;a href=&quot;https://bannha.net/mua-ban-nha-dat/quan-1&quot;&gt;Quận 1&lt;/a&gt;&lt;/li&gt; &lt;li class=&quot;menu-item menu-item-type-taxonomy menu-item-object-property_city menu-item-94019&quot;&gt;&lt;a href=&quot;https://bannha.net/mua-ban-nha-dat/quan-2&quot;&gt;Quận 2&lt;/a&gt;&lt;/li&gt; &lt;li class=&quot;menu-item menu-item-type-taxonomy menu-item-object-property_city menu-item-94013&quot;&gt;&lt;a href=&quot;https://bannha.net/mua-ban-nha-dat/quan-3&quot;&gt;Quận 3&lt;/a&gt;&lt;/li&gt; &lt;li class=&quot;menu-item menu-item-type-taxonomy menu-item-object-property_city menu-item-94020&quot;&gt;&lt;a href=&quot;https://bannha.net/mua-ban-nha-dat/quan-4&quot;&gt;Quận 4&lt;/a&gt;&lt;/li&gt; &lt;li class=&quot;menu-item menu-item-type-taxonomy menu-item-object-property_city menu-item-94017&quot;&gt;&lt;a href=&quot;https://bannha.net/mua-ban-nha-dat/quan-5&quot;&gt;Quận 5&lt;/a&gt;&lt;/li&gt; &lt;li class=&quot;menu-item menu-item-type-taxonomy menu-item-object-property_city menu-item-94021&quot;&gt;&lt;a href=&quot;https://bannha.net/mua-ban-nha-dat/quan-6&quot;&gt;Quận 6&lt;/a&gt;&lt;/li&gt; &lt;li class=&quot;menu-item menu-item-type-taxonomy menu-item-object-property_city menu-item-94022&quot;&gt;&lt;a href=&quot;https://bannha.net/mua-ban-nha-dat/quan-7&quot;&gt;Quận 7&lt;/a&gt;&lt;/li&gt; &lt;li class=&quot;menu-item menu-item-type-taxonomy menu-item-object-property_city menu-item-94023&quot;&gt;&lt;a href=&quot;https://bannha.net/mua-ban-nha-dat/quan-8&quot;&gt;Quận 8&lt;/a&gt;&lt;/li&gt; &lt;li class=&quot;menu-item menu-item-type-taxonomy menu-item-object-property_city menu-item-94024&quot;&gt;&lt;a href=&quot;https://bannha.net/mua-ban-nha-dat/quan-9&quot;&gt;Quận 9&lt;/a&gt;&lt;/li&gt; &lt;li class=&quot;menu-item menu-item-type-taxonomy menu-item-object-property_city menu-item-94015&quot;&gt;&lt;a href=&quot;https://bannha.net/mua-ban-nha-dat/quan-10&quot;&gt;Quận 10&lt;/a&gt;&lt;/li&gt; &lt;li class=&quot;menu-item menu-item-type-taxonomy menu-item-object-property_city menu-item-94018&quot;&gt;&lt;a href=&quot;https://bannha.net/mua-ban-nha-dat/quan-11&quot;&gt;Quận 11&lt;/a&gt;&lt;/li&gt; &lt;li class=&quot;menu-item menu-item-type-taxonomy menu-item-object-property_city menu-item-94010&quot;&gt;&lt;a href=&quot;https://bannha.net/mua-ban-nha-dat/quan-12&quot;&gt;Quận 12&lt;/a&gt;&lt;/li&gt; &lt;li class=&quot;menu-item menu-item-type-taxonomy menu-item-object-property_city menu-item-94009&quot;&gt;&lt;a href=&quot;https://bannha.net/mua-ban-nha-dat/quan-go-vap&quot;&gt;Quận Gò Vấp&lt;/a&gt;&lt;/li&gt; &lt;li class=&quot;menu-item menu-item-type-taxonomy menu-item-object-property_city menu-item-94026&quot;&gt;&lt;a href=&quot;https://bannha.net/mua-ban-nha-dat/quan-binh-thanh&quot;&gt;Quận Bình Thạnh&lt;/a&gt;&lt;/li&gt; &lt;li class=&quot;menu-item menu-item-type-taxonomy menu-item-object-property_city menu-item-94012&quot;&gt;&lt;a href=&quot;https://bannha.net/mua-ban-nha-dat/quan-tan-binh&quot;&gt;Quận Tân Bình&lt;/a&gt;&lt;/li&gt; &lt;li class=&quot;menu-item menu-item-type-taxonomy menu-item-object-property_city menu-item-94025&quot;&gt;&lt;a href=&quot;https://bannha.net/mua-ban-nha-dat/quan-tan-phu&quot;&gt;Quận Tân Phú&lt;/a&gt;&lt;/li&gt; &lt;li class=&quot;menu-item menu-item-type-taxonomy menu-item-object-property_city menu-item-94016&quot;&gt;&lt;a href=&quot;https://bannha.net/mua-ban-nha-dat/quan-phu-nhuan&quot;&gt;Quận Phú Nhuận&lt;/a&gt;&lt;/li&gt; &lt;li class=&quot;menu-item menu-item-type-taxonomy menu-item-object-property_city menu-item-94027&quot;&gt;&lt;a href=&quot;https://bannha.net/mua-ban-nha-dat/quan-binh-tan&quot;&gt;Quận Bình Tân&lt;/a&gt;&lt;/li&gt; &lt;li class=&quot;menu-item menu-item-type-taxonomy menu-item-object-property_city menu-item-94030&quot;&gt;&lt;a href=&quot;https://bannha.net/mua-ban-nha-dat/huyen-cu-chi&quot;&gt;Huyện Củ Chi&lt;/a&gt;&lt;/li&gt; &lt;li class=&quot;menu-item menu-item-type-taxonomy menu-item-object-property_city menu-item-94011&quot;&gt;&lt;a href=&quot;https://bannha.net/mua-ban-nha-dat/huyen-hoc-mon&quot;&gt;Huyện Hóc Môn&lt;/a&gt;&lt;/li&gt; &lt;li class=&quot;menu-item menu-item-type-taxonomy menu-item-object-property_city menu-item-94028&quot;&gt;&lt;a href=&quot;https://bannha.net/mua-ban-nha-dat/huyen-binh-chanh&quot;&gt;Huyện Bình Chánh&lt;/a&gt;&lt;/li&gt; &lt;li class=&quot;menu-item menu-item-type-taxonomy menu-item-object-property_city menu-item-94031&quot;&gt;&lt;a href=&quot;https://bannha.net/mua-ban-nha-dat/huyen-nha-be&quot;&gt;Huyện Nhà Bè&lt;/a&gt;&lt;/li&gt; &lt;li class=&quot;menu-item menu-item-type-taxonomy menu-item-object-property_city menu-item-94029&quot;&gt;&lt;a href=&quot;https://bannha.net/mua-ban-nha-dat/huyen-can-gio&quot;&gt;Huyện Cần Giờ&lt;/a&gt;&lt;/li&gt;&lt;/ul&gt;&lt;/li&gt;&lt;li class=&quot;menu-item menu-item-type-taxonomy menu-item-object-property_city current-property-ancestor current-menu-parent current-property-parent menu-item-has-children menu-item-96519&quot;&gt;&lt;a href=&quot;https://bannha.net/mua-ban-nha-dat/ha-noi&quot;&gt;HÀ NỘI&lt;/a&gt;&lt;ul class=&quot;sub-menu&quot;&gt; &lt;li class=&quot;menu-item menu-item-type-taxonomy menu-item-object-property_city menu-item-96521&quot;&gt;&lt;a href=&quot;https://bannha.net/mua-ban-nha-dat/hoan-kiem&quot;&gt;Quận Hoàn Kiếm&lt;/a&gt;&lt;/li&gt; &lt;li class=&quot;menu-item menu-item-type-taxonomy menu-item-object-property_city menu-item-96525&quot;&gt;&lt;a href=&quot;https://bannha.net/mua-ban-nha-dat/quan-ba-dinh&quot;&gt;Quận Ba Đình&lt;/a&gt;&lt;/li&gt; &lt;li class=&quot;menu-item menu-item-type-taxonomy menu-item-object-property_city menu-item-96526&quot;&gt;&lt;a href=&quot;https://bannha.net/mua-ban-nha-dat/quan-bac-tu-liem&quot;&gt;Quận Bắc Từ Liêm&lt;/a&gt;&lt;/li&gt; &lt;li class=&quot;menu-item menu-item-type-taxonomy menu-item-object-property_city menu-item-96533&quot;&gt;&lt;a href=&quot;https://bannha.net/mua-ban-nha-dat/quan-nam-tu-liem&quot;&gt;Quận Nam Từ Liêm&lt;/a&gt;&lt;/li&gt; &lt;li class=&quot;menu-item menu-item-type-taxonomy menu-item-object-property_city current-property-ancestor current-menu-parent current-property-parent menu-item-96527&quot;&gt;&lt;a href=&quot;https://bannha.net/mua-ban-nha-dat/quan-hai-ba-trung&quot;&gt;Quận Hai Bà Trưng&lt;/a&gt;&lt;/li&gt; &lt;li class=&quot;menu-item menu-item-type-taxonomy menu-item-object-property_city menu-item-96528&quot;&gt;&lt;a href=&quot;https://bannha.net/mua-ban-nha-dat/quan-cau-giay&quot;&gt;Quận Cầu Giấy&lt;/a&gt;&lt;/li&gt; &lt;li class=&quot;menu-item menu-item-type-taxonomy menu-item-object-property_city menu-item-96530&quot;&gt;&lt;a href=&quot;https://bannha.net/mua-ban-nha-dat/quan-tay-ho&quot;&gt;Quận Tây Hồ&lt;/a&gt;&lt;/li&gt; &lt;li class=&quot;menu-item menu-item-type-taxonomy menu-item-object-property_city menu-item-96529&quot;&gt;&lt;a href=&quot;https://bannha.net/mua-ban-nha-dat/quan-thanh-xuan&quot;&gt;Quận Thanh Xuân&lt;/a&gt;&lt;/li&gt; &lt;li class=&quot;menu-item menu-item-type-taxonomy menu-item-object-property_city menu-item-96531&quot;&gt;&lt;a href=&quot;https://bannha.net/mua-ban-nha-dat/long-bien&quot;&gt;Quận Long Biên&lt;/a&gt;&lt;/li&gt; &lt;li class=&quot;menu-item menu-item-type-taxonomy menu-item-object-property_city menu-item-96532&quot;&gt;&lt;a href=&quot;https://bannha.net/mua-ban-nha-dat/quan-ha-dong&quot;&gt;Quận Hà Đông&lt;/a&gt;&lt;/li&gt; &lt;li class=&quot;menu-item menu-item-type-taxonomy menu-item-object-property_city menu-item-96535&quot;&gt;&lt;a href=&quot;https://bannha.net/mua-ban-nha-dat/quan-dong-da&quot;&gt;Quận Đống Đa&lt;/a&gt;&lt;/li&gt; &lt;li class=&quot;menu-item menu-item-type-taxonomy menu-item-object-property_city menu-item-96558&quot;&gt;&lt;a href=&quot;https://bannha.net/mua-ban-nha-dat/quan-hoang-mai&quot;&gt;Quận Hoàng Mai&lt;/a&gt;&lt;/li&gt;&lt;/ul&gt;&lt;/li&gt;&lt;li class=&quot;menu-item menu-item-type-taxonomy menu-item-object-category menu-item-96770&quot;&gt;&lt;a href=&quot;https://bannha.net/tin-tuc-nha-dat/du-an&quot;&gt;Dự án&lt;/a&gt;&lt;/li&gt;&lt;li class=&quot;menu-item menu-item-type-custom menu-item-object-custom menu-item-has-children menu-item-94061&quot;&gt;&lt;a href=&quot;#&quot;&gt;Tin tức&lt;/a&gt;&lt;ul class=&quot;sub-menu&quot;&gt; &lt;li class=&quot;menu-item menu-item-type-taxonomy menu-item-object-category menu-item-94032&quot;&gt;&lt;a href=&quot;https://bannha.net/tin-tuc-nha-dat/tin-tuc-nha-dat&quot;&gt;Tin tức nhà đất&lt;/a&gt;&lt;/li&gt; &lt;li class=&quot;menu-item menu-item-type-taxonomy menu-item-object-category menu-item-94063&quot;&gt;&lt;a href=&quot;https://bannha.net/tin-tuc-nha-dat/thi-truong-bat-dong-san&quot;&gt;Thị trường bất động sản&lt;/a&gt;&lt;/li&gt; &lt;li class=&quot;menu-item menu-item-type-taxonomy menu-item-object-category menu-item-94033&quot;&gt;&lt;a href=&quot;https://bannha.net/tin-tuc-nha-dat/kien-thuc&quot;&gt;Kiến Thức&lt;/a&gt;&lt;/li&gt;&lt;/ul&gt;&lt;/li&gt;&lt;li class=&quot;menu-item menu-item-type-taxonomy menu-item-object-category menu-item-114129&quot;&gt;&lt;a href=&quot;https://bannha.net/tin-tuc-nha-dat/ho-tro&quot;&gt;Hỗ trợ&lt;/a&gt;&lt;/li&gt;&lt;li class=&quot;menu-item menu-item-type-post_type menu-item-object-page menu-item-93969&quot;&gt;&lt;a href=&quot;https://bannha.net/lien-he&quot;&gt;Liên hệ&lt;/a&gt;&lt;/li&gt;&lt;/ul&gt;                &lt;/div&gt;            &lt;/div&gt;        &lt;/nav&gt;" SourceIndex="435" TextLen="45" order="3" xPath="/XPspan"/>
<LayoutNode BgColor="transparent" ContainImg="0" ContainP="0" ContainTable="false" Content="Trang chủ 20m RA PHỐ,PHỐ LÒ ĐÚC,TẦM TRÊN 3 TỶ HIẾM NHÀ BÁN! " DOMCldNum="1" DoC="9" FontSize="12" FontWeight="700" FrameSourceIndex="0" ID="1-3" IsImg="false" LinkNum="1" LinkTextLen="9" ObjectRectHeight="14" ObjectRectLeft="0" ObjectRectTop="243" ObjectRectWidth="1420" SRC="&lt;a href=&quot;https://bannha.net&quot; title=&quot;Trang chủ&quot;&gt;Trang chủ&lt;/a&gt;20m RA PHỐ,PHỐ LÒ ĐÚC,TẦM TRÊN 3 TỶ HIẾM NHÀ BÁN!" SourceIndex="665" TextLen="58" order="4" xPath="/#document/html/body/div[3]/div[0]/div[0]/ul[0]/li[0]/a[0]/#text"/>
<LayoutNode BgColor="#ffffff" ContainImg="13" ContainP="4" ContainTable="false" DOMCldNum="13" DoC="5" FontSize="14" FontWeight="bold" FrameSourceIndex="0" ID="1-4" IsImg="false" LinkNum="10" LinkTextLen="17" ObjectRectHeight="4123" ObjectRectLeft="0" ObjectRectTop="295" ObjectRectWidth="1420" SourceIndex="683" TextLen="1628" order="5">
<LayoutNode BgColor="#ffffff" ContainImg="9" ContainP="3" ContainTable="false" DOMCldNum="13" DoC="5" FontSize="14" FontWeight="bold" FrameSourceIndex="0" ID="1-4-1" IsImg="false" LinkNum="9" LinkTextLen="14" ObjectRectHeight="4123" ObjectRectLeft="0" ObjectRectTop="295" ObjectRectWidth="1068" SourceIndex="683" TextLen="1260" order="6">
<LayoutNode BgColor="#ffffff" ContainImg="0" ContainP="2" ContainTable="false" DOMCldNum="13" DoC="5" FontSize="14" FontWeight="bold" FrameSourceIndex="0" ID="1-4-1-1" IsImg="false" LinkNum="1" LinkTextLen="14" ObjectRectHeight="656" ObjectRectLeft="0" ObjectRectTop="295" ObjectRectWidth="1068" SourceIndex="683" TextLen="1061" order="7">
<LayoutNode BgColor="#ffffff" ContainImg="0" ContainP="2" ContainTable="false" DOMCldNum="13" DoC="5" FontSize="14" FontWeight="bold" FrameSourceIndex="0" ID="1-4-1-1-1" IsImg="false" LinkNum="1" LinkTextLen="14" ObjectRectHeight="656" ObjectRectLeft="0" ObjectRectTop="295" ObjectRectWidth="743" SourceIndex="683" TextLen="1024" order="8">
<LayoutNode BgColor="#ffffff" ContainImg="0" ContainP="0" ContainTable="false" Content="20m RA PHỐ,PHỐ LÒ ĐÚC,TẦM TRÊN 3 TỶ HIẾM NHÀ BÁN! " DOMCldNum="13" DoC="10" FontSize="14" FontWeight="bold" FrameSourceIndex="0" ID="1-4-1-1-1-1" IsImg="false" LinkNum="0" LinkTextLen="0" ObjectRectHeight="48" ObjectRectLeft="0" ObjectRectTop="295" ObjectRectWidth="743" SRC="&lt;h1 class=&quot;re-title&quot;&gt;20m RA PHỐ,PHỐ LÒ ĐÚC,TẦM TRÊN 3 TỶ HIẾM NHÀ BÁN!&lt;/h1&gt;" SourceIndex="685" TextLen="49" order="9" xPath="/#document/html/body/div[3]/div[0]/div[1]/div[0]/div[0]/main[0]/div[0]/div[0]/section[0]/h1[0]/#text"/>
<LayoutNode BgColor="#ffffff" ContainImg="0" ContainP="0" ContainTable="false" Content="MÃ SỐ: 113876 Khu vực: Bán tại Hà Nội Diện tích: 33 m2 Giá: 3,4 tỷ Phố Lò Đúc, Quận Hai Bà Trưng, Hà Nội " DOMCldNum="13" DoC="5" FontSize="14" FontWeight="400" FrameSourceIndex="0" ID="1-4-1-1-1-2" IsImg="false" LinkNum="1" LinkTextLen="14" ObjectRectHeight="59" ObjectRectLeft="0" ObjectRectTop="349" ObjectRectWidth="743" SRC="&lt;div class=&quot;re-district-price&quot;&gt;                            &lt;div class=&quot;re-district&quot;&gt;                                &lt;b&gt;MÃ SỐ:&lt;/b&gt; 113876                            &lt;/div&gt;       &lt;!-- re_district --&gt;              &lt;div class=&quot;re-district&quot;&gt;       Khu vực:  &lt;a href=&quot;https://bannha.net/mua-ban-nha-dat/ha-noi&quot;&gt;Bán tại Hà Nội &lt;/a&gt;       &lt;/div&gt;              &lt;div class=&quot;re-district&quot;&gt;       Diện tích:  &lt;b&gt;33 m2&lt;/b&gt;        &lt;/div&gt;       &lt;!-- re_price --&gt;              &lt;div class=&quot;re-price&quot;&gt;Giá: &lt;strong&gt;3,4&lt;/strong&gt; tỷ&lt;/div&gt;             &lt;/div&gt;&lt;div class=&quot;re-address&quot;&gt;        &lt;i class=&quot;ion-ios-location&quot;/&gt;Phố Lò Đúc, Quận Hai Bà Trưng, Hà Nội       &lt;/div&gt;" SourceIndex="688;719" TextLen="101" order="10" xPath="/#document/html/body/div[3]/div[0]/div[1]/div[0]/div[0]/main[0]/div[0]/div[0]/section[0]"/>
<LayoutNode BgColor="#ffffff" ContainImg="0" ContainP="1" ContainTable="false" Content="– MÔ TẢ: + Diện tích 33m2, 5 tầng, 3,4 tỷ + Nhà xây để ở rất chắc chắn. + Tầng 1: Phòng khách, để xe, bếp, wc. " DOMCldNum="10" DoC="8" FontSize="14" FontWeight="400" FrameSourceIndex="0" ID="1-4-1-1-1-3" IsImg="false" LinkNum="0" LinkTextLen="0" ObjectRectHeight="104" ObjectRectLeft="0" ObjectRectTop="421" ObjectRectWidth="743" SRC="&lt;p&gt;– MÔ TẢ:&lt;br/&gt;+ Diện tích 33m2, 5 tầng, 3,4 tỷ&lt;br/&gt;+ Nhà xây để ở rất chắc chắn.&lt;br/&gt;+ Tầng 1: Phòng khách, để xe, bếp, wc.&lt;/p&gt;" SourceIndex="727" TextLen="107" order="11" xPath="/#document/html/body/div[3]/div[0]/div[1]/div[0]/div[0]/main[0]/div[0]/div[0]/section[4]/div[0]/p[3]/#text"/>
<LayoutNode BgColor="#ffffff" ContainImg="0" ContainP="1" ContainTable="false" Content="+ Tầng 2 : Phòng ngủ, wc. + Tầng 3: Phòng ngủ, wc. + Tầng 4: 2 phòng ngủ, wc. + Tầng 5: Phòng thờ, sân phơi. + Vị trí gần chợ, trường, gần mặt phố, giao thông thuận tiện. + Trung tâm Hai Bà Trưng, gần bệnh viện 108, Hữu Nghị Việt Xô Việt Đức, Phụ Sản Trung Ương, các trường đại học. Nhà tầm hơn 3 tỷ trong ngõ này rất hiếm nhà bán. Hiện tại trên thị trường căn này là duy nhất. – Gần chợ, gần đường ô tô. – Phố Lò Đúc là con phố huyết mạch của quận Hai Bà Trưng thông với phố Trần Khát Chân, Kim Ngưu, Đại Cồ Việt, Võ Thị Sáu, Nguyễn Công Trứ, Trần Xuân Soạn, Lê Quý Đôn, Nguyễn Huy Tự, Lê Thánh Tông..... – Hàng xóm thân thiện, an ninh tuyệt vời. – Chủ nhiệt tình bán , gia lộc mạnh cho khách nhiệt tình mua. – Sổ đỏ chính chủ MIỄN PHÍ ĐƯA ĐI XEM NHÀ VÀ TOÀN BỘ CÁC DỊCH VỤ LIÊN QUAN " DOMCldNum="10" DoC="8" FontSize="14" FontWeight="400" FrameSourceIndex="0" ID="1-4-1-1-1-4" IsImg="false" LinkNum="0" LinkTextLen="0" ObjectRectHeight="416" ObjectRectLeft="0" ObjectRectTop="535" ObjectRectWidth="743" SRC="&lt;p&gt;+ Tầng 2 : Phòng ngủ, wc.&lt;br/&gt;+ Tầng 3: Phòng ngủ, wc.&lt;br/&gt;+ Tầng 4: 2 phòng ngủ, wc.&lt;br/&gt;+ Tầng 5: Phòng thờ, sân phơi.&lt;br/&gt;+ Vị trí gần chợ, trường, gần mặt phố, giao thông thuận tiện.&lt;br/&gt; + Trung tâm Hai Bà Trưng, gần bệnh viện 108, Hữu Nghị Việt Xô Việt Đức, Phụ Sản Trung Ương, các trường đại  học.&lt;br/&gt; Nhà tầm hơn 3  tỷ trong ngõ này rất hiếm nhà bán. Hiện tại trên thị trường căn này là duy nhất.&lt;br/&gt;– Gần chợ, gần đường ô tô.&lt;br/&gt;– Phố Lò Đúc là con phố huyết mạch của quận Hai Bà Trưng thông với phố Trần Khát Chân, Kim Ngưu, Đại Cồ Việt, Võ Thị Sáu, Nguyễn Công Trứ, Trần Xuân Soạn, Lê Quý Đôn, Nguyễn Huy Tự, Lê Thánh Tông.....&lt;br/&gt;– Hàng xóm thân thiện, an ninh tuyệt vời.&lt;br/&gt;– Chủ nhiệt tình bán , gia lộc mạnh cho khách nhiệt tình mua.&lt;br/&gt;– Sổ đỏ chính chủ&lt;br/&gt;MIỄN PHÍ ĐƯA ĐI XEM NHÀ VÀ TOÀN BỘ CÁC DỊCH VỤ LIÊN QUAN&lt;/p&gt;" SourceIndex="736" TextLen="767" order="12" xPath="/#document/html/body/div[3]/div[0]/div[1]/div[0]/div[0]/main[0]/div[0]/div[0]/section[4]/div[1]/p[12]/#text"/>
</LayoutNode>
<LayoutNode BgColor="#ffffff" ContainImg="0" ContainP="0" ContainTable="false" Content="Tìm nhiều hơn Bán Cho thuê Chọn quận/huyện ?&gt; Tìm kiếm! " DOMCldNum="13" DoC="8" FontSize="14" FontWeight="400" FrameSourceIndex="0" ID="1-4-1-1-2" IsImg="false" LinkNum="0" LinkTextLen="0" ObjectRectHeight="656" ObjectRectLeft="774" ObjectRectTop="295" ObjectRectWidth="294" SRC="&lt;header class=&quot;module-header&quot;&gt;   &lt;h2 class=&quot;module-title&quot;&gt;&lt;i class=&quot;ion-search&quot;/&gt;Tìm nhiều hơn&lt;/h2&gt;  &lt;/header&gt;&lt;form action=&quot;https://bannha.net&quot; class=&quot;form-advanced-search form-aside-advanced-search&quot; method=&quot;GET&quot;&gt;     &lt;div class=&quot;col-12 form-group demand-radios&quot;&gt;                  &lt;label class=&quot;demand-radio&quot;&gt;       &lt;input checked=&quot;&quot; name=&quot;demand&quot; type=&quot;radio&quot; value=&quot;766&quot;/&gt;       &lt;span class=&quot;name&quot;&gt;Bán&lt;/span&gt;      &lt;/label&gt;                  &lt;label class=&quot;demand-radio&quot;&gt;       &lt;input name=&quot;demand&quot; type=&quot;radio&quot; value=&quot;768&quot;/&gt;       &lt;span class=&quot;name&quot;&gt;Cho thuê&lt;/span&gt;      &lt;/label&gt;           &lt;/div&gt;     &lt;input class=&quot;form-control&quot; name=&quot;s&quot; placeholder=&quot;Từ khóa&quot; type=&quot;hidden&quot;/&gt;     &lt;div class=&quot;col-12 form-group&quot;&gt;      &lt;select class=&quot;form-control custom-select&quot; name=&quot;category&quot;&gt;       &lt;option value=&quot;0&quot;&gt;Chọn loại nhà đất&lt;/option&gt;              &lt;option value=&quot;765&quot;&gt;Căn hộ&lt;/option&gt;              &lt;option value=&quot;764&quot;&gt;Đất&lt;/option&gt;              &lt;option value=&quot;763&quot;&gt;Nhà&lt;/option&gt;             &lt;/select&gt;     &lt;/div&gt;                &lt;div class=&quot;col-12 form-group&quot;&gt;                    &lt;select class=&quot;form-control custom-select&quot; name=&quot;province_front&quot;&gt;                        &lt;option value=&quot;0&quot;&gt;Chọn tỉnh/thành&lt;/option&gt;                                                    &lt;option value=&quot;1343&quot;&gt;Hà Nội&lt;/option&gt;                                                    &lt;option value=&quot;1342&quot;&gt;TPHCM&lt;/option&gt;                                            &lt;/select&gt;                &lt;/div&gt;                &lt;div class=&quot;col-12 form-group&quot;&gt;                    &lt;select class=&quot;form-control custom-select&quot; name=&quot;district_front&quot;&gt;                        &lt;option value=&quot;0&quot;&gt;Chọn quận/huyện&lt;/option&gt;                                                ?&gt;                    &lt;/select&gt;                &lt;/div&gt;     &lt;div class=&quot;col-12 form-group&quot;&gt;      &lt;select class=&quot;form-control custom-select&quot; name=&quot;warid_front&quot;&gt;       &lt;option value=&quot;0&quot;&gt;Chọn phường/xã&lt;/option&gt;                                  &lt;/select&gt;     &lt;/div&gt;     &lt;div class=&quot;col-6 form-group&quot;&gt;      &lt;select class=&quot;form-control custom-select&quot; name=&quot;min_price&quot;&gt;       &lt;option value=&quot;0&quot;&gt;Giá thấp nhất&lt;/option&gt;               &lt;option value=&quot;100000000&quot;&gt;&lt;strong&gt;100&lt;/strong&gt; triệu&lt;/option&gt;               &lt;option value=&quot;200000000&quot;&gt;&lt;strong&gt;200&lt;/strong&gt; triệu&lt;/option&gt;               &lt;option value=&quot;500000000&quot;&gt;&lt;strong&gt;500&lt;/strong&gt; triệu&lt;/option&gt;               &lt;option value=&quot;1000000000&quot;&gt;&lt;strong&gt;1&lt;/strong&gt; tỷ&lt;/option&gt;               &lt;option value=&quot;3000000000&quot;&gt;&lt;strong&gt;3&lt;/strong&gt; tỷ&lt;/option&gt;               &lt;option value=&quot;5000000000&quot;&gt;&lt;strong&gt;5&lt;/strong&gt; tỷ&lt;/option&gt;               &lt;option value=&quot;8000000000&quot;&gt;&lt;strong&gt;8&lt;/strong&gt; tỷ&lt;/option&gt;               &lt;option value=&quot;10000000000&quot;&gt;&lt;strong&gt;10&lt;/strong&gt; tỷ&lt;/option&gt;               &lt;option value=&quot;20000000000&quot;&gt;&lt;strong&gt;20&lt;/strong&gt; tỷ&lt;/option&gt;               &lt;option value=&quot;35000000000&quot;&gt;&lt;strong&gt;35&lt;/strong&gt; tỷ&lt;/option&gt;             &lt;/select&gt;     &lt;/div&gt;     &lt;div class=&quot;col-6 form-group&quot;&gt;      &lt;select class=&quot;form-control custom-select&quot; name=&quot;max_price&quot;&gt;       &lt;option value=&quot;0&quot;&gt;Giá cao nhất&lt;/option&gt;               &lt;option value=&quot;100000000&quot;&gt;&lt;strong&gt;100&lt;/strong&gt; triệu&lt;/option&gt;               &lt;option value=&quot;200000000&quot;&gt;&lt;strong&gt;200&lt;/strong&gt; triệu&lt;/option&gt;               &lt;option value=&quot;500000000&quot;&gt;&lt;strong&gt;500&lt;/strong&gt; triệu&lt;/option&gt;               &lt;option value=&quot;1000000000&quot;&gt;&lt;strong&gt;1&lt;/strong&gt; tỷ&lt;/option&gt;               &lt;option value=&quot;3000000000&quot;&gt;&lt;strong&gt;3&lt;/strong&gt; tỷ&lt;/option&gt;               &lt;option value=&quot;5000000000&quot;&gt;&lt;strong&gt;5&lt;/strong&gt; tỷ&lt;/option&gt;               &lt;option value=&quot;8000000000&quot;&gt;&lt;strong&gt;8&lt;/strong&gt; tỷ&lt;/option&gt;               &lt;option value=&quot;10000000000&quot;&gt;&lt;strong&gt;10&lt;/strong&gt; tỷ&lt;/option&gt;               &lt;option value=&quot;20000000000&quot;&gt;&lt;strong&gt;20&lt;/strong&gt; tỷ&lt;/option&gt;               &lt;option value=&quot;35000000000&quot;&gt;&lt;strong&gt;35&lt;/strong&gt; tỷ&lt;/option&gt;             &lt;/select&gt;     &lt;/div&gt;     &lt;div class=&quot;col-12&quot;&gt;      &lt;button class=&quot;btn btn-primary btn-block&quot; type=&quot;submit&quot;&gt;Tìm kiếm!&lt;/button&gt;     &lt;/div&gt;   &lt;/form&gt;" SourceIndex="1527" TextLen="37" order="13" xPath="/XPspan"/>
</LayoutNode>
<LayoutNode BgColor="#ffffff" ContainImg="0" ContainP="1" ContainTable="false" Content="Liên hệ: Thương – 0914.178.517/0982.738.429 Chuyên nhà thổ cư Hà Nội. Tư vấn tận tâm – Nâng tầm giá trị. " DOMCldNum="10" DoC="8" FontSize="14" FontWeight="400" FrameSourceIndex="0" ID="1-4-1-2" IsImg="false" LinkNum="0" LinkTextLen="0" ObjectRectHeight="78" ObjectRectLeft="0" ObjectRectTop="961" ObjectRectWidth="1068" SRC="&lt;p&gt;Liên hệ: Thương – 0914.178.517/0982.738.429&lt;br/&gt;Chuyên nhà thổ cư Hà Nội.&lt;br/&gt;Tư vấn tận tâm – Nâng tầm giá trị.&lt;/p&gt;" SourceIndex="763" TextLen="102" order="14" xPath="/#document/html/body/div[3]/div[0]/div[1]/div[0]/div[0]/main[0]/div[0]/div[0]/section[4]/div[2]/p[2]/#text"/>
<LayoutNode BgColor="#ffffff" ContainImg="0" ContainP="0" ContainTable="false" DOMCldNum="27" DoC="5" FontSize="14" FontWeight="400" FrameSourceIndex="0" ID="1-4-1-3" IsImg="false" LinkNum="5" LinkTextLen="0" ObjectRectHeight="75" ObjectRectLeft="0" ObjectRectTop="1049" ObjectRectWidth="1068" SourceIndex="797" TextLen="97" order="15">
<LayoutNode BgColor="#ffffff" ContainImg="0" ContainP="0" ContainTable="false" Content="Diện tích: 33m 2 Số phòng ngủ: 4 " DOMCldNum="27" DoC="8" FontSize="14" FontWeight="400" FrameSourceIndex="0" ID="1-4-1-3-1" IsImg="false" LinkNum="0" LinkTextLen="0" ObjectRectHeight="75" ObjectRectLeft="0" ObjectRectTop="1049" ObjectRectWidth="276" SRC="&lt;li&gt;&lt;i class=&quot;ion-home&quot;/&gt;Diện tích: 33m&lt;sup&gt;2&lt;/sup&gt;&lt;/li&gt;&lt;li&gt;&lt;i class=&quot;ion-chatbubble-working&quot;/&gt;Số phòng ngủ: 4&lt;/li&gt;" SourceIndex="797" TextLen="32" order="16" xPath="/#document/html/body/div[3]/div[0]/div[1]/div[0]/div[0]/main[0]/div[0]/div[0]/section[5]/div[0]/ul[1]/li[1]/sup[0]/#text"/>
<LayoutNode BgColor="#ffffff" ContainImg="0" ContainP="0" ContainTable="false" Content="Mặt tiền: 5m Số toilet: 4 " DOMCldNum="27" DoC="8" FontSize="14" FontWeight="400" FrameSourceIndex="0" ID="1-4-1-3-2" IsImg="false" LinkNum="0" LinkTextLen="0" ObjectRectHeight="75" ObjectRectLeft="289" ObjectRectTop="1049" ObjectRectWidth="135" SRC="&lt;li&gt;&lt;i class=&quot;ion-arrow-resize&quot;/&gt;Mặt tiền: 5m&lt;/li&gt;&lt;li&gt;&lt;i class=&quot;ion-ios-body&quot;/&gt;Số toilet: 4&lt;/li&gt;" SourceIndex="797" TextLen="26" order="17" xPath="/#document/html/body/div[3]/div[0]/div[1]/div[0]/div[0]/main[0]/div[0]/div[0]/section[5]/div[0]/ul[4]/li[1]/#text"/>
<LayoutNode BgColor="#ffffff" ContainImg="0" ContainP="0" ContainTable="false" Content="Số tầng: 5 9 tháng trước " DOMCldNum="27" DoC="8" FontSize="14" FontWeight="400" FrameSourceIndex="0" ID="1-4-1-3-3" IsImg="false" LinkNum="0" LinkTextLen="0" ObjectRectHeight="75" ObjectRectLeft="437" ObjectRectTop="1049" ObjectRectWidth="135" SRC="&lt;li&gt;&lt;i class=&quot;ion-social-buffer&quot;/&gt;Số tầng: 5&lt;/li&gt;&lt;li&gt;&lt;i class=&quot;ion-ios-clock&quot;/&gt;9 tháng trước&lt;/li&gt;" SourceIndex="797" TextLen="25" order="18" xPath="/#document/html/body/div[3]/div[0]/div[1]/div[0]/div[0]/main[0]/div[0]/div[0]/section[5]/div[0]/ul[7]/li[1]/#text"/>
<LayoutNode BgColor="#ffffff" ContainImg="0" ContainP="0" ContainTable="false" Content="Rate this post " DOMCldNum="10" DoC="5" FontSize="14" FontWeight="400" FrameSourceIndex="0" ID="1-4-1-3-4" IsImg="false" LinkNum="5" LinkTextLen="0" ObjectRectHeight="75" ObjectRectLeft="623" ObjectRectTop="1049" ObjectRectWidth="445" SRC="&lt;div class=&quot;kk-star-ratings  bottom-right rgt&quot; data-id=&quot;113876&quot;&gt;                &lt;div class=&quot;kksr-stars kksr-star gray&quot;&gt;                    &lt;div class=&quot;kksr-fuel kksr-star yellow&quot; style=&quot;width:0%;&quot;/&gt;                    &lt;!-- kksr-fuel --&gt;&lt;a href=&quot;#1&quot;/&gt;&lt;a href=&quot;#2&quot;/&gt;&lt;a href=&quot;#3&quot;/&gt;&lt;a href=&quot;#4&quot;/&gt;&lt;a href=&quot;#5&quot;/&gt;                &lt;/div&gt;                &lt;!-- kksr-stars --&gt;                &lt;div class=&quot;kksr-legend&quot;&gt;Rate this post&lt;/div&gt;                &lt;!-- kksr-legend --&gt;            &lt;/div&gt;" SourceIndex="770" TextLen="14" order="19" xPath="/#document/html/body/div[3]/div[0]/div[1]/div[0]/div[0]/main[0]/div[0]/div[0]/section[6]/div[3]/div[2]/div[0]/#text"/>
</LayoutNode>
<LayoutNode BgColor="#ffffff" ContainImg="9" ContainP="0" ContainTable="false" Content="      " DOMCldNum="3" DoC="8" FontSize="14" FontWeight="400" FrameSourceIndex="0" ID="1-4-1-4" IsImg="false" LinkNum="3" LinkTextLen="0" ObjectRectHeight="3100" ObjectRectLeft="0" ObjectRectTop="1318" ObjectRectWidth="1068" SRC="&lt;img alt=&quot;&quot; src=&quot;https://bannha.net/wp-content/uploads/2019/07/49085502_2274844976123508_7002106567310966784_n.jpg&quot;/&gt;&lt;img alt=&quot;&quot; src=&quot;https://bannha.net/wp-content/uploads/2019/07/50210536_2274845002790172_105670265794461696_n.jpg&quot;/&gt;&lt;img alt=&quot;&quot; src=&quot;https://bannha.net/wp-content/uploads/2019/07/50260486_2274845026123503_5932555914132324352_n.jpg&quot;/&gt;&lt;div class=&quot;item&quot;&gt;             &lt;a href=&quot;javascript:void(0);&quot;&gt;              &lt;img alt=&quot;&quot; src=&quot;https://bannha.net/wp-content/uploads/2019/07/49085502_2274844976123508_7002106567310966784_n.jpg&quot;/&gt;             &lt;/a&gt;            &lt;/div&gt;&lt;div class=&quot;item&quot;&gt;             &lt;a href=&quot;javascript:void(0);&quot;&gt;              &lt;img alt=&quot;&quot; src=&quot;https://bannha.net/wp-content/uploads/2019/07/50210536_2274845002790172_105670265794461696_n.jpg&quot;/&gt;             &lt;/a&gt;            &lt;/div&gt;&lt;div class=&quot;item&quot;&gt;             &lt;a href=&quot;javascript:void(0);&quot;&gt;              &lt;img alt=&quot;&quot; src=&quot;https://bannha.net/wp-content/uploads/2019/07/50260486_2274845026123503_5932555914132324352_n.jpg&quot;/&gt;             &lt;/a&gt;            &lt;/div&gt;" SourceIndex="3101;3109;3117;881;889;897" TextLen="0" order="20" xPath="/#document/html/body/div[3]/div[0]/div[1]/div[0]/div[0]/main[0]/div[0]/div[0]/section[5]/div[2]/div[0]/div[1]/div[0]/div[0]/div[0]/div[0]/a[0]/img"/>
</LayoutNode>
<LayoutNode BgColor="#ffffff" ContainImg="4" ContainP="1" ContainTable="false" Content="Đăng tin bán nhà Cầm đồ tại Hà Nội  Sang tên xe ô tô Thu mua nhà đấtSàn giao dịch nhà đất Bannha.net chuyên thu mua nhà đất, nhà chung cư, chung cư mini, căn hộ...với giá cao nhất thị trường Hà Nội. Với đội ngũ nhân viên chuyên nghiệp nhiệt tình, không bao giờ ép giá, bạn chỉ cần một cuộc gọi là chúng tôi sẽ đến tận nơi để xem và thu mua nhà của bạn. Xem thêm chi tiết dịch vụ tại đây. " DOMCldNum="15" DoC="8" FontSize="14" FontWeight="400" FrameSourceIndex="0" ID="1-4-2" IsImg="false" LinkNum="1" LinkTextLen="3" ObjectRectHeight="4123" ObjectRectLeft="1100" ObjectRectTop="295" ObjectRectWidth="320" SRC="&lt;section class=&quot;widget widget_media_image&quot; id=&quot;media_image-2&quot;&gt;&lt;header class=&quot;widget-header&quot;&gt;&lt;h4 class=&quot;widget-title&quot;&gt;Đăng tin bán nhà&lt;/h4&gt;&lt;/header&gt;&lt;img alt=&quot;&quot; class=&quot;image wp-image-95317  attachment-full size-full&quot; height=&quot;250&quot; src=&quot;https://bannha.net/wp-content/uploads/2019/03/banner_2.gif&quot; style=&quot;max-width: 100%; height: auto;&quot; width=&quot;280&quot;/&gt;&lt;/section&gt;&lt;header class=&quot;widget-header&quot;&gt;&lt;h4 class=&quot;widget-title&quot;&gt;Cầm đồ tại Hà Nội&lt;/h4&gt;&lt;/header&gt;&lt;img alt=&quot;&quot; class=&quot;image wp-image-95318  attachment-full size-full&quot; height=&quot;573&quot; src=&quot;https://bannha.net/wp-content/uploads/2019/03/banner7.jpg&quot; style=&quot;max-width: 100%; height: auto;&quot; width=&quot;346&quot;/&gt;&lt;section class=&quot;widget widget_media_image&quot; id=&quot;media_image-4&quot;&gt;&lt;header class=&quot;widget-header&quot;&gt;&lt;h4 class=&quot;widget-title&quot;&gt;Sang tên xe ô tô&lt;/h4&gt;&lt;/header&gt;&lt;img alt=&quot;&quot; class=&quot;image wp-image-142496  attachment-full size-full&quot; height=&quot;207&quot; src=&quot;https://bannha.net/wp-content/uploads/2019/11/otovina.jpg&quot; style=&quot;max-width: 100%; height: auto;&quot; width=&quot;192&quot;/&gt;&lt;/section&gt;&lt;section class=&quot;widget widget_text&quot; id=&quot;text-8&quot;&gt;&lt;header class=&quot;widget-header&quot;&gt;&lt;h4 class=&quot;widget-title&quot;&gt;Thu mua nhà đất&lt;/h4&gt;&lt;/header&gt;   &lt;div class=&quot;textwidget&quot;&gt;&lt;p&gt;Sàn giao dịch nhà đất Bannha.net &lt;strong&gt;chuyên thu mua nhà đất, nhà chung cư, chung cư mini, căn hộ&lt;/strong&gt;...với giá cao nhất thị trường Hà Nội. Với đội ngũ nhân viên chuyên nghiệp nhiệt tình, không bao giờ ép giá, bạn chỉ cần một cuộc gọi là chúng tôi sẽ đến tận nơi để xem và thu mua nhà của bạn. Xem thêm chi tiết dịch vụ tại &lt;a href=&quot;https://bannha.net/thu-mua-nha-dat-chung-cu-gia-cao&quot;&gt;&lt;strong&gt;đây&lt;/strong&gt;&lt;/a&gt;.&lt;/p&gt;&lt;/div&gt;  &lt;/section&gt;" SourceIndex="1753" TextLen="368" order="21" xPath="/#document/html/body/div[3]/div[0]/div[1]/div[1]/aside[0]/section[1]/img"/>
</LayoutNode>
<LayoutNode BgColor="#ffffff" ContainImg="1" ContainP="3" ContainTable="false" Content="BÙi Thương 0914178517 Họ tên: BÙi Thương Điện thoại: 0914178517 Email: huyenthuong57@gmail.com Liên hệ Gửi thông tin " DOMCldNum="3" DoC="8" FontSize="14" FontWeight="400" FrameSourceIndex="0" ID="1-5" IsImg="false" LinkNum="3" LinkTextLen="21" ObjectRectHeight="246" ObjectRectLeft="0" ObjectRectTop="4433" ObjectRectWidth="1420" SRC="&lt;div class=&quot;row&quot;&gt;           &lt;div class=&quot;col-xs-12 col-md-6&quot;&gt;            &lt;div class=&quot;re-contact-info&quot;&gt;             &lt;a class=&quot;image&quot; href=&quot;&quot;&gt;&lt;img src=&quot;https://bannha.net/wp-content/uploads/2019/02/logo_thudo2.jpg&quot; width=&quot;80&quot;/&gt;&lt;/a&gt;             &lt;div class=&quot;info&quot;&gt;              &lt;a class=&quot;name&quot; href=&quot;&quot;&gt;BÙi Thương&lt;/a&gt;              &lt;a class=&quot;phone&quot; href=&quot;tel:0914178517&quot;&gt;               &lt;i class=&quot;ion-android-call&quot;/&gt;0914178517              &lt;/a&gt;             &lt;/div&gt;            &lt;/div&gt;            &lt;div&gt;            &lt;ul class=&quot;details&quot; style=&quot;list-style-type: none;margin: 0px;padding: 0px;&quot;&gt;                                                    &lt;li&gt;&lt;p&gt;&lt;span&gt;Họ tên: &lt;/span&gt; BÙi Thương&lt;/p&gt;&lt;/li&gt;                                                    &lt;li&gt;&lt;p&gt;&lt;span&gt;Điện thoại: &lt;/span&gt; 0914178517&lt;/p&gt;&lt;/li&gt;                                                    &lt;li&gt;&lt;p&gt;&lt;span&gt;Email:  &lt;/span&gt; huyenthuong57@gmail.com&lt;/p&gt;&lt;/li&gt;                                                                                                      &lt;/ul&gt;                        &lt;/div&gt;           &lt;/div&gt;           &lt;div class=&quot;col-xs-12 col-md-6&quot;&gt;            &lt;form action=&quot;&quot; class=&quot;re-contact-form&quot; method=&quot;post&quot;&gt;             &lt;h4 class=&quot;title&quot;&gt;Liên hệ&lt;/h4&gt;             &lt;div class=&quot;form-group&quot;&gt;              &lt;input class=&quot;form-control&quot; id=&quot;name&quot; name=&quot;name&quot; placeholder=&quot;Họ và tên&quot; type=&quot;text&quot;/&gt;             &lt;/div&gt;             &lt;div class=&quot;form-group&quot;&gt;              &lt;input class=&quot;form-control&quot; id=&quot;email&quot; name=&quot;email&quot; placeholder=&quot;Email&quot; type=&quot;text&quot;/&gt;             &lt;/div&gt;             &lt;div class=&quot;form-group&quot;&gt;              &lt;input class=&quot;form-control&quot; id=&quot;phone&quot; name=&quot;phone&quot; placeholder=&quot;Số điện thoại&quot; type=&quot;text&quot;/&gt;             &lt;/div&gt;             &lt;div class=&quot;form-group&quot;&gt;              &lt;textarea class=&quot;form-control&quot; id=&quot;content&quot; name=&quot;content&quot; placeholder=&quot;Nội dung&quot; rows=&quot;4&quot;/&gt;             &lt;/div&gt;             &lt;input name=&quot;action&quot; type=&quot;hidden&quot; value=&quot;willgroup_re_contact&quot;/&gt;             &lt;button class=&quot;btn btn-secondary&quot; type=&quot;submit&quot;&gt;Gửi thông tin&lt;/button&gt;            &lt;/form&gt;           &lt;/div&gt;          &lt;/div&gt;" SourceIndex="918" TextLen="111" order="22" xPath="/XPspan"/>
<LayoutNode BgColor="#ffffff" ContainImg="0" ContainP="0" ContainTable="false" Content="Hình ảnh Liên hệ " DOMCldNum="13" DoC="8" FontSize="14" FontWeight="400" FrameSourceIndex="0" ID="1-6" IsImg="false" LinkNum="2" LinkTextLen="15" ObjectRectHeight="35" ObjectRectLeft="0" ObjectRectTop="4692" ObjectRectWidth="1420" SRC="&lt;li class=&quot;nav-item&quot;&gt;&lt;a class=&quot;active&quot; data-toggle=&quot;tab&quot; href=&quot;#re-gallery&quot;&gt;Hình ảnh&lt;/a&gt;&lt;/li&gt;&lt;li class=&quot;nav-item&quot;&gt;&lt;a class=&quot;active&quot; data-toggle=&quot;tab&quot; href=&quot;#re-contact&quot;&gt;Liên hệ&lt;/a&gt;&lt;/li&gt;" SourceIndex="1006;1016" TextLen="15" order="23" xPath="/#document/html/body/div[3]/div[0]/div[1]/div[0]/div[0]/main[0]/div[0]/div[0]/section[5]/div[2]/div[1]/ul[1]/li[0]/a[0]/#text"/>
<LayoutNode BgColor="#ffffff" ContainImg="0" ContainP="0" ContainTable="false" Content="Hà Nội khác tại " DOMCldNum="5" DoC="8" FontSize="14" FontWeight="400" FrameSourceIndex="0" ID="1-7" IsImg="false" LinkNum="1" LinkTextLen="15" ObjectRectHeight="28" ObjectRectLeft="0" ObjectRectTop="4761" ObjectRectWidth="1420" SRC="&lt;header class=&quot;module-header&quot;&gt;       &lt;h2 class=&quot;module-title&quot;&gt;        &lt;a href=&quot;https://bannha.net/mua-ban-nha-dat/ha-noi&quot;&gt;         Hà Nội khác tại         &lt;/a&gt;       &lt;/h2&gt;      &lt;/header&gt;" SourceIndex="1037" TextLen="15" order="24" xPath="/XPspan"/>
<LayoutNode BgColor="#ffffff" ContainImg="10" ContainP="0" ContainTable="false" Content="Bán gấp nhà Mễ Trì Thượng, 46m2, 5 tầng, mt 4m, Nhà mới đẹp chỉ 4 tỷ. 4 tỷ Nhà mới xây xong đẹp long lanh, vị trí rất đẹp ngay gần chợ Mễ Trì Thượng. Ngõ 2m, cách ô tô tránh 15m. - Nhà thiết kế tầng 1 thông, từ... Nhà Diện tích: 46m2 Hà Nội 1 giờ trước Nguyễn Đổng Chi 65m2, 5 tầng, mt 4m, Gần phố, Nhà mới 5.8 tỷ. 5,8 tỷ + Vị trí đẹp cách mặt phố 30m, nhà 2 mặt thoáng nên phòng nào cũng thoáng sáng, cách bến xe Mỹ Đình 800m, cách sân vận động Mỹ Đình 800m,... Nhà Diện tích: 65m2 Hà Nội 2 giờ trước Liên cơ 80m2, 5 tầng, thoáng trước sau, ô tô 7 chỗ chỉ 6.6 tỷ. 6,6 tỷ + Vị trí đẹp ngõ thông, trung tâm Nam Từ Liêm, cách bến xe Mỹ Đình 800m, cách sân vận động Mỹ Đình 800m, giao thông thuận tiện. Ngõ rộng ô... Nhà Diện tích: 80m2 Hà Nội 10 giờ trước Mỹ Đình – Nam Từ Liêm 60m2, 5 tầng, mt 6m, Nhà mới, Kinh doanh đẹp, 5.9 tỷ. 5,9 tỷ Vị trí đẹp nhà lô góc, giao thông thuận tiện Mỹ Đình, Thiên Hiền, Trần Bình, Phạm Hùng, Nguyễn Hoàng...gần Bến xe Mỹ Đình, Sân Bóng Mỹ... Nhà Diện tích: 60m2 Hà Nội 15 giờ trước Kinh doanh Sầm uất, Gara ô tô, Ngõ Thông Mễ Trì 74m2, 5 tầng, mt 4.7m, có 7.2 tỷ. 7,2 tỷ Vị trí gần ngay chợ Mễ Trì Hạ cũ, xung quanh kinh doanh sầm uất hàng quán ngày đêm. Cách phố Đồng Me vài chục mét, hiện tại phố Đồng Me... Nhà Diện tích: 74m2 Hà Nội 2 giờ trước Kinh doanh, vỉa hè Phan Văn Trường 42m2, mt 4m, chỉ 6.5 tỷ. 6,5 tỷ - Nhà nằm ở 2 mặt ngõ Phan Văn Trường. Đi từ mặt phố Phan Văn Trường vào hoặc từ ngõ 130 Xuân Thủy vào nhà đều đẹp. - Khu vực trung tâm... Nhà Diện tích: 42m2 Hà Nội 2 giờ trước Ô tô vào nhà Dịch Vọng Hậu 65m2, 5 tầng, 9.5 tỷ. 9,5 tỷ + Mặt ngõ ô tô 6m, cách một nhà ra mặt Dịch Vọng Hậu. Khu vực trung tâm Cầu Giấy, tập trung nhiều tiện ích văn phòng. Phù hợp để ở, làm... Nhà Diện tích: 65m2 Hà Nội 14 giờ trước 7 tầng Thang Máy, Gara, Kinh doang VP, Lô góc Hoa Bằng 52m2, mt 5m, 7.7 tỷ. 7,7 tỷ + Nhà nằm cách mặt phố Hoa Bằng vài bước chân, sổ phân lô, dân trí cao. + Nhà lô góc 3 mặt thoáng, ban công rộng tất cả các phòng đều... Nhà Diện tích: 52m2 Hà Nội 2 giờ trước Nhà mới, Lô góc, ba gác đỗ cửa Trần Cung 35m2, 5 tầng, Mt 4m, 3.2 tỷ. 3,2 tỷ Khu vực ngày càng phát triển, xung quanh đầy đủ trường, chợ, tiện ích không thiếu gì. Chỉ 4p ra tới Công viên Hòa Bình, 8p đi tới Phủ Tây... Nhà Diện tích: 35m2 Hà Nội 5 giờ trước Mặt phố, Kinh doanh Đình Thôn – Nam Từ Liêm, 65m2, Mt5m, 10.5 tỷ 10,5 tỷ Vị trí giao thông đi lại thuận tiện mọi hướng... - Mặt phố kinh doanh gì cũng được, nhà cấp 4 đang cho thuê 15 triệu/ tháng. - Mặt phố... Nhà Diện tích: 65m2 Hà Nội 12 giờ trước " DOMCldNum="3" DoC="8" FontSize="14" FontWeight="400" FrameSourceIndex="0" ID="1-8" IsImg="false" LinkNum="30" LinkTextLen="693" ObjectRectHeight="1160" ObjectRectLeft="0" ObjectRectTop="4799" ObjectRectWidth="1420" SRC="&lt;div class=&quot;float-re&quot;&gt;        &lt;article class=&quot;float-re&quot;&gt; &lt;a class=&quot;image&quot; href=&quot;https://bannha.net/Nha-dat/ban-gap-nha-me-tri-thuong-46m2-5-tang-mt-4m-nha-moi-dep-chi-4-ty&quot;&gt;&lt;img alt=&quot;&quot; src=&quot;https://bannha.net/wp-content/uploads/bfi_thumb/90682948_2513002705500888_6069480364882001920_n-onycm0834n9s62d8mrxssphwm4hpblg773obqw529c.jpg&quot;/&gt;&lt;/a&gt; &lt;div class=&quot;info&quot;&gt;  &lt;h3 class=&quot;name&quot;&gt;&lt;a href=&quot;https://bannha.net/Nha-dat/ban-gap-nha-me-tri-thuong-46m2-5-tang-mt-4m-nha-moi-dep-chi-4-ty&quot; style=&quot;color:#0070c0&quot; title=&quot;Bán gấp nhà Mễ Trì Thượng, 46m2, 5 tầng, mt 4m, Nhà mới đẹp chỉ 4 tỷ.&quot;&gt;Bán gấp nhà Mễ Trì Thượng, 46m2, 5 tầng, mt 4m, Nhà mới đẹp chỉ 4 tỷ.&lt;/a&gt;&lt;/h3&gt;  &lt;span class=&quot;price&quot; style=&quot;color:#0070c0&quot;&gt;&lt;strong&gt;4&lt;/strong&gt; tỷ&lt;/span&gt;  &lt;div class=&quot;desc&quot; style=&quot;width: 100%;float: left;font-size: 13px;margin-bottom: 10px;&quot;&gt;Nhà mới xây xong đẹp long lanh, vị trí rất đẹp ngay gần chợ Mễ Trì Thượng. Ngõ 2m, cách ô tô tránh 15m.- Nhà thiết kế tầng 1 thông, từ...&lt;/div&gt;  &lt;a class=&quot;cat&quot;&gt;Nhà&lt;/a&gt;  &lt;span class=&quot;area&quot;&gt;&lt;strong&gt;Diện tích:&lt;/strong&gt; 46m&lt;sup&gt;2&lt;/sup&gt;&lt;/span&gt;  &lt;span class=&quot;district&quot;&gt;&lt;i class=&quot;ion-ios-location&quot;/&gt;Hà Nội&lt;/span&gt;  &lt;ul class=&quot;meta&quot;&gt;   &lt;li&gt;&lt;i class=&quot;ion-ios-time-outline&quot;/&gt; 1 giờ trước&lt;/li&gt;&lt;!--            &lt;li&gt;&lt;i class=&quot;ion-eye&quot;&gt;&lt;/i&gt;--&gt;&lt;!--&lt;/li&gt;--&gt;&lt;!--            &lt;li&gt;&lt;i class=&quot;ion-eye&quot;&gt;&lt;/i&gt;--&gt;&lt;!--&lt;/li&gt;--&gt;  &lt;/ul&gt; &lt;/div&gt;&lt;/article&gt;&lt;article class=&quot;float-re&quot;&gt; &lt;a class=&quot;image&quot; href=&quot;https://bannha.net/Nha-dat/nguyen-dong-chi-65m2-5-tang-mt-4m-gan-pho-nha-moi-5-8-ty&quot;&gt;&lt;img alt=&quot;&quot; src=&quot;https://bannha.net/wp-content/uploads/bfi_thumb/91069216_2513017368832755_5494274559072796672_n-onycislxs0vii116dvyos0o7jqbk0tp7r7flpuwhio.jpg&quot;/&gt;&lt;/a&gt; &lt;div class=&quot;info&quot;&gt;  &lt;h3 class=&quot;name&quot;&gt;&lt;a href=&quot;https://bannha.net/Nha-dat/nguyen-dong-chi-65m2-5-tang-mt-4m-gan-pho-nha-moi-5-8-ty&quot; style=&quot;color:#0070c0&quot; title=&quot;Nguyễn Đổng Chi 65m2, 5 tầng, mt 4m, Gần phố, Nhà mới 5.8 tỷ.&quot;&gt;Nguyễn Đổng Chi 65m2, 5 tầng, mt 4m, Gần phố, Nhà mới 5.8 tỷ.&lt;/a&gt;&lt;/h3&gt;  &lt;span class=&quot;price&quot; style=&quot;color:#0070c0&quot;&gt;&lt;strong&gt;5,8&lt;/strong&gt; tỷ&lt;/span&gt;  &lt;div class=&quot;desc&quot; style=&quot;width: 100%;float: left;font-size: 13px;margin-bottom: 10px;&quot;&gt;+ Vị trí đẹp cách mặt phố 30m, nhà 2 mặt thoáng nên phòng nào cũng thoáng sáng, cách bến xe Mỹ Đình 800m, cách sân vận động Mỹ Đình 800m,...&lt;/div&gt;  &lt;a class=&quot;cat&quot;&gt;Nhà&lt;/a&gt;  &lt;span class=&quot;area&quot;&gt;&lt;strong&gt;Diện tích:&lt;/strong&gt; 65m&lt;sup&gt;2&lt;/sup&gt;&lt;/span&gt;  &lt;span class=&quot;district&quot;&gt;&lt;i class=&quot;ion-ios-location&quot;/&gt;Hà Nội&lt;/span&gt;  &lt;ul class=&quot;meta&quot;&gt;   &lt;li&gt;&lt;i class=&quot;ion-ios-time-outline&quot;/&gt; 2 giờ trước&lt;/li&gt;&lt;!--            &lt;li&gt;&lt;i class=&quot;ion-eye&quot;&gt;&lt;/i&gt;--&gt;&lt;!--&lt;/li&gt;--&gt;&lt;!--            &lt;li&gt;&lt;i class=&quot;ion-eye&quot;&gt;&lt;/i&gt;--&gt;&lt;!--&lt;/li&gt;--&gt;  &lt;/ul&gt; &lt;/div&gt;&lt;/article&gt;&lt;article class=&quot;float-re&quot;&gt; &lt;a class=&quot;image&quot; href=&quot;https://bannha.net/Nha-dat/lien-co-80m2-5-tang-thoang-truoc-sau-o-to-7-cho-chi-6-6-ty&quot;&gt;&lt;img alt=&quot;&quot; src=&quot;https://bannha.net/wp-content/uploads/bfi_thumb/91084368_2514722365328922_2280695129587056640_n-onycg2uq195oykz68pphkpc9rnpdsax4prl3t2xfhs.jpg&quot;/&gt;&lt;/a&gt; &lt;div class=&quot;info&quot;&gt;  &lt;h3 class=&quot;name&quot;&gt;&lt;a href=&quot;https://bannha.net/Nha-dat/lien-co-80m2-5-tang-thoang-truoc-sau-o-to-7-cho-chi-6-6-ty&quot; style=&quot;color:#0070c0&quot; title=&quot;Liên cơ 80m2, 5 tầng, thoáng trước sau, ô tô 7 chỗ chỉ 6.6 tỷ.&quot;&gt;Liên cơ 80m2, 5 tầng, thoáng trước sau, ô tô 7 chỗ chỉ 6.6 tỷ.&lt;/a&gt;&lt;/h3&gt;  &lt;span class=&quot;price&quot; style=&quot;color:#0070c0&quot;&gt;&lt;strong&gt;6,6&lt;/strong&gt; tỷ&lt;/span&gt;  &lt;div class=&quot;desc&quot; style=&quot;width: 100%;float: left;font-size: 13px;margin-bottom: 10px;&quot;&gt;+ Vị trí đẹp ngõ thông, trung tâm Nam Từ Liêm, cách bến xe Mỹ Đình 800m, cách sân vận động Mỹ Đình 800m, giao thông thuận tiện. Ngõ rộng ô...&lt;/div&gt;  &lt;a class=&quot;cat&quot;&gt;Nhà&lt;/a&gt;  &lt;span class=&quot;area&quot;&gt;&lt;strong&gt;Diện tích:&lt;/strong&gt; 80m&lt;sup&gt;2&lt;/sup&gt;&lt;/span&gt;  &lt;span class=&quot;district&quot;&gt;&lt;i class=&quot;ion-ios-location&quot;/&gt;Hà Nội&lt;/span&gt;  &lt;ul class=&quot;meta&quot;&gt;   &lt;li&gt;&lt;i class=&quot;ion-ios-time-outline&quot;/&gt; 10 giờ trước&lt;/li&gt;&lt;!--            &lt;li&gt;&lt;i class=&quot;ion-eye&quot;&gt;&lt;/i&gt;--&gt;&lt;!--&lt;/li&gt;--&gt;&lt;!--            &lt;li&gt;&lt;i class=&quot;ion-eye&quot;&gt;&lt;/i&gt;--&gt;&lt;!--&lt;/li&gt;--&gt;  &lt;/ul&gt; &lt;/div&gt;&lt;/article&gt;&lt;article class=&quot;float-re&quot;&gt; &lt;a class=&quot;image&quot; href=&quot;https://bannha.net/Nha-dat/my-dinh-nam-tu-liem-60m2-5-tang-mt-6m-nha-moi-kinh-doanh-dep-5-9-ty&quot;&gt;&lt;img alt=&quot;&quot; src=&quot;https://bannha.net/wp-content/uploads/bfi_thumb/91497295_2516014005199758_935069678043136000_n-onycbqtiir83fb9tju9f2spr5p2gajposbai55cs6o.jpg&quot;/&gt;&lt;/a&gt; &lt;div class=&quot;info&quot;&gt;  &lt;h3 class=&quot;name&quot;&gt;&lt;a href=&quot;https://bannha.net/Nha-dat/my-dinh-nam-tu-liem-60m2-5-tang-mt-6m-nha-moi-kinh-doanh-dep-5-9-ty&quot; style=&quot;color:#0070c0&quot; title=&quot;Mỹ Đình – Nam Từ Liêm 60m2, 5 tầng, mt 6m, Nhà mới, Kinh doanh đẹp, 5.9 tỷ.&quot;&gt;Mỹ Đình – Nam Từ Liêm 60m2, 5 tầng, mt 6m, Nhà mới, Kinh doanh đẹp, 5.9 tỷ.&lt;/a&gt;&lt;/h3&gt;  &lt;span class=&quot;price&quot; style=&quot;color:#0070c0&quot;&gt;&lt;strong&gt;5,9&lt;/strong&gt; tỷ&lt;/span&gt;  &lt;div class=&quot;desc&quot; style=&quot;width: 100%;float: left;font-size: 13px;margin-bottom: 10px;&quot;&gt; Vị trí đẹp nhà lô góc, giao thông thuận tiện Mỹ Đình, Thiên Hiền, Trần Bình, Phạm Hùng, Nguyễn Hoàng...gần Bến xe Mỹ Đình, Sân Bóng Mỹ...&lt;/div&gt;  &lt;a class=&quot;cat&quot;&gt;Nhà&lt;/a&gt;  &lt;span class=&quot;area&quot;&gt;&lt;strong&gt;Diện tích:&lt;/strong&gt; 60m&lt;sup&gt;2&lt;/sup&gt;&lt;/span&gt;  &lt;span class=&quot;district&quot;&gt;&lt;i class=&quot;ion-ios-location&quot;/&gt;Hà Nội&lt;/span&gt;  &lt;ul class=&quot;meta&quot;&gt;   &lt;li&gt;&lt;i class=&quot;ion-ios-time-outline&quot;/&gt; 15 giờ trước&lt;/li&gt;&lt;!--            &lt;li&gt;&lt;i class=&quot;ion-eye&quot;&gt;&lt;/i&gt;--&gt;&lt;!--&lt;/li&gt;--&gt;&lt;!--            &lt;li&gt;&lt;i class=&quot;ion-eye&quot;&gt;&lt;/i&gt;--&gt;&lt;!--&lt;/li&gt;--&gt;  &lt;/ul&gt; &lt;/div&gt;&lt;/article&gt;&lt;article class=&quot;float-re&quot;&gt; &lt;a class=&quot;image&quot; href=&quot;https://bannha.net/Nha-dat/kinh-doanh-sam-uat-gara-o-to-ngo-thong-me-tri-74m2-5-tang-mt-4-7m-co-7-2-ty&quot;&gt;&lt;img alt=&quot;&quot; src=&quot;https://bannha.net/wp-content/uploads/bfi_thumb/90786908_2516024688532023_3080819220112474112_n-onyc8tjl9b7zaziqmkr7bja4mjhccg3r1u84e5ovjk.jpg&quot;/&gt;&lt;/a&gt; &lt;div class=&quot;info&quot;&gt;  &lt;h3 class=&quot;name&quot;&gt;&lt;a href=&quot;https://bannha.net/Nha-dat/kinh-doanh-sam-uat-gara-o-to-ngo-thong-me-tri-74m2-5-tang-mt-4-7m-co-7-2-ty&quot; style=&quot;color:#0070c0&quot; title=&quot;Kinh doanh Sầm uất, Gara ô tô, Ngõ Thông Mễ Trì 74m2, 5 tầng, mt 4.7m, có 7.2 tỷ.&quot;&gt;Kinh doanh Sầm uất, Gara ô tô, Ngõ Thông Mễ Trì 74m2, 5 tầng, mt 4.7m, có 7.2 tỷ.&lt;/a&gt;&lt;/h3&gt;  &lt;span class=&quot;price&quot; style=&quot;color:#0070c0&quot;&gt;&lt;strong&gt;7,2&lt;/strong&gt; tỷ&lt;/span&gt;  &lt;div class=&quot;desc&quot; style=&quot;width: 100%;float: left;font-size: 13px;margin-bottom: 10px;&quot;&gt; Vị trí gần ngay chợ Mễ Trì Hạ cũ, xung quanh kinh doanh sầm uất hàng quán ngày đêm. Cách phố Đồng Me vài chục mét, hiện tại phố Đồng Me...&lt;/div&gt;  &lt;a class=&quot;cat&quot;&gt;Nhà&lt;/a&gt;  &lt;span class=&quot;area&quot;&gt;&lt;strong&gt;Diện tích:&lt;/strong&gt; 74m&lt;sup&gt;2&lt;/sup&gt;&lt;/span&gt;  &lt;span class=&quot;district&quot;&gt;&lt;i class=&quot;ion-ios-location&quot;/&gt;Hà Nội&lt;/span&gt;  &lt;ul class=&quot;meta&quot;&gt;   &lt;li&gt;&lt;i class=&quot;ion-ios-time-outline&quot;/&gt; 2 giờ trước&lt;/li&gt;&lt;!--            &lt;li&gt;&lt;i class=&quot;ion-eye&quot;&gt;&lt;/i&gt;--&gt;&lt;!--&lt;/li&gt;--&gt;&lt;!--            &lt;li&gt;&lt;i class=&quot;ion-eye&quot;&gt;&lt;/i&gt;--&gt;&lt;!--&lt;/li&gt;--&gt;  &lt;/ul&gt; &lt;/div&gt;&lt;/article&gt;&lt;article class=&quot;float-re&quot;&gt; &lt;a class=&quot;image&quot; href=&quot;https://bannha.net/Nha-dat/kinh-doanh-via-he-phan-van-truong-42m2-mt-4m-chi-6-5-ty&quot;&gt;&lt;img alt=&quot;&quot; src=&quot;https://bannha.net/wp-content/uploads/bfi_thumb/91292805_2517583281709497_2296227333352194048_n-onyc5j3xc6puo4aru5k7ld61rzp3el1klk0xxakhbk.jpg&quot;/&gt;&lt;/a&gt; &lt;div class=&quot;info&quot;&gt;  &lt;h3 class=&quot;name&quot;&gt;&lt;a href=&quot;https://bannha.net/Nha-dat/kinh-doanh-via-he-phan-van-truong-42m2-mt-4m-chi-6-5-ty&quot; style=&quot;color:#0070c0&quot; title=&quot;Kinh doanh, vỉa hè Phan Văn Trường 42m2, mt 4m, chỉ 6.5 tỷ.&quot;&gt;Kinh doanh, vỉa hè Phan Văn Trường 42m2, mt 4m, chỉ 6.5 tỷ.&lt;/a&gt;&lt;/h3&gt;  &lt;span class=&quot;price&quot; style=&quot;color:#0070c0&quot;&gt;&lt;strong&gt;6,5&lt;/strong&gt; tỷ&lt;/span&gt;  &lt;div class=&quot;desc&quot; style=&quot;width: 100%;float: left;font-size: 13px;margin-bottom: 10px;&quot;&gt;- Nhà nằm ở 2 mặt ngõ Phan Văn Trường. Đi từ mặt phố Phan Văn Trường vào hoặc từ ngõ 130 Xuân Thủy vào nhà đều đẹp.- Khu vực trung tâm...&lt;/div&gt;  &lt;a class=&quot;cat&quot;&gt;Nhà&lt;/a&gt;  &lt;span class=&quot;area&quot;&gt;&lt;strong&gt;Diện tích:&lt;/strong&gt; 42m&lt;sup&gt;2&lt;/sup&gt;&lt;/span&gt;  &lt;span class=&quot;district&quot;&gt;&lt;i class=&quot;ion-ios-location&quot;/&gt;Hà Nội&lt;/span&gt;  &lt;ul class=&quot;meta&quot;&gt;   &lt;li&gt;&lt;i class=&quot;ion-ios-time-outline&quot;/&gt; 2 giờ trước&lt;/li&gt;&lt;!--            &lt;li&gt;&lt;i class=&quot;ion-eye&quot;&gt;&lt;/i&gt;--&gt;&lt;!--&lt;/li&gt;--&gt;&lt;!--            &lt;li&gt;&lt;i class=&quot;ion-eye&quot;&gt;&lt;/i&gt;--&gt;&lt;!--&lt;/li&gt;--&gt;  &lt;/ul&gt; &lt;/div&gt;&lt;/article&gt;&lt;article class=&quot;float-re&quot;&gt; &lt;a class=&quot;image&quot; href=&quot;https://bannha.net/Nha-dat/o-to-vao-nha-dich-vong-hau-65m2-5-tang-9-5-ty&quot;&gt;&lt;img alt=&quot;&quot; src=&quot;https://bannha.net/wp-content/uploads/bfi_thumb/91067337_2517595368374955_7498308133337432064_n-onyc2onin8tlimflgf9vjl0t0zq33kqtvgx0m4se5s.jpg&quot;/&gt;&lt;/a&gt; &lt;div class=&quot;info&quot;&gt;  &lt;h3 class=&quot;name&quot;&gt;&lt;a href=&quot;https://bannha.net/Nha-dat/o-to-vao-nha-dich-vong-hau-65m2-5-tang-9-5-ty&quot; style=&quot;color:#0070c0&quot; title=&quot;Ô tô vào nhà Dịch Vọng Hậu 65m2, 5 tầng, 9.5 tỷ.&quot;&gt;Ô tô vào nhà Dịch Vọng Hậu 65m2, 5 tầng, 9.5 tỷ.&lt;/a&gt;&lt;/h3&gt;  &lt;span class=&quot;price&quot; style=&quot;color:#0070c0&quot;&gt;&lt;strong&gt;9,5&lt;/strong&gt; tỷ&lt;/span&gt;  &lt;div class=&quot;desc&quot; style=&quot;width: 100%;float: left;font-size: 13px;margin-bottom: 10px;&quot;&gt;+ Mặt ngõ ô tô 6m, cách một nhà ra mặt Dịch Vọng Hậu. Khu vực trung tâm Cầu Giấy, tập trung nhiều tiện ích văn phòng. Phù hợp để ở, làm...&lt;/div&gt;  &lt;a class=&quot;cat&quot;&gt;Nhà&lt;/a&gt;  &lt;span class=&quot;area&quot;&gt;&lt;strong&gt;Diện tích:&lt;/strong&gt; 65m&lt;sup&gt;2&lt;/sup&gt;&lt;/span&gt;  &lt;span class=&quot;district&quot;&gt;&lt;i class=&quot;ion-ios-location&quot;/&gt;Hà Nội&lt;/span&gt;  &lt;ul class=&quot;meta&quot;&gt;   &lt;li&gt;&lt;i class=&quot;ion-ios-time-outline&quot;/&gt; 14 giờ trước&lt;/li&gt;&lt;!--            &lt;li&gt;&lt;i class=&quot;ion-eye&quot;&gt;&lt;/i&gt;--&gt;&lt;!--&lt;/li&gt;--&gt;&lt;!--            &lt;li&gt;&lt;i class=&quot;ion-eye&quot;&gt;&lt;/i&gt;--&gt;&lt;!--&lt;/li&gt;--&gt;  &lt;/ul&gt; &lt;/div&gt;&lt;/article&gt;&lt;article class=&quot;float-re&quot;&gt; &lt;a class=&quot;image&quot; href=&quot;https://bannha.net/Nha-dat/7-tang-thang-may-gara-kinh-doang-vp-lo-goc-hoa-bang-52m2-mt-5m-7-7-ty&quot;&gt;&lt;img alt=&quot;&quot; src=&quot;https://bannha.net/wp-content/uploads/bfi_thumb/91239578_2520497704751388_8309859748858036224_n-onyc01ptgz7my09hus8k1qz912q0i59xuf0z56p5m8.jpg&quot;/&gt;&lt;/a&gt; &lt;div class=&quot;info&quot;&gt;  &lt;h3 class=&quot;name&quot;&gt;&lt;a href=&quot;https://bannha.net/Nha-dat/7-tang-thang-may-gara-kinh-doang-vp-lo-goc-hoa-bang-52m2-mt-5m-7-7-ty&quot; style=&quot;color:#0070c0&quot; title=&quot;7 tầng Thang Máy, Gara, Kinh doang VP, Lô góc Hoa Bằng 52m2, mt 5m, 7.7 tỷ.&quot;&gt;7 tầng Thang Máy, Gara, Kinh doang VP, Lô góc Hoa Bằng 52m2, mt 5m, 7.7 tỷ.&lt;/a&gt;&lt;/h3&gt;  &lt;span class=&quot;price&quot; style=&quot;color:#0070c0&quot;&gt;&lt;strong&gt;7,7&lt;/strong&gt; tỷ&lt;/span&gt;  &lt;div class=&quot;desc&quot; style=&quot;width: 100%;float: left;font-size: 13px;margin-bottom: 10px;&quot;&gt;+ Nhà nằm cách mặt phố Hoa Bằng vài bước chân, sổ phân lô, dân trí cao.+ Nhà lô góc 3 mặt thoáng, ban công rộng tất cả các phòng đều...&lt;/div&gt;  &lt;a class=&quot;cat&quot;&gt;Nhà&lt;/a&gt;  &lt;span class=&quot;area&quot;&gt;&lt;strong&gt;Diện tích:&lt;/strong&gt; 52m&lt;sup&gt;2&lt;/sup&gt;&lt;/span&gt;  &lt;span class=&quot;district&quot;&gt;&lt;i class=&quot;ion-ios-location&quot;/&gt;Hà Nội&lt;/span&gt;  &lt;ul class=&quot;meta&quot;&gt;   &lt;li&gt;&lt;i class=&quot;ion-ios-time-outline&quot;/&gt; 2 giờ trước&lt;/li&gt;&lt;!--            &lt;li&gt;&lt;i class=&quot;ion-eye&quot;&gt;&lt;/i&gt;--&gt;&lt;!--&lt;/li&gt;--&gt;&lt;!--            &lt;li&gt;&lt;i class=&quot;ion-eye&quot;&gt;&lt;/i&gt;--&gt;&lt;!--&lt;/li&gt;--&gt;  &lt;/ul&gt; &lt;/div&gt;&lt;/article&gt;&lt;article class=&quot;float-re&quot;&gt; &lt;a class=&quot;image&quot; href=&quot;https://bannha.net/Nha-dat/nha-moi-lo-goc-ba-gac-do-cua-tran-cung-35m2-5-tang-mt-4m-3-2-ty&quot;&gt;&lt;img alt=&quot;&quot; src=&quot;https://bannha.net/wp-content/uploads/bfi_thumb/90528978_2520511694749989_4304268820773601280_n-onybx2k7tv4y6gl58hx35i0pb5e64ngjfonmfn41bk.jpg&quot;/&gt;&lt;/a&gt; &lt;div class=&quot;info&quot;&gt;  &lt;h3 class=&quot;name&quot;&gt;&lt;a href=&quot;https://bannha.net/Nha-dat/nha-moi-lo-goc-ba-gac-do-cua-tran-cung-35m2-5-tang-mt-4m-3-2-ty&quot; style=&quot;color:#0070c0&quot; title=&quot;Nhà mới, Lô góc, ba gác đỗ cửa Trần Cung 35m2, 5 tầng, Mt 4m, 3.2 tỷ.&quot;&gt;Nhà mới, Lô góc, ba gác đỗ cửa Trần Cung 35m2, 5 tầng, Mt 4m, 3.2 tỷ.&lt;/a&gt;&lt;/h3&gt;  &lt;span class=&quot;price&quot; style=&quot;color:#0070c0&quot;&gt;&lt;strong&gt;3,2&lt;/strong&gt; tỷ&lt;/span&gt;  &lt;div class=&quot;desc&quot; style=&quot;width: 100%;float: left;font-size: 13px;margin-bottom: 10px;&quot;&gt; Khu vực ngày càng phát triển, xung quanh đầy đủ trường, chợ, tiện ích không thiếu gì. Chỉ 4p ra tới Công viên Hòa Bình, 8p đi tới Phủ Tây...&lt;/div&gt;  &lt;a class=&quot;cat&quot;&gt;Nhà&lt;/a&gt;  &lt;span class=&quot;area&quot;&gt;&lt;strong&gt;Diện tích:&lt;/strong&gt; 35m&lt;sup&gt;2&lt;/sup&gt;&lt;/span&gt;  &lt;span class=&quot;district&quot;&gt;&lt;i class=&quot;ion-ios-location&quot;/&gt;Hà Nội&lt;/span&gt;  &lt;ul class=&quot;meta&quot;&gt;   &lt;li&gt;&lt;i class=&quot;ion-ios-time-outline&quot;/&gt; 5 giờ trước&lt;/li&gt;&lt;!--            &lt;li&gt;&lt;i class=&quot;ion-eye&quot;&gt;&lt;/i&gt;--&gt;&lt;!--&lt;/li&gt;--&gt;&lt;!--            &lt;li&gt;&lt;i class=&quot;ion-eye&quot;&gt;&lt;/i&gt;--&gt;&lt;!--&lt;/li&gt;--&gt;  &lt;/ul&gt; &lt;/div&gt;&lt;/article&gt;&lt;article class=&quot;float-re&quot;&gt; &lt;a class=&quot;image&quot; href=&quot;https://bannha.net/Nha-dat/mat-pho-kinh-doanh-dinh-thon-nam-tu-liem-65m2-mt5m-10-5-ty&quot;&gt;&lt;img alt=&quot;&quot; src=&quot;https://bannha.net/wp-content/uploads/bfi_thumb/91206386_2521903531277472_4118370979661479936_n-onybrybumc4qyw0r4aa7ksicvmm87z55ecsgdep774.jpg&quot;/&gt;&lt;/a&gt; &lt;div class=&quot;info&quot;&gt;  &lt;h3 class=&quot;name&quot;&gt;&lt;a href=&quot;https://bannha.net/Nha-dat/mat-pho-kinh-doanh-dinh-thon-nam-tu-liem-65m2-mt5m-10-5-ty&quot; style=&quot;color:#0070c0&quot; title=&quot;Mặt phố, Kinh doanh Đình Thôn – Nam Từ Liêm, 65m2, Mt5m, 10.5 tỷ&quot;&gt;Mặt phố, Kinh doanh Đình Thôn – Nam Từ Liêm, 65m2, Mt5m, 10.5 tỷ&lt;/a&gt;&lt;/h3&gt;  &lt;span class=&quot;price&quot; style=&quot;color:#0070c0&quot;&gt;&lt;strong&gt;10,5&lt;/strong&gt; tỷ&lt;/span&gt;  &lt;div class=&quot;desc&quot; style=&quot;width: 100%;float: left;font-size: 13px;margin-bottom: 10px;&quot;&gt; Vị trí giao thông đi lại thuận tiện mọi hướng...- Mặt phố kinh doanh gì cũng được, nhà cấp 4 đang cho thuê 15 triệu/ tháng.- Mặt phố...&lt;/div&gt;  &lt;a class=&quot;cat&quot;&gt;Nhà&lt;/a&gt;  &lt;span class=&quot;area&quot;&gt;&lt;strong&gt;Diện tích:&lt;/strong&gt; 65m&lt;sup&gt;2&lt;/sup&gt;&lt;/span&gt;  &lt;span class=&quot;district&quot;&gt;&lt;i class=&quot;ion-ios-location&quot;/&gt;Hà Nội&lt;/span&gt;  &lt;ul class=&quot;meta&quot;&gt;   &lt;li&gt;&lt;i class=&quot;ion-ios-time-outline&quot;/&gt; 12 giờ trước&lt;/li&gt;&lt;!--            &lt;li&gt;&lt;i class=&quot;ion-eye&quot;&gt;&lt;/i&gt;--&gt;&lt;!--&lt;/li&gt;--&gt;&lt;!--            &lt;li&gt;&lt;i class=&quot;ion-eye&quot;&gt;&lt;/i&gt;--&gt;&lt;!--&lt;/li&gt;--&gt;  &lt;/ul&gt; &lt;/div&gt;&lt;/article&gt;       &lt;/div&gt;" SourceIndex="1048" TextLen="2479" order="25" xPath="/XPspan"/>
<LayoutNode BgColor="#ffffff" ContainImg="0" ContainP="0" ContainTable="false" Content="Quận 1Quận 2Quận 3Quận 4Quận 5Quận 6Quận 7Quận 8Quận Gò VấpQuận Thủ ĐứcQuận Bình TânQuận Tân Phú Quận 9Quận 10Quận 11Quận 12Quận Phú NhuậnQuận Bình ThạnhQuận Tân BìnhHuyện Bình ChánhHuyện Cần GiờHuyện Củ ChiHuyện Hóc MônHuyện Nhà Bè Quận Hoàn KiếmQuận Hoàng MaiQuận Cầu GiấyQuận Ba ĐìnhQuận Nam Từ LiêmQuận Bắc Từ LiêmQuận Hai Bà TrưngQuận Tây HồQuận Long BiênQuận Hà ĐôngQuận Đống ĐaQuận Thanh Xuân Tài khoản Danh sách tin đăng Dịch vụ Hỗ trợ Giới thiệu Điều khoản thoả thuận Chính sách bảo mật Giải quyết tranh chấp Tuyển dụng " DOMCldNum="1" DoC="8" FontSize="14" FontWeight="400" FrameSourceIndex="0" ID="1-9" IsImg="false" LinkNum="45" LinkTextLen="517" ObjectRectHeight="385" ObjectRectLeft="0" ObjectRectTop="6014" ObjectRectWidth="1420" SRC="&lt;ul class=&quot;menu&quot; id=&quot;menu-menufoot-1&quot;&gt;&lt;li class=&quot;menu-item menu-item-type-taxonomy menu-item-object-property_city menu-item-94034&quot; id=&quot;menu-item-94034&quot;&gt;&lt;a href=&quot;https://bannha.net/mua-ban-nha-dat/quan-1&quot;&gt;Quận 1&lt;/a&gt;&lt;/li&gt;&lt;li class=&quot;menu-item menu-item-type-taxonomy menu-item-object-property_city menu-item-94035&quot; id=&quot;menu-item-94035&quot;&gt;&lt;a href=&quot;https://bannha.net/mua-ban-nha-dat/quan-2&quot;&gt;Quận 2&lt;/a&gt;&lt;/li&gt;&lt;li class=&quot;menu-item menu-item-type-taxonomy menu-item-object-property_city menu-item-94036&quot; id=&quot;menu-item-94036&quot;&gt;&lt;a href=&quot;https://bannha.net/mua-ban-nha-dat/quan-3&quot;&gt;Quận 3&lt;/a&gt;&lt;/li&gt;&lt;li class=&quot;menu-item menu-item-type-taxonomy menu-item-object-property_city menu-item-94037&quot; id=&quot;menu-item-94037&quot;&gt;&lt;a href=&quot;https://bannha.net/mua-ban-nha-dat/quan-4&quot;&gt;Quận 4&lt;/a&gt;&lt;/li&gt;&lt;li class=&quot;menu-item menu-item-type-taxonomy menu-item-object-property_city menu-item-94038&quot; id=&quot;menu-item-94038&quot;&gt;&lt;a href=&quot;https://bannha.net/mua-ban-nha-dat/quan-5&quot;&gt;Quận 5&lt;/a&gt;&lt;/li&gt;&lt;li class=&quot;menu-item menu-item-type-taxonomy menu-item-object-property_city menu-item-94039&quot; id=&quot;menu-item-94039&quot;&gt;&lt;a href=&quot;https://bannha.net/mua-ban-nha-dat/quan-6&quot;&gt;Quận 6&lt;/a&gt;&lt;/li&gt;&lt;li class=&quot;menu-item menu-item-type-taxonomy menu-item-object-property_city menu-item-94040&quot; id=&quot;menu-item-94040&quot;&gt;&lt;a href=&quot;https://bannha.net/mua-ban-nha-dat/quan-7&quot;&gt;Quận 7&lt;/a&gt;&lt;/li&gt;&lt;li class=&quot;menu-item menu-item-type-taxonomy menu-item-object-property_city menu-item-94052&quot; id=&quot;menu-item-94052&quot;&gt;&lt;a href=&quot;https://bannha.net/mua-ban-nha-dat/quan-8&quot;&gt;Quận 8&lt;/a&gt;&lt;/li&gt;&lt;li class=&quot;menu-item menu-item-type-taxonomy menu-item-object-property_city menu-item-96537&quot; id=&quot;menu-item-96537&quot;&gt;&lt;a href=&quot;https://bannha.net/mua-ban-nha-dat/quan-go-vap&quot;&gt;Quận Gò Vấp&lt;/a&gt;&lt;/li&gt;&lt;li class=&quot;menu-item menu-item-type-taxonomy menu-item-object-property_city menu-item-96538&quot; id=&quot;menu-item-96538&quot;&gt;&lt;a href=&quot;https://bannha.net/mua-ban-nha-dat/quan-thu-duc&quot;&gt;Quận Thủ Đức&lt;/a&gt;&lt;/li&gt;&lt;li class=&quot;menu-item menu-item-type-taxonomy menu-item-object-property_city menu-item-96539&quot; id=&quot;menu-item-96539&quot;&gt;&lt;a href=&quot;https://bannha.net/mua-ban-nha-dat/quan-binh-tan&quot;&gt;Quận Bình Tân&lt;/a&gt;&lt;/li&gt;&lt;li class=&quot;menu-item menu-item-type-taxonomy menu-item-object-property_city menu-item-96540&quot; id=&quot;menu-item-96540&quot;&gt;&lt;a href=&quot;https://bannha.net/mua-ban-nha-dat/quan-tan-phu&quot;&gt;Quận Tân Phú&lt;/a&gt;&lt;/li&gt;&lt;/ul&gt;&lt;ul class=&quot;menu&quot; id=&quot;menu-menufoot-2&quot;&gt;&lt;li class=&quot;menu-item menu-item-type-taxonomy menu-item-object-property_city menu-item-94041&quot; id=&quot;menu-item-94041&quot;&gt;&lt;a href=&quot;https://bannha.net/mua-ban-nha-dat/quan-9&quot;&gt;Quận 9&lt;/a&gt;&lt;/li&gt;&lt;li class=&quot;menu-item menu-item-type-taxonomy menu-item-object-property_city menu-item-94042&quot; id=&quot;menu-item-94042&quot;&gt;&lt;a href=&quot;https://bannha.net/mua-ban-nha-dat/quan-10&quot;&gt;Quận 10&lt;/a&gt;&lt;/li&gt;&lt;li class=&quot;menu-item menu-item-type-taxonomy menu-item-object-property_city menu-item-94043&quot; id=&quot;menu-item-94043&quot;&gt;&lt;a href=&quot;https://bannha.net/mua-ban-nha-dat/quan-11&quot;&gt;Quận 11&lt;/a&gt;&lt;/li&gt;&lt;li class=&quot;menu-item menu-item-type-taxonomy menu-item-object-property_city menu-item-94044&quot; id=&quot;menu-item-94044&quot;&gt;&lt;a href=&quot;https://bannha.net/mua-ban-nha-dat/quan-12&quot;&gt;Quận 12&lt;/a&gt;&lt;/li&gt;&lt;li class=&quot;menu-item menu-item-type-taxonomy menu-item-object-property_city menu-item-94045&quot; id=&quot;menu-item-94045&quot;&gt;&lt;a href=&quot;https://bannha.net/mua-ban-nha-dat/quan-phu-nhuan&quot;&gt;Quận Phú Nhuận&lt;/a&gt;&lt;/li&gt;&lt;li class=&quot;menu-item menu-item-type-taxonomy menu-item-object-property_city menu-item-94046&quot; id=&quot;menu-item-94046&quot;&gt;&lt;a href=&quot;https://bannha.net/mua-ban-nha-dat/quan-binh-thanh&quot;&gt;Quận Bình Thạnh&lt;/a&gt;&lt;/li&gt;&lt;li class=&quot;menu-item menu-item-type-taxonomy menu-item-object-property_city menu-item-94053&quot; id=&quot;menu-item-94053&quot;&gt;&lt;a href=&quot;https://bannha.net/mua-ban-nha-dat/quan-tan-binh&quot;&gt;Quận Tân Bình&lt;/a&gt;&lt;/li&gt;&lt;li class=&quot;menu-item menu-item-type-taxonomy menu-item-object-property_city menu-item-96541&quot; id=&quot;menu-item-96541&quot;&gt;&lt;a href=&quot;https://bannha.net/mua-ban-nha-dat/huyen-binh-chanh&quot;&gt;Huyện Bình Chánh&lt;/a&gt;&lt;/li&gt;&lt;li class=&quot;menu-item menu-item-type-taxonomy menu-item-object-property_city menu-item-96542&quot; id=&quot;menu-item-96542&quot;&gt;&lt;a href=&quot;https://bannha.net/mua-ban-nha-dat/huyen-can-gio&quot;&gt;Huyện Cần Giờ&lt;/a&gt;&lt;/li&gt;&lt;li class=&quot;menu-item menu-item-type-taxonomy menu-item-object-property_city menu-item-96543&quot; id=&quot;menu-item-96543&quot;&gt;&lt;a href=&quot;https://bannha.net/mua-ban-nha-dat/huyen-cu-chi&quot;&gt;Huyện Củ Chi&lt;/a&gt;&lt;/li&gt;&lt;li class=&quot;menu-item menu-item-type-taxonomy menu-item-object-property_city menu-item-96544&quot; id=&quot;menu-item-96544&quot;&gt;&lt;a href=&quot;https://bannha.net/mua-ban-nha-dat/huyen-hoc-mon&quot;&gt;Huyện Hóc Môn&lt;/a&gt;&lt;/li&gt;&lt;li class=&quot;menu-item menu-item-type-taxonomy menu-item-object-property_city menu-item-96545&quot; id=&quot;menu-item-96545&quot;&gt;&lt;a href=&quot;https://bannha.net/mua-ban-nha-dat/huyen-nha-be&quot;&gt;Huyện Nhà Bè&lt;/a&gt;&lt;/li&gt;&lt;/ul&gt;&lt;ul class=&quot;menu&quot; id=&quot;menu-menufoot-3&quot;&gt;&lt;li class=&quot;menu-item menu-item-type-taxonomy menu-item-object-property_city menu-item-96546&quot; id=&quot;menu-item-96546&quot;&gt;&lt;a href=&quot;https://bannha.net/mua-ban-nha-dat/hoan-kiem&quot;&gt;Quận Hoàn Kiếm&lt;/a&gt;&lt;/li&gt;&lt;li class=&quot;menu-item menu-item-type-taxonomy menu-item-object-property_city menu-item-96547&quot; id=&quot;menu-item-96547&quot;&gt;&lt;a href=&quot;https://bannha.net/mua-ban-nha-dat/quan-hoang-mai&quot;&gt;Quận Hoàng Mai&lt;/a&gt;&lt;/li&gt;&lt;li class=&quot;menu-item menu-item-type-taxonomy menu-item-object-property_city menu-item-96548&quot; id=&quot;menu-item-96548&quot;&gt;&lt;a href=&quot;https://bannha.net/mua-ban-nha-dat/quan-cau-giay&quot;&gt;Quận Cầu Giấy&lt;/a&gt;&lt;/li&gt;&lt;li class=&quot;menu-item menu-item-type-taxonomy menu-item-object-property_city menu-item-96549&quot; id=&quot;menu-item-96549&quot;&gt;&lt;a href=&quot;https://bannha.net/mua-ban-nha-dat/quan-ba-dinh&quot;&gt;Quận Ba Đình&lt;/a&gt;&lt;/li&gt;&lt;li class=&quot;menu-item menu-item-type-taxonomy menu-item-object-property_city menu-item-96550&quot; id=&quot;menu-item-96550&quot;&gt;&lt;a href=&quot;https://bannha.net/mua-ban-nha-dat/quan-nam-tu-liem&quot;&gt;Quận Nam Từ Liêm&lt;/a&gt;&lt;/li&gt;&lt;li class=&quot;menu-item menu-item-type-taxonomy menu-item-object-property_city menu-item-96551&quot; id=&quot;menu-item-96551&quot;&gt;&lt;a href=&quot;https://bannha.net/mua-ban-nha-dat/quan-bac-tu-liem&quot;&gt;Quận Bắc Từ Liêm&lt;/a&gt;&lt;/li&gt;&lt;li class=&quot;menu-item menu-item-type-taxonomy menu-item-object-property_city current-property-ancestor current-menu-parent current-property-parent menu-item-96552&quot; id=&quot;menu-item-96552&quot;&gt;&lt;a href=&quot;https://bannha.net/mua-ban-nha-dat/quan-hai-ba-trung&quot;&gt;Quận Hai Bà Trưng&lt;/a&gt;&lt;/li&gt;&lt;li class=&quot;menu-item menu-item-type-taxonomy menu-item-object-property_city menu-item-96553&quot; id=&quot;menu-item-96553&quot;&gt;&lt;a href=&quot;https://bannha.net/mua-ban-nha-dat/quan-tay-ho&quot;&gt;Quận Tây Hồ&lt;/a&gt;&lt;/li&gt;&lt;li class=&quot;menu-item menu-item-type-taxonomy menu-item-object-property_city menu-item-96554&quot; id=&quot;menu-item-96554&quot;&gt;&lt;a href=&quot;https://bannha.net/mua-ban-nha-dat/long-bien&quot;&gt;Quận Long Biên&lt;/a&gt;&lt;/li&gt;&lt;li class=&quot;menu-item menu-item-type-taxonomy menu-item-object-property_city menu-item-96555&quot; id=&quot;menu-item-96555&quot;&gt;&lt;a href=&quot;https://bannha.net/mua-ban-nha-dat/quan-ha-dong&quot;&gt;Quận Hà Đông&lt;/a&gt;&lt;/li&gt;&lt;li class=&quot;menu-item menu-item-type-taxonomy menu-item-object-property_city menu-item-96556&quot; id=&quot;menu-item-96556&quot;&gt;&lt;a href=&quot;https://bannha.net/mua-ban-nha-dat/quan-dong-da&quot;&gt;Quận Đống Đa&lt;/a&gt;&lt;/li&gt;&lt;li class=&quot;menu-item menu-item-type-taxonomy menu-item-object-property_city menu-item-96557&quot; id=&quot;menu-item-96557&quot;&gt;&lt;a href=&quot;https://bannha.net/mua-ban-nha-dat/quan-thanh-xuan&quot;&gt;Quận Thanh Xuân&lt;/a&gt;&lt;/li&gt;&lt;/ul&gt;&lt;section class=&quot;col-12 col-sm-6 col-lg-3 widget-footer-top widget_nav_menu&quot; id=&quot;nav_menu-5&quot;&gt;&lt;div class=&quot;menu-menufoot-4-container&quot;&gt;&lt;ul class=&quot;menu&quot; id=&quot;menu-menufoot-4&quot;&gt;&lt;li class=&quot;menu-item menu-item-type-post_type menu-item-object-page menu-item-94058&quot; id=&quot;menu-item-94058&quot;&gt;&lt;a href=&quot;https://bannha.net/nguoi-dung/tai-khoan&quot;&gt;Tài khoản&lt;/a&gt;&lt;/li&gt;&lt;li class=&quot;menu-item menu-item-type-post_type menu-item-object-page menu-item-94060&quot; id=&quot;menu-item-94060&quot;&gt;&lt;a href=&quot;https://bannha.net/nguoi-dung/danh-sach-tin-dang&quot;&gt;Danh sách tin đăng&lt;/a&gt;&lt;/li&gt;&lt;li class=&quot;menu-item menu-item-type-taxonomy menu-item-object-category menu-item-142497&quot; id=&quot;menu-item-142497&quot;&gt;&lt;a href=&quot;https://bannha.net/tin-tuc-nha-dat/dich-vu&quot;&gt;Dịch vụ&lt;/a&gt;&lt;/li&gt;&lt;li class=&quot;menu-item menu-item-type-taxonomy menu-item-object-category menu-item-114130&quot; id=&quot;menu-item-114130&quot;&gt;&lt;a href=&quot;https://bannha.net/tin-tuc-nha-dat/ho-tro&quot;&gt;Hỗ trợ&lt;/a&gt;&lt;/li&gt;&lt;li class=&quot;menu-item menu-item-type-post_type menu-item-object-page menu-item-159095&quot; id=&quot;menu-item-159095&quot;&gt;&lt;a href=&quot;https://bannha.net/gioi-thieu&quot;&gt;Giới thiệu&lt;/a&gt;&lt;/li&gt;&lt;li class=&quot;menu-item menu-item-type-post_type menu-item-object-page menu-item-159074&quot; id=&quot;menu-item-159074&quot;&gt;&lt;a href=&quot;https://bannha.net/dieu-khoan-thoa-thuan&quot;&gt;Điều khoản thoả thuận&lt;/a&gt;&lt;/li&gt;&lt;li class=&quot;menu-item menu-item-type-post_type menu-item-object-page menu-item-159089&quot; id=&quot;menu-item-159089&quot;&gt;&lt;a href=&quot;https://bannha.net/chinh-sach-bao-mat&quot;&gt;Chính sách bảo mật&lt;/a&gt;&lt;/li&gt;&lt;li class=&quot;menu-item menu-item-type-post_type menu-item-object-page menu-item-159109&quot; id=&quot;menu-item-159109&quot;&gt;&lt;a href=&quot;https://bannha.net/giai-quyet-tranh-chap&quot;&gt;Giải quyết tranh chấp&lt;/a&gt;&lt;/li&gt;&lt;li class=&quot;menu-item menu-item-type-post_type menu-item-object-page menu-item-159100&quot; id=&quot;menu-item-159100&quot;&gt;&lt;a href=&quot;https://bannha.net/tuyen-dung&quot;&gt;Tuyển dụng&lt;/a&gt;&lt;/li&gt;&lt;/ul&gt;&lt;/div&gt;&lt;/section&gt;" SourceIndex="1827" TextLen="562" order="26" xPath="/#document/html/body/div[5]/footer[0]/div[0]/div[0]/div[0]/section[0]/div[0]/ul[11]/li[0]/a[0]/#text"/>
<LayoutNode BgColor="#ffffff" ContainImg="0" ContainP="0" ContainTable="false" Content="Công Ty TNHH Bán Nhà Việt NamCopyright © 2010 - 2016 bannha.net.Tư vấn mua bán, ký gửi, thẩm định giá nhà đất: 0914 35 98 98Email: info@bannha.net® Ghi rõ nguồn &quot;bannha.net&quot; khi phát hành lại thông tin từ website này.Phát triển bởi bannha.net https://bannha.net " DOMCldNum="3" DoC="8" FontSize="14" FontWeight="400" FrameSourceIndex="0" ID="1-10" IsImg="false" LinkNum="1" LinkTextLen="18" ObjectRectHeight="216" ObjectRectLeft="0" ObjectRectTop="6416" ObjectRectWidth="1420" SRC="&lt;div class=&quot;footer-bottom-end&quot;&gt;&lt;div class=&quot;footer-bottom-end-row1&quot;&gt;&lt;strong&gt;Công Ty TNHH Bán Nhà Việt Nam&lt;/strong&gt;&lt;/div&gt;&lt;div class=&quot;footer-bottom-end-row1&quot;&gt;Copyright © 2010 - 2016 bannha.net.&lt;/div&gt;&lt;div class=&quot;footer-bottom-end-row1&quot;&gt;Tư vấn mua bán, ký gửi, thẩm định giá nhà đất: 0914 35 98 98&lt;/div&gt;&lt;div class=&quot;footer-bottom-end-row1&quot;&gt;Email: info@bannha.net&lt;/div&gt;&lt;div class=&quot;footer-bottom-end-row1&quot;&gt;® Ghi rõ nguồn &quot;bannha.net&quot; khi phát hành lại thông tin từ website này.&lt;/div&gt;&lt;div class=&quot;footer-bottom-end-row1&quot;&gt;Phát triển bởi bannha.net &lt;a href=&quot;https://bannha.net/&quot; rel=&quot;noopener&quot; target=&quot;_blank&quot;&gt;https://bannha.net&lt;/a&gt;&lt;/div&gt;&lt;/div&gt;" SourceIndex="2035" TextLen="261" order="27" xPath="/#document/html/body/div[5]/footer[1]/div[0]/div[0]/section[0]/div[0]/footer[0]/div[0]/div[0]/div[5]/div[0]/a[0]/#text"/>
</LayoutNode>
</VIPSPage>
