<VIPSPage PageRectHeight="980" PageRectLeft="0" PageRectTop="0" PageRectWidth="1420" PageTitle="   Bán lô đất đẹp đầy tiềm năng tại khu Bắc Sông Cấm " Url="http://nhadatanphu.com.vn/p-10023/ban-lo-dat-dep-day-tiem-nang-tai-khu-bac-song-cam" WindowHeight="980" WindowWidth="1420" neworder="0" order="0">
<LayoutNode BgColor="#dcdcdc" ContainImg="74" ContainP="19" ContainTable="true" DOMCldNum="9" DoC="1" FontSize="14" FontWeight="bold" FrameSourceIndex="0" ID="1" IsImg="false" LinkNum="205" LinkTextLen="3028" ObjectRectHeight="5828" ObjectRectLeft="0" ObjectRectTop="0" ObjectRectWidth="1420" SourceIndex="60" TextLen="6949" order="1">
<LayoutNode BgColor="#dcdcdc" ContainImg="3" ContainP="0" ContainTable="true" DOMCldNum="9" DoC="5" FontSize="14" FontWeight="bold" FrameSourceIndex="0" ID="1-1" IsImg="false" LinkNum="17" LinkTextLen="150" ObjectRectHeight="312" ObjectRectLeft="0" ObjectRectTop="0" ObjectRectWidth="1420" SourceIndex="60" TextLen="177" order="2">
<LayoutNode BgColor="#dcdcdc" ContainImg="0" ContainP="0" ContainTable="false" Content="NHÀ ĐẤT AN PHÚ - Hotline : 0904 285 111 - 0901 285 333 Facebook Đăng tin Đăng ký Đăng nhập " DOMCldNum="9" DoC="5" FontSize="14" FontWeight="bold" FrameSourceIndex="0" ID="1-1-1" IsImg="false" LinkNum="6" LinkTextLen="69" ObjectRectHeight="40" ObjectRectLeft="0" ObjectRectTop="0" ObjectRectWidth="1420" SRC="&lt;div xmlns=&quot;http://www.w3.org/1999/xhtml&quot; class=&quot;row head-top&quot;&gt;        &lt;div class=&quot;col-xs-12 col-sm-4&quot;&gt;            NHÀ ĐẤT AN PHÚ - Hotline : &lt;a id=&quot;header1_lt_hotline&quot;&gt;0904 285 111 - 0901 285 333&lt;/a&gt;        &lt;/div&gt;        &lt;div class=&quot;col-sm-8 text-right hidden-xs&quot;&gt;            &lt;span&gt;                &lt;a href=&quot;https://www.facebook.com/profile.php?id=100011152817607&quot; rel=&quot;nofollow&quot;&gt;                    &lt;i aria-hidden=&quot;true&quot; class=&quot;fa fa-facebook-official&quot;/&gt; Facebook                &lt;/a&gt;            &lt;/span&gt;                        &lt;span&gt;                            &lt;/span&gt;            &lt;span&gt;                            &lt;/span&gt;            &lt;span&gt;                &lt;a class=&quot;mar-right10&quot; href=&quot;../dang-tin&quot; id=&quot;header1_HyperLink6&quot;&gt;                    &lt;i aria-hidden=&quot;true&quot; class=&quot;fa fa-plus-square&quot;/&gt; Đăng tin                &lt;/a&gt;            &lt;/span&gt;            &lt;span&gt;                &lt;a class=&quot;mar-right10&quot; href=&quot;../dang-ky&quot; id=&quot;header1_hpl_register&quot;&gt;                    &lt;i aria-hidden=&quot;true&quot; class=&quot;fa fa-key&quot;/&gt; Đăng ký                &lt;/a&gt;            &lt;/span&gt;            &lt;span&gt;                &lt;a class=&quot;mar-right10&quot; href=&quot;../dang-nhap&quot; id=&quot;header1_hpl_login&quot;&gt;                    &lt;i aria-hidden=&quot;true&quot; class=&quot;fa fa-user-plus&quot;/&gt; Đăng nhập                &lt;/a&gt;            &lt;/span&gt;            &lt;span&gt;                            &lt;/span&gt;            &lt;span&gt;                            &lt;/span&gt;        &lt;/div&gt;    &lt;/div&gt;" SourceIndex="62" TextLen="96" order="3" xPath="/XPspan"/>
<LayoutNode BgColor="#ffffff" ContainImg="1" ContainP="0" ContainTable="false" Content=" " DOMCldNum="5" DoC="8" FontSize="14" FontWeight="normal" FrameSourceIndex="0" ID="1-1-2" IsImg="false" LinkNum="1" LinkTextLen="0" ObjectRectHeight="90" ObjectRectLeft="0" ObjectRectTop="50" ObjectRectWidth="1420" SRC="&lt;div xmlns=&quot;http://www.w3.org/1999/xhtml&quot; class=&quot;hidden-xs col-sm-4 col-md-4  mar10&quot;&gt;            &lt;a href=&quot;../&quot; id=&quot;header1_hpl_logo&quot;&gt;&lt;img alt=&quot;&quot; src=&quot;../image/logo/2020-4-10/banner-an-phu-874.png&quot;/&gt;&lt;/a&gt;        &lt;/div&gt;" SourceIndex="120" TextLen="0" order="4" xPath="/#document/html/body/div[0]/form[10]/header[1]/div[0]/div[0]/a[0]/img"/>
<LayoutNode BgColor="#ffffff" ContainImg="2" ContainP="0" ContainTable="false" Content=" " DOMCldNum="3" DoC="11" FontSize="14" FontWeight="normal" FrameSourceIndex="0" ID="1-1-3" IsImg="true" LinkNum="0" LinkTextLen="0" ObjectRectHeight="85" ObjectRectLeft="0" ObjectRectTop="160" ObjectRectWidth="1420" SRC="&lt;img xmlns=&quot;http://www.w3.org/1999/xhtml&quot; class=&quot;img-responsive&quot; id=&quot;header1_img_banner&quot; src=&quot;../image/banner/2020-3-28/28/d2cd945334b2cfec96a3-82.jpg&quot;/&gt;" SourceIndex="4343" TextLen="0" order="5" xPath="/#document/html/body/div[0]/form[10]/header[1]/div[1]/div[0]/a[0]/img"/>
<LayoutNode BgColor="#f8f8f8" ContainImg="0" ContainP="0" ContainTable="true" Content="Menu Trang chủ Giới thiệu Cần bán Tất cả Đất mặt đường Đất trong ngõ Dự án - Tái định cư Nhà vườn - biệt thự Trang trại - nhà xưởng - doanh nghiệp Nhà nghỉ - khách sạn Chung cư - nhà tập thể Kiot - cửa hàng Bất động sản còn lại Nhà nguyên căn Cho thuê Tất cả Kiot - cửa hàng Trang trại - nhà xưởng - doanh nghiệp Nhà nghỉ - khách sạn Đất mặt bằng Biệt thự - nhà vườn Bất động sản còn lại Nhà nguyên căn Chung cư - Căn hộ cao cấp - Nhà trọ Đất trong ngõ Cần mua Tất cả Đất mặt đường Dự án - Tái định cư Nhà vườn - biệt thự Trang trại - nhà xưởng - doanh nghiệp Nhà nghỉ - khách sạn Chung cư - nhà tập thể Kiot - cửa hàng Bất động sản còn lại Đất trong ngõ Cần thuê Tất cả Nhà nguyên căn Kiot - cửa hàng Trang trại - nhà xưởng - doanh nghiệp Nhà nghỉ - khách sạn Đất mặt bằng Biệt thự - nhà vườn Bất động sản còn lại Chung cư - Căn hộ cao cấp - Nhà trọ Tư vấn &amp; Hỏi đáp Các mẫu văn bản giao dịch nhà đất Kinh nghiệm mua nhà đất Thủ tục hợp phức, sang tên sổ đỏ Xin phép xây dựng và hợp thức nhà ở Luật đất đai và nhà ở mới nhất Giá đất thành phố Hải Phòng mới nhất Phong thủy và xây dựng cần biết Tình hình thị trường bất động sản Hình ảnh thực tế các dự án Thủy Nguyên Tin Tức Tin tức Nhà đất An Phú Các dự án tại Hải Phòng Thị trường bất động sản Tin Tức Bất Động Sản Hình ảnh thực tế các dự án khác tại Hải Phòng Dự án chợ Núi Đèo( Kiot chợ Núi Đèo) Thủy Nguyên Thông tin đấu giá Chính sách pháp luật - thông tin quy hoạch Các đối tác cùng Nhà Đất An Phú Liên hệ " DOMCldNum="9" DoC="8" FontSize="14" FontWeight="normal" FrameSourceIndex="0" ID="1-1-4" IsImg="false" LinkNum="10" LinkTextLen="81" ObjectRectHeight="56" ObjectRectLeft="0" ObjectRectTop="256" ObjectRectWidth="1420" SRC="&lt;nav xmlns=&quot;http://www.w3.org/1999/xhtml&quot; class=&quot;navbar navbar-default&quot; data-offset-top=&quot;197&quot; data-spy=&quot;affix&quot;&gt;                        &lt;div class=&quot;container-fluid navbar-inverse&quot;&gt;            &lt;div class=&quot;navbar-header&quot;&gt;                &lt;button class=&quot;navbar-toggle&quot; data-target=&quot;#navbarCollapse&quot; data-toggle=&quot;collapse&quot; type=&quot;button&quot;&gt;                    &lt;span class=&quot;sr-only&quot;&gt;Menu&lt;/span&gt;                    &lt;span class=&quot;icon-bar&quot;/&gt;                    &lt;span class=&quot;icon-bar&quot;/&gt;                    &lt;span class=&quot;icon-bar&quot;/&gt;                &lt;/button&gt;                &lt;a class=&quot;navbar-brand&quot; href=&quot;../&quot; id=&quot;header1_HyperLink3&quot;&gt;&lt;i aria-hidden=&quot;true&quot; class=&quot;fa fa-home&quot;/&gt; Trang chủ&lt;/a&gt;            &lt;/div&gt;            &lt;div class=&quot;collapse navbar-collapse&quot; id=&quot;navbarCollapse&quot;&gt;                &lt;ul class=&quot;nav navbar-nav&quot;&gt;                    &lt;li&gt;                        &lt;a href=&quot;../gioi-thieu&quot; id=&quot;header1_HyperLink5&quot;&gt;Giới thiệu&lt;/a&gt;                    &lt;/li&gt;                                                &lt;li class=&quot;dropdown&quot;&gt;                                &lt;a class=&quot;dropdown-toggle&quot; data-toggle=&quot;dropdown&quot; href=&quot;../m-1/can-ban&quot; id=&quot;header1_rpt_menu_HyperLink4_0&quot;&gt;Cần bán&lt;span class=&quot;caret&quot;/&gt;&lt;/a&gt;                                                                                                        &lt;ul class=&quot;dropdown-menu&quot;&gt;                                                                            &lt;li&gt;                                            &lt;a href=&quot;../m-1/can-ban&quot; id=&quot;header1_rpt_menu_rpt_smenu_0_HyperLink4_0&quot;&gt;                                                &lt;i aria-hidden=&quot;true&quot; class=&quot;fa fa-angle-right&quot;/&gt; Tất cả&lt;/a&gt;                                        &lt;/li&gt;                                                                            &lt;li&gt;                                            &lt;a href=&quot;../m-9/dat-mat-duong&quot; id=&quot;header1_rpt_menu_rpt_smenu_0_HyperLink4_1&quot;&gt;                                                &lt;i aria-hidden=&quot;true&quot; class=&quot;fa fa-angle-right&quot;/&gt; Đất mặt đường&lt;/a&gt;                                        &lt;/li&gt;                                                                            &lt;li&gt;                                            &lt;a href=&quot;../m-12/dat-trong-ngo&quot; id=&quot;header1_rpt_menu_rpt_smenu_0_HyperLink4_2&quot;&gt;                                                &lt;i aria-hidden=&quot;true&quot; class=&quot;fa fa-angle-right&quot;/&gt; Đất trong ngõ&lt;/a&gt;                                        &lt;/li&gt;                                                                            &lt;li&gt;                                            &lt;a href=&quot;../m-13/du-an---tai-dinh-cu&quot; id=&quot;header1_rpt_menu_rpt_smenu_0_HyperLink4_3&quot;&gt;                                                &lt;i aria-hidden=&quot;true&quot; class=&quot;fa fa-angle-right&quot;/&gt; Dự án - Tái định cư&lt;/a&gt;                                        &lt;/li&gt;                                                                            &lt;li&gt;                                            &lt;a href=&quot;../m-15/nha-vuon---biet-thu&quot; id=&quot;header1_rpt_menu_rpt_smenu_0_HyperLink4_4&quot;&gt;                                                &lt;i aria-hidden=&quot;true&quot; class=&quot;fa fa-angle-right&quot;/&gt; Nhà vườn - biệt thự&lt;/a&gt;                                        &lt;/li&gt;                                                                            &lt;li&gt;                                            &lt;a href=&quot;../m-17/trang-trai---nha-xuong---doanh-nghiep&quot; id=&quot;header1_rpt_menu_rpt_smenu_0_HyperLink4_5&quot;&gt;                                                &lt;i aria-hidden=&quot;true&quot; class=&quot;fa fa-angle-right&quot;/&gt; Trang trại - nhà xưởng - doanh nghiệp&lt;/a&gt;                                        &lt;/li&gt;                                                                            &lt;li&gt;                                            &lt;a href=&quot;../m-20/nha-nghi---khach-san&quot; id=&quot;header1_rpt_menu_rpt_smenu_0_HyperLink4_6&quot;&gt;                                                &lt;i aria-hidden=&quot;true&quot; class=&quot;fa fa-angle-right&quot;/&gt; Nhà nghỉ - khách sạn&lt;/a&gt;                                        &lt;/li&gt;                                                                            &lt;li&gt;                                            &lt;a href=&quot;../m-21/chung-cu---nha-tap-the&quot; id=&quot;header1_rpt_menu_rpt_smenu_0_HyperLink4_7&quot;&gt;                                                &lt;i aria-hidden=&quot;true&quot; class=&quot;fa fa-angle-right&quot;/&gt; Chung cư - nhà tập thể&lt;/a&gt;                                        &lt;/li&gt;                                                                            &lt;li&gt;                                            &lt;a href=&quot;../m-24/kiot---cua-hang&quot; id=&quot;header1_rpt_menu_rpt_smenu_0_HyperLink4_8&quot;&gt;                                                &lt;i aria-hidden=&quot;true&quot; class=&quot;fa fa-angle-right&quot;/&gt; Kiot - cửa hàng&lt;/a&gt;                                        &lt;/li&gt;                                                                            &lt;li&gt;                                            &lt;a href=&quot;../m-28/bat-dong-san-con-lai&quot; id=&quot;header1_rpt_menu_rpt_smenu_0_HyperLink4_9&quot;&gt;                                                &lt;i aria-hidden=&quot;true&quot; class=&quot;fa fa-angle-right&quot;/&gt; Bất động sản còn lại&lt;/a&gt;                                        &lt;/li&gt;                                                                            &lt;li&gt;                                            &lt;a href=&quot;../m-54/nha-nguyen-can&quot; id=&quot;header1_rpt_menu_rpt_smenu_0_HyperLink4_10&quot;&gt;                                                &lt;i aria-hidden=&quot;true&quot; class=&quot;fa fa-angle-right&quot;/&gt; Nhà nguyên căn&lt;/a&gt;                                        &lt;/li&gt;                                                                            &lt;/ul&gt;                                                                &lt;/li&gt;                                                    &lt;li class=&quot;dropdown&quot;&gt;                                &lt;a class=&quot;dropdown-toggle&quot; data-toggle=&quot;dropdown&quot; href=&quot;../m-2/cho-thue&quot; id=&quot;header1_rpt_menu_HyperLink4_1&quot;&gt;Cho thuê&lt;span class=&quot;caret&quot;/&gt;&lt;/a&gt;                                                                                                        &lt;ul class=&quot;dropdown-menu&quot;&gt;                                                                            &lt;li&gt;                                            &lt;a href=&quot;../m-2/cho-thue&quot; id=&quot;header1_rpt_menu_rpt_smenu_1_HyperLink4_0&quot;&gt;                                                &lt;i aria-hidden=&quot;true&quot; class=&quot;fa fa-angle-right&quot;/&gt; Tất cả&lt;/a&gt;                                        &lt;/li&gt;                                                                            &lt;li&gt;                                            &lt;a href=&quot;../m-33/kiot---cua-hang&quot; id=&quot;header1_rpt_menu_rpt_smenu_1_HyperLink4_1&quot;&gt;                                                &lt;i aria-hidden=&quot;true&quot; class=&quot;fa fa-angle-right&quot;/&gt; Kiot - cửa hàng&lt;/a&gt;                                        &lt;/li&gt;                                                                            &lt;li&gt;                                            &lt;a href=&quot;../m-36/trang-trai---nha-xuong---doanh-nghiep&quot; id=&quot;header1_rpt_menu_rpt_smenu_1_HyperLink4_2&quot;&gt;                                                &lt;i aria-hidden=&quot;true&quot; class=&quot;fa fa-angle-right&quot;/&gt; Trang trại - nhà xưởng - doanh nghiệp&lt;/a&gt;                                        &lt;/li&gt;                                                                            &lt;li&gt;                                            &lt;a href=&quot;../m-37/nha-nghi---khach-san&quot; id=&quot;header1_rpt_menu_rpt_smenu_1_HyperLink4_3&quot;&gt;                                                &lt;i aria-hidden=&quot;true&quot; class=&quot;fa fa-angle-right&quot;/&gt; Nhà nghỉ - khách sạn&lt;/a&gt;                                        &lt;/li&gt;                                                                            &lt;li&gt;                                            &lt;a href=&quot;../m-40/dat-mat-bang&quot; id=&quot;header1_rpt_menu_rpt_smenu_1_HyperLink4_4&quot;&gt;                                                &lt;i aria-hidden=&quot;true&quot; class=&quot;fa fa-angle-right&quot;/&gt; Đất mặt bằng&lt;/a&gt;                                        &lt;/li&gt;                                                                            &lt;li&gt;                                            &lt;a href=&quot;../m-41/biet-thu---nha-vuon&quot; id=&quot;header1_rpt_menu_rpt_smenu_1_HyperLink4_5&quot;&gt;                                                &lt;i aria-hidden=&quot;true&quot; class=&quot;fa fa-angle-right&quot;/&gt; Biệt thự - nhà vườn&lt;/a&gt;                                        &lt;/li&gt;                                                                            &lt;li&gt;                                            &lt;a href=&quot;../m-44/bat-dong-san-con-lai&quot; id=&quot;header1_rpt_menu_rpt_smenu_1_HyperLink4_6&quot;&gt;                                                &lt;i aria-hidden=&quot;true&quot; class=&quot;fa fa-angle-right&quot;/&gt; Bất động sản còn lại&lt;/a&gt;                                        &lt;/li&gt;                                                                            &lt;li&gt;                                            &lt;a href=&quot;../m-55/nha-nguyen-can&quot; id=&quot;header1_rpt_menu_rpt_smenu_1_HyperLink4_7&quot;&gt;                                                &lt;i aria-hidden=&quot;true&quot; class=&quot;fa fa-angle-right&quot;/&gt; Nhà nguyên căn&lt;/a&gt;                                        &lt;/li&gt;                                                                            &lt;li&gt;                                            &lt;a href=&quot;../m-56/chung-cu---can-ho-cao-cap---nha-tro&quot; id=&quot;header1_rpt_menu_rpt_smenu_1_HyperLink4_8&quot;&gt;                                                &lt;i aria-hidden=&quot;true&quot; class=&quot;fa fa-angle-right&quot;/&gt; Chung cư - Căn hộ cao cấp - Nhà trọ&lt;/a&gt;                                        &lt;/li&gt;                                                                            &lt;li&gt;                                            &lt;a href=&quot;../m-61/dat-trong-ngo&quot; id=&quot;header1_rpt_menu_rpt_smenu_1_HyperLink4_9&quot;&gt;                                                &lt;i aria-hidden=&quot;true&quot; class=&quot;fa fa-angle-right&quot;/&gt; Đất trong ngõ&lt;/a&gt;                                        &lt;/li&gt;                                                                            &lt;/ul&gt;                                                                &lt;/li&gt;                                                    &lt;li class=&quot;dropdown&quot;&gt;                                &lt;a class=&quot;dropdown-toggle&quot; data-toggle=&quot;dropdown&quot; href=&quot;../m-3/can-mua&quot; id=&quot;header1_rpt_menu_HyperLink4_2&quot;&gt;Cần mua&lt;span class=&quot;caret&quot;/&gt;&lt;/a&gt;                                                                                                        &lt;ul class=&quot;dropdown-menu&quot;&gt;                                                                            &lt;li&gt;                                            &lt;a href=&quot;../m-3/can-mua&quot; id=&quot;header1_rpt_menu_rpt_smenu_2_HyperLink4_0&quot;&gt;                                                &lt;i aria-hidden=&quot;true&quot; class=&quot;fa fa-angle-right&quot;/&gt; Tất cả&lt;/a&gt;                                        &lt;/li&gt;                                                                            &lt;li&gt;                                            &lt;a href=&quot;../m-10/dat-mat-duong&quot; id=&quot;header1_rpt_menu_rpt_smenu_2_HyperLink4_1&quot;&gt;                                                &lt;i aria-hidden=&quot;true&quot; class=&quot;fa fa-angle-right&quot;/&gt; Đất mặt đường&lt;/a&gt;                                        &lt;/li&gt;                                                                            &lt;li&gt;                                            &lt;a href=&quot;../m-14/du-an---tai-dinh-cu&quot; id=&quot;header1_rpt_menu_rpt_smenu_2_HyperLink4_2&quot;&gt;                                                &lt;i aria-hidden=&quot;true&quot; class=&quot;fa fa-angle-right&quot;/&gt; Dự án - Tái định cư&lt;/a&gt;                                        &lt;/li&gt;                                                                            &lt;li&gt;                                            &lt;a href=&quot;../m-16/nha-vuon---biet-thu&quot; id=&quot;header1_rpt_menu_rpt_smenu_2_HyperLink4_3&quot;&gt;                                                &lt;i aria-hidden=&quot;true&quot; class=&quot;fa fa-angle-right&quot;/&gt; Nhà vườn - biệt thự&lt;/a&gt;                                        &lt;/li&gt;                                                                            &lt;li&gt;                                            &lt;a href=&quot;../m-18/trang-trai---nha-xuong---doanh-nghiep&quot; id=&quot;header1_rpt_menu_rpt_smenu_2_HyperLink4_4&quot;&gt;                                                &lt;i aria-hidden=&quot;true&quot; class=&quot;fa fa-angle-right&quot;/&gt; Trang trại - nhà xưởng - doanh nghiệp&lt;/a&gt;                                        &lt;/li&gt;                                                                            &lt;li&gt;                                            &lt;a href=&quot;../m-19/nha-nghi---khach-san&quot; id=&quot;header1_rpt_menu_rpt_smenu_2_HyperLink4_5&quot;&gt;                                                &lt;i aria-hidden=&quot;true&quot; class=&quot;fa fa-angle-right&quot;/&gt; Nhà nghỉ - khách sạn&lt;/a&gt;                                        &lt;/li&gt;                                                                            &lt;li&gt;                                            &lt;a href=&quot;../m-22/chung-cu---nha-tap-the&quot; id=&quot;header1_rpt_menu_rpt_smenu_2_HyperLink4_6&quot;&gt;                                                &lt;i aria-hidden=&quot;true&quot; class=&quot;fa fa-angle-right&quot;/&gt; Chung cư - nhà tập thể&lt;/a&gt;                                        &lt;/li&gt;                                                                            &lt;li&gt;                                            &lt;a href=&quot;../m-23/kiot---cua-hang&quot; id=&quot;header1_rpt_menu_rpt_smenu_2_HyperLink4_7&quot;&gt;                                                &lt;i aria-hidden=&quot;true&quot; class=&quot;fa fa-angle-right&quot;/&gt; Kiot - cửa hàng&lt;/a&gt;                                        &lt;/li&gt;                                                                            &lt;li&gt;                                            &lt;a href=&quot;../m-27/bat-dong-san-con-lai&quot; id=&quot;header1_rpt_menu_rpt_smenu_2_HyperLink4_8&quot;&gt;                                                &lt;i aria-hidden=&quot;true&quot; class=&quot;fa fa-angle-right&quot;/&gt; Bất động sản còn lại&lt;/a&gt;                                        &lt;/li&gt;                                                                            &lt;li&gt;                                            &lt;a href=&quot;../m-57/dat-trong-ngo&quot; id=&quot;header1_rpt_menu_rpt_smenu_2_HyperLink4_9&quot;&gt;                                                &lt;i aria-hidden=&quot;true&quot; class=&quot;fa fa-angle-right&quot;/&gt; Đất trong ngõ&lt;/a&gt;                                        &lt;/li&gt;                                                                            &lt;/ul&gt;                                                                &lt;/li&gt;                                                    &lt;li class=&quot;dropdown&quot;&gt;                                &lt;a class=&quot;dropdown-toggle&quot; data-toggle=&quot;dropdown&quot; href=&quot;../m-4/can-thue&quot; id=&quot;header1_rpt_menu_HyperLink4_3&quot;&gt;Cần thuê&lt;span class=&quot;caret&quot;/&gt;&lt;/a&gt;                                                                                                        &lt;ul class=&quot;dropdown-menu&quot;&gt;                                                                            &lt;li&gt;                                            &lt;a href=&quot;../m-4/can-thue&quot; id=&quot;header1_rpt_menu_rpt_smenu_3_HyperLink4_0&quot;&gt;                                                &lt;i aria-hidden=&quot;true&quot; class=&quot;fa fa-angle-right&quot;/&gt; Tất cả&lt;/a&gt;                                        &lt;/li&gt;                                                                            &lt;li&gt;                                            &lt;a href=&quot;../m-31/nha-nguyen-can&quot; id=&quot;header1_rpt_menu_rpt_smenu_3_HyperLink4_1&quot;&gt;                                                &lt;i aria-hidden=&quot;true&quot; class=&quot;fa fa-angle-right&quot;/&gt; Nhà nguyên căn&lt;/a&gt;                                        &lt;/li&gt;                                                                            &lt;li&gt;                                            &lt;a href=&quot;../m-34/kiot---cua-hang&quot; id=&quot;header1_rpt_menu_rpt_smenu_3_HyperLink4_2&quot;&gt;                                                &lt;i aria-hidden=&quot;true&quot; class=&quot;fa fa-angle-right&quot;/&gt; Kiot - cửa hàng&lt;/a&gt;                                        &lt;/li&gt;                                                                            &lt;li&gt;                                            &lt;a href=&quot;../m-35/trang-trai---nha-xuong---doanh-nghiep&quot; id=&quot;header1_rpt_menu_rpt_smenu_3_HyperLink4_3&quot;&gt;                                                &lt;i aria-hidden=&quot;true&quot; class=&quot;fa fa-angle-right&quot;/&gt; Trang trại - nhà xưởng - doanh nghiệp&lt;/a&gt;                                        &lt;/li&gt;                                                                            &lt;li&gt;                                            &lt;a href=&quot;../m-38/nha-nghi---khach-san&quot; id=&quot;header1_rpt_menu_rpt_smenu_3_HyperLink4_4&quot;&gt;                                                &lt;i aria-hidden=&quot;true&quot; class=&quot;fa fa-angle-right&quot;/&gt; Nhà nghỉ - khách sạn&lt;/a&gt;                                        &lt;/li&gt;                                                                            &lt;li&gt;                                            &lt;a href=&quot;../m-39/dat-mat-bang&quot; id=&quot;header1_rpt_menu_rpt_smenu_3_HyperLink4_5&quot;&gt;                                                &lt;i aria-hidden=&quot;true&quot; class=&quot;fa fa-angle-right&quot;/&gt; Đất mặt bằng&lt;/a&gt;                                        &lt;/li&gt;                                                                            &lt;li&gt;                                            &lt;a href=&quot;../m-42/biet-thu---nha-vuon&quot; id=&quot;header1_rpt_menu_rpt_smenu_3_HyperLink4_6&quot;&gt;                                                &lt;i aria-hidden=&quot;true&quot; class=&quot;fa fa-angle-right&quot;/&gt; Biệt thự - nhà vườn&lt;/a&gt;                                        &lt;/li&gt;                                                                            &lt;li&gt;                                            &lt;a href=&quot;../m-43/bat-dong-san-con-lai&quot; id=&quot;header1_rpt_menu_rpt_smenu_3_HyperLink4_7&quot;&gt;                                                &lt;i aria-hidden=&quot;true&quot; class=&quot;fa fa-angle-right&quot;/&gt; Bất động sản còn lại&lt;/a&gt;                                        &lt;/li&gt;                                                                            &lt;li&gt;                                            &lt;a href=&quot;../m-59/chung-cu---can-ho-cao-cap---nha-tro&quot; id=&quot;header1_rpt_menu_rpt_smenu_3_HyperLink4_8&quot;&gt;                                                &lt;i aria-hidden=&quot;true&quot; class=&quot;fa fa-angle-right&quot;/&gt; Chung cư - Căn hộ cao cấp - Nhà trọ&lt;/a&gt;                                        &lt;/li&gt;                                                                            &lt;/ul&gt;                                                                &lt;/li&gt;                                                                        &lt;li class=&quot;dropdown&quot;&gt;                                &lt;a class=&quot;dropdown-toggle&quot; data-toggle=&quot;dropdown&quot; href=&quot;../mn-1/tu-van--hoi-dap&quot; id=&quot;header1_rpt_mnews_HyperLink4_0&quot;&gt;Tư vấn &amp; Hỏi đáp&lt;span class=&quot;caret&quot;/&gt;&lt;/a&gt;                                                                                                        &lt;ul class=&quot;dropdown-menu&quot;&gt;                                                                            &lt;li&gt;                                            &lt;a href=&quot;../mn-3/cac-mau-van-ban-giao-dich-nha-dat&quot; id=&quot;header1_rpt_mnews_rpt_smenu_0_HyperLink4_0&quot;&gt;                                                &lt;i aria-hidden=&quot;true&quot; class=&quot;fa fa-angle-right&quot;/&gt; Các mẫu văn bản giao dịch nhà đất&lt;/a&gt;                                        &lt;/li&gt;                                                                            &lt;li&gt;                                            &lt;a href=&quot;../mn-6/kinh-nghiem-mua-nha-dat&quot; id=&quot;header1_rpt_mnews_rpt_smenu_0_HyperLink4_1&quot;&gt;                                                &lt;i aria-hidden=&quot;true&quot; class=&quot;fa fa-angle-right&quot;/&gt; Kinh nghiệm mua nhà đất&lt;/a&gt;                                        &lt;/li&gt;                                                                            &lt;li&gt;                                            &lt;a href=&quot;../mn-7/thu-tuc-hop-phuc-sang-ten-so-do&quot; id=&quot;header1_rpt_mnews_rpt_smenu_0_HyperLink4_2&quot;&gt;                                                &lt;i aria-hidden=&quot;true&quot; class=&quot;fa fa-angle-right&quot;/&gt; Thủ tục hợp phức, sang tên sổ đỏ&lt;/a&gt;                                        &lt;/li&gt;                                                                            &lt;li&gt;                                            &lt;a href=&quot;../mn-8/xin-phep-xay-dung-va-hop-thuc-nha-o&quot; id=&quot;header1_rpt_mnews_rpt_smenu_0_HyperLink4_3&quot;&gt;                                                &lt;i aria-hidden=&quot;true&quot; class=&quot;fa fa-angle-right&quot;/&gt; Xin phép xây dựng và hợp thức nhà ở&lt;/a&gt;                                        &lt;/li&gt;                                                                            &lt;li&gt;                                            &lt;a href=&quot;../mn-9/luat-dat-dai-va-nha-o-moi-nhat&quot; id=&quot;header1_rpt_mnews_rpt_smenu_0_HyperLink4_4&quot;&gt;                                                &lt;i aria-hidden=&quot;true&quot; class=&quot;fa fa-angle-right&quot;/&gt; Luật đất đai và nhà ở mới nhất&lt;/a&gt;                                        &lt;/li&gt;                                                                            &lt;li&gt;                                            &lt;a href=&quot;../mn-10/gia-dat-thanh-pho-hai-phong-moi-nhat&quot; id=&quot;header1_rpt_mnews_rpt_smenu_0_HyperLink4_5&quot;&gt;                                                &lt;i aria-hidden=&quot;true&quot; class=&quot;fa fa-angle-right&quot;/&gt; Giá đất thành phố Hải Phòng mới nhất&lt;/a&gt;                                        &lt;/li&gt;                                                                            &lt;li&gt;                                            &lt;a href=&quot;../mn-11/phong-thuy-va-xay-dung-can-biet&quot; id=&quot;header1_rpt_mnews_rpt_smenu_0_HyperLink4_6&quot;&gt;                                                &lt;i aria-hidden=&quot;true&quot; class=&quot;fa fa-angle-right&quot;/&gt; Phong thủy và xây dựng cần biết&lt;/a&gt;                                        &lt;/li&gt;                                                                            &lt;li&gt;                                            &lt;a href=&quot;../mn-12/tinh-hinh-thi-truong-bat-dong-san&quot; id=&quot;header1_rpt_mnews_rpt_smenu_0_HyperLink4_7&quot;&gt;                                                &lt;i aria-hidden=&quot;true&quot; class=&quot;fa fa-angle-right&quot;/&gt; Tình hình thị trường bất động sản&lt;/a&gt;                                        &lt;/li&gt;                                                                            &lt;li&gt;                                            &lt;a href=&quot;../mn-14/hinh-anh-thuc-te-cac-du-an-thuy-nguyen&quot; id=&quot;header1_rpt_mnews_rpt_smenu_0_HyperLink4_8&quot;&gt;                                                &lt;i aria-hidden=&quot;true&quot; class=&quot;fa fa-angle-right&quot;/&gt; Hình ảnh thực tế các dự án Thủy Nguyên&lt;/a&gt;                                        &lt;/li&gt;                                                                            &lt;/ul&gt;                                                                &lt;/li&gt;                                                    &lt;li class=&quot;dropdown&quot;&gt;                                &lt;a class=&quot;dropdown-toggle&quot; data-toggle=&quot;dropdown&quot; href=&quot;../mn-21/tin-tuc&quot; id=&quot;header1_rpt_mnews_HyperLink4_1&quot;&gt;Tin Tức&lt;span class=&quot;caret&quot;/&gt;&lt;/a&gt;                                                                                                        &lt;ul class=&quot;dropdown-menu&quot;&gt;                                                                            &lt;li&gt;                                            &lt;a href=&quot;../mn-2/tin-tuc-nha-dat-an-phu&quot; id=&quot;header1_rpt_mnews_rpt_smenu_1_HyperLink4_0&quot;&gt;                                                &lt;i aria-hidden=&quot;true&quot; class=&quot;fa fa-angle-right&quot;/&gt; Tin tức Nhà đất An Phú&lt;/a&gt;                                        &lt;/li&gt;                                                                            &lt;li&gt;                                            &lt;a href=&quot;../mn-4/cac-du-an-tai-hai-phong&quot; id=&quot;header1_rpt_mnews_rpt_smenu_1_HyperLink4_1&quot;&gt;                                                &lt;i aria-hidden=&quot;true&quot; class=&quot;fa fa-angle-right&quot;/&gt; Các dự án tại Hải Phòng&lt;/a&gt;                                        &lt;/li&gt;                                                                            &lt;li&gt;                                            &lt;a href=&quot;../mn-5/thi-truong-bat-dong-san&quot; id=&quot;header1_rpt_mnews_rpt_smenu_1_HyperLink4_2&quot;&gt;                                                &lt;i aria-hidden=&quot;true&quot; class=&quot;fa fa-angle-right&quot;/&gt; Thị trường bất động sản&lt;/a&gt;                                        &lt;/li&gt;                                                                            &lt;li&gt;                                            &lt;a href=&quot;../mn-13/tin-tuc-bat-dong-san&quot; id=&quot;header1_rpt_mnews_rpt_smenu_1_HyperLink4_3&quot;&gt;                                                &lt;i aria-hidden=&quot;true&quot; class=&quot;fa fa-angle-right&quot;/&gt; Tin Tức Bất Động Sản&lt;/a&gt;                                        &lt;/li&gt;                                                                            &lt;li&gt;                                            &lt;a href=&quot;../mn-15/hinh-anh-thuc-te-cac-du-an-khac-tai-hai-phong&quot; id=&quot;header1_rpt_mnews_rpt_smenu_1_HyperLink4_4&quot;&gt;                                                &lt;i aria-hidden=&quot;true&quot; class=&quot;fa fa-angle-right&quot;/&gt; Hình ảnh thực tế các dự án khác tại Hải Phòng&lt;/a&gt;                                        &lt;/li&gt;                                                                            &lt;li&gt;                                            &lt;a href=&quot;../mn-16/du-an-cho-nui-deo-kiot-cho-nui-deo-thuy-nguyen&quot; id=&quot;header1_rpt_mnews_rpt_smenu_1_HyperLink4_5&quot;&gt;                                                &lt;i aria-hidden=&quot;true&quot; class=&quot;fa fa-angle-right&quot;/&gt; Dự án chợ Núi Đèo( Kiot chợ Núi Đèo) Thủy Nguyên&lt;/a&gt;                                        &lt;/li&gt;                                                                            &lt;li&gt;                                            &lt;a href=&quot;../mn-17/thong-tin-dau-gia&quot; id=&quot;header1_rpt_mnews_rpt_smenu_1_HyperLink4_6&quot;&gt;                                                &lt;i aria-hidden=&quot;true&quot; class=&quot;fa fa-angle-right&quot;/&gt; Thông tin đấu giá&lt;/a&gt;                                        &lt;/li&gt;                                                                            &lt;li&gt;                                            &lt;a href=&quot;../mn-18/chinh-sach-phap-luat---thong-tin-quy-hoach&quot; id=&quot;header1_rpt_mnews_rpt_smenu_1_HyperLink4_7&quot;&gt;                                                &lt;i aria-hidden=&quot;true&quot; class=&quot;fa fa-angle-right&quot;/&gt; Chính sách pháp luật - thông tin quy hoạch&lt;/a&gt;                                        &lt;/li&gt;                                                                            &lt;li&gt;                                            &lt;a href=&quot;../mn-20/cac-doi-tac-cung-nha-dat-an-phu&quot; id=&quot;header1_rpt_mnews_rpt_smenu_1_HyperLink4_8&quot;&gt;                                                &lt;i aria-hidden=&quot;true&quot; class=&quot;fa fa-angle-right&quot;/&gt; Các đối tác cùng Nhà Đất An Phú&lt;/a&gt;                                        &lt;/li&gt;                                                                            &lt;/ul&gt;                                                                &lt;/li&gt;                                            &lt;li&gt;                        &lt;a href=&quot;../lien-he&quot; id=&quot;header1_HyperLin4&quot;&gt;Liên hệ&lt;/a&gt;                    &lt;/li&gt;                &lt;/ul&gt;                            &lt;/div&gt;            &lt;div class=&quot;navbar-form navbar-right&quot;&gt;                &lt;div class=&quot;input-group&quot;&gt;                    &lt;input class=&quot;form-control&quot; id=&quot;header1_txt_search&quot; name=&quot;header1$txt_search&quot; placeholder=&quot;Nhập chính xác từ khóa tìm kiếm&quot; type=&quot;text&quot;/&gt;                    &lt;div class=&quot;input-group-btn&quot;&gt;                        &lt;a class=&quot;btn btn-default&quot; href=&quot;javascript:__doPostBack('header1$LinkButton1','')&quot; id=&quot;header1_LinkButton1&quot;&gt;                            &lt;i class=&quot;glyphicon glyphicon-search&quot;/&gt;                        &lt;/a&gt;                    &lt;/div&gt;                &lt;/div&gt;            &lt;/div&gt;        &lt;/div&gt;        &lt;div class=&quot;container-fluid hidden-xs&quot;&gt;            &lt;ul class=&quot;nav navbar-nav&quot;&gt;                            &lt;/ul&gt;        &lt;/div&gt;    &lt;/nav&gt;" SourceIndex="133" TextLen="81" order="6" xPath="/XPspan"/>
</LayoutNode>
<LayoutNode BgColor="#ffffff" ContainImg="10" ContainP="14" ContainTable="false" DOMCldNum="35" DoC="5" FontSize="14" FontWeight="normal" FrameSourceIndex="0" ID="1-2" IsImg="false" LinkNum="20" LinkTextLen="294" ObjectRectHeight="1077" ObjectRectLeft="0" ObjectRectTop="333" ObjectRectWidth="1420" SourceIndex="730" TextLen="1635" order="7">
<LayoutNode BgColor="#ffffff" ContainImg="2" ContainP="1" ContainTable="false" DOMCldNum="35" DoC="5" FontSize="14" FontWeight="normal" FrameSourceIndex="0" ID="1-2-1" IsImg="false" LinkNum="9" LinkTextLen="62" ObjectRectHeight="1077" ObjectRectLeft="0" ObjectRectTop="333" ObjectRectWidth="792" SourceIndex="730" TextLen="1029" order="8">
<LayoutNode BgColor="#ffffff" ContainImg="0" ContainP="0" ContainTable="false" Content="TẤT CẢ TIN BDS VIP BDS GIÁ TỐT " DOMCldNum="35" DoC="5" FontSize="14" FontWeight="normal" FrameSourceIndex="0" ID="1-2-1-1" IsImg="false" LinkNum="3" LinkTextLen="28" ObjectRectHeight="40" ObjectRectLeft="0" ObjectRectTop="333" ObjectRectWidth="792" SRC="&lt;div xmlns=&quot;http://www.w3.org/1999/xhtml&quot;&gt;        &lt;div class=&quot;head_nav&quot;&gt;            &lt;span&gt;                &lt;a class=&quot;pad-left&quot; href=&quot;../tat-ca-tin&quot; id=&quot;product1_HyperLink5&quot;&gt;TẤT CẢ TIN&lt;/a&gt;            &lt;/span&gt;            &lt;span&gt;                &lt;a class=&quot;pad-left&quot; href=&quot;../tin-vip&quot; id=&quot;product1_HyperLink12&quot;&gt;BDS VIP&lt;/a&gt;            &lt;/span&gt;            &lt;span&gt;                &lt;a class=&quot;pad-left&quot; href=&quot;../tin-noi-bat&quot; id=&quot;product1_HyperLink4&quot;&gt;BDS GIÁ TỐT&lt;/a&gt;            &lt;/span&gt;        &lt;/div&gt;    &lt;/div&gt;" SourceIndex="732" TextLen="30" order="9" xPath="/#document/html/body/div[0]/form[11]/section[0]/div[0]/div[0]/div[0]/div[2]/span[0]/a[0]/#text"/>
<LayoutNode BgColor="#c96712" ContainImg="0" ContainP="0" ContainTable="false" Content="Trang chủ Cần bán Dự án - Tái định cư " DOMCldNum="35" DoC="5" FontSize="14" FontWeight="normal" FrameSourceIndex="0" ID="1-2-1-2" IsImg="false" LinkNum="6" LinkTextLen="34" ObjectRectHeight="40" ObjectRectLeft="0" ObjectRectTop="393" ObjectRectWidth="792" SRC="&lt;div xmlns=&quot;http://www.w3.org/1999/xhtml&quot; class=&quot;menu-title&quot;&gt;        &lt;ol class=&quot;breadcrumb&quot;&gt;            &lt;li&gt;                &lt;a href=&quot;../&quot; id=&quot;product1_HyperLink3&quot;&gt;&lt;i aria-hidden=&quot;true&quot; class=&quot;fa fa-home&quot;/&gt; Trang chủ&lt;/a&gt;            &lt;/li&gt;            &lt;li id=&quot;product1_cate&quot;&gt;                &lt;a href=&quot;../m-1/can-ban&quot; id=&quot;product1_hpl_cate&quot;&gt;Cần bán&lt;/a&gt;            &lt;/li&gt;            &lt;li&gt;                &lt;a href=&quot;../m-13/du-an---tai-dinh-cu&quot; id=&quot;product1_hpl_menu&quot;&gt;Dự án - Tái định cư&lt;/a&gt;            &lt;/li&gt;            &lt;/ol&gt;    &lt;/div&gt;" SourceIndex="756" TextLen="42" order="10" xPath="/#document/html/body/div[0]/form[11]/section[0]/div[0]/div[1]/div[0]/ol[2]/li[0]/a[0]/#text"/>
<LayoutNode BgColor="#ffffff" ContainImg="2" ContainP="1" ContainTable="false" Content="Tiêu đề Bán lô đất đẹp đầy tiềm năng tại khu Bắc Sông Cấm Mã số tin AP-10023 Ngày đăng 4/9/2020 2:41:13 PM Khu vực Dương Quan Hướng không Xác Định Mặt tiền m DTMB 320 m2 DTSD m2 Giấy tờ Giá Thỏa thuận Mô tả  Chủ đất gửi bán lô đất đẹp đầy tiềm năng tại khu Bắc Sông Cấm, Dương Quan,Thủy Nguyên, Hải Phòng cho các nhà đầu tư thông thái. Mảnh đất rộng  320m,mặt tiền to rộng 12,5m. Nằm đối diện khu quy hoạch công viên, khu B tái định cư. Đường to rộng đẹp, xe tăng tránh nhau, quy hoạch mở rộng 26m. Đường thông thoáng, đi khu công nghiệp Visip hay cầu Hoàng Văn Thụ cũng chỉ 3 phút, gần khu vực trung tâm hành chính, tiềm năng đầu tư phân lô hay xây nhà kinh doanh,khách sạn đều đẹp. Giá cả hợp lý,thương lượng trực tiếp chủ đất. Liên hệ xem đất ngay hotline: Mr Tuấn- Nhà Đất An Phú- 0789.741.999 or 0905.786.110. Đảm bảo quy hoạch- Bao trọn thủ tục pháp lý. Liên hệ Mr Lê Tuấn Điện thoại 0789741999 Địa chỉ Dương Quan, Thủy Nguyên, Hải Phòng Hình ảnh " DOMCldNum="0" DoC="5" FontSize="14" FontWeight="normal" FrameSourceIndex="0" ID="1-2-1-3" IsImg="false" LinkNum="0" LinkTextLen="0" ObjectRectHeight="686" ObjectRectLeft="0" ObjectRectTop="454" ObjectRectWidth="792" SRC="&lt;div xmlns=&quot;http://www.w3.org/1999/xhtml&quot; class=&quot;col-xs-12 col-item&quot;&gt;            &lt;div class=&quot;col-xs-2 no-pad&quot;&gt;                Tiêu đề            &lt;/div&gt;            &lt;div class=&quot;col-xs-10&quot;&gt;                &lt;h1 class=&quot;heading-item&quot;&gt;                     Bán lô đất đẹp đầy tiềm năng tại khu Bắc Sông Cấm                &lt;/h1&gt;            &lt;/div&gt;        &lt;/div&gt;&lt;div xmlns=&quot;http://www.w3.org/1999/xhtml&quot; class=&quot;col-xs-12 col-item&quot;&gt;            &lt;div class=&quot;col-xs-2 no-pad&quot;&gt;                Mã số tin            &lt;/div&gt;            &lt;div class=&quot;col-xs-10&quot;&gt;                &lt;b&gt;AP-10023&lt;/b&gt;            &lt;/div&gt;        &lt;/div&gt;&lt;div xmlns=&quot;http://www.w3.org/1999/xhtml&quot; class=&quot;col-xs-12 col-item&quot;&gt;            &lt;div class=&quot;col-xs-2 no-pad&quot;&gt;                Ngày đăng            &lt;/div&gt;            &lt;div class=&quot;col-xs-10&quot;&gt;                4/9/2020 2:41:13 PM            &lt;/div&gt;        &lt;/div&gt;&lt;div xmlns=&quot;http://www.w3.org/1999/xhtml&quot; class=&quot;col-xs-12 col-item&quot;&gt;            &lt;div class=&quot;col-xs-2 no-pad&quot;&gt;                Khu vực            &lt;/div&gt;            &lt;div class=&quot;col-xs-10&quot;&gt;                Dương Quan            &lt;/div&gt;        &lt;/div&gt;&lt;div xmlns=&quot;http://www.w3.org/1999/xhtml&quot; class=&quot;col-xs-12 col-item&quot;&gt;            &lt;div class=&quot;col-xs-2 no-pad&quot;&gt;                Hướng            &lt;/div&gt;            &lt;div class=&quot;col-xs-10&quot;&gt;                không Xác Định            &lt;/div&gt;        &lt;/div&gt;&lt;div xmlns=&quot;http://www.w3.org/1999/xhtml&quot; class=&quot;col-xs-12 col-item&quot;&gt;            &lt;div class=&quot;col-xs-2 no-pad&quot;&gt;                Mặt tiền            &lt;/div&gt;            &lt;div class=&quot;col-xs-10&quot;&gt;                 m            &lt;/div&gt;        &lt;/div&gt;&lt;div xmlns=&quot;http://www.w3.org/1999/xhtml&quot; class=&quot;col-xs-12 col-item&quot;&gt;            &lt;div class=&quot;col-xs-2 no-pad&quot;&gt;                DTMB            &lt;/div&gt;            &lt;div class=&quot;col-xs-10&quot;&gt;                320 m&lt;sup&gt;2&lt;/sup&gt;            &lt;/div&gt;        &lt;/div&gt;&lt;div xmlns=&quot;http://www.w3.org/1999/xhtml&quot; class=&quot;col-xs-12 col-item&quot;&gt;            &lt;div class=&quot;col-xs-2 no-pad&quot;&gt;                DTSD            &lt;/div&gt;            &lt;div class=&quot;col-xs-10&quot;&gt;                 m&lt;sup&gt;2&lt;/sup&gt;            &lt;/div&gt;        &lt;/div&gt;&lt;div xmlns=&quot;http://www.w3.org/1999/xhtml&quot; class=&quot;col-xs-12 col-item&quot;&gt;            &lt;div class=&quot;col-xs-2 no-pad&quot;&gt;                Giấy tờ            &lt;/div&gt;            &lt;div class=&quot;col-xs-10&quot;&gt;                            &lt;/div&gt;        &lt;/div&gt;&lt;div xmlns=&quot;http://www.w3.org/1999/xhtml&quot; class=&quot;col-xs-12 col-item&quot;&gt;            &lt;div class=&quot;col-xs-2 no-pad&quot;&gt;                Giá            &lt;/div&gt;            &lt;div class=&quot;col-xs-10&quot;&gt;                &lt;b class=&quot;color-red&quot;&gt;Thỏa thuận&lt;/b&gt;            &lt;/div&gt;        &lt;/div&gt;&lt;div xmlns=&quot;http://www.w3.org/1999/xhtml&quot; class=&quot;col-xs-2 no-pad&quot;&gt;                Mô tả            &lt;/div&gt;&lt;p xmlns=&quot;http://www.w3.org/1999/xhtml&quot;&gt; Chủ đất gửi bán lô đất đẹp đầy tiềm năng tại khu Bắc Sông Cấm, Dương Quan,Thủy Nguyên, Hải Phòng cho các nhà đầu tư thông thái. Mảnh đất rộng  320m,mặt tiền to rộng 12,5m. Nằm đối diện khu quy hoạch công viên, khu B tái định cư. Đường to rộng đẹp, xe tăng tránh nhau, quy hoạch mở rộng 26m.&lt;br/&gt;Đường thông thoáng, đi khu công nghiệp Visip hay cầu Hoàng Văn Thụ cũng chỉ 3 phút, gần khu vực trung tâm hành chính, tiềm năng đầu tư phân lô hay xây nhà kinh doanh,khách sạn đều đẹp. Giá cả hợp lý,thương lượng trực tiếp chủ đất. &lt;strong&gt;Liên hệ xem đất ngay hotline&lt;/strong&gt;: Mr Tuấn- Nhà Đất An Phú- 0789.741.999 or 0905.786.110. Đảm bảo quy hoạch- Bao trọn thủ tục pháp lý.&lt;/p&gt;&lt;div xmlns=&quot;http://www.w3.org/1999/xhtml&quot; class=&quot;col-xs-12 col-item&quot;&gt;            &lt;div class=&quot;col-xs-2 no-pad&quot;&gt;                Liên hệ            &lt;/div&gt;            &lt;div class=&quot;col-xs-10&quot;&gt;                Mr Lê Tuấn            &lt;/div&gt;        &lt;/div&gt;&lt;div xmlns=&quot;http://www.w3.org/1999/xhtml&quot; class=&quot;col-xs-12 col-item&quot;&gt;            &lt;div class=&quot;col-xs-2 no-pad&quot;&gt;                Điện thoại            &lt;/div&gt;            &lt;div class=&quot;col-xs-10&quot;&gt;                0789741999            &lt;/div&gt;        &lt;/div&gt;&lt;div xmlns=&quot;http://www.w3.org/1999/xhtml&quot; class=&quot;col-xs-12 col-item&quot;&gt;            &lt;div class=&quot;col-xs-2 no-pad&quot;&gt;                Địa chỉ            &lt;/div&gt;            &lt;div class=&quot;col-xs-10&quot;&gt;                Dương Quan, Thủy Nguyên, Hải Phòng            &lt;/div&gt;        &lt;/div&gt;&lt;td class=&quot;Xanonymous&quot; style=&quot;display:table-cell&quot;/&gt;" SourceIndex="783;795;807;816;825;834;843;855;867;876;890;895;905;914;923;0" TextLen="934" order="11" xPath="/#document/html/body/div[0]/form[11]/section[0]/div[0]/div[2]/div[0]/div[1]/div[0]/h1[0]/#text"/>
<LayoutNode BgColor="#ffffff" ContainImg="0" ContainP="0" ContainTable="false" Content="Bản đồ vị trí khu đất " DOMCldNum="35" DoC="8" FontSize="15" FontWeight="bold" FrameSourceIndex="0" ID="1-2-1-4" IsImg="false" LinkNum="0" LinkTextLen="0" ObjectRectHeight="229" ObjectRectLeft="0" ObjectRectTop="1181" ObjectRectWidth="792" SRC="&lt;h2 xmlns=&quot;http://www.w3.org/1999/xhtml&quot; class=&quot;g-maps&quot;&gt;&lt;i aria-hidden=&quot;true&quot; class=&quot;fa fa-map&quot;/&gt; Bản đồ vị trí khu đất&lt;/h2&gt;" SourceIndex="957" TextLen="23" order="12" xPath="/#document/html/body/div[0]/form[11]/section[0]/div[0]/div[3]/h2[1]/#text"/>
</LayoutNode>
<LayoutNode BgColor="#005526" ContainImg="8" ContainP="13" ContainTable="false" DOMCldNum="5" DoC="5" FontSize="14" FontWeight="normal" FrameSourceIndex="0" ID="1-2-2" IsImg="false" LinkNum="11" LinkTextLen="232" ObjectRectHeight="1077" ObjectRectLeft="807" ObjectRectTop="333" ObjectRectWidth="613" SourceIndex="1477" TextLen="606" order="13">
<LayoutNode BgColor="#005526" ContainImg="0" ContainP="13" ContainTable="false" DOMCldNum="5" DoC="5" FontSize="14" FontWeight="normal" FrameSourceIndex="0" ID="1-2-2-1" IsImg="false" LinkNum="3" LinkTextLen="21" ObjectRectHeight="461" ObjectRectLeft="807" ObjectRectTop="333" ObjectRectWidth="613" SourceIndex="1477" TextLen="110" order="14">
<LayoutNode BgColor="#005526" ContainImg="0" ContainP="7" ContainTable="false" DOMCldNum="5" DoC="5" FontSize="14" FontWeight="normal" FrameSourceIndex="0" ID="1-2-2-1-1" IsImg="false" LinkNum="1" LinkTextLen="10" ObjectRectHeight="461" ObjectRectLeft="807" ObjectRectTop="333" ObjectRectWidth="213" SourceIndex="1477" TextLen="42" order="15">
<LayoutNode BgColor="#005526" ContainImg="0" ContainP="0" ContainTable="false" Content="Tìm kiếm thông tin " DOMCldNum="5" DoC="5" FontSize="14" FontWeight="normal" FrameSourceIndex="0" ID="1-2-2-1-1-1" IsImg="false" LinkNum="0" LinkTextLen="0" ObjectRectHeight="41" ObjectRectLeft="807" ObjectRectTop="333" ObjectRectWidth="213" SRC="&lt;div xmlns=&quot;http://www.w3.org/1999/xhtml&quot; class=&quot;nav-title&quot;&gt;                    &lt;i aria-hidden=&quot;true&quot; class=&quot;fa fa-search-plus&quot;/&gt; Tìm kiếm thông tin                &lt;/div&gt;" SourceIndex="1479" TextLen="20" order="16" xPath="/#document/html/body/div[0]/form[11]/section[0]/div[2]/div[0]/div[0]/div[0]/div[0]/div[1]/#text"/>
<LayoutNode BgColor="#ffffff" ContainImg="0" ContainP="7" ContainTable="false" Content="Loại hình bất động sản › Cần bán › Cho thuê › Cần mua › Cần thuê › Mục đích khác Nhóm bất động sản Tất cả quận huyện › Thủy Nguyên › Lê Chân › Quảng Ninh › Ngô Quyền › Hải An › Hồng Bàng › Tiên Lãng › Kiến An › Dương Kinh › Đồ Sơn › Kiến Thụy › An Dương › An Lão › Cát Bà - Cát Hải › Vĩnh Bảo › Quận huyện khác Tất cả xã phường › Núi Đèo › Tân Dương › Dương Quan › Hoa Động › Thiên Hương › Thủy Sơn › Lâm Động › Hòa Bình › Hoàng Động › Thủy Đường › Kênh Giang › Kiền Bái › Đông Sơn › Trung Hà › Mỹ Đồng › Lại Xuân › Gia Minh › Tam Hưng › Lập Lễ › Liên Khê › Lưu Kiếm › Ngũ Lão › Lưu Kỳ › Kỳ Sơn › Minh Tân › Hợp Thành › Minh Đức › Thủy Triều › Phả Lễ › Phù Ninh › Gia Đức › Chính Mỹ › Phục Lễ › Quảng Thanh › Cao Nhân › An Lư › An Sơn Tất cả các hướng › không Xác Định › Bắc › Đông Bắc › Đông › Đông Nam › Nam › Tây Nam › Tây › Tây Bắc Tất cả các giá Thỏa thuận Dưới 5 triệu 5 triệu - 10 triệu 10 triệu - 20 triệu 20 triệu - 100 triệu 100 triệu - 500 triệu 500 triệu - 1 tỷ 1 tỷ - 1,5 tỷ 1,5 tỷ - 2 tỷ 2 tỷ - 2,5 tỷ 2,5 tỷ - 3 tỷ 3 tỷ - 4 tỷ 4 tỷ - 5 tỷ 5 tỷ - 6 tỷ 6 tỷ - 7 tỷ Trên 7 tỷ DTMB từ đến " DOMCldNum="5" DoC="8" FontSize="14" FontWeight="normal" FrameSourceIndex="0" ID="1-2-2-1-1-2" IsImg="false" LinkNum="1" LinkTextLen="10" ObjectRectHeight="405" ObjectRectLeft="807" ObjectRectTop="389" ObjectRectWidth="213" SRC="&lt;div xmlns=&quot;http://www.w3.org/1999/xhtml&quot; class=&quot;panel-body&quot;&gt;                    &lt;div class=&quot;form-group&quot;&gt;                                                     &lt;div id=&quot;menu1_UpdatePanel1&quot;&gt;                                    &lt;p&gt;&lt;select class=&quot;form-control&quot; id=&quot;menu1_ddl_cate&quot; name=&quot;menu1$ddl_cate&quot; onchange=&quot;javascript:setTimeout('__doPostBack(\'menu1$ddl_cate\',\'\')', 0)&quot;&gt;  &lt;option selected=&quot;selected&quot; value=&quot;0&quot;&gt;Loại hình bất động sản&lt;/option&gt;  &lt;option value=&quot;1&quot;&gt;› Cần bán&lt;/option&gt;  &lt;option value=&quot;2&quot;&gt;› Cho thuê&lt;/option&gt;  &lt;option value=&quot;3&quot;&gt;› Cần mua&lt;/option&gt;  &lt;option value=&quot;4&quot;&gt;› Cần thuê&lt;/option&gt;  &lt;option value=&quot;48&quot;&gt;› Mục đích khác&lt;/option&gt; &lt;/select&gt;&lt;/p&gt;                                &lt;p&gt;&lt;select class=&quot;aspNetDisabled form-control&quot; disabled=&quot;disabled&quot; id=&quot;menu1_ddl_menu&quot; name=&quot;menu1$ddl_menu&quot;&gt;  &lt;option selected=&quot;selected&quot; value=&quot;0&quot;&gt;Nhóm bất động sản&lt;/option&gt; &lt;/select&gt;                                &lt;/p&gt;                                              &lt;p&gt;                                    &lt;select class=&quot;form-control&quot; id=&quot;menu1_ddl_city&quot; name=&quot;menu1$ddl_city&quot; onchange=&quot;javascript:setTimeout('__doPostBack(\'menu1$ddl_city\',\'\')', 0)&quot;&gt;  &lt;option value=&quot;0&quot;&gt;Tất cả quận huyện&lt;/option&gt;  &lt;option selected=&quot;selected&quot; value=&quot;1&quot;&gt;› Thủy Nguyên&lt;/option&gt;  &lt;option value=&quot;18&quot;&gt;› Lê Chân&lt;/option&gt;  &lt;option value=&quot;19&quot;&gt;› Quảng Ninh&lt;/option&gt;  &lt;option value=&quot;2&quot;&gt;› Ngô Quyền&lt;/option&gt;  &lt;option value=&quot;5&quot;&gt;› Hải An&lt;/option&gt;  &lt;option value=&quot;6&quot;&gt;› Hồng Bàng&lt;/option&gt;  &lt;option value=&quot;15&quot;&gt;› Tiên Lãng&lt;/option&gt;  &lt;option value=&quot;9&quot;&gt;› Kiến An&lt;/option&gt;  &lt;option value=&quot;8&quot;&gt;› Dương Kinh&lt;/option&gt;  &lt;option value=&quot;10&quot;&gt;› Đồ Sơn&lt;/option&gt;  &lt;option value=&quot;11&quot;&gt;› Kiến Thụy&lt;/option&gt;  &lt;option value=&quot;12&quot;&gt;› An Dương&lt;/option&gt;  &lt;option value=&quot;13&quot;&gt;› An Lão&lt;/option&gt;  &lt;option value=&quot;14&quot;&gt;› Cát Bà - Cát Hải&lt;/option&gt;  &lt;option value=&quot;16&quot;&gt;› Vĩnh Bảo&lt;/option&gt;  &lt;option value=&quot;17&quot;&gt;› Quận huyện khác&lt;/option&gt; &lt;/select&gt;                                &lt;/p&gt;                                &lt;p&gt;                                    &lt;select class=&quot;form-control&quot; id=&quot;menu1_ddl_district&quot; name=&quot;menu1$ddl_district&quot;&gt;  &lt;option value=&quot;0&quot;&gt;Tất cả xã phường&lt;/option&gt;  &lt;option value=&quot;4&quot;&gt;› Núi Đèo&lt;/option&gt;  &lt;option value=&quot;34&quot;&gt;› Tân Dương&lt;/option&gt;  &lt;option value=&quot;41&quot;&gt;› Dương Quan&lt;/option&gt;  &lt;option value=&quot;40&quot;&gt;› Hoa Động&lt;/option&gt;  &lt;option value=&quot;35&quot;&gt;› Thiên Hương&lt;/option&gt;  &lt;option value=&quot;37&quot;&gt;› Thủy Sơn&lt;/option&gt;  &lt;option value=&quot;21&quot;&gt;› Lâm Động&lt;/option&gt;  &lt;option value=&quot;14&quot;&gt;› Hòa Bình&lt;/option&gt;  &lt;option value=&quot;15&quot;&gt;› Hoàng Động&lt;/option&gt;  &lt;option value=&quot;36&quot;&gt;› Thủy Đường&lt;/option&gt;  &lt;option value=&quot;17&quot;&gt;› Kênh Giang&lt;/option&gt;  &lt;option value=&quot;18&quot;&gt;› Kiền Bái&lt;/option&gt;  &lt;option value=&quot;11&quot;&gt;› Đông Sơn&lt;/option&gt;  &lt;option value=&quot;39&quot;&gt;› Trung Hà&lt;/option&gt;  &lt;option value=&quot;27&quot;&gt;› Mỹ Đồng&lt;/option&gt;  &lt;option value=&quot;20&quot;&gt;› Lại Xuân&lt;/option&gt;  &lt;option value=&quot;13&quot;&gt;› Gia Minh&lt;/option&gt;  &lt;option value=&quot;33&quot;&gt;› Tam Hưng&lt;/option&gt;  &lt;option value=&quot;22&quot;&gt;› Lập Lễ&lt;/option&gt;  &lt;option value=&quot;23&quot;&gt;› Liên Khê&lt;/option&gt;  &lt;option value=&quot;24&quot;&gt;› Lưu Kiếm&lt;/option&gt;  &lt;option value=&quot;28&quot;&gt;› Ngũ Lão&lt;/option&gt;  &lt;option value=&quot;25&quot;&gt;› Lưu Kỳ&lt;/option&gt;  &lt;option value=&quot;19&quot;&gt;› Kỳ Sơn&lt;/option&gt;  &lt;option value=&quot;26&quot;&gt;› Minh Tân&lt;/option&gt;  &lt;option value=&quot;16&quot;&gt;› Hợp Thành&lt;/option&gt;  &lt;option value=&quot;5&quot;&gt;› Minh Đức&lt;/option&gt;  &lt;option value=&quot;38&quot;&gt;› Thủy Triều&lt;/option&gt;  &lt;option value=&quot;29&quot;&gt;› Phả Lễ&lt;/option&gt;  &lt;option value=&quot;30&quot;&gt;› Phù Ninh&lt;/option&gt;  &lt;option value=&quot;12&quot;&gt;› Gia Đức&lt;/option&gt;  &lt;option value=&quot;9&quot;&gt;› Chính Mỹ&lt;/option&gt;  &lt;option value=&quot;31&quot;&gt;› Phục Lễ&lt;/option&gt;  &lt;option value=&quot;32&quot;&gt;› Quảng Thanh&lt;/option&gt;  &lt;option value=&quot;8&quot;&gt;› Cao Nhân&lt;/option&gt;  &lt;option value=&quot;6&quot;&gt;› An Lư&lt;/option&gt;  &lt;option value=&quot;7&quot;&gt;› An Sơn&lt;/option&gt; &lt;/select&gt;                                &lt;/p&gt;                            &lt;/div&gt;                        &lt;p&gt;                            &lt;select class=&quot;form-control&quot; id=&quot;menu1_ddl_direct&quot; name=&quot;menu1$ddl_direct&quot;&gt; &lt;option value=&quot;0&quot;&gt;Tất cả các hướng&lt;/option&gt; &lt;option value=&quot;9&quot;&gt;› không Xác Định&lt;/option&gt; &lt;option value=&quot;1&quot;&gt;› Bắc&lt;/option&gt; &lt;option value=&quot;2&quot;&gt;› Đông Bắc&lt;/option&gt; &lt;option value=&quot;3&quot;&gt;› Đông&lt;/option&gt; &lt;option value=&quot;4&quot;&gt;› Đông Nam&lt;/option&gt; &lt;option value=&quot;5&quot;&gt;› Nam&lt;/option&gt; &lt;option value=&quot;6&quot;&gt;› Tây Nam&lt;/option&gt; &lt;option value=&quot;7&quot;&gt;› Tây&lt;/option&gt; &lt;option value=&quot;8&quot;&gt;› Tây Bắc&lt;/option&gt;&lt;/select&gt;                        &lt;/p&gt;                        &lt;p&gt;                            &lt;select class=&quot;form-control&quot; id=&quot;menu1_ddl_price&quot; name=&quot;menu1$ddl_price&quot;&gt; &lt;option value=&quot;0&quot;&gt;Tất cả các giá&lt;/option&gt; &lt;option value=&quot;16&quot;&gt;Thỏa thuận&lt;/option&gt; &lt;option value=&quot;1&quot;&gt;Dưới 5 triệu&lt;/option&gt; &lt;option value=&quot;2&quot;&gt;5 triệu - 10 triệu&lt;/option&gt; &lt;option value=&quot;3&quot;&gt;10 triệu - 20 triệu&lt;/option&gt; &lt;option value=&quot;4&quot;&gt;20 triệu - 100 triệu&lt;/option&gt; &lt;option value=&quot;5&quot;&gt;100 triệu - 500 triệu&lt;/option&gt; &lt;option value=&quot;6&quot;&gt;500 triệu - 1 tỷ&lt;/option&gt; &lt;option value=&quot;7&quot;&gt;1 tỷ - 1,5 tỷ&lt;/option&gt; &lt;option value=&quot;8&quot;&gt;1,5 tỷ - 2 tỷ&lt;/option&gt; &lt;option value=&quot;9&quot;&gt;2 tỷ - 2,5 tỷ&lt;/option&gt; &lt;option value=&quot;10&quot;&gt;2,5 tỷ - 3 tỷ&lt;/option&gt; &lt;option value=&quot;11&quot;&gt;3 tỷ - 4 tỷ&lt;/option&gt; &lt;option value=&quot;12&quot;&gt;4 tỷ - 5 tỷ&lt;/option&gt; &lt;option value=&quot;13&quot;&gt;5 tỷ - 6 tỷ&lt;/option&gt; &lt;option value=&quot;14&quot;&gt;6 tỷ - 7 tỷ&lt;/option&gt; &lt;option value=&quot;15&quot;&gt;Trên 7 tỷ&lt;/option&gt;&lt;/select&gt;                        &lt;/p&gt;                                                &lt;p&gt;                            DTMB từ &lt;input class=&quot;txt_area&quot; id=&quot;menu1_txt_min&quot; name=&quot;menu1$txt_min&quot; placeholder=&quot;20m2&quot; type=&quot;text&quot;/&gt; đến &lt;input class=&quot;txt_area1&quot; id=&quot;menu1_txt_max&quot; name=&quot;menu1$txt_max&quot; placeholder=&quot;80m2&quot; type=&quot;text&quot;/&gt;                                                                                &lt;/p&gt;                    &lt;/div&gt;                    &lt;div class=&quot;clearfix&quot;/&gt;                    &lt;a class=&quot;btn btn-default&quot; href=&quot;javascript:__doPostBack('menu1$LinkButton1','')&quot; id=&quot;menu1_LinkButton1&quot;&gt;&lt;i aria-hidden=&quot;true&quot; class=&quot;fa fa-search&quot;/&gt; Tìm kiếm&lt;/a&gt;                    &lt;div class=&quot;d_search&quot;/&gt;                &lt;/div&gt;" SourceIndex="1484" TextLen="22" order="17" xPath="/XPspan"/>
</LayoutNode>
<LayoutNode BgColor="#ffffff" ContainImg="0" ContainP="6" ContainTable="false" DOMCldNum="11" DoC="5" FontSize="14" FontWeight="normal" FrameSourceIndex="0" ID="1-2-2-1-2" IsImg="false" LinkNum="2" LinkTextLen="11" ObjectRectHeight="461" ObjectRectLeft="1050" ObjectRectTop="333" ObjectRectWidth="370" SourceIndex="1810" TextLen="68" order="18">
<LayoutNode BgColor="#ffffff" ContainImg="0" ContainP="6" ContainTable="false" Content="Tìm kiếm theo dự án Loại hình bất động sản › Cần bán › Cho thuê › Cần mua › Cần thuê › Mục đích khác Tất cả quận huyện › Thủy Nguyên › Lê Chân › Quảng Ninh › Ngô Quyền › Hải An › Hồng Bàng › Tiên Lãng › Kiến An › Dương Kinh › Đồ Sơn › Kiến Thụy › An Dương › An Lão › Cát Bà - Cát Hải › Vĩnh Bảo › Quận huyện khác Chọn dự án Dự án Gò Gai Central Park Dự án Quang Minh Green City Tái Định Cư Bắc Sông Cấm Dự án Sakura Garden Dự án Tái Định Cư Vsip Dự án Dương Quan Villa Dự án Centa City Dự án Trung Tâm Thương Mại Chợ Núi Đèo Dự án Nam Long VSIP Thủy Nguyên Dự án khu đấu giá Đầm Tràng Tân Dương Dự án đấu giá Khau Da Thủy Sơn Thủy Nguyên Dự án đấu giá Cửa Trại Thủy Đường Thủy Nguyên Khu Tái định cư Gia Minh Tất cả các giá Thỏa thuận Dưới 5 triệu 5 triệu - 10 triệu 10 triệu - 20 triệu 20 triệu - 100 triệu 100 triệu - 500 triệu 500 triệu - 1 tỷ 1 tỷ - 1,5 tỷ 1,5 tỷ - 2 tỷ 2 tỷ - 2,5 tỷ 2,5 tỷ - 3 tỷ 3 tỷ - 4 tỷ 4 tỷ - 5 tỷ 5 tỷ - 6 tỷ 6 tỷ - 7 tỷ Trên 7 tỷ DTMB từ đến Tìm kiếm " DOMCldNum="11" DoC="8" FontSize="14" FontWeight="normal" FrameSourceIndex="0" ID="1-2-2-1-2-1" IsImg="false" LinkNum="1" LinkTextLen="10" ObjectRectHeight="334" ObjectRectLeft="1050" ObjectRectTop="333" ObjectRectWidth="370" SRC="&lt;div xmlns=&quot;http://www.w3.org/1999/xhtml&quot; class=&quot;panel panel-primary&quot;&gt;                &lt;div class=&quot;nav-title&quot;&gt;                     &lt;i aria-hidden=&quot;true&quot; class=&quot;fa fa-search-plus&quot;/&gt; Tìm kiếm theo dự án                &lt;/div&gt;                &lt;div class=&quot;panel-body&quot;&gt;                    &lt;div class=&quot;form-group&quot;&gt;                        &lt;div id=&quot;menu1_UpdatePanel2&quot;&gt;                                 &lt;p&gt;&lt;select class=&quot;form-control&quot; id=&quot;menu1_ddl_cate_project&quot; name=&quot;menu1$ddl_cate_project&quot;&gt;  &lt;option value=&quot;0&quot;&gt;Loại hình bất động sản&lt;/option&gt;  &lt;option value=&quot;1&quot;&gt;› Cần bán&lt;/option&gt;  &lt;option value=&quot;2&quot;&gt;› Cho thuê&lt;/option&gt;  &lt;option value=&quot;3&quot;&gt;› Cần mua&lt;/option&gt;  &lt;option value=&quot;4&quot;&gt;› Cần thuê&lt;/option&gt;  &lt;option value=&quot;48&quot;&gt;› Mục đích khác&lt;/option&gt; &lt;/select&gt;&lt;/p&gt;                                                                                                              &lt;p&gt;                                    &lt;select class=&quot;form-control&quot; id=&quot;menu1_ddl_city_project&quot; name=&quot;menu1$ddl_city_project&quot; onchange=&quot;javascript:setTimeout('__doPostBack(\'menu1$ddl_city_project\',\'\')', 0)&quot;&gt;  &lt;option value=&quot;0&quot;&gt;Tất cả quận huyện&lt;/option&gt;  &lt;option selected=&quot;selected&quot; value=&quot;1&quot;&gt;› Thủy Nguyên&lt;/option&gt;  &lt;option value=&quot;18&quot;&gt;› Lê Chân&lt;/option&gt;  &lt;option value=&quot;19&quot;&gt;› Quảng Ninh&lt;/option&gt;  &lt;option value=&quot;2&quot;&gt;› Ngô Quyền&lt;/option&gt;  &lt;option value=&quot;5&quot;&gt;› Hải An&lt;/option&gt;  &lt;option value=&quot;6&quot;&gt;› Hồng Bàng&lt;/option&gt;  &lt;option value=&quot;15&quot;&gt;› Tiên Lãng&lt;/option&gt;  &lt;option value=&quot;9&quot;&gt;› Kiến An&lt;/option&gt;  &lt;option value=&quot;8&quot;&gt;› Dương Kinh&lt;/option&gt;  &lt;option value=&quot;10&quot;&gt;› Đồ Sơn&lt;/option&gt;  &lt;option value=&quot;11&quot;&gt;› Kiến Thụy&lt;/option&gt;  &lt;option value=&quot;12&quot;&gt;› An Dương&lt;/option&gt;  &lt;option value=&quot;13&quot;&gt;› An Lão&lt;/option&gt;  &lt;option value=&quot;14&quot;&gt;› Cát Bà - Cát Hải&lt;/option&gt;  &lt;option value=&quot;16&quot;&gt;› Vĩnh Bảo&lt;/option&gt;  &lt;option value=&quot;17&quot;&gt;› Quận huyện khác&lt;/option&gt; &lt;/select&gt;                                &lt;/p&gt;                                &lt;p&gt;                                    &lt;select class=&quot;form-control&quot; id=&quot;menu1_ddl_project&quot; name=&quot;menu1$ddl_project&quot; onchange=&quot;javascript:setTimeout('__doPostBack(\'menu1$ddl_project\',\'\')', 0)&quot;&gt;  &lt;option selected=&quot;selected&quot; value=&quot;0&quot;&gt;Chọn dự án&lt;/option&gt;  &lt;option value=&quot;1&quot;&gt;Dự án Gò Gai Central Park&lt;/option&gt;  &lt;option value=&quot;2&quot;&gt;Dự án Quang Minh Green City&lt;/option&gt;  &lt;option value=&quot;3&quot;&gt;Tái Định Cư  Bắc Sông Cấm&lt;/option&gt;  &lt;option value=&quot;6&quot;&gt;Dự án Sakura Garden&lt;/option&gt;  &lt;option value=&quot;10&quot;&gt;Dự án Tái Định Cư Vsip&lt;/option&gt;  &lt;option value=&quot;11&quot;&gt;Dự án Dương Quan Villa&lt;/option&gt;  &lt;option value=&quot;12&quot;&gt;Dự án Centa City&lt;/option&gt;  &lt;option value=&quot;13&quot;&gt;Dự án Trung Tâm Thương Mại Chợ Núi Đèo&lt;/option&gt;  &lt;option value=&quot;14&quot;&gt;Dự án Nam Long VSIP Thủy Nguyên&lt;/option&gt;  &lt;option value=&quot;16&quot;&gt;Dự án khu đấu giá Đầm Tràng Tân Dương&lt;/option&gt;  &lt;option value=&quot;17&quot;&gt;Dự án đấu giá Khau Da Thủy Sơn Thủy Nguyên&lt;/option&gt;  &lt;option value=&quot;18&quot;&gt;Dự án đấu giá Cửa Trại Thủy Đường Thủy Nguyên&lt;/option&gt;  &lt;option value=&quot;19&quot;&gt;Khu Tái định cư Gia Minh&lt;/option&gt; &lt;/select&gt;                                &lt;/p&gt;                                &lt;p&gt;                                                                    &lt;/p&gt;                            &lt;/div&gt;                          &lt;p&gt;                            &lt;select class=&quot;form-control&quot; id=&quot;menu1_DropDownList5&quot; name=&quot;menu1$DropDownList5&quot;&gt; &lt;option value=&quot;0&quot;&gt;Tất cả các giá&lt;/option&gt; &lt;option value=&quot;16&quot;&gt;Thỏa thuận&lt;/option&gt; &lt;option value=&quot;1&quot;&gt;Dưới 5 triệu&lt;/option&gt; &lt;option value=&quot;2&quot;&gt;5 triệu - 10 triệu&lt;/option&gt; &lt;option value=&quot;3&quot;&gt;10 triệu - 20 triệu&lt;/option&gt; &lt;option value=&quot;4&quot;&gt;20 triệu - 100 triệu&lt;/option&gt; &lt;option value=&quot;5&quot;&gt;100 triệu - 500 triệu&lt;/option&gt; &lt;option value=&quot;6&quot;&gt;500 triệu - 1 tỷ&lt;/option&gt; &lt;option value=&quot;7&quot;&gt;1 tỷ - 1,5 tỷ&lt;/option&gt; &lt;option value=&quot;8&quot;&gt;1,5 tỷ - 2 tỷ&lt;/option&gt; &lt;option value=&quot;9&quot;&gt;2 tỷ - 2,5 tỷ&lt;/option&gt; &lt;option value=&quot;10&quot;&gt;2,5 tỷ - 3 tỷ&lt;/option&gt; &lt;option value=&quot;11&quot;&gt;3 tỷ - 4 tỷ&lt;/option&gt; &lt;option value=&quot;12&quot;&gt;4 tỷ - 5 tỷ&lt;/option&gt; &lt;option value=&quot;13&quot;&gt;5 tỷ - 6 tỷ&lt;/option&gt; &lt;option value=&quot;14&quot;&gt;6 tỷ - 7 tỷ&lt;/option&gt; &lt;option value=&quot;15&quot;&gt;Trên 7 tỷ&lt;/option&gt;&lt;/select&gt;                        &lt;/p&gt;                        &lt;p&gt;                            DTMB từ &lt;input class=&quot;txt_area&quot; id=&quot;menu1_txt_pmin&quot; name=&quot;menu1$txt_pmin&quot; placeholder=&quot;20m2&quot; type=&quot;text&quot;/&gt; đến &lt;input class=&quot;txt_area1&quot; id=&quot;menu1_txt_pmax&quot; name=&quot;menu1$txt_pmax&quot; placeholder=&quot;80m2&quot; type=&quot;text&quot;/&gt;                                                                                &lt;/p&gt;                    &lt;/div&gt;                    &lt;div class=&quot;clearfix&quot;/&gt;                    &lt;a class=&quot;btn btn-default&quot; href=&quot;javascript:__doPostBack('menu1$li_project','')&quot; id=&quot;menu1_li_project&quot;&gt;&lt;i aria-hidden=&quot;true&quot; class=&quot;fa fa-search&quot;/&gt; Tìm kiếm&lt;/a&gt;                &lt;/div&gt;            &lt;/div&gt;" SourceIndex="1812" TextLen="43" order="19" xPath="/XPspan"/>
<LayoutNode BgColor="#ffffff" ContainImg="0" ContainP="0" ContainTable="false" Content="Tìm kiếm số điện thoại " DOMCldNum="11" DoC="5" FontSize="14" FontWeight="normal" FrameSourceIndex="0" ID="1-2-2-1-2-2" IsImg="false" LinkNum="1" LinkTextLen="1" ObjectRectHeight="105" ObjectRectLeft="1050" ObjectRectTop="689" ObjectRectWidth="370" SRC="&lt;div xmlns=&quot;http://www.w3.org/1999/xhtml&quot; class=&quot;panel panel-primary&quot;&gt;                &lt;div class=&quot;nav-title&quot;&gt;                     &lt;i aria-hidden=&quot;true&quot; class=&quot;fa fa-search-plus&quot;/&gt; Tìm kiếm số điện thoại                &lt;/div&gt;                &lt;div class=&quot;panel-body&quot;&gt;                    &lt;div class=&quot;form-group&quot;&gt;                        &lt;div class=&quot;txt_phone&quot;&gt;                            &lt;input id=&quot;menu1_txt_phone&quot; name=&quot;menu1$txt_phone&quot; placeholder=&quot;Tìm theo số điện thoại&quot; type=&quot;text&quot;/&gt;                        &lt;/div&gt;                        &lt;div class=&quot;s_phone&quot;&gt;                            &lt;a class=&quot;btn btn-default&quot; href=&quot;javascript:__doPostBack('menu1$lt_phone','')&quot; id=&quot;menu1_lt_phone&quot;&gt;&lt;i aria-hidden=&quot;true&quot; class=&quot;fa fa-search&quot;/&gt;&lt;/a&gt;                        &lt;/div&gt;                    &lt;/div&gt;                                    &lt;/div&gt;            &lt;/div&gt;" SourceIndex="2029" TextLen="25" order="20" xPath="/XPspan"/>
</LayoutNode>
</LayoutNode>
<LayoutNode BgColor="#ffffff" ContainImg="8" ContainP="0" ContainTable="false" Content="Bất động sản nổi bật - giá tốt AP-10030 Chuyển nhượng căn nhà mới xây ở Núi Đèo, Thủy Nguyên Giá : Thỏa thuận Diện tích : 77 m2 Hướng : Đông Nam AP-10022 Bán đất mặt đường kinh doanh thị trấn Núi Đèo,Thủy Nguyên Giá : Thỏa thuận Diện tích : 136 m2 Hướng : không Xác Định ap-10014 Bán lô đất siêu phẩm Hoa Động Thủy Nguyên 105m2, nở hậu Giá : Thỏa thuận Diện tích : 105 m2 Hướng : Tây AP-10010 Bán lô đất doanh nghiệp 2.5ha mặt đường 10 Lưu Kiếm Giá : 27,500,000,000 VNĐ Diện tích : 25,000 m2 Hướng : không Xác Định " DOMCldNum="3" DoC="8" FontSize="14" FontWeight="normal" FrameSourceIndex="0" ID="1-2-2-2" IsImg="false" LinkNum="8" LinkTextLen="211" ObjectRectHeight="596" ObjectRectLeft="807" ObjectRectTop="814" ObjectRectWidth="613" SRC="&lt;div xmlns=&quot;http://www.w3.org/1999/xhtml&quot; class=&quot;col-xs-12 banner&quot;&gt;            &lt;div class=&quot;nav-title color-1&quot;&gt;                &lt;span&gt;                    &lt;i aria-hidden=&quot;true&quot; class=&quot;fa fa-fire&quot;/&gt;                     Bất động sản nổi bật - giá tốt                &lt;/span&gt;            &lt;/div&gt;                                &lt;div class=&quot;col-md-12 item-10&quot;&gt;                        &lt;div class=&quot;col-xs-3  no-pad mh-160&quot;&gt;                            &lt;a href=&quot;../p-10030/chuyen-nhuong-can-nha-moi-xay-o-nui-deo-thuy-nguyen&quot; id=&quot;menu1_rpt_hot_HyperLink1_0&quot;&gt;&lt;img class=&quot;img-responsive&quot; id=&quot;menu1_rpt_hot_Image1_0&quot; src=&quot;../image/thumb/2020-4-11/11/1-23.jpg&quot;/&gt;&lt;/a&gt;                            &lt;div class=&quot;ms&quot;&gt;                                AP-10030                            &lt;/div&gt;                        &lt;/div&gt;                        &lt;div class=&quot;col-xs-9&quot;&gt;                            &lt;div class=&quot;item-name&quot;&gt;                                &lt;a class=&quot;project_vip&quot; href=&quot;../p-10030/chuyen-nhuong-can-nha-moi-xay-o-nui-deo-thuy-nguyen&quot; id=&quot;menu1_rpt_hot_HyperLink2_0&quot;&gt;Chuyển nhượng căn nhà mới xây ở Núi Đèo, Thủy Nguyên&lt;/a&gt;                                                                &lt;img id=&quot;menu1_rpt_hot_Image2_0&quot; src=&quot;../image/icon/hot.gif&quot;/&gt;                            &lt;/div&gt;                            &lt;div class=&quot;item-price&quot;&gt;                                Giá : &lt;b&gt;Thỏa thuận&lt;/b&gt;                            &lt;/div&gt;                            &lt;div&gt;                                Diện tích : &lt;b&gt;77 m&lt;sup&gt;2&lt;/sup&gt;&lt;/b&gt;                            &lt;/div&gt;                            &lt;div&gt;                                Hướng : &lt;b&gt;Đông Nam&lt;/b&gt;                            &lt;/div&gt;                        &lt;/div&gt;                    &lt;/div&gt;                                    &lt;div class=&quot;col-md-12 item-10&quot;&gt;                        &lt;div class=&quot;col-xs-3  no-pad mh-160&quot;&gt;                            &lt;a href=&quot;../p-10022/ban-dat-mat-duong-kinh-doanh-thi-tran-nui-deothuy-nguyen&quot; id=&quot;menu1_rpt_hot_HyperLink1_1&quot;&gt;&lt;img class=&quot;img-responsive&quot; id=&quot;menu1_rpt_hot_Image1_1&quot; src=&quot;../image/thumb/2020-4-9/9/d31c4b05e3a218fc41b3-15.jpg&quot;/&gt;&lt;/a&gt;                            &lt;div class=&quot;ms&quot;&gt;                                AP-10022                            &lt;/div&gt;                        &lt;/div&gt;                        &lt;div class=&quot;col-xs-9&quot;&gt;                            &lt;div class=&quot;item-name&quot;&gt;                                &lt;a class=&quot;project_vip&quot; href=&quot;../p-10022/ban-dat-mat-duong-kinh-doanh-thi-tran-nui-deothuy-nguyen&quot; id=&quot;menu1_rpt_hot_HyperLink2_1&quot;&gt;Bán đất mặt đường kinh doanh thị trấn Núi Đèo,Thủy Nguyên&lt;/a&gt;                                                                &lt;img id=&quot;menu1_rpt_hot_Image2_1&quot; src=&quot;../image/icon/hot.gif&quot;/&gt;                            &lt;/div&gt;                            &lt;div class=&quot;item-price&quot;&gt;                                Giá : &lt;b&gt;Thỏa thuận&lt;/b&gt;                            &lt;/div&gt;                            &lt;div&gt;                                Diện tích : &lt;b&gt;136 m&lt;sup&gt;2&lt;/sup&gt;&lt;/b&gt;                            &lt;/div&gt;                            &lt;div&gt;                                Hướng : &lt;b&gt;không Xác Định&lt;/b&gt;                            &lt;/div&gt;                        &lt;/div&gt;                    &lt;/div&gt;                                    &lt;div class=&quot;col-md-12 item-10&quot;&gt;                        &lt;div class=&quot;col-xs-3  no-pad mh-160&quot;&gt;                            &lt;a href=&quot;../p-10014/ban-lo-dat-sieu-pham-hoa-dong-thuy-nguyen-105m2-no-hau&quot; id=&quot;menu1_rpt_hot_HyperLink1_2&quot;&gt;&lt;img class=&quot;img-responsive&quot; id=&quot;menu1_rpt_hot_Image1_2&quot; src=&quot;../image/thumb/2020-4-8/8/huy-37.jpg&quot;/&gt;&lt;/a&gt;                            &lt;div class=&quot;ms&quot;&gt;                                ap-10014                            &lt;/div&gt;                        &lt;/div&gt;                        &lt;div class=&quot;col-xs-9&quot;&gt;                            &lt;div class=&quot;item-name&quot;&gt;                                &lt;a class=&quot;project_vip&quot; href=&quot;../p-10014/ban-lo-dat-sieu-pham-hoa-dong-thuy-nguyen-105m2-no-hau&quot; id=&quot;menu1_rpt_hot_HyperLink2_2&quot;&gt;Bán lô đất siêu phẩm Hoa Động Thủy Nguyên 105m2, nở hậu&lt;/a&gt;                                                                &lt;img id=&quot;menu1_rpt_hot_Image2_2&quot; src=&quot;../image/icon/hot.gif&quot;/&gt;                            &lt;/div&gt;                            &lt;div class=&quot;item-price&quot;&gt;                                Giá : &lt;b&gt;Thỏa thuận&lt;/b&gt;                            &lt;/div&gt;                            &lt;div&gt;                                Diện tích : &lt;b&gt;105 m&lt;sup&gt;2&lt;/sup&gt;&lt;/b&gt;                            &lt;/div&gt;                            &lt;div&gt;                                Hướng : &lt;b&gt;Tây&lt;/b&gt;                            &lt;/div&gt;                        &lt;/div&gt;                    &lt;/div&gt;                                    &lt;div class=&quot;col-md-12 item-10&quot;&gt;                        &lt;div class=&quot;col-xs-3  no-pad mh-160&quot;&gt;                            &lt;a href=&quot;../p-10010/ban-lo-dat-doanh-nghiep-25ha-mat-duong-10-luu-kiem&quot; id=&quot;menu1_rpt_hot_HyperLink1_3&quot;&gt;&lt;img class=&quot;img-responsive&quot; id=&quot;menu1_rpt_hot_Image1_3&quot; src=&quot;../image/thumb/2020-4-7/7/1-62.jpg&quot;/&gt;&lt;/a&gt;                            &lt;div class=&quot;ms&quot;&gt;                                AP-10010                            &lt;/div&gt;                        &lt;/div&gt;                        &lt;div class=&quot;col-xs-9&quot;&gt;                            &lt;div class=&quot;item-name&quot;&gt;                                &lt;a class=&quot;project_vip&quot; href=&quot;../p-10010/ban-lo-dat-doanh-nghiep-25ha-mat-duong-10-luu-kiem&quot; id=&quot;menu1_rpt_hot_HyperLink2_3&quot;&gt;Bán lô đất doanh nghiệp 2.5ha mặt đường 10 Lưu Kiếm&lt;/a&gt;                                                                &lt;img id=&quot;menu1_rpt_hot_Image2_3&quot; src=&quot;../image/icon/hot.gif&quot;/&gt;                            &lt;/div&gt;                            &lt;div class=&quot;item-price&quot;&gt;                                Giá : &lt;b&gt;27,500,000,000 VNĐ&lt;/b&gt;                            &lt;/div&gt;                            &lt;div&gt;                                Diện tích : &lt;b&gt;25,000 m&lt;sup&gt;2&lt;/sup&gt;&lt;/b&gt;                            &lt;/div&gt;                            &lt;div&gt;                                Hướng : &lt;b&gt;không Xác Định&lt;/b&gt;                            &lt;/div&gt;                        &lt;/div&gt;                    &lt;/div&gt;                                 &lt;/div&gt;" SourceIndex="2065" TextLen="496" order="21" xPath="/#document/html/body/div[0]/form[11]/section[0]/div[2]/div[1]/div[0]/div[4]/div[1]/div[3]/div[0]/b[0]/#text"/>
</LayoutNode>
</LayoutNode>
<LayoutNode BgColor="#005526" ContainImg="27" ContainP="1" ContainTable="true" DOMCldNum="5" DoC="5" FontSize="14" FontWeight="normal" FrameSourceIndex="0" ID="1-3" IsImg="false" LinkNum="39" LinkTextLen="1115" ObjectRectHeight="1765" ObjectRectLeft="0" ObjectRectTop="1431" ObjectRectWidth="1420" SourceIndex="2257" TextLen="3353" order="22">
<LayoutNode BgColor="#005526" ContainImg="0" ContainP="0" ContainTable="false" Content="Chuyên gia tư vấn " DOMCldNum="5" DoC="5" FontSize="14" FontWeight="normal" FrameSourceIndex="0" ID="1-3-1" IsImg="false" LinkNum="0" LinkTextLen="0" ObjectRectHeight="40" ObjectRectLeft="0" ObjectRectTop="1431" ObjectRectWidth="1420" SRC="&lt;div xmlns=&quot;http://www.w3.org/1999/xhtml&quot; class=&quot;nav-title&quot;&gt;                &lt;span&gt;                    &lt;i aria-hidden=&quot;true&quot; class=&quot;fa fa-address-card-o&quot;/&gt;                    Chuyên gia tư vấn                &lt;/span&gt;            &lt;/div&gt;" SourceIndex="2259" TextLen="19" order="23" xPath="/#document/html/body/div[0]/form[11]/section[0]/div[2]/div[3]/div[0]/div[0]/div[0]/span[1]/#text"/>
<LayoutNode BgColor="#ffffff" ContainImg="27" ContainP="1" ContainTable="true" Content="Chia sẻ tin đăng :  Quay lại Lên đầu trang Thông tin người đăng  Công ty/Cá nhân : Văn phòng nhà đất An Phú Địa chỉ Email : nhadatanphuhp@gmail.com Điện thoại liên lạc : 0936.77.39.68 Địa chỉ liên lạc : Tân Dương, Thủy Nguyên, Hải Phòng Tin liên quan AP-10046 Bán lô góc Đầm Tràng - City View.LH 0938666882 Bán lô góc Đầm Tràng - City View, Tân Dương, Thủy Nguyên, Hải Phòng giá tốt nhất thị trường. Diện tích 70,5m2, ngang 5m. Lô đất đẹp và rất hiếm ngay [...] Giá : Thỏa thuận Diện tích : 70 m2 Hướng : không Xác Định ap-10043 Chính chủ bán 100m2 đất dự án đất đấu giá Khau Da, Thủy Sơn, Thủy Nguyên Chính chủ bán 100m2 đất dự án đất đấu giá Khau Da, Thủy Sơn, Thủy Nguyên, Hải Phòng. Giá thu hồi vốn bán rẻ chỉ 2,35 tỷ. Đường 21m bao gồm 10m vỉa hè [...] Giá : 2,350,000,000 VNĐ Diện tích : 100 m2 Hướng : Bắc ap-9835 Bán lô góc vườn hoa khu đấu giá Cửa Trại, Thủy Đường 74.5m2 Chuyển nhượng lô góc vườn hoa khu đấu giá Cửa Trại Thủy Đường Thủy Nguyên Hải Phòng. Diện tích : 74,5 m2, hướng : Nam, Đường : 12m. Giá : 1ty869 tr ( [...] Giá : Thỏa thuận Diện tích : 75 m2 Hướng : Nam ap-9909 Cần bán lô 03 LK02 khu Cửa Trại, Thủy Đường giá 1 tỷ 640 triệu Cần bán lô 03 LK02 khu Cửa Trại, Thủy Đường, Thủy Nguyên, Hải Phòng. Diện tích 85.9m2, rộng 5m. Đường trước ngõ rộng 12m. Đối diện là trường học quốc [...] Giá : 1,640,000,000 VNĐ Diện tích : 85 m2 Hướng : Tây ap-9952 Bán lướt lô mặt đường Máng Nước khu Cửa Trại Thủy Đường 100m2 Cần bán lướt lô mặt đường Máng Nước khu Cửa Trại Thủy Đường Thủy Nguyên Hải Phòng. Diện tích 100m2, rộng 5m, hướng Đông. Đường trước ngõ rộng 52m là [...] Giá : Thỏa thuận Diện tích : 100 m2 Hướng : Đông ap-9953 Chính chủ bán lô đất hướng Nam Cửa Trại Thủy Đường. LH 0388 186 116 Cần bán đất Cửa Trại Thủy Đường Thủy Nguyên Hải Phòng. Diện tích 100m2, rộng 5m, hướng Nam. Đường trước ngõ rộng 12m, giao thông thuận lợi, khu dân [...] Giá : 1,950,000,000 VNĐ Diện tích : 100 m2 Hướng : Nam ap-9954 Bán đất Cửa Trại Thủy Đường Thủy Nguyên 109.8m2, sản phẩm hot Sản phẩm hót  Lô 05 lk01 khu đấu giá Cửa Trại Thủy Đường, Thủy Nguyên, Hải Phòng Diện tích 109,8m2 ngang 6m rộng rãi vị trí đẹp nhìn sang khu chăn [...] Giá : 2,141,100,000 VNĐ Diện tích : 109 m2 Hướng : Bắc AP-10041 Bán lô đất  đẹp nhất  tại tuyến 1 khu tái định cư Gia Minh  Bán lô đất  đẹp nhất  tại tuyến 1 khu tái định cư Gia Minh,Thủy Nguyên, Hải Phòng. Diện tích 180m2, ngang 9m, hướng Bắc ghé Đông. Đã đầy [...] Giá : 1,050,000,000 VNĐ Diện tích : 180 m2 Hướng : không Xác Định Mr.Biên 0904.285.111 Chuyên viên tư vấn mua/bán, thuê/cho thuê BDS Văn phòng nhà đất An Phú 0936.77.39.68 Phụ trách kinh doanh, đăng tin và quảng cáo Mr. Bảo 0901.285.333 Chuyên viên tư vấn mua/bán, thuê/cho thuê BDS Mr. Toản 0972.366.385 Chuyên viên tư vấn mua/bán, thuê/cho thuê BDS Tin tức Nhà đất An Phú Xem thêm VP Nhà Đất An Phú hướng tới sự uy tín &amp; chuyên nghiệp Nhà Đất An Phú khai xuân Canh Tý 2020   Thông báo nghỉ Tết dương lịch và âm lịch 2020 Hoạt động tất niên năm 2019 của Nhà Đất An Phú Thông báo đổi điểm văn phòng Nhà Đất An Phú mới từ 10.09.2019 Du lịch hè 2019 - Đà Nẵng cùng An Phú Thị trường bất động sản Xem thêm Bảng tổng hợp giá đất thực tế Thủy Nguyên ngày 27/12/2019 Quy hoạch 1/500 các phường Thượng Lý, Sở Dầu Cầu vượt sông Văn Úc Tổng hợp giá đất Thủy Nguyên năm 2018 Tiềm năng đầu tư bất động sản cho thuê tại Thủy Nguyên – Hải Phòng Cầu Bạch Đằng nối Hải Phòng với Quảng Ninh sắp hoàn thiện " DOMCldNum="9" DoC="5" FontSize="14" FontWeight="normal" FrameSourceIndex="0" ID="1-3-2" IsImg="false" LinkNum="39" LinkTextLen="1115" ObjectRectHeight="1704" ObjectRectLeft="0" ObjectRectTop="1492" ObjectRectWidth="1420" SRC="&lt;span xmlns=&quot;http://www.w3.org/1999/xhtml&quot; style=&quot;float:left;display:table;margin-right:15px;padding-top:11px;&quot;&gt;            &lt;b&gt;Chia sẻ tin đăng : &lt;/b&gt;        &lt;/span&gt;&lt;div xmlns=&quot;http://www.w3.org/1999/xhtml&quot; class=&quot;row top-20 g-maps&quot;&gt;        &lt;div class=&quot;col-xs-12&quot;&gt;                                &lt;p&gt;                        &lt;a href=&quot;http://nhadatanphu.com.vn/mn-14/hinh-anh-thuc-te-cac-du-an-thuy-nguyen&quot; id=&quot;product1_rpt_banner_HyperLink4_0&quot;&gt;&lt;img class=&quot;img-responsive&quot; id=&quot;product1_rpt_banner_Image2_0&quot; src=&quot;../image/banner/2019-9-9/9/1123989122040910106-46.gif&quot;/&gt;&lt;/a&gt;                    &lt;/p&gt;                        &lt;/div&gt;    &lt;/div&gt;&lt;div xmlns=&quot;http://www.w3.org/1999/xhtml&quot; class=&quot;col-item&quot;&gt;        &lt;div class=&quot;col-xs-6 no-pad&quot;&gt;            &lt;a href=&quot;../m-13/du-an---tai-dinh-cu&quot; id=&quot;product1_hpl_back&quot;&gt;&lt;i aria-hidden=&quot;true&quot; class=&quot;fa fa-arrow-left&quot;/&gt; Quay lại&lt;/a&gt;        &lt;/div&gt;        &lt;div class=&quot;col-xs-6 text-right&quot;&gt;            &lt;div id=&quot;product1_UpdatePanel1&quot;&gt;                     &lt;button class=&quot;gttop&quot; onclick=&quot;topFunction()&quot; title=&quot;Lên đầu trang&quot;&gt;&lt;i aria-hidden=&quot;true&quot; class=&quot;fa fa-arrow-up&quot;/&gt; Lên đầu trang&lt;/button&gt;                &lt;/div&gt;                    &lt;/div&gt;        &lt;script&gt;            function topFunction() {                document.body.scrollTop = 0; // For Safari                document.documentElement.scrollTop = 0; // For Chrome, Firefox, IE and Opera            }        &lt;/script&gt;    &lt;/div&gt;&lt;div xmlns=&quot;http://www.w3.org/1999/xhtml&quot; class=&quot;col-xs-12 g-maps top-10&quot;&gt;            &lt;b&gt;&lt;i aria-hidden=&quot;true&quot; class=&quot;fa fa-address-card&quot;/&gt; Thông tin người đăng&lt;/b&gt;        &lt;/div&gt;&lt;img xmlns=&quot;http://www.w3.org/1999/xhtml&quot; class=&quot;img-responsive image&quot; id=&quot;product1_rpt_staff_img_staff_0&quot; src=&quot;../image/staff/2020-3-16/16/2cca30786b6b9035c97a-46.jpg&quot;/&gt;&lt;table xmlns=&quot;http://www.w3.org/1999/xhtml&quot; class=&quot;table table-condensed&quot;&gt;                        &lt;tbody&gt;                            &lt;tr&gt;                                &lt;td class=&quot;w-30&quot;&gt;&lt;b&gt;Công ty/Cá nhân :&lt;/b&gt;&lt;/td&gt;                                &lt;td&gt;Văn phòng nhà đất An Phú&lt;/td&gt;                            &lt;/tr&gt;                            &lt;tr&gt;                                &lt;td class=&quot;w-30&quot;&gt;&lt;b&gt;Địa chỉ Email :&lt;/b&gt;&lt;/td&gt;                                &lt;td&gt;nhadatanphuhp@gmail.com&lt;/td&gt;                            &lt;/tr&gt;                            &lt;tr&gt;                                &lt;td class=&quot;w-30&quot;&gt;&lt;b&gt;Điện thoại liên lạc :&lt;/b&gt;&lt;/td&gt;                                &lt;td&gt;0936.77.39.68&lt;/td&gt;                            &lt;/tr&gt;                            &lt;tr&gt;                                &lt;td class=&quot;w-30&quot;&gt;&lt;b&gt;Địa chỉ liên lạc :&lt;/b&gt;&lt;/td&gt;                                &lt;td&gt;Tân Dương, Thủy Nguyên, Hải Phòng&lt;/td&gt;                            &lt;/tr&gt;                                                    &lt;/tbody&gt;                    &lt;/table&gt;&lt;div xmlns=&quot;http://www.w3.org/1999/xhtml&quot; class=&quot;menu-title top-20&quot;&gt;        &lt;i aria-hidden=&quot;true&quot; class=&quot;fa fa-star-o&quot;/&gt; Tin liên quan    &lt;/div&gt;&lt;div xmlns=&quot;http://www.w3.org/1999/xhtml&quot; class=&quot;col-md-12 mbot-10&quot;&gt;                    &lt;div class=&quot;row&quot;&gt;                        &lt;div class=&quot;col-xs-3 col-sm-2 no-pad-right mh-80&quot;&gt;                            &lt;a href=&quot;../p-10046/ban-lo-goc-dam-trang---city-viewlh-0938666882&quot; id=&quot;product1_rpt_project_HyperLink1_0&quot;&gt;&lt;img class=&quot;img-responsive&quot; id=&quot;product1_rpt_project_Image1_0&quot; src=&quot;../image/project/2020-4-13/13/2-97.jpg&quot;/&gt;&lt;/a&gt;                            &lt;div class=&quot;ms&quot;&gt;                                AP-10046                            &lt;/div&gt;                        &lt;/div&gt;                        &lt;div class=&quot;col-xs-9 col-sm-10&quot;&gt;                            &lt;div class=&quot;item-name&quot;&gt;                                &lt;a href=&quot;../p-10046/ban-lo-goc-dam-trang---city-viewlh-0938666882&quot; id=&quot;product1_rpt_project_HyperLink2_0&quot;&gt;Bán lô góc Đầm Tràng - City View.LH 0938666882&lt;/a&gt;                                                                                            &lt;/div&gt;                            &lt;div class=&quot;item-desc&quot;&gt;                                Bán lô góc Đầm Tràng - City View, Tân Dương, Thủy Nguyên, Hải Phòng giá tốt nhất thị trường. Diện tích 70,5m2, ngang 5m. Lô đất đẹp và rất hiếm ngay [...]                            &lt;/div&gt;                            &lt;div class=&quot;item-price&quot;&gt;                                &lt;span&gt;                                    Giá : &lt;b&gt;Thỏa thuận&lt;/b&gt;                                &lt;/span&gt;                                &lt;span&gt;                                    Diện tích : 70 m&lt;sup&gt;2&lt;/sup&gt;                                &lt;/span&gt;                                &lt;span&gt;                                    Hướng : không Xác Định                                &lt;/span&gt;                            &lt;/div&gt;                        &lt;/div&gt;                    &lt;/div&gt;                &lt;/div&gt;&lt;div xmlns=&quot;http://www.w3.org/1999/xhtml&quot; class=&quot;col-md-12 mbot-10&quot;&gt;                    &lt;div class=&quot;row&quot;&gt;                        &lt;div class=&quot;col-xs-3 col-sm-2 no-pad-right mh-80&quot;&gt;                            &lt;a href=&quot;../p-10043/chinh-chu-ban-100m2-dat-du-an-dat-dau-gia-khau-da-thuy-son-thuy-nguyen&quot; id=&quot;product1_rpt_project_HyperLink1_1&quot;&gt;&lt;img class=&quot;img-responsive&quot; id=&quot;product1_rpt_project_Image1_1&quot; src=&quot;../image/project/2020-4-13/13/kd4-15.jpg&quot;/&gt;&lt;/a&gt;                            &lt;div class=&quot;ms&quot;&gt;                                ap-10043                            &lt;/div&gt;                        &lt;/div&gt;                        &lt;div class=&quot;col-xs-9 col-sm-10&quot;&gt;                            &lt;div class=&quot;item-name&quot;&gt;                                &lt;a href=&quot;../p-10043/chinh-chu-ban-100m2-dat-du-an-dat-dau-gia-khau-da-thuy-son-thuy-nguyen&quot; id=&quot;product1_rpt_project_HyperLink2_1&quot;&gt;Chính chủ bán 100m2 đất dự án đất đấu giá Khau Da, Thủy Sơn, Thủy Nguyên&lt;/a&gt;                                                                                            &lt;/div&gt;                            &lt;div class=&quot;item-desc&quot;&gt;                                Chính chủ bán 100m2 đất dự án đất đấu giá Khau Da, Thủy Sơn, Thủy Nguyên, Hải Phòng. Giá thu hồi vốn bán rẻ chỉ 2,35 tỷ. Đường 21m bao gồm 10m vỉa hè [...]                            &lt;/div&gt;                            &lt;div class=&quot;item-price&quot;&gt;                                &lt;span&gt;                                    Giá : &lt;b&gt;2,350,000,000 VNĐ&lt;/b&gt;                                &lt;/span&gt;                                &lt;span&gt;                                    Diện tích : 100 m&lt;sup&gt;2&lt;/sup&gt;                                &lt;/span&gt;                                &lt;span&gt;                                    Hướng : Bắc                                &lt;/span&gt;                            &lt;/div&gt;                        &lt;/div&gt;                    &lt;/div&gt;                &lt;/div&gt;&lt;div xmlns=&quot;http://www.w3.org/1999/xhtml&quot; class=&quot;col-md-12 mbot-10&quot;&gt;                    &lt;div class=&quot;row&quot;&gt;                        &lt;div class=&quot;col-xs-3 col-sm-2 no-pad-right mh-80&quot;&gt;                            &lt;a href=&quot;../p-9835/ban-lo-goc-vuon-hoa-khu-dau-gia-cua-trai-thuy-duong-745m2&quot; id=&quot;product1_rpt_project_HyperLink1_2&quot;&gt;&lt;img class=&quot;img-responsive&quot; id=&quot;product1_rpt_project_Image1_2&quot; src=&quot;../image/project/2020-2-15/15/3-73---copy-83.jpg&quot;/&gt;&lt;/a&gt;                            &lt;div class=&quot;ms&quot;&gt;                                ap-9835                            &lt;/div&gt;                        &lt;/div&gt;                        &lt;div class=&quot;col-xs-9 col-sm-10&quot;&gt;                            &lt;div class=&quot;item-name&quot;&gt;                                &lt;a href=&quot;../p-9835/ban-lo-goc-vuon-hoa-khu-dau-gia-cua-trai-thuy-duong-745m2&quot; id=&quot;product1_rpt_project_HyperLink2_2&quot;&gt;Bán lô góc vườn hoa khu đấu giá Cửa Trại, Thủy Đường 74.5m2&lt;/a&gt;                                                                                            &lt;/div&gt;                            &lt;div class=&quot;item-desc&quot;&gt;                                Chuyển nhượng lô góc vườn hoa khu đấu giá Cửa Trại Thủy Đường Thủy Nguyên Hải Phòng. Diện tích : 74,5 m2, hướng : Nam, Đường : 12m. Giá : 1ty869 tr ( [...]                            &lt;/div&gt;                            &lt;div class=&quot;item-price&quot;&gt;                                &lt;span&gt;                                    Giá : &lt;b&gt;Thỏa thuận&lt;/b&gt;                                &lt;/span&gt;                                &lt;span&gt;                                    Diện tích : 75 m&lt;sup&gt;2&lt;/sup&gt;                                &lt;/span&gt;                                &lt;span&gt;                                    Hướng : Nam                                &lt;/span&gt;                            &lt;/div&gt;                        &lt;/div&gt;                    &lt;/div&gt;                &lt;/div&gt;&lt;div xmlns=&quot;http://www.w3.org/1999/xhtml&quot; class=&quot;col-md-12 mbot-10&quot;&gt;                    &lt;div class=&quot;row&quot;&gt;                        &lt;div class=&quot;col-xs-3 col-sm-2 no-pad-right mh-80&quot;&gt;                            &lt;a href=&quot;../p-9909/can-ban-lo-03-lk02-khu-cua-trai-thuy-duong-gia-1-ty-640-trieu&quot; id=&quot;product1_rpt_project_HyperLink1_3&quot;&gt;&lt;img class=&quot;img-responsive&quot; id=&quot;product1_rpt_project_Image1_3&quot; src=&quot;../image/project/2020-3-4/4/263860dd6c8697d8ce97-43.jpg&quot;/&gt;&lt;/a&gt;                            &lt;div class=&quot;ms&quot;&gt;                                ap-9909                            &lt;/div&gt;                        &lt;/div&gt;                        &lt;div class=&quot;col-xs-9 col-sm-10&quot;&gt;                            &lt;div class=&quot;item-name&quot;&gt;                                &lt;a href=&quot;../p-9909/can-ban-lo-03-lk02-khu-cua-trai-thuy-duong-gia-1-ty-640-trieu&quot; id=&quot;product1_rpt_project_HyperLink2_3&quot;&gt;Cần bán lô 03 LK02 khu Cửa Trại, Thủy Đường giá 1 tỷ 640 triệu&lt;/a&gt;                                                                                            &lt;/div&gt;                            &lt;div class=&quot;item-desc&quot;&gt;                                Cần bán lô 03 LK02 khu Cửa Trại, Thủy Đường, Thủy Nguyên, Hải Phòng. Diện tích 85.9m2, rộng 5m. Đường trước ngõ rộng 12m. Đối diện là trường học quốc [...]                            &lt;/div&gt;                            &lt;div class=&quot;item-price&quot;&gt;                                &lt;span&gt;                                    Giá : &lt;b&gt;1,640,000,000 VNĐ&lt;/b&gt;                                &lt;/span&gt;                                &lt;span&gt;                                    Diện tích : 85 m&lt;sup&gt;2&lt;/sup&gt;                                &lt;/span&gt;                                &lt;span&gt;                                    Hướng : Tây                                &lt;/span&gt;                            &lt;/div&gt;                        &lt;/div&gt;                    &lt;/div&gt;                &lt;/div&gt;&lt;div xmlns=&quot;http://www.w3.org/1999/xhtml&quot; class=&quot;row&quot;&gt;                        &lt;div class=&quot;col-xs-3 col-sm-2 no-pad-right mh-80&quot;&gt;                            &lt;a href=&quot;../p-9952/ban-luot-lo-mat-duong-mang-nuoc-khu-cua-trai-thuy-duong-100m2&quot; id=&quot;product1_rpt_project_HyperLink1_4&quot;&gt;&lt;img class=&quot;img-responsive&quot; id=&quot;product1_rpt_project_Image1_4&quot; src=&quot;../image/project/2020-3-17/17/4-17.jpg&quot;/&gt;&lt;/a&gt;                            &lt;div class=&quot;ms&quot;&gt;                                ap-9952                            &lt;/div&gt;                        &lt;/div&gt;                        &lt;div class=&quot;col-xs-9 col-sm-10&quot;&gt;                            &lt;div class=&quot;item-name&quot;&gt;                                &lt;a href=&quot;../p-9952/ban-luot-lo-mat-duong-mang-nuoc-khu-cua-trai-thuy-duong-100m2&quot; id=&quot;product1_rpt_project_HyperLink2_4&quot;&gt;Bán lướt lô mặt đường Máng Nước khu Cửa Trại Thủy Đường 100m2&lt;/a&gt;                                                                                            &lt;/div&gt;                            &lt;div class=&quot;item-desc&quot;&gt;                                Cần bán lướt lô mặt đường Máng Nước khu Cửa Trại Thủy Đường Thủy Nguyên Hải Phòng. Diện tích 100m2, rộng 5m, hướng Đông. Đường trước ngõ rộng 52m là [...]                            &lt;/div&gt;                            &lt;div class=&quot;item-price&quot;&gt;                                &lt;span&gt;                                    Giá : &lt;b&gt;Thỏa thuận&lt;/b&gt;                                &lt;/span&gt;                                &lt;span&gt;                                    Diện tích : 100 m&lt;sup&gt;2&lt;/sup&gt;                                &lt;/span&gt;                                &lt;span&gt;                                    Hướng : Đông                                &lt;/span&gt;                            &lt;/div&gt;                        &lt;/div&gt;                    &lt;/div&gt;&lt;div xmlns=&quot;http://www.w3.org/1999/xhtml&quot; class=&quot;row&quot;&gt;                        &lt;div class=&quot;col-xs-3 col-sm-2 no-pad-right mh-80&quot;&gt;                            &lt;a href=&quot;../p-9953/chinh-chu-ban-lo-dat-huong-nam-cua-trai-thuy-duong-lh-0388-186-116&quot; id=&quot;product1_rpt_project_HyperLink1_5&quot;&gt;&lt;img class=&quot;img-responsive&quot; id=&quot;product1_rpt_project_Image1_5&quot; src=&quot;../image/project/2020-3-17/17/1-36.jpg&quot;/&gt;&lt;/a&gt;                            &lt;div class=&quot;ms&quot;&gt;                                ap-9953                            &lt;/div&gt;                        &lt;/div&gt;                        &lt;div class=&quot;col-xs-9 col-sm-10&quot;&gt;                            &lt;div class=&quot;item-name&quot;&gt;                                &lt;a href=&quot;../p-9953/chinh-chu-ban-lo-dat-huong-nam-cua-trai-thuy-duong-lh-0388-186-116&quot; id=&quot;product1_rpt_project_HyperLink2_5&quot;&gt;Chính chủ bán lô đất hướng Nam Cửa Trại Thủy Đường. LH 0388 186 116&lt;/a&gt;                                                                                            &lt;/div&gt;                            &lt;div class=&quot;item-desc&quot;&gt;                                Cần bán đất Cửa Trại Thủy Đường Thủy Nguyên Hải Phòng. Diện tích 100m2, rộng 5m, hướng Nam. Đường trước ngõ rộng 12m, giao thông thuận lợi, khu dân [...]                            &lt;/div&gt;                            &lt;div class=&quot;item-price&quot;&gt;                                &lt;span&gt;                                    Giá : &lt;b&gt;1,950,000,000 VNĐ&lt;/b&gt;                                &lt;/span&gt;                                &lt;span&gt;                                    Diện tích : 100 m&lt;sup&gt;2&lt;/sup&gt;                                &lt;/span&gt;                                &lt;span&gt;                                    Hướng : Nam                                &lt;/span&gt;                            &lt;/div&gt;                        &lt;/div&gt;                    &lt;/div&gt;&lt;div xmlns=&quot;http://www.w3.org/1999/xhtml&quot; class=&quot;col-md-12 mbot-10&quot;&gt;                    &lt;div class=&quot;row&quot;&gt;                        &lt;div class=&quot;col-xs-3 col-sm-2 no-pad-right mh-80&quot;&gt;                            &lt;a href=&quot;../p-9954/ban-dat-cua-trai-thuy-duong-thuy-nguyen-1098m2-san-pham-hot&quot; id=&quot;product1_rpt_project_HyperLink1_6&quot;&gt;&lt;img class=&quot;img-responsive&quot; id=&quot;product1_rpt_project_Image1_6&quot; src=&quot;../image/project/2020-3-18/18/2-73.jpg&quot;/&gt;&lt;/a&gt;                            &lt;div class=&quot;ms&quot;&gt;                                ap-9954                            &lt;/div&gt;                        &lt;/div&gt;                        &lt;div class=&quot;col-xs-9 col-sm-10&quot;&gt;                            &lt;div class=&quot;item-name&quot;&gt;                                &lt;a href=&quot;../p-9954/ban-dat-cua-trai-thuy-duong-thuy-nguyen-1098m2-san-pham-hot&quot; id=&quot;product1_rpt_project_HyperLink2_6&quot;&gt;Bán đất Cửa Trại Thủy Đường Thủy Nguyên 109.8m2, sản phẩm hot&lt;/a&gt;                                                                                            &lt;/div&gt;                            &lt;div class=&quot;item-desc&quot;&gt;                                Sản phẩm hót Lô 05 lk01 khu đấu giá Cửa Trại Thủy Đường, Thủy Nguyên, Hải PhòngDiện tích 109,8m2 ngang 6m rộng rãi vị trí đẹp nhìn sang khu chăn [...]                            &lt;/div&gt;                            &lt;div class=&quot;item-price&quot;&gt;                                &lt;span&gt;                                    Giá : &lt;b&gt;2,141,100,000 VNĐ&lt;/b&gt;                                &lt;/span&gt;                                &lt;span&gt;                                    Diện tích : 109 m&lt;sup&gt;2&lt;/sup&gt;                                &lt;/span&gt;                                &lt;span&gt;                                    Hướng : Bắc                                &lt;/span&gt;                            &lt;/div&gt;                        &lt;/div&gt;                    &lt;/div&gt;                &lt;/div&gt;&lt;div xmlns=&quot;http://www.w3.org/1999/xhtml&quot; class=&quot;col-md-12 mbot-10&quot;&gt;                    &lt;div class=&quot;row&quot;&gt;                        &lt;div class=&quot;col-xs-3 col-sm-2 no-pad-right mh-80&quot;&gt;                            &lt;a href=&quot;../p-10041/ban-lo-dat-%C2%A0dep-nhat-%C2%A0tai-tuyen-1-khu-tai-dinh-cu-gia-minh&quot; id=&quot;product1_rpt_project_HyperLink1_7&quot;&gt;&lt;img class=&quot;img-responsive&quot; id=&quot;product1_rpt_project_Image1_7&quot; src=&quot;../image/project/icon/vietads.png&quot;/&gt;&lt;/a&gt;                            &lt;div class=&quot;ms&quot;&gt;                                AP-10041                            &lt;/div&gt;                        &lt;/div&gt;                        &lt;div class=&quot;col-xs-9 col-sm-10&quot;&gt;                            &lt;div class=&quot;item-name&quot;&gt;                                &lt;a href=&quot;../p-10041/ban-lo-dat-%C2%A0dep-nhat-%C2%A0tai-tuyen-1-khu-tai-dinh-cu-gia-minh&quot; id=&quot;product1_rpt_project_HyperLink2_7&quot;&gt;Bán lô đất  đẹp nhất  tại tuyến 1 khu tái định cư Gia Minh&lt;/a&gt;                                                                                            &lt;/div&gt;                            &lt;div class=&quot;item-desc&quot;&gt;                                 Bán lô đất  đẹp nhất  tại tuyến 1 khu tái định cư Gia Minh,Thủy Nguyên, Hải Phòng. Diện tích 180m2, ngang 9m, hướng Bắc ghé Đông. Đã đầy [...]                            &lt;/div&gt;                            &lt;div class=&quot;item-price&quot;&gt;                                &lt;span&gt;                                    Giá : &lt;b&gt;1,050,000,000 VNĐ&lt;/b&gt;                                &lt;/span&gt;                                &lt;span&gt;                                    Diện tích : 180 m&lt;sup&gt;2&lt;/sup&gt;                                &lt;/span&gt;                                &lt;span&gt;                                    Hướng : không Xác Định                                &lt;/span&gt;                            &lt;/div&gt;                        &lt;/div&gt;                    &lt;/div&gt;                &lt;/div&gt;&lt;td class=&quot;Xanonymous&quot; style=&quot;display:table-cell&quot;/&gt;&lt;div xmlns=&quot;http://www.w3.org/1999/xhtml&quot; class=&quot;col-xs-12 banner&quot;&gt;                    &lt;div class=&quot;nav-title&quot;&gt;                        &lt;span&gt;                            &lt;i aria-hidden=&quot;true&quot; class=&quot;fa fa-building&quot;/&gt;                            &lt;a href=&quot;../mn-2/tin-tuc-nha-dat-an-phu&quot; id=&quot;menu1_rpt_t1_hpl_news1_0&quot;&gt;Tin tức Nhà đất An Phú&lt;/a&gt;                                                    &lt;/span&gt;                        &lt;span class=&quot;more-right&quot;&gt;                            &lt;a href=&quot;../mn-2/tin-tuc-nha-dat-an-phu&quot; id=&quot;menu1_rpt_t1_hpl_1_0&quot; rel=&quot;nofollow&quot;&gt; &lt;i aria-hidden=&quot;true&quot; class=&quot;fa fa-angle-double-right&quot;/&gt; Xem thêm&lt;/a&gt;                        &lt;/span&gt;                    &lt;/div&gt;                                                &lt;div class=&quot;col-md-6 it_bot&quot;&gt;                                &lt;div class=&quot;item-img&quot;&gt;                                    &lt;a href=&quot;../t-1222/vp-nha-dat-an-phu-huong-toi-su-uy-tin--chuyen-nghiep&quot; id=&quot;menu1_rpt_t1_rpt_pt_0_HyperLink1_0&quot;&gt;&lt;img class=&quot;img-responsive&quot; id=&quot;menu1_rpt_t1_rpt_pt_0_Image1_0&quot; src=&quot;../image/news/2020-3-19/19/1-96.jpg&quot;/&gt;&lt;/a&gt;                                &lt;/div&gt;                                &lt;div class=&quot;item-name&quot;&gt;                                    &lt;a href=&quot;../t-1222/vp-nha-dat-an-phu-huong-toi-su-uy-tin--chuyen-nghiep&quot; id=&quot;menu1_rpt_t1_rpt_pt_0_HyperLink2_0&quot;&gt;VP Nhà Đất An Phú hướng tới sự uy tín &amp; chuyên nghiệp&lt;/a&gt;                                &lt;/div&gt;                            &lt;/div&gt;                                                    &lt;div class=&quot;col-md-6 it_bot&quot;&gt;                                &lt;div class=&quot;item-img&quot;&gt;                                    &lt;a href=&quot;../t-1214/nha-dat-an-phu-khai-xuan-canh-ty-2020&quot; id=&quot;menu1_rpt_t1_rpt_pt_0_HyperLink1_1&quot;&gt;&lt;img class=&quot;img-responsive&quot; id=&quot;menu1_rpt_t1_rpt_pt_0_Image1_1&quot; src=&quot;../image/news/2020-1-31/31/44ccfc6e155ced02b44d-74.jpg&quot;/&gt;&lt;/a&gt;                                &lt;/div&gt;                                &lt;div class=&quot;item-name&quot;&gt;                                    &lt;a href=&quot;../t-1214/nha-dat-an-phu-khai-xuan-canh-ty-2020&quot; id=&quot;menu1_rpt_t1_rpt_pt_0_HyperLink2_1&quot;&gt;Nhà Đất An Phú khai xuân Canh Tý 2020&lt;/a&gt;                                &lt;/div&gt;                            &lt;/div&gt;                                                    &lt;div class=&quot;col-md-6 it_bot&quot;&gt;                                &lt;div class=&quot;item-img&quot;&gt;                                    &lt;a href=&quot;../t-1212/thong-bao-nghi-tet-duong-lich-va-am-lich-2020&quot; id=&quot;menu1_rpt_t1_rpt_pt_0_HyperLink1_2&quot;&gt;&lt;img class=&quot;img-responsive&quot; id=&quot;menu1_rpt_t1_rpt_pt_0_Image1_2&quot; src=&quot;../image/news/2020-1-2/2/tet-canh-ty-2020-0.jpg&quot;/&gt;&lt;/a&gt;                                &lt;/div&gt;                                &lt;div class=&quot;item-name&quot;&gt;                                    &lt;a href=&quot;../t-1212/thong-bao-nghi-tet-duong-lich-va-am-lich-2020&quot; id=&quot;menu1_rpt_t1_rpt_pt_0_HyperLink2_2&quot;&gt;  Thông báo nghỉ Tết dương lịch và âm lịch 2020&lt;/a&gt;                                &lt;/div&gt;                            &lt;/div&gt;                                                    &lt;div class=&quot;col-md-6 it_bot&quot;&gt;                                &lt;div class=&quot;item-img&quot;&gt;                                    &lt;a href=&quot;../t-1210/hoat-dong-tat-nien-nam-2019-cua-nha-dat-an-phu&quot; id=&quot;menu1_rpt_t1_rpt_pt_0_HyperLink1_3&quot;&gt;&lt;img class=&quot;img-responsive&quot; id=&quot;menu1_rpt_t1_rpt_pt_0_Image1_3&quot; src=&quot;../image/news/2019-12-30/30/7-9.jpg&quot;/&gt;&lt;/a&gt;                                &lt;/div&gt;                                &lt;div class=&quot;item-name&quot;&gt;                                    &lt;a href=&quot;../t-1210/hoat-dong-tat-nien-nam-2019-cua-nha-dat-an-phu&quot; id=&quot;menu1_rpt_t1_rpt_pt_0_HyperLink2_3&quot;&gt;Hoạt động tất niên năm 2019 của Nhà Đất An Phú&lt;/a&gt;                                &lt;/div&gt;                            &lt;/div&gt;                                                    &lt;div class=&quot;col-md-6 it_bot&quot;&gt;                                &lt;div class=&quot;item-img&quot;&gt;                                    &lt;a href=&quot;../t-1197/thong-bao-doi-diem-van-phong-nha-dat-an-phu-moi-tu-10092019&quot; id=&quot;menu1_rpt_t1_rpt_pt_0_HyperLink1_4&quot;&gt;&lt;img class=&quot;img-responsive&quot; id=&quot;menu1_rpt_t1_rpt_pt_0_Image1_4&quot; src=&quot;../image/news/2019-9-3/3/21-77.jpg&quot;/&gt;&lt;/a&gt;                                &lt;/div&gt;                                &lt;div class=&quot;item-name&quot;&gt;                                    &lt;a href=&quot;../t-1197/thong-bao-doi-diem-van-phong-nha-dat-an-phu-moi-tu-10092019&quot; id=&quot;menu1_rpt_t1_rpt_pt_0_HyperLink2_4&quot;&gt;Thông báo đổi điểm văn phòng Nhà Đất An Phú mới từ 10.09.2019&lt;/a&gt;                                &lt;/div&gt;                            &lt;/div&gt;                                                    &lt;div class=&quot;col-md-6 it_bot&quot;&gt;                                &lt;div class=&quot;item-img&quot;&gt;                                    &lt;a href=&quot;../t-1193/du-lich-he-2019---da-nang-cung-an-phu&quot; id=&quot;menu1_rpt_t1_rpt_pt_0_HyperLink1_5&quot;&gt;&lt;img class=&quot;img-responsive&quot; id=&quot;menu1_rpt_t1_rpt_pt_0_Image1_5&quot; src=&quot;../image/news/2019-8-13/13/2-18.jpg&quot;/&gt;&lt;/a&gt;                                &lt;/div&gt;                                &lt;div class=&quot;item-name&quot;&gt;                                    &lt;a href=&quot;../t-1193/du-lich-he-2019---da-nang-cung-an-phu&quot; id=&quot;menu1_rpt_t1_rpt_pt_0_HyperLink2_5&quot;&gt;Du lịch hè 2019 - Đà Nẵng cùng An Phú&lt;/a&gt;                                &lt;/div&gt;                            &lt;/div&gt;                                                 &lt;/div&gt;&lt;div xmlns=&quot;http://www.w3.org/1999/xhtml&quot; class=&quot;col-xs-12 banner&quot;&gt;                    &lt;div class=&quot;nav-title&quot;&gt;                        &lt;span&gt;                            &lt;i aria-hidden=&quot;true&quot; class=&quot;fa fa-building&quot;/&gt;                            &lt;a href=&quot;../mn-5/thi-truong-bat-dong-san&quot; id=&quot;menu1_rpt_t1_hpl_news1_1&quot;&gt;Thị trường bất động sản&lt;/a&gt;                                                    &lt;/span&gt;                        &lt;span class=&quot;more-right&quot;&gt;                            &lt;a href=&quot;../mn-5/thi-truong-bat-dong-san&quot; id=&quot;menu1_rpt_t1_hpl_1_1&quot; rel=&quot;nofollow&quot;&gt; &lt;i aria-hidden=&quot;true&quot; class=&quot;fa fa-angle-double-right&quot;/&gt; Xem thêm&lt;/a&gt;                        &lt;/span&gt;                    &lt;/div&gt;                                                &lt;div class=&quot;col-md-6 it_bot&quot;&gt;                                &lt;div class=&quot;item-img&quot;&gt;                                    &lt;a href=&quot;../t-1211/bang-tong-hop-gia-dat-thuc-te-thuy-nguyen-ngay-27122019&quot; id=&quot;menu1_rpt_t1_rpt_pt_1_HyperLink1_0&quot;&gt;&lt;img class=&quot;img-responsive&quot; id=&quot;menu1_rpt_t1_rpt_pt_1_Image1_0&quot; src=&quot;../image/news/2019-12-30/30/1-97.jpg&quot;/&gt;&lt;/a&gt;                                &lt;/div&gt;                                &lt;div class=&quot;item-name&quot;&gt;                                    &lt;a href=&quot;../t-1211/bang-tong-hop-gia-dat-thuc-te-thuy-nguyen-ngay-27122019&quot; id=&quot;menu1_rpt_t1_rpt_pt_1_HyperLink2_0&quot;&gt;Bảng tổng hợp giá đất thực tế Thủy Nguyên ngày 27/12/2019&lt;/a&gt;                                &lt;/div&gt;                            &lt;/div&gt;                                                    &lt;div class=&quot;col-md-6 it_bot&quot;&gt;                                &lt;div class=&quot;item-img&quot;&gt;                                    &lt;a href=&quot;../t-1187/quy-hoach-1500-cac-phuong-thuong-ly-so-dau&quot; id=&quot;menu1_rpt_t1_rpt_pt_1_HyperLink1_1&quot;&gt;&lt;img class=&quot;img-responsive&quot; id=&quot;menu1_rpt_t1_rpt_pt_1_Image1_1&quot; src=&quot;../image/news/2019-7-17/17/1-16.jpg&quot;/&gt;&lt;/a&gt;                                &lt;/div&gt;                                &lt;div class=&quot;item-name&quot;&gt;                                    &lt;a href=&quot;../t-1187/quy-hoach-1500-cac-phuong-thuong-ly-so-dau&quot; id=&quot;menu1_rpt_t1_rpt_pt_1_HyperLink2_1&quot;&gt;Quy hoạch 1/500 các phường Thượng Lý, Sở Dầu&lt;/a&gt;                                &lt;/div&gt;                            &lt;/div&gt;                                                    &lt;div class=&quot;col-md-6 it_bot&quot;&gt;                                &lt;div class=&quot;item-img&quot;&gt;                                    &lt;a href=&quot;../t-1154/cau-vuot-song-van-uc&quot; id=&quot;menu1_rpt_t1_rpt_pt_1_HyperLink1_2&quot;&gt;&lt;img class=&quot;img-responsive&quot; id=&quot;menu1_rpt_t1_rpt_pt_1_Image1_2&quot; src=&quot;../image/news/2019-2-25/25/anh-34.jpg&quot;/&gt;&lt;/a&gt;                                &lt;/div&gt;                                &lt;div class=&quot;item-name&quot;&gt;                                    &lt;a href=&quot;../t-1154/cau-vuot-song-van-uc&quot; id=&quot;menu1_rpt_t1_rpt_pt_1_HyperLink2_2&quot;&gt;Cầu vượt sông Văn Úc&lt;/a&gt;                                &lt;/div&gt;                            &lt;/div&gt;                                                    &lt;div class=&quot;col-md-6 it_bot&quot;&gt;                                &lt;div class=&quot;item-img&quot;&gt;                                    &lt;a href=&quot;../t-1143/tong-hop-gia-dat-thuy-nguyen-nam-2018&quot; id=&quot;menu1_rpt_t1_rpt_pt_1_HyperLink1_3&quot;&gt;&lt;img class=&quot;img-responsive&quot; id=&quot;menu1_rpt_t1_rpt_pt_1_Image1_3&quot; src=&quot;../image/news/2018-12-25/25/d224b6f7c4ac25f27cbd1-87.jpg&quot;/&gt;&lt;/a&gt;                                &lt;/div&gt;                                &lt;div class=&quot;item-name&quot;&gt;                                    &lt;a href=&quot;../t-1143/tong-hop-gia-dat-thuy-nguyen-nam-2018&quot; id=&quot;menu1_rpt_t1_rpt_pt_1_HyperLink2_3&quot;&gt;Tổng hợp giá đất Thủy Nguyên năm 2018&lt;/a&gt;                                &lt;/div&gt;                            &lt;/div&gt;                                                    &lt;div class=&quot;col-md-6 it_bot&quot;&gt;                                &lt;div class=&quot;item-img&quot;&gt;                                    &lt;a href=&quot;../t-60/tiem-nang-dau-tu-bat-dong-san-cho-thue-tai-thuy-nguyen-%E2%80%93-hai-phong&quot; id=&quot;menu1_rpt_t1_rpt_pt_1_HyperLink1_4&quot;&gt;&lt;img class=&quot;img-responsive&quot; id=&quot;menu1_rpt_t1_rpt_pt_1_Image1_4&quot; src=&quot;../image/news/2018-7-11/11/anh-2-39.jpg&quot;/&gt;&lt;/a&gt;                                &lt;/div&gt;                                &lt;div class=&quot;item-name&quot;&gt;                                    &lt;a href=&quot;../t-60/tiem-nang-dau-tu-bat-dong-san-cho-thue-tai-thuy-nguyen-%E2%80%93-hai-phong&quot; id=&quot;menu1_rpt_t1_rpt_pt_1_HyperLink2_4&quot;&gt;Tiềm năng đầu tư bất động sản cho thuê tại Thủy Nguyên – Hải Phòng&lt;/a&gt;                                &lt;/div&gt;                            &lt;/div&gt;                                                    &lt;div class=&quot;col-md-6 it_bot&quot;&gt;                                &lt;div class=&quot;item-img&quot;&gt;                                    &lt;a href=&quot;../t-54/cau-bach-dang-noi-hai-phong-voi-quang-ninh-sap-hoan-thien&quot; id=&quot;menu1_rpt_t1_rpt_pt_1_HyperLink1_5&quot;&gt;&lt;img class=&quot;img-responsive&quot; id=&quot;menu1_rpt_t1_rpt_pt_1_Image1_5&quot; src=&quot;../image/news/2018-7-9/9/1-71.jpg&quot;/&gt;&lt;/a&gt;                                &lt;/div&gt;                                &lt;div class=&quot;item-name&quot;&gt;                                    &lt;a href=&quot;../t-54/cau-bach-dang-noi-hai-phong-voi-quang-ninh-sap-hoan-thien&quot; id=&quot;menu1_rpt_t1_rpt_pt_1_HyperLink2_5&quot;&gt;Cầu Bạch Đằng nối Hải Phòng với Quảng Ninh sắp hoàn thiện&lt;/a&gt;                                &lt;/div&gt;                            &lt;/div&gt;                                                 &lt;/div&gt;" SourceIndex="973;995;1010;1037;5260;1051;1099;1106;1151;1196;1241;1288;1333;1376;1421;0;2372;2487" TextLen="3334" order="24" xPath="/#document/html/body/div[0]/form[11]/section[0]/div[0]/div[8]/p[0]/span[0]/b[0]/#text"/>
</LayoutNode>
<LayoutNode BgColor="#ffffff" ContainImg="6" ContainP="0" ContainTable="false" Content="Các dự án tại Hải Phòng Xem thêm Khởi công Dự án The Minato Residence Tập đoàn FLC đầu tư dự án tại Hải Phòng Khu đô thị PG An Đồng, Hải Phòng Dự án TĐC Bắc sông Cấm Hải Phòng Vinhomes Cầu Rào 2 Hải Phòng Tổng quan dự án Vinhomes Imperia " DOMCldNum="3" DoC="8" FontSize="14" FontWeight="normal" FrameSourceIndex="0" ID="1-4" IsImg="false" LinkNum="21" LinkTextLen="219" ObjectRectHeight="356" ObjectRectLeft="0" ObjectRectTop="3217" ObjectRectWidth="1420" SRC="&lt;div xmlns=&quot;http://www.w3.org/1999/xhtml&quot; class=&quot;col-xs-12 banner&quot;&gt;                    &lt;div class=&quot;nav-title&quot;&gt;                        &lt;span&gt;                            &lt;i aria-hidden=&quot;true&quot; class=&quot;fa fa-list&quot;/&gt;                             &lt;a href=&quot;../mn-4/cac-du-an-tai-hai-phong&quot; id=&quot;menu1_rpt_t2_hpl_news1_0&quot;&gt;Các dự án tại Hải Phòng&lt;/a&gt;                                                    &lt;/span&gt;                        &lt;span class=&quot;more-right&quot;&gt;                            &lt;a href=&quot;../mn-4/cac-du-an-tai-hai-phong&quot; id=&quot;menu1_rpt_t2_hpl_1_0&quot; rel=&quot;nofollow&quot;&gt; &lt;i aria-hidden=&quot;true&quot; class=&quot;fa fa-angle-double-right&quot;/&gt; Xem thêm&lt;/a&gt;                        &lt;/span&gt;                    &lt;/div&gt;                                                &lt;div class=&quot;col-md-6 it_bot&quot;&gt;                                &lt;div class=&quot;row&quot;&gt;                                    &lt;div class=&quot; col-md-6 item-img-1 no-pad-right&quot;&gt;                                        &lt;a href=&quot;../t-1186/khoi-cong-du-an-the-minato-residence&quot; id=&quot;menu1_rpt_t2_rpt_pt_0_HyperLink1_0&quot;&gt;&lt;img class=&quot;img-responsive&quot; id=&quot;menu1_rpt_t2_rpt_pt_0_Image1_0&quot; src=&quot;../image/news/2019-7-16/16/1-47.jpg&quot;/&gt;&lt;/a&gt;                                    &lt;/div&gt;                                    &lt;div class=&quot;col-md-6 item-name w-80&quot;&gt;                                        &lt;a href=&quot;../t-1186/khoi-cong-du-an-the-minato-residence&quot; id=&quot;menu1_rpt_t2_rpt_pt_0_HyperLink2_0&quot;&gt;Khởi công Dự án The Minato Residence &lt;/a&gt;                                    &lt;/div&gt;                                &lt;/div&gt;                            &lt;/div&gt;                                                    &lt;div class=&quot;col-md-6 it_bot&quot;&gt;                                &lt;div class=&quot;row&quot;&gt;                                    &lt;div class=&quot; col-md-6 item-img-1 no-pad-right&quot;&gt;                                        &lt;a href=&quot;../t-1169/tap-doan-flc-dau-tu-du-an-tai-hai-phong&quot; id=&quot;menu1_rpt_t2_rpt_pt_0_HyperLink1_1&quot;&gt;&lt;img class=&quot;img-responsive&quot; id=&quot;menu1_rpt_t2_rpt_pt_0_Image1_1&quot; src=&quot;../image/news/2019-4-17/17/4jpg-56.jpg&quot;/&gt;&lt;/a&gt;                                    &lt;/div&gt;                                    &lt;div class=&quot;col-md-6 item-name w-80&quot;&gt;                                        &lt;a href=&quot;../t-1169/tap-doan-flc-dau-tu-du-an-tai-hai-phong&quot; id=&quot;menu1_rpt_t2_rpt_pt_0_HyperLink2_1&quot;&gt;Tập đoàn FLC đầu tư dự án tại Hải Phòng&lt;/a&gt;                                    &lt;/div&gt;                                &lt;/div&gt;                            &lt;/div&gt;                                                    &lt;div class=&quot;col-md-6 it_bot&quot;&gt;                                &lt;div class=&quot;row&quot;&gt;                                    &lt;div class=&quot; col-md-6 item-img-1 no-pad-right&quot;&gt;                                        &lt;a href=&quot;../t-53/khu-do-thi-pg-an-dong-hai-phong&quot; id=&quot;menu1_rpt_t2_rpt_pt_0_HyperLink1_2&quot;&gt;&lt;img class=&quot;img-responsive&quot; id=&quot;menu1_rpt_t2_rpt_pt_0_Image1_2&quot; src=&quot;../image/news/2018-7-7/7/pg-an-dong-2.jpg&quot;/&gt;&lt;/a&gt;                                    &lt;/div&gt;                                    &lt;div class=&quot;col-md-6 item-name w-80&quot;&gt;                                        &lt;a href=&quot;../t-53/khu-do-thi-pg-an-dong-hai-phong&quot; id=&quot;menu1_rpt_t2_rpt_pt_0_HyperLink2_2&quot;&gt;Khu đô thị PG An Đồng, Hải Phòng&lt;/a&gt;                                    &lt;/div&gt;                                &lt;/div&gt;                            &lt;/div&gt;                                                    &lt;div class=&quot;col-md-6 it_bot&quot;&gt;                                &lt;div class=&quot;row&quot;&gt;                                    &lt;div class=&quot; col-md-6 item-img-1 no-pad-right&quot;&gt;                                        &lt;a href=&quot;../t-52/du-an-tdc-bac-song-cam-hai-phong&quot; id=&quot;menu1_rpt_t2_rpt_pt_0_HyperLink1_3&quot;&gt;&lt;img class=&quot;img-responsive&quot; id=&quot;menu1_rpt_t2_rpt_pt_0_Image1_3&quot; src=&quot;../image/news/2018-7-6/6/tai-dinh-cu-bac-song-cam2-2.jpg&quot;/&gt;&lt;/a&gt;                                    &lt;/div&gt;                                    &lt;div class=&quot;col-md-6 item-name w-80&quot;&gt;                                        &lt;a href=&quot;../t-52/du-an-tdc-bac-song-cam-hai-phong&quot; id=&quot;menu1_rpt_t2_rpt_pt_0_HyperLink2_3&quot;&gt;Dự án TĐC Bắc sông Cấm Hải Phòng&lt;/a&gt;                                    &lt;/div&gt;                                &lt;/div&gt;                            &lt;/div&gt;                                                    &lt;div class=&quot;col-md-6 it_bot&quot;&gt;                                &lt;div class=&quot;row&quot;&gt;                                    &lt;div class=&quot; col-md-6 item-img-1 no-pad-right&quot;&gt;                                        &lt;a href=&quot;../t-43/vinhomes-cau-rao-2-hai-phong&quot; id=&quot;menu1_rpt_t2_rpt_pt_0_HyperLink1_4&quot;&gt;&lt;img class=&quot;img-responsive&quot; id=&quot;menu1_rpt_t2_rpt_pt_0_Image1_4&quot; src=&quot;../image/news/2018-7-2/2/anh-1-77.jpg&quot;/&gt;&lt;/a&gt;                                    &lt;/div&gt;                                    &lt;div class=&quot;col-md-6 item-name w-80&quot;&gt;                                        &lt;a href=&quot;../t-43/vinhomes-cau-rao-2-hai-phong&quot; id=&quot;menu1_rpt_t2_rpt_pt_0_HyperLink2_4&quot;&gt; Vinhomes Cầu Rào 2 Hải Phòng&lt;/a&gt;                                    &lt;/div&gt;                                &lt;/div&gt;                            &lt;/div&gt;                                                    &lt;div class=&quot;col-md-6 it_bot&quot;&gt;                                &lt;div class=&quot;row&quot;&gt;                                    &lt;div class=&quot; col-md-6 item-img-1 no-pad-right&quot;&gt;                                        &lt;a href=&quot;../t-42/tong-quan-du-an-vinhomes-imperia&quot; id=&quot;menu1_rpt_t2_rpt_pt_0_HyperLink1_5&quot;&gt;&lt;img class=&quot;img-responsive&quot; id=&quot;menu1_rpt_t2_rpt_pt_0_Image1_5&quot; src=&quot;../image/news/2018-6-30/30/10-90.jpg&quot;/&gt;&lt;/a&gt;                                    &lt;/div&gt;                                    &lt;div class=&quot;col-md-6 item-name w-80&quot;&gt;                                        &lt;a href=&quot;../t-42/tong-quan-du-an-vinhomes-imperia&quot; id=&quot;menu1_rpt_t2_rpt_pt_0_HyperLink2_5&quot;&gt;Tổng quan dự án Vinhomes Imperia &lt;/a&gt;                                    &lt;/div&gt;                                &lt;/div&gt;                            &lt;/div&gt;                                                 &lt;/div&gt;" SourceIndex="2608" TextLen="221" order="25" xPath="/XPspan"/>
<LayoutNode BgColor="#ffffff" ContainImg="6" ContainP="0" ContainTable="false" Content="Tin Tức Bất Động Sản Xem thêm Nhận giữ chỗ ưu tiên dự án CentaCity Nghị quyết 45-NQ/TW của Bộ Chính trị Hải Phòng sẽ xây thêm 5-6 khu CN Chỉ giới mới cải tạo tuyến đường 359 TN Bán khu biệt thự 24 lô Bắc Vang, DQ Thông báo dự án mở rộng và cải tạo đường 359 " DOMCldNum="3" DoC="8" FontSize="14" FontWeight="normal" FrameSourceIndex="0" ID="1-5" IsImg="false" LinkNum="22" LinkTextLen="238" ObjectRectHeight="356" ObjectRectLeft="0" ObjectRectTop="3593" ObjectRectWidth="1420" SRC="&lt;div xmlns=&quot;http://www.w3.org/1999/xhtml&quot; class=&quot;col-xs-12 banner&quot;&gt;                    &lt;div class=&quot;nav-title&quot;&gt;                        &lt;span&gt;                            &lt;i aria-hidden=&quot;true&quot; class=&quot;fa fa-list&quot;/&gt;                             &lt;a href=&quot;../mn-13/tin-tuc-bat-dong-san&quot; id=&quot;menu1_rpt_t2_hpl_news1_1&quot;&gt;Tin Tức Bất Động Sản&lt;/a&gt;                                                    &lt;/span&gt;                        &lt;span class=&quot;more-right&quot;&gt;                            &lt;a href=&quot;../mn-13/tin-tuc-bat-dong-san&quot; id=&quot;menu1_rpt_t2_hpl_1_1&quot; rel=&quot;nofollow&quot;&gt; &lt;i aria-hidden=&quot;true&quot; class=&quot;fa fa-angle-double-right&quot;/&gt; Xem thêm&lt;/a&gt;                        &lt;/span&gt;                    &lt;/div&gt;                                                &lt;div class=&quot;col-md-6 it_bot&quot;&gt;                                &lt;div class=&quot;row&quot;&gt;                                    &lt;div class=&quot; col-md-6 item-img-1 no-pad-right&quot;&gt;                                        &lt;a href=&quot;../t-1157/nhan-giu-cho-uu-tien-du-an-centacity&quot; id=&quot;menu1_rpt_t2_rpt_pt_1_HyperLink1_0&quot;&gt;&lt;img class=&quot;img-responsive&quot; id=&quot;menu1_rpt_t2_rpt_pt_1_Image1_0&quot; src=&quot;../image/news/2019-3-6/6/1-45.jpg&quot;/&gt;&lt;/a&gt;                                    &lt;/div&gt;                                    &lt;div class=&quot;col-md-6 item-name w-80&quot;&gt;                                        &lt;a href=&quot;../t-1157/nhan-giu-cho-uu-tien-du-an-centacity&quot; id=&quot;menu1_rpt_t2_rpt_pt_1_HyperLink2_0&quot;&gt;Nhận giữ chỗ ưu tiên dự án CentaCity&lt;/a&gt;                                    &lt;/div&gt;                                &lt;/div&gt;                            &lt;/div&gt;                                                    &lt;div class=&quot;col-md-6 it_bot&quot;&gt;                                &lt;div class=&quot;row&quot;&gt;                                    &lt;div class=&quot; col-md-6 item-img-1 no-pad-right&quot;&gt;                                        &lt;a href=&quot;../t-1155/nghi-quyet-45-nqtw-cua-bo-chinh-tri&quot; id=&quot;menu1_rpt_t2_rpt_pt_1_HyperLink1_1&quot;&gt;&lt;img class=&quot;img-responsive&quot; id=&quot;menu1_rpt_t2_rpt_pt_1_Image1_1&quot; src=&quot;../image/news/2019-2-27/27/1-81.jpg&quot;/&gt;&lt;/a&gt;                                    &lt;/div&gt;                                    &lt;div class=&quot;col-md-6 item-name w-80&quot;&gt;                                        &lt;a href=&quot;../t-1155/nghi-quyet-45-nqtw-cua-bo-chinh-tri&quot; id=&quot;menu1_rpt_t2_rpt_pt_1_HyperLink2_1&quot;&gt;Nghị quyết 45-NQ/TW của Bộ Chính trị&lt;/a&gt;                                    &lt;/div&gt;                                &lt;/div&gt;                            &lt;/div&gt;                                                    &lt;div class=&quot;col-md-6 it_bot&quot;&gt;                                &lt;div class=&quot;row&quot;&gt;                                    &lt;div class=&quot; col-md-6 item-img-1 no-pad-right&quot;&gt;                                        &lt;a href=&quot;../t-1152/hai-phong-se-xay-them-5-6-khu-cn&quot; id=&quot;menu1_rpt_t2_rpt_pt_1_HyperLink1_2&quot;&gt;&lt;img class=&quot;img-responsive&quot; id=&quot;menu1_rpt_t2_rpt_pt_1_Image1_2&quot; src=&quot;../image/news/2019-2-18/18/hai-phong-xay-them-khu-cong-nghiep-28.jpg&quot;/&gt;&lt;/a&gt;                                    &lt;/div&gt;                                    &lt;div class=&quot;col-md-6 item-name w-80&quot;&gt;                                        &lt;a href=&quot;../t-1152/hai-phong-se-xay-them-5-6-khu-cn&quot; id=&quot;menu1_rpt_t2_rpt_pt_1_HyperLink2_2&quot;&gt;Hải Phòng sẽ xây thêm 5-6 khu CN&lt;/a&gt;                                    &lt;/div&gt;                                &lt;/div&gt;                            &lt;/div&gt;                                                    &lt;div class=&quot;col-md-6 it_bot&quot;&gt;                                &lt;div class=&quot;row&quot;&gt;                                    &lt;div class=&quot; col-md-6 item-img-1 no-pad-right&quot;&gt;                                        &lt;a href=&quot;../t-1138/chi-gioi-moi-cai-tao-tuyen-duong-359-tn&quot; id=&quot;menu1_rpt_t2_rpt_pt_1_HyperLink1_3&quot;&gt;&lt;img class=&quot;img-responsive&quot; id=&quot;menu1_rpt_t2_rpt_pt_1_Image1_3&quot; src=&quot;../image/news/2018-12-5/5/cai-tao-duong-359--1-83.jpg&quot;/&gt;&lt;/a&gt;                                    &lt;/div&gt;                                    &lt;div class=&quot;col-md-6 item-name w-80&quot;&gt;                                        &lt;a href=&quot;../t-1138/chi-gioi-moi-cai-tao-tuyen-duong-359-tn&quot; id=&quot;menu1_rpt_t2_rpt_pt_1_HyperLink2_3&quot;&gt;Chỉ giới mới cải tạo tuyến đường 359 TN&lt;/a&gt;                                    &lt;/div&gt;                                &lt;/div&gt;                            &lt;/div&gt;                                                    &lt;div class=&quot;col-md-6 it_bot&quot;&gt;                                &lt;div class=&quot;row&quot;&gt;                                    &lt;div class=&quot; col-md-6 item-img-1 no-pad-right&quot;&gt;                                        &lt;a href=&quot;../t-1134/ban-khu-biet-thu-24-lo-bac-vang-dq&quot; id=&quot;menu1_rpt_t2_rpt_pt_1_HyperLink1_4&quot;&gt;&lt;img class=&quot;img-responsive&quot; id=&quot;menu1_rpt_t2_rpt_pt_1_Image1_4&quot; src=&quot;../image/news/2018-12-12/12/24-lo-biet-thu-duong-quan-81.png&quot;/&gt;&lt;/a&gt;                                    &lt;/div&gt;                                    &lt;div class=&quot;col-md-6 item-name w-80&quot;&gt;                                        &lt;a href=&quot;../t-1134/ban-khu-biet-thu-24-lo-bac-vang-dq&quot; id=&quot;menu1_rpt_t2_rpt_pt_1_HyperLink2_4&quot;&gt;Bán khu biệt thự 24 lô Bắc Vang, DQ&lt;/a&gt;                                    &lt;/div&gt;                                &lt;/div&gt;                            &lt;/div&gt;                                                    &lt;div class=&quot;col-md-6 it_bot&quot;&gt;                                &lt;div class=&quot;row&quot;&gt;                                    &lt;div class=&quot; col-md-6 item-img-1 no-pad-right&quot;&gt;                                        &lt;a href=&quot;../t-1133/thong-bao-du-an-mo-rong-va-cai-tao-duong-359&quot; id=&quot;menu1_rpt_t2_rpt_pt_1_HyperLink1_5&quot;&gt;&lt;img class=&quot;img-responsive&quot; id=&quot;menu1_rpt_t2_rpt_pt_1_Image1_5&quot; src=&quot;../image/news/2018-11-24/24/5jpg-98.jpg&quot;/&gt;&lt;/a&gt;                                    &lt;/div&gt;                                    &lt;div class=&quot;col-md-6 item-name w-80&quot;&gt;                                        &lt;a href=&quot;../t-1133/thong-bao-du-an-mo-rong-va-cai-tao-duong-359&quot; id=&quot;menu1_rpt_t2_rpt_pt_1_HyperLink2_5&quot;&gt;Thông báo dự án mở rộng và cải tạo đường 359 &lt;/a&gt;                                    &lt;/div&gt;                                &lt;/div&gt;                            &lt;/div&gt;                                                 &lt;/div&gt;" SourceIndex="2741" TextLen="240" order="26" xPath="/XPspan"/>
<LayoutNode BgColor="#ffffff" ContainImg="6" ContainP="0" ContainTable="false" Content="Hình ảnh thực tế các dự án Thủy Nguyên Xem thêm H/A Khau Da, Cửa Trại T3/2020 Buổi đấu giá Cửa Trại Thủy Đường lần 2 Ảnh khu đấu giá Khau Da 06/11/2019 Ảnh đất TĐC Gia Minh ngày 20.08.2019 Cầu Hoàng Văn Thụ ngày 25.07.2019 Ảnh hạ tầng đô thị Bắc Sông Cấm " DOMCldNum="3" DoC="8" FontSize="14" FontWeight="normal" FrameSourceIndex="0" ID="1-6" IsImg="false" LinkNum="21" LinkTextLen="236" ObjectRectHeight="364" ObjectRectLeft="0" ObjectRectTop="3969" ObjectRectWidth="1420" SRC="&lt;div xmlns=&quot;http://www.w3.org/1999/xhtml&quot; class=&quot;col-xs-12 banner&quot;&gt;                    &lt;div class=&quot;nav-title&quot;&gt;                        &lt;span&gt;                            &lt;i aria-hidden=&quot;true&quot; class=&quot;fa fa-list&quot;/&gt;                             &lt;a href=&quot;../mn-14/hinh-anh-thuc-te-cac-du-an-thuy-nguyen&quot; id=&quot;menu1_rpt_t2_hpl_news1_2&quot;&gt;Hình ảnh thực tế các dự án Thủy Nguyên&lt;/a&gt;                                                    &lt;/span&gt;                        &lt;span class=&quot;more-right&quot;&gt;                            &lt;a href=&quot;../mn-14/hinh-anh-thuc-te-cac-du-an-thuy-nguyen&quot; id=&quot;menu1_rpt_t2_hpl_1_2&quot; rel=&quot;nofollow&quot;&gt; &lt;i aria-hidden=&quot;true&quot; class=&quot;fa fa-angle-double-right&quot;/&gt; Xem thêm&lt;/a&gt;                        &lt;/span&gt;                    &lt;/div&gt;                                                &lt;div class=&quot;col-md-6 it_bot&quot;&gt;                                &lt;div class=&quot;row&quot;&gt;                                    &lt;div class=&quot; col-md-6 item-img-1 no-pad-right&quot;&gt;                                        &lt;a href=&quot;../t-1220/ha-khau-da-cua-trai-t32020&quot; id=&quot;menu1_rpt_t2_rpt_pt_2_HyperLink1_0&quot;&gt;&lt;img class=&quot;img-responsive&quot; id=&quot;menu1_rpt_t2_rpt_pt_2_Image1_0&quot; src=&quot;../image/news/2020-3-13/13/e1349ed47bc3809dd9d2-18.jpg&quot;/&gt;&lt;/a&gt;                                    &lt;/div&gt;                                    &lt;div class=&quot;col-md-6 item-name w-80&quot;&gt;                                        &lt;a href=&quot;../t-1220/ha-khau-da-cua-trai-t32020&quot; id=&quot;menu1_rpt_t2_rpt_pt_2_HyperLink2_0&quot;&gt;H/A Khau Da, Cửa Trại T3/2020&lt;/a&gt;                                    &lt;/div&gt;                                &lt;/div&gt;                            &lt;/div&gt;                                                    &lt;div class=&quot;col-md-6 it_bot&quot;&gt;                                &lt;div class=&quot;row&quot;&gt;                                    &lt;div class=&quot; col-md-6 item-img-1 no-pad-right&quot;&gt;                                        &lt;a href=&quot;../t-1215/buoi-dau-gia-cua-trai-thuy-duong-lan-2&quot; id=&quot;menu1_rpt_t2_rpt_pt_2_HyperLink1_1&quot;&gt;&lt;img class=&quot;img-responsive&quot; id=&quot;menu1_rpt_t2_rpt_pt_2_Image1_1&quot; src=&quot;../image/news/2020-2-18/18/3-98.jpg&quot;/&gt;&lt;/a&gt;                                    &lt;/div&gt;                                    &lt;div class=&quot;col-md-6 item-name w-80&quot;&gt;                                        &lt;a href=&quot;../t-1215/buoi-dau-gia-cua-trai-thuy-duong-lan-2&quot; id=&quot;menu1_rpt_t2_rpt_pt_2_HyperLink2_1&quot;&gt;Buổi đấu giá Cửa Trại Thủy Đường lần 2&lt;/a&gt;                                    &lt;/div&gt;                                &lt;/div&gt;                            &lt;/div&gt;                                                    &lt;div class=&quot;col-md-6 it_bot&quot;&gt;                                &lt;div class=&quot;row&quot;&gt;                                    &lt;div class=&quot; col-md-6 item-img-1 no-pad-right&quot;&gt;                                        &lt;a href=&quot;../t-1202/anh-khu-dau-gia-khau-da-06112019&quot; id=&quot;menu1_rpt_t2_rpt_pt_2_HyperLink1_2&quot;&gt;&lt;img class=&quot;img-responsive&quot; id=&quot;menu1_rpt_t2_rpt_pt_2_Image1_2&quot; src=&quot;../image/news/2019-11-7/7/39dab1dd1e59f807a148-38.jpg&quot;/&gt;&lt;/a&gt;                                    &lt;/div&gt;                                    &lt;div class=&quot;col-md-6 item-name w-80&quot;&gt;                                        &lt;a href=&quot;../t-1202/anh-khu-dau-gia-khau-da-06112019&quot; id=&quot;menu1_rpt_t2_rpt_pt_2_HyperLink2_2&quot;&gt;Ảnh khu đấu giá Khau Da 06/11/2019&lt;/a&gt;                                    &lt;/div&gt;                                &lt;/div&gt;                            &lt;/div&gt;                                                    &lt;div class=&quot;col-md-6 it_bot&quot;&gt;                                &lt;div class=&quot;row&quot;&gt;                                    &lt;div class=&quot; col-md-6 item-img-1 no-pad-right&quot;&gt;                                        &lt;a href=&quot;../t-1196/anh--dat-tdc-gia-minh-ngay-20082019&quot; id=&quot;menu1_rpt_t2_rpt_pt_2_HyperLink1_3&quot;&gt;&lt;img class=&quot;img-responsive&quot; id=&quot;menu1_rpt_t2_rpt_pt_2_Image1_3&quot; src=&quot;../image/news/2019-8-22/22/a-6.jpg&quot;/&gt;&lt;/a&gt;                                    &lt;/div&gt;                                    &lt;div class=&quot;col-md-6 item-name w-80&quot;&gt;                                        &lt;a href=&quot;../t-1196/anh--dat-tdc-gia-minh-ngay-20082019&quot; id=&quot;menu1_rpt_t2_rpt_pt_2_HyperLink2_3&quot;&gt;Ảnh  đất TĐC Gia Minh ngày 20.08.2019&lt;/a&gt;                                    &lt;/div&gt;                                &lt;/div&gt;                            &lt;/div&gt;                                                    &lt;div class=&quot;col-md-6 it_bot&quot;&gt;                                &lt;div class=&quot;row&quot;&gt;                                    &lt;div class=&quot; col-md-6 item-img-1 no-pad-right&quot;&gt;                                        &lt;a href=&quot;../t-1190/cau-hoang-van-thu-ngay--25072019&quot; id=&quot;menu1_rpt_t2_rpt_pt_2_HyperLink1_4&quot;&gt;&lt;img class=&quot;img-responsive&quot; id=&quot;menu1_rpt_t2_rpt_pt_2_Image1_4&quot; src=&quot;../image/news/2019-7-25/25/19-17.jpg&quot;/&gt;&lt;/a&gt;                                    &lt;/div&gt;                                    &lt;div class=&quot;col-md-6 item-name w-80&quot;&gt;                                        &lt;a href=&quot;../t-1190/cau-hoang-van-thu-ngay--25072019&quot; id=&quot;menu1_rpt_t2_rpt_pt_2_HyperLink2_4&quot;&gt;Cầu Hoàng Văn Thụ ngày  25.07.2019&lt;/a&gt;                                    &lt;/div&gt;                                &lt;/div&gt;                            &lt;/div&gt;                                                    &lt;div class=&quot;col-md-6 it_bot&quot;&gt;                                &lt;div class=&quot;row&quot;&gt;                                    &lt;div class=&quot; col-md-6 item-img-1 no-pad-right&quot;&gt;                                        &lt;a href=&quot;../t-1156/anh-ha-tang-do-thi-bac-song-cam&quot; id=&quot;menu1_rpt_t2_rpt_pt_2_HyperLink1_5&quot;&gt;&lt;img class=&quot;img-responsive&quot; id=&quot;menu1_rpt_t2_rpt_pt_2_Image1_5&quot; src=&quot;../image/news/2019-3-2/2/1-87.jpg&quot;/&gt;&lt;/a&gt;                                    &lt;/div&gt;                                    &lt;div class=&quot;col-md-6 item-name w-80&quot;&gt;                                        &lt;a href=&quot;../t-1156/anh-ha-tang-do-thi-bac-song-cam&quot; id=&quot;menu1_rpt_t2_rpt_pt_2_HyperLink2_5&quot;&gt; Ảnh hạ tầng đô thị Bắc Sông Cấm &lt;/a&gt;                                    &lt;/div&gt;                                &lt;/div&gt;                            &lt;/div&gt;                                                 &lt;/div&gt;" SourceIndex="2874" TextLen="238" order="27" xPath="/XPspan"/>
<LayoutNode BgColor="#ffffff" ContainImg="6" ContainP="0" ContainTable="false" Content="Thông tin đấu giá Xem thêm Kết quả đấu giá Khau Da T3/2020 Kết quả đấu giá Cửa Trại lần 2 TB đấu giá đất Cửa Trại, Khau Da, Đông Sơn T3/2020 Đấu Giá Cửa Trại Tháng 02.2020 Kết quả đấu giá 136 lô Khau Da đợt 1 Đấu giá QSDĐ Đông Sơn tháng 11.2019 " DOMCldNum="3" DoC="8" FontSize="14" FontWeight="normal" FrameSourceIndex="0" ID="1-7" IsImg="false" LinkNum="22" LinkTextLen="229" ObjectRectHeight="356" ObjectRectLeft="0" ObjectRectTop="4353" ObjectRectWidth="1420" SRC="&lt;div xmlns=&quot;http://www.w3.org/1999/xhtml&quot; class=&quot;col-xs-12 banner&quot;&gt;                    &lt;div class=&quot;nav-title&quot;&gt;                        &lt;span&gt;                            &lt;i aria-hidden=&quot;true&quot; class=&quot;fa fa-list&quot;/&gt;                             &lt;a href=&quot;../mn-17/thong-tin-dau-gia&quot; id=&quot;menu1_rpt_t2_hpl_news1_3&quot;&gt;Thông tin đấu giá&lt;/a&gt;                                                    &lt;/span&gt;                        &lt;span class=&quot;more-right&quot;&gt;                            &lt;a href=&quot;../mn-17/thong-tin-dau-gia&quot; id=&quot;menu1_rpt_t2_hpl_1_3&quot; rel=&quot;nofollow&quot;&gt; &lt;i aria-hidden=&quot;true&quot; class=&quot;fa fa-angle-double-right&quot;/&gt; Xem thêm&lt;/a&gt;                        &lt;/span&gt;                    &lt;/div&gt;                                                &lt;div class=&quot;col-md-6 it_bot&quot;&gt;                                &lt;div class=&quot;row&quot;&gt;                                    &lt;div class=&quot; col-md-6 item-img-1 no-pad-right&quot;&gt;                                        &lt;a href=&quot;../t-1223/ket-qua-dau-gia-khau-da-t32020&quot; id=&quot;menu1_rpt_t2_rpt_pt_3_HyperLink1_0&quot;&gt;&lt;img class=&quot;img-responsive&quot; id=&quot;menu1_rpt_t2_rpt_pt_3_Image1_0&quot; src=&quot;../image/news/2020-3-30/30/1-43.png&quot;/&gt;&lt;/a&gt;                                    &lt;/div&gt;                                    &lt;div class=&quot;col-md-6 item-name w-80&quot;&gt;                                        &lt;a href=&quot;../t-1223/ket-qua-dau-gia-khau-da-t32020&quot; id=&quot;menu1_rpt_t2_rpt_pt_3_HyperLink2_0&quot;&gt;Kết quả đấu giá Khau Da T3/2020&lt;/a&gt;                                    &lt;/div&gt;                                &lt;/div&gt;                            &lt;/div&gt;                                                    &lt;div class=&quot;col-md-6 it_bot&quot;&gt;                                &lt;div class=&quot;row&quot;&gt;                                    &lt;div class=&quot; col-md-6 item-img-1 no-pad-right&quot;&gt;                                        &lt;a href=&quot;../t-1217/ket-qua-dau-gia-cua-trai-lan-2&quot; id=&quot;menu1_rpt_t2_rpt_pt_3_HyperLink1_1&quot;&gt;&lt;img class=&quot;img-responsive&quot; id=&quot;menu1_rpt_t2_rpt_pt_3_Image1_1&quot; src=&quot;../image/news/2020-2-29/29/gggggg-41.png&quot;/&gt;&lt;/a&gt;                                    &lt;/div&gt;                                    &lt;div class=&quot;col-md-6 item-name w-80&quot;&gt;                                        &lt;a href=&quot;../t-1217/ket-qua-dau-gia-cua-trai-lan-2&quot; id=&quot;menu1_rpt_t2_rpt_pt_3_HyperLink2_1&quot;&gt;Kết quả đấu giá Cửa Trại lần 2 &lt;/a&gt;                                    &lt;/div&gt;                                &lt;/div&gt;                            &lt;/div&gt;                                                    &lt;div class=&quot;col-md-6 it_bot&quot;&gt;                                &lt;div class=&quot;row&quot;&gt;                                    &lt;div class=&quot; col-md-6 item-img-1 no-pad-right&quot;&gt;                                        &lt;a href=&quot;../t-1216/tb-dau-gia-dat-cua-trai-khau-da-dong-son-t32020&quot; id=&quot;menu1_rpt_t2_rpt_pt_3_HyperLink1_2&quot;&gt;&lt;img class=&quot;img-responsive&quot; id=&quot;menu1_rpt_t2_rpt_pt_3_Image1_2&quot; src=&quot;../image/news/2020-2-29/29/1---copy-38.png&quot;/&gt;&lt;/a&gt;                                    &lt;/div&gt;                                    &lt;div class=&quot;col-md-6 item-name w-80&quot;&gt;                                        &lt;a href=&quot;../t-1216/tb-dau-gia-dat-cua-trai-khau-da-dong-son-t32020&quot; id=&quot;menu1_rpt_t2_rpt_pt_3_HyperLink2_2&quot;&gt;TB đấu giá đất Cửa Trại, Khau Da, Đông Sơn T3/2020&lt;/a&gt;                                    &lt;/div&gt;                                &lt;/div&gt;                            &lt;/div&gt;                                                    &lt;div class=&quot;col-md-6 it_bot&quot;&gt;                                &lt;div class=&quot;row&quot;&gt;                                    &lt;div class=&quot; col-md-6 item-img-1 no-pad-right&quot;&gt;                                        &lt;a href=&quot;../t-1213/dau-gia-cua-trai-thang-022020&quot; id=&quot;menu1_rpt_t2_rpt_pt_3_HyperLink1_3&quot;&gt;&lt;img class=&quot;img-responsive&quot; id=&quot;menu1_rpt_t2_rpt_pt_3_Image1_3&quot; src=&quot;../image/news/2020-2-11/11/thong-bao-dau-gia-cua-trai-022020---copy-66.png&quot;/&gt;&lt;/a&gt;                                    &lt;/div&gt;                                    &lt;div class=&quot;col-md-6 item-name w-80&quot;&gt;                                        &lt;a href=&quot;../t-1213/dau-gia-cua-trai-thang-022020&quot; id=&quot;menu1_rpt_t2_rpt_pt_3_HyperLink2_3&quot;&gt; Đấu Giá Cửa Trại Tháng 02.2020&lt;/a&gt;                                    &lt;/div&gt;                                &lt;/div&gt;                            &lt;/div&gt;                                                    &lt;div class=&quot;col-md-6 it_bot&quot;&gt;                                &lt;div class=&quot;row&quot;&gt;                                    &lt;div class=&quot; col-md-6 item-img-1 no-pad-right&quot;&gt;                                        &lt;a href=&quot;../t-1204/ket-qua-dau-gia-136-lo-khau-da-dot-1&quot; id=&quot;menu1_rpt_t2_rpt_pt_3_HyperLink1_4&quot;&gt;&lt;img class=&quot;img-responsive&quot; id=&quot;menu1_rpt_t2_rpt_pt_3_Image1_4&quot; src=&quot;../image/news/2019-11-14/14/752264059493466687804183135175754979999744o-16.jpg&quot;/&gt;&lt;/a&gt;                                    &lt;/div&gt;                                    &lt;div class=&quot;col-md-6 item-name w-80&quot;&gt;                                        &lt;a href=&quot;../t-1204/ket-qua-dau-gia-136-lo-khau-da-dot-1&quot; id=&quot;menu1_rpt_t2_rpt_pt_3_HyperLink2_4&quot;&gt;Kết quả đấu giá 136 lô Khau Da đợt 1 &lt;/a&gt;                                    &lt;/div&gt;                                &lt;/div&gt;                            &lt;/div&gt;                                                    &lt;div class=&quot;col-md-6 it_bot&quot;&gt;                                &lt;div class=&quot;row&quot;&gt;                                    &lt;div class=&quot; col-md-6 item-img-1 no-pad-right&quot;&gt;                                        &lt;a href=&quot;../t-1203/dau-gia-qsdd-dong-son-thang-112019&quot; id=&quot;menu1_rpt_t2_rpt_pt_3_HyperLink1_5&quot;&gt;&lt;img class=&quot;img-responsive&quot; id=&quot;menu1_rpt_t2_rpt_pt_3_Image1_5&quot; src=&quot;../image/news/2019-11-11/11/8-25.jpg&quot;/&gt;&lt;/a&gt;                                    &lt;/div&gt;                                    &lt;div class=&quot;col-md-6 item-name w-80&quot;&gt;                                        &lt;a href=&quot;../t-1203/dau-gia-qsdd-dong-son-thang-112019&quot; id=&quot;menu1_rpt_t2_rpt_pt_3_HyperLink2_5&quot;&gt; Đấu giá QSDĐ Đông Sơn tháng 11.2019&lt;/a&gt;                                    &lt;/div&gt;                                &lt;/div&gt;                            &lt;/div&gt;                                                 &lt;/div&gt;" SourceIndex="3007" TextLen="231" order="28" xPath="/XPspan"/>
<LayoutNode BgColor="#ffffff" ContainImg="6" ContainP="0" ContainTable="false" Content="Chính sách pháp luật - thông tin quy hoạch Xem thêm Bảng giá đất Thủy Nguyên 2020 -2024 Dự án đầu tư mở rộng đường 10 Cầu Hoàng Văn Thụ sẽ thông xe Phân biệt Sổ đỏ, Sổ hồng, Sổ trắng Quy định hệ số điều chỉnh giá đất 2019 Cấp Sổ đỏ cho đất không có giấy tờ " DOMCldNum="3" DoC="8" FontSize="14" FontWeight="normal" FrameSourceIndex="0" ID="1-8" IsImg="false" LinkNum="21" LinkTextLen="238" ObjectRectHeight="356" ObjectRectLeft="0" ObjectRectTop="4729" ObjectRectWidth="1420" SRC="&lt;div xmlns=&quot;http://www.w3.org/1999/xhtml&quot; class=&quot;col-xs-12 banner&quot;&gt;                    &lt;div class=&quot;nav-title&quot;&gt;                        &lt;span&gt;                            &lt;i aria-hidden=&quot;true&quot; class=&quot;fa fa-list&quot;/&gt;                             &lt;a href=&quot;../mn-18/chinh-sach-phap-luat---thong-tin-quy-hoach&quot; id=&quot;menu1_rpt_t2_hpl_news1_4&quot;&gt;Chính sách pháp luật - thông tin quy hoạch&lt;/a&gt;                                                    &lt;/span&gt;                        &lt;span class=&quot;more-right&quot;&gt;                            &lt;a href=&quot;../mn-18/chinh-sach-phap-luat---thong-tin-quy-hoach&quot; id=&quot;menu1_rpt_t2_hpl_1_4&quot; rel=&quot;nofollow&quot;&gt; &lt;i aria-hidden=&quot;true&quot; class=&quot;fa fa-angle-double-right&quot;/&gt; Xem thêm&lt;/a&gt;                        &lt;/span&gt;                    &lt;/div&gt;                                                &lt;div class=&quot;col-md-6 it_bot&quot;&gt;                                &lt;div class=&quot;row&quot;&gt;                                    &lt;div class=&quot; col-md-6 item-img-1 no-pad-right&quot;&gt;                                        &lt;a href=&quot;../t-1218/bang-gia-dat-thuy-nguyen-2020--2024&quot; id=&quot;menu1_rpt_t2_rpt_pt_4_HyperLink1_0&quot;&gt;&lt;img class=&quot;img-responsive&quot; id=&quot;menu1_rpt_t2_rpt_pt_4_Image1_0&quot; src=&quot;../image/news/2020-3-19/19/542019qd-ubnd-85.png&quot;/&gt;&lt;/a&gt;                                    &lt;/div&gt;                                    &lt;div class=&quot;col-md-6 item-name w-80&quot;&gt;                                        &lt;a href=&quot;../t-1218/bang-gia-dat-thuy-nguyen-2020--2024&quot; id=&quot;menu1_rpt_t2_rpt_pt_4_HyperLink2_0&quot;&gt;Bảng giá đất Thủy Nguyên 2020 -2024&lt;/a&gt;                                    &lt;/div&gt;                                &lt;/div&gt;                            &lt;/div&gt;                                                    &lt;div class=&quot;col-md-6 it_bot&quot;&gt;                                &lt;div class=&quot;row&quot;&gt;                                    &lt;div class=&quot; col-md-6 item-img-1 no-pad-right&quot;&gt;                                        &lt;a href=&quot;../t-1207/du-an-dau-tu-mo-rong-duong-10&quot; id=&quot;menu1_rpt_t2_rpt_pt_4_HyperLink1_1&quot;&gt;&lt;img class=&quot;img-responsive&quot; id=&quot;menu1_rpt_t2_rpt_pt_4_Image1_1&quot; src=&quot;../image/news/2019-11-21/21/2-60.jpg&quot;/&gt;&lt;/a&gt;                                    &lt;/div&gt;                                    &lt;div class=&quot;col-md-6 item-name w-80&quot;&gt;                                        &lt;a href=&quot;../t-1207/du-an-dau-tu-mo-rong-duong-10&quot; id=&quot;menu1_rpt_t2_rpt_pt_4_HyperLink2_1&quot;&gt;Dự án đầu tư mở rộng đường 10&lt;/a&gt;                                    &lt;/div&gt;                                &lt;/div&gt;                            &lt;/div&gt;                                                    &lt;div class=&quot;col-md-6 it_bot&quot;&gt;                                &lt;div class=&quot;row&quot;&gt;                                    &lt;div class=&quot; col-md-6 item-img-1 no-pad-right&quot;&gt;                                        &lt;a href=&quot;../t-1199/cau-hoang-van-thu-se-thong-xe&quot; id=&quot;menu1_rpt_t2_rpt_pt_4_HyperLink1_2&quot;&gt;&lt;img class=&quot;img-responsive&quot; id=&quot;menu1_rpt_t2_rpt_pt_4_Image1_2&quot; src=&quot;../image/news/2019-10-9/9/anh-67.jpg&quot;/&gt;&lt;/a&gt;                                    &lt;/div&gt;                                    &lt;div class=&quot;col-md-6 item-name w-80&quot;&gt;                                        &lt;a href=&quot;../t-1199/cau-hoang-van-thu-se-thong-xe&quot; id=&quot;menu1_rpt_t2_rpt_pt_4_HyperLink2_2&quot;&gt; Cầu Hoàng Văn Thụ sẽ thông xe &lt;/a&gt;                                    &lt;/div&gt;                                &lt;/div&gt;                            &lt;/div&gt;                                                    &lt;div class=&quot;col-md-6 it_bot&quot;&gt;                                &lt;div class=&quot;row&quot;&gt;                                    &lt;div class=&quot; col-md-6 item-img-1 no-pad-right&quot;&gt;                                        &lt;a href=&quot;../t-1182/phan-biet-so-do-so-hong-so-trang&quot; id=&quot;menu1_rpt_t2_rpt_pt_4_HyperLink1_3&quot;&gt;&lt;img class=&quot;img-responsive&quot; id=&quot;menu1_rpt_t2_rpt_pt_4_Image1_3&quot; src=&quot;../image/news/2019-6-13/13/1-89.png&quot;/&gt;&lt;/a&gt;                                    &lt;/div&gt;                                    &lt;div class=&quot;col-md-6 item-name w-80&quot;&gt;                                        &lt;a href=&quot;../t-1182/phan-biet-so-do-so-hong-so-trang&quot; id=&quot;menu1_rpt_t2_rpt_pt_4_HyperLink2_3&quot;&gt;Phân biệt Sổ đỏ, Sổ hồng, Sổ trắng&lt;/a&gt;                                    &lt;/div&gt;                                &lt;/div&gt;                            &lt;/div&gt;                                                    &lt;div class=&quot;col-md-6 it_bot&quot;&gt;                                &lt;div class=&quot;row&quot;&gt;                                    &lt;div class=&quot; col-md-6 item-img-1 no-pad-right&quot;&gt;                                        &lt;a href=&quot;../t-1181/quy-dinh-he-so-dieu-chinh-gia-dat-2019&quot; id=&quot;menu1_rpt_t2_rpt_pt_4_HyperLink1_4&quot;&gt;&lt;img class=&quot;img-responsive&quot; id=&quot;menu1_rpt_t2_rpt_pt_4_Image1_4&quot; src=&quot;../image/news/2019-6-6/6/luat-dat-dai0610091147-55.jpg&quot;/&gt;&lt;/a&gt;                                    &lt;/div&gt;                                    &lt;div class=&quot;col-md-6 item-name w-80&quot;&gt;                                        &lt;a href=&quot;../t-1181/quy-dinh-he-so-dieu-chinh-gia-dat-2019&quot; id=&quot;menu1_rpt_t2_rpt_pt_4_HyperLink2_4&quot;&gt;Quy định hệ số điều chỉnh giá đất 2019&lt;/a&gt;                                    &lt;/div&gt;                                &lt;/div&gt;                            &lt;/div&gt;                                                    &lt;div class=&quot;col-md-6 it_bot&quot;&gt;                                &lt;div class=&quot;row&quot;&gt;                                    &lt;div class=&quot; col-md-6 item-img-1 no-pad-right&quot;&gt;                                        &lt;a href=&quot;../t-1167/cap-so-do-cho-dat-khong-co-giay-to&quot; id=&quot;menu1_rpt_t2_rpt_pt_4_HyperLink1_5&quot;&gt;&lt;img class=&quot;img-responsive&quot; id=&quot;menu1_rpt_t2_rpt_pt_4_Image1_5&quot; src=&quot;../image/news/2019-4-8/8/so-do-so-hong-1525454384-2.jpg&quot;/&gt;&lt;/a&gt;                                    &lt;/div&gt;                                    &lt;div class=&quot;col-md-6 item-name w-80&quot;&gt;                                        &lt;a href=&quot;../t-1167/cap-so-do-cho-dat-khong-co-giay-to&quot; id=&quot;menu1_rpt_t2_rpt_pt_4_HyperLink2_5&quot;&gt;Cấp Sổ đỏ cho đất không có giấy tờ&lt;/a&gt;                                    &lt;/div&gt;                                &lt;/div&gt;                            &lt;/div&gt;                                                 &lt;/div&gt;" SourceIndex="3140" TextLen="240" order="29" xPath="/XPspan"/>
<LayoutNode BgColor="#ffffff" ContainImg="2" ContainP="0" ContainTable="false" Content="Các đối tác cùng Nhà Đất An Phú Xem thêm Hoàng Dung chuyên thiết kế nội thất Khóa học giám đốc điều hành " DOMCldNum="3" DoC="8" FontSize="14" FontWeight="normal" FrameSourceIndex="0" ID="1-9" IsImg="false" LinkNum="9" LinkTextLen="98" ObjectRectHeight="172" ObjectRectLeft="0" ObjectRectTop="5105" ObjectRectWidth="1420" SRC="&lt;div xmlns=&quot;http://www.w3.org/1999/xhtml&quot; class=&quot;col-xs-12 banner&quot;&gt;                    &lt;div class=&quot;nav-title&quot;&gt;                        &lt;span&gt;                            &lt;i aria-hidden=&quot;true&quot; class=&quot;fa fa-list&quot;/&gt;                             &lt;a href=&quot;../mn-20/cac-doi-tac-cung-nha-dat-an-phu&quot; id=&quot;menu1_rpt_t2_hpl_news1_5&quot;&gt;Các đối tác cùng Nhà Đất An Phú&lt;/a&gt;                                                    &lt;/span&gt;                        &lt;span class=&quot;more-right&quot;&gt;                            &lt;a href=&quot;../mn-20/cac-doi-tac-cung-nha-dat-an-phu&quot; id=&quot;menu1_rpt_t2_hpl_1_5&quot; rel=&quot;nofollow&quot;&gt; &lt;i aria-hidden=&quot;true&quot; class=&quot;fa fa-angle-double-right&quot;/&gt; Xem thêm&lt;/a&gt;                        &lt;/span&gt;                    &lt;/div&gt;                                                &lt;div class=&quot;col-md-6 it_bot&quot;&gt;                                &lt;div class=&quot;row&quot;&gt;                                    &lt;div class=&quot; col-md-6 item-img-1 no-pad-right&quot;&gt;                                        &lt;a href=&quot;../t-1174/hoang-dung-chuyen-thiet-ke-noi-that&quot; id=&quot;menu1_rpt_t2_rpt_pt_5_HyperLink1_0&quot;&gt;&lt;img class=&quot;img-responsive&quot; id=&quot;menu1_rpt_t2_rpt_pt_5_Image1_0&quot; src=&quot;../image/news/2020-2-12/12/169-1-25.jpg&quot;/&gt;&lt;/a&gt;                                    &lt;/div&gt;                                    &lt;div class=&quot;col-md-6 item-name w-80&quot;&gt;                                        &lt;a href=&quot;../t-1174/hoang-dung-chuyen-thiet-ke-noi-that&quot; id=&quot;menu1_rpt_t2_rpt_pt_5_HyperLink2_0&quot;&gt; Hoàng Dung chuyên thiết kế nội thất  &lt;/a&gt;                                    &lt;/div&gt;                                &lt;/div&gt;                            &lt;/div&gt;                                                    &lt;div class=&quot;col-md-6 it_bot&quot;&gt;                                &lt;div class=&quot;row&quot;&gt;                                    &lt;div class=&quot; col-md-6 item-img-1 no-pad-right&quot;&gt;                                        &lt;a href=&quot;../t-1168/khoa-hoc-giam-doc-dieu-hanh&quot; id=&quot;menu1_rpt_t2_rpt_pt_5_HyperLink1_1&quot;&gt;&lt;img class=&quot;img-responsive&quot; id=&quot;menu1_rpt_t2_rpt_pt_5_Image1_1&quot; src=&quot;../image/news/2019-4-9/9/1-65.jpg&quot;/&gt;&lt;/a&gt;                                    &lt;/div&gt;                                    &lt;div class=&quot;col-md-6 item-name w-80&quot;&gt;                                        &lt;a href=&quot;../t-1168/khoa-hoc-giam-doc-dieu-hanh&quot; id=&quot;menu1_rpt_t2_rpt_pt_5_HyperLink2_1&quot;&gt;Khóa học giám đốc điều hành &lt;/a&gt;                                    &lt;/div&gt;                                &lt;/div&gt;                            &lt;/div&gt;                                                 &lt;/div&gt;" SourceIndex="3273" TextLen="100" order="30" xPath="/XPspan"/>
<LayoutNode BgColor="#d2d2d2" ContainImg="0" ContainP="0" ContainTable="false" Content="Trang chủ Cơ chế giải quyết khiếu nại Chính sách bảo mật thông tin Quy Chế Gửi liên hệ " DOMCldNum="3" DoC="8" FontSize="14" FontWeight="normal" FrameSourceIndex="0" ID="1-10" IsImg="false" LinkNum="5" LinkTextLen="82" ObjectRectHeight="40" ObjectRectLeft="0" ObjectRectTop="5337" ObjectRectWidth="1420" SRC="&lt;div xmlns=&quot;http://www.w3.org/1999/xhtml&quot; class=&quot;col-sm-12 nav-bottomm&quot;&gt;        &lt;ul&gt;            &lt;li&gt;                &lt;a href=&quot;../&quot; id=&quot;footer_HyperLink1&quot;&gt;Trang chủ&lt;/a&gt;            &lt;/li&gt;                                &lt;li&gt;                        &lt;a href=&quot;../n-1/co-che-giai-quyet-khieu-nai&quot; id=&quot;footer_rpt_nav_HyperLink1_0&quot;&gt;Cơ chế giải quyết khiếu nại&lt;/a&gt;                    &lt;/li&gt;                                    &lt;li&gt;                        &lt;a href=&quot;../n-2/chinh-sach-bao-mat-thong-tin&quot; id=&quot;footer_rpt_nav_HyperLink1_1&quot;&gt;Chính sách bảo mật thông tin&lt;/a&gt;                    &lt;/li&gt;                                    &lt;li&gt;                        &lt;a href=&quot;../n-3/quy-che&quot; id=&quot;footer_rpt_nav_HyperLink1_2&quot;&gt;Quy Chế&lt;/a&gt;                    &lt;/li&gt;                            &lt;li&gt;                &lt;a href=&quot;../lien-he&quot; id=&quot;footer_HyperLink2&quot;&gt;Gửi liên hệ&lt;/a&gt;            &lt;/li&gt;        &lt;/ul&gt;    &lt;/div&gt;" SourceIndex="3337" TextLen="82" order="31" xPath="/#document/html/body/div[0]/form[12]/section[0]/div[0]/ul[4]/li[0]/a[0]/#text"/>
<LayoutNode BgColor="#ffffff" ContainImg="2" ContainP="4" ContainTable="false" DOMCldNum="7" DoC="5" FontSize="14" FontWeight="normal" FrameSourceIndex="0" ID="1-11" IsImg="false" LinkNum="8" LinkTextLen="129" ObjectRectHeight="431" ObjectRectLeft="0" ObjectRectTop="5397" ObjectRectWidth="1420" SourceIndex="3378" TextLen="432" order="32">
<LayoutNode BgColor="#ffffff" ContainImg="2" ContainP="4" ContainTable="false" DOMCldNum="7" DoC="5" FontSize="14" FontWeight="normal" FrameSourceIndex="0" ID="1-11-1" IsImg="false" LinkNum="6" LinkTextLen="92" ObjectRectHeight="227" ObjectRectLeft="0" ObjectRectTop="5397" ObjectRectWidth="1420" SourceIndex="3378" TextLen="395" order="33">
<LayoutNode BgColor="#ffffff" ContainImg="1" ContainP="0" ContainTable="false" Content="Nhà Đất An Phú là đơn vị Tiên phong cung cấp các Dịch Vụ Kinh Doanh Bất Động Sản chuyên nghiệp, uy tín tại Thủy Nguyên, Hải Phòng. website 2: nhadatanphu.com " DOMCldNum="7" DoC="8" FontSize="14" FontWeight="normal" FrameSourceIndex="0" ID="1-11-1-1" IsImg="false" LinkNum="0" LinkTextLen="0" ObjectRectHeight="227" ObjectRectLeft="0" ObjectRectTop="5397" ObjectRectWidth="484" SRC="&lt;div xmlns=&quot;http://www.w3.org/1999/xhtml&quot; class=&quot;col-sm-4 col-xs-12&quot;&gt;            &lt;div&gt;                &lt;a href=&quot;../&quot; id=&quot;footer_hpl_logo&quot;&gt;&lt;img class=&quot;img-responsive&quot; id=&quot;footer_img_logo&quot; src=&quot;../image/logo/2020-4-10/banner-an-phu-874.png&quot;/&gt;&lt;/a&gt;            &lt;/div&gt;            &lt;div class=&quot;top-10&quot;&gt;                Nhà Đất An Phú là đơn vị Tiên phong cung cấp các Dịch Vụ Kinh Doanh Bất Động Sản chuyên nghiệp, uy tín tại Thủy Nguyên, Hải Phòng. website 2: nhadatanphu.com            &lt;/div&gt;                    &lt;/div&gt;" SourceIndex="3380" TextLen="155" order="34" xPath="/#document/html/body/div[0]/form[14]/footer[0]/div[0]/div[1]/div[0]/#text"/>
<LayoutNode BgColor="#ffffff" ContainImg="0" ContainP="4" ContainTable="false" Content="NHÀ ĐẤT AN PHÚ Dương Quan, Thủy Nguyên, Hải Phòng 0936 77 39 68 - 0358 445 445 0904 285 111 - 0901 285 333 nhadatanphuhp@gmail.com " DOMCldNum="7" DoC="8" FontSize="14" FontWeight="normal" FrameSourceIndex="0" ID="1-11-1-2" IsImg="false" LinkNum="0" LinkTextLen="0" ObjectRectHeight="227" ObjectRectLeft="514" ObjectRectTop="5397" ObjectRectWidth="457" SRC="&lt;div xmlns=&quot;http://www.w3.org/1999/xhtml&quot; class=&quot;col-sm-5 col-xs-12&quot;&gt;            &lt;div class=&quot;ft_title&quot;&gt;                NHÀ ĐẤT AN PHÚ            &lt;/div&gt;            &lt;p class=&quot;top-10&quot;&gt;                &lt;i aria-hidden=&quot;true&quot; class=&quot;fa fa-map-marker&quot;/&gt; Dương Quan, Thủy Nguyên, Hải Phòng            &lt;/p&gt;            &lt;p&gt;                &lt;i aria-hidden=&quot;true&quot; class=&quot;fa fa-fax&quot;/&gt; 0936 77 39 68 -  0358 445 445            &lt;/p&gt;            &lt;p&gt;                &lt;i aria-hidden=&quot;true&quot; class=&quot;fa fa-phone-square&quot;/&gt; 0904 285 111 - 0901 285 333            &lt;/p&gt;            &lt;p&gt;                &lt;i aria-hidden=&quot;true&quot; class=&quot;fa fa-envelope&quot;/&gt; nhadatanphuhp@gmail.com            &lt;/p&gt;        &lt;/div&gt;" SourceIndex="3392" TextLen="134" order="35" xPath="/#document/html/body/div[0]/form[14]/footer[0]/div[1]/div[4]/p[1]/#text"/>
<LayoutNode BgColor="#ffffff" ContainImg="1" ContainP="0" ContainTable="false" Content="LIÊN KẾT NHANH Trang chủ Cơ chế giải quyết khiếu nại Chính sách bảo mật thông tin Quy Chế Gửi liên hệ " DOMCldNum="7" DoC="5" FontSize="14" FontWeight="normal" FrameSourceIndex="0" ID="1-11-1-3" IsImg="false" LinkNum="6" LinkTextLen="92" ObjectRectHeight="227" ObjectRectLeft="1001" ObjectRectTop="5397" ObjectRectWidth="419" SRC="&lt;div xmlns=&quot;http://www.w3.org/1999/xhtml&quot; class=&quot;col-sm-3 col-xs-12&quot;&gt;            &lt;div class=&quot;ft_title&quot;&gt;                LIÊN KẾT NHANH            &lt;/div&gt;            &lt;ul&gt;                &lt;li&gt;                    &lt;a href=&quot;../&quot; id=&quot;footer_HyperLink3&quot;&gt;&lt;i aria-hidden=&quot;true&quot; class=&quot;fa fa-angle-right&quot;/&gt; Trang chủ&lt;/a&gt;                &lt;/li&gt;                                        &lt;li&gt;                            &lt;a href=&quot;../n-1/co-che-giai-quyet-khieu-nai&quot; id=&quot;footer_rpt_cnav_HyperLink1_0&quot;&gt;                                &lt;i aria-hidden=&quot;true&quot; class=&quot;fa fa-angle-right&quot;/&gt; Cơ chế giải quyết khiếu nại&lt;/a&gt;                        &lt;/li&gt;                                            &lt;li&gt;                            &lt;a href=&quot;../n-2/chinh-sach-bao-mat-thong-tin&quot; id=&quot;footer_rpt_cnav_HyperLink1_1&quot;&gt;                                &lt;i aria-hidden=&quot;true&quot; class=&quot;fa fa-angle-right&quot;/&gt; Chính sách bảo mật thông tin&lt;/a&gt;                        &lt;/li&gt;                                            &lt;li&gt;                            &lt;a href=&quot;../n-3/quy-che&quot; id=&quot;footer_rpt_cnav_HyperLink1_2&quot;&gt;                                &lt;i aria-hidden=&quot;true&quot; class=&quot;fa fa-angle-right&quot;/&gt; Quy Chế&lt;/a&gt;                        &lt;/li&gt;                                    &lt;li&gt;                    &lt;a href=&quot;../lien-he&quot; id=&quot;footer_HyperLink4&quot;&gt;&lt;i aria-hidden=&quot;true&quot; class=&quot;fa fa-angle-right&quot;/&gt; Gửi liên hệ&lt;/a&gt;                &lt;/li&gt;            &lt;/ul&gt;            &lt;div&gt;                &lt;a href=&quot;http://online.gov.vn/WebsiteDisplay.aspx?DocId=47148&quot;&gt;                    &lt;img alt=&quot;Bộ công thương&quot; id=&quot;footer_Image1&quot; src=&quot;../bct.png&quot;/&gt;                &lt;/a&gt;            &lt;/div&gt;        &lt;/div&gt;" SourceIndex="3418" TextLen="106" order="36" xPath="/#document/html/body/div[0]/form[14]/footer[0]/div[2]/div[2]/div[0]/a[0]/img"/>
</LayoutNode>
<LayoutNode BgColor="#ffffff" ContainImg="0" ContainP="0" ContainTable="false" Content="Tìm theo quận huyện " DOMCldNum="5" DoC="8" FontSize="14" FontWeight="normal" FrameSourceIndex="0" ID="1-11-2" IsImg="false" LinkNum="1" LinkTextLen="19" ObjectRectHeight="40" ObjectRectLeft="0" ObjectRectTop="5644" ObjectRectWidth="1420" SRC="&lt;div xmlns=&quot;http://www.w3.org/1999/xhtml&quot; class=&quot;ft-top&quot;&gt;                &lt;span&gt;&lt;a class=&quot;btn btn-info&quot; data-toggle=&quot;collapse&quot; href=&quot;#demo&quot;&gt;Tìm theo quận huyện&lt;/a&gt;&lt;/span&gt;            &lt;/div&gt;" SourceIndex="3478" TextLen="19" order="37" xPath="/#document/html/body/div[0]/form[14]/footer[1]/div[0]/div[0]/div[0]/span[0]/a[0]/#text"/>
<LayoutNode BgColor="#ffffff" ContainImg="0" ContainP="0" ContainTable="false" Content="Tìm theo xã phường " DOMCldNum="5" DoC="8" FontSize="14" FontWeight="normal" FrameSourceIndex="0" ID="1-11-3" IsImg="false" LinkNum="1" LinkTextLen="18" ObjectRectHeight="109" ObjectRectLeft="0" ObjectRectTop="5719" ObjectRectWidth="1420" SRC="&lt;div xmlns=&quot;http://www.w3.org/1999/xhtml&quot; class=&quot;ft-top&quot;&gt;                &lt;a class=&quot;btn btn-info&quot; data-toggle=&quot;collapse&quot; href=&quot;#demo1&quot;&gt;Tìm theo xã phường&lt;/a&gt;            &lt;/div&gt;" SourceIndex="3587" TextLen="18" order="38" xPath="/#document/html/body/div[0]/form[14]/footer[1]/div[1]/div[0]/div[0]/a[0]/#text"/>
</LayoutNode>
</LayoutNode>
</VIPSPage>
