<VIPSPage PageRectHeight="980" PageRectLeft="0" PageRectTop="0" PageRectWidth="1420" PageTitle="  (Quận 2)Bán nhà mặt tiền Phường An Phú,sát xa lộ Hà Nội,115m2,4lầu,18.3tỷ. - 1202658 " Url="http://timmuanhadat.com.vn/-quan-2-ban-nha-mat-tien-phuong-an-phu-sat-xa-lo-ha-noi-115m2-4lau-18-3ty--1202658.html" WindowHeight="980" WindowWidth="1420" neworder="0" order="0">
<LayoutNode BgColor="#ffffff" ContainImg="13" ContainP="1" ContainTable="true" DOMCldNum="9" DoC="1" FontSize="12" FontWeight="normal" FormNum="0" FormSize="0" FrameSourceIndex="0" ID="1" InteractionNum="0" InteractionSize="0" IsImg="false" LinkNum="184" LinkTextLen="1754" ObjectRectHeight="2570" ObjectRectLeft="0" ObjectRectTop="0" ObjectRectWidth="1420" OptionNum="0" OptionTextLength="0" ParaNum="0" SourceIndex="45" TableNum="0" TextLen="5183" order="1">
<LayoutNode BgColor="#ffffff" ContainImg="1" ContainP="0" ContainTable="false" DOMCldNum="9" DoC="5" FontSize="12" FontWeight="normal" FormNum="0" FormSize="0" FrameSourceIndex="0" ID="1-1" InteractionNum="0" InteractionSize="0" IsImg="false" LinkNum="28" LinkTextLen="132" ObjectRectHeight="183" ObjectRectLeft="0" ObjectRectTop="0" ObjectRectWidth="1420" OptionNum="0" OptionTextLength="0" ParaNum="0" SourceIndex="45" TableNum="0" TextLen="184" order="2">
<LayoutNode BgColor="#ffffff" ContainImg="1" ContainP="0" ContainTable="false" Content=" " DOMCldNum="9" DoC="8" FontSize="12" FontWeight="normal" FormNum="0" FormSize="0" FrameSourceIndex="0" ID="1-1-1" InteractionNum="0" InteractionSize="0" IsImg="false" LinkNum="2" LinkTextLen="0" ObjectHeight="100" ObjectRectHeight="100" ObjectRectLeft="0" ObjectRectTop="0" ObjectRectWidth="1420" ObjectWidth="1000" ObjectX="210" ObjectY="0" OptionNum="0" OptionTextLength="0" ParaNum="0" SRC="&lt;div xmlns=&quot;http://www.w3.org/1999/xhtml&quot; id=&quot;header&quot;&gt;         &lt;div class=&quot;logo&quot;&gt;&lt;a href=&quot;/&quot;&gt;&lt;img alt=&quot;bán nhà, mua bán nhà đất, cho thuê nhà chung cư&quot; src=&quot;/publish/img/logo.png&quot;/&gt;&lt;/a&gt;&lt;/div&gt;         &lt;div class=&quot;banner-top&quot;&gt;          &lt;/div&gt;        &lt;/div&gt;" SourceIndex="47" TableNum="0" TextLen="0" order="3" xPath="/html[1]/body[1]/div[1]/div[1]/div[1]/div[1]"/>
<LayoutNode BgColor="#ffffff" ContainImg="0" ContainP="0" ContainTable="false" Content="+1 để tin của bạn có vị trí cao trên google Mobile Đăng tin miễn phí Đăng ký Đăng nhập " DOMCldNum="9" DoC="5" FontSize="12" FontWeight="normal" FormNum="0" FormSize="0" FrameSourceIndex="0" ID="1-1-2" InteractionNum="0" InteractionSize="0" IsImg="false" LinkNum="6" LinkTextLen="33" ObjectHeight="30" ObjectRectHeight="30" ObjectRectLeft="0" ObjectRectTop="110" ObjectRectWidth="1420" ObjectWidth="990" ObjectX="215" ObjectY="110" OptionNum="0" OptionTextLength="0" ParaNum="0" SRC="&lt;div xmlns=&quot;http://www.w3.org/1999/xhtml&quot; id=&quot;reg-menu&quot;&gt;           &lt;div style=&quot;float:left; margin-left:5px;&quot;&gt;                &lt;span style=&quot;position:absolute&quot;&gt;&lt;g:plusone width=&quot;65&quot;/&gt;&lt;/span&gt; &lt;span style=&quot;color:#d33320; margin-left: 100px; line-height: 25px; font-weight:bold&quot;&gt;+1 để tin của bạn có vị trí cao trên google&lt;/span&gt;            &lt;/div&gt;              &lt;div class=&quot;reg-menu&quot; id=&quot;login&quot;&gt;             &lt;span class=&quot;view-mobile&quot; onclick=&quot;ViewWebVersion(2)&quot;&gt;Mobile&lt;/span&gt;             &lt;a class=&quot;regular-post&quot; href=&quot;/dang-tin-nha-dat.html&quot; onclick=&quot;return CheckLogin()&quot;&gt;Đăng tin miễn phí&lt;/a&gt;                        &lt;a class=&quot;register&quot; href=&quot;javascript:void(0)&quot; onclick=&quot;ShowRegisterForm()&quot;&gt;Đăng ký&lt;/a&gt;       &lt;a class=&quot;login&quot; href=&quot;javascript:void(0)&quot; onclick=&quot;showForm('login-form')&quot;&gt;Đăng nhập&lt;/a&gt;               &lt;/div&gt;            &lt;/div&gt;" SourceIndex="71" TableNum="0" TextLen="85" order="4" xPath="/html[1]/body[1]/div[1]/div[1]/div[1]/div[3]"/>
<LayoutNode BgColor="#0090b5" ContainImg="0" ContainP="0" ContainTable="false" Content="Nhà Đất Bán Bán nhà mặt tiền Bán biệt thự, liền kề Bán đất thổ cư sổ đỏ Bán đất nền dự án phân lô Bán nhà trong ngõ, hẻm Bán nhà chung cư, tập thể Bán đất đấu giá, dịch vụ Bán nhà nghỉ, phòng trọ Bán văn phòng Bán kho, xưởng Bán nhà hàng, khách sạn Bán cửa hàng, shop, kiot, quán Bán trang trại, nhà vườn Bán mặt bằng có hạ tầng Bán đất nông, lâm nghiệp Bán các loại khác Nhà Đất Cho Thuê Cho thuê nhà mặt tiền Cho thuê biệt thự, liền kề Cho thuê đất thổ cư sổ đỏ Cho thuê đất nền dự án phân lô Cho thuê nhà trong ngõ, hẻm Cho thuê nhà chung cư, tập thể Cho thuê đất đấu giá, dịch vụ Cho thuê nhà nghỉ, phòng trọ Cho thuê văn phòng Cho thuê kho, xưởng Cho thuê nhà hàng, khách sạn Cho thuê cửa hàng, shop, kiot, quán Cho thuê trang trại, nhà vườn Cho thuê mặt bằng có hạ tầng Cho thuê đất nông, lâm nghiệp Cho thuê các loại khác Cần Mua Cần mua nhà mặt tiền Cần mua biệt thự, liền kề Cần mua đất thổ cư sổ đỏ Cần mua đất nền dự án phân lô Cần mua nhà trong ngõ, hẻm Cần mua nhà chung cư, tập thể Cần mua đất đấu giá, dịch vụ Cần mua nhà nghỉ, phòng trọ Cần mua văn phòng Cần mua kho, xưởng Cần mua nhà hàng, khách sạn Cần mua cửa hàng, shop, kiot, quán Cần mua trang trại, nhà vườn Cần mua mặt bằng có hạ tầng Cần mua đất nông, lâm nghiệp Cần mua các loại khác Cần thuê Cần thuê nhà mặt tiền Cần thuê biệt thự, liền kề Cần thuê đất thổ cư sổ đỏ Cần thuê đất nền dự án phân lô Cần thuê nhà trong ngõ, hẻm Cần thuê nhà chung cư, tập thể Cần thuê đất đấu giá, dịch vụ Cần thuê nhà nghỉ, phòng trọ Cần thuê văn phòng Cần thuê kho, xưởng Cần thuê nhà hàng, khách sạn Cần thuê cửa hàng, shop, kiot, quán Cần thuê trang trại, nhà vườn Cần thuê mặt bằng có hạ tầng Cần thuê đất nông, lâm nghiệp Cần thuê các loại khác DỰ ÁN Căn hộ/ Chung cư Khu biệt thự Cao ốc văn phòng Khu thương mại Khu dân cư Nhà ở xã hội Khu đô thị mới Khu đô thị sinh thái nghỉ dưỡng TIN TỨC Thị trường Kiến trúc Phong thủy Kinh nghiệm Góc thư giãn TRỢ GIÚP - HƯỚNG DẪN Xem Bản Đồ LIÊN HỆ - GÓP Ý " DOMCldNum="9" DoC="5" FontSize="12" FontWeight="normal" FormNum="0" FormSize="0" FrameSourceIndex="0" ID="1-1-3" InteractionNum="0" InteractionSize="0" IsImg="false" LinkNum="20" LinkTextLen="99" ObjectHeight="38" ObjectRectHeight="38" ObjectRectLeft="0" ObjectRectTop="145" ObjectRectWidth="1420" ObjectWidth="1000" ObjectX="210" ObjectY="145" OptionNum="0" OptionTextLength="0" ParaNum="0" SRC="&lt;div xmlns=&quot;http://www.w3.org/1999/xhtml&quot; id=&quot;menu&quot;&gt;            &lt;ul class=&quot;menu&quot;&gt;                &lt;li&gt;&lt;a class=&quot;home&quot; href=&quot;/&quot; rel=&quot;nofollow&quot;/&gt;&lt;/li&gt;                &lt;li&gt;&lt;a href=&quot;/nha-dat-bat-dong-san/can-ban.html&quot;&gt;Nhà Đất Bán&lt;/a&gt;                 &lt;ul&gt;                  &lt;li&gt;&lt;a href=&quot;/nha-dat-bat-dong-san/can-ban/nha-mat-tien.html&quot;&gt;Bán nhà mặt tiền&lt;/a&gt;&lt;/li&gt;                  &lt;li&gt;&lt;a href=&quot;/nha-dat-bat-dong-san/can-ban/biet-thu-lien-ke.html&quot;&gt;Bán biệt thự, liền kề&lt;/a&gt;&lt;/li&gt;                                    &lt;li&gt;&lt;a href=&quot;/nha-dat-bat-dong-san/can-ban/dat-tho-cu-so-do.html&quot;&gt;Bán đất thổ cư sổ đỏ&lt;/a&gt;&lt;/li&gt;                  &lt;li&gt;&lt;a href=&quot;/nha-dat-bat-dong-san/can-ban/dat-nen-du-an-phan-lo.html&quot;&gt;Bán đất nền dự án phân lô&lt;/a&gt;&lt;/li&gt;                  &lt;li&gt;&lt;a href=&quot;/nha-dat-bat-dong-san/can-ban/nha-trong-ngo-hem.html&quot;&gt;Bán nhà trong ngõ, hẻm&lt;/a&gt;&lt;/li&gt;                  &lt;li&gt;&lt;a href=&quot;/nha-dat-bat-dong-san/can-ban/nha-chung-cu-tap-the.html&quot;&gt;Bán nhà chung cư, tập thể&lt;/a&gt;&lt;/li&gt;                  &lt;li&gt;&lt;a href=&quot;/nha-dat-bat-dong-san/can-ban/dat-dau-gia-dich-vu.html&quot;&gt;Bán đất đấu giá, dịch vụ&lt;/a&gt;&lt;/li&gt;                  &lt;li&gt;&lt;a href=&quot;/nha-dat-bat-dong-san/can-ban/nha-nghi-phong-tro.html&quot;&gt;Bán nhà nghỉ, phòng trọ&lt;/a&gt;&lt;/li&gt;                  &lt;li&gt;&lt;a href=&quot;/nha-dat-bat-dong-san/can-ban/van-phong.html&quot;&gt;Bán văn phòng&lt;/a&gt;&lt;/li&gt;                  &lt;li&gt;&lt;a href=&quot;/nha-dat-bat-dong-san/can-ban/kho-xuong.html&quot;&gt;Bán kho, xưởng&lt;/a&gt;&lt;/li&gt;                  &lt;li&gt;&lt;a href=&quot;/nha-dat-bat-dong-san/can-ban/nha-hang-khach-san.html&quot;&gt;Bán nhà hàng, khách sạn&lt;/a&gt;&lt;/li&gt;                  &lt;li&gt;&lt;a href=&quot;/nha-dat-bat-dong-san/can-ban/cua-hang-shop-kiot-quan.html&quot;&gt;Bán cửa hàng, shop, kiot, quán&lt;/a&gt;&lt;/li&gt;                  &lt;li&gt;&lt;a href=&quot;/nha-dat-bat-dong-san/can-ban/trang-trai-nha-vuon.html&quot;&gt;Bán trang trại, nhà vườn&lt;/a&gt;&lt;/li&gt;                  &lt;li&gt;&lt;a href=&quot;/nha-dat-bat-dong-san/can-ban/mat-bang-co-ha-tang.html&quot;&gt;Bán mặt bằng có hạ tầng&lt;/a&gt;&lt;/li&gt;                   &lt;li&gt;&lt;a href=&quot;/nha-dat-bat-dong-san/can-ban/dat-nong-lam-nghiep.html&quot;&gt;Bán đất nông, lâm nghiệp&lt;/a&gt;&lt;/li&gt;                  &lt;li&gt;&lt;a href=&quot;/nha-dat-bat-dong-san/can-ban/cac-loai-khac.html&quot;&gt;Bán các loại khác&lt;/a&gt;&lt;/li&gt;                 &lt;/ul&gt;                &lt;/li&gt;                &lt;li&gt;&lt;a href=&quot;/nha-dat-bat-dong-san/cho-thue.html&quot;&gt;Nhà Đất Cho Thuê&lt;/a&gt;                 &lt;ul&gt;                  &lt;li&gt;&lt;a href=&quot;/nha-dat-bat-dong-san/cho-thue/nha-mat-tien.html&quot;&gt;Cho thuê nhà mặt tiền&lt;/a&gt;&lt;/li&gt;                  &lt;li&gt;&lt;a href=&quot;/nha-dat-bat-dong-san/cho-thue/biet-thu-lien-ke.html&quot;&gt;Cho thuê biệt thự, liền kề&lt;/a&gt;&lt;/li&gt;                                    &lt;li&gt;&lt;a href=&quot;/nha-dat-bat-dong-san/cho-thue/dat-tho-cu-so-do.html&quot;&gt;Cho thuê đất thổ cư sổ đỏ&lt;/a&gt;&lt;/li&gt;                  &lt;li&gt;&lt;a href=&quot;/nha-dat-bat-dong-san/cho-thue/dat-nen-du-an-phan-lo.html&quot;&gt;Cho thuê đất nền dự án phân lô&lt;/a&gt;&lt;/li&gt;                  &lt;li&gt;&lt;a href=&quot;/nha-dat-bat-dong-san/cho-thue/nha-trong-ngo-hem.html&quot;&gt;Cho thuê nhà trong ngõ, hẻm&lt;/a&gt;&lt;/li&gt;                  &lt;li&gt;&lt;a href=&quot;/nha-dat-bat-dong-san/cho-thue/nha-chung-cu-tap-the.html&quot;&gt;Cho thuê nhà chung cư, tập thể&lt;/a&gt;&lt;/li&gt;                  &lt;li&gt;&lt;a href=&quot;/nha-dat-bat-dong-san/cho-thue/dat-dau-gia-dich-vu.html&quot;&gt;Cho thuê đất đấu giá, dịch vụ&lt;/a&gt;&lt;/li&gt;                  &lt;li&gt;&lt;a href=&quot;/nha-dat-bat-dong-san/cho-thue/nha-nghi-phong-tro.html&quot;&gt;Cho thuê nhà nghỉ, phòng trọ&lt;/a&gt;&lt;/li&gt;                  &lt;li&gt;&lt;a href=&quot;/nha-dat-bat-dong-san/cho-thue/van-phong.html&quot;&gt;Cho thuê văn phòng&lt;/a&gt;&lt;/li&gt;                  &lt;li&gt;&lt;a href=&quot;/nha-dat-bat-dong-san/cho-thue/kho-xuong.html&quot;&gt;Cho thuê kho, xưởng&lt;/a&gt;&lt;/li&gt;                  &lt;li&gt;&lt;a href=&quot;/nha-dat-bat-dong-san/cho-thue/nha-hang-khach-san.html&quot;&gt;Cho thuê nhà hàng, khách sạn&lt;/a&gt;&lt;/li&gt;                  &lt;li&gt;&lt;a href=&quot;/nha-dat-bat-dong-san/cho-thue/cua-hang-shop-kiot-quan.html&quot;&gt;Cho thuê cửa hàng, shop, kiot, quán&lt;/a&gt;&lt;/li&gt;                  &lt;li&gt;&lt;a href=&quot;/nha-dat-bat-dong-san/cho-thue/trang-trai-nha-vuon.html&quot;&gt;Cho thuê trang trại, nhà vườn&lt;/a&gt;&lt;/li&gt;                  &lt;li&gt;&lt;a href=&quot;/nha-dat-bat-dong-san/cho-thue/mat-bang-co-ha-tang.html&quot;&gt;Cho thuê mặt bằng có hạ tầng&lt;/a&gt;&lt;/li&gt;                   &lt;li&gt;&lt;a href=&quot;/nha-dat-bat-dong-san/cho-thue/dat-nong-lam-nghiep.html&quot;&gt;Cho thuê đất nông, lâm nghiệp&lt;/a&gt;&lt;/li&gt;                  &lt;li&gt;&lt;a href=&quot;/nha-dat-bat-dong-san/cho-thue/cac-loai-khac.html&quot;&gt;Cho thuê các loại khác&lt;/a&gt;&lt;/li&gt;                 &lt;/ul&gt;                  &lt;/li&gt;                     &lt;li&gt;&lt;a href=&quot;/nha-dat-bat-dong-san/can-mua.html&quot;&gt;Cần Mua&lt;/a&gt;                 &lt;ul&gt;                  &lt;li&gt;&lt;a href=&quot;/nha-dat-bat-dong-san/can-mua/nha-mat-tien.html&quot;&gt;Cần mua nhà mặt tiền&lt;/a&gt;&lt;/li&gt;                  &lt;li&gt;&lt;a href=&quot;/nha-dat-bat-dong-san/can-mua/biet-thu-lien-ke.html&quot;&gt;Cần mua biệt thự, liền kề&lt;/a&gt;&lt;/li&gt;                                    &lt;li&gt;&lt;a href=&quot;/nha-dat-bat-dong-san/can-mua/dat-tho-cu-so-do.html&quot;&gt;Cần mua đất thổ cư sổ đỏ&lt;/a&gt;&lt;/li&gt;                  &lt;li&gt;&lt;a href=&quot;/nha-dat-bat-dong-san/can-mua/dat-nen-du-an-phan-lo.html&quot;&gt;Cần mua đất nền dự án phân lô&lt;/a&gt;&lt;/li&gt;                  &lt;li&gt;&lt;a href=&quot;/nha-dat-bat-dong-san/can-mua/nha-trong-ngo-hem.html&quot;&gt;Cần mua nhà trong ngõ, hẻm&lt;/a&gt;&lt;/li&gt;                  &lt;li&gt;&lt;a href=&quot;/nha-dat-bat-dong-san/can-mua/nha-chung-cu-tap-the.html&quot;&gt;Cần mua nhà chung cư, tập thể&lt;/a&gt;&lt;/li&gt;                  &lt;li&gt;&lt;a href=&quot;/nha-dat-bat-dong-san/can-mua/dat-dau-gia-dich-vu.html&quot;&gt;Cần mua đất đấu giá, dịch vụ&lt;/a&gt;&lt;/li&gt;                  &lt;li&gt;&lt;a href=&quot;/nha-dat-bat-dong-san/can-mua/nha-nghi-phong-tro.html&quot;&gt;Cần mua nhà nghỉ, phòng trọ&lt;/a&gt;&lt;/li&gt;                  &lt;li&gt;&lt;a href=&quot;/nha-dat-bat-dong-san/can-mua/van-phong.html&quot;&gt;Cần mua văn phòng&lt;/a&gt;&lt;/li&gt;                  &lt;li&gt;&lt;a href=&quot;/nha-dat-bat-dong-san/can-mua/kho-xuong.html&quot;&gt;Cần mua kho, xưởng&lt;/a&gt;&lt;/li&gt;                  &lt;li&gt;&lt;a href=&quot;/nha-dat-bat-dong-san/can-mua/nha-hang-khach-san.html&quot;&gt;Cần mua nhà hàng, khách sạn&lt;/a&gt;&lt;/li&gt;                  &lt;li&gt;&lt;a href=&quot;/nha-dat-bat-dong-san/can-mua/cua-hang-shop-kiot-quan.html&quot;&gt;Cần mua cửa hàng, shop, kiot, quán&lt;/a&gt;&lt;/li&gt;                  &lt;li&gt;&lt;a href=&quot;/nha-dat-bat-dong-san/can-mua/trang-trai-nha-vuon.html&quot;&gt;Cần mua trang trại, nhà vườn&lt;/a&gt;&lt;/li&gt;                  &lt;li&gt;&lt;a href=&quot;/nha-dat-bat-dong-san/can-mua/mat-bang-co-ha-tang.html&quot;&gt;Cần mua mặt bằng có hạ tầng&lt;/a&gt;&lt;/li&gt;                   &lt;li&gt;&lt;a href=&quot;/nha-dat-bat-dong-san/can-mua/dat-nong-lam-nghiep.html&quot;&gt;Cần mua đất nông, lâm nghiệp&lt;/a&gt;&lt;/li&gt;                  &lt;li&gt;&lt;a href=&quot;/nha-dat-bat-dong-san/can-mua/cac-loai-khac.html&quot;&gt;Cần mua các loại khác&lt;/a&gt;&lt;/li&gt;                 &lt;/ul&gt;                  &lt;/li&gt;                       &lt;li&gt;&lt;a href=&quot;/nha-dat-bat-dong-san/can-thue.html&quot;&gt;Cần thuê&lt;/a&gt;                 &lt;ul&gt;                  &lt;li&gt;&lt;a href=&quot;/nha-dat-bat-dong-san/can-thue/nha-mat-tien.html&quot;&gt;Cần thuê nhà mặt tiền&lt;/a&gt;&lt;/li&gt;                  &lt;li&gt;&lt;a href=&quot;/nha-dat-bat-dong-san/can-thue/biet-thu-lien-ke.html&quot;&gt;Cần thuê biệt thự, liền kề&lt;/a&gt;&lt;/li&gt;                                    &lt;li&gt;&lt;a href=&quot;/nha-dat-bat-dong-san/can-thue/dat-tho-cu-so-do.html&quot;&gt;Cần thuê đất thổ cư sổ đỏ&lt;/a&gt;&lt;/li&gt;                  &lt;li&gt;&lt;a href=&quot;/nha-dat-bat-dong-san/can-thue/dat-nen-du-an-phan-lo.html&quot;&gt;Cần thuê đất nền dự án phân lô&lt;/a&gt;&lt;/li&gt;                  &lt;li&gt;&lt;a href=&quot;/nha-dat-bat-dong-san/can-thue/nha-trong-ngo-hem.html&quot;&gt;Cần thuê nhà trong ngõ, hẻm&lt;/a&gt;&lt;/li&gt;                  &lt;li&gt;&lt;a href=&quot;/nha-dat-bat-dong-san/can-thue/nha-chung-cu-tap-the.html&quot;&gt;Cần thuê nhà chung cư, tập thể&lt;/a&gt;&lt;/li&gt;                  &lt;li&gt;&lt;a href=&quot;/nha-dat-bat-dong-san/can-thue/dat-dau-gia-dich-vu.html&quot;&gt;Cần thuê đất đấu giá, dịch vụ&lt;/a&gt;&lt;/li&gt;                  &lt;li&gt;&lt;a href=&quot;/nha-dat-bat-dong-san/can-thue/nha-nghi-phong-tro.html&quot;&gt;Cần thuê nhà nghỉ, phòng trọ&lt;/a&gt;&lt;/li&gt;                  &lt;li&gt;&lt;a href=&quot;/nha-dat-bat-dong-san/can-thue/van-phong.html&quot;&gt;Cần thuê văn phòng&lt;/a&gt;&lt;/li&gt;                  &lt;li&gt;&lt;a href=&quot;/nha-dat-bat-dong-san/can-thue/kho-xuong.html&quot;&gt;Cần thuê kho, xưởng&lt;/a&gt;&lt;/li&gt;                  &lt;li&gt;&lt;a href=&quot;/nha-dat-bat-dong-san/can-thue/nha-hang-khach-san.html&quot;&gt;Cần thuê nhà hàng, khách sạn&lt;/a&gt;&lt;/li&gt;                  &lt;li&gt;&lt;a href=&quot;/nha-dat-bat-dong-san/can-thue/cua-hang-shop-kiot-quan.html&quot;&gt;Cần thuê cửa hàng, shop, kiot, quán&lt;/a&gt;&lt;/li&gt;                  &lt;li&gt;&lt;a href=&quot;/nha-dat-bat-dong-san/can-thue/trang-trai-nha-vuon.html&quot;&gt;Cần thuê trang trại, nhà vườn&lt;/a&gt;&lt;/li&gt;                  &lt;li&gt;&lt;a href=&quot;/nha-dat-bat-dong-san/can-thue/mat-bang-co-ha-tang.html&quot;&gt;Cần thuê mặt bằng có hạ tầng&lt;/a&gt;&lt;/li&gt;                   &lt;li&gt;&lt;a href=&quot;/nha-dat-bat-dong-san/can-thue/dat-nong-lam-nghiep.html&quot;&gt;Cần thuê đất nông, lâm nghiệp&lt;/a&gt;&lt;/li&gt;                  &lt;li&gt;&lt;a href=&quot;/nha-dat-bat-dong-san/can-thue/cac-loai-khac.html&quot;&gt;Cần thuê các loại khác&lt;/a&gt;&lt;/li&gt;                 &lt;/ul&gt;                  &lt;/li&gt;                                                          &lt;li&gt;                                    &lt;a href=&quot;/du-an-bat-dong-san&quot;&gt;DỰ ÁN&lt;/a&gt;                    &lt;ul&gt;                      &lt;li&gt;&lt;a href=&quot;/du-an-can-ho-chung-cu-pc1&quot;&gt;Căn hộ/ Chung cư&lt;/a&gt;&lt;/li&gt;                      &lt;li&gt;&lt;a href=&quot;/du-an-khu-biet-thu-pc2&quot;&gt;Khu biệt thự&lt;/a&gt;&lt;/li&gt;                      &lt;li&gt;&lt;a href=&quot;/du-an-cao-oc-van-phong-pc3&quot;&gt;Cao ốc văn phòng&lt;/a&gt;&lt;/li&gt;                      &lt;li&gt;&lt;a href=&quot;/du-an-khu-thuong-mai-pc4&quot;&gt;Khu thương mại&lt;/a&gt;&lt;/li&gt;                      &lt;li&gt;&lt;a href=&quot;/du-an-khu-dan-cu-pc5&quot;&gt;Khu dân cư&lt;/a&gt;&lt;/li&gt;                      &lt;li&gt;&lt;a href=&quot;/du-an-nha-o-xa-hoi-pc6&quot;&gt;Nhà ở xã hội&lt;/a&gt;&lt;/li&gt;                      &lt;li&gt;&lt;a href=&quot;/du-an-khu-do-thi-moi-pc7&quot;&gt;Khu đô thị mới&lt;/a&gt;&lt;/li&gt;                      &lt;li&gt;&lt;a href=&quot;/du-an-khu-do-thi-sinh-thai-nghi-duong-pc8&quot;&gt;Khu đô thị sinh thái nghỉ dưỡng&lt;/a&gt;&lt;/li&gt;                    &lt;/ul&gt;                &lt;/li&gt;                   &lt;li&gt;                                    &lt;a href=&quot;#&quot;&gt;TIN TỨC&lt;/a&gt;                    &lt;ul&gt;                      &lt;li&gt;&lt;a href=&quot;/chuyen-muc/thi-truong.html&quot;&gt;Thị trường&lt;/a&gt;&lt;/li&gt;                      &lt;li&gt;&lt;a href=&quot;/chuyen-muc/kien-truc.html&quot;&gt;Kiến trúc&lt;/a&gt;&lt;/li&gt;                      &lt;li&gt;&lt;a href=&quot;/chuyen-muc/phong-thuy.html&quot;&gt;Phong thủy&lt;/a&gt;&lt;/li&gt;                      &lt;li&gt;&lt;a href=&quot;/chuyen-muc/kinh-nghiem.html&quot;&gt;Kinh nghiệm&lt;/a&gt;&lt;/li&gt;                      &lt;li&gt;&lt;a href=&quot;/chuyen-muc/goc-thu-gian.html&quot;&gt;Góc thư giãn&lt;/a&gt;&lt;/li&gt;                    &lt;/ul&gt;                &lt;/li&gt;                             &lt;li&gt;                                    &lt;a href=&quot;/huong-dan/huong-dan&quot;&gt;TRỢ GIÚP - HƯỚNG DẪN&lt;/a&gt;                &lt;/li&gt;                   &lt;li&gt;&lt;a href=&quot;/bando.html&quot;&gt;Xem Bản Đồ&lt;/a&gt;&lt;/li&gt;                   &lt;li&gt;&lt;a href=&quot;/lien-he.html&quot;&gt;LIÊN HỆ - GÓP Ý&lt;/a&gt;&lt;/li&gt;                      &lt;/ul&gt;                    &lt;/div&gt;" SourceIndex="98" TableNum="0" TextLen="99" order="5" xPath="/html[1]/body[1]/div[1]/div[1]/div[1]/div[4]"/>
</LayoutNode>
<LayoutNode BgColor="#ffffff" ContainImg="0" ContainP="0" ContainTable="false" Content="Trang chủCần bánNhà mặt tiềnHồ Chí MinhQuận 2Phường An PhúĐường Dương Văn An " DOMCldNum="7" DoC="5" FontSize="12" FontWeight="normal" FormNum="0" FormSize="0" FrameSourceIndex="0" ID="1-2" InteractionNum="0" InteractionSize="0" IsImg="false" LinkNum="14" LinkTextLen="76" ObjectHeight="24" ObjectRectHeight="24" ObjectRectLeft="0" ObjectRectTop="203" ObjectRectWidth="1420" ObjectWidth="995" ObjectX="215" ObjectY="203" OptionNum="0" OptionTextLength="0" ParaNum="0" SRC="&lt;div xmlns=&quot;http://www.w3.org/1999/xhtml&quot; class=&quot;top-link&quot; id=&quot;ctl00_content_top_link&quot;&gt;&lt;a href=&quot;/&quot;&gt;Trang chủ&lt;/a&gt;&lt;a class=&quot;title&quot; href=&quot;/nha-dat-bat-dong-san/can-ban.html&quot;&gt;Cần bán&lt;/a&gt;&lt;a class=&quot;title&quot; href=&quot;/nha-dat-bat-dong-san/can-ban/nha-mat-tien.html&quot;&gt;Nhà mặt tiền&lt;/a&gt;&lt;a class=&quot;title&quot; href=&quot;/nha-dat-bat-dong-san/can-ban/nha-mat-tien/2/ho-chi-minh.html&quot;&gt;Hồ Chí Minh&lt;/a&gt;&lt;a class=&quot;title&quot; href=&quot;/nha-dat-bat-dong-san/can-ban/nha-mat-tien/ho-chi-minh/133/quan-2.html&quot;&gt;Quận 2&lt;/a&gt;&lt;a class=&quot;title&quot; href=&quot;/nha-dat-bat-dong-san/can-ban/nha-mat-tien/phuong-an-phu-quan-2-px772.html&quot;&gt;Phường An Phú&lt;/a&gt;&lt;a class=&quot;title&quot; href=&quot;/nha-dat-bat-dong-san/can-ban/nha-mat-tien/duong-duong-van-an-quan-2-dp1201.html&quot;&gt;Đường Dương Văn An&lt;/a&gt;&lt;/div&gt;" SourceIndex="484" TableNum="0" TextLen="76" order="6" xPath="/html[1]/body[1]/div[1]/div[1]/div[2]/div[1]/div[1]"/>
<LayoutNode BgColor="#ffffff" ContainImg="3" ContainP="0" ContainTable="true" DOMCldNum="20" DoC="5" FontSize="13" FontWeight="normal" FormNum="0" FormSize="0" FrameSourceIndex="0" ID="1-3" InteractionNum="0" InteractionSize="0" IsImg="false" LinkNum="60" LinkTextLen="759" ObjectRectHeight="1109" ObjectRectLeft="0" ObjectRectTop="249" ObjectRectWidth="1420" OptionNum="0" OptionTextLength="0" ParaNum="0" SourceIndex="506" TableNum="0" TextLen="2137" order="7">
<LayoutNode BgColor="#ffffff" ContainImg="3" ContainP="0" ContainTable="true" DOMCldNum="20" DoC="5" FontSize="13" FontWeight="normal" FormNum="0" FormSize="0" FrameSourceIndex="0" ID="1-3-1" InteractionNum="0" InteractionSize="0" IsImg="false" LinkNum="10" LinkTextLen="103" ObjectRectHeight="1109" ObjectRectLeft="0" ObjectRectTop="249" ObjectRectWidth="889" OptionNum="0" OptionTextLength="0" ParaNum="0" SourceIndex="506" TableNum="0" TextLen="1326" order="8">
<LayoutNode BgColor="#ffffff" ContainImg="1" ContainP="0" ContainTable="false" Content=" (Quận 2)Bán nhà mặt tiền Phường An Phú,sát xa lộ Hà Nội,115m2,4lầu,18.3tỷ.Ngày đăng: Hôm nay " DOMCldNum="20" DoC="5" FontSize="13" FontWeight="normal" FormNum="0" FormSize="0" FrameSourceIndex="0" ID="1-3-1-1" InteractionNum="0" InteractionSize="0" IsImg="false" LinkNum="2" LinkTextLen="0" ObjectHeight="22" ObjectRectHeight="67" ObjectRectLeft="0" ObjectRectTop="249" ObjectRectWidth="889" ObjectWidth="678" ObjectX="211" ObjectY="249" OptionNum="0" OptionTextLength="0" ParaNum="0" SRC="&lt;div xmlns=&quot;http://www.w3.org/1999/xhtml&quot; align=&quot;right&quot;&gt;                          &lt;!-- AddThis Button BEGIN --&gt;                          &lt;a class=&quot;addthis_button&quot; href=&quot;http://www.addthis.com/bookmark.php?v=300&amp;pubid=ra-5142eeab419720f0&quot;&gt;&lt;img alt=&quot;Bookmark and Share&quot; height=&quot;16&quot; src=&quot;http://s7.addthis.com/static/btn/v2/lg-share-en.gif&quot; style=&quot;border:0&quot; width=&quot;125&quot;/&gt;&lt;/a&gt;                          &lt;script src=&quot;//s7.addthis.com/js/300/addthis_widget.js#pubid=ra-5142eeab419720f0&quot; type=&quot;text/javascript&quot;/&gt;                          &lt;!-- AddThis Button END --&gt;                          &lt;!-- AddThis Button END --&gt;                      &lt;/div&gt;&lt;div xmlns=&quot;http://www.w3.org/1999/xhtml&quot; class=&quot;title&quot;&gt;&lt;h1&gt;(Quận 2)Bán nhà mặt tiền Phường An Phú,sát xa lộ Hà Nội,115m2,4lầu,18.3tỷ.&lt;/h1&gt;&lt;span class=&quot;date&quot;&gt;Ngày đăng: Hôm nay&lt;/span&gt;&lt;/div&gt;" SourceIndex="510;524" TableNum="0" TextLen="92" order="9" xPath="/html[1]/body[1]/div[1]/div[1]/div[2]/div[1]/div[3]/div[1]/div[1]/div[1]"/>
<LayoutNode BgColor="#ffffff" ContainImg="0" ContainP="0" ContainTable="false" Content="+ Nhà mặt tiền nằm gần giao lộ giữa Dương Văn An và đường số 14,vị trí nhà nằm cực thịnh nhìn ra tất cả các giao lộ thoáng đẹp ,hơn 100m ra công viên Thanh Niên, Trường THPT Thủ Thiêm, chưa tới 200m ra đường song hành xa lộ Hà Nội.Hơn 2km qua cầu Sài Gòn sang Bình Thạnh.Khu vực quanh nhà phát triển cực mạnh,sầm uất tăng lên mỗi ngày. + Nhà xây hiện đại , đầy đủ công năng với hầm để xe, trệt 2 lầu, sân thượng gồm 3PN4WC. + Nhà ở khu vực thông thoáng ,sầm uất , đang tiếp tục phát triển mạnh ,sát trường THPT Thủ Thiêm ,có thông số chuẩn (5m x 23m) được Chủ cần bán gấp chào giá nhỉnh 130 triệu/m2 đất nhà mặt tiền . Nhanh tay sở hữu để có ngôi nhà mặt tiền đẹp này. + Sổ hồng chính chủ. + Gía bán : 18.3 tỷ(thương lượng ) + Liên hệ : Nguyễn Quốc Trị - 0917166979. " DOMCldNum="20" DoC="10" FontSize="13" FontWeight="normal" FormNum="0" FormSize="0" FrameSourceIndex="0" ID="1-3-1-2" InteractionNum="0" InteractionSize="0" IsImg="false" LinkNum="0" LinkTextLen="0" ObjectHeight="242" ObjectRectHeight="242" ObjectRectLeft="0" ObjectRectTop="322" ObjectRectWidth="889" ObjectWidth="668" ObjectX="216" ObjectY="322" OptionNum="0" OptionTextLength="0" ParaNum="0" SRC="&lt;div xmlns=&quot;http://www.w3.org/1999/xhtml&quot; class=&quot;detail text-content&quot;&gt;+ Nhà mặt tiền nằm gần giao lộ giữa Dương Văn An và đường số 14,vị trí nhà nằm cực thịnh nhìn ra tất cả các giao lộ thoáng đẹp ,hơn 100m ra công viên Thanh Niên, Trường THPT Thủ Thiêm, chưa tới 200m ra đường song hành xa lộ Hà Nội.Hơn 2km qua cầu Sài Gòn sang Bình Thạnh.Khu vực quanh nhà phát triển cực mạnh,sầm uất tăng lên mỗi ngày.+ Nhà xây hiện đại , đầy đủ công năng với hầm để xe, trệt 2 lầu, sân thượng gồm 3PN4WC.+ Nhà ở khu vực thông thoáng ,sầm uất , đang tiếp tục phát triển mạnh ,sát trường THPT Thủ Thiêm ,có thông số chuẩn (5m x 23m) được Chủ cần bán gấp chào giá nhỉnh 130 triệu/m2 đất nhà mặt tiền . Nhanh tay sở hữu để có ngôi nhà mặt tiền đẹp này.+ Sổ hồng chính chủ.+ Gía bán : 18.3 tỷ(thương lượng )+ Liên hệ : Nguyễn Quốc Trị - 0917166979.&lt;/div&gt;" SourceIndex="529" TableNum="0" TextLen="761" order="10" xPath="/html[1]/body[1]/div[1]/div[1]/div[2]/div[1]/div[3]/div[1]/div[1]/div[3]"/>
<LayoutNode BgColor="#ffffff" ContainImg="0" ContainP="0" ContainTable="false" Content="2 Giá: 18,3 tỷ Diện tích: 115 m2 Địa chỉ: Đường Dương Văn An, Phường An Phú, Quận 2, Hồ Chí Minh " DOMCldNum="20" DoC="5" FontSize="12" FontWeight="bold" FormNum="0" FormSize="0" FrameSourceIndex="0" ID="1-3-1-3" InteractionNum="0" InteractionSize="0" IsImg="false" LinkNum="0" LinkTextLen="0" ObjectHeight="22" ObjectRectHeight="77" ObjectRectLeft="0" ObjectRectTop="574" ObjectRectWidth="889" ObjectWidth="7" ObjectX="620" ObjectY="589" OptionNum="0" OptionTextLength="0" ParaNum="0" SRC="&lt;sup xmlns=&quot;http://www.w3.org/1999/xhtml&quot;&gt;2&lt;/sup&gt;&lt;div xmlns=&quot;http://www.w3.org/1999/xhtml&quot; class=&quot;moreinfor&quot;&gt;&lt;span class=&quot;price&quot;&gt;&lt;span class=&quot;label&quot;&gt;Giá: &lt;/span&gt; &lt;span class=&quot;value&quot;&gt; 18,3 tỷ &lt;/span&gt;&lt;/span&gt;&lt;span class=&quot;square&quot;&gt;&lt;span class=&quot;label&quot;&gt;Diện tích: &lt;/span&gt; &lt;span class=&quot;value&quot;&gt; 115 m&lt;sup&gt;2&lt;/sup&gt;&lt;/span&gt;&lt;/span&gt;&lt;div class=&quot;clear&quot;/&gt;&lt;/div&gt;&lt;div xmlns=&quot;http://www.w3.org/1999/xhtml&quot; class=&quot;contact&quot;&gt;&lt;div class=&quot;add&quot;&gt;&lt;span class=&quot;label&quot;&gt;Địa chỉ:&lt;/span&gt; &lt;span class=&quot;value&quot;&gt; Đường Dương Văn An, Phường An Phú, Quận 2, Hồ Chí Minh&lt;/span&gt;&lt;/div&gt;&lt;span class=&quot;name&quot;&gt;&lt;span class=&quot;label&quot;&gt;Liên hệ:&lt;/span&gt;&lt;span class=&quot;value&quot;&gt; nguyễn quốc trị&lt;/span&gt;&lt;/span&gt;&lt;span class=&quot;phone&quot;&gt;&lt;span class=&quot;label&quot;&gt;Điện Thoại:&lt;/span&gt; &lt;span class=&quot;value&quot;&gt; 0917.166.979&lt;/span&gt;&lt;/span&gt;&lt;/div&gt;" SourceIndex="544;531;547" TableNum="0" TextLen="140" order="11" xPath="/html[1]/body[1]/div[1]/div[1]/div[2]/div[1]/div[3]/div[1]/div[1]/div[4]/span[2]/span[2]/sup[1]"/>
<LayoutNode BgColor="#ffffff" ContainImg="0" ContainP="0" ContainTable="false" Content="Có thể bạn muốn xem: Bán nhà mặt tiền Quận 2Bán nhà mặt tiền Phường An Phú, Quận 2Bán nhà mặt tiền Đường Dương Văn An, Quận 2 " DOMCldNum="20" DoC="5" FontSize="13" FontWeight="normal" FormNum="0" FormSize="0" FrameSourceIndex="0" ID="1-3-1-4" InteractionNum="0" InteractionSize="0" IsImg="false" LinkNum="8" LinkTextLen="103" ObjectHeight="44" ObjectRectHeight="44" ObjectRectLeft="0" ObjectRectTop="681" ObjectRectWidth="889" ObjectWidth="673" ObjectX="211" ObjectY="681" OptionNum="0" OptionTextLength="0" ParaNum="0" SRC="&lt;div xmlns=&quot;http://www.w3.org/1999/xhtml&quot; class=&quot;tags&quot;&gt;&lt;span&gt;Có thể bạn muốn xem:&lt;/span&gt; &lt;a href=&quot;/nha-dat-bat-dong-san/can-ban/nha-mat-tien/ho-chi-minh/133/quan-2.html&quot;&gt;Bán nhà mặt tiền Quận 2&lt;/a&gt;&lt;a href=&quot;/nha-dat-bat-dong-san/can-ban/nha-mat-tien/phuong-an-phu-quan-2-px772.html&quot;&gt;Bán nhà mặt tiền Phường An Phú, Quận 2&lt;/a&gt;&lt;a href=&quot;/nha-dat-bat-dong-san/can-ban/nha-mat-tien/duong-duong-van-an-quan-2-dp1201.html&quot;&gt;Bán nhà mặt tiền Đường Dương Văn An, Quận 2&lt;/a&gt;&lt;/div&gt;" SourceIndex="566" TableNum="0" TextLen="124" order="12" xPath="/html[1]/body[1]/div[1]/div[1]/div[2]/div[1]/div[3]/div[1]/div[1]/div[6]"/>
<LayoutNode BgColor="#ffffff" ContainImg="0" ContainP="0" ContainTable="true" Content="Các thông tin khácMã tin1202658Hướng_Phòng ăn---Loại tinCần bánLộ giới5mNhà bếp---Loại BDSNhà mặt tiềnPháp lýSổ hồng/ Sổ đỏSân thượng---Chiều ngang5mSố lầu4Chổ để xe hơi---Chiều dài23mSố phòng ngủ4Chính chủ--- " DOMCldNum="20" DoC="8" FontSize="13" FontWeight="normal" FormNum="0" FormSize="0" FrameSourceIndex="0" ID="1-3-1-5" InteractionNum="0" InteractionSize="0" IsImg="false" LinkNum="0" LinkTextLen="0" ObjectHeight="152" ObjectRectHeight="152" ObjectRectLeft="0" ObjectRectTop="735" ObjectRectWidth="889" ObjectWidth="678" ObjectX="211" ObjectY="735" OptionNum="0" OptionTextLength="0" ParaNum="0" SRC="&lt;div xmlns=&quot;http://www.w3.org/1999/xhtml&quot; class=&quot;moreinfor1&quot;&gt;&lt;div&gt;&lt;span class=&quot;title&quot;&gt;Các thông tin khác&lt;/span&gt;&lt;/div&gt;&lt;div class=&quot;infor&quot;&gt;&lt;table XDefaultStyle=&quot;;border-spacing: 0px; &quot; cellspacing=&quot;0&quot; hspace=&quot;0&quot; vspace=&quot;0&quot;&gt;&lt;tr&gt;&lt;td&gt;Mã tin&lt;/td&gt;&lt;td&gt;1202658&lt;/td&gt;&lt;td&gt;Hướng&lt;/td&gt;&lt;td&gt;_&lt;/td&gt;&lt;td&gt;Phòng ăn&lt;/td&gt;&lt;td&gt;---&lt;/td&gt;&lt;/tr&gt;&lt;tr&gt;&lt;td&gt;Loại tin&lt;/td&gt;&lt;td&gt;Cần bán&lt;/td&gt;&lt;td&gt;Lộ giới&lt;/td&gt;&lt;td&gt;5m&lt;/td&gt;&lt;td&gt;Nhà bếp&lt;/td&gt;&lt;td&gt;---&lt;/td&gt;&lt;/tr&gt;&lt;tr&gt;&lt;td&gt;Loại BDS&lt;/td&gt;&lt;td&gt;Nhà mặt tiền&lt;/td&gt;&lt;td&gt;Pháp lý&lt;/td&gt;&lt;td&gt;Sổ hồng/ Sổ đỏ&lt;/td&gt;&lt;td&gt;Sân thượng&lt;/td&gt;&lt;td&gt;---&lt;/td&gt;&lt;/tr&gt;&lt;tr&gt;&lt;td&gt;Chiều ngang&lt;/td&gt;&lt;td&gt;5m&lt;/td&gt;&lt;td&gt;Số lầu&lt;/td&gt;&lt;td&gt;4&lt;/td&gt;&lt;td&gt;Chổ để xe hơi&lt;/td&gt;&lt;td&gt;---&lt;/td&gt;&lt;/tr&gt;&lt;tr&gt;&lt;td&gt;Chiều dài&lt;/td&gt;&lt;td&gt;23m&lt;/td&gt;&lt;td&gt;Số phòng ngủ&lt;/td&gt;&lt;td&gt;4&lt;/td&gt;&lt;td&gt;Chính chủ&lt;/td&gt;&lt;td&gt;---&lt;/td&gt;&lt;/tr&gt;&lt;/table&gt;&lt;/div&gt;&lt;/div&gt;" SourceIndex="576" TableNum="0" TextLen="209" order="13" xPath="/html[1]/body[1]/div[1]/div[1]/div[2]/div[1]/div[3]/div[1]/div[1]/div[7]"/>
<LayoutNode BgColor="#ffffff" ContainImg="2" ContainP="0" ContainTable="false" Content=" " DOMCldNum="1" DoC="8" FontSize="13" FontWeight="normal" FormNum="0" FormSize="0" FrameSourceIndex="0" ID="1-3-1-6" InteractionNum="0" InteractionSize="0" IsImg="true" LinkNum="0" LinkTextLen="0" ObjectHeight="465" ObjectRectHeight="465" ObjectRectLeft="0" ObjectRectTop="893" ObjectRectWidth="889" ObjectWidth="620" ObjectX="240" ObjectY="893" OptionNum="0" OptionTextLength="0" ParaNum="0" SRC="&lt;img xmlns=&quot;http://www.w3.org/1999/xhtml&quot; alt=&quot;&quot; id=&quot;limage&quot; onclick=&quot;showImage(this.src)&quot; src=&quot;/files/properties/2020/3/19/images/20200319_095713_1202658_0.jpg&quot;/&gt;" SourceIndex="2644" TableNum="0" TextLen="0" order="14" xPath="/html[1]/body[1]/div[1]/div[1]/div[2]/div[1]/div[3]/div[1]/div[1]/div[8]/div[1]/img[1]"/>
</LayoutNode>
<LayoutNode BgColor="#ffffff" ContainImg="0" ContainP="0" ContainTable="false" DOMCldNum="8" DoC="5" FontSize="12" FontWeight="normal" FormNum="0" FormSize="0" FrameSourceIndex="0" ID="1-3-2" InteractionNum="0" InteractionSize="0" IsImg="false" LinkNum="50" LinkTextLen="656" ObjectRectHeight="1109" ObjectRectLeft="900" ObjectRectTop="249" ObjectRectWidth="520" OptionNum="0" OptionTextLength="0" ParaNum="0" SourceIndex="921" TableNum="0" TextLen="811" order="15">
<LayoutNode BgColor="#ffffff" ContainImg="0" ContainP="0" ContainTable="false" Content="Tìm nhanhTìm kiếm nâng cao Cần bán Cần bán Cho thuê Cần mua Cần thuê Nhà mặt tiền Loại bất động sản Nhà mặt tiền Biệt thự, liền kề Đất thổ cư sổ đỏ Đất nền dự án phân lô Nhà trong ngõ, hẻm Đất đấu giá, dịch vụ Nhà chung cư, tập thể Nhà nghỉ, phòng trọ Văn phòng Kho, xưởng Nhà hàng, khách sạn Cửa hàng, shop, kiot, quán Trang trại, nhà vườn Mặt bằng có hạ tầng Đất nông, lâm nghiệp Các loại khác --- Tỉnh/Thành -- Tỉnh/Thành Miền Nam Hồ Chí Minh Bà Rịa-Vũng Tàu Bình Dương Đồng Nai Cần Thơ Long An An Giang Bạc Liêu Bến Tre Bình Phước Cà Mau Đắk Lắk Đăk Nông Đồng Tháp Gia Lai Hậu Giang Kiên Giang Kon Tum Lâm Đồng Sóc Trăng Tây Ninh Tiền Giang Trà Vinh Vĩnh Long Miền Trung Bình Định Bình Thuận Đà Nẵng Hà Tĩnh Thừa Thiên-Huế Khánh Hòa Nghệ An Ninh Thuận Phú Yên Quảng Bình Quảng Nam Quảng Ngãi Quảng Trị Miền Bắc Hà Nội Hải Dương Hải Phòng Bắc Kạn Bắc Giang Bắc Ninh Cao Bằng Điện Biên Hà Giang Hà Nam Hòa Bình Hưng Yên Lai Châu Lạng Sơn Lào Cai Nam Định Ninh Bình Phú Thọ Quảng Ninh Sơn La Thái Bình Thái Nguyên Thanh Hóa Tuyên Quang Vĩnh Phúc Yên Bái --- Quận/Huyện --- Quận/Huyện ---------- Giá -------- Mức giá 0 - 1 triệu 1 - 3 triệu 3 - 5 triệu 5 - 10 triệu 10 - 15 triệu 15 - 20 triệu 20 - 30 triệu 30 - 40 triệu 40 - 60 triệu 60 - 80 triệu 80 - 100 triệu 100 - 300 triệu 300 - 500 triệu 500 - 800 triệu 800 - 1 tỷ 1 - 2 tỷ 2 - 3 tỷ 3 - 4 tỷ 4 - 5 tỷ 6 - 8 tỷ 8 - 10 tỷ 10 - 15 tỷ 15 - 20 tỷ 20 - 30 tỷ 30 - 60 tỷ Trên 60 tỷ Chọn tất cả ----- Diện tích --- Diện tích 0 - 30m2 30 - 50m2 50 - 70m2 70 - 100m2 100 - 150m2 150 - 2002 200 - 250m2 250 - 300m2 300 - 350m2 350 - 400m2 400 - 600m2 600 - 800m2 800 - 1000m2 Trên 1000m2 Chọn tất cả ------ Hướng ----- Hướng Đông Đông Bắc Đông Nam Tây Tây Bắc Tây Nam Nam Bắc Chọn tất cả " DOMCldNum="8" DoC="5" FontSize="12" FontWeight="normal" FormNum="0" FormSize="0" FrameSourceIndex="0" ID="1-3-2-1" InteractionNum="0" InteractionSize="0" IsImg="false" LinkNum="2" LinkTextLen="17" ObjectHeight="155" ObjectRectHeight="160" ObjectRectLeft="900" ObjectRectTop="249" ObjectRectWidth="520" ObjectWidth="293" ObjectX="906" ObjectY="254" OptionNum="0" OptionTextLength="0" ParaNum="0" SRC="&lt;div xmlns=&quot;http://www.w3.org/1999/xhtml&quot; class=&quot;search-box&quot;&gt;                    &lt;div class=&quot;button-search&quot;&gt;Tìm nhanh&lt;/div&gt;            &lt;div class=&quot;advanced-search&quot;&gt;&lt;a href=&quot;/tim-kiem-nang-cao.html&quot; rel=&quot;nofollow&quot;&gt;Tìm kiếm nâng cao&lt;/a&gt;&lt;/div&gt;            &lt;div class=&quot;property-type-container&quot;&gt;             &lt;div class=&quot;text&quot;&gt;Cần bán&lt;/div&gt;             &lt;div class=&quot;view&quot;&gt;                 &lt;div&gt;                  &lt;ul&gt;                   &lt;li name=&quot;1&quot;&gt;Cần bán&lt;/li&gt;                   &lt;li name=&quot;2&quot;&gt;Cho thuê&lt;/li&gt;                   &lt;li name=&quot;3&quot;&gt;Cần mua&lt;/li&gt;                   &lt;li name=&quot;4&quot;&gt;Cần thuê&lt;/li&gt;                  &lt;/ul&gt;              &lt;/div&gt;                        &lt;/div&gt;            &lt;/div&gt;               &lt;div class=&quot;property-container multicolumns&quot;&gt;             &lt;div class=&quot;text&quot;&gt;Nhà mặt tiền&lt;/div&gt;             &lt;div class=&quot;view&quot;&gt;                 &lt;span class=&quot;exit&quot;&gt;Loại bất động sản&lt;/span&gt;                 &lt;div&gt;    &lt;ul&gt;        &lt;li name=&quot;1&quot;&gt;Nhà mặt tiền&lt;/li&gt;        &lt;li name=&quot;3&quot;&gt;Biệt thự, liền kề&lt;/li&gt;                        &lt;li name=&quot;11&quot;&gt;Đất thổ cư sổ đỏ&lt;/li&gt;         &lt;li name=&quot;12&quot;&gt;Đất nền dự án phân lô&lt;/li&gt;                     &lt;li name=&quot;2&quot;&gt;Nhà trong ngõ, hẻm&lt;/li&gt;        &lt;li name=&quot;16&quot;&gt;Đất đấu giá, dịch vụ&lt;/li&gt;      &lt;/ul&gt;     &lt;ul&gt;                                  &lt;li name=&quot;4&quot;&gt;Nhà chung cư, tập thể&lt;/li&gt;         &lt;li name=&quot;8&quot;&gt;Nhà nghỉ, phòng trọ&lt;/li&gt;        &lt;li name=&quot;7&quot;&gt;Văn phòng&lt;/li&gt;         &lt;li name=&quot;5&quot;&gt;Kho, xưởng&lt;/li&gt;                             &lt;li name=&quot;6&quot;&gt;Nhà hàng, khách sạn&lt;/li&gt;         &lt;li name=&quot;15&quot;&gt;Cửa hàng, shop, kiot, quán&lt;/li&gt;                                                                                   &lt;/ul&gt;     &lt;ul&gt;        &lt;li name=&quot;9&quot;&gt;Trang trại, nhà vườn&lt;/li&gt;        &lt;li name=&quot;10&quot;&gt;Mặt bằng có hạ tầng&lt;/li&gt;         &lt;li name=&quot;13&quot;&gt;Đất nông, lâm nghiệp&lt;/li&gt;        &lt;li name=&quot;14&quot;&gt;Các loại khác&lt;/li&gt;    &lt;/ul&gt;&lt;/div&gt;                               &lt;/div&gt;            &lt;/div&gt;            &lt;div class=&quot;province-container multicolumns&quot;&gt;                &lt;div class=&quot;text&quot; name=&quot;0&quot;&gt;--- Tỉnh/Thành --&lt;/div&gt;             &lt;div class=&quot;view&quot;&gt;                  &lt;span class=&quot;exit&quot;&gt;Tỉnh/Thành&lt;/span&gt;                  &lt;div&gt;    &lt;ul&gt;     &lt;h3&gt;Miền Nam&lt;/h3&gt;              &lt;li name=&quot;2&quot;&gt;Hồ Chí Minh&lt;/li&gt;     &lt;li name=&quot;7&quot;&gt;Bà Rịa-Vũng Tàu&lt;/li&gt;             &lt;li name=&quot;14&quot;&gt;Bình Dương&lt;/li&gt;        &lt;li name=&quot;23&quot;&gt;Đồng Nai&lt;/li&gt;         &lt;li name=&quot;5&quot;&gt;Cần Thơ&lt;/li&gt;         &lt;li name=&quot;39&quot;&gt;Long An&lt;/li&gt;     &lt;li name=&quot;6&quot;&gt;An Giang&lt;/li&gt;      &lt;li name=&quot;8&quot;&gt;Bạc Liêu&lt;/li&gt;              &lt;li name=&quot;13&quot;&gt;Bến Tre&lt;/li&gt;              &lt;li name=&quot;16&quot;&gt;Bình Phước&lt;/li&gt;             &lt;li name=&quot;18&quot;&gt;Cà Mau&lt;/li&gt;               &lt;li name=&quot;20&quot;&gt;Đắk Lắk&lt;/li&gt;             &lt;li name=&quot;21&quot;&gt;Đăk Nông&lt;/li&gt;               &lt;li name=&quot;24&quot;&gt;Đồng Tháp&lt;/li&gt;             &lt;li name=&quot;25&quot;&gt;Gia Lai&lt;/li&gt;                    &lt;li name=&quot;29&quot;&gt;Hậu Giang&lt;/li&gt;             &lt;li name=&quot;33&quot;&gt;Kiên Giang&lt;/li&gt;             &lt;li name=&quot;34&quot;&gt;Kon Tum&lt;/li&gt;                     &lt;li name=&quot;36&quot;&gt;Lâm Đồng&lt;/li&gt;             &lt;li name=&quot;51&quot;&gt;Sóc Trăng&lt;/li&gt;             &lt;li name=&quot;53&quot;&gt;Tây Ninh&lt;/li&gt;             &lt;li name=&quot;58&quot;&gt;Tiền Giang&lt;/li&gt;             &lt;li name=&quot;59&quot;&gt;Trà Vinh&lt;/li&gt;             &lt;li name=&quot;61&quot;&gt;Vĩnh Long&lt;/li&gt;     &lt;/ul&gt;    &lt;ul&gt;     &lt;h3&gt;Miền Trung&lt;/h3&gt;              &lt;li name=&quot;15&quot;&gt;Bình Định&lt;/li&gt;                     &lt;li name=&quot;17&quot;&gt;Bình Thuận&lt;/li&gt;                             &lt;li name=&quot;3&quot;&gt;Đà Nẵng&lt;/li&gt;             &lt;li name=&quot;28&quot;&gt;Hà Tĩnh&lt;/li&gt;                     &lt;li name=&quot;57&quot;&gt;Thừa Thiên-Huế&lt;/li&gt;             &lt;li name=&quot;32&quot;&gt;Khánh Hòa&lt;/li&gt;           &lt;li name=&quot;41&quot;&gt;Nghệ An&lt;/li&gt;                  &lt;li name=&quot;43&quot;&gt;Ninh Thuận&lt;/li&gt;                    &lt;li name=&quot;45&quot;&gt;Phú Yên&lt;/li&gt;             &lt;li name=&quot;46&quot;&gt;Quảng Bình&lt;/li&gt;             &lt;li name=&quot;47&quot;&gt;Quảng Nam&lt;/li&gt;             &lt;li name=&quot;48&quot;&gt;Quảng Ngãi&lt;/li&gt;             &lt;li name=&quot;50&quot;&gt;Quảng Trị&lt;/li&gt;     &lt;/ul&gt;    &lt;ul&gt;     &lt;h3&gt;Miền Bắc&lt;/h3&gt;              &lt;li name=&quot;1&quot;&gt;Hà Nội&lt;/li&gt;             &lt;li name=&quot;11&quot;&gt;Hải Dương&lt;/li&gt;             &lt;li name=&quot;4&quot;&gt;Hải Phòng&lt;/li&gt;                     &lt;li name=&quot;9&quot;&gt;Bắc Kạn&lt;/li&gt;             &lt;li name=&quot;10&quot;&gt;Bắc Giang&lt;/li&gt;             &lt;li name=&quot;12&quot;&gt;Bắc Ninh&lt;/li&gt;             &lt;li name=&quot;19&quot;&gt;Cao Bằng&lt;/li&gt;                   &lt;li name=&quot;22&quot;&gt;Điện Biên&lt;/li&gt;             &lt;li name=&quot;26&quot;&gt;Hà Giang&lt;/li&gt;             &lt;li name=&quot;27&quot;&gt;Hà Nam&lt;/li&gt;             &lt;li name=&quot;30&quot;&gt;Hòa Bình&lt;/li&gt;             &lt;li name=&quot;31&quot;&gt;Hưng Yên&lt;/li&gt;      &lt;li name=&quot;35&quot;&gt;Lai Châu&lt;/li&gt;             &lt;li name=&quot;37&quot;&gt;Lạng Sơn&lt;/li&gt;             &lt;li name=&quot;38&quot;&gt;Lào Cai&lt;/li&gt;             &lt;li name=&quot;40&quot;&gt;Nam Định&lt;/li&gt;             &lt;li name=&quot;42&quot;&gt;Ninh Bình&lt;/li&gt;             &lt;li name=&quot;44&quot;&gt;Phú Thọ&lt;/li&gt;             &lt;li name=&quot;49&quot;&gt;Quảng Ninh&lt;/li&gt;                    &lt;li name=&quot;52&quot;&gt;Sơn La&lt;/li&gt;                    &lt;li name=&quot;54&quot;&gt;Thái Bình&lt;/li&gt;             &lt;li name=&quot;55&quot;&gt;Thái Nguyên&lt;/li&gt;             &lt;li name=&quot;56&quot;&gt;Thanh Hóa&lt;/li&gt;                     &lt;li name=&quot;60&quot;&gt;Tuyên Quang&lt;/li&gt;                     &lt;li name=&quot;62&quot;&gt;Vĩnh Phúc&lt;/li&gt;             &lt;li name=&quot;63&quot;&gt;Yên Bái&lt;/li&gt;     &lt;/ul&gt; &lt;/div&gt;                         &lt;/div&gt;                 &lt;/div&gt;             &lt;div class=&quot;district-container multicolumns&quot;&gt;                &lt;div class=&quot;text&quot; name=&quot;0&quot;&gt;--- Quận/Huyện ---&lt;/div&gt;             &lt;div class=&quot;view&quot;&gt;                  &lt;span class=&quot;exit&quot;&gt;Quận/Huyện&lt;/span&gt;                  &lt;div class=&quot;district&quot;&gt;                             &lt;/div&gt;                      &lt;div class=&quot;ajax-loading&quot;/&gt;                              &lt;/div&gt;                 &lt;/div&gt;             &lt;div class=&quot;price-container multicolumns&quot;&gt;                &lt;div class=&quot;text&quot; name=&quot;0&quot;&gt;---------- Giá --------&lt;/div&gt;             &lt;div class=&quot;view&quot;&gt;                  &lt;span class=&quot;exit&quot;&gt;Mức giá&lt;/span&gt;                 &lt;div&gt;                     &lt;ul&gt;                          &lt;li name=&quot;1&quot;&gt;0 - 1 triệu&lt;/li&gt;                           &lt;li name=&quot;2&quot;&gt;1 - 3 triệu&lt;/li&gt;                      &lt;li name=&quot;3&quot;&gt;3 - 5 triệu&lt;/li&gt;                       &lt;li name=&quot;4&quot;&gt;5 - 10 triệu&lt;/li&gt;                       &lt;li name=&quot;5&quot;&gt;10 - 15 triệu&lt;/li&gt;                   &lt;li name=&quot;6&quot;&gt;15 - 20 triệu&lt;/li&gt;                    &lt;li name=&quot;7&quot;&gt;20 - 30 triệu&lt;/li&gt;                    &lt;li name=&quot;8&quot;&gt;30 - 40 triệu&lt;/li&gt;                    &lt;li name=&quot;9&quot;&gt;40 - 60 triệu&lt;/li&gt;                                  &lt;/ul&gt;                           &lt;ul&gt;                   &lt;li name=&quot;10&quot;&gt;60 - 80 triệu&lt;/li&gt;                    &lt;li name=&quot;11&quot;&gt;80 - 100 triệu&lt;/li&gt;                                &lt;li name=&quot;12&quot;&gt;100 - 300 triệu&lt;/li&gt;                   &lt;li name=&quot;13&quot;&gt;300 - 500 triệu&lt;/li&gt;                           &lt;li name=&quot;14&quot;&gt;500 - 800 triệu&lt;/li&gt;                      &lt;li name=&quot;15&quot;&gt;800 - 1 tỷ&lt;/li&gt;                       &lt;li name=&quot;16&quot;&gt;1 - 2 tỷ&lt;/li&gt;                       &lt;li name=&quot;17&quot;&gt;2 - 3 tỷ&lt;/li&gt;                    &lt;li name=&quot;18&quot;&gt;3 - 4 tỷ&lt;/li&gt;                            &lt;/ul&gt;                   &lt;ul&gt;                          &lt;li name=&quot;19&quot;&gt;4 - 5 tỷ&lt;/li&gt;                    &lt;li name=&quot;20&quot;&gt;6 - 8 tỷ&lt;/li&gt;                    &lt;li name=&quot;21&quot;&gt;8 - 10 tỷ&lt;/li&gt;                    &lt;li name=&quot;22&quot;&gt;10 - 15 tỷ&lt;/li&gt;                   &lt;li name=&quot;23&quot;&gt;15 - 20 tỷ&lt;/li&gt;                    &lt;li name=&quot;24&quot;&gt;20 - 30 tỷ&lt;/li&gt;                    &lt;li name=&quot;25&quot;&gt;30 - 60 tỷ&lt;/li&gt;                   &lt;li name=&quot;26&quot;&gt;Trên 60 tỷ&lt;/li&gt;                   &lt;li name=&quot;0&quot;&gt;&lt;b&gt;Chọn tất cả&lt;/b&gt;&lt;/li&gt;                          &lt;/ul&gt;                &lt;/div&gt;              &lt;/div&gt;                 &lt;/div&gt;             &lt;div class=&quot;square-container multicolumns&quot;&gt;                &lt;div class=&quot;text&quot; name=&quot;0&quot;&gt;----- Diện tích ---&lt;/div&gt;             &lt;div class=&quot;view&quot;&gt;                  &lt;span class=&quot;exit&quot;&gt;Diện tích&lt;/span&gt;                       &lt;div&gt;                  &lt;ul&gt;                          &lt;li name=&quot;1&quot;&gt;0 - 30m&lt;sup&gt;2&lt;/sup&gt;&lt;/li&gt;                   &lt;li name=&quot;2&quot;&gt;30 - 50m&lt;sup&gt;2&lt;/sup&gt;&lt;/li&gt;                          &lt;li name=&quot;3&quot;&gt;50 - 70m&lt;sup&gt;2&lt;/sup&gt;&lt;/li&gt;                   &lt;li name=&quot;4&quot;&gt;70 - 100m&lt;sup&gt;2&lt;/sup&gt;&lt;/li&gt;                   &lt;li name=&quot;5&quot;&gt;100 - 150m&lt;sup&gt;2&lt;/sup&gt;&lt;/li&gt;                  &lt;/ul&gt;                   &lt;ul&gt;                                          &lt;li name=&quot;6&quot;&gt;150 - 200&lt;sup&gt;2&lt;/sup&gt;&lt;/li&gt;                    &lt;li name=&quot;7&quot;&gt;200 - 250m&lt;sup&gt;2&lt;/sup&gt;&lt;/li&gt;                   &lt;li name=&quot;8&quot;&gt;250 - 300m&lt;sup&gt;2&lt;/sup&gt;&lt;/li&gt;                   &lt;li name=&quot;9&quot;&gt;300 - 350m&lt;sup&gt;2&lt;/sup&gt;&lt;/li&gt;                    &lt;li name=&quot;10&quot;&gt;350 - 400m&lt;sup&gt;2&lt;/sup&gt;&lt;/li&gt;                        &lt;/ul&gt;                   &lt;ul&gt;                            &lt;li name=&quot;11&quot;&gt;400 - 600m&lt;sup&gt;2&lt;/sup&gt;&lt;/li&gt;                   &lt;li name=&quot;12&quot;&gt;600 - 800m&lt;sup&gt;2&lt;/sup&gt;&lt;/li&gt;                   &lt;li name=&quot;13&quot;&gt;800 - 1000m&lt;sup&gt;2&lt;/sup&gt;&lt;/li&gt;                    &lt;li name=&quot;14&quot;&gt;Trên 1000m&lt;sup&gt;2&lt;/sup&gt;&lt;/li&gt;                   &lt;li name=&quot;0&quot;&gt;&lt;b&gt;Chọn tất cả&lt;/b&gt;&lt;/li&gt;                        &lt;/ul&gt;               &lt;/div&gt;                             &lt;/div&gt;                 &lt;/div&gt;             &lt;div class=&quot;direct-container multicolumns&quot;&gt;                &lt;div class=&quot;text&quot; name=&quot;0&quot;&gt;------ Hướng -----&lt;/div&gt;             &lt;div class=&quot;view&quot;&gt;                  &lt;span class=&quot;exit&quot;&gt;Hướng&lt;/span&gt;                   &lt;div&gt;                  &lt;ul&gt;                                 &lt;li name=&quot;1&quot;&gt;Đông&lt;/li&gt;                   &lt;li name=&quot;6&quot;&gt;Đông Bắc&lt;/li&gt;                           &lt;li name=&quot;5&quot;&gt;Đông Nam&lt;/li&gt;                            &lt;/ul&gt;                  &lt;ul&gt;                      &lt;li name=&quot;2&quot;&gt;Tây&lt;/li&gt;                      &lt;li name=&quot;8&quot;&gt;Tây Bắc&lt;/li&gt;                       &lt;li name=&quot;7&quot;&gt;Tây Nam&lt;/li&gt;                         &lt;/ul&gt;                  &lt;ul&gt;                               &lt;li name=&quot;3&quot;&gt;Nam&lt;/li&gt;                   &lt;li name=&quot;4&quot;&gt;Bắc&lt;/li&gt;                                        &lt;li name=&quot;0&quot;&gt;&lt;b&gt;Chọn tất cả&lt;/b&gt;&lt;/li&gt;                                              &lt;/ul&gt;               &lt;/div&gt;             &lt;/div&gt;                 &lt;/div&gt;                    &lt;/div&gt;" SourceIndex="923" TableNum="0" TextLen="140" order="16" xPath="/html[1]/body[1]/div[1]/div[1]/div[2]/div[1]/div[3]/div[2]/div[1]"/>
<LayoutNode BgColor="#ffffff" ContainImg="0" ContainP="0" ContainTable="false" Content="Bán nhà mặt tiền tại Hồ Chí Minh Bán nhà mặt tiền Quận 1Bán nhà mặt tiền Quận 2Bán nhà mặt tiền Quận 3Bán nhà mặt tiền Quận 4Bán nhà mặt tiền Quận 5Bán nhà mặt tiền Quận 6Bán nhà mặt tiền Quận 7Bán nhà mặt tiền Quận 8Bán nhà mặt tiền Quận 9Bán nhà mặt tiền Quận 10Bán nhà mặt tiền Quận 11Bán nhà mặt tiền Quận 12Bán nhà mặt tiền Quận Bình TânBán nhà mặt tiền Quận Bình ThạnhBán nhà mặt tiền Quận Gò VấpBán nhà mặt tiền Quận Phú NhuậnBán nhà mặt tiền Quận Tân BìnhBán nhà mặt tiền Quận Tân PhúBán nhà mặt tiền Quận Thủ ĐứcBán nhà mặt tiền Huyện Bình ChánhBán nhà mặt tiền Huyện Cần GiờBán nhà mặt tiền Huyện Củ ChiBán nhà mặt tiền Huyện Hóc MônBán nhà mặt tiền Huyện Nhà Bè " DOMCldNum="5" DoC="5" FontSize="12" FontWeight="normal" FormNum="0" FormSize="0" FrameSourceIndex="0" ID="1-3-2-2" InteractionNum="0" InteractionSize="0" IsImg="false" LinkNum="48" LinkTextLen="639" ObjectHeight="36" ObjectRectHeight="943" ObjectRectLeft="900" ObjectRectTop="415" ObjectRectWidth="520" ObjectWidth="305" ObjectX="900" ObjectY="415" OptionNum="0" OptionTextLength="0" ParaNum="0" SRC="&lt;div xmlns=&quot;http://www.w3.org/1999/xhtml&quot; class=&quot;title&quot;&gt;              &lt;h2 id=&quot;ctl00_content_groupByPropertyDistrictTitle&quot;&gt;Bán nhà mặt tiền tại Hồ Chí Minh&lt;/h2&gt;            &lt;/div&gt;&lt;ul xmlns=&quot;http://www.w3.org/1999/xhtml&quot;&gt;&lt;li&gt;&lt;a href=&quot;/nha-dat-bat-dong-san/can-ban/nha-mat-tien/ho-chi-minh/132/quan-1.html&quot;&gt;Bán nhà mặt tiền &lt;b&gt;Quận 1&lt;/b&gt;&lt;/a&gt;&lt;/li&gt;&lt;li&gt;&lt;a href=&quot;/nha-dat-bat-dong-san/can-ban/nha-mat-tien/ho-chi-minh/133/quan-2.html&quot;&gt;Bán nhà mặt tiền &lt;b&gt;Quận 2&lt;/b&gt;&lt;/a&gt;&lt;/li&gt;&lt;li&gt;&lt;a href=&quot;/nha-dat-bat-dong-san/can-ban/nha-mat-tien/ho-chi-minh/134/quan-3.html&quot;&gt;Bán nhà mặt tiền &lt;b&gt;Quận 3&lt;/b&gt;&lt;/a&gt;&lt;/li&gt;&lt;li&gt;&lt;a href=&quot;/nha-dat-bat-dong-san/can-ban/nha-mat-tien/ho-chi-minh/135/quan-4.html&quot;&gt;Bán nhà mặt tiền &lt;b&gt;Quận 4&lt;/b&gt;&lt;/a&gt;&lt;/li&gt;&lt;li&gt;&lt;a href=&quot;/nha-dat-bat-dong-san/can-ban/nha-mat-tien/ho-chi-minh/136/quan-5.html&quot;&gt;Bán nhà mặt tiền &lt;b&gt;Quận 5&lt;/b&gt;&lt;/a&gt;&lt;/li&gt;&lt;li&gt;&lt;a href=&quot;/nha-dat-bat-dong-san/can-ban/nha-mat-tien/ho-chi-minh/137/quan-6.html&quot;&gt;Bán nhà mặt tiền &lt;b&gt;Quận 6&lt;/b&gt;&lt;/a&gt;&lt;/li&gt;&lt;li&gt;&lt;a href=&quot;/nha-dat-bat-dong-san/can-ban/nha-mat-tien/ho-chi-minh/138/quan-7.html&quot;&gt;Bán nhà mặt tiền &lt;b&gt;Quận 7&lt;/b&gt;&lt;/a&gt;&lt;/li&gt;&lt;li&gt;&lt;a href=&quot;/nha-dat-bat-dong-san/can-ban/nha-mat-tien/ho-chi-minh/139/quan-8.html&quot;&gt;Bán nhà mặt tiền &lt;b&gt;Quận 8&lt;/b&gt;&lt;/a&gt;&lt;/li&gt;&lt;li&gt;&lt;a href=&quot;/nha-dat-bat-dong-san/can-ban/nha-mat-tien/ho-chi-minh/140/quan-9.html&quot;&gt;Bán nhà mặt tiền &lt;b&gt;Quận 9&lt;/b&gt;&lt;/a&gt;&lt;/li&gt;&lt;li&gt;&lt;a href=&quot;/nha-dat-bat-dong-san/can-ban/nha-mat-tien/ho-chi-minh/141/quan-10.html&quot;&gt;Bán nhà mặt tiền &lt;b&gt;Quận 10&lt;/b&gt;&lt;/a&gt;&lt;/li&gt;&lt;li&gt;&lt;a href=&quot;/nha-dat-bat-dong-san/can-ban/nha-mat-tien/ho-chi-minh/142/quan-11.html&quot;&gt;Bán nhà mặt tiền &lt;b&gt;Quận 11&lt;/b&gt;&lt;/a&gt;&lt;/li&gt;&lt;li&gt;&lt;a href=&quot;/nha-dat-bat-dong-san/can-ban/nha-mat-tien/ho-chi-minh/143/quan-12.html&quot;&gt;Bán nhà mặt tiền &lt;b&gt;Quận 12&lt;/b&gt;&lt;/a&gt;&lt;/li&gt;&lt;li&gt;&lt;a href=&quot;/nha-dat-bat-dong-san/can-ban/nha-mat-tien/ho-chi-minh/144/quan-binh-tan.html&quot;&gt;Bán nhà mặt tiền &lt;b&gt;Quận Bình Tân&lt;/b&gt;&lt;/a&gt;&lt;/li&gt;&lt;li&gt;&lt;a href=&quot;/nha-dat-bat-dong-san/can-ban/nha-mat-tien/ho-chi-minh/145/quan-binh-thanh.html&quot;&gt;Bán nhà mặt tiền &lt;b&gt;Quận Bình Thạnh&lt;/b&gt;&lt;/a&gt;&lt;/li&gt;&lt;li&gt;&lt;a href=&quot;/nha-dat-bat-dong-san/can-ban/nha-mat-tien/ho-chi-minh/146/quan-go-vap.html&quot;&gt;Bán nhà mặt tiền &lt;b&gt;Quận Gò Vấp&lt;/b&gt;&lt;/a&gt;&lt;/li&gt;&lt;li&gt;&lt;a href=&quot;/nha-dat-bat-dong-san/can-ban/nha-mat-tien/ho-chi-minh/147/quan-phu-nhuan.html&quot;&gt;Bán nhà mặt tiền &lt;b&gt;Quận Phú Nhuận&lt;/b&gt;&lt;/a&gt;&lt;/li&gt;&lt;li&gt;&lt;a href=&quot;/nha-dat-bat-dong-san/can-ban/nha-mat-tien/ho-chi-minh/148/quan-tan-binh.html&quot;&gt;Bán nhà mặt tiền &lt;b&gt;Quận Tân Bình&lt;/b&gt;&lt;/a&gt;&lt;/li&gt;&lt;li&gt;&lt;a href=&quot;/nha-dat-bat-dong-san/can-ban/nha-mat-tien/ho-chi-minh/149/quan-tan-phu.html&quot;&gt;Bán nhà mặt tiền &lt;b&gt;Quận Tân Phú&lt;/b&gt;&lt;/a&gt;&lt;/li&gt;&lt;li&gt;&lt;a href=&quot;/nha-dat-bat-dong-san/can-ban/nha-mat-tien/ho-chi-minh/150/quan-thu-duc.html&quot;&gt;Bán nhà mặt tiền &lt;b&gt;Quận Thủ Đức&lt;/b&gt;&lt;/a&gt;&lt;/li&gt;&lt;li&gt;&lt;a href=&quot;/nha-dat-bat-dong-san/can-ban/nha-mat-tien/ho-chi-minh/151/huyen-binh-chanh.html&quot;&gt;Bán nhà mặt tiền &lt;b&gt;Huyện Bình Chánh&lt;/b&gt;&lt;/a&gt;&lt;/li&gt;&lt;li&gt;&lt;a href=&quot;/nha-dat-bat-dong-san/can-ban/nha-mat-tien/ho-chi-minh/152/huyen-can-gio.html&quot;&gt;Bán nhà mặt tiền &lt;b&gt;Huyện Cần Giờ&lt;/b&gt;&lt;/a&gt;&lt;/li&gt;&lt;li&gt;&lt;a href=&quot;/nha-dat-bat-dong-san/can-ban/nha-mat-tien/ho-chi-minh/153/huyen-cu-chi.html&quot;&gt;Bán nhà mặt tiền &lt;b&gt;Huyện Củ Chi&lt;/b&gt;&lt;/a&gt;&lt;/li&gt;&lt;li&gt;&lt;a href=&quot;/nha-dat-bat-dong-san/can-ban/nha-mat-tien/ho-chi-minh/154/huyen-hoc-mon.html&quot;&gt;Bán nhà mặt tiền &lt;b&gt;Huyện Hóc Môn&lt;/b&gt;&lt;/a&gt;&lt;/li&gt;&lt;li&gt;&lt;a href=&quot;/nha-dat-bat-dong-san/can-ban/nha-mat-tien/ho-chi-minh/155/huyen-nha-be.html&quot;&gt;Bán nhà mặt tiền &lt;b&gt;Huyện Nhà Bè&lt;/b&gt;&lt;/a&gt;&lt;/li&gt;&lt;div class=&quot;clear&quot;/&gt;&lt;/ul&gt;" SourceIndex="1535;1542" TableNum="0" TextLen="671" order="17" xPath="/html[1]/body[1]/div[1]/div[1]/div[2]/div[1]/div[3]/div[2]/div[3]/div[1]/div[1]"/>
</LayoutNode>
</LayoutNode>
<LayoutNode BgColor="#ffffff" ContainImg="4" ContainP="0" ContainTable="false" Content=" " DOMCldNum="4" DoC="8" FontSize="13" FontWeight="normal" FormNum="0" FormSize="0" FrameSourceIndex="0" ID="1-4" InteractionNum="0" InteractionSize="0" IsImg="false" LinkNum="0" LinkTextLen="0" ObjectHeight="70" ObjectRectHeight="70" ObjectRectLeft="0" ObjectRectTop="1373" ObjectRectWidth="1420" ObjectWidth="678" ObjectX="211" ObjectY="1373" OptionNum="0" OptionTextLength="0" ParaNum="0" SRC="&lt;div xmlns=&quot;http://www.w3.org/1999/xhtml&quot; class=&quot;image-list&quot;&gt;&lt;ul&gt;&lt;li&gt;&lt;img alt=&quot;&quot; class=&quot;limage&quot; onclick=&quot;showImage(this.src)&quot; src=&quot;/files/properties/2020/3/19/images/20200319_095713_1202658_0.jpg&quot;/&gt;&lt;/li&gt;&lt;li&gt;&lt;img alt=&quot;&quot; class=&quot;limage&quot; onclick=&quot;showImage(this.src)&quot; src=&quot;/files/properties/2020/3/19/images/20200319_095713_1202658_1.jpg&quot;/&gt;&lt;/li&gt;&lt;li&gt;&lt;img alt=&quot;&quot; class=&quot;limage&quot; onclick=&quot;showImage(this.src)&quot; src=&quot;/files/properties/2020/3/19/images/20200319_095713_1202658_2.jpg&quot;/&gt;&lt;/li&gt;&lt;li&gt;&lt;img alt=&quot;&quot; class=&quot;limage&quot; onclick=&quot;showImage(this.src)&quot; src=&quot;/files/properties/2020/3/19/images/20200319_095713_1202658_3.jpg&quot;/&gt;&lt;/li&gt;&lt;/ul&gt;&lt;div class=&quot;clear&quot;/&gt;&lt;/div&gt;" SourceIndex="652" TableNum="0" TextLen="0" order="18" xPath="/html[1]/body[1]/div[1]/div[1]/div[2]/div[1]/div[3]/div[1]/div[1]/div[8]/div[2]"/>
<LayoutNode BgColor="#ffffff" ContainImg="0" ContainP="1" ContainTable="false" Content="Lưu ý:Các bạn đang xem tin đăng trong mục &quot;Mua bán nhà mặt đường, mặt phố Quận 2, Hồ Chí Minh&quot;. Các thông tin rao vặt là do người đăng tin đăng tải toàn bộ thông tin. Chúng tôi hoàn toàn không chịu trách nhiệm về bất cứ thông tin nào liên qua đến các thông tin này. Chúng tôi luôn cố gắng để đưa các tin tức nhanh và chính xác nhất cho các bạn. " DOMCldNum="20" DoC="8" FontSize="13" FontWeight="normal" FormNum="0" FormSize="0" FrameSourceIndex="0" ID="1-5" InteractionNum="0" InteractionSize="0" IsImg="false" LinkNum="0" LinkTextLen="0" ObjectHeight="109" ObjectRectHeight="109" ObjectRectLeft="0" ObjectRectTop="1459" ObjectRectWidth="1420" ObjectWidth="668" ObjectX="216" ObjectY="1459" OptionNum="0" OptionTextLength="0" ParaNum="0" SRC="&lt;div xmlns=&quot;http://www.w3.org/1999/xhtml&quot; class=&quot;notices&quot;&gt;               &lt;h3&gt;Lưu ý:&lt;/h3&gt;               &lt;p&gt;Các bạn đang xem tin đăng trong mục &quot;&lt;b&gt;Mua bán nhà mặt đường, mặt phố  Quận 2, Hồ Chí Minh&lt;/b&gt;&quot;. Các thông tin rao vặt là do người đăng tin đăng tải toàn bộ thông tin. Chúng tôi hoàn toàn không chịu trách nhiệm về bất cứ thông tin nào liên qua đến các thông tin này. Chúng tôi luôn cố gắng để đưa các tin tức nhanh và chính xác nhất cho các bạn.&lt;/p&gt;           &lt;/div&gt;" SourceIndex="669" TableNum="0" TextLen="341" order="19" xPath="/html[1]/body[1]/div[1]/div[1]/div[2]/div[1]/div[3]/div[1]/div[1]/div[10]"/>
<LayoutNode BgColor="#ffffff" ContainImg="0" ContainP="0" ContainTable="false" Content="Cần bán Nhà mặt tiền tại Quận 2 " DOMCldNum="6" DoC="5" FontSize="12" FontWeight="normal" FormNum="0" FormSize="0" FrameSourceIndex="0" ID="1-6" InteractionNum="0" InteractionSize="0" IsImg="false" LinkNum="0" LinkTextLen="0" ObjectHeight="40" ObjectRectHeight="40" ObjectRectLeft="0" ObjectRectTop="1594" ObjectRectWidth="1420" ObjectWidth="680" ObjectX="210" ObjectY="1594" OptionNum="0" OptionTextLength="0" ParaNum="0" SRC="&lt;div xmlns=&quot;http://www.w3.org/1999/xhtml&quot;&gt;&lt;div class=&quot;content-header&quot; id=&quot;ctl00_content_relative_property_title&quot;&gt;&lt;h2&gt;Cần bán Nhà mặt tiền tại Quận 2&lt;/h2&gt;&lt;/div&gt;&lt;/div&gt;" SourceIndex="687" TableNum="0" TextLen="31" order="20" xPath="/html[1]/body[1]/div[1]/div[1]/div[2]/div[1]/div[3]/div[1]/div[3]/div[1]"/>
<LayoutNode BgColor="#ffffff" ContainImg="5" ContainP="0" ContainTable="false" DOMCldNum="6" DoC="5" FontSize="12" FontWeight="normal" FormNum="0" FormSize="0" FrameSourceIndex="0" ID="1-7" InteractionNum="0" InteractionSize="0" IsImg="false" LinkNum="34" LinkTextLen="444" ObjectRectHeight="752" ObjectRectLeft="0" ObjectRectTop="1646" ObjectRectWidth="1420" OptionNum="0" OptionTextLength="0" ParaNum="0" SourceIndex="692" TableNum="0" TextLen="1901" order="21">
<LayoutNode BgColor="#ffffff" ContainImg="1" ContainP="0" ContainTable="false" Content="Nhà phố LakeView City gần hồ Trung tâm, kế bên công viên, ở hay kinh doanh đều được23/06/2020Lakeview City là khu dân cư cao cấp ngay tại Quận 2, được thiết kế theo phong cách hiện đại mang lại không gian sống tiện nghi và đẳng cấp cho cư dân. Tiện ích vượt trội: hồ điều tiết hơn 3.6 ha, hồ bơi tràn bờ rộng 1,20... &lt;&lt; xem chi tiết &gt;&gt; KT: 5x20m Diện tích: 270 m2 Hướng: _ Giá: 11,5 tỷ Quận 2, Hồ Chí Minh23/06/2020 " DOMCldNum="6" DoC="8" FontSize="12" FontWeight="normal" FormNum="0" FormSize="0" FrameSourceIndex="0" ID="1-7-1" InteractionNum="0" InteractionSize="0" IsImg="false" LinkNum="8" LinkTextLen="100" ObjectHeight="124" ObjectRectHeight="130" ObjectRectLeft="0" ObjectRectTop="1646" ObjectRectWidth="1420" ObjectWidth="663" ObjectX="221" ObjectY="1652" OptionNum="0" OptionTextLength="0" ParaNum="0" SRC="&lt;div xmlns=&quot;http://www.w3.org/1999/xhtml&quot; class=&quot;item&quot;&gt;&lt;div class=&quot;vip-title&quot;&gt;&lt;a class=&quot;main-font-color1&quot; href=&quot;/nha-pho-lakeview-city-gan-ho-trung-tam-ke-ben-cong-vien-o-hay-kinh-doanh-deu-duoc-1308261.html&quot;&gt;Nhà phố LakeView City gần hồ Trung tâm, kế bên công viên, ở hay kinh doanh đều được&lt;/a&gt;&lt;/div&gt;&lt;div class=&quot;dvthumb&quot;&gt;                                                                                            &lt;a href=&quot;/nha-pho-lakeview-city-gan-ho-trung-tam-ke-ben-cong-vien-o-hay-kinh-doanh-deu-duoc-1308261.html&quot;&gt;&lt;img alt=&quot;Nhà phố LakeView City gần hồ Trung tâm, kế bên công viên, ở hay kinh doanh đều được&quot; class=&quot;prothumb main-border-color1&quot; src=&quot;/files/properties/2020/6/23/thumbnails/20200623_044421_1308261_0.jpg&quot; title=&quot;Nhà phố LakeView City gần hồ Trung tâm, kế bên công viên, ở hay kinh doanh đều được&quot;/&gt;&lt;/a&gt;                                        &lt;/div&gt;&lt;div class=&quot;vip-text&quot;&gt;&lt;div class=&quot;ct_brief&quot;&gt;Lakeview City là khu dân cư cao cấp ngay tại Quận 2, được thiết kế theo phong cách hiện đại mang lại không gian sống tiện nghi và đẳng cấp cho cư dân. Tiện ích vượt trội: hồ điều tiết hơn 3.6 ha, hồ bơi tràn bờ rộng 1,20... &lt;a href=&quot;/nha-pho-lakeview-city-gan-ho-trung-tam-ke-ben-cong-vien-o-hay-kinh-doanh-deu-duoc-1308261.html&quot;&gt;&lt;&lt; xem chi tiết &gt;&gt;&lt;/a&gt; &lt;/div&gt;&lt;div&gt;                                            &lt;div class=&quot;ct_kt&quot;&gt;&lt;label&gt;KT:&lt;/label&gt; 5x20m&lt;/div&gt;                                            &lt;div class=&quot;vip-kt&quot;&gt;&lt;label class=&quot;col1&quot;&gt;Diện tích:&lt;/label&gt; 270 m&lt;sup&gt;2&lt;/sup&gt;&lt;/div&gt;                                            &lt;div class=&quot;ct_direct&quot;&gt;&lt;label&gt;Hướng:&lt;/label&gt; _&lt;/div&gt;&lt;div class=&quot;clear&quot;/&gt;                                       &lt;/div&gt;&lt;div class=&quot;vip-price&quot;&gt;&lt;label class=&quot;col1&quot;&gt;Giá:&lt;/label&gt; 11,5 tỷ &lt;/div&gt;&lt;div class=&quot;vip-dis&quot;&gt;Quận 2, Hồ Chí Minh&lt;/div&gt;&lt;div class=&quot;createdate&quot;&gt;23/06/2020&lt;/div&gt;&lt;/div&gt;&lt;div class=&quot;clear&quot;/&gt;&lt;/div&gt;" SourceIndex="693" TableNum="0" TextLen="397" order="22" xPath="/html[1]/body[1]/div[1]/div[1]/div[2]/div[1]/div[3]/div[1]/div[3]/div[2]/div[1]"/>
<LayoutNode BgColor="#ffffff" ContainImg="1" ContainP="0" ContainTable="false" Content="Bán Nhà Mặt Tiền Khu Bình An, Q.2, 326m2, 53 tỷ ( TL Chính Chủ). 082754544522/06/2020Bán Nhà Mặt Tiền Khu Bình An, Q.2, 326m2, 53 tỷ ( TL Chính Chủ). + Nhà mặt tiền khu víp Q.2, Gần trung tâm Quận 1... + Thích hợp làm Xây mới Toà nhà Văn phòng Cty, Viện Thẩm mỹ Viện lớn, Nhà hàng, Khách Sạn, Biệt Thự, ... &lt;&lt; xem chi tiết &gt;&gt; KT: --- Diện tích: 326 m2 Hướng: _ Giá: 53 tỷ Quận 2, Hồ Chí Minh22/06/2020 " DOMCldNum="6" DoC="8" FontSize="12" FontWeight="normal" FormNum="0" FormSize="0" FrameSourceIndex="0" ID="1-7-2" InteractionNum="0" InteractionSize="0" IsImg="false" LinkNum="6" LinkTextLen="93" ObjectHeight="124" ObjectRectHeight="124" ObjectRectLeft="0" ObjectRectTop="1798" ObjectRectWidth="1420" ObjectWidth="663" ObjectX="221" ObjectY="1798" OptionNum="0" OptionTextLength="0" ParaNum="0" SRC="&lt;div xmlns=&quot;http://www.w3.org/1999/xhtml&quot; class=&quot;item&quot;&gt;&lt;div class=&quot;vip-title&quot;&gt;&lt;a class=&quot;main-font-color1&quot; href=&quot;/ban-nha-mat-tien-khu-binh-an-q-2-326m2-53-ty-tl-chinh-chu-0827545445-1305264.html&quot;&gt;Bán Nhà Mặt Tiền Khu Bình An, Q.2, 326m2, 53 tỷ ( TL Chính Chủ). 0827545445&lt;/a&gt;&lt;/div&gt;&lt;div class=&quot;dvthumb&quot;&gt;                                                                                            &lt;a href=&quot;/ban-nha-mat-tien-khu-binh-an-q-2-326m2-53-ty-tl-chinh-chu-0827545445-1305264.html&quot;&gt;&lt;img alt=&quot;Bán Nhà Mặt Tiền Khu Bình An, Q.2, 326m2, 53 tỷ ( TL Chính Chủ). 0827545445&quot; class=&quot;prothumb main-border-color1&quot; src=&quot;/files/properties/2020/6/22/thumbnails/20200622_053822_1305264_0.jpg&quot; title=&quot;Bán Nhà Mặt Tiền Khu Bình An, Q.2, 326m2, 53 tỷ ( TL Chính Chủ). 0827545445&quot;/&gt;&lt;/a&gt;                                        &lt;/div&gt;&lt;div class=&quot;vip-text&quot;&gt;&lt;div class=&quot;ct_brief&quot;&gt;Bán Nhà Mặt Tiền Khu Bình An, Q.2, 326m2, 53 tỷ ( TL Chính Chủ).+ Nhà mặt tiền khu víp Q.2, Gần trung tâm Quận 1...+ Thích hợp làm Xây mới Toà nhà Văn phòng Cty, Viện Thẩm mỹ Viện lớn, Nhà hàng, Khách Sạn, Biệt Thự, ... &lt;a href=&quot;/ban-nha-mat-tien-khu-binh-an-q-2-326m2-53-ty-tl-chinh-chu-0827545445-1305264.html&quot;&gt;&lt;&lt; xem chi tiết &gt;&gt;&lt;/a&gt; &lt;/div&gt;&lt;div&gt;                                            &lt;div class=&quot;ct_kt&quot;&gt;&lt;label&gt;KT:&lt;/label&gt; ---&lt;/div&gt;                                            &lt;div class=&quot;vip-kt&quot;&gt;&lt;label class=&quot;col1&quot;&gt;Diện tích:&lt;/label&gt; 326 m&lt;sup&gt;2&lt;/sup&gt;&lt;/div&gt;                                            &lt;div class=&quot;ct_direct&quot;&gt;&lt;label&gt;Hướng:&lt;/label&gt; _&lt;/div&gt;&lt;div class=&quot;clear&quot;/&gt;                                       &lt;/div&gt;&lt;div class=&quot;vip-price&quot;&gt;&lt;label class=&quot;col1&quot;&gt;Giá:&lt;/label&gt; 53 tỷ &lt;/div&gt;&lt;div class=&quot;vip-dis&quot;&gt;Quận 2, Hồ Chí Minh&lt;/div&gt;&lt;div class=&quot;createdate&quot;&gt;22/06/2020&lt;/div&gt;&lt;/div&gt;&lt;div class=&quot;clear&quot;/&gt;&lt;/div&gt;" SourceIndex="737" TableNum="0" TextLen="384" order="23" xPath="/html[1]/body[1]/div[1]/div[1]/div[2]/div[1]/div[3]/div[1]/div[3]/div[2]/div[2]"/>
<LayoutNode BgColor="#ffffff" ContainImg="1" ContainP="0" ContainTable="false" Content="Bán Mặt Tiền Biện Thự Khu Thảo Điền, Quận 2. HĐ 5 năm, thuê 3.500 USD/t.21/06/2020Bán Nhà Mặt Tiền Nguyễn Bá Huân, phường Thảo Điền, quận 2. Giá 35 tỷ TL Địa chỉ: đường Nguyễn Bá Huân, phường Thảo Điền, quận 2. Diện tích: - Ngang 8m x dài 27m. MẶT TIỀN KHU THẢO ĐIỀN 205M2 - 4 TẦNG - NHÀ MỚI CỰ... &lt;&lt; xem chi tiết &gt;&gt; KT: 8x27m Diện tích: 205 m2 Hướng: _ Giá: 35 tỷ Quận 2, Hồ Chí Minh21/06/2020 " DOMCldNum="6" DoC="8" FontSize="12" FontWeight="normal" FormNum="0" FormSize="0" FrameSourceIndex="0" ID="1-7-3" InteractionNum="0" InteractionSize="0" IsImg="false" LinkNum="6" LinkTextLen="90" ObjectHeight="124" ObjectRectHeight="124" ObjectRectLeft="0" ObjectRectTop="1944" ObjectRectWidth="1420" ObjectWidth="663" ObjectX="221" ObjectY="1944" OptionNum="0" OptionTextLength="0" ParaNum="0" SRC="&lt;div xmlns=&quot;http://www.w3.org/1999/xhtml&quot; class=&quot;item&quot;&gt;&lt;div class=&quot;vip-title&quot;&gt;&lt;a class=&quot;main-font-color1&quot; href=&quot;/ban-mat-tien-bien-thu-khu-thao-dien-quan-2-hd-5-nam-thue-3-500-usd-t--1304460.html&quot;&gt;Bán Mặt Tiền Biện Thự Khu Thảo Điền, Quận 2. HĐ 5 năm, thuê 3.500 USD/t.&lt;/a&gt;&lt;/div&gt;&lt;div class=&quot;dvthumb&quot;&gt;                                                                                            &lt;a href=&quot;/ban-mat-tien-bien-thu-khu-thao-dien-quan-2-hd-5-nam-thue-3-500-usd-t--1304460.html&quot;&gt;&lt;img alt=&quot;Bán Mặt Tiền Biện Thự Khu Thảo Điền, Quận 2. HĐ 5 năm, thuê 3.500 USD/t.&quot; class=&quot;prothumb main-border-color1&quot; src=&quot;/files/properties/2020/6/20/thumbnails/20200620_111143_1304460_0.jpg&quot; title=&quot;Bán Mặt Tiền Biện Thự Khu Thảo Điền, Quận 2. HĐ 5 năm, thuê 3.500 USD/t.&quot;/&gt;&lt;/a&gt;                                        &lt;/div&gt;&lt;div class=&quot;vip-text&quot;&gt;&lt;div class=&quot;ct_brief&quot;&gt;Bán Nhà Mặt Tiền Nguyễn Bá Huân, phường Thảo Điền, quận 2. Giá 35 tỷ TLĐịa chỉ: đường Nguyễn Bá Huân, phường Thảo Điền, quận 2.Diện tích:- Ngang 8m x dài 27m.MẶT TIỀN KHU THẢO ĐIỀN 205M2 - 4 TẦNG - NHÀ MỚI CỰ... &lt;a href=&quot;/ban-mat-tien-bien-thu-khu-thao-dien-quan-2-hd-5-nam-thue-3-500-usd-t--1304460.html&quot;&gt;&lt;&lt; xem chi tiết &gt;&gt;&lt;/a&gt; &lt;/div&gt;&lt;div&gt;                                            &lt;div class=&quot;ct_kt&quot;&gt;&lt;label&gt;KT:&lt;/label&gt; 8x27m&lt;/div&gt;                                            &lt;div class=&quot;vip-kt&quot;&gt;&lt;label class=&quot;col1&quot;&gt;Diện tích:&lt;/label&gt; 205 m&lt;sup&gt;2&lt;/sup&gt;&lt;/div&gt;                                            &lt;div class=&quot;ct_direct&quot;&gt;&lt;label&gt;Hướng:&lt;/label&gt; _&lt;/div&gt;&lt;div class=&quot;clear&quot;/&gt;                                       &lt;/div&gt;&lt;div class=&quot;vip-price&quot;&gt;&lt;label class=&quot;col1&quot;&gt;Giá:&lt;/label&gt; 35 tỷ &lt;/div&gt;&lt;div class=&quot;vip-dis&quot;&gt;Quận 2, Hồ Chí Minh&lt;/div&gt;&lt;div class=&quot;createdate&quot;&gt;21/06/2020&lt;/div&gt;&lt;/div&gt;&lt;div class=&quot;clear&quot;/&gt;&lt;/div&gt;" SourceIndex="781" TableNum="0" TextLen="377" order="24" xPath="/html[1]/body[1]/div[1]/div[1]/div[2]/div[1]/div[3]/div[1]/div[3]/div[2]/div[3]"/>
<LayoutNode BgColor="#ffffff" ContainImg="1" ContainP="0" ContainTable="false" Content="CẦN BÁN BIỆT THỰ KIỂU PHÁP 165m2 giá 7,x tỷ19/06/2020Biệt thự Pháp sang trọng tinh tế, vị trí đẹp, hẻm ôtô 5mKết Cấu: 1 trệt 2 lầu, 4 PNCách MT vài bước chân, gần Nguyễn Thị Định, khu dân trí cao, nội thất cao cấp,tủ pha chế rượu, tủ áo âm tường.Tặng gói lắp ống đồng máy l... &lt;&lt; xem chi tiết &gt;&gt; KT: 10x5m Diện tích: 150 m2 Hướng: _ Giá: 7,7 tỷ Quận 2, Hồ Chí Minh19/06/2020 " DOMCldNum="6" DoC="8" FontSize="12" FontWeight="normal" FormNum="0" FormSize="0" FrameSourceIndex="0" ID="1-7-4" InteractionNum="0" InteractionSize="0" IsImg="false" LinkNum="6" LinkTextLen="61" ObjectHeight="124" ObjectRectHeight="124" ObjectRectLeft="0" ObjectRectTop="2090" ObjectRectWidth="1420" ObjectWidth="663" ObjectX="221" ObjectY="2090" OptionNum="0" OptionTextLength="0" ParaNum="0" SRC="&lt;div xmlns=&quot;http://www.w3.org/1999/xhtml&quot; class=&quot;item&quot;&gt;&lt;div class=&quot;vip-title&quot;&gt;&lt;a class=&quot;main-font-color1&quot; href=&quot;/can-ban-biet-thu-kieu-phap-165m2-gia-7-x-ty-1302369.html&quot;&gt;CẦN BÁN BIỆT THỰ KIỂU PHÁP 165m2 giá 7,x tỷ&lt;/a&gt;&lt;/div&gt;&lt;div class=&quot;dvthumb&quot;&gt;                                                                                            &lt;a href=&quot;/can-ban-biet-thu-kieu-phap-165m2-gia-7-x-ty-1302369.html&quot;&gt;&lt;img alt=&quot;CẦN BÁN BIỆT THỰ KIỂU PHÁP 165m2 giá 7,x tỷ&quot; class=&quot;prothumb main-border-color1&quot; src=&quot;/files/properties/2020/6/19/thumbnails/20200619_111219_1302369_0.jpg&quot; title=&quot;CẦN BÁN BIỆT THỰ KIỂU PHÁP 165m2 giá 7,x tỷ&quot;/&gt;&lt;/a&gt;                                        &lt;/div&gt;&lt;div class=&quot;vip-text&quot;&gt;&lt;div class=&quot;ct_brief&quot;&gt;Biệt thự Pháp sang trọng tinh tế, vị trí đẹp, hẻm ôtô 5mKết Cấu: 1 trệt 2 lầu, 4 PNCách MT vài bước chân, gần Nguyễn Thị Định, khu dân trí cao, nội thất cao cấp,tủ pha chế rượu, tủ áo âm tường.Tặng gói lắp ống đồng máy l... &lt;a href=&quot;/can-ban-biet-thu-kieu-phap-165m2-gia-7-x-ty-1302369.html&quot;&gt;&lt;&lt; xem chi tiết &gt;&gt;&lt;/a&gt; &lt;/div&gt;&lt;div&gt;                                            &lt;div class=&quot;ct_kt&quot;&gt;&lt;label&gt;KT:&lt;/label&gt; 10x5m&lt;/div&gt;                                            &lt;div class=&quot;vip-kt&quot;&gt;&lt;label class=&quot;col1&quot;&gt;Diện tích:&lt;/label&gt; 150 m&lt;sup&gt;2&lt;/sup&gt;&lt;/div&gt;                                            &lt;div class=&quot;ct_direct&quot;&gt;&lt;label&gt;Hướng:&lt;/label&gt; _&lt;/div&gt;&lt;div class=&quot;clear&quot;/&gt;                                       &lt;/div&gt;&lt;div class=&quot;vip-price&quot;&gt;&lt;label class=&quot;col1&quot;&gt;Giá:&lt;/label&gt; 7,7 tỷ &lt;/div&gt;&lt;div class=&quot;vip-dis&quot;&gt;Quận 2, Hồ Chí Minh&lt;/div&gt;&lt;div class=&quot;createdate&quot;&gt;19/06/2020&lt;/div&gt;&lt;/div&gt;&lt;div class=&quot;clear&quot;/&gt;&lt;/div&gt;" SourceIndex="825" TableNum="0" TextLen="357" order="25" xPath="/html[1]/body[1]/div[1]/div[1]/div[2]/div[1]/div[3]/div[1]/div[3]/div[2]/div[4]"/>
<LayoutNode BgColor="#ffffff" ContainImg="1" ContainP="0" ContainTable="false" Content="Bán nhà Khu dân cư Sồng Giồng Q2, 7x17m, đường 12m giá 11 tỷ.18/06/2020 Bán nhà Khu dân cư Sồng Giồng Q2, 7x17m, đường 12m giá 11 tỷ. Diện tích đẹp, vuông vức công nhận đủ. Vị trí cực đẹp nằm ngay khu vip Sông giồng phường an phú Quận 2, khu nhà biệt thự cao cấp, đường trước nhà 12m g... &lt;&lt; xem chi tiết &gt;&gt; KT: --- Diện tích: 120 m2 Hướng: _ Giá: 11 tỷ Quận 2, Hồ Chí Minh18/06/2020 " DOMCldNum="6" DoC="8" FontSize="12" FontWeight="normal" FormNum="0" FormSize="0" FrameSourceIndex="0" ID="1-7-5" InteractionNum="0" InteractionSize="0" IsImg="false" LinkNum="6" LinkTextLen="79" ObjectHeight="124" ObjectRectHeight="124" ObjectRectLeft="0" ObjectRectTop="2236" ObjectRectWidth="1420" ObjectWidth="663" ObjectX="221" ObjectY="2236" OptionNum="0" OptionTextLength="0" ParaNum="0" SRC="&lt;div xmlns=&quot;http://www.w3.org/1999/xhtml&quot; class=&quot;item&quot;&gt;&lt;div class=&quot;vip-title&quot;&gt;&lt;a class=&quot;main-font-color1&quot; href=&quot;/ban-nha-khu-dan-cu-song-giong-q2-7x17m-duong-12m-gia-11-ty--1299442.html&quot;&gt;Bán nhà Khu dân cư Sồng Giồng Q2, 7x17m, đường 12m giá 11 tỷ.&lt;/a&gt;&lt;/div&gt;&lt;div class=&quot;dvthumb&quot;&gt;                                                                                            &lt;a href=&quot;/ban-nha-khu-dan-cu-song-giong-q2-7x17m-duong-12m-gia-11-ty--1299442.html&quot;&gt;&lt;img alt=&quot;Bán nhà Khu dân cư Sồng Giồng Q2, 7x17m, đường 12m giá 11 tỷ.&quot; class=&quot;prothumb main-border-color1&quot; src=&quot;/publish/img/default.jpg&quot; title=&quot;Bán nhà Khu dân cư Sồng Giồng Q2, 7x17m, đường 12m giá 11 tỷ.&quot;/&gt;&lt;/a&gt;                                        &lt;/div&gt;&lt;div class=&quot;vip-text&quot;&gt;&lt;div class=&quot;ct_brief&quot;&gt; Bán nhà Khu dân cư Sồng Giồng Q2, 7x17m, đường 12m giá 11 tỷ.Diện tích đẹp, vuông vức công nhận đủ.Vị trí cực đẹp nằm ngay khu vip Sông giồng phường an phú Quận 2, khu nhà biệt thự cao cấp, đường trước nhà 12m g... &lt;a href=&quot;/ban-nha-khu-dan-cu-song-giong-q2-7x17m-duong-12m-gia-11-ty--1299442.html&quot;&gt;&lt;&lt; xem chi tiết &gt;&gt;&lt;/a&gt; &lt;/div&gt;&lt;div&gt;                                            &lt;div class=&quot;ct_kt&quot;&gt;&lt;label&gt;KT:&lt;/label&gt; ---&lt;/div&gt;                                            &lt;div class=&quot;vip-kt&quot;&gt;&lt;label class=&quot;col1&quot;&gt;Diện tích:&lt;/label&gt; 120 m&lt;sup&gt;2&lt;/sup&gt;&lt;/div&gt;                                            &lt;div class=&quot;ct_direct&quot;&gt;&lt;label&gt;Hướng:&lt;/label&gt; _&lt;/div&gt;&lt;div class=&quot;clear&quot;/&gt;                                       &lt;/div&gt;&lt;div class=&quot;vip-price&quot;&gt;&lt;label class=&quot;col1&quot;&gt;Giá:&lt;/label&gt; 11 tỷ &lt;/div&gt;&lt;div class=&quot;vip-dis&quot;&gt;Quận 2, Hồ Chí Minh&lt;/div&gt;&lt;div class=&quot;createdate&quot;&gt;18/06/2020&lt;/div&gt;&lt;/div&gt;&lt;div class=&quot;clear&quot;/&gt;&lt;/div&gt;" SourceIndex="869" TableNum="0" TextLen="365" order="26" xPath="/html[1]/body[1]/div[1]/div[1]/div[2]/div[1]/div[3]/div[1]/div[3]/div[2]/div[5]"/>
<LayoutNode BgColor="#ffffff" ContainImg="0" ContainP="0" ContainTable="false" Content="Xem thêm các tin khác " DOMCldNum="6" DoC="5" FontSize="12" FontWeight="normal" FormNum="0" FormSize="0" FrameSourceIndex="0" ID="1-7-6" InteractionNum="0" InteractionSize="0" IsImg="false" LinkNum="2" LinkTextLen="21" ObjectHeight="22" ObjectRectHeight="22" ObjectRectLeft="0" ObjectRectTop="2376" ObjectRectWidth="1420" ObjectWidth="670" ObjectX="215" ObjectY="2376" OptionNum="0" OptionTextLength="0" ParaNum="0" SRC="&lt;div xmlns=&quot;http://www.w3.org/1999/xhtml&quot; class=&quot;viewmore&quot;&gt;&lt;a href=&quot;/nha-dat-bat-dong-san/can-ban/nha-mat-tien/ho-chi-minh/133/quan-2.html&quot;&gt;Xem thêm các tin khác&lt;/a&gt;&lt;/div&gt;" SourceIndex="913" TableNum="0" TextLen="21" order="27" xPath="/html[1]/body[1]/div[1]/div[1]/div[2]/div[1]/div[3]/div[1]/div[3]/div[2]/div[6]"/>
</LayoutNode>
<LayoutNode BgColor="#ffffff" ContainImg="0" ContainP="0" ContainTable="false" Content="NHÀ ĐẤT BÁN Nhà bán Biệt thự, liền kề bán Căn hộ bán Nhà hàng bán Đất nền bán NHÀ ĐẤT CHO THUÊ Nhà cho thuê Văn phòng cho thuê Phòng trọ cho thuê Cửa hàng cho thuê Mặt bằng có hạ tầng LIÊN KẾT Mua ban nha dat Bán đất dự án Rao vặt nhà đất Ban dat da nang Ban dat binh duong TÌM MUA NHÀ ĐẤT Trang chủ Mua bán nhà đất Quy định sử dụng Đăng tin nhà đất Alonhadat.com.vn Hỗ trợ trực tuyến 0979-770-480 Email liên hệ: timmuanhadat.com.vn@gmail.com Copyright © 2014 TimMuaNhaDat.com.vn. All rights reserved. Phiên bản beta, đang chờ xin giấy phép. " DOMCldNum="9" DoC="8" FontSize="12" FontWeight="normal" FormNum="0" FormSize="0" FrameSourceIndex="0" ID="1-8" InteractionNum="0" InteractionSize="0" IsImg="false" LinkNum="48" LinkTextLen="343" ObjectHeight="135" ObjectRectHeight="162" ObjectRectLeft="0" ObjectRectTop="2408" ObjectRectWidth="1420" ObjectWidth="600" ObjectX="210" ObjectY="2408" OptionNum="0" OptionTextLength="0" ParaNum="0" SRC="&lt;div xmlns=&quot;http://www.w3.org/1999/xhtml&quot; class=&quot;fcolumleft&quot;&gt;                &lt;ul&gt;                    &lt;h2&gt;&lt;a href=&quot;/nha-dat-bat-dong-san/can-ban.html&quot;&gt;NHÀ ĐẤT BÁN&lt;/a&gt;&lt;/h2&gt;                    &lt;li&gt;&lt;a href=&quot;/nha-dat-bat-dong-san/can-ban/nha-trong-ngo-hem.html&quot;&gt;Nhà bán&lt;/a&gt;&lt;/li&gt;        &lt;li&gt;&lt;a href=&quot;/nha-dat-bat-dong-san/can-ban/biet-thu-lien-ke.html&quot;&gt;Biệt thự, liền kề bán&lt;/a&gt;&lt;/li&gt;                    &lt;li&gt;&lt;a href=&quot;/nha-dat-bat-dong-san/can-ban/nha-chung-cu-tap-the.html&quot;&gt;Căn hộ bán&lt;/a&gt;&lt;/li&gt;        &lt;li&gt;&lt;a href=&quot;/nha-dat-bat-dong-san/can-ban/nha-hang-khach-san.html&quot;&gt;Nhà hàng bán&lt;/a&gt;&lt;/li&gt;             &lt;li&gt;&lt;a href=&quot;/nha-dat-bat-dong-san/can-ban/dat-nen-du-an-phan-lo.html&quot;&gt;Đất nền bán&lt;/a&gt;&lt;/li&gt;                 &lt;/ul&gt;       &lt;ul&gt;                    &lt;h2&gt;&lt;a href=&quot;/nha-dat-bat-dong-san/cho-thue.html&quot;&gt;NHÀ ĐẤT CHO THUÊ&lt;/a&gt;&lt;/h2&gt;                    &lt;li&gt;&lt;a href=&quot;/nha-dat-bat-dong-san/cho-thue/nha-trong-ngo-hem.html&quot;&gt;Nhà cho thuê&lt;/a&gt;&lt;/li&gt;            &lt;li&gt;&lt;a href=&quot;/nha-dat-bat-dong-san/cho-thue/van-phong.html&quot;&gt;Văn phòng cho thuê&lt;/a&gt;&lt;/li&gt;                    &lt;li&gt;&lt;a href=&quot;/nha-dat-bat-dong-san/cho-thue/nha-nghi-phong-tro.html&quot;&gt;Phòng trọ cho thuê&lt;/a&gt;&lt;/li&gt;        &lt;li&gt;&lt;a href=&quot;/nha-dat-bat-dong-san/cho-thue/cua-hang-van-phong.html&quot;&gt;Cửa hàng cho thuê&lt;/a&gt;&lt;/li&gt;         &lt;li&gt;&lt;a href=&quot;/nha-dat-bat-dong-san/cho-thue/mat-bang-co-ha-tang.html&quot;&gt;Mặt bằng có hạ tầng&lt;/a&gt;&lt;/li&gt;                      &lt;/ul&gt;                       &lt;ul&gt;                    &lt;h2&gt;&lt;a href=&quot;#&quot; rel=&quot;nofollow&quot;&gt;LIÊN KẾT&lt;/a&gt;&lt;/h2&gt;                        &lt;li&gt;&lt;a href=&quot;/&quot; target=&quot;_blank&quot;&gt;Mua ban nha dat&lt;/a&gt;&lt;/li&gt;        &lt;li&gt;&lt;a href=&quot;/nha-dat-bat-dong-san/can-ban/dat-nen-du-an-phan-lo.html&quot; target=&quot;_blank&quot;&gt;Bán đất dự án&lt;/a&gt;&lt;/li&gt;                    &lt;li&gt;&lt;a href=&quot;/dang-tin-nha-dat.html&quot; target=&quot;_blank&quot;&gt;Rao vặt nhà đất&lt;/a&gt;&lt;/li&gt;                    &lt;li&gt;&lt;a href=&quot;http://alonhadat.com.vn/nha-dat/can-ban/dat-tho-cu-dat-o/3/da-nang.html&quot; target=&quot;_blank&quot;&gt;Ban dat da nang&lt;/a&gt;&lt;/li&gt;                    &lt;li&gt;&lt;a href=&quot;http://alonhadat.com.vn/nha-dat/can-ban/dat-tho-cu-dat-o/14/binh-duong.html&quot; target=&quot;_blank&quot;&gt;Ban dat binh duong&lt;/a&gt;&lt;/li&gt;                &lt;/ul&gt;                                &lt;ul&gt;                    &lt;h2&gt;&lt;a href=&quot;/&quot;&gt;TÌM MUA NHÀ ĐẤT&lt;/a&gt;&lt;/h2&gt;                    &lt;li&gt;&lt;a href=&quot;/&quot; rel=&quot;nofollow&quot;&gt;Trang chủ&lt;/a&gt;&lt;/li&gt;                    &lt;li&gt;&lt;a href=&quot;/&quot; target=&quot;_blank&quot;&gt;Mua bán nhà đất&lt;/a&gt;&lt;/li&gt;                     &lt;li&gt;&lt;a href=&quot;/huong-dan/quy-dinh-su-dung&quot;&gt;Quy định sử dụng&lt;/a&gt;&lt;/li&gt;                    &lt;li&gt;&lt;a href=&quot;/huong-dan/huong-dan-dang-tin&quot;&gt;Đăng tin nhà đất&lt;/a&gt;&lt;/li&gt;                     &lt;li&gt;&lt;a href=&quot;http://alonhadat.com.vn&quot; target=&quot;_blank&quot;&gt;Alonhadat.com.vn&lt;/a&gt;&lt;/li&gt;                                 &lt;/ul&gt;            &lt;/div&gt;Hỗ trợ trực tuyến0979-770-480Email liên hệ: timmuanhadat.com.vn@gmail.comCopyright © 2014 TimMuaNhaDat.com.vn. All rights reserved.Phiên bản beta, đang chờ xin giấy phép." SourceIndex="1676;0" TableNum="0" TextLen="513" order="28" xPath="/html[1]/body[1]/div[1]/div[1]/div[3]/div[1]"/>
</LayoutNode>
</VIPSPage>
