<VIPSPage PageRectHeight="980" PageRectLeft="0" PageRectTop="0" PageRectWidth="1420" PageTitle="Hot bán những vị trí đẹp nhất, vip nhất KĐT Nam Sông Cái - Nha Trang Pearl. LH 0947066135 - Tìm Nhà Đất - Kênh nhà đất số 1 Việt Nam" Url="https://timnhadat.net.vn/tin-rao/733956-hot-ban-nhung-vi-tri-dep-nhat-vip-nhat-kdt-nam-song-cai-nha-trang-pearl-lh-0947066135" WindowHeight="980" WindowWidth="1420" neworder="0" order="0">
<LayoutNode BgColor="#ffffff" ContainImg="13" ContainP="13" ContainTable="true" DOMCldNum="7" DoC="1" FontSize="11" FontWeight="700" FormNum="2" FormSize="20" FrameSourceIndex="0" ID="1" InteractionNum="0" InteractionSize="0" IsImg="false" LinkNum="84" LinkTextLen="623" ObjectRectHeight="2434" ObjectRectLeft="0" ObjectRectTop="0" ObjectRectWidth="1420" OptionNum="0" OptionTextLength="0" ParaNum="1" SourceIndex="119" TableNum="0" TextLen="3003" order="1">
<LayoutNode BgColor="#ffffff" ContainImg="6" ContainP="1" ContainTable="false" DOMCldNum="7" DoC="5" FontSize="11" FontWeight="700" FormNum="0" FormSize="0" FrameSourceIndex="0" ID="1-1" InteractionNum="0" InteractionSize="0" IsImg="false" LinkNum="12" LinkTextLen="16" ObjectRectHeight="140" ObjectRectLeft="0" ObjectRectTop="0" ObjectRectWidth="1420" OptionNum="0" OptionTextLength="0" ParaNum="1" SourceIndex="119" TableNum="0" TextLen="45" order="2">
<LayoutNode BgColor="#ffffff" ContainImg="1" ContainP="1" ContainTable="false" Content="Kênh nhà đất số 1 Việt Nam  " DOMCldNum="7" DoC="8" FontSize="11" FontWeight="700" FormNum="0" FormSize="0" FrameSourceIndex="0" ID="1-1-1" InteractionNum="0" InteractionSize="0" IsImg="false" LinkNum="2" LinkTextLen="0" ObjectHeight="18" ObjectRectHeight="140" ObjectRectLeft="0" ObjectRectTop="0" ObjectRectWidth="415" ObjectWidth="215" ObjectX="200" ObjectY="122" OptionNum="0" OptionTextLength="0" ParaNum="1" SRC="&lt;p class=&quot;slg pc&quot;&gt;Kênh nhà đất số 1 Việt Nam&lt;/p&gt;&lt;div class=&quot;logo float-left&quot;&gt;        &lt;a href=&quot;https://timnhadat.net.vn&quot;&gt;            &lt;img alt=&quot;&quot; src=&quot;https://timnhadat.net.vn/images/logo.png&quot;/&gt;        &lt;/a&gt;        &lt;p class=&quot;slg pc&quot;&gt;Kênh nhà đất số 1 Việt Nam&lt;/p&gt;    &lt;/div&gt;" SourceIndex="128;121" TableNum="0" TextLen="26" order="3" xPath="/html[1]/body[1]/div[1]/div[2]/div[1]/div[1]/p[1]"/>
<LayoutNode BgColor="#ffffff" ContainImg="5" ContainP="0" ContainTable="false" DOMCldNum="7" DoC="5" FontSize="12" FontWeight="normal" FormNum="0" FormSize="0" FrameSourceIndex="0" ID="1-1-2" InteractionNum="0" InteractionSize="0" IsImg="false" LinkNum="10" LinkTextLen="16" ObjectRectHeight="140" ObjectRectLeft="440" ObjectRectTop="0" ObjectRectWidth="980" OptionNum="0" OptionTextLength="0" ParaNum="0" SourceIndex="119" TableNum="0" TextLen="19" order="4">
<LayoutNode BgColor="#ffffff" ContainImg="1" ContainP="0" ContainTable="false" Content=" " DOMCldNum="5" DoC="8" FontSize="12" FontWeight="normal" FormNum="0" FormSize="0" FrameSourceIndex="0" ID="1-1-2-1" InteractionNum="0" InteractionSize="0" IsImg="false" LinkNum="2" LinkTextLen="0" ObjectHeight="100" ObjectRectHeight="110" ObjectRectLeft="440" ObjectRectTop="0" ObjectRectWidth="980" ObjectWidth="780" ObjectX="440" ObjectY="10" OptionNum="0" OptionTextLength="0" ParaNum="0" SRC="&lt;div class=&quot;header-banner&quot;&gt;                                                &lt;a href=&quot;http://batlothotom.com/&quot; target=&quot;_blank&quot;&gt;&lt;img alt=&quot;&quot; src=&quot;https://timnhadat.net.vn/storage/banners/1/1541734568.gif&quot;/&gt;&lt;/a&gt;                                    &lt;/div&gt;" SourceIndex="134" TableNum="0" TextLen="0" order="5" xPath="/html[1]/body[1]/div[1]/div[2]/div[1]/div[2]/div[1]"/>
<LayoutNode BgColor="#ffffff" ContainImg="4" ContainP="0" ContainTable="false" Content="Đăng ký Đăng nhập " DOMCldNum="7" DoC="5" FontSize="12" FontWeight="normal" FormNum="0" FormSize="0" FrameSourceIndex="0" ID="1-1-2-2" InteractionNum="0" InteractionSize="0" IsImg="false" LinkNum="8" LinkTextLen="16" ObjectHeight="21" ObjectRectHeight="21" ObjectRectLeft="440" ObjectRectTop="119" ObjectRectWidth="980" ObjectWidth="241" ObjectX="957" ObjectY="119" OptionNum="0" OptionTextLength="0" ParaNum="0" SRC="&lt;div class=&quot;header-actions&quot;&gt;            &lt;a class=&quot;action-item social&quot; href=&quot;https://www.facebook.com/&quot; target=&quot;_blank&quot;&gt;&lt;img src=&quot;https://timnhadat.net.vn/images/facebook-logo.png&quot;/&gt;&lt;/a&gt;                        &lt;a class=&quot;action-item social&quot; href=&quot;https://www.youtube.com/&quot; target=&quot;_blank&quot;&gt;&lt;img src=&quot;https://timnhadat.net.vn/images/youtube.png&quot;/&gt;&lt;/a&gt;                    &lt;!-- Authentication Links --&gt;                            &lt;a class=&quot;action-item&quot; href=&quot;https://timnhadat.net.vn/dang-ky&quot;&gt;&lt;img class=&quot;icon&quot; src=&quot;https://timnhadat.net.vn/images/user_accounts.png&quot;/&gt;Đăng ký&lt;/a&gt;                &lt;a class=&quot;action-item&quot; href=&quot;https://timnhadat.net.vn/dang-nhap&quot;&gt;&lt;img src=&quot;https://timnhadat.net.vn/images/login-key-icon.png&quot;/&gt;Đăng nhập&lt;/a&gt;                    &lt;/div&gt;" SourceIndex="140" TableNum="0" TextLen="19" order="6" xPath="/html[1]/body[1]/div[1]/div[2]/div[1]/div[2]/div[2]"/>
</LayoutNode>
</LayoutNode>
<LayoutNode BgColor="#055699" ContainImg="1" ContainP="0" ContainTable="false" Content="Nhà đất bán Bán căn hộ chung cư Bán nhà riêng Bán nhà biệt thự, liền kề Bán nhà mặt phố Bán đất nền dự án Bán đất Bán trang trại, khu nghỉ dưỡng Bán kho, nhà xưởng Bán loại bất động sản khác Nhà đất cho thuê Cho thuê căn hộ chung cư Cho thuê nhà riêng Cho thuê nhà mặt phố Cho thuê nhà trọ, phòng trọ Cho thuê văn phòng Cho thuê cửa hàng, ki ốt Cho thuê kho, nhà xưởng, đất Cho thuê loại bất động sản khác Nhà đất cần mua Mua căn hộ chung cư Mua nhà riêng Mua nhà biệt thự, liền kề Mua nhà mặt phố Mua đất nền dự án Mua đất Mua trang trại, khu nghỉ dưỡng Mua kho, nhà xưởng Mua loại bất động sản khác Nhà đất cần thuê Cần thuê căn hộ chung cư Cần thuê nhà riêng Cần thuê nhà mặt phố Cần thuê nhà trọ, phòng trọ Cần thuê văn phòng Cần thuê cửa hàng, ki ốt Cần thuê kho, nhà xưởng, đất Cần thuê loại bất động sản khác Khuyến mãi - Thông báo   " DOMCldNum="13" DoC="5" FontSize="12" FontWeight="700" FormNum="0" FormSize="0" FrameSourceIndex="0" ID="1-2" InteractionNum="0" InteractionSize="0" IsImg="false" LinkNum="12" LinkTextLen="80" ObjectHeight="30" ObjectRectHeight="30" ObjectRectLeft="0" ObjectRectTop="145" ObjectRectWidth="1420" ObjectWidth="978" ObjectX="210" ObjectY="145" OptionNum="0" OptionTextLength="0" ParaNum="0" SRC="&lt;div class=&quot;menu&quot;&gt;    &lt;div class=&quot;home-icon&quot;&gt;        &lt;a href=&quot;https://timnhadat.net.vn&quot;&gt;&lt;img src=&quot;https://timnhadat.net.vn/images/home.png&quot;/&gt;&lt;/a&gt;    &lt;/div&gt;            &lt;div class=&quot;menu-item &quot; data-depth=&quot;0&quot; data-id=&quot;2&quot;&gt;            &lt;a href=&quot;/danh-muc/nha-dat-ban&quot;&gt;Nhà đất bán&lt;/a&gt;            &lt;div class=&quot;sub-menu&quot; data-id=&quot;2&quot;&gt;                                    &lt;div class=&quot;menu-item &quot; data-depth=&quot;1&quot; data-id=&quot;3&quot;&gt;                        &lt;a href=&quot;/danh-muc/ban-can-ho-chung-cu&quot;&gt;Bán căn hộ chung cư&lt;/a&gt;                    &lt;/div&gt;                                    &lt;div class=&quot;menu-item &quot; data-depth=&quot;1&quot; data-id=&quot;4&quot;&gt;                        &lt;a href=&quot;/danh-muc/ban-nha-rieng&quot;&gt;Bán nhà riêng&lt;/a&gt;                    &lt;/div&gt;                                    &lt;div class=&quot;menu-item &quot; data-depth=&quot;1&quot; data-id=&quot;5&quot;&gt;                        &lt;a href=&quot;/danh-muc/ban-nha-biet-thu-lien-ke&quot;&gt;Bán nhà biệt thự, liền kề&lt;/a&gt;                    &lt;/div&gt;                                    &lt;div class=&quot;menu-item &quot; data-depth=&quot;1&quot; data-id=&quot;6&quot;&gt;                        &lt;a href=&quot;/danh-muc/ban-nha-mat-pho&quot;&gt;Bán nhà mặt phố&lt;/a&gt;                    &lt;/div&gt;                                    &lt;div class=&quot;menu-item &quot; data-depth=&quot;1&quot; data-id=&quot;7&quot;&gt;                        &lt;a href=&quot;/danh-muc/ban-dat-nen-du-an&quot;&gt;Bán đất nền dự án&lt;/a&gt;                    &lt;/div&gt;                                    &lt;div class=&quot;menu-item &quot; data-depth=&quot;1&quot; data-id=&quot;8&quot;&gt;                        &lt;a href=&quot;/danh-muc/ban-dat&quot;&gt;Bán đất&lt;/a&gt;                    &lt;/div&gt;                                    &lt;div class=&quot;menu-item &quot; data-depth=&quot;1&quot; data-id=&quot;9&quot;&gt;                        &lt;a href=&quot;/danh-muc/ban-trang-trai-khu-nghi-duong&quot;&gt;Bán trang trại, khu nghỉ dưỡng&lt;/a&gt;                    &lt;/div&gt;                                    &lt;div class=&quot;menu-item &quot; data-depth=&quot;1&quot; data-id=&quot;10&quot;&gt;                        &lt;a href=&quot;/danh-muc/ban-kho-nha-xuong&quot;&gt;Bán kho, nhà xưởng&lt;/a&gt;                    &lt;/div&gt;                                    &lt;div class=&quot;menu-item &quot; data-depth=&quot;1&quot; data-id=&quot;11&quot;&gt;                        &lt;a href=&quot;/danh-muc/ban-loai-bat-dong-san-khac&quot;&gt;Bán loại bất động sản khác&lt;/a&gt;                    &lt;/div&gt;                            &lt;/div&gt;        &lt;/div&gt;            &lt;div class=&quot;menu-item &quot; data-depth=&quot;0&quot; data-id=&quot;12&quot;&gt;            &lt;a href=&quot;/danh-muc/nha-dat-cho-thue&quot;&gt;Nhà đất cho thuê&lt;/a&gt;            &lt;div class=&quot;sub-menu&quot; data-id=&quot;12&quot;&gt;                                    &lt;div class=&quot;menu-item &quot; data-depth=&quot;1&quot; data-id=&quot;13&quot;&gt;                        &lt;a href=&quot;/danh-muc/cho-thue-can-ho-chung-cu&quot;&gt;Cho thuê căn hộ chung cư&lt;/a&gt;                    &lt;/div&gt;                                    &lt;div class=&quot;menu-item &quot; data-depth=&quot;1&quot; data-id=&quot;14&quot;&gt;                        &lt;a href=&quot;/danh-muc/cho-thue-nha-rieng&quot;&gt;Cho thuê nhà riêng&lt;/a&gt;                    &lt;/div&gt;                                    &lt;div class=&quot;menu-item &quot; data-depth=&quot;1&quot; data-id=&quot;15&quot;&gt;                        &lt;a href=&quot;/danh-muc/cho-thue-nha-mat-pho&quot;&gt;Cho thuê nhà mặt phố&lt;/a&gt;                    &lt;/div&gt;                                    &lt;div class=&quot;menu-item &quot; data-depth=&quot;1&quot; data-id=&quot;16&quot;&gt;                        &lt;a href=&quot;/danh-muc/cho-thue-nha-tro-phong-tro&quot;&gt;Cho thuê nhà trọ, phòng trọ&lt;/a&gt;                    &lt;/div&gt;                                    &lt;div class=&quot;menu-item &quot; data-depth=&quot;1&quot; data-id=&quot;17&quot;&gt;                        &lt;a href=&quot;/danh-muc/cho-thue-van-phong&quot;&gt;Cho thuê văn phòng&lt;/a&gt;                    &lt;/div&gt;                                    &lt;div class=&quot;menu-item &quot; data-depth=&quot;1&quot; data-id=&quot;18&quot;&gt;                        &lt;a href=&quot;/danh-muc/cho-thue-cua-hang-ki-ot&quot;&gt;Cho thuê cửa hàng, ki ốt&lt;/a&gt;                    &lt;/div&gt;                                    &lt;div class=&quot;menu-item &quot; data-depth=&quot;1&quot; data-id=&quot;19&quot;&gt;                        &lt;a href=&quot;/danh-muc/cho-thue-kho-nha-xuong-dat&quot;&gt;Cho thuê kho, nhà xưởng, đất&lt;/a&gt;                    &lt;/div&gt;                                    &lt;div class=&quot;menu-item &quot; data-depth=&quot;1&quot; data-id=&quot;20&quot;&gt;                        &lt;a href=&quot;/danh-muc/cho-thue-loai-bat-dong-san-khac&quot;&gt;Cho thuê loại bất động sản khác&lt;/a&gt;                    &lt;/div&gt;                            &lt;/div&gt;        &lt;/div&gt;            &lt;div class=&quot;menu-item &quot; data-depth=&quot;0&quot; data-id=&quot;21&quot;&gt;            &lt;a href=&quot;/danh-muc/nha-dat-can-mua&quot;&gt;Nhà đất cần mua&lt;/a&gt;            &lt;div class=&quot;sub-menu&quot; data-id=&quot;21&quot;&gt;                                    &lt;div class=&quot;menu-item &quot; data-depth=&quot;1&quot; data-id=&quot;22&quot;&gt;                        &lt;a href=&quot;/danh-muc/mua-can-ho-chung-cu&quot;&gt;Mua căn hộ chung cư&lt;/a&gt;                    &lt;/div&gt;                                    &lt;div class=&quot;menu-item &quot; data-depth=&quot;1&quot; data-id=&quot;23&quot;&gt;                        &lt;a href=&quot;/danh-muc/mua-nha-rieng&quot;&gt;Mua nhà riêng&lt;/a&gt;                    &lt;/div&gt;                                    &lt;div class=&quot;menu-item &quot; data-depth=&quot;1&quot; data-id=&quot;24&quot;&gt;                        &lt;a href=&quot;/danh-muc/mua-nha-biet-thu-lien-ke&quot;&gt;Mua nhà biệt thự, liền kề&lt;/a&gt;                    &lt;/div&gt;                                    &lt;div class=&quot;menu-item &quot; data-depth=&quot;1&quot; data-id=&quot;25&quot;&gt;                        &lt;a href=&quot;/danh-muc/mua-nha-mat-pho&quot;&gt;Mua nhà mặt phố&lt;/a&gt;                    &lt;/div&gt;                                    &lt;div class=&quot;menu-item &quot; data-depth=&quot;1&quot; data-id=&quot;26&quot;&gt;                        &lt;a href=&quot;/danh-muc/mua-dat-nen-du-an&quot;&gt;Mua đất nền dự án&lt;/a&gt;                    &lt;/div&gt;                                    &lt;div class=&quot;menu-item &quot; data-depth=&quot;1&quot; data-id=&quot;27&quot;&gt;                        &lt;a href=&quot;/danh-muc/mua-dat&quot;&gt;Mua đất&lt;/a&gt;                    &lt;/div&gt;                                    &lt;div class=&quot;menu-item &quot; data-depth=&quot;1&quot; data-id=&quot;28&quot;&gt;                        &lt;a href=&quot;/danh-muc/mua-trang-trai-khu-nghi-duong&quot;&gt;Mua trang trại, khu nghỉ dưỡng&lt;/a&gt;                    &lt;/div&gt;                                    &lt;div class=&quot;menu-item &quot; data-depth=&quot;1&quot; data-id=&quot;29&quot;&gt;                        &lt;a href=&quot;/danh-muc/mua-kho-nha-xuong&quot;&gt;Mua kho, nhà xưởng&lt;/a&gt;                    &lt;/div&gt;                                    &lt;div class=&quot;menu-item &quot; data-depth=&quot;1&quot; data-id=&quot;30&quot;&gt;                        &lt;a href=&quot;/danh-muc/mua-loai-bat-dong-san-khac&quot;&gt;Mua loại bất động sản khác&lt;/a&gt;                    &lt;/div&gt;                            &lt;/div&gt;        &lt;/div&gt;            &lt;div class=&quot;menu-item &quot; data-depth=&quot;0&quot; data-id=&quot;31&quot;&gt;            &lt;a href=&quot;/danh-muc/nha-dat-can-thue&quot;&gt;Nhà đất cần thuê&lt;/a&gt;            &lt;div class=&quot;sub-menu&quot; data-id=&quot;31&quot;&gt;                                    &lt;div class=&quot;menu-item &quot; data-depth=&quot;1&quot; data-id=&quot;32&quot;&gt;                        &lt;a href=&quot;/danh-muc/can-thue-can-ho-chung-cu&quot;&gt;Cần thuê căn hộ chung cư&lt;/a&gt;                    &lt;/div&gt;                                    &lt;div class=&quot;menu-item &quot; data-depth=&quot;1&quot; data-id=&quot;33&quot;&gt;                        &lt;a href=&quot;/danh-muc/can-thue-nha-rieng&quot;&gt;Cần thuê nhà riêng&lt;/a&gt;                    &lt;/div&gt;                                    &lt;div class=&quot;menu-item &quot; data-depth=&quot;1&quot; data-id=&quot;34&quot;&gt;                        &lt;a href=&quot;/danh-muc/can-thue-nha-mat-pho&quot;&gt;Cần thuê nhà mặt phố&lt;/a&gt;                    &lt;/div&gt;                                    &lt;div class=&quot;menu-item &quot; data-depth=&quot;1&quot; data-id=&quot;35&quot;&gt;                        &lt;a href=&quot;/danh-muc/can-thue-nha-tro-phong-tro&quot;&gt;Cần thuê nhà trọ, phòng trọ&lt;/a&gt;                    &lt;/div&gt;                                    &lt;div class=&quot;menu-item &quot; data-depth=&quot;1&quot; data-id=&quot;36&quot;&gt;                        &lt;a href=&quot;/danh-muc/can-thue-van-phong&quot;&gt;Cần thuê văn phòng&lt;/a&gt;                    &lt;/div&gt;                                    &lt;div class=&quot;menu-item &quot; data-depth=&quot;1&quot; data-id=&quot;37&quot;&gt;                        &lt;a href=&quot;/danh-muc/can-thue-cua-hang-ki-ot&quot;&gt;Cần thuê cửa hàng, ki ốt&lt;/a&gt;                    &lt;/div&gt;                                    &lt;div class=&quot;menu-item &quot; data-depth=&quot;1&quot; data-id=&quot;38&quot;&gt;                        &lt;a href=&quot;/danh-muc/can-thue-kho-nha-xuong-dat&quot;&gt;Cần thuê kho, nhà xưởng, đất&lt;/a&gt;                    &lt;/div&gt;                                    &lt;div class=&quot;menu-item &quot; data-depth=&quot;1&quot; data-id=&quot;39&quot;&gt;                        &lt;a href=&quot;/danh-muc/can-thue-loai-bat-dong-san-khac&quot;&gt;Cần thuê loại bất động sản khác&lt;/a&gt;                    &lt;/div&gt;                            &lt;/div&gt;        &lt;/div&gt;        &lt;div class=&quot;menu-item &quot; data-depth=&quot;0&quot;&gt;        &lt;a href=&quot;https://timnhadat.net.vn/khuyen-mai-thong-bao&quot;&gt;Khuyến mãi - Thông báo&lt;/a&gt;    &lt;/div&gt;    &lt;div class=&quot;menu-item menu-last float-left&quot;&gt; &lt;/div&gt;    &lt;div class=&quot;clear&quot;/&gt;&lt;/div&gt;" SourceIndex="163" TableNum="0" TextLen="81" order="7" xPath="/html[1]/body[1]/div[1]/div[2]/div[2]"/>
<LayoutNode BgColor="#ffffff" ContainImg="0" ContainP="0" ContainTable="false" Content="Nhà đất bán Nhà đất cho thuê Nhà đất cần mua Nhà đất cần thuê Tìm kiếm " DOMCldNum="13" DoC="5" FontSize="12" FontWeight="400" FormNum="1" FormSize="20" FrameSourceIndex="0" ID="1-3" InteractionNum="0" InteractionSize="0" IsImg="false" LinkNum="0" LinkTextLen="0" ObjectHeight="34" ObjectRectHeight="34" ObjectRectLeft="0" ObjectRectTop="185" ObjectRectWidth="1420" ObjectWidth="988" ObjectX="205" ObjectY="185" OptionNum="0" OptionTextLength="0" ParaNum="0" SRC="&lt;div class=&quot;menu-search&quot;&gt;    &lt;form action=&quot;https://timnhadat.net.vn/tim-kiem&quot; id=&quot;header_search_form&quot; method=&quot;get&quot;&gt;        &lt;input name=&quot;search_keyword&quot; placeholder=&quot;Nhập từ khóa để tìm theo cụm từ&quot; type=&quot;text&quot; value=&quot;&quot;/&gt;        &lt;select class=&quot;select2&quot; name=&quot;category_id&quot;&gt;                            &lt;option selected=&quot;&quot; value=&quot;1&quot;&gt;Nhà đất bán&lt;/option&gt;                            &lt;option value=&quot;13&quot;&gt;Nhà đất cho thuê&lt;/option&gt;                            &lt;option value=&quot;22&quot;&gt;Nhà đất cần mua&lt;/option&gt;                            &lt;option value=&quot;32&quot;&gt;Nhà đất cần thuê&lt;/option&gt;                    &lt;/select&gt;        &lt;button class=&quot;btn btn-sm btn-primary&quot; type=&quot;submit&quot;&gt;Tìm kiếm&lt;/button&gt;    &lt;/form&gt;&lt;/div&gt;" SourceIndex="482" TableNum="0" TextLen="10" order="8" xPath="/html[1]/body[1]/div[1]/div[2]/div[3]"/>
<LayoutNode BgColor="#ffffff" ContainImg="1" ContainP="0" ContainTable="false" DOMCldNum="23" DoC="5" FontSize="16" FontWeight="700" FormNum="1" FormSize="20" FrameSourceIndex="0" ID="1-4" InteractionNum="0" InteractionSize="0" IsImg="false" LinkNum="4" LinkTextLen="23" ObjectRectHeight="1187" ObjectRectLeft="0" ObjectRectTop="224" ObjectRectWidth="1420" OptionNum="0" OptionTextLength="0" ParaNum="0" SourceIndex="1202" TableNum="0" TextLen="1462" order="9">
<LayoutNode BgColor="#ffffff" ContainImg="0" ContainP="0" ContainTable="false" DOMCldNum="23" DoC="5" FontSize="16" FontWeight="700" FormNum="0" FormSize="0" FrameSourceIndex="0" ID="1-4-1" InteractionNum="0" InteractionSize="0" IsImg="false" LinkNum="0" LinkTextLen="0" ObjectRectHeight="1187" ObjectRectLeft="0" ObjectRectTop="224" ObjectRectWidth="930" OptionNum="0" OptionTextLength="0" ParaNum="0" SourceIndex="1202" TableNum="0" TextLen="1336" order="10">
<LayoutNode BgColor="#ffffff" ContainImg="0" ContainP="0" ContainTable="false" Content="Hot bán những vị trí đẹp nhất, vip nhất KĐT Nam Sông Cái - Nha Trang Pearl. LH 0947066135 " DOMCldNum="23" DoC="10" FontSize="16" FontWeight="700" FormNum="0" FormSize="0" FrameSourceIndex="0" ID="1-4-1-1" InteractionNum="0" InteractionSize="0" IsImg="false" LinkNum="0" LinkTextLen="0" ObjectHeight="44" ObjectRectHeight="54" ObjectRectLeft="0" ObjectRectTop="224" ObjectRectWidth="930" ObjectWidth="730" ObjectX="200" ObjectY="234" OptionNum="0" OptionTextLength="0" ParaNum="0" SRC="&lt;h1 class=&quot;post-title&quot;&gt;Hot bán những vị trí đẹp nhất, vip nhất KĐT Nam Sông Cái - Nha Trang Pearl. LH 0947066135&lt;/h1&gt;" SourceIndex="1204" TableNum="0" TextLen="88" order="11" xPath="/html[1]/body[1]/div[1]/div[2]/div[4]/div[2]/div[1]/h1[1]"/>
<LayoutNode BgColor="#ffffff" ContainImg="0" ContainP="0" ContainTable="false" Content="Khu vực: Diên Khánh, Khánh Hòa Giá: 950 Triệu Diện tích: 126m2 " DOMCldNum="23" DoC="5" FontSize="12" FontWeight="normal" FormNum="0" FormSize="0" FrameSourceIndex="0" ID="1-4-1-2" InteractionNum="0" InteractionSize="0" IsImg="false" LinkNum="0" LinkTextLen="0" ObjectHeight="18" ObjectRectHeight="40" ObjectRectLeft="0" ObjectRectTop="288" ObjectRectWidth="930" ObjectWidth="730" ObjectX="200" ObjectY="288" OptionNum="0" OptionTextLength="0" ParaNum="0" SRC="&lt;div class=&quot;post-location&quot;&gt;&lt;b&gt;Khu vực:&lt;/b&gt;            &lt;span&gt;Diên Khánh, Khánh Hòa&lt;/span&gt;&lt;/div&gt;&lt;div class=&quot;post-price&quot;&gt;&lt;b&gt;Giá:&lt;/b&gt; &lt;span&gt;950 Triệu&lt;/span&gt;        &lt;/div&gt;&lt;div class=&quot;post-area&quot;&gt;&lt;b&gt;Diện tích:&lt;/b&gt;            &lt;span&gt;126m2&lt;/span&gt;&lt;/div&gt;" SourceIndex="1207;1214;1222" TableNum="0" TextLen="60" order="12" xPath="/html[1]/body[1]/div[1]/div[2]/div[4]/div[2]/div[1]/div[1]"/>
<LayoutNode BgColor="#ffffff" ContainImg="0" ContainP="0" ContainTable="false" Content="Thông tin mô tả " DOMCldNum="7" DoC="10" FontSize="12" FontWeight="700" FormNum="0" FormSize="0" FrameSourceIndex="0" ID="1-4-1-3" InteractionNum="0" InteractionSize="0" IsImg="false" LinkNum="0" LinkTextLen="0" ObjectHeight="18" ObjectRectHeight="18" ObjectRectLeft="0" ObjectRectTop="338" ObjectRectWidth="930" ObjectWidth="730" ObjectX="200" ObjectY="338" OptionNum="0" OptionTextLength="0" ParaNum="0" SRC="&lt;div class=&quot;post-detail-title&quot;&gt;Thông tin mô tả&lt;/div&gt;" SourceIndex="1233" TableNum="0" TextLen="15" order="13" xPath="/html[1]/body[1]/div[1]/div[2]/div[4]/div[2]/div[1]/div[5]/div[1]"/>
<LayoutNode BgColor="#ffffff" ContainImg="0" ContainP="0" ContainTable="false" Content="Hiện đang có những lô vip nằm sát quảng trường Tượng Đài và chợ Thành buôn bán sầm uất. - LK 7E giá 10, x triệu/m2. - LK 7B giá 10, x triệu/m2. - NP13A giá 10, x triệu/m2. - LK 7G giá 9, x triệu/m2. - LK 7A giá 9, x triệu/m2. - LK 7D giá 9, x triệu/m2. - NP13 giá 9, x triệu/m2. - LK 7 giá 9, x triệu/m2. - LK 8 giá 8, x triệu/m2. - Đặc biệt Block Cam NP14 giá 950 triệu/lô... Và còn rất nhiều lô giá tốt nữa... Hiện giá đang tăng theo tuần Thị trường bất động sản Diên Khánh đang nhận được sự qua tâm của đa số các nhà đầu tư trong và ngoài tỉnh cùng hàng loạt thông tin tốt như: Sẽ lên thị xã trong năm 2020, bàn giao sổ đỏ trong năm 2020... KĐT Nam Sông Cái - Nha Trang Pearl. Vị trí ngay trung tâm: - Chợ Thành buôn bán sầm uất. - Thị xã tương lai (trước 2020 - theo Khánh Hòa Online ngày 21 - 02 - 2019). - Dân cư hiện hữu nhộn nhịp, sinh hoạt thuận tiện. - Dọc theo Sông Cái mát mẻ - thiên nhiên. - Cách trung tâm TP Nha Trang 12p và tắm biển 15p đi bằng xe máy. Đã làm xong hạ tầng, có thể nhận nền và xây nhà. Pháp lý: HĐMB - sổ đỏ. Vui lòng liên hệ: 0947066135 (Mr. Tuấn) để chọn lô đẹp và tham quan dự án. Tư vấn tận tình vui vẻ - thông tin chính xác. Nhận ký gửi - mua bán nhanh, gọn, lẹ. " DOMCldNum="7" DoC="8" FontSize="14" FontWeight="normal" FormNum="0" FormSize="0" FrameSourceIndex="0" ID="1-4-1-4" InteractionNum="0" InteractionSize="0" IsImg="false" LinkNum="0" LinkTextLen="0" ObjectHeight="1050" ObjectRectHeight="1050" ObjectRectLeft="0" ObjectRectTop="361" ObjectRectWidth="930" ObjectWidth="730" ObjectX="200" ObjectY="361" OptionNum="0" OptionTextLength="0" ParaNum="0" SRC="&lt;div class=&quot;post-detail-content&quot;&gt;                Hiện đang có những lô vip nằm sát quảng trường Tượng Đài và chợ Thành buôn bán sầm uất.&lt;br/&gt;- LK 7E giá 10, x triệu/m2.&lt;br/&gt;- LK 7B giá 10, x triệu/m2.&lt;br/&gt;- NP13A giá 10, x triệu/m2.&lt;br/&gt;- LK 7G giá 9, x triệu/m2.&lt;br/&gt;- LK 7A giá 9, x triệu/m2.&lt;br/&gt;- LK 7D giá 9, x triệu/m2.&lt;br/&gt;- NP13 giá 9, x triệu/m2.&lt;br/&gt;- LK 7 giá 9, x triệu/m2.&lt;br/&gt;- LK 8 giá 8, x triệu/m2.&lt;br/&gt;- Đặc biệt Block Cam NP14 giá 950 triệu/lô...&lt;br/&gt;&lt;br/&gt;Và còn rất nhiều lô giá tốt nữa...&lt;br/&gt;&lt;br/&gt;Hiện giá đang tăng theo tuần Thị trường bất động sản Diên Khánh đang nhận được sự qua tâm của đa số các nhà đầu tư trong và ngoài tỉnh cùng hàng loạt thông tin tốt như: Sẽ lên thị xã trong năm 2020, bàn giao sổ đỏ trong năm 2020...&lt;br/&gt;&lt;br/&gt;KĐT Nam Sông Cái - Nha Trang Pearl.&lt;br/&gt;&lt;br/&gt;Vị trí ngay trung tâm:&lt;br/&gt;- Chợ Thành buôn bán sầm uất.&lt;br/&gt;- Thị xã tương lai (trước 2020 - theo Khánh Hòa Online ngày 21 - 02 - 2019).&lt;br/&gt;- Dân cư hiện hữu nhộn nhịp, sinh hoạt thuận tiện.&lt;br/&gt;- Dọc theo Sông Cái mát mẻ - thiên nhiên.&lt;br/&gt;- Cách trung tâm TP Nha Trang 12p và tắm biển 15p đi bằng xe máy.&lt;br/&gt;&lt;br/&gt;Đã làm xong hạ tầng, có thể nhận nền và xây nhà.&lt;br/&gt;&lt;br/&gt;Pháp lý: HĐMB - sổ đỏ.&lt;br/&gt;&lt;br/&gt;Vui lòng liên hệ: 0947066135 (Mr. Tuấn) để chọn lô đẹp và tham quan dự án.&lt;br/&gt;Tư vấn tận tình vui vẻ - thông tin chính xác.&lt;br/&gt;&lt;br/&gt;Nhận ký gửi - mua bán nhanh, gọn, lẹ.            &lt;/div&gt;" SourceIndex="1236" TableNum="0" TextLen="1173" order="14" xPath="/html[1]/body[1]/div[1]/div[2]/div[4]/div[2]/div[1]/div[5]/div[2]"/>
</LayoutNode>
<LayoutNode BgColor="#ffffff" ContainImg="1" ContainP="0" ContainTable="false" DOMCldNum="5" DoC="5" FontSize="12" FontWeight="normal" FormNum="1" FormSize="20" FrameSourceIndex="0" ID="1-4-2" InteractionNum="0" InteractionSize="0" IsImg="false" LinkNum="4" LinkTextLen="23" ObjectRectHeight="1187" ObjectRectLeft="970" ObjectRectTop="224" ObjectRectWidth="450" OptionNum="0" OptionTextLength="0" ParaNum="0" SourceIndex="510" TableNum="0" TextLen="126" order="15">
<LayoutNode BgColor="#ffffff" ContainImg="1" ContainP="0" ContainTable="false" Content="Nhận bản tin từ Timnhadat.net.vn Đăng ký " DOMCldNum="5" DoC="5" FontSize="12" FontWeight="normal" FormNum="0" FormSize="0" FrameSourceIndex="0" ID="1-4-2-1" InteractionNum="0" InteractionSize="0" IsImg="false" LinkNum="2" LinkTextLen="7" ObjectHeight="60" ObjectRectHeight="66" ObjectRectLeft="970" ObjectRectTop="224" ObjectRectWidth="450" ObjectWidth="238" ObjectX="976" ObjectY="230" OptionNum="0" OptionTextLength="0" ParaNum="0" SRC="&lt;div class=&quot;newsletter-form-small&quot;&gt;            &lt;div class=&quot;mb5&quot;&gt;                &lt;div class=&quot;float-left&quot;&gt;                    &lt;img src=&quot;https://timnhadat.net.vn/images/icon-newsletter-small.jpg&quot;/&gt;&lt;/div&gt;                &lt;div class=&quot;float-left news-text&quot;&gt;Nhận bản tin từ Timnhadat.net.vn&lt;/div&gt;                &lt;div class=&quot;clear&quot;/&gt;            &lt;/div&gt;            &lt;div&gt;                &lt;div class=&quot;float-left&quot;&gt;                    &lt;input id=&quot;email&quot; placeholder=&quot;Nhập email của bạn&quot; type=&quot;text&quot;/&gt;&lt;/div&gt;                &lt;div class=&quot;float-left&quot;&gt;&lt;a class=&quot;newsletter-register&quot; href=&quot;#&quot; id=&quot;newsletter&quot;&gt;Đăng ký&lt;/a&gt;&lt;/div&gt;                &lt;div class=&quot;clear&quot;/&gt;            &lt;/div&gt;        &lt;/div&gt;" SourceIndex="512" TableNum="0" TextLen="39" order="16" xPath="/html[1]/body[1]/div[1]/div[2]/div[4]/div[1]/div[1]"/>
<LayoutNode BgColor="#055699" ContainImg="0" ContainP="0" ContainTable="false" Content="Tìm kiếm trên 10.000.000 tin rao Nhà đất bán Nhà đất cho thuê --Chọn loại nhà đất-- - Bán căn hộ chung cư - Tất cả các loại nhà bán + Bán nhà riêng + Bán nhà biệt thự, liền kề + Bán nhà mặt phố - Tất cả các loại đất bán + Bán đất nền dự án + Bán đất - Bán trang trại, khu nghỉ dưỡng - Bán kho, nhà xưởng - Bán loại bất động sản khác --Chọn Tỉnh/Thành phố-- Hồ Chí Minh Hà Nội Đà Nẵng Bình Dương Đồng Nai Khánh Hòa Hải Phòng Long An Quảng Nam Bà Rịa Vũng Tàu Đắk Lắk Cần Thơ Bình Thuận Lâm Đồng Thừa Thiên Huế Kiên Giang Bắc Ninh Quảng Ninh Thanh Hóa Nghệ An Hải Dương Gia Lai Bình Phước Hưng Yên Bình Định Tiền Giang Thái Bình Bắc Giang Hòa Bình An Giang Vĩnh Phúc Tây Ninh Thái Nguyên Lào Cai Nam Định Quảng Ngãi Bến Tre Đắk Nông Cà Mau Vĩnh Long Ninh Bình Phú Thọ Ninh Thuận Phú Yên Hà Nam Hà Tĩnh Đồng Tháp Sóc Trăng Kon Tum Quảng Bình Quảng Trị Trà Vinh Hậu Giang Sơn La Bạc Liêu Yên Bái Tuyên Quang Điện Biên Lai Châu Lạng Sơn Hà Giang Bắc Kạn Cao Bằng --Chọn Quận/Huyện-- Huyện Cam Lâm Huyện Diên Khánh Huyện Khánh Sơn Huyện Khánh Vĩnh Thị xã Ninh Hòa Huyện Trường Sa Huyện Vạn Ninh Thành phố Nha Trang Thành phố Cam Ranh --Chọn diện tích-- &lt;= 30m2 30 - 50m2 50 - 80m2 80 - 100m2 100 - 150m2 150 - 200m2 200 - 250m2 250 - 300m2 300 - 500m2 &gt;= 500m2 --Chọn mức giá-- &lt; 500 triệu 500 - 800 triệu 800 triệu - 1 tỷ 1 - 2 tỷ 2 - 3 tỷ 3 - 5 tỷ 5 - 7 tỷ 7 - 10 tỷ 10 - 20 tỷ 20 - 30 tỷ &gt; 30 tỷ --Chọn Phường/Xã-- Phường Diên Khánh Xã Diên An Xã Diên Bình Xã Diên Điền Xã Diên Đồng Xã Diên Hòa Xã Diên Lạc Xã Diên Lâm Xã Diên Lộc Xã Diên Phú Xã Diên Phước Xã Diên Sơn Xã Diên Tân Xã Diên Thạnh Xã Diên Thọ Xã Diên Xuân Xã Suối Hiệp Xã Suối Tiên Xã Diên Toàn --Chọn Đường/Phố-- 1 2 23/10 39 An Định Bầu Đá Cao Bá Quát Cây Duối Chín Khúc Đề Dai Đồng Khởi Gò Thập Hà Huy Tập Hoàng Hoa Thám Hùng Vương Hương lộ 39 Hương lộ 45 Hương lộ 62 Kim Đồng Lạc Long Quân Lầu Ông Huyện Liên Tổ Liên Xã Lý Thái Tổ Lý Tự Trọng Miếu Tiền Hiền Nguyễn Bỉnh Khiêm Nguyễn Công Trứ Nguyễn Trãi Quốc lộ 1A Thành Hồ Thông Tin Tỉnh Lộ 2 Tỉnh lộ 8 Trần Quý Cáp Trường Lạc --Chọn số phòng ngủ-- 1+ 2+ 3+ 4+ 5+ --Chọn hướng nhà-- KXĐ Đông Tây Nam Bắc Đông-Bắc Tây-Bắc Tây-Nam Đông-Nam Ẩn tìm nâng cao Tìm nâng cao Tìm kiếm " DOMCldNum="5" DoC="5" FontSize="12" FontWeight="700" FormNum="1" FormSize="20" FrameSourceIndex="0" ID="1-4-2-2" InteractionNum="0" InteractionSize="0" IsImg="false" LinkNum="2" LinkTextLen="16" ObjectHeight="28" ObjectRectHeight="1103" ObjectRectLeft="970" ObjectRectTop="308" ObjectRectWidth="450" ObjectWidth="250" ObjectX="970" ObjectY="308" OptionNum="0" OptionTextLength="0" ParaNum="0" SRC="&lt;div class=&quot;block-title&quot;&gt;                                    &lt;span&gt;Tìm kiếm trên 10.000.000 tin rao&lt;/span&gt;                            &lt;/div&gt;&lt;div class=&quot;block-content&quot;&gt;                &lt;div class=&quot;tabs&quot;&gt;                                            &lt;div class=&quot;tab  active &quot; data-category-id=&quot;1&quot; data-tab-index=&quot;1&quot;&gt;Nhà đất bán&lt;/div&gt;                        &lt;div class=&quot;tab space&quot;/&gt;                                            &lt;div class=&quot;tab &quot; data-category-id=&quot;13&quot; data-tab-index=&quot;1&quot;&gt;Nhà đất cho thuê&lt;/div&gt;                        &lt;div class=&quot;tab space&quot;/&gt;                                        &lt;div class=&quot;cell-last&quot;/&gt;                &lt;/div&gt;                &lt;form action=&quot;https://timnhadat.net.vn/tim-nang-cao&quot; id=&quot;search&quot; method=&quot;get&quot;&gt;                    &lt;div class=&quot;tab-contents&quot;&gt;                        &lt;div class=&quot;tab-content&quot; data-tab-index=&quot;1&quot;&gt;                            &lt;input name=&quot;advanced_search&quot; type=&quot;hidden&quot; value=&quot;1&quot;/&gt;                            &lt;input name=&quot;category_id1&quot; type=&quot;hidden&quot; value=&quot;1&quot;/&gt;                                                                                                                &lt;div class=&quot;input&quot;&gt;                                &lt;select class=&quot;select2-search select-category-2&quot; data-width=&quot;100%&quot; name=&quot;category_id2&quot;&gt;                                    &lt;option value=&quot;&quot;&gt;--Chọn loại nhà đất--&lt;/option&gt;                                                                                                                        &lt;option value=&quot;2&quot;&gt;- Bán căn hộ chung cư&lt;/option&gt;                                                                                                                                                                                                                            &lt;option value=&quot;3&quot;&gt;- Tất cả các loại nhà bán&lt;/option&gt;                                                                                                                                                &lt;option value=&quot;4&quot;&gt;                                                        + Bán nhà riêng&lt;/option&gt;                                                                                                    &lt;option value=&quot;5&quot;&gt;                                                        + Bán nhà biệt thự, liền kề&lt;/option&gt;                                                                                                    &lt;option value=&quot;6&quot;&gt;                                                        + Bán nhà mặt phố&lt;/option&gt;                                                                                                                                                                                &lt;option value=&quot;7&quot;&gt;- Tất cả các loại đất bán&lt;/option&gt;                                                                                                                                                &lt;option selected=&quot;&quot; value=&quot;8&quot;&gt;                                                        + Bán đất nền dự án&lt;/option&gt;                                                                                                    &lt;option value=&quot;9&quot;&gt;                                                        + Bán đất&lt;/option&gt;                                                                                                                                                                                &lt;option value=&quot;10&quot;&gt;- Bán trang trại, khu nghỉ dưỡng&lt;/option&gt;                                                                                                                                                                                                                            &lt;option value=&quot;11&quot;&gt;- Bán kho, nhà xưởng&lt;/option&gt;                                                                                                                                                                                                                            &lt;option value=&quot;12&quot;&gt;- Bán loại bất động sản khác&lt;/option&gt;                                                                                                                                                                                                                                                    &lt;/select&gt;                            &lt;/div&gt;                            &lt;div class=&quot;input&quot;&gt;                                &lt;select class=&quot;select2-search select-city&quot; data-width=&quot;100%&quot; name=&quot;city_id&quot;&gt;                                    &lt;option value=&quot;&quot;&gt;--Chọn Tỉnh/Thành phố--&lt;/option&gt;                                                                            &lt;option value=&quot;1&quot;&gt;Hồ Chí Minh&lt;/option&gt;                                                                            &lt;option value=&quot;2&quot;&gt;Hà Nội&lt;/option&gt;                                                                            &lt;option value=&quot;3&quot;&gt;Đà Nẵng&lt;/option&gt;                                                                            &lt;option value=&quot;4&quot;&gt;Bình Dương&lt;/option&gt;                                                                            &lt;option value=&quot;5&quot;&gt;Đồng Nai&lt;/option&gt;                                                                            &lt;option selected=&quot;&quot; value=&quot;6&quot;&gt;Khánh Hòa&lt;/option&gt;                                                                            &lt;option value=&quot;7&quot;&gt;Hải Phòng&lt;/option&gt;                                                                            &lt;option value=&quot;8&quot;&gt;Long An&lt;/option&gt;                                                                            &lt;option value=&quot;9&quot;&gt;Quảng Nam&lt;/option&gt;                                                                            &lt;option value=&quot;10&quot;&gt;Bà Rịa Vũng Tàu&lt;/option&gt;                                                                            &lt;option value=&quot;11&quot;&gt;Đắk Lắk&lt;/option&gt;                                                                            &lt;option value=&quot;12&quot;&gt;Cần Thơ&lt;/option&gt;                                                                            &lt;option value=&quot;13&quot;&gt;Bình Thuận  &lt;/option&gt;                                                                            &lt;option value=&quot;14&quot;&gt;Lâm Đồng&lt;/option&gt;                                                                            &lt;option value=&quot;15&quot;&gt;Thừa Thiên Huế&lt;/option&gt;                                                                            &lt;option value=&quot;16&quot;&gt;Kiên Giang&lt;/option&gt;                                                                            &lt;option value=&quot;17&quot;&gt;Bắc Ninh&lt;/option&gt;                                                                            &lt;option value=&quot;18&quot;&gt;Quảng Ninh&lt;/option&gt;                                                                            &lt;option value=&quot;19&quot;&gt;Thanh Hóa&lt;/option&gt;                                                                            &lt;option value=&quot;20&quot;&gt;Nghệ An&lt;/option&gt;                                                                            &lt;option value=&quot;21&quot;&gt;Hải Dương&lt;/option&gt;                                                                            &lt;option value=&quot;22&quot;&gt;Gia Lai&lt;/option&gt;                                                                            &lt;option value=&quot;23&quot;&gt;Bình Phước&lt;/option&gt;                                                                            &lt;option value=&quot;24&quot;&gt;Hưng Yên&lt;/option&gt;                                                                            &lt;option value=&quot;25&quot;&gt;Bình Định&lt;/option&gt;                                                                            &lt;option value=&quot;26&quot;&gt;Tiền Giang&lt;/option&gt;                                                                            &lt;option value=&quot;27&quot;&gt;Thái Bình&lt;/option&gt;                                                                            &lt;option value=&quot;28&quot;&gt;Bắc Giang&lt;/option&gt;                                                                            &lt;option value=&quot;29&quot;&gt;Hòa Bình&lt;/option&gt;                                                                            &lt;option value=&quot;30&quot;&gt;An Giang&lt;/option&gt;                                                                            &lt;option value=&quot;31&quot;&gt;Vĩnh Phúc&lt;/option&gt;                                                                            &lt;option value=&quot;32&quot;&gt;Tây Ninh&lt;/option&gt;                                                                            &lt;option value=&quot;33&quot;&gt;Thái Nguyên&lt;/option&gt;                                                                            &lt;option value=&quot;34&quot;&gt;Lào Cai&lt;/option&gt;                                                                            &lt;option value=&quot;35&quot;&gt;Nam Định&lt;/option&gt;                                                                            &lt;option value=&quot;36&quot;&gt;Quảng Ngãi&lt;/option&gt;                                                                            &lt;option value=&quot;37&quot;&gt;Bến Tre&lt;/option&gt;                                                                            &lt;option value=&quot;38&quot;&gt;Đắk Nông&lt;/option&gt;                                                                            &lt;option value=&quot;39&quot;&gt;Cà Mau&lt;/option&gt;                                                                            &lt;option value=&quot;40&quot;&gt;Vĩnh Long&lt;/option&gt;                                                                            &lt;option value=&quot;41&quot;&gt;Ninh Bình&lt;/option&gt;                                                                            &lt;option value=&quot;42&quot;&gt;Phú Thọ&lt;/option&gt;                                                                            &lt;option value=&quot;43&quot;&gt;Ninh Thuận&lt;/option&gt;                                                                            &lt;option value=&quot;44&quot;&gt;Phú Yên&lt;/option&gt;                                                                            &lt;option value=&quot;45&quot;&gt;Hà Nam&lt;/option&gt;                                                                            &lt;option value=&quot;46&quot;&gt;Hà Tĩnh&lt;/option&gt;                                                                            &lt;option value=&quot;47&quot;&gt;Đồng Tháp&lt;/option&gt;                                                                            &lt;option value=&quot;48&quot;&gt;Sóc Trăng&lt;/option&gt;                                                                            &lt;option value=&quot;49&quot;&gt;Kon Tum&lt;/option&gt;                                                                            &lt;option value=&quot;50&quot;&gt;Quảng Bình&lt;/option&gt;                                                                            &lt;option value=&quot;51&quot;&gt;Quảng Trị&lt;/option&gt;                                                                            &lt;option value=&quot;52&quot;&gt;Trà Vinh&lt;/option&gt;                                                                            &lt;option value=&quot;53&quot;&gt;Hậu Giang&lt;/option&gt;                                                                            &lt;option value=&quot;54&quot;&gt;Sơn La&lt;/option&gt;                                                                            &lt;option value=&quot;55&quot;&gt;Bạc Liêu&lt;/option&gt;                                                                            &lt;option value=&quot;56&quot;&gt;Yên Bái&lt;/option&gt;                                                                            &lt;option value=&quot;57&quot;&gt;Tuyên Quang&lt;/option&gt;                                                                            &lt;option value=&quot;58&quot;&gt;Điện Biên&lt;/option&gt;                                                                            &lt;option value=&quot;59&quot;&gt;Lai Châu&lt;/option&gt;                                                                            &lt;option value=&quot;60&quot;&gt;Lạng Sơn&lt;/option&gt;                                                                            &lt;option value=&quot;61&quot;&gt;Hà Giang&lt;/option&gt;                                                                            &lt;option value=&quot;62&quot;&gt;Bắc Kạn&lt;/option&gt;                                                                            &lt;option value=&quot;63&quot;&gt;Cao Bằng&lt;/option&gt;                                                                    &lt;/select&gt;                            &lt;/div&gt;                            &lt;div class=&quot;input&quot;&gt;                                &lt;select class=&quot;select2-search select-district&quot; data-width=&quot;100%&quot; name=&quot;district_id&quot;&gt;                                    &lt;option value=&quot;&quot;&gt;--Chọn Quận/Huyện--&lt;/option&gt;                                                                            &lt;option value=&quot;343&quot;&gt;Huyện Cam Lâm&lt;/option&gt;                                                                            &lt;option selected=&quot;&quot; value=&quot;344&quot;&gt;Huyện Diên Khánh&lt;/option&gt;                                                                            &lt;option value=&quot;345&quot;&gt;Huyện Khánh Sơn&lt;/option&gt;                                                                            &lt;option value=&quot;346&quot;&gt;Huyện Khánh Vĩnh&lt;/option&gt;                                                                            &lt;option value=&quot;347&quot;&gt;Thị xã Ninh Hòa&lt;/option&gt;                                                                            &lt;option value=&quot;348&quot;&gt;Huyện Trường Sa&lt;/option&gt;                                                                            &lt;option value=&quot;349&quot;&gt;Huyện Vạn Ninh&lt;/option&gt;                                                                            &lt;option value=&quot;350&quot;&gt;Thành phố Nha Trang&lt;/option&gt;                                                                            &lt;option value=&quot;351&quot;&gt;Thành phố Cam Ranh&lt;/option&gt;                                                                    &lt;/select&gt;                            &lt;/div&gt;                            &lt;div class=&quot;input&quot;&gt;                                &lt;select class=&quot;select2-search&quot; data-width=&quot;100%&quot; name=&quot;area_range_id&quot;&gt;                                    &lt;option value=&quot;&quot;&gt;--Chọn diện tích--&lt;/option&gt;                                                                            &lt;option value=&quot;1&quot;&gt;&lt;= 30m2&lt;/option&gt;                                                                            &lt;option value=&quot;2&quot;&gt;30 - 50m2&lt;/option&gt;                                                                            &lt;option value=&quot;3&quot;&gt;50 - 80m2&lt;/option&gt;                                                                            &lt;option value=&quot;4&quot;&gt;80 - 100m2&lt;/option&gt;                                                                            &lt;option selected=&quot;&quot; value=&quot;5&quot;&gt;100 - 150m2&lt;/option&gt;                                                                            &lt;option value=&quot;6&quot;&gt;150 - 200m2&lt;/option&gt;                                                                            &lt;option value=&quot;7&quot;&gt;200 - 250m2&lt;/option&gt;                                                                            &lt;option value=&quot;8&quot;&gt;250 - 300m2&lt;/option&gt;                                                                            &lt;option value=&quot;9&quot;&gt;300 - 500m2&lt;/option&gt;                                                                            &lt;option value=&quot;10&quot;&gt;&gt;= 500m2&lt;/option&gt;                                                                    &lt;/select&gt;                            &lt;/div&gt;                            &lt;div class=&quot;input&quot;&gt;                                &lt;select class=&quot;select2-search&quot; data-width=&quot;100%&quot; name=&quot;price_range_id&quot;&gt;                                    &lt;option value=&quot;&quot;&gt;--Chọn mức giá--&lt;/option&gt;                                                                            &lt;option value=&quot;11&quot;&gt;&lt; 500 triệu&lt;/option&gt;                                                                            &lt;option value=&quot;12&quot;&gt;500 - 800 triệu&lt;/option&gt;                                                                            &lt;option selected=&quot;&quot; value=&quot;13&quot;&gt;800 triệu - 1 tỷ&lt;/option&gt;                                                                            &lt;option value=&quot;14&quot;&gt;1 - 2 tỷ&lt;/option&gt;                                                                            &lt;option value=&quot;15&quot;&gt;2 - 3 tỷ&lt;/option&gt;                                                                            &lt;option value=&quot;16&quot;&gt;3 - 5 tỷ&lt;/option&gt;                                                                            &lt;option value=&quot;17&quot;&gt;5 - 7 tỷ&lt;/option&gt;                                                                            &lt;option value=&quot;18&quot;&gt;7 - 10 tỷ&lt;/option&gt;                                                                            &lt;option value=&quot;19&quot;&gt;10 - 20 tỷ&lt;/option&gt;                                                                            &lt;option value=&quot;20&quot;&gt;20 - 30 tỷ&lt;/option&gt;                                                                            &lt;option value=&quot;21&quot;&gt;&gt; 30 tỷ&lt;/option&gt;                                                                    &lt;/select&gt;                            &lt;/div&gt;                            &lt;div class=&quot;input advanced-search active&quot;&gt;                                &lt;select class=&quot;select2-search select-ward&quot; data-width=&quot;100%&quot; name=&quot;ward_id&quot;&gt;                                    &lt;option value=&quot;&quot;&gt;--Chọn Phường/Xã--&lt;/option&gt;                                                                            &lt;option selected=&quot;&quot; value=&quot;1692&quot;&gt;Phường Diên Khánh&lt;/option&gt;                                                                            &lt;option value=&quot;1693&quot;&gt;Xã Diên An&lt;/option&gt;                                                                            &lt;option value=&quot;1694&quot;&gt;Xã Diên Bình&lt;/option&gt;                                                                            &lt;option value=&quot;1695&quot;&gt;Xã Diên Điền&lt;/option&gt;                                                                            &lt;option value=&quot;1696&quot;&gt;Xã Diên Đồng&lt;/option&gt;                                                                            &lt;option value=&quot;1697&quot;&gt;Xã Diên Hòa&lt;/option&gt;                                                                            &lt;option value=&quot;1698&quot;&gt;Xã Diên Lạc&lt;/option&gt;                                                                            &lt;option value=&quot;1699&quot;&gt;Xã Diên Lâm&lt;/option&gt;                                                                            &lt;option value=&quot;1701&quot;&gt;Xã Diên Lộc&lt;/option&gt;                                                                            &lt;option value=&quot;1702&quot;&gt;Xã Diên Phú&lt;/option&gt;                                                                            &lt;option value=&quot;1703&quot;&gt;Xã Diên Phước&lt;/option&gt;                                                                            &lt;option value=&quot;1704&quot;&gt;Xã Diên Sơn&lt;/option&gt;                                                                            &lt;option value=&quot;1705&quot;&gt;Xã Diên Tân&lt;/option&gt;                                                                            &lt;option value=&quot;1706&quot;&gt;Xã Diên Thạnh&lt;/option&gt;                                                                            &lt;option value=&quot;1707&quot;&gt;Xã Diên Thọ&lt;/option&gt;                                                                            &lt;option value=&quot;1709&quot;&gt;Xã Diên Xuân&lt;/option&gt;                                                                            &lt;option value=&quot;1713&quot;&gt;Xã Suối Hiệp&lt;/option&gt;                                                                            &lt;option value=&quot;1714&quot;&gt;Xã Suối Tiên&lt;/option&gt;                                                                            &lt;option value=&quot;12249&quot;&gt;Xã Diên Toàn&lt;/option&gt;                                                                    &lt;/select&gt;                            &lt;/div&gt;                            &lt;div class=&quot;input advanced-search active&quot;&gt;                                &lt;select class=&quot;select2-search select-street&quot; data-width=&quot;100%&quot; name=&quot;street_id&quot;&gt;                                    &lt;option value=&quot;&quot;&gt;--Chọn Đường/Phố--&lt;/option&gt;                                                                            &lt;option value=&quot;3789&quot;&gt;1&lt;/option&gt;                                                                            &lt;option value=&quot;3788&quot;&gt;2&lt;/option&gt;                                                                            &lt;option value=&quot;6540&quot;&gt;23/10&lt;/option&gt;                                                                            &lt;option value=&quot;2520&quot;&gt;39&lt;/option&gt;                                                                            &lt;option value=&quot;3688&quot;&gt;An Định&lt;/option&gt;                                                                            &lt;option value=&quot;12679&quot;&gt;Bầu Đá&lt;/option&gt;                                                                            &lt;option value=&quot;845&quot;&gt;Cao Bá Quát&lt;/option&gt;                                                                            &lt;option value=&quot;13120&quot;&gt;Cây Duối&lt;/option&gt;                                                                            &lt;option value=&quot;11905&quot;&gt;Chín Khúc&lt;/option&gt;                                                                            &lt;option value=&quot;10771&quot;&gt;Đề Dai&lt;/option&gt;                                                                            &lt;option value=&quot;940&quot;&gt;Đồng Khởi&lt;/option&gt;                                                                            &lt;option value=&quot;13264&quot;&gt;Gò Thập&lt;/option&gt;                                                                            &lt;option value=&quot;755&quot;&gt;Hà Huy Tập&lt;/option&gt;                                                                            &lt;option value=&quot;792&quot;&gt;Hoàng Hoa Thám&lt;/option&gt;                                                                            &lt;option value=&quot;610&quot;&gt;Hùng Vương&lt;/option&gt;                                                                            &lt;option value=&quot;7869&quot;&gt;Hương lộ 39&lt;/option&gt;                                                                            &lt;option value=&quot;7627&quot;&gt;Hương lộ 45&lt;/option&gt;                                                                            &lt;option value=&quot;2524&quot;&gt;Hương lộ 62&lt;/option&gt;                                                                            &lt;option value=&quot;454&quot;&gt;Kim Đồng&lt;/option&gt;                                                                            &lt;option value=&quot;621&quot;&gt;Lạc Long Quân&lt;/option&gt;                                                                            &lt;option value=&quot;12956&quot;&gt;Lầu Ông Huyện&lt;/option&gt;                                                                            &lt;option value=&quot;11458&quot;&gt;Liên Tổ&lt;/option&gt;                                                                            &lt;option value=&quot;8362&quot;&gt;Liên Xã&lt;/option&gt;                                                                            &lt;option value=&quot;237&quot;&gt;Lý Thái Tổ&lt;/option&gt;                                                                            &lt;option value=&quot;362&quot;&gt;Lý Tự Trọng&lt;/option&gt;                                                                            &lt;option value=&quot;8794&quot;&gt;Miếu Tiền Hiền&lt;/option&gt;                                                                            &lt;option value=&quot;560&quot;&gt;Nguyễn Bỉnh Khiêm&lt;/option&gt;                                                                            &lt;option value=&quot;517&quot;&gt;Nguyễn Công Trứ&lt;/option&gt;                                                                            &lt;option value=&quot;65&quot;&gt;Nguyễn Trãi&lt;/option&gt;                                                                            &lt;option value=&quot;2092&quot;&gt;Quốc lộ 1A&lt;/option&gt;                                                                            &lt;option value=&quot;11719&quot;&gt;Thành Hồ&lt;/option&gt;                                                                            &lt;option value=&quot;12260&quot;&gt;Thông Tin&lt;/option&gt;                                                                            &lt;option value=&quot;8165&quot;&gt;Tỉnh Lộ 2&lt;/option&gt;                                                                            &lt;option value=&quot;7635&quot;&gt;Tỉnh lộ 8&lt;/option&gt;                                                                            &lt;option value=&quot;386&quot;&gt;Trần Quý Cáp&lt;/option&gt;                                                                            &lt;option value=&quot;8795&quot;&gt;Trường Lạc&lt;/option&gt;                                                                    &lt;/select&gt;                            &lt;/div&gt;                            &lt;div class=&quot;input advanced-search active&quot;&gt;                                &lt;select class=&quot;select2-search&quot; data-width=&quot;100%&quot; name=&quot;room_number_range_id&quot;&gt;                                    &lt;option value=&quot;&quot;&gt;--Chọn số phòng ngủ--&lt;/option&gt;                                                                            &lt;option value=&quot;22&quot;&gt;1+&lt;/option&gt;                                                                            &lt;option value=&quot;23&quot;&gt;2+&lt;/option&gt;                                                                            &lt;option value=&quot;24&quot;&gt;3+&lt;/option&gt;                                                                            &lt;option value=&quot;25&quot;&gt;4+&lt;/option&gt;                                                                            &lt;option value=&quot;26&quot;&gt;5+&lt;/option&gt;                                                                    &lt;/select&gt;                            &lt;/div&gt;                            &lt;div class=&quot;input advanced-search active&quot;&gt;                                &lt;select class=&quot;select2-search&quot; data-width=&quot;100%&quot; name=&quot;home_direction&quot;&gt;                                    &lt;option value=&quot;&quot;&gt;--Chọn hướng nhà--&lt;/option&gt;                                                                            &lt;option value=&quot;0&quot;&gt;KXĐ&lt;/option&gt;                                                                            &lt;option value=&quot;1&quot;&gt;Đông&lt;/option&gt;                                                                            &lt;option value=&quot;2&quot;&gt;Tây&lt;/option&gt;                                                                            &lt;option selected=&quot;&quot; value=&quot;3&quot;&gt;Nam&lt;/option&gt;                                                                            &lt;option value=&quot;4&quot;&gt;Bắc&lt;/option&gt;                                                                            &lt;option value=&quot;5&quot;&gt;Đông-Bắc&lt;/option&gt;                                                                            &lt;option value=&quot;6&quot;&gt;Tây-Bắc&lt;/option&gt;                                                                            &lt;option value=&quot;7&quot;&gt;Tây-Nam&lt;/option&gt;                                                                            &lt;option value=&quot;8&quot;&gt;Đông-Nam&lt;/option&gt;                                                                    &lt;/select&gt;                            &lt;/div&gt;                        &lt;/div&gt;                    &lt;/div&gt;                    &lt;div class=&quot;actions&quot;&gt;                        &lt;a href=&quot;javascript:void(0);&quot; id=&quot;show_hide_advanced_search&quot;&gt;                            &lt;span class=&quot;hide-status&quot;&gt;Ẩn tìm nâng cao&lt;/span&gt;                            &lt;span class=&quot;show-status&quot;&gt;Tìm nâng cao&lt;/span&gt;&lt;/a&gt;                        &lt;button class=&quot;btn btn-flat background-green color-white&quot; id=&quot;search-tools-submit&quot; type=&quot;submit&quot;&gt;                            &lt;i class=&quot;glyphicon glyphicon-search&quot;/&gt;                            &lt;b&gt;Tìm kiếm&lt;/b&gt;                        &lt;/button&gt;                    &lt;/div&gt;                &lt;/form&gt;                            &lt;/div&gt;" SourceIndex="542;548" TableNum="0" TextLen="87" order="17" xPath="/html[1]/body[1]/div[1]/div[2]/div[4]/div[1]/div[2]/div[1]"/>
</LayoutNode>
</LayoutNode>
<LayoutNode BgColor="#ffffff" ContainImg="0" ContainP="0" ContainTable="false" Content="(batdongsan.com.vn) " DOMCldNum="7" DoC="10" FontSize="12" FontWeight="700" FormNum="0" FormSize="0" FrameSourceIndex="0" ID="1-5" InteractionNum="0" InteractionSize="0" IsImg="false" LinkNum="0" LinkTextLen="0" ObjectHeight="18" ObjectRectHeight="18" ObjectRectLeft="0" ObjectRectTop="1421" ObjectRectWidth="1420" ObjectWidth="710" ObjectX="210" ObjectY="1421" OptionNum="0" OptionTextLength="0" ParaNum="0" SRC="&lt;div class=&quot;post-source&quot;&gt;(batdongsan.com.vn)&lt;/div&gt;" SourceIndex="1303" TableNum="0" TextLen="19" order="18" xPath="/html[1]/body[1]/div[1]/div[2]/div[4]/div[2]/div[1]/div[5]/div[3]"/>
<LayoutNode BgColor="#055699" ContainImg="0" ContainP="0" ContainTable="false" Content="Xem ảnh " DOMCldNum="7" DoC="10" FontSize="12" FontWeight="700" FormNum="0" FormSize="0" FrameSourceIndex="0" ID="1-6" InteractionNum="0" InteractionSize="0" IsImg="false" LinkNum="0" LinkTextLen="0" ObjectHeight="18" ObjectRectHeight="18" ObjectRectLeft="0" ObjectRectTop="1465" ObjectRectWidth="1420" ObjectWidth="213" ObjectX="211" ObjectY="1465" OptionNum="0" OptionTextLength="0" ParaNum="0" SRC="&lt;div class=&quot;block-title active&quot; content-id=&quot;#post-images&quot;&gt;Xem ảnh&lt;/div&gt;" SourceIndex="1309" TableNum="0" TextLen="7" order="19" xPath="/html[1]/body[1]/div[1]/div[2]/div[4]/div[2]/div[1]/div[6]/div[1]"/>
<LayoutNode BgColor="#ffffff" ContainImg="1" ContainP="0" ContainTable="false" Content=" " DOMCldNum="3" DoC="8" FontSize="12" FontWeight="normal" FormNum="0" FormSize="0" FrameSourceIndex="0" ID="1-7" InteractionNum="0" InteractionSize="0" IsImg="false" LinkNum="2" LinkTextLen="0" ObjectHeight="300" ObjectRectHeight="300" ObjectRectLeft="0" ObjectRectTop="1498" ObjectRectWidth="1420" ObjectWidth="708" ObjectX="211" ObjectY="1498" OptionNum="0" OptionTextLength="0" ParaNum="0" SRC="&lt;div class=&quot;fotorama&quot; data-fit=&quot;contain&quot; data-nav=&quot;thumbs&quot; data-ratio=&quot;800/600&quot; data-thumbheight=&quot;90&quot; data-thumbwidth=&quot;120&quot; data-width=&quot;730&quot;&gt;                                                    &lt;a href=&quot;https://timnhadat.net.vn/storage/images/posts/id_733956/20200423002415-c70f_wm.jpg?ver=1593157044&quot;&gt;&lt;img alt=&quot;Hot bán những vị trí đẹp nhất, vip nhất KĐT Nam Sông Cái - Nha Trang Pearl. LH 0947066135&quot; src=&quot;https://timnhadat.net.vn/storage/images/posts/id_733956/thumbs/c_200_200_20200423002415-c70f_wm.jpg?ver=1593157044&quot;/&gt;&lt;/a&gt;                                                    &lt;a href=&quot;https://timnhadat.net.vn/storage/images/posts/id_733956/20200423002415-b4c5_wm.jpg?ver=1593157044&quot;&gt;&lt;img alt=&quot;Hot bán những vị trí đẹp nhất, vip nhất KĐT Nam Sông Cái - Nha Trang Pearl. LH 0947066135&quot; src=&quot;https://timnhadat.net.vn/storage/images/posts/id_733956/thumbs/c_200_200_20200423002415-b4c5_wm.jpg?ver=1593157044&quot;/&gt;&lt;/a&gt;                                                    &lt;a href=&quot;https://timnhadat.net.vn/storage/images/posts/id_733956/20200423002415-bcf1_wm.jpg?ver=1593157044&quot;&gt;&lt;img alt=&quot;Hot bán những vị trí đẹp nhất, vip nhất KĐT Nam Sông Cái - Nha Trang Pearl. LH 0947066135&quot; src=&quot;https://timnhadat.net.vn/storage/images/posts/id_733956/thumbs/c_200_200_20200423002415-bcf1_wm.jpg?ver=1593157044&quot;/&gt;&lt;/a&gt;                                                    &lt;a href=&quot;https://timnhadat.net.vn/storage/images/posts/id_733956/20200423002416-277f_wm.jpg?ver=1593157044&quot;&gt;&lt;img alt=&quot;Hot bán những vị trí đẹp nhất, vip nhất KĐT Nam Sông Cái - Nha Trang Pearl. LH 0947066135&quot; src=&quot;https://timnhadat.net.vn/storage/images/posts/id_733956/thumbs/c_200_200_20200423002416-277f_wm.jpg?ver=1593157044&quot;/&gt;&lt;/a&gt;                                                    &lt;a href=&quot;https://timnhadat.net.vn/storage/images/posts/id_733956/20200423002416-af78_wm.jpg?ver=1593157044&quot;&gt;&lt;img alt=&quot;Hot bán những vị trí đẹp nhất, vip nhất KĐT Nam Sông Cái - Nha Trang Pearl. LH 0947066135&quot; src=&quot;https://timnhadat.net.vn/storage/images/posts/id_733956/thumbs/c_200_200_20200423002416-af78_wm.jpg?ver=1593157044&quot;/&gt;&lt;/a&gt;                                            &lt;/div&gt;" SourceIndex="1316" TableNum="0" TextLen="0" order="20" xPath="/html[1]/body[1]/div[1]/div[2]/div[4]/div[2]/div[1]/div[6]/div[3]/div[1]"/>
<LayoutNode BgColor="#ffffff" ContainImg="0" ContainP="0" ContainTable="true" Content="Đặc điểm bất động sản Loại tin rao Bán đất nền dự án Địa chỉ Dự án KĐT Nam Sông Cái, Đường Trần Quý Cáp, Thị trấn Diên Khánh, Diên Khánh, Khánh Hòa Hướng nhà Nam Liên hệ Tên liên hệ Nguyen Anh Tuan Di động 0947066135 Email anhtuankhatoco@gmail.com " DOMCldNum="0" DoC="8" FontSize="12" FontWeight="normal" FormNum="0" FormSize="0" FrameSourceIndex="0" ID="1-8" InteractionNum="0" InteractionSize="0" IsImg="false" LinkNum="0" LinkTextLen="0" ObjectHeight="134" ObjectRectHeight="134" ObjectRectLeft="0" ObjectRectTop="1819" ObjectRectWidth="1420" ObjectWidth="734" ObjectX="200" ObjectY="1819" OptionNum="0" OptionTextLength="0" ParaNum="0" SRC="&lt;tr class=&quot;Xanonymous&quot; style=&quot;display:table-row&quot;/&gt;" SourceIndex="0" TableNum="0" TextLen="233" order="21" xPath="No Xpath"/>
<LayoutNode BgColor="#ffffff" ContainImg="0" ContainP="0" ContainTable="false" Content="Tìm kiếm theo từ khóa:  Bán đất nền dự án tại Huyện Diên Khánh Khánh Hòa ,  Bán đất nền dự án tại Phường Diên Khánh ,  ,  Bán đất nền dự án tại Phường Diên Khánh Huyện Diên Khánh  " DOMCldNum="23" DoC="5" FontSize="12" FontWeight="700" FormNum="0" FormSize="0" FrameSourceIndex="0" ID="1-9" InteractionNum="0" InteractionSize="0" IsImg="false" LinkNum="10" LinkTextLen="180" ObjectHeight="36" ObjectRectHeight="36" ObjectRectLeft="0" ObjectRectTop="1973" ObjectRectWidth="1420" ObjectWidth="730" ObjectX="200" ObjectY="1973" OptionNum="0" OptionTextLength="0" ParaNum="0" SRC="&lt;div class=&quot;tagpanel&quot; id=&quot;LeftMainContent__productDetail_panelTag&quot;&gt;            Tìm kiếm theo từ khóa:                             &lt;a href=&quot;https://timnhadat.net.vn/tim-nang-cao?category_id1=1&amp;category_id2=8&amp;city_id=6&amp;district_id=344&amp;search_keyword=B%C3%A1n+%C4%91%E1%BA%A5t+n%E1%BB%81n+d%E1%BB%B1+%C3%A1n+t%E1%BA%A1i+Huy%E1%BB%87n+Di%C3%AAn+Kh%C3%A1nh+Kh%C3%A1nh+H%C3%B2a&quot; title=&quot;Bán đất nền dự án tại Huyện Diên Khánh Khánh Hòa&quot;&gt;Bán đất nền dự án tại Huyện Diên Khánh Khánh Hòa&lt;/a&gt;                                                                    , &lt;a href=&quot;https://timnhadat.net.vn/tim-nang-cao?category_id1=1&amp;category_id2=8&amp;city_id=6&amp;district_id=344&amp;ward_id=1692&amp;search_keyword=B%C3%A1n+%C4%91%E1%BA%A5t+n%E1%BB%81n+d%E1%BB%B1+%C3%A1n+t%E1%BA%A1i+Ph%C6%B0%E1%BB%9Dng+Di%C3%AAn+Kh%C3%A1nh&quot; title=&quot;Bán đất nền dự án tại Phường Diên Khánh&quot;&gt;Bán đất nền dự án tại Phường Diên Khánh&lt;/a&gt;                                                        , &lt;a href=&quot;https://timnhadat.net.vn/tim-nang-cao?category_id1=1&amp;category_id2=8&amp;city_id=6&amp;district_id=344&amp;search_keyword=B%C3%A1n+%C4%91%E1%BA%A5t+n%E1%BB%81n+d%E1%BB%B1+%C3%A1n+t%E1%BA%A1i+Huy%E1%BB%87n+Di%C3%AAn+Kh%C3%A1nh&quot; title=&quot;Bán đất nền dự án tại Huyện Diên Khánh&quot;&gt;Bán đất nền dự án tại Huyện Diên Khánh&lt;/a&gt;                                                        , &lt;a href=&quot;https://timnhadat.net.vn/tim-nang-cao?category_id1=1&amp;category_id2=8&amp;city_id=6&amp;district_id=344&amp;ward_id=1692&amp;search_keyword=B%C3%A1n+%C4%91%E1%BA%A5t+n%E1%BB%81n+d%E1%BB%B1+%C3%A1n+t%E1%BA%A1i+Ph%C6%B0%E1%BB%9Dng+Di%C3%AAn+Kh%C3%A1nh+Huy%E1%BB%87n+Di%C3%AAn+Kh%C3%A1nh&quot; title=&quot;Bán đất nền dự án tại Phường Diên Khánh Huyện Diên Khánh&quot;&gt;Bán đất nền dự án tại Phường Diên Khánh Huyện Diên Khánh&lt;/a&gt;                     &lt;/div&gt;" SourceIndex="1421" TableNum="0" TextLen="214" order="22" xPath="/html[1]/body[1]/div[1]/div[2]/div[4]/div[2]/div[1]/div[9]"/>
<LayoutNode BgColor="#ffffff" ContainImg="1" ContainP="0" ContainTable="false" Content="Mã tin đăng: 2006260644Gói tin rao: Diamond VIPNgày bắt đầu: 26-06-2020Ngày kết thúc: 26-07-2020 Nhận các thông tin BĐS phù hợp với yêu cầu của bạn qua email × Đăng ký để nhận được tin rao bất động sản mới và nhanh nhất Vui lòng nhập các tiêu chí tìm kiếm để nhận các bất động sản phù hợp Tần suất nhận thư báo: Ngay tức thì Hàng ngày Hàng tuần Hình thức: Nhà đất bán Nhà đất cho thuê Loại tin rao: --Chọn loại nhà đất-- - Bán căn hộ chung cư - Tất cả các loại nhà bán + Bán nhà riêng + Bán nhà biệt thự, liền kề + Bán nhà mặt phố - Tất cả các loại đất bán + Bán đất nền dự án + Bán đất - Bán trang trại, khu nghỉ dưỡng - Bán kho, nhà xưởng - Bán loại bất động sản khác Tỉnh/Thành Phố: --Chọn Tỉnh/Thành phố-- Hồ Chí Minh Hà Nội Đà Nẵng Bình Dương Đồng Nai Khánh Hòa Hải Phòng Long An Quảng Nam Bà Rịa Vũng Tàu Đắk Lắk Cần Thơ Bình Thuận Lâm Đồng Thừa Thiên Huế Kiên Giang Bắc Ninh Quảng Ninh Thanh Hóa Nghệ An Hải Dương Gia Lai Bình Phước Hưng Yên Bình Định Tiền Giang Thái Bình Bắc Giang Hòa Bình An Giang Vĩnh Phúc Tây Ninh Thái Nguyên Lào Cai Nam Định Quảng Ngãi Bến Tre Đắk Nông Cà Mau Vĩnh Long Ninh Bình Phú Thọ Ninh Thuận Phú Yên Hà Nam Hà Tĩnh Đồng Tháp Sóc Trăng Kon Tum Quảng Bình Quảng Trị Trà Vinh Hậu Giang Sơn La Bạc Liêu Yên Bái Tuyên Quang Điện Biên Lai Châu Lạng Sơn Hà Giang Bắc Kạn Cao Bằng Quận/Huyện: --Chọn Quận/Huyện-- Huyện Cam Lâm Huyện Diên Khánh Huyện Khánh Sơn Huyện Khánh Vĩnh Thị xã Ninh Hòa Huyện Trường Sa Huyện Vạn Ninh Thành phố Nha Trang Thành phố Cam Ranh Diện tích: --Chọn diện tích-- &lt;= 30m2 30 - 50m2 50 - 80m2 80 - 100m2 100 - 150m2 150 - 200m2 200 - 250m2 250 - 300m2 300 - 500m2 &gt;= 500m2 Giá: --Chọn mức giá-- &lt; 500 triệu 500 - 800 triệu 800 triệu - 1 tỷ 1 - 2 tỷ 2 - 3 tỷ 3 - 5 tỷ 5 - 7 tỷ 7 - 10 tỷ 10 - 20 tỷ 20 - 30 tỷ &gt; 30 tỷ Phường/ Xã: --Chọn Phường/Xã-- Phường Diên Khánh Xã Diên An Xã Diên Bình Xã Diên Điền Xã Diên Đồng Xã Diên Hòa Xã Diên Lạc Xã Diên Lâm Xã Diên Lộc Xã Diên Phú Xã Diên Phước Xã Diên Sơn Xã Diên Tân Xã Diên Thạnh Xã Diên Thọ Xã Diên Xuân Xã Suối Hiệp Xã Suối Tiên Xã Diên Toàn Đường/Phố: --Chọn Đường/Phố-- 1 2 23/10 39 An Định Bầu Đá Cao Bá Quát Cây Duối Chín Khúc Đề Dai Đồng Khởi Gò Thập Hà Huy Tập Hoàng Hoa Thám Hùng Vương Hương lộ 39 Hương lộ 45 Hương lộ 62 Kim Đồng Lạc Long Quân Lầu Ông Huyện Liên Tổ Liên Xã Lý Thái Tổ Lý Tự Trọng Miếu Tiền Hiền Nguyễn Bỉnh Khiêm Nguyễn Công Trứ Nguyễn Trãi Quốc lộ 1A Thành Hồ Thông Tin Tỉnh Lộ 2 Tỉnh lộ 8 Trần Quý Cáp Trường Lạc Số phòng ngủ: --Chọn số phòng ngủ-- 1+ 2+ 3+ 4+ 5+ Hướng nhà: --Chọn hướng nhà-- KXĐ Đông Tây Nam Bắc Đông-Bắc Tây-Bắc Tây-Nam Đông-Nam Nhận thư báo Tiêu đề thư: Email: Họ và tên: Xác nhận Hủy bỏ Đăng ký " DOMCldNum="23" DoC="8" FontSize="12" FontWeight="normal" FormNum="0" FormSize="0" FrameSourceIndex="0" ID="1-10" InteractionNum="0" InteractionSize="0" IsImg="false" LinkNum="8" LinkTextLen="63" ObjectHeight="113" ObjectRectHeight="113" ObjectRectLeft="0" ObjectRectTop="2024" ObjectRectWidth="1420" ObjectWidth="720" ObjectX="205" ObjectY="2024" OptionNum="0" OptionTextLength="0" ParaNum="0" SRC="&lt;div class=&quot;post-time&quot;&gt;            &lt;div class=&quot;post-code&quot;&gt;&lt;span class=&quot;lb&quot;&gt;Mã tin đăng&lt;span class=&quot;pc&quot;&gt;:&lt;/span&gt;&lt;/span&gt;                &lt;span&gt;2006260644&lt;/span&gt;&lt;/div&gt;            &lt;div class=&quot;post-time-d&quot;&gt;&lt;span class=&quot;lb&quot;&gt;Gói tin rao&lt;span class=&quot;pc&quot;&gt;:&lt;/span&gt;&lt;/span&gt; &lt;span&gt;Diamond VIP&lt;/span&gt;&lt;/div&gt;            &lt;div class=&quot;post-time-d&quot;&gt;&lt;span class=&quot;lb&quot;&gt;Ngày bắt đầu&lt;span class=&quot;pc&quot;&gt;:&lt;/span&gt;&lt;/span&gt;                &lt;span&gt;26-06-2020&lt;/span&gt;&lt;/div&gt;            &lt;div class=&quot;post-time-d&quot;&gt;&lt;span class=&quot;lb&quot;&gt;Ngày kết thúc&lt;span class=&quot;pc&quot;&gt;:&lt;/span&gt;&lt;/span&gt; &lt;span&gt;26-07-2020&lt;/span&gt;&lt;/div&gt;            &lt;div class=&quot;received_posts&quot;&gt;        &lt;div class=&quot;buttons&quot;&gt;        &lt;a class=&quot;btn btn-default add_receive_mail_btn&quot; data-target=&quot;#addReceivedPostModal&quot; data-toggle=&quot;modal&quot;&gt;            &lt;img src=&quot;https://timnhadat.net.vn/images/mail-icon.png&quot;/&gt; Nhận các thông tin BĐS phù hợp với yêu cầu của bạn qua email        &lt;/a&gt;    &lt;/div&gt;        &lt;div aria-labelledby=&quot;addReceivedPostModalLabel&quot; class=&quot;modal fade&quot; id=&quot;addReceivedPostModal&quot; role=&quot;dialog&quot;&gt;        &lt;div class=&quot;modal-dialog&quot; role=&quot;document&quot;&gt;            &lt;div class=&quot;modal-content&quot;&gt;                &lt;div class=&quot;modal-header&quot;&gt;                    &lt;button aria-label=&quot;Close&quot; class=&quot;close&quot; data-dismiss=&quot;modal&quot; type=&quot;button&quot;&gt;&lt;span aria-hidden=&quot;true&quot;&gt;×&lt;/span&gt;&lt;/button&gt;                    &lt;div class=&quot;modal-title&quot; id=&quot;addReceivedPostModalLabel&quot;&gt;Đăng ký để nhận được tin rao bất động sản mới và nhanh nhất&lt;/div&gt;                &lt;/div&gt;                &lt;div class=&quot;modal-body&quot;&gt;                    &lt;form action=&quot;https://timnhadat.net.vn/addReceivedPost&quot; id=&quot;addReceivedPostForm&quot; method=&quot;post&quot;&gt;                        &lt;input name=&quot;_token&quot; type=&quot;hidden&quot; value=&quot;xrf1W3csCIWQHwvNHeWhNIWcGZ3fGYe2h1hZwQ85&quot;/&gt;                        &lt;p&gt;Vui lòng nhập các tiêu chí tìm kiếm để nhận các bất động sản phù hợp&lt;/p&gt;                        &lt;div class=&quot;form-group clearfix&quot;&gt;                            &lt;label class=&quot;control-label col-md-4&quot;&gt;Tần suất nhận thư báo:&lt;/label&gt;                            &lt;div class=&quot;col-md-8&quot;&gt;                                                                                                    &lt;label class=&quot;radio-label&quot;&gt;&lt;input checked=&quot;&quot; class=&quot;form-control iCheck&quot; name=&quot;frequency&quot; type=&quot;radio&quot; value=&quot;0&quot;/&gt; Ngay tức thì&lt;/label&gt;                                                                                                        &lt;label class=&quot;radio-label&quot;&gt;&lt;input class=&quot;form-control iCheck&quot; name=&quot;frequency&quot; type=&quot;radio&quot; value=&quot;1&quot;/&gt; Hàng ngày&lt;/label&gt;                                                                                                        &lt;label class=&quot;radio-label&quot;&gt;&lt;input class=&quot;form-control iCheck&quot; name=&quot;frequency&quot; type=&quot;radio&quot; value=&quot;2&quot;/&gt; Hàng tuần&lt;/label&gt;                                                                                                &lt;/div&gt;                        &lt;/div&gt;                        &lt;div class=&quot;form-group clearfix&quot;&gt;                            &lt;label class=&quot;control-label col-md-4&quot; for=&quot;category_id1&quot;&gt;Hình thức:&lt;/label&gt;                            &lt;div class=&quot;col-md-8&quot;&gt;                                &lt;select class=&quot;select2 select-category-1&quot; data-width=&quot;100%&quot; name=&quot;search_category_id1&quot;&gt;                                                                            &lt;option selected=&quot;&quot; value=&quot;1&quot;&gt;Nhà đất bán&lt;/option&gt;                                                                            &lt;option value=&quot;13&quot;&gt;Nhà đất cho thuê&lt;/option&gt;                                                                    &lt;/select&gt;                            &lt;/div&gt;                        &lt;/div&gt;                        &lt;div class=&quot;form-group clearfix&quot;&gt;                            &lt;label class=&quot;control-label col-md-4&quot;&gt;Loại tin rao:&lt;/label&gt;                            &lt;div class=&quot;col-md-8&quot;&gt;                                &lt;select class=&quot;select2-search select-category-2&quot; data-width=&quot;100%&quot; name=&quot;search_category_id2&quot;&gt;                                    &lt;option value=&quot;&quot;&gt;--Chọn loại nhà đất--&lt;/option&gt;                                                                                                                        &lt;option value=&quot;2&quot;&gt;- Bán căn hộ chung cư&lt;/option&gt;                                                                                                                                                                                                                            &lt;option value=&quot;3&quot;&gt;- Tất cả các loại nhà bán&lt;/option&gt;                                                                                                                                                &lt;option value=&quot;4&quot;&gt;+ Bán nhà riêng&lt;/option&gt;                                                                                                    &lt;option value=&quot;5&quot;&gt;+ Bán nhà biệt thự, liền kề&lt;/option&gt;                                                                                                    &lt;option value=&quot;6&quot;&gt;+ Bán nhà mặt phố&lt;/option&gt;                                                                                                                                                                                &lt;option value=&quot;7&quot;&gt;- Tất cả các loại đất bán&lt;/option&gt;                                                                                                                                                &lt;option selected=&quot;&quot; value=&quot;8&quot;&gt;+ Bán đất nền dự án&lt;/option&gt;                                                                                                    &lt;option value=&quot;9&quot;&gt;+ Bán đất&lt;/option&gt;                                                                                                                                                                                &lt;option value=&quot;10&quot;&gt;- Bán trang trại, khu nghỉ dưỡng&lt;/option&gt;                                                                                                                                                                                                                            &lt;option value=&quot;11&quot;&gt;- Bán kho, nhà xưởng&lt;/option&gt;                                                                                                                                                                                                                            &lt;option value=&quot;12&quot;&gt;- Bán loại bất động sản khác&lt;/option&gt;                                                                                                                                                                                                                                                    &lt;/select&gt;                            &lt;/div&gt;                        &lt;/div&gt;                        &lt;div class=&quot;form-group clearfix&quot;&gt;                            &lt;label class=&quot;control-label col-md-4&quot;&gt;Tỉnh/Thành Phố:&lt;/label&gt;                            &lt;div class=&quot;col-md-8&quot;&gt;                                &lt;select class=&quot;select2-search select-city&quot; data-width=&quot;100%&quot; name=&quot;city_id&quot;&gt;                                    &lt;option value=&quot;&quot;&gt;--Chọn Tỉnh/Thành phố--&lt;/option&gt;                                                                            &lt;option value=&quot;1&quot;&gt;Hồ Chí Minh&lt;/option&gt;                                                                            &lt;option value=&quot;2&quot;&gt;Hà Nội&lt;/option&gt;                                                                            &lt;option value=&quot;3&quot;&gt;Đà Nẵng&lt;/option&gt;                                                                            &lt;option value=&quot;4&quot;&gt;Bình Dương&lt;/option&gt;                                                                            &lt;option value=&quot;5&quot;&gt;Đồng Nai&lt;/option&gt;                                                                            &lt;option selected=&quot;&quot; value=&quot;6&quot;&gt;Khánh Hòa&lt;/option&gt;                                                                            &lt;option value=&quot;7&quot;&gt;Hải Phòng&lt;/option&gt;                                                                            &lt;option value=&quot;8&quot;&gt;Long An&lt;/option&gt;                                                                            &lt;option value=&quot;9&quot;&gt;Quảng Nam&lt;/option&gt;                                                                            &lt;option value=&quot;10&quot;&gt;Bà Rịa Vũng Tàu&lt;/option&gt;                                                                            &lt;option value=&quot;11&quot;&gt;Đắk Lắk&lt;/option&gt;                                                                            &lt;option value=&quot;12&quot;&gt;Cần Thơ&lt;/option&gt;                                                                            &lt;option value=&quot;13&quot;&gt;Bình Thuận  &lt;/option&gt;                                                                            &lt;option value=&quot;14&quot;&gt;Lâm Đồng&lt;/option&gt;                                                                            &lt;option value=&quot;15&quot;&gt;Thừa Thiên Huế&lt;/option&gt;                                                                            &lt;option value=&quot;16&quot;&gt;Kiên Giang&lt;/option&gt;                                                                            &lt;option value=&quot;17&quot;&gt;Bắc Ninh&lt;/option&gt;                                                                            &lt;option value=&quot;18&quot;&gt;Quảng Ninh&lt;/option&gt;                                                                            &lt;option value=&quot;19&quot;&gt;Thanh Hóa&lt;/option&gt;                                                                            &lt;option value=&quot;20&quot;&gt;Nghệ An&lt;/option&gt;                                                                            &lt;option value=&quot;21&quot;&gt;Hải Dương&lt;/option&gt;                                                                            &lt;option value=&quot;22&quot;&gt;Gia Lai&lt;/option&gt;                                                                            &lt;option value=&quot;23&quot;&gt;Bình Phước&lt;/option&gt;                                                                            &lt;option value=&quot;24&quot;&gt;Hưng Yên&lt;/option&gt;                                                                            &lt;option value=&quot;25&quot;&gt;Bình Định&lt;/option&gt;                                                                            &lt;option value=&quot;26&quot;&gt;Tiền Giang&lt;/option&gt;                                                                            &lt;option value=&quot;27&quot;&gt;Thái Bình&lt;/option&gt;                                                                            &lt;option value=&quot;28&quot;&gt;Bắc Giang&lt;/option&gt;                                                                            &lt;option value=&quot;29&quot;&gt;Hòa Bình&lt;/option&gt;                                                                            &lt;option value=&quot;30&quot;&gt;An Giang&lt;/option&gt;                                                                            &lt;option value=&quot;31&quot;&gt;Vĩnh Phúc&lt;/option&gt;                                                                            &lt;option value=&quot;32&quot;&gt;Tây Ninh&lt;/option&gt;                                                                            &lt;option value=&quot;33&quot;&gt;Thái Nguyên&lt;/option&gt;                                                                            &lt;option value=&quot;34&quot;&gt;Lào Cai&lt;/option&gt;                                                                            &lt;option value=&quot;35&quot;&gt;Nam Định&lt;/option&gt;                                                                            &lt;option value=&quot;36&quot;&gt;Quảng Ngãi&lt;/option&gt;                                                                            &lt;option value=&quot;37&quot;&gt;Bến Tre&lt;/option&gt;                                                                            &lt;option value=&quot;38&quot;&gt;Đắk Nông&lt;/option&gt;                                                                            &lt;option value=&quot;39&quot;&gt;Cà Mau&lt;/option&gt;                                                                            &lt;option value=&quot;40&quot;&gt;Vĩnh Long&lt;/option&gt;                                                                            &lt;option value=&quot;41&quot;&gt;Ninh Bình&lt;/option&gt;                                                                            &lt;option value=&quot;42&quot;&gt;Phú Thọ&lt;/option&gt;                                                                            &lt;option value=&quot;43&quot;&gt;Ninh Thuận&lt;/option&gt;                                                                            &lt;option value=&quot;44&quot;&gt;Phú Yên&lt;/option&gt;                                                                            &lt;option value=&quot;45&quot;&gt;Hà Nam&lt;/option&gt;                                                                            &lt;option value=&quot;46&quot;&gt;Hà Tĩnh&lt;/option&gt;                                                                            &lt;option value=&quot;47&quot;&gt;Đồng Tháp&lt;/option&gt;                                                                            &lt;option value=&quot;48&quot;&gt;Sóc Trăng&lt;/option&gt;                                                                            &lt;option value=&quot;49&quot;&gt;Kon Tum&lt;/option&gt;                                                                            &lt;option value=&quot;50&quot;&gt;Quảng Bình&lt;/option&gt;                                                                            &lt;option value=&quot;51&quot;&gt;Quảng Trị&lt;/option&gt;                                                                            &lt;option value=&quot;52&quot;&gt;Trà Vinh&lt;/option&gt;                                                                            &lt;option value=&quot;53&quot;&gt;Hậu Giang&lt;/option&gt;                                                                            &lt;option value=&quot;54&quot;&gt;Sơn La&lt;/option&gt;                                                                            &lt;option value=&quot;55&quot;&gt;Bạc Liêu&lt;/option&gt;                                                                            &lt;option value=&quot;56&quot;&gt;Yên Bái&lt;/option&gt;                                                                            &lt;option value=&quot;57&quot;&gt;Tuyên Quang&lt;/option&gt;                                                                            &lt;option value=&quot;58&quot;&gt;Điện Biên&lt;/option&gt;                                                                            &lt;option value=&quot;59&quot;&gt;Lai Châu&lt;/option&gt;                                                                            &lt;option value=&quot;60&quot;&gt;Lạng Sơn&lt;/option&gt;                                                                            &lt;option value=&quot;61&quot;&gt;Hà Giang&lt;/option&gt;                                                                            &lt;option value=&quot;62&quot;&gt;Bắc Kạn&lt;/option&gt;                                                                            &lt;option value=&quot;63&quot;&gt;Cao Bằng&lt;/option&gt;                                                                    &lt;/select&gt;                            &lt;/div&gt;                        &lt;/div&gt;                        &lt;div class=&quot;form-group clearfix&quot;&gt;                            &lt;label class=&quot;control-label col-md-4&quot;&gt;Quận/Huyện:&lt;/label&gt;                            &lt;div class=&quot;col-md-8&quot;&gt;                                &lt;select class=&quot;select2-search select-district&quot; data-width=&quot;100%&quot; name=&quot;district_id&quot;&gt;                                    &lt;option value=&quot;&quot;&gt;--Chọn Quận/Huyện--&lt;/option&gt;                                                                            &lt;option value=&quot;343&quot;&gt;Huyện Cam Lâm&lt;/option&gt;                                                                            &lt;option selected=&quot;&quot; value=&quot;344&quot;&gt;Huyện Diên Khánh&lt;/option&gt;                                                                            &lt;option value=&quot;345&quot;&gt;Huyện Khánh Sơn&lt;/option&gt;                                                                            &lt;option value=&quot;346&quot;&gt;Huyện Khánh Vĩnh&lt;/option&gt;                                                                            &lt;option value=&quot;347&quot;&gt;Thị xã Ninh Hòa&lt;/option&gt;                                                                            &lt;option value=&quot;348&quot;&gt;Huyện Trường Sa&lt;/option&gt;                                                                            &lt;option value=&quot;349&quot;&gt;Huyện Vạn Ninh&lt;/option&gt;                                                                            &lt;option value=&quot;350&quot;&gt;Thành phố Nha Trang&lt;/option&gt;                                                                            &lt;option value=&quot;351&quot;&gt;Thành phố Cam Ranh&lt;/option&gt;                                                                    &lt;/select&gt;                            &lt;/div&gt;                        &lt;/div&gt;                        &lt;div class=&quot;form-group clearfix&quot;&gt;                            &lt;label class=&quot;control-label col-md-4&quot;&gt;Diện tích:&lt;/label&gt;                            &lt;div class=&quot;col-md-8&quot;&gt;                                &lt;select class=&quot;select2-search&quot; data-width=&quot;100%&quot; name=&quot;area_range_id&quot;&gt;                                    &lt;option value=&quot;&quot;&gt;--Chọn diện tích--&lt;/option&gt;                                                                            &lt;option value=&quot;1&quot;&gt;&lt;= 30m2&lt;/option&gt;                                                                            &lt;option value=&quot;2&quot;&gt;30 - 50m2&lt;/option&gt;                                                                            &lt;option value=&quot;3&quot;&gt;50 - 80m2&lt;/option&gt;                                                                            &lt;option value=&quot;4&quot;&gt;80 - 100m2&lt;/option&gt;                                                                            &lt;option selected=&quot;&quot; value=&quot;5&quot;&gt;100 - 150m2&lt;/option&gt;                                                                            &lt;option value=&quot;6&quot;&gt;150 - 200m2&lt;/option&gt;                                                                            &lt;option value=&quot;7&quot;&gt;200 - 250m2&lt;/option&gt;                                                                            &lt;option value=&quot;8&quot;&gt;250 - 300m2&lt;/option&gt;                                                                            &lt;option value=&quot;9&quot;&gt;300 - 500m2&lt;/option&gt;                                                                            &lt;option value=&quot;10&quot;&gt;&gt;= 500m2&lt;/option&gt;                                                                    &lt;/select&gt;                            &lt;/div&gt;                        &lt;/div&gt;                        &lt;div class=&quot;form-group clearfix&quot;&gt;                            &lt;label class=&quot;control-label col-md-4&quot;&gt;Giá:&lt;/label&gt;                            &lt;div class=&quot;col-md-8&quot;&gt;                                &lt;select class=&quot;select2-search&quot; data-width=&quot;100%&quot; name=&quot;price_range_id&quot;&gt;                                    &lt;option value=&quot;&quot;&gt;--Chọn mức giá--&lt;/option&gt;                                                                            &lt;option value=&quot;11&quot;&gt;&lt; 500 triệu&lt;/option&gt;                                                                            &lt;option value=&quot;12&quot;&gt;500 - 800 triệu&lt;/option&gt;                                                                            &lt;option selected=&quot;&quot; value=&quot;13&quot;&gt;800 triệu - 1 tỷ&lt;/option&gt;                                                                            &lt;option value=&quot;14&quot;&gt;1 - 2 tỷ&lt;/option&gt;                                                                            &lt;option value=&quot;15&quot;&gt;2 - 3 tỷ&lt;/option&gt;                                                                            &lt;option value=&quot;16&quot;&gt;3 - 5 tỷ&lt;/option&gt;                                                                            &lt;option value=&quot;17&quot;&gt;5 - 7 tỷ&lt;/option&gt;                                                                            &lt;option value=&quot;18&quot;&gt;7 - 10 tỷ&lt;/option&gt;                                                                            &lt;option value=&quot;19&quot;&gt;10 - 20 tỷ&lt;/option&gt;                                                                            &lt;option value=&quot;20&quot;&gt;20 - 30 tỷ&lt;/option&gt;                                                                            &lt;option value=&quot;21&quot;&gt;&gt; 30 tỷ&lt;/option&gt;                                                                    &lt;/select&gt;                            &lt;/div&gt;                        &lt;/div&gt;                        &lt;div class=&quot;form-group clearfix&quot;&gt;                            &lt;label class=&quot;control-label col-md-4&quot;&gt;Phường/ Xã:&lt;/label&gt;                            &lt;div class=&quot;col-md-8&quot;&gt;                                &lt;select class=&quot;select2-search select-ward&quot; data-width=&quot;100%&quot; name=&quot;ward_id&quot;&gt;                                    &lt;option value=&quot;&quot;&gt;--Chọn Phường/Xã--&lt;/option&gt;                                                                            &lt;option selected=&quot;&quot; value=&quot;1692&quot;&gt;Phường Diên Khánh&lt;/option&gt;                                                                            &lt;option value=&quot;1693&quot;&gt;Xã Diên An&lt;/option&gt;                                                                            &lt;option value=&quot;1694&quot;&gt;Xã Diên Bình&lt;/option&gt;                                                                            &lt;option value=&quot;1695&quot;&gt;Xã Diên Điền&lt;/option&gt;                                                                            &lt;option value=&quot;1696&quot;&gt;Xã Diên Đồng&lt;/option&gt;                                                                            &lt;option value=&quot;1697&quot;&gt;Xã Diên Hòa&lt;/option&gt;                                                                            &lt;option value=&quot;1698&quot;&gt;Xã Diên Lạc&lt;/option&gt;                                                                            &lt;option value=&quot;1699&quot;&gt;Xã Diên Lâm&lt;/option&gt;                                                                            &lt;option value=&quot;1701&quot;&gt;Xã Diên Lộc&lt;/option&gt;                                                                            &lt;option value=&quot;1702&quot;&gt;Xã Diên Phú&lt;/option&gt;                                                                            &lt;option value=&quot;1703&quot;&gt;Xã Diên Phước&lt;/option&gt;                                                                            &lt;option value=&quot;1704&quot;&gt;Xã Diên Sơn&lt;/option&gt;                                                                            &lt;option value=&quot;1705&quot;&gt;Xã Diên Tân&lt;/option&gt;                                                                            &lt;option value=&quot;1706&quot;&gt;Xã Diên Thạnh&lt;/option&gt;                                                                            &lt;option value=&quot;1707&quot;&gt;Xã Diên Thọ&lt;/option&gt;                                                                            &lt;option value=&quot;1709&quot;&gt;Xã Diên Xuân&lt;/option&gt;                                                                            &lt;option value=&quot;1713&quot;&gt;Xã Suối Hiệp&lt;/option&gt;                                                                            &lt;option value=&quot;1714&quot;&gt;Xã Suối Tiên&lt;/option&gt;                                                                            &lt;option value=&quot;12249&quot;&gt;Xã Diên Toàn&lt;/option&gt;                                                                    &lt;/select&gt;                            &lt;/div&gt;                        &lt;/div&gt;                        &lt;div class=&quot;form-group clearfix&quot;&gt;                            &lt;label class=&quot;control-label col-md-4&quot;&gt;Đường/Phố:&lt;/label&gt;                            &lt;div class=&quot;col-md-8&quot;&gt;                                &lt;select class=&quot;select2-search select-street&quot; data-width=&quot;100%&quot; name=&quot;street_id&quot;&gt;                                    &lt;option value=&quot;&quot;&gt;--Chọn Đường/Phố--&lt;/option&gt;                                                                            &lt;option value=&quot;3789&quot;&gt;1&lt;/option&gt;                                                                            &lt;option value=&quot;3788&quot;&gt;2&lt;/option&gt;                                                                            &lt;option value=&quot;6540&quot;&gt;23/10&lt;/option&gt;                                                                            &lt;option value=&quot;2520&quot;&gt;39&lt;/option&gt;                                                                            &lt;option value=&quot;3688&quot;&gt;An Định&lt;/option&gt;                                                                            &lt;option value=&quot;12679&quot;&gt;Bầu Đá&lt;/option&gt;                                                                            &lt;option value=&quot;845&quot;&gt;Cao Bá Quát&lt;/option&gt;                                                                            &lt;option value=&quot;13120&quot;&gt;Cây Duối&lt;/option&gt;                                                                            &lt;option value=&quot;11905&quot;&gt;Chín Khúc&lt;/option&gt;                                                                            &lt;option value=&quot;10771&quot;&gt;Đề Dai&lt;/option&gt;                                                                            &lt;option value=&quot;940&quot;&gt;Đồng Khởi&lt;/option&gt;                                                                            &lt;option value=&quot;13264&quot;&gt;Gò Thập&lt;/option&gt;                                                                            &lt;option value=&quot;755&quot;&gt;Hà Huy Tập&lt;/option&gt;                                                                            &lt;option value=&quot;792&quot;&gt;Hoàng Hoa Thám&lt;/option&gt;                                                                            &lt;option value=&quot;610&quot;&gt;Hùng Vương&lt;/option&gt;                                                                            &lt;option value=&quot;7869&quot;&gt;Hương lộ 39&lt;/option&gt;                                                                            &lt;option value=&quot;7627&quot;&gt;Hương lộ 45&lt;/option&gt;                                                                            &lt;option value=&quot;2524&quot;&gt;Hương lộ 62&lt;/option&gt;                                                                            &lt;option value=&quot;454&quot;&gt;Kim Đồng&lt;/option&gt;                                                                            &lt;option value=&quot;621&quot;&gt;Lạc Long Quân&lt;/option&gt;                                                                            &lt;option value=&quot;12956&quot;&gt;Lầu Ông Huyện&lt;/option&gt;                                                                            &lt;option value=&quot;11458&quot;&gt;Liên Tổ&lt;/option&gt;                                                                            &lt;option value=&quot;8362&quot;&gt;Liên Xã&lt;/option&gt;                                                                            &lt;option value=&quot;237&quot;&gt;Lý Thái Tổ&lt;/option&gt;                                                                            &lt;option value=&quot;362&quot;&gt;Lý Tự Trọng&lt;/option&gt;                                                                            &lt;option value=&quot;8794&quot;&gt;Miếu Tiền Hiền&lt;/option&gt;                                                                            &lt;option value=&quot;560&quot;&gt;Nguyễn Bỉnh Khiêm&lt;/option&gt;                                                                            &lt;option value=&quot;517&quot;&gt;Nguyễn Công Trứ&lt;/option&gt;                                                                            &lt;option value=&quot;65&quot;&gt;Nguyễn Trãi&lt;/option&gt;                                                                            &lt;option value=&quot;2092&quot;&gt;Quốc lộ 1A&lt;/option&gt;                                                                            &lt;option value=&quot;11719&quot;&gt;Thành Hồ&lt;/option&gt;                                                                            &lt;option value=&quot;12260&quot;&gt;Thông Tin&lt;/option&gt;                                                                            &lt;option value=&quot;8165&quot;&gt;Tỉnh Lộ 2&lt;/option&gt;                                                                            &lt;option value=&quot;7635&quot;&gt;Tỉnh lộ 8&lt;/option&gt;                                                                            &lt;option value=&quot;386&quot;&gt;Trần Quý Cáp&lt;/option&gt;                                                                            &lt;option value=&quot;8795&quot;&gt;Trường Lạc&lt;/option&gt;                                                                    &lt;/select&gt;                            &lt;/div&gt;                        &lt;/div&gt;                        &lt;div class=&quot;form-group clearfix&quot;&gt;                            &lt;label class=&quot;control-label col-md-4&quot;&gt;Số phòng ngủ:&lt;/label&gt;                            &lt;div class=&quot;col-md-8&quot;&gt;                                &lt;select class=&quot;select2-search&quot; data-width=&quot;100%&quot; name=&quot;room_number_range_id&quot;&gt;                                    &lt;option value=&quot;&quot;&gt;--Chọn số phòng ngủ--&lt;/option&gt;                                                                            &lt;option value=&quot;22&quot;&gt;1+&lt;/option&gt;                                                                            &lt;option value=&quot;23&quot;&gt;2+&lt;/option&gt;                                                                            &lt;option value=&quot;24&quot;&gt;3+&lt;/option&gt;                                                                            &lt;option value=&quot;25&quot;&gt;4+&lt;/option&gt;                                                                            &lt;option value=&quot;26&quot;&gt;5+&lt;/option&gt;                                                                    &lt;/select&gt;                            &lt;/div&gt;                        &lt;/div&gt;                        &lt;div class=&quot;form-group clearfix&quot;&gt;                            &lt;label class=&quot;control-label col-md-4&quot;&gt;Hướng nhà:&lt;/label&gt;                            &lt;div class=&quot;col-md-8&quot;&gt;                                &lt;select class=&quot;select2-search&quot; data-width=&quot;100%&quot; name=&quot;home_direction&quot;&gt;                                    &lt;option value=&quot;&quot;&gt;--Chọn hướng nhà--&lt;/option&gt;                                                                            &lt;option value=&quot;0&quot;&gt;KXĐ&lt;/option&gt;                                                                            &lt;option value=&quot;1&quot;&gt;Đông&lt;/option&gt;                                                                            &lt;option value=&quot;2&quot;&gt;Tây&lt;/option&gt;                                                                            &lt;option selected=&quot;&quot; value=&quot;3&quot;&gt;Nam&lt;/option&gt;                                                                            &lt;option value=&quot;4&quot;&gt;Bắc&lt;/option&gt;                                                                            &lt;option value=&quot;5&quot;&gt;Đông-Bắc&lt;/option&gt;                                                                            &lt;option value=&quot;6&quot;&gt;Tây-Bắc&lt;/option&gt;                                                                            &lt;option value=&quot;7&quot;&gt;Tây-Nam&lt;/option&gt;                                                                            &lt;option value=&quot;8&quot;&gt;Đông-Nam&lt;/option&gt;                                                                    &lt;/select&gt;                            &lt;/div&gt;                        &lt;/div&gt;                        &lt;h4&gt;Nhận thư báo&lt;/h4&gt;                        &lt;div class=&quot;form-group clearfix&quot;&gt;                            &lt;label class=&quot;control-label col-md-4 required&quot;&gt;Tiêu đề thư:&lt;/label&gt;                            &lt;div class=&quot;col-md-8&quot;&gt;&lt;input class=&quot;form-control&quot; name=&quot;email_title&quot; required=&quot;&quot; type=&quot;text&quot;/&gt;&lt;/div&gt;                        &lt;/div&gt;                        &lt;div class=&quot;form-group clearfix&quot;&gt;                            &lt;label class=&quot;control-label col-md-4 required&quot;&gt;Email:&lt;/label&gt;                            &lt;div class=&quot;col-md-8&quot;&gt;&lt;input class=&quot;form-control&quot; name=&quot;email&quot; required=&quot;&quot; type=&quot;text&quot; value=&quot;&quot;/&gt;&lt;/div&gt;                        &lt;/div&gt;                        &lt;div class=&quot;form-group clearfix&quot;&gt;                            &lt;label class=&quot;control-label col-md-4 required&quot;&gt;Họ và tên:&lt;/label&gt;                            &lt;div class=&quot;col-md-8&quot;&gt;&lt;input class=&quot;form-control&quot; name=&quot;fullname&quot; required=&quot;&quot; type=&quot;text&quot;/&gt;&lt;/div&gt;                        &lt;/div&gt;                        &lt;div class=&quot;form-captcha form-group clearfix&quot;&gt;                            &lt;label class=&quot;col-md-4 control-label required&quot; for=&quot;captcha&quot;&gt;Xác nhận&lt;/label&gt;                            &lt;div class=&quot;col-md-8&quot;&gt;                                &lt;div class=&quot;input-group&quot;&gt;                                    &lt;span class=&quot;input-group-addon captcha-image&quot;&gt;&lt;img alt=&quot;captcha&quot; class=&quot;captcha-img&quot; data-refresh-config=&quot;default&quot; src=&quot;https://timnhadat.net.vn/captcha/default?tzXZIGlv&quot;/&gt;&lt;/span&gt;                                    &lt;input class=&quot;form-control&quot; id=&quot;captcha&quot; name=&quot;captcha&quot; type=&quot;text&quot;/&gt;                                &lt;/div&gt;                            &lt;/div&gt;                        &lt;/div&gt;                        &lt;input name=&quot;sendType&quot; type=&quot;hidden&quot; value=&quot;1&quot;/&gt;                    &lt;/form&gt;                &lt;/div&gt;                &lt;div class=&quot;modal-footer&quot;&gt;                    &lt;button class=&quot;btn btn-default&quot; data-dismiss=&quot;modal&quot; type=&quot;button&quot;&gt;Hủy bỏ&lt;/button&gt;                    &lt;button class=&quot;btn btn-primary&quot; id=&quot;addReceivedPostSaveBtn&quot; type=&quot;button&quot;&gt;Đăng ký&lt;/button&gt;                &lt;/div&gt;            &lt;/div&gt;        &lt;/div&gt;    &lt;/div&gt;&lt;/div&gt;            &lt;div class=&quot;post-actions&quot;&gt;                &lt;div class=&quot;ssk-group ssk-round&quot; data-text=&quot;Hot bán những vị trí đẹp nhất, vip nhất KĐT Nam Sông Cái - Nha Trang Pearl. LH 0947066135&quot;&gt;                    &lt;a class=&quot;ssk ssk-email&quot; href=&quot;&quot; title=&quot;Gửi cho bạn bè tin này qua email&quot;/&gt;                    &lt;a class=&quot;ssk ssk-print&quot; href=&quot;javascript: window.print();&quot; title=&quot;In trang này&quot;&gt;&lt;i aria-hidden=&quot;true&quot; class=&quot;fa fa-print&quot;/&gt;&lt;/a&gt;                    &lt;a class=&quot;ssk ssk-facebook&quot; href=&quot;&quot;/&gt;                                                        &lt;/div&gt;            &lt;/div&gt;            &lt;div class=&quot;clear&quot;/&gt;        &lt;/div&gt;" SourceIndex="1436" TableNum="0" TextLen="161" order="23" xPath="/html[1]/body[1]/div[1]/div[2]/div[4]/div[2]/div[1]/div[10]"/>
<LayoutNode BgColor="#015f95" ContainImg="0" ContainP="0" ContainTable="false" Content="Giới thiệu Hướng dẫn sử dụng Quy định Quy chế hoạt động Bảo vệ thông tin cá nhân Cơ chế giải quyết tranh chấp Liên hệ Điều khoản thỏa thuận Báo giá " DOMCldNum="5" DoC="5" FontSize="12" FontWeight="normal" FormNum="0" FormSize="0" FrameSourceIndex="0" ID="1-11" InteractionNum="0" InteractionSize="0" IsImg="false" LinkNum="18" LinkTextLen="139" ObjectHeight="40" ObjectRectHeight="40" ObjectRectLeft="0" ObjectRectTop="2172" ObjectRectWidth="1420" ObjectWidth="1018" ObjectX="190" ObjectY="2172" OptionNum="0" OptionTextLength="0" ParaNum="0" SRC="&lt;div class=&quot;footer-menu&quot;&gt;        &lt;div class=&quot;footer-menu-item&quot;&gt;            &lt;a href=&quot;https://timnhadat.net.vn/gioi-thieu&quot; rel=&quot;nofollow&quot;&gt;Giới thiệu&lt;/a&gt;        &lt;/div&gt;        &lt;div class=&quot;footer-menu-item&quot;&gt;            &lt;a href=&quot;https://timnhadat.net.vn/huong-dan-su-dung&quot; rel=&quot;nofollow&quot;&gt;Hướng dẫn sử dụng&lt;/a&gt;        &lt;/div&gt;        &lt;div class=&quot;footer-menu-item&quot;&gt;            &lt;a href=&quot;https://timnhadat.net.vn/quy-dinh&quot; rel=&quot;nofollow&quot;&gt;Quy định&lt;/a&gt;        &lt;/div&gt;        &lt;div class=&quot;footer-menu-item&quot;&gt;            &lt;a href=&quot;https://timnhadat.net.vn/quy-che-hoat-dong&quot; rel=&quot;nofollow&quot;&gt;Quy chế hoạt động&lt;/a&gt;        &lt;/div&gt;        &lt;div class=&quot;footer-menu-item&quot;&gt;            &lt;a href=&quot;https://timnhadat.net.vn/bao-ve-thong-tin-ca-nhan&quot; rel=&quot;nofollow&quot;&gt;Bảo vệ thông tin cá nhân&lt;/a&gt;        &lt;/div&gt;        &lt;div class=&quot;footer-menu-item&quot;&gt;            &lt;a href=&quot;https://timnhadat.net.vn/co-che-giai-quyet-tranh-chap&quot; rel=&quot;nofollow&quot;&gt;Cơ chế giải quyết tranh chấp&lt;/a&gt;        &lt;/div&gt;        &lt;div class=&quot;footer-menu-item&quot;&gt;            &lt;a href=&quot;https://timnhadat.net.vn/lien-he&quot; rel=&quot;nofollow&quot;&gt;Liên hệ&lt;/a&gt;        &lt;/div&gt;        &lt;div class=&quot;footer-menu-item&quot;&gt;            &lt;a href=&quot;https://timnhadat.net.vn/dieu-khoan-thoa-thuan&quot; rel=&quot;nofollow&quot;&gt;Điều khoản thỏa thuận&lt;/a&gt;        &lt;/div&gt;        &lt;div class=&quot;footer-menu-item&quot;&gt;            &lt;a href=&quot;https://timnhadat.net.vn/bao-gia&quot; rel=&quot;nofollow&quot;&gt;Báo giá&lt;/a&gt;        &lt;/div&gt;        &lt;div class=&quot;clear&quot;/&gt;    &lt;/div&gt;" SourceIndex="2379" TableNum="0" TextLen="139" order="24" xPath="/html[1]/body[1]/div[1]/div[2]/div[5]/div[1]"/>
<LayoutNode BgColor="#ffffff" ContainImg="3" ContainP="12" ContainTable="false" DOMCldNum="9" DoC="5" FontSize="12" FontWeight="normal" FormNum="0" FormSize="0" FrameSourceIndex="0" ID="1-12" InteractionNum="0" InteractionSize="0" IsImg="false" LinkNum="18" LinkTextLen="122" ObjectRectHeight="212" ObjectRectLeft="0" ObjectRectTop="2222" ObjectRectWidth="1420" OptionNum="0" OptionTextLength="0" ParaNum="0" SourceIndex="2438" TableNum="0" TextLen="632" order="25">
<LayoutNode BgColor="#ffffff" ContainImg="2" ContainP="0" ContainTable="false" Content=" " DOMCldNum="9" DoC="5" FontSize="12" FontWeight="normal" FormNum="0" FormSize="0" FrameSourceIndex="0" ID="1-12-1" InteractionNum="0" InteractionSize="0" IsImg="false" LinkNum="4" LinkTextLen="0" ObjectHeight="130" ObjectRectHeight="212" ObjectRectLeft="0" ObjectRectTop="2222" ObjectRectWidth="400" ObjectWidth="200" ObjectX="200" ObjectY="2242" OptionNum="0" OptionTextLength="0" ParaNum="0" SRC="&lt;div class=&quot;footer-logo&quot;&gt;            &lt;a href=&quot;javascript:void(0);&quot;&gt;&lt;img alt=&quot;CÔNG TY CỔ PHẦN KING DRAGON VIỆT NAM&quot; class=&quot;kd-logo&quot; src=&quot;https://timnhadat.net.vn/images/king-dragon-logo.png?v=20181102&quot;/&gt;&lt;/a&gt;            &lt;br/&gt;            &lt;a href=&quot;http://online.gov.vn/HomePage/WebsiteDisplay.aspx?DocId=43061&quot; rel=&quot;nofollow&quot; target=&quot;_blank&quot;&gt;&lt;img alt=&quot;Đã đăng ký với Bộ Công Thương&quot; src=&quot;https://timnhadat.net.vn/images/h1e79xqJq949lcNmi4Rquw==.jpgx&quot; title=&quot;Đã đăng ký với Bộ Công Thương&quot; width=&quot;130&quot;/&gt;&lt;/a&gt;        &lt;/div&gt;" SourceIndex="2440" TableNum="0" TextLen="1" order="26" xPath="/html[1]/body[1]/div[1]/div[2]/div[5]/div[2]/div[1]"/>
<LayoutNode BgColor="#ffffff" ContainImg="0" ContainP="9" ContainTable="false" Content="CÔNG TY CỔ PHẦN KING DRAGON VIỆT NAM MSDN: 0314932187, đăng ký lần đầu ngày 20/03/2018, đăng ký thay đổi lần 1 ngày 15/08/2019 Chịu trách nhiệm: Trần Minh Khôi [A] : 142/7 Trường Sa, Phường 15, Quận Bình Thạnh, Thành phố Hồ Chí Minh, Việt Nam [M]: 028. 6276.8206 – Hotline: 0908.888.283 [T] : Thứ 2 đến thứ 6: 8h00 - 17h15 | Thứ 7: 8h00 - 12h00 - CSKH1 (Miền Nam)  : Zalo: 08888.104.38, Email: cskhmiennam@timnhadat.net.vn - CSKH2 (Miền Trung): Zalo: 08888.941.78, Email: cskhmientrung@timnhadat.net.vn - CSKH3 (Miền Bắc)   : Zalo: 08888.785.38, Email: cskhmienbac@timnhadat.net.vn " DOMCldNum="9" DoC="8" FontSize="12" FontWeight="normal" FormNum="0" FormSize="0" FrameSourceIndex="0" ID="1-12-2" InteractionNum="0" InteractionSize="0" IsImg="false" LinkNum="12" LinkTextLen="122" ObjectHeight="203" ObjectRectHeight="212" ObjectRectLeft="430" ObjectRectTop="2222" ObjectRectWidth="485" ObjectWidth="485" ObjectX="430" ObjectY="2222" OptionNum="0" OptionTextLength="0" ParaNum="0" SRC="&lt;div class=&quot;footer-info&quot;&gt;            &lt;p class=&quot;footer-company-name&quot;&gt;                &lt;b&gt;CÔNG TY CỔ PHẦN KING DRAGON VIỆT NAM&lt;/b&gt;            &lt;/p&gt;            &lt;p&gt;                MSDN: 0314932187, đăng ký lần đầu ngày 20/03/2018, đăng ký thay đổi lần 1 ngày 15/08/2019            &lt;/p&gt;            &lt;p&gt;                Chịu trách nhiệm: Trần Minh Khôi            &lt;/p&gt;            &lt;div class=&quot;clear&quot;&gt;            &lt;/div&gt;            &lt;p&gt;                &lt;span&gt;&lt;b class=&quot;first&quot;&gt;[A] :&lt;/b&gt; 142/7 Trường Sa, Phường 15, Quận Bình Thạnh, Thành phố Hồ Chí Minh, Việt Nam&lt;/span&gt;            &lt;/p&gt;            &lt;p&gt;                &lt;span&gt;&lt;b class=&quot;first&quot;&gt;[M]:&lt;/b&gt; 028. 6276.8206 – &lt;b&gt;Hotline&lt;/b&gt;: 0908.888.283&lt;/span&gt;            &lt;/p&gt;            &lt;div class=&quot;clear&quot;&gt;            &lt;/div&gt;            &lt;p&gt;                &lt;span class=&quot;colr&quot;&gt;&lt;b class=&quot;first&quot;&gt;[T] :&lt;/b&gt; Thứ 2 đến thứ 6: &lt;strong&gt;8h00 - 17h15&lt;/strong&gt; | Thứ 7: &lt;strong&gt;8h00 - 12h00&lt;/strong&gt;&lt;/span&gt;            &lt;/p&gt;            &lt;div class=&quot;clear&quot;/&gt;            &lt;p&gt;                &lt;span class=&quot;colr&quot;&gt;- CSKH1 (Miền Nam)  : Zalo: &lt;a href=&quot;tel:0888810438&quot;&gt;08888.104.38&lt;/a&gt;, Email: &lt;a href=&quot;mailto:cskhmiennam@timnhadat.net.vn?Subject=Liên hệ&quot; rel=&quot;nofollow&quot; target=&quot;_top&quot;&gt;cskhmiennam@timnhadat.net.vn&lt;/a&gt;&lt;/span&gt;            &lt;/p&gt;            &lt;div class=&quot;clear&quot;/&gt;            &lt;p&gt;                &lt;span class=&quot;colr&quot;&gt;- CSKH2 (Miền Trung): Zalo: &lt;a href=&quot;tel:0888894178&quot;&gt;08888.941.78&lt;/a&gt;, Email: &lt;a href=&quot;mailto:cskhmientrung@timnhadat.net.vn?Subject=Liên hệ&quot; rel=&quot;nofollow&quot; target=&quot;_top&quot;&gt;cskhmientrung@timnhadat.net.vn&lt;/a&gt;&lt;/span&gt;            &lt;/p&gt;            &lt;div class=&quot;clear&quot;/&gt;            &lt;p&gt;                &lt;span class=&quot;colr&quot;&gt;- CSKH3 (Miền Bắc)   : Zalo: &lt;a href=&quot;tel:0888878538&quot;&gt;08888.785.38&lt;/a&gt;, Email: &lt;a href=&quot;mailto:cskhmienbac@timnhadat.net.vn?Subject=Liên hệ&quot; rel=&quot;nofollow&quot; target=&quot;_top&quot;&gt;cskhmienbac@timnhadat.net.vn&lt;/a&gt;&lt;/span&gt;            &lt;/p&gt;        &lt;/div&gt;" SourceIndex="2451" TableNum="0" TextLen="571" order="27" xPath="/html[1]/body[1]/div[1]/div[2]/div[5]/div[2]/div[2]"/>
<LayoutNode BgColor="#ffffff" ContainImg="1" ContainP="3" ContainTable="false" Content="Tải ứng dụng di động Copyright © 2017 - 2020 TIMNHADAT.NET.VN " DOMCldNum="9" DoC="5" FontSize="12" FontWeight="normal" FormNum="0" FormSize="0" FrameSourceIndex="0" ID="1-12-3" InteractionNum="0" InteractionSize="0" IsImg="false" LinkNum="2" LinkTextLen="0" ObjectHeight="128" ObjectRectHeight="212" ObjectRectLeft="945" ObjectRectTop="2222" ObjectRectWidth="475" ObjectWidth="275" ObjectX="945" ObjectY="2222" OptionNum="0" OptionTextLength="0" ParaNum="0" SRC="&lt;div class=&quot;footer-app-info&quot;&gt;            &lt;p class=&quot;fai-title&quot;&gt;                Tải ứng dụng di động            &lt;/p&gt;            &lt;p&gt;                &lt;a href=&quot;https://play.google.com/store/apps/details?id=vn.net.timnhadat&quot; rel=&quot;nofollow&quot; target=&quot;_blank&quot;&gt;&lt;img alt=&quot;Tải nội dung trên Google Play&quot; class=&quot;google-play-dl-img&quot; src=&quot;https://timnhadat.net.vn/images/google-play-badge.png&quot;/&gt;&lt;/a&gt;            &lt;/p&gt;            &lt;p class=&quot;copyright&quot;&gt;                Copyright © 2017 - 2020 TIMNHADAT.NET.VN            &lt;/p&gt;        &lt;/div&gt;" SourceIndex="2543" TableNum="0" TextLen="60" order="28" xPath="/html[1]/body[1]/div[1]/div[2]/div[5]/div[2]/div[3]"/>
</LayoutNode>
</LayoutNode>
</VIPSPage>
