<VIPSPage PageRectHeight="980" PageRectLeft="0" PageRectTop="0" PageRectWidth="1420" PageTitle="Nhà đẹp Lạc Long Quân, hẻm 6m, 3 tầng BTCT, 3.5 tỷ (còn tl)." Url="https://bannha.net/Nha-dat/nha-dep-lac-long-quan-hem-6m-3-tang-btct-3-5-ty-con-tl" WindowHeight="980" WindowWidth="1420" neworder="0" order="0">
<LayoutNode BgColor="#ffffff" ContainImg="31" ContainP="4" ContainTable="false" DOMCldNum="3" DoC="1" FontSize="14" FontWeight="400" FrameSourceIndex="0" ID="1" IsImg="false" LinkNum="90" LinkTextLen="1376" ObjectRectHeight="3695" ObjectRectLeft="0" ObjectRectTop="0" ObjectRectWidth="1420" SourceIndex="392" TextLen="4693" order="1">
<LayoutNode BgColor="#ffffff" ContainImg="1" ContainP="0" ContainTable="false" Content="Hơn 3487 Tin đăng Đăng tin miễn phí " DOMCldNum="3" DoC="8" FontSize="14" FontWeight="400" FrameSourceIndex="0" ID="1-1" IsImg="false" LinkNum="2" LinkTextLen="18" ObjectHeight="80" ObjectRectHeight="136" ObjectRectLeft="0" ObjectRectTop="0" ObjectRectWidth="1420" ObjectWidth="1140" ObjectX="125" ObjectY="36" SRC="&lt;div class=&quot;container&quot;&gt;                                    &lt;h2 class=&quot;site-logo&quot;&gt;                        &lt;a href=&quot;https://bannha.net/&quot; rel=&quot;home&quot;&gt;                            &lt;img alt=&quot;Mua bán nhà đất TPHCM&quot; src=&quot;https://bannha.net/wp-content/uploads/bfi_thumb/logo_thudo2-o4gu328lz56ymah8de9d1ik6zfv69nq4i6cmpwixvk.jpg&quot;/&gt;                        &lt;/a&gt;                    &lt;/h2&gt;                                &lt;ul class=&quot;site-stats&quot;&gt;                    &lt;li&gt;Hơn &lt;strong&gt;3487&lt;/strong&gt; Tin đăng&lt;/li&gt;                &lt;/ul&gt;                                    &lt;a class=&quot;site-login&quot; data-toggle=&quot;modal&quot; href=&quot;#modal-login&quot;&gt;&lt;i class=&quot;ion-compose&quot;/&gt;&lt;span class=&quot;text&quot;&gt;Đăng tin miễn phí&lt;/span&gt;&lt;/a&gt;                                &lt;div class=&quot;site-search&quot;&gt;&lt;form action=&quot;https://bannha.net&quot; class=&quot;form-search&quot; method=&quot;GET&quot;&gt; &lt;div class=&quot;input-group&quot;&gt;  &lt;input class=&quot;form-control&quot; name=&quot;s&quot; placeholder=&quot;Nhập từ khóa bạn muốn tìm&quot; type=&quot;text&quot;/&gt;  &lt;span class=&quot;input-group-btn&quot;&gt;   &lt;button class=&quot;btn&quot; type=&quot;submit&quot;&gt;&lt;i class=&quot;ion-search&quot;/&gt;&lt;/button&gt;  &lt;/span&gt; &lt;/div&gt;&lt;/form&gt;&lt;/div&gt;            &lt;/div&gt;" SourceIndex="394" TextLen="36" order="2" xPath="/XPspan"/>
<LayoutNode BgColor="#ffffff" ContainImg="0" ContainP="0" ContainTable="false" Content="Trang chủ TPHCM Quận 1 Quận 2 Quận 3 Quận 4 Quận 5 Quận 6 Quận 7 Quận 8 Quận 9 Quận 10 Quận 11 Quận 12 Quận Gò Vấp Quận Bình Thạnh Quận Tân Bình Quận Tân Phú Quận Phú Nhuận Quận Bình Tân Huyện Củ Chi Huyện Hóc Môn Huyện Bình Chánh Huyện Nhà Bè Huyện Cần Giờ HÀ NỘI Quận Hoàn Kiếm Quận Ba Đình Quận Bắc Từ Liêm Quận Nam Từ Liêm Quận Hai Bà Trưng Quận Cầu Giấy Quận Tây Hồ Quận Thanh Xuân Quận Long Biên Quận Hà Đông Quận Đống Đa Quận Hoàng Mai Dự án Tin tức Tin tức nhà đất Thị trường bất động sản Kiến Thức Hỗ trợ Liên hệ " DOMCldNum="7" DoC="8" FontSize="14" FontWeight="400" FrameSourceIndex="0" ID="1-2" IsImg="false" LinkNum="7" LinkTextLen="45" ObjectHeight="40" ObjectRectHeight="40" ObjectRectLeft="0" ObjectRectTop="146" ObjectRectWidth="1420" ObjectWidth="1110" ObjectX="140" ObjectY="146" SRC="&lt;div class=&quot;collapse navbar-collapse&quot; id=&quot;site-nav&quot;&gt;                    &lt;ul class=&quot;menu&quot; id=&quot;menu-footer-menu-1&quot;&gt;&lt;li class=&quot;menu-item menu-item-type-custom menu-item-object-custom menu-item-94062&quot;&gt;&lt;a href=&quot;/&quot;&gt;Trang chủ&lt;/a&gt;&lt;/li&gt;&lt;li class=&quot;menu-item menu-item-type-taxonomy menu-item-object-property_city current-property-ancestor current-menu-parent current-property-parent menu-item-has-children menu-item-94065&quot;&gt;&lt;a href=&quot;https://bannha.net/mua-ban-nha-dat/tphcm&quot;&gt;TPHCM&lt;/a&gt;&lt;ul class=&quot;sub-menu&quot;&gt; &lt;li class=&quot;menu-item menu-item-type-taxonomy menu-item-object-property_city menu-item-94014&quot;&gt;&lt;a href=&quot;https://bannha.net/mua-ban-nha-dat/quan-1&quot;&gt;Quận 1&lt;/a&gt;&lt;/li&gt; &lt;li class=&quot;menu-item menu-item-type-taxonomy menu-item-object-property_city menu-item-94019&quot;&gt;&lt;a href=&quot;https://bannha.net/mua-ban-nha-dat/quan-2&quot;&gt;Quận 2&lt;/a&gt;&lt;/li&gt; &lt;li class=&quot;menu-item menu-item-type-taxonomy menu-item-object-property_city menu-item-94013&quot;&gt;&lt;a href=&quot;https://bannha.net/mua-ban-nha-dat/quan-3&quot;&gt;Quận 3&lt;/a&gt;&lt;/li&gt; &lt;li class=&quot;menu-item menu-item-type-taxonomy menu-item-object-property_city menu-item-94020&quot;&gt;&lt;a href=&quot;https://bannha.net/mua-ban-nha-dat/quan-4&quot;&gt;Quận 4&lt;/a&gt;&lt;/li&gt; &lt;li class=&quot;menu-item menu-item-type-taxonomy menu-item-object-property_city menu-item-94017&quot;&gt;&lt;a href=&quot;https://bannha.net/mua-ban-nha-dat/quan-5&quot;&gt;Quận 5&lt;/a&gt;&lt;/li&gt; &lt;li class=&quot;menu-item menu-item-type-taxonomy menu-item-object-property_city menu-item-94021&quot;&gt;&lt;a href=&quot;https://bannha.net/mua-ban-nha-dat/quan-6&quot;&gt;Quận 6&lt;/a&gt;&lt;/li&gt; &lt;li class=&quot;menu-item menu-item-type-taxonomy menu-item-object-property_city menu-item-94022&quot;&gt;&lt;a href=&quot;https://bannha.net/mua-ban-nha-dat/quan-7&quot;&gt;Quận 7&lt;/a&gt;&lt;/li&gt; &lt;li class=&quot;menu-item menu-item-type-taxonomy menu-item-object-property_city menu-item-94023&quot;&gt;&lt;a href=&quot;https://bannha.net/mua-ban-nha-dat/quan-8&quot;&gt;Quận 8&lt;/a&gt;&lt;/li&gt; &lt;li class=&quot;menu-item menu-item-type-taxonomy menu-item-object-property_city menu-item-94024&quot;&gt;&lt;a href=&quot;https://bannha.net/mua-ban-nha-dat/quan-9&quot;&gt;Quận 9&lt;/a&gt;&lt;/li&gt; &lt;li class=&quot;menu-item menu-item-type-taxonomy menu-item-object-property_city menu-item-94015&quot;&gt;&lt;a href=&quot;https://bannha.net/mua-ban-nha-dat/quan-10&quot;&gt;Quận 10&lt;/a&gt;&lt;/li&gt; &lt;li class=&quot;menu-item menu-item-type-taxonomy menu-item-object-property_city menu-item-94018&quot;&gt;&lt;a href=&quot;https://bannha.net/mua-ban-nha-dat/quan-11&quot;&gt;Quận 11&lt;/a&gt;&lt;/li&gt; &lt;li class=&quot;menu-item menu-item-type-taxonomy menu-item-object-property_city menu-item-94010&quot;&gt;&lt;a href=&quot;https://bannha.net/mua-ban-nha-dat/quan-12&quot;&gt;Quận 12&lt;/a&gt;&lt;/li&gt; &lt;li class=&quot;menu-item menu-item-type-taxonomy menu-item-object-property_city menu-item-94009&quot;&gt;&lt;a href=&quot;https://bannha.net/mua-ban-nha-dat/quan-go-vap&quot;&gt;Quận Gò Vấp&lt;/a&gt;&lt;/li&gt; &lt;li class=&quot;menu-item menu-item-type-taxonomy menu-item-object-property_city menu-item-94026&quot;&gt;&lt;a href=&quot;https://bannha.net/mua-ban-nha-dat/quan-binh-thanh&quot;&gt;Quận Bình Thạnh&lt;/a&gt;&lt;/li&gt; &lt;li class=&quot;menu-item menu-item-type-taxonomy menu-item-object-property_city current-property-ancestor current-menu-parent current-property-parent menu-item-94012&quot;&gt;&lt;a href=&quot;https://bannha.net/mua-ban-nha-dat/quan-tan-binh&quot;&gt;Quận Tân Bình&lt;/a&gt;&lt;/li&gt; &lt;li class=&quot;menu-item menu-item-type-taxonomy menu-item-object-property_city menu-item-94025&quot;&gt;&lt;a href=&quot;https://bannha.net/mua-ban-nha-dat/quan-tan-phu&quot;&gt;Quận Tân Phú&lt;/a&gt;&lt;/li&gt; &lt;li class=&quot;menu-item menu-item-type-taxonomy menu-item-object-property_city menu-item-94016&quot;&gt;&lt;a href=&quot;https://bannha.net/mua-ban-nha-dat/quan-phu-nhuan&quot;&gt;Quận Phú Nhuận&lt;/a&gt;&lt;/li&gt; &lt;li class=&quot;menu-item menu-item-type-taxonomy menu-item-object-property_city menu-item-94027&quot;&gt;&lt;a href=&quot;https://bannha.net/mua-ban-nha-dat/quan-binh-tan&quot;&gt;Quận Bình Tân&lt;/a&gt;&lt;/li&gt; &lt;li class=&quot;menu-item menu-item-type-taxonomy menu-item-object-property_city menu-item-94030&quot;&gt;&lt;a href=&quot;https://bannha.net/mua-ban-nha-dat/huyen-cu-chi&quot;&gt;Huyện Củ Chi&lt;/a&gt;&lt;/li&gt; &lt;li class=&quot;menu-item menu-item-type-taxonomy menu-item-object-property_city menu-item-94011&quot;&gt;&lt;a href=&quot;https://bannha.net/mua-ban-nha-dat/huyen-hoc-mon&quot;&gt;Huyện Hóc Môn&lt;/a&gt;&lt;/li&gt; &lt;li class=&quot;menu-item menu-item-type-taxonomy menu-item-object-property_city menu-item-94028&quot;&gt;&lt;a href=&quot;https://bannha.net/mua-ban-nha-dat/huyen-binh-chanh&quot;&gt;Huyện Bình Chánh&lt;/a&gt;&lt;/li&gt; &lt;li class=&quot;menu-item menu-item-type-taxonomy menu-item-object-property_city menu-item-94031&quot;&gt;&lt;a href=&quot;https://bannha.net/mua-ban-nha-dat/huyen-nha-be&quot;&gt;Huyện Nhà Bè&lt;/a&gt;&lt;/li&gt; &lt;li class=&quot;menu-item menu-item-type-taxonomy menu-item-object-property_city menu-item-94029&quot;&gt;&lt;a href=&quot;https://bannha.net/mua-ban-nha-dat/huyen-can-gio&quot;&gt;Huyện Cần Giờ&lt;/a&gt;&lt;/li&gt;&lt;/ul&gt;&lt;/li&gt;&lt;li class=&quot;menu-item menu-item-type-taxonomy menu-item-object-property_city menu-item-has-children menu-item-96519&quot;&gt;&lt;a href=&quot;https://bannha.net/mua-ban-nha-dat/ha-noi&quot;&gt;HÀ NỘI&lt;/a&gt;&lt;ul class=&quot;sub-menu&quot;&gt; &lt;li class=&quot;menu-item menu-item-type-taxonomy menu-item-object-property_city menu-item-96521&quot;&gt;&lt;a href=&quot;https://bannha.net/mua-ban-nha-dat/hoan-kiem&quot;&gt;Quận Hoàn Kiếm&lt;/a&gt;&lt;/li&gt; &lt;li class=&quot;menu-item menu-item-type-taxonomy menu-item-object-property_city menu-item-96525&quot;&gt;&lt;a href=&quot;https://bannha.net/mua-ban-nha-dat/quan-ba-dinh&quot;&gt;Quận Ba Đình&lt;/a&gt;&lt;/li&gt; &lt;li class=&quot;menu-item menu-item-type-taxonomy menu-item-object-property_city menu-item-96526&quot;&gt;&lt;a href=&quot;https://bannha.net/mua-ban-nha-dat/quan-bac-tu-liem&quot;&gt;Quận Bắc Từ Liêm&lt;/a&gt;&lt;/li&gt; &lt;li class=&quot;menu-item menu-item-type-taxonomy menu-item-object-property_city menu-item-96533&quot;&gt;&lt;a href=&quot;https://bannha.net/mua-ban-nha-dat/quan-nam-tu-liem&quot;&gt;Quận Nam Từ Liêm&lt;/a&gt;&lt;/li&gt; &lt;li class=&quot;menu-item menu-item-type-taxonomy menu-item-object-property_city menu-item-96527&quot;&gt;&lt;a href=&quot;https://bannha.net/mua-ban-nha-dat/quan-hai-ba-trung&quot;&gt;Quận Hai Bà Trưng&lt;/a&gt;&lt;/li&gt; &lt;li class=&quot;menu-item menu-item-type-taxonomy menu-item-object-property_city menu-item-96528&quot;&gt;&lt;a href=&quot;https://bannha.net/mua-ban-nha-dat/quan-cau-giay&quot;&gt;Quận Cầu Giấy&lt;/a&gt;&lt;/li&gt; &lt;li class=&quot;menu-item menu-item-type-taxonomy menu-item-object-property_city menu-item-96530&quot;&gt;&lt;a href=&quot;https://bannha.net/mua-ban-nha-dat/quan-tay-ho&quot;&gt;Quận Tây Hồ&lt;/a&gt;&lt;/li&gt; &lt;li class=&quot;menu-item menu-item-type-taxonomy menu-item-object-property_city menu-item-96529&quot;&gt;&lt;a href=&quot;https://bannha.net/mua-ban-nha-dat/quan-thanh-xuan&quot;&gt;Quận Thanh Xuân&lt;/a&gt;&lt;/li&gt; &lt;li class=&quot;menu-item menu-item-type-taxonomy menu-item-object-property_city menu-item-96531&quot;&gt;&lt;a href=&quot;https://bannha.net/mua-ban-nha-dat/long-bien&quot;&gt;Quận Long Biên&lt;/a&gt;&lt;/li&gt; &lt;li class=&quot;menu-item menu-item-type-taxonomy menu-item-object-property_city menu-item-96532&quot;&gt;&lt;a href=&quot;https://bannha.net/mua-ban-nha-dat/quan-ha-dong&quot;&gt;Quận Hà Đông&lt;/a&gt;&lt;/li&gt; &lt;li class=&quot;menu-item menu-item-type-taxonomy menu-item-object-property_city menu-item-96535&quot;&gt;&lt;a href=&quot;https://bannha.net/mua-ban-nha-dat/quan-dong-da&quot;&gt;Quận Đống Đa&lt;/a&gt;&lt;/li&gt; &lt;li class=&quot;menu-item menu-item-type-taxonomy menu-item-object-property_city menu-item-96558&quot;&gt;&lt;a href=&quot;https://bannha.net/mua-ban-nha-dat/quan-hoang-mai&quot;&gt;Quận Hoàng Mai&lt;/a&gt;&lt;/li&gt;&lt;/ul&gt;&lt;/li&gt;&lt;li class=&quot;menu-item menu-item-type-taxonomy menu-item-object-category menu-item-96770&quot;&gt;&lt;a href=&quot;https://bannha.net/tin-tuc-nha-dat/du-an&quot;&gt;Dự án&lt;/a&gt;&lt;/li&gt;&lt;li class=&quot;menu-item menu-item-type-custom menu-item-object-custom menu-item-has-children menu-item-94061&quot;&gt;&lt;a href=&quot;#&quot;&gt;Tin tức&lt;/a&gt;&lt;ul class=&quot;sub-menu&quot;&gt; &lt;li class=&quot;menu-item menu-item-type-taxonomy menu-item-object-category menu-item-94032&quot;&gt;&lt;a href=&quot;https://bannha.net/tin-tuc-nha-dat/tin-tuc-nha-dat&quot;&gt;Tin tức nhà đất&lt;/a&gt;&lt;/li&gt; &lt;li class=&quot;menu-item menu-item-type-taxonomy menu-item-object-category menu-item-94063&quot;&gt;&lt;a href=&quot;https://bannha.net/tin-tuc-nha-dat/thi-truong-bat-dong-san&quot;&gt;Thị trường bất động sản&lt;/a&gt;&lt;/li&gt; &lt;li class=&quot;menu-item menu-item-type-taxonomy menu-item-object-category menu-item-94033&quot;&gt;&lt;a href=&quot;https://bannha.net/tin-tuc-nha-dat/kien-thuc&quot;&gt;Kiến Thức&lt;/a&gt;&lt;/li&gt;&lt;/ul&gt;&lt;/li&gt;&lt;li class=&quot;menu-item menu-item-type-taxonomy menu-item-object-category menu-item-114129&quot;&gt;&lt;a href=&quot;https://bannha.net/tin-tuc-nha-dat/ho-tro&quot;&gt;Hỗ trợ&lt;/a&gt;&lt;/li&gt;&lt;li class=&quot;menu-item menu-item-type-post_type menu-item-object-page menu-item-93969&quot;&gt;&lt;a href=&quot;https://bannha.net/lien-he&quot;&gt;Liên hệ&lt;/a&gt;&lt;/li&gt;&lt;/ul&gt;                &lt;/div&gt;" SourceIndex="458" TextLen="45" order="3" xPath="/XPspan"/>
<LayoutNode BgColor="transparent" ContainImg="0" ContainP="0" ContainTable="false" Content="Trang chủ Nhà đẹp Lạc Long Quân, hẻm 6m, 3 tầng BTCT, 3.5 tỷ (còn tl). " DOMCldNum="1" DoC="9" FontSize="12" FontWeight="700" FrameSourceIndex="0" ID="1-3" IsImg="false" LinkNum="1" LinkTextLen="9" ObjectHeight="14" ObjectRectHeight="14" ObjectRectLeft="0" ObjectRectTop="243" ObjectRectWidth="1420" ObjectWidth="57" ObjectX="151" ObjectY="243" SRC="&lt;a href=&quot;https://bannha.net&quot; title=&quot;Trang chủ&quot;&gt;Trang chủ&lt;/a&gt;Nhà đẹp Lạc Long Quân, hẻm 6m, 3 tầng BTCT, 3.5 tỷ (còn tl)." SourceIndex="665" TextLen="69" order="4" xPath="/#document/html/body[7]/div[3]/div[0]/div[0]/ul[0]/li[0]/a[0]/#text"/>
<LayoutNode BgColor="#ffffff" ContainImg="30" ContainP="4" ContainTable="false" DOMCldNum="13" DoC="5" FontSize="14" FontWeight="bold" FrameSourceIndex="0" ID="1-4" IsImg="false" LinkNum="34" LinkTextLen="769" ObjectRectHeight="2727" ObjectRectLeft="0" ObjectRectTop="295" ObjectRectWidth="1420" SourceIndex="683" TextLen="3720" order="5">
<LayoutNode BgColor="#ffffff" ContainImg="24" ContainP="4" ContainTable="false" DOMCldNum="13" DoC="5" FontSize="14" FontWeight="bold" FrameSourceIndex="0" ID="1-4-1" IsImg="false" LinkNum="33" LinkTextLen="766" ObjectRectHeight="2727" ObjectRectLeft="0" ObjectRectTop="295" ObjectRectWidth="1068" SourceIndex="683" TextLen="3352" order="6">
<LayoutNode BgColor="#ffffff" ContainImg="0" ContainP="1" ContainTable="false" DOMCldNum="13" DoC="5" FontSize="14" FontWeight="bold" FrameSourceIndex="0" ID="1-4-1-1" IsImg="false" LinkNum="6" LinkTextLen="13" ObjectRectHeight="419" ObjectRectLeft="0" ObjectRectTop="295" ObjectRectWidth="1068" SourceIndex="683" TextLen="723" order="7">
<LayoutNode BgColor="#ffffff" ContainImg="0" ContainP="1" ContainTable="false" DOMCldNum="13" DoC="5" FontSize="14" FontWeight="bold" FrameSourceIndex="0" ID="1-4-1-1-1" IsImg="false" LinkNum="6" LinkTextLen="13" ObjectRectHeight="419" ObjectRectLeft="0" ObjectRectTop="295" ObjectRectWidth="743" SourceIndex="683" TextLen="686" order="8">
<LayoutNode BgColor="#ffffff" ContainImg="0" ContainP="0" ContainTable="false" Content="Nhà đẹp Lạc Long Quân, hẻm 6m, 3 tầng BTCT, 3.5 tỷ (còn tl). " DOMCldNum="13" DoC="10" FontSize="14" FontWeight="bold" FrameSourceIndex="0" ID="1-4-1-1-1-1" IsImg="false" LinkNum="0" LinkTextLen="0" ObjectHeight="21" ObjectRectHeight="48" ObjectRectLeft="0" ObjectRectTop="295" ObjectRectWidth="743" ObjectWidth="599" ObjectX="135" ObjectY="322" SRC="&lt;h1 class=&quot;re-title&quot;&gt;Nhà đẹp Lạc Long Quân, hẻm 6m, 3 tầng BTCT, 3.5 tỷ (còn tl).&lt;/h1&gt;" SourceIndex="685" TextLen="60" order="9" xPath="/#document/html/body[7]/div[3]/div[0]/div[1]/div[0]/div[0]/main[0]/div[0]/div[0]/section[0]/h1[0]/#text"/>
<LayoutNode BgColor="#ffffff" ContainImg="0" ContainP="0" ContainTable="false" Content="MÃ SỐ: 178900 Khu vực: Bán tại TPHCM Diện tích: 31 m2 Giá: 3,5 tỷ Lạc Long Quân, Phường 10, Tân Bình, Hồ Chí Minh. " DOMCldNum="13" DoC="5" FontSize="14" FontWeight="400" FrameSourceIndex="0" ID="1-4-1-1-1-2" IsImg="false" LinkNum="1" LinkTextLen="13" ObjectHeight="33" ObjectRectHeight="59" ObjectRectLeft="0" ObjectRectTop="349" ObjectRectWidth="743" ObjectWidth="617" ObjectX="126" ObjectY="349" SRC="&lt;div class=&quot;re-district-price&quot;&gt;                            &lt;div class=&quot;re-district&quot;&gt;                                &lt;b&gt;MÃ SỐ:&lt;/b&gt; 178900                            &lt;/div&gt;       &lt;!-- re_district --&gt;              &lt;div class=&quot;re-district&quot;&gt;       Khu vực:  &lt;a href=&quot;https://bannha.net/mua-ban-nha-dat/tphcm&quot;&gt;Bán tại TPHCM &lt;/a&gt;       &lt;/div&gt;              &lt;div class=&quot;re-district&quot;&gt;       Diện tích:  &lt;b&gt;31 m2&lt;/b&gt;        &lt;/div&gt;       &lt;!-- re_price --&gt;              &lt;div class=&quot;re-price&quot;&gt;Giá: &lt;strong&gt;3,5&lt;/strong&gt; tỷ&lt;/div&gt;             &lt;/div&gt;&lt;div class=&quot;re-address&quot;&gt;        &lt;i class=&quot;ion-ios-location&quot;/&gt;Lạc Long Quân, Phường 10, Tân Bình, Hồ Chí Minh.       &lt;/div&gt;" SourceIndex="688;719" TextLen="111" order="10" xPath="/XPspan"/>
<LayoutNode BgColor="#ffffff" ContainImg="0" ContainP="1" ContainTable="false" Content="+ Vị trí tuyệt đẹp, thông các ngả, đường trước nhà 6m thông 5 ngã, xe tải di chuyển thoải mái. + Diện tích công nhận: 31m2. + Nhà thiết kế tinh tế, hiện đại. Gồm 4 phòng ngủ, 3 vệ sinh, khách mua chỉ xách vali vào ở ngay. + Xung quanh đủ trung tâm mua sắm, công viên, siêu thị, trường học, coffee, đông dân cư qua lại... + Sổ đẹp, vuông, pháp lý rõ ràng, công chứng trong ngày. + Liên hệ xem nhà vị trí, gặp trực tiếp cung cấp sổ trao đổi. Quảng cáo, Trung gian không phiền cảm ơn. " DOMCldNum="6" DoC="8" FontSize="14" FontWeight="400" FrameSourceIndex="0" ID="1-4-1-1-1-3" IsImg="false" LinkNum="0" LinkTextLen="0" ObjectHeight="208" ObjectRectHeight="208" ObjectRectLeft="0" ObjectRectTop="421" ObjectRectWidth="743" ObjectWidth="612" ObjectX="131" ObjectY="421" SRC="&lt;p&gt;+ Vị trí tuyệt đẹp, thông các ngả, đường trước nhà 6m thông 5 ngã, xe tải di chuyển thoải mái.&lt;br/&gt;+ Diện tích công nhận: 31m2.&lt;br/&gt;+ Nhà thiết kế tinh tế, hiện đại. Gồm 4 phòng ngủ, 3 vệ sinh, khách mua chỉ xách vali vào ở ngay.&lt;br/&gt;+ Xung quanh đủ trung tâm mua sắm, công viên, siêu thị, trường học, coffee, đông dân cư qua lại...&lt;br/&gt;+ Sổ đẹp, vuông, pháp lý rõ ràng, công chứng trong ngày.&lt;br/&gt;+ Liên hệ xem nhà vị trí, gặp trực tiếp cung cấp sổ trao đổi.&lt;br/&gt;Quảng cáo, Trung gian không phiền cảm ơn.&lt;/p&gt;" SourceIndex="727" TextLen="472" order="11" xPath="/#document/html/body[7]/div[3]/div[0]/div[1]/div[0]/div[0]/main[0]/div[0]/div[0]/section[4]/div[0]/p[6]/#text"/>
<LayoutNode BgColor="#ffffff" ContainImg="0" ContainP="0" ContainTable="false" DOMCldNum="19" DoC="5" FontSize="14" FontWeight="400" FrameSourceIndex="0" ID="1-4-1-1-1-4" IsImg="false" LinkNum="5" LinkTextLen="0" ObjectRectHeight="75" ObjectRectLeft="0" ObjectRectTop="639" ObjectRectWidth="743" SourceIndex="769" TextLen="43" order="12">
<LayoutNode BgColor="#ffffff" ContainImg="0" ContainP="0" ContainTable="false" Content="Diện tích: 31m 2 " DOMCldNum="19" DoC="8" FontSize="14" FontWeight="400" FrameSourceIndex="0" ID="1-4-1-1-1-4-1" IsImg="false" LinkNum="0" LinkTextLen="0" ObjectHeight="26" ObjectRectHeight="75" ObjectRectLeft="0" ObjectRectTop="639" ObjectRectWidth="276" ObjectWidth="135" ObjectX="141" ObjectY="655" SRC="&lt;li&gt;&lt;i class=&quot;ion-home&quot;/&gt;Diện tích: 31m&lt;sup&gt;2&lt;/sup&gt;&lt;/li&gt;" SourceIndex="773" TextLen="16" order="13" xPath="/#document/html/body[7]/div[3]/div[0]/div[1]/div[0]/div[0]/main[0]/div[0]/div[0]/section[5]/div[0]/ul[1]/li[1]/sup[0]/#text"/>
<LayoutNode BgColor="#ffffff" ContainImg="0" ContainP="0" ContainTable="false" Content="1 ngày trước " DOMCldNum="19" DoC="8" FontSize="14" FontWeight="400" FrameSourceIndex="0" ID="1-4-1-1-1-4-2" IsImg="false" LinkNum="0" LinkTextLen="0" ObjectHeight="26" ObjectRectHeight="75" ObjectRectLeft="289" ObjectRectTop="639" ObjectRectWidth="135" ObjectWidth="135" ObjectX="289" ObjectY="655" SRC="&lt;li&gt;&lt;i class=&quot;ion-ios-clock&quot;/&gt;1 ngày trước&lt;/li&gt;" SourceIndex="791" TextLen="13" order="14" xPath="/#document/html/body[7]/div[3]/div[0]/div[1]/div[0]/div[0]/main[0]/div[0]/div[0]/section[5]/div[0]/ul[8]/li[1]/#text"/>
<LayoutNode BgColor="#ffffff" ContainImg="0" ContainP="0" ContainTable="false" Content="Rate this post " DOMCldNum="6" DoC="5" FontSize="14" FontWeight="400" FrameSourceIndex="0" ID="1-4-1-1-1-4-3" IsImg="false" LinkNum="5" LinkTextLen="0" ObjectHeight="48" ObjectRectHeight="75" ObjectRectLeft="623" ObjectRectTop="639" ObjectRectWidth="120" ObjectWidth="120" ObjectX="623" ObjectY="639" SRC="&lt;div class=&quot;kk-star-ratings  bottom-right rgt&quot; data-id=&quot;178900&quot;&gt;                &lt;div class=&quot;kksr-stars kksr-star gray&quot;&gt;                    &lt;div class=&quot;kksr-fuel kksr-star yellow&quot; style=&quot;width:0%;&quot;/&gt;                    &lt;!-- kksr-fuel --&gt;&lt;a href=&quot;#1&quot;/&gt;&lt;a href=&quot;#2&quot;/&gt;&lt;a href=&quot;#3&quot;/&gt;&lt;a href=&quot;#4&quot;/&gt;&lt;a href=&quot;#5&quot;/&gt;                &lt;/div&gt;                &lt;!-- kksr-stars --&gt;                &lt;div class=&quot;kksr-legend&quot;&gt;Rate this post&lt;/div&gt;                &lt;!-- kksr-legend --&gt;            &lt;/div&gt;" SourceIndex="742" TextLen="14" order="15" xPath="/#document/html/body[7]/div[3]/div[0]/div[1]/div[0]/div[0]/main[0]/div[0]/div[0]/section[4]/div[1]/div[2]/div[0]/#text"/>
</LayoutNode>
</LayoutNode>
<LayoutNode BgColor="#ffffff" ContainImg="0" ContainP="0" ContainTable="false" Content="Tìm nhiều hơn Bán Cho thuê Chọn quận/huyện ?&gt; Tìm kiếm! " DOMCldNum="13" DoC="8" FontSize="14" FontWeight="400" FrameSourceIndex="0" ID="1-4-1-1-2" IsImg="false" LinkNum="0" LinkTextLen="0" ObjectHeight="28" ObjectRectHeight="419" ObjectRectLeft="774" ObjectRectTop="295" ObjectRectWidth="294" ObjectWidth="294" ObjectX="774" ObjectY="295" SRC="&lt;header class=&quot;module-header&quot;&gt;   &lt;h2 class=&quot;module-title&quot;&gt;&lt;i class=&quot;ion-search&quot;/&gt;Tìm nhiều hơn&lt;/h2&gt;  &lt;/header&gt;&lt;form action=&quot;https://bannha.net&quot; class=&quot;form-advanced-search form-aside-advanced-search&quot; method=&quot;GET&quot;&gt;     &lt;div class=&quot;col-12 form-group demand-radios&quot;&gt;                  &lt;label class=&quot;demand-radio&quot;&gt;       &lt;input checked=&quot;&quot; name=&quot;demand&quot; type=&quot;radio&quot; value=&quot;766&quot;/&gt;       &lt;span class=&quot;name&quot;&gt;Bán&lt;/span&gt;      &lt;/label&gt;                  &lt;label class=&quot;demand-radio&quot;&gt;       &lt;input name=&quot;demand&quot; type=&quot;radio&quot; value=&quot;768&quot;/&gt;       &lt;span class=&quot;name&quot;&gt;Cho thuê&lt;/span&gt;      &lt;/label&gt;           &lt;/div&gt;     &lt;input class=&quot;form-control&quot; name=&quot;s&quot; placeholder=&quot;Từ khóa&quot; type=&quot;hidden&quot;/&gt;     &lt;div class=&quot;col-12 form-group&quot;&gt;      &lt;select class=&quot;form-control custom-select&quot; name=&quot;category&quot;&gt;       &lt;option value=&quot;0&quot;&gt;Chọn loại nhà đất&lt;/option&gt;              &lt;option value=&quot;765&quot;&gt;Căn hộ&lt;/option&gt;              &lt;option value=&quot;764&quot;&gt;Đất&lt;/option&gt;              &lt;option value=&quot;763&quot;&gt;Nhà&lt;/option&gt;             &lt;/select&gt;     &lt;/div&gt;                &lt;div class=&quot;col-12 form-group&quot;&gt;                    &lt;select class=&quot;form-control custom-select&quot; name=&quot;province_front&quot;&gt;                        &lt;option value=&quot;0&quot;&gt;Chọn tỉnh/thành&lt;/option&gt;                                                    &lt;option value=&quot;1343&quot;&gt;Hà Nội&lt;/option&gt;                                                    &lt;option value=&quot;1342&quot;&gt;TPHCM&lt;/option&gt;                                            &lt;/select&gt;                &lt;/div&gt;                &lt;div class=&quot;col-12 form-group&quot;&gt;                    &lt;select class=&quot;form-control custom-select&quot; name=&quot;district_front&quot;&gt;                        &lt;option value=&quot;0&quot;&gt;Chọn quận/huyện&lt;/option&gt;                                                ?&gt;                    &lt;/select&gt;                &lt;/div&gt;     &lt;div class=&quot;col-12 form-group&quot;&gt;      &lt;select class=&quot;form-control custom-select&quot; name=&quot;warid_front&quot;&gt;       &lt;option value=&quot;0&quot;&gt;Chọn phường/xã&lt;/option&gt;                                  &lt;/select&gt;     &lt;/div&gt;     &lt;div class=&quot;col-6 form-group&quot;&gt;      &lt;select class=&quot;form-control custom-select&quot; name=&quot;min_price&quot;&gt;       &lt;option value=&quot;0&quot;&gt;Giá thấp nhất&lt;/option&gt;               &lt;option value=&quot;100000000&quot;&gt;&lt;strong&gt;100&lt;/strong&gt; triệu&lt;/option&gt;               &lt;option value=&quot;200000000&quot;&gt;&lt;strong&gt;200&lt;/strong&gt; triệu&lt;/option&gt;               &lt;option value=&quot;500000000&quot;&gt;&lt;strong&gt;500&lt;/strong&gt; triệu&lt;/option&gt;               &lt;option value=&quot;1000000000&quot;&gt;&lt;strong&gt;1&lt;/strong&gt; tỷ&lt;/option&gt;               &lt;option value=&quot;3000000000&quot;&gt;&lt;strong&gt;3&lt;/strong&gt; tỷ&lt;/option&gt;               &lt;option value=&quot;5000000000&quot;&gt;&lt;strong&gt;5&lt;/strong&gt; tỷ&lt;/option&gt;               &lt;option value=&quot;8000000000&quot;&gt;&lt;strong&gt;8&lt;/strong&gt; tỷ&lt;/option&gt;               &lt;option value=&quot;10000000000&quot;&gt;&lt;strong&gt;10&lt;/strong&gt; tỷ&lt;/option&gt;               &lt;option value=&quot;20000000000&quot;&gt;&lt;strong&gt;20&lt;/strong&gt; tỷ&lt;/option&gt;               &lt;option value=&quot;35000000000&quot;&gt;&lt;strong&gt;35&lt;/strong&gt; tỷ&lt;/option&gt;             &lt;/select&gt;     &lt;/div&gt;     &lt;div class=&quot;col-6 form-group&quot;&gt;      &lt;select class=&quot;form-control custom-select&quot; name=&quot;max_price&quot;&gt;       &lt;option value=&quot;0&quot;&gt;Giá cao nhất&lt;/option&gt;               &lt;option value=&quot;100000000&quot;&gt;&lt;strong&gt;100&lt;/strong&gt; triệu&lt;/option&gt;               &lt;option value=&quot;200000000&quot;&gt;&lt;strong&gt;200&lt;/strong&gt; triệu&lt;/option&gt;               &lt;option value=&quot;500000000&quot;&gt;&lt;strong&gt;500&lt;/strong&gt; triệu&lt;/option&gt;               &lt;option value=&quot;1000000000&quot;&gt;&lt;strong&gt;1&lt;/strong&gt; tỷ&lt;/option&gt;               &lt;option value=&quot;3000000000&quot;&gt;&lt;strong&gt;3&lt;/strong&gt; tỷ&lt;/option&gt;               &lt;option value=&quot;5000000000&quot;&gt;&lt;strong&gt;5&lt;/strong&gt; tỷ&lt;/option&gt;               &lt;option value=&quot;8000000000&quot;&gt;&lt;strong&gt;8&lt;/strong&gt; tỷ&lt;/option&gt;               &lt;option value=&quot;10000000000&quot;&gt;&lt;strong&gt;10&lt;/strong&gt; tỷ&lt;/option&gt;               &lt;option value=&quot;20000000000&quot;&gt;&lt;strong&gt;20&lt;/strong&gt; tỷ&lt;/option&gt;               &lt;option value=&quot;35000000000&quot;&gt;&lt;strong&gt;35&lt;/strong&gt; tỷ&lt;/option&gt;             &lt;/select&gt;     &lt;/div&gt;     &lt;div class=&quot;col-12&quot;&gt;      &lt;button class=&quot;btn btn-primary btn-block&quot; type=&quot;submit&quot;&gt;Tìm kiếm!&lt;/button&gt;     &lt;/div&gt;   &lt;/form&gt;" SourceIndex="1453" TextLen="37" order="16" xPath="/XPspan"/>
</LayoutNode>
<LayoutNode BgColor="#ffffff" ContainImg="3" ContainP="0" ContainTable="false" Content="  " DOMCldNum="3" DoC="8" FontSize="14" FontWeight="400" FrameSourceIndex="0" ID="1-4-1-2" IsImg="false" LinkNum="1" LinkTextLen="0" ObjectHeight="433" ObjectRectHeight="602" ObjectRectLeft="0" ObjectRectTop="879" ObjectRectWidth="1068" ObjectWidth="573" ObjectX="434" ObjectY="879" SRC="&lt;img alt=&quot;&quot; src=&quot;https://bannha.net/wp-content/uploads/2020/04/b301.jpg&quot;/&gt;&lt;div class=&quot;item&quot;&gt;             &lt;a href=&quot;javascript:void(0);&quot;&gt;              &lt;img alt=&quot;&quot; src=&quot;https://bannha.net/wp-content/uploads/2020/04/b301.jpg&quot;/&gt;             &lt;/a&gt;            &lt;/div&gt;" SourceIndex="2983;821" TextLen="0" order="17" xPath="/#document/html/body[7]/div[3]/div[0]/div[1]/div[0]/div[0]/main[0]/div[0]/div[0]/section[5]/div[2]/div[0]/div[1]/div[0]/div[0]/div[0]/div[0]/a[0]/img"/>
<LayoutNode BgColor="#ffffff" ContainImg="1" ContainP="3" ContainTable="false" Content="Văn Huê 0903052016 Họ tên: Văn Huê Điện thoại: 0903052016 Email: vantrunghue01@gmail.com Liên hệ " DOMCldNum="5" DoC="8" FontSize="14" FontWeight="400" FrameSourceIndex="0" ID="1-4-1-3" IsImg="false" LinkNum="3" LinkTextLen="18" ObjectHeight="166" ObjectRectHeight="246" ObjectRectLeft="0" ObjectRectTop="1496" ObjectRectWidth="1068" ObjectWidth="262" ObjectX="157" ObjectY="1498" SRC="&lt;div class=&quot;col-xs-12 col-md-6&quot;&gt;            &lt;div class=&quot;re-contact-info&quot;&gt;             &lt;a class=&quot;image&quot; href=&quot;&quot;&gt;&lt;img src=&quot;https://bannha.net/wp-content/uploads/2019/02/logo_thudo2.jpg&quot; width=&quot;80&quot;/&gt;&lt;/a&gt;             &lt;div class=&quot;info&quot;&gt;              &lt;a class=&quot;name&quot; href=&quot;&quot;&gt;Văn Huê&lt;/a&gt;              &lt;a class=&quot;phone&quot; href=&quot;tel:0903052016&quot;&gt;               &lt;i class=&quot;ion-android-call&quot;/&gt;0903052016              &lt;/a&gt;             &lt;/div&gt;            &lt;/div&gt;            &lt;div&gt;            &lt;ul class=&quot;details&quot; style=&quot;list-style-type: none;margin: 0px;padding: 0px;&quot;&gt;                                                    &lt;li&gt;&lt;p&gt;&lt;span&gt;Họ tên: &lt;/span&gt; Văn Huê&lt;/p&gt;&lt;/li&gt;                                                    &lt;li&gt;&lt;p&gt;&lt;span&gt;Điện thoại: &lt;/span&gt; 0903052016&lt;/p&gt;&lt;/li&gt;                                                    &lt;li&gt;&lt;p&gt;&lt;span&gt;Email:  &lt;/span&gt; vantrunghue01@gmail.com&lt;/p&gt;&lt;/li&gt;                                                                                                      &lt;/ul&gt;                        &lt;/div&gt;           &lt;/div&gt;&lt;form action=&quot;&quot; class=&quot;re-contact-form&quot; method=&quot;post&quot;&gt;             &lt;h4 class=&quot;title&quot;&gt;Liên hệ&lt;/h4&gt;             &lt;div class=&quot;form-group&quot;&gt;              &lt;input class=&quot;form-control&quot; id=&quot;name&quot; name=&quot;name&quot; placeholder=&quot;Họ và tên&quot; type=&quot;text&quot;/&gt;             &lt;/div&gt;             &lt;div class=&quot;form-group&quot;&gt;              &lt;input class=&quot;form-control&quot; id=&quot;email&quot; name=&quot;email&quot; placeholder=&quot;Email&quot; type=&quot;text&quot;/&gt;             &lt;/div&gt;             &lt;div class=&quot;form-group&quot;&gt;              &lt;input class=&quot;form-control&quot; id=&quot;phone&quot; name=&quot;phone&quot; placeholder=&quot;Số điện thoại&quot; type=&quot;text&quot;/&gt;             &lt;/div&gt;             &lt;div class=&quot;form-group&quot;&gt;              &lt;textarea class=&quot;form-control&quot; id=&quot;content&quot; name=&quot;content&quot; placeholder=&quot;Nội dung&quot; rows=&quot;4&quot;/&gt;             &lt;/div&gt;             &lt;input name=&quot;action&quot; type=&quot;hidden&quot; value=&quot;willgroup_re_contact&quot;/&gt;             &lt;button class=&quot;btn btn-secondary&quot; type=&quot;submit&quot;&gt;Gửi thông tin&lt;/button&gt;            &lt;/form&gt;" SourceIndex="842" TextLen="105" order="18" xPath="/#document/html/body[7]/div[3]/div[0]/div[1]/div[0]/div[0]/main[0]/div[0]/div[0]/section[5]/div[2]/div[0]/div[5]/div[0]/div[0]/div[0]/div[1]/div[0]/ul[2]/li[0]/p[1]/#text"/>
<LayoutNode BgColor="#ffffff" ContainImg="0" ContainP="0" ContainTable="false" Content="Hình ảnh Liên hệ " DOMCldNum="13" DoC="8" FontSize="14" FontWeight="400" FrameSourceIndex="0" ID="1-4-1-4" IsImg="false" LinkNum="2" LinkTextLen="15" ObjectHeight="35" ObjectRectHeight="35" ObjectRectLeft="0" ObjectRectTop="1755" ObjectRectWidth="1068" ObjectWidth="74" ObjectX="135" ObjectY="1755" SRC="&lt;li class=&quot;nav-item&quot;&gt;&lt;a class=&quot;active&quot; data-toggle=&quot;tab&quot; href=&quot;#re-gallery&quot;&gt;Hình ảnh&lt;/a&gt;&lt;/li&gt;&lt;li class=&quot;nav-item&quot;&gt;&lt;a class=&quot;active&quot; data-toggle=&quot;tab&quot; href=&quot;#re-contact&quot;&gt;Liên hệ&lt;/a&gt;&lt;/li&gt;" SourceIndex="930;940" TextLen="15" order="19" xPath="/#document/html/body[7]/div[3]/div[0]/div[1]/div[0]/div[0]/main[0]/div[0]/div[0]/section[5]/div[2]/div[1]/ul[1]/li[0]/a[0]/#text"/>
<LayoutNode BgColor="#ffffff" ContainImg="0" ContainP="0" ContainTable="false" Content="TPHCM khác tại " DOMCldNum="5" DoC="8" FontSize="14" FontWeight="400" FrameSourceIndex="0" ID="1-4-1-5" IsImg="false" LinkNum="1" LinkTextLen="14" ObjectHeight="28" ObjectRectHeight="28" ObjectRectLeft="0" ObjectRectTop="1824" ObjectRectWidth="1068" ObjectWidth="619" ObjectX="125" ObjectY="1824" SRC="&lt;header class=&quot;module-header&quot;&gt;       &lt;h2 class=&quot;module-title&quot;&gt;        &lt;a href=&quot;https://bannha.net/mua-ban-nha-dat/tphcm&quot;&gt;         TPHCM khác tại         &lt;/a&gt;       &lt;/h2&gt;      &lt;/header&gt;" SourceIndex="961" TextLen="14" order="20" xPath="/XPspan"/>
<LayoutNode BgColor="#ffffff" ContainImg="20" ContainP="0" ContainTable="false" Content="          Lô đất đình phong phú tăng nhơn phú B, Diện tích 118m giá rẻ3,25 tỷTôi cần bán nhanh lô đất đình phong phú phường tăng nhơn phú B Diện tích 114m ( 5 x 24 ) sổ hồng riêng , Đường trước đất 4m xe hơi vô tận...ĐấtDiện tích: 118m2TPHCM 3 giờ trước Nhà HXH đường Dương đình Hội phước long B, Diện tích 100m đúc 1 lầu4,95 tỷTôi cần bán nhà hxh đường Dương Đình Hội phước long B Diện tích 100m ( 5 x20) nhà đúc 1 lầu có 3 phòng ngủ, phòng thờ, khách, bếp 2wc, nhà...Diện tích: 100m2TPHCM 15 giờ trước Nhà đẹp Lạc Long Quân, hẻm 10m, mới ở ngay, 3.75 tỷ (còn tl).3,75 tỷ+ Nhà đẹp, vị trí tốt, đường 10m trải nhựa, hẻm bán tải tránh nhau, thông. Cách mặt tiền cũng không quá xa. + Diện tích công nhận: 36m2. +...Diện tích: 36m2TPHCM 1 giờ trước Nhà đẹp Lạc Long Quân, hẻm 6m, 3 tầng BTCT, 3.5 tỷ (còn tl).3,5 tỷ+ Vị trí tuyệt đẹp, thông các ngả, đường trước nhà 6m thông 5 ngã, xe tải di chuyển thoải mái. + Diện tích công nhận: 31m2. + Nhà thiết...Diện tích: 31m2TPHCM 9 giờ trước Nhà đẹp tt quận 11, 36m2, ô tô đỗ cửa, tặng toàn bộ nội thất.3,8 tỷ+ Tọa lạc ngay Phú Thọ, xung quanh đầy đủ các tiện ích, di chuyển dễ, ra quận 10, về quận 6, Tân Phú đều thuận tiện cả. + Nhà thiết kế...Diện tích: 36m2TPHCM 4 giờ trước Nhà đẹp Bùi Thế Mỹ, Tân Bình, hẻm xe tải, chỉ 3.4 tỷ.3,4 tỷ+ Vị trí đẹp, đường lớn, trải nhựa, hẻm to, thông, tiện di chuyển. + Diện tích công nhận: 32m2. + Khu vực dân cư đông đúc, ổn định,...Diện tích: 32m2TPHCM 10 giờ trước Nhà mặt tiền đường 3 phước bình diện tích 88m nhà mới đẹp, ngay trung tâm6,5 tỷBán nhanh nhà đường 3 phường phước Bình Diện tích 88m ( 4 x22) nhà cấp 4 có 3 phòng ngủ, phòng khách lót ván sàn, bếp, nhà mới sửa lại trang...Diện tích: 88m2TPHCM 10 giờ trước Chỉ với 700 triệu đồng sở hữu ngay 100m2 thổ cư gần kề Trung tâm,cần bán gấp trong thángChính chủ cần tiền bán gấp lô đất thổ cư gần kề Trung tâm hành chính T/p Bà Rịa khu dân cư hiện hữu KDC LONG ĐIỀN ORIANA Thông tin chi...ĐấtDiện tích: 100m2TPHCM 9 giờ trước CHÍNH CHỦ CẮT LỖ, BÁN GẤP LÔ ĐẤT NGHỈ DƯỠNG HỒ TRÀM, GIÁ CHỈ 900 TRIỆU/500M21,8 triệu/m2HỒ TRÀM, XUYÊN MỘC, BÀ RỊA – VŨNG TÀU Bất Động Sản Du Lịch - Cơ Hội Đầu Tư Sinh Lời “ Hãy mua BĐS nơi người giàu hay lui tới “ -...ĐấtDiện tích: 500m2TPHCM 11 giờ trước “Giải cứu mùa Covid” Chính chủ bán rẻ đất Thị xã Phú Mỹ, giá “chốt lỗ” 6tr/m2980 triệu&quot;Giải cứu mùa Covid&quot; Chính chủ bán gấp lô đất Thị xã Phú Mỹ, giá &quot;chốt lỗ&quot; 6tr/m2, Mặt tiền đường nhựa hiện hữu 7m, cách đường lớn...ĐấtDiện tích: 157m2TPHCM 1 giờ trước " DOMCldNum="1" DoC="8" FontSize="14" FontWeight="400" FrameSourceIndex="0" ID="1-4-1-6" IsImg="false" LinkNum="20" LinkTextLen="706" ObjectHeight="120" ObjectRectHeight="1160" ObjectRectLeft="0" ObjectRectTop="1862" ObjectRectWidth="1068" ObjectWidth="120" ObjectX="131" ObjectY="1865" SRC="&lt;img alt=&quot;&quot; src=&quot;https://bannha.net/wp-content/uploads/bfi_thumb/fadbad490a01f05fa910-oo6egvr9n3tvxl4mab3y4i4rawbeb16mixxl508uy8.jpg&quot;/&gt;&lt;img alt=&quot;&quot; src=&quot;https://bannha.net/wp-content/uploads/bfi_thumb/d895379593d7698930c6-1-oo4okpc8vdmeahoja5zihryleyq1stgy6hfgprzkq8.jpg&quot;/&gt;&lt;img alt=&quot;&quot; src=&quot;https://bannha.net/wp-content/uploads/bfi_thumb/b302-oo4mo0ave9kzsfgrez02rm0ui7bc95r5qh0z2rudgw.jpg&quot;/&gt;&lt;img alt=&quot;&quot; src=&quot;https://bannha.net/wp-content/uploads/bfi_thumb/b301-oo4llisrkgwcf7da5c3zobnew90b3ayt3zf9owwo8g.jpg&quot;/&gt;&lt;img alt=&quot;&quot; src=&quot;https://bannha.net/wp-content/uploads/bfi_thumb/b300-oo32t0hdqgokpsjq7pie92uttb949a8rwyzoj5kdkg.jpg&quot;/&gt;&lt;img alt=&quot;&quot; src=&quot;https://bannha.net/wp-content/uploads/bfi_thumb/b299-oo31q226hncrjl4tovb0wwr3if9h8vl985n8ibbrg0.jpg&quot;/&gt;&lt;img alt=&quot;&quot; src=&quot;https://bannha.net/wp-content/uploads/bfi_thumb/d28c1574a5305f6e0621-1-oo2y5p7l83n64jkv7dx2fat387x24u0swuk9a1n54g.jpg&quot;/&gt;&lt;img alt=&quot;&quot; src=&quot;https://bannha.net/wp-content/uploads/bfi_thumb/so-do-thua-dat-ony07lpfe66gcwskbbda4uu4der8qg9ctlztr40zao.jpg&quot;/&gt;&lt;img alt=&quot;&quot; src=&quot;https://bannha.net/wp-content/uploads/bfi_thumb/Bungalows_01-onxzeil7wqd13b1k5qqvz72mm64cjmsdhn8x4v5ju8.jpg&quot;/&gt;&lt;img alt=&quot;&quot; src=&quot;https://bannha.net/wp-content/uploads/bfi_thumb/95a41a84fd5c05025c4d-onxzs90brl5uq73dyogneqb32uff0fb6pmebkesgxc.jpg&quot;/&gt;&lt;div class=&quot;info&quot;&gt;  &lt;h3 class=&quot;name&quot;&gt;&lt;a href=&quot;https://bannha.net/Nha-dat/lo-dat-dinh-phong-phu-tang-nhon-phu-b-dien-tich-118m-gia-re&quot; style=&quot;color:#0070c0&quot; title=&quot;Lô đất đình phong phú tăng nhơn phú B, Diện tích 118m giá rẻ&quot;&gt;Lô đất đình phong phú tăng nhơn phú B, Diện tích 118m giá rẻ&lt;/a&gt;&lt;/h3&gt;  &lt;span class=&quot;price&quot; style=&quot;color:#0070c0&quot;&gt;&lt;strong&gt;3,25&lt;/strong&gt; tỷ&lt;/span&gt;  &lt;div class=&quot;desc&quot; style=&quot;width: 100%;float: left;font-size: 13px;margin-bottom: 10px;&quot;&gt;Tôi cần bán nhanh lô đất đình phong phú phường tăng nhơn phú BDiện tích 114m ( 5 x 24 ) sổ hồng riêng , Đường trước đất 4m xe hơi vô tận...&lt;/div&gt;  &lt;a class=&quot;cat&quot;&gt;Đất&lt;/a&gt;  &lt;span class=&quot;area&quot;&gt;&lt;strong&gt;Diện tích:&lt;/strong&gt; 118m&lt;sup&gt;2&lt;/sup&gt;&lt;/span&gt;  &lt;span class=&quot;district&quot;&gt;&lt;i class=&quot;ion-ios-location&quot;/&gt;TPHCM&lt;/span&gt;  &lt;ul class=&quot;meta&quot;&gt;   &lt;li&gt;&lt;i class=&quot;ion-ios-time-outline&quot;/&gt; 3 giờ trước&lt;/li&gt;&lt;!--            &lt;li&gt;&lt;i class=&quot;ion-eye&quot;&gt;&lt;/i&gt;--&gt;&lt;!--&lt;/li&gt;--&gt;&lt;!--            &lt;li&gt;&lt;i class=&quot;ion-eye&quot;&gt;&lt;/i&gt;--&gt;&lt;!--&lt;/li&gt;--&gt;  &lt;/ul&gt; &lt;/div&gt;&lt;div class=&quot;info&quot;&gt;  &lt;h3 class=&quot;name&quot;&gt;&lt;a href=&quot;https://bannha.net/Nha-dat/nha-hxh-duong-duong-dinh-hoi-phuoc-long-b-dien-tich-100m-duc-1-lau&quot; style=&quot;color:#0070c0&quot; title=&quot;Nhà HXH đường Dương đình Hội phước long B, Diện tích 100m đúc 1 lầu&quot;&gt;Nhà HXH đường Dương đình Hội phước long B, Diện tích 100m đúc 1 lầu&lt;/a&gt;&lt;/h3&gt;  &lt;span class=&quot;price&quot; style=&quot;color:#0070c0&quot;&gt;&lt;strong&gt;4,95&lt;/strong&gt; tỷ&lt;/span&gt;  &lt;div class=&quot;desc&quot; style=&quot;width: 100%;float: left;font-size: 13px;margin-bottom: 10px;&quot;&gt;Tôi cần bán nhà hxh đường Dương Đình Hội phước long BDiện tích 100m ( 5 x20) nhà đúc 1 lầu có 3 phòng ngủ, phòng thờ, khách, bếp 2wc, nhà...&lt;/div&gt;  &lt;a class=&quot;cat&quot;&gt;Nhà&lt;/a&gt;  &lt;span class=&quot;area&quot;&gt;&lt;strong&gt;Diện tích:&lt;/strong&gt; 100m&lt;sup&gt;2&lt;/sup&gt;&lt;/span&gt;  &lt;span class=&quot;district&quot;&gt;&lt;i class=&quot;ion-ios-location&quot;/&gt;TPHCM&lt;/span&gt;  &lt;ul class=&quot;meta&quot;&gt;   &lt;li&gt;&lt;i class=&quot;ion-ios-time-outline&quot;/&gt; 15 giờ trước&lt;/li&gt;&lt;!--            &lt;li&gt;&lt;i class=&quot;ion-eye&quot;&gt;&lt;/i&gt;--&gt;&lt;!--&lt;/li&gt;--&gt;&lt;!--            &lt;li&gt;&lt;i class=&quot;ion-eye&quot;&gt;&lt;/i&gt;--&gt;&lt;!--&lt;/li&gt;--&gt;  &lt;/ul&gt; &lt;/div&gt;&lt;div class=&quot;info&quot;&gt;  &lt;h3 class=&quot;name&quot;&gt;&lt;a href=&quot;https://bannha.net/Nha-dat/nha-dep-lac-long-quan-hem-10m-moi-o-ngay-3-75-ty-con-tl&quot; style=&quot;color:#0070c0&quot; title=&quot;Nhà đẹp Lạc Long Quân, hẻm 10m, mới ở ngay, 3.75 tỷ (còn tl).&quot;&gt;Nhà đẹp Lạc Long Quân, hẻm 10m, mới ở ngay, 3.75 tỷ (còn tl).&lt;/a&gt;&lt;/h3&gt;  &lt;span class=&quot;price&quot; style=&quot;color:#0070c0&quot;&gt;&lt;strong&gt;3,75&lt;/strong&gt; tỷ&lt;/span&gt;  &lt;div class=&quot;desc&quot; style=&quot;width: 100%;float: left;font-size: 13px;margin-bottom: 10px;&quot;&gt;+ Nhà đẹp, vị trí tốt, đường 10m trải nhựa, hẻm bán tải tránh nhau, thông. Cách mặt tiền cũng không quá xa.+ Diện tích công nhận: 36m2.+...&lt;/div&gt;  &lt;a class=&quot;cat&quot;&gt;Nhà&lt;/a&gt;  &lt;span class=&quot;area&quot;&gt;&lt;strong&gt;Diện tích:&lt;/strong&gt; 36m&lt;sup&gt;2&lt;/sup&gt;&lt;/span&gt;  &lt;span class=&quot;district&quot;&gt;&lt;i class=&quot;ion-ios-location&quot;/&gt;TPHCM&lt;/span&gt;  &lt;ul class=&quot;meta&quot;&gt;   &lt;li&gt;&lt;i class=&quot;ion-ios-time-outline&quot;/&gt; 1 giờ trước&lt;/li&gt;&lt;!--            &lt;li&gt;&lt;i class=&quot;ion-eye&quot;&gt;&lt;/i&gt;--&gt;&lt;!--&lt;/li&gt;--&gt;&lt;!--            &lt;li&gt;&lt;i class=&quot;ion-eye&quot;&gt;&lt;/i&gt;--&gt;&lt;!--&lt;/li&gt;--&gt;  &lt;/ul&gt; &lt;/div&gt;&lt;div class=&quot;info&quot;&gt;  &lt;h3 class=&quot;name&quot;&gt;&lt;a href=&quot;https://bannha.net/Nha-dat/nha-dep-lac-long-quan-hem-6m-3-tang-btct-3-5-ty-con-tl&quot; style=&quot;color:#0070c0&quot; title=&quot;Nhà đẹp Lạc Long Quân, hẻm 6m, 3 tầng BTCT, 3.5 tỷ (còn tl).&quot;&gt;Nhà đẹp Lạc Long Quân, hẻm 6m, 3 tầng BTCT, 3.5 tỷ (còn tl).&lt;/a&gt;&lt;/h3&gt;  &lt;span class=&quot;price&quot; style=&quot;color:#0070c0&quot;&gt;&lt;strong&gt;3,5&lt;/strong&gt; tỷ&lt;/span&gt;  &lt;div class=&quot;desc&quot; style=&quot;width: 100%;float: left;font-size: 13px;margin-bottom: 10px;&quot;&gt;+ Vị trí tuyệt đẹp, thông các ngả, đường trước nhà 6m thông 5 ngã, xe tải di chuyển thoải mái.+ Diện tích công nhận: 31m2.+ Nhà thiết...&lt;/div&gt;  &lt;a class=&quot;cat&quot;&gt;Nhà&lt;/a&gt;  &lt;span class=&quot;area&quot;&gt;&lt;strong&gt;Diện tích:&lt;/strong&gt; 31m&lt;sup&gt;2&lt;/sup&gt;&lt;/span&gt;  &lt;span class=&quot;district&quot;&gt;&lt;i class=&quot;ion-ios-location&quot;/&gt;TPHCM&lt;/span&gt;  &lt;ul class=&quot;meta&quot;&gt;   &lt;li&gt;&lt;i class=&quot;ion-ios-time-outline&quot;/&gt; 9 giờ trước&lt;/li&gt;&lt;!--            &lt;li&gt;&lt;i class=&quot;ion-eye&quot;&gt;&lt;/i&gt;--&gt;&lt;!--&lt;/li&gt;--&gt;&lt;!--            &lt;li&gt;&lt;i class=&quot;ion-eye&quot;&gt;&lt;/i&gt;--&gt;&lt;!--&lt;/li&gt;--&gt;  &lt;/ul&gt; &lt;/div&gt;&lt;div class=&quot;info&quot;&gt;  &lt;h3 class=&quot;name&quot;&gt;&lt;a href=&quot;https://bannha.net/Nha-dat/nha-dep-tt-quan-11-36m2-o-to-do-cua-tang-toan-bo-noi-that&quot; style=&quot;color:#0070c0&quot; title=&quot;Nhà đẹp tt quận 11, 36m2, ô tô đỗ cửa, tặng toàn bộ nội thất.&quot;&gt;Nhà đẹp tt quận 11, 36m2, ô tô đỗ cửa, tặng toàn bộ nội thất.&lt;/a&gt;&lt;/h3&gt;  &lt;span class=&quot;price&quot; style=&quot;color:#0070c0&quot;&gt;&lt;strong&gt;3,8&lt;/strong&gt; tỷ&lt;/span&gt;  &lt;div class=&quot;desc&quot; style=&quot;width: 100%;float: left;font-size: 13px;margin-bottom: 10px;&quot;&gt;+ Tọa lạc ngay Phú Thọ, xung quanh đầy đủ các tiện ích, di chuyển dễ, ra quận 10, về quận 6, Tân Phú đều thuận tiện cả.+ Nhà thiết kế...&lt;/div&gt;  &lt;a class=&quot;cat&quot;&gt;Nhà&lt;/a&gt;  &lt;span class=&quot;area&quot;&gt;&lt;strong&gt;Diện tích:&lt;/strong&gt; 36m&lt;sup&gt;2&lt;/sup&gt;&lt;/span&gt;  &lt;span class=&quot;district&quot;&gt;&lt;i class=&quot;ion-ios-location&quot;/&gt;TPHCM&lt;/span&gt;  &lt;ul class=&quot;meta&quot;&gt;   &lt;li&gt;&lt;i class=&quot;ion-ios-time-outline&quot;/&gt; 4 giờ trước&lt;/li&gt;&lt;!--            &lt;li&gt;&lt;i class=&quot;ion-eye&quot;&gt;&lt;/i&gt;--&gt;&lt;!--&lt;/li&gt;--&gt;&lt;!--            &lt;li&gt;&lt;i class=&quot;ion-eye&quot;&gt;&lt;/i&gt;--&gt;&lt;!--&lt;/li&gt;--&gt;  &lt;/ul&gt; &lt;/div&gt;&lt;div class=&quot;info&quot;&gt;  &lt;h3 class=&quot;name&quot;&gt;&lt;a href=&quot;https://bannha.net/Nha-dat/nha-dep-bui-the-my-tan-binh-hem-xe-tai-chi-3-4-ty&quot; style=&quot;color:#0070c0&quot; title=&quot;Nhà đẹp Bùi Thế Mỹ, Tân Bình, hẻm xe tải, chỉ 3.4 tỷ.&quot;&gt;Nhà đẹp Bùi Thế Mỹ, Tân Bình, hẻm xe tải, chỉ 3.4 tỷ.&lt;/a&gt;&lt;/h3&gt;  &lt;span class=&quot;price&quot; style=&quot;color:#0070c0&quot;&gt;&lt;strong&gt;3,4&lt;/strong&gt; tỷ&lt;/span&gt;  &lt;div class=&quot;desc&quot; style=&quot;width: 100%;float: left;font-size: 13px;margin-bottom: 10px;&quot;&gt;+ Vị trí đẹp, đường lớn, trải nhựa, hẻm to, thông, tiện di chuyển.+ Diện tích công nhận: 32m2.+ Khu vực dân cư đông đúc, ổn định,...&lt;/div&gt;  &lt;a class=&quot;cat&quot;&gt;Nhà&lt;/a&gt;  &lt;span class=&quot;area&quot;&gt;&lt;strong&gt;Diện tích:&lt;/strong&gt; 32m&lt;sup&gt;2&lt;/sup&gt;&lt;/span&gt;  &lt;span class=&quot;district&quot;&gt;&lt;i class=&quot;ion-ios-location&quot;/&gt;TPHCM&lt;/span&gt;  &lt;ul class=&quot;meta&quot;&gt;   &lt;li&gt;&lt;i class=&quot;ion-ios-time-outline&quot;/&gt; 10 giờ trước&lt;/li&gt;&lt;!--            &lt;li&gt;&lt;i class=&quot;ion-eye&quot;&gt;&lt;/i&gt;--&gt;&lt;!--&lt;/li&gt;--&gt;&lt;!--            &lt;li&gt;&lt;i class=&quot;ion-eye&quot;&gt;&lt;/i&gt;--&gt;&lt;!--&lt;/li&gt;--&gt;  &lt;/ul&gt; &lt;/div&gt;&lt;div class=&quot;info&quot;&gt;  &lt;h3 class=&quot;name&quot;&gt;&lt;a href=&quot;https://bannha.net/Nha-dat/nha-mat-tien-duong-3-phuoc-binh-dien-tich-88m-nha-moi-dep-ngay-trung-tam&quot; style=&quot;color:#0070c0&quot; title=&quot;Nhà mặt tiền đường 3 phước bình diện tích 88m nhà mới đẹp, ngay trung tâm&quot;&gt;Nhà mặt tiền đường 3 phước bình diện tích 88m nhà mới đẹp, ngay trung tâm&lt;/a&gt;&lt;/h3&gt;  &lt;span class=&quot;price&quot; style=&quot;color:#0070c0&quot;&gt;&lt;strong&gt;6,5&lt;/strong&gt; tỷ&lt;/span&gt;  &lt;div class=&quot;desc&quot; style=&quot;width: 100%;float: left;font-size: 13px;margin-bottom: 10px;&quot;&gt;Bán nhanh nhà đường 3 phường phước BìnhDiện tích 88m ( 4 x22) nhà cấp 4 có 3 phòng ngủ, phòng khách lót ván sàn, bếp, nhà mới sửa lại trang...&lt;/div&gt;  &lt;a class=&quot;cat&quot;&gt;Nhà&lt;/a&gt;  &lt;span class=&quot;area&quot;&gt;&lt;strong&gt;Diện tích:&lt;/strong&gt; 88m&lt;sup&gt;2&lt;/sup&gt;&lt;/span&gt;  &lt;span class=&quot;district&quot;&gt;&lt;i class=&quot;ion-ios-location&quot;/&gt;TPHCM&lt;/span&gt;  &lt;ul class=&quot;meta&quot;&gt;   &lt;li&gt;&lt;i class=&quot;ion-ios-time-outline&quot;/&gt; 10 giờ trước&lt;/li&gt;&lt;!--            &lt;li&gt;&lt;i class=&quot;ion-eye&quot;&gt;&lt;/i&gt;--&gt;&lt;!--&lt;/li&gt;--&gt;&lt;!--            &lt;li&gt;&lt;i class=&quot;ion-eye&quot;&gt;&lt;/i&gt;--&gt;&lt;!--&lt;/li&gt;--&gt;  &lt;/ul&gt; &lt;/div&gt;&lt;div class=&quot;info&quot;&gt;  &lt;h3 class=&quot;name&quot;&gt;&lt;a href=&quot;https://bannha.net/Nha-dat/chi-voi-700-trieu-dong-huu-ngay-100m2-tho-cu-gan-ke-trung-tamcan-ban-gap-trong-thang&quot; style=&quot;color:#e3311c&quot; title=&quot;Chỉ với 700 triệu đồng sở hữu ngay 100m2 thổ cư gần kề Trung tâm,cần bán gấp trong tháng&quot;&gt;Chỉ với 700 triệu đồng sở hữu ngay 100m2 thổ cư gần kề Trung tâm,cần bán gấp trong tháng&lt;/a&gt;&lt;/h3&gt;  &lt;span class=&quot;price&quot; style=&quot;color:#e3311c&quot;&gt;&lt;strong&gt;700&lt;/strong&gt; triệu&lt;/span&gt;  &lt;div class=&quot;desc&quot; style=&quot;width: 100%;float: left;font-size: 13px;margin-bottom: 10px;&quot;&gt;Chính chủ cần tiền bán gấp lô đất thổ cư gần kề Trung tâm hành chính T/p Bà Rịa khu dân cư hiện hữu KDC LONG ĐIỀN ORIANAThông tin chi...&lt;/div&gt;  &lt;a class=&quot;cat&quot;&gt;Đất&lt;/a&gt;  &lt;span class=&quot;area&quot;&gt;&lt;strong&gt;Diện tích:&lt;/strong&gt; 100m&lt;sup&gt;2&lt;/sup&gt;&lt;/span&gt;  &lt;span class=&quot;district&quot;&gt;&lt;i class=&quot;ion-ios-location&quot;/&gt;TPHCM&lt;/span&gt;  &lt;ul class=&quot;meta&quot;&gt;   &lt;li&gt;&lt;i class=&quot;ion-ios-time-outline&quot;/&gt; 9 giờ trước&lt;/li&gt;&lt;!--            &lt;li&gt;&lt;i class=&quot;ion-eye&quot;&gt;&lt;/i&gt;--&gt;&lt;!--&lt;/li&gt;--&gt;&lt;!--            &lt;li&gt;&lt;i class=&quot;ion-eye&quot;&gt;&lt;/i&gt;--&gt;&lt;!--&lt;/li&gt;--&gt;  &lt;/ul&gt; &lt;/div&gt;&lt;div class=&quot;info&quot;&gt;  &lt;h3 class=&quot;name&quot;&gt;&lt;a href=&quot;https://bannha.net/Nha-dat/chinh-chu-cat-lo-ban-gap-lo-dat-nghi-duong-ho-tram-gia-chi-900-trieu500m2&quot; style=&quot;color:#e3311c&quot; title=&quot;CHÍNH CHỦ CẮT LỖ, BÁN GẤP LÔ ĐẤT NGHỈ DƯỠNG HỒ TRÀM, GIÁ CHỈ 900 TRIỆU/500M2&quot;&gt;CHÍNH CHỦ CẮT LỖ, BÁN GẤP LÔ ĐẤT NGHỈ DƯỠNG HỒ TRÀM, GIÁ CHỈ 900 TRIỆU/500M2&lt;/a&gt;&lt;/h3&gt;  &lt;span class=&quot;price&quot; style=&quot;color:#e3311c&quot;&gt;&lt;strong&gt;1,8&lt;/strong&gt; triệu/m&lt;sup&gt;2&lt;/sup&gt;&lt;/span&gt;  &lt;div class=&quot;desc&quot; style=&quot;width: 100%;float: left;font-size: 13px;margin-bottom: 10px;&quot;&gt;HỒ TRÀM, XUYÊN MỘC, BÀ RỊA – VŨNG TÀUBất Động Sản Du Lịch - Cơ Hội Đầu Tư Sinh Lời“ Hãy mua BĐS nơi người giàu hay lui tới “-...&lt;/div&gt;  &lt;a class=&quot;cat&quot;&gt;Đất&lt;/a&gt;  &lt;span class=&quot;area&quot;&gt;&lt;strong&gt;Diện tích:&lt;/strong&gt; 500m&lt;sup&gt;2&lt;/sup&gt;&lt;/span&gt;  &lt;span class=&quot;district&quot;&gt;&lt;i class=&quot;ion-ios-location&quot;/&gt;TPHCM&lt;/span&gt;  &lt;ul class=&quot;meta&quot;&gt;   &lt;li&gt;&lt;i class=&quot;ion-ios-time-outline&quot;/&gt; 11 giờ trước&lt;/li&gt;&lt;!--            &lt;li&gt;&lt;i class=&quot;ion-eye&quot;&gt;&lt;/i&gt;--&gt;&lt;!--&lt;/li&gt;--&gt;&lt;!--            &lt;li&gt;&lt;i class=&quot;ion-eye&quot;&gt;&lt;/i&gt;--&gt;&lt;!--&lt;/li&gt;--&gt;  &lt;/ul&gt; &lt;/div&gt;&lt;div class=&quot;info&quot;&gt;  &lt;h3 class=&quot;name&quot;&gt;&lt;a href=&quot;https://bannha.net/Nha-dat/giai-cuu-mua-covid-chinh-chu-ban-re-dat-thi-xa-phu-gia-chot-lo-6trm2&quot; style=&quot;color:#ff8a00&quot; title=&quot;“Giải cứu mùa Covid” Chính chủ bán rẻ đất Thị xã Phú Mỹ, giá “chốt lỗ” 6tr/m2&quot;&gt;“Giải cứu mùa Covid” Chính chủ bán rẻ đất Thị xã Phú Mỹ, giá “chốt lỗ” 6tr/m2&lt;/a&gt;&lt;/h3&gt;  &lt;span class=&quot;price&quot; style=&quot;color:#ff8a00&quot;&gt;&lt;strong&gt;980&lt;/strong&gt; triệu&lt;/span&gt;  &lt;div class=&quot;desc&quot; style=&quot;width: 100%;float: left;font-size: 13px;margin-bottom: 10px;&quot;&gt;&quot;Giải cứu mùa Covid&quot; Chính chủ bán gấp lô đất Thị xã Phú Mỹ, giá &quot;chốt lỗ&quot; 6tr/m2, Mặt tiền đường nhựa hiện hữu 7m, cách đường lớn...&lt;/div&gt;  &lt;a class=&quot;cat&quot;&gt;Đất&lt;/a&gt;  &lt;span class=&quot;area&quot;&gt;&lt;strong&gt;Diện tích:&lt;/strong&gt; 157m&lt;sup&gt;2&lt;/sup&gt;&lt;/span&gt;  &lt;span class=&quot;district&quot;&gt;&lt;i class=&quot;ion-ios-location&quot;/&gt;TPHCM&lt;/span&gt;  &lt;ul class=&quot;meta&quot;&gt;   &lt;li&gt;&lt;i class=&quot;ion-ios-time-outline&quot;/&gt; 1 giờ trước&lt;/li&gt;&lt;!--            &lt;li&gt;&lt;i class=&quot;ion-eye&quot;&gt;&lt;/i&gt;--&gt;&lt;!--&lt;/li&gt;--&gt;&lt;!--            &lt;li&gt;&lt;i class=&quot;ion-eye&quot;&gt;&lt;/i&gt;--&gt;&lt;!--&lt;/li&gt;--&gt;  &lt;/ul&gt; &lt;/div&gt;" SourceIndex="976" TextLen="2495" order="21" xPath="/#document/html/body[7]/div[3]/div[0]/div[1]/div[0]/div[0]/main[0]/div[0]/div[1]/section[1]/div[0]/div[0]/article[0]/a[0]/img"/>
</LayoutNode>
<LayoutNode BgColor="#ffffff" ContainImg="6" ContainP="0" ContainTable="false" DOMCldNum="2" DoC="7" FontSize="14" FontWeight="400" FrameSourceIndex="0" ID="1-4-2" IsImg="false" LinkNum="1" LinkTextLen="3" ObjectRectHeight="2727" ObjectRectLeft="1100" ObjectRectTop="295" ObjectRectWidth="320" SourceIndex="1681" TextLen="368" order="22">
<LayoutNode BgColor="#ffffff" ContainImg="2" ContainP="0" ContainTable="false" Content="Đăng tin bán nhà  " DOMCldNum="2" DoC="8" FontSize="14" FontWeight="400" FrameSourceIndex="0" ID="1-4-2-1" IsImg="false" LinkNum="0" LinkTextLen="0" ObjectHeight="38" ObjectRectHeight="289" ObjectRectLeft="1100" ObjectRectTop="295" ObjectRectWidth="320" ObjectWidth="164" ObjectX="1100" ObjectY="295" SRC="&lt;header class=&quot;widget-header&quot;&gt;&lt;h4 class=&quot;widget-title&quot;&gt;Đăng tin bán nhà&lt;/h4&gt;&lt;/header&gt;&lt;img alt=&quot;&quot; class=&quot;image wp-image-95317  attachment-full size-full&quot; height=&quot;250&quot; src=&quot;https://bannha.net/wp-content/uploads/2019/03/banner_2.gif&quot; style=&quot;max-width: 100%; height: auto;&quot; width=&quot;280&quot;/&gt;" SourceIndex="1681" TextLen="16" order="23" xPath="/XPspan"/>
<LayoutNode BgColor="#ffffff" ContainImg="0" ContainP="0" ContainTable="false" Content="Cầm đồ tại Hà Nội " DOMCldNum="2" DoC="8" FontSize="14" FontWeight="400" FrameSourceIndex="0" ID="1-4-2-2" IsImg="false" LinkNum="0" LinkTextLen="0" ObjectHeight="38" ObjectRectHeight="38" ObjectRectLeft="1100" ObjectRectTop="593" ObjectRectWidth="320" ObjectWidth="164" ObjectX="1100" ObjectY="593" SRC="&lt;header class=&quot;widget-header&quot;&gt;&lt;h4 class=&quot;widget-title&quot;&gt;Cầm đồ tại Hà Nội&lt;/h4&gt;&lt;/header&gt;" SourceIndex="1687" TextLen="17" order="24" xPath="/XPspan"/>
<LayoutNode BgColor="#ffffff" ContainImg="4" ContainP="0" ContainTable="false" Content=" Sang tên xe ô tô  " DOMCldNum="0" DoC="8" FontSize="14" FontWeight="400" FrameSourceIndex="0" ID="1-4-2-3" IsImg="false" LinkNum="0" LinkTextLen="0" ObjectHeight="573" ObjectRectHeight="822" ObjectRectLeft="1100" ObjectRectTop="638" ObjectRectWidth="320" ObjectWidth="164" ObjectX="1100" ObjectY="638" SRC="&lt;img alt=&quot;&quot; class=&quot;image wp-image-95318  attachment-full size-full&quot; height=&quot;573&quot; src=&quot;https://bannha.net/wp-content/uploads/2019/03/banner7.jpg&quot; style=&quot;max-width: 100%; height: auto;&quot; width=&quot;346&quot;/&gt;&lt;header class=&quot;widget-header&quot;&gt;&lt;h4 class=&quot;widget-title&quot;&gt;Sang tên xe ô tô&lt;/h4&gt;&lt;/header&gt;&lt;img alt=&quot;&quot; class=&quot;image wp-image-142496  attachment-full size-full&quot; height=&quot;207&quot; src=&quot;https://bannha.net/wp-content/uploads/2019/11/otovina.jpg&quot; style=&quot;max-width: 100%; height: auto;&quot; width=&quot;192&quot;/&gt;" SourceIndex="0" TextLen="16" order="25" xPath="/#document/html/body[7]/div[3]/div[0]/div[1]/div[1]/aside[1]/section[1]/img"/>
<LayoutNode BgColor="#ffffff" ContainImg="0" ContainP="0" ContainTable="false" Content="Thu mua nhà đất Sàn giao dịch nhà đất Bannha.net Sàn giao dịch nhà đất Bannha.net chuyên thu mua nhà đất, nhà chung cư, chung cư mini, căn hộ chuyên thu mua nhà đất, nhà chung cư, chung cư mini, căn hộ chuyên thu mua nhà đất, nhà chung cư, chung cư mini, căn hộ chuyên thu mua nhà đất, nhà chung cư, chung cư mini, căn hộ ...với giá cao nhất thị trường Hà Nội. Với đội ngũ nhân viên chuyên nghiệp nhiệt tình, không bao giờ ép giá, bạn chỉ cần một cuộc gọi là chúng tôi sẽ đến tận nơi để xem và thu mua nhà của bạn. Xem thêm chi tiết dịch vụ tại ...với giá cao nhất thị trường Hà Nội. Với đội ngũ nhân viên chuyên nghiệp nhiệt tình, không bao giờ ép giá, bạn chỉ cần một cuộc gọi là chúng tôi sẽ đến tận nơi để xem và thu mua nhà của bạn. Xem thêm chi tiết dịch vụ tại ...với giá cao nhất thị trường Hà Nội. Với đội ngũ nhân viên chuyên nghiệp nhiệt tình, không bao giờ ép giá, bạn chỉ cần một cuộc gọi là chúng tôi sẽ đến tận nơi để xem và thu mua nhà của bạn. Xem thêm chi tiết dịch vụ tại ...với giá cao nhất thị trường Hà Nội. Với đội ngũ nhân viên chuyên nghiệp nhiệt tình, không bao giờ ép giá, bạn chỉ cần một cuộc gọi là chúng tôi sẽ đến tận nơi để xem và thu mua nhà của bạn. Xem thêm chi tiết dịch vụ tại ...với giá cao nhất thị trường Hà Nội. Với đội ngũ nhân viên chuyên nghiệp nhiệt tình, không bao giờ ép giá, bạn chỉ cần một cuộc gọi là chúng tôi sẽ đến tận nơi để xem và thu mua nhà của bạn. Xem thêm chi tiết dịch vụ tại ...với giá cao nhất thị trường Hà Nội. Với đội ngũ nhân viên chuyên nghiệp nhiệt tình, không bao giờ ép giá, bạn chỉ cần một cuộc gọi là chúng tôi sẽ đến tận nơi để xem và thu mua nhà của bạn. Xem thêm chi tiết dịch vụ tại ...với giá cao nhất thị trường Hà Nội. Với đội ngũ nhân viên chuyên nghiệp nhiệt tình, không bao giờ ép giá, bạn chỉ cần một cuộc gọi là chúng tôi sẽ đến tận nơi để xem và thu mua nhà của bạn. Xem thêm chi tiết dịch vụ tại ...với giá cao nhất thị trường Hà Nội. Với đội ngũ nhân viên chuyên nghiệp nhiệt tình, không bao giờ ép giá, bạn chỉ cần một cuộc gọi là chúng tôi sẽ đến tận nơi để xem và thu mua nhà của bạn. Xem thêm chi tiết dịch vụ tại ...với giá cao nhất thị trường Hà Nội. Với đội ngũ nhân viên chuyên nghiệp nhiệt tình, không bao giờ ép giá, bạn chỉ cần một cuộc gọi là chúng tôi sẽ đến tận nơi để xem và thu mua nhà của bạn. Xem thêm chi tiết dịch vụ tại ...với giá cao nhất thị trường Hà Nội. Với đội ngũ nhân viên chuyên nghiệp nhiệt tình, không bao giờ ép giá, bạn chỉ cần một cuộc gọi là chúng tôi sẽ đến tận nơi để xem và thu mua nhà của bạn. Xem thêm chi tiết dịch vụ tại đây . " DOMCldNum="4" DoC="8" FontSize="14" FontWeight="400" FrameSourceIndex="0" ID="1-4-2-4" IsImg="false" LinkNum="1" LinkTextLen="3" ObjectHeight="38" ObjectRectHeight="1553" ObjectRectLeft="1100" ObjectRectTop="1469" ObjectRectWidth="320" ObjectWidth="164" ObjectX="1100" ObjectY="1469" SRC="&lt;header class=&quot;widget-header&quot;&gt;&lt;h4 class=&quot;widget-title&quot;&gt;Thu mua nhà đất&lt;/h4&gt;&lt;/header&gt;Sàn giao dịch nhà đấtBannha.net &lt;strong&gt;chuyên thu mua nhà đất, nhà chung cư, chung cư mini, căn hộ&lt;/strong&gt;&lt;strong&gt;chuyên thu mua nhà đất, nhà chung cư, chung cư mini, căn hộ&lt;/strong&gt;&lt;strong&gt;chuyên thu mua nhà đất, nhà chung cư, chung cư mini, căn hộ&lt;/strong&gt;&lt;strong&gt;chuyên thu mua nhà đất, nhà chung cư, chung cư mini, căn hộ&lt;/strong&gt;...với giácao nhất thị trường HàNội. Với đội ngũ nhânviên chuyên nghiệp nhiệttình, không bao giờ épgiá, bạn chỉ cần một cuộcgọi là chúng tôi sẽ đếntận nơi để xem và thumua nhà của bạn. Xemthêm chi tiết dịch vụ tại &lt;a href=&quot;https://bannha.net/thu-mua-nha-dat-chung-cu-gia-cao&quot;&gt;&lt;strong&gt;đây&lt;/strong&gt;&lt;/a&gt;." SourceIndex="1696" TextLen="319" order="26" xPath="/XPspan"/>
</LayoutNode>
</LayoutNode>
<LayoutNode BgColor="#ffffff" ContainImg="0" ContainP="0" ContainTable="false" Content="Quận 1Quận 2Quận 3Quận 4Quận 5Quận 6Quận 7Quận 8Quận Gò VấpQuận Thủ ĐứcQuận Bình TânQuận Tân Phú Quận 9Quận 10Quận 11Quận 12Quận Phú NhuậnQuận Bình ThạnhQuận Tân BìnhHuyện Bình ChánhHuyện Cần GiờHuyện Củ ChiHuyện Hóc MônHuyện Nhà Bè Quận Hoàn KiếmQuận Hoàng MaiQuận Cầu GiấyQuận Ba ĐìnhQuận Nam Từ LiêmQuận Bắc Từ LiêmQuận Hai Bà TrưngQuận Tây HồQuận Long BiênQuận Hà ĐôngQuận Đống ĐaQuận Thanh Xuân Tài khoảnDanh sách tin đăngDịch vụHỗ trợGiới thiệuĐiều khoản thoả thuậnChính sách bảo mậtGiải quyết tranh chấpTuyển dụng " DOMCldNum="1" DoC="8" FontSize="14" FontWeight="400" FrameSourceIndex="0" ID="1-5" IsImg="false" LinkNum="45" LinkTextLen="517" ObjectHeight="367" ObjectRectHeight="385" ObjectRectLeft="0" ObjectRectTop="3077" ObjectRectWidth="1420" ObjectWidth="262" ObjectX="125" ObjectY="3077" SRC="&lt;ul class=&quot;menu&quot; id=&quot;menu-menufoot-1&quot;&gt;&lt;li class=&quot;menu-item menu-item-type-taxonomy menu-item-object-property_city menu-item-94034&quot; id=&quot;menu-item-94034&quot;&gt;&lt;a href=&quot;https://bannha.net/mua-ban-nha-dat/quan-1&quot;&gt;Quận 1&lt;/a&gt;&lt;/li&gt;&lt;li class=&quot;menu-item menu-item-type-taxonomy menu-item-object-property_city menu-item-94035&quot; id=&quot;menu-item-94035&quot;&gt;&lt;a href=&quot;https://bannha.net/mua-ban-nha-dat/quan-2&quot;&gt;Quận 2&lt;/a&gt;&lt;/li&gt;&lt;li class=&quot;menu-item menu-item-type-taxonomy menu-item-object-property_city menu-item-94036&quot; id=&quot;menu-item-94036&quot;&gt;&lt;a href=&quot;https://bannha.net/mua-ban-nha-dat/quan-3&quot;&gt;Quận 3&lt;/a&gt;&lt;/li&gt;&lt;li class=&quot;menu-item menu-item-type-taxonomy menu-item-object-property_city menu-item-94037&quot; id=&quot;menu-item-94037&quot;&gt;&lt;a href=&quot;https://bannha.net/mua-ban-nha-dat/quan-4&quot;&gt;Quận 4&lt;/a&gt;&lt;/li&gt;&lt;li class=&quot;menu-item menu-item-type-taxonomy menu-item-object-property_city menu-item-94038&quot; id=&quot;menu-item-94038&quot;&gt;&lt;a href=&quot;https://bannha.net/mua-ban-nha-dat/quan-5&quot;&gt;Quận 5&lt;/a&gt;&lt;/li&gt;&lt;li class=&quot;menu-item menu-item-type-taxonomy menu-item-object-property_city menu-item-94039&quot; id=&quot;menu-item-94039&quot;&gt;&lt;a href=&quot;https://bannha.net/mua-ban-nha-dat/quan-6&quot;&gt;Quận 6&lt;/a&gt;&lt;/li&gt;&lt;li class=&quot;menu-item menu-item-type-taxonomy menu-item-object-property_city menu-item-94040&quot; id=&quot;menu-item-94040&quot;&gt;&lt;a href=&quot;https://bannha.net/mua-ban-nha-dat/quan-7&quot;&gt;Quận 7&lt;/a&gt;&lt;/li&gt;&lt;li class=&quot;menu-item menu-item-type-taxonomy menu-item-object-property_city menu-item-94052&quot; id=&quot;menu-item-94052&quot;&gt;&lt;a href=&quot;https://bannha.net/mua-ban-nha-dat/quan-8&quot;&gt;Quận 8&lt;/a&gt;&lt;/li&gt;&lt;li class=&quot;menu-item menu-item-type-taxonomy menu-item-object-property_city menu-item-96537&quot; id=&quot;menu-item-96537&quot;&gt;&lt;a href=&quot;https://bannha.net/mua-ban-nha-dat/quan-go-vap&quot;&gt;Quận Gò Vấp&lt;/a&gt;&lt;/li&gt;&lt;li class=&quot;menu-item menu-item-type-taxonomy menu-item-object-property_city menu-item-96538&quot; id=&quot;menu-item-96538&quot;&gt;&lt;a href=&quot;https://bannha.net/mua-ban-nha-dat/quan-thu-duc&quot;&gt;Quận Thủ Đức&lt;/a&gt;&lt;/li&gt;&lt;li class=&quot;menu-item menu-item-type-taxonomy menu-item-object-property_city menu-item-96539&quot; id=&quot;menu-item-96539&quot;&gt;&lt;a href=&quot;https://bannha.net/mua-ban-nha-dat/quan-binh-tan&quot;&gt;Quận Bình Tân&lt;/a&gt;&lt;/li&gt;&lt;li class=&quot;menu-item menu-item-type-taxonomy menu-item-object-property_city menu-item-96540&quot; id=&quot;menu-item-96540&quot;&gt;&lt;a href=&quot;https://bannha.net/mua-ban-nha-dat/quan-tan-phu&quot;&gt;Quận Tân Phú&lt;/a&gt;&lt;/li&gt;&lt;/ul&gt;&lt;ul class=&quot;menu&quot; id=&quot;menu-menufoot-2&quot;&gt;&lt;li class=&quot;menu-item menu-item-type-taxonomy menu-item-object-property_city menu-item-94041&quot; id=&quot;menu-item-94041&quot;&gt;&lt;a href=&quot;https://bannha.net/mua-ban-nha-dat/quan-9&quot;&gt;Quận 9&lt;/a&gt;&lt;/li&gt;&lt;li class=&quot;menu-item menu-item-type-taxonomy menu-item-object-property_city menu-item-94042&quot; id=&quot;menu-item-94042&quot;&gt;&lt;a href=&quot;https://bannha.net/mua-ban-nha-dat/quan-10&quot;&gt;Quận 10&lt;/a&gt;&lt;/li&gt;&lt;li class=&quot;menu-item menu-item-type-taxonomy menu-item-object-property_city menu-item-94043&quot; id=&quot;menu-item-94043&quot;&gt;&lt;a href=&quot;https://bannha.net/mua-ban-nha-dat/quan-11&quot;&gt;Quận 11&lt;/a&gt;&lt;/li&gt;&lt;li class=&quot;menu-item menu-item-type-taxonomy menu-item-object-property_city menu-item-94044&quot; id=&quot;menu-item-94044&quot;&gt;&lt;a href=&quot;https://bannha.net/mua-ban-nha-dat/quan-12&quot;&gt;Quận 12&lt;/a&gt;&lt;/li&gt;&lt;li class=&quot;menu-item menu-item-type-taxonomy menu-item-object-property_city menu-item-94045&quot; id=&quot;menu-item-94045&quot;&gt;&lt;a href=&quot;https://bannha.net/mua-ban-nha-dat/quan-phu-nhuan&quot;&gt;Quận Phú Nhuận&lt;/a&gt;&lt;/li&gt;&lt;li class=&quot;menu-item menu-item-type-taxonomy menu-item-object-property_city menu-item-94046&quot; id=&quot;menu-item-94046&quot;&gt;&lt;a href=&quot;https://bannha.net/mua-ban-nha-dat/quan-binh-thanh&quot;&gt;Quận Bình Thạnh&lt;/a&gt;&lt;/li&gt;&lt;li class=&quot;menu-item menu-item-type-taxonomy menu-item-object-property_city current-property-ancestor current-menu-parent current-property-parent menu-item-94053&quot; id=&quot;menu-item-94053&quot;&gt;&lt;a href=&quot;https://bannha.net/mua-ban-nha-dat/quan-tan-binh&quot;&gt;Quận Tân Bình&lt;/a&gt;&lt;/li&gt;&lt;li class=&quot;menu-item menu-item-type-taxonomy menu-item-object-property_city menu-item-96541&quot; id=&quot;menu-item-96541&quot;&gt;&lt;a href=&quot;https://bannha.net/mua-ban-nha-dat/huyen-binh-chanh&quot;&gt;Huyện Bình Chánh&lt;/a&gt;&lt;/li&gt;&lt;li class=&quot;menu-item menu-item-type-taxonomy menu-item-object-property_city menu-item-96542&quot; id=&quot;menu-item-96542&quot;&gt;&lt;a href=&quot;https://bannha.net/mua-ban-nha-dat/huyen-can-gio&quot;&gt;Huyện Cần Giờ&lt;/a&gt;&lt;/li&gt;&lt;li class=&quot;menu-item menu-item-type-taxonomy menu-item-object-property_city menu-item-96543&quot; id=&quot;menu-item-96543&quot;&gt;&lt;a href=&quot;https://bannha.net/mua-ban-nha-dat/huyen-cu-chi&quot;&gt;Huyện Củ Chi&lt;/a&gt;&lt;/li&gt;&lt;li class=&quot;menu-item menu-item-type-taxonomy menu-item-object-property_city menu-item-96544&quot; id=&quot;menu-item-96544&quot;&gt;&lt;a href=&quot;https://bannha.net/mua-ban-nha-dat/huyen-hoc-mon&quot;&gt;Huyện Hóc Môn&lt;/a&gt;&lt;/li&gt;&lt;li class=&quot;menu-item menu-item-type-taxonomy menu-item-object-property_city menu-item-96545&quot; id=&quot;menu-item-96545&quot;&gt;&lt;a href=&quot;https://bannha.net/mua-ban-nha-dat/huyen-nha-be&quot;&gt;Huyện Nhà Bè&lt;/a&gt;&lt;/li&gt;&lt;/ul&gt;&lt;ul class=&quot;menu&quot; id=&quot;menu-menufoot-3&quot;&gt;&lt;li class=&quot;menu-item menu-item-type-taxonomy menu-item-object-property_city menu-item-96546&quot; id=&quot;menu-item-96546&quot;&gt;&lt;a href=&quot;https://bannha.net/mua-ban-nha-dat/hoan-kiem&quot;&gt;Quận Hoàn Kiếm&lt;/a&gt;&lt;/li&gt;&lt;li class=&quot;menu-item menu-item-type-taxonomy menu-item-object-property_city menu-item-96547&quot; id=&quot;menu-item-96547&quot;&gt;&lt;a href=&quot;https://bannha.net/mua-ban-nha-dat/quan-hoang-mai&quot;&gt;Quận Hoàng Mai&lt;/a&gt;&lt;/li&gt;&lt;li class=&quot;menu-item menu-item-type-taxonomy menu-item-object-property_city menu-item-96548&quot; id=&quot;menu-item-96548&quot;&gt;&lt;a href=&quot;https://bannha.net/mua-ban-nha-dat/quan-cau-giay&quot;&gt;Quận Cầu Giấy&lt;/a&gt;&lt;/li&gt;&lt;li class=&quot;menu-item menu-item-type-taxonomy menu-item-object-property_city menu-item-96549&quot; id=&quot;menu-item-96549&quot;&gt;&lt;a href=&quot;https://bannha.net/mua-ban-nha-dat/quan-ba-dinh&quot;&gt;Quận Ba Đình&lt;/a&gt;&lt;/li&gt;&lt;li class=&quot;menu-item menu-item-type-taxonomy menu-item-object-property_city menu-item-96550&quot; id=&quot;menu-item-96550&quot;&gt;&lt;a href=&quot;https://bannha.net/mua-ban-nha-dat/quan-nam-tu-liem&quot;&gt;Quận Nam Từ Liêm&lt;/a&gt;&lt;/li&gt;&lt;li class=&quot;menu-item menu-item-type-taxonomy menu-item-object-property_city menu-item-96551&quot; id=&quot;menu-item-96551&quot;&gt;&lt;a href=&quot;https://bannha.net/mua-ban-nha-dat/quan-bac-tu-liem&quot;&gt;Quận Bắc Từ Liêm&lt;/a&gt;&lt;/li&gt;&lt;li class=&quot;menu-item menu-item-type-taxonomy menu-item-object-property_city menu-item-96552&quot; id=&quot;menu-item-96552&quot;&gt;&lt;a href=&quot;https://bannha.net/mua-ban-nha-dat/quan-hai-ba-trung&quot;&gt;Quận Hai Bà Trưng&lt;/a&gt;&lt;/li&gt;&lt;li class=&quot;menu-item menu-item-type-taxonomy menu-item-object-property_city menu-item-96553&quot; id=&quot;menu-item-96553&quot;&gt;&lt;a href=&quot;https://bannha.net/mua-ban-nha-dat/quan-tay-ho&quot;&gt;Quận Tây Hồ&lt;/a&gt;&lt;/li&gt;&lt;li class=&quot;menu-item menu-item-type-taxonomy menu-item-object-property_city menu-item-96554&quot; id=&quot;menu-item-96554&quot;&gt;&lt;a href=&quot;https://bannha.net/mua-ban-nha-dat/long-bien&quot;&gt;Quận Long Biên&lt;/a&gt;&lt;/li&gt;&lt;li class=&quot;menu-item menu-item-type-taxonomy menu-item-object-property_city menu-item-96555&quot; id=&quot;menu-item-96555&quot;&gt;&lt;a href=&quot;https://bannha.net/mua-ban-nha-dat/quan-ha-dong&quot;&gt;Quận Hà Đông&lt;/a&gt;&lt;/li&gt;&lt;li class=&quot;menu-item menu-item-type-taxonomy menu-item-object-property_city menu-item-96556&quot; id=&quot;menu-item-96556&quot;&gt;&lt;a href=&quot;https://bannha.net/mua-ban-nha-dat/quan-dong-da&quot;&gt;Quận Đống Đa&lt;/a&gt;&lt;/li&gt;&lt;li class=&quot;menu-item menu-item-type-taxonomy menu-item-object-property_city menu-item-96557&quot; id=&quot;menu-item-96557&quot;&gt;&lt;a href=&quot;https://bannha.net/mua-ban-nha-dat/quan-thanh-xuan&quot;&gt;Quận Thanh Xuân&lt;/a&gt;&lt;/li&gt;&lt;/ul&gt;&lt;ul class=&quot;menu&quot; id=&quot;menu-menufoot-4&quot;&gt;&lt;li class=&quot;menu-item menu-item-type-post_type menu-item-object-page menu-item-94058&quot; id=&quot;menu-item-94058&quot;&gt;&lt;a href=&quot;https://bannha.net/nguoi-dung/tai-khoan&quot;&gt;Tài khoản&lt;/a&gt;&lt;/li&gt;&lt;li class=&quot;menu-item menu-item-type-post_type menu-item-object-page menu-item-94060&quot; id=&quot;menu-item-94060&quot;&gt;&lt;a href=&quot;https://bannha.net/nguoi-dung/danh-sach-tin-dang&quot;&gt;Danh sách tin đăng&lt;/a&gt;&lt;/li&gt;&lt;li class=&quot;menu-item menu-item-type-taxonomy menu-item-object-category menu-item-142497&quot; id=&quot;menu-item-142497&quot;&gt;&lt;a href=&quot;https://bannha.net/tin-tuc-nha-dat/dich-vu&quot;&gt;Dịch vụ&lt;/a&gt;&lt;/li&gt;&lt;li class=&quot;menu-item menu-item-type-taxonomy menu-item-object-category menu-item-114130&quot; id=&quot;menu-item-114130&quot;&gt;&lt;a href=&quot;https://bannha.net/tin-tuc-nha-dat/ho-tro&quot;&gt;Hỗ trợ&lt;/a&gt;&lt;/li&gt;&lt;li class=&quot;menu-item menu-item-type-post_type menu-item-object-page menu-item-159095&quot; id=&quot;menu-item-159095&quot;&gt;&lt;a href=&quot;https://bannha.net/gioi-thieu&quot;&gt;Giới thiệu&lt;/a&gt;&lt;/li&gt;&lt;li class=&quot;menu-item menu-item-type-post_type menu-item-object-page menu-item-159074&quot; id=&quot;menu-item-159074&quot;&gt;&lt;a href=&quot;https://bannha.net/dieu-khoan-thoa-thuan&quot;&gt;Điều khoản thoả thuận&lt;/a&gt;&lt;/li&gt;&lt;li class=&quot;menu-item menu-item-type-post_type menu-item-object-page menu-item-159089&quot; id=&quot;menu-item-159089&quot;&gt;&lt;a href=&quot;https://bannha.net/chinh-sach-bao-mat&quot;&gt;Chính sách bảo mật&lt;/a&gt;&lt;/li&gt;&lt;li class=&quot;menu-item menu-item-type-post_type menu-item-object-page menu-item-159109&quot; id=&quot;menu-item-159109&quot;&gt;&lt;a href=&quot;https://bannha.net/giai-quyet-tranh-chap&quot;&gt;Giải quyết tranh chấp&lt;/a&gt;&lt;/li&gt;&lt;li class=&quot;menu-item menu-item-type-post_type menu-item-object-page menu-item-159100&quot; id=&quot;menu-item-159100&quot;&gt;&lt;a href=&quot;https://bannha.net/tuyen-dung&quot;&gt;Tuyển dụng&lt;/a&gt;&lt;/li&gt;&lt;/ul&gt;" SourceIndex="1753" TextLen="562" order="27" xPath="/#document/html/body[7]/div[5]/footer[0]/div[0]/div[0]/div[0]/section[0]/div[0]/ul[11]/li[0]/a[0]/#text"/>
<LayoutNode BgColor="#ffffff" ContainImg="0" ContainP="0" ContainTable="false" Content="Công Ty TNHH Bán Nhà Việt NamCopyright © 2010 - 2016 bannha.net.Tư vấn mua bán, ký gửi, thẩm định giá nhà đất: 0914 35 98 98Email: info@bannha.net® Ghi rõ nguồn &quot;bannha.net&quot; khi phát hành lại thông tin từ website này.Phát triển bởi bannha.net https://bannha.net " DOMCldNum="3" DoC="8" FontSize="14" FontWeight="400" FrameSourceIndex="0" ID="1-6" IsImg="false" LinkNum="1" LinkTextLen="18" ObjectHeight="156" ObjectRectHeight="216" ObjectRectLeft="0" ObjectRectTop="3479" ObjectRectWidth="1420" ObjectWidth="1140" ObjectX="140" ObjectY="3479" SRC="&lt;div class=&quot;footer-bottom-end&quot;&gt;&lt;div class=&quot;footer-bottom-end-row1&quot;&gt;&lt;strong&gt;Công Ty TNHH Bán Nhà Việt Nam&lt;/strong&gt;&lt;/div&gt;&lt;div class=&quot;footer-bottom-end-row1&quot;&gt;Copyright © 2010 - 2016 bannha.net.&lt;/div&gt;&lt;div class=&quot;footer-bottom-end-row1&quot;&gt;Tư vấn mua bán, ký gửi, thẩm định giá nhà đất: 0914 35 98 98&lt;/div&gt;&lt;div class=&quot;footer-bottom-end-row1&quot;&gt;Email: info@bannha.net&lt;/div&gt;&lt;div class=&quot;footer-bottom-end-row1&quot;&gt;® Ghi rõ nguồn &quot;bannha.net&quot; khi phát hành lại thông tin từ website này.&lt;/div&gt;&lt;div class=&quot;footer-bottom-end-row1&quot;&gt;Phát triển bởi bannha.net &lt;a href=&quot;https://bannha.net/&quot; rel=&quot;noopener&quot; target=&quot;_blank&quot;&gt;https://bannha.net&lt;/a&gt;&lt;/div&gt;&lt;/div&gt;" SourceIndex="1961" TextLen="261" order="28" xPath="/#document/html/body[7]/div[5]/footer[1]/div[0]/div[0]/section[0]/div[0]/footer[0]/div[0]/div[0]/div[5]/div[0]/a[0]/#text"/>
</LayoutNode>
</VIPSPage>
