<VIPSPage PageRectHeight="980" PageRectLeft="0" PageRectTop="0" PageRectWidth="1420" PageTitle="***GẤP*** CÒN &quot;DUY NHẤT&quot; **50 LÔ** ĐẤT NỀN LK ĐẢO KIM CƯƠNG - Q2 - GIÁ CHỈ &quot;25TR/M2&quot; - Mã tin 4297320" Url="http://123nhadat.vn/raovat-t4297320/ban-dat-tai-duong-nguyen-thi-dinh/gap-con-duy-nhat-50-lo-nen-lk-dao-kim-cuong-q2-gia-chi-25trm2.html" WindowHeight="980" WindowWidth="1420" neworder="0" order="0">
<LayoutNode BgColor="#ffffff" ContainImg="17" ContainP="1" ContainTable="false" DOMCldNum="15" DoC="1" FontSize="13" FontWeight="normal" FormNum="3" FormSize="20" FrameSourceIndex="0" ID="1" InteractionNum="0" InteractionSize="0" IsImg="false" LinkNum="286" LinkTextLen="2381" ObjectRectHeight="6871" ObjectRectLeft="0" ObjectRectTop="0" ObjectRectWidth="1420" OptionNum="0" OptionTextLength="0" ParaNum="1" SourceIndex="204" TableNum="0" TextLen="8847" order="1">
<LayoutNode BgColor="#ffffff" ContainImg="1" ContainP="0" ContainTable="false" Content=" " DOMCldNum="15" DoC="8" FontSize="13" FontWeight="normal" FormNum="0" FormSize="0" FrameSourceIndex="0" ID="1-1" InteractionNum="0" InteractionSize="0" IsImg="false" LinkNum="2" LinkTextLen="0" ObjectHeight="92" ObjectRectHeight="102" ObjectRectLeft="0" ObjectRectTop="0" ObjectRectWidth="1420" ObjectWidth="1000" ObjectX="210" ObjectY="10" OptionNum="0" OptionTextLength="0" ParaNum="0" SRC="&lt;div xmlns=&quot;http://www.w3.org/1999/xhtml&quot; class=&quot;logo_banner&quot;&gt;            &lt;div class=&quot;logo&quot;&gt;                &lt;a href=&quot;http://123nhadat.vn/&quot;&gt;&lt;img alt=&quot;&quot; src=&quot;http://123nhadat.vn/uploads/logo_web.png&quot;/&gt;&lt;/a&gt;            &lt;/div&gt;            &lt;div class=&quot;banner&quot; id=&quot;top-banner1&quot;&gt;                &lt;!-- Banner_vertical --&gt;&lt;ins class=&quot;adsbygoogle&quot; data-ad-client=&quot;ca-pub-7688425822787883&quot; data-ad-format=&quot;auto&quot; data-ad-slot=&quot;6087119449&quot; data-full-width-responsive=&quot;true&quot; style=&quot;display:block&quot;/&gt;&lt;script&gt;     (adsbygoogle = window.adsbygoogle || []).push({});&lt;/script&gt;            &lt;/div&gt;        &lt;/div&gt;" SourceIndex="206" TableNum="0" TextLen="0" order="2" xPath="/html[1]/body[1]/div[1]/div[2]/div[1]"/>
<LayoutNode BgColor="#ffffff" ContainImg="1" ContainP="0" ContainTable="false" Content=" Nhà đất bán Nhà đất cho thuê Tin thị trường Kiến thức Dự án Báo giá dịch vụ Vé máy bay giá rẻ Tìm kiếm Đăng tin bán/ Cho thuê Cần mua/ Cần thuê Đăng ký Đăng nhập var uLogIn = 0; " DOMCldNum="19" DoC="5" FontSize="14" FontWeight="600" FormNum="1" FormSize="20" FrameSourceIndex="0" ID="1-2" InteractionNum="0" InteractionSize="0" IsImg="false" LinkNum="24" LinkTextLen="142" ObjectHeight="40" ObjectRectHeight="85" ObjectRectLeft="0" ObjectRectTop="112" ObjectRectWidth="1420" ObjectWidth="50" ObjectX="210" ObjectY="112" OptionNum="0" OptionTextLength="0" ParaNum="0" SRC="&lt;li xmlns=&quot;http://www.w3.org/1999/xhtml&quot; id=&quot;home_link&quot;&gt;&lt;a href=&quot;http://123nhadat.vn/&quot;&gt;&lt;img alt=&quot;icon home&quot; class=&quot;icon_home&quot; src=&quot;http://123nhadat.vn/images/icon_home.png&quot;/&gt;&lt;/a&gt;&lt;span class=&quot;mb_min&quot; onclick=&quot;jPanelMenu.close();&quot;&gt;Đóng lại&lt;/span&gt;&lt;/li&gt;&lt;li xmlns=&quot;http://www.w3.org/1999/xhtml&quot;&gt;&lt;a class=&quot;active&quot; href=&quot;http://123nhadat.vn/raovat-c1/nha-dat-ban&quot;&gt;Nhà đất bán&lt;/a&gt;&lt;span class=&quot;child_mobile_show&quot; onclick=&quot;$('.con_1').toggle();&quot;/&gt;                              &lt;ul class=&quot;con_1&quot;&gt;                                   &lt;li&gt;&lt;a href=&quot;http://123nhadat.vn/raovat-c3/ban-biet-thu-trong-du-an&quot;&gt;Bán biệt thự&lt;/a&gt;&lt;/li&gt;                                   &lt;li&gt;&lt;a href=&quot;http://123nhadat.vn/raovat-c5/ban-dat-nen-du-an&quot;&gt;Bán đất nền dự án&lt;/a&gt;&lt;/li&gt;                                   &lt;li&gt;&lt;a href=&quot;http://123nhadat.vn/raovat-c6/ban-can-ho-chung-cu&quot;&gt;Bán căn hộ chung cư&lt;/a&gt;&lt;/li&gt;                                   &lt;li&gt;&lt;a href=&quot;http://123nhadat.vn/raovat-c8/ban-nha-rieng&quot;&gt;Bán nhà riêng&lt;/a&gt;&lt;/li&gt;                                   &lt;li&gt;&lt;a href=&quot;http://123nhadat.vn/raovat-c9/ban-nha-mat-pho&quot;&gt;Bán nhà mặt phố&lt;/a&gt;&lt;/li&gt;                                   &lt;li&gt;&lt;a href=&quot;http://123nhadat.vn/raovat-c10/ban-nha-phan-lo&quot;&gt;Bán nhà phân lô&lt;/a&gt;&lt;/li&gt;                                   &lt;li&gt;&lt;a href=&quot;http://123nhadat.vn/raovat-c11/ban-dat&quot;&gt;Bán đất&lt;/a&gt;&lt;/li&gt;                                   &lt;li&gt;&lt;a href=&quot;http://123nhadat.vn/raovat-c12/ban-trang-trai-khu-nghi-duong&quot;&gt;Bán trang trại,khu nghỉ dưỡng&lt;/a&gt;&lt;/li&gt;                                   &lt;li&gt;&lt;a href=&quot;http://123nhadat.vn/raovat-c13/ban-kho-nha-xuong&quot;&gt;Bán kho, nhà xưởng&lt;/a&gt;&lt;/li&gt;                                   &lt;li&gt;&lt;a href=&quot;http://123nhadat.vn/raovat-c14/ban-khach-san-nha-nghi&quot;&gt;Bán khách sạn, nhà nghỉ&lt;/a&gt;&lt;/li&gt;                                   &lt;li&gt;&lt;a href=&quot;http://123nhadat.vn/raovat-c15/ban-mat-bang-cua-hang&quot;&gt;Bán mặt bằng, cửa hàng&lt;/a&gt;&lt;/li&gt;                               &lt;/ul&gt;                          &lt;/li&gt;&lt;li xmlns=&quot;http://www.w3.org/1999/xhtml&quot;&gt;&lt;a class=&quot;mbL_nhadat_2&quot; href=&quot;http://123nhadat.vn/raovat-c2/nha-dat-cho-thue&quot;&gt;Nhà đất cho thuê&lt;/a&gt;&lt;span class=&quot;child_mobile_show&quot; onclick=&quot;$('.con_2').toggle();&quot;/&gt;                              &lt;ul class=&quot;con_2&quot;&gt;                                   &lt;li&gt;&lt;a href=&quot;http://123nhadat.vn/raovat-c4/cho-thue-van-phong&quot;&gt;Cho thuê văn phòng&lt;/a&gt;&lt;/li&gt;                                   &lt;li&gt;&lt;a href=&quot;http://123nhadat.vn/raovat-c16/cho-thue-nha-mat-pho&quot;&gt;Cho thuê nhà mặt phố&lt;/a&gt;&lt;/li&gt;                                   &lt;li&gt;&lt;a href=&quot;http://123nhadat.vn/raovat-c17/cho-thue-nha-rieng&quot;&gt;Cho thuê nhà riêng&lt;/a&gt;&lt;/li&gt;                                   &lt;li&gt;&lt;a href=&quot;http://123nhadat.vn/raovat-c18/cho-thue-can-ho-chung-cu&quot;&gt;Cho thuê căn hộ chung cư&lt;/a&gt;&lt;/li&gt;                                   &lt;li&gt;&lt;a href=&quot;http://123nhadat.vn/raovat-c19/cho-thue-biet-thu&quot;&gt;Cho thuê biệt thự&lt;/a&gt;&lt;/li&gt;                                   &lt;li&gt;&lt;a href=&quot;http://123nhadat.vn/raovat-c20/cho-thue-cua-hang-kiot&quot;&gt;Cho thuê cửa hàng, ki ốt&lt;/a&gt;&lt;/li&gt;                                   &lt;li&gt;&lt;a href=&quot;http://123nhadat.vn/raovat-c21/cho-thue-nha-tro&quot;&gt;Cho thuê nhà trọ,phòng trọ&lt;/a&gt;&lt;/li&gt;                                   &lt;li&gt;&lt;a href=&quot;http://123nhadat.vn/raovat-c23/cho-thue-kho-nha-xuong&quot;&gt;Cho thuê kho, nhà xưởng&lt;/a&gt;&lt;/li&gt;                                   &lt;li&gt;&lt;a href=&quot;http://123nhadat.vn/raovat-c24/cho-thue-dat&quot;&gt;Cho thuê đất&lt;/a&gt;&lt;/li&gt;                                   &lt;li&gt;&lt;a href=&quot;http://123nhadat.vn/raovat-c25/cho-thue-khach-san-nha-nghi&quot;&gt;Cho thuê khách sạn, nhà nghỉ&lt;/a&gt;&lt;/li&gt;                                   &lt;li&gt;&lt;a href=&quot;http://123nhadat.vn/raovat-c26/cho-thue-loai-bat-dong-san-khac&quot;&gt;Cho thuê loại bất động sản khác&lt;/a&gt;&lt;/li&gt;                               &lt;/ul&gt;                          &lt;/li&gt;&lt;li xmlns=&quot;http://www.w3.org/1999/xhtml&quot;&gt;&lt;a class=&quot;mbL_tinthitruong&quot; href=&quot;http://123nhadat.vn/news/c2/thi-truong&quot;&gt;Tin thị trường&lt;/a&gt;&lt;span class=&quot;child_mobile_show&quot; onclick=&quot;$('.news_2').toggle();&quot;/&gt;                        &lt;ul class=&quot;news_2&quot;&gt;                                  &lt;li&gt;&lt;a href=&quot;http://123nhadat.vn/news/c8/trong-nuoc&quot;&gt;Thị trường trong nước&lt;/a&gt;&lt;/li&gt;                                  &lt;li&gt;&lt;a href=&quot;http://123nhadat.vn/news/c15/phan-tich-nhan-dinh&quot;&gt;Phân tích - Nhận định&lt;/a&gt;&lt;/li&gt;                                  &lt;li&gt;&lt;a href=&quot;http://123nhadat.vn/news/c16/chinh-sach-quan-ly&quot;&gt;Chính sách - Quản lý&lt;/a&gt;&lt;/li&gt;                                  &lt;li&gt;&lt;a href=&quot;http://123nhadat.vn/news/c17/thong-tin-quy-hoach&quot;&gt;Thông tin quy hoạch&lt;/a&gt;&lt;/li&gt;                                  &lt;li&gt;&lt;a href=&quot;http://123nhadat.vn/news/c18/ngoai-nuoc&quot;&gt;Thị trường ngoài nước&lt;/a&gt;&lt;/li&gt;                                  &lt;li&gt;&lt;a href=&quot;http://123nhadat.vn/news/c23/tai-chinh-chung-khoan&quot;&gt;Tài chính - Chứng khoán&lt;/a&gt;&lt;/li&gt;                                  &lt;li&gt;&lt;a href=&quot;http://123nhadat.vn/news/c49/hoat-dong-doanh-nghiep&quot;&gt;Hoạt động doanh nghiệp&lt;/a&gt;&lt;/li&gt;                                  &lt;li&gt;&lt;a href=&quot;http://123nhadat.vn/news/c50/tin-du-an&quot;&gt;Tin từ Dự Án&lt;/a&gt;&lt;/li&gt;                                  &lt;li&gt;&lt;a href=&quot;http://123nhadat.vn/news/c51/goc-su-kien-khuyen-mai&quot;&gt;Góc sự kiện &amp; khuyến mại&lt;/a&gt;&lt;/li&gt;                              &lt;/ul&gt;                    &lt;/li&gt;&lt;li xmlns=&quot;http://www.w3.org/1999/xhtml&quot;&gt;&lt;a class=&quot;mbL_kienthuc&quot; href=&quot;http://123nhadat.vn/news&quot;&gt;Kiến thức&lt;/a&gt;&lt;span class=&quot;child_mobile_show&quot; onclick=&quot;$('.news_home').toggle();&quot;/&gt;                        &lt;ul class=&quot;news_home&quot;&gt;                                                         &lt;li&gt;&lt;a class=&quot;parent&quot; href=&quot;http://123nhadat.vn/news/c1/kinh-nghiem&quot;&gt;&lt;span&gt;Kinh nghiệm&lt;/span&gt;&lt;/a&gt;&lt;span class=&quot;child_mobile_show&quot; onclick=&quot;$('.news_1').toggle();&quot;/&gt;                                            &lt;ul class=&quot;news_1&quot;&gt;                                                          &lt;li&gt;&lt;a href=&quot;http://123nhadat.vn/news/c14/kinh-nghiem-mua-nha&quot;&gt;&lt;span&gt;Kinh nghiệm mua nhà&lt;/span&gt;&lt;/a&gt;                                                  &lt;/li&gt;                                                           &lt;li&gt;&lt;a href=&quot;http://123nhadat.vn/news/c19/kinh-nghiem-ban-nha&quot;&gt;&lt;span&gt;Kinh nghiệm bán nhà đất&lt;/span&gt;&lt;/a&gt;                                                  &lt;/li&gt;                                                           &lt;li&gt;&lt;a href=&quot;http://123nhadat.vn/news/c20/kinh-nghiem-dau-tu&quot;&gt;&lt;span&gt;Kinh nghiệm đầu tư&lt;/span&gt;&lt;/a&gt;                                                  &lt;/li&gt;                                                           &lt;li&gt;&lt;a href=&quot;http://123nhadat.vn/news/c21/kinh-nghiem-thue-nha&quot;&gt;&lt;span&gt;Kinh nghiệm thuê nhà&lt;/span&gt;&lt;/a&gt;                                                  &lt;/li&gt;                                                           &lt;li&gt;&lt;a href=&quot;http://123nhadat.vn/news/c22/kinh-nghiem-cho-thue-nha&quot;&gt;&lt;span&gt;Kinh nghiệm cho thuê nhà&lt;/span&gt;&lt;/a&gt;                                                  &lt;/li&gt;                     &lt;/ul&gt;          &lt;/li&gt;                                                                  &lt;li&gt;&lt;a class=&quot;parent&quot; href=&quot;http://123nhadat.vn/news/c3/xay-dung&quot;&gt;&lt;span&gt;Xây dựng&lt;/span&gt;&lt;/a&gt;&lt;span class=&quot;child_mobile_show&quot; onclick=&quot;$('.news_3').toggle();&quot;/&gt;                                            &lt;ul class=&quot;news_3&quot;&gt;                                                          &lt;li&gt;&lt;a href=&quot;http://123nhadat.vn/news/c9/vat-lieu-xay-dung&quot;&gt;&lt;span&gt;Vật liệu xây dựng&lt;/span&gt;&lt;/a&gt;                                                  &lt;/li&gt;                                                           &lt;li&gt;&lt;a href=&quot;http://123nhadat.vn/news/c24/kien-thuc-xay-dung&quot;&gt;&lt;span&gt;Kiến thức cần biết&lt;/span&gt;&lt;/a&gt;                                                  &lt;/li&gt;                                                           &lt;li&gt;&lt;a href=&quot;http://123nhadat.vn/news/c25/giai-phap-xay-dung&quot;&gt;&lt;span&gt;Giải pháp xây dựng&lt;/span&gt;&lt;/a&gt;                                                  &lt;/li&gt;                     &lt;/ul&gt;          &lt;/li&gt;                                                          &lt;li&gt;&lt;a class=&quot;parent&quot; href=&quot;http://123nhadat.vn/news/c4/khong-gian-dep&quot;&gt;&lt;span&gt;Không Gian Đẹp&lt;/span&gt;&lt;/a&gt;&lt;span class=&quot;child_mobile_show&quot; onclick=&quot;$('.news_4').toggle();&quot;/&gt;                                            &lt;ul class=&quot;news_4&quot;&gt;                                                          &lt;li&gt;&lt;a class=&quot;parent&quot; href=&quot;http://123nhadat.vn/news/c10/noi-that&quot;&gt;&lt;span&gt;Nội thất&lt;/span&gt;&lt;/a&gt;&lt;span class=&quot;child_mobile_show&quot; onclick=&quot;$('.news_10').toggle();&quot;/&gt;                                                      &lt;ul class=&quot;news_10&quot;&gt;                                                           &lt;li&gt;&lt;a href=&quot;http://123nhadat.vn/news/c35/toan-canh&quot;&gt;&lt;span&gt;Toàn cảnh&lt;/span&gt;&lt;/a&gt;&lt;/li&gt;                                                            &lt;li&gt;&lt;a href=&quot;http://123nhadat.vn/news/c36/phong-khach&quot;&gt;&lt;span&gt;Phòng khách&lt;/span&gt;&lt;/a&gt;&lt;/li&gt;                                                            &lt;li&gt;&lt;a href=&quot;http://123nhadat.vn/news/c37/phong-ngu&quot;&gt;&lt;span&gt;Phòng ngủ&lt;/span&gt;&lt;/a&gt;&lt;/li&gt;                                                            &lt;li&gt;&lt;a href=&quot;http://123nhadat.vn/news/c38/nha-bep&quot;&gt;&lt;span&gt;Nhà bếp&lt;/span&gt;&lt;/a&gt;&lt;/li&gt;                                                            &lt;li&gt;&lt;a href=&quot;http://123nhadat.vn/news/c39/phong-tam&quot;&gt;&lt;span&gt;Phòng tắm&lt;/span&gt;&lt;/a&gt;&lt;/li&gt;                                                            &lt;li&gt;&lt;a href=&quot;http://123nhadat.vn/news/c40/phong-tre-em&quot;&gt;&lt;span&gt;Phòng trẻ em&lt;/span&gt;&lt;/a&gt;&lt;/li&gt;                                                            &lt;li&gt;&lt;a href=&quot;http://123nhadat.vn/news/c41/van-phong&quot;&gt;&lt;span&gt;Văn phòng&lt;/span&gt;&lt;/a&gt;&lt;/li&gt;                                                            &lt;li&gt;&lt;a href=&quot;http://123nhadat.vn/news/c42/khach-san-nha-hang-showroom&quot;&gt;&lt;span&gt;Khách sạn,nhà hàng,showroom&lt;/span&gt;&lt;/a&gt;&lt;/li&gt;                                                        &lt;/ul&gt;                                        &lt;/li&gt;                                                            &lt;li&gt;&lt;a href=&quot;http://123nhadat.vn/news/c26/ngoai-that&quot;&gt;&lt;span&gt;Ngoại thất&lt;/span&gt;&lt;/a&gt;                                                  &lt;/li&gt;                     &lt;/ul&gt;          &lt;/li&gt;                                                          &lt;li&gt;&lt;a class=&quot;parent&quot; href=&quot;http://123nhadat.vn/news/c5/kien-truc&quot;&gt;&lt;span&gt;Kiến trúc&lt;/span&gt;&lt;/a&gt;&lt;span class=&quot;child_mobile_show&quot; onclick=&quot;$('.news_5').toggle();&quot;/&gt;                                            &lt;ul class=&quot;news_5&quot;&gt;                                                          &lt;li&gt;&lt;a href=&quot;http://123nhadat.vn/news/c11/tu-van-thiet-ke&quot;&gt;&lt;span&gt;Tư vấn thiết kế&lt;/span&gt;&lt;/a&gt;                                                  &lt;/li&gt;                                                           &lt;li&gt;&lt;a href=&quot;http://123nhadat.vn/news/c27/kien-truc-ngay-ay-bay-gio&quot;&gt;&lt;span&gt;Kiến trúc ngày ấy - bây giờ&lt;/span&gt;&lt;/a&gt;                                                  &lt;/li&gt;                                                           &lt;li&gt;&lt;a href=&quot;http://123nhadat.vn/news/c28/du-lich-kien-truc&quot;&gt;&lt;span&gt;Du lịch kiến trúc&lt;/span&gt;&lt;/a&gt;                                                  &lt;/li&gt;                     &lt;/ul&gt;          &lt;/li&gt;                                                          &lt;li&gt;&lt;a class=&quot;parent&quot; href=&quot;http://123nhadat.vn/news/c6/phong-thuy&quot;&gt;&lt;span&gt;Phong thủy&lt;/span&gt;&lt;/a&gt;&lt;span class=&quot;child_mobile_show&quot; onclick=&quot;$('.news_6').toggle();&quot;/&gt;                                            &lt;ul class=&quot;news_6&quot;&gt;                                                          &lt;li&gt;&lt;a class=&quot;parent&quot; href=&quot;http://123nhadat.vn/news/c12/phong-thuy-nha-o&quot;&gt;&lt;span&gt;Phong thủy Nhà ở&lt;/span&gt;&lt;/a&gt;&lt;span class=&quot;child_mobile_show&quot; onclick=&quot;$('.news_12').toggle();&quot;/&gt;                                                      &lt;ul class=&quot;news_12&quot;&gt;                                                           &lt;li&gt;&lt;a href=&quot;http://123nhadat.vn/news/c43/toan-canh&quot;&gt;&lt;span&gt;Toàn cảnh&lt;/span&gt;&lt;/a&gt;&lt;/li&gt;                                                            &lt;li&gt;&lt;a href=&quot;http://123nhadat.vn/news/c44/phong-ngu&quot;&gt;&lt;span&gt;Phòng ngủ&lt;/span&gt;&lt;/a&gt;&lt;/li&gt;                                                            &lt;li&gt;&lt;a href=&quot;http://123nhadat.vn/news/c45/phong-khach&quot;&gt;&lt;span&gt;Phòng khách&lt;/span&gt;&lt;/a&gt;&lt;/li&gt;                                                            &lt;li&gt;&lt;a href=&quot;http://123nhadat.vn/news/c46/phong-bep&quot;&gt;&lt;span&gt;Phòng bếp&lt;/span&gt;&lt;/a&gt;&lt;/li&gt;                                                            &lt;li&gt;&lt;a href=&quot;http://123nhadat.vn/news/c47/phong-tam&quot;&gt;&lt;span&gt;Phòng tắm&lt;/span&gt;&lt;/a&gt;&lt;/li&gt;                                                            &lt;li&gt;&lt;a href=&quot;http://123nhadat.vn/news/c48/cua-chinh-san-vuon&quot;&gt;&lt;span&gt;Cửa chính, sân vườn&lt;/span&gt;&lt;/a&gt;&lt;/li&gt;                                                        &lt;/ul&gt;                                        &lt;/li&gt;                                                            &lt;li&gt;&lt;a href=&quot;http://123nhadat.vn/news/c29/phong-thuy-van-phong&quot;&gt;&lt;span&gt;Phong thủy văn phòng&lt;/span&gt;&lt;/a&gt;                                                  &lt;/li&gt;                     &lt;/ul&gt;          &lt;/li&gt;                                                          &lt;li&gt;&lt;a class=&quot;parent&quot; href=&quot;http://123nhadat.vn/news/c7/cafe-luat&quot;&gt;&lt;span&gt;Cafe luật&lt;/span&gt;&lt;/a&gt;&lt;span class=&quot;child_mobile_show&quot; onclick=&quot;$('.news_7').toggle();&quot;/&gt;                                            &lt;ul class=&quot;news_7&quot;&gt;                                                          &lt;li&gt;&lt;a href=&quot;http://123nhadat.vn/news/c13/hop-thuc-hoa&quot;&gt;&lt;span&gt;Hợp thức hóa&lt;/span&gt;&lt;/a&gt;                                                  &lt;/li&gt;                                                           &lt;li&gt;&lt;a href=&quot;http://123nhadat.vn/news/c30/quyen-so-huu&quot;&gt;&lt;span&gt;Chuyển quyền sở hữu&lt;/span&gt;&lt;/a&gt;                                                  &lt;/li&gt;                                                           &lt;li&gt;&lt;a href=&quot;http://123nhadat.vn/news/c31/thua-ke-tranh-chap&quot;&gt;&lt;span&gt;Thừa kế - Tranh chấp&lt;/span&gt;&lt;/a&gt;                                                  &lt;/li&gt;                                                           &lt;li&gt;&lt;a href=&quot;http://123nhadat.vn/news/c32/xay-dung-hoan-cong&quot;&gt;&lt;span&gt;Xây dựng - Hoàn công&lt;/span&gt;&lt;/a&gt;                                                  &lt;/li&gt;                                                           &lt;li&gt;&lt;a href=&quot;http://123nhadat.vn/news/c33/thue-nha-dat&quot;&gt;&lt;span&gt;Thuế nhà đất&lt;/span&gt;&lt;/a&gt;                                                  &lt;/li&gt;                                                           &lt;li&gt;&lt;a href=&quot;http://123nhadat.vn/news/c34/nuoc-ngoai&quot;&gt;&lt;span&gt;Nước ngoài&lt;/span&gt;&lt;/a&gt;                                                  &lt;/li&gt;                     &lt;/ul&gt;          &lt;/li&gt;                                      &lt;/ul&gt;                    &lt;/li&gt;&lt;li xmlns=&quot;http://www.w3.org/1999/xhtml&quot;&gt;&lt;a class=&quot;mbL_duan&quot; href=&quot;http://123nhadat.vn/du-an&quot;&gt;Dự án&lt;/a&gt;&lt;span class=&quot;child_mobile_show&quot; onclick=&quot;$('.con_duan').toggle();&quot;/&gt;                        &lt;ul class=&quot;con_duan&quot;&gt;                                                        &lt;li&gt;&lt;a href=&quot;http://123nhadat.vn/du-an-khu-do-thi-moi-c1&quot;&gt;&lt;span&gt;Khu đô thị mới&lt;/span&gt;&lt;/a&gt;&lt;/li&gt;                                   &lt;li&gt;&lt;a href=&quot;http://123nhadat.vn/du-an-chung-cu-cao-oc-can-ho-c2&quot;&gt;&lt;span&gt;Chung cư/Cao ốc căn hộ&lt;/span&gt;&lt;/a&gt;&lt;/li&gt;                                   &lt;li&gt;&lt;a href=&quot;http://123nhadat.vn/du-an-khu-dan-cu-c3&quot;&gt;&lt;span&gt;Khu dân cư&lt;/span&gt;&lt;/a&gt;&lt;/li&gt;                                   &lt;li&gt;&lt;a href=&quot;http://123nhadat.vn/du-an-khu-biet-thu-c4&quot;&gt;&lt;span&gt;Khu Biệt thự&lt;/span&gt;&lt;/a&gt;&lt;/li&gt;                                   &lt;li&gt;&lt;a href=&quot;http://123nhadat.vn/du-an-bds-du-lich-nghi-duong-resort-c5&quot;&gt;&lt;span&gt;Bđs du lịch, nghỉ dưỡng, resort&lt;/span&gt;&lt;/a&gt;&lt;/li&gt;                                   &lt;li&gt;&lt;a href=&quot;http://123nhadat.vn/du-an-khu-tai-dinh-cu-c6&quot;&gt;&lt;span&gt;Khu tái định cư&lt;/span&gt;&lt;/a&gt;&lt;/li&gt;                                   &lt;li&gt;&lt;a href=&quot;http://123nhadat.vn/du-an-nha-o-xa-hoi-c7&quot;&gt;&lt;span&gt;Nhà ở xã hội&lt;/span&gt;&lt;/a&gt;&lt;/li&gt;                                   &lt;li&gt;&lt;a href=&quot;http://123nhadat.vn/du-an-cao-oc-van-phong-c8&quot;&gt;&lt;span&gt;Cao ốc văn phòng&lt;/span&gt;&lt;/a&gt;&lt;/li&gt;                                   &lt;li&gt;&lt;a href=&quot;http://123nhadat.vn/du-an-khu-thuong-mai-c9&quot;&gt;&lt;span&gt;Khu thương mại&lt;/span&gt;&lt;/a&gt;&lt;/li&gt;                                   &lt;li&gt;&lt;a href=&quot;http://123nhadat.vn/du-an-khu-phuc-hop-c10&quot;&gt;&lt;span&gt;Khu phức hợp&lt;/span&gt;&lt;/a&gt;&lt;/li&gt;                                   &lt;li&gt;&lt;a href=&quot;http://123nhadat.vn/du-an-khu-cn-cx-c11&quot;&gt;&lt;span&gt;Khu CN/CX&lt;/span&gt;&lt;/a&gt;&lt;/li&gt;                                   &lt;li&gt;&lt;a href=&quot;http://123nhadat.vn/du-an-khach-san-nha-nghi-c12&quot;&gt;&lt;span&gt;Khách sạn, nhà nghỉ&lt;/span&gt;&lt;/a&gt;&lt;/li&gt;                               &lt;/ul&gt;                    &lt;/li&gt;&lt;li xmlns=&quot;http://www.w3.org/1999/xhtml&quot; id=&quot;bao_gia_id&quot;&gt;&lt;a class=&quot;mbL_baogiadichvu&quot; href=&quot;javascript:void(0)&quot;&gt;Báo giá dịch vụ&lt;/a&gt;&lt;span class=&quot;child_mobile_show&quot; onclick=&quot;$('.con_baogia').toggle();&quot;/&gt;                        &lt;ul class=&quot;con_baogia&quot;&gt;                            &lt;li&gt;&lt;a href=&quot;http://123nhadat.vn/bao-gia-quang-cao&quot;&gt;Hiệu quả quảng cáo&lt;/a&gt;&lt;/li&gt;                            &lt;li&gt;&lt;a href=&quot;http://123nhadat.vn/bao-gia-quang-cao/banners&quot;&gt;Báo giá Banner&lt;/a&gt;&lt;/li&gt;                            &lt;li&gt;&lt;a href=&quot;http://123nhadat.vn/bao-gia-quang-cao/gia-tin-dang&quot;&gt;Báo giá tin đăng&lt;/a&gt;&lt;/li&gt;                        &lt;/ul&gt;                    &lt;/li&gt;&lt;li xmlns=&quot;http://www.w3.org/1999/xhtml&quot;&gt;&lt;a class=&quot;mbL_admin&quot; href=&quot;https://123vemaybay.vn&quot; title=&quot;Vé máy bay giá rẻ,ve may bay gia re nhất thị trường&quot;&gt;Vé máy bay giá rẻ&lt;/a&gt;&lt;/li&gt;&lt;div xmlns=&quot;http://www.w3.org/1999/xhtml&quot; class=&quot;boxfull bgxam khonghien_mobile&quot;&gt;            &lt;div class=&quot;box_search&quot;&gt;   &lt;form action=&quot;http://123nhadat.vn/?act=tim-nha-dat&quot; id=&quot;searchForm&quot; method=&quot;post&quot;&gt;                &lt;div class=&quot;timkiem&quot;&gt;                    &lt;label&gt;Tìm kiếm&lt;/label&gt;                    &lt;input class=&quot;icon_timkiemnhadat2&quot; id=&quot;txtKeyword&quot; name=&quot;q&quot; placeholder=&quot; Nhập vào từ khóa hoặc mã tin&quot; type=&quot;text&quot;/&gt;                    &lt;input id=&quot;Button1&quot; onclick=&quot;document.getElementById('searchForm').submit();&quot; type=&quot;button&quot; value=&quot;&quot;/&gt;                &lt;/div&gt;                                &lt;div class=&quot;chucnang_top&quot;&gt;                    &lt;ul class=&quot;timkiem_dangtin&quot;&gt;                        &lt;li class=&quot;icon_dangtinban&quot;&gt;&lt;a href=&quot;http://123nhadat.vn/Dang-tin-rao-vat-ban-nha-dat.html&quot;&gt;Đăng tin bán/ Cho thuê&lt;/a&gt;&lt;/li&gt;                        &lt;li class=&quot;icon_canmua&quot;&gt;&lt;a href=&quot;http://123nhadat.vn/can-mua-can-thue.html&quot;&gt;Cần mua/ Cần thuê&lt;/a&gt;&lt;/li&gt;                    &lt;/ul&gt;                    &lt;ul class=&quot;login_logout&quot;&gt;                                                &lt;li class=&quot;uRegister&quot;&gt;&lt;a href=&quot;http://123nhadat.vn/reg.html&quot;&gt;Đăng ký&lt;/a&gt;&lt;/li&gt;      &lt;li class=&quot;uLogin&quot;&gt;&lt;a href=&quot;http://123nhadat.vn/dang-nhap.html&quot;&gt;Đăng nhập&lt;/a&gt;&lt;/li&gt;      &lt;script type=&quot;text/javascript&quot;&gt;      var uLogIn = 0;      &lt;/script&gt;                          &lt;/ul&gt;                &lt;/div&gt;            &lt;/form&gt;&lt;/div&gt;        &lt;/div&gt;" SourceIndex="235;241;294;347;392;665;734;755;771" TableNum="0" TextLen="151" order="3" xPath="/html[1]/body[1]/div[1]/div[2]/header[1]/nav[1]/div[1]/ul[1]/li[1]"/>
<LayoutNode BgColor="#ffffff" ContainImg="0" ContainP="0" ContainTable="false" Content="Vip 1***GẤP*** CÒN &quot;DUY NHẤT&quot; **50 LÔ** ĐẤT NỀN LK ĐẢO KIM CƯƠNG - Q2 - GIÁ CHỈ &quot;25TR/M2&quot; " DOMCldNum="85" DoC="5" FontSize="13" FontWeight="normal" FormNum="0" FormSize="0" FrameSourceIndex="0" ID="1-3" InteractionNum="0" InteractionSize="0" IsImg="false" LinkNum="0" LinkTextLen="0" ObjectHeight="58" ObjectRectHeight="58" ObjectRectLeft="0" ObjectRectTop="391" ObjectRectWidth="1420" ObjectWidth="690" ObjectX="210" ObjectY="391" OptionNum="0" OptionTextLength="0" ParaNum="0" SRC="&lt;div xmlns=&quot;http://www.w3.org/1999/xhtml&quot; class=&quot;box_C&quot;&gt;                    &lt;span class=&quot;tit_vip2&quot;&gt;Vip 1&lt;/span&gt;&lt;h1 class=&quot;tieude_nhadat&quot;&gt;***GẤP*** CÒN &quot;DUY NHẤT&quot; **50 LÔ** ĐẤT NỀN LK ĐẢO KIM CƯƠNG - Q2 - GIÁ CHỈ &quot;25TR/M2&quot;&lt;/h1&gt;                &lt;/div&gt;" SourceIndex="1194" TableNum="0" TextLen="88" order="4" xPath="/html[1]/body[1]/div[1]/div[4]/div[1]/div[1]/div[1]"/>
<LayoutNode BgColor="#ffffff" ContainImg="0" ContainP="0" ContainTable="false" Content="Khu vực:Bán đất tại Đường Nguyễn Thị Định - Quận 2 - Hồ Chí Minh Giá:25 Triệu/m2 Diện tích:100 m2 Thông tin tài khoản đã được xác thực " DOMCldNum="85" DoC="5" FontSize="13" FontWeight="normal" FormNum="0" FormSize="0" FrameSourceIndex="0" ID="1-4" InteractionNum="0" InteractionSize="0" IsImg="false" LinkNum="2" LinkTextLen="33" ObjectHeight="86" ObjectRectHeight="86" ObjectRectLeft="0" ObjectRectTop="459" ObjectRectWidth="1420" ObjectWidth="690" ObjectX="210" ObjectY="459" OptionNum="0" OptionTextLength="0" ParaNum="0" SRC="&lt;div xmlns=&quot;http://www.w3.org/1999/xhtml&quot; class=&quot;box_C&quot;&gt;                    &lt;ul class=&quot;info_no2&quot;&gt;                        &lt;li&gt;&lt;label&gt;Khu vực:&lt;/label&gt;&lt;span&gt;&lt;a href=&quot;http://123nhadat.vn/raovat-c11/ban-dat-tai-duong-nguyen-thi-dinh-16516&quot;&gt;Bán đất tại Đường Nguyễn Thị Định&lt;/a&gt; - Quận 2 - Hồ Chí Minh&lt;/span&gt;&lt;/li&gt;                    &lt;/ul&gt;     &lt;ul class=&quot;info_no1&quot;&gt;      &lt;li&gt;&lt;label&gt;Giá:&lt;/label&gt;&lt;span&gt;&lt;b class=&quot;camcam&quot;&gt;25 Triệu/m2&lt;/b&gt;&lt;/span&gt;&lt;/li&gt;                        &lt;li&gt;&lt;label&gt;Diện tích:&lt;/label&gt;&lt;span&gt;&lt;b class=&quot;camcam&quot;&gt;100 m2&lt;/b&gt;&lt;/span&gt;&lt;/li&gt;                        &lt;li&gt;&lt;label class=&quot;da_xacthuc&quot;/&gt;&lt;span&gt;Thông tin tài khoản đã được xác thực&lt;/span&gt;&lt;/li&gt;                      &lt;/ul&gt;                &lt;/div&gt;" SourceIndex="1202" TableNum="0" TextLen="130" order="5" xPath="/html[1]/body[1]/div[1]/div[4]/div[1]/div[1]/div[2]"/>
<LayoutNode BgColor="#ffffff" ContainImg="0" ContainP="1" ContainTable="false" DOMCldNum="85" DoC="5" FontSize="13" FontWeight="normal" FormNum="1" FormSize="20" FrameSourceIndex="0" ID="1-5" InteractionNum="0" InteractionSize="0" IsImg="false" LinkNum="56" LinkTextLen="443" ObjectRectHeight="1386" ObjectRectLeft="0" ObjectRectTop="643" ObjectRectWidth="1420" OptionNum="0" OptionTextLength="0" ParaNum="1" SourceIndex="1190" TableNum="0" TextLen="2374" order="6">
<LayoutNode BgColor="#ffffff" ContainImg="0" ContainP="1" ContainTable="false" DOMCldNum="85" DoC="5" FontSize="13" FontWeight="normal" FormNum="0" FormSize="0" FrameSourceIndex="0" ID="1-5-1" InteractionNum="0" InteractionSize="0" IsImg="false" LinkNum="12" LinkTextLen="91" ObjectRectHeight="1386" ObjectRectLeft="0" ObjectRectTop="643" ObjectRectWidth="900" OptionNum="0" OptionTextLength="0" ParaNum="1" SourceIndex="1190" TableNum="0" TextLen="1715" order="7">
<LayoutNode BgColor="#ffffff" ContainImg="0" ContainP="0" ContainTable="false" Content="Đặc điểm nhà đất Tiện ích trong khu vực Các tin rao nhà đất liên quan " DOMCldNum="85" DoC="5" FontSize="13" FontWeight="normal" FormNum="0" FormSize="0" FrameSourceIndex="0" ID="1-5-1-1" InteractionNum="0" InteractionSize="0" IsImg="false" LinkNum="6" LinkTextLen="67" ObjectHeight="40" ObjectRectHeight="404" ObjectRectLeft="0" ObjectRectTop="643" ObjectRectWidth="900" ObjectWidth="690" ObjectX="210" ObjectY="1007" OptionNum="0" OptionTextLength="0" ParaNum="0" SRC="&lt;div xmlns=&quot;http://www.w3.org/1999/xhtml&quot; class=&quot;box_C&quot;&gt;                    &lt;ul class=&quot;next_link&quot;&gt;                        &lt;li&gt;&lt;a href=&quot;#dacdiembds&quot;&gt;Đặc điểm nhà đất&lt;/a&gt;&lt;/li&gt;                        &lt;li&gt;&lt;a href=&quot;#tienich_xungquanh&quot;&gt;Tiện ích trong khu vực&lt;/a&gt;&lt;/li&gt;                        &lt;li&gt;&lt;a href=&quot;#tinrao_lienquan&quot;&gt;Các tin rao nhà đất liên quan&lt;/a&gt;&lt;/li&gt;                    &lt;/ul&gt;                &lt;/div&gt;" SourceIndex="1344" TableNum="0" TextLen="67" order="8" xPath="/html[1]/body[1]/div[1]/div[4]/div[1]/div[1]/div[4]"/>
<LayoutNode BgColor="#5eab1f" ContainImg="0" ContainP="0" ContainTable="false" Content="THÔNG TIN MÔ TẢ " DOMCldNum="5" DoC="5" FontSize="11" FontWeight="700" FormNum="0" FormSize="0" FrameSourceIndex="0" ID="1-5-1-2" InteractionNum="0" InteractionSize="0" IsImg="false" LinkNum="0" LinkTextLen="0" ObjectHeight="20" ObjectRectHeight="20" ObjectRectLeft="0" ObjectRectTop="1060" ObjectRectWidth="900" ObjectWidth="560" ObjectX="215" ObjectY="1060" OptionNum="0" OptionTextLength="0" ParaNum="0" SRC="&lt;div xmlns=&quot;http://www.w3.org/1999/xhtml&quot; class=&quot;tit_C&quot;&gt;                        &lt;span class=&quot;icon_star_xanh&quot;/&gt;                        Thông tin mô tả                    &lt;/div&gt;" SourceIndex="1366" TableNum="0" TextLen="15" order="9" xPath="/html[1]/body[1]/div[1]/div[4]/div[1]/div[1]/div[5]/div[1]"/>
<LayoutNode BgColor="#f3f3f3" ContainImg="0" ContainP="1" ContainTable="false" Content="Lưu BĐSIn tinChia sẻ tin Liên hệ người bán Bảo Châu Điện thoại: 0948.009.843 Email:nana.xiu33@gmail.com Vị trí: - Mặt tiền Nguyễn Thị Định là cầu nối về các về trung tâm thành phố Hồ Chí Minh. - Tiếp giáp cụm KCN phía Đông TP. HCM. - Dự án khu dân cư nằm trong tổng thể khu đô thị phía Đông Thành phố. Pháp lý - thanh toán: - Sổ hồng riêng từng nền, sở hữu vĩnh viễn. - Thanh Toán linh hoạt dài hạn với cam kết 0% lãi suất lên tới 12 tháng. - Diện tích: Đa dạng: 5 x 20m, 5 x 24m, 10 x 25m,... - Đất thổ cư 100%, đầy đủ các giấy tờ, hỗ trợ GPXD+ thủ tục sang tên công chứng. Tiện ích: - Hạ tầng: Điện, nước máy, vỉa hè, đường trải nhựa, công viên cây xanh trung tâm hoàn thiện 100%. - Nhiều tiện ích giải trí, thương mại và phân khu chức năng cao cấp. - Thiết kế theo tiêu chuẩn khu đô thị hiện đại. - Ngay cụm trung tâm hành chính chính trị tập trung: Bao gồm 62 cơ quan ban ngành. - Ngay cổng ga Metro: Di chuyển thuận tiện về TTTP chỉ mất 5 - 7p + gia tăng giá trị bất động sản, - Liền kề khu dân cư, KCN đông đúc, sầm uất, thuận tiện kinh doanh buôn bán. Liên hệ: ***Trưởng phòng kinh doanh chủ đầu tư: Bảo Châu 0918 270 *** ***Rất vui khi được hợp tác cùng quý khách hàng - Đem lại lợi nhuận cao nhất tới quý khách hàng. " DOMCldNum="7" DoC="5" FontSize="13" FontWeight="normal" FormNum="0" FormSize="0" FrameSourceIndex="0" ID="1-5-1-3" InteractionNum="0" InteractionSize="0" IsImg="false" LinkNum="6" LinkTextLen="24" ObjectHeight="19" ObjectRectHeight="585" ObjectRectLeft="0" ObjectRectTop="1109" ObjectRectWidth="900" ObjectWidth="641" ObjectX="234" ObjectY="1109" OptionNum="0" OptionTextLength="0" ParaNum="1" SRC="&lt;div xmlns=&quot;http://www.w3.org/1999/xhtml&quot; class=&quot;save_print&quot;&gt;                            &lt;a class=&quot;save_news&quot; href=&quot;javascript:void(0)&quot; id=&quot;save-posts&quot; title=&quot;Lưu tin tức lại&quot;&gt;Lưu BĐS&lt;/a&gt;                            &lt;a class=&quot;print_news&quot; href=&quot;javascript:window.print()&quot; title=&quot;In tin tức&quot;&gt;In tin&lt;/a&gt;                            &lt;a class=&quot;share_news&quot; href=&quot;javascript:void(0)&quot; onclick=&quot;$('#addthis_bar').slideDown();&quot; title=&quot;Chia sẻ tin&quot;&gt;Chia sẻ tin&lt;/a&gt;       &lt;!-- AddThis Button BEGIN --&gt;       &lt;div class=&quot;addthis_toolbox addthis_default_style addthis_16x16_style&quot; id=&quot;addthis_bar&quot; style=&quot;display:none&quot;&gt;       &lt;a class=&quot;addthis_button_facebook&quot;/&gt;       &lt;a class=&quot;addthis_button_google_plusone_share&quot;/&gt;       &lt;a class=&quot;addthis_button_email&quot;/&gt;       &lt;a class=&quot;addthis_button_twitter&quot;/&gt;       &lt;a class=&quot;addthis_button_print&quot;/&gt;       &lt;a class=&quot;addthis_button_digg&quot;/&gt;       &lt;a class=&quot;addthis_button_pinterest_share&quot;/&gt;       &lt;a class=&quot;addthis_button_zingme&quot;/&gt;       &lt;/div&gt;       &lt;script src=&quot;//s7.addthis.com/js/300/addthis_widget.js#pubid=ra-514ff26f59a43fb9&quot; type=&quot;text/javascript&quot;/&gt;       &lt;!-- AddThis Button END --&gt;                        &lt;/div&gt;&lt;div xmlns=&quot;http://www.w3.org/1999/xhtml&quot; class=&quot;lienhe_nguoiban&quot;&gt;                            &lt;ul&gt;                                &lt;li&gt;&lt;b style=&quot;color:green&quot;&gt;Liên hệ người bán&lt;/b&gt;&lt;/li&gt;                                &lt;li&gt;&lt;b&gt;Bảo Châu&lt;/b&gt;&lt;/li&gt;                                &lt;li&gt;Điện thoại:&lt;b class=&quot;camcam&quot;&gt; 0948.009.843&lt;/b&gt;&lt;/li&gt;                                                                &lt;li&gt;Email:nana.xiu33@gmail.com&lt;/li&gt;                            &lt;/ul&gt;                        &lt;/div&gt;&lt;p xmlns=&quot;http://www.w3.org/1999/xhtml&quot;&gt;Vị trí:&lt;br/&gt;- Mặt tiền Nguyễn Thị Định là cầu nối về các về trung tâm thành phố Hồ Chí Minh.&lt;br/&gt;- Tiếp giáp cụm KCN phía Đông TP. HCM.&lt;br/&gt;- Dự án khu dân cư nằm trong tổng thể khu đô thị phía Đông Thành phố.&lt;br/&gt;&lt;br/&gt;Pháp lý - thanh toán:&lt;br/&gt;- Sổ hồng riêng từng nền, sở hữu vĩnh viễn.&lt;br/&gt;- Thanh Toán linh hoạt dài hạn với cam kết 0% lãi suất lên tới 12 tháng.&lt;br/&gt;- Diện tích: Đa dạng: 5 x 20m, 5 x 24m, 10 x 25m,...&lt;br/&gt;- Đất thổ cư 100%, đầy đủ các giấy tờ, hỗ trợ GPXD+ thủ tục sang tên công chứng.&lt;br/&gt;&lt;br/&gt;Tiện ích:&lt;br/&gt;- Hạ tầng: Điện, nước máy, vỉa hè, đường trải nhựa, công viên cây xanh trung tâm hoàn thiện 100%.&lt;br/&gt;- Nhiều tiện ích giải trí, thương mại và phân khu chức năng cao cấp.&lt;br/&gt;- Thiết kế theo tiêu chuẩn khu đô thị hiện đại.&lt;br/&gt;- Ngay cụm trung tâm hành chính chính trị tập trung: Bao gồm 62 cơ quan ban ngành.&lt;br/&gt;- Ngay cổng ga Metro: Di chuyển thuận tiện về TTTP chỉ mất 5 - 7p + gia tăng giá trị bất động sản,&lt;br/&gt;- Liền kề khu dân cư, KCN đông đúc, sầm uất, thuận tiện kinh doanh buôn bán.&lt;br/&gt;Liên hệ:&lt;br/&gt;***Trưởng phòng kinh doanh chủ đầu tư: Bảo Châu 0918 270 ***&lt;br/&gt;***Rất vui khi được hợp tác cùng quý khách hàng - Đem lại lợi nhuận cao nhất tới quý khách hàng.&lt;/p&gt;" SourceIndex="1373;1410;1432" TableNum="0" TextLen="1201" order="10" xPath="/html[1]/body[1]/div[1]/div[4]/div[1]/div[1]/div[5]/div[2]/div[1]"/>
<LayoutNode BgColor="#5eab1f" ContainImg="0" ContainP="0" ContainTable="false" Content="ĐẶC ĐIỂM BẤT ĐỘNG SẢN " DOMCldNum="5" DoC="5" FontSize="11" FontWeight="700" FormNum="0" FormSize="0" FrameSourceIndex="0" ID="1-5-1-4" InteractionNum="0" InteractionSize="0" IsImg="false" LinkNum="0" LinkTextLen="0" ObjectHeight="20" ObjectRectHeight="20" ObjectRectLeft="0" ObjectRectTop="1732" ObjectRectWidth="900" ObjectWidth="560" ObjectX="215" ObjectY="1732" OptionNum="0" OptionTextLength="0" ParaNum="0" SRC="&lt;div xmlns=&quot;http://www.w3.org/1999/xhtml&quot; class=&quot;tit_C&quot; id=&quot;dacdiembds&quot;&gt;                        &lt;span class=&quot;icon_star_xanh&quot;/&gt;                        Đặc điểm bất động sản                    &lt;/div&gt;" SourceIndex="1479" TableNum="0" TextLen="21" order="11" xPath="/html[1]/body[1]/div[1]/div[4]/div[1]/div[1]/div[6]/div[1]"/>
<LayoutNode BgColor="#ffffff" ContainImg="0" ContainP="0" ContainTable="false" DOMCldNum="9" DoC="5" FontSize="13" FontWeight="bold" FormNum="0" FormSize="0" FrameSourceIndex="0" ID="1-5-1-5" InteractionNum="0" InteractionSize="0" IsImg="false" LinkNum="0" LinkTextLen="0" ObjectRectHeight="253" ObjectRectLeft="0" ObjectRectTop="1776" ObjectRectWidth="900" OptionNum="0" OptionTextLength="0" ParaNum="0" SourceIndex="1484" TableNum="0" TextLen="411" order="12">
<LayoutNode BgColor="#ffffff" ContainImg="0" ContainP="0" ContainTable="false" Content="Bán đất tại Đường Nguyễn Thị Định,Phường Bình Trưng Đông,Quận 2,Hồ Chí Minh,giá 25 Triệu/m2,diện tích 100 m2 " DOMCldNum="9" DoC="5" FontSize="13" FontWeight="bold" FormNum="0" FormSize="0" FrameSourceIndex="0" ID="1-5-1-5-1" InteractionNum="0" InteractionSize="0" IsImg="false" LinkNum="0" LinkTextLen="0" ObjectHeight="48" ObjectRectHeight="57" ObjectRectLeft="0" ObjectRectTop="1776" ObjectRectWidth="900" ObjectWidth="668" ObjectX="221" ObjectY="1785" OptionNum="0" OptionTextLength="0" ParaNum="0" SRC="&lt;div xmlns=&quot;http://www.w3.org/1999/xhtml&quot; style=&quot;margin-bottom: 8px;font-weight:bold;&quot;&gt;&lt;h2&gt;&lt;b&gt;Bán đất tại Đường Nguyễn Thị Định,Phường Bình Trưng Đông,Quận 2,Hồ Chí Minh,giá 25 Triệu/m2,diện tích 100 m2&lt;/b&gt;&lt;/h2&gt;&lt;/div&gt;" SourceIndex="1486" TableNum="0" TextLen="107" order="13" xPath="/html[1]/body[1]/div[1]/div[4]/div[1]/div[1]/div[6]/div[2]/div[1]"/>
<LayoutNode BgColor="#ffffff" ContainImg="0" ContainP="0" ContainTable="false" Content="Địa chỉ của bất động sản : nguyễn thị định, q2. " DOMCldNum="9" DoC="10" FontSize="13" FontWeight="normal" FormNum="0" FormSize="0" FrameSourceIndex="0" ID="1-5-1-5-2" InteractionNum="0" InteractionSize="0" IsImg="false" LinkNum="0" LinkTextLen="0" ObjectHeight="24" ObjectRectHeight="24" ObjectRectLeft="0" ObjectRectTop="1842" ObjectRectWidth="900" ObjectWidth="668" ObjectX="221" ObjectY="1842" OptionNum="0" OptionTextLength="0" ParaNum="0" SRC="&lt;div xmlns=&quot;http://www.w3.org/1999/xhtml&quot; style=&quot;margin-bottom: 8px;&quot;&gt;Địa chỉ của bất động sản : nguyễn thị định, q2. &lt;/div&gt;" SourceIndex="1491" TableNum="0" TextLen="47" order="14" xPath="/html[1]/body[1]/div[1]/div[4]/div[1]/div[1]/div[6]/div[2]/div[2]"/>
<LayoutNode BgColor="#ffffff" ContainImg="0" ContainP="0" ContainTable="false" Content="Lần cập nhật gần đây nhất là vào : 01:58 26/06/2020 " DOMCldNum="9" DoC="10" FontSize="13" FontWeight="normal" FormNum="0" FormSize="0" FrameSourceIndex="0" ID="1-5-1-5-3" InteractionNum="0" InteractionSize="0" IsImg="false" LinkNum="0" LinkTextLen="0" ObjectHeight="24" ObjectRectHeight="24" ObjectRectLeft="0" ObjectRectTop="1874" ObjectRectWidth="900" ObjectWidth="668" ObjectX="221" ObjectY="1874" OptionNum="0" OptionTextLength="0" ParaNum="0" SRC="&lt;div xmlns=&quot;http://www.w3.org/1999/xhtml&quot; style=&quot;margin-bottom: 8px;&quot;&gt;Lần cập nhật gần đây nhất là vào : 01:58 26/06/2020&lt;/div&gt;" SourceIndex="1494" TableNum="0" TextLen="51" order="15" xPath="/html[1]/body[1]/div[1]/div[4]/div[1]/div[1]/div[6]/div[2]/div[3]"/>
<LayoutNode BgColor="#ffffff" ContainImg="0" ContainP="0" ContainTable="false" Content="Mã tin: 4297320Ngày đăng tin: 11/06/2020Ngày hết hạn: 07/07/2020Giá: 25 Triệu/m2Diện tích: 100 m2Diện tích khuôn viên:_ x _Diện tích xây dựng:_ x _Pháp lý: Sổ hồngVị trí: Mặt tiền đườngĐường trước nhà: 32 m " DOMCldNum="9" DoC="8" FontSize="13" FontWeight="normal" FormNum="0" FormSize="0" FrameSourceIndex="0" ID="1-5-1-5-4" InteractionNum="0" InteractionSize="0" IsImg="false" LinkNum="0" LinkTextLen="0" ObjectHeight="116" ObjectRectHeight="123" ObjectRectLeft="0" ObjectRectTop="1906" ObjectRectWidth="900" ObjectWidth="628" ObjectX="261" ObjectY="1906" OptionNum="0" OptionTextLength="0" ParaNum="0" SRC="&lt;ul xmlns=&quot;http://www.w3.org/1999/xhtml&quot; class=&quot;thongsonha&quot;&gt;                            &lt;li&gt;Mã tin: 4297320&lt;/li&gt;              &lt;li&gt;Ngày đăng tin: 11/06/2020&lt;/li&gt;       &lt;li&gt;Ngày hết hạn: 07/07/2020&lt;/li&gt;       &lt;li&gt;Giá: 25 Triệu/m2&lt;/li&gt;       &lt;li&gt;Diện tích: 100 m2&lt;/li&gt;       &lt;li&gt;Diện tích khuôn viên:_ x _&lt;/li&gt;                            &lt;li&gt;Diện tích xây dựng:_ x _&lt;/li&gt;       &lt;li&gt;Pháp lý: Sổ hồng&lt;/li&gt;                            &lt;li&gt;Vị trí: Mặt tiền đường&lt;/li&gt;                                                                                                                       &lt;li&gt;Đường trước nhà: 32 m&lt;/li&gt;                        &lt;/ul&gt;" SourceIndex="1497" TableNum="0" TextLen="206" order="16" xPath="/html[1]/body[1]/div[1]/div[4]/div[1]/div[1]/div[6]/div[2]/ul[1]"/>
</LayoutNode>
</LayoutNode>
<LayoutNode BgColor="#ffffff" ContainImg="0" ContainP="0" ContainTable="false" DOMCldNum="37" DoC="5" FontSize="13" FontWeight="normal" FormNum="1" FormSize="20" FrameSourceIndex="0" ID="1-5-2" InteractionNum="0" InteractionSize="0" IsImg="false" LinkNum="44" LinkTextLen="352" ObjectRectHeight="1386" ObjectRectLeft="910" ObjectRectTop="643" ObjectRectWidth="510" OptionNum="0" OptionTextLength="0" ParaNum="0" SourceIndex="2648" TableNum="0" TextLen="659" order="17">
<LayoutNode BgColor="#ffffff" ContainImg="0" ContainP="0" ContainTable="false" Content="Tìm kiếm nhà đất Địa điểm Loại tin rao Nhà đất bán Nhà đất cho thuê Loại nhà đất Vui lòng chọn Tỉnh, thành phố Vui lòng chọn Tp.HCM Hà Nội Bình Dương Hải Phòng Đà Nẵng Cần Thơ Đồng Nai Bà Rịa Vũng Tàu Khánh Hòa Long An Thừa Thiên Huế An Giang Bạc Liêu Bắc Cạn Bắc Giang Bắc Ninh Bắc Giang Bình Định Bình Phước Bình Thuận Cà Mau Cao Bằng Đắk Lắk Đồng Tháp Gia Lai Hà Giang Hà Nam Hà Tĩnh Hải Dương Hòa Bình Hưng Yên Kiên Giang Kon Tum Lai Châu Lạng Sơn Lào Cai Lâm Đồng Nam Định Nghệ An Ninh Bình Ninh Thuận Phú Thọ Phú Yên Quảng Bình Quảng Nam Quảng Ngãi Quảng Ninh Quảng Trị Sóc Trăng Sơn La Tây Ninh Thái Bình Thái Nguyên Thanh Hóa Tiền Giang Trà Vinh Tuyên Quang Vĩnh Long Vĩnh Phúc Yên Bái Điện Biên Đắk Nông Hậu Giang Theo quận, huyện Vui lòng chọn Theo phường, xã Vui lòng chọn Theo đường phố Vui lòng chọn Theo dự án Vui lòng chọn Tìm gần trường Vui lòng chọn Theo diện tích ---Chọn diện tích--- Không xác định &lt;= 30 m2 30-50 m2 50-100 m2 100-200 m2 200-300 m2 300-400 m2 400-500 m2 &gt;=500 m2 Theo mức giá Vui lòng chọn Tìm kiếm Bỏ tìm nâng cao " DOMCldNum="37" DoC="8" FontSize="13" FontWeight="normal" FormNum="1" FormSize="20" FrameSourceIndex="0" ID="1-5-2-1" InteractionNum="0" InteractionSize="0" IsImg="false" LinkNum="4" LinkTextLen="23" ObjectHeight="513" ObjectRectHeight="513" ObjectRectLeft="910" ObjectRectTop="643" ObjectRectWidth="510" ObjectWidth="300" ObjectX="910" ObjectY="643" OptionNum="0" OptionTextLength="0" ParaNum="0" SRC="&lt;div xmlns=&quot;http://www.w3.org/1999/xhtml&quot; class=&quot;box_R cachtren2 khonghien_mobile box_nhadatban_R&quot; id=&quot;product-search-right&quot;&gt;          &lt;form action=&quot;http://123nhadat.vn/?act=tim-nha-dat&quot; id=&quot;searchFormR&quot; method=&quot;post&quot;&gt;                    &lt;div class=&quot;tit_C cachtren2&quot;&gt;                        &lt;span class=&quot;icon_star_xanh&quot;/&gt;                        Tìm kiếm nhà đất                    &lt;/div&gt;                    &lt;div class=&quot;detail_R&quot;&gt;                        &lt;div class=&quot;timkiem&quot;&gt;                            &lt;label&gt;Địa điểm&lt;/label&gt;                            &lt;input id=&quot;searchlocation&quot; name=&quot;q&quot; placeholder=&quot; Nhập địa điểm bất động sản&quot; title=&quot;&lt;div style='width:190px;'&gt;&lt;div&gt;&lt;strong class='camcam'&gt;Gợi ý&lt;/strong&gt;&lt;/div&gt;                 &lt;ul&gt;                     &lt;li&gt;-Nhập tên tỉnh/thành phố, quận/huyện, phường/xã, đường/phố, dự án; ví dụ: Imperia&lt;/li&gt;                     &lt;li&gt;-Phải chọn các gợi ý chúng tôi đề xuất bên dưới để kết quả chính xác&lt;/li&gt;                     &lt;li&gt;-Nếu không nhập địa điểm ở đây, Quý vị có thể chọn lựa khu vực bằng các ô phía dưới trong công cụ tìm kiếm này&lt;/li&gt;      &lt;li&gt;-Bạn cũng có thể nhập vào đây mã số tài sản để tim theo mã tài sản.&lt;/li&gt;                 &lt;/ul&gt;&lt;/div&gt;&quot; type=&quot;text&quot;/&gt;                            &lt;input id=&quot;Button4&quot; type=&quot;button&quot; value=&quot;&quot;/&gt;                        &lt;/div&gt;                              &lt;div class=&quot;row_timkiemR&quot;&gt;                            &lt;label&gt;Loại tin rao&lt;/label&gt;                            &lt;select id=&quot;cboCategoryR&quot; name=&quot;cboCategory&quot;&gt;                                &lt;option selected=&quot;selected&quot; value=&quot;1&quot;&gt;Nhà đất bán&lt;/option&gt;        &lt;option value=&quot;2&quot;&gt;Nhà đất cho thuê&lt;/option&gt;                            &lt;/select&gt;                        &lt;/div&gt;      &lt;div class=&quot;row_timkiemR&quot;&gt;                            &lt;label&gt;Loại nhà đất&lt;/label&gt;                            &lt;select id=&quot;cboTypeReR&quot; name=&quot;cboTypeRe&quot;&gt;                                &lt;option value=&quot;&quot;&gt;Vui lòng chọn&lt;/option&gt;                            &lt;/select&gt;                        &lt;/div&gt;                        &lt;div class=&quot;row_timkiemR&quot;&gt;                            &lt;label&gt;Tỉnh, thành phố&lt;/label&gt;                            &lt;select id=&quot;cboCityR&quot; name=&quot;cboCity&quot;&gt;                                &lt;option value=&quot;&quot;&gt;Vui lòng chọn&lt;/option&gt;                &lt;option value=&quot;3&quot;&gt;Tp.HCM&lt;/option&gt;        &lt;option value=&quot;2&quot;&gt;Hà Nội&lt;/option&gt;        &lt;option value=&quot;13&quot;&gt;Bình Dương&lt;/option&gt;        &lt;option value=&quot;4&quot;&gt;Hải Phòng&lt;/option&gt;        &lt;option value=&quot;5&quot;&gt;Đà Nẵng&lt;/option&gt;        &lt;option value=&quot;19&quot;&gt;Cần Thơ&lt;/option&gt;        &lt;option value=&quot;115&quot;&gt;Đồng Nai&lt;/option&gt;        &lt;option value=&quot;8&quot;&gt;Bà Rịa Vũng Tàu&lt;/option&gt;        &lt;option value=&quot;125&quot;&gt;Khánh Hòa&lt;/option&gt;        &lt;option value=&quot;132&quot;&gt;Long An&lt;/option&gt;        &lt;option value=&quot;6&quot;&gt;Thừa Thiên Huế&lt;/option&gt;        &lt;option value=&quot;7&quot;&gt;An Giang&lt;/option&gt;                &lt;option value=&quot;9&quot;&gt;Bạc Liêu&lt;/option&gt;        &lt;option value=&quot;10&quot;&gt;Bắc Cạn&lt;/option&gt;        &lt;option value=&quot;1&quot;&gt;Bắc Giang&lt;/option&gt;        &lt;option value=&quot;11&quot;&gt;Bắc Ninh&lt;/option&gt;        &lt;option value=&quot;12&quot;&gt;Bắc Giang&lt;/option&gt;                &lt;option value=&quot;14&quot;&gt;Bình Định&lt;/option&gt;        &lt;option value=&quot;15&quot;&gt;Bình Phước&lt;/option&gt;        &lt;option value=&quot;16&quot;&gt;Bình Thuận&lt;/option&gt;        &lt;option value=&quot;17&quot;&gt;Cà Mau&lt;/option&gt;        &lt;option value=&quot;18&quot;&gt;Cao Bằng&lt;/option&gt;                &lt;option value=&quot;103&quot;&gt;Đắk Lắk&lt;/option&gt;                &lt;option value=&quot;116&quot;&gt;Đồng Tháp&lt;/option&gt;        &lt;option value=&quot;117&quot;&gt;Gia Lai&lt;/option&gt;        &lt;option value=&quot;118&quot;&gt;Hà  Giang&lt;/option&gt;        &lt;option value=&quot;119&quot;&gt;Hà Nam&lt;/option&gt;        &lt;option value=&quot;121&quot;&gt;Hà Tĩnh&lt;/option&gt;        &lt;option value=&quot;122&quot;&gt;Hải Dương&lt;/option&gt;        &lt;option value=&quot;123&quot;&gt;Hòa Bình&lt;/option&gt;        &lt;option value=&quot;124&quot;&gt;Hưng Yên&lt;/option&gt;                &lt;option value=&quot;126&quot;&gt;Kiên Giang&lt;/option&gt;        &lt;option value=&quot;127&quot;&gt;Kon Tum&lt;/option&gt;        &lt;option value=&quot;128&quot;&gt;Lai Châu&lt;/option&gt;        &lt;option value=&quot;129&quot;&gt;Lạng Sơn&lt;/option&gt;        &lt;option value=&quot;130&quot;&gt;Lào Cai&lt;/option&gt;        &lt;option value=&quot;131&quot;&gt;Lâm Đồng&lt;/option&gt;                &lt;option value=&quot;133&quot;&gt;Nam Định&lt;/option&gt;        &lt;option value=&quot;134&quot;&gt;Nghệ An&lt;/option&gt;        &lt;option value=&quot;135&quot;&gt;Ninh Bình&lt;/option&gt;        &lt;option value=&quot;136&quot;&gt;Ninh Thuận&lt;/option&gt;        &lt;option value=&quot;137&quot;&gt;Phú Thọ&lt;/option&gt;        &lt;option value=&quot;138&quot;&gt;Phú Yên&lt;/option&gt;        &lt;option value=&quot;139&quot;&gt;Quảng Bình&lt;/option&gt;        &lt;option value=&quot;140&quot;&gt;Quảng Nam&lt;/option&gt;        &lt;option value=&quot;141&quot;&gt;Quảng Ngãi&lt;/option&gt;        &lt;option value=&quot;142&quot;&gt;Quảng Ninh&lt;/option&gt;        &lt;option value=&quot;143&quot;&gt;Quảng Trị&lt;/option&gt;        &lt;option value=&quot;144&quot;&gt;Sóc Trăng&lt;/option&gt;        &lt;option value=&quot;145&quot;&gt;Sơn La&lt;/option&gt;        &lt;option value=&quot;146&quot;&gt;Tây Ninh&lt;/option&gt;        &lt;option value=&quot;147&quot;&gt;Thái Bình&lt;/option&gt;        &lt;option value=&quot;148&quot;&gt;Thái Nguyên&lt;/option&gt;        &lt;option value=&quot;149&quot;&gt;Thanh Hóa&lt;/option&gt;        &lt;option value=&quot;150&quot;&gt;Tiền Giang&lt;/option&gt;        &lt;option value=&quot;151&quot;&gt;Trà Vinh&lt;/option&gt;        &lt;option value=&quot;152&quot;&gt;Tuyên Quang&lt;/option&gt;        &lt;option value=&quot;153&quot;&gt;Vĩnh Long&lt;/option&gt;        &lt;option value=&quot;154&quot;&gt;Vĩnh Phúc&lt;/option&gt;        &lt;option value=&quot;155&quot;&gt;Yên Bái&lt;/option&gt;        &lt;option value=&quot;156&quot;&gt;Điện Biên&lt;/option&gt;        &lt;option value=&quot;157&quot;&gt;Đắk Nông&lt;/option&gt;        &lt;option value=&quot;158&quot;&gt;Hậu Giang&lt;/option&gt;                            &lt;/select&gt;                        &lt;/div&gt;                        &lt;div class=&quot;row_timkiemR&quot;&gt;                            &lt;label&gt;Theo quận, huyện&lt;/label&gt;                            &lt;select id=&quot;cboDistrictR&quot; name=&quot;cboDistrict&quot;&gt;                                &lt;option selected=&quot;selected&quot;&gt;Vui lòng chọn&lt;/option&gt;                            &lt;/select&gt;                        &lt;/div&gt;                        &lt;div class=&quot;row_timkiemR&quot; id=&quot;divWard&quot;&gt;                            &lt;label&gt;Theo phường, xã&lt;/label&gt;                            &lt;select id=&quot;cboWardR&quot; name=&quot;cboWard&quot;&gt;                                &lt;option selected=&quot;selected&quot;&gt;Vui lòng chọn&lt;/option&gt;                            &lt;/select&gt;                        &lt;/div&gt;                        &lt;div class=&quot;row_timkiemR&quot; id=&quot;divStreet&quot;&gt;                            &lt;label&gt;Theo đường phố&lt;/label&gt;                            &lt;select id=&quot;cboStreetR&quot; name=&quot;cboStreet&quot;&gt;                                &lt;option selected=&quot;selected&quot;&gt;Vui lòng chọn&lt;/option&gt;                            &lt;/select&gt;                        &lt;/div&gt;                        &lt;div class=&quot;row_timkiemR&quot; id=&quot;divProj&quot;&gt;                            &lt;label&gt;Theo dự án&lt;/label&gt;                            &lt;select id=&quot;cboProjR&quot; name=&quot;cboProj&quot;&gt;                                &lt;option selected=&quot;selected&quot;&gt;Vui lòng chọn&lt;/option&gt;                            &lt;/select&gt;                        &lt;/div&gt;      &lt;div class=&quot;row_timkiemR&quot; id=&quot;divPlace&quot;&gt;                            &lt;label&gt;Tìm gần trường&lt;/label&gt;                            &lt;select id=&quot;cboNearPlaceR&quot; name=&quot;cboNearPlace&quot;&gt;                                &lt;option selected=&quot;selected&quot;&gt;Vui lòng chọn&lt;/option&gt;                            &lt;/select&gt;                        &lt;/div&gt;                        &lt;div class=&quot;row_timkiemR&quot;&gt;                            &lt;label&gt;Theo diện tích&lt;/label&gt;                            &lt;select id=&quot;cboAreaR&quot; name=&quot;cboArea&quot;&gt;                                &lt;option value=&quot;&quot;&gt;---Chọn diện tích---&lt;/option&gt;        &lt;option value=&quot;1&quot;&gt;Không xác định&lt;/option&gt;        &lt;option value=&quot;2&quot;&gt;&lt;= 30 m2&lt;/option&gt;        &lt;option value=&quot;3&quot;&gt;30-50 m2&lt;/option&gt;        &lt;option value=&quot;4&quot;&gt;50-100 m2&lt;/option&gt;        &lt;option value=&quot;5&quot;&gt;100-200 m2&lt;/option&gt;        &lt;option value=&quot;6&quot;&gt;200-300 m2&lt;/option&gt;        &lt;option value=&quot;7&quot;&gt;300-400 m2&lt;/option&gt;        &lt;option value=&quot;8&quot;&gt;400-500 m2&lt;/option&gt;        &lt;option value=&quot;9&quot;&gt;&gt;=500 m2&lt;/option&gt;                            &lt;/select&gt;                        &lt;/div&gt;                        &lt;div class=&quot;row_timkiemR&quot;&gt;                            &lt;label&gt;Theo mức giá&lt;/label&gt;                            &lt;select id=&quot;cboPriceR&quot; name=&quot;cboPrice&quot;&gt;                                &lt;option selected=&quot;selected&quot;&gt;Vui lòng chọn&lt;/option&gt;                            &lt;/select&gt;                        &lt;/div&gt;                        &lt;div class=&quot;row_timkiemR&quot;&gt;       &lt;input name=&quot;come_from&quot; type=&quot;hidden&quot; value=&quot;2&quot;/&gt;                            &lt;a href=&quot;javascript:void(0)&quot; onclick=&quot;$('#searchFormR').submit();&quot;&gt;Tìm kiếm&lt;/a&gt;                            &lt;a href=&quot;javascript:void(0);&quot; id=&quot;showAdvSearch&quot; onclick=&quot;ShowAdvSearch();&quot;&gt;Bỏ tìm nâng cao&lt;/a&gt;                        &lt;/div&gt;                    &lt;/div&gt;     &lt;/form&gt;                &lt;/div&gt;" SourceIndex="2660" TableNum="0" TextLen="183" order="18" xPath="/html[1]/body[1]/div[1]/div[4]/div[1]/div[2]/div[2]"/>
<LayoutNode BgColor="#5eab1f" ContainImg="0" ContainP="0" ContainTable="false" Content="BÁN ĐẤT THEO ĐƯỜNG/PHỐ TẠI QUẬN 2 " DOMCldNum="5" DoC="5" FontSize="11" FontWeight="700" FormNum="0" FormSize="0" FrameSourceIndex="0" ID="1-5-2-2" InteractionNum="0" InteractionSize="0" IsImg="false" LinkNum="0" LinkTextLen="0" ObjectHeight="20" ObjectRectHeight="20" ObjectRectLeft="910" ObjectRectTop="1429" ObjectRectWidth="510" ObjectWidth="290" ObjectX="915" ObjectY="1429" OptionNum="0" OptionTextLength="0" ParaNum="0" SRC="&lt;div xmlns=&quot;http://www.w3.org/1999/xhtml&quot; class=&quot;tit_C&quot;&gt;                        &lt;span class=&quot;icon_star_xanh&quot;/&gt;                        Bán đất theo đường/phố tại Quận 2                    &lt;/div&gt;" SourceIndex="3048" TableNum="0" TextLen="33" order="19" xPath="/html[1]/body[1]/div[1]/div[4]/div[1]/div[2]/div[4]/div[1]"/>
<LayoutNode BgColor="#ffffff" ContainImg="0" ContainP="0" ContainTable="false" Content="Đường Nguyễn Duy Trinh (900)Đường Bình Trưng (732)Đường Thạnh Mỹ Lợi (633)Đường An Phú (617)Đường Trần Não (527)Đường Thảo Điền (402)Đường Nguyễn Ư Dĩ (340)Đường Số 1 (249)Đường Nguyễn Văn Hưởng (247)Đường Lương Định Của (215)Đường Lê Văn Thịnh (207)Đường Quốc Hương (137)Đường Đồng Văn Cống (120)Đường Nguyễn Tư Nghiêm (117)Đường Xuân Thủy (51)Đường Nguyễn Trung Nguyệt (51)Đường Nguyễn Tuyền (45)Đường Số 10 (43)Đường Số 42 (35)Đường 22 (33) " DOMCldNum="3" DoC="8" FontSize="13" FontWeight="normal" FormNum="0" FormSize="0" FrameSourceIndex="0" ID="1-5-2-3" InteractionNum="0" InteractionSize="0" IsImg="false" LinkNum="40" LinkTextLen="329" ObjectHeight="556" ObjectRectHeight="556" ObjectRectLeft="910" ObjectRectTop="1473" ObjectRectWidth="510" ObjectWidth="238" ObjectX="961" ObjectY="1473" OptionNum="0" OptionTextLength="0" ParaNum="0" SRC="&lt;ul xmlns=&quot;http://www.w3.org/1999/xhtml&quot; class=&quot;nhadatVN&quot;&gt;                                   &lt;li&gt;&lt;a href=&quot;http://123nhadat.vn/raovat-c11/ban-dat-tai-duong-nguyen-duy-trinh-16003&quot; title=&quot;Bán đất tại Đường Nguyễn Duy Trinh,Quận 2&quot;&gt;Đường Nguyễn Duy Trinh&lt;/a&gt; (&lt;span style=&quot;color:green&quot;&gt;900&lt;/span&gt;)&lt;/li&gt;                                   &lt;li&gt;&lt;a href=&quot;http://123nhadat.vn/raovat-c11/ban-dat-tai-duong-binh-trung-12364&quot; title=&quot;Bán đất tại Đường Bình Trưng,Quận 2&quot;&gt;Đường Bình Trưng&lt;/a&gt; (&lt;span style=&quot;color:green&quot;&gt;732&lt;/span&gt;)&lt;/li&gt;                                   &lt;li&gt;&lt;a href=&quot;http://123nhadat.vn/raovat-c11/ban-dat-tai-duong-thanh-my-loi-18806&quot; title=&quot;Bán đất tại Đường Thạnh Mỹ Lợi,Quận 2&quot;&gt;Đường Thạnh Mỹ Lợi&lt;/a&gt; (&lt;span style=&quot;color:green&quot;&gt;633&lt;/span&gt;)&lt;/li&gt;                                   &lt;li&gt;&lt;a href=&quot;http://123nhadat.vn/raovat-c11/ban-dat-tai-duong-an-phu-12058&quot; title=&quot;Bán đất tại Đường An Phú,Quận 2&quot;&gt;Đường An Phú&lt;/a&gt; (&lt;span style=&quot;color:green&quot;&gt;617&lt;/span&gt;)&lt;/li&gt;                                   &lt;li&gt;&lt;a href=&quot;http://123nhadat.vn/raovat-c11/ban-dat-tai-duong-tran-nao-19702&quot; title=&quot;Bán đất tại Đường Trần Não,Quận 2&quot;&gt;Đường Trần Não&lt;/a&gt; (&lt;span style=&quot;color:green&quot;&gt;527&lt;/span&gt;)&lt;/li&gt;                                   &lt;li&gt;&lt;a href=&quot;http://123nhadat.vn/raovat-c11/ban-dat-tai-duong-thao-dien-18844&quot; title=&quot;Bán đất tại Đường Thảo Điền,Quận 2&quot;&gt;Đường Thảo Điền&lt;/a&gt; (&lt;span style=&quot;color:green&quot;&gt;402&lt;/span&gt;)&lt;/li&gt;                                   &lt;li&gt;&lt;a href=&quot;http://123nhadat.vn/raovat-c11/ban-dat-tai-duong-nguyen-u-di-16758&quot; title=&quot;Bán đất tại Đường Nguyễn Ư Dĩ,Quận 2&quot;&gt;Đường Nguyễn Ư Dĩ&lt;/a&gt; (&lt;span style=&quot;color:green&quot;&gt;340&lt;/span&gt;)&lt;/li&gt;                                   &lt;li&gt;&lt;a href=&quot;http://123nhadat.vn/raovat-c11/ban-dat-tai-duong-so-1-18336&quot; title=&quot;Bán đất tại Đường Số 1,Quận 2&quot;&gt;Đường Số 1&lt;/a&gt; (&lt;span style=&quot;color:green&quot;&gt;249&lt;/span&gt;)&lt;/li&gt;                                   &lt;li&gt;&lt;a href=&quot;http://123nhadat.vn/raovat-c11/ban-dat-tai-duong-nguyen-van-huong-16877&quot; title=&quot;Bán đất tại Đường Nguyễn Văn Hưởng,Quận 2&quot;&gt;Đường Nguyễn Văn Hưởng&lt;/a&gt; (&lt;span style=&quot;color:green&quot;&gt;247&lt;/span&gt;)&lt;/li&gt;                                   &lt;li&gt;&lt;a href=&quot;http://123nhadat.vn/raovat-c11/ban-dat-tai-duong-luong-dinh-cua-15020&quot; title=&quot;Bán đất tại Đường Lương Định Của,Quận 2&quot;&gt;Đường Lương Định Của&lt;/a&gt; (&lt;span style=&quot;color:green&quot;&gt;215&lt;/span&gt;)&lt;/li&gt;                                   &lt;li&gt;&lt;a href=&quot;http://123nhadat.vn/raovat-c11/ban-dat-tai-duong-le-van-thinh-14797&quot; title=&quot;Bán đất tại Đường Lê Văn Thịnh,Quận 2&quot;&gt;Đường Lê Văn Thịnh&lt;/a&gt; (&lt;span style=&quot;color:green&quot;&gt;207&lt;/span&gt;)&lt;/li&gt;                                   &lt;li&gt;&lt;a href=&quot;http://123nhadat.vn/raovat-c11/ban-dat-tai-duong-quoc-huong-17956&quot; title=&quot;Bán đất tại Đường Quốc Hương,Quận 2&quot;&gt;Đường Quốc Hương&lt;/a&gt; (&lt;span style=&quot;color:green&quot;&gt;137&lt;/span&gt;)&lt;/li&gt;                                   &lt;li&gt;&lt;a href=&quot;http://123nhadat.vn/raovat-c11/ban-dat-tai-duong-dong-van-cong-21470&quot; title=&quot;Bán đất tại Đường Đồng Văn Cống,Quận 2&quot;&gt;Đường Đồng Văn Cống&lt;/a&gt; (&lt;span style=&quot;color:green&quot;&gt;120&lt;/span&gt;)&lt;/li&gt;                                   &lt;li&gt;&lt;a href=&quot;http://123nhadat.vn/raovat-c11/ban-dat-tai-duong-nguyen-tu-nghiem-16743&quot; title=&quot;Bán đất tại Đường Nguyễn Tư Nghiêm,Quận 2&quot;&gt;Đường Nguyễn Tư Nghiêm&lt;/a&gt; (&lt;span style=&quot;color:green&quot;&gt;117&lt;/span&gt;)&lt;/li&gt;                                   &lt;li&gt;&lt;a href=&quot;http://123nhadat.vn/raovat-c11/ban-dat-tai-duong-xuan-thuy-20781&quot; title=&quot;Bán đất tại Đường Xuân Thủy,Quận 2&quot;&gt;Đường Xuân Thủy&lt;/a&gt; (&lt;span style=&quot;color:green&quot;&gt;51&lt;/span&gt;)&lt;/li&gt;                                   &lt;li&gt;&lt;a href=&quot;http://123nhadat.vn/raovat-c11/ban-dat-tai-duong-nguyen-trung-nguyet-16695&quot; title=&quot;Bán đất tại Đường Nguyễn Trung Nguyệt,Quận 2&quot;&gt;Đường Nguyễn Trung Nguyệt&lt;/a&gt; (&lt;span style=&quot;color:green&quot;&gt;51&lt;/span&gt;)&lt;/li&gt;                                   &lt;li&gt;&lt;a href=&quot;http://123nhadat.vn/raovat-c11/ban-dat-tai-duong-nguyen-tuyen-16756&quot; title=&quot;Bán đất tại Đường Nguyễn Tuyền,Quận 2&quot;&gt;Đường Nguyễn Tuyền&lt;/a&gt; (&lt;span style=&quot;color:green&quot;&gt;45&lt;/span&gt;)&lt;/li&gt;                                   &lt;li&gt;&lt;a href=&quot;http://123nhadat.vn/raovat-c11/ban-dat-tai-duong-so-10-18340&quot; title=&quot;Bán đất tại Đường Số 10,Quận 2&quot;&gt;Đường Số 10&lt;/a&gt; (&lt;span style=&quot;color:green&quot;&gt;43&lt;/span&gt;)&lt;/li&gt;                                   &lt;li&gt;&lt;a href=&quot;http://123nhadat.vn/raovat-c11/ban-dat-tai-duong-so-42-18452&quot; title=&quot;Bán đất tại Đường Số 42,Quận 2&quot;&gt;Đường Số 42&lt;/a&gt; (&lt;span style=&quot;color:green&quot;&gt;35&lt;/span&gt;)&lt;/li&gt;                                   &lt;li&gt;&lt;a href=&quot;http://123nhadat.vn/raovat-c11/ban-dat-tai-duong-22-21529&quot; title=&quot;Bán đất tại Đường 22,Quận 2&quot;&gt;Đường 22&lt;/a&gt; (&lt;span style=&quot;color:green&quot;&gt;33&lt;/span&gt;)&lt;/li&gt;                               &lt;/ul&gt;" SourceIndex="3055" TableNum="0" TextLen="443" order="20" xPath="/html[1]/body[1]/div[1]/div[4]/div[1]/div[2]/div[4]/div[2]/ul[1]"/>
</LayoutNode>
</LayoutNode>
<LayoutNode BgColor="#ffffff" ContainImg="2" ContainP="0" ContainTable="false" DOMCldNum="85" DoC="5" FontSize="13" FontWeight="normal" FormNum="1" FormSize="20" FrameSourceIndex="0" ID="1-6" InteractionNum="0" InteractionSize="0" IsImg="false" LinkNum="12" LinkTextLen="60" ObjectRectHeight="396" ObjectRectLeft="0" ObjectRectTop="2053" ObjectRectWidth="1420" OptionNum="0" OptionTextLength="0" ParaNum="0" SourceIndex="1190" TableNum="0" TextLen="216" order="21">
<LayoutNode BgColor="#ffffff" ContainImg="1" ContainP="0" ContainTable="false" DOMCldNum="85" DoC="5" FontSize="13" FontWeight="normal" FormNum="0" FormSize="0" FrameSourceIndex="0" ID="1-6-1" InteractionNum="0" InteractionSize="0" IsImg="false" LinkNum="6" LinkTextLen="40" ObjectRectHeight="396" ObjectRectLeft="0" ObjectRectTop="2053" ObjectRectWidth="900" OptionNum="0" OptionTextLength="0" ParaNum="0" SourceIndex="1190" TableNum="0" TextLen="97" order="22">
<LayoutNode BgColor="#ffffff" ContainImg="1" ContainP="0" ContainTable="false" Content=" " DOMCldNum="85" DoC="8" FontSize="13" FontWeight="normal" FormNum="0" FormSize="0" FrameSourceIndex="0" ID="1-6-1-1" InteractionNum="0" InteractionSize="0" IsImg="false" LinkNum="2" LinkTextLen="0" ObjectHeight="90" ObjectRectHeight="90" ObjectRectLeft="0" ObjectRectTop="2053" ObjectRectWidth="900" ObjectWidth="690" ObjectX="210" ObjectY="2053" OptionNum="0" OptionTextLength="0" ParaNum="0" SRC="&lt;div xmlns=&quot;http://www.w3.org/1999/xhtml&quot; class=&quot;box_C khonghien_mobile&quot; id=&quot;tienich_xungquanh&quot;&gt;          &lt;a href=&quot;https://123vemaybay.vn/ve-may-bay-di-sai-gon&quot; target=&quot;_blank&quot; title=&quot;vé máy bay đi Sài Gòn (TP HCM) giá rẻ&quot;&gt;&lt;img src=&quot;http://123nhadat.vn/uploads/banners/ve-may-bay-di-sai-gon-bannerC.gif&quot;/&gt;&lt;/a&gt;         &lt;/div&gt;" SourceIndex="1544" TableNum="0" TextLen="0" order="23" xPath="/html[1]/body[1]/div[1]/div[4]/div[1]/div[1]/div[7]"/>
<LayoutNode BgColor="#5eab1f" ContainImg="0" ContainP="0" ContainTable="false" Content="TIỆN ÍCH XUNNG QUANH " DOMCldNum="9" DoC="5" FontSize="11" FontWeight="700" FormNum="0" FormSize="0" FrameSourceIndex="0" ID="1-6-1-2" InteractionNum="0" InteractionSize="0" IsImg="false" LinkNum="0" LinkTextLen="0" ObjectHeight="20" ObjectRectHeight="20" ObjectRectLeft="0" ObjectRectTop="2156" ObjectRectWidth="900" ObjectWidth="560" ObjectX="215" ObjectY="2156" OptionNum="0" OptionTextLength="0" ParaNum="0" SRC="&lt;div xmlns=&quot;http://www.w3.org/1999/xhtml&quot; class=&quot;tit_C&quot;&gt;                        &lt;span class=&quot;icon_star_xanh&quot;/&gt;                        Tiện ích xunng quanh                    &lt;/div&gt;" SourceIndex="1562" TableNum="0" TextLen="20" order="24" xPath="/html[1]/body[1]/div[1]/div[4]/div[1]/div[1]/div[9]/div[1]"/>
<LayoutNode BgColor="#ffffff" ContainImg="0" ContainP="0" ContainTable="false" Content="Vị trí nhà đất Tiện ích bản đồ xung quanh " DOMCldNum="9" DoC="5" FontSize="13" FontWeight="normal" FormNum="0" FormSize="0" FrameSourceIndex="0" ID="1-6-1-3" InteractionNum="0" InteractionSize="0" IsImg="false" LinkNum="4" LinkTextLen="40" ObjectHeight="34" ObjectRectHeight="34" ObjectRectLeft="0" ObjectRectTop="2189" ObjectRectWidth="900" ObjectWidth="690" ObjectX="210" ObjectY="2189" OptionNum="0" OptionTextLength="0" ParaNum="0" SRC="&lt;div xmlns=&quot;http://www.w3.org/1999/xhtml&quot; class=&quot;detail_C&quot;&gt;                        &lt;ul id=&quot;countrytabs&quot;&gt;                            &lt;li&gt;&lt;a class=&quot;ntctab&quot; href=&quot;#map1&quot;&gt;Vị trí nhà đất&lt;/a&gt;&lt;/li&gt;                            &lt;li&gt;&lt;a class=&quot;ntctab&quot; href=&quot;#map2&quot;&gt;Tiện ích bản đồ xung quanh&lt;/a&gt;&lt;/li&gt;                            &lt;/ul&gt;                    &lt;/div&gt;" SourceIndex="1567" TableNum="0" TextLen="40" order="25" xPath="/html[1]/body[1]/div[1]/div[4]/div[1]/div[1]/div[9]/div[2]"/>
<LayoutNode BgColor="#ffffff" ContainImg="0" ContainP="0" ContainTable="false" DOMCldNum="13" DoC="8" FontSize="13" FontWeight="normal" FormNum="0" FormSize="0" FrameSourceIndex="0" ID="1-6-1-4" InteractionNum="0" InteractionSize="0" IsImg="false" LinkNum="0" LinkTextLen="0" ObjectRectHeight="215" ObjectRectLeft="0" ObjectRectTop="2234" ObjectRectWidth="900" OptionNum="0" OptionTextLength="0" ParaNum="0" SourceIndex="1587" TableNum="0" TextLen="37" order="26">
<LayoutNode BgColor="#ffffff" ContainImg="0" ContainP="0" ContainTable="false" Content="Chọn bán kính để xem: " DOMCldNum="13" DoC="8" FontSize="13" FontWeight="normal" FormNum="0" FormSize="0" FrameSourceIndex="0" ID="1-6-1-4-1" InteractionNum="0" InteractionSize="0" IsImg="false" LinkNum="0" LinkTextLen="0" ObjectHeight="34" ObjectRectHeight="215" ObjectRectLeft="0" ObjectRectTop="2234" ObjectRectWidth="405" ObjectWidth="144" ObjectX="261" ObjectY="2234" OptionNum="0" OptionTextLength="0" ParaNum="0" SRC="&lt;li xmlns=&quot;http://www.w3.org/1999/xhtml&quot;&gt;&lt;span&gt;Chọn bán kính để xem:&lt;/span&gt;&lt;/li&gt;" SourceIndex="1589" TableNum="0" TextLen="21" order="27" xPath="/html[1]/body[1]/div[1]/div[4]/div[1]/div[1]/div[9]/div[3]/div[2]/ul[1]/li[1]"/>
<LayoutNode BgColor="#ffffff" ContainImg="0" ContainP="0" ContainTable="false" Content="500m " DOMCldNum="13" DoC="8" FontSize="13" FontWeight="normal" FormNum="0" FormSize="0" FrameSourceIndex="0" ID="1-6-1-4-2" InteractionNum="0" InteractionSize="0" IsImg="false" LinkNum="0" LinkTextLen="0" ObjectHeight="34" ObjectRectHeight="215" ObjectRectLeft="425" ObjectRectTop="2234" ObjectRectWidth="38" ObjectWidth="38" ObjectX="425" ObjectY="2234" OptionNum="0" OptionTextLength="0" ParaNum="0" SRC="&lt;li xmlns=&quot;http://www.w3.org/1999/xhtml&quot;&gt;&lt;input id=&quot;Checkbox6&quot; name=&quot;radNb&quot; type=&quot;radio&quot; value=&quot;500&quot;/&gt;&lt;span&gt;500m&lt;/span&gt;&lt;/li&gt;" SourceIndex="1593" TableNum="0" TextLen="4" order="28" xPath="/html[1]/body[1]/div[1]/div[4]/div[1]/div[1]/div[9]/div[3]/div[2]/ul[1]/li[2]"/>
<LayoutNode BgColor="#ffffff" ContainImg="0" ContainP="0" ContainTable="false" Content="1km " DOMCldNum="13" DoC="8" FontSize="13" FontWeight="normal" FormNum="0" FormSize="0" FrameSourceIndex="0" ID="1-6-1-4-3" InteractionNum="0" InteractionSize="0" IsImg="false" LinkNum="0" LinkTextLen="0" ObjectHeight="34" ObjectRectHeight="215" ObjectRectLeft="483" ObjectRectTop="2234" ObjectRectWidth="31" ObjectWidth="31" ObjectX="483" ObjectY="2234" OptionNum="0" OptionTextLength="0" ParaNum="0" SRC="&lt;li xmlns=&quot;http://www.w3.org/1999/xhtml&quot;&gt;&lt;input id=&quot;Checkbox7&quot; name=&quot;radNb&quot; type=&quot;radio&quot; value=&quot;1000&quot;/&gt;&lt;span&gt;1km&lt;/span&gt;&lt;/li&gt;" SourceIndex="1598" TableNum="0" TextLen="3" order="29" xPath="/html[1]/body[1]/div[1]/div[4]/div[1]/div[1]/div[9]/div[3]/div[2]/ul[1]/li[3]"/>
<LayoutNode BgColor="#ffffff" ContainImg="0" ContainP="0" ContainTable="false" Content="2km " DOMCldNum="13" DoC="8" FontSize="13" FontWeight="normal" FormNum="0" FormSize="0" FrameSourceIndex="0" ID="1-6-1-4-4" InteractionNum="0" InteractionSize="0" IsImg="false" LinkNum="0" LinkTextLen="0" ObjectHeight="34" ObjectRectHeight="215" ObjectRectLeft="534" ObjectRectTop="2234" ObjectRectWidth="31" ObjectWidth="31" ObjectX="534" ObjectY="2234" OptionNum="0" OptionTextLength="0" ParaNum="0" SRC="&lt;li xmlns=&quot;http://www.w3.org/1999/xhtml&quot;&gt;&lt;input id=&quot;Checkbox8&quot; name=&quot;radNb&quot; type=&quot;radio&quot; value=&quot;2000&quot;/&gt;&lt;span&gt;2km&lt;/span&gt;&lt;/li&gt;" SourceIndex="1603" TableNum="0" TextLen="3" order="30" xPath="/html[1]/body[1]/div[1]/div[4]/div[1]/div[1]/div[9]/div[3]/div[2]/ul[1]/li[4]"/>
<LayoutNode BgColor="#ffffff" ContainImg="0" ContainP="0" ContainTable="false" Content="3km " DOMCldNum="13" DoC="8" FontSize="13" FontWeight="normal" FormNum="0" FormSize="0" FrameSourceIndex="0" ID="1-6-1-4-5" InteractionNum="0" InteractionSize="0" IsImg="false" LinkNum="0" LinkTextLen="0" ObjectHeight="34" ObjectRectHeight="215" ObjectRectLeft="585" ObjectRectTop="2234" ObjectRectWidth="31" ObjectWidth="31" ObjectX="585" ObjectY="2234" OptionNum="0" OptionTextLength="0" ParaNum="0" SRC="&lt;li xmlns=&quot;http://www.w3.org/1999/xhtml&quot;&gt;&lt;input id=&quot;Checkbox9&quot; name=&quot;radNb&quot; type=&quot;radio&quot; value=&quot;3000&quot;/&gt;&lt;span&gt;3km&lt;/span&gt;&lt;/li&gt;" SourceIndex="1608" TableNum="0" TextLen="3" order="31" xPath="/html[1]/body[1]/div[1]/div[4]/div[1]/div[1]/div[9]/div[3]/div[2]/ul[1]/li[5]"/>
<LayoutNode BgColor="#ffffff" ContainImg="0" ContainP="0" ContainTable="false" Content="5km " DOMCldNum="13" DoC="8" FontSize="13" FontWeight="normal" FormNum="0" FormSize="0" FrameSourceIndex="0" ID="1-6-1-4-6" InteractionNum="0" InteractionSize="0" IsImg="false" LinkNum="0" LinkTextLen="0" ObjectHeight="34" ObjectRectHeight="215" ObjectRectLeft="636" ObjectRectTop="2234" ObjectRectWidth="264" ObjectWidth="31" ObjectX="636" ObjectY="2234" OptionNum="0" OptionTextLength="0" ParaNum="0" SRC="&lt;li xmlns=&quot;http://www.w3.org/1999/xhtml&quot;&gt;&lt;input id=&quot;Checkbox9&quot; name=&quot;radNb&quot; type=&quot;radio&quot; value=&quot;5000&quot;/&gt;&lt;span&gt;5km&lt;/span&gt;&lt;/li&gt;" SourceIndex="1613" TableNum="0" TextLen="3" order="32" xPath="/html[1]/body[1]/div[1]/div[4]/div[1]/div[1]/div[9]/div[3]/div[2]/ul[1]/li[6]"/>
</LayoutNode>
</LayoutNode>
<LayoutNode BgColor="#5eab1f" ContainImg="1" ContainP="0" ContainTable="false" DOMCldNum="5" DoC="5" FontSize="11" FontWeight="700" FormNum="1" FormSize="20" FrameSourceIndex="0" ID="1-6-2" InteractionNum="0" InteractionSize="0" IsImg="false" LinkNum="6" LinkTextLen="20" ObjectRectHeight="396" ObjectRectLeft="910" ObjectRectTop="2053" ObjectRectWidth="510" OptionNum="0" OptionTextLength="0" ParaNum="0" SourceIndex="3225" TableNum="0" TextLen="119" order="33">
<LayoutNode BgColor="#5eab1f" ContainImg="0" ContainP="0" ContainTable="false" Content="LIÊN HỆ NGƯỜI ĐĂNG TIN " DOMCldNum="5" DoC="5" FontSize="11" FontWeight="700" FormNum="0" FormSize="0" FrameSourceIndex="0" ID="1-6-2-1" InteractionNum="0" InteractionSize="0" IsImg="false" LinkNum="0" LinkTextLen="0" ObjectHeight="20" ObjectRectHeight="24" ObjectRectLeft="910" ObjectRectTop="2053" ObjectRectWidth="510" ObjectWidth="290" ObjectX="915" ObjectY="2057" OptionNum="0" OptionTextLength="0" ParaNum="0" SRC="&lt;div xmlns=&quot;http://www.w3.org/1999/xhtml&quot; class=&quot;tit_C&quot;&gt;                        &lt;span class=&quot;icon_star_xanh&quot;/&gt;                        Liên hệ người đăng tin                    &lt;/div&gt;" SourceIndex="3227" TableNum="0" TextLen="22" order="34" xPath="/html[1]/body[1]/div[1]/div[4]/div[1]/div[2]/div[5]/div[1]"/>
<LayoutNode BgColor="#ffffff" ContainImg="1" ContainP="0" ContainTable="false" Content="Bảo Châu Phone: 0948009843 Đang rao 23 nhà đất   Họ và tên: Mobile: Email: Tiêu đề: Tin nhắn: Gửi tin nhắn " DOMCldNum="5" DoC="8" FontSize="13" FontWeight="normal" FormNum="1" FormSize="20" FrameSourceIndex="0" ID="1-6-2-2" InteractionNum="0" InteractionSize="0" IsImg="false" LinkNum="6" LinkTextLen="20" ObjectHeight="337" ObjectRectHeight="348" ObjectRectLeft="910" ObjectRectTop="2101" ObjectRectWidth="510" ObjectWidth="278" ObjectX="921" ObjectY="2101" OptionNum="0" OptionTextLength="0" ParaNum="0" SRC="&lt;div xmlns=&quot;http://www.w3.org/1999/xhtml&quot; class=&quot;detail_R&quot;&gt;                        &lt;div class=&quot;box_moigioi border_none lienhe_dangtin_R&quot;&gt;                            &lt;div class=&quot;img_moigioi&quot;&gt;&lt;a href=&quot;http://123nhadat.vn/thanhvien/tinrao/213683&quot;&gt;&lt;img align=&quot;middle&quot; alt=&quot;Bảo Châu&quot; class=&quot;img&quot; height=&quot;50&quot; src=&quot;http://123nhadat.vn/uploads/pictures/avatar2.gif&quot; width=&quot;50&quot;/&gt;&lt;/a&gt;&lt;/div&gt;                            &lt;ul&gt;                                &lt;li&gt;&lt;a href=&quot;http://123nhadat.vn/thanhvien/tinrao/213683&quot; title=&quot;Xem toàn bộ tin rao của Bảo Châu&quot;&gt;Bảo Châu&lt;/a&gt;&lt;/li&gt;                                                                &lt;li&gt;Phone: 0948009843&lt;/li&gt;                                &lt;li&gt;Đang rao &lt;b style=&quot;color:green&quot;&gt;23&lt;/b&gt; nhà đất&lt;/li&gt;        &lt;li&gt; &lt;/li&gt;                            &lt;/ul&gt;                        &lt;/div&gt;      &lt;form action=&quot;&quot; id=&quot;sendMessForm&quot; name=&quot;sendMessForm&quot;&gt;      &lt;input id=&quot;txtMsgTo&quot; name=&quot;txtMsgTo&quot; type=&quot;hidden&quot; value=&quot;nana.xiu33@gmail.com&quot;/&gt;                              &lt;div class=&quot;row_lienheR&quot;&gt;                            &lt;label&gt;Họ và tên:&lt;/label&gt;                            &lt;input id=&quot;nameSender&quot; name=&quot;nameSender&quot; placeholder=&quot;Họ tên bạn&quot; type=&quot;text&quot; value=&quot;&quot;/&gt;                        &lt;/div&gt;                        &lt;div class=&quot;row_lienheR&quot;&gt;                            &lt;label&gt;Mobile:&lt;/label&gt;                            &lt;input id=&quot;mobiSender&quot; name=&quot;mobiSender&quot; placeholder=&quot;Di động của bạn&quot; type=&quot;text&quot; value=&quot;&quot;/&gt;                        &lt;/div&gt;                        &lt;div class=&quot;row_lienheR&quot;&gt;                            &lt;label&gt;Email:&lt;/label&gt;                            &lt;input id=&quot;emailSender&quot; name=&quot;emailSender&quot; placeholder=&quot;Email của bạn&quot; type=&quot;text&quot; value=&quot;&quot;/&gt;                        &lt;/div&gt;                              &lt;div class=&quot;row_lienheR&quot;&gt;                            &lt;label&gt;Tiêu đề:&lt;/label&gt;                            &lt;input id=&quot;txtMsgTitle&quot; name=&quot;txtMsgTitle&quot; placeholder=&quot;Tiêu đề tin nhắn&quot; type=&quot;text&quot; value=&quot;Liên hệ từ tin ID: 4297320&quot;/&gt;                        &lt;/div&gt;                        &lt;div class=&quot;row_lienheR&quot;&gt;                            &lt;label&gt;Tin nhắn:&lt;/label&gt;                            &lt;textarea cols=&quot;23&quot; id=&quot;mess_content&quot; name=&quot;mess_content&quot; placeholder=&quot;Nội dung tin nhắn&quot; rows=&quot;3&quot;/&gt;                        &lt;/div&gt;                        &lt;!-- &lt;div class=&quot;row_timkiemR&quot;&gt;                            &lt;input id=&quot;sendmsg&quot; class=&quot;bt_cam&quot; type=&quot;submit&quot; value=&quot;Gửi tin nhắn&quot;&gt;                        &lt;/div&gt; --&gt;      &lt;div class=&quot;row_lienheR&quot;&gt;                            &lt;a class=&quot;bt_cam&quot; href=&quot;javascript:void(0)&quot; onclick=&quot;$('#sendMessForm').submit();&quot;&gt;Gửi tin nhắn&lt;/a&gt;                        &lt;/div&gt;      &lt;/form&gt;                    &lt;/div&gt;" SourceIndex="3232" TableNum="0" TextLen="97" order="35" xPath="/html[1]/body[1]/div[1]/div[4]/div[1]/div[2]/div[5]/div[2]"/>
</LayoutNode>
</LayoutNode>
<LayoutNode BgColor="#ffffff" ContainImg="1" ContainP="0" ContainTable="false" DOMCldNum="7" DoC="5" FontSize="13" FontWeight="normal" FormNum="0" FormSize="0" FrameSourceIndex="0" ID="1-7" InteractionNum="0" InteractionSize="0" IsImg="false" LinkNum="22" LinkTextLen="163" ObjectRectHeight="382" ObjectRectLeft="0" ObjectRectTop="2688" ObjectRectWidth="1420" OptionNum="0" OptionTextLength="0" ParaNum="0" SourceIndex="1585" TableNum="0" TextLen="510" order="36">
<LayoutNode BgColor="#ffffff" ContainImg="0" ContainP="0" ContainTable="false" DOMCldNum="7" DoC="8" FontSize="13" FontWeight="normal" FormNum="0" FormSize="0" FrameSourceIndex="0" ID="1-7-1" InteractionNum="0" InteractionSize="0" IsImg="false" LinkNum="0" LinkTextLen="0" ObjectRectHeight="382" ObjectRectLeft="0" ObjectRectTop="2688" ObjectRectWidth="889" OptionNum="0" OptionTextLength="0" ParaNum="0" SourceIndex="1585" TableNum="0" TextLen="255" order="37">
<LayoutNode BgColor="#ffffff" ContainImg="0" ContainP="0" ContainTable="false" Content="Các nhà đất trong cùng khu vực BDS xung quanh Diện tích Giá Khoảng cách Để xem các nhà đất khác xung quanh vị trí nhà đất hiện tại bạn vui lòng chọn phạm vi bán kính muốn xem " DOMCldNum="7" DoC="8" FontSize="13" FontWeight="normal" FormNum="0" FormSize="0" FrameSourceIndex="0" ID="1-7-1-1" InteractionNum="0" InteractionSize="0" IsImg="false" LinkNum="0" LinkTextLen="0" ObjectHeight="105" ObjectRectHeight="105" ObjectRectLeft="0" ObjectRectTop="2688" ObjectRectWidth="889" ObjectWidth="668" ObjectX="221" ObjectY="2688" OptionNum="0" OptionTextLength="0" ParaNum="0" SRC="&lt;div xmlns=&quot;http://www.w3.org/1999/xhtml&quot; class=&quot;list_tienich&quot;&gt;                                &lt;div class=&quot;tit_list_tienich&quot; id=&quot;total_property&quot;&gt;Các nhà đất trong cùng khu vực&lt;/div&gt;                                &lt;div class=&quot;nhaxungquanh&quot;&gt;                                    &lt;span&gt;BDS xung quanh&lt;/span&gt;                                    &lt;label&gt;Diện tích&lt;/label&gt;                                    &lt;strong&gt;Giá&lt;/strong&gt;                                    &lt;span&gt;Khoảng cách&lt;/span&gt;                                &lt;/div&gt;                                &lt;div class=&quot;detail_list_nhaxungquanh tienich_scroll_no&quot; id=&quot;local_info&quot;&gt;                                                                            Để xem các nhà đất khác xung quanh vị trí nhà đất hiện tại bạn vui lòng chọn phạm vi bán kính muốn xem                                                                   &lt;/div&gt;                            &lt;/div&gt;" SourceIndex="1622" TableNum="0" TextLen="169" order="38" xPath="/html[1]/body[1]/div[1]/div[4]/div[1]/div[1]/div[9]/div[3]/div[2]/div[2]"/>
<LayoutNode BgColor="#ffffff" ContainImg="0" ContainP="0" ContainTable="false" DOMCldNum="13" DoC="8" FontSize="13" FontWeight="normal" FormNum="0" FormSize="0" FrameSourceIndex="0" ID="1-7-1-2" InteractionNum="0" InteractionSize="0" IsImg="false" LinkNum="0" LinkTextLen="0" ObjectRectHeight="34" ObjectRectLeft="0" ObjectRectTop="2803" ObjectRectWidth="889" OptionNum="0" OptionTextLength="0" ParaNum="0" SourceIndex="1649" TableNum="0" TextLen="37" order="39">
<LayoutNode BgColor="#ffffff" ContainImg="0" ContainP="0" ContainTable="false" Content="Chọn bán kính để xem: " DOMCldNum="13" DoC="8" FontSize="13" FontWeight="normal" FormNum="0" FormSize="0" FrameSourceIndex="0" ID="1-7-1-2-1" InteractionNum="0" InteractionSize="0" IsImg="false" LinkNum="0" LinkTextLen="0" ObjectHeight="34" ObjectRectHeight="34" ObjectRectLeft="0" ObjectRectTop="2803" ObjectRectWidth="405" ObjectWidth="144" ObjectX="261" ObjectY="2803" OptionNum="0" OptionTextLength="0" ParaNum="0" SRC="&lt;li xmlns=&quot;http://www.w3.org/1999/xhtml&quot;&gt;&lt;span&gt;Chọn bán kính để xem:&lt;/span&gt;&lt;/li&gt;" SourceIndex="1651" TableNum="0" TextLen="21" order="40" xPath="/html[1]/body[1]/div[1]/div[4]/div[1]/div[1]/div[9]/div[3]/div[3]/ul[1]/li[1]"/>
<LayoutNode BgColor="#ffffff" ContainImg="0" ContainP="0" ContainTable="false" Content="500m " DOMCldNum="13" DoC="8" FontSize="13" FontWeight="normal" FormNum="0" FormSize="0" FrameSourceIndex="0" ID="1-7-1-2-2" InteractionNum="0" InteractionSize="0" IsImg="false" LinkNum="0" LinkTextLen="0" ObjectHeight="34" ObjectRectHeight="34" ObjectRectLeft="425" ObjectRectTop="2803" ObjectRectWidth="38" ObjectWidth="38" ObjectX="425" ObjectY="2803" OptionNum="0" OptionTextLength="0" ParaNum="0" SRC="&lt;li xmlns=&quot;http://www.w3.org/1999/xhtml&quot;&gt;&lt;input id=&quot;Checkbox6&quot; name=&quot;radSchool&quot; type=&quot;radio&quot; value=&quot;500&quot;/&gt;&lt;span&gt;500m&lt;/span&gt;&lt;/li&gt;" SourceIndex="1655" TableNum="0" TextLen="4" order="41" xPath="/html[1]/body[1]/div[1]/div[4]/div[1]/div[1]/div[9]/div[3]/div[3]/ul[1]/li[2]"/>
<LayoutNode BgColor="#ffffff" ContainImg="0" ContainP="0" ContainTable="false" Content="1km " DOMCldNum="13" DoC="8" FontSize="13" FontWeight="normal" FormNum="0" FormSize="0" FrameSourceIndex="0" ID="1-7-1-2-3" InteractionNum="0" InteractionSize="0" IsImg="false" LinkNum="0" LinkTextLen="0" ObjectHeight="34" ObjectRectHeight="34" ObjectRectLeft="483" ObjectRectTop="2803" ObjectRectWidth="31" ObjectWidth="31" ObjectX="483" ObjectY="2803" OptionNum="0" OptionTextLength="0" ParaNum="0" SRC="&lt;li xmlns=&quot;http://www.w3.org/1999/xhtml&quot;&gt;&lt;input id=&quot;Checkbox7&quot; name=&quot;radSchool&quot; type=&quot;radio&quot; value=&quot;1000&quot;/&gt;&lt;span&gt;1km&lt;/span&gt;&lt;/li&gt;" SourceIndex="1660" TableNum="0" TextLen="3" order="42" xPath="/html[1]/body[1]/div[1]/div[4]/div[1]/div[1]/div[9]/div[3]/div[3]/ul[1]/li[3]"/>
<LayoutNode BgColor="#ffffff" ContainImg="0" ContainP="0" ContainTable="false" Content="2km " DOMCldNum="13" DoC="8" FontSize="13" FontWeight="normal" FormNum="0" FormSize="0" FrameSourceIndex="0" ID="1-7-1-2-4" InteractionNum="0" InteractionSize="0" IsImg="false" LinkNum="0" LinkTextLen="0" ObjectHeight="34" ObjectRectHeight="34" ObjectRectLeft="534" ObjectRectTop="2803" ObjectRectWidth="31" ObjectWidth="31" ObjectX="534" ObjectY="2803" OptionNum="0" OptionTextLength="0" ParaNum="0" SRC="&lt;li xmlns=&quot;http://www.w3.org/1999/xhtml&quot;&gt;&lt;input id=&quot;Checkbox8&quot; name=&quot;radSchool&quot; type=&quot;radio&quot; value=&quot;2000&quot;/&gt;&lt;span&gt;2km&lt;/span&gt;&lt;/li&gt;" SourceIndex="1665" TableNum="0" TextLen="3" order="43" xPath="/html[1]/body[1]/div[1]/div[4]/div[1]/div[1]/div[9]/div[3]/div[3]/ul[1]/li[4]"/>
<LayoutNode BgColor="#ffffff" ContainImg="0" ContainP="0" ContainTable="false" Content="3km " DOMCldNum="13" DoC="8" FontSize="13" FontWeight="normal" FormNum="0" FormSize="0" FrameSourceIndex="0" ID="1-7-1-2-5" InteractionNum="0" InteractionSize="0" IsImg="false" LinkNum="0" LinkTextLen="0" ObjectHeight="34" ObjectRectHeight="34" ObjectRectLeft="585" ObjectRectTop="2803" ObjectRectWidth="31" ObjectWidth="31" ObjectX="585" ObjectY="2803" OptionNum="0" OptionTextLength="0" ParaNum="0" SRC="&lt;li xmlns=&quot;http://www.w3.org/1999/xhtml&quot;&gt;&lt;input id=&quot;Checkbox9&quot; name=&quot;radSchool&quot; type=&quot;radio&quot; value=&quot;3000&quot;/&gt;&lt;span&gt;3km&lt;/span&gt;&lt;/li&gt;" SourceIndex="1670" TableNum="0" TextLen="3" order="44" xPath="/html[1]/body[1]/div[1]/div[4]/div[1]/div[1]/div[9]/div[3]/div[3]/ul[1]/li[5]"/>
<LayoutNode BgColor="#ffffff" ContainImg="0" ContainP="0" ContainTable="false" Content="5km " DOMCldNum="13" DoC="8" FontSize="13" FontWeight="normal" FormNum="0" FormSize="0" FrameSourceIndex="0" ID="1-7-1-2-6" InteractionNum="0" InteractionSize="0" IsImg="false" LinkNum="0" LinkTextLen="0" ObjectHeight="34" ObjectRectHeight="34" ObjectRectLeft="636" ObjectRectTop="2803" ObjectRectWidth="253" ObjectWidth="31" ObjectX="636" ObjectY="2803" OptionNum="0" OptionTextLength="0" ParaNum="0" SRC="&lt;li xmlns=&quot;http://www.w3.org/1999/xhtml&quot;&gt;&lt;input id=&quot;Checkbox9&quot; name=&quot;radSchool&quot; type=&quot;radio&quot; value=&quot;5000&quot;/&gt;&lt;span&gt;5km&lt;/span&gt;&lt;/li&gt;" SourceIndex="1675" TableNum="0" TextLen="3" order="45" xPath="/html[1]/body[1]/div[1]/div[4]/div[1]/div[1]/div[9]/div[3]/div[3]/ul[1]/li[6]"/>
</LayoutNode>
<LayoutNode BgColor="#ffffff" ContainImg="0" ContainP="0" ContainTable="false" DOMCldNum="11" DoC="8" FontSize="13" FontWeight="normal" FormNum="0" FormSize="0" FrameSourceIndex="0" ID="1-7-1-3" InteractionNum="0" InteractionSize="0" IsImg="false" LinkNum="0" LinkTextLen="0" ObjectRectHeight="223" ObjectRectLeft="0" ObjectRectTop="2847" ObjectRectWidth="889" OptionNum="0" OptionTextLength="0" ParaNum="0" SourceIndex="1681" TableNum="0" TextLen="49" order="46">
<LayoutNode BgColor="#ffffff" ContainImg="0" ContainP="0" ContainTable="false" Content="Trường học " DOMCldNum="11" DoC="8" FontSize="13" FontWeight="normal" FormNum="0" FormSize="0" FrameSourceIndex="0" ID="1-7-1-3-1" InteractionNum="0" InteractionSize="0" IsImg="false" LinkNum="0" LinkTextLen="0" ObjectHeight="34" ObjectRectHeight="223" ObjectRectLeft="0" ObjectRectTop="2847" ObjectRectWidth="370" ObjectWidth="109" ObjectX="261" ObjectY="2847" OptionNum="0" OptionTextLength="0" ParaNum="0" SRC="&lt;li xmlns=&quot;http://www.w3.org/1999/xhtml&quot;&gt;&lt;input checked=&quot;&quot; id=&quot;school_local&quot; name=&quot;local_group[]&quot; type=&quot;checkbox&quot;/&gt;&lt;span class=&quot;place_01&quot;&gt;Trường học&lt;/span&gt;&lt;/li&gt;" SourceIndex="1683" TableNum="0" TextLen="10" order="47" xPath="/html[1]/body[1]/div[1]/div[4]/div[1]/div[1]/div[9]/div[3]/div[3]/ul[2]/li[1]"/>
<LayoutNode BgColor="#ffffff" ContainImg="0" ContainP="0" ContainTable="false" Content="Bệnh viện " DOMCldNum="11" DoC="8" FontSize="13" FontWeight="normal" FormNum="0" FormSize="0" FrameSourceIndex="0" ID="1-7-1-3-2" InteractionNum="0" InteractionSize="0" IsImg="false" LinkNum="0" LinkTextLen="0" ObjectHeight="34" ObjectRectHeight="223" ObjectRectLeft="390" ObjectRectTop="2847" ObjectRectWidth="97" ObjectWidth="97" ObjectX="390" ObjectY="2847" OptionNum="0" OptionTextLength="0" ParaNum="0" SRC="&lt;li xmlns=&quot;http://www.w3.org/1999/xhtml&quot;&gt;&lt;input checked=&quot;&quot; id=&quot;hospital_local&quot; name=&quot;local_group[]&quot; type=&quot;checkbox&quot;/&gt;&lt;span class=&quot;place_02&quot;&gt;Bệnh viện&lt;/span&gt;&lt;/li&gt;" SourceIndex="1688" TableNum="0" TextLen="9" order="48" xPath="/html[1]/body[1]/div[1]/div[4]/div[1]/div[1]/div[9]/div[3]/div[3]/ul[2]/li[2]"/>
<LayoutNode BgColor="#ffffff" ContainImg="0" ContainP="0" ContainTable="false" Content="Cơ quan hành chính " DOMCldNum="11" DoC="8" FontSize="13" FontWeight="normal" FormNum="0" FormSize="0" FrameSourceIndex="0" ID="1-7-1-3-3" InteractionNum="0" InteractionSize="0" IsImg="false" LinkNum="0" LinkTextLen="0" ObjectHeight="34" ObjectRectHeight="223" ObjectRectLeft="507" ObjectRectTop="2847" ObjectRectWidth="162" ObjectWidth="162" ObjectX="507" ObjectY="2847" OptionNum="0" OptionTextLength="0" ParaNum="0" SRC="&lt;li xmlns=&quot;http://www.w3.org/1999/xhtml&quot;&gt;&lt;input checked=&quot;&quot; id=&quot;market_local&quot; name=&quot;local_group[]&quot; type=&quot;checkbox&quot;/&gt;&lt;span class=&quot;place_03&quot;&gt;Cơ quan hành chính&lt;/span&gt;&lt;/li&gt;" SourceIndex="1695" TableNum="0" TextLen="18" order="49" xPath="/html[1]/body[1]/div[1]/div[4]/div[1]/div[1]/div[9]/div[3]/div[3]/ul[2]/li[3]"/>
<LayoutNode BgColor="#ffffff" ContainImg="0" ContainP="0" ContainTable="false" Content="Chùa-Nhà thờ " DOMCldNum="11" DoC="8" FontSize="13" FontWeight="normal" FormNum="0" FormSize="0" FrameSourceIndex="0" ID="1-7-1-3-4" InteractionNum="0" InteractionSize="0" IsImg="false" LinkNum="0" LinkTextLen="0" ObjectHeight="34" ObjectRectHeight="223" ObjectRectLeft="689" ObjectRectTop="2847" ObjectRectWidth="200" ObjectWidth="120" ObjectX="689" ObjectY="2847" OptionNum="0" OptionTextLength="0" ParaNum="0" SRC="&lt;li xmlns=&quot;http://www.w3.org/1999/xhtml&quot;&gt;&lt;input checked=&quot;&quot; id=&quot;pagoda_local&quot; name=&quot;local_group[]&quot; type=&quot;checkbox&quot;/&gt;&lt;span class=&quot;place_09&quot;&gt;Chùa-Nhà thờ&lt;/span&gt;&lt;/li&gt;" SourceIndex="1700" TableNum="0" TextLen="12" order="50" xPath="/html[1]/body[1]/div[1]/div[4]/div[1]/div[1]/div[9]/div[3]/div[3]/ul[2]/li[4]"/>
</LayoutNode>
</LayoutNode>
<LayoutNode BgColor="#ffffff" ContainImg="1" ContainP="0" ContainTable="false" DOMCldNum="37" DoC="5" FontSize="13" FontWeight="normal" FormNum="0" FormSize="0" FrameSourceIndex="0" ID="1-7-2" InteractionNum="0" InteractionSize="0" IsImg="false" LinkNum="22" LinkTextLen="163" ObjectRectHeight="382" ObjectRectLeft="911" ObjectRectTop="2688" ObjectRectWidth="509" OptionNum="0" OptionTextLength="0" ParaNum="0" SourceIndex="2648" TableNum="0" TextLen="255" order="51">
<LayoutNode BgColor="#ffffff" ContainImg="1" ContainP="0" ContainTable="false" Content=" " DOMCldNum="37" DoC="8" FontSize="13" FontWeight="normal" FormNum="0" FormSize="0" FrameSourceIndex="0" ID="1-7-2-1" InteractionNum="0" InteractionSize="0" IsImg="false" LinkNum="2" LinkTextLen="0" ObjectHeight="1" ObjectRectHeight="33" ObjectRectLeft="911" ObjectRectTop="2688" ObjectRectWidth="509" ObjectWidth="298" ObjectX="911" ObjectY="2720" OptionNum="0" OptionTextLength="0" ParaNum="0" SRC="&lt;div xmlns=&quot;http://www.w3.org/1999/xhtml&quot; class=&quot;banner_R&quot;&gt;&lt;a href=&quot;http://bandathcm.com&quot; target=&quot;_blank&quot; title=&quot;Chuyên trang bán đất tại tp Hồ Chí Mih&quot;&gt;&lt;img alt=&quot;Bán đất Hồ Chí Minh&quot; src=&quot;http://123nhadat.vn/uploads/banners/bandathcm.png&quot;/&gt;&lt;/a&gt;&lt;/div&gt;" SourceIndex="3327" TableNum="0" TextLen="0" order="52" xPath="/html[1]/body[1]/div[1]/div[4]/div[1]/div[2]/div[7]"/>
<LayoutNode BgColor="#5eab1f" ContainImg="0" ContainP="0" ContainTable="false" DOMCldNum="5" DoC="5" FontSize="11" FontWeight="700" FormNum="0" FormSize="0" FrameSourceIndex="0" ID="1-7-2-2" InteractionNum="0" InteractionSize="0" IsImg="false" LinkNum="20" LinkTextLen="163" ObjectRectHeight="338" ObjectRectLeft="911" ObjectRectTop="2732" ObjectRectWidth="509" OptionNum="0" OptionTextLength="0" ParaNum="0" SourceIndex="3331" TableNum="0" TextLen="255" order="53">
<LayoutNode BgColor="#5eab1f" ContainImg="0" ContainP="0" ContainTable="false" Content="BÁN ĐẤT THEO PHƯỜNG/XÃ TẠI QUẬN 2 " DOMCldNum="5" DoC="5" FontSize="11" FontWeight="700" FormNum="0" FormSize="0" FrameSourceIndex="0" ID="1-7-2-2-1" InteractionNum="0" InteractionSize="0" IsImg="false" LinkNum="0" LinkTextLen="0" ObjectHeight="20" ObjectRectHeight="23" ObjectRectLeft="911" ObjectRectTop="2732" ObjectRectWidth="509" ObjectWidth="290" ObjectX="915" ObjectY="2735" OptionNum="0" OptionTextLength="0" ParaNum="0" SRC="&lt;div xmlns=&quot;http://www.w3.org/1999/xhtml&quot; class=&quot;tit_C&quot;&gt;                        &lt;span class=&quot;icon_star_xanh&quot;/&gt;                        Bán đất theo phường/xã tại Quận 2                    &lt;/div&gt;" SourceIndex="3333" TableNum="0" TextLen="33" order="54" xPath="/html[1]/body[1]/div[1]/div[4]/div[1]/div[2]/div[8]/div[1]"/>
<LayoutNode BgColor="#ffffff" ContainImg="0" ContainP="0" ContainTable="false" Content="Phường Bình Trưng Tây (1209)Phường Thảo Điền (1204)Phường Thạnh Mỹ Lợi (884)Phường An Phú (828)Phường Bình An (741)Phường Cát Lái (371)Phường An Khánh (113)Phường Bình Khánh (64)Phường Thủ Thiêm (22)Phường An Lợi Đông (16) " DOMCldNum="3" DoC="8" FontSize="13" FontWeight="normal" FormNum="0" FormSize="0" FrameSourceIndex="0" ID="1-7-2-2-2" InteractionNum="0" InteractionSize="0" IsImg="false" LinkNum="20" LinkTextLen="163" ObjectHeight="276" ObjectRectHeight="291" ObjectRectLeft="911" ObjectRectTop="2779" ObjectRectWidth="509" ObjectWidth="238" ObjectX="961" ObjectY="2779" OptionNum="0" OptionTextLength="0" ParaNum="0" SRC="&lt;ul xmlns=&quot;http://www.w3.org/1999/xhtml&quot; class=&quot;nhadatVN&quot;&gt;                                   &lt;li&gt;&lt;a href=&quot;http://123nhadat.vn/raovat-c11/ban-dat-tai-phuong-binh-trung-tay-1848&quot; title=&quot;Bán đất tại Phường Bình Trưng Tây,Quận 2&quot;&gt;Phường Bình Trưng Tây&lt;/a&gt; (&lt;span style=&quot;color:green&quot;&gt;1209&lt;/span&gt;)&lt;/li&gt;                                   &lt;li&gt;&lt;a href=&quot;http://123nhadat.vn/raovat-c11/ban-dat-tai-phuong-thao-dien-8950&quot; title=&quot;Bán đất tại Phường Thảo Điền,Quận 2&quot;&gt;Phường Thảo Điền&lt;/a&gt; (&lt;span style=&quot;color:green&quot;&gt;1204&lt;/span&gt;)&lt;/li&gt;                                   &lt;li&gt;&lt;a href=&quot;http://123nhadat.vn/raovat-c11/ban-dat-tai-phuong-thanh-my-loi-8791&quot; title=&quot;Bán đất tại Phường Thạnh Mỹ Lợi,Quận 2&quot;&gt;Phường Thạnh Mỹ Lợi&lt;/a&gt; (&lt;span style=&quot;color:green&quot;&gt;884&lt;/span&gt;)&lt;/li&gt;                                   &lt;li&gt;&lt;a href=&quot;http://123nhadat.vn/raovat-c11/ban-dat-tai-phuong-an-phu-1246&quot; title=&quot;Bán đất tại Phường An Phú,Quận 2&quot;&gt;Phường An Phú&lt;/a&gt; (&lt;span style=&quot;color:green&quot;&gt;828&lt;/span&gt;)&lt;/li&gt;                                   &lt;li&gt;&lt;a href=&quot;http://123nhadat.vn/raovat-c11/ban-dat-tai-phuong-binh-an-1628&quot; title=&quot;Bán đất tại Phường Bình An,Quận 2&quot;&gt;Phường Bình An&lt;/a&gt; (&lt;span style=&quot;color:green&quot;&gt;741&lt;/span&gt;)&lt;/li&gt;                                   &lt;li&gt;&lt;a href=&quot;http://123nhadat.vn/raovat-c11/ban-dat-tai-phuong-cat-lai-2162&quot; title=&quot;Bán đất tại Phường Cát Lái,Quận 2&quot;&gt;Phường Cát Lái&lt;/a&gt; (&lt;span style=&quot;color:green&quot;&gt;371&lt;/span&gt;)&lt;/li&gt;                                   &lt;li&gt;&lt;a href=&quot;http://123nhadat.vn/raovat-c11/ban-dat-tai-phuong-an-khanh-1170&quot; title=&quot;Bán đất tại Phường An Khánh,Quận 2&quot;&gt;Phường An Khánh&lt;/a&gt; (&lt;span style=&quot;color:green&quot;&gt;113&lt;/span&gt;)&lt;/li&gt;                                   &lt;li&gt;&lt;a href=&quot;http://123nhadat.vn/raovat-c11/ban-dat-tai-phuong-binh-khanh-1693&quot; title=&quot;Bán đất tại Phường Bình Khánh,Quận 2&quot;&gt;Phường Bình Khánh&lt;/a&gt; (&lt;span style=&quot;color:green&quot;&gt;64&lt;/span&gt;)&lt;/li&gt;                                   &lt;li&gt;&lt;a href=&quot;http://123nhadat.vn/raovat-c11/ban-dat-tai-phuong-thu-thiem-9184&quot; title=&quot;Bán đất tại Phường Thủ Thiêm,Quận 2&quot;&gt;Phường Thủ Thiêm&lt;/a&gt; (&lt;span style=&quot;color:green&quot;&gt;22&lt;/span&gt;)&lt;/li&gt;                                   &lt;li&gt;&lt;a href=&quot;http://123nhadat.vn/raovat-c11/ban-dat-tai-phuong-an-loi-dong-1202&quot; title=&quot;Bán đất tại Phường An Lợi Đông,Quận 2&quot;&gt;Phường An Lợi Đông&lt;/a&gt; (&lt;span style=&quot;color:green&quot;&gt;16&lt;/span&gt;)&lt;/li&gt;                               &lt;/ul&gt;" SourceIndex="3340" TableNum="0" TextLen="222" order="55" xPath="/html[1]/body[1]/div[1]/div[4]/div[1]/div[2]/div[8]/div[2]/ul[1]"/>
</LayoutNode>
</LayoutNode>
</LayoutNode>
<LayoutNode BgColor="#ffffff" ContainImg="0" ContainP="0" ContainTable="false" Content="Các địa điểmĐịa điểmKhoảng cách Vui lòng chọn bán kính và loại địa điểm muốn xem ở trên " DOMCldNum="9" DoC="8" FontSize="13" FontWeight="normal" FormNum="0" FormSize="0" FrameSourceIndex="0" ID="1-8" InteractionNum="0" InteractionSize="0" IsImg="false" LinkNum="0" LinkTextLen="0" ObjectHeight="105" ObjectRectHeight="105" ObjectRectLeft="0" ObjectRectTop="3300" ObjectRectWidth="1420" ObjectWidth="668" ObjectX="221" ObjectY="3300" OptionNum="0" OptionTextLength="0" ParaNum="0" SRC="&lt;div xmlns=&quot;http://www.w3.org/1999/xhtml&quot; class=&quot;list_tienich&quot;&gt;                                &lt;div class=&quot;tit_list_tienich&quot; id=&quot;total_pos&quot;&gt;Các địa điểm&lt;/div&gt;                                &lt;div class=&quot;diadiem_khoangcach&quot;&gt;&lt;label&gt;Địa điểm&lt;/label&gt;&lt;span&gt;Khoảng cách&lt;/span&gt;&lt;/div&gt;                                &lt;div class=&quot;detail_list_tienich tienich_scroll_no&quot; id=&quot;local_group&quot;&gt;                                    Vui lòng chọn bán kính và loại địa điểm muốn xem ở trên                                &lt;/div&gt;                            &lt;/div&gt;" SourceIndex="1709" TableNum="0" TextLen="86" order="56" xPath="/html[1]/body[1]/div[1]/div[4]/div[1]/div[1]/div[9]/div[3]/div[3]/div[2]"/>
<LayoutNode BgColor="#5eab1f" ContainImg="0" ContainP="0" ContainTable="false" Content="BÁN ĐẤT TẠI ĐƯỜNG NGUYỄN THỊ ĐỊNH " DOMCldNum="85" DoC="5" FontSize="11" FontWeight="700" FormNum="0" FormSize="0" FrameSourceIndex="0" ID="1-9" InteractionNum="0" InteractionSize="0" IsImg="false" LinkNum="0" LinkTextLen="0" ObjectHeight="20" ObjectRectHeight="20" ObjectRectLeft="0" ObjectRectTop="3439" ObjectRectWidth="1420" ObjectWidth="560" ObjectX="215" ObjectY="3439" OptionNum="0" OptionTextLength="0" ParaNum="0" SRC="&lt;div xmlns=&quot;http://www.w3.org/1999/xhtml&quot; class=&quot;tit_C&quot;&gt;                        &lt;span class=&quot;icon_star_xanh&quot;/&gt;                        Bán đất tại Đường Nguyễn Thị Định                    &lt;/div&gt;" SourceIndex="1748" TableNum="0" TextLen="33" order="57" xPath="/html[1]/body[1]/div[1]/div[4]/div[1]/div[1]/div[12]"/>
<LayoutNode BgColor="#ffffff" ContainImg="1" ContainP="0" ContainTable="false" DOMCldNum="7" DoC="5" FontSize="13" FontWeight="normal" FormNum="0" FormSize="0" FrameSourceIndex="0" ID="1-10" InteractionNum="0" InteractionSize="0" IsImg="false" LinkNum="6" LinkTextLen="73" ObjectRectHeight="184" ObjectRectLeft="0" ObjectRectTop="3515" ObjectRectWidth="1420" OptionNum="0" OptionTextLength="0" ParaNum="0" SourceIndex="1763" TableNum="0" TextLen="382" order="58">
<LayoutNode BgColor="#ffffff" ContainImg="0" ContainP="0" ContainTable="false" Content="Chỉ 25 triệu/m2: GĐ F1. &quot; Duy nhất 70 nền &quot;.Ngay Phường Thạnh Mỹ Lợi Q2 . " DOMCldNum="7" DoC="5" FontSize="13" FontWeight="normal" FormNum="0" FormSize="0" FrameSourceIndex="0" ID="1-10-1" InteractionNum="0" InteractionSize="0" IsImg="false" LinkNum="2" LinkTextLen="73" ObjectHeight="21" ObjectRectHeight="35" ObjectRectLeft="0" ObjectRectTop="3515" ObjectRectWidth="1420" ObjectWidth="668" ObjectX="221" ObjectY="3529" OptionNum="0" OptionTextLength="0" ParaNum="0" SRC="&lt;div xmlns=&quot;http://www.w3.org/1999/xhtml&quot; class=&quot;tit_nhadatban&quot;&gt;                            &lt;h4&gt;&lt;a 70=&quot;&quot; duy=&quot;&quot; href=&quot;http://123nhadat.vn/raovat-t4296661/ban-dat-tai-duong-dong-van-cong/chi-25-trieum2-gd-f1-duy-nhat-70-nen-ngay-phuong-thanh-my-loi-q2.html&quot; nhất=&quot;&quot; nền=&quot;&quot; title=&quot; Chỉ 25 triệu/m2: GĐ F1.  &quot;&gt; Chỉ 25 triệu/m2: GĐ F1.  &quot; Duy nhất 70 nền &quot;.Ngay Phường Thạnh Mỹ Lợi Q2 .&lt;/a&gt;&lt;/h4&gt;                        &lt;/div&gt;" SourceIndex="1767" TableNum="0" TextLen="73" order="59" xPath="/html[1]/body[1]/div[1]/div[4]/div[1]/div[1]/div[13]/div[2]/div[1]"/>
<LayoutNode BgColor="#ffffff" ContainImg="1" ContainP="0" ContainTable="false" Content="Cập nhật 35 phút trước Diện tích: 80 m2 Khu vực: Quận 2, Hồ Chí Minh Thỏa thuận Một Thành phố thứ 2 đang hình thành bên khu vực phía đông.- Vị trí: nằm cách UBND Q2 chỉ 800m.- Kết nối về trung tâm Quận 1 chỉ 10 phút._ Kết nối khu vực Quận 9 chỉ 15 phút._ Nằm liền kề tuyến metro số 1 bến thành - suối tiên._ Hạ... " DOMCldNum="7" DoC="8" FontSize="13" FontWeight="normal" FormNum="0" FormSize="0" FrameSourceIndex="0" ID="1-10-2" InteractionNum="0" InteractionSize="0" IsImg="false" LinkNum="4" LinkTextLen="0" ObjectHeight="135" ObjectRectHeight="135" ObjectRectLeft="0" ObjectRectTop="3564" ObjectRectWidth="1420" ObjectWidth="668" ObjectX="221" ObjectY="3564" OptionNum="0" OptionTextLength="0" ParaNum="0" SRC="&lt;div xmlns=&quot;http://www.w3.org/1999/xhtml&quot; class=&quot;detail_nhadatban&quot;&gt;                            &lt;div class=&quot;img_nhadatban&quot;&gt;                                &lt;a href=&quot;http://123nhadat.vn/raovat-t4296661/ban-dat-tai-duong-dong-van-cong/chi-25-trieum2-gd-f1-duy-nhat-70-nen-ngay-phuong-thanh-my-loi-q2.html&quot;&gt;&lt;img 70=&quot;&quot; alt=&quot; Chỉ 25 triệu/m2: GĐ F1.  &quot; duy=&quot;&quot; nhất=&quot;&quot; nền=&quot;&quot;/&gt;&lt;/a&gt;                                &lt;span class=&quot;masotin&quot;&gt;MST: 4296661&lt;/span&gt;                                &lt;/div&gt;       &lt;div class=&quot;text_nhadatban&quot;&gt;                                &lt;div class=&quot;info_nhadatban&quot;&gt;                                    &lt;ul&gt;                                    &lt;li&gt;&lt;span class=&quot;datetime&quot;&gt;Cập nhật &lt;span class=&quot;timecolor&quot;&gt;35 phút trước&lt;/span&gt;&lt;/span&gt;&lt;/li&gt;                                    &lt;li&gt;Diện tích: &lt;span class=&quot;saleboldtext&quot;&gt;80 m2&lt;/span&gt;&lt;/li&gt;                                    &lt;li&gt;Khu vực: &lt;span class=&quot;saleboldtext&quot;&gt;Quận 2, Hồ Chí Minh&lt;/span&gt;&lt;/li&gt;                                &lt;/ul&gt;                                &lt;/div&gt;                                &lt;div class=&quot;contact_nhadatban&quot;&gt;                                    &lt;ul&gt;          &lt;li&gt;           &lt;span id=&quot;luu_4296661&quot;&gt;&lt;a class=&quot;bt_save&quot; href=&quot;javascript:void(0)&quot; onclick=&quot;UpdateListingListRV(0,4296661)&quot; title=&quot;Lưu tin này vào trong danh sách các nhà đất bạn quan tâm,để bạn có thể tiện theo dõi&quot;/&gt;&lt;/span&gt;          &lt;/li&gt;          &lt;li class=&quot;gia&quot;&gt;&lt;strong class=&quot;camcam&quot;&gt;Thỏa thuận&lt;/strong&gt;&lt;/li&gt;         &lt;/ul&gt;                                &lt;/div&gt;                            &lt;/div&gt;                            &lt;div class=&quot;description_nhadatban&quot;&gt;                                Một Thành phố thứ 2 đang hình thành bên khu vực phía đông.- Vị trí: nằm cách UBND Q2 chỉ 800m.- Kết nối về trung tâm Quận 1 chỉ 10 phút._ Kết nối khu vực Quận 9 chỉ 15 phút._ Nằm liền kề tuyến metro số 1 bến thành - suối tiên._ Hạ...                            &lt;/div&gt;                        &lt;/div&gt;" SourceIndex="1774" TableNum="0" TextLen="309" order="60" xPath="/html[1]/body[1]/div[1]/div[4]/div[1]/div[1]/div[13]/div[2]/div[2]"/>
</LayoutNode>
<LayoutNode BgColor="#ffffff" ContainImg="1" ContainP="0" ContainTable="false" DOMCldNum="5" DoC="5" FontSize="13" FontWeight="normal" FormNum="0" FormSize="0" FrameSourceIndex="0" ID="1-11" InteractionNum="0" InteractionSize="0" IsImg="false" LinkNum="6" LinkTextLen="55" ObjectRectHeight="184" ObjectRectLeft="0" ObjectRectTop="3731" ObjectRectWidth="1420" OptionNum="0" OptionTextLength="0" ParaNum="0" SourceIndex="1831" TableNum="0" TextLen="369" order="61">
<LayoutNode BgColor="#ffffff" ContainImg="0" ContainP="0" ContainTable="false" Content="DUY NHẤT - 50 NỀN giai đoạn F1. Cách UBND Quận 2, 800m. " DOMCldNum="5" DoC="5" FontSize="13" FontWeight="normal" FormNum="0" FormSize="0" FrameSourceIndex="0" ID="1-11-1" InteractionNum="0" InteractionSize="0" IsImg="false" LinkNum="2" LinkTextLen="55" ObjectHeight="21" ObjectRectHeight="35" ObjectRectLeft="0" ObjectRectTop="3731" ObjectRectWidth="1420" ObjectWidth="668" ObjectX="221" ObjectY="3745" OptionNum="0" OptionTextLength="0" ParaNum="0" SRC="&lt;div xmlns=&quot;http://www.w3.org/1999/xhtml&quot; class=&quot;tit_nhadatban&quot;&gt;                            &lt;h4&gt;&lt;a href=&quot;http://123nhadat.vn/raovat-t4296879/ban-dat-tai-duong-nguyen-thi-dinh/duy-nhat-50-nen-giai-doan-f1-cach-ubnd-quan-2-800m.html&quot; title=&quot;DUY NHẤT - 50 NỀN giai đoạn F1. Cách UBND Quận 2, 800m. &quot;&gt;DUY NHẤT - 50 NỀN giai đoạn F1. Cách UBND Quận 2, 800m. &lt;/a&gt;&lt;/h4&gt;                        &lt;/div&gt;" SourceIndex="1833" TableNum="0" TextLen="55" order="62" xPath="/html[1]/body[1]/div[1]/div[4]/div[1]/div[1]/div[13]/div[3]/div[1]"/>
<LayoutNode BgColor="#ffffff" ContainImg="1" ContainP="0" ContainTable="false" Content="Cập nhật 1 ngày, 1 giờ trước Diện tích: 100 m2 Khu vực: Quận 2, Hồ Chí Minh 25 Triệu/m2 CÔNG BỐ GIAI ĐOẠN F1 - Liền kề UBND Quận 2 - GÍA CHỈ: &quot;25 Triệu/m2&quot; - Cách UBND Quận 2, 800m. - Ngay tuyến đường Nguyễn Thị Định. - Đầy đủ tiện ích: + Trường THCS Nguyễn Thị Định + TTHC Quận 2. + Chợ Thạnh Mỹ Lợi. - Diện tích: 100... " DOMCldNum="5" DoC="8" FontSize="13" FontWeight="normal" FormNum="0" FormSize="0" FrameSourceIndex="0" ID="1-11-2" InteractionNum="0" InteractionSize="0" IsImg="false" LinkNum="4" LinkTextLen="0" ObjectHeight="135" ObjectRectHeight="135" ObjectRectLeft="0" ObjectRectTop="3780" ObjectRectWidth="1420" ObjectWidth="668" ObjectX="221" ObjectY="3780" OptionNum="0" OptionTextLength="0" ParaNum="0" SRC="&lt;div xmlns=&quot;http://www.w3.org/1999/xhtml&quot; class=&quot;detail_nhadatban&quot;&gt;                            &lt;div class=&quot;img_nhadatban&quot;&gt;                                &lt;a href=&quot;http://123nhadat.vn/raovat-t4296879/ban-dat-tai-duong-nguyen-thi-dinh/duy-nhat-50-nen-giai-doan-f1-cach-ubnd-quan-2-800m.html&quot;&gt;&lt;img alt=&quot;DUY NHẤT - 50 NỀN giai đoạn F1. Cách UBND Quận 2, 800m. &quot; src=&quot;http://123nhadat.vn/thumbs/155x112/raovat/nhadat_1591319768_i5wy.jpg&quot;/&gt;&lt;/a&gt;                                &lt;span class=&quot;masotin&quot;&gt;MST: 4296879&lt;/span&gt;                                &lt;/div&gt;       &lt;div class=&quot;text_nhadatban&quot;&gt;                                &lt;div class=&quot;info_nhadatban&quot;&gt;                                    &lt;ul&gt;                                    &lt;li&gt;&lt;span class=&quot;datetime&quot;&gt;Cập nhật &lt;span class=&quot;timecolor&quot;&gt;1 ngày, 1 giờ trước&lt;/span&gt;&lt;/span&gt;&lt;/li&gt;                                    &lt;li&gt;Diện tích: &lt;span class=&quot;saleboldtext&quot;&gt;100 m2&lt;/span&gt;&lt;/li&gt;                                    &lt;li&gt;Khu vực: &lt;span class=&quot;saleboldtext&quot;&gt;Quận 2, Hồ Chí Minh&lt;/span&gt;&lt;/li&gt;                                &lt;/ul&gt;                                &lt;/div&gt;                                &lt;div class=&quot;contact_nhadatban&quot;&gt;                                    &lt;ul&gt;          &lt;li&gt;           &lt;span id=&quot;luu_4296879&quot;&gt;&lt;a class=&quot;bt_save&quot; href=&quot;javascript:void(0)&quot; onclick=&quot;UpdateListingListRV(0,4296879)&quot; title=&quot;Lưu tin này vào trong danh sách các nhà đất bạn quan tâm,để bạn có thể tiện theo dõi&quot;/&gt;&lt;/span&gt;          &lt;/li&gt;          &lt;li class=&quot;gia&quot;&gt;&lt;strong class=&quot;camcam&quot;&gt;25 Triệu/m2&lt;/strong&gt;&lt;/li&gt;         &lt;/ul&gt;                                &lt;/div&gt;                            &lt;/div&gt;                            &lt;div class=&quot;description_nhadatban&quot;&gt;                                CÔNG BỐ GIAI ĐOẠN F1 - Liền kề UBND Quận 2 - GÍA CHỈ: &quot;25 Triệu/m2&quot; - Cách UBND Quận 2, 800m. - Ngay tuyến đường Nguyễn Thị Định. - Đầy đủ tiện ích: + Trường THCS Nguyễn Thị Định + TTHC Quận 2. + Chợ Thạnh Mỹ Lợi. - Diện tích: 100...                            &lt;/div&gt;                        &lt;/div&gt;" SourceIndex="1840" TableNum="0" TextLen="314" order="63" xPath="/html[1]/body[1]/div[1]/div[4]/div[1]/div[1]/div[13]/div[3]/div[2]"/>
</LayoutNode>
<LayoutNode BgColor="#ffffff" ContainImg="1" ContainP="0" ContainTable="false" DOMCldNum="5" DoC="5" FontSize="13" FontWeight="normal" FormNum="0" FormSize="0" FrameSourceIndex="0" ID="1-12" InteractionNum="0" InteractionSize="0" IsImg="false" LinkNum="6" LinkTextLen="74" ObjectRectHeight="184" ObjectRectLeft="0" ObjectRectTop="3947" ObjectRectWidth="1420" OptionNum="0" OptionTextLength="0" ParaNum="0" SourceIndex="1897" TableNum="0" TextLen="388" order="64">
<LayoutNode BgColor="#ffffff" ContainImg="0" ContainP="0" ContainTable="false" Content="CÔNG BỐ 39 NỀN GIAI ĐOẠN F1 - Liền kề UBND Quận 2 - GÍA CHỈ: &quot;25 Triệu/m2&quot; " DOMCldNum="5" DoC="5" FontSize="13" FontWeight="normal" FormNum="0" FormSize="0" FrameSourceIndex="0" ID="1-12-1" InteractionNum="0" InteractionSize="0" IsImg="false" LinkNum="2" LinkTextLen="74" ObjectHeight="21" ObjectRectHeight="35" ObjectRectLeft="0" ObjectRectTop="3947" ObjectRectWidth="1420" ObjectWidth="668" ObjectX="221" ObjectY="3961" OptionNum="0" OptionTextLength="0" ParaNum="0" SRC="&lt;div xmlns=&quot;http://www.w3.org/1999/xhtml&quot; class=&quot;tit_nhadatban&quot;&gt;                            &lt;h4&gt;&lt;a 25=&quot;&quot; href=&quot;http://123nhadat.vn/raovat-t4297208/ban-dat-tai-duong-nguyen-thi-dinh/cong-bo-39-nen-giai-doan-f1-lien-ke-ubnd-quan-2-gia-chi-25-trieum2.html&quot; title=&quot;CÔNG BỐ 39 NỀN GIAI ĐOẠN F1 - Liền kề UBND Quận 2 - GÍA CHỈ: &quot; triệu=&quot;&quot;&gt;CÔNG BỐ 39 NỀN GIAI ĐOẠN F1 - Liền kề UBND Quận 2 - GÍA CHỈ: &quot;25 Triệu/m2&quot;&lt;/a&gt;&lt;/h4&gt;                        &lt;/div&gt;" SourceIndex="1899" TableNum="0" TextLen="74" order="65" xPath="/html[1]/body[1]/div[1]/div[4]/div[1]/div[1]/div[13]/div[4]/div[1]"/>
<LayoutNode BgColor="#ffffff" ContainImg="1" ContainP="0" ContainTable="false" Content="Cập nhật 1 ngày, 1 giờ trước Diện tích: 100 m2 Khu vực: Quận 2, Hồ Chí Minh 25 Triệu/m2 ĐẤT ĐÔ THỊ MỚI QUẬN 2 - CÁT LÁI, MẶT TIỀN 20M, Giá 25-30TR/M2, GÓP 0% LÃI SUẤT: LH 0935.482.901 Khu vực: Bán đất nền dự án tại Phường Cát Lái - Quận 2 - Hồ Chí Minh Giá: 25 triệu/m2 Diện tích: 100m2Thông tin mô tả- Cách khu đô thị... " DOMCldNum="5" DoC="8" FontSize="13" FontWeight="normal" FormNum="0" FormSize="0" FrameSourceIndex="0" ID="1-12-2" InteractionNum="0" InteractionSize="0" IsImg="false" LinkNum="4" LinkTextLen="0" ObjectHeight="135" ObjectRectHeight="135" ObjectRectLeft="0" ObjectRectTop="3996" ObjectRectWidth="1420" ObjectWidth="668" ObjectX="221" ObjectY="3996" OptionNum="0" OptionTextLength="0" ParaNum="0" SRC="&lt;div xmlns=&quot;http://www.w3.org/1999/xhtml&quot; class=&quot;detail_nhadatban&quot;&gt;                            &lt;div class=&quot;img_nhadatban&quot;&gt;                                &lt;a href=&quot;http://123nhadat.vn/raovat-t4297208/ban-dat-tai-duong-nguyen-thi-dinh/cong-bo-39-nen-giai-doan-f1-lien-ke-ubnd-quan-2-gia-chi-25-trieum2.html&quot;&gt;&lt;img 25=&quot;&quot; alt=&quot;CÔNG BỐ 39 NỀN GIAI ĐOẠN F1 - Liền kề UBND Quận 2 - GÍA CHỈ: &quot; triệu=&quot;&quot;/&gt;&lt;/a&gt;                                &lt;span class=&quot;masotin&quot;&gt;MST: 4297208&lt;/span&gt;                                &lt;/div&gt;       &lt;div class=&quot;text_nhadatban&quot;&gt;                                &lt;div class=&quot;info_nhadatban&quot;&gt;                                    &lt;ul&gt;                                    &lt;li&gt;&lt;span class=&quot;datetime&quot;&gt;Cập nhật &lt;span class=&quot;timecolor&quot;&gt;1 ngày, 1 giờ trước&lt;/span&gt;&lt;/span&gt;&lt;/li&gt;                                    &lt;li&gt;Diện tích: &lt;span class=&quot;saleboldtext&quot;&gt;100 m2&lt;/span&gt;&lt;/li&gt;                                    &lt;li&gt;Khu vực: &lt;span class=&quot;saleboldtext&quot;&gt;Quận 2, Hồ Chí Minh&lt;/span&gt;&lt;/li&gt;                                &lt;/ul&gt;                                &lt;/div&gt;                                &lt;div class=&quot;contact_nhadatban&quot;&gt;                                    &lt;ul&gt;          &lt;li&gt;           &lt;span id=&quot;luu_4297208&quot;&gt;&lt;a class=&quot;bt_save&quot; href=&quot;javascript:void(0)&quot; onclick=&quot;UpdateListingListRV(0,4297208)&quot; title=&quot;Lưu tin này vào trong danh sách các nhà đất bạn quan tâm,để bạn có thể tiện theo dõi&quot;/&gt;&lt;/span&gt;          &lt;/li&gt;          &lt;li class=&quot;gia&quot;&gt;&lt;strong class=&quot;camcam&quot;&gt;25 Triệu/m2&lt;/strong&gt;&lt;/li&gt;         &lt;/ul&gt;                                &lt;/div&gt;                            &lt;/div&gt;                            &lt;div class=&quot;description_nhadatban&quot;&gt;                                ĐẤT ĐÔ THỊ MỚI QUẬN 2 - CÁT LÁI, MẶT TIỀN 20M, Giá 25-30TR/M2, GÓP 0% LÃI SUẤT: LH 0935.482.901 Khu vực: Bán đất nền dự án tại Phường Cát Lái - Quận 2 - Hồ Chí Minh Giá: 25 triệu/m2 Diện tích: 100m2Thông tin mô tả- Cách khu đô thị...                            &lt;/div&gt;                        &lt;/div&gt;" SourceIndex="1906" TableNum="0" TextLen="314" order="66" xPath="/html[1]/body[1]/div[1]/div[4]/div[1]/div[1]/div[13]/div[4]/div[2]"/>
</LayoutNode>
<LayoutNode BgColor="#ffffff" ContainImg="1" ContainP="0" ContainTable="false" DOMCldNum="5" DoC="5" FontSize="13" FontWeight="normal" FormNum="0" FormSize="0" FrameSourceIndex="0" ID="1-13" InteractionNum="0" InteractionSize="0" IsImg="false" LinkNum="6" LinkTextLen="86" ObjectRectHeight="184" ObjectRectLeft="0" ObjectRectTop="4163" ObjectRectWidth="1420" OptionNum="0" OptionTextLength="0" ParaNum="0" SourceIndex="1963" TableNum="0" TextLen="393" order="67">
<LayoutNode BgColor="#ffffff" ContainImg="0" ContainP="0" ContainTable="false" Content="ĐẤT ĐÔ THỊ MỚI QUẬN 2 , MẶT TIỀN 20M, Giá 25-30TR/M2, GÓP 0% LÃI SUẤT: LH 0935.482.901 " DOMCldNum="5" DoC="5" FontSize="13" FontWeight="normal" FormNum="0" FormSize="0" FrameSourceIndex="0" ID="1-13-1" InteractionNum="0" InteractionSize="0" IsImg="false" LinkNum="2" LinkTextLen="86" ObjectHeight="21" ObjectRectHeight="35" ObjectRectLeft="0" ObjectRectTop="4163" ObjectRectWidth="1420" ObjectWidth="668" ObjectX="221" ObjectY="4177" OptionNum="0" OptionTextLength="0" ParaNum="0" SRC="&lt;div xmlns=&quot;http://www.w3.org/1999/xhtml&quot; class=&quot;tit_nhadatban&quot;&gt;                            &lt;h4&gt;&lt;a href=&quot;http://123nhadat.vn/raovat-t4297210/ban-dat-tai-duong-nguyen-thi-dinh/do-moi-quan-2-mat-tien-20m-gia-2530trm2-gop-0-lai-suat-lh-0935482901.html&quot; title=&quot;ĐẤT ĐÔ THỊ MỚI QUẬN 2 , MẶT TIỀN 20M, Giá 25-30TR/M2, GÓP 0% LÃI SUẤT: LH 0935.482.901 &quot;&gt;ĐẤT ĐÔ THỊ MỚI QUẬN 2 , MẶT TIỀN 20M, Giá 25-30TR/M2, GÓP 0% LÃI SUẤT: LH 0935.482.901 &lt;/a&gt;&lt;/h4&gt;                        &lt;/div&gt;" SourceIndex="1965" TableNum="0" TextLen="86" order="68" xPath="/html[1]/body[1]/div[1]/div[4]/div[1]/div[1]/div[13]/div[5]/div[1]"/>
<LayoutNode BgColor="#ffffff" ContainImg="1" ContainP="0" ContainTable="false" Content="Cập nhật 2 ngày trước Diện tích: 100 m2 Khu vực: Quận 2, Hồ Chí Minh 25 Triệu/m2 Khu vực: Bán đất nền dự án tại Phường Cát Lái - Quận 2 - Hồ Chí Minh Giá: 25 triệu/m2 Diện tích: 100m2Thông tin mô tả- Cách khu đô thị SALA đang được xây dựng trên đại lộ MAI CHÍ THỌ khoảng 10p. - Được ôm trọn bởi cụm KCN chuẩn si... " DOMCldNum="5" DoC="8" FontSize="13" FontWeight="normal" FormNum="0" FormSize="0" FrameSourceIndex="0" ID="1-13-2" InteractionNum="0" InteractionSize="0" IsImg="false" LinkNum="4" LinkTextLen="0" ObjectHeight="135" ObjectRectHeight="135" ObjectRectLeft="0" ObjectRectTop="4212" ObjectRectWidth="1420" ObjectWidth="668" ObjectX="221" ObjectY="4212" OptionNum="0" OptionTextLength="0" ParaNum="0" SRC="&lt;div xmlns=&quot;http://www.w3.org/1999/xhtml&quot; class=&quot;detail_nhadatban&quot;&gt;                            &lt;div class=&quot;img_nhadatban&quot;&gt;                                &lt;a href=&quot;http://123nhadat.vn/raovat-t4297210/ban-dat-tai-duong-nguyen-thi-dinh/do-moi-quan-2-mat-tien-20m-gia-2530trm2-gop-0-lai-suat-lh-0935482901.html&quot;&gt;&lt;img alt=&quot;ĐẤT ĐÔ THỊ MỚI QUẬN 2 , MẶT TIỀN 20M, Giá 25-30TR/M2, GÓP 0% LÃI SUẤT: LH 0935.482.901 &quot; src=&quot;http://123nhadat.vn/thumbs/155x112/raovat/nhadat_1591786402_kPEC.jpg&quot;/&gt;&lt;/a&gt;                                &lt;span class=&quot;masotin&quot;&gt;MST: 4297210&lt;/span&gt;                                &lt;/div&gt;       &lt;div class=&quot;text_nhadatban&quot;&gt;                                &lt;div class=&quot;info_nhadatban&quot;&gt;                                    &lt;ul&gt;                                    &lt;li&gt;&lt;span class=&quot;datetime&quot;&gt;Cập nhật &lt;span class=&quot;timecolor&quot;&gt;2 ngày trước&lt;/span&gt;&lt;/span&gt;&lt;/li&gt;                                    &lt;li&gt;Diện tích: &lt;span class=&quot;saleboldtext&quot;&gt;100 m2&lt;/span&gt;&lt;/li&gt;                                    &lt;li&gt;Khu vực: &lt;span class=&quot;saleboldtext&quot;&gt;Quận 2, Hồ Chí Minh&lt;/span&gt;&lt;/li&gt;                                &lt;/ul&gt;                                &lt;/div&gt;                                &lt;div class=&quot;contact_nhadatban&quot;&gt;                                    &lt;ul&gt;          &lt;li&gt;           &lt;span id=&quot;luu_4297210&quot;&gt;&lt;a class=&quot;bt_save&quot; href=&quot;javascript:void(0)&quot; onclick=&quot;UpdateListingListRV(0,4297210)&quot; title=&quot;Lưu tin này vào trong danh sách các nhà đất bạn quan tâm,để bạn có thể tiện theo dõi&quot;/&gt;&lt;/span&gt;          &lt;/li&gt;          &lt;li class=&quot;gia&quot;&gt;&lt;strong class=&quot;camcam&quot;&gt;25 Triệu/m2&lt;/strong&gt;&lt;/li&gt;         &lt;/ul&gt;                                &lt;/div&gt;                            &lt;/div&gt;                            &lt;div class=&quot;description_nhadatban&quot;&gt;                                Khu vực: Bán đất nền dự án tại Phường Cát Lái - Quận 2 - Hồ Chí Minh Giá: 25 triệu/m2 Diện tích: 100m2Thông tin mô tả- Cách khu đô thị SALA đang được xây dựng trên đại lộ MAI CHÍ THỌ khoảng 10p. - Được ôm trọn bởi cụm KCN chuẩn si...                            &lt;/div&gt;                        &lt;/div&gt;" SourceIndex="1972" TableNum="0" TextLen="307" order="69" xPath="/html[1]/body[1]/div[1]/div[4]/div[1]/div[1]/div[13]/div[5]/div[2]"/>
</LayoutNode>
<LayoutNode BgColor="#ffffff" ContainImg="1" ContainP="0" ContainTable="false" DOMCldNum="5" DoC="5" FontSize="13" FontWeight="normal" FormNum="0" FormSize="0" FrameSourceIndex="0" ID="1-14" InteractionNum="0" InteractionSize="0" IsImg="false" LinkNum="6" LinkTextLen="72" ObjectRectHeight="184" ObjectRectLeft="0" ObjectRectTop="4379" ObjectRectWidth="1420" OptionNum="0" OptionTextLength="0" ParaNum="0" SourceIndex="2029" TableNum="0" TextLen="379" order="70">
<LayoutNode BgColor="#ffffff" ContainImg="0" ContainP="0" ContainTable="false" Content="CHỈ &quot;25 Triệu/m2&quot; - Giai đoạn F1. Đối diện UBND Q2. Liên hệ 0935.482.901 " DOMCldNum="5" DoC="5" FontSize="13" FontWeight="normal" FormNum="0" FormSize="0" FrameSourceIndex="0" ID="1-14-1" InteractionNum="0" InteractionSize="0" IsImg="false" LinkNum="2" LinkTextLen="72" ObjectHeight="21" ObjectRectHeight="35" ObjectRectLeft="0" ObjectRectTop="4379" ObjectRectWidth="1420" ObjectWidth="668" ObjectX="221" ObjectY="4393" OptionNum="0" OptionTextLength="0" ParaNum="0" SRC="&lt;div xmlns=&quot;http://www.w3.org/1999/xhtml&quot; class=&quot;tit_nhadatban&quot;&gt;                            &lt;h4&gt;&lt;a 25=&quot;&quot; href=&quot;http://123nhadat.vn/raovat-t4297209/ban-dat-tai-duong-nguyen-thi-dinh/chi-25-trieum2-giai-doan-f1-doi-dien-ubnd-q2-lien-he-0935482901.html&quot; title=&quot;CHỈ &quot; triệu=&quot;&quot;&gt;CHỈ &quot;25 Triệu/m2&quot; - Giai đoạn F1. Đối diện UBND Q2. Liên hệ 0935.482.901&lt;/a&gt;&lt;/h4&gt;                        &lt;/div&gt;" SourceIndex="2031" TableNum="0" TextLen="72" order="71" xPath="/html[1]/body[1]/div[1]/div[4]/div[1]/div[1]/div[13]/div[6]/div[1]"/>
<LayoutNode BgColor="#ffffff" ContainImg="1" ContainP="0" ContainTable="false" Content="Cập nhật 2 ngày trước Diện tích: 120 m2 Khu vực: Quận 2, Hồ Chí Minh 25 Triệu/m2 ĐẤT ĐÔ THỊ MỚI QUẬN 2 - CÁT LÁI, MẶT TIỀN 20M, Giá 25-30TR/M2, GÓP 0% LÃI SUẤT: LH 0935.482.901 Khu vực: Bán đất nền dự án tại Phường Cát Lái - Quận 2 - Hồ Chí Minh Giá: 25 triệu/m2 Diện tích: 100m2Thông tin mô tả- Cách khu đô thị... " DOMCldNum="5" DoC="8" FontSize="13" FontWeight="normal" FormNum="0" FormSize="0" FrameSourceIndex="0" ID="1-14-2" InteractionNum="0" InteractionSize="0" IsImg="false" LinkNum="4" LinkTextLen="0" ObjectHeight="135" ObjectRectHeight="135" ObjectRectLeft="0" ObjectRectTop="4428" ObjectRectWidth="1420" ObjectWidth="668" ObjectX="221" ObjectY="4428" OptionNum="0" OptionTextLength="0" ParaNum="0" SRC="&lt;div xmlns=&quot;http://www.w3.org/1999/xhtml&quot; class=&quot;detail_nhadatban&quot;&gt;                            &lt;div class=&quot;img_nhadatban&quot;&gt;                                &lt;a href=&quot;http://123nhadat.vn/raovat-t4297209/ban-dat-tai-duong-nguyen-thi-dinh/chi-25-trieum2-giai-doan-f1-doi-dien-ubnd-q2-lien-he-0935482901.html&quot;&gt;&lt;img 25=&quot;&quot; alt=&quot;CHỈ &quot; triệu=&quot;&quot;/&gt;&lt;/a&gt;                                &lt;span class=&quot;masotin&quot;&gt;MST: 4297209&lt;/span&gt;                                &lt;/div&gt;       &lt;div class=&quot;text_nhadatban&quot;&gt;                                &lt;div class=&quot;info_nhadatban&quot;&gt;                                    &lt;ul&gt;                                    &lt;li&gt;&lt;span class=&quot;datetime&quot;&gt;Cập nhật &lt;span class=&quot;timecolor&quot;&gt;2 ngày trước&lt;/span&gt;&lt;/span&gt;&lt;/li&gt;                                    &lt;li&gt;Diện tích: &lt;span class=&quot;saleboldtext&quot;&gt;120 m2&lt;/span&gt;&lt;/li&gt;                                    &lt;li&gt;Khu vực: &lt;span class=&quot;saleboldtext&quot;&gt;Quận 2, Hồ Chí Minh&lt;/span&gt;&lt;/li&gt;                                &lt;/ul&gt;                                &lt;/div&gt;                                &lt;div class=&quot;contact_nhadatban&quot;&gt;                                    &lt;ul&gt;          &lt;li&gt;           &lt;span id=&quot;luu_4297209&quot;&gt;&lt;a class=&quot;bt_save&quot; href=&quot;javascript:void(0)&quot; onclick=&quot;UpdateListingListRV(0,4297209)&quot; title=&quot;Lưu tin này vào trong danh sách các nhà đất bạn quan tâm,để bạn có thể tiện theo dõi&quot;/&gt;&lt;/span&gt;          &lt;/li&gt;          &lt;li class=&quot;gia&quot;&gt;&lt;strong class=&quot;camcam&quot;&gt;25 Triệu/m2&lt;/strong&gt;&lt;/li&gt;         &lt;/ul&gt;                                &lt;/div&gt;                            &lt;/div&gt;                            &lt;div class=&quot;description_nhadatban&quot;&gt;                                ĐẤT ĐÔ THỊ MỚI QUẬN 2 - CÁT LÁI, MẶT TIỀN 20M, Giá 25-30TR/M2, GÓP 0% LÃI SUẤT: LH 0935.482.901 Khu vực: Bán đất nền dự án tại Phường Cát Lái - Quận 2 - Hồ Chí Minh Giá: 25 triệu/m2 Diện tích: 100m2Thông tin mô tả- Cách khu đô thị...                            &lt;/div&gt;                        &lt;/div&gt;" SourceIndex="2038" TableNum="0" TextLen="307" order="72" xPath="/html[1]/body[1]/div[1]/div[4]/div[1]/div[1]/div[13]/div[6]/div[2]"/>
</LayoutNode>
<LayoutNode BgColor="#ffffff" ContainImg="1" ContainP="0" ContainTable="false" DOMCldNum="7" DoC="5" FontSize="13" FontWeight="normal" FormNum="0" FormSize="0" FrameSourceIndex="0" ID="1-15" InteractionNum="0" InteractionSize="0" IsImg="false" LinkNum="6" LinkTextLen="85" ObjectRectHeight="184" ObjectRectLeft="0" ObjectRectTop="4595" ObjectRectWidth="1420" OptionNum="0" OptionTextLength="0" ParaNum="0" SourceIndex="2095" TableNum="0" TextLen="389" order="73">
<LayoutNode BgColor="#ffffff" ContainImg="0" ContainP="0" ContainTable="false" Content="HOT: CHỈ CÒN 100 NỀN- THỔ CƯ 100%- NGAY MẶT TIỀN NGUYỄN THỊ ĐỊNH- GIÁ&quot; &quot; 25 TRIỆU/M2&quot; " DOMCldNum="7" DoC="5" FontSize="13" FontWeight="normal" FormNum="0" FormSize="0" FrameSourceIndex="0" ID="1-15-1" InteractionNum="0" InteractionSize="0" IsImg="false" LinkNum="2" LinkTextLen="85" ObjectHeight="21" ObjectRectHeight="35" ObjectRectLeft="0" ObjectRectTop="4595" ObjectRectWidth="1420" ObjectWidth="668" ObjectX="221" ObjectY="4609" OptionNum="0" OptionTextLength="0" ParaNum="0" SRC="&lt;div xmlns=&quot;http://www.w3.org/1999/xhtml&quot; class=&quot;tit_nhadatban&quot;&gt;                            &lt;h4&gt;&lt;a href=&quot;http://123nhadat.vn/raovat-t4296887/ban-dat-tai-duong-nguyen-thi-dinh/hot-chi-con-100-nen-tho-cu-ngay-mat-tien-gia-25-trieum2.html&quot; title=&quot;HOT: CHỈ CÒN 100 NỀN- THỔ CƯ 100%- NGAY MẶT TIỀN NGUYỄN THỊ ĐỊNH- GIÁ&quot;&gt;HOT: CHỈ CÒN 100 NỀN- THỔ CƯ 100%- NGAY MẶT TIỀN NGUYỄN THỊ ĐỊNH- GIÁ&quot; &quot; 25 TRIỆU/M2&quot;&lt;/a&gt;&lt;/h4&gt;                        &lt;/div&gt;" SourceIndex="2099" TableNum="0" TextLen="85" order="74" xPath="/html[1]/body[1]/div[1]/div[4]/div[1]/div[1]/div[13]/div[7]/div[1]"/>
<LayoutNode BgColor="#ffffff" ContainImg="1" ContainP="0" ContainTable="false" Content="Cập nhật 4 ngày trước Diện tích: 100 m2 Khu vực: Quận 2, Hồ Chí Minh 25 Triệu Công bố - Khai trương. Giai đoạn F1 - KDC BÌNH ĐÔNG, Quận 2- Nằm ngay nút giao ĐỒNG VĂN CỐNG đường NGUYỄN THỊ ĐỊNH.- Cách chợ, trường học, bệnh viện 500m- Liền kề trung tâm hành chính quận 2- Diện tích: 100m2, 120m2.- Hạ tầng hoàn... " DOMCldNum="7" DoC="8" FontSize="13" FontWeight="normal" FormNum="0" FormSize="0" FrameSourceIndex="0" ID="1-15-2" InteractionNum="0" InteractionSize="0" IsImg="false" LinkNum="4" LinkTextLen="0" ObjectHeight="135" ObjectRectHeight="135" ObjectRectLeft="0" ObjectRectTop="4644" ObjectRectWidth="1420" ObjectWidth="668" ObjectX="221" ObjectY="4644" OptionNum="0" OptionTextLength="0" ParaNum="0" SRC="&lt;div xmlns=&quot;http://www.w3.org/1999/xhtml&quot; class=&quot;detail_nhadatban&quot;&gt;                            &lt;div class=&quot;img_nhadatban&quot;&gt;                                &lt;a href=&quot;http://123nhadat.vn/raovat-t4296887/ban-dat-tai-duong-nguyen-thi-dinh/hot-chi-con-100-nen-tho-cu-ngay-mat-tien-gia-25-trieum2.html&quot;&gt;&lt;img alt=&quot;HOT: CHỈ CÒN 100 NỀN- THỔ CƯ 100%- NGAY MẶT TIỀN NGUYỄN THỊ ĐỊNH- GIÁ&quot;/&gt;&lt;/a&gt;                                &lt;span class=&quot;masotin&quot;&gt;MST: 4296887&lt;/span&gt;                                &lt;/div&gt;       &lt;div class=&quot;text_nhadatban&quot;&gt;                                &lt;div class=&quot;info_nhadatban&quot;&gt;                                    &lt;ul&gt;                                    &lt;li&gt;&lt;span class=&quot;datetime&quot;&gt;Cập nhật &lt;span class=&quot;timecolor&quot;&gt;4 ngày trước&lt;/span&gt;&lt;/span&gt;&lt;/li&gt;                                    &lt;li&gt;Diện tích: &lt;span class=&quot;saleboldtext&quot;&gt;100 m2&lt;/span&gt;&lt;/li&gt;                                    &lt;li&gt;Khu vực: &lt;span class=&quot;saleboldtext&quot;&gt;Quận 2, Hồ Chí Minh&lt;/span&gt;&lt;/li&gt;                                &lt;/ul&gt;                                &lt;/div&gt;                                &lt;div class=&quot;contact_nhadatban&quot;&gt;                                    &lt;ul&gt;          &lt;li&gt;           &lt;span id=&quot;luu_4296887&quot;&gt;&lt;a class=&quot;bt_save&quot; href=&quot;javascript:void(0)&quot; onclick=&quot;UpdateListingListRV(0,4296887)&quot; title=&quot;Lưu tin này vào trong danh sách các nhà đất bạn quan tâm,để bạn có thể tiện theo dõi&quot;/&gt;&lt;/span&gt;          &lt;/li&gt;          &lt;li class=&quot;gia&quot;&gt;&lt;strong class=&quot;camcam&quot;&gt;25 Triệu&lt;/strong&gt;&lt;/li&gt;         &lt;/ul&gt;                                &lt;/div&gt;                            &lt;/div&gt;                            &lt;div class=&quot;description_nhadatban&quot;&gt;                                Công bố - Khai trương. Giai đoạn F1 - KDC BÌNH ĐÔNG, Quận 2- Nằm ngay nút giao ĐỒNG VĂN CỐNG đường NGUYỄN THỊ ĐỊNH.- Cách chợ, trường học, bệnh viện 500m- Liền kề trung tâm hành chính quận 2- Diện tích: 100m2, 120m2.- Hạ tầng hoàn...                            &lt;/div&gt;                        &lt;/div&gt;" SourceIndex="2106" TableNum="0" TextLen="304" order="75" xPath="/html[1]/body[1]/div[1]/div[4]/div[1]/div[1]/div[13]/div[7]/div[2]"/>
</LayoutNode>
<LayoutNode BgColor="#ffffff" ContainImg="1" ContainP="0" ContainTable="false" DOMCldNum="7" DoC="5" FontSize="13" FontWeight="normal" FormNum="0" FormSize="0" FrameSourceIndex="0" ID="1-16" InteractionNum="0" InteractionSize="0" IsImg="false" LinkNum="6" LinkTextLen="56" ObjectRectHeight="184" ObjectRectLeft="0" ObjectRectTop="4811" ObjectRectWidth="1420" OptionNum="0" OptionTextLength="0" ParaNum="0" SourceIndex="2163" TableNum="0" TextLen="365" order="76">
<LayoutNode BgColor="#ffffff" ContainImg="0" ContainP="0" ContainTable="false" Content="DUY NHẤT - 100 NỀN giai đoạn F1. Cách UBND Quận 2, 800m. " DOMCldNum="7" DoC="5" FontSize="13" FontWeight="normal" FormNum="0" FormSize="0" FrameSourceIndex="0" ID="1-16-1" InteractionNum="0" InteractionSize="0" IsImg="false" LinkNum="2" LinkTextLen="56" ObjectHeight="21" ObjectRectHeight="35" ObjectRectLeft="0" ObjectRectTop="4811" ObjectRectWidth="1420" ObjectWidth="668" ObjectX="221" ObjectY="4825" OptionNum="0" OptionTextLength="0" ParaNum="0" SRC="&lt;div xmlns=&quot;http://www.w3.org/1999/xhtml&quot; class=&quot;tit_nhadatban&quot;&gt;                            &lt;h4&gt;&lt;a href=&quot;http://123nhadat.vn/raovat-t4296098/ban-dat-tai-duong-nguyen-thi-dinh/duy-nhat-100-nen-giai-doan-f1-cach-ubnd-quan-2-800m.html&quot; title=&quot;DUY NHẤT - 100 NỀN giai đoạn F1. Cách UBND Quận 2, 800m. &quot;&gt;DUY NHẤT - 100 NỀN giai đoạn F1. Cách UBND Quận 2, 800m. &lt;/a&gt;&lt;/h4&gt;                        &lt;/div&gt;" SourceIndex="2167" TableNum="0" TextLen="56" order="77" xPath="/html[1]/body[1]/div[1]/div[4]/div[1]/div[1]/div[13]/div[8]/div[1]"/>
<LayoutNode BgColor="#ffffff" ContainImg="1" ContainP="0" ContainTable="false" Content="Cập nhật 16 ngày trước Diện tích: 100 m2 Khu vực: Quận 2, Hồ Chí Minh 25 Triệu/m2 ** VỊ TRÍ- Liền kề Tuyến Ga Metro Bến Thành – Thạnh Xuân- Nằm ngay nút giao Quốc lộ 1A – Lê Thị Riêng.- Cách UBND Quận 12, 800m.. tiện kinh doanh.- Liền kề siêu thị Metro Hiệp Phú, TTTM Phú An...- Đối diện Trường CĐ Sài Gòn.- Dân Cư... " DOMCldNum="7" DoC="8" FontSize="13" FontWeight="normal" FormNum="0" FormSize="0" FrameSourceIndex="0" ID="1-16-2" InteractionNum="0" InteractionSize="0" IsImg="false" LinkNum="4" LinkTextLen="0" ObjectHeight="135" ObjectRectHeight="135" ObjectRectLeft="0" ObjectRectTop="4860" ObjectRectWidth="1420" ObjectWidth="668" ObjectX="221" ObjectY="4860" OptionNum="0" OptionTextLength="0" ParaNum="0" SRC="&lt;div xmlns=&quot;http://www.w3.org/1999/xhtml&quot; class=&quot;detail_nhadatban&quot;&gt;                            &lt;div class=&quot;img_nhadatban&quot;&gt;                                &lt;a href=&quot;http://123nhadat.vn/raovat-t4296098/ban-dat-tai-duong-nguyen-thi-dinh/duy-nhat-100-nen-giai-doan-f1-cach-ubnd-quan-2-800m.html&quot;&gt;&lt;img alt=&quot;DUY NHẤT - 100 NỀN giai đoạn F1. Cách UBND Quận 2, 800m. &quot; src=&quot;http://123nhadat.vn/thumbs/155x112/raovat/nhadat_1590111189_jDgE.jpg&quot;/&gt;&lt;/a&gt;                                &lt;span class=&quot;masotin&quot;&gt;MST: 4296098&lt;/span&gt;                                &lt;/div&gt;       &lt;div class=&quot;text_nhadatban&quot;&gt;                                &lt;div class=&quot;info_nhadatban&quot;&gt;                                    &lt;ul&gt;                                    &lt;li&gt;&lt;span class=&quot;datetime&quot;&gt;Cập nhật &lt;span class=&quot;timecolor&quot;&gt;16 ngày trước&lt;/span&gt;&lt;/span&gt;&lt;/li&gt;                                    &lt;li&gt;Diện tích: &lt;span class=&quot;saleboldtext&quot;&gt;100 m2&lt;/span&gt;&lt;/li&gt;                                    &lt;li&gt;Khu vực: &lt;span class=&quot;saleboldtext&quot;&gt;Quận 2, Hồ Chí Minh&lt;/span&gt;&lt;/li&gt;                                &lt;/ul&gt;                                &lt;/div&gt;                                &lt;div class=&quot;contact_nhadatban&quot;&gt;                                    &lt;ul&gt;          &lt;li&gt;           &lt;span id=&quot;luu_4296098&quot;&gt;&lt;a class=&quot;bt_save&quot; href=&quot;javascript:void(0)&quot; onclick=&quot;UpdateListingListRV(0,4296098)&quot; title=&quot;Lưu tin này vào trong danh sách các nhà đất bạn quan tâm,để bạn có thể tiện theo dõi&quot;/&gt;&lt;/span&gt;          &lt;/li&gt;          &lt;li class=&quot;gia&quot;&gt;&lt;strong class=&quot;camcam&quot;&gt;25 Triệu/m2&lt;/strong&gt;&lt;/li&gt;         &lt;/ul&gt;                                &lt;/div&gt;                            &lt;/div&gt;                            &lt;div class=&quot;description_nhadatban&quot;&gt;                                ** VỊ TRÍ- Liền kề Tuyến Ga Metro Bến Thành – Thạnh Xuân- Nằm ngay nút giao Quốc lộ 1A – Lê Thị Riêng.- Cách UBND Quận 12, 800m.. tiện kinh doanh.- Liền kề siêu thị Metro Hiệp Phú, TTTM Phú An...- Đối diện Trường CĐ Sài Gòn.- Dân Cư...                            &lt;/div&gt;                        &lt;/div&gt;" SourceIndex="2174" TableNum="0" TextLen="309" order="78" xPath="/html[1]/body[1]/div[1]/div[4]/div[1]/div[1]/div[13]/div[8]/div[2]"/>
</LayoutNode>
<LayoutNode BgColor="#ffffff" ContainImg="1" ContainP="0" ContainTable="false" DOMCldNum="7" DoC="5" FontSize="13" FontWeight="normal" FormNum="0" FormSize="0" FrameSourceIndex="0" ID="1-17" InteractionNum="0" InteractionSize="0" IsImg="false" LinkNum="6" LinkTextLen="66" ObjectRectHeight="184" ObjectRectLeft="0" ObjectRectTop="5027" ObjectRectWidth="1420" OptionNum="0" OptionTextLength="0" ParaNum="0" SourceIndex="2231" TableNum="0" TextLen="374" order="79">
<LayoutNode BgColor="#ffffff" ContainImg="0" ContainP="0" ContainTable="false" Content="NGÂN HÀNG THANH LÝ 11 LÔ ĐẤT KHU TRẦN NÃO , QUẬN 2, TP.HỒ CHÍ MINH " DOMCldNum="7" DoC="5" FontSize="13" FontWeight="normal" FormNum="0" FormSize="0" FrameSourceIndex="0" ID="1-17-1" InteractionNum="0" InteractionSize="0" IsImg="false" LinkNum="2" LinkTextLen="66" ObjectHeight="21" ObjectRectHeight="35" ObjectRectLeft="0" ObjectRectTop="5027" ObjectRectWidth="1420" ObjectWidth="668" ObjectX="221" ObjectY="5041" OptionNum="0" OptionTextLength="0" ParaNum="0" SRC="&lt;div xmlns=&quot;http://www.w3.org/1999/xhtml&quot; class=&quot;tit_nhadatban&quot;&gt;                            &lt;h4&gt;&lt;a href=&quot;http://123nhadat.vn/raovat-t4296892/ban-dat-tai-duong-tran-nao/ngan-hang-thanh-ly-11-lo-khu-quan-2-tpho-chi-minh.html&quot; title=&quot;NGÂN HÀNG THANH LÝ 11 LÔ ĐẤT KHU TRẦN NÃO , QUẬN 2, TP.HỒ CHÍ MINH&quot;&gt;NGÂN HÀNG THANH LÝ 11 LÔ ĐẤT KHU TRẦN NÃO , QUẬN 2, TP.HỒ CHÍ MINH&lt;/a&gt;&lt;/h4&gt;                        &lt;/div&gt;" SourceIndex="2235" TableNum="0" TextLen="66" order="80" xPath="/html[1]/body[1]/div[1]/div[4]/div[1]/div[1]/div[13]/div[9]/div[1]"/>
<LayoutNode BgColor="#ffffff" ContainImg="1" ContainP="0" ContainTable="false" Content="Cập nhật 22 ngày trước Diện tích: 100 m2 Khu vực: Quận 2, Hồ Chí Minh 1300 Triệu Nằm ngay khu Trần Não kế bên khu đô thị An Phú - An Khánh, cách cầu Sài Gòn khoảng 300m nhìu trung tâm thương mại, cũng như gần chợ, trường học, bệnh viện,...- Diện tích: 100m2,...- Cơ sở hạ tầng hoàn thiện 100%, từ hệ thống cây x... " DOMCldNum="7" DoC="8" FontSize="13" FontWeight="normal" FormNum="0" FormSize="0" FrameSourceIndex="0" ID="1-17-2" InteractionNum="0" InteractionSize="0" IsImg="false" LinkNum="4" LinkTextLen="0" ObjectHeight="135" ObjectRectHeight="135" ObjectRectLeft="0" ObjectRectTop="5076" ObjectRectWidth="1420" ObjectWidth="668" ObjectX="221" ObjectY="5076" OptionNum="0" OptionTextLength="0" ParaNum="0" SRC="&lt;div xmlns=&quot;http://www.w3.org/1999/xhtml&quot; class=&quot;detail_nhadatban&quot;&gt;                            &lt;div class=&quot;img_nhadatban&quot;&gt;                                &lt;a href=&quot;http://123nhadat.vn/raovat-t4296892/ban-dat-tai-duong-tran-nao/ngan-hang-thanh-ly-11-lo-khu-quan-2-tpho-chi-minh.html&quot;&gt;&lt;img alt=&quot;NGÂN HÀNG THANH LÝ 11 LÔ ĐẤT KHU TRẦN NÃO , QUẬN 2, TP.HỒ CHÍ MINH&quot; src=&quot;http://123nhadat.vn/thumbs/155x112/raovat/nhadat_1591327022_OAZK.PNG&quot;/&gt;&lt;/a&gt;                                &lt;span class=&quot;masotin&quot;&gt;MST: 4296892&lt;/span&gt;                                &lt;/div&gt;       &lt;div class=&quot;text_nhadatban&quot;&gt;                                &lt;div class=&quot;info_nhadatban&quot;&gt;                                    &lt;ul&gt;                                    &lt;li&gt;&lt;span class=&quot;datetime&quot;&gt;Cập nhật &lt;span class=&quot;timecolor&quot;&gt;22 ngày trước&lt;/span&gt;&lt;/span&gt;&lt;/li&gt;                                    &lt;li&gt;Diện tích: &lt;span class=&quot;saleboldtext&quot;&gt;100 m2&lt;/span&gt;&lt;/li&gt;                                    &lt;li&gt;Khu vực: &lt;span class=&quot;saleboldtext&quot;&gt;Quận 2, Hồ Chí Minh&lt;/span&gt;&lt;/li&gt;                                &lt;/ul&gt;                                &lt;/div&gt;                                &lt;div class=&quot;contact_nhadatban&quot;&gt;                                    &lt;ul&gt;          &lt;li&gt;           &lt;span id=&quot;luu_4296892&quot;&gt;&lt;a class=&quot;bt_save&quot; href=&quot;javascript:void(0)&quot; onclick=&quot;UpdateListingListRV(0,4296892)&quot; title=&quot;Lưu tin này vào trong danh sách các nhà đất bạn quan tâm,để bạn có thể tiện theo dõi&quot;/&gt;&lt;/span&gt;          &lt;/li&gt;          &lt;li class=&quot;gia&quot;&gt;&lt;strong class=&quot;camcam&quot;&gt;1300 Triệu&lt;/strong&gt;&lt;/li&gt;         &lt;/ul&gt;                                &lt;/div&gt;                            &lt;/div&gt;                            &lt;div class=&quot;description_nhadatban&quot;&gt;                                Nằm ngay khu Trần Não kế bên khu đô thị An Phú - An Khánh, cách cầu Sài Gòn khoảng 300m nhìu trung tâm thương mại, cũng như gần chợ, trường học, bệnh viện,...- Diện tích: 100m2,...- Cơ sở hạ tầng hoàn thiện 100%, từ hệ thống cây x...                            &lt;/div&gt;                        &lt;/div&gt;" SourceIndex="2242" TableNum="0" TextLen="308" order="81" xPath="/html[1]/body[1]/div[1]/div[4]/div[1]/div[1]/div[13]/div[9]/div[2]"/>
</LayoutNode>
<LayoutNode BgColor="#ffffff" ContainImg="1" ContainP="0" ContainTable="false" DOMCldNum="5" DoC="5" FontSize="13" FontWeight="normal" FormNum="0" FormSize="0" FrameSourceIndex="0" ID="1-18" InteractionNum="0" InteractionSize="0" IsImg="false" LinkNum="6" LinkTextLen="36" ObjectRectHeight="174" ObjectRectLeft="0" ObjectRectTop="5243" ObjectRectWidth="1420" OptionNum="0" OptionTextLength="0" ParaNum="0" SourceIndex="2299" TableNum="0" TextLen="236" order="82">
<LayoutNode BgColor="#ffffff" ContainImg="0" ContainP="0" ContainTable="false" Content="Đất nền giá rẻ bán lấy vốn không lời " DOMCldNum="5" DoC="5" FontSize="13" FontWeight="normal" FormNum="0" FormSize="0" FrameSourceIndex="0" ID="1-18-1" InteractionNum="0" InteractionSize="0" IsImg="false" LinkNum="2" LinkTextLen="36" ObjectHeight="21" ObjectRectHeight="35" ObjectRectLeft="0" ObjectRectTop="5243" ObjectRectWidth="1420" ObjectWidth="668" ObjectX="221" ObjectY="5257" OptionNum="0" OptionTextLength="0" ParaNum="0" SRC="&lt;div xmlns=&quot;http://www.w3.org/1999/xhtml&quot; class=&quot;tit_nhadatban&quot;&gt;                            &lt;h4&gt;&lt;a href=&quot;http://123nhadat.vn/raovat-t4296808/ban-dat-tai-duong-a/nen-gia-re-lay-von-khong-loi.html&quot; title=&quot;Đất nền giá rẻ bán lấy vốn không lời&quot;&gt;Đất nền giá rẻ bán lấy vốn không lời&lt;/a&gt;&lt;/h4&gt;                        &lt;/div&gt;" SourceIndex="2301" TableNum="0" TextLen="36" order="83" xPath="/html[1]/body[1]/div[1]/div[4]/div[1]/div[1]/div[13]/div[10]/div[1]"/>
<LayoutNode BgColor="#ffffff" ContainImg="1" ContainP="0" ContainTable="false" Content="Cập nhật 23 ngày trước Diện tích: 80 m2 Khu vực: Quận 2, Hồ Chí Minh 2 Tỷ Em có vài lô đất cần bán gấpGiá 30tr/m2 Cách UBND quận 2 800mTiện ích hiện hữu có dân cư ở trên 70%Liên hệ :0363083930(gặp Thảo)... " DOMCldNum="5" DoC="8" FontSize="13" FontWeight="normal" FormNum="0" FormSize="0" FrameSourceIndex="0" ID="1-18-2" InteractionNum="0" InteractionSize="0" IsImg="false" LinkNum="4" LinkTextLen="0" ObjectHeight="125" ObjectRectHeight="125" ObjectRectLeft="0" ObjectRectTop="5292" ObjectRectWidth="1420" ObjectWidth="668" ObjectX="221" ObjectY="5292" OptionNum="0" OptionTextLength="0" ParaNum="0" SRC="&lt;div xmlns=&quot;http://www.w3.org/1999/xhtml&quot; class=&quot;detail_nhadatban&quot;&gt;                            &lt;div class=&quot;img_nhadatban&quot;&gt;                                &lt;a href=&quot;http://123nhadat.vn/raovat-t4296808/ban-dat-tai-duong-a/nen-gia-re-lay-von-khong-loi.html&quot;&gt;&lt;img alt=&quot;Đất nền giá rẻ bán lấy vốn không lời&quot; src=&quot;http://123nhadat.vn/thumbs/155x112/raovat/nhadat_1591188201_rKCf.jpg&quot;/&gt;&lt;/a&gt;                                &lt;span class=&quot;masotin&quot;&gt;MST: 4296808&lt;/span&gt;                                &lt;/div&gt;       &lt;div class=&quot;text_nhadatban&quot;&gt;                                &lt;div class=&quot;info_nhadatban&quot;&gt;                                    &lt;ul&gt;                                    &lt;li&gt;&lt;span class=&quot;datetime&quot;&gt;Cập nhật &lt;span class=&quot;timecolor&quot;&gt;23 ngày trước&lt;/span&gt;&lt;/span&gt;&lt;/li&gt;                                    &lt;li&gt;Diện tích: &lt;span class=&quot;saleboldtext&quot;&gt;80 m2&lt;/span&gt;&lt;/li&gt;                                    &lt;li&gt;Khu vực: &lt;span class=&quot;saleboldtext&quot;&gt;Quận 2, Hồ Chí Minh&lt;/span&gt;&lt;/li&gt;                                &lt;/ul&gt;                                &lt;/div&gt;                                &lt;div class=&quot;contact_nhadatban&quot;&gt;                                    &lt;ul&gt;          &lt;li&gt;           &lt;span id=&quot;luu_4296808&quot;&gt;&lt;a class=&quot;bt_save&quot; href=&quot;javascript:void(0)&quot; onclick=&quot;UpdateListingListRV(0,4296808)&quot; title=&quot;Lưu tin này vào trong danh sách các nhà đất bạn quan tâm,để bạn có thể tiện theo dõi&quot;/&gt;&lt;/span&gt;          &lt;/li&gt;          &lt;li class=&quot;gia&quot;&gt;&lt;strong class=&quot;camcam&quot;&gt;2 Tỷ&lt;/strong&gt;&lt;/li&gt;         &lt;/ul&gt;                                &lt;/div&gt;                            &lt;/div&gt;                            &lt;div class=&quot;description_nhadatban&quot;&gt;                                Em có vài lô đất cần bán gấpGiá 30tr/m2 Cách UBND quận 2 800mTiện ích hiện hữu có dân cư ở trên 70%Liên hệ :0363083930(gặp Thảo)...                            &lt;/div&gt;                        &lt;/div&gt;" SourceIndex="2308" TableNum="0" TextLen="200" order="84" xPath="/html[1]/body[1]/div[1]/div[4]/div[1]/div[1]/div[13]/div[10]/div[2]"/>
</LayoutNode>
<LayoutNode BgColor="#ffffff" ContainImg="1" ContainP="0" ContainTable="false" DOMCldNum="7" DoC="5" FontSize="13" FontWeight="normal" FormNum="0" FormSize="0" FrameSourceIndex="0" ID="1-19" InteractionNum="0" InteractionSize="0" IsImg="false" LinkNum="6" LinkTextLen="68" ObjectRectHeight="184" ObjectRectLeft="0" ObjectRectTop="5449" ObjectRectWidth="1420" OptionNum="0" OptionTextLength="0" ParaNum="0" SourceIndex="2365" TableNum="0" TextLen="373" order="85">
<LayoutNode BgColor="#ffffff" ContainImg="0" ContainP="0" ContainTable="false" Content="HOT: NGAY UBND QUẬN 2, MẶT TIỀN ĐƯỜNG NGUYỄN THỊ ĐỊNH, SHR- GIÁ CHỈ: " DOMCldNum="7" DoC="5" FontSize="13" FontWeight="normal" FormNum="0" FormSize="0" FrameSourceIndex="0" ID="1-19-1" InteractionNum="0" InteractionSize="0" IsImg="false" LinkNum="2" LinkTextLen="68" ObjectHeight="21" ObjectRectHeight="35" ObjectRectLeft="0" ObjectRectTop="5449" ObjectRectWidth="1420" ObjectWidth="668" ObjectX="221" ObjectY="5463" OptionNum="0" OptionTextLength="0" ParaNum="0" SRC="&lt;div xmlns=&quot;http://www.w3.org/1999/xhtml&quot; class=&quot;tit_nhadatban&quot;&gt;                            &lt;h4&gt;&lt;a href=&quot;http://123nhadat.vn/raovat-t4275292/ban-dat-tai-duong-nguyen-thi-dinh/hot-ngay-ubnd-quan-2-mat-tien-shr-gia-chi.html&quot; title=&quot;HOT: NGAY UBND QUẬN 2, MẶT TIỀN ĐƯỜNG NGUYỄN THỊ ĐỊNH, SHR- GIÁ CHỈ:&quot;&gt;HOT: NGAY UBND QUẬN 2, MẶT TIỀN ĐƯỜNG NGUYỄN THỊ ĐỊNH, SHR- GIÁ CHỈ:&lt;/a&gt;&lt;/h4&gt;                        &lt;/div&gt;" SourceIndex="2369" TableNum="0" TextLen="68" order="86" xPath="/html[1]/body[1]/div[1]/div[4]/div[1]/div[1]/div[13]/div[11]/div[1]"/>
<LayoutNode BgColor="#ffffff" ContainImg="1" ContainP="0" ContainTable="false" Content="Cập nhật 25 ngày trước Diện tích: 100 m2 Khu vực: Quận 2, Hồ Chí Minh 25 Triệu Công bố - Khai trương. Giai đoạn F1 - KDC BÌNH ĐÔNG, Quận 2- Nằm ngay nút giao ĐỒNG VĂN CỐNG đường NGUYỄN THỊ ĐỊNH.- Cách chợ, trường học, bệnh viện 500m- Liền kề trung tâm hành chính quận 2- Diện tích: 100m2, 120m2.- Hạ tầng hoàn... " DOMCldNum="7" DoC="8" FontSize="13" FontWeight="normal" FormNum="0" FormSize="0" FrameSourceIndex="0" ID="1-19-2" InteractionNum="0" InteractionSize="0" IsImg="false" LinkNum="4" LinkTextLen="0" ObjectHeight="135" ObjectRectHeight="135" ObjectRectLeft="0" ObjectRectTop="5498" ObjectRectWidth="1420" ObjectWidth="668" ObjectX="221" ObjectY="5498" OptionNum="0" OptionTextLength="0" ParaNum="0" SRC="&lt;div xmlns=&quot;http://www.w3.org/1999/xhtml&quot; class=&quot;detail_nhadatban&quot;&gt;                            &lt;div class=&quot;img_nhadatban&quot;&gt;                                &lt;a href=&quot;http://123nhadat.vn/raovat-t4275292/ban-dat-tai-duong-nguyen-thi-dinh/hot-ngay-ubnd-quan-2-mat-tien-shr-gia-chi.html&quot;&gt;&lt;img alt=&quot;HOT: NGAY UBND QUẬN 2, MẶT TIỀN ĐƯỜNG NGUYỄN THỊ ĐỊNH, SHR- GIÁ CHỈ:&quot; src=&quot;http://123nhadat.vn/thumbs/155x112/raovat/nhadat_1554129445_C0Ea.jpeg&quot;/&gt;&lt;/a&gt;                                &lt;span class=&quot;masotin&quot;&gt;MST: 4275292&lt;/span&gt;                                &lt;/div&gt;       &lt;div class=&quot;text_nhadatban&quot;&gt;                                &lt;div class=&quot;info_nhadatban&quot;&gt;                                    &lt;ul&gt;                                    &lt;li&gt;&lt;span class=&quot;datetime&quot;&gt;Cập nhật &lt;span class=&quot;timecolor&quot;&gt;25 ngày trước&lt;/span&gt;&lt;/span&gt;&lt;/li&gt;                                    &lt;li&gt;Diện tích: &lt;span class=&quot;saleboldtext&quot;&gt;100 m2&lt;/span&gt;&lt;/li&gt;                                    &lt;li&gt;Khu vực: &lt;span class=&quot;saleboldtext&quot;&gt;Quận 2, Hồ Chí Minh&lt;/span&gt;&lt;/li&gt;                                &lt;/ul&gt;                                &lt;/div&gt;                                &lt;div class=&quot;contact_nhadatban&quot;&gt;                                    &lt;ul&gt;          &lt;li&gt;           &lt;span id=&quot;luu_4275292&quot;&gt;&lt;a class=&quot;bt_save&quot; href=&quot;javascript:void(0)&quot; onclick=&quot;UpdateListingListRV(0,4275292)&quot; title=&quot;Lưu tin này vào trong danh sách các nhà đất bạn quan tâm,để bạn có thể tiện theo dõi&quot;/&gt;&lt;/span&gt;          &lt;/li&gt;          &lt;li class=&quot;gia&quot;&gt;&lt;strong class=&quot;camcam&quot;&gt;25 Triệu&lt;/strong&gt;&lt;/li&gt;         &lt;/ul&gt;                                &lt;/div&gt;                            &lt;/div&gt;                            &lt;div class=&quot;description_nhadatban&quot;&gt;                                Công bố - Khai trương. Giai đoạn F1 - KDC BÌNH ĐÔNG, Quận 2- Nằm ngay nút giao ĐỒNG VĂN CỐNG đường NGUYỄN THỊ ĐỊNH.- Cách chợ, trường học, bệnh viện 500m- Liền kề trung tâm hành chính quận 2- Diện tích: 100m2, 120m2.- Hạ tầng hoàn...                            &lt;/div&gt;                        &lt;/div&gt;" SourceIndex="2376" TableNum="0" TextLen="305" order="87" xPath="/html[1]/body[1]/div[1]/div[4]/div[1]/div[1]/div[13]/div[11]/div[2]"/>
</LayoutNode>
<LayoutNode BgColor="#5eab1f" ContainImg="0" ContainP="0" ContainTable="false" Content="NHÀ ĐẤT HỒ CHÍ MINH CÓ THỂ BẠN QUAN TÂM " DOMCldNum="5" DoC="5" FontSize="11" FontWeight="700" FormNum="0" FormSize="0" FrameSourceIndex="0" ID="1-20" InteractionNum="0" InteractionSize="0" IsImg="false" LinkNum="0" LinkTextLen="0" ObjectHeight="20" ObjectRectHeight="20" ObjectRectLeft="0" ObjectRectTop="5689" ObjectRectWidth="1420" ObjectWidth="560" ObjectX="215" ObjectY="5689" OptionNum="0" OptionTextLength="0" ParaNum="0" SRC="&lt;div xmlns=&quot;http://www.w3.org/1999/xhtml&quot; class=&quot;tit_C&quot;&gt;                        &lt;span class=&quot;icon_star_xanh&quot;/&gt;                        Nhà đất Hồ Chí Minh có thể bạn quan tâm                    &lt;/div&gt;" SourceIndex="2446" TableNum="0" TextLen="39" order="88" xPath="/html[1]/body[1]/div[1]/div[4]/div[1]/div[1]/div[14]/div[1]"/>
<LayoutNode BgColor="#ffffff" ContainImg="0" ContainP="0" ContainTable="false" Content="Nhà đất Quận 2Bán căn hộ chung cư Quận 2 (69964)Bán đất nền dự án Quận 2 (14717)Bán đất Quận 2 (13890)Bán nhà Quận 2 (6843)Bán biệt thự Quận 2 (6634)Bán nhà mặt tiền Quận 2 (5813)Bán kho, nhà xưởng Quận 2 (216)Bán mặt bằng, cửa hàng Quận 2 (190)Bán nhà phân lô Quận 2 (93)Bán trang trại,khu nghỉ dưỡng Quận 2 (27)Bán khách sạn, nhà nghỉ Quận 2 (14) Nhà đất bán tại Hồ Chí MinhBán căn hộ chung cư Tp.HCM (500881)Bán nhà Tp.HCM (375015)Bán nhà mặt tiền Tp.HCM (324140)Bán đất Tp.HCM (265077)Bán đất nền dự án Tp.HCM (82987)Bán biệt thự Tp.HCM (41263)Bán kho, nhà xưởng Tp.HCM (12360)Bán mặt bằng, cửa hàng Tp.HCM (9820)Bán khách sạn, nhà nghỉ Tp.HCM (3025)Bán trang trại,khu nghỉ dưỡng Tp.HCM (1416)Bán nhà phân lô Tp.HCM (1326) " DOMCldNum="5" DoC="8" FontSize="13" FontWeight="normal" FormNum="0" FormSize="0" FrameSourceIndex="0" ID="1-21" InteractionNum="0" InteractionSize="0" IsImg="false" LinkNum="44" LinkTextLen="524" ObjectHeight="336" ObjectRectHeight="672" ObjectRectLeft="0" ObjectRectTop="5733" ObjectRectWidth="1420" ObjectWidth="320" ObjectX="261" ObjectY="5733" OptionNum="0" OptionTextLength="0" ParaNum="0" SRC="&lt;ul xmlns=&quot;http://www.w3.org/1999/xhtml&quot; class=&quot;banquantam&quot;&gt;                            &lt;li&gt;&lt;strong&gt;Nhà đất Quận 2&lt;/strong&gt;&lt;/li&gt;                                   &lt;li&gt;&lt;a href=&quot;http://123nhadat.vn/raovat-c6/ban-can-ho-chung-cu-tai-quan-2-37&quot; title=&quot;Ban can ho chung cu Quan 2&quot;&gt;Bán căn hộ chung cư Quận 2&lt;/a&gt; (&lt;span style=&quot;color:green&quot;&gt;69964&lt;/span&gt;)&lt;/li&gt;              &lt;li&gt;&lt;a href=&quot;http://123nhadat.vn/raovat-c5/ban-dat-nen-du-an-tai-quan-2-37&quot; title=&quot;Ban dat nen du an Quan 2&quot;&gt;Bán đất nền dự án Quận 2&lt;/a&gt; (&lt;span style=&quot;color:green&quot;&gt;14717&lt;/span&gt;)&lt;/li&gt;              &lt;li&gt;&lt;a href=&quot;http://123nhadat.vn/raovat-c11/ban-dat-tai-quan-2-37&quot; title=&quot;Ban dat Quan 2&quot;&gt;Bán đất Quận 2&lt;/a&gt; (&lt;span style=&quot;color:green&quot;&gt;13890&lt;/span&gt;)&lt;/li&gt;              &lt;li&gt;&lt;a href=&quot;http://123nhadat.vn/raovat-c8/ban-nha-rieng-tai-quan-2-37&quot; title=&quot;Ban nha Quan 2&quot;&gt;Bán nhà Quận 2&lt;/a&gt; (&lt;span style=&quot;color:green&quot;&gt;6843&lt;/span&gt;)&lt;/li&gt;              &lt;li&gt;&lt;a href=&quot;http://123nhadat.vn/raovat-c3/ban-biet-thu-trong-du-an-tai-quan-2-37&quot; title=&quot;Ban biet thu Quan 2&quot;&gt;Bán biệt thự Quận 2&lt;/a&gt; (&lt;span style=&quot;color:green&quot;&gt;6634&lt;/span&gt;)&lt;/li&gt;              &lt;li&gt;&lt;a href=&quot;http://123nhadat.vn/raovat-c9/ban-nha-mat-pho-tai-quan-2-37&quot; title=&quot;Ban nha mat tien Quan 2&quot;&gt;Bán nhà mặt tiền Quận 2&lt;/a&gt; (&lt;span style=&quot;color:green&quot;&gt;5813&lt;/span&gt;)&lt;/li&gt;              &lt;li&gt;&lt;a href=&quot;http://123nhadat.vn/raovat-c13/ban-kho-nha-xuong-tai-quan-2-37&quot; title=&quot;Ban kho, nha xuong Quan 2&quot;&gt;Bán kho, nhà xưởng Quận 2&lt;/a&gt; (&lt;span style=&quot;color:green&quot;&gt;216&lt;/span&gt;)&lt;/li&gt;              &lt;li&gt;&lt;a href=&quot;http://123nhadat.vn/raovat-c15/ban-mat-bang-cua-hang-tai-quan-2-37&quot; title=&quot;Ban mat bang, cua hang Quan 2&quot;&gt;Bán mặt bằng, cửa hàng Quận 2&lt;/a&gt; (&lt;span style=&quot;color:green&quot;&gt;190&lt;/span&gt;)&lt;/li&gt;              &lt;li&gt;&lt;a href=&quot;http://123nhadat.vn/raovat-c10/ban-nha-phan-lo-tai-quan-2-37&quot; title=&quot;Ban nha phan lo Quan 2&quot;&gt;Bán nhà phân lô Quận 2&lt;/a&gt; (&lt;span style=&quot;color:green&quot;&gt;93&lt;/span&gt;)&lt;/li&gt;              &lt;li&gt;&lt;a href=&quot;http://123nhadat.vn/raovat-c12/ban-trang-trai-khu-nghi-duong-tai-quan-2-37&quot; title=&quot;Ban trang trai,khu nghi duong Quan 2&quot;&gt;Bán trang trại,khu nghỉ dưỡng Quận 2&lt;/a&gt; (&lt;span style=&quot;color:green&quot;&gt;27&lt;/span&gt;)&lt;/li&gt;              &lt;li&gt;&lt;a href=&quot;http://123nhadat.vn/raovat-c14/ban-khach-san-nha-nghi-tai-quan-2-37&quot; title=&quot;Ban khach san, nha nghi Quan 2&quot;&gt;Bán khách sạn, nhà nghỉ Quận 2&lt;/a&gt; (&lt;span style=&quot;color:green&quot;&gt;14&lt;/span&gt;)&lt;/li&gt;                               &lt;/ul&gt;&lt;ul xmlns=&quot;http://www.w3.org/1999/xhtml&quot; class=&quot;banquantam&quot;&gt;                            &lt;li&gt;&lt;strong&gt;Nhà đất bán tại Hồ Chí Minh&lt;/strong&gt;&lt;/li&gt;                                   &lt;li&gt;&lt;a href=&quot;http://123nhadat.vn/raovat-c6/ban-can-ho-chung-cu-tai-tp-hcm-3&quot; title=&quot;Ban can ho chung cu Tp.HCM&quot;&gt;Bán căn hộ chung cư Tp.HCM&lt;/a&gt; (&lt;span style=&quot;color:green&quot;&gt;500881&lt;/span&gt;)&lt;/li&gt;               &lt;li&gt;&lt;a href=&quot;http://123nhadat.vn/raovat-c8/ban-nha-rieng-tai-tp-hcm-3&quot; title=&quot;Ban nha Tp.HCM&quot;&gt;Bán nhà Tp.HCM&lt;/a&gt; (&lt;span style=&quot;color:green&quot;&gt;375015&lt;/span&gt;)&lt;/li&gt;               &lt;li&gt;&lt;a href=&quot;http://123nhadat.vn/raovat-c9/ban-nha-mat-pho-tai-tp-hcm-3&quot; title=&quot;Ban nha mat tien Tp.HCM&quot;&gt;Bán nhà mặt tiền Tp.HCM&lt;/a&gt; (&lt;span style=&quot;color:green&quot;&gt;324140&lt;/span&gt;)&lt;/li&gt;               &lt;li&gt;&lt;a href=&quot;http://123nhadat.vn/raovat-c11/ban-dat-tai-tp-hcm-3&quot; title=&quot;Ban dat Tp.HCM&quot;&gt;Bán đất Tp.HCM&lt;/a&gt; (&lt;span style=&quot;color:green&quot;&gt;265077&lt;/span&gt;)&lt;/li&gt;               &lt;li&gt;&lt;a href=&quot;http://123nhadat.vn/raovat-c5/ban-dat-nen-du-an-tai-tp-hcm-3&quot; title=&quot;Ban dat nen du an Tp.HCM&quot;&gt;Bán đất nền dự án Tp.HCM&lt;/a&gt; (&lt;span style=&quot;color:green&quot;&gt;82987&lt;/span&gt;)&lt;/li&gt;               &lt;li&gt;&lt;a href=&quot;http://123nhadat.vn/raovat-c3/ban-biet-thu-trong-du-an-tai-tp-hcm-3&quot; title=&quot;Ban biet thu Tp.HCM&quot;&gt;Bán biệt thự Tp.HCM&lt;/a&gt; (&lt;span style=&quot;color:green&quot;&gt;41263&lt;/span&gt;)&lt;/li&gt;               &lt;li&gt;&lt;a href=&quot;http://123nhadat.vn/raovat-c13/ban-kho-nha-xuong-tai-tp-hcm-3&quot; title=&quot;Ban kho, nha xuong Tp.HCM&quot;&gt;Bán kho, nhà xưởng Tp.HCM&lt;/a&gt; (&lt;span style=&quot;color:green&quot;&gt;12360&lt;/span&gt;)&lt;/li&gt;               &lt;li&gt;&lt;a href=&quot;http://123nhadat.vn/raovat-c15/ban-mat-bang-cua-hang-tai-tp-hcm-3&quot; title=&quot;Ban mat bang, cua hang Tp.HCM&quot;&gt;Bán mặt bằng, cửa hàng Tp.HCM&lt;/a&gt; (&lt;span style=&quot;color:green&quot;&gt;9820&lt;/span&gt;)&lt;/li&gt;               &lt;li&gt;&lt;a href=&quot;http://123nhadat.vn/raovat-c14/ban-khach-san-nha-nghi-tai-tp-hcm-3&quot; title=&quot;Ban khach san, nha nghi Tp.HCM&quot;&gt;Bán khách sạn, nhà nghỉ Tp.HCM&lt;/a&gt; (&lt;span style=&quot;color:green&quot;&gt;3025&lt;/span&gt;)&lt;/li&gt;               &lt;li&gt;&lt;a href=&quot;http://123nhadat.vn/raovat-c12/ban-trang-trai-khu-nghi-duong-tai-tp-hcm-3&quot; title=&quot;Ban trang trai,khu nghi duong Tp.HCM&quot;&gt;Bán trang trại,khu nghỉ dưỡng Tp.HCM&lt;/a&gt; (&lt;span style=&quot;color:green&quot;&gt;1416&lt;/span&gt;)&lt;/li&gt;               &lt;li&gt;&lt;a href=&quot;http://123nhadat.vn/raovat-c10/ban-nha-phan-lo-tai-tp-hcm-3&quot; title=&quot;Ban nha phan lo Tp.HCM&quot;&gt;Bán nhà phân lô Tp.HCM&lt;/a&gt; (&lt;span style=&quot;color:green&quot;&gt;1326&lt;/span&gt;)&lt;/li&gt;                                                                                                                    &lt;/ul&gt;" SourceIndex="2453;2548" TableNum="0" TextLen="725" order="89" xPath="/html[1]/body[1]/div[1]/div[4]/div[1]/div[1]/div[14]/div[2]/ul[1]"/>
<LayoutNode BgColor="#ffffff" ContainImg="0" ContainP="0" ContainTable="false" Content="  Bán đất tại Hồ Chí Minh:Huyện Đức HòaQuận Kiến AnQuận 11Quận 5Quận 4Quận 10Quận 3Quận 6Quận Phú NhuậnHuyện Cần GiờQuận Tân BìnhQuận 8Quận Tân PhúQuận Gò VấpQuận Bình ThạnhHuyện Củ ChiQuận 7Quận 12Quận Bình TânHuyện Hóc MônHuyện Nhà BèQuận Thủ ĐứcHuyện Bình ChánhQuận 9 " DOMCldNum="3" DoC="8" FontSize="13" FontWeight="normal" FormNum="0" FormSize="0" FrameSourceIndex="0" ID="1-22" InteractionNum="0" InteractionSize="0" IsImg="false" LinkNum="50" LinkTextLen="250" ObjectHeight="78" ObjectRectHeight="78" ObjectRectLeft="0" ObjectRectTop="6461" ObjectRectWidth="1420" ObjectWidth="958" ObjectX="251" ObjectY="6461" OptionNum="0" OptionTextLength="0" ParaNum="0" SRC="&lt;ul xmlns=&quot;http://www.w3.org/1999/xhtml&quot;&gt;                    &lt;li&gt;  &lt;strong&gt;Bán đất tại Hồ Chí Minh:&lt;/strong&gt;&lt;/li&gt;                         &lt;li&gt;&lt;a href=&quot;http://123nhadat.vn/raovat-c11/ban-dat-tai-huyen-duc-hoa-436&quot; title=&quot;Ban dat Huyen Duc Hoa&quot;&gt;Huyện Đức Hòa&lt;/a&gt;&lt;/li&gt;                         &lt;li&gt;&lt;a href=&quot;http://123nhadat.vn/raovat-c11/ban-dat-tai-quan-kien-an-63&quot; title=&quot;Ban dat Quan Kien An&quot;&gt;Quận Kiến An&lt;/a&gt;&lt;/li&gt;                         &lt;li&gt;&lt;a href=&quot;http://123nhadat.vn/raovat-c11/ban-dat-tai-quan-11-46&quot; title=&quot;Ban dat Quan 11&quot;&gt;Quận 11&lt;/a&gt;&lt;/li&gt;                         &lt;li&gt;&lt;a href=&quot;http://123nhadat.vn/raovat-c11/ban-dat-tai-quan-5-40&quot; title=&quot;Ban dat Quan 5&quot;&gt;Quận 5&lt;/a&gt;&lt;/li&gt;                         &lt;li&gt;&lt;a href=&quot;http://123nhadat.vn/raovat-c11/ban-dat-tai-quan-4-39&quot; title=&quot;Ban dat Quan 4&quot;&gt;Quận 4&lt;/a&gt;&lt;/li&gt;                         &lt;li&gt;&lt;a href=&quot;http://123nhadat.vn/raovat-c11/ban-dat-tai-quan-10-45&quot; title=&quot;Ban dat Quan 10&quot;&gt;Quận 10&lt;/a&gt;&lt;/li&gt;                         &lt;li&gt;&lt;a href=&quot;http://123nhadat.vn/raovat-c11/ban-dat-tai-quan-3-38&quot; title=&quot;Ban dat Quan 3&quot;&gt;Quận 3&lt;/a&gt;&lt;/li&gt;                         &lt;li&gt;&lt;a href=&quot;http://123nhadat.vn/raovat-c11/ban-dat-tai-quan-6-41&quot; title=&quot;Ban dat Quan 6&quot;&gt;Quận 6&lt;/a&gt;&lt;/li&gt;                         &lt;li&gt;&lt;a href=&quot;http://123nhadat.vn/raovat-c11/ban-dat-tai-quan-phu-nhuan-49&quot; title=&quot;Ban dat Quan Phu Nhuan&quot;&gt;Quận Phú Nhuận&lt;/a&gt;&lt;/li&gt;                         &lt;li&gt;&lt;a href=&quot;http://123nhadat.vn/raovat-c11/ban-dat-tai-quan-1-36&quot; title=&quot;Ban dat Quan 1&quot;&gt;Quận 1&lt;/a&gt;&lt;/li&gt;                         &lt;li&gt;&lt;a href=&quot;http://123nhadat.vn/raovat-c11/ban-dat-tai-huyen-can-gio-57&quot; title=&quot;Ban dat Huyen Can Gio&quot;&gt;Huyện Cần Giờ&lt;/a&gt;&lt;/li&gt;                         &lt;li&gt;&lt;a href=&quot;http://123nhadat.vn/raovat-c11/ban-dat-tai-quan-tan-binh-51&quot; title=&quot;Ban dat Quan Tan Binh&quot;&gt;Quận Tân Bình&lt;/a&gt;&lt;/li&gt;                         &lt;li&gt;&lt;a href=&quot;http://123nhadat.vn/raovat-c11/ban-dat-tai-quan-8-43&quot; title=&quot;Ban dat Quan 8&quot;&gt;Quận 8&lt;/a&gt;&lt;/li&gt;                         &lt;li&gt;&lt;a href=&quot;http://123nhadat.vn/raovat-c11/ban-dat-tai-quan-tan-phu-59&quot; title=&quot;Ban dat Quan Tan Phu&quot;&gt;Quận Tân Phú&lt;/a&gt;&lt;/li&gt;                         &lt;li&gt;&lt;a href=&quot;http://123nhadat.vn/raovat-c11/ban-dat-tai-quan-go-vap-48&quot; title=&quot;Ban dat Quan Go Vap&quot;&gt;Quận Gò Vấp&lt;/a&gt;&lt;/li&gt;                         &lt;li&gt;&lt;a href=&quot;http://123nhadat.vn/raovat-c11/ban-dat-tai-quan-binh-thanh-50&quot; title=&quot;Ban dat Quan Binh Thanh&quot;&gt;Quận Bình Thạnh&lt;/a&gt;&lt;/li&gt;                         &lt;li&gt;&lt;a href=&quot;http://123nhadat.vn/raovat-c11/ban-dat-tai-huyen-cu-chi-56&quot; title=&quot;Ban dat Huyen Cu Chi&quot;&gt;Huyện Củ Chi&lt;/a&gt;&lt;/li&gt;                         &lt;li&gt;&lt;a href=&quot;http://123nhadat.vn/raovat-c11/ban-dat-tai-quan-7-42&quot; title=&quot;Ban dat Quan 7&quot;&gt;Quận 7&lt;/a&gt;&lt;/li&gt;                         &lt;li&gt;&lt;a href=&quot;http://123nhadat.vn/raovat-c11/ban-dat-tai-quan-12-47&quot; title=&quot;Ban dat Quan 12&quot;&gt;Quận 12&lt;/a&gt;&lt;/li&gt;                         &lt;li&gt;&lt;a href=&quot;http://123nhadat.vn/raovat-c11/ban-dat-tai-quan-binh-tan-684&quot; title=&quot;Ban dat Quan Binh Tan&quot;&gt;Quận Bình Tân&lt;/a&gt;&lt;/li&gt;                         &lt;li&gt;&lt;a href=&quot;http://123nhadat.vn/raovat-c11/ban-dat-tai-huyen-hoc-mon-55&quot; title=&quot;Ban dat Huyen Hoc Mon&quot;&gt;Huyện Hóc Môn&lt;/a&gt;&lt;/li&gt;                         &lt;li&gt;&lt;a href=&quot;http://123nhadat.vn/raovat-c11/ban-dat-tai-huyen-nha-be-54&quot; title=&quot;Ban dat Huyen Nha Be&quot;&gt;Huyện Nhà Bè&lt;/a&gt;&lt;/li&gt;                         &lt;li&gt;&lt;a href=&quot;http://123nhadat.vn/raovat-c11/ban-dat-tai-quan-thu-duc-52&quot; title=&quot;Ban dat Quan Thu Duc&quot;&gt;Quận Thủ Đức&lt;/a&gt;&lt;/li&gt;                         &lt;li&gt;&lt;a href=&quot;http://123nhadat.vn/raovat-c11/ban-dat-tai-huyen-binh-chanh-53&quot; title=&quot;Ban dat Huyen Binh Chanh&quot;&gt;Huyện Bình Chánh&lt;/a&gt;&lt;/li&gt;                         &lt;li&gt;&lt;a href=&quot;http://123nhadat.vn/raovat-c11/ban-dat-tai-quan-9-44&quot; title=&quot;Ban dat Quan 9&quot;&gt;Quận 9&lt;/a&gt;&lt;/li&gt;                     &lt;/ul&gt;" SourceIndex="3455" TableNum="0" TextLen="276" order="90" xPath="/html[1]/body[1]/div[1]/div[4]/div[3]/div[1]/ul[1]"/>
<LayoutNode BgColor="#5eab1f" ContainImg="0" ContainP="0" ContainTable="false" Content="Báo giá quảng cáo Quy chế đăng tin Quy chế hoạt động Câu hỏi thường gặp Hỗ trợ - góp ý Tuyển dụng Rss " DOMCldNum="13" DoC="5" FontSize="13" FontWeight="normal" FormNum="0" FormSize="0" FrameSourceIndex="0" ID="1-23" InteractionNum="0" InteractionSize="0" IsImg="false" LinkNum="14" LinkTextLen="95" ObjectHeight="34" ObjectRectHeight="34" ObjectRectLeft="0" ObjectRectTop="6582" ObjectRectWidth="1420" ObjectWidth="1000" ObjectX="210" ObjectY="6582" OptionNum="0" OptionTextLength="0" ParaNum="0" SRC="&lt;div xmlns=&quot;http://www.w3.org/1999/xhtml&quot; class=&quot;menu_bottom&quot;&gt;                &lt;ul&gt;                                                                                      &lt;li&gt;&lt;a href=&quot;http://123nhadat.vn/bao-gia-quang-cao&quot;&gt;Báo giá quảng cáo&lt;/a&gt;&lt;/li&gt;                    &lt;li&gt;&lt;a href=&quot;http://123nhadat.vn/quy-che-dang-tin&quot;&gt;Quy chế đăng tin&lt;/a&gt;&lt;/li&gt;                    &lt;li&gt;&lt;a href=&quot;http://123nhadat.vn/quy-che-hoat-dong&quot;&gt;Quy chế hoạt động&lt;/a&gt;&lt;/li&gt;                    &lt;li&gt;&lt;a href=&quot;http://blog.123nhadat.vn/category/hoi-dap/&quot;&gt;Câu hỏi thường gặp&lt;/a&gt;&lt;/li&gt;                    &lt;li&gt;&lt;a href=&quot;http://123nhadat.vn/contact.html&quot;&gt;Hỗ trợ - góp ý&lt;/a&gt;&lt;/li&gt;                    &lt;li&gt;&lt;a href=&quot;http://123nhadat.vn/tuyen-dung&quot;&gt;Tuyển dụng&lt;/a&gt;&lt;/li&gt;                    &lt;li&gt;&lt;a href=&quot;http://123nhadat.vn/rss&quot;&gt;Rss&lt;/a&gt;&lt;/li&gt;                &lt;/ul&gt;            &lt;/div&gt;" SourceIndex="3574" TableNum="0" TextLen="95" order="91" xPath="/html[1]/body[1]/div[1]/div[4]/div[3]/div[3]"/>
<LayoutNode BgColor="#ffffff" ContainImg="0" ContainP="0" ContainTable="false" Content="Copyright © 2011 - 2017 123nhadat.vn. ® Ghi rõ nguồn &quot;123nhadat.vn&quot; khi phát hành lại thông tin từ website này. " DOMCldNum="18" DoC="10" FontSize="13" FontWeight="normal" FormNum="0" FormSize="0" FrameSourceIndex="0" ID="1-24" InteractionNum="0" InteractionSize="0" IsImg="false" LinkNum="0" LinkTextLen="0" ObjectHeight="16" ObjectRectHeight="16" ObjectRectLeft="0" ObjectRectTop="6637" ObjectRectWidth="1420" ObjectWidth="231" ObjectX="381" ObjectY="6637" OptionNum="0" OptionTextLength="0" ParaNum="0" SRC="Copyright © 2011 - 2017 123nhadat.vn. &lt;span xmlns=&quot;http://www.w3.org/1999/xhtml&quot; class=&quot;khonghien_mobile&quot;&gt;® Ghi rõ nguồn &quot;123nhadat.vn&quot; khi phát hành lại thông tin từ website này.&lt;/span&gt;" SourceIndex="0;3615" TableNum="0" TextLen="111" order="92" xPath="No Xpath"/>
<LayoutNode BgColor="#ffffff" ContainImg="0" ContainP="0" ContainTable="false" Content="Công ty Cổ phần Truyền thông và Công nghệ Nguyễn Trần " DOMCldNum="18" DoC="8" FontSize="13" FontWeight="normal" FormNum="0" FormSize="0" FrameSourceIndex="0" ID="1-25" InteractionNum="0" InteractionSize="0" IsImg="false" LinkNum="0" LinkTextLen="0" ObjectHeight="16" ObjectRectHeight="16" ObjectRectLeft="0" ObjectRectTop="6663" ObjectRectWidth="1420" ObjectWidth="364" ObjectX="528" ObjectY="6663" OptionNum="0" OptionTextLength="0" ParaNum="0" SRC="&lt;span xmlns=&quot;http://www.w3.org/1999/xhtml&quot; class=&quot;khonghien_mobile&quot;&gt;&lt;b&gt;Công ty Cổ phần Truyền thông và Công nghệ Nguyễn Trần&lt;/b&gt;&lt;br/&gt;&lt;/span&gt;" SourceIndex="3619" TableNum="0" TextLen="53" order="93" xPath="/html[1]/body[1]/div[1]/div[4]/div[3]/div[4]/p[1]/span[2]"/>
<LayoutNode BgColor="#ffffff" ContainImg="0" ContainP="0" ContainTable="false" Content="Giấy chứng nhận ĐKKD số 0106006379 do Sở Kế hoạch &amp; Đầu tư TP.Hà Nội cấp " DOMCldNum="18" DoC="8" FontSize="13" FontWeight="normal" FormNum="0" FormSize="0" FrameSourceIndex="0" ID="1-26" InteractionNum="0" InteractionSize="0" IsImg="false" LinkNum="0" LinkTextLen="0" ObjectHeight="16" ObjectRectHeight="16" ObjectRectLeft="0" ObjectRectTop="6689" ObjectRectWidth="1420" ObjectWidth="477" ObjectX="471" ObjectY="6689" OptionNum="0" OptionTextLength="0" ParaNum="0" SRC="&lt;span xmlns=&quot;http://www.w3.org/1999/xhtml&quot; class=&quot;khonghien_mobile&quot;&gt;Giấy chứng nhận ĐKKD số 0106006379 do Sở Kế hoạch &amp; Đầu tư TP.Hà Nội cấp&lt;br/&gt;&lt;/span&gt;" SourceIndex="3624" TableNum="0" TextLen="72" order="94" xPath="/html[1]/body[1]/div[1]/div[4]/div[3]/div[4]/p[1]/span[3]"/>
<LayoutNode BgColor="#ffffff" ContainImg="0" ContainP="0" ContainTable="false" Content="Địa chỉ: Số 13 ngõ 189 Hoàng Hoa Thám,phường Liễu Giai,quận Ba Đình, Hà Nội " DOMCldNum="18" DoC="8" FontSize="13" FontWeight="normal" FormNum="0" FormSize="0" FrameSourceIndex="0" ID="1-27" InteractionNum="0" InteractionSize="0" IsImg="false" LinkNum="0" LinkTextLen="0" ObjectHeight="16" ObjectRectHeight="16" ObjectRectLeft="0" ObjectRectTop="6715" ObjectRectWidth="1420" ObjectWidth="472" ObjectX="474" ObjectY="6715" OptionNum="0" OptionTextLength="0" ParaNum="0" SRC="&lt;span xmlns=&quot;http://www.w3.org/1999/xhtml&quot; class=&quot;khonghien_mobile&quot;&gt;Địa chỉ: Số 13 ngõ 189 Hoàng Hoa Thám,phường Liễu Giai,quận Ba Đình, Hà Nội&lt;br/&gt;&lt;/span&gt;" SourceIndex="3628" TableNum="0" TextLen="75" order="95" xPath="/html[1]/body[1]/div[1]/div[4]/div[3]/div[4]/p[1]/span[4]"/>
<LayoutNode BgColor="#ffffff" ContainImg="2" ContainP="0" ContainTable="false" DOMCldNum="18" DoC="7" FontSize="13" FontWeight="normal" FormNum="0" FormSize="0" FrameSourceIndex="0" ID="1-28" InteractionNum="0" InteractionSize="0" IsImg="false" LinkNum="0" LinkTextLen="0" ObjectRectHeight="135" ObjectRectLeft="0" ObjectRectTop="6736" ObjectRectWidth="1420" OptionNum="0" OptionTextLength="0" ParaNum="0" SourceIndex="3613" TableNum="0" TextLen="165" order="96">
<LayoutNode BgColor="#ffffff" ContainImg="0" ContainP="0" ContainTable="false" DOMCldNum="18" DoC="8" FontSize="13" FontWeight="normal" FormNum="0" FormSize="0" FrameSourceIndex="0" ID="1-28-1" InteractionNum="0" InteractionSize="0" IsImg="false" LinkNum="0" LinkTextLen="0" ObjectRectHeight="135" ObjectRectLeft="0" ObjectRectTop="6736" ObjectRectWidth="881" OptionNum="0" OptionTextLength="0" ParaNum="0" SourceIndex="3613" TableNum="0" TextLen="165" order="97">
<LayoutNode BgColor="#ffffff" ContainImg="0" ContainP="0" ContainTable="false" Content="Thời gian làm việc: 8h đến 17h ngày Thứ 2 đến thứ 6 ,Thứ 7 từ 8h đến 12h. " DOMCldNum="18" DoC="8" FontSize="13" FontWeight="normal" FormNum="0" FormSize="0" FrameSourceIndex="0" ID="1-28-1-1" InteractionNum="0" InteractionSize="0" IsImg="false" LinkNum="0" LinkTextLen="0" ObjectHeight="16" ObjectRectHeight="21" ObjectRectLeft="0" ObjectRectTop="6736" ObjectRectWidth="881" ObjectWidth="443" ObjectX="438" ObjectY="6741" OptionNum="0" OptionTextLength="0" ParaNum="0" SRC="&lt;span xmlns=&quot;http://www.w3.org/1999/xhtml&quot; class=&quot;khonghien_mobile&quot;&gt;Thời gian làm việc: 8h đến 17h ngày Thứ 2 đến thứ 6 ,Thứ 7 từ 8h đến 12h.&lt;br/&gt;&lt;/span&gt;" SourceIndex="3635" TableNum="0" TextLen="73" order="98" xPath="/html[1]/body[1]/div[1]/div[4]/div[3]/div[4]/p[1]/span[5]"/>
<LayoutNode BgColor="#ffffff" ContainImg="0" ContainP="0" ContainTable="false" Content="Hotline: 09.1800.8589 | Email: contact@123nhadat.vn " DOMCldNum="18" DoC="10" FontSize="13" FontWeight="normal" FormNum="0" FormSize="0" FrameSourceIndex="0" ID="1-28-1-2" InteractionNum="0" InteractionSize="0" IsImg="false" LinkNum="0" LinkTextLen="0" ObjectHeight="16" ObjectRectHeight="16" ObjectRectLeft="0" ObjectRectTop="6767" ObjectRectWidth="881" ObjectWidth="312" ObjectX="504" ObjectY="6767" OptionNum="0" OptionTextLength="0" ParaNum="0" SRC="Hotline: 09.1800.8589 | Email: contact@123nhadat.vn" SourceIndex="0" TableNum="0" TextLen="51" order="99" xPath="No Xpath"/>
<LayoutNode BgColor="#ffffff" ContainImg="0" ContainP="0" ContainTable="false" Content="Tel : 02437.123.666 | Fax : 02437.123.555 " DOMCldNum="18" DoC="10" FontSize="13" FontWeight="normal" FormNum="0" FormSize="0" FrameSourceIndex="0" ID="1-28-1-3" InteractionNum="0" InteractionSize="0" IsImg="false" LinkNum="0" LinkTextLen="0" ObjectHeight="16" ObjectRectHeight="78" ObjectRectLeft="0" ObjectRectTop="6793" ObjectRectWidth="881" ObjectWidth="245" ObjectX="537" ObjectY="6793" OptionNum="0" OptionTextLength="0" ParaNum="0" SRC="Tel : 02437.123.666 | Fax : 02437.123.555" SourceIndex="0" TableNum="0" TextLen="41" order="100" xPath="No Xpath"/>
</LayoutNode>
<LayoutNode BgColor="#ffffff" ContainImg="2" ContainP="0" ContainTable="false" Content=" " DOMCldNum="1" DoC="8" FontSize="13" FontWeight="normal" FormNum="0" FormSize="0" FrameSourceIndex="0" ID="1-28-2" InteractionNum="0" InteractionSize="0" IsImg="true" LinkNum="0" LinkTextLen="0" ObjectHeight="65" ObjectRectHeight="135" ObjectRectLeft="1110" ObjectRectTop="6736" ObjectRectWidth="310" ObjectWidth="100" ObjectX="1110" ObjectY="6736" OptionNum="0" OptionTextLength="0" ParaNum="0" SRC="&lt;img xmlns=&quot;http://www.w3.org/1999/xhtml&quot; alt=&quot;&quot; src=&quot;http://123nhadat.vn/images/s1.png&quot;/&gt;" SourceIndex="7346" TableNum="0" TextLen="0" order="101" xPath="/html[1]/body[1]/div[1]/div[4]/div[3]/div[4]/p[1]/a[1]/img[1]"/>
</LayoutNode>
</LayoutNode>
</VIPSPage>
