<VIPSPage PageRectHeight="980" PageRectLeft="0" PageRectTop="0" PageRectWidth="1420" PageTitle="Bán nhà mặt phố Trích Sài, Tây Hồ: 70m, 5 tầng, Mt: 4,2m. view đẹp, Giá: 29,5 tỷ. 0944828386 - Mã tin 4296787" Url="http://123nhadat.vn/raovat-t4296787/ban-nha-mat-pho-tai-duong-tay-ho/trich-sai-70m-5-tang-mt-42m-view-dep-gia-295-ty-0944828386.html" WindowHeight="980" WindowWidth="1420" neworder="0" order="0">
<LayoutNode BgColor="#ffffff" ContainImg="16" ContainP="1" ContainTable="false" DOMCldNum="15" DoC="1" FontSize="13" FontWeight="normal" FormNum="3" FormSize="20" FrameSourceIndex="0" ID="1" InteractionNum="0" InteractionSize="0" IsImg="false" LinkNum="286" LinkTextLen="2607" ObjectRectHeight="6716" ObjectRectLeft="0" ObjectRectTop="0" ObjectRectWidth="1420" OptionNum="0" OptionTextLength="0" ParaNum="1" SourceIndex="204" TableNum="0" TextLen="8731" order="1">
<LayoutNode BgColor="#ffffff" ContainImg="1" ContainP="0" ContainTable="false" Content=" " DOMCldNum="15" DoC="8" FontSize="13" FontWeight="normal" FormNum="0" FormSize="0" FrameSourceIndex="0" ID="1-1" InteractionNum="0" InteractionSize="0" IsImg="false" LinkNum="2" LinkTextLen="0" ObjectHeight="92" ObjectRectHeight="102" ObjectRectLeft="0" ObjectRectTop="0" ObjectRectWidth="1420" ObjectWidth="1000" ObjectX="210" ObjectY="10" OptionNum="0" OptionTextLength="0" ParaNum="0" SRC="&lt;div xmlns=&quot;http://www.w3.org/1999/xhtml&quot; class=&quot;logo_banner&quot;&gt;            &lt;div class=&quot;logo&quot;&gt;                &lt;a href=&quot;http://123nhadat.vn/&quot;&gt;&lt;img alt=&quot;&quot; src=&quot;http://123nhadat.vn/uploads/logo_web.png&quot;/&gt;&lt;/a&gt;            &lt;/div&gt;            &lt;div class=&quot;banner&quot; id=&quot;top-banner1&quot;&gt;                &lt;!-- Banner_vertical --&gt;&lt;ins class=&quot;adsbygoogle&quot; data-ad-client=&quot;ca-pub-7688425822787883&quot; data-ad-format=&quot;auto&quot; data-ad-slot=&quot;6087119449&quot; data-full-width-responsive=&quot;true&quot; style=&quot;display:block&quot;/&gt;&lt;script&gt;     (adsbygoogle = window.adsbygoogle || []).push({});&lt;/script&gt;            &lt;/div&gt;        &lt;/div&gt;" SourceIndex="206" TableNum="0" TextLen="0" order="2" xPath="/html[1]/body[1]/div[1]/div[2]/div[1]"/>
<LayoutNode BgColor="#ffffff" ContainImg="1" ContainP="0" ContainTable="false" Content=" Nhà đất bán Nhà đất cho thuê Tin thị trường Kiến thức Dự án Báo giá dịch vụ Vé máy bay giá rẻ Tìm kiếm Đăng tin bán/ Cho thuê Cần mua/ Cần thuê Đăng ký Đăng nhập var uLogIn = 0; " DOMCldNum="19" DoC="5" FontSize="14" FontWeight="600" FormNum="1" FormSize="20" FrameSourceIndex="0" ID="1-2" InteractionNum="0" InteractionSize="0" IsImg="false" LinkNum="24" LinkTextLen="142" ObjectHeight="40" ObjectRectHeight="85" ObjectRectLeft="0" ObjectRectTop="112" ObjectRectWidth="1420" ObjectWidth="50" ObjectX="210" ObjectY="112" OptionNum="0" OptionTextLength="0" ParaNum="0" SRC="&lt;li xmlns=&quot;http://www.w3.org/1999/xhtml&quot; id=&quot;home_link&quot;&gt;&lt;a href=&quot;http://123nhadat.vn/&quot;&gt;&lt;img alt=&quot;icon home&quot; class=&quot;icon_home&quot; src=&quot;http://123nhadat.vn/images/icon_home.png&quot;/&gt;&lt;/a&gt;&lt;span class=&quot;mb_min&quot; onclick=&quot;jPanelMenu.close();&quot;&gt;Đóng lại&lt;/span&gt;&lt;/li&gt;&lt;li xmlns=&quot;http://www.w3.org/1999/xhtml&quot;&gt;&lt;a class=&quot;active&quot; href=&quot;http://123nhadat.vn/raovat-c1/nha-dat-ban&quot;&gt;Nhà đất bán&lt;/a&gt;&lt;span class=&quot;child_mobile_show&quot; onclick=&quot;$('.con_1').toggle();&quot;/&gt;                              &lt;ul class=&quot;con_1&quot;&gt;                                   &lt;li&gt;&lt;a href=&quot;http://123nhadat.vn/raovat-c3/ban-biet-thu-trong-du-an&quot;&gt;Bán biệt thự&lt;/a&gt;&lt;/li&gt;                                   &lt;li&gt;&lt;a href=&quot;http://123nhadat.vn/raovat-c5/ban-dat-nen-du-an&quot;&gt;Bán đất nền dự án&lt;/a&gt;&lt;/li&gt;                                   &lt;li&gt;&lt;a href=&quot;http://123nhadat.vn/raovat-c6/ban-can-ho-chung-cu&quot;&gt;Bán căn hộ chung cư&lt;/a&gt;&lt;/li&gt;                                   &lt;li&gt;&lt;a href=&quot;http://123nhadat.vn/raovat-c8/ban-nha-rieng&quot;&gt;Bán nhà riêng&lt;/a&gt;&lt;/li&gt;                                   &lt;li&gt;&lt;a href=&quot;http://123nhadat.vn/raovat-c9/ban-nha-mat-pho&quot;&gt;Bán nhà mặt phố&lt;/a&gt;&lt;/li&gt;                                   &lt;li&gt;&lt;a href=&quot;http://123nhadat.vn/raovat-c10/ban-nha-phan-lo&quot;&gt;Bán nhà phân lô&lt;/a&gt;&lt;/li&gt;                                   &lt;li&gt;&lt;a href=&quot;http://123nhadat.vn/raovat-c11/ban-dat&quot;&gt;Bán đất&lt;/a&gt;&lt;/li&gt;                                   &lt;li&gt;&lt;a href=&quot;http://123nhadat.vn/raovat-c12/ban-trang-trai-khu-nghi-duong&quot;&gt;Bán trang trại,khu nghỉ dưỡng&lt;/a&gt;&lt;/li&gt;                                   &lt;li&gt;&lt;a href=&quot;http://123nhadat.vn/raovat-c13/ban-kho-nha-xuong&quot;&gt;Bán kho, nhà xưởng&lt;/a&gt;&lt;/li&gt;                                   &lt;li&gt;&lt;a href=&quot;http://123nhadat.vn/raovat-c14/ban-khach-san-nha-nghi&quot;&gt;Bán khách sạn, nhà nghỉ&lt;/a&gt;&lt;/li&gt;                                   &lt;li&gt;&lt;a href=&quot;http://123nhadat.vn/raovat-c15/ban-mat-bang-cua-hang&quot;&gt;Bán mặt bằng, cửa hàng&lt;/a&gt;&lt;/li&gt;                               &lt;/ul&gt;                          &lt;/li&gt;&lt;li xmlns=&quot;http://www.w3.org/1999/xhtml&quot;&gt;&lt;a class=&quot;mbL_nhadat_2&quot; href=&quot;http://123nhadat.vn/raovat-c2/nha-dat-cho-thue&quot;&gt;Nhà đất cho thuê&lt;/a&gt;&lt;span class=&quot;child_mobile_show&quot; onclick=&quot;$('.con_2').toggle();&quot;/&gt;                              &lt;ul class=&quot;con_2&quot;&gt;                                   &lt;li&gt;&lt;a href=&quot;http://123nhadat.vn/raovat-c4/cho-thue-van-phong&quot;&gt;Cho thuê văn phòng&lt;/a&gt;&lt;/li&gt;                                   &lt;li&gt;&lt;a href=&quot;http://123nhadat.vn/raovat-c16/cho-thue-nha-mat-pho&quot;&gt;Cho thuê nhà mặt phố&lt;/a&gt;&lt;/li&gt;                                   &lt;li&gt;&lt;a href=&quot;http://123nhadat.vn/raovat-c17/cho-thue-nha-rieng&quot;&gt;Cho thuê nhà riêng&lt;/a&gt;&lt;/li&gt;                                   &lt;li&gt;&lt;a href=&quot;http://123nhadat.vn/raovat-c18/cho-thue-can-ho-chung-cu&quot;&gt;Cho thuê căn hộ chung cư&lt;/a&gt;&lt;/li&gt;                                   &lt;li&gt;&lt;a href=&quot;http://123nhadat.vn/raovat-c19/cho-thue-biet-thu&quot;&gt;Cho thuê biệt thự&lt;/a&gt;&lt;/li&gt;                                   &lt;li&gt;&lt;a href=&quot;http://123nhadat.vn/raovat-c20/cho-thue-cua-hang-kiot&quot;&gt;Cho thuê cửa hàng, ki ốt&lt;/a&gt;&lt;/li&gt;                                   &lt;li&gt;&lt;a href=&quot;http://123nhadat.vn/raovat-c21/cho-thue-nha-tro&quot;&gt;Cho thuê nhà trọ,phòng trọ&lt;/a&gt;&lt;/li&gt;                                   &lt;li&gt;&lt;a href=&quot;http://123nhadat.vn/raovat-c23/cho-thue-kho-nha-xuong&quot;&gt;Cho thuê kho, nhà xưởng&lt;/a&gt;&lt;/li&gt;                                   &lt;li&gt;&lt;a href=&quot;http://123nhadat.vn/raovat-c24/cho-thue-dat&quot;&gt;Cho thuê đất&lt;/a&gt;&lt;/li&gt;                                   &lt;li&gt;&lt;a href=&quot;http://123nhadat.vn/raovat-c25/cho-thue-khach-san-nha-nghi&quot;&gt;Cho thuê khách sạn, nhà nghỉ&lt;/a&gt;&lt;/li&gt;                                   &lt;li&gt;&lt;a href=&quot;http://123nhadat.vn/raovat-c26/cho-thue-loai-bat-dong-san-khac&quot;&gt;Cho thuê loại bất động sản khác&lt;/a&gt;&lt;/li&gt;                               &lt;/ul&gt;                          &lt;/li&gt;&lt;li xmlns=&quot;http://www.w3.org/1999/xhtml&quot;&gt;&lt;a class=&quot;mbL_tinthitruong&quot; href=&quot;http://123nhadat.vn/news/c2/thi-truong&quot;&gt;Tin thị trường&lt;/a&gt;&lt;span class=&quot;child_mobile_show&quot; onclick=&quot;$('.news_2').toggle();&quot;/&gt;                        &lt;ul class=&quot;news_2&quot;&gt;                                  &lt;li&gt;&lt;a href=&quot;http://123nhadat.vn/news/c8/trong-nuoc&quot;&gt;Thị trường trong nước&lt;/a&gt;&lt;/li&gt;                                  &lt;li&gt;&lt;a href=&quot;http://123nhadat.vn/news/c15/phan-tich-nhan-dinh&quot;&gt;Phân tích - Nhận định&lt;/a&gt;&lt;/li&gt;                                  &lt;li&gt;&lt;a href=&quot;http://123nhadat.vn/news/c16/chinh-sach-quan-ly&quot;&gt;Chính sách - Quản lý&lt;/a&gt;&lt;/li&gt;                                  &lt;li&gt;&lt;a href=&quot;http://123nhadat.vn/news/c17/thong-tin-quy-hoach&quot;&gt;Thông tin quy hoạch&lt;/a&gt;&lt;/li&gt;                                  &lt;li&gt;&lt;a href=&quot;http://123nhadat.vn/news/c18/ngoai-nuoc&quot;&gt;Thị trường ngoài nước&lt;/a&gt;&lt;/li&gt;                                  &lt;li&gt;&lt;a href=&quot;http://123nhadat.vn/news/c23/tai-chinh-chung-khoan&quot;&gt;Tài chính - Chứng khoán&lt;/a&gt;&lt;/li&gt;                                  &lt;li&gt;&lt;a href=&quot;http://123nhadat.vn/news/c49/hoat-dong-doanh-nghiep&quot;&gt;Hoạt động doanh nghiệp&lt;/a&gt;&lt;/li&gt;                                  &lt;li&gt;&lt;a href=&quot;http://123nhadat.vn/news/c50/tin-du-an&quot;&gt;Tin từ Dự Án&lt;/a&gt;&lt;/li&gt;                                  &lt;li&gt;&lt;a href=&quot;http://123nhadat.vn/news/c51/goc-su-kien-khuyen-mai&quot;&gt;Góc sự kiện &amp; khuyến mại&lt;/a&gt;&lt;/li&gt;                              &lt;/ul&gt;                    &lt;/li&gt;&lt;li xmlns=&quot;http://www.w3.org/1999/xhtml&quot;&gt;&lt;a class=&quot;mbL_kienthuc&quot; href=&quot;http://123nhadat.vn/news&quot;&gt;Kiến thức&lt;/a&gt;&lt;span class=&quot;child_mobile_show&quot; onclick=&quot;$('.news_home').toggle();&quot;/&gt;                        &lt;ul class=&quot;news_home&quot;&gt;                                                         &lt;li&gt;&lt;a class=&quot;parent&quot; href=&quot;http://123nhadat.vn/news/c1/kinh-nghiem&quot;&gt;&lt;span&gt;Kinh nghiệm&lt;/span&gt;&lt;/a&gt;&lt;span class=&quot;child_mobile_show&quot; onclick=&quot;$('.news_1').toggle();&quot;/&gt;                                            &lt;ul class=&quot;news_1&quot;&gt;                                                          &lt;li&gt;&lt;a href=&quot;http://123nhadat.vn/news/c14/kinh-nghiem-mua-nha&quot;&gt;&lt;span&gt;Kinh nghiệm mua nhà&lt;/span&gt;&lt;/a&gt;                                                  &lt;/li&gt;                                                           &lt;li&gt;&lt;a href=&quot;http://123nhadat.vn/news/c19/kinh-nghiem-ban-nha&quot;&gt;&lt;span&gt;Kinh nghiệm bán nhà đất&lt;/span&gt;&lt;/a&gt;                                                  &lt;/li&gt;                                                           &lt;li&gt;&lt;a href=&quot;http://123nhadat.vn/news/c20/kinh-nghiem-dau-tu&quot;&gt;&lt;span&gt;Kinh nghiệm đầu tư&lt;/span&gt;&lt;/a&gt;                                                  &lt;/li&gt;                                                           &lt;li&gt;&lt;a href=&quot;http://123nhadat.vn/news/c21/kinh-nghiem-thue-nha&quot;&gt;&lt;span&gt;Kinh nghiệm thuê nhà&lt;/span&gt;&lt;/a&gt;                                                  &lt;/li&gt;                                                           &lt;li&gt;&lt;a href=&quot;http://123nhadat.vn/news/c22/kinh-nghiem-cho-thue-nha&quot;&gt;&lt;span&gt;Kinh nghiệm cho thuê nhà&lt;/span&gt;&lt;/a&gt;                                                  &lt;/li&gt;                     &lt;/ul&gt;          &lt;/li&gt;                                                                  &lt;li&gt;&lt;a class=&quot;parent&quot; href=&quot;http://123nhadat.vn/news/c3/xay-dung&quot;&gt;&lt;span&gt;Xây dựng&lt;/span&gt;&lt;/a&gt;&lt;span class=&quot;child_mobile_show&quot; onclick=&quot;$('.news_3').toggle();&quot;/&gt;                                            &lt;ul class=&quot;news_3&quot;&gt;                                                          &lt;li&gt;&lt;a href=&quot;http://123nhadat.vn/news/c9/vat-lieu-xay-dung&quot;&gt;&lt;span&gt;Vật liệu xây dựng&lt;/span&gt;&lt;/a&gt;                                                  &lt;/li&gt;                                                           &lt;li&gt;&lt;a href=&quot;http://123nhadat.vn/news/c24/kien-thuc-xay-dung&quot;&gt;&lt;span&gt;Kiến thức cần biết&lt;/span&gt;&lt;/a&gt;                                                  &lt;/li&gt;                                                           &lt;li&gt;&lt;a href=&quot;http://123nhadat.vn/news/c25/giai-phap-xay-dung&quot;&gt;&lt;span&gt;Giải pháp xây dựng&lt;/span&gt;&lt;/a&gt;                                                  &lt;/li&gt;                     &lt;/ul&gt;          &lt;/li&gt;                                                          &lt;li&gt;&lt;a class=&quot;parent&quot; href=&quot;http://123nhadat.vn/news/c4/khong-gian-dep&quot;&gt;&lt;span&gt;Không Gian Đẹp&lt;/span&gt;&lt;/a&gt;&lt;span class=&quot;child_mobile_show&quot; onclick=&quot;$('.news_4').toggle();&quot;/&gt;                                            &lt;ul class=&quot;news_4&quot;&gt;                                                          &lt;li&gt;&lt;a class=&quot;parent&quot; href=&quot;http://123nhadat.vn/news/c10/noi-that&quot;&gt;&lt;span&gt;Nội thất&lt;/span&gt;&lt;/a&gt;&lt;span class=&quot;child_mobile_show&quot; onclick=&quot;$('.news_10').toggle();&quot;/&gt;                                                      &lt;ul class=&quot;news_10&quot;&gt;                                                           &lt;li&gt;&lt;a href=&quot;http://123nhadat.vn/news/c35/toan-canh&quot;&gt;&lt;span&gt;Toàn cảnh&lt;/span&gt;&lt;/a&gt;&lt;/li&gt;                                                            &lt;li&gt;&lt;a href=&quot;http://123nhadat.vn/news/c36/phong-khach&quot;&gt;&lt;span&gt;Phòng khách&lt;/span&gt;&lt;/a&gt;&lt;/li&gt;                                                            &lt;li&gt;&lt;a href=&quot;http://123nhadat.vn/news/c37/phong-ngu&quot;&gt;&lt;span&gt;Phòng ngủ&lt;/span&gt;&lt;/a&gt;&lt;/li&gt;                                                            &lt;li&gt;&lt;a href=&quot;http://123nhadat.vn/news/c38/nha-bep&quot;&gt;&lt;span&gt;Nhà bếp&lt;/span&gt;&lt;/a&gt;&lt;/li&gt;                                                            &lt;li&gt;&lt;a href=&quot;http://123nhadat.vn/news/c39/phong-tam&quot;&gt;&lt;span&gt;Phòng tắm&lt;/span&gt;&lt;/a&gt;&lt;/li&gt;                                                            &lt;li&gt;&lt;a href=&quot;http://123nhadat.vn/news/c40/phong-tre-em&quot;&gt;&lt;span&gt;Phòng trẻ em&lt;/span&gt;&lt;/a&gt;&lt;/li&gt;                                                            &lt;li&gt;&lt;a href=&quot;http://123nhadat.vn/news/c41/van-phong&quot;&gt;&lt;span&gt;Văn phòng&lt;/span&gt;&lt;/a&gt;&lt;/li&gt;                                                            &lt;li&gt;&lt;a href=&quot;http://123nhadat.vn/news/c42/khach-san-nha-hang-showroom&quot;&gt;&lt;span&gt;Khách sạn,nhà hàng,showroom&lt;/span&gt;&lt;/a&gt;&lt;/li&gt;                                                        &lt;/ul&gt;                                        &lt;/li&gt;                                                            &lt;li&gt;&lt;a href=&quot;http://123nhadat.vn/news/c26/ngoai-that&quot;&gt;&lt;span&gt;Ngoại thất&lt;/span&gt;&lt;/a&gt;                                                  &lt;/li&gt;                     &lt;/ul&gt;          &lt;/li&gt;                                                          &lt;li&gt;&lt;a class=&quot;parent&quot; href=&quot;http://123nhadat.vn/news/c5/kien-truc&quot;&gt;&lt;span&gt;Kiến trúc&lt;/span&gt;&lt;/a&gt;&lt;span class=&quot;child_mobile_show&quot; onclick=&quot;$('.news_5').toggle();&quot;/&gt;                                            &lt;ul class=&quot;news_5&quot;&gt;                                                          &lt;li&gt;&lt;a href=&quot;http://123nhadat.vn/news/c11/tu-van-thiet-ke&quot;&gt;&lt;span&gt;Tư vấn thiết kế&lt;/span&gt;&lt;/a&gt;                                                  &lt;/li&gt;                                                           &lt;li&gt;&lt;a href=&quot;http://123nhadat.vn/news/c27/kien-truc-ngay-ay-bay-gio&quot;&gt;&lt;span&gt;Kiến trúc ngày ấy - bây giờ&lt;/span&gt;&lt;/a&gt;                                                  &lt;/li&gt;                                                           &lt;li&gt;&lt;a href=&quot;http://123nhadat.vn/news/c28/du-lich-kien-truc&quot;&gt;&lt;span&gt;Du lịch kiến trúc&lt;/span&gt;&lt;/a&gt;                                                  &lt;/li&gt;                     &lt;/ul&gt;          &lt;/li&gt;                                                          &lt;li&gt;&lt;a class=&quot;parent&quot; href=&quot;http://123nhadat.vn/news/c6/phong-thuy&quot;&gt;&lt;span&gt;Phong thủy&lt;/span&gt;&lt;/a&gt;&lt;span class=&quot;child_mobile_show&quot; onclick=&quot;$('.news_6').toggle();&quot;/&gt;                                            &lt;ul class=&quot;news_6&quot;&gt;                                                          &lt;li&gt;&lt;a class=&quot;parent&quot; href=&quot;http://123nhadat.vn/news/c12/phong-thuy-nha-o&quot;&gt;&lt;span&gt;Phong thủy Nhà ở&lt;/span&gt;&lt;/a&gt;&lt;span class=&quot;child_mobile_show&quot; onclick=&quot;$('.news_12').toggle();&quot;/&gt;                                                      &lt;ul class=&quot;news_12&quot;&gt;                                                           &lt;li&gt;&lt;a href=&quot;http://123nhadat.vn/news/c43/toan-canh&quot;&gt;&lt;span&gt;Toàn cảnh&lt;/span&gt;&lt;/a&gt;&lt;/li&gt;                                                            &lt;li&gt;&lt;a href=&quot;http://123nhadat.vn/news/c44/phong-ngu&quot;&gt;&lt;span&gt;Phòng ngủ&lt;/span&gt;&lt;/a&gt;&lt;/li&gt;                                                            &lt;li&gt;&lt;a href=&quot;http://123nhadat.vn/news/c45/phong-khach&quot;&gt;&lt;span&gt;Phòng khách&lt;/span&gt;&lt;/a&gt;&lt;/li&gt;                                                            &lt;li&gt;&lt;a href=&quot;http://123nhadat.vn/news/c46/phong-bep&quot;&gt;&lt;span&gt;Phòng bếp&lt;/span&gt;&lt;/a&gt;&lt;/li&gt;                                                            &lt;li&gt;&lt;a href=&quot;http://123nhadat.vn/news/c47/phong-tam&quot;&gt;&lt;span&gt;Phòng tắm&lt;/span&gt;&lt;/a&gt;&lt;/li&gt;                                                            &lt;li&gt;&lt;a href=&quot;http://123nhadat.vn/news/c48/cua-chinh-san-vuon&quot;&gt;&lt;span&gt;Cửa chính, sân vườn&lt;/span&gt;&lt;/a&gt;&lt;/li&gt;                                                        &lt;/ul&gt;                                        &lt;/li&gt;                                                            &lt;li&gt;&lt;a href=&quot;http://123nhadat.vn/news/c29/phong-thuy-van-phong&quot;&gt;&lt;span&gt;Phong thủy văn phòng&lt;/span&gt;&lt;/a&gt;                                                  &lt;/li&gt;                     &lt;/ul&gt;          &lt;/li&gt;                                                          &lt;li&gt;&lt;a class=&quot;parent&quot; href=&quot;http://123nhadat.vn/news/c7/cafe-luat&quot;&gt;&lt;span&gt;Cafe luật&lt;/span&gt;&lt;/a&gt;&lt;span class=&quot;child_mobile_show&quot; onclick=&quot;$('.news_7').toggle();&quot;/&gt;                                            &lt;ul class=&quot;news_7&quot;&gt;                                                          &lt;li&gt;&lt;a href=&quot;http://123nhadat.vn/news/c13/hop-thuc-hoa&quot;&gt;&lt;span&gt;Hợp thức hóa&lt;/span&gt;&lt;/a&gt;                                                  &lt;/li&gt;                                                           &lt;li&gt;&lt;a href=&quot;http://123nhadat.vn/news/c30/quyen-so-huu&quot;&gt;&lt;span&gt;Chuyển quyền sở hữu&lt;/span&gt;&lt;/a&gt;                                                  &lt;/li&gt;                                                           &lt;li&gt;&lt;a href=&quot;http://123nhadat.vn/news/c31/thua-ke-tranh-chap&quot;&gt;&lt;span&gt;Thừa kế - Tranh chấp&lt;/span&gt;&lt;/a&gt;                                                  &lt;/li&gt;                                                           &lt;li&gt;&lt;a href=&quot;http://123nhadat.vn/news/c32/xay-dung-hoan-cong&quot;&gt;&lt;span&gt;Xây dựng - Hoàn công&lt;/span&gt;&lt;/a&gt;                                                  &lt;/li&gt;                                                           &lt;li&gt;&lt;a href=&quot;http://123nhadat.vn/news/c33/thue-nha-dat&quot;&gt;&lt;span&gt;Thuế nhà đất&lt;/span&gt;&lt;/a&gt;                                                  &lt;/li&gt;                                                           &lt;li&gt;&lt;a href=&quot;http://123nhadat.vn/news/c34/nuoc-ngoai&quot;&gt;&lt;span&gt;Nước ngoài&lt;/span&gt;&lt;/a&gt;                                                  &lt;/li&gt;                     &lt;/ul&gt;          &lt;/li&gt;                                      &lt;/ul&gt;                    &lt;/li&gt;&lt;li xmlns=&quot;http://www.w3.org/1999/xhtml&quot;&gt;&lt;a class=&quot;mbL_duan&quot; href=&quot;http://123nhadat.vn/du-an&quot;&gt;Dự án&lt;/a&gt;&lt;span class=&quot;child_mobile_show&quot; onclick=&quot;$('.con_duan').toggle();&quot;/&gt;                        &lt;ul class=&quot;con_duan&quot;&gt;                                                        &lt;li&gt;&lt;a href=&quot;http://123nhadat.vn/du-an-khu-do-thi-moi-c1&quot;&gt;&lt;span&gt;Khu đô thị mới&lt;/span&gt;&lt;/a&gt;&lt;/li&gt;                                   &lt;li&gt;&lt;a href=&quot;http://123nhadat.vn/du-an-chung-cu-cao-oc-can-ho-c2&quot;&gt;&lt;span&gt;Chung cư/Cao ốc căn hộ&lt;/span&gt;&lt;/a&gt;&lt;/li&gt;                                   &lt;li&gt;&lt;a href=&quot;http://123nhadat.vn/du-an-khu-dan-cu-c3&quot;&gt;&lt;span&gt;Khu dân cư&lt;/span&gt;&lt;/a&gt;&lt;/li&gt;                                   &lt;li&gt;&lt;a href=&quot;http://123nhadat.vn/du-an-khu-biet-thu-c4&quot;&gt;&lt;span&gt;Khu Biệt thự&lt;/span&gt;&lt;/a&gt;&lt;/li&gt;                                   &lt;li&gt;&lt;a href=&quot;http://123nhadat.vn/du-an-bds-du-lich-nghi-duong-resort-c5&quot;&gt;&lt;span&gt;Bđs du lịch, nghỉ dưỡng, resort&lt;/span&gt;&lt;/a&gt;&lt;/li&gt;                                   &lt;li&gt;&lt;a href=&quot;http://123nhadat.vn/du-an-khu-tai-dinh-cu-c6&quot;&gt;&lt;span&gt;Khu tái định cư&lt;/span&gt;&lt;/a&gt;&lt;/li&gt;                                   &lt;li&gt;&lt;a href=&quot;http://123nhadat.vn/du-an-nha-o-xa-hoi-c7&quot;&gt;&lt;span&gt;Nhà ở xã hội&lt;/span&gt;&lt;/a&gt;&lt;/li&gt;                                   &lt;li&gt;&lt;a href=&quot;http://123nhadat.vn/du-an-cao-oc-van-phong-c8&quot;&gt;&lt;span&gt;Cao ốc văn phòng&lt;/span&gt;&lt;/a&gt;&lt;/li&gt;                                   &lt;li&gt;&lt;a href=&quot;http://123nhadat.vn/du-an-khu-thuong-mai-c9&quot;&gt;&lt;span&gt;Khu thương mại&lt;/span&gt;&lt;/a&gt;&lt;/li&gt;                                   &lt;li&gt;&lt;a href=&quot;http://123nhadat.vn/du-an-khu-phuc-hop-c10&quot;&gt;&lt;span&gt;Khu phức hợp&lt;/span&gt;&lt;/a&gt;&lt;/li&gt;                                   &lt;li&gt;&lt;a href=&quot;http://123nhadat.vn/du-an-khu-cn-cx-c11&quot;&gt;&lt;span&gt;Khu CN/CX&lt;/span&gt;&lt;/a&gt;&lt;/li&gt;                                   &lt;li&gt;&lt;a href=&quot;http://123nhadat.vn/du-an-khach-san-nha-nghi-c12&quot;&gt;&lt;span&gt;Khách sạn, nhà nghỉ&lt;/span&gt;&lt;/a&gt;&lt;/li&gt;                               &lt;/ul&gt;                    &lt;/li&gt;&lt;li xmlns=&quot;http://www.w3.org/1999/xhtml&quot; id=&quot;bao_gia_id&quot;&gt;&lt;a class=&quot;mbL_baogiadichvu&quot; href=&quot;javascript:void(0)&quot;&gt;Báo giá dịch vụ&lt;/a&gt;&lt;span class=&quot;child_mobile_show&quot; onclick=&quot;$('.con_baogia').toggle();&quot;/&gt;                        &lt;ul class=&quot;con_baogia&quot;&gt;                            &lt;li&gt;&lt;a href=&quot;http://123nhadat.vn/bao-gia-quang-cao&quot;&gt;Hiệu quả quảng cáo&lt;/a&gt;&lt;/li&gt;                            &lt;li&gt;&lt;a href=&quot;http://123nhadat.vn/bao-gia-quang-cao/banners&quot;&gt;Báo giá Banner&lt;/a&gt;&lt;/li&gt;                            &lt;li&gt;&lt;a href=&quot;http://123nhadat.vn/bao-gia-quang-cao/gia-tin-dang&quot;&gt;Báo giá tin đăng&lt;/a&gt;&lt;/li&gt;                        &lt;/ul&gt;                    &lt;/li&gt;&lt;li xmlns=&quot;http://www.w3.org/1999/xhtml&quot;&gt;&lt;a class=&quot;mbL_admin&quot; href=&quot;https://123vemaybay.vn&quot; title=&quot;Vé máy bay giá rẻ,ve may bay gia re nhất thị trường&quot;&gt;Vé máy bay giá rẻ&lt;/a&gt;&lt;/li&gt;&lt;div xmlns=&quot;http://www.w3.org/1999/xhtml&quot; class=&quot;boxfull bgxam khonghien_mobile&quot;&gt;            &lt;div class=&quot;box_search&quot;&gt;   &lt;form action=&quot;http://123nhadat.vn/?act=tim-nha-dat&quot; id=&quot;searchForm&quot; method=&quot;post&quot;&gt;                &lt;div class=&quot;timkiem&quot;&gt;                    &lt;label&gt;Tìm kiếm&lt;/label&gt;                    &lt;input class=&quot;icon_timkiemnhadat2&quot; id=&quot;txtKeyword&quot; name=&quot;q&quot; placeholder=&quot; Nhập vào từ khóa hoặc mã tin&quot; type=&quot;text&quot;/&gt;                    &lt;input id=&quot;Button1&quot; onclick=&quot;document.getElementById('searchForm').submit();&quot; type=&quot;button&quot; value=&quot;&quot;/&gt;                &lt;/div&gt;                                &lt;div class=&quot;chucnang_top&quot;&gt;                    &lt;ul class=&quot;timkiem_dangtin&quot;&gt;                        &lt;li class=&quot;icon_dangtinban&quot;&gt;&lt;a href=&quot;http://123nhadat.vn/Dang-tin-rao-vat-ban-nha-dat.html&quot;&gt;Đăng tin bán/ Cho thuê&lt;/a&gt;&lt;/li&gt;                        &lt;li class=&quot;icon_canmua&quot;&gt;&lt;a href=&quot;http://123nhadat.vn/can-mua-can-thue.html&quot;&gt;Cần mua/ Cần thuê&lt;/a&gt;&lt;/li&gt;                    &lt;/ul&gt;                    &lt;ul class=&quot;login_logout&quot;&gt;                                                &lt;li class=&quot;uRegister&quot;&gt;&lt;a href=&quot;http://123nhadat.vn/reg.html&quot;&gt;Đăng ký&lt;/a&gt;&lt;/li&gt;      &lt;li class=&quot;uLogin&quot;&gt;&lt;a href=&quot;http://123nhadat.vn/dang-nhap.html&quot;&gt;Đăng nhập&lt;/a&gt;&lt;/li&gt;      &lt;script type=&quot;text/javascript&quot;&gt;      var uLogIn = 0;      &lt;/script&gt;                          &lt;/ul&gt;                &lt;/div&gt;            &lt;/form&gt;&lt;/div&gt;        &lt;/div&gt;" SourceIndex="235;241;294;347;392;665;734;755;771" TableNum="0" TextLen="151" order="3" xPath="/html[1]/body[1]/div[1]/div[2]/header[1]/nav[1]/div[1]/ul[1]/li[1]"/>
<LayoutNode BgColor="#ffffff" ContainImg="0" ContainP="0" ContainTable="false" Content="Siêu VipBán nhà mặt phố Trích Sài, Tây Hồ: 70m, 5 tầng, Mt: 4,2m. view đẹp, Giá: 29,5 tỷ. 0944828386 " DOMCldNum="85" DoC="5" FontSize="13" FontWeight="normal" FormNum="0" FormSize="0" FrameSourceIndex="0" ID="1-3" InteractionNum="0" InteractionSize="0" IsImg="false" LinkNum="0" LinkTextLen="0" ObjectHeight="58" ObjectRectHeight="58" ObjectRectLeft="0" ObjectRectTop="391" ObjectRectWidth="1420" ObjectWidth="690" ObjectX="210" ObjectY="391" OptionNum="0" OptionTextLength="0" ParaNum="0" SRC="&lt;div xmlns=&quot;http://www.w3.org/1999/xhtml&quot; class=&quot;box_C&quot;&gt;                    &lt;span class=&quot;tit_vip2&quot;&gt;Siêu Vip&lt;/span&gt;&lt;h1 class=&quot;tieude_nhadat&quot;&gt;Bán nhà mặt phố Trích Sài, Tây Hồ: 70m, 5 tầng, Mt: 4,2m. view đẹp, Giá: 29,5 tỷ. 0944828386&lt;/h1&gt;                &lt;/div&gt;" SourceIndex="1194" TableNum="0" TextLen="99" order="4" xPath="/html[1]/body[1]/div[1]/div[4]/div[1]/div[1]/div[1]"/>
<LayoutNode BgColor="#ffffff" ContainImg="0" ContainP="0" ContainTable="false" Content="Khu vực:Bán nhà mặt phố tại Đường Tây Hồ - Quận Tây Hồ - Hà Nội Giá:295000000 Triệu Diện tích:70 m2 Thông tin tài khoản đã được xác thực " DOMCldNum="85" DoC="5" FontSize="13" FontWeight="normal" FormNum="0" FormSize="0" FrameSourceIndex="0" ID="1-4" InteractionNum="0" InteractionSize="0" IsImg="false" LinkNum="2" LinkTextLen="32" ObjectHeight="86" ObjectRectHeight="86" ObjectRectLeft="0" ObjectRectTop="459" ObjectRectWidth="1420" ObjectWidth="690" ObjectX="210" ObjectY="459" OptionNum="0" OptionTextLength="0" ParaNum="0" SRC="&lt;div xmlns=&quot;http://www.w3.org/1999/xhtml&quot; class=&quot;box_C&quot;&gt;                    &lt;ul class=&quot;info_no2&quot;&gt;                        &lt;li&gt;&lt;label&gt;Khu vực:&lt;/label&gt;&lt;span&gt;&lt;a href=&quot;http://123nhadat.vn/raovat-c9/ban-nha-mat-pho-tai-duong-tay-ho-18706&quot;&gt;Bán nhà mặt phố tại Đường Tây Hồ&lt;/a&gt; - Quận Tây Hồ - Hà Nội&lt;/span&gt;&lt;/li&gt;                    &lt;/ul&gt;     &lt;ul class=&quot;info_no1&quot;&gt;      &lt;li&gt;&lt;label&gt;Giá:&lt;/label&gt;&lt;span&gt;&lt;b class=&quot;camcam&quot;&gt;295000000 Triệu&lt;/b&gt;&lt;/span&gt;&lt;/li&gt;                        &lt;li&gt;&lt;label&gt;Diện tích:&lt;/label&gt;&lt;span&gt;&lt;b class=&quot;camcam&quot;&gt;70 m2&lt;/b&gt;&lt;/span&gt;&lt;/li&gt;                        &lt;li&gt;&lt;label class=&quot;da_xacthuc&quot;/&gt;&lt;span&gt;Thông tin tài khoản đã được xác thực&lt;/span&gt;&lt;/li&gt;                      &lt;/ul&gt;                &lt;/div&gt;" SourceIndex="1202" TableNum="0" TextLen="132" order="5" xPath="/html[1]/body[1]/div[1]/div[4]/div[1]/div[1]/div[2]"/>
<LayoutNode BgColor="#ffffff" ContainImg="2" ContainP="1" ContainTable="false" DOMCldNum="85" DoC="5" FontSize="13" FontWeight="normal" FormNum="2" FormSize="20" FrameSourceIndex="0" ID="1-5" InteractionNum="0" InteractionSize="0" IsImg="false" LinkNum="68" LinkTextLen="480" ObjectRectHeight="1826" ObjectRectLeft="0" ObjectRectTop="643" ObjectRectWidth="1420" OptionNum="0" OptionTextLength="0" ParaNum="1" SourceIndex="1190" TableNum="0" TextLen="2295" order="6">
<LayoutNode BgColor="#ffffff" ContainImg="1" ContainP="1" ContainTable="false" DOMCldNum="85" DoC="5" FontSize="13" FontWeight="normal" FormNum="0" FormSize="0" FrameSourceIndex="0" ID="1-5-1" InteractionNum="0" InteractionSize="0" IsImg="false" LinkNum="18" LinkTextLen="131" ObjectRectHeight="1826" ObjectRectLeft="0" ObjectRectTop="643" ObjectRectWidth="900" OptionNum="0" OptionTextLength="0" ParaNum="1" SourceIndex="1190" TableNum="0" TextLen="1537" order="7">
<LayoutNode BgColor="#ffffff" ContainImg="0" ContainP="0" ContainTable="false" Content="Đặc điểm nhà đất Tiện ích trong khu vực Các tin rao nhà đất liên quan " DOMCldNum="85" DoC="5" FontSize="13" FontWeight="normal" FormNum="0" FormSize="0" FrameSourceIndex="0" ID="1-5-1-1" InteractionNum="0" InteractionSize="0" IsImg="false" LinkNum="6" LinkTextLen="67" ObjectHeight="40" ObjectRectHeight="404" ObjectRectLeft="0" ObjectRectTop="643" ObjectRectWidth="900" ObjectWidth="690" ObjectX="210" ObjectY="1007" OptionNum="0" OptionTextLength="0" ParaNum="0" SRC="&lt;div xmlns=&quot;http://www.w3.org/1999/xhtml&quot; class=&quot;box_C&quot;&gt;                    &lt;ul class=&quot;next_link&quot;&gt;                        &lt;li&gt;&lt;a href=&quot;#dacdiembds&quot;&gt;Đặc điểm nhà đất&lt;/a&gt;&lt;/li&gt;                        &lt;li&gt;&lt;a href=&quot;#tienich_xungquanh&quot;&gt;Tiện ích trong khu vực&lt;/a&gt;&lt;/li&gt;                        &lt;li&gt;&lt;a href=&quot;#tinrao_lienquan&quot;&gt;Các tin rao nhà đất liên quan&lt;/a&gt;&lt;/li&gt;                    &lt;/ul&gt;                &lt;/div&gt;" SourceIndex="1355" TableNum="0" TextLen="67" order="8" xPath="/html[1]/body[1]/div[1]/div[4]/div[1]/div[1]/div[4]"/>
<LayoutNode BgColor="#5eab1f" ContainImg="0" ContainP="0" ContainTable="false" Content="THÔNG TIN MÔ TẢ " DOMCldNum="5" DoC="5" FontSize="11" FontWeight="700" FormNum="0" FormSize="0" FrameSourceIndex="0" ID="1-5-1-2" InteractionNum="0" InteractionSize="0" IsImg="false" LinkNum="0" LinkTextLen="0" ObjectHeight="20" ObjectRectHeight="20" ObjectRectLeft="0" ObjectRectTop="1060" ObjectRectWidth="900" ObjectWidth="560" ObjectX="215" ObjectY="1060" OptionNum="0" OptionTextLength="0" ParaNum="0" SRC="&lt;div xmlns=&quot;http://www.w3.org/1999/xhtml&quot; class=&quot;tit_C&quot;&gt;                        &lt;span class=&quot;icon_star_xanh&quot;/&gt;                        Thông tin mô tả                    &lt;/div&gt;" SourceIndex="1377" TableNum="0" TextLen="15" order="9" xPath="/html[1]/body[1]/div[1]/div[4]/div[1]/div[1]/div[5]/div[1]"/>
<LayoutNode BgColor="#f3f3f3" ContainImg="0" ContainP="1" ContainTable="false" Content="Lưu BĐSIn tinChia sẻ tin Liên hệ người bán Chị Thu Điện thoại: 0944.828.386 Địa chỉ: Hoàng Mai, Hà Nội Email:truyenthongquanganh@gmail.com - Bán nhà mặt phố Trích Sài, Tây Hồ, Hà Nội. - Diện tích sổ đỏ: 65m, diện tích sử dụng 70m, MT: 4m - Nhà thiết kế tầng 2 Phòng, đang cho thuê căn hộ dịch vụ, cho người nước ngoài thuê 50 triệu / tháng, dòng tiền ổn định, lâu dài. Vị trí rất đẹp, View trọn Hồ tây, - Ngay gần ngã 3 Trích Sài - Nguyễn Đình Thi - Văn Cao. - Vị trí kinh doanh sầm uất tất cả các loại mặt hàng. - Nhà 5 tầng, xây dựng theo lối Kiến trúc Tân cổ điển, chắc chắn đẹp từng cm. - Nhà 3 mặt thoáng trước sau và kế bên hông Biệt thự, sau nhà là ngõ Ô tô tránh, đừng đỗ xe ngày đêm rất tiện lợi. - Phải nói đây là ngôi nhà cực hiếm ở mặt Hồ Tây, đẹp từ trong ra ngoài. - Sổ đỏ đẹp, vuông vắn, chính chủ. - Giá bán: 29,5 tỷ ( Có thương lượng ) - Liên hệ mua và xem nhà. - Chị Thu: 0944828386 ( Miễn trung gian, môi giới ) - Chỉ tiếp khách có thiện chí, trân trọng " DOMCldNum="7" DoC="5" FontSize="13" FontWeight="normal" FormNum="0" FormSize="0" FrameSourceIndex="0" ID="1-5-1-3" InteractionNum="0" InteractionSize="0" IsImg="false" LinkNum="6" LinkTextLen="24" ObjectHeight="19" ObjectRectHeight="441" ObjectRectLeft="0" ObjectRectTop="1109" ObjectRectWidth="900" ObjectWidth="641" ObjectX="234" ObjectY="1109" OptionNum="0" OptionTextLength="0" ParaNum="1" SRC="&lt;div xmlns=&quot;http://www.w3.org/1999/xhtml&quot; class=&quot;save_print&quot;&gt;                            &lt;a class=&quot;save_news&quot; href=&quot;javascript:void(0)&quot; id=&quot;save-posts&quot; title=&quot;Lưu tin tức lại&quot;&gt;Lưu BĐS&lt;/a&gt;                            &lt;a class=&quot;print_news&quot; href=&quot;javascript:window.print()&quot; title=&quot;In tin tức&quot;&gt;In tin&lt;/a&gt;                            &lt;a class=&quot;share_news&quot; href=&quot;javascript:void(0)&quot; onclick=&quot;$('#addthis_bar').slideDown();&quot; title=&quot;Chia sẻ tin&quot;&gt;Chia sẻ tin&lt;/a&gt;       &lt;!-- AddThis Button BEGIN --&gt;       &lt;div class=&quot;addthis_toolbox addthis_default_style addthis_16x16_style&quot; id=&quot;addthis_bar&quot; style=&quot;display:none&quot;&gt;       &lt;a class=&quot;addthis_button_facebook&quot;/&gt;       &lt;a class=&quot;addthis_button_google_plusone_share&quot;/&gt;       &lt;a class=&quot;addthis_button_email&quot;/&gt;       &lt;a class=&quot;addthis_button_twitter&quot;/&gt;       &lt;a class=&quot;addthis_button_print&quot;/&gt;       &lt;a class=&quot;addthis_button_digg&quot;/&gt;       &lt;a class=&quot;addthis_button_pinterest_share&quot;/&gt;       &lt;a class=&quot;addthis_button_zingme&quot;/&gt;       &lt;/div&gt;       &lt;script src=&quot;//s7.addthis.com/js/300/addthis_widget.js#pubid=ra-514ff26f59a43fb9&quot; type=&quot;text/javascript&quot;/&gt;       &lt;!-- AddThis Button END --&gt;                        &lt;/div&gt;&lt;div xmlns=&quot;http://www.w3.org/1999/xhtml&quot; class=&quot;lienhe_nguoiban&quot;&gt;                            &lt;ul&gt;                                &lt;li&gt;&lt;b style=&quot;color:green&quot;&gt;Liên hệ người bán&lt;/b&gt;&lt;/li&gt;                                &lt;li&gt;&lt;b&gt;Chị Thu&lt;/b&gt;&lt;/li&gt;                                &lt;li&gt;Điện thoại:&lt;b class=&quot;camcam&quot;&gt; 0944.828.386&lt;/b&gt;&lt;/li&gt;                                &lt;li&gt;Địa chỉ: Hoàng Mai, Hà Nội&lt;/li&gt;                                &lt;li&gt;Email:truyenthongquanganh@gmail.com&lt;/li&gt;                            &lt;/ul&gt;                        &lt;/div&gt;&lt;p xmlns=&quot;http://www.w3.org/1999/xhtml&quot;&gt;- Bán nhà mặt phố Trích Sài, Tây Hồ, Hà Nội.&lt;br/&gt;- Diện tích sổ đỏ: 65m, diện tích sử dụng 70m, MT: 4m&lt;br/&gt;- Nhà thiết kế tầng 2 Phòng, đang cho thuê căn hộ dịch vụ, cho người nước ngoài thuê 50 triệu / tháng, dòng tiền ổn định, lâu dài. Vị trí rất đẹp, View trọn Hồ tây, &lt;br/&gt;- Ngay gần ngã 3 Trích Sài - Nguyễn Đình Thi - Văn Cao. &lt;br/&gt;- Vị trí kinh doanh sầm uất tất cả các loại mặt hàng.&lt;br/&gt;- Nhà 5 tầng, xây dựng theo lối Kiến trúc Tân cổ điển, chắc chắn đẹp từng cm. &lt;br/&gt;- Nhà 3 mặt thoáng trước sau và kế bên hông Biệt thự, sau nhà là ngõ Ô tô tránh, đừng đỗ xe ngày đêm rất tiện lợi.&lt;br/&gt;- Phải nói đây là ngôi nhà cực hiếm ở mặt Hồ Tây, đẹp từ trong ra ngoài.&lt;br/&gt;- Sổ đỏ đẹp, vuông vắn, chính chủ.&lt;br/&gt;- Giá bán: 29,5 tỷ ( Có thương lượng )&lt;br/&gt;- Liên hệ mua và xem nhà.&lt;br/&gt;- Chị Thu: 0944828386 ( Miễn trung gian, môi giới )&lt;br/&gt;- Chỉ tiếp khách có thiện chí, trân trọng&lt;/p&gt;" SourceIndex="1384;1421;1446" TableNum="0" TextLen="954" order="10" xPath="/html[1]/body[1]/div[1]/div[4]/div[1]/div[1]/div[5]/div[2]/div[1]"/>
<LayoutNode BgColor="#5eab1f" ContainImg="0" ContainP="0" ContainTable="false" Content="ĐẶC ĐIỂM BẤT ĐỘNG SẢN " DOMCldNum="5" DoC="5" FontSize="11" FontWeight="700" FormNum="0" FormSize="0" FrameSourceIndex="0" ID="1-5-1-4" InteractionNum="0" InteractionSize="0" IsImg="false" LinkNum="0" LinkTextLen="0" ObjectHeight="20" ObjectRectHeight="20" ObjectRectLeft="0" ObjectRectTop="1588" ObjectRectWidth="900" ObjectWidth="560" ObjectX="215" ObjectY="1588" OptionNum="0" OptionTextLength="0" ParaNum="0" SRC="&lt;div xmlns=&quot;http://www.w3.org/1999/xhtml&quot; class=&quot;tit_C&quot; id=&quot;dacdiembds&quot;&gt;                        &lt;span class=&quot;icon_star_xanh&quot;/&gt;                        Đặc điểm bất động sản                    &lt;/div&gt;" SourceIndex="1479" TableNum="0" TextLen="21" order="11" xPath="/html[1]/body[1]/div[1]/div[4]/div[1]/div[1]/div[6]/div[1]"/>
<LayoutNode BgColor="#ffffff" ContainImg="0" ContainP="0" ContainTable="false" Content="Bán nhà mặt phố tại Đường Tây Hồ,Phường Bưởi,Quận Tây Hồ,Hà Nội,giá 295000000 Triệu,diện tích 70 m2Địa chỉ của bất động sản : Mặt phố Trích Sài, Tây hồ, Hà Nôị. Lần cập nhật gần đây nhất là vào : 08:49 03/06/2020 Mã tin: 4296787 Ngày đăng tin: 02/06/2020 Ngày hết hạn: 04/07/2020 Giá: 295000000 Triệu Diện tích: 70 m2 Diện tích khuôn viên:_ x _ Diện tích xây dựng:_ x _ Vị trí: Mặt tiền đường " DOMCldNum="5" DoC="8" FontSize="13" FontWeight="normal" FormNum="0" FormSize="0" FrameSourceIndex="0" ID="1-5-1-5" InteractionNum="0" InteractionSize="0" IsImg="false" LinkNum="0" LinkTextLen="0" ObjectHeight="193" ObjectRectHeight="193" ObjectRectLeft="0" ObjectRectTop="1632" ObjectRectWidth="900" ObjectWidth="668" ObjectX="221" ObjectY="1632" OptionNum="0" OptionTextLength="0" ParaNum="0" SRC="&lt;div xmlns=&quot;http://www.w3.org/1999/xhtml&quot; class=&quot;detail_khungxam&quot;&gt;      &lt;div style=&quot;margin-bottom: 8px;font-weight:bold;&quot;&gt;&lt;h2&gt;&lt;b&gt;Bán nhà mặt phố tại Đường Tây Hồ,Phường Bưởi,Quận Tây Hồ,Hà Nội,giá 295000000 Triệu,diện tích 70 m2&lt;/b&gt;&lt;/h2&gt;&lt;/div&gt;      &lt;div style=&quot;margin-bottom: 8px;&quot;&gt;Địa chỉ của bất động sản : Mặt phố Trích Sài, Tây hồ, Hà Nôị. &lt;/div&gt;      &lt;div style=&quot;margin-bottom: 8px;&quot;&gt;Lần cập nhật gần đây nhất là vào : 08:49 03/06/2020&lt;/div&gt;                        &lt;ul class=&quot;thongsonha&quot;&gt;                            &lt;li&gt;Mã tin: 4296787&lt;/li&gt;              &lt;li&gt;Ngày đăng tin: 02/06/2020&lt;/li&gt;       &lt;li&gt;Ngày hết hạn: 04/07/2020&lt;/li&gt;       &lt;li&gt;Giá: 295000000 Triệu&lt;/li&gt;       &lt;li&gt;Diện tích: 70 m2&lt;/li&gt;       &lt;li&gt;Diện tích khuôn viên:_ x _&lt;/li&gt;                            &lt;li&gt;Diện tích xây dựng:_ x _&lt;/li&gt;                                   &lt;li&gt;Vị trí: Mặt tiền đường&lt;/li&gt;                                                                                                                                               &lt;/ul&gt;                    &lt;/div&gt;" SourceIndex="1484" TableNum="0" TextLen="383" order="12" xPath="/html[1]/body[1]/div[1]/div[4]/div[1]/div[1]/div[6]/div[2]"/>
<LayoutNode BgColor="#ffffff" ContainImg="1" ContainP="0" ContainTable="false" Content=" " DOMCldNum="85" DoC="8" FontSize="13" FontWeight="normal" FormNum="0" FormSize="0" FrameSourceIndex="0" ID="1-5-1-6" InteractionNum="0" InteractionSize="0" IsImg="false" LinkNum="2" LinkTextLen="0" ObjectHeight="90" ObjectRectHeight="90" ObjectRectLeft="0" ObjectRectTop="1856" ObjectRectWidth="900" ObjectWidth="690" ObjectX="210" ObjectY="1856" OptionNum="0" OptionTextLength="0" ParaNum="0" SRC="&lt;div xmlns=&quot;http://www.w3.org/1999/xhtml&quot; class=&quot;box_C khonghien_mobile&quot; id=&quot;tienich_xungquanh&quot;&gt;     &lt;a href=&quot;https://123vemaybay.vn/ve-may-bay-di-ha-noi&quot; target=&quot;_blank&quot; title=&quot;vé máy bay đi Hà Nội giá rẻ&quot;&gt;&lt;img src=&quot;http://123nhadat.vn/uploads/banners/ve-may-bay-di-ha-noi-bannerC.gif&quot;/&gt;&lt;/a&gt;              &lt;/div&gt;" SourceIndex="1538" TableNum="0" TextLen="0" order="13" xPath="/html[1]/body[1]/div[1]/div[4]/div[1]/div[1]/div[7]"/>
<LayoutNode BgColor="#5eab1f" ContainImg="0" ContainP="0" ContainTable="false" Content="TIỆN ÍCH XUNNG QUANH " DOMCldNum="9" DoC="5" FontSize="11" FontWeight="700" FormNum="0" FormSize="0" FrameSourceIndex="0" ID="1-5-1-7" InteractionNum="0" InteractionSize="0" IsImg="false" LinkNum="0" LinkTextLen="0" ObjectHeight="20" ObjectRectHeight="20" ObjectRectLeft="0" ObjectRectTop="1959" ObjectRectWidth="900" ObjectWidth="560" ObjectX="215" ObjectY="1959" OptionNum="0" OptionTextLength="0" ParaNum="0" SRC="&lt;div xmlns=&quot;http://www.w3.org/1999/xhtml&quot; class=&quot;tit_C&quot;&gt;                        &lt;span class=&quot;icon_star_xanh&quot;/&gt;                        Tiện ích xunng quanh                    &lt;/div&gt;" SourceIndex="1556" TableNum="0" TextLen="20" order="14" xPath="/html[1]/body[1]/div[1]/div[4]/div[1]/div[1]/div[9]/div[1]"/>
<LayoutNode BgColor="#ffffff" ContainImg="0" ContainP="0" ContainTable="false" Content="Vị trí nhà đất Tiện ích bản đồ xung quanh " DOMCldNum="9" DoC="5" FontSize="13" FontWeight="normal" FormNum="0" FormSize="0" FrameSourceIndex="0" ID="1-5-1-8" InteractionNum="0" InteractionSize="0" IsImg="false" LinkNum="4" LinkTextLen="40" ObjectHeight="34" ObjectRectHeight="34" ObjectRectLeft="0" ObjectRectTop="1992" ObjectRectWidth="900" ObjectWidth="690" ObjectX="210" ObjectY="1992" OptionNum="0" OptionTextLength="0" ParaNum="0" SRC="&lt;div xmlns=&quot;http://www.w3.org/1999/xhtml&quot; class=&quot;detail_C&quot;&gt;                        &lt;ul id=&quot;countrytabs&quot;&gt;                            &lt;li&gt;&lt;a class=&quot;ntctab&quot; href=&quot;#map1&quot;&gt;Vị trí nhà đất&lt;/a&gt;&lt;/li&gt;                            &lt;li&gt;&lt;a class=&quot;ntctab&quot; href=&quot;#map2&quot;&gt;Tiện ích bản đồ xung quanh&lt;/a&gt;&lt;/li&gt;                            &lt;/ul&gt;                    &lt;/div&gt;" SourceIndex="1561" TableNum="0" TextLen="40" order="15" xPath="/html[1]/body[1]/div[1]/div[4]/div[1]/div[1]/div[9]/div[2]"/>
<LayoutNode BgColor="#ffffff" ContainImg="0" ContainP="0" ContainTable="false" DOMCldNum="13" DoC="8" FontSize="13" FontWeight="normal" FormNum="0" FormSize="0" FrameSourceIndex="0" ID="1-5-1-9" InteractionNum="0" InteractionSize="0" IsImg="false" LinkNum="0" LinkTextLen="0" ObjectRectHeight="432" ObjectRectLeft="0" ObjectRectTop="2037" ObjectRectWidth="900" OptionNum="0" OptionTextLength="0" ParaNum="0" SourceIndex="1581" TableNum="0" TextLen="37" order="16">
<LayoutNode BgColor="#ffffff" ContainImg="0" ContainP="0" ContainTable="false" Content="Chọn bán kính để xem: " DOMCldNum="13" DoC="8" FontSize="13" FontWeight="normal" FormNum="0" FormSize="0" FrameSourceIndex="0" ID="1-5-1-9-1" InteractionNum="0" InteractionSize="0" IsImg="false" LinkNum="0" LinkTextLen="0" ObjectHeight="34" ObjectRectHeight="432" ObjectRectLeft="0" ObjectRectTop="2037" ObjectRectWidth="405" ObjectWidth="144" ObjectX="261" ObjectY="2037" OptionNum="0" OptionTextLength="0" ParaNum="0" SRC="&lt;li xmlns=&quot;http://www.w3.org/1999/xhtml&quot;&gt;&lt;span&gt;Chọn bán kính để xem:&lt;/span&gt;&lt;/li&gt;" SourceIndex="1583" TableNum="0" TextLen="21" order="17" xPath="/html[1]/body[1]/div[1]/div[4]/div[1]/div[1]/div[9]/div[3]/div[2]/ul[1]/li[1]"/>
<LayoutNode BgColor="#ffffff" ContainImg="0" ContainP="0" ContainTable="false" Content="500m " DOMCldNum="13" DoC="8" FontSize="13" FontWeight="normal" FormNum="0" FormSize="0" FrameSourceIndex="0" ID="1-5-1-9-2" InteractionNum="0" InteractionSize="0" IsImg="false" LinkNum="0" LinkTextLen="0" ObjectHeight="34" ObjectRectHeight="432" ObjectRectLeft="425" ObjectRectTop="2037" ObjectRectWidth="38" ObjectWidth="38" ObjectX="425" ObjectY="2037" OptionNum="0" OptionTextLength="0" ParaNum="0" SRC="&lt;li xmlns=&quot;http://www.w3.org/1999/xhtml&quot;&gt;&lt;input id=&quot;Checkbox6&quot; name=&quot;radNb&quot; type=&quot;radio&quot; value=&quot;500&quot;/&gt;&lt;span&gt;500m&lt;/span&gt;&lt;/li&gt;" SourceIndex="1587" TableNum="0" TextLen="4" order="18" xPath="/html[1]/body[1]/div[1]/div[4]/div[1]/div[1]/div[9]/div[3]/div[2]/ul[1]/li[2]"/>
<LayoutNode BgColor="#ffffff" ContainImg="0" ContainP="0" ContainTable="false" Content="1km " DOMCldNum="13" DoC="8" FontSize="13" FontWeight="normal" FormNum="0" FormSize="0" FrameSourceIndex="0" ID="1-5-1-9-3" InteractionNum="0" InteractionSize="0" IsImg="false" LinkNum="0" LinkTextLen="0" ObjectHeight="34" ObjectRectHeight="432" ObjectRectLeft="483" ObjectRectTop="2037" ObjectRectWidth="31" ObjectWidth="31" ObjectX="483" ObjectY="2037" OptionNum="0" OptionTextLength="0" ParaNum="0" SRC="&lt;li xmlns=&quot;http://www.w3.org/1999/xhtml&quot;&gt;&lt;input id=&quot;Checkbox7&quot; name=&quot;radNb&quot; type=&quot;radio&quot; value=&quot;1000&quot;/&gt;&lt;span&gt;1km&lt;/span&gt;&lt;/li&gt;" SourceIndex="1592" TableNum="0" TextLen="3" order="19" xPath="/html[1]/body[1]/div[1]/div[4]/div[1]/div[1]/div[9]/div[3]/div[2]/ul[1]/li[3]"/>
<LayoutNode BgColor="#ffffff" ContainImg="0" ContainP="0" ContainTable="false" Content="2km " DOMCldNum="13" DoC="8" FontSize="13" FontWeight="normal" FormNum="0" FormSize="0" FrameSourceIndex="0" ID="1-5-1-9-4" InteractionNum="0" InteractionSize="0" IsImg="false" LinkNum="0" LinkTextLen="0" ObjectHeight="34" ObjectRectHeight="432" ObjectRectLeft="534" ObjectRectTop="2037" ObjectRectWidth="31" ObjectWidth="31" ObjectX="534" ObjectY="2037" OptionNum="0" OptionTextLength="0" ParaNum="0" SRC="&lt;li xmlns=&quot;http://www.w3.org/1999/xhtml&quot;&gt;&lt;input id=&quot;Checkbox8&quot; name=&quot;radNb&quot; type=&quot;radio&quot; value=&quot;2000&quot;/&gt;&lt;span&gt;2km&lt;/span&gt;&lt;/li&gt;" SourceIndex="1597" TableNum="0" TextLen="3" order="20" xPath="/html[1]/body[1]/div[1]/div[4]/div[1]/div[1]/div[9]/div[3]/div[2]/ul[1]/li[4]"/>
<LayoutNode BgColor="#ffffff" ContainImg="0" ContainP="0" ContainTable="false" Content="3km " DOMCldNum="13" DoC="8" FontSize="13" FontWeight="normal" FormNum="0" FormSize="0" FrameSourceIndex="0" ID="1-5-1-9-5" InteractionNum="0" InteractionSize="0" IsImg="false" LinkNum="0" LinkTextLen="0" ObjectHeight="34" ObjectRectHeight="432" ObjectRectLeft="585" ObjectRectTop="2037" ObjectRectWidth="31" ObjectWidth="31" ObjectX="585" ObjectY="2037" OptionNum="0" OptionTextLength="0" ParaNum="0" SRC="&lt;li xmlns=&quot;http://www.w3.org/1999/xhtml&quot;&gt;&lt;input id=&quot;Checkbox9&quot; name=&quot;radNb&quot; type=&quot;radio&quot; value=&quot;3000&quot;/&gt;&lt;span&gt;3km&lt;/span&gt;&lt;/li&gt;" SourceIndex="1602" TableNum="0" TextLen="3" order="21" xPath="/html[1]/body[1]/div[1]/div[4]/div[1]/div[1]/div[9]/div[3]/div[2]/ul[1]/li[5]"/>
<LayoutNode BgColor="#ffffff" ContainImg="0" ContainP="0" ContainTable="false" Content="5km " DOMCldNum="13" DoC="8" FontSize="13" FontWeight="normal" FormNum="0" FormSize="0" FrameSourceIndex="0" ID="1-5-1-9-6" InteractionNum="0" InteractionSize="0" IsImg="false" LinkNum="0" LinkTextLen="0" ObjectHeight="34" ObjectRectHeight="432" ObjectRectLeft="636" ObjectRectTop="2037" ObjectRectWidth="264" ObjectWidth="31" ObjectX="636" ObjectY="2037" OptionNum="0" OptionTextLength="0" ParaNum="0" SRC="&lt;li xmlns=&quot;http://www.w3.org/1999/xhtml&quot;&gt;&lt;input id=&quot;Checkbox9&quot; name=&quot;radNb&quot; type=&quot;radio&quot; value=&quot;5000&quot;/&gt;&lt;span&gt;5km&lt;/span&gt;&lt;/li&gt;" SourceIndex="1607" TableNum="0" TextLen="3" order="22" xPath="/html[1]/body[1]/div[1]/div[4]/div[1]/div[1]/div[9]/div[3]/div[2]/ul[1]/li[6]"/>
</LayoutNode>
</LayoutNode>
<LayoutNode BgColor="#ffffff" ContainImg="1" ContainP="0" ContainTable="false" DOMCldNum="35" DoC="5" FontSize="13" FontWeight="normal" FormNum="2" FormSize="20" FrameSourceIndex="0" ID="1-5-2" InteractionNum="0" InteractionSize="0" IsImg="false" LinkNum="50" LinkTextLen="349" ObjectRectHeight="1826" ObjectRectLeft="910" ObjectRectTop="643" ObjectRectWidth="510" OptionNum="0" OptionTextLength="0" ParaNum="0" SourceIndex="2632" TableNum="0" TextLen="758" order="23">
<LayoutNode BgColor="#ffffff" ContainImg="0" ContainP="0" ContainTable="false" Content="Tìm kiếm nhà đất Địa điểm Loại tin rao Nhà đất bán Nhà đất cho thuê Loại nhà đất Vui lòng chọn Tỉnh, thành phố Vui lòng chọn Tp.HCM Hà Nội Bình Dương Hải Phòng Đà Nẵng Cần Thơ Đồng Nai Bà Rịa Vũng Tàu Khánh Hòa Long An Thừa Thiên Huế An Giang Bạc Liêu Bắc Cạn Bắc Giang Bắc Ninh Bắc Giang Bình Định Bình Phước Bình Thuận Cà Mau Cao Bằng Đắk Lắk Đồng Tháp Gia Lai Hà Giang Hà Nam Hà Tĩnh Hải Dương Hòa Bình Hưng Yên Kiên Giang Kon Tum Lai Châu Lạng Sơn Lào Cai Lâm Đồng Nam Định Nghệ An Ninh Bình Ninh Thuận Phú Thọ Phú Yên Quảng Bình Quảng Nam Quảng Ngãi Quảng Ninh Quảng Trị Sóc Trăng Sơn La Tây Ninh Thái Bình Thái Nguyên Thanh Hóa Tiền Giang Trà Vinh Tuyên Quang Vĩnh Long Vĩnh Phúc Yên Bái Điện Biên Đắk Nông Hậu Giang Theo quận, huyện Vui lòng chọn Theo phường, xã Vui lòng chọn Theo đường phố Vui lòng chọn Theo dự án Vui lòng chọn Tìm gần trường Vui lòng chọn Theo diện tích ---Chọn diện tích--- Không xác định &lt;= 30 m2 30-50 m2 50-100 m2 100-200 m2 200-300 m2 300-400 m2 400-500 m2 &gt;=500 m2 Theo mức giá Vui lòng chọn Tìm kiếm Bỏ tìm nâng cao " DOMCldNum="35" DoC="8" FontSize="13" FontWeight="normal" FormNum="1" FormSize="20" FrameSourceIndex="0" ID="1-5-2-1" InteractionNum="0" InteractionSize="0" IsImg="false" LinkNum="4" LinkTextLen="23" ObjectHeight="513" ObjectRectHeight="513" ObjectRectLeft="910" ObjectRectTop="643" ObjectRectWidth="510" ObjectWidth="300" ObjectX="910" ObjectY="643" OptionNum="0" OptionTextLength="0" ParaNum="0" SRC="&lt;div xmlns=&quot;http://www.w3.org/1999/xhtml&quot; class=&quot;box_R cachtren2 khonghien_mobile box_nhadatban_R&quot; id=&quot;product-search-right&quot;&gt;          &lt;form action=&quot;http://123nhadat.vn/?act=tim-nha-dat&quot; id=&quot;searchFormR&quot; method=&quot;post&quot;&gt;                    &lt;div class=&quot;tit_C cachtren2&quot;&gt;                        &lt;span class=&quot;icon_star_xanh&quot;/&gt;                        Tìm kiếm nhà đất                    &lt;/div&gt;                    &lt;div class=&quot;detail_R&quot;&gt;                        &lt;div class=&quot;timkiem&quot;&gt;                            &lt;label&gt;Địa điểm&lt;/label&gt;                            &lt;input id=&quot;searchlocation&quot; name=&quot;q&quot; placeholder=&quot; Nhập địa điểm bất động sản&quot; title=&quot;&lt;div style='width:190px;'&gt;&lt;div&gt;&lt;strong class='camcam'&gt;Gợi ý&lt;/strong&gt;&lt;/div&gt;                 &lt;ul&gt;                     &lt;li&gt;-Nhập tên tỉnh/thành phố, quận/huyện, phường/xã, đường/phố, dự án; ví dụ: Imperia&lt;/li&gt;                     &lt;li&gt;-Phải chọn các gợi ý chúng tôi đề xuất bên dưới để kết quả chính xác&lt;/li&gt;                     &lt;li&gt;-Nếu không nhập địa điểm ở đây, Quý vị có thể chọn lựa khu vực bằng các ô phía dưới trong công cụ tìm kiếm này&lt;/li&gt;      &lt;li&gt;-Bạn cũng có thể nhập vào đây mã số tài sản để tim theo mã tài sản.&lt;/li&gt;                 &lt;/ul&gt;&lt;/div&gt;&quot; type=&quot;text&quot;/&gt;                            &lt;input id=&quot;Button4&quot; type=&quot;button&quot; value=&quot;&quot;/&gt;                        &lt;/div&gt;                              &lt;div class=&quot;row_timkiemR&quot;&gt;                            &lt;label&gt;Loại tin rao&lt;/label&gt;                            &lt;select id=&quot;cboCategoryR&quot; name=&quot;cboCategory&quot;&gt;                                &lt;option selected=&quot;selected&quot; value=&quot;1&quot;&gt;Nhà đất bán&lt;/option&gt;        &lt;option value=&quot;2&quot;&gt;Nhà đất cho thuê&lt;/option&gt;                            &lt;/select&gt;                        &lt;/div&gt;      &lt;div class=&quot;row_timkiemR&quot;&gt;                            &lt;label&gt;Loại nhà đất&lt;/label&gt;                            &lt;select id=&quot;cboTypeReR&quot; name=&quot;cboTypeRe&quot;&gt;                                &lt;option value=&quot;&quot;&gt;Vui lòng chọn&lt;/option&gt;                            &lt;/select&gt;                        &lt;/div&gt;                        &lt;div class=&quot;row_timkiemR&quot;&gt;                            &lt;label&gt;Tỉnh, thành phố&lt;/label&gt;                            &lt;select id=&quot;cboCityR&quot; name=&quot;cboCity&quot;&gt;                                &lt;option value=&quot;&quot;&gt;Vui lòng chọn&lt;/option&gt;                &lt;option value=&quot;3&quot;&gt;Tp.HCM&lt;/option&gt;        &lt;option value=&quot;2&quot;&gt;Hà Nội&lt;/option&gt;        &lt;option value=&quot;13&quot;&gt;Bình Dương&lt;/option&gt;        &lt;option value=&quot;4&quot;&gt;Hải Phòng&lt;/option&gt;        &lt;option value=&quot;5&quot;&gt;Đà Nẵng&lt;/option&gt;        &lt;option value=&quot;19&quot;&gt;Cần Thơ&lt;/option&gt;        &lt;option value=&quot;115&quot;&gt;Đồng Nai&lt;/option&gt;        &lt;option value=&quot;8&quot;&gt;Bà Rịa Vũng Tàu&lt;/option&gt;        &lt;option value=&quot;125&quot;&gt;Khánh Hòa&lt;/option&gt;        &lt;option value=&quot;132&quot;&gt;Long An&lt;/option&gt;        &lt;option value=&quot;6&quot;&gt;Thừa Thiên Huế&lt;/option&gt;        &lt;option value=&quot;7&quot;&gt;An Giang&lt;/option&gt;                &lt;option value=&quot;9&quot;&gt;Bạc Liêu&lt;/option&gt;        &lt;option value=&quot;10&quot;&gt;Bắc Cạn&lt;/option&gt;        &lt;option value=&quot;1&quot;&gt;Bắc Giang&lt;/option&gt;        &lt;option value=&quot;11&quot;&gt;Bắc Ninh&lt;/option&gt;        &lt;option value=&quot;12&quot;&gt;Bắc Giang&lt;/option&gt;                &lt;option value=&quot;14&quot;&gt;Bình Định&lt;/option&gt;        &lt;option value=&quot;15&quot;&gt;Bình Phước&lt;/option&gt;        &lt;option value=&quot;16&quot;&gt;Bình Thuận&lt;/option&gt;        &lt;option value=&quot;17&quot;&gt;Cà Mau&lt;/option&gt;        &lt;option value=&quot;18&quot;&gt;Cao Bằng&lt;/option&gt;                &lt;option value=&quot;103&quot;&gt;Đắk Lắk&lt;/option&gt;                &lt;option value=&quot;116&quot;&gt;Đồng Tháp&lt;/option&gt;        &lt;option value=&quot;117&quot;&gt;Gia Lai&lt;/option&gt;        &lt;option value=&quot;118&quot;&gt;Hà  Giang&lt;/option&gt;        &lt;option value=&quot;119&quot;&gt;Hà Nam&lt;/option&gt;        &lt;option value=&quot;121&quot;&gt;Hà Tĩnh&lt;/option&gt;        &lt;option value=&quot;122&quot;&gt;Hải Dương&lt;/option&gt;        &lt;option value=&quot;123&quot;&gt;Hòa Bình&lt;/option&gt;        &lt;option value=&quot;124&quot;&gt;Hưng Yên&lt;/option&gt;                &lt;option value=&quot;126&quot;&gt;Kiên Giang&lt;/option&gt;        &lt;option value=&quot;127&quot;&gt;Kon Tum&lt;/option&gt;        &lt;option value=&quot;128&quot;&gt;Lai Châu&lt;/option&gt;        &lt;option value=&quot;129&quot;&gt;Lạng Sơn&lt;/option&gt;        &lt;option value=&quot;130&quot;&gt;Lào Cai&lt;/option&gt;        &lt;option value=&quot;131&quot;&gt;Lâm Đồng&lt;/option&gt;                &lt;option value=&quot;133&quot;&gt;Nam Định&lt;/option&gt;        &lt;option value=&quot;134&quot;&gt;Nghệ An&lt;/option&gt;        &lt;option value=&quot;135&quot;&gt;Ninh Bình&lt;/option&gt;        &lt;option value=&quot;136&quot;&gt;Ninh Thuận&lt;/option&gt;        &lt;option value=&quot;137&quot;&gt;Phú Thọ&lt;/option&gt;        &lt;option value=&quot;138&quot;&gt;Phú Yên&lt;/option&gt;        &lt;option value=&quot;139&quot;&gt;Quảng Bình&lt;/option&gt;        &lt;option value=&quot;140&quot;&gt;Quảng Nam&lt;/option&gt;        &lt;option value=&quot;141&quot;&gt;Quảng Ngãi&lt;/option&gt;        &lt;option value=&quot;142&quot;&gt;Quảng Ninh&lt;/option&gt;        &lt;option value=&quot;143&quot;&gt;Quảng Trị&lt;/option&gt;        &lt;option value=&quot;144&quot;&gt;Sóc Trăng&lt;/option&gt;        &lt;option value=&quot;145&quot;&gt;Sơn La&lt;/option&gt;        &lt;option value=&quot;146&quot;&gt;Tây Ninh&lt;/option&gt;        &lt;option value=&quot;147&quot;&gt;Thái Bình&lt;/option&gt;        &lt;option value=&quot;148&quot;&gt;Thái Nguyên&lt;/option&gt;        &lt;option value=&quot;149&quot;&gt;Thanh Hóa&lt;/option&gt;        &lt;option value=&quot;150&quot;&gt;Tiền Giang&lt;/option&gt;        &lt;option value=&quot;151&quot;&gt;Trà Vinh&lt;/option&gt;        &lt;option value=&quot;152&quot;&gt;Tuyên Quang&lt;/option&gt;        &lt;option value=&quot;153&quot;&gt;Vĩnh Long&lt;/option&gt;        &lt;option value=&quot;154&quot;&gt;Vĩnh Phúc&lt;/option&gt;        &lt;option value=&quot;155&quot;&gt;Yên Bái&lt;/option&gt;        &lt;option value=&quot;156&quot;&gt;Điện Biên&lt;/option&gt;        &lt;option value=&quot;157&quot;&gt;Đắk Nông&lt;/option&gt;        &lt;option value=&quot;158&quot;&gt;Hậu Giang&lt;/option&gt;                            &lt;/select&gt;                        &lt;/div&gt;                        &lt;div class=&quot;row_timkiemR&quot;&gt;                            &lt;label&gt;Theo quận, huyện&lt;/label&gt;                            &lt;select id=&quot;cboDistrictR&quot; name=&quot;cboDistrict&quot;&gt;                                &lt;option selected=&quot;selected&quot;&gt;Vui lòng chọn&lt;/option&gt;                            &lt;/select&gt;                        &lt;/div&gt;                        &lt;div class=&quot;row_timkiemR&quot; id=&quot;divWard&quot;&gt;                            &lt;label&gt;Theo phường, xã&lt;/label&gt;                            &lt;select id=&quot;cboWardR&quot; name=&quot;cboWard&quot;&gt;                                &lt;option selected=&quot;selected&quot;&gt;Vui lòng chọn&lt;/option&gt;                            &lt;/select&gt;                        &lt;/div&gt;                        &lt;div class=&quot;row_timkiemR&quot; id=&quot;divStreet&quot;&gt;                            &lt;label&gt;Theo đường phố&lt;/label&gt;                            &lt;select id=&quot;cboStreetR&quot; name=&quot;cboStreet&quot;&gt;                                &lt;option selected=&quot;selected&quot;&gt;Vui lòng chọn&lt;/option&gt;                            &lt;/select&gt;                        &lt;/div&gt;                        &lt;div class=&quot;row_timkiemR&quot; id=&quot;divProj&quot;&gt;                            &lt;label&gt;Theo dự án&lt;/label&gt;                            &lt;select id=&quot;cboProjR&quot; name=&quot;cboProj&quot;&gt;                                &lt;option selected=&quot;selected&quot;&gt;Vui lòng chọn&lt;/option&gt;                            &lt;/select&gt;                        &lt;/div&gt;      &lt;div class=&quot;row_timkiemR&quot; id=&quot;divPlace&quot;&gt;                            &lt;label&gt;Tìm gần trường&lt;/label&gt;                            &lt;select id=&quot;cboNearPlaceR&quot; name=&quot;cboNearPlace&quot;&gt;                                &lt;option selected=&quot;selected&quot;&gt;Vui lòng chọn&lt;/option&gt;                            &lt;/select&gt;                        &lt;/div&gt;                        &lt;div class=&quot;row_timkiemR&quot;&gt;                            &lt;label&gt;Theo diện tích&lt;/label&gt;                            &lt;select id=&quot;cboAreaR&quot; name=&quot;cboArea&quot;&gt;                                &lt;option value=&quot;&quot;&gt;---Chọn diện tích---&lt;/option&gt;        &lt;option value=&quot;1&quot;&gt;Không xác định&lt;/option&gt;        &lt;option value=&quot;2&quot;&gt;&lt;= 30 m2&lt;/option&gt;        &lt;option value=&quot;3&quot;&gt;30-50 m2&lt;/option&gt;        &lt;option value=&quot;4&quot;&gt;50-100 m2&lt;/option&gt;        &lt;option value=&quot;5&quot;&gt;100-200 m2&lt;/option&gt;        &lt;option value=&quot;6&quot;&gt;200-300 m2&lt;/option&gt;        &lt;option value=&quot;7&quot;&gt;300-400 m2&lt;/option&gt;        &lt;option value=&quot;8&quot;&gt;400-500 m2&lt;/option&gt;        &lt;option value=&quot;9&quot;&gt;&gt;=500 m2&lt;/option&gt;                            &lt;/select&gt;                        &lt;/div&gt;                        &lt;div class=&quot;row_timkiemR&quot;&gt;                            &lt;label&gt;Theo mức giá&lt;/label&gt;                            &lt;select id=&quot;cboPriceR&quot; name=&quot;cboPrice&quot;&gt;                                &lt;option selected=&quot;selected&quot;&gt;Vui lòng chọn&lt;/option&gt;                            &lt;/select&gt;                        &lt;/div&gt;                        &lt;div class=&quot;row_timkiemR&quot;&gt;       &lt;input name=&quot;come_from&quot; type=&quot;hidden&quot; value=&quot;2&quot;/&gt;                            &lt;a href=&quot;javascript:void(0)&quot; onclick=&quot;$('#searchFormR').submit();&quot;&gt;Tìm kiếm&lt;/a&gt;                            &lt;a href=&quot;javascript:void(0);&quot; id=&quot;showAdvSearch&quot; onclick=&quot;ShowAdvSearch();&quot;&gt;Bỏ tìm nâng cao&lt;/a&gt;                        &lt;/div&gt;                    &lt;/div&gt;     &lt;/form&gt;                &lt;/div&gt;" SourceIndex="2644" TableNum="0" TextLen="183" order="24" xPath="/html[1]/body[1]/div[1]/div[4]/div[1]/div[2]/div[2]"/>
<LayoutNode BgColor="#5eab1f" ContainImg="0" ContainP="0" ContainTable="false" Content="BÁN NHÀ MẶT PHỐ THEO ĐƯỜNG/PHỐ TẠI QUẬN TÂY HỒ " DOMCldNum="5" DoC="5" FontSize="11" FontWeight="700" FormNum="0" FormSize="0" FrameSourceIndex="0" ID="1-5-2-2" InteractionNum="0" InteractionSize="0" IsImg="false" LinkNum="0" LinkTextLen="0" ObjectHeight="40" ObjectRectHeight="40" ObjectRectLeft="910" ObjectRectTop="1429" ObjectRectWidth="510" ObjectWidth="290" ObjectX="915" ObjectY="1429" OptionNum="0" OptionTextLength="0" ParaNum="0" SRC="&lt;div xmlns=&quot;http://www.w3.org/1999/xhtml&quot; class=&quot;tit_C&quot;&gt;                        &lt;span class=&quot;icon_star_xanh&quot;/&gt;                        Bán nhà mặt phố theo đường/phố tại Quận Tây Hồ                    &lt;/div&gt;" SourceIndex="3032" TableNum="0" TextLen="45" order="25" xPath="/html[1]/body[1]/div[1]/div[4]/div[1]/div[2]/div[4]/div[1]"/>
<LayoutNode BgColor="#ffffff" ContainImg="0" ContainP="0" ContainTable="false" Content="Đường Lạc Long Quân (474)Đường Thụy Khuê (309)Đường Âu Cơ (220)Đường Yên Phụ (117)Đường Nghi Tàm (116)Đường Xuân Diệu (108)Đường An Dương Vương (100)Đường Xuân La (97)Đường Tô Ngọc Vân (94)Phố An Dương (82)Phố Võng Thị (57)Đường Ven Hồ (46)Đường Hoàng Hoa Thám (45)Đường Nguyễn Hoàng Tôn (30)Đường Đặng Thai Mai (19)Đường Quảng Bá (18)Đường Nước Phần Lan (13)Đường Phú Gia (6)Phố Dốc Tam Đa (2)Đường Hồng Hà (1) " DOMCldNum="3" DoC="8" FontSize="13" FontWeight="normal" FormNum="0" FormSize="0" FrameSourceIndex="0" ID="1-5-2-3" InteractionNum="0" InteractionSize="0" IsImg="false" LinkNum="40" LinkTextLen="307" ObjectHeight="556" ObjectRectHeight="556" ObjectRectLeft="910" ObjectRectTop="1493" ObjectRectWidth="510" ObjectWidth="238" ObjectX="961" ObjectY="1493" OptionNum="0" OptionTextLength="0" ParaNum="0" SRC="&lt;ul xmlns=&quot;http://www.w3.org/1999/xhtml&quot; class=&quot;nhadatVN&quot;&gt;                                   &lt;li&gt;&lt;a href=&quot;http://123nhadat.vn/raovat-c9/ban-nha-mat-pho-tai-duong-lac-long-quan-14228&quot; title=&quot;Bán nhà mặt phố tại Đường Lạc Long Quân,Quận Tây Hồ&quot;&gt;Đường Lạc Long Quân&lt;/a&gt; (&lt;span style=&quot;color:green&quot;&gt;474&lt;/span&gt;)&lt;/li&gt;                                   &lt;li&gt;&lt;a href=&quot;http://123nhadat.vn/raovat-c9/ban-nha-mat-pho-tai-duong-thuy-khue-18982&quot; title=&quot;Bán nhà mặt phố tại Đường Thụy Khuê,Quận Tây Hồ&quot;&gt;Đường Thụy Khuê&lt;/a&gt; (&lt;span style=&quot;color:green&quot;&gt;309&lt;/span&gt;)&lt;/li&gt;                                   &lt;li&gt;&lt;a href=&quot;http://123nhadat.vn/raovat-c9/ban-nha-mat-pho-tai-duong-au-co-12097&quot; title=&quot;Bán nhà mặt phố tại Đường Âu Cơ,Quận Tây Hồ&quot;&gt;Đường Âu Cơ&lt;/a&gt; (&lt;span style=&quot;color:green&quot;&gt;220&lt;/span&gt;)&lt;/li&gt;                                   &lt;li&gt;&lt;a href=&quot;http://123nhadat.vn/raovat-c9/ban-nha-mat-pho-tai-duong-yen-phu-20824&quot; title=&quot;Bán nhà mặt phố tại Đường Yên Phụ,Quận Tây Hồ&quot;&gt;Đường Yên Phụ&lt;/a&gt; (&lt;span style=&quot;color:green&quot;&gt;117&lt;/span&gt;)&lt;/li&gt;                                   &lt;li&gt;&lt;a href=&quot;http://123nhadat.vn/raovat-c9/ban-nha-mat-pho-tai-duong-nghi-tam-15490&quot; title=&quot;Bán nhà mặt phố tại Đường Nghi Tàm,Quận Tây Hồ&quot;&gt;Đường Nghi Tàm&lt;/a&gt; (&lt;span style=&quot;color:green&quot;&gt;116&lt;/span&gt;)&lt;/li&gt;                                   &lt;li&gt;&lt;a href=&quot;http://123nhadat.vn/raovat-c9/ban-nha-mat-pho-tai-duong-xuan-dieu-20748&quot; title=&quot;Bán nhà mặt phố tại Đường Xuân Diệu,Quận Tây Hồ&quot;&gt;Đường Xuân Diệu&lt;/a&gt; (&lt;span style=&quot;color:green&quot;&gt;108&lt;/span&gt;)&lt;/li&gt;                                   &lt;li&gt;&lt;a href=&quot;http://123nhadat.vn/raovat-c9/ban-nha-mat-pho-tai-duong-an-duong-vuong-12033&quot; title=&quot;Bán nhà mặt phố tại Đường An Dương Vương,Quận Tây Hồ&quot;&gt;Đường An Dương Vương&lt;/a&gt; (&lt;span style=&quot;color:green&quot;&gt;100&lt;/span&gt;)&lt;/li&gt;                                   &lt;li&gt;&lt;a href=&quot;http://123nhadat.vn/raovat-c9/ban-nha-mat-pho-tai-duong-xuan-la-20761&quot; title=&quot;Bán nhà mặt phố tại Đường Xuân La,Quận Tây Hồ&quot;&gt;Đường Xuân La&lt;/a&gt; (&lt;span style=&quot;color:green&quot;&gt;97&lt;/span&gt;)&lt;/li&gt;                                   &lt;li&gt;&lt;a href=&quot;http://123nhadat.vn/raovat-c9/ban-nha-mat-pho-tai-duong-to-ngoc-van-19411&quot; title=&quot;Bán nhà mặt phố tại Đường Tô Ngọc Vân,Quận Tây Hồ&quot;&gt;Đường Tô Ngọc Vân&lt;/a&gt; (&lt;span style=&quot;color:green&quot;&gt;94&lt;/span&gt;)&lt;/li&gt;                                   &lt;li&gt;&lt;a href=&quot;http://123nhadat.vn/raovat-c9/ban-nha-mat-pho-tai-pho-an-duong-12031&quot; title=&quot;Bán nhà mặt phố tại Phố An Dương,Quận Tây Hồ&quot;&gt;Phố An Dương&lt;/a&gt; (&lt;span style=&quot;color:green&quot;&gt;82&lt;/span&gt;)&lt;/li&gt;                                   &lt;li&gt;&lt;a href=&quot;http://123nhadat.vn/raovat-c9/ban-nha-mat-pho-tai-pho-vong-thi-20645&quot; title=&quot;Bán nhà mặt phố tại Phố Võng Thị,Quận Tây Hồ&quot;&gt;Phố Võng Thị&lt;/a&gt; (&lt;span style=&quot;color:green&quot;&gt;57&lt;/span&gt;)&lt;/li&gt;                                   &lt;li&gt;&lt;a href=&quot;http://123nhadat.vn/raovat-c9/ban-nha-mat-pho-tai-duong-ven-ho-20486&quot; title=&quot;Bán nhà mặt phố tại Đường Ven Hồ,Quận Tây Hồ&quot;&gt;Đường Ven Hồ&lt;/a&gt; (&lt;span style=&quot;color:green&quot;&gt;46&lt;/span&gt;)&lt;/li&gt;                                   &lt;li&gt;&lt;a href=&quot;http://123nhadat.vn/raovat-c9/ban-nha-mat-pho-tai-duong-hoang-hoa-tham-13627&quot; title=&quot;Bán nhà mặt phố tại Đường Hoàng Hoa Thám,Quận Tây Hồ&quot;&gt;Đường Hoàng Hoa Thám&lt;/a&gt; (&lt;span style=&quot;color:green&quot;&gt;45&lt;/span&gt;)&lt;/li&gt;                                   &lt;li&gt;&lt;a href=&quot;http://123nhadat.vn/raovat-c9/ban-nha-mat-pho-tai-duong-nguyen-hoang-ton-16047&quot; title=&quot;Bán nhà mặt phố tại Đường Nguyễn Hoàng Tôn,Quận Tây Hồ&quot;&gt;Đường Nguyễn Hoàng Tôn&lt;/a&gt; (&lt;span style=&quot;color:green&quot;&gt;30&lt;/span&gt;)&lt;/li&gt;                                   &lt;li&gt;&lt;a href=&quot;http://123nhadat.vn/raovat-c9/ban-nha-mat-pho-tai-duong-dang-thai-mai-20963&quot; title=&quot;Bán nhà mặt phố tại Đường Đặng Thai Mai,Quận Tây Hồ&quot;&gt;Đường Đặng Thai Mai&lt;/a&gt; (&lt;span style=&quot;color:green&quot;&gt;19&lt;/span&gt;)&lt;/li&gt;                                   &lt;li&gt;&lt;a href=&quot;http://123nhadat.vn/raovat-c9/ban-nha-mat-pho-tai-duong-quang-ba-17903&quot; title=&quot;Bán nhà mặt phố tại Đường Quảng Bá,Quận Tây Hồ&quot;&gt;Đường Quảng Bá&lt;/a&gt; (&lt;span style=&quot;color:green&quot;&gt;18&lt;/span&gt;)&lt;/li&gt;                                   &lt;li&gt;&lt;a href=&quot;http://123nhadat.vn/raovat-c9/ban-nha-mat-pho-tai-duong-nuoc-phan-lan-17173&quot; title=&quot;Bán nhà mặt phố tại Đường Nước Phần Lan,Quận Tây Hồ&quot;&gt;Đường Nước Phần Lan&lt;/a&gt; (&lt;span style=&quot;color:green&quot;&gt;13&lt;/span&gt;)&lt;/li&gt;                                   &lt;li&gt;&lt;a href=&quot;http://123nhadat.vn/raovat-c9/ban-nha-mat-pho-tai-duong-phu-gia-17749&quot; title=&quot;Bán nhà mặt phố tại Đường Phú Gia,Quận Tây Hồ&quot;&gt;Đường Phú Gia&lt;/a&gt; (&lt;span style=&quot;color:green&quot;&gt;6&lt;/span&gt;)&lt;/li&gt;                                   &lt;li&gt;&lt;a href=&quot;http://123nhadat.vn/raovat-c9/ban-nha-mat-pho-tai-pho-doc-tam-da-12968&quot; title=&quot;Bán nhà mặt phố tại Phố Dốc Tam Đa,Quận Tây Hồ&quot;&gt;Phố Dốc Tam Đa&lt;/a&gt; (&lt;span style=&quot;color:green&quot;&gt;2&lt;/span&gt;)&lt;/li&gt;                                   &lt;li&gt;&lt;a href=&quot;http://123nhadat.vn/raovat-c9/ban-nha-mat-pho-tai-duong-hong-ha-13813&quot; title=&quot;Bán nhà mặt phố tại Đường Hồng Hà,Quận Tây Hồ&quot;&gt;Đường Hồng Hà&lt;/a&gt; (&lt;span style=&quot;color:green&quot;&gt;1&lt;/span&gt;)&lt;/li&gt;                               &lt;/ul&gt;" SourceIndex="3039" TableNum="0" TextLen="411" order="26" xPath="/html[1]/body[1]/div[1]/div[4]/div[1]/div[2]/div[4]/div[2]/ul[1]"/>
<LayoutNode BgColor="#5eab1f" ContainImg="1" ContainP="0" ContainTable="false" DOMCldNum="5" DoC="5" FontSize="11" FontWeight="700" FormNum="1" FormSize="20" FrameSourceIndex="0" ID="1-5-2-4" InteractionNum="0" InteractionSize="0" IsImg="false" LinkNum="6" LinkTextLen="19" ObjectRectHeight="395" ObjectRectLeft="910" ObjectRectTop="2074" ObjectRectWidth="510" OptionNum="0" OptionTextLength="0" ParaNum="0" SourceIndex="3209" TableNum="0" TextLen="119" order="27">
<LayoutNode BgColor="#5eab1f" ContainImg="0" ContainP="0" ContainTable="false" Content="LIÊN HỆ NGƯỜI ĐĂNG TIN " DOMCldNum="5" DoC="5" FontSize="11" FontWeight="700" FormNum="0" FormSize="0" FrameSourceIndex="0" ID="1-5-2-4-1" InteractionNum="0" InteractionSize="0" IsImg="false" LinkNum="0" LinkTextLen="0" ObjectHeight="20" ObjectRectHeight="23" ObjectRectLeft="910" ObjectRectTop="2074" ObjectRectWidth="510" ObjectWidth="290" ObjectX="915" ObjectY="2077" OptionNum="0" OptionTextLength="0" ParaNum="0" SRC="&lt;div xmlns=&quot;http://www.w3.org/1999/xhtml&quot; class=&quot;tit_C&quot;&gt;                        &lt;span class=&quot;icon_star_xanh&quot;/&gt;                        Liên hệ người đăng tin                    &lt;/div&gt;" SourceIndex="3211" TableNum="0" TextLen="22" order="28" xPath="/html[1]/body[1]/div[1]/div[4]/div[1]/div[2]/div[5]/div[1]"/>
<LayoutNode BgColor="#ffffff" ContainImg="1" ContainP="0" ContainTable="false" Content="Chị Thu Phone: 0944828386 Đang rao 251 nhà đất   Họ và tên: Mobile: Email: Tiêu đề: Tin nhắn: Gửi tin nhắn " DOMCldNum="5" DoC="8" FontSize="13" FontWeight="normal" FormNum="1" FormSize="20" FrameSourceIndex="0" ID="1-5-2-4-2" InteractionNum="0" InteractionSize="0" IsImg="false" LinkNum="6" LinkTextLen="19" ObjectHeight="337" ObjectRectHeight="348" ObjectRectLeft="910" ObjectRectTop="2121" ObjectRectWidth="510" ObjectWidth="278" ObjectX="921" ObjectY="2121" OptionNum="0" OptionTextLength="0" ParaNum="0" SRC="&lt;div xmlns=&quot;http://www.w3.org/1999/xhtml&quot; class=&quot;detail_R&quot;&gt;                        &lt;div class=&quot;box_moigioi border_none lienhe_dangtin_R&quot;&gt;                            &lt;div class=&quot;img_moigioi&quot;&gt;&lt;a href=&quot;http://123nhadat.vn/thanhvien/tinrao/125487&quot;&gt;&lt;img align=&quot;middle&quot; alt=&quot;Chị Thu&quot; class=&quot;img&quot; height=&quot;50&quot; src=&quot;http://123nhadat.vn/thumbs/120x122/avatar/noavatar.jpg&quot; width=&quot;50&quot;/&gt;&lt;/a&gt;&lt;/div&gt;                            &lt;ul&gt;                                &lt;li&gt;&lt;a href=&quot;http://123nhadat.vn/thanhvien/tinrao/125487&quot; title=&quot;Xem toàn bộ tin rao của Chị Thu&quot;&gt;Chị Thu&lt;/a&gt;&lt;/li&gt;                                                                &lt;li&gt;Phone: 0944828386&lt;/li&gt;                                &lt;li&gt;Đang rao &lt;b style=&quot;color:green&quot;&gt;251&lt;/b&gt; nhà đất&lt;/li&gt;        &lt;li&gt; &lt;/li&gt;                            &lt;/ul&gt;                        &lt;/div&gt;      &lt;form action=&quot;&quot; id=&quot;sendMessForm&quot; name=&quot;sendMessForm&quot;&gt;      &lt;input id=&quot;txtMsgTo&quot; name=&quot;txtMsgTo&quot; type=&quot;hidden&quot; value=&quot;truyenthongquanganh@gmail.com&quot;/&gt;                              &lt;div class=&quot;row_lienheR&quot;&gt;                            &lt;label&gt;Họ và tên:&lt;/label&gt;                            &lt;input id=&quot;nameSender&quot; name=&quot;nameSender&quot; placeholder=&quot;Họ tên bạn&quot; type=&quot;text&quot; value=&quot;&quot;/&gt;                        &lt;/div&gt;                        &lt;div class=&quot;row_lienheR&quot;&gt;                            &lt;label&gt;Mobile:&lt;/label&gt;                            &lt;input id=&quot;mobiSender&quot; name=&quot;mobiSender&quot; placeholder=&quot;Di động của bạn&quot; type=&quot;text&quot; value=&quot;&quot;/&gt;                        &lt;/div&gt;                        &lt;div class=&quot;row_lienheR&quot;&gt;                            &lt;label&gt;Email:&lt;/label&gt;                            &lt;input id=&quot;emailSender&quot; name=&quot;emailSender&quot; placeholder=&quot;Email của bạn&quot; type=&quot;text&quot; value=&quot;&quot;/&gt;                        &lt;/div&gt;                              &lt;div class=&quot;row_lienheR&quot;&gt;                            &lt;label&gt;Tiêu đề:&lt;/label&gt;                            &lt;input id=&quot;txtMsgTitle&quot; name=&quot;txtMsgTitle&quot; placeholder=&quot;Tiêu đề tin nhắn&quot; type=&quot;text&quot; value=&quot;Liên hệ từ tin ID: 4296787&quot;/&gt;                        &lt;/div&gt;                        &lt;div class=&quot;row_lienheR&quot;&gt;                            &lt;label&gt;Tin nhắn:&lt;/label&gt;                            &lt;textarea cols=&quot;23&quot; id=&quot;mess_content&quot; name=&quot;mess_content&quot; placeholder=&quot;Nội dung tin nhắn&quot; rows=&quot;3&quot;/&gt;                        &lt;/div&gt;                        &lt;!-- &lt;div class=&quot;row_timkiemR&quot;&gt;                            &lt;input id=&quot;sendmsg&quot; class=&quot;bt_cam&quot; type=&quot;submit&quot; value=&quot;Gửi tin nhắn&quot;&gt;                        &lt;/div&gt; --&gt;      &lt;div class=&quot;row_lienheR&quot;&gt;                            &lt;a class=&quot;bt_cam&quot; href=&quot;javascript:void(0)&quot; onclick=&quot;$('#sendMessForm').submit();&quot;&gt;Gửi tin nhắn&lt;/a&gt;                        &lt;/div&gt;      &lt;/form&gt;                    &lt;/div&gt;" SourceIndex="3216" TableNum="0" TextLen="97" order="29" xPath="/html[1]/body[1]/div[1]/div[4]/div[1]/div[2]/div[5]/div[2]"/>
</LayoutNode>
</LayoutNode>
</LayoutNode>
<LayoutNode BgColor="#ffffff" ContainImg="0" ContainP="0" ContainTable="false" Content="Các nhà đất trong cùng khu vực BDS xung quanh Diện tích Giá Khoảng cách Để xem các nhà đất khác xung quanh vị trí nhà đất hiện tại bạn vui lòng chọn phạm vi bán kính muốn xem " DOMCldNum="7" DoC="8" FontSize="13" FontWeight="normal" FormNum="0" FormSize="0" FrameSourceIndex="0" ID="1-6" InteractionNum="0" InteractionSize="0" IsImg="false" LinkNum="0" LinkTextLen="0" ObjectHeight="105" ObjectRectHeight="105" ObjectRectLeft="0" ObjectRectTop="2491" ObjectRectWidth="1420" ObjectWidth="668" ObjectX="221" ObjectY="2491" OptionNum="0" OptionTextLength="0" ParaNum="0" SRC="&lt;div xmlns=&quot;http://www.w3.org/1999/xhtml&quot; class=&quot;list_tienich&quot;&gt;                                &lt;div class=&quot;tit_list_tienich&quot; id=&quot;total_property&quot;&gt;Các nhà đất trong cùng khu vực&lt;/div&gt;                                &lt;div class=&quot;nhaxungquanh&quot;&gt;                                    &lt;span&gt;BDS xung quanh&lt;/span&gt;                                    &lt;label&gt;Diện tích&lt;/label&gt;                                    &lt;strong&gt;Giá&lt;/strong&gt;                                    &lt;span&gt;Khoảng cách&lt;/span&gt;                                &lt;/div&gt;                                &lt;div class=&quot;detail_list_nhaxungquanh tienich_scroll_no&quot; id=&quot;local_info&quot;&gt;                                                                            Để xem các nhà đất khác xung quanh vị trí nhà đất hiện tại bạn vui lòng chọn phạm vi bán kính muốn xem                                                                   &lt;/div&gt;                            &lt;/div&gt;" SourceIndex="1616" TableNum="0" TextLen="169" order="30" xPath="/html[1]/body[1]/div[1]/div[4]/div[1]/div[1]/div[9]/div[3]/div[2]/div[2]"/>
<LayoutNode BgColor="#ffffff" ContainImg="0" ContainP="0" ContainTable="false" DOMCldNum="13" DoC="8" FontSize="13" FontWeight="normal" FormNum="0" FormSize="0" FrameSourceIndex="0" ID="1-7" InteractionNum="0" InteractionSize="0" IsImg="false" LinkNum="0" LinkTextLen="0" ObjectRectHeight="34" ObjectRectLeft="0" ObjectRectTop="2606" ObjectRectWidth="1420" OptionNum="0" OptionTextLength="0" ParaNum="0" SourceIndex="1643" TableNum="0" TextLen="37" order="31">
<LayoutNode BgColor="#ffffff" ContainImg="0" ContainP="0" ContainTable="false" Content="Chọn bán kính để xem: " DOMCldNum="13" DoC="8" FontSize="13" FontWeight="normal" FormNum="0" FormSize="0" FrameSourceIndex="0" ID="1-7-1" InteractionNum="0" InteractionSize="0" IsImg="false" LinkNum="0" LinkTextLen="0" ObjectHeight="34" ObjectRectHeight="34" ObjectRectLeft="0" ObjectRectTop="2606" ObjectRectWidth="405" ObjectWidth="144" ObjectX="261" ObjectY="2606" OptionNum="0" OptionTextLength="0" ParaNum="0" SRC="&lt;li xmlns=&quot;http://www.w3.org/1999/xhtml&quot;&gt;&lt;span&gt;Chọn bán kính để xem:&lt;/span&gt;&lt;/li&gt;" SourceIndex="1645" TableNum="0" TextLen="21" order="32" xPath="/html[1]/body[1]/div[1]/div[4]/div[1]/div[1]/div[9]/div[3]/div[3]/ul[1]/li[1]"/>
<LayoutNode BgColor="#ffffff" ContainImg="0" ContainP="0" ContainTable="false" Content="500m " DOMCldNum="13" DoC="8" FontSize="13" FontWeight="normal" FormNum="0" FormSize="0" FrameSourceIndex="0" ID="1-7-2" InteractionNum="0" InteractionSize="0" IsImg="false" LinkNum="0" LinkTextLen="0" ObjectHeight="34" ObjectRectHeight="34" ObjectRectLeft="425" ObjectRectTop="2606" ObjectRectWidth="38" ObjectWidth="38" ObjectX="425" ObjectY="2606" OptionNum="0" OptionTextLength="0" ParaNum="0" SRC="&lt;li xmlns=&quot;http://www.w3.org/1999/xhtml&quot;&gt;&lt;input id=&quot;Checkbox6&quot; name=&quot;radSchool&quot; type=&quot;radio&quot; value=&quot;500&quot;/&gt;&lt;span&gt;500m&lt;/span&gt;&lt;/li&gt;" SourceIndex="1649" TableNum="0" TextLen="4" order="33" xPath="/html[1]/body[1]/div[1]/div[4]/div[1]/div[1]/div[9]/div[3]/div[3]/ul[1]/li[2]"/>
<LayoutNode BgColor="#ffffff" ContainImg="0" ContainP="0" ContainTable="false" Content="1km " DOMCldNum="13" DoC="8" FontSize="13" FontWeight="normal" FormNum="0" FormSize="0" FrameSourceIndex="0" ID="1-7-3" InteractionNum="0" InteractionSize="0" IsImg="false" LinkNum="0" LinkTextLen="0" ObjectHeight="34" ObjectRectHeight="34" ObjectRectLeft="483" ObjectRectTop="2606" ObjectRectWidth="31" ObjectWidth="31" ObjectX="483" ObjectY="2606" OptionNum="0" OptionTextLength="0" ParaNum="0" SRC="&lt;li xmlns=&quot;http://www.w3.org/1999/xhtml&quot;&gt;&lt;input id=&quot;Checkbox7&quot; name=&quot;radSchool&quot; type=&quot;radio&quot; value=&quot;1000&quot;/&gt;&lt;span&gt;1km&lt;/span&gt;&lt;/li&gt;" SourceIndex="1654" TableNum="0" TextLen="3" order="34" xPath="/html[1]/body[1]/div[1]/div[4]/div[1]/div[1]/div[9]/div[3]/div[3]/ul[1]/li[3]"/>
<LayoutNode BgColor="#ffffff" ContainImg="0" ContainP="0" ContainTable="false" Content="2km " DOMCldNum="13" DoC="8" FontSize="13" FontWeight="normal" FormNum="0" FormSize="0" FrameSourceIndex="0" ID="1-7-4" InteractionNum="0" InteractionSize="0" IsImg="false" LinkNum="0" LinkTextLen="0" ObjectHeight="34" ObjectRectHeight="34" ObjectRectLeft="534" ObjectRectTop="2606" ObjectRectWidth="31" ObjectWidth="31" ObjectX="534" ObjectY="2606" OptionNum="0" OptionTextLength="0" ParaNum="0" SRC="&lt;li xmlns=&quot;http://www.w3.org/1999/xhtml&quot;&gt;&lt;input id=&quot;Checkbox8&quot; name=&quot;radSchool&quot; type=&quot;radio&quot; value=&quot;2000&quot;/&gt;&lt;span&gt;2km&lt;/span&gt;&lt;/li&gt;" SourceIndex="1659" TableNum="0" TextLen="3" order="35" xPath="/html[1]/body[1]/div[1]/div[4]/div[1]/div[1]/div[9]/div[3]/div[3]/ul[1]/li[4]"/>
<LayoutNode BgColor="#ffffff" ContainImg="0" ContainP="0" ContainTable="false" Content="3km " DOMCldNum="13" DoC="8" FontSize="13" FontWeight="normal" FormNum="0" FormSize="0" FrameSourceIndex="0" ID="1-7-5" InteractionNum="0" InteractionSize="0" IsImg="false" LinkNum="0" LinkTextLen="0" ObjectHeight="34" ObjectRectHeight="34" ObjectRectLeft="585" ObjectRectTop="2606" ObjectRectWidth="31" ObjectWidth="31" ObjectX="585" ObjectY="2606" OptionNum="0" OptionTextLength="0" ParaNum="0" SRC="&lt;li xmlns=&quot;http://www.w3.org/1999/xhtml&quot;&gt;&lt;input id=&quot;Checkbox9&quot; name=&quot;radSchool&quot; type=&quot;radio&quot; value=&quot;3000&quot;/&gt;&lt;span&gt;3km&lt;/span&gt;&lt;/li&gt;" SourceIndex="1664" TableNum="0" TextLen="3" order="36" xPath="/html[1]/body[1]/div[1]/div[4]/div[1]/div[1]/div[9]/div[3]/div[3]/ul[1]/li[5]"/>
<LayoutNode BgColor="#ffffff" ContainImg="0" ContainP="0" ContainTable="false" Content="5km " DOMCldNum="13" DoC="8" FontSize="13" FontWeight="normal" FormNum="0" FormSize="0" FrameSourceIndex="0" ID="1-7-6" InteractionNum="0" InteractionSize="0" IsImg="false" LinkNum="0" LinkTextLen="0" ObjectHeight="34" ObjectRectHeight="34" ObjectRectLeft="636" ObjectRectTop="2606" ObjectRectWidth="784" ObjectWidth="31" ObjectX="636" ObjectY="2606" OptionNum="0" OptionTextLength="0" ParaNum="0" SRC="&lt;li xmlns=&quot;http://www.w3.org/1999/xhtml&quot;&gt;&lt;input id=&quot;Checkbox9&quot; name=&quot;radSchool&quot; type=&quot;radio&quot; value=&quot;5000&quot;/&gt;&lt;span&gt;5km&lt;/span&gt;&lt;/li&gt;" SourceIndex="1669" TableNum="0" TextLen="3" order="37" xPath="/html[1]/body[1]/div[1]/div[4]/div[1]/div[1]/div[9]/div[3]/div[3]/ul[1]/li[6]"/>
</LayoutNode>
<LayoutNode BgColor="#ffffff" ContainImg="0" ContainP="0" ContainTable="false" DOMCldNum="11" DoC="8" FontSize="13" FontWeight="normal" FormNum="0" FormSize="0" FrameSourceIndex="0" ID="1-8" InteractionNum="0" InteractionSize="0" IsImg="false" LinkNum="0" LinkTextLen="0" ObjectRectHeight="34" ObjectRectLeft="0" ObjectRectTop="2650" ObjectRectWidth="1420" OptionNum="0" OptionTextLength="0" ParaNum="0" SourceIndex="1675" TableNum="0" TextLen="49" order="38">
<LayoutNode BgColor="#ffffff" ContainImg="0" ContainP="0" ContainTable="false" Content="Trường học " DOMCldNum="11" DoC="8" FontSize="13" FontWeight="normal" FormNum="0" FormSize="0" FrameSourceIndex="0" ID="1-8-1" InteractionNum="0" InteractionSize="0" IsImg="false" LinkNum="0" LinkTextLen="0" ObjectHeight="34" ObjectRectHeight="34" ObjectRectLeft="0" ObjectRectTop="2650" ObjectRectWidth="370" ObjectWidth="109" ObjectX="261" ObjectY="2650" OptionNum="0" OptionTextLength="0" ParaNum="0" SRC="&lt;li xmlns=&quot;http://www.w3.org/1999/xhtml&quot;&gt;&lt;input checked=&quot;&quot; id=&quot;school_local&quot; name=&quot;local_group[]&quot; type=&quot;checkbox&quot;/&gt;&lt;span class=&quot;place_01&quot;&gt;Trường học&lt;/span&gt;&lt;/li&gt;" SourceIndex="1677" TableNum="0" TextLen="10" order="39" xPath="/html[1]/body[1]/div[1]/div[4]/div[1]/div[1]/div[9]/div[3]/div[3]/ul[2]/li[1]"/>
<LayoutNode BgColor="#ffffff" ContainImg="0" ContainP="0" ContainTable="false" Content="Bệnh viện " DOMCldNum="11" DoC="8" FontSize="13" FontWeight="normal" FormNum="0" FormSize="0" FrameSourceIndex="0" ID="1-8-2" InteractionNum="0" InteractionSize="0" IsImg="false" LinkNum="0" LinkTextLen="0" ObjectHeight="34" ObjectRectHeight="34" ObjectRectLeft="390" ObjectRectTop="2650" ObjectRectWidth="97" ObjectWidth="97" ObjectX="390" ObjectY="2650" OptionNum="0" OptionTextLength="0" ParaNum="0" SRC="&lt;li xmlns=&quot;http://www.w3.org/1999/xhtml&quot;&gt;&lt;input checked=&quot;&quot; id=&quot;hospital_local&quot; name=&quot;local_group[]&quot; type=&quot;checkbox&quot;/&gt;&lt;span class=&quot;place_02&quot;&gt;Bệnh viện&lt;/span&gt;&lt;/li&gt;" SourceIndex="1682" TableNum="0" TextLen="9" order="40" xPath="/html[1]/body[1]/div[1]/div[4]/div[1]/div[1]/div[9]/div[3]/div[3]/ul[2]/li[2]"/>
<LayoutNode BgColor="#ffffff" ContainImg="0" ContainP="0" ContainTable="false" Content="Cơ quan hành chính " DOMCldNum="11" DoC="8" FontSize="13" FontWeight="normal" FormNum="0" FormSize="0" FrameSourceIndex="0" ID="1-8-3" InteractionNum="0" InteractionSize="0" IsImg="false" LinkNum="0" LinkTextLen="0" ObjectHeight="34" ObjectRectHeight="34" ObjectRectLeft="507" ObjectRectTop="2650" ObjectRectWidth="162" ObjectWidth="162" ObjectX="507" ObjectY="2650" OptionNum="0" OptionTextLength="0" ParaNum="0" SRC="&lt;li xmlns=&quot;http://www.w3.org/1999/xhtml&quot;&gt;&lt;input checked=&quot;&quot; id=&quot;market_local&quot; name=&quot;local_group[]&quot; type=&quot;checkbox&quot;/&gt;&lt;span class=&quot;place_03&quot;&gt;Cơ quan hành chính&lt;/span&gt;&lt;/li&gt;" SourceIndex="1689" TableNum="0" TextLen="18" order="41" xPath="/html[1]/body[1]/div[1]/div[4]/div[1]/div[1]/div[9]/div[3]/div[3]/ul[2]/li[3]"/>
<LayoutNode BgColor="#ffffff" ContainImg="0" ContainP="0" ContainTable="false" Content="Chùa-Nhà thờ " DOMCldNum="11" DoC="8" FontSize="13" FontWeight="normal" FormNum="0" FormSize="0" FrameSourceIndex="0" ID="1-8-4" InteractionNum="0" InteractionSize="0" IsImg="false" LinkNum="0" LinkTextLen="0" ObjectHeight="34" ObjectRectHeight="34" ObjectRectLeft="689" ObjectRectTop="2650" ObjectRectWidth="731" ObjectWidth="120" ObjectX="689" ObjectY="2650" OptionNum="0" OptionTextLength="0" ParaNum="0" SRC="&lt;li xmlns=&quot;http://www.w3.org/1999/xhtml&quot;&gt;&lt;input checked=&quot;&quot; id=&quot;pagoda_local&quot; name=&quot;local_group[]&quot; type=&quot;checkbox&quot;/&gt;&lt;span class=&quot;place_09&quot;&gt;Chùa-Nhà thờ&lt;/span&gt;&lt;/li&gt;" SourceIndex="1694" TableNum="0" TextLen="12" order="42" xPath="/html[1]/body[1]/div[1]/div[4]/div[1]/div[1]/div[9]/div[3]/div[3]/ul[2]/li[4]"/>
</LayoutNode>
<LayoutNode BgColor="#ffffff" ContainImg="0" ContainP="0" ContainTable="false" Content="Bán nhà mặt phố theo phường/xã tại Quận Tây Hồ Phường Quảng An (283) Phường Thụy Khuê (274) Phường Xuân La (227) Phường Yên Phụ (156) Phường Nhật Tân (143) Phường Phú Thượng (99) Phường Tứ Liên (62) " DOMCldNum="35" DoC="8" FontSize="13" FontWeight="normal" FormNum="0" FormSize="0" FrameSourceIndex="0" ID="1-9" InteractionNum="0" InteractionSize="0" IsImg="false" LinkNum="14" LinkTextLen="105" ObjectHeight="274" ObjectRectHeight="274" ObjectRectLeft="0" ObjectRectTop="2739" ObjectRectWidth="1420" ObjectWidth="300" ObjectX="910" ObjectY="2739" OptionNum="0" OptionTextLength="0" ParaNum="0" SRC="&lt;div xmlns=&quot;http://www.w3.org/1999/xhtml&quot; class=&quot;box_R&quot;&gt;                    &lt;div class=&quot;tit_C&quot;&gt;                        &lt;span class=&quot;icon_star_xanh&quot;/&gt;                        Bán nhà mặt phố theo phường/xã tại Quận Tây Hồ                    &lt;/div&gt;                    &lt;div class=&quot;detail_R&quot;&gt;                        &lt;ul class=&quot;nhadatVN&quot;&gt;                                   &lt;li&gt;&lt;a href=&quot;http://123nhadat.vn/raovat-c9/ban-nha-mat-pho-tai-phuong-quang-an-7049&quot; title=&quot;Bán nhà mặt phố tại Phường Quảng An,Quận Tây Hồ&quot;&gt;Phường Quảng An&lt;/a&gt; (&lt;span style=&quot;color:green&quot;&gt;283&lt;/span&gt;)&lt;/li&gt;                                   &lt;li&gt;&lt;a href=&quot;http://123nhadat.vn/raovat-c9/ban-nha-mat-pho-tai-phuong-thuy-khue-9318&quot; title=&quot;Bán nhà mặt phố tại Phường Thụy Khuê,Quận Tây Hồ&quot;&gt;Phường Thụy Khuê&lt;/a&gt; (&lt;span style=&quot;color:green&quot;&gt;274&lt;/span&gt;)&lt;/li&gt;                                   &lt;li&gt;&lt;a href=&quot;http://123nhadat.vn/raovat-c9/ban-nha-mat-pho-tai-phuong-xuan-la-10588&quot; title=&quot;Bán nhà mặt phố tại Phường Xuân La,Quận Tây Hồ&quot;&gt;Phường Xuân La&lt;/a&gt; (&lt;span style=&quot;color:green&quot;&gt;227&lt;/span&gt;)&lt;/li&gt;                                   &lt;li&gt;&lt;a href=&quot;http://123nhadat.vn/raovat-c9/ban-nha-mat-pho-tai-phuong-yen-phu-10882&quot; title=&quot;Bán nhà mặt phố tại Phường Yên Phụ,Quận Tây Hồ&quot;&gt;Phường Yên Phụ&lt;/a&gt; (&lt;span style=&quot;color:green&quot;&gt;156&lt;/span&gt;)&lt;/li&gt;                                   &lt;li&gt;&lt;a href=&quot;http://123nhadat.vn/raovat-c9/ban-nha-mat-pho-tai-phuong-nhat-tan-6037&quot; title=&quot;Bán nhà mặt phố tại Phường Nhật Tân,Quận Tây Hồ&quot;&gt;Phường Nhật Tân&lt;/a&gt; (&lt;span style=&quot;color:green&quot;&gt;143&lt;/span&gt;)&lt;/li&gt;                                   &lt;li&gt;&lt;a href=&quot;http://123nhadat.vn/raovat-c9/ban-nha-mat-pho-tai-phuong-phu-thuong-6631&quot; title=&quot;Bán nhà mặt phố tại Phường Phú Thượng,Quận Tây Hồ&quot;&gt;Phường Phú Thượng&lt;/a&gt; (&lt;span style=&quot;color:green&quot;&gt;99&lt;/span&gt;)&lt;/li&gt;                                   &lt;li&gt;&lt;a href=&quot;http://123nhadat.vn/raovat-c9/ban-nha-mat-pho-tai-phuong-tu-lien-9897&quot; title=&quot;Bán nhà mặt phố tại Phường Tứ Liên,Quận Tây Hồ&quot;&gt;Phường Tứ Liên&lt;/a&gt; (&lt;span style=&quot;color:green&quot;&gt;62&lt;/span&gt;)&lt;/li&gt;                               &lt;/ul&gt;                    &lt;/div&gt;                &lt;/div&gt;" SourceIndex="3311" TableNum="0" TextLen="190" order="43" xPath="/html[1]/body[1]/div[1]/div[4]/div[1]/div[2]/div[7]"/>
<LayoutNode BgColor="#ffffff" ContainImg="0" ContainP="0" ContainTable="false" Content="Các địa điểmĐịa điểmKhoảng cách Vui lòng chọn bán kính và loại địa điểm muốn xem ở trên " DOMCldNum="9" DoC="8" FontSize="13" FontWeight="normal" FormNum="0" FormSize="0" FrameSourceIndex="0" ID="1-10" InteractionNum="0" InteractionSize="0" IsImg="false" LinkNum="0" LinkTextLen="0" ObjectHeight="105" ObjectRectHeight="105" ObjectRectLeft="0" ObjectRectTop="3103" ObjectRectWidth="1420" ObjectWidth="668" ObjectX="221" ObjectY="3103" OptionNum="0" OptionTextLength="0" ParaNum="0" SRC="&lt;div xmlns=&quot;http://www.w3.org/1999/xhtml&quot; class=&quot;list_tienich&quot;&gt;                                &lt;div class=&quot;tit_list_tienich&quot; id=&quot;total_pos&quot;&gt;Các địa điểm&lt;/div&gt;                                &lt;div class=&quot;diadiem_khoangcach&quot;&gt;&lt;label&gt;Địa điểm&lt;/label&gt;&lt;span&gt;Khoảng cách&lt;/span&gt;&lt;/div&gt;                                &lt;div class=&quot;detail_list_tienich tienich_scroll_no&quot; id=&quot;local_group&quot;&gt;                                    Vui lòng chọn bán kính và loại địa điểm muốn xem ở trên                                &lt;/div&gt;                            &lt;/div&gt;" SourceIndex="1703" TableNum="0" TextLen="86" order="44" xPath="/html[1]/body[1]/div[1]/div[4]/div[1]/div[1]/div[9]/div[3]/div[3]/div[2]"/>
<LayoutNode BgColor="#5eab1f" ContainImg="0" ContainP="0" ContainTable="false" Content="BÁN NHÀ MẶT PHỐ TẠI ĐƯỜNG TÂY HỒ " DOMCldNum="85" DoC="5" FontSize="11" FontWeight="700" FormNum="0" FormSize="0" FrameSourceIndex="0" ID="1-11" InteractionNum="0" InteractionSize="0" IsImg="false" LinkNum="0" LinkTextLen="0" ObjectHeight="20" ObjectRectHeight="20" ObjectRectLeft="0" ObjectRectTop="3242" ObjectRectWidth="1420" ObjectWidth="560" ObjectX="215" ObjectY="3242" OptionNum="0" OptionTextLength="0" ParaNum="0" SRC="&lt;div xmlns=&quot;http://www.w3.org/1999/xhtml&quot; class=&quot;tit_C&quot;&gt;                        &lt;span class=&quot;icon_star_xanh&quot;/&gt;                        Bán nhà mặt phố tại Đường Tây Hồ                    &lt;/div&gt;" SourceIndex="1742" TableNum="0" TextLen="32" order="45" xPath="/html[1]/body[1]/div[1]/div[4]/div[1]/div[1]/div[12]"/>
<LayoutNode BgColor="#ffffff" ContainImg="1" ContainP="0" ContainTable="false" DOMCldNum="5" DoC="5" FontSize="13" FontWeight="normal" FormNum="0" FormSize="0" FrameSourceIndex="0" ID="1-12" InteractionNum="0" InteractionSize="0" IsImg="false" LinkNum="6" LinkTextLen="80" ObjectRectHeight="184" ObjectRectLeft="0" ObjectRectTop="3318" ObjectRectWidth="1420" OptionNum="0" OptionTextLength="0" ParaNum="0" SourceIndex="1757" TableNum="0" TextLen="390" order="46">
<LayoutNode BgColor="#ffffff" ContainImg="0" ContainP="0" ContainTable="false" Content="BÁN NHÀ MẶT PHỐ TRÍCH SÀI, TÂY HỒ: 35M, 6 TẦNG, MT: 5M, LÔ GÓC, 3 THOÁG. 20,5 TY " DOMCldNum="5" DoC="5" FontSize="13" FontWeight="normal" FormNum="0" FormSize="0" FrameSourceIndex="0" ID="1-12-1" InteractionNum="0" InteractionSize="0" IsImg="false" LinkNum="2" LinkTextLen="80" ObjectHeight="21" ObjectRectHeight="35" ObjectRectLeft="0" ObjectRectTop="3318" ObjectRectWidth="1420" ObjectWidth="668" ObjectX="221" ObjectY="3332" OptionNum="0" OptionTextLength="0" ParaNum="0" SRC="&lt;div xmlns=&quot;http://www.w3.org/1999/xhtml&quot; class=&quot;tit_nhadatban&quot;&gt;                            &lt;h4&gt;&lt;a href=&quot;http://123nhadat.vn/raovat-t4298162/ban-nha-mat-pho-tai-duong-tay-ho/trich-sai-35m-6-tang-mt-5m-lo-goc-3-thoag-205-ty.html&quot; title=&quot;BÁN NHÀ MẶT PHỐ TRÍCH SÀI, TÂY HỒ: 35M, 6 TẦNG, MT: 5M, LÔ GÓC, 3 THOÁG. 20,5 TY&quot;&gt;BÁN NHÀ MẶT PHỐ TRÍCH SÀI, TÂY HỒ: 35M, 6 TẦNG, MT: 5M, LÔ GÓC, 3 THOÁG. 20,5 TY&lt;/a&gt;&lt;/h4&gt;                        &lt;/div&gt;" SourceIndex="1759" TableNum="0" TextLen="80" order="47" xPath="/html[1]/body[1]/div[1]/div[4]/div[1]/div[1]/div[13]/div[2]/div[1]"/>
<LayoutNode BgColor="#ffffff" ContainImg="1" ContainP="0" ContainTable="false" Content="Cập nhật 2 ngày trước Diện tích: 35 m2 Khu vực: Quận Tây Hồ, Hà Nội 20500000 Triệu - Gia đình cần bán nhà mặt phố Trích Sài, Hồ Tây:- Nhà có vị trí mặt tiền đẹp nhất phố. MT: 5m, lô góc.- Thiết kế xây dựng 6 tầng chắc chắn, thang máy, thông sàn, thiết kế kiểu Homestay. Cho thuê 60 triệu/ 1 tháng- Nhà View Hồ Tây... " DOMCldNum="5" DoC="8" FontSize="13" FontWeight="normal" FormNum="0" FormSize="0" FrameSourceIndex="0" ID="1-12-2" InteractionNum="0" InteractionSize="0" IsImg="false" LinkNum="4" LinkTextLen="0" ObjectHeight="135" ObjectRectHeight="135" ObjectRectLeft="0" ObjectRectTop="3367" ObjectRectWidth="1420" ObjectWidth="668" ObjectX="221" ObjectY="3367" OptionNum="0" OptionTextLength="0" ParaNum="0" SRC="&lt;div xmlns=&quot;http://www.w3.org/1999/xhtml&quot; class=&quot;detail_nhadatban&quot;&gt;                            &lt;div class=&quot;img_nhadatban&quot;&gt;                                &lt;a href=&quot;http://123nhadat.vn/raovat-t4298162/ban-nha-mat-pho-tai-duong-tay-ho/trich-sai-35m-6-tang-mt-5m-lo-goc-3-thoag-205-ty.html&quot;&gt;&lt;img alt=&quot;BÁN NHÀ MẶT PHỐ TRÍCH SÀI, TÂY HỒ: 35M, 6 TẦNG, MT: 5M, LÔ GÓC, 3 THOÁG. 20,5 TY&quot; src=&quot;http://123nhadat.vn/thumbs/155x112/raovat/nhadat_1592989544_nJme.jpg&quot;/&gt;&lt;/a&gt;                                &lt;span class=&quot;masotin&quot;&gt;MST: 4298162&lt;/span&gt;                                &lt;/div&gt;       &lt;div class=&quot;text_nhadatban&quot;&gt;                                &lt;div class=&quot;info_nhadatban&quot;&gt;                                    &lt;ul&gt;                                    &lt;li&gt;&lt;span class=&quot;datetime&quot;&gt;Cập nhật &lt;span class=&quot;timecolor&quot;&gt;2 ngày trước&lt;/span&gt;&lt;/span&gt;&lt;/li&gt;                                    &lt;li&gt;Diện tích: &lt;span class=&quot;saleboldtext&quot;&gt;35 m2&lt;/span&gt;&lt;/li&gt;                                    &lt;li&gt;Khu vực: &lt;span class=&quot;saleboldtext&quot;&gt;Quận Tây Hồ, Hà Nội&lt;/span&gt;&lt;/li&gt;                                &lt;/ul&gt;                                &lt;/div&gt;                                &lt;div class=&quot;contact_nhadatban&quot;&gt;                                    &lt;ul&gt;          &lt;li&gt;           &lt;span id=&quot;luu_4298162&quot;&gt;&lt;a class=&quot;bt_save&quot; href=&quot;javascript:void(0)&quot; onclick=&quot;UpdateListingListRV(0,4298162)&quot; title=&quot;Lưu tin này vào trong danh sách các nhà đất bạn quan tâm,để bạn có thể tiện theo dõi&quot;/&gt;&lt;/span&gt;          &lt;/li&gt;          &lt;li class=&quot;gia&quot;&gt;&lt;strong class=&quot;camcam&quot;&gt;20500000 Triệu&lt;/strong&gt;&lt;/li&gt;         &lt;/ul&gt;                                &lt;/div&gt;                            &lt;/div&gt;                            &lt;div class=&quot;description_nhadatban&quot;&gt;                                - Gia đình cần bán nhà mặt phố Trích Sài, Hồ Tây:- Nhà có vị trí mặt tiền đẹp nhất phố. MT: 5m, lô góc.- Thiết kế xây dựng 6 tầng chắc chắn, thang máy, thông sàn, thiết kế kiểu Homestay. Cho thuê 60 triệu/ 1 tháng- Nhà View Hồ Tây...                            &lt;/div&gt;                        &lt;/div&gt;" SourceIndex="1766" TableNum="0" TextLen="310" order="48" xPath="/html[1]/body[1]/div[1]/div[4]/div[1]/div[1]/div[13]/div[2]/div[2]"/>
</LayoutNode>
<LayoutNode BgColor="#ffffff" ContainImg="1" ContainP="0" ContainTable="false" DOMCldNum="5" DoC="5" FontSize="13" FontWeight="normal" FormNum="0" FormSize="0" FrameSourceIndex="0" ID="1-13" InteractionNum="0" InteractionSize="0" IsImg="false" LinkNum="6" LinkTextLen="82" ObjectRectHeight="184" ObjectRectLeft="0" ObjectRectTop="3534" ObjectRectWidth="1420" OptionNum="0" OptionTextLength="0" ParaNum="0" SourceIndex="1823" TableNum="0" TextLen="393" order="49">
<LayoutNode BgColor="#ffffff" ContainImg="0" ContainP="0" ContainTable="false" Content="Bán nhà mặt phố Trích Sài, Tây Hồ: 70m, 5 tầng, Mt: 4,2m, Giá: 29,5 tỷ. 0944828386 " DOMCldNum="5" DoC="5" FontSize="13" FontWeight="normal" FormNum="0" FormSize="0" FrameSourceIndex="0" ID="1-13-1" InteractionNum="0" InteractionSize="0" IsImg="false" LinkNum="2" LinkTextLen="82" ObjectHeight="21" ObjectRectHeight="35" ObjectRectLeft="0" ObjectRectTop="3534" ObjectRectWidth="1420" ObjectWidth="668" ObjectX="221" ObjectY="3548" OptionNum="0" OptionTextLength="0" ParaNum="0" SRC="&lt;div xmlns=&quot;http://www.w3.org/1999/xhtml&quot; class=&quot;tit_nhadatban&quot;&gt;                            &lt;h4&gt;&lt;a href=&quot;http://123nhadat.vn/raovat-t4296788/ban-nha-mat-pho-tai-duong-tay-ho/trich-sai-70m-5-tang-mt-42m-gia-295-ty-0944828386.html&quot; title=&quot;Bán nhà mặt phố Trích Sài, Tây Hồ: 70m, 5 tầng, Mt: 4,2m, Giá: 29,5 tỷ. 0944828386&quot;&gt;Bán nhà mặt phố Trích Sài, Tây Hồ: 70m, 5 tầng, Mt: 4,2m, Giá: 29,5 tỷ. 0944828386&lt;/a&gt;&lt;/h4&gt;                        &lt;/div&gt;" SourceIndex="1825" TableNum="0" TextLen="82" order="50" xPath="/html[1]/body[1]/div[1]/div[4]/div[1]/div[1]/div[13]/div[3]/div[1]"/>
<LayoutNode BgColor="#ffffff" ContainImg="1" ContainP="0" ContainTable="false" Content="Cập nhật 2 ngày trước Diện tích: 70 m2 Khu vực: Quận Tây Hồ, Hà Nội 295000000 Triệu - Bán nhà mặt phố Trích Sài, Tây Hồ, Hà Nội.- Diện tích sổ đỏ: 65m, diện tích sử dụng 70m, MT: 4m- Nhà thiết kế tầng 2 Phòng, đang cho thuê căn hộ dịch vụ, cho người nước ngoài thuê 50 triệu / tháng, dòng tiền ổn định, lâu dài. Vị... " DOMCldNum="5" DoC="8" FontSize="13" FontWeight="normal" FormNum="0" FormSize="0" FrameSourceIndex="0" ID="1-13-2" InteractionNum="0" InteractionSize="0" IsImg="false" LinkNum="4" LinkTextLen="0" ObjectHeight="135" ObjectRectHeight="135" ObjectRectLeft="0" ObjectRectTop="3583" ObjectRectWidth="1420" ObjectWidth="668" ObjectX="221" ObjectY="3583" OptionNum="0" OptionTextLength="0" ParaNum="0" SRC="&lt;div xmlns=&quot;http://www.w3.org/1999/xhtml&quot; class=&quot;detail_nhadatban&quot;&gt;                            &lt;div class=&quot;img_nhadatban&quot;&gt;                                &lt;a href=&quot;http://123nhadat.vn/raovat-t4296788/ban-nha-mat-pho-tai-duong-tay-ho/trich-sai-70m-5-tang-mt-42m-gia-295-ty-0944828386.html&quot;&gt;&lt;img alt=&quot;Bán nhà mặt phố Trích Sài, Tây Hồ: 70m, 5 tầng, Mt: 4,2m, Giá: 29,5 tỷ. 0944828386&quot; src=&quot;http://123nhadat.vn/thumbs/155x112/raovat/nhadat_1591173936_92VG.jpg&quot;/&gt;&lt;/a&gt;                                &lt;span class=&quot;masotin&quot;&gt;MST: 4296788&lt;/span&gt;                                &lt;/div&gt;       &lt;div class=&quot;text_nhadatban&quot;&gt;                                &lt;div class=&quot;info_nhadatban&quot;&gt;                                    &lt;ul&gt;                                    &lt;li&gt;&lt;span class=&quot;datetime&quot;&gt;Cập nhật &lt;span class=&quot;timecolor&quot;&gt;2 ngày trước&lt;/span&gt;&lt;/span&gt;&lt;/li&gt;                                    &lt;li&gt;Diện tích: &lt;span class=&quot;saleboldtext&quot;&gt;70 m2&lt;/span&gt;&lt;/li&gt;                                    &lt;li&gt;Khu vực: &lt;span class=&quot;saleboldtext&quot;&gt;Quận Tây Hồ, Hà Nội&lt;/span&gt;&lt;/li&gt;                                &lt;/ul&gt;                                &lt;/div&gt;                                &lt;div class=&quot;contact_nhadatban&quot;&gt;                                    &lt;ul&gt;          &lt;li&gt;           &lt;span id=&quot;luu_4296788&quot;&gt;&lt;a class=&quot;bt_save&quot; href=&quot;javascript:void(0)&quot; onclick=&quot;UpdateListingListRV(0,4296788)&quot; title=&quot;Lưu tin này vào trong danh sách các nhà đất bạn quan tâm,để bạn có thể tiện theo dõi&quot;/&gt;&lt;/span&gt;          &lt;/li&gt;          &lt;li class=&quot;gia&quot;&gt;&lt;strong class=&quot;camcam&quot;&gt;295000000 Triệu&lt;/strong&gt;&lt;/li&gt;         &lt;/ul&gt;                                &lt;/div&gt;                            &lt;/div&gt;                            &lt;div class=&quot;description_nhadatban&quot;&gt;                                - Bán nhà mặt phố Trích Sài, Tây Hồ, Hà Nội.- Diện tích sổ đỏ: 65m, diện tích sử dụng 70m, MT: 4m- Nhà thiết kế tầng 2 Phòng, đang cho thuê căn hộ dịch vụ, cho người nước ngoài thuê 50 triệu / tháng, dòng tiền ổn định, lâu dài. Vị...                            &lt;/div&gt;                        &lt;/div&gt;" SourceIndex="1832" TableNum="0" TextLen="311" order="51" xPath="/html[1]/body[1]/div[1]/div[4]/div[1]/div[1]/div[13]/div[3]/div[2]"/>
</LayoutNode>
<LayoutNode BgColor="#ffffff" ContainImg="1" ContainP="0" ContainTable="false" DOMCldNum="5" DoC="5" FontSize="13" FontWeight="normal" FormNum="0" FormSize="0" FrameSourceIndex="0" ID="1-14" InteractionNum="0" InteractionSize="0" IsImg="false" LinkNum="6" LinkTextLen="47" ObjectRectHeight="184" ObjectRectLeft="0" ObjectRectTop="3750" ObjectRectWidth="1420" OptionNum="0" OptionTextLength="0" ParaNum="0" SourceIndex="1889" TableNum="0" TextLen="346" order="52">
<LayoutNode BgColor="#ffffff" ContainImg="0" ContainP="0" ContainTable="false" Content="CẦN BÁN NHÀ MẶT PHỐ NGHI TÀM – TÂY HỒ - HÀ NỘI. " DOMCldNum="5" DoC="5" FontSize="13" FontWeight="normal" FormNum="0" FormSize="0" FrameSourceIndex="0" ID="1-14-1" InteractionNum="0" InteractionSize="0" IsImg="false" LinkNum="2" LinkTextLen="47" ObjectHeight="21" ObjectRectHeight="35" ObjectRectLeft="0" ObjectRectTop="3750" ObjectRectWidth="1420" ObjectWidth="668" ObjectX="221" ObjectY="3764" OptionNum="0" OptionTextLength="0" ParaNum="0" SRC="&lt;div xmlns=&quot;http://www.w3.org/1999/xhtml&quot; class=&quot;tit_nhadatban&quot;&gt;                            &lt;h4&gt;&lt;a href=&quot;http://123nhadat.vn/raovat-t4298100/ban-nha-mat-pho-tai-duong-nghi-tam/can-tay-ho-ha-noi.html&quot; title=&quot;CẦN BÁN NHÀ MẶT PHỐ NGHI TÀM – TÂY HỒ - HÀ NỘI.&quot;&gt;CẦN BÁN NHÀ MẶT PHỐ NGHI TÀM – TÂY HỒ - HÀ NỘI.&lt;/a&gt;&lt;/h4&gt;                        &lt;/div&gt;" SourceIndex="1891" TableNum="0" TextLen="47" order="53" xPath="/html[1]/body[1]/div[1]/div[4]/div[1]/div[1]/div[13]/div[4]/div[1]"/>
<LayoutNode BgColor="#ffffff" ContainImg="1" ContainP="0" ContainTable="false" Content="Cập nhật 3 ngày trước Diện tích: 72 m2 Khu vực: Quận Tây Hồ, Hà Nội 22 Tỷ CẦN BÁN NHÀ MẶT PHỐ NGHI TÀM – TÂY HỒ - HÀ NỘI.MẶT PHỐ - Ô TÔ TRÁNH - KINH DOANH CỰC ĐỈNH VỈA HÈ RỘNG. DIỆN TÍCH 72m2, XÂY 3 TẦNG KIÊN CỐ, MẶT TIỀN 6,1m, GIÁ 22 TỶ.Mô tả: + Vị trí đắc địa trên mặt phố Nghi Tàm đông đúc, vỉa hè rộ... " DOMCldNum="5" DoC="8" FontSize="13" FontWeight="normal" FormNum="0" FormSize="0" FrameSourceIndex="0" ID="1-14-2" InteractionNum="0" InteractionSize="0" IsImg="false" LinkNum="4" LinkTextLen="0" ObjectHeight="135" ObjectRectHeight="135" ObjectRectLeft="0" ObjectRectTop="3799" ObjectRectWidth="1420" ObjectWidth="668" ObjectX="221" ObjectY="3799" OptionNum="0" OptionTextLength="0" ParaNum="0" SRC="&lt;div xmlns=&quot;http://www.w3.org/1999/xhtml&quot; class=&quot;detail_nhadatban&quot;&gt;                            &lt;div class=&quot;img_nhadatban&quot;&gt;                                &lt;a href=&quot;http://123nhadat.vn/raovat-t4298100/ban-nha-mat-pho-tai-duong-nghi-tam/can-tay-ho-ha-noi.html&quot;&gt;&lt;img alt=&quot;CẦN BÁN NHÀ MẶT PHỐ NGHI TÀM – TÂY HỒ - HÀ NỘI.&quot; src=&quot;http://123nhadat.vn/thumbs/155x112/raovat/nhadat_1592957199_Jvy6.jpg&quot;/&gt;&lt;/a&gt;                                &lt;span class=&quot;masotin&quot;&gt;MST: 4298100&lt;/span&gt;                                &lt;/div&gt;       &lt;div class=&quot;text_nhadatban&quot;&gt;                                &lt;div class=&quot;info_nhadatban&quot;&gt;                                    &lt;ul&gt;                                    &lt;li&gt;&lt;span class=&quot;datetime&quot;&gt;Cập nhật &lt;span class=&quot;timecolor&quot;&gt;3 ngày trước&lt;/span&gt;&lt;/span&gt;&lt;/li&gt;                                    &lt;li&gt;Diện tích: &lt;span class=&quot;saleboldtext&quot;&gt;72 m2&lt;/span&gt;&lt;/li&gt;                                    &lt;li&gt;Khu vực: &lt;span class=&quot;saleboldtext&quot;&gt;Quận Tây Hồ, Hà Nội&lt;/span&gt;&lt;/li&gt;                                &lt;/ul&gt;                                &lt;/div&gt;                                &lt;div class=&quot;contact_nhadatban&quot;&gt;                                    &lt;ul&gt;          &lt;li&gt;           &lt;span id=&quot;luu_4298100&quot;&gt;&lt;a class=&quot;bt_save&quot; href=&quot;javascript:void(0)&quot; onclick=&quot;UpdateListingListRV(0,4298100)&quot; title=&quot;Lưu tin này vào trong danh sách các nhà đất bạn quan tâm,để bạn có thể tiện theo dõi&quot;/&gt;&lt;/span&gt;          &lt;/li&gt;          &lt;li class=&quot;gia&quot;&gt;&lt;strong class=&quot;camcam&quot;&gt;22 Tỷ&lt;/strong&gt;&lt;/li&gt;         &lt;/ul&gt;                                &lt;/div&gt;                            &lt;/div&gt;                            &lt;div class=&quot;description_nhadatban&quot;&gt;                                 CẦN BÁN NHÀ MẶT PHỐ NGHI TÀM – TÂY HỒ - HÀ NỘI.MẶT PHỐ - Ô TÔ TRÁNH - KINH DOANH CỰC ĐỈNH VỈA HÈ RỘNG. DIỆN TÍCH 72m2, XÂY 3 TẦNG KIÊN CỐ, MẶT TIỀN 6,1m, GIÁ 22 TỶ.Mô tả: + Vị trí đắc địa trên mặt phố Nghi Tàm đông đúc, vỉa hè rộ...                            &lt;/div&gt;                        &lt;/div&gt;" SourceIndex="1898" TableNum="0" TextLen="299" order="54" xPath="/html[1]/body[1]/div[1]/div[4]/div[1]/div[1]/div[13]/div[4]/div[2]"/>
</LayoutNode>
<LayoutNode BgColor="#ffffff" ContainImg="1" ContainP="0" ContainTable="false" DOMCldNum="5" DoC="5" FontSize="13" FontWeight="normal" FormNum="0" FormSize="0" FrameSourceIndex="0" ID="1-15" InteractionNum="0" InteractionSize="0" IsImg="false" LinkNum="6" LinkTextLen="32" ObjectRectHeight="169" ObjectRectLeft="0" ObjectRectTop="3966" ObjectRectWidth="1420" OptionNum="0" OptionTextLength="0" ParaNum="0" SourceIndex="1955" TableNum="0" TextLen="170" order="55">
<LayoutNode BgColor="#ffffff" ContainImg="0" ContainP="0" ContainTable="false" Content="Bán nhà mặt phố đường thanh niên " DOMCldNum="5" DoC="5" FontSize="13" FontWeight="normal" FormNum="0" FormSize="0" FrameSourceIndex="0" ID="1-15-1" InteractionNum="0" InteractionSize="0" IsImg="false" LinkNum="2" LinkTextLen="32" ObjectHeight="21" ObjectRectHeight="35" ObjectRectLeft="0" ObjectRectTop="3966" ObjectRectWidth="1420" ObjectWidth="668" ObjectX="221" ObjectY="3980" OptionNum="0" OptionTextLength="0" ParaNum="0" SRC="&lt;div xmlns=&quot;http://www.w3.org/1999/xhtml&quot; class=&quot;tit_nhadatban&quot;&gt;                            &lt;h4&gt;&lt;a href=&quot;http://123nhadat.vn/raovat-t4297689/ban-nha-mat-pho-tai-phuong-yen-phu/duong-thanh-nien.html&quot; title=&quot;Bán nhà mặt phố đường thanh niên&quot;&gt;Bán nhà mặt phố đường thanh niên&lt;/a&gt;&lt;/h4&gt;                        &lt;/div&gt;" SourceIndex="1957" TableNum="0" TextLen="32" order="56" xPath="/html[1]/body[1]/div[1]/div[4]/div[1]/div[1]/div[13]/div[5]/div[1]"/>
<LayoutNode BgColor="#ffffff" ContainImg="1" ContainP="0" ContainTable="false" Content="Cập nhật 9 ngày trước Diện tích: 48 m2 Khu vực: Quận Tây Hồ, Hà Nội 12 Tỷ Chính Chủ Cần Bán Nhà Mặt Phố Đường Thanh Niên - Tây Hồ - Hà Nội ... " DOMCldNum="5" DoC="8" FontSize="13" FontWeight="normal" FormNum="0" FormSize="0" FrameSourceIndex="0" ID="1-15-2" InteractionNum="0" InteractionSize="0" IsImg="false" LinkNum="4" LinkTextLen="0" ObjectHeight="120" ObjectRectHeight="120" ObjectRectLeft="0" ObjectRectTop="4015" ObjectRectWidth="1420" ObjectWidth="668" ObjectX="221" ObjectY="4015" OptionNum="0" OptionTextLength="0" ParaNum="0" SRC="&lt;div xmlns=&quot;http://www.w3.org/1999/xhtml&quot; class=&quot;detail_nhadatban&quot;&gt;                            &lt;div class=&quot;img_nhadatban&quot;&gt;                                &lt;a href=&quot;http://123nhadat.vn/raovat-t4297689/ban-nha-mat-pho-tai-phuong-yen-phu/duong-thanh-nien.html&quot;&gt;&lt;img alt=&quot;Bán nhà mặt phố đường thanh niên&quot; src=&quot;http://123nhadat.vn/thumbs/155x112/raovat/nhadat_1592408669_4rHk.jpg&quot;/&gt;&lt;/a&gt;                                &lt;span class=&quot;masotin&quot;&gt;MST: 4297689&lt;/span&gt;                                &lt;/div&gt;       &lt;div class=&quot;text_nhadatban&quot;&gt;                                &lt;div class=&quot;info_nhadatban&quot;&gt;                                    &lt;ul&gt;                                    &lt;li&gt;&lt;span class=&quot;datetime&quot;&gt;Cập nhật &lt;span class=&quot;timecolor&quot;&gt;9 ngày trước&lt;/span&gt;&lt;/span&gt;&lt;/li&gt;                                    &lt;li&gt;Diện tích: &lt;span class=&quot;saleboldtext&quot;&gt;48 m2&lt;/span&gt;&lt;/li&gt;                                    &lt;li&gt;Khu vực: &lt;span class=&quot;saleboldtext&quot;&gt;Quận Tây Hồ, Hà Nội&lt;/span&gt;&lt;/li&gt;                                &lt;/ul&gt;                                &lt;/div&gt;                                &lt;div class=&quot;contact_nhadatban&quot;&gt;                                    &lt;ul&gt;          &lt;li&gt;           &lt;span id=&quot;luu_4297689&quot;&gt;&lt;a class=&quot;bt_save&quot; href=&quot;javascript:void(0)&quot; onclick=&quot;UpdateListingListRV(0,4297689)&quot; title=&quot;Lưu tin này vào trong danh sách các nhà đất bạn quan tâm,để bạn có thể tiện theo dõi&quot;/&gt;&lt;/span&gt;          &lt;/li&gt;          &lt;li class=&quot;gia&quot;&gt;&lt;strong class=&quot;camcam&quot;&gt;12 Tỷ&lt;/strong&gt;&lt;/li&gt;         &lt;/ul&gt;                                &lt;/div&gt;                            &lt;/div&gt;                            &lt;div class=&quot;description_nhadatban&quot;&gt;                                Chính Chủ Cần Bán Nhà Mặt Phố Đường Thanh Niên - Tây Hồ - Hà Nội ...                            &lt;/div&gt;                        &lt;/div&gt;" SourceIndex="1964" TableNum="0" TextLen="138" order="57" xPath="/html[1]/body[1]/div[1]/div[4]/div[1]/div[1]/div[13]/div[5]/div[2]"/>
</LayoutNode>
<LayoutNode BgColor="#ffffff" ContainImg="1" ContainP="0" ContainTable="false" DOMCldNum="5" DoC="5" FontSize="13" FontWeight="normal" FormNum="0" FormSize="0" FrameSourceIndex="0" ID="1-16" InteractionNum="0" InteractionSize="0" IsImg="false" LinkNum="6" LinkTextLen="78" ObjectRectHeight="184" ObjectRectLeft="0" ObjectRectTop="4167" ObjectRectWidth="1420" OptionNum="0" OptionTextLength="0" ParaNum="0" SourceIndex="2021" TableNum="0" TextLen="387" order="58">
<LayoutNode BgColor="#ffffff" ContainImg="0" ContainP="0" ContainTable="false" Content="Bán nhà mặt phố Nhật Chiêu, Tây Hồ: 80m, 8T, MT: 6m, thang máy, lô góc. 53 tỷ. " DOMCldNum="5" DoC="5" FontSize="13" FontWeight="normal" FormNum="0" FormSize="0" FrameSourceIndex="0" ID="1-16-1" InteractionNum="0" InteractionSize="0" IsImg="false" LinkNum="2" LinkTextLen="78" ObjectHeight="21" ObjectRectHeight="35" ObjectRectLeft="0" ObjectRectTop="4167" ObjectRectWidth="1420" ObjectWidth="668" ObjectX="221" ObjectY="4181" OptionNum="0" OptionTextLength="0" ParaNum="0" SRC="&lt;div xmlns=&quot;http://www.w3.org/1999/xhtml&quot; class=&quot;tit_nhadatban&quot;&gt;                            &lt;h4&gt;&lt;a href=&quot;http://123nhadat.vn/raovat-t4297353/ban-nha-mat-pho-tai-duong-tay-ho/nhat-chieu-80m-8t-mt-6m-thang-may-lo-goc-53-ty.html&quot; title=&quot;Bán nhà mặt phố Nhật Chiêu, Tây Hồ: 80m, 8T, MT: 6m, thang máy, lô góc. 53 tỷ.&quot;&gt;Bán nhà mặt phố Nhật Chiêu, Tây Hồ: 80m, 8T, MT: 6m, thang máy, lô góc. 53 tỷ.&lt;/a&gt;&lt;/h4&gt;                        &lt;/div&gt;" SourceIndex="2023" TableNum="0" TextLen="78" order="59" xPath="/html[1]/body[1]/div[1]/div[4]/div[1]/div[1]/div[13]/div[6]/div[1]"/>
<LayoutNode BgColor="#ffffff" ContainImg="1" ContainP="0" ContainTable="false" Content="Cập nhật 14 ngày trước Diện tích: 80 m2 Khu vực: Quận Tây Hồ, Hà Nội 530000 Triệu - Gia đình cần bán nhà mặt phố Nhật Chiêu, Tây Hồ, Hà Nội.- Diện tích sổ 80m, Xây 8 tầng, MT: 6m- Nhà lô góc đẹp, 3 mặt thoáng, thang máy, sàn gỗ, cửa Lim.- Nhà có một mặt phố và 1 mặt ngõ sau nhà. - Vị trí View hồ đẹp, đẹp nhất p... " DOMCldNum="5" DoC="8" FontSize="13" FontWeight="normal" FormNum="0" FormSize="0" FrameSourceIndex="0" ID="1-16-2" InteractionNum="0" InteractionSize="0" IsImg="false" LinkNum="4" LinkTextLen="0" ObjectHeight="135" ObjectRectHeight="135" ObjectRectLeft="0" ObjectRectTop="4216" ObjectRectWidth="1420" ObjectWidth="668" ObjectX="221" ObjectY="4216" OptionNum="0" OptionTextLength="0" ParaNum="0" SRC="&lt;div xmlns=&quot;http://www.w3.org/1999/xhtml&quot; class=&quot;detail_nhadatban&quot;&gt;                            &lt;div class=&quot;img_nhadatban&quot;&gt;                                &lt;a href=&quot;http://123nhadat.vn/raovat-t4297353/ban-nha-mat-pho-tai-duong-tay-ho/nhat-chieu-80m-8t-mt-6m-thang-may-lo-goc-53-ty.html&quot;&gt;&lt;img alt=&quot;Bán nhà mặt phố Nhật Chiêu, Tây Hồ: 80m, 8T, MT: 6m, thang máy, lô góc. 53 tỷ.&quot; src=&quot;http://123nhadat.vn/uploads/hinhmau/no_image.png&quot;/&gt;&lt;/a&gt;                                &lt;span class=&quot;masotin&quot;&gt;MST: 4297353&lt;/span&gt;                                &lt;/div&gt;       &lt;div class=&quot;text_nhadatban&quot;&gt;                                &lt;div class=&quot;info_nhadatban&quot;&gt;                                    &lt;ul&gt;                                    &lt;li&gt;&lt;span class=&quot;datetime&quot;&gt;Cập nhật &lt;span class=&quot;timecolor&quot;&gt;14 ngày trước&lt;/span&gt;&lt;/span&gt;&lt;/li&gt;                                    &lt;li&gt;Diện tích: &lt;span class=&quot;saleboldtext&quot;&gt;80 m2&lt;/span&gt;&lt;/li&gt;                                    &lt;li&gt;Khu vực: &lt;span class=&quot;saleboldtext&quot;&gt;Quận Tây Hồ, Hà Nội&lt;/span&gt;&lt;/li&gt;                                &lt;/ul&gt;                                &lt;/div&gt;                                &lt;div class=&quot;contact_nhadatban&quot;&gt;                                    &lt;ul&gt;          &lt;li&gt;           &lt;span id=&quot;luu_4297353&quot;&gt;&lt;a class=&quot;bt_save&quot; href=&quot;javascript:void(0)&quot; onclick=&quot;UpdateListingListRV(0,4297353)&quot; title=&quot;Lưu tin này vào trong danh sách các nhà đất bạn quan tâm,để bạn có thể tiện theo dõi&quot;/&gt;&lt;/span&gt;          &lt;/li&gt;          &lt;li class=&quot;gia&quot;&gt;&lt;strong class=&quot;camcam&quot;&gt;530000 Triệu&lt;/strong&gt;&lt;/li&gt;         &lt;/ul&gt;                                &lt;/div&gt;                            &lt;/div&gt;                            &lt;div class=&quot;description_nhadatban&quot;&gt;                                - Gia đình cần bán nhà mặt phố Nhật Chiêu, Tây Hồ, Hà Nội.- Diện tích sổ 80m, Xây 8 tầng, MT: 6m- Nhà lô góc đẹp, 3 mặt thoáng, thang máy, sàn gỗ, cửa Lim.- Nhà có một mặt phố và 1 mặt ngõ sau nhà. - Vị trí View hồ đẹp, đẹp nhất p...                            &lt;/div&gt;                        &lt;/div&gt;" SourceIndex="2030" TableNum="0" TextLen="309" order="60" xPath="/html[1]/body[1]/div[1]/div[4]/div[1]/div[1]/div[13]/div[6]/div[2]"/>
</LayoutNode>
<LayoutNode BgColor="#ffffff" ContainImg="1" ContainP="0" ContainTable="false" DOMCldNum="5" DoC="5" FontSize="13" FontWeight="normal" FormNum="0" FormSize="0" FrameSourceIndex="0" ID="1-17" InteractionNum="0" InteractionSize="0" IsImg="false" LinkNum="6" LinkTextLen="81" ObjectRectHeight="184" ObjectRectLeft="0" ObjectRectTop="4383" ObjectRectWidth="1420" OptionNum="0" OptionTextLength="0" ParaNum="0" SourceIndex="2087" TableNum="0" TextLen="385" order="61">
<LayoutNode BgColor="#ffffff" ContainImg="0" ContainP="0" ContainTable="false" Content="Bán Tòa Nhà Mặt Phố Trích Sài, Mặt Hồ Tây, 65m2, 5 Tầng, 2 Mặt Thoáng, Giá Rất Rẻ " DOMCldNum="5" DoC="5" FontSize="13" FontWeight="normal" FormNum="0" FormSize="0" FrameSourceIndex="0" ID="1-17-1" InteractionNum="0" InteractionSize="0" IsImg="false" LinkNum="2" LinkTextLen="81" ObjectHeight="21" ObjectRectHeight="35" ObjectRectLeft="0" ObjectRectTop="4383" ObjectRectWidth="1420" ObjectWidth="668" ObjectX="221" ObjectY="4397" OptionNum="0" OptionTextLength="0" ParaNum="0" SRC="&lt;div xmlns=&quot;http://www.w3.org/1999/xhtml&quot; class=&quot;tit_nhadatban&quot;&gt;                            &lt;h4&gt;&lt;a href=&quot;http://123nhadat.vn/raovat-t4297332/ban-nha-mat-pho-tai-can-ho-cao-cap-royal-ho-tay/toa-trich-sai-65m2-5-tang-2-thoang-gia-rat-re.html&quot; title=&quot;Bán Tòa Nhà Mặt Phố Trích Sài, Mặt Hồ Tây, 65m2, 5 Tầng, 2 Mặt Thoáng, Giá Rất Rẻ&quot;&gt;Bán Tòa Nhà Mặt Phố Trích Sài, Mặt Hồ Tây, 65m2, 5 Tầng, 2 Mặt Thoáng, Giá Rất Rẻ&lt;/a&gt;&lt;/h4&gt;                        &lt;/div&gt;" SourceIndex="2089" TableNum="0" TextLen="81" order="62" xPath="/html[1]/body[1]/div[1]/div[4]/div[1]/div[1]/div[13]/div[7]/div[1]"/>
<LayoutNode BgColor="#ffffff" ContainImg="1" ContainP="0" ContainTable="false" Content="Cập nhật 15 ngày trước Diện tích: 66 m2 Khu vực: Quận Tây Hồ, Hà Nội 0 Triệu Bán Căn Nhà Mặt Phố Trích Sài, Mặt Hồ Tây, 65m2, 5 Tầng, 2 Mặt Phố, Giá Đầu TưCăn Nhà có diện tích 65m2, mặt tiền 4m, xây 5 tầng khung bê tông vững chắc. Nhà 2 mặt đường trước sau, mặt trước là phố Trích Sài rộng 9m, hè rộng 3m, n... " DOMCldNum="5" DoC="8" FontSize="13" FontWeight="normal" FormNum="0" FormSize="0" FrameSourceIndex="0" ID="1-17-2" InteractionNum="0" InteractionSize="0" IsImg="false" LinkNum="4" LinkTextLen="0" ObjectHeight="135" ObjectRectHeight="135" ObjectRectLeft="0" ObjectRectTop="4432" ObjectRectWidth="1420" ObjectWidth="668" ObjectX="221" ObjectY="4432" OptionNum="0" OptionTextLength="0" ParaNum="0" SRC="&lt;div xmlns=&quot;http://www.w3.org/1999/xhtml&quot; class=&quot;detail_nhadatban&quot;&gt;                            &lt;div class=&quot;img_nhadatban&quot;&gt;                                &lt;a href=&quot;http://123nhadat.vn/raovat-t4297332/ban-nha-mat-pho-tai-can-ho-cao-cap-royal-ho-tay/toa-trich-sai-65m2-5-tang-2-thoang-gia-rat-re.html&quot;&gt;&lt;img alt=&quot;Bán Tòa Nhà Mặt Phố Trích Sài, Mặt Hồ Tây, 65m2, 5 Tầng, 2 Mặt Thoáng, Giá Rất Rẻ&quot; src=&quot;http://123nhadat.vn/thumbs/155x112/raovat/nhadat_1591931905_1Xhm.jpg&quot;/&gt;&lt;/a&gt;                                &lt;span class=&quot;masotin&quot;&gt;MST: 4297332&lt;/span&gt;                                &lt;/div&gt;       &lt;div class=&quot;text_nhadatban&quot;&gt;                                &lt;div class=&quot;info_nhadatban&quot;&gt;                                    &lt;ul&gt;                                    &lt;li&gt;&lt;span class=&quot;datetime&quot;&gt;Cập nhật &lt;span class=&quot;timecolor&quot;&gt;15 ngày trước&lt;/span&gt;&lt;/span&gt;&lt;/li&gt;                                    &lt;li&gt;Diện tích: &lt;span class=&quot;saleboldtext&quot;&gt;66 m2&lt;/span&gt;&lt;/li&gt;                                    &lt;li&gt;Khu vực: &lt;span class=&quot;saleboldtext&quot;&gt;Quận Tây Hồ, Hà Nội&lt;/span&gt;&lt;/li&gt;                                &lt;/ul&gt;                                &lt;/div&gt;                                &lt;div class=&quot;contact_nhadatban&quot;&gt;                                    &lt;ul&gt;          &lt;li&gt;           &lt;span id=&quot;luu_4297332&quot;&gt;&lt;a class=&quot;bt_save&quot; href=&quot;javascript:void(0)&quot; onclick=&quot;UpdateListingListRV(0,4297332)&quot; title=&quot;Lưu tin này vào trong danh sách các nhà đất bạn quan tâm,để bạn có thể tiện theo dõi&quot;/&gt;&lt;/span&gt;          &lt;/li&gt;          &lt;li class=&quot;gia&quot;&gt;&lt;strong class=&quot;camcam&quot;&gt;0 Triệu&lt;/strong&gt;&lt;/li&gt;         &lt;/ul&gt;                                &lt;/div&gt;                            &lt;/div&gt;                            &lt;div class=&quot;description_nhadatban&quot;&gt;                                Bán Căn Nhà Mặt Phố Trích Sài, Mặt Hồ Tây, 65m2, 5 Tầng, 2 Mặt Phố, Giá Đầu TưCăn Nhà có diện tích 65m2, mặt tiền 4m, xây 5 tầng khung bê tông vững chắc. Nhà 2 mặt đường trước sau, mặt trước là phố Trích Sài rộng 9m, hè rộng 3m, n...                            &lt;/div&gt;                        &lt;/div&gt;" SourceIndex="2096" TableNum="0" TextLen="304" order="63" xPath="/html[1]/body[1]/div[1]/div[4]/div[1]/div[1]/div[13]/div[7]/div[2]"/>
</LayoutNode>
<LayoutNode BgColor="#ffffff" ContainImg="1" ContainP="0" ContainTable="false" DOMCldNum="5" DoC="5" FontSize="13" FontWeight="normal" FormNum="0" FormSize="0" FrameSourceIndex="0" ID="1-18" InteractionNum="0" InteractionSize="0" IsImg="false" LinkNum="6" LinkTextLen="80" ObjectRectHeight="184" ObjectRectLeft="0" ObjectRectTop="4599" ObjectRectWidth="1420" OptionNum="0" OptionTextLength="0" ParaNum="0" SourceIndex="2153" TableNum="0" TextLen="389" order="64">
<LayoutNode BgColor="#ffffff" ContainImg="0" ContainP="0" ContainTable="false" Content="Bán nhà mặt phố Lạc Long Quân, Tây Hồ: 66m, MT: 4m. Giá: 17,5 tỷ. LH: 0944828386 " DOMCldNum="5" DoC="5" FontSize="13" FontWeight="normal" FormNum="0" FormSize="0" FrameSourceIndex="0" ID="1-18-1" InteractionNum="0" InteractionSize="0" IsImg="false" LinkNum="2" LinkTextLen="80" ObjectHeight="21" ObjectRectHeight="35" ObjectRectLeft="0" ObjectRectTop="4599" ObjectRectWidth="1420" ObjectWidth="668" ObjectX="221" ObjectY="4613" OptionNum="0" OptionTextLength="0" ParaNum="0" SRC="&lt;div xmlns=&quot;http://www.w3.org/1999/xhtml&quot; class=&quot;tit_nhadatban&quot;&gt;                            &lt;h4&gt;&lt;a href=&quot;http://123nhadat.vn/raovat-t4297329/ban-nha-mat-pho-tai-duong-tay-ho/lac-long-quan-66m-mt-4m-gia-175-ty-lh-0944828386.html&quot; title=&quot;Bán nhà mặt phố Lạc Long Quân, Tây Hồ: 66m, MT: 4m. Giá: 17,5 tỷ. LH: 0944828386&quot;&gt;Bán nhà mặt phố Lạc Long Quân, Tây Hồ: 66m, MT: 4m. Giá: 17,5 tỷ. LH: 0944828386&lt;/a&gt;&lt;/h4&gt;                        &lt;/div&gt;" SourceIndex="2155" TableNum="0" TextLen="80" order="65" xPath="/html[1]/body[1]/div[1]/div[4]/div[1]/div[1]/div[13]/div[8]/div[1]"/>
<LayoutNode BgColor="#ffffff" ContainImg="1" ContainP="0" ContainTable="false" Content="Cập nhật 15 ngày trước Diện tích: 66 m2 Khu vực: Quận Tây Hồ, Hà Nội Thỏa thuận - Gia đình cần bán đất tặng nhà 2 tầng cũ mặt phố Lạc Long Quân, Tây Hồ, Hà Nội.- Diện tích sổ đỏ 56m, thực tế xây dựng: 66m. MT: 4m- Hiện tại đang cho thuê 30 triệu/ tháng.- Nhà thuộc vị trí đẹp, có vỉa hè rộng, kinh doanh đủ các... " DOMCldNum="5" DoC="8" FontSize="13" FontWeight="normal" FormNum="0" FormSize="0" FrameSourceIndex="0" ID="1-18-2" InteractionNum="0" InteractionSize="0" IsImg="false" LinkNum="4" LinkTextLen="0" ObjectHeight="135" ObjectRectHeight="135" ObjectRectLeft="0" ObjectRectTop="4648" ObjectRectWidth="1420" ObjectWidth="668" ObjectX="221" ObjectY="4648" OptionNum="0" OptionTextLength="0" ParaNum="0" SRC="&lt;div xmlns=&quot;http://www.w3.org/1999/xhtml&quot; class=&quot;detail_nhadatban&quot;&gt;                            &lt;div class=&quot;img_nhadatban&quot;&gt;                                &lt;a href=&quot;http://123nhadat.vn/raovat-t4297329/ban-nha-mat-pho-tai-duong-tay-ho/lac-long-quan-66m-mt-4m-gia-175-ty-lh-0944828386.html&quot;&gt;&lt;img alt=&quot;Bán nhà mặt phố Lạc Long Quân, Tây Hồ: 66m, MT: 4m. Giá: 17,5 tỷ. LH: 0944828386&quot; src=&quot;http://123nhadat.vn/thumbs/155x112/raovat/nhadat_1591931524_5ypG.jpg&quot;/&gt;&lt;/a&gt;                                &lt;span class=&quot;masotin&quot;&gt;MST: 4297329&lt;/span&gt;                                &lt;/div&gt;       &lt;div class=&quot;text_nhadatban&quot;&gt;                                &lt;div class=&quot;info_nhadatban&quot;&gt;                                    &lt;ul&gt;                                    &lt;li&gt;&lt;span class=&quot;datetime&quot;&gt;Cập nhật &lt;span class=&quot;timecolor&quot;&gt;15 ngày trước&lt;/span&gt;&lt;/span&gt;&lt;/li&gt;                                    &lt;li&gt;Diện tích: &lt;span class=&quot;saleboldtext&quot;&gt;66 m2&lt;/span&gt;&lt;/li&gt;                                    &lt;li&gt;Khu vực: &lt;span class=&quot;saleboldtext&quot;&gt;Quận Tây Hồ, Hà Nội&lt;/span&gt;&lt;/li&gt;                                &lt;/ul&gt;                                &lt;/div&gt;                                &lt;div class=&quot;contact_nhadatban&quot;&gt;                                    &lt;ul&gt;          &lt;li&gt;           &lt;span id=&quot;luu_4297329&quot;&gt;&lt;a class=&quot;bt_save&quot; href=&quot;javascript:void(0)&quot; onclick=&quot;UpdateListingListRV(0,4297329)&quot; title=&quot;Lưu tin này vào trong danh sách các nhà đất bạn quan tâm,để bạn có thể tiện theo dõi&quot;/&gt;&lt;/span&gt;          &lt;/li&gt;          &lt;li class=&quot;gia&quot;&gt;&lt;strong class=&quot;camcam&quot;&gt;Thỏa thuận&lt;/strong&gt;&lt;/li&gt;         &lt;/ul&gt;                                &lt;/div&gt;                            &lt;/div&gt;                            &lt;div class=&quot;description_nhadatban&quot;&gt;                                - Gia đình cần bán đất tặng nhà 2 tầng cũ mặt phố Lạc Long Quân, Tây Hồ, Hà Nội.- Diện tích sổ đỏ 56m, thực tế xây dựng: 66m. MT: 4m- Hiện tại đang cho thuê 30 triệu/ tháng.- Nhà thuộc vị trí đẹp, có vỉa hè rộng, kinh doanh đủ các...                            &lt;/div&gt;                        &lt;/div&gt;" SourceIndex="2162" TableNum="0" TextLen="309" order="66" xPath="/html[1]/body[1]/div[1]/div[4]/div[1]/div[1]/div[13]/div[8]/div[2]"/>
</LayoutNode>
<LayoutNode BgColor="#ffffff" ContainImg="1" ContainP="0" ContainTable="false" DOMCldNum="5" DoC="5" FontSize="13" FontWeight="normal" FormNum="0" FormSize="0" FrameSourceIndex="0" ID="1-19" InteractionNum="0" InteractionSize="0" IsImg="false" LinkNum="6" LinkTextLen="94" ObjectRectHeight="184" ObjectRectLeft="0" ObjectRectTop="4815" ObjectRectWidth="1420" OptionNum="0" OptionTextLength="0" ParaNum="0" SourceIndex="2219" TableNum="0" TextLen="405" order="67">
<LayoutNode BgColor="#ffffff" ContainImg="0" ContainP="0" ContainTable="false" Content="Mặt phố Thuy khê, Tây Hồ: KD sầm uất, lô góc: 22m, xây 7 tầng, MT: 4m, giá: 7,9 tỷ. 0944828386 " DOMCldNum="5" DoC="5" FontSize="13" FontWeight="normal" FormNum="0" FormSize="0" FrameSourceIndex="0" ID="1-19-1" InteractionNum="0" InteractionSize="0" IsImg="false" LinkNum="2" LinkTextLen="94" ObjectHeight="21" ObjectRectHeight="35" ObjectRectLeft="0" ObjectRectTop="4815" ObjectRectWidth="1420" ObjectWidth="668" ObjectX="221" ObjectY="4829" OptionNum="0" OptionTextLength="0" ParaNum="0" SRC="&lt;div xmlns=&quot;http://www.w3.org/1999/xhtml&quot; class=&quot;tit_nhadatban&quot;&gt;                            &lt;h4&gt;&lt;a href=&quot;http://123nhadat.vn/raovat-t4291457/ban-nha-mat-pho-tai-duong-thuy-khue/khe-tay-ho-kd-sam-uat-lo-goc-22m-xay-7-tang-mt-4m-gia-79-ty-0944828386.html&quot; title=&quot;Mặt phố Thuy khê, Tây Hồ: KD sầm uất, lô góc: 22m, xây 7 tầng, MT: 4m, giá: 7,9 tỷ. 0944828386&quot;&gt;Mặt phố Thuy khê, Tây Hồ: KD sầm uất, lô góc: 22m, xây 7 tầng, MT: 4m, giá: 7,9 tỷ. 0944828386&lt;/a&gt;&lt;/h4&gt;                        &lt;/div&gt;" SourceIndex="2221" TableNum="0" TextLen="94" order="68" xPath="/html[1]/body[1]/div[1]/div[4]/div[1]/div[1]/div[13]/div[9]/div[1]"/>
<LayoutNode BgColor="#ffffff" ContainImg="1" ContainP="0" ContainTable="false" Content="Cập nhật 18 ngày trước Diện tích: 22 m2 Khu vực: Quận Tây Hồ, Hà Nội 79000000 Triệu - Bán gấp mặt phố Thuỵ khê, nhà đẹp kinh doanh sầm uất.- Diện tích 22m, xây 7 tầng, MT: 4m.- Nhà còn rất mới và rất thoáng, lô góc, thoáng 3 mặt.- Mỗi tầng 1 phòng rộng, đẹp và rất hiện đại.- Giá: 7,9 tỷ ( Có thương lượng )- Liên ... " DOMCldNum="5" DoC="8" FontSize="13" FontWeight="normal" FormNum="0" FormSize="0" FrameSourceIndex="0" ID="1-19-2" InteractionNum="0" InteractionSize="0" IsImg="false" LinkNum="4" LinkTextLen="0" ObjectHeight="135" ObjectRectHeight="135" ObjectRectLeft="0" ObjectRectTop="4864" ObjectRectWidth="1420" ObjectWidth="668" ObjectX="221" ObjectY="4864" OptionNum="0" OptionTextLength="0" ParaNum="0" SRC="&lt;div xmlns=&quot;http://www.w3.org/1999/xhtml&quot; class=&quot;detail_nhadatban&quot;&gt;                            &lt;div class=&quot;img_nhadatban&quot;&gt;                                &lt;a href=&quot;http://123nhadat.vn/raovat-t4291457/ban-nha-mat-pho-tai-duong-thuy-khue/khe-tay-ho-kd-sam-uat-lo-goc-22m-xay-7-tang-mt-4m-gia-79-ty-0944828386.html&quot;&gt;&lt;img alt=&quot;Mặt phố Thuy khê, Tây Hồ: KD sầm uất, lô góc: 22m, xây 7 tầng, MT: 4m, giá: 7,9 tỷ. 0944828386&quot; src=&quot;http://123nhadat.vn/thumbs/155x112/raovat/nhadat_1581070886_D8yO.jpg&quot;/&gt;&lt;/a&gt;                                &lt;span class=&quot;masotin&quot;&gt;MST: 4291457&lt;/span&gt;                                &lt;/div&gt;       &lt;div class=&quot;text_nhadatban&quot;&gt;                                &lt;div class=&quot;info_nhadatban&quot;&gt;                                    &lt;ul&gt;                                    &lt;li&gt;&lt;span class=&quot;datetime&quot;&gt;Cập nhật &lt;span class=&quot;timecolor&quot;&gt;18 ngày trước&lt;/span&gt;&lt;/span&gt;&lt;/li&gt;                                    &lt;li&gt;Diện tích: &lt;span class=&quot;saleboldtext&quot;&gt;22 m2&lt;/span&gt;&lt;/li&gt;                                    &lt;li&gt;Khu vực: &lt;span class=&quot;saleboldtext&quot;&gt;Quận Tây Hồ, Hà Nội&lt;/span&gt;&lt;/li&gt;                                &lt;/ul&gt;                                &lt;/div&gt;                                &lt;div class=&quot;contact_nhadatban&quot;&gt;                                    &lt;ul&gt;          &lt;li&gt;           &lt;span id=&quot;luu_4291457&quot;&gt;&lt;a class=&quot;bt_save&quot; href=&quot;javascript:void(0)&quot; onclick=&quot;UpdateListingListRV(0,4291457)&quot; title=&quot;Lưu tin này vào trong danh sách các nhà đất bạn quan tâm,để bạn có thể tiện theo dõi&quot;/&gt;&lt;/span&gt;          &lt;/li&gt;          &lt;li class=&quot;gia&quot;&gt;&lt;strong class=&quot;camcam&quot;&gt;79000000 Triệu&lt;/strong&gt;&lt;/li&gt;         &lt;/ul&gt;                                &lt;/div&gt;                            &lt;/div&gt;                            &lt;div class=&quot;description_nhadatban&quot;&gt;                                - Bán gấp mặt phố Thuỵ khê, nhà đẹp kinh doanh sầm uất.- Diện tích 22m, xây 7 tầng, MT: 4m.- Nhà còn rất mới và rất thoáng, lô góc, thoáng 3 mặt.- Mỗi tầng 1 phòng rộng, đẹp và rất hiện đại.- Giá: 7,9 tỷ ( Có thương lượng )- Liên ...                            &lt;/div&gt;                        &lt;/div&gt;" SourceIndex="2228" TableNum="0" TextLen="311" order="69" xPath="/html[1]/body[1]/div[1]/div[4]/div[1]/div[1]/div[13]/div[9]/div[2]"/>
</LayoutNode>
<LayoutNode BgColor="#ffffff" ContainImg="1" ContainP="0" ContainTable="false" DOMCldNum="5" DoC="5" FontSize="13" FontWeight="normal" FormNum="0" FormSize="0" FrameSourceIndex="0" ID="1-20" InteractionNum="0" InteractionSize="0" IsImg="false" LinkNum="6" LinkTextLen="97" ObjectRectHeight="205" ObjectRectLeft="0" ObjectRectTop="5031" ObjectRectWidth="1420" OptionNum="0" OptionTextLength="0" ParaNum="0" SourceIndex="2285" TableNum="0" TextLen="408" order="70">
<LayoutNode BgColor="#ffffff" ContainImg="0" ContainP="0" ContainTable="false" Content="Bán Mặt phố Thuy khê, Tây Hồ: KD sầm uất, lô góc: 22m, xây 7 tầng, MT: 4m, giá: 7,9 tỷ. 0944828386 " DOMCldNum="5" DoC="5" FontSize="13" FontWeight="normal" FormNum="0" FormSize="0" FrameSourceIndex="0" ID="1-20-1" InteractionNum="0" InteractionSize="0" IsImg="false" LinkNum="2" LinkTextLen="97" ObjectHeight="42" ObjectRectHeight="56" ObjectRectLeft="0" ObjectRectTop="5031" ObjectRectWidth="1420" ObjectWidth="668" ObjectX="221" ObjectY="5045" OptionNum="0" OptionTextLength="0" ParaNum="0" SRC="&lt;div xmlns=&quot;http://www.w3.org/1999/xhtml&quot; class=&quot;tit_nhadatban&quot;&gt;                            &lt;h4&gt;&lt;a href=&quot;http://123nhadat.vn/raovat-t4291456/ban-nha-mat-pho-tai-pho-an-duong/thuy-khe-tay-ho-kd-sam-uat-lo-goc-22m-xay-7-tang-mt-4m-gia-79-ty-0944828386.html&quot; title=&quot;Bán Mặt phố Thuy khê, Tây Hồ: KD sầm uất, lô góc: 22m, xây 7 tầng, MT: 4m, giá: 7,9 tỷ. 0944828386&quot;&gt;Bán Mặt phố Thuy khê, Tây Hồ: KD sầm uất, lô góc: 22m, xây 7 tầng, MT: 4m, giá: 7,9 tỷ. 0944828386&lt;/a&gt;&lt;/h4&gt;                        &lt;/div&gt;" SourceIndex="2287" TableNum="0" TextLen="97" order="71" xPath="/html[1]/body[1]/div[1]/div[4]/div[1]/div[1]/div[13]/div[10]/div[1]"/>
<LayoutNode BgColor="#ffffff" ContainImg="1" ContainP="0" ContainTable="false" Content="Cập nhật 18 ngày trước Diện tích: 22 m2 Khu vực: Quận Tây Hồ, Hà Nội 79000000 Triệu - Bán gấp mặt phố Thuỵ khê, nhà đẹp kinh doanh sầm uất.- Diện tích 22m, xây 7 tầng, MT: 4m.- Nhà còn rất mới và rất thoáng, lô góc, thoáng 3 mặt.- Mỗi tầng 1 phòng rộng, đẹp và rất hiện đại.- Giá: 7,9 tỷ ( Có thương lượng )- Liên ... " DOMCldNum="5" DoC="8" FontSize="13" FontWeight="normal" FormNum="0" FormSize="0" FrameSourceIndex="0" ID="1-20-2" InteractionNum="0" InteractionSize="0" IsImg="false" LinkNum="4" LinkTextLen="0" ObjectHeight="135" ObjectRectHeight="135" ObjectRectLeft="0" ObjectRectTop="5101" ObjectRectWidth="1420" ObjectWidth="668" ObjectX="221" ObjectY="5101" OptionNum="0" OptionTextLength="0" ParaNum="0" SRC="&lt;div xmlns=&quot;http://www.w3.org/1999/xhtml&quot; class=&quot;detail_nhadatban&quot;&gt;                            &lt;div class=&quot;img_nhadatban&quot;&gt;                                &lt;a href=&quot;http://123nhadat.vn/raovat-t4291456/ban-nha-mat-pho-tai-pho-an-duong/thuy-khe-tay-ho-kd-sam-uat-lo-goc-22m-xay-7-tang-mt-4m-gia-79-ty-0944828386.html&quot;&gt;&lt;img alt=&quot;Bán Mặt phố Thuy khê, Tây Hồ: KD sầm uất, lô góc: 22m, xây 7 tầng, MT: 4m, giá: 7,9 tỷ. 0944828386&quot; src=&quot;http://123nhadat.vn/thumbs/155x112/raovat/nhadat_1581070886_D8yO.jpg&quot;/&gt;&lt;/a&gt;                                &lt;span class=&quot;masotin&quot;&gt;MST: 4291456&lt;/span&gt;                                &lt;/div&gt;       &lt;div class=&quot;text_nhadatban&quot;&gt;                                &lt;div class=&quot;info_nhadatban&quot;&gt;                                    &lt;ul&gt;                                    &lt;li&gt;&lt;span class=&quot;datetime&quot;&gt;Cập nhật &lt;span class=&quot;timecolor&quot;&gt;18 ngày trước&lt;/span&gt;&lt;/span&gt;&lt;/li&gt;                                    &lt;li&gt;Diện tích: &lt;span class=&quot;saleboldtext&quot;&gt;22 m2&lt;/span&gt;&lt;/li&gt;                                    &lt;li&gt;Khu vực: &lt;span class=&quot;saleboldtext&quot;&gt;Quận Tây Hồ, Hà Nội&lt;/span&gt;&lt;/li&gt;                                &lt;/ul&gt;                                &lt;/div&gt;                                &lt;div class=&quot;contact_nhadatban&quot;&gt;                                    &lt;ul&gt;          &lt;li&gt;           &lt;span id=&quot;luu_4291456&quot;&gt;&lt;a class=&quot;bt_save&quot; href=&quot;javascript:void(0)&quot; onclick=&quot;UpdateListingListRV(0,4291456)&quot; title=&quot;Lưu tin này vào trong danh sách các nhà đất bạn quan tâm,để bạn có thể tiện theo dõi&quot;/&gt;&lt;/span&gt;          &lt;/li&gt;          &lt;li class=&quot;gia&quot;&gt;&lt;strong class=&quot;camcam&quot;&gt;79000000 Triệu&lt;/strong&gt;&lt;/li&gt;         &lt;/ul&gt;                                &lt;/div&gt;                            &lt;/div&gt;                            &lt;div class=&quot;description_nhadatban&quot;&gt;                                - Bán gấp mặt phố Thuỵ khê, nhà đẹp kinh doanh sầm uất.- Diện tích 22m, xây 7 tầng, MT: 4m.- Nhà còn rất mới và rất thoáng, lô góc, thoáng 3 mặt.- Mỗi tầng 1 phòng rộng, đẹp và rất hiện đại.- Giá: 7,9 tỷ ( Có thương lượng )- Liên ...                            &lt;/div&gt;                        &lt;/div&gt;" SourceIndex="2294" TableNum="0" TextLen="311" order="72" xPath="/html[1]/body[1]/div[1]/div[4]/div[1]/div[1]/div[13]/div[10]/div[2]"/>
</LayoutNode>
<LayoutNode BgColor="#ffffff" ContainImg="1" ContainP="0" ContainTable="false" DOMCldNum="5" DoC="5" FontSize="13" FontWeight="normal" FormNum="0" FormSize="0" FrameSourceIndex="0" ID="1-21" InteractionNum="0" InteractionSize="0" IsImg="false" LinkNum="6" LinkTextLen="88" ObjectRectHeight="184" ObjectRectLeft="0" ObjectRectTop="5268" ObjectRectWidth="1420" OptionNum="0" OptionTextLength="0" ParaNum="0" SourceIndex="2351" TableNum="0" TextLen="399" order="73">
<LayoutNode BgColor="#ffffff" ContainImg="0" ContainP="0" ContainTable="false" Content="Bán nhà mặt phố Nhật Chiêu, Tây Hồ: 85m, xây 7 tầng, nhà mới. Giá: 35 tỷ. LH: 0944828386 " DOMCldNum="5" DoC="5" FontSize="13" FontWeight="normal" FormNum="0" FormSize="0" FrameSourceIndex="0" ID="1-21-1" InteractionNum="0" InteractionSize="0" IsImg="false" LinkNum="2" LinkTextLen="88" ObjectHeight="21" ObjectRectHeight="35" ObjectRectLeft="0" ObjectRectTop="5268" ObjectRectWidth="1420" ObjectWidth="668" ObjectX="221" ObjectY="5282" OptionNum="0" OptionTextLength="0" ParaNum="0" SRC="&lt;div xmlns=&quot;http://www.w3.org/1999/xhtml&quot; class=&quot;tit_nhadatban&quot;&gt;                            &lt;h4&gt;&lt;a href=&quot;http://123nhadat.vn/raovat-t4296804/ban-nha-mat-pho-tai-duong-tay-ho/nhat-chieu-85m-xay-7-tang-moi-gia-35-ty-lh-0944828386.html&quot; title=&quot;Bán nhà mặt phố Nhật Chiêu, Tây Hồ: 85m, xây 7 tầng, nhà mới. Giá: 35 tỷ. LH: 0944828386&quot;&gt;Bán nhà mặt phố Nhật Chiêu, Tây Hồ: 85m, xây 7 tầng, nhà mới. Giá: 35 tỷ. LH: 0944828386&lt;/a&gt;&lt;/h4&gt;                        &lt;/div&gt;" SourceIndex="2353" TableNum="0" TextLen="88" order="74" xPath="/html[1]/body[1]/div[1]/div[4]/div[1]/div[1]/div[13]/div[11]/div[1]"/>
<LayoutNode BgColor="#ffffff" ContainImg="1" ContainP="0" ContainTable="false" Content="Cập nhật 23 ngày trước Diện tích: 85 m2 Khu vực: Quận Tây Hồ, Hà Nội 35000000 Triệu - Chính chủ cần bán gấp nhà mặt phố Nhật Chiêu, Tây Hồ, Hà Nội- Diên tích sổ đỏ: 80m, diện tích xây dựng thực tế: 85m, MT: 4,2m- Tòa Nhà xây 7 tầng, thang máy, 1 tầng hầm, 6 tầng nổi. - Tầng 3,4,5,6: mỗi tầng 2 phòng rộng, wc khép... " DOMCldNum="5" DoC="8" FontSize="13" FontWeight="normal" FormNum="0" FormSize="0" FrameSourceIndex="0" ID="1-21-2" InteractionNum="0" InteractionSize="0" IsImg="false" LinkNum="4" LinkTextLen="0" ObjectHeight="135" ObjectRectHeight="135" ObjectRectLeft="0" ObjectRectTop="5317" ObjectRectWidth="1420" ObjectWidth="668" ObjectX="221" ObjectY="5317" OptionNum="0" OptionTextLength="0" ParaNum="0" SRC="&lt;div xmlns=&quot;http://www.w3.org/1999/xhtml&quot; class=&quot;detail_nhadatban&quot;&gt;                            &lt;div class=&quot;img_nhadatban&quot;&gt;                                &lt;a href=&quot;http://123nhadat.vn/raovat-t4296804/ban-nha-mat-pho-tai-duong-tay-ho/nhat-chieu-85m-xay-7-tang-moi-gia-35-ty-lh-0944828386.html&quot;&gt;&lt;img alt=&quot;Bán nhà mặt phố Nhật Chiêu, Tây Hồ: 85m, xây 7 tầng, nhà mới. Giá: 35 tỷ. LH: 0944828386&quot; src=&quot;http://123nhadat.vn/thumbs/155x112/raovat/nhadat_1591178647_b7WG.jpg&quot;/&gt;&lt;/a&gt;                                &lt;span class=&quot;masotin&quot;&gt;MST: 4296804&lt;/span&gt;                                &lt;/div&gt;       &lt;div class=&quot;text_nhadatban&quot;&gt;                                &lt;div class=&quot;info_nhadatban&quot;&gt;                                    &lt;ul&gt;                                    &lt;li&gt;&lt;span class=&quot;datetime&quot;&gt;Cập nhật &lt;span class=&quot;timecolor&quot;&gt;23 ngày trước&lt;/span&gt;&lt;/span&gt;&lt;/li&gt;                                    &lt;li&gt;Diện tích: &lt;span class=&quot;saleboldtext&quot;&gt;85 m2&lt;/span&gt;&lt;/li&gt;                                    &lt;li&gt;Khu vực: &lt;span class=&quot;saleboldtext&quot;&gt;Quận Tây Hồ, Hà Nội&lt;/span&gt;&lt;/li&gt;                                &lt;/ul&gt;                                &lt;/div&gt;                                &lt;div class=&quot;contact_nhadatban&quot;&gt;                                    &lt;ul&gt;          &lt;li&gt;           &lt;span id=&quot;luu_4296804&quot;&gt;&lt;a class=&quot;bt_save&quot; href=&quot;javascript:void(0)&quot; onclick=&quot;UpdateListingListRV(0,4296804)&quot; title=&quot;Lưu tin này vào trong danh sách các nhà đất bạn quan tâm,để bạn có thể tiện theo dõi&quot;/&gt;&lt;/span&gt;          &lt;/li&gt;          &lt;li class=&quot;gia&quot;&gt;&lt;strong class=&quot;camcam&quot;&gt;35000000 Triệu&lt;/strong&gt;&lt;/li&gt;         &lt;/ul&gt;                                &lt;/div&gt;                            &lt;/div&gt;                            &lt;div class=&quot;description_nhadatban&quot;&gt;                                - Chính chủ cần bán gấp nhà mặt phố Nhật Chiêu, Tây Hồ, Hà Nội- Diên tích sổ đỏ: 80m, diện tích xây dựng thực tế: 85m, MT: 4,2m- Tòa Nhà xây 7 tầng, thang máy, 1 tầng hầm, 6 tầng nổi. - Tầng 3,4,5,6: mỗi tầng 2 phòng rộng, wc khép...                            &lt;/div&gt;                        &lt;/div&gt;" SourceIndex="2360" TableNum="0" TextLen="311" order="75" xPath="/html[1]/body[1]/div[1]/div[4]/div[1]/div[1]/div[13]/div[11]/div[2]"/>
</LayoutNode>
<LayoutNode BgColor="#5eab1f" ContainImg="0" ContainP="0" ContainTable="false" Content="NHÀ ĐẤT HÀ NỘI CÓ THỂ BẠN QUAN TÂM " DOMCldNum="5" DoC="5" FontSize="11" FontWeight="700" FormNum="0" FormSize="0" FrameSourceIndex="0" ID="1-22" InteractionNum="0" InteractionSize="0" IsImg="false" LinkNum="0" LinkTextLen="0" ObjectHeight="20" ObjectRectHeight="20" ObjectRectLeft="0" ObjectRectTop="5508" ObjectRectWidth="1420" ObjectWidth="560" ObjectX="215" ObjectY="5508" OptionNum="0" OptionTextLength="0" ParaNum="0" SRC="&lt;div xmlns=&quot;http://www.w3.org/1999/xhtml&quot; class=&quot;tit_C&quot;&gt;                        &lt;span class=&quot;icon_star_xanh&quot;/&gt;                        Nhà đất Hà Nội có thể bạn quan tâm                    &lt;/div&gt;" SourceIndex="2430" TableNum="0" TextLen="34" order="76" xPath="/html[1]/body[1]/div[1]/div[4]/div[1]/div[1]/div[14]/div[1]"/>
<LayoutNode BgColor="#ffffff" ContainImg="0" ContainP="0" ContainTable="false" Content="Nhà đất Quận Tây HồBán nhà riêng Quận Tây Hồ (10144)Bán căn hộ chung cư Quận Tây Hồ (7545)Bán đất Quận Tây Hồ (3540)Bán nhà mặt phố Quận Tây Hồ (3187)Bán biệt thự Quận Tây Hồ (1922)Bán đất nền dự án Quận Tây Hồ (229)Bán nhà phân lô Quận Tây Hồ (129)Bán mặt bằng, cửa hàng Quận Tây Hồ (93)Bán kho, nhà xưởng Quận Tây Hồ (48)Bán khách sạn, nhà nghỉ Quận Tây Hồ (15)Bán trang trại,khu nghỉ dưỡng Quận Tây Hồ (13) Nhà đất bán tại Hà NộiBán căn hộ chung cư Hà Nội (414005)Bán nhà riêng Hà Nội (214845)Bán đất Hà Nội (86713)Bán nhà mặt phố Hà Nội (58408)Bán biệt thự Hà Nội (39818)Bán đất nền dự án Hà Nội (7518)Bán nhà phân lô Hà Nội (5971)Bán kho, nhà xưởng Hà Nội (2392)Bán mặt bằng, cửa hàng Hà Nội (2295)Bán trang trại,khu nghỉ dưỡng Hà Nội (936)Bán khách sạn, nhà nghỉ Hà Nội (170) " DOMCldNum="5" DoC="8" FontSize="13" FontWeight="normal" FormNum="0" FormSize="0" FrameSourceIndex="0" ID="1-23" InteractionNum="0" InteractionSize="0" IsImg="false" LinkNum="44" LinkTextLen="589" ObjectHeight="336" ObjectRectHeight="672" ObjectRectLeft="0" ObjectRectTop="5552" ObjectRectWidth="1420" ObjectWidth="320" ObjectX="261" ObjectY="5552" OptionNum="0" OptionTextLength="0" ParaNum="0" SRC="&lt;ul xmlns=&quot;http://www.w3.org/1999/xhtml&quot; class=&quot;banquantam&quot;&gt;                            &lt;li&gt;&lt;strong&gt;Nhà đất Quận Tây Hồ&lt;/strong&gt;&lt;/li&gt;                                   &lt;li&gt;&lt;a href=&quot;http://123nhadat.vn/raovat-c8/ban-nha-rieng-tai-quan-tay-ho-26&quot; title=&quot;Ban nha rieng Quan Tay Ho&quot;&gt;Bán nhà riêng Quận Tây Hồ&lt;/a&gt; (&lt;span style=&quot;color:green&quot;&gt;10144&lt;/span&gt;)&lt;/li&gt;              &lt;li&gt;&lt;a href=&quot;http://123nhadat.vn/raovat-c6/ban-can-ho-chung-cu-tai-quan-tay-ho-26&quot; title=&quot;Ban can ho chung cu Quan Tay Ho&quot;&gt;Bán căn hộ chung cư Quận Tây Hồ&lt;/a&gt; (&lt;span style=&quot;color:green&quot;&gt;7545&lt;/span&gt;)&lt;/li&gt;              &lt;li&gt;&lt;a href=&quot;http://123nhadat.vn/raovat-c11/ban-dat-tai-quan-tay-ho-26&quot; title=&quot;Ban dat Quan Tay Ho&quot;&gt;Bán đất Quận Tây Hồ&lt;/a&gt; (&lt;span style=&quot;color:green&quot;&gt;3540&lt;/span&gt;)&lt;/li&gt;              &lt;li&gt;&lt;a href=&quot;http://123nhadat.vn/raovat-c9/ban-nha-mat-pho-tai-quan-tay-ho-26&quot; title=&quot;Ban nha mat pho Quan Tay Ho&quot;&gt;Bán nhà mặt phố Quận Tây Hồ&lt;/a&gt; (&lt;span style=&quot;color:green&quot;&gt;3187&lt;/span&gt;)&lt;/li&gt;              &lt;li&gt;&lt;a href=&quot;http://123nhadat.vn/raovat-c3/ban-biet-thu-trong-du-an-tai-quan-tay-ho-26&quot; title=&quot;Ban biet thu Quan Tay Ho&quot;&gt;Bán biệt thự Quận Tây Hồ&lt;/a&gt; (&lt;span style=&quot;color:green&quot;&gt;1922&lt;/span&gt;)&lt;/li&gt;              &lt;li&gt;&lt;a href=&quot;http://123nhadat.vn/raovat-c5/ban-dat-nen-du-an-tai-quan-tay-ho-26&quot; title=&quot;Ban dat nen du an Quan Tay Ho&quot;&gt;Bán đất nền dự án Quận Tây Hồ&lt;/a&gt; (&lt;span style=&quot;color:green&quot;&gt;229&lt;/span&gt;)&lt;/li&gt;              &lt;li&gt;&lt;a href=&quot;http://123nhadat.vn/raovat-c10/ban-nha-phan-lo-tai-quan-tay-ho-26&quot; title=&quot;Ban nha phan lo Quan Tay Ho&quot;&gt;Bán nhà phân lô Quận Tây Hồ&lt;/a&gt; (&lt;span style=&quot;color:green&quot;&gt;129&lt;/span&gt;)&lt;/li&gt;              &lt;li&gt;&lt;a href=&quot;http://123nhadat.vn/raovat-c15/ban-mat-bang-cua-hang-tai-quan-tay-ho-26&quot; title=&quot;Ban mat bang, cua hang Quan Tay Ho&quot;&gt;Bán mặt bằng, cửa hàng Quận Tây Hồ&lt;/a&gt; (&lt;span style=&quot;color:green&quot;&gt;93&lt;/span&gt;)&lt;/li&gt;              &lt;li&gt;&lt;a href=&quot;http://123nhadat.vn/raovat-c13/ban-kho-nha-xuong-tai-quan-tay-ho-26&quot; title=&quot;Ban kho, nha xuong Quan Tay Ho&quot;&gt;Bán kho, nhà xưởng Quận Tây Hồ&lt;/a&gt; (&lt;span style=&quot;color:green&quot;&gt;48&lt;/span&gt;)&lt;/li&gt;              &lt;li&gt;&lt;a href=&quot;http://123nhadat.vn/raovat-c14/ban-khach-san-nha-nghi-tai-quan-tay-ho-26&quot; title=&quot;Ban khach san, nha nghi Quan Tay Ho&quot;&gt;Bán khách sạn, nhà nghỉ Quận Tây Hồ&lt;/a&gt; (&lt;span style=&quot;color:green&quot;&gt;15&lt;/span&gt;)&lt;/li&gt;              &lt;li&gt;&lt;a href=&quot;http://123nhadat.vn/raovat-c12/ban-trang-trai-khu-nghi-duong-tai-quan-tay-ho-26&quot; title=&quot;Ban trang trai,khu nghi duong Quan Tay Ho&quot;&gt;Bán trang trại,khu nghỉ dưỡng Quận Tây Hồ&lt;/a&gt; (&lt;span style=&quot;color:green&quot;&gt;13&lt;/span&gt;)&lt;/li&gt;                               &lt;/ul&gt;&lt;ul xmlns=&quot;http://www.w3.org/1999/xhtml&quot; class=&quot;banquantam&quot;&gt;                            &lt;li&gt;&lt;strong&gt;Nhà đất bán tại Hà Nội&lt;/strong&gt;&lt;/li&gt;                                   &lt;li&gt;&lt;a href=&quot;http://123nhadat.vn/raovat-c6/ban-can-ho-chung-cu-tai-ha-noi-2&quot; title=&quot;Ban can ho chung cu Ha Noi&quot;&gt;Bán căn hộ chung cư Hà Nội&lt;/a&gt; (&lt;span style=&quot;color:green&quot;&gt;414005&lt;/span&gt;)&lt;/li&gt;               &lt;li&gt;&lt;a href=&quot;http://123nhadat.vn/raovat-c8/ban-nha-rieng-tai-ha-noi-2&quot; title=&quot;Ban nha rieng Ha Noi&quot;&gt;Bán nhà riêng Hà Nội&lt;/a&gt; (&lt;span style=&quot;color:green&quot;&gt;214845&lt;/span&gt;)&lt;/li&gt;               &lt;li&gt;&lt;a href=&quot;http://123nhadat.vn/raovat-c11/ban-dat-tai-ha-noi-2&quot; title=&quot;Ban dat Ha Noi&quot;&gt;Bán đất Hà Nội&lt;/a&gt; (&lt;span style=&quot;color:green&quot;&gt;86713&lt;/span&gt;)&lt;/li&gt;               &lt;li&gt;&lt;a href=&quot;http://123nhadat.vn/raovat-c9/ban-nha-mat-pho-tai-ha-noi-2&quot; title=&quot;Ban nha mat pho Ha Noi&quot;&gt;Bán nhà mặt phố Hà Nội&lt;/a&gt; (&lt;span style=&quot;color:green&quot;&gt;58408&lt;/span&gt;)&lt;/li&gt;               &lt;li&gt;&lt;a href=&quot;http://123nhadat.vn/raovat-c3/ban-biet-thu-trong-du-an-tai-ha-noi-2&quot; title=&quot;Ban biet thu Ha Noi&quot;&gt;Bán biệt thự Hà Nội&lt;/a&gt; (&lt;span style=&quot;color:green&quot;&gt;39818&lt;/span&gt;)&lt;/li&gt;               &lt;li&gt;&lt;a href=&quot;http://123nhadat.vn/raovat-c5/ban-dat-nen-du-an-tai-ha-noi-2&quot; title=&quot;Ban dat nen du an Ha Noi&quot;&gt;Bán đất nền dự án Hà Nội&lt;/a&gt; (&lt;span style=&quot;color:green&quot;&gt;7518&lt;/span&gt;)&lt;/li&gt;               &lt;li&gt;&lt;a href=&quot;http://123nhadat.vn/raovat-c10/ban-nha-phan-lo-tai-ha-noi-2&quot; title=&quot;Ban nha phan lo Ha Noi&quot;&gt;Bán nhà phân lô Hà Nội&lt;/a&gt; (&lt;span style=&quot;color:green&quot;&gt;5971&lt;/span&gt;)&lt;/li&gt;               &lt;li&gt;&lt;a href=&quot;http://123nhadat.vn/raovat-c13/ban-kho-nha-xuong-tai-ha-noi-2&quot; title=&quot;Ban kho, nha xuong Ha Noi&quot;&gt;Bán kho, nhà xưởng Hà Nội&lt;/a&gt; (&lt;span style=&quot;color:green&quot;&gt;2392&lt;/span&gt;)&lt;/li&gt;               &lt;li&gt;&lt;a href=&quot;http://123nhadat.vn/raovat-c15/ban-mat-bang-cua-hang-tai-ha-noi-2&quot; title=&quot;Ban mat bang, cua hang Ha Noi&quot;&gt;Bán mặt bằng, cửa hàng Hà Nội&lt;/a&gt; (&lt;span style=&quot;color:green&quot;&gt;2295&lt;/span&gt;)&lt;/li&gt;               &lt;li&gt;&lt;a href=&quot;http://123nhadat.vn/raovat-c12/ban-trang-trai-khu-nghi-duong-tai-ha-noi-2&quot; title=&quot;Ban trang trai,khu nghi duong Ha Noi&quot;&gt;Bán trang trại,khu nghỉ dưỡng Hà Nội&lt;/a&gt; (&lt;span style=&quot;color:green&quot;&gt;936&lt;/span&gt;)&lt;/li&gt;               &lt;li&gt;&lt;a href=&quot;http://123nhadat.vn/raovat-c14/ban-khach-san-nha-nghi-tai-ha-noi-2&quot; title=&quot;Ban khach san, nha nghi Ha Noi&quot;&gt;Bán khách sạn, nhà nghỉ Hà Nội&lt;/a&gt; (&lt;span style=&quot;color:green&quot;&gt;170&lt;/span&gt;)&lt;/li&gt;                                                                                                      &lt;/ul&gt;" SourceIndex="2437;2532" TableNum="0" TextLen="780" order="77" xPath="/html[1]/body[1]/div[1]/div[4]/div[1]/div[1]/div[14]/div[2]/ul[1]"/>
<LayoutNode BgColor="#ffffff" ContainImg="0" ContainP="0" ContainTable="false" Content="  Bán nhà mặt phố tại Hà Nội:Huyện Phú XuyênHuyện Mỹ ĐứcHuyện Phúc ThọHuyện Thanh OaiHuyện Ba VìHuyện Mê LinhHuyện Quốc OaiHuyện Ứng HòaHuyện Chương MỹHuyện Thạch ThấtHuyện Thường TínHuyện Sóc SơnHuyện Đan PhượngThị xã Sơn TâyHuyện Gia LâmHuyện Đông AnhHuyện Hoài ĐứcHuyện Thanh TrìQuận Bắc Từ LiêmQuận Long BiênQuận Hoàng MaiHuyện Từ LiêmQuận Hà ĐôngQuận Hoàn KiếmQuận Hai Bà TrưngQuận Ba ĐìnhQuận Thanh XuânQuận Đống ĐaQuận Cầu Giấy " DOMCldNum="3" DoC="8" FontSize="13" FontWeight="normal" FormNum="0" FormSize="0" FrameSourceIndex="0" ID="1-24" InteractionNum="0" InteractionSize="0" IsImg="false" LinkNum="58" LinkTextLen="405" ObjectHeight="104" ObjectRectHeight="104" ObjectRectLeft="0" ObjectRectTop="6280" ObjectRectWidth="1420" ObjectWidth="958" ObjectX="251" ObjectY="6280" OptionNum="0" OptionTextLength="0" ParaNum="0" SRC="&lt;ul xmlns=&quot;http://www.w3.org/1999/xhtml&quot;&gt;                    &lt;li&gt;  &lt;strong&gt;Bán nhà mặt phố tại Hà Nội:&lt;/strong&gt;&lt;/li&gt;                         &lt;li&gt;&lt;a href=&quot;http://123nhadat.vn/raovat-c9/ban-nha-mat-pho-tai-huyen-phu-xuyen-311&quot; title=&quot;Ban nha mat pho Huyen Phu Xuyen&quot;&gt;Huyện Phú Xuyên&lt;/a&gt;&lt;/li&gt;                         &lt;li&gt;&lt;a href=&quot;http://123nhadat.vn/raovat-c9/ban-nha-mat-pho-tai-huyen-my-duc-309&quot; title=&quot;Ban nha mat pho Huyen My Duc&quot;&gt;Huyện Mỹ Đức&lt;/a&gt;&lt;/li&gt;                         &lt;li&gt;&lt;a href=&quot;http://123nhadat.vn/raovat-c9/ban-nha-mat-pho-tai-huyen-phuc-tho-301&quot; title=&quot;Ban nha mat pho Huyen Phuc Tho&quot;&gt;Huyện Phúc Thọ&lt;/a&gt;&lt;/li&gt;                         &lt;li&gt;&lt;a href=&quot;http://123nhadat.vn/raovat-c9/ban-nha-mat-pho-tai-huyen-thanh-oai-307&quot; title=&quot;Ban nha mat pho Huyen Thanh Oai&quot;&gt;Huyện Thanh Oai&lt;/a&gt;&lt;/li&gt;                         &lt;li&gt;&lt;a href=&quot;http://123nhadat.vn/raovat-c9/ban-nha-mat-pho-tai-huyen-ba-vi-300&quot; title=&quot;Ban nha mat pho Huyen Ba Vi&quot;&gt;Huyện Ba Vì&lt;/a&gt;&lt;/li&gt;                         &lt;li&gt;&lt;a href=&quot;http://123nhadat.vn/raovat-c9/ban-nha-mat-pho-tai-me-linh-687&quot; title=&quot;Ban nha mat pho Huyen Me Linh&quot;&gt;Huyện Mê Linh&lt;/a&gt;&lt;/li&gt;                         &lt;li&gt;&lt;a href=&quot;http://123nhadat.vn/raovat-c9/ban-nha-mat-pho-tai-huyen-quoc-oai-305&quot; title=&quot;Ban nha mat pho Huyen Quoc Oai&quot;&gt;Huyện Quốc Oai&lt;/a&gt;&lt;/li&gt;                         &lt;li&gt;&lt;a href=&quot;http://123nhadat.vn/raovat-c9/ban-nha-mat-pho-tai-huyen-ung-hoa-310&quot; title=&quot;Ban nha mat pho Huyen Ung Hoa&quot;&gt;Huyện Ứng Hòa&lt;/a&gt;&lt;/li&gt;                         &lt;li&gt;&lt;a href=&quot;http://123nhadat.vn/raovat-c9/ban-nha-mat-pho-tai-huyen-chuong-my-306&quot; title=&quot;Ban nha mat pho Huyen Chuong My&quot;&gt;Huyện Chương Mỹ&lt;/a&gt;&lt;/li&gt;                         &lt;li&gt;&lt;a href=&quot;http://123nhadat.vn/raovat-c9/ban-nha-mat-pho-tai-huyen-thach-that-303&quot; title=&quot;Ban nha mat pho Huyen Thach That&quot;&gt;Huyện Thạch Thất&lt;/a&gt;&lt;/li&gt;                         &lt;li&gt;&lt;a href=&quot;http://123nhadat.vn/raovat-c9/ban-nha-mat-pho-tai-huyen-thuong-tin-308&quot; title=&quot;Ban nha mat pho Huyen Thuong Tin&quot;&gt;Huyện Thường Tín&lt;/a&gt;&lt;/li&gt;                         &lt;li&gt;&lt;a href=&quot;http://123nhadat.vn/raovat-c9/ban-nha-mat-pho-tai-quan-soc-son-32&quot; title=&quot;Ban nha mat pho Huyen Soc Son&quot;&gt;Huyện Sóc Sơn&lt;/a&gt;&lt;/li&gt;                         &lt;li&gt;&lt;a href=&quot;http://123nhadat.vn/raovat-c9/ban-nha-mat-pho-tai-huyen-dan-phuong-302&quot; title=&quot;Ban nha mat pho Huyen Dan Phuong&quot;&gt;Huyện Đan Phượng&lt;/a&gt;&lt;/li&gt;                         &lt;li&gt;&lt;a href=&quot;http://123nhadat.vn/raovat-c9/ban-nha-mat-pho-tai-thanh-pho-son-tay-313&quot; title=&quot;Ban nha mat pho Thi xa Son Tay&quot;&gt;Thị xã Sơn Tây&lt;/a&gt;&lt;/li&gt;                         &lt;li&gt;&lt;a href=&quot;http://123nhadat.vn/raovat-c9/ban-nha-mat-pho-tai-quan-gia-lam-29&quot; title=&quot;Ban nha mat pho Huyen Gia Lam&quot;&gt;Huyện Gia Lâm&lt;/a&gt;&lt;/li&gt;                         &lt;li&gt;&lt;a href=&quot;http://123nhadat.vn/raovat-c9/ban-nha-mat-pho-tai-quan-dong-anh-28&quot; title=&quot;Ban nha mat pho Huyen Dong Anh&quot;&gt;Huyện Đông Anh&lt;/a&gt;&lt;/li&gt;                         &lt;li&gt;&lt;a href=&quot;http://123nhadat.vn/raovat-c9/ban-nha-mat-pho-tai-huyen-hoai-duc-304&quot; title=&quot;Ban nha mat pho Huyen Hoai Duc&quot;&gt;Huyện Hoài Đức&lt;/a&gt;&lt;/li&gt;                         &lt;li&gt;&lt;a href=&quot;http://123nhadat.vn/raovat-c9/ban-nha-mat-pho-tai-quan-thanh-tri-30&quot; title=&quot;Ban nha mat pho Huyen Thanh Tri&quot;&gt;Huyện Thanh Trì&lt;/a&gt;&lt;/li&gt;                         &lt;li&gt;&lt;a href=&quot;http://123nhadat.vn/raovat-c9/ban-nha-mat-pho-tai-quan-bac-tu-liem-21933&quot; title=&quot;Ban nha mat pho Quan Bac Tu Liem&quot;&gt;Quận Bắc Từ Liêm&lt;/a&gt;&lt;/li&gt;                         &lt;li&gt;&lt;a href=&quot;http://123nhadat.vn/raovat-c9/ban-nha-mat-pho-tai-quan-long-bien-34&quot; title=&quot;Ban nha mat pho Quan Long Bien&quot;&gt;Quận Long Biên&lt;/a&gt;&lt;/li&gt;                         &lt;li&gt;&lt;a href=&quot;http://123nhadat.vn/raovat-c9/ban-nha-mat-pho-tai-quan-hoang-mai-33&quot; title=&quot;Ban nha mat pho Quan Hoang Mai&quot;&gt;Quận Hoàng Mai&lt;/a&gt;&lt;/li&gt;                         &lt;li&gt;&lt;a href=&quot;http://123nhadat.vn/raovat-c9/ban-nha-mat-pho-tai-quan-tu-liem-31&quot; title=&quot;Ban nha mat pho Huyen Tu Liem&quot;&gt;Huyện Từ Liêm&lt;/a&gt;&lt;/li&gt;                         &lt;li&gt;&lt;a href=&quot;http://123nhadat.vn/raovat-c9/ban-nha-mat-pho-tai-quan-ha-dong-35&quot; title=&quot;Ban nha mat pho Quan Ha Dong&quot;&gt;Quận Hà Đông&lt;/a&gt;&lt;/li&gt;                         &lt;li&gt;&lt;a href=&quot;http://123nhadat.vn/raovat-c9/ban-nha-mat-pho-tai-quan-hoan-kiem-25&quot; title=&quot;Ban nha mat pho Quan Hoan Kiem&quot;&gt;Quận Hoàn Kiếm&lt;/a&gt;&lt;/li&gt;                         &lt;li&gt;&lt;a href=&quot;http://123nhadat.vn/raovat-c9/ban-nha-mat-pho-tai-quan-hai-ba-trung-24&quot; title=&quot;Ban nha mat pho Quan Hai Ba Trung&quot;&gt;Quận Hai Bà Trưng&lt;/a&gt;&lt;/li&gt;                         &lt;li&gt;&lt;a href=&quot;http://123nhadat.vn/raovat-c9/ban-nha-mat-pho-tai-quan-ba-dinh-21&quot; title=&quot;Ban nha mat pho Quan Ba Dinh&quot;&gt;Quận Ba Đình&lt;/a&gt;&lt;/li&gt;                         &lt;li&gt;&lt;a href=&quot;http://123nhadat.vn/raovat-c9/ban-nha-mat-pho-tai-quan-thanh-xuan-27&quot; title=&quot;Ban nha mat pho Quan Thanh Xuan&quot;&gt;Quận Thanh Xuân&lt;/a&gt;&lt;/li&gt;                         &lt;li&gt;&lt;a href=&quot;http://123nhadat.vn/raovat-c9/ban-nha-mat-pho-tai-quan-dong-da-23&quot; title=&quot;Ban nha mat pho Quan Dong Da&quot;&gt;Quận Đống Đa&lt;/a&gt;&lt;/li&gt;                         &lt;li&gt;&lt;a href=&quot;http://123nhadat.vn/raovat-c9/ban-nha-mat-pho-tai-quan-cau-giay-22&quot; title=&quot;Ban nha mat pho Quan Cau Giay&quot;&gt;Quận Cầu Giấy&lt;/a&gt;&lt;/li&gt;                     &lt;/ul&gt;" SourceIndex="3411" TableNum="0" TextLen="434" order="78" xPath="/html[1]/body[1]/div[1]/div[4]/div[3]/div[1]/ul[1]"/>
<LayoutNode BgColor="#5eab1f" ContainImg="0" ContainP="0" ContainTable="false" Content="Báo giá quảng cáo Quy chế đăng tin Quy chế hoạt động Câu hỏi thường gặp Hỗ trợ - góp ý Tuyển dụng Rss " DOMCldNum="13" DoC="5" FontSize="13" FontWeight="normal" FormNum="0" FormSize="0" FrameSourceIndex="0" ID="1-25" InteractionNum="0" InteractionSize="0" IsImg="false" LinkNum="14" LinkTextLen="95" ObjectHeight="34" ObjectRectHeight="34" ObjectRectLeft="0" ObjectRectTop="6427" ObjectRectWidth="1420" ObjectWidth="1000" ObjectX="210" ObjectY="6427" OptionNum="0" OptionTextLength="0" ParaNum="0" SRC="&lt;div xmlns=&quot;http://www.w3.org/1999/xhtml&quot; class=&quot;menu_bottom&quot;&gt;                &lt;ul&gt;                                                                                      &lt;li&gt;&lt;a href=&quot;http://123nhadat.vn/bao-gia-quang-cao&quot;&gt;Báo giá quảng cáo&lt;/a&gt;&lt;/li&gt;                    &lt;li&gt;&lt;a href=&quot;http://123nhadat.vn/quy-che-dang-tin&quot;&gt;Quy chế đăng tin&lt;/a&gt;&lt;/li&gt;                    &lt;li&gt;&lt;a href=&quot;http://123nhadat.vn/quy-che-hoat-dong&quot;&gt;Quy chế hoạt động&lt;/a&gt;&lt;/li&gt;                    &lt;li&gt;&lt;a href=&quot;http://blog.123nhadat.vn/category/hoi-dap/&quot;&gt;Câu hỏi thường gặp&lt;/a&gt;&lt;/li&gt;                    &lt;li&gt;&lt;a href=&quot;http://123nhadat.vn/contact.html&quot;&gt;Hỗ trợ - góp ý&lt;/a&gt;&lt;/li&gt;                    &lt;li&gt;&lt;a href=&quot;http://123nhadat.vn/tuyen-dung&quot;&gt;Tuyển dụng&lt;/a&gt;&lt;/li&gt;                    &lt;li&gt;&lt;a href=&quot;http://123nhadat.vn/rss&quot;&gt;Rss&lt;/a&gt;&lt;/li&gt;                &lt;/ul&gt;            &lt;/div&gt;" SourceIndex="3546" TableNum="0" TextLen="95" order="79" xPath="/html[1]/body[1]/div[1]/div[4]/div[3]/div[3]"/>
<LayoutNode BgColor="#ffffff" ContainImg="0" ContainP="0" ContainTable="false" Content="Copyright © 2011 - 2017 123nhadat.vn. ® Ghi rõ nguồn &quot;123nhadat.vn&quot; khi phát hành lại thông tin từ website này. " DOMCldNum="18" DoC="10" FontSize="13" FontWeight="normal" FormNum="0" FormSize="0" FrameSourceIndex="0" ID="1-26" InteractionNum="0" InteractionSize="0" IsImg="false" LinkNum="0" LinkTextLen="0" ObjectHeight="16" ObjectRectHeight="16" ObjectRectLeft="0" ObjectRectTop="6482" ObjectRectWidth="1420" ObjectWidth="231" ObjectX="381" ObjectY="6482" OptionNum="0" OptionTextLength="0" ParaNum="0" SRC="Copyright © 2011 - 2017 123nhadat.vn. &lt;span xmlns=&quot;http://www.w3.org/1999/xhtml&quot; class=&quot;khonghien_mobile&quot;&gt;® Ghi rõ nguồn &quot;123nhadat.vn&quot; khi phát hành lại thông tin từ website này.&lt;/span&gt;" SourceIndex="0;3587" TableNum="0" TextLen="111" order="80" xPath="No Xpath"/>
<LayoutNode BgColor="#ffffff" ContainImg="0" ContainP="0" ContainTable="false" Content="Công ty Cổ phần Truyền thông và Công nghệ Nguyễn Trần " DOMCldNum="18" DoC="8" FontSize="13" FontWeight="normal" FormNum="0" FormSize="0" FrameSourceIndex="0" ID="1-27" InteractionNum="0" InteractionSize="0" IsImg="false" LinkNum="0" LinkTextLen="0" ObjectHeight="16" ObjectRectHeight="16" ObjectRectLeft="0" ObjectRectTop="6508" ObjectRectWidth="1420" ObjectWidth="364" ObjectX="528" ObjectY="6508" OptionNum="0" OptionTextLength="0" ParaNum="0" SRC="&lt;span xmlns=&quot;http://www.w3.org/1999/xhtml&quot; class=&quot;khonghien_mobile&quot;&gt;&lt;b&gt;Công ty Cổ phần Truyền thông và Công nghệ Nguyễn Trần&lt;/b&gt;&lt;br/&gt;&lt;/span&gt;" SourceIndex="3591" TableNum="0" TextLen="53" order="81" xPath="/html[1]/body[1]/div[1]/div[4]/div[3]/div[4]/p[1]/span[2]"/>
<LayoutNode BgColor="#ffffff" ContainImg="0" ContainP="0" ContainTable="false" Content="Giấy chứng nhận ĐKKD số 0106006379 do Sở Kế hoạch &amp; Đầu tư TP.Hà Nội cấp " DOMCldNum="18" DoC="8" FontSize="13" FontWeight="normal" FormNum="0" FormSize="0" FrameSourceIndex="0" ID="1-28" InteractionNum="0" InteractionSize="0" IsImg="false" LinkNum="0" LinkTextLen="0" ObjectHeight="16" ObjectRectHeight="16" ObjectRectLeft="0" ObjectRectTop="6534" ObjectRectWidth="1420" ObjectWidth="477" ObjectX="471" ObjectY="6534" OptionNum="0" OptionTextLength="0" ParaNum="0" SRC="&lt;span xmlns=&quot;http://www.w3.org/1999/xhtml&quot; class=&quot;khonghien_mobile&quot;&gt;Giấy chứng nhận ĐKKD số 0106006379 do Sở Kế hoạch &amp; Đầu tư TP.Hà Nội cấp&lt;br/&gt;&lt;/span&gt;" SourceIndex="3596" TableNum="0" TextLen="72" order="82" xPath="/html[1]/body[1]/div[1]/div[4]/div[3]/div[4]/p[1]/span[3]"/>
<LayoutNode BgColor="#ffffff" ContainImg="0" ContainP="0" ContainTable="false" Content="Địa chỉ: Số 13 ngõ 189 Hoàng Hoa Thám,phường Liễu Giai,quận Ba Đình, Hà Nội " DOMCldNum="18" DoC="8" FontSize="13" FontWeight="normal" FormNum="0" FormSize="0" FrameSourceIndex="0" ID="1-29" InteractionNum="0" InteractionSize="0" IsImg="false" LinkNum="0" LinkTextLen="0" ObjectHeight="16" ObjectRectHeight="16" ObjectRectLeft="0" ObjectRectTop="6560" ObjectRectWidth="1420" ObjectWidth="472" ObjectX="474" ObjectY="6560" OptionNum="0" OptionTextLength="0" ParaNum="0" SRC="&lt;span xmlns=&quot;http://www.w3.org/1999/xhtml&quot; class=&quot;khonghien_mobile&quot;&gt;Địa chỉ: Số 13 ngõ 189 Hoàng Hoa Thám,phường Liễu Giai,quận Ba Đình, Hà Nội&lt;br/&gt;&lt;/span&gt;" SourceIndex="3600" TableNum="0" TextLen="75" order="83" xPath="/html[1]/body[1]/div[1]/div[4]/div[3]/div[4]/p[1]/span[4]"/>
<LayoutNode BgColor="#ffffff" ContainImg="2" ContainP="0" ContainTable="false" DOMCldNum="18" DoC="7" FontSize="13" FontWeight="normal" FormNum="0" FormSize="0" FrameSourceIndex="0" ID="1-30" InteractionNum="0" InteractionSize="0" IsImg="false" LinkNum="0" LinkTextLen="0" ObjectRectHeight="135" ObjectRectLeft="0" ObjectRectTop="6581" ObjectRectWidth="1420" OptionNum="0" OptionTextLength="0" ParaNum="0" SourceIndex="3585" TableNum="0" TextLen="165" order="84">
<LayoutNode BgColor="#ffffff" ContainImg="0" ContainP="0" ContainTable="false" DOMCldNum="18" DoC="8" FontSize="13" FontWeight="normal" FormNum="0" FormSize="0" FrameSourceIndex="0" ID="1-30-1" InteractionNum="0" InteractionSize="0" IsImg="false" LinkNum="0" LinkTextLen="0" ObjectRectHeight="135" ObjectRectLeft="0" ObjectRectTop="6581" ObjectRectWidth="881" OptionNum="0" OptionTextLength="0" ParaNum="0" SourceIndex="3585" TableNum="0" TextLen="165" order="85">
<LayoutNode BgColor="#ffffff" ContainImg="0" ContainP="0" ContainTable="false" Content="Thời gian làm việc: 8h đến 17h ngày Thứ 2 đến thứ 6 ,Thứ 7 từ 8h đến 12h. " DOMCldNum="18" DoC="8" FontSize="13" FontWeight="normal" FormNum="0" FormSize="0" FrameSourceIndex="0" ID="1-30-1-1" InteractionNum="0" InteractionSize="0" IsImg="false" LinkNum="0" LinkTextLen="0" ObjectHeight="16" ObjectRectHeight="21" ObjectRectLeft="0" ObjectRectTop="6581" ObjectRectWidth="881" ObjectWidth="443" ObjectX="438" ObjectY="6586" OptionNum="0" OptionTextLength="0" ParaNum="0" SRC="&lt;span xmlns=&quot;http://www.w3.org/1999/xhtml&quot; class=&quot;khonghien_mobile&quot;&gt;Thời gian làm việc: 8h đến 17h ngày Thứ 2 đến thứ 6 ,Thứ 7 từ 8h đến 12h.&lt;br/&gt;&lt;/span&gt;" SourceIndex="3607" TableNum="0" TextLen="73" order="86" xPath="/html[1]/body[1]/div[1]/div[4]/div[3]/div[4]/p[1]/span[5]"/>
<LayoutNode BgColor="#ffffff" ContainImg="0" ContainP="0" ContainTable="false" Content="Hotline: 09.1800.8589 | Email: contact@123nhadat.vn " DOMCldNum="18" DoC="10" FontSize="13" FontWeight="normal" FormNum="0" FormSize="0" FrameSourceIndex="0" ID="1-30-1-2" InteractionNum="0" InteractionSize="0" IsImg="false" LinkNum="0" LinkTextLen="0" ObjectHeight="16" ObjectRectHeight="16" ObjectRectLeft="0" ObjectRectTop="6612" ObjectRectWidth="881" ObjectWidth="312" ObjectX="504" ObjectY="6612" OptionNum="0" OptionTextLength="0" ParaNum="0" SRC="Hotline: 09.1800.8589 | Email: contact@123nhadat.vn" SourceIndex="0" TableNum="0" TextLen="51" order="87" xPath="No Xpath"/>
<LayoutNode BgColor="#ffffff" ContainImg="0" ContainP="0" ContainTable="false" Content="Tel : 02437.123.666 | Fax : 02437.123.555 " DOMCldNum="18" DoC="10" FontSize="13" FontWeight="normal" FormNum="0" FormSize="0" FrameSourceIndex="0" ID="1-30-1-3" InteractionNum="0" InteractionSize="0" IsImg="false" LinkNum="0" LinkTextLen="0" ObjectHeight="16" ObjectRectHeight="78" ObjectRectLeft="0" ObjectRectTop="6638" ObjectRectWidth="881" ObjectWidth="245" ObjectX="537" ObjectY="6638" OptionNum="0" OptionTextLength="0" ParaNum="0" SRC="Tel : 02437.123.666 | Fax : 02437.123.555" SourceIndex="0" TableNum="0" TextLen="41" order="88" xPath="No Xpath"/>
</LayoutNode>
<LayoutNode BgColor="#ffffff" ContainImg="2" ContainP="0" ContainTable="false" Content=" " DOMCldNum="1" DoC="8" FontSize="13" FontWeight="normal" FormNum="0" FormSize="0" FrameSourceIndex="0" ID="1-30-2" InteractionNum="0" InteractionSize="0" IsImg="true" LinkNum="0" LinkTextLen="0" ObjectHeight="65" ObjectRectHeight="135" ObjectRectLeft="1110" ObjectRectTop="6581" ObjectRectWidth="310" ObjectWidth="100" ObjectX="1110" ObjectY="6581" OptionNum="0" OptionTextLength="0" ParaNum="0" SRC="&lt;img xmlns=&quot;http://www.w3.org/1999/xhtml&quot; alt=&quot;&quot; src=&quot;http://123nhadat.vn/images/s1.png&quot;/&gt;" SourceIndex="7290" TableNum="0" TextLen="0" order="89" xPath="/html[1]/body[1]/div[1]/div[4]/div[3]/div[4]/p[1]/a[1]/img[1]"/>
</LayoutNode>
</LayoutNode>
</VIPSPage>
