<VIPSPage PageRectHeight="980" PageRectLeft="0" PageRectTop="0" PageRectWidth="1420" PageTitle="Chủ nhà cho thuê 75m2 VP tại phố Thái Hà giá 17 triệu/th. LH trực tiếp chủ nhà 098.664.6169 (MTG) - Mã tin 4293384" Url="http://123nhadat.vn/raovat-t4293384/cho-thue-van-phong-tai-pho-thai-ha/chu-nha-75m2-vp-gia-17-trieuth-lh-truc-tiep-0986646169-mtg.html" WindowHeight="980" WindowWidth="1420" neworder="0" order="0">
<LayoutNode BgColor="#ffffff" ContainImg="16" ContainP="1" ContainTable="false" DOMCldNum="15" DoC="1" FontSize="13" FontWeight="normal" FormNum="3" FormSize="20" FrameSourceIndex="0" ID="1" InteractionNum="0" InteractionSize="0" IsImg="false" LinkNum="310" LinkTextLen="3001" ObjectRectHeight="7091" ObjectRectLeft="0" ObjectRectTop="0" ObjectRectWidth="1420" OptionNum="0" OptionTextLength="0" ParaNum="1" SourceIndex="204" TableNum="0" TextLen="9695" order="1">
<LayoutNode BgColor="#ffffff" ContainImg="1" ContainP="0" ContainTable="false" Content=" " DOMCldNum="15" DoC="8" FontSize="13" FontWeight="normal" FormNum="0" FormSize="0" FrameSourceIndex="0" ID="1-1" InteractionNum="0" InteractionSize="0" IsImg="false" LinkNum="2" LinkTextLen="0" ObjectHeight="92" ObjectRectHeight="102" ObjectRectLeft="0" ObjectRectTop="0" ObjectRectWidth="1420" ObjectWidth="1000" ObjectX="210" ObjectY="10" OptionNum="0" OptionTextLength="0" ParaNum="0" SRC="&lt;div xmlns=&quot;http://www.w3.org/1999/xhtml&quot; class=&quot;logo_banner&quot;&gt;            &lt;div class=&quot;logo&quot;&gt;                &lt;a href=&quot;http://123nhadat.vn/&quot;&gt;&lt;img alt=&quot;&quot; src=&quot;http://123nhadat.vn/uploads/logo_web.png&quot;/&gt;&lt;/a&gt;            &lt;/div&gt;            &lt;div class=&quot;banner&quot; id=&quot;top-banner1&quot;&gt;                &lt;!-- Banner_vertical --&gt;&lt;ins class=&quot;adsbygoogle&quot; data-ad-client=&quot;ca-pub-7688425822787883&quot; data-ad-format=&quot;auto&quot; data-ad-slot=&quot;6087119449&quot; data-full-width-responsive=&quot;true&quot; style=&quot;display:block&quot;/&gt;&lt;script&gt;     (adsbygoogle = window.adsbygoogle || []).push({});&lt;/script&gt;            &lt;/div&gt;        &lt;/div&gt;" SourceIndex="206" TableNum="0" TextLen="0" order="2" xPath="/html[1]/body[1]/div[1]/div[2]/div[1]"/>
<LayoutNode BgColor="#ffffff" ContainImg="1" ContainP="0" ContainTable="false" Content=" Nhà đất bán Nhà đất cho thuê Tin thị trường Kiến thức Dự án Báo giá dịch vụ Vé máy bay giá rẻ Tìm kiếm Đăng tin bán/ Cho thuê Cần mua/ Cần thuê Đăng ký Đăng nhập var uLogIn = 0; " DOMCldNum="19" DoC="5" FontSize="14" FontWeight="600" FormNum="1" FormSize="20" FrameSourceIndex="0" ID="1-2" InteractionNum="0" InteractionSize="0" IsImg="false" LinkNum="24" LinkTextLen="142" ObjectHeight="40" ObjectRectHeight="85" ObjectRectLeft="0" ObjectRectTop="112" ObjectRectWidth="1420" ObjectWidth="50" ObjectX="210" ObjectY="112" OptionNum="0" OptionTextLength="0" ParaNum="0" SRC="&lt;li xmlns=&quot;http://www.w3.org/1999/xhtml&quot; id=&quot;home_link&quot;&gt;&lt;a href=&quot;http://123nhadat.vn/&quot;&gt;&lt;img alt=&quot;icon home&quot; class=&quot;icon_home&quot; src=&quot;http://123nhadat.vn/images/icon_home.png&quot;/&gt;&lt;/a&gt;&lt;span class=&quot;mb_min&quot; onclick=&quot;jPanelMenu.close();&quot;&gt;Đóng lại&lt;/span&gt;&lt;/li&gt;&lt;li xmlns=&quot;http://www.w3.org/1999/xhtml&quot;&gt;&lt;a class=&quot;mbL_nhadat_1&quot; href=&quot;http://123nhadat.vn/raovat-c1/nha-dat-ban&quot;&gt;Nhà đất bán&lt;/a&gt;&lt;span class=&quot;child_mobile_show&quot; onclick=&quot;$('.con_1').toggle();&quot;/&gt;                              &lt;ul class=&quot;con_1&quot;&gt;                                   &lt;li&gt;&lt;a href=&quot;http://123nhadat.vn/raovat-c3/ban-biet-thu-trong-du-an&quot;&gt;Bán biệt thự&lt;/a&gt;&lt;/li&gt;                                   &lt;li&gt;&lt;a href=&quot;http://123nhadat.vn/raovat-c5/ban-dat-nen-du-an&quot;&gt;Bán đất nền dự án&lt;/a&gt;&lt;/li&gt;                                   &lt;li&gt;&lt;a href=&quot;http://123nhadat.vn/raovat-c6/ban-can-ho-chung-cu&quot;&gt;Bán căn hộ chung cư&lt;/a&gt;&lt;/li&gt;                                   &lt;li&gt;&lt;a href=&quot;http://123nhadat.vn/raovat-c8/ban-nha-rieng&quot;&gt;Bán nhà riêng&lt;/a&gt;&lt;/li&gt;                                   &lt;li&gt;&lt;a href=&quot;http://123nhadat.vn/raovat-c9/ban-nha-mat-pho&quot;&gt;Bán nhà mặt phố&lt;/a&gt;&lt;/li&gt;                                   &lt;li&gt;&lt;a href=&quot;http://123nhadat.vn/raovat-c10/ban-nha-phan-lo&quot;&gt;Bán nhà phân lô&lt;/a&gt;&lt;/li&gt;                                   &lt;li&gt;&lt;a href=&quot;http://123nhadat.vn/raovat-c11/ban-dat&quot;&gt;Bán đất&lt;/a&gt;&lt;/li&gt;                                   &lt;li&gt;&lt;a href=&quot;http://123nhadat.vn/raovat-c12/ban-trang-trai-khu-nghi-duong&quot;&gt;Bán trang trại,khu nghỉ dưỡng&lt;/a&gt;&lt;/li&gt;                                   &lt;li&gt;&lt;a href=&quot;http://123nhadat.vn/raovat-c13/ban-kho-nha-xuong&quot;&gt;Bán kho, nhà xưởng&lt;/a&gt;&lt;/li&gt;                                   &lt;li&gt;&lt;a href=&quot;http://123nhadat.vn/raovat-c14/ban-khach-san-nha-nghi&quot;&gt;Bán khách sạn, nhà nghỉ&lt;/a&gt;&lt;/li&gt;                                   &lt;li&gt;&lt;a href=&quot;http://123nhadat.vn/raovat-c15/ban-mat-bang-cua-hang&quot;&gt;Bán mặt bằng, cửa hàng&lt;/a&gt;&lt;/li&gt;                               &lt;/ul&gt;                          &lt;/li&gt;&lt;li xmlns=&quot;http://www.w3.org/1999/xhtml&quot;&gt;&lt;a class=&quot;active&quot; href=&quot;http://123nhadat.vn/raovat-c2/nha-dat-cho-thue&quot;&gt;Nhà đất cho thuê&lt;/a&gt;&lt;span class=&quot;child_mobile_show&quot; onclick=&quot;$('.con_2').toggle();&quot;/&gt;                              &lt;ul class=&quot;con_2&quot;&gt;                                   &lt;li&gt;&lt;a href=&quot;http://123nhadat.vn/raovat-c4/cho-thue-van-phong&quot;&gt;Cho thuê văn phòng&lt;/a&gt;&lt;/li&gt;                                   &lt;li&gt;&lt;a href=&quot;http://123nhadat.vn/raovat-c16/cho-thue-nha-mat-pho&quot;&gt;Cho thuê nhà mặt phố&lt;/a&gt;&lt;/li&gt;                                   &lt;li&gt;&lt;a href=&quot;http://123nhadat.vn/raovat-c17/cho-thue-nha-rieng&quot;&gt;Cho thuê nhà riêng&lt;/a&gt;&lt;/li&gt;                                   &lt;li&gt;&lt;a href=&quot;http://123nhadat.vn/raovat-c18/cho-thue-can-ho-chung-cu&quot;&gt;Cho thuê căn hộ chung cư&lt;/a&gt;&lt;/li&gt;                                   &lt;li&gt;&lt;a href=&quot;http://123nhadat.vn/raovat-c19/cho-thue-biet-thu&quot;&gt;Cho thuê biệt thự&lt;/a&gt;&lt;/li&gt;                                   &lt;li&gt;&lt;a href=&quot;http://123nhadat.vn/raovat-c20/cho-thue-cua-hang-kiot&quot;&gt;Cho thuê cửa hàng, ki ốt&lt;/a&gt;&lt;/li&gt;                                   &lt;li&gt;&lt;a href=&quot;http://123nhadat.vn/raovat-c21/cho-thue-nha-tro&quot;&gt;Cho thuê nhà trọ,phòng trọ&lt;/a&gt;&lt;/li&gt;                                   &lt;li&gt;&lt;a href=&quot;http://123nhadat.vn/raovat-c23/cho-thue-kho-nha-xuong&quot;&gt;Cho thuê kho, nhà xưởng&lt;/a&gt;&lt;/li&gt;                                   &lt;li&gt;&lt;a href=&quot;http://123nhadat.vn/raovat-c24/cho-thue-dat&quot;&gt;Cho thuê đất&lt;/a&gt;&lt;/li&gt;                                   &lt;li&gt;&lt;a href=&quot;http://123nhadat.vn/raovat-c25/cho-thue-khach-san-nha-nghi&quot;&gt;Cho thuê khách sạn, nhà nghỉ&lt;/a&gt;&lt;/li&gt;                                   &lt;li&gt;&lt;a href=&quot;http://123nhadat.vn/raovat-c26/cho-thue-loai-bat-dong-san-khac&quot;&gt;Cho thuê loại bất động sản khác&lt;/a&gt;&lt;/li&gt;                               &lt;/ul&gt;                          &lt;/li&gt;&lt;li xmlns=&quot;http://www.w3.org/1999/xhtml&quot;&gt;&lt;a class=&quot;mbL_tinthitruong&quot; href=&quot;http://123nhadat.vn/news/c2/thi-truong&quot;&gt;Tin thị trường&lt;/a&gt;&lt;span class=&quot;child_mobile_show&quot; onclick=&quot;$('.news_2').toggle();&quot;/&gt;                        &lt;ul class=&quot;news_2&quot;&gt;                                  &lt;li&gt;&lt;a href=&quot;http://123nhadat.vn/news/c8/trong-nuoc&quot;&gt;Thị trường trong nước&lt;/a&gt;&lt;/li&gt;                                  &lt;li&gt;&lt;a href=&quot;http://123nhadat.vn/news/c15/phan-tich-nhan-dinh&quot;&gt;Phân tích - Nhận định&lt;/a&gt;&lt;/li&gt;                                  &lt;li&gt;&lt;a href=&quot;http://123nhadat.vn/news/c16/chinh-sach-quan-ly&quot;&gt;Chính sách - Quản lý&lt;/a&gt;&lt;/li&gt;                                  &lt;li&gt;&lt;a href=&quot;http://123nhadat.vn/news/c17/thong-tin-quy-hoach&quot;&gt;Thông tin quy hoạch&lt;/a&gt;&lt;/li&gt;                                  &lt;li&gt;&lt;a href=&quot;http://123nhadat.vn/news/c18/ngoai-nuoc&quot;&gt;Thị trường ngoài nước&lt;/a&gt;&lt;/li&gt;                                  &lt;li&gt;&lt;a href=&quot;http://123nhadat.vn/news/c23/tai-chinh-chung-khoan&quot;&gt;Tài chính - Chứng khoán&lt;/a&gt;&lt;/li&gt;                                  &lt;li&gt;&lt;a href=&quot;http://123nhadat.vn/news/c49/hoat-dong-doanh-nghiep&quot;&gt;Hoạt động doanh nghiệp&lt;/a&gt;&lt;/li&gt;                                  &lt;li&gt;&lt;a href=&quot;http://123nhadat.vn/news/c50/tin-du-an&quot;&gt;Tin từ Dự Án&lt;/a&gt;&lt;/li&gt;                                  &lt;li&gt;&lt;a href=&quot;http://123nhadat.vn/news/c51/goc-su-kien-khuyen-mai&quot;&gt;Góc sự kiện &amp; khuyến mại&lt;/a&gt;&lt;/li&gt;                              &lt;/ul&gt;                    &lt;/li&gt;&lt;li xmlns=&quot;http://www.w3.org/1999/xhtml&quot;&gt;&lt;a class=&quot;mbL_kienthuc&quot; href=&quot;http://123nhadat.vn/news&quot;&gt;Kiến thức&lt;/a&gt;&lt;span class=&quot;child_mobile_show&quot; onclick=&quot;$('.news_home').toggle();&quot;/&gt;                        &lt;ul class=&quot;news_home&quot;&gt;                                                         &lt;li&gt;&lt;a class=&quot;parent&quot; href=&quot;http://123nhadat.vn/news/c1/kinh-nghiem&quot;&gt;&lt;span&gt;Kinh nghiệm&lt;/span&gt;&lt;/a&gt;&lt;span class=&quot;child_mobile_show&quot; onclick=&quot;$('.news_1').toggle();&quot;/&gt;                                            &lt;ul class=&quot;news_1&quot;&gt;                                                          &lt;li&gt;&lt;a href=&quot;http://123nhadat.vn/news/c14/kinh-nghiem-mua-nha&quot;&gt;&lt;span&gt;Kinh nghiệm mua nhà&lt;/span&gt;&lt;/a&gt;                                                  &lt;/li&gt;                                                           &lt;li&gt;&lt;a href=&quot;http://123nhadat.vn/news/c19/kinh-nghiem-ban-nha&quot;&gt;&lt;span&gt;Kinh nghiệm bán nhà đất&lt;/span&gt;&lt;/a&gt;                                                  &lt;/li&gt;                                                           &lt;li&gt;&lt;a href=&quot;http://123nhadat.vn/news/c20/kinh-nghiem-dau-tu&quot;&gt;&lt;span&gt;Kinh nghiệm đầu tư&lt;/span&gt;&lt;/a&gt;                                                  &lt;/li&gt;                                                           &lt;li&gt;&lt;a href=&quot;http://123nhadat.vn/news/c21/kinh-nghiem-thue-nha&quot;&gt;&lt;span&gt;Kinh nghiệm thuê nhà&lt;/span&gt;&lt;/a&gt;                                                  &lt;/li&gt;                                                           &lt;li&gt;&lt;a href=&quot;http://123nhadat.vn/news/c22/kinh-nghiem-cho-thue-nha&quot;&gt;&lt;span&gt;Kinh nghiệm cho thuê nhà&lt;/span&gt;&lt;/a&gt;                                                  &lt;/li&gt;                     &lt;/ul&gt;          &lt;/li&gt;                                                                  &lt;li&gt;&lt;a class=&quot;parent&quot; href=&quot;http://123nhadat.vn/news/c3/xay-dung&quot;&gt;&lt;span&gt;Xây dựng&lt;/span&gt;&lt;/a&gt;&lt;span class=&quot;child_mobile_show&quot; onclick=&quot;$('.news_3').toggle();&quot;/&gt;                                            &lt;ul class=&quot;news_3&quot;&gt;                                                          &lt;li&gt;&lt;a href=&quot;http://123nhadat.vn/news/c9/vat-lieu-xay-dung&quot;&gt;&lt;span&gt;Vật liệu xây dựng&lt;/span&gt;&lt;/a&gt;                                                  &lt;/li&gt;                                                           &lt;li&gt;&lt;a href=&quot;http://123nhadat.vn/news/c24/kien-thuc-xay-dung&quot;&gt;&lt;span&gt;Kiến thức cần biết&lt;/span&gt;&lt;/a&gt;                                                  &lt;/li&gt;                                                           &lt;li&gt;&lt;a href=&quot;http://123nhadat.vn/news/c25/giai-phap-xay-dung&quot;&gt;&lt;span&gt;Giải pháp xây dựng&lt;/span&gt;&lt;/a&gt;                                                  &lt;/li&gt;                     &lt;/ul&gt;          &lt;/li&gt;                                                          &lt;li&gt;&lt;a class=&quot;parent&quot; href=&quot;http://123nhadat.vn/news/c4/khong-gian-dep&quot;&gt;&lt;span&gt;Không Gian Đẹp&lt;/span&gt;&lt;/a&gt;&lt;span class=&quot;child_mobile_show&quot; onclick=&quot;$('.news_4').toggle();&quot;/&gt;                                            &lt;ul class=&quot;news_4&quot;&gt;                                                          &lt;li&gt;&lt;a class=&quot;parent&quot; href=&quot;http://123nhadat.vn/news/c10/noi-that&quot;&gt;&lt;span&gt;Nội thất&lt;/span&gt;&lt;/a&gt;&lt;span class=&quot;child_mobile_show&quot; onclick=&quot;$('.news_10').toggle();&quot;/&gt;                                                      &lt;ul class=&quot;news_10&quot;&gt;                                                           &lt;li&gt;&lt;a href=&quot;http://123nhadat.vn/news/c35/toan-canh&quot;&gt;&lt;span&gt;Toàn cảnh&lt;/span&gt;&lt;/a&gt;&lt;/li&gt;                                                            &lt;li&gt;&lt;a href=&quot;http://123nhadat.vn/news/c36/phong-khach&quot;&gt;&lt;span&gt;Phòng khách&lt;/span&gt;&lt;/a&gt;&lt;/li&gt;                                                            &lt;li&gt;&lt;a href=&quot;http://123nhadat.vn/news/c37/phong-ngu&quot;&gt;&lt;span&gt;Phòng ngủ&lt;/span&gt;&lt;/a&gt;&lt;/li&gt;                                                            &lt;li&gt;&lt;a href=&quot;http://123nhadat.vn/news/c38/nha-bep&quot;&gt;&lt;span&gt;Nhà bếp&lt;/span&gt;&lt;/a&gt;&lt;/li&gt;                                                            &lt;li&gt;&lt;a href=&quot;http://123nhadat.vn/news/c39/phong-tam&quot;&gt;&lt;span&gt;Phòng tắm&lt;/span&gt;&lt;/a&gt;&lt;/li&gt;                                                            &lt;li&gt;&lt;a href=&quot;http://123nhadat.vn/news/c40/phong-tre-em&quot;&gt;&lt;span&gt;Phòng trẻ em&lt;/span&gt;&lt;/a&gt;&lt;/li&gt;                                                            &lt;li&gt;&lt;a href=&quot;http://123nhadat.vn/news/c41/van-phong&quot;&gt;&lt;span&gt;Văn phòng&lt;/span&gt;&lt;/a&gt;&lt;/li&gt;                                                            &lt;li&gt;&lt;a href=&quot;http://123nhadat.vn/news/c42/khach-san-nha-hang-showroom&quot;&gt;&lt;span&gt;Khách sạn,nhà hàng,showroom&lt;/span&gt;&lt;/a&gt;&lt;/li&gt;                                                        &lt;/ul&gt;                                        &lt;/li&gt;                                                            &lt;li&gt;&lt;a href=&quot;http://123nhadat.vn/news/c26/ngoai-that&quot;&gt;&lt;span&gt;Ngoại thất&lt;/span&gt;&lt;/a&gt;                                                  &lt;/li&gt;                     &lt;/ul&gt;          &lt;/li&gt;                                                          &lt;li&gt;&lt;a class=&quot;parent&quot; href=&quot;http://123nhadat.vn/news/c5/kien-truc&quot;&gt;&lt;span&gt;Kiến trúc&lt;/span&gt;&lt;/a&gt;&lt;span class=&quot;child_mobile_show&quot; onclick=&quot;$('.news_5').toggle();&quot;/&gt;                                            &lt;ul class=&quot;news_5&quot;&gt;                                                          &lt;li&gt;&lt;a href=&quot;http://123nhadat.vn/news/c11/tu-van-thiet-ke&quot;&gt;&lt;span&gt;Tư vấn thiết kế&lt;/span&gt;&lt;/a&gt;                                                  &lt;/li&gt;                                                           &lt;li&gt;&lt;a href=&quot;http://123nhadat.vn/news/c27/kien-truc-ngay-ay-bay-gio&quot;&gt;&lt;span&gt;Kiến trúc ngày ấy - bây giờ&lt;/span&gt;&lt;/a&gt;                                                  &lt;/li&gt;                                                           &lt;li&gt;&lt;a href=&quot;http://123nhadat.vn/news/c28/du-lich-kien-truc&quot;&gt;&lt;span&gt;Du lịch kiến trúc&lt;/span&gt;&lt;/a&gt;                                                  &lt;/li&gt;                     &lt;/ul&gt;          &lt;/li&gt;                                                          &lt;li&gt;&lt;a class=&quot;parent&quot; href=&quot;http://123nhadat.vn/news/c6/phong-thuy&quot;&gt;&lt;span&gt;Phong thủy&lt;/span&gt;&lt;/a&gt;&lt;span class=&quot;child_mobile_show&quot; onclick=&quot;$('.news_6').toggle();&quot;/&gt;                                            &lt;ul class=&quot;news_6&quot;&gt;                                                          &lt;li&gt;&lt;a class=&quot;parent&quot; href=&quot;http://123nhadat.vn/news/c12/phong-thuy-nha-o&quot;&gt;&lt;span&gt;Phong thủy Nhà ở&lt;/span&gt;&lt;/a&gt;&lt;span class=&quot;child_mobile_show&quot; onclick=&quot;$('.news_12').toggle();&quot;/&gt;                                                      &lt;ul class=&quot;news_12&quot;&gt;                                                           &lt;li&gt;&lt;a href=&quot;http://123nhadat.vn/news/c43/toan-canh&quot;&gt;&lt;span&gt;Toàn cảnh&lt;/span&gt;&lt;/a&gt;&lt;/li&gt;                                                            &lt;li&gt;&lt;a href=&quot;http://123nhadat.vn/news/c44/phong-ngu&quot;&gt;&lt;span&gt;Phòng ngủ&lt;/span&gt;&lt;/a&gt;&lt;/li&gt;                                                            &lt;li&gt;&lt;a href=&quot;http://123nhadat.vn/news/c45/phong-khach&quot;&gt;&lt;span&gt;Phòng khách&lt;/span&gt;&lt;/a&gt;&lt;/li&gt;                                                            &lt;li&gt;&lt;a href=&quot;http://123nhadat.vn/news/c46/phong-bep&quot;&gt;&lt;span&gt;Phòng bếp&lt;/span&gt;&lt;/a&gt;&lt;/li&gt;                                                            &lt;li&gt;&lt;a href=&quot;http://123nhadat.vn/news/c47/phong-tam&quot;&gt;&lt;span&gt;Phòng tắm&lt;/span&gt;&lt;/a&gt;&lt;/li&gt;                                                            &lt;li&gt;&lt;a href=&quot;http://123nhadat.vn/news/c48/cua-chinh-san-vuon&quot;&gt;&lt;span&gt;Cửa chính, sân vườn&lt;/span&gt;&lt;/a&gt;&lt;/li&gt;                                                        &lt;/ul&gt;                                        &lt;/li&gt;                                                            &lt;li&gt;&lt;a href=&quot;http://123nhadat.vn/news/c29/phong-thuy-van-phong&quot;&gt;&lt;span&gt;Phong thủy văn phòng&lt;/span&gt;&lt;/a&gt;                                                  &lt;/li&gt;                     &lt;/ul&gt;          &lt;/li&gt;                                                          &lt;li&gt;&lt;a class=&quot;parent&quot; href=&quot;http://123nhadat.vn/news/c7/cafe-luat&quot;&gt;&lt;span&gt;Cafe luật&lt;/span&gt;&lt;/a&gt;&lt;span class=&quot;child_mobile_show&quot; onclick=&quot;$('.news_7').toggle();&quot;/&gt;                                            &lt;ul class=&quot;news_7&quot;&gt;                                                          &lt;li&gt;&lt;a href=&quot;http://123nhadat.vn/news/c13/hop-thuc-hoa&quot;&gt;&lt;span&gt;Hợp thức hóa&lt;/span&gt;&lt;/a&gt;                                                  &lt;/li&gt;                                                           &lt;li&gt;&lt;a href=&quot;http://123nhadat.vn/news/c30/quyen-so-huu&quot;&gt;&lt;span&gt;Chuyển quyền sở hữu&lt;/span&gt;&lt;/a&gt;                                                  &lt;/li&gt;                                                           &lt;li&gt;&lt;a href=&quot;http://123nhadat.vn/news/c31/thua-ke-tranh-chap&quot;&gt;&lt;span&gt;Thừa kế - Tranh chấp&lt;/span&gt;&lt;/a&gt;                                                  &lt;/li&gt;                                                           &lt;li&gt;&lt;a href=&quot;http://123nhadat.vn/news/c32/xay-dung-hoan-cong&quot;&gt;&lt;span&gt;Xây dựng - Hoàn công&lt;/span&gt;&lt;/a&gt;                                                  &lt;/li&gt;                                                           &lt;li&gt;&lt;a href=&quot;http://123nhadat.vn/news/c33/thue-nha-dat&quot;&gt;&lt;span&gt;Thuế nhà đất&lt;/span&gt;&lt;/a&gt;                                                  &lt;/li&gt;                                                           &lt;li&gt;&lt;a href=&quot;http://123nhadat.vn/news/c34/nuoc-ngoai&quot;&gt;&lt;span&gt;Nước ngoài&lt;/span&gt;&lt;/a&gt;                                                  &lt;/li&gt;                     &lt;/ul&gt;          &lt;/li&gt;                                      &lt;/ul&gt;                    &lt;/li&gt;&lt;li xmlns=&quot;http://www.w3.org/1999/xhtml&quot;&gt;&lt;a class=&quot;mbL_duan&quot; href=&quot;http://123nhadat.vn/du-an&quot;&gt;Dự án&lt;/a&gt;&lt;span class=&quot;child_mobile_show&quot; onclick=&quot;$('.con_duan').toggle();&quot;/&gt;                        &lt;ul class=&quot;con_duan&quot;&gt;                                                        &lt;li&gt;&lt;a href=&quot;http://123nhadat.vn/du-an-khu-do-thi-moi-c1&quot;&gt;&lt;span&gt;Khu đô thị mới&lt;/span&gt;&lt;/a&gt;&lt;/li&gt;                                   &lt;li&gt;&lt;a href=&quot;http://123nhadat.vn/du-an-chung-cu-cao-oc-can-ho-c2&quot;&gt;&lt;span&gt;Chung cư/Cao ốc căn hộ&lt;/span&gt;&lt;/a&gt;&lt;/li&gt;                                   &lt;li&gt;&lt;a href=&quot;http://123nhadat.vn/du-an-khu-dan-cu-c3&quot;&gt;&lt;span&gt;Khu dân cư&lt;/span&gt;&lt;/a&gt;&lt;/li&gt;                                   &lt;li&gt;&lt;a href=&quot;http://123nhadat.vn/du-an-khu-biet-thu-c4&quot;&gt;&lt;span&gt;Khu Biệt thự&lt;/span&gt;&lt;/a&gt;&lt;/li&gt;                                   &lt;li&gt;&lt;a href=&quot;http://123nhadat.vn/du-an-bds-du-lich-nghi-duong-resort-c5&quot;&gt;&lt;span&gt;Bđs du lịch, nghỉ dưỡng, resort&lt;/span&gt;&lt;/a&gt;&lt;/li&gt;                                   &lt;li&gt;&lt;a href=&quot;http://123nhadat.vn/du-an-khu-tai-dinh-cu-c6&quot;&gt;&lt;span&gt;Khu tái định cư&lt;/span&gt;&lt;/a&gt;&lt;/li&gt;                                   &lt;li&gt;&lt;a href=&quot;http://123nhadat.vn/du-an-nha-o-xa-hoi-c7&quot;&gt;&lt;span&gt;Nhà ở xã hội&lt;/span&gt;&lt;/a&gt;&lt;/li&gt;                                   &lt;li&gt;&lt;a href=&quot;http://123nhadat.vn/du-an-cao-oc-van-phong-c8&quot;&gt;&lt;span&gt;Cao ốc văn phòng&lt;/span&gt;&lt;/a&gt;&lt;/li&gt;                                   &lt;li&gt;&lt;a href=&quot;http://123nhadat.vn/du-an-khu-thuong-mai-c9&quot;&gt;&lt;span&gt;Khu thương mại&lt;/span&gt;&lt;/a&gt;&lt;/li&gt;                                   &lt;li&gt;&lt;a href=&quot;http://123nhadat.vn/du-an-khu-phuc-hop-c10&quot;&gt;&lt;span&gt;Khu phức hợp&lt;/span&gt;&lt;/a&gt;&lt;/li&gt;                                   &lt;li&gt;&lt;a href=&quot;http://123nhadat.vn/du-an-khu-cn-cx-c11&quot;&gt;&lt;span&gt;Khu CN/CX&lt;/span&gt;&lt;/a&gt;&lt;/li&gt;                                   &lt;li&gt;&lt;a href=&quot;http://123nhadat.vn/du-an-khach-san-nha-nghi-c12&quot;&gt;&lt;span&gt;Khách sạn, nhà nghỉ&lt;/span&gt;&lt;/a&gt;&lt;/li&gt;                               &lt;/ul&gt;                    &lt;/li&gt;&lt;li xmlns=&quot;http://www.w3.org/1999/xhtml&quot; id=&quot;bao_gia_id&quot;&gt;&lt;a class=&quot;mbL_baogiadichvu&quot; href=&quot;javascript:void(0)&quot;&gt;Báo giá dịch vụ&lt;/a&gt;&lt;span class=&quot;child_mobile_show&quot; onclick=&quot;$('.con_baogia').toggle();&quot;/&gt;                        &lt;ul class=&quot;con_baogia&quot;&gt;                            &lt;li&gt;&lt;a href=&quot;http://123nhadat.vn/bao-gia-quang-cao&quot;&gt;Hiệu quả quảng cáo&lt;/a&gt;&lt;/li&gt;                            &lt;li&gt;&lt;a href=&quot;http://123nhadat.vn/bao-gia-quang-cao/banners&quot;&gt;Báo giá Banner&lt;/a&gt;&lt;/li&gt;                            &lt;li&gt;&lt;a href=&quot;http://123nhadat.vn/bao-gia-quang-cao/gia-tin-dang&quot;&gt;Báo giá tin đăng&lt;/a&gt;&lt;/li&gt;                        &lt;/ul&gt;                    &lt;/li&gt;&lt;li xmlns=&quot;http://www.w3.org/1999/xhtml&quot;&gt;&lt;a class=&quot;mbL_admin&quot; href=&quot;https://123vemaybay.vn&quot; title=&quot;Vé máy bay giá rẻ,ve may bay gia re nhất thị trường&quot;&gt;Vé máy bay giá rẻ&lt;/a&gt;&lt;/li&gt;&lt;div xmlns=&quot;http://www.w3.org/1999/xhtml&quot; class=&quot;boxfull bgxam khonghien_mobile&quot;&gt;            &lt;div class=&quot;box_search&quot;&gt;   &lt;form action=&quot;http://123nhadat.vn/?act=tim-nha-dat&quot; id=&quot;searchForm&quot; method=&quot;post&quot;&gt;                &lt;div class=&quot;timkiem&quot;&gt;                    &lt;label&gt;Tìm kiếm&lt;/label&gt;                    &lt;input class=&quot;icon_timkiemnhadat2&quot; id=&quot;txtKeyword&quot; name=&quot;q&quot; placeholder=&quot; Nhập vào từ khóa hoặc mã tin&quot; type=&quot;text&quot;/&gt;                    &lt;input id=&quot;Button1&quot; onclick=&quot;document.getElementById('searchForm').submit();&quot; type=&quot;button&quot; value=&quot;&quot;/&gt;                &lt;/div&gt;                                &lt;div class=&quot;chucnang_top&quot;&gt;                    &lt;ul class=&quot;timkiem_dangtin&quot;&gt;                        &lt;li class=&quot;icon_dangtinban&quot;&gt;&lt;a href=&quot;http://123nhadat.vn/Dang-tin-rao-vat-ban-nha-dat.html&quot;&gt;Đăng tin bán/ Cho thuê&lt;/a&gt;&lt;/li&gt;                        &lt;li class=&quot;icon_canmua&quot;&gt;&lt;a href=&quot;http://123nhadat.vn/can-mua-can-thue.html&quot;&gt;Cần mua/ Cần thuê&lt;/a&gt;&lt;/li&gt;                    &lt;/ul&gt;                    &lt;ul class=&quot;login_logout&quot;&gt;                                                &lt;li class=&quot;uRegister&quot;&gt;&lt;a href=&quot;http://123nhadat.vn/reg.html&quot;&gt;Đăng ký&lt;/a&gt;&lt;/li&gt;      &lt;li class=&quot;uLogin&quot;&gt;&lt;a href=&quot;http://123nhadat.vn/dang-nhap.html&quot;&gt;Đăng nhập&lt;/a&gt;&lt;/li&gt;      &lt;script type=&quot;text/javascript&quot;&gt;      var uLogIn = 0;      &lt;/script&gt;                          &lt;/ul&gt;                &lt;/div&gt;            &lt;/form&gt;&lt;/div&gt;        &lt;/div&gt;" SourceIndex="235;241;294;347;392;665;734;755;771" TableNum="0" TextLen="151" order="3" xPath="/html[1]/body[1]/div[1]/div[2]/header[1]/nav[1]/div[1]/ul[1]/li[1]"/>
<LayoutNode BgColor="#ffffff" ContainImg="0" ContainP="0" ContainTable="false" Content="Vip 2Chủ nhà cho thuê 75m2 VP tại phố Thái Hà giá 17 triệu/th. LH trực tiếp chủ nhà 098.664.6169 (MTG) " DOMCldNum="85" DoC="5" FontSize="13" FontWeight="normal" FormNum="0" FormSize="0" FrameSourceIndex="0" ID="1-3" InteractionNum="0" InteractionSize="0" IsImg="false" LinkNum="0" LinkTextLen="0" ObjectHeight="58" ObjectRectHeight="58" ObjectRectLeft="0" ObjectRectTop="391" ObjectRectWidth="1420" ObjectWidth="690" ObjectX="210" ObjectY="391" OptionNum="0" OptionTextLength="0" ParaNum="0" SRC="&lt;div xmlns=&quot;http://www.w3.org/1999/xhtml&quot; class=&quot;box_C&quot;&gt;                    &lt;span class=&quot;tit_vip2&quot;&gt;Vip 2&lt;/span&gt;&lt;h1 class=&quot;tieude_nhadat&quot;&gt;Chủ nhà cho thuê 75m2 VP tại phố Thái Hà giá 17 triệu/th. LH trực tiếp chủ nhà 098.664.6169 (MTG)&lt;/h1&gt;                &lt;/div&gt;" SourceIndex="1194" TableNum="0" TextLen="101" order="4" xPath="/html[1]/body[1]/div[1]/div[4]/div[1]/div[1]/div[1]"/>
<LayoutNode BgColor="#ffffff" ContainImg="0" ContainP="0" ContainTable="false" Content="Khu vực:Cho thuê văn phòng tại Phố Thái Hà - Quận Đống Đa - Hà Nội Giá:17 Triệu/tháng Diện tích:75 m2 Thông tin tài khoản đã được xác thực " DOMCldNum="85" DoC="5" FontSize="13" FontWeight="normal" FormNum="0" FormSize="0" FrameSourceIndex="0" ID="1-4" InteractionNum="0" InteractionSize="0" IsImg="false" LinkNum="2" LinkTextLen="34" ObjectHeight="86" ObjectRectHeight="86" ObjectRectLeft="0" ObjectRectTop="459" ObjectRectWidth="1420" ObjectWidth="690" ObjectX="210" ObjectY="459" OptionNum="0" OptionTextLength="0" ParaNum="0" SRC="&lt;div xmlns=&quot;http://www.w3.org/1999/xhtml&quot; class=&quot;box_C&quot;&gt;                    &lt;ul class=&quot;info_no2&quot;&gt;                        &lt;li&gt;&lt;label&gt;Khu vực:&lt;/label&gt;&lt;span&gt;&lt;a href=&quot;http://123nhadat.vn/raovat-c4/cho-thue-van-phong-tai-pho-thai-ha-18735&quot;&gt;Cho thuê văn phòng tại Phố Thái Hà&lt;/a&gt; - Quận Đống Đa - Hà Nội&lt;/span&gt;&lt;/li&gt;                    &lt;/ul&gt;     &lt;ul class=&quot;info_no1&quot;&gt;      &lt;li&gt;&lt;label&gt;Giá:&lt;/label&gt;&lt;span&gt;&lt;b class=&quot;camcam&quot;&gt;17 Triệu/tháng&lt;/b&gt;&lt;/span&gt;&lt;/li&gt;                        &lt;li&gt;&lt;label&gt;Diện tích:&lt;/label&gt;&lt;span&gt;&lt;b class=&quot;camcam&quot;&gt;75 m2&lt;/b&gt;&lt;/span&gt;&lt;/li&gt;                        &lt;li&gt;&lt;label class=&quot;da_xacthuc&quot;/&gt;&lt;span&gt;Thông tin tài khoản đã được xác thực&lt;/span&gt;&lt;/li&gt;                      &lt;/ul&gt;                &lt;/div&gt;" SourceIndex="1202" TableNum="0" TextLen="134" order="5" xPath="/html[1]/body[1]/div[1]/div[4]/div[1]/div[1]/div[2]"/>
<LayoutNode BgColor="#ffffff" ContainImg="2" ContainP="1" ContainTable="false" DOMCldNum="85" DoC="5" FontSize="13" FontWeight="normal" FormNum="2" FormSize="20" FrameSourceIndex="0" ID="1-5" InteractionNum="0" InteractionSize="0" IsImg="false" LinkNum="68" LinkTextLen="470" ObjectRectHeight="1826" ObjectRectLeft="0" ObjectRectTop="643" ObjectRectWidth="1420" OptionNum="0" OptionTextLength="0" ParaNum="1" SourceIndex="1190" TableNum="0" TextLen="2501" order="6">
<LayoutNode BgColor="#ffffff" ContainImg="1" ContainP="1" ContainTable="false" DOMCldNum="85" DoC="5" FontSize="13" FontWeight="normal" FormNum="0" FormSize="0" FrameSourceIndex="0" ID="1-5-1" InteractionNum="0" InteractionSize="0" IsImg="false" LinkNum="18" LinkTextLen="131" ObjectRectHeight="1826" ObjectRectLeft="0" ObjectRectTop="643" ObjectRectWidth="900" OptionNum="0" OptionTextLength="0" ParaNum="1" SourceIndex="1190" TableNum="0" TextLen="1733" order="7">
<LayoutNode BgColor="#ffffff" ContainImg="0" ContainP="0" ContainTable="false" Content="Đặc điểm nhà đất Tiện ích trong khu vực Các tin rao nhà đất liên quan " DOMCldNum="85" DoC="5" FontSize="13" FontWeight="normal" FormNum="0" FormSize="0" FrameSourceIndex="0" ID="1-5-1-1" InteractionNum="0" InteractionSize="0" IsImg="false" LinkNum="6" LinkTextLen="67" ObjectHeight="40" ObjectRectHeight="404" ObjectRectLeft="0" ObjectRectTop="643" ObjectRectWidth="900" ObjectWidth="690" ObjectX="210" ObjectY="1007" OptionNum="0" OptionTextLength="0" ParaNum="0" SRC="&lt;div xmlns=&quot;http://www.w3.org/1999/xhtml&quot; class=&quot;box_C&quot;&gt;                    &lt;ul class=&quot;next_link&quot;&gt;                        &lt;li&gt;&lt;a href=&quot;#dacdiembds&quot;&gt;Đặc điểm nhà đất&lt;/a&gt;&lt;/li&gt;                        &lt;li&gt;&lt;a href=&quot;#tienich_xungquanh&quot;&gt;Tiện ích trong khu vực&lt;/a&gt;&lt;/li&gt;                        &lt;li&gt;&lt;a href=&quot;#tinrao_lienquan&quot;&gt;Các tin rao nhà đất liên quan&lt;/a&gt;&lt;/li&gt;                    &lt;/ul&gt;                &lt;/div&gt;" SourceIndex="1388" TableNum="0" TextLen="67" order="8" xPath="/html[1]/body[1]/div[1]/div[4]/div[1]/div[1]/div[4]"/>
<LayoutNode BgColor="#5eab1f" ContainImg="0" ContainP="0" ContainTable="false" Content="THÔNG TIN MÔ TẢ " DOMCldNum="5" DoC="5" FontSize="11" FontWeight="700" FormNum="0" FormSize="0" FrameSourceIndex="0" ID="1-5-1-2" InteractionNum="0" InteractionSize="0" IsImg="false" LinkNum="0" LinkTextLen="0" ObjectHeight="20" ObjectRectHeight="20" ObjectRectLeft="0" ObjectRectTop="1060" ObjectRectWidth="900" ObjectWidth="560" ObjectX="215" ObjectY="1060" OptionNum="0" OptionTextLength="0" ParaNum="0" SRC="&lt;div xmlns=&quot;http://www.w3.org/1999/xhtml&quot; class=&quot;tit_C&quot;&gt;                        &lt;span class=&quot;icon_star_xanh&quot;/&gt;                        Thông tin mô tả                    &lt;/div&gt;" SourceIndex="1410" TableNum="0" TextLen="15" order="9" xPath="/html[1]/body[1]/div[1]/div[4]/div[1]/div[1]/div[5]/div[1]"/>
<LayoutNode BgColor="#f3f3f3" ContainImg="0" ContainP="1" ContainTable="false" Content="Lưu BĐSIn tinChia sẻ tin Liên hệ người cho thuê Nguyễn Giang Điện thoại: 0986.646.169 Địa chỉ: 18/11 Thái Hà Email:teng762000@gmail.com Nhà văn phòng 9 tầng do chủ nhà trực tiếp quản lý và cho thuê có thiết kế hiện đại. Mặt tiền thoáng và rộng. Tọa lạc tại vị trí giao thông thuận tiện (gần ngã tư Chùa Bộc - Thái Hà). Là địa điểm lý tưởng cho các công ty, doanh nghiệp chọn làm văn phòng giao dịch và làm việc. - Diện tích sàn: 400m2 x 9 tầng. - Diện tích sử dụng: 265m2/sàn. - Diện tích hiện trống: 75m2 VP tại tầng 2. Giá 17 triệu/tháng. - Văn phòng thiết kế hiện đại: + Có điều hòa âm trần. + Hệ thống ánh sáng đạt chuẩn. + Thang máy đôi tốc độ cao. + Trạm điện riêng. + Máy phát điện dự phòng công suất lớn. + Camera an ninh và bảo vệ 24/24h. + Tầng hầm để xe. + Dịch vụ tòa nhà chuyên nghiệp. Đặc biệt, miễn phí làm ngoài giờ (kể cả ngày lễ và chủ nhật). LH chủ nhà: Nguyễn Giang 098.664.6***. Cam kết: - Thông tin và hình ảnh đúng thực tế. - Làm việc với chủ nhà. - Chủ nhà trực tiếp quản lý và cho thuê. " DOMCldNum="9" DoC="5" FontSize="13" FontWeight="normal" FormNum="0" FormSize="0" FrameSourceIndex="0" ID="1-5-1-3" InteractionNum="0" InteractionSize="0" IsImg="false" LinkNum="6" LinkTextLen="24" ObjectHeight="19" ObjectRectHeight="609" ObjectRectLeft="0" ObjectRectTop="1109" ObjectRectWidth="900" ObjectWidth="641" ObjectX="234" ObjectY="1109" OptionNum="0" OptionTextLength="0" ParaNum="1" SRC="&lt;div xmlns=&quot;http://www.w3.org/1999/xhtml&quot; class=&quot;save_print&quot;&gt;                            &lt;a class=&quot;save_news&quot; href=&quot;javascript:void(0)&quot; id=&quot;save-posts&quot; title=&quot;Lưu tin tức lại&quot;&gt;Lưu BĐS&lt;/a&gt;                            &lt;a class=&quot;print_news&quot; href=&quot;javascript:window.print()&quot; title=&quot;In tin tức&quot;&gt;In tin&lt;/a&gt;                            &lt;a class=&quot;share_news&quot; href=&quot;javascript:void(0)&quot; onclick=&quot;$('#addthis_bar').slideDown();&quot; title=&quot;Chia sẻ tin&quot;&gt;Chia sẻ tin&lt;/a&gt;       &lt;!-- AddThis Button BEGIN --&gt;       &lt;div class=&quot;addthis_toolbox addthis_default_style addthis_16x16_style&quot; id=&quot;addthis_bar&quot; style=&quot;display:none&quot;&gt;       &lt;a class=&quot;addthis_button_facebook&quot;/&gt;       &lt;a class=&quot;addthis_button_google_plusone_share&quot;/&gt;       &lt;a class=&quot;addthis_button_email&quot;/&gt;       &lt;a class=&quot;addthis_button_twitter&quot;/&gt;       &lt;a class=&quot;addthis_button_print&quot;/&gt;       &lt;a class=&quot;addthis_button_digg&quot;/&gt;       &lt;a class=&quot;addthis_button_pinterest_share&quot;/&gt;       &lt;a class=&quot;addthis_button_zingme&quot;/&gt;       &lt;/div&gt;       &lt;script src=&quot;//s7.addthis.com/js/300/addthis_widget.js#pubid=ra-514ff26f59a43fb9&quot; type=&quot;text/javascript&quot;/&gt;       &lt;!-- AddThis Button END --&gt;                        &lt;/div&gt;&lt;div xmlns=&quot;http://www.w3.org/1999/xhtml&quot; class=&quot;lienhe_nguoiban&quot;&gt;                            &lt;ul&gt;                                &lt;li&gt;&lt;b style=&quot;color:green&quot;&gt;Liên hệ người cho thuê&lt;/b&gt;&lt;/li&gt;                                &lt;li&gt;&lt;b&gt;Nguyễn Giang&lt;/b&gt;&lt;/li&gt;                                &lt;li&gt;Điện thoại:&lt;b class=&quot;camcam&quot;&gt; 0986.646.169&lt;/b&gt;&lt;/li&gt;                                &lt;li&gt;Địa chỉ: 18/11 Thái Hà&lt;/li&gt;                                &lt;li&gt;Email:teng762000@gmail.com&lt;/li&gt;                            &lt;/ul&gt;                        &lt;/div&gt;&lt;p xmlns=&quot;http://www.w3.org/1999/xhtml&quot;&gt;Nhà văn phòng 9 tầng do chủ nhà trực tiếp quản lý và cho thuê có thiết kế hiện đại. Mặt tiền thoáng và rộng.&lt;br/&gt;Tọa lạc tại vị trí giao thông thuận tiện (gần ngã tư Chùa Bộc - Thái Hà).&lt;br/&gt;Là địa điểm lý tưởng cho các công ty, doanh nghiệp chọn làm văn phòng giao dịch và làm việc.&lt;br/&gt;- Diện tích sàn: 400m2 x 9 tầng.&lt;br/&gt;- Diện tích sử dụng: 265m2/sàn.&lt;br/&gt;- Diện tích hiện trống: 75m2 VP tại tầng 2. Giá 17 triệu/tháng.&lt;br/&gt;- Văn phòng thiết kế hiện đại:&lt;br/&gt;+ Có điều hòa âm trần.&lt;br/&gt;+ Hệ thống ánh sáng đạt chuẩn.&lt;br/&gt;+ Thang máy đôi tốc độ cao.&lt;br/&gt;+ Trạm điện riêng.&lt;br/&gt;+ Máy phát điện dự phòng công suất lớn.&lt;br/&gt;+ Camera an ninh và bảo vệ 24/24h.&lt;br/&gt;+ Tầng hầm để xe.&lt;br/&gt;+ Dịch vụ tòa nhà chuyên nghiệp.&lt;br/&gt;Đặc biệt, miễn phí làm ngoài giờ (kể cả ngày lễ và chủ nhật).&lt;br/&gt;LH chủ nhà: Nguyễn Giang 098.664.6***.&lt;br/&gt;Cam kết:&lt;br/&gt;- Thông tin và hình ảnh đúng thực tế.&lt;br/&gt;- Làm việc với chủ nhà.&lt;br/&gt;- Chủ nhà trực tiếp quản lý và cho thuê.&lt;/p&gt;" SourceIndex="1417;1454;1479" TableNum="0" TextLen="983" order="10" xPath="/html[1]/body[1]/div[1]/div[4]/div[1]/div[1]/div[5]/div[2]/div[1]"/>
<LayoutNode BgColor="#f7f7f7" ContainImg="0" ContainP="0" ContainTable="false" Content="&gt; Bạn đang xem tin cũ trên hệ thống của 123nhadat.vn ,tuy nhiên có thể giá trị giao dịch vẫn còn. " DOMCldNum="9" DoC="10" FontSize="13" FontWeight="normal" FormNum="0" FormSize="0" FrameSourceIndex="0" ID="1-5-1-4" InteractionNum="0" InteractionSize="0" IsImg="false" LinkNum="0" LinkTextLen="0" ObjectHeight="24" ObjectRectHeight="24" ObjectRectLeft="0" ObjectRectTop="1740" ObjectRectWidth="900" ObjectWidth="646" ObjectX="232" ObjectY="1740" OptionNum="0" OptionTextLength="0" ParaNum="0" SRC="&lt;span xmlns=&quot;http://www.w3.org/1999/xhtml&quot; class=&quot;hethan_conhan lamlam&quot;&gt;                            &gt; Bạn đang xem tin cũ trên hệ thống của 123nhadat.vn ,tuy nhiên có thể giá trị giao dịch vẫn còn.                        &lt;/span&gt;" SourceIndex="1522" TableNum="0" TextLen="97" order="11" xPath="/html[1]/body[1]/div[1]/div[4]/div[1]/div[1]/div[5]/div[2]/span[1]"/>
<LayoutNode BgColor="#5eab1f" ContainImg="0" ContainP="0" ContainTable="false" Content="ĐẶC ĐIỂM BẤT ĐỘNG SẢN " DOMCldNum="5" DoC="5" FontSize="11" FontWeight="700" FormNum="0" FormSize="0" FrameSourceIndex="0" ID="1-5-1-5" InteractionNum="0" InteractionSize="0" IsImg="false" LinkNum="0" LinkTextLen="0" ObjectHeight="20" ObjectRectHeight="20" ObjectRectLeft="0" ObjectRectTop="1796" ObjectRectWidth="900" ObjectWidth="560" ObjectX="215" ObjectY="1796" OptionNum="0" OptionTextLength="0" ParaNum="0" SRC="&lt;div xmlns=&quot;http://www.w3.org/1999/xhtml&quot; class=&quot;tit_C&quot; id=&quot;dacdiembds&quot;&gt;                        &lt;span class=&quot;icon_star_xanh&quot;/&gt;                        Đặc điểm bất động sản                    &lt;/div&gt;" SourceIndex="1531" TableNum="0" TextLen="21" order="12" xPath="/html[1]/body[1]/div[1]/div[4]/div[1]/div[1]/div[6]/div[1]"/>
<LayoutNode BgColor="#ffffff" ContainImg="0" ContainP="0" ContainTable="false" DOMCldNum="9" DoC="5" FontSize="13" FontWeight="bold" FormNum="0" FormSize="0" FrameSourceIndex="0" ID="1-5-1-6" InteractionNum="0" InteractionSize="0" IsImg="false" LinkNum="0" LinkTextLen="0" ObjectRectHeight="275" ObjectRectLeft="0" ObjectRectTop="1840" ObjectRectWidth="900" OptionNum="0" OptionTextLength="0" ParaNum="0" SourceIndex="1536" TableNum="0" TextLen="453" order="13">
<LayoutNode BgColor="#ffffff" ContainImg="0" ContainP="0" ContainTable="false" Content="Cho thuê văn phòng tại Phố Thái Hà,Phường Trung Liệt,Quận Đống Đa,Hà Nội,giá 17 Triệu/tháng,diện tích 75 m2 " DOMCldNum="9" DoC="5" FontSize="13" FontWeight="bold" FormNum="0" FormSize="0" FrameSourceIndex="0" ID="1-5-1-6-1" InteractionNum="0" InteractionSize="0" IsImg="false" LinkNum="0" LinkTextLen="0" ObjectHeight="48" ObjectRectHeight="57" ObjectRectLeft="0" ObjectRectTop="1840" ObjectRectWidth="900" ObjectWidth="668" ObjectX="221" ObjectY="1849" OptionNum="0" OptionTextLength="0" ParaNum="0" SRC="&lt;div xmlns=&quot;http://www.w3.org/1999/xhtml&quot; style=&quot;margin-bottom: 8px;font-weight:bold;&quot;&gt;&lt;h2&gt;&lt;b&gt;Cho thuê văn phòng tại Phố Thái Hà,Phường Trung Liệt,Quận Đống Đa,Hà Nội,giá 17 Triệu/tháng,diện tích 75 m2&lt;/b&gt;&lt;/h2&gt;&lt;/div&gt;" SourceIndex="1538" TableNum="0" TextLen="107" order="14" xPath="/html[1]/body[1]/div[1]/div[4]/div[1]/div[1]/div[6]/div[2]/div[1]"/>
<LayoutNode BgColor="#ffffff" ContainImg="0" ContainP="0" ContainTable="false" Content="Địa chỉ của bất động sản : Số 18/11 Thái Hà. " DOMCldNum="9" DoC="10" FontSize="13" FontWeight="normal" FormNum="0" FormSize="0" FrameSourceIndex="0" ID="1-5-1-6-2" InteractionNum="0" InteractionSize="0" IsImg="false" LinkNum="0" LinkTextLen="0" ObjectHeight="24" ObjectRectHeight="24" ObjectRectLeft="0" ObjectRectTop="1906" ObjectRectWidth="900" ObjectWidth="668" ObjectX="221" ObjectY="1906" OptionNum="0" OptionTextLength="0" ParaNum="0" SRC="&lt;div xmlns=&quot;http://www.w3.org/1999/xhtml&quot; style=&quot;margin-bottom: 8px;&quot;&gt;Địa chỉ của bất động sản : Số 18/11 Thái Hà. &lt;/div&gt;" SourceIndex="1543" TableNum="0" TextLen="44" order="15" xPath="/html[1]/body[1]/div[1]/div[4]/div[1]/div[1]/div[6]/div[2]/div[2]"/>
<LayoutNode BgColor="#ffffff" ContainImg="0" ContainP="0" ContainTable="false" Content="Lần cập nhật gần đây nhất là vào : 03:03 26/06/2020 " DOMCldNum="9" DoC="10" FontSize="13" FontWeight="normal" FormNum="0" FormSize="0" FrameSourceIndex="0" ID="1-5-1-6-3" InteractionNum="0" InteractionSize="0" IsImg="false" LinkNum="0" LinkTextLen="0" ObjectHeight="24" ObjectRectHeight="24" ObjectRectLeft="0" ObjectRectTop="1938" ObjectRectWidth="900" ObjectWidth="668" ObjectX="221" ObjectY="1938" OptionNum="0" OptionTextLength="0" ParaNum="0" SRC="&lt;div xmlns=&quot;http://www.w3.org/1999/xhtml&quot; style=&quot;margin-bottom: 8px;&quot;&gt;Lần cập nhật gần đây nhất là vào : 03:03 26/06/2020&lt;/div&gt;" SourceIndex="1546" TableNum="0" TextLen="51" order="16" xPath="/html[1]/body[1]/div[1]/div[4]/div[1]/div[1]/div[6]/div[2]/div[3]"/>
<LayoutNode BgColor="#ffffff" ContainImg="0" ContainP="0" ContainTable="false" Content="Mã tin: 4293384Ngày đăng tin: 15/03/2020Ngày hết hạn: 26/06/2020Giá: 17 Triệu/thángDiện tích: 75 m2Diện tích khuôn viên:13 m x 30 mDiện tích xây dựng:13 m x 30 mPháp lý: Sổ hồngVị trí: Mặt tiền đường9 tầng127 phòng ngủ13 nhà vệ sinhHướng nhà: Đông Nam " DOMCldNum="9" DoC="8" FontSize="13" FontWeight="normal" FormNum="0" FormSize="0" FrameSourceIndex="0" ID="1-5-1-6-4" InteractionNum="0" InteractionSize="0" IsImg="false" LinkNum="0" LinkTextLen="0" ObjectHeight="145" ObjectRectHeight="145" ObjectRectLeft="0" ObjectRectTop="1970" ObjectRectWidth="900" ObjectWidth="628" ObjectX="261" ObjectY="1970" OptionNum="0" OptionTextLength="0" ParaNum="0" SRC="&lt;ul xmlns=&quot;http://www.w3.org/1999/xhtml&quot; class=&quot;thongsonha&quot;&gt;                            &lt;li&gt;Mã tin: 4293384&lt;/li&gt;              &lt;li&gt;Ngày đăng tin: 15/03/2020&lt;/li&gt;       &lt;li&gt;Ngày hết hạn: 26/06/2020&lt;/li&gt;       &lt;li&gt;Giá: 17 Triệu/tháng&lt;/li&gt;       &lt;li&gt;Diện tích: 75 m2&lt;/li&gt;       &lt;li&gt;Diện tích khuôn viên:13 m x 30 m&lt;/li&gt;                            &lt;li&gt;Diện tích xây dựng:13 m x 30 m&lt;/li&gt;       &lt;li&gt;Pháp lý: Sổ hồng&lt;/li&gt;                            &lt;li&gt;Vị trí: Mặt tiền đường&lt;/li&gt;                            &lt;li&gt;9 tầng&lt;/li&gt;                            &lt;li&gt;127 phòng ngủ&lt;/li&gt;                            &lt;li&gt;13 nhà vệ sinh&lt;/li&gt;                            &lt;li&gt;Hướng nhà: Đông Nam&lt;/li&gt;                               &lt;/ul&gt;" SourceIndex="1549" TableNum="0" TextLen="251" order="17" xPath="/html[1]/body[1]/div[1]/div[4]/div[1]/div[1]/div[6]/div[2]/ul[1]"/>
</LayoutNode>
<LayoutNode BgColor="#ffffff" ContainImg="1" ContainP="0" ContainTable="false" Content=" " DOMCldNum="85" DoC="8" FontSize="13" FontWeight="normal" FormNum="0" FormSize="0" FrameSourceIndex="0" ID="1-5-1-7" InteractionNum="0" InteractionSize="0" IsImg="false" LinkNum="2" LinkTextLen="0" ObjectHeight="90" ObjectRectHeight="90" ObjectRectLeft="0" ObjectRectTop="2146" ObjectRectWidth="900" ObjectWidth="690" ObjectX="210" ObjectY="2146" OptionNum="0" OptionTextLength="0" ParaNum="0" SRC="&lt;div xmlns=&quot;http://www.w3.org/1999/xhtml&quot; class=&quot;box_C khonghien_mobile&quot; id=&quot;tienich_xungquanh&quot;&gt;     &lt;a href=&quot;https://123vemaybay.vn/ve-may-bay-di-ha-noi&quot; target=&quot;_blank&quot; title=&quot;vé máy bay đi Hà Nội giá rẻ&quot;&gt;&lt;img src=&quot;http://123nhadat.vn/uploads/banners/ve-may-bay-di-ha-noi-bannerC.gif&quot;/&gt;&lt;/a&gt;              &lt;/div&gt;" SourceIndex="1605" TableNum="0" TextLen="0" order="18" xPath="/html[1]/body[1]/div[1]/div[4]/div[1]/div[1]/div[7]"/>
<LayoutNode BgColor="#5eab1f" ContainImg="0" ContainP="0" ContainTable="false" Content="TIỆN ÍCH XUNNG QUANH " DOMCldNum="9" DoC="5" FontSize="11" FontWeight="700" FormNum="0" FormSize="0" FrameSourceIndex="0" ID="1-5-1-8" InteractionNum="0" InteractionSize="0" IsImg="false" LinkNum="0" LinkTextLen="0" ObjectHeight="20" ObjectRectHeight="20" ObjectRectLeft="0" ObjectRectTop="2249" ObjectRectWidth="900" ObjectWidth="560" ObjectX="215" ObjectY="2249" OptionNum="0" OptionTextLength="0" ParaNum="0" SRC="&lt;div xmlns=&quot;http://www.w3.org/1999/xhtml&quot; class=&quot;tit_C&quot;&gt;                        &lt;span class=&quot;icon_star_xanh&quot;/&gt;                        Tiện ích xunng quanh                    &lt;/div&gt;" SourceIndex="1623" TableNum="0" TextLen="20" order="19" xPath="/html[1]/body[1]/div[1]/div[4]/div[1]/div[1]/div[9]/div[1]"/>
<LayoutNode BgColor="#ffffff" ContainImg="0" ContainP="0" ContainTable="false" Content="Vị trí nhà đất Tiện ích bản đồ xung quanh " DOMCldNum="9" DoC="5" FontSize="13" FontWeight="normal" FormNum="0" FormSize="0" FrameSourceIndex="0" ID="1-5-1-9" InteractionNum="0" InteractionSize="0" IsImg="false" LinkNum="4" LinkTextLen="40" ObjectHeight="34" ObjectRectHeight="34" ObjectRectLeft="0" ObjectRectTop="2282" ObjectRectWidth="900" ObjectWidth="690" ObjectX="210" ObjectY="2282" OptionNum="0" OptionTextLength="0" ParaNum="0" SRC="&lt;div xmlns=&quot;http://www.w3.org/1999/xhtml&quot; class=&quot;detail_C&quot;&gt;                        &lt;ul id=&quot;countrytabs&quot;&gt;                            &lt;li&gt;&lt;a class=&quot;ntctab&quot; href=&quot;#map1&quot;&gt;Vị trí nhà đất&lt;/a&gt;&lt;/li&gt;                            &lt;li&gt;&lt;a class=&quot;ntctab&quot; href=&quot;#map2&quot;&gt;Tiện ích bản đồ xung quanh&lt;/a&gt;&lt;/li&gt;                            &lt;/ul&gt;                    &lt;/div&gt;" SourceIndex="1628" TableNum="0" TextLen="40" order="20" xPath="/html[1]/body[1]/div[1]/div[4]/div[1]/div[1]/div[9]/div[2]"/>
<LayoutNode BgColor="#ffffff" ContainImg="0" ContainP="0" ContainTable="false" DOMCldNum="13" DoC="8" FontSize="13" FontWeight="normal" FormNum="0" FormSize="0" FrameSourceIndex="0" ID="1-5-1-10" InteractionNum="0" InteractionSize="0" IsImg="false" LinkNum="0" LinkTextLen="0" ObjectRectHeight="142" ObjectRectLeft="0" ObjectRectTop="2327" ObjectRectWidth="900" OptionNum="0" OptionTextLength="0" ParaNum="0" SourceIndex="1648" TableNum="0" TextLen="37" order="21">
<LayoutNode BgColor="#ffffff" ContainImg="0" ContainP="0" ContainTable="false" Content="Chọn bán kính để xem: " DOMCldNum="13" DoC="8" FontSize="13" FontWeight="normal" FormNum="0" FormSize="0" FrameSourceIndex="0" ID="1-5-1-10-1" InteractionNum="0" InteractionSize="0" IsImg="false" LinkNum="0" LinkTextLen="0" ObjectHeight="34" ObjectRectHeight="142" ObjectRectLeft="0" ObjectRectTop="2327" ObjectRectWidth="405" ObjectWidth="144" ObjectX="261" ObjectY="2327" OptionNum="0" OptionTextLength="0" ParaNum="0" SRC="&lt;li xmlns=&quot;http://www.w3.org/1999/xhtml&quot;&gt;&lt;span&gt;Chọn bán kính để xem:&lt;/span&gt;&lt;/li&gt;" SourceIndex="1650" TableNum="0" TextLen="21" order="22" xPath="/html[1]/body[1]/div[1]/div[4]/div[1]/div[1]/div[9]/div[3]/div[2]/ul[1]/li[1]"/>
<LayoutNode BgColor="#ffffff" ContainImg="0" ContainP="0" ContainTable="false" Content="500m " DOMCldNum="13" DoC="8" FontSize="13" FontWeight="normal" FormNum="0" FormSize="0" FrameSourceIndex="0" ID="1-5-1-10-2" InteractionNum="0" InteractionSize="0" IsImg="false" LinkNum="0" LinkTextLen="0" ObjectHeight="34" ObjectRectHeight="142" ObjectRectLeft="425" ObjectRectTop="2327" ObjectRectWidth="38" ObjectWidth="38" ObjectX="425" ObjectY="2327" OptionNum="0" OptionTextLength="0" ParaNum="0" SRC="&lt;li xmlns=&quot;http://www.w3.org/1999/xhtml&quot;&gt;&lt;input id=&quot;Checkbox6&quot; name=&quot;radNb&quot; type=&quot;radio&quot; value=&quot;500&quot;/&gt;&lt;span&gt;500m&lt;/span&gt;&lt;/li&gt;" SourceIndex="1654" TableNum="0" TextLen="4" order="23" xPath="/html[1]/body[1]/div[1]/div[4]/div[1]/div[1]/div[9]/div[3]/div[2]/ul[1]/li[2]"/>
<LayoutNode BgColor="#ffffff" ContainImg="0" ContainP="0" ContainTable="false" Content="1km " DOMCldNum="13" DoC="8" FontSize="13" FontWeight="normal" FormNum="0" FormSize="0" FrameSourceIndex="0" ID="1-5-1-10-3" InteractionNum="0" InteractionSize="0" IsImg="false" LinkNum="0" LinkTextLen="0" ObjectHeight="34" ObjectRectHeight="142" ObjectRectLeft="483" ObjectRectTop="2327" ObjectRectWidth="31" ObjectWidth="31" ObjectX="483" ObjectY="2327" OptionNum="0" OptionTextLength="0" ParaNum="0" SRC="&lt;li xmlns=&quot;http://www.w3.org/1999/xhtml&quot;&gt;&lt;input id=&quot;Checkbox7&quot; name=&quot;radNb&quot; type=&quot;radio&quot; value=&quot;1000&quot;/&gt;&lt;span&gt;1km&lt;/span&gt;&lt;/li&gt;" SourceIndex="1659" TableNum="0" TextLen="3" order="24" xPath="/html[1]/body[1]/div[1]/div[4]/div[1]/div[1]/div[9]/div[3]/div[2]/ul[1]/li[3]"/>
<LayoutNode BgColor="#ffffff" ContainImg="0" ContainP="0" ContainTable="false" Content="2km " DOMCldNum="13" DoC="8" FontSize="13" FontWeight="normal" FormNum="0" FormSize="0" FrameSourceIndex="0" ID="1-5-1-10-4" InteractionNum="0" InteractionSize="0" IsImg="false" LinkNum="0" LinkTextLen="0" ObjectHeight="34" ObjectRectHeight="142" ObjectRectLeft="534" ObjectRectTop="2327" ObjectRectWidth="31" ObjectWidth="31" ObjectX="534" ObjectY="2327" OptionNum="0" OptionTextLength="0" ParaNum="0" SRC="&lt;li xmlns=&quot;http://www.w3.org/1999/xhtml&quot;&gt;&lt;input id=&quot;Checkbox8&quot; name=&quot;radNb&quot; type=&quot;radio&quot; value=&quot;2000&quot;/&gt;&lt;span&gt;2km&lt;/span&gt;&lt;/li&gt;" SourceIndex="1664" TableNum="0" TextLen="3" order="25" xPath="/html[1]/body[1]/div[1]/div[4]/div[1]/div[1]/div[9]/div[3]/div[2]/ul[1]/li[4]"/>
<LayoutNode BgColor="#ffffff" ContainImg="0" ContainP="0" ContainTable="false" Content="3km " DOMCldNum="13" DoC="8" FontSize="13" FontWeight="normal" FormNum="0" FormSize="0" FrameSourceIndex="0" ID="1-5-1-10-5" InteractionNum="0" InteractionSize="0" IsImg="false" LinkNum="0" LinkTextLen="0" ObjectHeight="34" ObjectRectHeight="142" ObjectRectLeft="585" ObjectRectTop="2327" ObjectRectWidth="31" ObjectWidth="31" ObjectX="585" ObjectY="2327" OptionNum="0" OptionTextLength="0" ParaNum="0" SRC="&lt;li xmlns=&quot;http://www.w3.org/1999/xhtml&quot;&gt;&lt;input id=&quot;Checkbox9&quot; name=&quot;radNb&quot; type=&quot;radio&quot; value=&quot;3000&quot;/&gt;&lt;span&gt;3km&lt;/span&gt;&lt;/li&gt;" SourceIndex="1669" TableNum="0" TextLen="3" order="26" xPath="/html[1]/body[1]/div[1]/div[4]/div[1]/div[1]/div[9]/div[3]/div[2]/ul[1]/li[5]"/>
<LayoutNode BgColor="#ffffff" ContainImg="0" ContainP="0" ContainTable="false" Content="5km " DOMCldNum="13" DoC="8" FontSize="13" FontWeight="normal" FormNum="0" FormSize="0" FrameSourceIndex="0" ID="1-5-1-10-6" InteractionNum="0" InteractionSize="0" IsImg="false" LinkNum="0" LinkTextLen="0" ObjectHeight="34" ObjectRectHeight="142" ObjectRectLeft="636" ObjectRectTop="2327" ObjectRectWidth="264" ObjectWidth="31" ObjectX="636" ObjectY="2327" OptionNum="0" OptionTextLength="0" ParaNum="0" SRC="&lt;li xmlns=&quot;http://www.w3.org/1999/xhtml&quot;&gt;&lt;input id=&quot;Checkbox9&quot; name=&quot;radNb&quot; type=&quot;radio&quot; value=&quot;5000&quot;/&gt;&lt;span&gt;5km&lt;/span&gt;&lt;/li&gt;" SourceIndex="1674" TableNum="0" TextLen="3" order="27" xPath="/html[1]/body[1]/div[1]/div[4]/div[1]/div[1]/div[9]/div[3]/div[2]/ul[1]/li[6]"/>
</LayoutNode>
</LayoutNode>
<LayoutNode BgColor="#ffffff" ContainImg="1" ContainP="0" ContainTable="false" DOMCldNum="35" DoC="5" FontSize="13" FontWeight="normal" FormNum="2" FormSize="20" FrameSourceIndex="0" ID="1-5-2" InteractionNum="0" InteractionSize="0" IsImg="false" LinkNum="50" LinkTextLen="339" ObjectRectHeight="1826" ObjectRectLeft="910" ObjectRectTop="643" ObjectRectWidth="510" OptionNum="0" OptionTextLength="0" ParaNum="0" SourceIndex="2715" TableNum="0" TextLen="768" order="28">
<LayoutNode BgColor="#ffffff" ContainImg="0" ContainP="0" ContainTable="false" Content="Tìm kiếm nhà đất Địa điểm Loại tin rao Nhà đất bán Nhà đất cho thuê Loại nhà đất Vui lòng chọn Tỉnh, thành phố Vui lòng chọn Tp.HCM Hà Nội Bình Dương Hải Phòng Đà Nẵng Cần Thơ Đồng Nai Bà Rịa Vũng Tàu Khánh Hòa Long An Thừa Thiên Huế An Giang Bạc Liêu Bắc Cạn Bắc Giang Bắc Ninh Bắc Giang Bình Định Bình Phước Bình Thuận Cà Mau Cao Bằng Đắk Lắk Đồng Tháp Gia Lai Hà Giang Hà Nam Hà Tĩnh Hải Dương Hòa Bình Hưng Yên Kiên Giang Kon Tum Lai Châu Lạng Sơn Lào Cai Lâm Đồng Nam Định Nghệ An Ninh Bình Ninh Thuận Phú Thọ Phú Yên Quảng Bình Quảng Nam Quảng Ngãi Quảng Ninh Quảng Trị Sóc Trăng Sơn La Tây Ninh Thái Bình Thái Nguyên Thanh Hóa Tiền Giang Trà Vinh Tuyên Quang Vĩnh Long Vĩnh Phúc Yên Bái Điện Biên Đắk Nông Hậu Giang Theo quận, huyện Vui lòng chọn Theo phường, xã Vui lòng chọn Theo đường phố Vui lòng chọn Theo dự án Vui lòng chọn Tìm gần trường Vui lòng chọn Theo diện tích ---Chọn diện tích--- Không xác định &lt;= 30 m2 30-50 m2 50-100 m2 100-200 m2 200-300 m2 300-400 m2 400-500 m2 &gt;=500 m2 Theo mức giá Vui lòng chọn Tìm kiếm Bỏ tìm nâng cao " DOMCldNum="35" DoC="8" FontSize="13" FontWeight="normal" FormNum="1" FormSize="20" FrameSourceIndex="0" ID="1-5-2-1" InteractionNum="0" InteractionSize="0" IsImg="false" LinkNum="4" LinkTextLen="23" ObjectHeight="513" ObjectRectHeight="513" ObjectRectLeft="910" ObjectRectTop="643" ObjectRectWidth="510" ObjectWidth="300" ObjectX="910" ObjectY="643" OptionNum="0" OptionTextLength="0" ParaNum="0" SRC="&lt;div xmlns=&quot;http://www.w3.org/1999/xhtml&quot; class=&quot;box_R cachtren2 khonghien_mobile box_nhadatban_R&quot; id=&quot;product-search-right&quot;&gt;          &lt;form action=&quot;http://123nhadat.vn/?act=tim-nha-dat&quot; id=&quot;searchFormR&quot; method=&quot;post&quot;&gt;                    &lt;div class=&quot;tit_C cachtren2&quot;&gt;                        &lt;span class=&quot;icon_star_xanh&quot;/&gt;                        Tìm kiếm nhà đất                    &lt;/div&gt;                    &lt;div class=&quot;detail_R&quot;&gt;                        &lt;div class=&quot;timkiem&quot;&gt;                            &lt;label&gt;Địa điểm&lt;/label&gt;                            &lt;input id=&quot;searchlocation&quot; name=&quot;q&quot; placeholder=&quot; Nhập địa điểm bất động sản&quot; title=&quot;&lt;div style='width:190px;'&gt;&lt;div&gt;&lt;strong class='camcam'&gt;Gợi ý&lt;/strong&gt;&lt;/div&gt;                 &lt;ul&gt;                     &lt;li&gt;-Nhập tên tỉnh/thành phố, quận/huyện, phường/xã, đường/phố, dự án; ví dụ: Imperia&lt;/li&gt;                     &lt;li&gt;-Phải chọn các gợi ý chúng tôi đề xuất bên dưới để kết quả chính xác&lt;/li&gt;                     &lt;li&gt;-Nếu không nhập địa điểm ở đây, Quý vị có thể chọn lựa khu vực bằng các ô phía dưới trong công cụ tìm kiếm này&lt;/li&gt;      &lt;li&gt;-Bạn cũng có thể nhập vào đây mã số tài sản để tim theo mã tài sản.&lt;/li&gt;                 &lt;/ul&gt;&lt;/div&gt;&quot; type=&quot;text&quot;/&gt;                            &lt;input id=&quot;Button4&quot; type=&quot;button&quot; value=&quot;&quot;/&gt;                        &lt;/div&gt;                              &lt;div class=&quot;row_timkiemR&quot;&gt;                            &lt;label&gt;Loại tin rao&lt;/label&gt;                            &lt;select id=&quot;cboCategoryR&quot; name=&quot;cboCategory&quot;&gt;                                &lt;option selected=&quot;selected&quot; value=&quot;1&quot;&gt;Nhà đất bán&lt;/option&gt;        &lt;option value=&quot;2&quot;&gt;Nhà đất cho thuê&lt;/option&gt;                            &lt;/select&gt;                        &lt;/div&gt;      &lt;div class=&quot;row_timkiemR&quot;&gt;                            &lt;label&gt;Loại nhà đất&lt;/label&gt;                            &lt;select id=&quot;cboTypeReR&quot; name=&quot;cboTypeRe&quot;&gt;                                &lt;option value=&quot;&quot;&gt;Vui lòng chọn&lt;/option&gt;                            &lt;/select&gt;                        &lt;/div&gt;                        &lt;div class=&quot;row_timkiemR&quot;&gt;                            &lt;label&gt;Tỉnh, thành phố&lt;/label&gt;                            &lt;select id=&quot;cboCityR&quot; name=&quot;cboCity&quot;&gt;                                &lt;option value=&quot;&quot;&gt;Vui lòng chọn&lt;/option&gt;                &lt;option value=&quot;3&quot;&gt;Tp.HCM&lt;/option&gt;        &lt;option value=&quot;2&quot;&gt;Hà Nội&lt;/option&gt;        &lt;option value=&quot;13&quot;&gt;Bình Dương&lt;/option&gt;        &lt;option value=&quot;4&quot;&gt;Hải Phòng&lt;/option&gt;        &lt;option value=&quot;5&quot;&gt;Đà Nẵng&lt;/option&gt;        &lt;option value=&quot;19&quot;&gt;Cần Thơ&lt;/option&gt;        &lt;option value=&quot;115&quot;&gt;Đồng Nai&lt;/option&gt;        &lt;option value=&quot;8&quot;&gt;Bà Rịa Vũng Tàu&lt;/option&gt;        &lt;option value=&quot;125&quot;&gt;Khánh Hòa&lt;/option&gt;        &lt;option value=&quot;132&quot;&gt;Long An&lt;/option&gt;        &lt;option value=&quot;6&quot;&gt;Thừa Thiên Huế&lt;/option&gt;        &lt;option value=&quot;7&quot;&gt;An Giang&lt;/option&gt;                &lt;option value=&quot;9&quot;&gt;Bạc Liêu&lt;/option&gt;        &lt;option value=&quot;10&quot;&gt;Bắc Cạn&lt;/option&gt;        &lt;option value=&quot;1&quot;&gt;Bắc Giang&lt;/option&gt;        &lt;option value=&quot;11&quot;&gt;Bắc Ninh&lt;/option&gt;        &lt;option value=&quot;12&quot;&gt;Bắc Giang&lt;/option&gt;                &lt;option value=&quot;14&quot;&gt;Bình Định&lt;/option&gt;        &lt;option value=&quot;15&quot;&gt;Bình Phước&lt;/option&gt;        &lt;option value=&quot;16&quot;&gt;Bình Thuận&lt;/option&gt;        &lt;option value=&quot;17&quot;&gt;Cà Mau&lt;/option&gt;        &lt;option value=&quot;18&quot;&gt;Cao Bằng&lt;/option&gt;                &lt;option value=&quot;103&quot;&gt;Đắk Lắk&lt;/option&gt;                &lt;option value=&quot;116&quot;&gt;Đồng Tháp&lt;/option&gt;        &lt;option value=&quot;117&quot;&gt;Gia Lai&lt;/option&gt;        &lt;option value=&quot;118&quot;&gt;Hà  Giang&lt;/option&gt;        &lt;option value=&quot;119&quot;&gt;Hà Nam&lt;/option&gt;        &lt;option value=&quot;121&quot;&gt;Hà Tĩnh&lt;/option&gt;        &lt;option value=&quot;122&quot;&gt;Hải Dương&lt;/option&gt;        &lt;option value=&quot;123&quot;&gt;Hòa Bình&lt;/option&gt;        &lt;option value=&quot;124&quot;&gt;Hưng Yên&lt;/option&gt;                &lt;option value=&quot;126&quot;&gt;Kiên Giang&lt;/option&gt;        &lt;option value=&quot;127&quot;&gt;Kon Tum&lt;/option&gt;        &lt;option value=&quot;128&quot;&gt;Lai Châu&lt;/option&gt;        &lt;option value=&quot;129&quot;&gt;Lạng Sơn&lt;/option&gt;        &lt;option value=&quot;130&quot;&gt;Lào Cai&lt;/option&gt;        &lt;option value=&quot;131&quot;&gt;Lâm Đồng&lt;/option&gt;                &lt;option value=&quot;133&quot;&gt;Nam Định&lt;/option&gt;        &lt;option value=&quot;134&quot;&gt;Nghệ An&lt;/option&gt;        &lt;option value=&quot;135&quot;&gt;Ninh Bình&lt;/option&gt;        &lt;option value=&quot;136&quot;&gt;Ninh Thuận&lt;/option&gt;        &lt;option value=&quot;137&quot;&gt;Phú Thọ&lt;/option&gt;        &lt;option value=&quot;138&quot;&gt;Phú Yên&lt;/option&gt;        &lt;option value=&quot;139&quot;&gt;Quảng Bình&lt;/option&gt;        &lt;option value=&quot;140&quot;&gt;Quảng Nam&lt;/option&gt;        &lt;option value=&quot;141&quot;&gt;Quảng Ngãi&lt;/option&gt;        &lt;option value=&quot;142&quot;&gt;Quảng Ninh&lt;/option&gt;        &lt;option value=&quot;143&quot;&gt;Quảng Trị&lt;/option&gt;        &lt;option value=&quot;144&quot;&gt;Sóc Trăng&lt;/option&gt;        &lt;option value=&quot;145&quot;&gt;Sơn La&lt;/option&gt;        &lt;option value=&quot;146&quot;&gt;Tây Ninh&lt;/option&gt;        &lt;option value=&quot;147&quot;&gt;Thái Bình&lt;/option&gt;        &lt;option value=&quot;148&quot;&gt;Thái Nguyên&lt;/option&gt;        &lt;option value=&quot;149&quot;&gt;Thanh Hóa&lt;/option&gt;        &lt;option value=&quot;150&quot;&gt;Tiền Giang&lt;/option&gt;        &lt;option value=&quot;151&quot;&gt;Trà Vinh&lt;/option&gt;        &lt;option value=&quot;152&quot;&gt;Tuyên Quang&lt;/option&gt;        &lt;option value=&quot;153&quot;&gt;Vĩnh Long&lt;/option&gt;        &lt;option value=&quot;154&quot;&gt;Vĩnh Phúc&lt;/option&gt;        &lt;option value=&quot;155&quot;&gt;Yên Bái&lt;/option&gt;        &lt;option value=&quot;156&quot;&gt;Điện Biên&lt;/option&gt;        &lt;option value=&quot;157&quot;&gt;Đắk Nông&lt;/option&gt;        &lt;option value=&quot;158&quot;&gt;Hậu Giang&lt;/option&gt;                            &lt;/select&gt;                        &lt;/div&gt;                        &lt;div class=&quot;row_timkiemR&quot;&gt;                            &lt;label&gt;Theo quận, huyện&lt;/label&gt;                            &lt;select id=&quot;cboDistrictR&quot; name=&quot;cboDistrict&quot;&gt;                                &lt;option selected=&quot;selected&quot;&gt;Vui lòng chọn&lt;/option&gt;                            &lt;/select&gt;                        &lt;/div&gt;                        &lt;div class=&quot;row_timkiemR&quot; id=&quot;divWard&quot;&gt;                            &lt;label&gt;Theo phường, xã&lt;/label&gt;                            &lt;select id=&quot;cboWardR&quot; name=&quot;cboWard&quot;&gt;                                &lt;option selected=&quot;selected&quot;&gt;Vui lòng chọn&lt;/option&gt;                            &lt;/select&gt;                        &lt;/div&gt;                        &lt;div class=&quot;row_timkiemR&quot; id=&quot;divStreet&quot;&gt;                            &lt;label&gt;Theo đường phố&lt;/label&gt;                            &lt;select id=&quot;cboStreetR&quot; name=&quot;cboStreet&quot;&gt;                                &lt;option selected=&quot;selected&quot;&gt;Vui lòng chọn&lt;/option&gt;                            &lt;/select&gt;                        &lt;/div&gt;                        &lt;div class=&quot;row_timkiemR&quot; id=&quot;divProj&quot;&gt;                            &lt;label&gt;Theo dự án&lt;/label&gt;                            &lt;select id=&quot;cboProjR&quot; name=&quot;cboProj&quot;&gt;                                &lt;option selected=&quot;selected&quot;&gt;Vui lòng chọn&lt;/option&gt;                            &lt;/select&gt;                        &lt;/div&gt;      &lt;div class=&quot;row_timkiemR&quot; id=&quot;divPlace&quot;&gt;                            &lt;label&gt;Tìm gần trường&lt;/label&gt;                            &lt;select id=&quot;cboNearPlaceR&quot; name=&quot;cboNearPlace&quot;&gt;                                &lt;option selected=&quot;selected&quot;&gt;Vui lòng chọn&lt;/option&gt;                            &lt;/select&gt;                        &lt;/div&gt;                        &lt;div class=&quot;row_timkiemR&quot;&gt;                            &lt;label&gt;Theo diện tích&lt;/label&gt;                            &lt;select id=&quot;cboAreaR&quot; name=&quot;cboArea&quot;&gt;                                &lt;option value=&quot;&quot;&gt;---Chọn diện tích---&lt;/option&gt;        &lt;option value=&quot;1&quot;&gt;Không xác định&lt;/option&gt;        &lt;option value=&quot;2&quot;&gt;&lt;= 30 m2&lt;/option&gt;        &lt;option value=&quot;3&quot;&gt;30-50 m2&lt;/option&gt;        &lt;option value=&quot;4&quot;&gt;50-100 m2&lt;/option&gt;        &lt;option value=&quot;5&quot;&gt;100-200 m2&lt;/option&gt;        &lt;option value=&quot;6&quot;&gt;200-300 m2&lt;/option&gt;        &lt;option value=&quot;7&quot;&gt;300-400 m2&lt;/option&gt;        &lt;option value=&quot;8&quot;&gt;400-500 m2&lt;/option&gt;        &lt;option value=&quot;9&quot;&gt;&gt;=500 m2&lt;/option&gt;                            &lt;/select&gt;                        &lt;/div&gt;                        &lt;div class=&quot;row_timkiemR&quot;&gt;                            &lt;label&gt;Theo mức giá&lt;/label&gt;                            &lt;select id=&quot;cboPriceR&quot; name=&quot;cboPrice&quot;&gt;                                &lt;option selected=&quot;selected&quot;&gt;Vui lòng chọn&lt;/option&gt;                            &lt;/select&gt;                        &lt;/div&gt;                        &lt;div class=&quot;row_timkiemR&quot;&gt;       &lt;input name=&quot;come_from&quot; type=&quot;hidden&quot; value=&quot;2&quot;/&gt;                            &lt;a href=&quot;javascript:void(0)&quot; onclick=&quot;$('#searchFormR').submit();&quot;&gt;Tìm kiếm&lt;/a&gt;                            &lt;a href=&quot;javascript:void(0);&quot; id=&quot;showAdvSearch&quot; onclick=&quot;ShowAdvSearch();&quot;&gt;Bỏ tìm nâng cao&lt;/a&gt;                        &lt;/div&gt;                    &lt;/div&gt;     &lt;/form&gt;                &lt;/div&gt;" SourceIndex="2727" TableNum="0" TextLen="183" order="29" xPath="/html[1]/body[1]/div[1]/div[4]/div[1]/div[2]/div[2]"/>
<LayoutNode BgColor="#5eab1f" ContainImg="0" ContainP="0" ContainTable="false" Content="CHO THUÊ VĂN PHÒNG THEO ĐƯỜNG/PHỐ TẠI QUẬN ĐỐNG ĐA " DOMCldNum="5" DoC="5" FontSize="11" FontWeight="700" FormNum="0" FormSize="0" FrameSourceIndex="0" ID="1-5-2-2" InteractionNum="0" InteractionSize="0" IsImg="false" LinkNum="0" LinkTextLen="0" ObjectHeight="40" ObjectRectHeight="40" ObjectRectLeft="910" ObjectRectTop="1429" ObjectRectWidth="510" ObjectWidth="290" ObjectX="915" ObjectY="1429" OptionNum="0" OptionTextLength="0" ParaNum="0" SRC="&lt;div xmlns=&quot;http://www.w3.org/1999/xhtml&quot; class=&quot;tit_C&quot;&gt;                        &lt;span class=&quot;icon_star_xanh&quot;/&gt;                        Cho thuê văn phòng theo đường/phố tại Quận Đống Đa                    &lt;/div&gt;" SourceIndex="3115" TableNum="0" TextLen="49" order="30" xPath="/html[1]/body[1]/div[1]/div[4]/div[1]/div[2]/div[4]/div[1]"/>
<LayoutNode BgColor="#ffffff" ContainImg="0" ContainP="0" ContainTable="false" Content="Đường Láng (1163)Phố Hoàng Cầu (898)Phố Tây Sơn (843)Đường Nguyễn Chí Thanh (694)Đường Láng Hạ (447)Phố Xã Đàn (403)Phố Cát Linh (335)Phố Thái Thịnh (326)Đường La Thành (253)Phố Tôn Đức Thắng (225)Phố Huỳnh Thúc Kháng (223)Phố Chùa Láng (198)Phố Nguyên Hồng (173)Phố Nguyễn Lương Bằng (168)Phố Trần Quang Diệu (146)Đê La Thành (129)Đường Trường Chinh (123)Phố Giảng Võ (120)Phố Hào Nam (115)Phố Mai Anh Tuấn (111) " DOMCldNum="3" DoC="8" FontSize="13" FontWeight="normal" FormNum="0" FormSize="0" FrameSourceIndex="0" ID="1-5-2-3" InteractionNum="0" InteractionSize="0" IsImg="false" LinkNum="40" LinkTextLen="292" ObjectHeight="556" ObjectRectHeight="556" ObjectRectLeft="910" ObjectRectTop="1493" ObjectRectWidth="510" ObjectWidth="238" ObjectX="961" ObjectY="1493" OptionNum="0" OptionTextLength="0" ParaNum="0" SRC="&lt;ul xmlns=&quot;http://www.w3.org/1999/xhtml&quot; class=&quot;nhadatVN&quot;&gt;                                   &lt;li&gt;&lt;a href=&quot;http://123nhadat.vn/raovat-c4/cho-thue-van-phong-tai-duong-lang-14275&quot; title=&quot;Cho thuê văn phòng tại Đường Láng,Quận Đống Đa&quot;&gt;Đường Láng&lt;/a&gt; (&lt;span style=&quot;color:green&quot;&gt;1163&lt;/span&gt;)&lt;/li&gt;                                   &lt;li&gt;&lt;a href=&quot;http://123nhadat.vn/raovat-c4/cho-thue-van-phong-tai-pho-hoang-cau-13592&quot; title=&quot;Cho thuê văn phòng tại Phố Hoàng Cầu,Quận Đống Đa&quot;&gt;Phố Hoàng Cầu&lt;/a&gt; (&lt;span style=&quot;color:green&quot;&gt;898&lt;/span&gt;)&lt;/li&gt;                                   &lt;li&gt;&lt;a href=&quot;http://123nhadat.vn/raovat-c4/cho-thue-van-phong-tai-pho-tay-son-18711&quot; title=&quot;Cho thuê văn phòng tại Phố Tây Sơn,Quận Đống Đa&quot;&gt;Phố Tây Sơn&lt;/a&gt; (&lt;span style=&quot;color:green&quot;&gt;843&lt;/span&gt;)&lt;/li&gt;                                   &lt;li&gt;&lt;a href=&quot;http://123nhadat.vn/raovat-c4/cho-thue-van-phong-tai-duong-nguyen-chi-thanh-15848&quot; title=&quot;Cho thuê văn phòng tại Đường Nguyễn Chí Thanh,Quận Đống Đa&quot;&gt;Đường Nguyễn Chí Thanh&lt;/a&gt; (&lt;span style=&quot;color:green&quot;&gt;694&lt;/span&gt;)&lt;/li&gt;                                   &lt;li&gt;&lt;a href=&quot;http://123nhadat.vn/raovat-c4/cho-thue-van-phong-tai-duong-lang-ha-14281&quot; title=&quot;Cho thuê văn phòng tại Đường Láng Hạ,Quận Đống Đa&quot;&gt;Đường Láng Hạ&lt;/a&gt; (&lt;span style=&quot;color:green&quot;&gt;447&lt;/span&gt;)&lt;/li&gt;                                   &lt;li&gt;&lt;a href=&quot;http://123nhadat.vn/raovat-c4/cho-thue-van-phong-tai-pho-xa-dan-20724&quot; title=&quot;Cho thuê văn phòng tại Phố Xã Đàn,Quận Đống Đa&quot;&gt;Phố Xã Đàn&lt;/a&gt; (&lt;span style=&quot;color:green&quot;&gt;403&lt;/span&gt;)&lt;/li&gt;                                   &lt;li&gt;&lt;a href=&quot;http://123nhadat.vn/raovat-c4/cho-thue-van-phong-tai-pho-cat-linh-12618&quot; title=&quot;Cho thuê văn phòng tại Phố Cát Linh,Quận Đống Đa&quot;&gt;Phố Cát Linh&lt;/a&gt; (&lt;span style=&quot;color:green&quot;&gt;335&lt;/span&gt;)&lt;/li&gt;                                   &lt;li&gt;&lt;a href=&quot;http://123nhadat.vn/raovat-c4/cho-thue-van-phong-tai-pho-thai-thinh-18749&quot; title=&quot;Cho thuê văn phòng tại Phố Thái Thịnh,Quận Đống Đa&quot;&gt;Phố Thái Thịnh&lt;/a&gt; (&lt;span style=&quot;color:green&quot;&gt;326&lt;/span&gt;)&lt;/li&gt;                                   &lt;li&gt;&lt;a href=&quot;http://123nhadat.vn/raovat-c4/cho-thue-van-phong-tai-duong-la-thanh-14219&quot; title=&quot;Cho thuê văn phòng tại Đường La Thành,Quận Đống Đa&quot;&gt;Đường La Thành&lt;/a&gt; (&lt;span style=&quot;color:green&quot;&gt;253&lt;/span&gt;)&lt;/li&gt;                                   &lt;li&gt;&lt;a href=&quot;http://123nhadat.vn/raovat-c4/cho-thue-van-phong-tai-pho-ton-duc-thang-19481&quot; title=&quot;Cho thuê văn phòng tại Phố Tôn Đức Thắng,Quận Đống Đa&quot;&gt;Phố Tôn Đức Thắng&lt;/a&gt; (&lt;span style=&quot;color:green&quot;&gt;225&lt;/span&gt;)&lt;/li&gt;                                   &lt;li&gt;&lt;a href=&quot;http://123nhadat.vn/raovat-c4/cho-thue-van-phong-tai-pho-huynh-thuc-khang-14039&quot; title=&quot;Cho thuê văn phòng tại Phố Huỳnh Thúc Kháng,Quận Đống Đa&quot;&gt;Phố Huỳnh Thúc Kháng&lt;/a&gt; (&lt;span style=&quot;color:green&quot;&gt;223&lt;/span&gt;)&lt;/li&gt;                                   &lt;li&gt;&lt;a href=&quot;http://123nhadat.vn/raovat-c4/cho-thue-van-phong-tai-pho-chua-lang-12786&quot; title=&quot;Cho thuê văn phòng tại Phố Chùa Láng,Quận Đống Đa&quot;&gt;Phố Chùa Láng&lt;/a&gt; (&lt;span style=&quot;color:green&quot;&gt;198&lt;/span&gt;)&lt;/li&gt;                                   &lt;li&gt;&lt;a href=&quot;http://123nhadat.vn/raovat-c4/cho-thue-van-phong-tai-pho-nguyen-hong-16052&quot; title=&quot;Cho thuê văn phòng tại Phố Nguyên Hồng,Quận Đống Đa&quot;&gt;Phố Nguyên Hồng&lt;/a&gt; (&lt;span style=&quot;color:green&quot;&gt;173&lt;/span&gt;)&lt;/li&gt;                                   &lt;li&gt;&lt;a href=&quot;http://123nhadat.vn/raovat-c4/cho-thue-van-phong-tai-pho-nguyen-luong-bang-16230&quot; title=&quot;Cho thuê văn phòng tại Phố Nguyễn Lương Bằng,Quận Đống Đa&quot;&gt;Phố Nguyễn Lương Bằng&lt;/a&gt; (&lt;span style=&quot;color:green&quot;&gt;168&lt;/span&gt;)&lt;/li&gt;                                   &lt;li&gt;&lt;a href=&quot;http://123nhadat.vn/raovat-c4/cho-thue-van-phong-tai-pho-tran-quang-dieu-19825&quot; title=&quot;Cho thuê văn phòng tại Phố Trần Quang Diệu,Quận Đống Đa&quot;&gt;Phố Trần Quang Diệu&lt;/a&gt; (&lt;span style=&quot;color:green&quot;&gt;146&lt;/span&gt;)&lt;/li&gt;                                   &lt;li&gt;&lt;a href=&quot;http://123nhadat.vn/raovat-c4/cho-thue-van-phong-tai-de-la-thanh-21094&quot; title=&quot;Cho thuê văn phòng tại Đê La Thành,Quận Đống Đa&quot;&gt;Đê La Thành&lt;/a&gt; (&lt;span style=&quot;color:green&quot;&gt;129&lt;/span&gt;)&lt;/li&gt;                                   &lt;li&gt;&lt;a href=&quot;http://123nhadat.vn/raovat-c4/cho-thue-van-phong-tai-duong-truong-chinh-20217&quot; title=&quot;Cho thuê văn phòng tại Đường Trường Chinh,Quận Đống Đa&quot;&gt;Đường Trường Chinh&lt;/a&gt; (&lt;span style=&quot;color:green&quot;&gt;123&lt;/span&gt;)&lt;/li&gt;                                   &lt;li&gt;&lt;a href=&quot;http://123nhadat.vn/raovat-c4/cho-thue-van-phong-tai-pho-giang-vo-13093&quot; title=&quot;Cho thuê văn phòng tại Phố Giảng Võ,Quận Đống Đa&quot;&gt;Phố Giảng Võ&lt;/a&gt; (&lt;span style=&quot;color:green&quot;&gt;120&lt;/span&gt;)&lt;/li&gt;                                   &lt;li&gt;&lt;a href=&quot;http://123nhadat.vn/raovat-c4/cho-thue-van-phong-tai-pho-hao-nam-13391&quot; title=&quot;Cho thuê văn phòng tại Phố Hào Nam,Quận Đống Đa&quot;&gt;Phố Hào Nam&lt;/a&gt; (&lt;span style=&quot;color:green&quot;&gt;115&lt;/span&gt;)&lt;/li&gt;                                   &lt;li&gt;&lt;a href=&quot;http://123nhadat.vn/raovat-c4/cho-thue-van-phong-tai-pho-mai-anh-tuan-15285&quot; title=&quot;Cho thuê văn phòng tại Phố Mai Anh Tuấn,Quận Đống Đa&quot;&gt;Phố Mai Anh Tuấn&lt;/a&gt; (&lt;span style=&quot;color:green&quot;&gt;111&lt;/span&gt;)&lt;/li&gt;                               &lt;/ul&gt;" SourceIndex="3122" TableNum="0" TextLen="413" order="31" xPath="/html[1]/body[1]/div[1]/div[4]/div[1]/div[2]/div[4]/div[2]/ul[1]"/>
<LayoutNode BgColor="#5eab1f" ContainImg="1" ContainP="0" ContainTable="false" DOMCldNum="5" DoC="5" FontSize="11" FontWeight="700" FormNum="1" FormSize="20" FrameSourceIndex="0" ID="1-5-2-4" InteractionNum="0" InteractionSize="0" IsImg="false" LinkNum="6" LinkTextLen="24" ObjectRectHeight="395" ObjectRectLeft="910" ObjectRectTop="2074" ObjectRectWidth="510" OptionNum="0" OptionTextLength="0" ParaNum="0" SourceIndex="3292" TableNum="0" TextLen="123" order="32">
<LayoutNode BgColor="#5eab1f" ContainImg="0" ContainP="0" ContainTable="false" Content="LIÊN HỆ NGƯỜI ĐĂNG TIN " DOMCldNum="5" DoC="5" FontSize="11" FontWeight="700" FormNum="0" FormSize="0" FrameSourceIndex="0" ID="1-5-2-4-1" InteractionNum="0" InteractionSize="0" IsImg="false" LinkNum="0" LinkTextLen="0" ObjectHeight="20" ObjectRectHeight="23" ObjectRectLeft="910" ObjectRectTop="2074" ObjectRectWidth="510" ObjectWidth="290" ObjectX="915" ObjectY="2077" OptionNum="0" OptionTextLength="0" ParaNum="0" SRC="&lt;div xmlns=&quot;http://www.w3.org/1999/xhtml&quot; class=&quot;tit_C&quot;&gt;                        &lt;span class=&quot;icon_star_xanh&quot;/&gt;                        Liên hệ người đăng tin                    &lt;/div&gt;" SourceIndex="3294" TableNum="0" TextLen="22" order="33" xPath="/html[1]/body[1]/div[1]/div[4]/div[1]/div[2]/div[5]/div[1]"/>
<LayoutNode BgColor="#ffffff" ContainImg="1" ContainP="0" ContainTable="false" Content="Nguyễn Giang Phone: 0986646169 Đang rao 23 nhà đất   Họ và tên: Mobile: Email: Tiêu đề: Tin nhắn: Gửi tin nhắn " DOMCldNum="5" DoC="8" FontSize="13" FontWeight="normal" FormNum="1" FormSize="20" FrameSourceIndex="0" ID="1-5-2-4-2" InteractionNum="0" InteractionSize="0" IsImg="false" LinkNum="6" LinkTextLen="24" ObjectHeight="337" ObjectRectHeight="348" ObjectRectLeft="910" ObjectRectTop="2121" ObjectRectWidth="510" ObjectWidth="278" ObjectX="921" ObjectY="2121" OptionNum="0" OptionTextLength="0" ParaNum="0" SRC="&lt;div xmlns=&quot;http://www.w3.org/1999/xhtml&quot; class=&quot;detail_R&quot;&gt;                        &lt;div class=&quot;box_moigioi border_none lienhe_dangtin_R&quot;&gt;                            &lt;div class=&quot;img_moigioi&quot;&gt;&lt;a href=&quot;http://123nhadat.vn/thanhvien/tinrao/208055&quot;&gt;&lt;img align=&quot;middle&quot; alt=&quot;Nguyễn Giang&quot; class=&quot;img&quot; height=&quot;50&quot; src=&quot;http://123nhadat.vn/thumbs/120x122/avatar/noavatar.jpg&quot; width=&quot;50&quot;/&gt;&lt;/a&gt;&lt;/div&gt;                            &lt;ul&gt;                                &lt;li&gt;&lt;a href=&quot;http://123nhadat.vn/thanhvien/tinrao/208055&quot; title=&quot;Xem toàn bộ tin rao của Nguyễn Giang&quot;&gt;Nguyễn Giang&lt;/a&gt;&lt;/li&gt;                                                                &lt;li&gt;Phone: 0986646169&lt;/li&gt;                                &lt;li&gt;Đang rao &lt;b style=&quot;color:green&quot;&gt;23&lt;/b&gt; nhà đất&lt;/li&gt;        &lt;li&gt; &lt;/li&gt;                            &lt;/ul&gt;                        &lt;/div&gt;      &lt;form action=&quot;&quot; id=&quot;sendMessForm&quot; name=&quot;sendMessForm&quot;&gt;      &lt;input id=&quot;txtMsgTo&quot; name=&quot;txtMsgTo&quot; type=&quot;hidden&quot; value=&quot;teng762000@gmail.com&quot;/&gt;                              &lt;div class=&quot;row_lienheR&quot;&gt;                            &lt;label&gt;Họ và tên:&lt;/label&gt;                            &lt;input id=&quot;nameSender&quot; name=&quot;nameSender&quot; placeholder=&quot;Họ tên bạn&quot; type=&quot;text&quot; value=&quot;&quot;/&gt;                        &lt;/div&gt;                        &lt;div class=&quot;row_lienheR&quot;&gt;                            &lt;label&gt;Mobile:&lt;/label&gt;                            &lt;input id=&quot;mobiSender&quot; name=&quot;mobiSender&quot; placeholder=&quot;Di động của bạn&quot; type=&quot;text&quot; value=&quot;&quot;/&gt;                        &lt;/div&gt;                        &lt;div class=&quot;row_lienheR&quot;&gt;                            &lt;label&gt;Email:&lt;/label&gt;                            &lt;input id=&quot;emailSender&quot; name=&quot;emailSender&quot; placeholder=&quot;Email của bạn&quot; type=&quot;text&quot; value=&quot;&quot;/&gt;                        &lt;/div&gt;                              &lt;div class=&quot;row_lienheR&quot;&gt;                            &lt;label&gt;Tiêu đề:&lt;/label&gt;                            &lt;input id=&quot;txtMsgTitle&quot; name=&quot;txtMsgTitle&quot; placeholder=&quot;Tiêu đề tin nhắn&quot; type=&quot;text&quot; value=&quot;Liên hệ từ tin ID: 4293384&quot;/&gt;                        &lt;/div&gt;                        &lt;div class=&quot;row_lienheR&quot;&gt;                            &lt;label&gt;Tin nhắn:&lt;/label&gt;                            &lt;textarea cols=&quot;23&quot; id=&quot;mess_content&quot; name=&quot;mess_content&quot; placeholder=&quot;Nội dung tin nhắn&quot; rows=&quot;3&quot;/&gt;                        &lt;/div&gt;                        &lt;!-- &lt;div class=&quot;row_timkiemR&quot;&gt;                            &lt;input id=&quot;sendmsg&quot; class=&quot;bt_cam&quot; type=&quot;submit&quot; value=&quot;Gửi tin nhắn&quot;&gt;                        &lt;/div&gt; --&gt;      &lt;div class=&quot;row_lienheR&quot;&gt;                            &lt;a class=&quot;bt_cam&quot; href=&quot;javascript:void(0)&quot; onclick=&quot;$('#sendMessForm').submit();&quot;&gt;Gửi tin nhắn&lt;/a&gt;                        &lt;/div&gt;      &lt;/form&gt;                    &lt;/div&gt;" SourceIndex="3299" TableNum="0" TextLen="101" order="34" xPath="/html[1]/body[1]/div[1]/div[4]/div[1]/div[2]/div[5]/div[2]"/>
</LayoutNode>
</LayoutNode>
</LayoutNode>
<LayoutNode BgColor="#ffffff" ContainImg="0" ContainP="0" ContainTable="false" DOMCldNum="7" DoC="5" FontSize="13" FontWeight="normal" FormNum="0" FormSize="0" FrameSourceIndex="0" ID="1-6" InteractionNum="0" InteractionSize="0" IsImg="false" LinkNum="40" LinkTextLen="352" ObjectRectHeight="620" ObjectRectLeft="0" ObjectRectTop="2742" ObjectRectWidth="1420" OptionNum="0" OptionTextLength="0" ParaNum="0" SourceIndex="1646" TableNum="0" TextLen="757" order="35">
<LayoutNode BgColor="#ffffff" ContainImg="0" ContainP="0" ContainTable="false" DOMCldNum="7" DoC="8" FontSize="13" FontWeight="normal" FormNum="0" FormSize="0" FrameSourceIndex="0" ID="1-6-1" InteractionNum="0" InteractionSize="0" IsImg="false" LinkNum="0" LinkTextLen="0" ObjectRectHeight="620" ObjectRectLeft="0" ObjectRectTop="2742" ObjectRectWidth="889" OptionNum="0" OptionTextLength="0" ParaNum="0" SourceIndex="1646" TableNum="0" TextLen="255" order="36">
<LayoutNode BgColor="#ffffff" ContainImg="0" ContainP="0" ContainTable="false" Content="Các nhà đất trong cùng khu vực BDS xung quanh Diện tích Giá Khoảng cách Để xem các nhà đất khác xung quanh vị trí nhà đất hiện tại bạn vui lòng chọn phạm vi bán kính muốn xem " DOMCldNum="7" DoC="8" FontSize="13" FontWeight="normal" FormNum="0" FormSize="0" FrameSourceIndex="0" ID="1-6-1-1" InteractionNum="0" InteractionSize="0" IsImg="false" LinkNum="0" LinkTextLen="0" ObjectHeight="105" ObjectRectHeight="144" ObjectRectLeft="0" ObjectRectTop="2742" ObjectRectWidth="889" ObjectWidth="668" ObjectX="221" ObjectY="2781" OptionNum="0" OptionTextLength="0" ParaNum="0" SRC="&lt;div xmlns=&quot;http://www.w3.org/1999/xhtml&quot; class=&quot;list_tienich&quot;&gt;                                &lt;div class=&quot;tit_list_tienich&quot; id=&quot;total_property&quot;&gt;Các nhà đất trong cùng khu vực&lt;/div&gt;                                &lt;div class=&quot;nhaxungquanh&quot;&gt;                                    &lt;span&gt;BDS xung quanh&lt;/span&gt;                                    &lt;label&gt;Diện tích&lt;/label&gt;                                    &lt;strong&gt;Giá&lt;/strong&gt;                                    &lt;span&gt;Khoảng cách&lt;/span&gt;                                &lt;/div&gt;                                &lt;div class=&quot;detail_list_nhaxungquanh tienich_scroll_no&quot; id=&quot;local_info&quot;&gt;                                                                            Để xem các nhà đất khác xung quanh vị trí nhà đất hiện tại bạn vui lòng chọn phạm vi bán kính muốn xem                                                                   &lt;/div&gt;                            &lt;/div&gt;" SourceIndex="1683" TableNum="0" TextLen="169" order="37" xPath="/html[1]/body[1]/div[1]/div[4]/div[1]/div[1]/div[9]/div[3]/div[2]/div[2]"/>
<LayoutNode BgColor="#ffffff" ContainImg="0" ContainP="0" ContainTable="false" DOMCldNum="13" DoC="8" FontSize="13" FontWeight="normal" FormNum="0" FormSize="0" FrameSourceIndex="0" ID="1-6-1-2" InteractionNum="0" InteractionSize="0" IsImg="false" LinkNum="0" LinkTextLen="0" ObjectRectHeight="34" ObjectRectLeft="0" ObjectRectTop="2896" ObjectRectWidth="889" OptionNum="0" OptionTextLength="0" ParaNum="0" SourceIndex="1710" TableNum="0" TextLen="37" order="38">
<LayoutNode BgColor="#ffffff" ContainImg="0" ContainP="0" ContainTable="false" Content="Chọn bán kính để xem: " DOMCldNum="13" DoC="8" FontSize="13" FontWeight="normal" FormNum="0" FormSize="0" FrameSourceIndex="0" ID="1-6-1-2-1" InteractionNum="0" InteractionSize="0" IsImg="false" LinkNum="0" LinkTextLen="0" ObjectHeight="34" ObjectRectHeight="34" ObjectRectLeft="0" ObjectRectTop="2896" ObjectRectWidth="405" ObjectWidth="144" ObjectX="261" ObjectY="2896" OptionNum="0" OptionTextLength="0" ParaNum="0" SRC="&lt;li xmlns=&quot;http://www.w3.org/1999/xhtml&quot;&gt;&lt;span&gt;Chọn bán kính để xem:&lt;/span&gt;&lt;/li&gt;" SourceIndex="1712" TableNum="0" TextLen="21" order="39" xPath="/html[1]/body[1]/div[1]/div[4]/div[1]/div[1]/div[9]/div[3]/div[3]/ul[1]/li[1]"/>
<LayoutNode BgColor="#ffffff" ContainImg="0" ContainP="0" ContainTable="false" Content="500m " DOMCldNum="13" DoC="8" FontSize="13" FontWeight="normal" FormNum="0" FormSize="0" FrameSourceIndex="0" ID="1-6-1-2-2" InteractionNum="0" InteractionSize="0" IsImg="false" LinkNum="0" LinkTextLen="0" ObjectHeight="34" ObjectRectHeight="34" ObjectRectLeft="425" ObjectRectTop="2896" ObjectRectWidth="38" ObjectWidth="38" ObjectX="425" ObjectY="2896" OptionNum="0" OptionTextLength="0" ParaNum="0" SRC="&lt;li xmlns=&quot;http://www.w3.org/1999/xhtml&quot;&gt;&lt;input id=&quot;Checkbox6&quot; name=&quot;radSchool&quot; type=&quot;radio&quot; value=&quot;500&quot;/&gt;&lt;span&gt;500m&lt;/span&gt;&lt;/li&gt;" SourceIndex="1716" TableNum="0" TextLen="4" order="40" xPath="/html[1]/body[1]/div[1]/div[4]/div[1]/div[1]/div[9]/div[3]/div[3]/ul[1]/li[2]"/>
<LayoutNode BgColor="#ffffff" ContainImg="0" ContainP="0" ContainTable="false" Content="1km " DOMCldNum="13" DoC="8" FontSize="13" FontWeight="normal" FormNum="0" FormSize="0" FrameSourceIndex="0" ID="1-6-1-2-3" InteractionNum="0" InteractionSize="0" IsImg="false" LinkNum="0" LinkTextLen="0" ObjectHeight="34" ObjectRectHeight="34" ObjectRectLeft="483" ObjectRectTop="2896" ObjectRectWidth="31" ObjectWidth="31" ObjectX="483" ObjectY="2896" OptionNum="0" OptionTextLength="0" ParaNum="0" SRC="&lt;li xmlns=&quot;http://www.w3.org/1999/xhtml&quot;&gt;&lt;input id=&quot;Checkbox7&quot; name=&quot;radSchool&quot; type=&quot;radio&quot; value=&quot;1000&quot;/&gt;&lt;span&gt;1km&lt;/span&gt;&lt;/li&gt;" SourceIndex="1721" TableNum="0" TextLen="3" order="41" xPath="/html[1]/body[1]/div[1]/div[4]/div[1]/div[1]/div[9]/div[3]/div[3]/ul[1]/li[3]"/>
<LayoutNode BgColor="#ffffff" ContainImg="0" ContainP="0" ContainTable="false" Content="2km " DOMCldNum="13" DoC="8" FontSize="13" FontWeight="normal" FormNum="0" FormSize="0" FrameSourceIndex="0" ID="1-6-1-2-4" InteractionNum="0" InteractionSize="0" IsImg="false" LinkNum="0" LinkTextLen="0" ObjectHeight="34" ObjectRectHeight="34" ObjectRectLeft="534" ObjectRectTop="2896" ObjectRectWidth="31" ObjectWidth="31" ObjectX="534" ObjectY="2896" OptionNum="0" OptionTextLength="0" ParaNum="0" SRC="&lt;li xmlns=&quot;http://www.w3.org/1999/xhtml&quot;&gt;&lt;input id=&quot;Checkbox8&quot; name=&quot;radSchool&quot; type=&quot;radio&quot; value=&quot;2000&quot;/&gt;&lt;span&gt;2km&lt;/span&gt;&lt;/li&gt;" SourceIndex="1726" TableNum="0" TextLen="3" order="42" xPath="/html[1]/body[1]/div[1]/div[4]/div[1]/div[1]/div[9]/div[3]/div[3]/ul[1]/li[4]"/>
<LayoutNode BgColor="#ffffff" ContainImg="0" ContainP="0" ContainTable="false" Content="3km " DOMCldNum="13" DoC="8" FontSize="13" FontWeight="normal" FormNum="0" FormSize="0" FrameSourceIndex="0" ID="1-6-1-2-5" InteractionNum="0" InteractionSize="0" IsImg="false" LinkNum="0" LinkTextLen="0" ObjectHeight="34" ObjectRectHeight="34" ObjectRectLeft="585" ObjectRectTop="2896" ObjectRectWidth="31" ObjectWidth="31" ObjectX="585" ObjectY="2896" OptionNum="0" OptionTextLength="0" ParaNum="0" SRC="&lt;li xmlns=&quot;http://www.w3.org/1999/xhtml&quot;&gt;&lt;input id=&quot;Checkbox9&quot; name=&quot;radSchool&quot; type=&quot;radio&quot; value=&quot;3000&quot;/&gt;&lt;span&gt;3km&lt;/span&gt;&lt;/li&gt;" SourceIndex="1731" TableNum="0" TextLen="3" order="43" xPath="/html[1]/body[1]/div[1]/div[4]/div[1]/div[1]/div[9]/div[3]/div[3]/ul[1]/li[5]"/>
<LayoutNode BgColor="#ffffff" ContainImg="0" ContainP="0" ContainTable="false" Content="5km " DOMCldNum="13" DoC="8" FontSize="13" FontWeight="normal" FormNum="0" FormSize="0" FrameSourceIndex="0" ID="1-6-1-2-6" InteractionNum="0" InteractionSize="0" IsImg="false" LinkNum="0" LinkTextLen="0" ObjectHeight="34" ObjectRectHeight="34" ObjectRectLeft="636" ObjectRectTop="2896" ObjectRectWidth="253" ObjectWidth="31" ObjectX="636" ObjectY="2896" OptionNum="0" OptionTextLength="0" ParaNum="0" SRC="&lt;li xmlns=&quot;http://www.w3.org/1999/xhtml&quot;&gt;&lt;input id=&quot;Checkbox9&quot; name=&quot;radSchool&quot; type=&quot;radio&quot; value=&quot;5000&quot;/&gt;&lt;span&gt;5km&lt;/span&gt;&lt;/li&gt;" SourceIndex="1736" TableNum="0" TextLen="3" order="44" xPath="/html[1]/body[1]/div[1]/div[4]/div[1]/div[1]/div[9]/div[3]/div[3]/ul[1]/li[6]"/>
</LayoutNode>
<LayoutNode BgColor="#ffffff" ContainImg="0" ContainP="0" ContainTable="false" DOMCldNum="11" DoC="8" FontSize="13" FontWeight="normal" FormNum="0" FormSize="0" FrameSourceIndex="0" ID="1-6-1-3" InteractionNum="0" InteractionSize="0" IsImg="false" LinkNum="0" LinkTextLen="0" ObjectRectHeight="422" ObjectRectLeft="0" ObjectRectTop="2940" ObjectRectWidth="889" OptionNum="0" OptionTextLength="0" ParaNum="0" SourceIndex="1742" TableNum="0" TextLen="49" order="45">
<LayoutNode BgColor="#ffffff" ContainImg="0" ContainP="0" ContainTable="false" Content="Trường học " DOMCldNum="11" DoC="8" FontSize="13" FontWeight="normal" FormNum="0" FormSize="0" FrameSourceIndex="0" ID="1-6-1-3-1" InteractionNum="0" InteractionSize="0" IsImg="false" LinkNum="0" LinkTextLen="0" ObjectHeight="34" ObjectRectHeight="422" ObjectRectLeft="0" ObjectRectTop="2940" ObjectRectWidth="370" ObjectWidth="109" ObjectX="261" ObjectY="2940" OptionNum="0" OptionTextLength="0" ParaNum="0" SRC="&lt;li xmlns=&quot;http://www.w3.org/1999/xhtml&quot;&gt;&lt;input checked=&quot;&quot; id=&quot;school_local&quot; name=&quot;local_group[]&quot; type=&quot;checkbox&quot;/&gt;&lt;span class=&quot;place_01&quot;&gt;Trường học&lt;/span&gt;&lt;/li&gt;" SourceIndex="1744" TableNum="0" TextLen="10" order="46" xPath="/html[1]/body[1]/div[1]/div[4]/div[1]/div[1]/div[9]/div[3]/div[3]/ul[2]/li[1]"/>
<LayoutNode BgColor="#ffffff" ContainImg="0" ContainP="0" ContainTable="false" Content="Bệnh viện " DOMCldNum="11" DoC="8" FontSize="13" FontWeight="normal" FormNum="0" FormSize="0" FrameSourceIndex="0" ID="1-6-1-3-2" InteractionNum="0" InteractionSize="0" IsImg="false" LinkNum="0" LinkTextLen="0" ObjectHeight="34" ObjectRectHeight="422" ObjectRectLeft="390" ObjectRectTop="2940" ObjectRectWidth="97" ObjectWidth="97" ObjectX="390" ObjectY="2940" OptionNum="0" OptionTextLength="0" ParaNum="0" SRC="&lt;li xmlns=&quot;http://www.w3.org/1999/xhtml&quot;&gt;&lt;input checked=&quot;&quot; id=&quot;hospital_local&quot; name=&quot;local_group[]&quot; type=&quot;checkbox&quot;/&gt;&lt;span class=&quot;place_02&quot;&gt;Bệnh viện&lt;/span&gt;&lt;/li&gt;" SourceIndex="1749" TableNum="0" TextLen="9" order="47" xPath="/html[1]/body[1]/div[1]/div[4]/div[1]/div[1]/div[9]/div[3]/div[3]/ul[2]/li[2]"/>
<LayoutNode BgColor="#ffffff" ContainImg="0" ContainP="0" ContainTable="false" Content="Cơ quan hành chính " DOMCldNum="11" DoC="8" FontSize="13" FontWeight="normal" FormNum="0" FormSize="0" FrameSourceIndex="0" ID="1-6-1-3-3" InteractionNum="0" InteractionSize="0" IsImg="false" LinkNum="0" LinkTextLen="0" ObjectHeight="34" ObjectRectHeight="422" ObjectRectLeft="507" ObjectRectTop="2940" ObjectRectWidth="162" ObjectWidth="162" ObjectX="507" ObjectY="2940" OptionNum="0" OptionTextLength="0" ParaNum="0" SRC="&lt;li xmlns=&quot;http://www.w3.org/1999/xhtml&quot;&gt;&lt;input checked=&quot;&quot; id=&quot;market_local&quot; name=&quot;local_group[]&quot; type=&quot;checkbox&quot;/&gt;&lt;span class=&quot;place_03&quot;&gt;Cơ quan hành chính&lt;/span&gt;&lt;/li&gt;" SourceIndex="1756" TableNum="0" TextLen="18" order="48" xPath="/html[1]/body[1]/div[1]/div[4]/div[1]/div[1]/div[9]/div[3]/div[3]/ul[2]/li[3]"/>
<LayoutNode BgColor="#ffffff" ContainImg="0" ContainP="0" ContainTable="false" Content="Chùa-Nhà thờ " DOMCldNum="11" DoC="8" FontSize="13" FontWeight="normal" FormNum="0" FormSize="0" FrameSourceIndex="0" ID="1-6-1-3-4" InteractionNum="0" InteractionSize="0" IsImg="false" LinkNum="0" LinkTextLen="0" ObjectHeight="34" ObjectRectHeight="422" ObjectRectLeft="689" ObjectRectTop="2940" ObjectRectWidth="200" ObjectWidth="120" ObjectX="689" ObjectY="2940" OptionNum="0" OptionTextLength="0" ParaNum="0" SRC="&lt;li xmlns=&quot;http://www.w3.org/1999/xhtml&quot;&gt;&lt;input checked=&quot;&quot; id=&quot;pagoda_local&quot; name=&quot;local_group[]&quot; type=&quot;checkbox&quot;/&gt;&lt;span class=&quot;place_09&quot;&gt;Chùa-Nhà thờ&lt;/span&gt;&lt;/li&gt;" SourceIndex="1761" TableNum="0" TextLen="12" order="49" xPath="/html[1]/body[1]/div[1]/div[4]/div[1]/div[1]/div[9]/div[3]/div[3]/ul[2]/li[4]"/>
</LayoutNode>
</LayoutNode>
<LayoutNode BgColor="#5eab1f" ContainImg="0" ContainP="0" ContainTable="false" DOMCldNum="5" DoC="5" FontSize="11" FontWeight="700" FormNum="0" FormSize="0" FrameSourceIndex="0" ID="1-6-2" InteractionNum="0" InteractionSize="0" IsImg="false" LinkNum="40" LinkTextLen="352" ObjectRectHeight="620" ObjectRectLeft="915" ObjectRectTop="2742" ObjectRectWidth="505" OptionNum="0" OptionTextLength="0" ParaNum="0" SourceIndex="3394" TableNum="0" TextLen="502" order="50">
<LayoutNode BgColor="#5eab1f" ContainImg="0" ContainP="0" ContainTable="false" Content="CHO THUÊ VĂN PHÒNG THEO PHƯỜNG/XÃ TẠI QUẬN ĐỐNG ĐA " DOMCldNum="5" DoC="5" FontSize="11" FontWeight="700" FormNum="0" FormSize="0" FrameSourceIndex="0" ID="1-6-2-1" InteractionNum="0" InteractionSize="0" IsImg="false" LinkNum="0" LinkTextLen="0" ObjectHeight="40" ObjectRectHeight="40" ObjectRectLeft="915" ObjectRectTop="2742" ObjectRectWidth="505" ObjectWidth="290" ObjectX="915" ObjectY="2742" OptionNum="0" OptionTextLength="0" ParaNum="0" SRC="&lt;div xmlns=&quot;http://www.w3.org/1999/xhtml&quot; class=&quot;tit_C&quot;&gt;                        &lt;span class=&quot;icon_star_xanh&quot;/&gt;                        Cho thuê văn phòng theo phường/xã tại Quận Đống Đa                    &lt;/div&gt;" SourceIndex="3396" TableNum="0" TextLen="49" order="51" xPath="/html[1]/body[1]/div[1]/div[4]/div[1]/div[2]/div[7]/div[1]"/>
<LayoutNode BgColor="#ffffff" ContainImg="0" ContainP="0" ContainTable="false" Content="Phường Láng Hạ (448)Phường Ô Chợ Dừa (208)Phường Cát Linh (176)Phường Láng Thượng (153)Phường Nam Đồng (99)Phường Ngã Tư Sở (97)Phường Kim Liên (81)Phường Quang Trung (79)Phường Phương Mai (71)Phường Văn Miếu (50)Phường Quốc Tử Giám (44)Phường Thịnh Quang (40)Phường Trung Tự (21)Phường Phương Liên (20)Phường Hàng Bột (19)Phường Khâm Thiên (12)Phường Khương Thượng (11)Phường Thổ Quan (3)Phường Văn Chương (3)Phường Trung Phụng (2) " DOMCldNum="3" DoC="8" FontSize="13" FontWeight="normal" FormNum="0" FormSize="0" FrameSourceIndex="0" ID="1-6-2-2" InteractionNum="0" InteractionSize="0" IsImg="false" LinkNum="40" LinkTextLen="352" ObjectHeight="556" ObjectRectHeight="556" ObjectRectLeft="915" ObjectRectTop="2806" ObjectRectWidth="505" ObjectWidth="238" ObjectX="961" ObjectY="2806" OptionNum="0" OptionTextLength="0" ParaNum="0" SRC="&lt;ul xmlns=&quot;http://www.w3.org/1999/xhtml&quot; class=&quot;nhadatVN&quot;&gt;                                   &lt;li&gt;&lt;a href=&quot;http://123nhadat.vn/raovat-c4/cho-thue-van-phong-tai-phuong-lang-ha-4502&quot; title=&quot;Cho thuê văn phòng tại Phường Láng Hạ,Quận Đống Đa&quot;&gt;Phường Láng Hạ&lt;/a&gt; (&lt;span style=&quot;color:green&quot;&gt;448&lt;/span&gt;)&lt;/li&gt;                                   &lt;li&gt;&lt;a href=&quot;http://123nhadat.vn/raovat-c4/cho-thue-van-phong-tai-phuong-o-cho-du-a-6215&quot; title=&quot;Cho thuê văn phòng tại Phường Ô Chợ Dừa,Quận Đống Đa&quot;&gt;Phường Ô Chợ Dừa&lt;/a&gt; (&lt;span style=&quot;color:green&quot;&gt;208&lt;/span&gt;)&lt;/li&gt;                                   &lt;li&gt;&lt;a href=&quot;http://123nhadat.vn/raovat-c4/cho-thue-van-phong-tai-phuong-cat-linh-2200&quot; title=&quot;Cho thuê văn phòng tại Phường Cát Linh,Quận Đống Đa&quot;&gt;Phường Cát Linh&lt;/a&gt; (&lt;span style=&quot;color:green&quot;&gt;176&lt;/span&gt;)&lt;/li&gt;                                   &lt;li&gt;&lt;a href=&quot;http://123nhadat.vn/raovat-c4/cho-thue-van-phong-tai-phuong-lang-thuong-4503&quot; title=&quot;Cho thuê văn phòng tại Phường Láng Thượng,Quận Đống Đa&quot;&gt;Phường Láng Thượng&lt;/a&gt; (&lt;span style=&quot;color:green&quot;&gt;153&lt;/span&gt;)&lt;/li&gt;                                   &lt;li&gt;&lt;a href=&quot;http://123nhadat.vn/raovat-c4/cho-thue-van-phong-tai-phuong-nam-do-ng-5628&quot; title=&quot;Cho thuê văn phòng tại Phường Nam Đồng,Quận Đống Đa&quot;&gt;Phường Nam Đồng&lt;/a&gt; (&lt;span style=&quot;color:green&quot;&gt;99&lt;/span&gt;)&lt;/li&gt;                                   &lt;li&gt;&lt;a href=&quot;http://123nhadat.vn/raovat-c4/cho-thue-van-phong-tai-phuong-nga-tu-so-5684&quot; title=&quot;Cho thuê văn phòng tại Phường Ngã Tư Sở,Quận Đống Đa&quot;&gt;Phường Ngã Tư Sở&lt;/a&gt; (&lt;span style=&quot;color:green&quot;&gt;97&lt;/span&gt;)&lt;/li&gt;                                   &lt;li&gt;&lt;a href=&quot;http://123nhadat.vn/raovat-c4/cho-thue-van-phong-tai-phuong-kim-lien-4249&quot; title=&quot;Cho thuê văn phòng tại Phường Kim Liên,Quận Đống Đa&quot;&gt;Phường Kim Liên&lt;/a&gt; (&lt;span style=&quot;color:green&quot;&gt;81&lt;/span&gt;)&lt;/li&gt;                                   &lt;li&gt;&lt;a href=&quot;http://123nhadat.vn/raovat-c4/cho-thue-van-phong-tai-phuong-quang-trung-7214&quot; title=&quot;Cho thuê văn phòng tại Phường Quang Trung,Quận Đống Đa&quot;&gt;Phường Quang Trung&lt;/a&gt; (&lt;span style=&quot;color:green&quot;&gt;79&lt;/span&gt;)&lt;/li&gt;                                   &lt;li&gt;&lt;a href=&quot;http://123nhadat.vn/raovat-c4/cho-thue-van-phong-tai-phuong-phuong-mai-6968&quot; title=&quot;Cho thuê văn phòng tại Phường Phương Mai,Quận Đống Đa&quot;&gt;Phường Phương Mai&lt;/a&gt; (&lt;span style=&quot;color:green&quot;&gt;71&lt;/span&gt;)&lt;/li&gt;                                   &lt;li&gt;&lt;a href=&quot;http://123nhadat.vn/raovat-c4/cho-thue-van-phong-tai-phuong-van-mieu-10050&quot; title=&quot;Cho thuê văn phòng tại Phường Văn Miếu,Quận Đống Đa&quot;&gt;Phường Văn Miếu&lt;/a&gt; (&lt;span style=&quot;color:green&quot;&gt;50&lt;/span&gt;)&lt;/li&gt;                                   &lt;li&gt;&lt;a href=&quot;http://123nhadat.vn/raovat-c4/cho-thue-van-phong-tai-phuong-quoc-tu-giam-7317&quot; title=&quot;Cho thuê văn phòng tại Phường Quốc Tử Giám,Quận Đống Đa&quot;&gt;Phường Quốc Tử Giám&lt;/a&gt; (&lt;span style=&quot;color:green&quot;&gt;44&lt;/span&gt;)&lt;/li&gt;                                   &lt;li&gt;&lt;a href=&quot;http://123nhadat.vn/raovat-c4/cho-thue-van-phong-tai-phuong-thinh-quang-9090&quot; title=&quot;Cho thuê văn phòng tại Phường Thịnh Quang,Quận Đống Đa&quot;&gt;Phường Thịnh Quang&lt;/a&gt; (&lt;span style=&quot;color:green&quot;&gt;40&lt;/span&gt;)&lt;/li&gt;                                   &lt;li&gt;&lt;a href=&quot;http://123nhadat.vn/raovat-c4/cho-thue-van-phong-tai-phuong-trung-tu-9815&quot; title=&quot;Cho thuê văn phòng tại Phường Trung Tự,Quận Đống Đa&quot;&gt;Phường Trung Tự&lt;/a&gt; (&lt;span style=&quot;color:green&quot;&gt;21&lt;/span&gt;)&lt;/li&gt;                                   &lt;li&gt;&lt;a href=&quot;http://123nhadat.vn/raovat-c4/cho-thue-van-phong-tai-phuong-phuong-lien-6960&quot; title=&quot;Cho thuê văn phòng tại Phường Phương Liên,Quận Đống Đa&quot;&gt;Phường Phương Liên&lt;/a&gt; (&lt;span style=&quot;color:green&quot;&gt;20&lt;/span&gt;)&lt;/li&gt;                                   &lt;li&gt;&lt;a href=&quot;http://123nhadat.vn/raovat-c4/cho-thue-van-phong-tai-phuong-hang-bot-3185&quot; title=&quot;Cho thuê văn phòng tại Phường Hàng Bột,Quận Đống Đa&quot;&gt;Phường Hàng Bột&lt;/a&gt; (&lt;span style=&quot;color:green&quot;&gt;19&lt;/span&gt;)&lt;/li&gt;                                   &lt;li&gt;&lt;a href=&quot;http://123nhadat.vn/raovat-c4/cho-thue-van-phong-tai-phuong-kham-thien-4102&quot; title=&quot;Cho thuê văn phòng tại Phường Khâm Thiên,Quận Đống Đa&quot;&gt;Phường Khâm Thiên&lt;/a&gt; (&lt;span style=&quot;color:green&quot;&gt;12&lt;/span&gt;)&lt;/li&gt;                                   &lt;li&gt;&lt;a href=&quot;http://123nhadat.vn/raovat-c4/cho-thue-van-phong-tai-phuong-khuong-thuong-4199&quot; title=&quot;Cho thuê văn phòng tại Phường Khương Thượng,Quận Đống Đa&quot;&gt;Phường Khương Thượng&lt;/a&gt; (&lt;span style=&quot;color:green&quot;&gt;11&lt;/span&gt;)&lt;/li&gt;                                   &lt;li&gt;&lt;a href=&quot;http://123nhadat.vn/raovat-c4/cho-thue-van-phong-tai-phuong-tho-quan-9176&quot; title=&quot;Cho thuê văn phòng tại Phường Thổ Quan,Quận Đống Đa&quot;&gt;Phường Thổ Quan&lt;/a&gt; (&lt;span style=&quot;color:green&quot;&gt;3&lt;/span&gt;)&lt;/li&gt;                                   &lt;li&gt;&lt;a href=&quot;http://123nhadat.vn/raovat-c4/cho-thue-van-phong-tai-phuong-van-chuong-9995&quot; title=&quot;Cho thuê văn phòng tại Phường Văn Chương,Quận Đống Đa&quot;&gt;Phường Văn Chương&lt;/a&gt; (&lt;span style=&quot;color:green&quot;&gt;3&lt;/span&gt;)&lt;/li&gt;                                   &lt;li&gt;&lt;a href=&quot;http://123nhadat.vn/raovat-c4/cho-thue-van-phong-tai-phuong-trung-phung-9779&quot; title=&quot;Cho thuê văn phòng tại Phường Trung Phụng,Quận Đống Đa&quot;&gt;Phường Trung Phụng&lt;/a&gt; (&lt;span style=&quot;color:green&quot;&gt;2&lt;/span&gt;)&lt;/li&gt;                               &lt;/ul&gt;" SourceIndex="3403" TableNum="0" TextLen="453" order="52" xPath="/html[1]/body[1]/div[1]/div[4]/div[1]/div[2]/div[7]/div[2]/ul[1]"/>
</LayoutNode>
</LayoutNode>
<LayoutNode BgColor="#ffffff" ContainImg="0" ContainP="0" ContainTable="false" Content="Các địa điểmĐịa điểmKhoảng cách Vui lòng chọn bán kính và loại địa điểm muốn xem ở trên " DOMCldNum="9" DoC="8" FontSize="13" FontWeight="normal" FormNum="0" FormSize="0" FrameSourceIndex="0" ID="1-7" InteractionNum="0" InteractionSize="0" IsImg="false" LinkNum="0" LinkTextLen="0" ObjectHeight="105" ObjectRectHeight="105" ObjectRectLeft="0" ObjectRectTop="3393" ObjectRectWidth="1420" ObjectWidth="668" ObjectX="221" ObjectY="3393" OptionNum="0" OptionTextLength="0" ParaNum="0" SRC="&lt;div xmlns=&quot;http://www.w3.org/1999/xhtml&quot; class=&quot;list_tienich&quot;&gt;                                &lt;div class=&quot;tit_list_tienich&quot; id=&quot;total_pos&quot;&gt;Các địa điểm&lt;/div&gt;                                &lt;div class=&quot;diadiem_khoangcach&quot;&gt;&lt;label&gt;Địa điểm&lt;/label&gt;&lt;span&gt;Khoảng cách&lt;/span&gt;&lt;/div&gt;                                &lt;div class=&quot;detail_list_tienich tienich_scroll_no&quot; id=&quot;local_group&quot;&gt;                                    Vui lòng chọn bán kính và loại địa điểm muốn xem ở trên                                &lt;/div&gt;                            &lt;/div&gt;" SourceIndex="1770" TableNum="0" TextLen="86" order="53" xPath="/html[1]/body[1]/div[1]/div[4]/div[1]/div[1]/div[9]/div[3]/div[3]/div[2]"/>
<LayoutNode BgColor="#5eab1f" ContainImg="0" ContainP="0" ContainTable="false" Content="CHO THUÊ VĂN PHÒNG TẠI PHỐ THÁI HÀ " DOMCldNum="85" DoC="5" FontSize="11" FontWeight="700" FormNum="0" FormSize="0" FrameSourceIndex="0" ID="1-8" InteractionNum="0" InteractionSize="0" IsImg="false" LinkNum="0" LinkTextLen="0" ObjectHeight="20" ObjectRectHeight="20" ObjectRectLeft="0" ObjectRectTop="3532" ObjectRectWidth="1420" ObjectWidth="560" ObjectX="215" ObjectY="3532" OptionNum="0" OptionTextLength="0" ParaNum="0" SRC="&lt;div xmlns=&quot;http://www.w3.org/1999/xhtml&quot; class=&quot;tit_C&quot;&gt;                        &lt;span class=&quot;icon_star_xanh&quot;/&gt;                        Cho thuê văn phòng tại Phố Thái Hà                    &lt;/div&gt;" SourceIndex="1809" TableNum="0" TextLen="34" order="54" xPath="/html[1]/body[1]/div[1]/div[4]/div[1]/div[1]/div[12]"/>
<LayoutNode BgColor="#ffffff" ContainImg="1" ContainP="0" ContainTable="false" DOMCldNum="7" DoC="5" FontSize="13" FontWeight="normal" FormNum="0" FormSize="0" FrameSourceIndex="0" ID="1-9" InteractionNum="0" InteractionSize="0" IsImg="false" LinkNum="6" LinkTextLen="97" ObjectRectHeight="205" ObjectRectLeft="0" ObjectRectTop="3608" ObjectRectWidth="1420" OptionNum="0" OptionTextLength="0" ParaNum="0" SourceIndex="1824" TableNum="0" TextLen="419" order="55">
<LayoutNode BgColor="#ffffff" ContainImg="0" ContainP="0" ContainTable="false" Content="Chủ nhà cho thuê 75m2 VP tại phố Thái Hà giá 16.5triệu/th. LH trực tiếp chủ nhà 098.664.6169 (MTG) " DOMCldNum="7" DoC="5" FontSize="13" FontWeight="normal" FormNum="0" FormSize="0" FrameSourceIndex="0" ID="1-9-1" InteractionNum="0" InteractionSize="0" IsImg="false" LinkNum="2" LinkTextLen="97" ObjectHeight="42" ObjectRectHeight="56" ObjectRectLeft="0" ObjectRectTop="3608" ObjectRectWidth="1420" ObjectWidth="668" ObjectX="221" ObjectY="3622" OptionNum="0" OptionTextLength="0" ParaNum="0" SRC="&lt;div xmlns=&quot;http://www.w3.org/1999/xhtml&quot; class=&quot;tit_nhadatban&quot;&gt;                            &lt;h4&gt;&lt;a href=&quot;http://123nhadat.vn/raovat-t4293382/cho-thue-van-phong-tai-pho-thai-ha/chu-nha-75m2-vp-gia-165trieuth-lh-truc-tiep-0986646169-mtg.html&quot; title=&quot;Chủ nhà cho thuê 75m2 VP tại phố Thái Hà giá 16.5triệu/th. LH trực tiếp chủ nhà 098.664.6169 (MTG)&quot;&gt;Chủ nhà cho thuê 75m2 VP tại phố Thái Hà giá 16.5triệu/th. LH trực tiếp chủ nhà 098.664.6169 (MTG)&lt;/a&gt;&lt;/h4&gt;                        &lt;/div&gt;" SourceIndex="1828" TableNum="0" TextLen="97" order="56" xPath="/html[1]/body[1]/div[1]/div[4]/div[1]/div[1]/div[13]/div[2]/div[1]"/>
<LayoutNode BgColor="#ffffff" ContainImg="1" ContainP="0" ContainTable="false" Content="Cập nhật 18 giờ, 21 phút trước Diện tích: 75 m2 Khu vực: Quận Đống Đa, Hà Nội 16.5 Triệu/tháng Nhà văn phòng 9 tầng do chủ nhà trực tiếp quản lý và cho thuê có thiết kế hiện đại. Mặt tiền thoáng và rộng.Tọa lạc tại vị trí giao thông thuận tiện (gần ngã tư Chùa Bộc - Thái Hà).Là địa điểm lý tưởng cho các công ty, doanh nghiệ... " DOMCldNum="7" DoC="8" FontSize="13" FontWeight="normal" FormNum="0" FormSize="0" FrameSourceIndex="0" ID="1-9-2" InteractionNum="0" InteractionSize="0" IsImg="false" LinkNum="4" LinkTextLen="0" ObjectHeight="135" ObjectRectHeight="135" ObjectRectLeft="0" ObjectRectTop="3678" ObjectRectWidth="1420" ObjectWidth="668" ObjectX="221" ObjectY="3678" OptionNum="0" OptionTextLength="0" ParaNum="0" SRC="&lt;div xmlns=&quot;http://www.w3.org/1999/xhtml&quot; class=&quot;detail_nhadatban&quot;&gt;                            &lt;div class=&quot;img_nhadatban&quot;&gt;                                &lt;a href=&quot;http://123nhadat.vn/raovat-t4293382/cho-thue-van-phong-tai-pho-thai-ha/chu-nha-75m2-vp-gia-165trieuth-lh-truc-tiep-0986646169-mtg.html&quot;&gt;&lt;img alt=&quot;Chủ nhà cho thuê 75m2 VP tại phố Thái Hà giá 16.5triệu/th. LH trực tiếp chủ nhà 098.664.6169 (MTG)&quot; src=&quot;http://123nhadat.vn/thumbs/155x112/raovat/nhadat_1584345782_77bl.jpg&quot;/&gt;&lt;/a&gt;                                &lt;span class=&quot;masotin&quot;&gt;MST: 4293382&lt;/span&gt;                                &lt;/div&gt;       &lt;div class=&quot;text_nhadatban&quot;&gt;                                &lt;div class=&quot;info_nhadatban&quot;&gt;                                    &lt;ul&gt;                                    &lt;li&gt;&lt;span class=&quot;datetime&quot;&gt;Cập nhật &lt;span class=&quot;timecolor&quot;&gt;18 giờ, 21 phút trước&lt;/span&gt;&lt;/span&gt;&lt;/li&gt;                                    &lt;li&gt;Diện tích: &lt;span class=&quot;saleboldtext&quot;&gt;75 m2&lt;/span&gt;&lt;/li&gt;                                    &lt;li&gt;Khu vực: &lt;span class=&quot;saleboldtext&quot;&gt;Quận Đống Đa, Hà Nội&lt;/span&gt;&lt;/li&gt;                                &lt;/ul&gt;                                &lt;/div&gt;                                &lt;div class=&quot;contact_nhadatban&quot;&gt;                                    &lt;ul&gt;          &lt;li&gt;           &lt;span id=&quot;luu_4293382&quot;&gt;&lt;a class=&quot;bt_save&quot; href=&quot;javascript:void(0)&quot; onclick=&quot;UpdateListingListRV(0,4293382)&quot; title=&quot;Lưu tin này vào trong danh sách các nhà đất bạn quan tâm,để bạn có thể tiện theo dõi&quot;/&gt;&lt;/span&gt;          &lt;/li&gt;          &lt;li class=&quot;gia&quot;&gt;&lt;strong class=&quot;camcam&quot;&gt;16.5 Triệu/tháng&lt;/strong&gt;&lt;/li&gt;         &lt;/ul&gt;                                &lt;/div&gt;                            &lt;/div&gt;                            &lt;div class=&quot;description_nhadatban&quot;&gt;                                Nhà văn phòng 9 tầng do chủ nhà trực tiếp quản lý và cho thuê có thiết kế hiện đại. Mặt tiền thoáng và rộng.Tọa lạc tại vị trí giao thông thuận tiện (gần ngã tư Chùa Bộc - Thái Hà).Là địa điểm lý tưởng cho các công ty, doanh nghiệ...                            &lt;/div&gt;                        &lt;/div&gt;" SourceIndex="1835" TableNum="0" TextLen="322" order="57" xPath="/html[1]/body[1]/div[1]/div[4]/div[1]/div[1]/div[13]/div[2]/div[2]"/>
</LayoutNode>
<LayoutNode BgColor="#ffffff" ContainImg="1" ContainP="0" ContainTable="false" DOMCldNum="5" DoC="5" FontSize="13" FontWeight="normal" FormNum="0" FormSize="0" FrameSourceIndex="0" ID="1-10" InteractionNum="0" InteractionSize="0" IsImg="false" LinkNum="6" LinkTextLen="87" ObjectRectHeight="184" ObjectRectLeft="0" ObjectRectTop="3845" ObjectRectWidth="1420" OptionNum="0" OptionTextLength="0" ParaNum="0" SourceIndex="1892" TableNum="0" TextLen="398" order="58">
<LayoutNode BgColor="#ffffff" ContainImg="0" ContainP="0" ContainTable="false" Content="75m2 VP cho thuê tại phố Thái Hà. Giá 17 triệu/tháng. LH trực tiếp chủ nhà 098 664 6169 " DOMCldNum="5" DoC="5" FontSize="13" FontWeight="normal" FormNum="0" FormSize="0" FrameSourceIndex="0" ID="1-10-1" InteractionNum="0" InteractionSize="0" IsImg="false" LinkNum="2" LinkTextLen="87" ObjectHeight="21" ObjectRectHeight="35" ObjectRectLeft="0" ObjectRectTop="3845" ObjectRectWidth="1420" ObjectWidth="668" ObjectX="221" ObjectY="3859" OptionNum="0" OptionTextLength="0" ParaNum="0" SRC="&lt;div xmlns=&quot;http://www.w3.org/1999/xhtml&quot; class=&quot;tit_nhadatban&quot;&gt;                            &lt;h4&gt;&lt;a href=&quot;http://123nhadat.vn/raovat-t4295955/cho-thue-van-phong-tai-pho-thai-ha/75m2-vp-gia-17-trieuthang-lh-truc-tiep-chu-nha-098-664-6169.html&quot; title=&quot;75m2 VP cho thuê tại phố Thái Hà. Giá 17 triệu/tháng. LH trực tiếp chủ nhà 098 664 6169&quot;&gt;75m2 VP cho thuê tại phố Thái Hà. Giá 17 triệu/tháng. LH trực tiếp chủ nhà 098 664 6169&lt;/a&gt;&lt;/h4&gt;                        &lt;/div&gt;" SourceIndex="1894" TableNum="0" TextLen="87" order="59" xPath="/html[1]/body[1]/div[1]/div[4]/div[1]/div[1]/div[13]/div[3]/div[1]"/>
<LayoutNode BgColor="#ffffff" ContainImg="1" ContainP="0" ContainTable="false" Content="Cập nhật 1 ngày trước Diện tích: 72 m2 Khu vực: Quận Đống Đa, Hà Nội 17 Triệu/tháng Nhà văn phòng 9 tầng do chủ nhà trực tiếp quản lý và cho thuê có thiết kế hiện đại. Mặt tiền thoáng và rộng.Tọa lạc tại vị trí giao thông thuận tiện (gần ngã tư Chùa Bộc - Thái Hà).Là địa điểm lý tưởng cho các công ty, doanh nghiệ... " DOMCldNum="5" DoC="8" FontSize="13" FontWeight="normal" FormNum="0" FormSize="0" FrameSourceIndex="0" ID="1-10-2" InteractionNum="0" InteractionSize="0" IsImg="false" LinkNum="4" LinkTextLen="0" ObjectHeight="135" ObjectRectHeight="135" ObjectRectLeft="0" ObjectRectTop="3894" ObjectRectWidth="1420" ObjectWidth="668" ObjectX="221" ObjectY="3894" OptionNum="0" OptionTextLength="0" ParaNum="0" SRC="&lt;div xmlns=&quot;http://www.w3.org/1999/xhtml&quot; class=&quot;detail_nhadatban&quot;&gt;                            &lt;div class=&quot;img_nhadatban&quot;&gt;                                &lt;a href=&quot;http://123nhadat.vn/raovat-t4295955/cho-thue-van-phong-tai-pho-thai-ha/75m2-vp-gia-17-trieuthang-lh-truc-tiep-chu-nha-098-664-6169.html&quot;&gt;&lt;img alt=&quot;75m2 VP cho thuê tại phố Thái Hà. Giá 17 triệu/tháng. LH trực tiếp chủ nhà 098 664 6169&quot; src=&quot;http://123nhadat.vn/thumbs/155x112/raovat/nhadat_1589940101_iMnK.jpg&quot;/&gt;&lt;/a&gt;                                &lt;span class=&quot;masotin&quot;&gt;MST: 4295955&lt;/span&gt;                                &lt;/div&gt;       &lt;div class=&quot;text_nhadatban&quot;&gt;                                &lt;div class=&quot;info_nhadatban&quot;&gt;                                    &lt;ul&gt;                                    &lt;li&gt;&lt;span class=&quot;datetime&quot;&gt;Cập nhật &lt;span class=&quot;timecolor&quot;&gt;1 ngày trước&lt;/span&gt;&lt;/span&gt;&lt;/li&gt;                                    &lt;li&gt;Diện tích: &lt;span class=&quot;saleboldtext&quot;&gt;72 m2&lt;/span&gt;&lt;/li&gt;                                    &lt;li&gt;Khu vực: &lt;span class=&quot;saleboldtext&quot;&gt;Quận Đống Đa, Hà Nội&lt;/span&gt;&lt;/li&gt;                                &lt;/ul&gt;                                &lt;/div&gt;                                &lt;div class=&quot;contact_nhadatban&quot;&gt;                                    &lt;ul&gt;          &lt;li&gt;           &lt;span id=&quot;luu_4295955&quot;&gt;&lt;a class=&quot;bt_save&quot; href=&quot;javascript:void(0)&quot; onclick=&quot;UpdateListingListRV(0,4295955)&quot; title=&quot;Lưu tin này vào trong danh sách các nhà đất bạn quan tâm,để bạn có thể tiện theo dõi&quot;/&gt;&lt;/span&gt;          &lt;/li&gt;          &lt;li class=&quot;gia&quot;&gt;&lt;strong class=&quot;camcam&quot;&gt;17 Triệu/tháng&lt;/strong&gt;&lt;/li&gt;         &lt;/ul&gt;                                &lt;/div&gt;                            &lt;/div&gt;                            &lt;div class=&quot;description_nhadatban&quot;&gt;                                Nhà văn phòng 9 tầng do chủ nhà trực tiếp quản lý và cho thuê có thiết kế hiện đại. Mặt tiền thoáng và rộng.Tọa lạc tại vị trí giao thông thuận tiện (gần ngã tư Chùa Bộc - Thái Hà).Là địa điểm lý tưởng cho các công ty, doanh nghiệ...                            &lt;/div&gt;                        &lt;/div&gt;" SourceIndex="1901" TableNum="0" TextLen="311" order="60" xPath="/html[1]/body[1]/div[1]/div[4]/div[1]/div[1]/div[13]/div[3]/div[2]"/>
</LayoutNode>
<LayoutNode BgColor="#ffffff" ContainImg="1" ContainP="0" ContainTable="false" DOMCldNum="7" DoC="5" FontSize="13" FontWeight="normal" FormNum="0" FormSize="0" FrameSourceIndex="0" ID="1-11" InteractionNum="0" InteractionSize="0" IsImg="false" LinkNum="6" LinkTextLen="96" ObjectRectHeight="205" ObjectRectLeft="0" ObjectRectTop="4061" ObjectRectWidth="1420" OptionNum="0" OptionTextLength="0" ParaNum="0" SourceIndex="1958" TableNum="0" TextLen="408" order="61">
<LayoutNode BgColor="#ffffff" ContainImg="0" ContainP="0" ContainTable="false" Content="Chủ nhà cho thuê 75m2 VP tại phố Thái Hà giá 17 triệu/th. LH trực tiếp chủ nhà 098.664.6169 (MTG) " DOMCldNum="7" DoC="5" FontSize="13" FontWeight="normal" FormNum="0" FormSize="0" FrameSourceIndex="0" ID="1-11-1" InteractionNum="0" InteractionSize="0" IsImg="false" LinkNum="2" LinkTextLen="96" ObjectHeight="42" ObjectRectHeight="56" ObjectRectLeft="0" ObjectRectTop="4061" ObjectRectWidth="1420" ObjectWidth="668" ObjectX="221" ObjectY="4075" OptionNum="0" OptionTextLength="0" ParaNum="0" SRC="&lt;div xmlns=&quot;http://www.w3.org/1999/xhtml&quot; class=&quot;tit_nhadatban&quot;&gt;                            &lt;h4&gt;&lt;a href=&quot;http://123nhadat.vn/raovat-t4293381/cho-thue-van-phong-tai-pho-thai-ha/chu-nha-75m2-vp-gia-17-trieuth-lh-truc-tiep-0986646169-mtg.html&quot; title=&quot;Chủ nhà cho thuê 75m2 VP tại phố Thái Hà giá 17 triệu/th. LH trực tiếp chủ nhà 098.664.6169 (MTG)&quot;&gt;Chủ nhà cho thuê 75m2 VP tại phố Thái Hà giá 17 triệu/th. LH trực tiếp chủ nhà 098.664.6169 (MTG)&lt;/a&gt;&lt;/h4&gt;                        &lt;/div&gt;" SourceIndex="1962" TableNum="0" TextLen="96" order="62" xPath="/html[1]/body[1]/div[1]/div[4]/div[1]/div[1]/div[13]/div[4]/div[1]"/>
<LayoutNode BgColor="#ffffff" ContainImg="1" ContainP="0" ContainTable="false" Content="Cập nhật 14 ngày trước Diện tích: 75 m2 Khu vực: Quận Đống Đa, Hà Nội 17 Triệu/tháng Nhà văn phòng 9 tầng do chủ nhà trực tiếp quản lý và cho thuê có thiết kế hiện đại. Mặt tiền thoáng và rộng.Tọa lạc tại vị trí giao thông thuận tiện (gần ngã tư Chùa Bộc - Thái Hà).Là địa điểm lý tưởng cho các công ty, doanh nghiệ... " DOMCldNum="7" DoC="8" FontSize="13" FontWeight="normal" FormNum="0" FormSize="0" FrameSourceIndex="0" ID="1-11-2" InteractionNum="0" InteractionSize="0" IsImg="false" LinkNum="4" LinkTextLen="0" ObjectHeight="135" ObjectRectHeight="135" ObjectRectLeft="0" ObjectRectTop="4131" ObjectRectWidth="1420" ObjectWidth="668" ObjectX="221" ObjectY="4131" OptionNum="0" OptionTextLength="0" ParaNum="0" SRC="&lt;div xmlns=&quot;http://www.w3.org/1999/xhtml&quot; class=&quot;detail_nhadatban&quot;&gt;                            &lt;div class=&quot;img_nhadatban&quot;&gt;                                &lt;a href=&quot;http://123nhadat.vn/raovat-t4293381/cho-thue-van-phong-tai-pho-thai-ha/chu-nha-75m2-vp-gia-17-trieuth-lh-truc-tiep-0986646169-mtg.html&quot;&gt;&lt;img alt=&quot;Chủ nhà cho thuê 75m2 VP tại phố Thái Hà giá 17 triệu/th. LH trực tiếp chủ nhà 098.664.6169 (MTG)&quot; src=&quot;http://123nhadat.vn/thumbs/155x112/raovat/nhadat_1584345782_77bl.jpg&quot;/&gt;&lt;/a&gt;                                &lt;span class=&quot;masotin&quot;&gt;MST: 4293381&lt;/span&gt;                                &lt;/div&gt;       &lt;div class=&quot;text_nhadatban&quot;&gt;                                &lt;div class=&quot;info_nhadatban&quot;&gt;                                    &lt;ul&gt;                                    &lt;li&gt;&lt;span class=&quot;datetime&quot;&gt;Cập nhật &lt;span class=&quot;timecolor&quot;&gt;14 ngày trước&lt;/span&gt;&lt;/span&gt;&lt;/li&gt;                                    &lt;li&gt;Diện tích: &lt;span class=&quot;saleboldtext&quot;&gt;75 m2&lt;/span&gt;&lt;/li&gt;                                    &lt;li&gt;Khu vực: &lt;span class=&quot;saleboldtext&quot;&gt;Quận Đống Đa, Hà Nội&lt;/span&gt;&lt;/li&gt;                                &lt;/ul&gt;                                &lt;/div&gt;                                &lt;div class=&quot;contact_nhadatban&quot;&gt;                                    &lt;ul&gt;          &lt;li&gt;           &lt;span id=&quot;luu_4293381&quot;&gt;&lt;a class=&quot;bt_save&quot; href=&quot;javascript:void(0)&quot; onclick=&quot;UpdateListingListRV(0,4293381)&quot; title=&quot;Lưu tin này vào trong danh sách các nhà đất bạn quan tâm,để bạn có thể tiện theo dõi&quot;/&gt;&lt;/span&gt;          &lt;/li&gt;          &lt;li class=&quot;gia&quot;&gt;&lt;strong class=&quot;camcam&quot;&gt;17 Triệu/tháng&lt;/strong&gt;&lt;/li&gt;         &lt;/ul&gt;                                &lt;/div&gt;                            &lt;/div&gt;                            &lt;div class=&quot;description_nhadatban&quot;&gt;                                Nhà văn phòng 9 tầng do chủ nhà trực tiếp quản lý và cho thuê có thiết kế hiện đại. Mặt tiền thoáng và rộng.Tọa lạc tại vị trí giao thông thuận tiện (gần ngã tư Chùa Bộc - Thái Hà).Là địa điểm lý tưởng cho các công ty, doanh nghiệ...                            &lt;/div&gt;                        &lt;/div&gt;" SourceIndex="1969" TableNum="0" TextLen="312" order="63" xPath="/html[1]/body[1]/div[1]/div[4]/div[1]/div[1]/div[13]/div[4]/div[2]"/>
</LayoutNode>
<LayoutNode BgColor="#ffffff" ContainImg="1" ContainP="0" ContainTable="false" DOMCldNum="5" DoC="5" FontSize="13" FontWeight="normal" FormNum="0" FormSize="0" FrameSourceIndex="0" ID="1-12" InteractionNum="0" InteractionSize="0" IsImg="false" LinkNum="6" LinkTextLen="70" ObjectRectHeight="184" ObjectRectLeft="0" ObjectRectTop="4298" ObjectRectWidth="1420" OptionNum="0" OptionTextLength="0" ParaNum="0" SourceIndex="2026" TableNum="0" TextLen="349" order="64">
<LayoutNode BgColor="#ffffff" ContainImg="0" ContainP="0" ContainTable="false" Content="Cho thuê mặt bằng phố Phạm Ngọc Thạch DT: 90m2 Giá: 10tr Lh:0845001995 " DOMCldNum="5" DoC="5" FontSize="13" FontWeight="normal" FormNum="0" FormSize="0" FrameSourceIndex="0" ID="1-12-1" InteractionNum="0" InteractionSize="0" IsImg="false" LinkNum="2" LinkTextLen="70" ObjectHeight="21" ObjectRectHeight="35" ObjectRectLeft="0" ObjectRectTop="4298" ObjectRectWidth="1420" ObjectWidth="668" ObjectX="221" ObjectY="4312" OptionNum="0" OptionTextLength="0" ParaNum="0" SRC="&lt;div xmlns=&quot;http://www.w3.org/1999/xhtml&quot; class=&quot;tit_nhadatban&quot;&gt;                            &lt;h4&gt;&lt;a href=&quot;http://123nhadat.vn/raovat-t4295457/cho-thue-van-phong-tai-pho-pham-ngoc-thach/mat-bang-dt-90m2-gia-10tr-lh0845001995.html&quot; title=&quot;Cho thuê mặt bằng phố Phạm Ngọc Thạch DT: 90m2 Giá: 10tr Lh:0845001995&quot;&gt;Cho thuê mặt bằng phố Phạm Ngọc Thạch DT: 90m2 Giá: 10tr Lh:0845001995&lt;/a&gt;&lt;/h4&gt;                        &lt;/div&gt;" SourceIndex="2028" TableNum="0" TextLen="70" order="65" xPath="/html[1]/body[1]/div[1]/div[4]/div[1]/div[1]/div[13]/div[5]/div[1]"/>
<LayoutNode BgColor="#ffffff" ContainImg="1" ContainP="0" ContainTable="false" Content="Cập nhật lúc 08h30 ngày 11/05/2020 Diện tích: 90 m2 Khu vực: Quận Đống Đa, Hà Nội 10 Trăm nghìn/tháng Cho thuê mặt bằng phố Phạm Ngọc Thạch Đống Đa Hà Nội- Diện Tích: 90m2- Giá: 10tr- Nhà mới sửa, sạch sẽ thoáng mát, mặt đường rộng oto đến tận cửa - Phú hợp làm văn phòng, kho......... " DOMCldNum="5" DoC="8" FontSize="13" FontWeight="normal" FormNum="0" FormSize="0" FrameSourceIndex="0" ID="1-12-2" InteractionNum="0" InteractionSize="0" IsImg="false" LinkNum="4" LinkTextLen="0" ObjectHeight="135" ObjectRectHeight="135" ObjectRectLeft="0" ObjectRectTop="4347" ObjectRectWidth="1420" ObjectWidth="668" ObjectX="221" ObjectY="4347" OptionNum="0" OptionTextLength="0" ParaNum="0" SRC="&lt;div xmlns=&quot;http://www.w3.org/1999/xhtml&quot; class=&quot;detail_nhadatban&quot;&gt;                            &lt;div class=&quot;img_nhadatban&quot;&gt;                                &lt;a href=&quot;http://123nhadat.vn/raovat-t4295457/cho-thue-van-phong-tai-pho-pham-ngoc-thach/mat-bang-dt-90m2-gia-10tr-lh0845001995.html&quot;&gt;&lt;img alt=&quot;Cho thuê mặt bằng phố Phạm Ngọc Thạch DT: 90m2 Giá: 10tr Lh:0845001995&quot; src=&quot;http://123nhadat.vn/uploads/hinhmau/no_image.png&quot;/&gt;&lt;/a&gt;                                &lt;span class=&quot;masotin&quot;&gt;MST: 4295457&lt;/span&gt;                                &lt;/div&gt;       &lt;div class=&quot;text_nhadatban&quot;&gt;                                &lt;div class=&quot;info_nhadatban&quot;&gt;                                    &lt;ul&gt;                                    &lt;li&gt;&lt;span class=&quot;datetime&quot;&gt;Cập nhật lúc &lt;span class=&quot;timecolor&quot;&gt;08h30 ngày 11/05/2020&lt;/span&gt;&lt;/span&gt;&lt;/li&gt;                                    &lt;li&gt;Diện tích: &lt;span class=&quot;saleboldtext&quot;&gt;90 m2&lt;/span&gt;&lt;/li&gt;                                    &lt;li&gt;Khu vực: &lt;span class=&quot;saleboldtext&quot;&gt;Quận Đống Đa, Hà Nội&lt;/span&gt;&lt;/li&gt;                                &lt;/ul&gt;                                &lt;/div&gt;                                &lt;div class=&quot;contact_nhadatban&quot;&gt;                                    &lt;ul&gt;          &lt;li&gt;           &lt;span id=&quot;luu_4295457&quot;&gt;&lt;a class=&quot;bt_save&quot; href=&quot;javascript:void(0)&quot; onclick=&quot;UpdateListingListRV(0,4295457)&quot; title=&quot;Lưu tin này vào trong danh sách các nhà đất bạn quan tâm,để bạn có thể tiện theo dõi&quot;/&gt;&lt;/span&gt;          &lt;/li&gt;          &lt;li class=&quot;gia&quot;&gt;&lt;strong class=&quot;camcam&quot;&gt;10 Trăm nghìn/tháng&lt;/strong&gt;&lt;/li&gt;         &lt;/ul&gt;                                &lt;/div&gt;                            &lt;/div&gt;                            &lt;div class=&quot;description_nhadatban&quot;&gt;                                Cho thuê mặt bằng phố Phạm Ngọc Thạch Đống Đa Hà Nội- Diện Tích: 90m2- Giá: 10tr- Nhà mới sửa, sạch sẽ thoáng mát, mặt đường rộng oto đến tận cửa - Phú hợp làm văn phòng, kho.........                            &lt;/div&gt;                        &lt;/div&gt;" SourceIndex="2035" TableNum="0" TextLen="279" order="66" xPath="/html[1]/body[1]/div[1]/div[4]/div[1]/div[1]/div[13]/div[5]/div[2]"/>
</LayoutNode>
<LayoutNode BgColor="#ffffff" ContainImg="1" ContainP="0" ContainTable="false" DOMCldNum="7" DoC="5" FontSize="13" FontWeight="normal" FormNum="0" FormSize="0" FrameSourceIndex="0" ID="1-13" InteractionNum="0" InteractionSize="0" IsImg="false" LinkNum="6" LinkTextLen="86" ObjectRectHeight="184" ObjectRectLeft="0" ObjectRectTop="4514" ObjectRectWidth="1420" OptionNum="0" OptionTextLength="0" ParaNum="0" SourceIndex="2092" TableNum="0" TextLen="411" order="67">
<LayoutNode BgColor="#ffffff" ContainImg="0" ContainP="0" ContainTable="false" Content="Chủ nhà cho thuê 126m2 VP tại tòa nhà Hoa Cương 18/11 Thái Hà. LH chủ nhà 0986 646 169 " DOMCldNum="7" DoC="5" FontSize="13" FontWeight="normal" FormNum="0" FormSize="0" FrameSourceIndex="0" ID="1-13-1" InteractionNum="0" InteractionSize="0" IsImg="false" LinkNum="2" LinkTextLen="86" ObjectHeight="21" ObjectRectHeight="35" ObjectRectLeft="0" ObjectRectTop="4514" ObjectRectWidth="1420" ObjectWidth="668" ObjectX="221" ObjectY="4528" OptionNum="0" OptionTextLength="0" ParaNum="0" SRC="&lt;div xmlns=&quot;http://www.w3.org/1999/xhtml&quot; class=&quot;tit_nhadatban&quot;&gt;                            &lt;h4&gt;&lt;a href=&quot;http://123nhadat.vn/raovat-t4292061/cho-thue-van-phong-tai-pho-thai-ha/chu-nha-126m2-vp-toa-hoa-cuong-1811-lh-0986-646-169.html&quot; title=&quot;Chủ nhà cho thuê 126m2 VP tại tòa nhà Hoa Cương 18/11 Thái Hà. LH chủ nhà 0986 646 169&quot;&gt;Chủ nhà cho thuê 126m2 VP tại tòa nhà Hoa Cương 18/11 Thái Hà. LH chủ nhà 0986 646 169&lt;/a&gt;&lt;/h4&gt;                        &lt;/div&gt;" SourceIndex="2096" TableNum="0" TextLen="86" order="68" xPath="/html[1]/body[1]/div[1]/div[4]/div[1]/div[1]/div[13]/div[6]/div[1]"/>
<LayoutNode BgColor="#ffffff" ContainImg="1" ContainP="0" ContainTable="false" Content="Cập nhật lúc 10h22 ngày 23/03/2020 Diện tích: 126 m2 Khu vực: Quận Đống Đa, Hà Nội 30 Triệu/tháng Nhà văn phòng 9 tầng do chủ nhà trực tiếp quản lý và cho thuê có thiết kế hiện đại. Mặt tiền thoáng và rộng. Tọa lạc tại vị trí giao thông thuận tiện (gần ngã tư Chùa Bộc - Thái Hà).Là địa điểm lý tưởng cho các công ty, doanh nghi... " DOMCldNum="7" DoC="8" FontSize="13" FontWeight="normal" FormNum="0" FormSize="0" FrameSourceIndex="0" ID="1-13-2" InteractionNum="0" InteractionSize="0" IsImg="false" LinkNum="4" LinkTextLen="0" ObjectHeight="135" ObjectRectHeight="135" ObjectRectLeft="0" ObjectRectTop="4563" ObjectRectWidth="1420" ObjectWidth="668" ObjectX="221" ObjectY="4563" OptionNum="0" OptionTextLength="0" ParaNum="0" SRC="&lt;div xmlns=&quot;http://www.w3.org/1999/xhtml&quot; class=&quot;detail_nhadatban&quot;&gt;                            &lt;div class=&quot;img_nhadatban&quot;&gt;                                &lt;a href=&quot;http://123nhadat.vn/raovat-t4292061/cho-thue-van-phong-tai-pho-thai-ha/chu-nha-126m2-vp-toa-hoa-cuong-1811-lh-0986-646-169.html&quot;&gt;&lt;img alt=&quot;Chủ nhà cho thuê 126m2 VP tại tòa nhà Hoa Cương 18/11 Thái Hà. LH chủ nhà 0986 646 169&quot; src=&quot;http://123nhadat.vn/thumbs/155x112/raovat/nhadat_1582187048_PCdj.JPG&quot;/&gt;&lt;/a&gt;                                &lt;span class=&quot;masotin&quot;&gt;MST: 4292061&lt;/span&gt;                                &lt;/div&gt;       &lt;div class=&quot;text_nhadatban&quot;&gt;                                &lt;div class=&quot;info_nhadatban&quot;&gt;                                    &lt;ul&gt;                                    &lt;li&gt;&lt;span class=&quot;datetime&quot;&gt;Cập nhật lúc &lt;span class=&quot;timecolor&quot;&gt;10h22 ngày 23/03/2020&lt;/span&gt;&lt;/span&gt;&lt;/li&gt;                                    &lt;li&gt;Diện tích: &lt;span class=&quot;saleboldtext&quot;&gt;126 m2&lt;/span&gt;&lt;/li&gt;                                    &lt;li&gt;Khu vực: &lt;span class=&quot;saleboldtext&quot;&gt;Quận Đống Đa, Hà Nội&lt;/span&gt;&lt;/li&gt;                                &lt;/ul&gt;                                &lt;/div&gt;                                &lt;div class=&quot;contact_nhadatban&quot;&gt;                                    &lt;ul&gt;          &lt;li&gt;           &lt;span id=&quot;luu_4292061&quot;&gt;&lt;a class=&quot;bt_save&quot; href=&quot;javascript:void(0)&quot; onclick=&quot;UpdateListingListRV(0,4292061)&quot; title=&quot;Lưu tin này vào trong danh sách các nhà đất bạn quan tâm,để bạn có thể tiện theo dõi&quot;/&gt;&lt;/span&gt;          &lt;/li&gt;          &lt;li class=&quot;gia&quot;&gt;&lt;strong class=&quot;camcam&quot;&gt;30 Triệu/tháng&lt;/strong&gt;&lt;/li&gt;         &lt;/ul&gt;                                &lt;/div&gt;                            &lt;/div&gt;                            &lt;div class=&quot;description_nhadatban&quot;&gt;                                Nhà văn phòng 9 tầng do chủ nhà trực tiếp quản lý và cho thuê có thiết kế hiện đại. Mặt tiền thoáng và rộng. Tọa lạc tại vị trí giao thông thuận tiện (gần ngã tư Chùa Bộc - Thái Hà).Là địa điểm lý tưởng cho các công ty, doanh nghi...                            &lt;/div&gt;                        &lt;/div&gt;" SourceIndex="2103" TableNum="0" TextLen="325" order="69" xPath="/html[1]/body[1]/div[1]/div[4]/div[1]/div[1]/div[13]/div[6]/div[2]"/>
</LayoutNode>
<LayoutNode BgColor="#ffffff" ContainImg="1" ContainP="0" ContainTable="false" DOMCldNum="5" DoC="5" FontSize="13" FontWeight="normal" FormNum="0" FormSize="0" FrameSourceIndex="0" ID="1-14" InteractionNum="0" InteractionSize="0" IsImg="false" LinkNum="6" LinkTextLen="86" ObjectRectHeight="184" ObjectRectLeft="0" ObjectRectTop="4730" ObjectRectWidth="1420" OptionNum="0" OptionTextLength="0" ParaNum="0" SourceIndex="2160" TableNum="0" TextLen="411" order="70">
<LayoutNode BgColor="#ffffff" ContainImg="0" ContainP="0" ContainTable="false" Content="Chủ nhà cho thuê 126m2 VP tại tòa nhà Hoa Cương 18/11 Thái Hà. LH chủ nhà 0986 646 169 " DOMCldNum="5" DoC="5" FontSize="13" FontWeight="normal" FormNum="0" FormSize="0" FrameSourceIndex="0" ID="1-14-1" InteractionNum="0" InteractionSize="0" IsImg="false" LinkNum="2" LinkTextLen="86" ObjectHeight="21" ObjectRectHeight="35" ObjectRectLeft="0" ObjectRectTop="4730" ObjectRectWidth="1420" ObjectWidth="668" ObjectX="221" ObjectY="4744" OptionNum="0" OptionTextLength="0" ParaNum="0" SRC="&lt;div xmlns=&quot;http://www.w3.org/1999/xhtml&quot; class=&quot;tit_nhadatban&quot;&gt;                            &lt;h4&gt;&lt;a href=&quot;http://123nhadat.vn/raovat-t4292062/cho-thue-van-phong-tai-pho-thai-ha/chu-nha-126m2-vp-toa-hoa-cuong-1811-lh-0986-646-169.html&quot; title=&quot;Chủ nhà cho thuê 126m2 VP tại tòa nhà Hoa Cương 18/11 Thái Hà. LH chủ nhà 0986 646 169&quot;&gt;Chủ nhà cho thuê 126m2 VP tại tòa nhà Hoa Cương 18/11 Thái Hà. LH chủ nhà 0986 646 169&lt;/a&gt;&lt;/h4&gt;                        &lt;/div&gt;" SourceIndex="2162" TableNum="0" TextLen="86" order="71" xPath="/html[1]/body[1]/div[1]/div[4]/div[1]/div[1]/div[13]/div[7]/div[1]"/>
<LayoutNode BgColor="#ffffff" ContainImg="1" ContainP="0" ContainTable="false" Content="Cập nhật lúc 08h57 ngày 20/03/2020 Diện tích: 126 m2 Khu vực: Quận Đống Đa, Hà Nội 30 Triệu/tháng Nhà văn phòng 9 tầng do chủ nhà trực tiếp quản lý và cho thuê có thiết kế hiện đại. Mặt tiền thoáng và rộng. Tọa lạc tại vị trí giao thông thuận tiện (gần ngã tư Chùa Bộc - Thái Hà).Là địa điểm lý tưởng cho các công ty, doanh nghi... " DOMCldNum="5" DoC="8" FontSize="13" FontWeight="normal" FormNum="0" FormSize="0" FrameSourceIndex="0" ID="1-14-2" InteractionNum="0" InteractionSize="0" IsImg="false" LinkNum="4" LinkTextLen="0" ObjectHeight="135" ObjectRectHeight="135" ObjectRectLeft="0" ObjectRectTop="4779" ObjectRectWidth="1420" ObjectWidth="668" ObjectX="221" ObjectY="4779" OptionNum="0" OptionTextLength="0" ParaNum="0" SRC="&lt;div xmlns=&quot;http://www.w3.org/1999/xhtml&quot; class=&quot;detail_nhadatban&quot;&gt;                            &lt;div class=&quot;img_nhadatban&quot;&gt;                                &lt;a href=&quot;http://123nhadat.vn/raovat-t4292062/cho-thue-van-phong-tai-pho-thai-ha/chu-nha-126m2-vp-toa-hoa-cuong-1811-lh-0986-646-169.html&quot;&gt;&lt;img alt=&quot;Chủ nhà cho thuê 126m2 VP tại tòa nhà Hoa Cương 18/11 Thái Hà. LH chủ nhà 0986 646 169&quot; src=&quot;http://123nhadat.vn/thumbs/155x112/raovat/nhadat_1582187048_PCdj.JPG&quot;/&gt;&lt;/a&gt;                                &lt;span class=&quot;masotin&quot;&gt;MST: 4292062&lt;/span&gt;                                &lt;/div&gt;       &lt;div class=&quot;text_nhadatban&quot;&gt;                                &lt;div class=&quot;info_nhadatban&quot;&gt;                                    &lt;ul&gt;                                    &lt;li&gt;&lt;span class=&quot;datetime&quot;&gt;Cập nhật lúc &lt;span class=&quot;timecolor&quot;&gt;08h57 ngày 20/03/2020&lt;/span&gt;&lt;/span&gt;&lt;/li&gt;                                    &lt;li&gt;Diện tích: &lt;span class=&quot;saleboldtext&quot;&gt;126 m2&lt;/span&gt;&lt;/li&gt;                                    &lt;li&gt;Khu vực: &lt;span class=&quot;saleboldtext&quot;&gt;Quận Đống Đa, Hà Nội&lt;/span&gt;&lt;/li&gt;                                &lt;/ul&gt;                                &lt;/div&gt;                                &lt;div class=&quot;contact_nhadatban&quot;&gt;                                    &lt;ul&gt;          &lt;li&gt;           &lt;span id=&quot;luu_4292062&quot;&gt;&lt;a class=&quot;bt_save&quot; href=&quot;javascript:void(0)&quot; onclick=&quot;UpdateListingListRV(0,4292062)&quot; title=&quot;Lưu tin này vào trong danh sách các nhà đất bạn quan tâm,để bạn có thể tiện theo dõi&quot;/&gt;&lt;/span&gt;          &lt;/li&gt;          &lt;li class=&quot;gia&quot;&gt;&lt;strong class=&quot;camcam&quot;&gt;30 Triệu/tháng&lt;/strong&gt;&lt;/li&gt;         &lt;/ul&gt;                                &lt;/div&gt;                            &lt;/div&gt;                            &lt;div class=&quot;description_nhadatban&quot;&gt;                                Nhà văn phòng 9 tầng do chủ nhà trực tiếp quản lý và cho thuê có thiết kế hiện đại. Mặt tiền thoáng và rộng. Tọa lạc tại vị trí giao thông thuận tiện (gần ngã tư Chùa Bộc - Thái Hà).Là địa điểm lý tưởng cho các công ty, doanh nghi...                            &lt;/div&gt;                        &lt;/div&gt;" SourceIndex="2169" TableNum="0" TextLen="325" order="72" xPath="/html[1]/body[1]/div[1]/div[4]/div[1]/div[1]/div[13]/div[7]/div[2]"/>
</LayoutNode>
<LayoutNode BgColor="#ffffff" ContainImg="1" ContainP="0" ContainTable="false" DOMCldNum="7" DoC="5" FontSize="13" FontWeight="normal" FormNum="0" FormSize="0" FrameSourceIndex="0" ID="1-15" InteractionNum="0" InteractionSize="0" IsImg="false" LinkNum="6" LinkTextLen="97" ObjectRectHeight="205" ObjectRectLeft="0" ObjectRectTop="4946" ObjectRectWidth="1420" OptionNum="0" OptionTextLength="0" ParaNum="0" SourceIndex="2226" TableNum="0" TextLen="423" order="73">
<LayoutNode BgColor="#ffffff" ContainImg="0" ContainP="0" ContainTable="false" Content="Chủ nhà cho thuê 80m2 VP tại phố Thái Hà giá 18.5 triệu/th. LH trực tiếp chủ nhà 098.664.6169(MTG) " DOMCldNum="7" DoC="5" FontSize="13" FontWeight="normal" FormNum="0" FormSize="0" FrameSourceIndex="0" ID="1-15-1" InteractionNum="0" InteractionSize="0" IsImg="false" LinkNum="2" LinkTextLen="97" ObjectHeight="42" ObjectRectHeight="56" ObjectRectLeft="0" ObjectRectTop="4946" ObjectRectWidth="1420" ObjectWidth="668" ObjectX="221" ObjectY="4960" OptionNum="0" OptionTextLength="0" ParaNum="0" SRC="&lt;div xmlns=&quot;http://www.w3.org/1999/xhtml&quot; class=&quot;tit_nhadatban&quot;&gt;                            &lt;h4&gt;&lt;a href=&quot;http://123nhadat.vn/raovat-t4292985/cho-thue-van-phong-tai-pho-thai-ha/chu-nha-80m2-vp-gia-185-trieuth-lh-truc-tiep-0986646169mtg.html&quot; title=&quot;Chủ nhà cho thuê 80m2 VP tại phố Thái Hà giá 18.5 triệu/th. LH trực tiếp chủ nhà 098.664.6169(MTG)&quot;&gt;Chủ nhà cho thuê 80m2 VP tại phố Thái Hà giá 18.5 triệu/th. LH trực tiếp chủ nhà 098.664.6169(MTG)&lt;/a&gt;&lt;/h4&gt;                        &lt;/div&gt;" SourceIndex="2230" TableNum="0" TextLen="97" order="74" xPath="/html[1]/body[1]/div[1]/div[4]/div[1]/div[1]/div[13]/div[8]/div[1]"/>
<LayoutNode BgColor="#ffffff" ContainImg="1" ContainP="0" ContainTable="false" Content="Cập nhật lúc 09h19 ngày 13/03/2020 Diện tích: 80 m2 Khu vực: Quận Đống Đa, Hà Nội 18.5 Triệu/tháng Nhà văn phòng 9 tầng do chủ nhà trực tiếp quản lý và cho thuê có thiết kế hiện đại. Mặt tiền thoáng và rộng.Tọa lạc tại vị trí giao thông thuận tiện (gần ngã tư Chùa Bộc - Thái Hà).Là địa điểm lý tưởng cho các công ty, doanh nghiệ... " DOMCldNum="7" DoC="8" FontSize="13" FontWeight="normal" FormNum="0" FormSize="0" FrameSourceIndex="0" ID="1-15-2" InteractionNum="0" InteractionSize="0" IsImg="false" LinkNum="4" LinkTextLen="0" ObjectHeight="135" ObjectRectHeight="135" ObjectRectLeft="0" ObjectRectTop="5016" ObjectRectWidth="1420" ObjectWidth="668" ObjectX="221" ObjectY="5016" OptionNum="0" OptionTextLength="0" ParaNum="0" SRC="&lt;div xmlns=&quot;http://www.w3.org/1999/xhtml&quot; class=&quot;detail_nhadatban&quot;&gt;                            &lt;div class=&quot;img_nhadatban&quot;&gt;                                &lt;a href=&quot;http://123nhadat.vn/raovat-t4292985/cho-thue-van-phong-tai-pho-thai-ha/chu-nha-80m2-vp-gia-185-trieuth-lh-truc-tiep-0986646169mtg.html&quot;&gt;&lt;img alt=&quot;Chủ nhà cho thuê 80m2 VP tại phố Thái Hà giá 18.5 triệu/th. LH trực tiếp chủ nhà 098.664.6169(MTG)&quot; src=&quot;http://123nhadat.vn/thumbs/155x112/raovat/nhadat_1583743467_yD1M.JPG&quot;/&gt;&lt;/a&gt;                                &lt;span class=&quot;masotin&quot;&gt;MST: 4292985&lt;/span&gt;                                &lt;/div&gt;       &lt;div class=&quot;text_nhadatban&quot;&gt;                                &lt;div class=&quot;info_nhadatban&quot;&gt;                                    &lt;ul&gt;                                    &lt;li&gt;&lt;span class=&quot;datetime&quot;&gt;Cập nhật lúc &lt;span class=&quot;timecolor&quot;&gt;09h19 ngày 13/03/2020&lt;/span&gt;&lt;/span&gt;&lt;/li&gt;                                    &lt;li&gt;Diện tích: &lt;span class=&quot;saleboldtext&quot;&gt;80 m2&lt;/span&gt;&lt;/li&gt;                                    &lt;li&gt;Khu vực: &lt;span class=&quot;saleboldtext&quot;&gt;Quận Đống Đa, Hà Nội&lt;/span&gt;&lt;/li&gt;                                &lt;/ul&gt;                                &lt;/div&gt;                                &lt;div class=&quot;contact_nhadatban&quot;&gt;                                    &lt;ul&gt;          &lt;li&gt;           &lt;span id=&quot;luu_4292985&quot;&gt;&lt;a class=&quot;bt_save&quot; href=&quot;javascript:void(0)&quot; onclick=&quot;UpdateListingListRV(0,4292985)&quot; title=&quot;Lưu tin này vào trong danh sách các nhà đất bạn quan tâm,để bạn có thể tiện theo dõi&quot;/&gt;&lt;/span&gt;          &lt;/li&gt;          &lt;li class=&quot;gia&quot;&gt;&lt;strong class=&quot;camcam&quot;&gt;18.5 Triệu/tháng&lt;/strong&gt;&lt;/li&gt;         &lt;/ul&gt;                                &lt;/div&gt;                            &lt;/div&gt;                            &lt;div class=&quot;description_nhadatban&quot;&gt;                                Nhà văn phòng 9 tầng do chủ nhà trực tiếp quản lý và cho thuê có thiết kế hiện đại. Mặt tiền thoáng và rộng.Tọa lạc tại vị trí giao thông thuận tiện (gần ngã tư Chùa Bộc - Thái Hà).Là địa điểm lý tưởng cho các công ty, doanh nghiệ...                            &lt;/div&gt;                        &lt;/div&gt;" SourceIndex="2237" TableNum="0" TextLen="326" order="75" xPath="/html[1]/body[1]/div[1]/div[4]/div[1]/div[1]/div[13]/div[8]/div[2]"/>
</LayoutNode>
<LayoutNode BgColor="#ffffff" ContainImg="1" ContainP="0" ContainTable="false" DOMCldNum="5" DoC="5" FontSize="13" FontWeight="normal" FormNum="0" FormSize="0" FrameSourceIndex="0" ID="1-16" InteractionNum="0" InteractionSize="0" IsImg="false" LinkNum="6" LinkTextLen="64" ObjectRectHeight="184" ObjectRectLeft="0" ObjectRectTop="5183" ObjectRectWidth="1420" OptionNum="0" OptionTextLength="0" ParaNum="0" SourceIndex="2294" TableNum="0" TextLen="387" order="76">
<LayoutNode BgColor="#ffffff" ContainImg="0" ContainP="0" ContainTable="false" Content="Văn phòng trọn gói cho thuê Quận Đống Đa - Tinh thần KHỞI NGHIỆP " DOMCldNum="5" DoC="5" FontSize="13" FontWeight="normal" FormNum="0" FormSize="0" FrameSourceIndex="0" ID="1-16-1" InteractionNum="0" InteractionSize="0" IsImg="false" LinkNum="2" LinkTextLen="64" ObjectHeight="21" ObjectRectHeight="35" ObjectRectLeft="0" ObjectRectTop="5183" ObjectRectWidth="1420" ObjectWidth="668" ObjectX="221" ObjectY="5197" OptionNum="0" OptionTextLength="0" ParaNum="0" SRC="&lt;div xmlns=&quot;http://www.w3.org/1999/xhtml&quot; class=&quot;tit_nhadatban&quot;&gt;                            &lt;h4&gt;&lt;a href=&quot;http://123nhadat.vn/raovat-t4292219/cho-thue-van-phong-tai-chung-cu-cao-cap-sky-city-tower/tron-goi-quan-dong-da-tinh-than-khoi-nghiep.html&quot; title=&quot;Văn phòng trọn gói cho thuê Quận Đống Đa - Tinh thần KHỞI NGHIỆP&quot;&gt;Văn phòng trọn gói cho thuê Quận Đống Đa - Tinh thần KHỞI NGHIỆP&lt;/a&gt;&lt;/h4&gt;                        &lt;/div&gt;" SourceIndex="2296" TableNum="0" TextLen="64" order="77" xPath="/html[1]/body[1]/div[1]/div[4]/div[1]/div[1]/div[13]/div[9]/div[1]"/>
<LayoutNode BgColor="#ffffff" ContainImg="1" ContainP="0" ContainTable="false" Content="Cập nhật lúc 16h51 ngày 23/02/2020 Diện tích: 15 m2 Khu vực: Quận Đống Đa, Hà Nội 13 Triệu/tháng Văn phòng trọn gói cho thuê Quận Đống Đa - KHỞI NGHIỆP NGAY.Giảm đến 20% cho 1-3 tháng đầu Hợp đồng thuê khi Quý khách Check-in trong Quý đầu năm 2020.Không gian văn phòng cực đẹp, đầy ấn tượng, được thiết kế để bạn thỏa sức sáng ... " DOMCldNum="5" DoC="8" FontSize="13" FontWeight="normal" FormNum="0" FormSize="0" FrameSourceIndex="0" ID="1-16-2" InteractionNum="0" InteractionSize="0" IsImg="false" LinkNum="4" LinkTextLen="0" ObjectHeight="135" ObjectRectHeight="135" ObjectRectLeft="0" ObjectRectTop="5232" ObjectRectWidth="1420" ObjectWidth="668" ObjectX="221" ObjectY="5232" OptionNum="0" OptionTextLength="0" ParaNum="0" SRC="&lt;div xmlns=&quot;http://www.w3.org/1999/xhtml&quot; class=&quot;detail_nhadatban&quot;&gt;                            &lt;div class=&quot;img_nhadatban&quot;&gt;                                &lt;a href=&quot;http://123nhadat.vn/raovat-t4292219/cho-thue-van-phong-tai-chung-cu-cao-cap-sky-city-tower/tron-goi-quan-dong-da-tinh-than-khoi-nghiep.html&quot;&gt;&lt;img alt=&quot;Văn phòng trọn gói cho thuê Quận Đống Đa - Tinh thần KHỞI NGHIỆP&quot; src=&quot;http://123nhadat.vn/thumbs/155x112/raovat/nhadat_1582451449_DcuX.JPG&quot;/&gt;&lt;/a&gt;                                &lt;span class=&quot;masotin&quot;&gt;MST: 4292219&lt;/span&gt;                                &lt;/div&gt;       &lt;div class=&quot;text_nhadatban&quot;&gt;                                &lt;div class=&quot;info_nhadatban&quot;&gt;                                    &lt;ul&gt;                                    &lt;li&gt;&lt;span class=&quot;datetime&quot;&gt;Cập nhật lúc &lt;span class=&quot;timecolor&quot;&gt;16h51 ngày 23/02/2020&lt;/span&gt;&lt;/span&gt;&lt;/li&gt;                                    &lt;li&gt;Diện tích: &lt;span class=&quot;saleboldtext&quot;&gt;15 m2&lt;/span&gt;&lt;/li&gt;                                    &lt;li&gt;Khu vực: &lt;span class=&quot;saleboldtext&quot;&gt;Quận Đống Đa, Hà Nội&lt;/span&gt;&lt;/li&gt;                                &lt;/ul&gt;                                &lt;/div&gt;                                &lt;div class=&quot;contact_nhadatban&quot;&gt;                                    &lt;ul&gt;          &lt;li&gt;           &lt;span id=&quot;luu_4292219&quot;&gt;&lt;a class=&quot;bt_save&quot; href=&quot;javascript:void(0)&quot; onclick=&quot;UpdateListingListRV(0,4292219)&quot; title=&quot;Lưu tin này vào trong danh sách các nhà đất bạn quan tâm,để bạn có thể tiện theo dõi&quot;/&gt;&lt;/span&gt;          &lt;/li&gt;          &lt;li class=&quot;gia&quot;&gt;&lt;strong class=&quot;camcam&quot;&gt;13 Triệu/tháng&lt;/strong&gt;&lt;/li&gt;         &lt;/ul&gt;                                &lt;/div&gt;                            &lt;/div&gt;                            &lt;div class=&quot;description_nhadatban&quot;&gt;                                Văn phòng trọn gói cho thuê Quận Đống Đa - KHỞI NGHIỆP NGAY.Giảm đến 20% cho 1-3 tháng đầu Hợp đồng thuê khi Quý khách Check-in trong Quý đầu năm 2020.Không gian văn phòng cực đẹp, đầy ấn tượng, được thiết kế để bạn thỏa sức sáng ...                            &lt;/div&gt;                        &lt;/div&gt;" SourceIndex="2303" TableNum="0" TextLen="323" order="78" xPath="/html[1]/body[1]/div[1]/div[4]/div[1]/div[1]/div[13]/div[9]/div[2]"/>
</LayoutNode>
<LayoutNode BgColor="#ffffff" ContainImg="1" ContainP="0" ContainTable="false" DOMCldNum="5" DoC="5" FontSize="13" FontWeight="normal" FormNum="0" FormSize="0" FrameSourceIndex="0" ID="1-17" InteractionNum="0" InteractionSize="0" IsImg="false" LinkNum="6" LinkTextLen="67" ObjectRectHeight="184" ObjectRectLeft="0" ObjectRectTop="5399" ObjectRectWidth="1420" OptionNum="0" OptionTextLength="0" ParaNum="0" SourceIndex="2360" TableNum="0" TextLen="389" order="79">
<LayoutNode BgColor="#ffffff" ContainImg="0" ContainP="0" ContainTable="false" Content="Chính chủ có nhu cầu cho thuê mặt bằng tầng 1 Quận Đống Đa - Hà Nội " DOMCldNum="5" DoC="5" FontSize="13" FontWeight="normal" FormNum="0" FormSize="0" FrameSourceIndex="0" ID="1-17-1" InteractionNum="0" InteractionSize="0" IsImg="false" LinkNum="2" LinkTextLen="67" ObjectHeight="21" ObjectRectHeight="35" ObjectRectLeft="0" ObjectRectTop="5399" ObjectRectWidth="1420" ObjectWidth="668" ObjectX="221" ObjectY="5413" OptionNum="0" OptionTextLength="0" ParaNum="0" SRC="&lt;div xmlns=&quot;http://www.w3.org/1999/xhtml&quot; class=&quot;tit_nhadatban&quot;&gt;                            &lt;h4&gt;&lt;a href=&quot;http://123nhadat.vn/raovat-t4289206/cho-thue-van-phong-tai-pho-thai-ha/chinh-chu-co-nhu-cau-mat-bang-tang-1-quan-dong-da-noi.html&quot; title=&quot;Chính chủ có nhu cầu cho thuê mặt bằng tầng 1 Quận Đống Đa - Hà Nội&quot;&gt;Chính chủ có nhu cầu cho thuê mặt bằng tầng 1 Quận Đống Đa - Hà Nội&lt;/a&gt;&lt;/h4&gt;                        &lt;/div&gt;" SourceIndex="2362" TableNum="0" TextLen="67" order="80" xPath="/html[1]/body[1]/div[1]/div[4]/div[1]/div[1]/div[13]/div[10]/div[1]"/>
<LayoutNode BgColor="#ffffff" ContainImg="1" ContainP="0" ContainTable="false" Content="Cập nhật lúc 11h09 ngày 19/11/2019 Diện tích: 45 m2 Khu vực: Quận Đống Đa, Hà Nội Thỏa thuận Chính chủ có nhu cầu cho thuê mặt bằng tầng 1 làm Văn phòng tại địa chỉ: Nhà số 61, ngách 1/178, ngõ 178, phố Thái Hà, Đống Đa, Hà Nội;1. Diện tích: 45m2, gồm 02 phòng;2. Nhà 2 mặt ngõ, ô tô đều đi được (ngõ phía sau là ngõ 198 Th... " DOMCldNum="5" DoC="8" FontSize="13" FontWeight="normal" FormNum="0" FormSize="0" FrameSourceIndex="0" ID="1-17-2" InteractionNum="0" InteractionSize="0" IsImg="false" LinkNum="4" LinkTextLen="0" ObjectHeight="135" ObjectRectHeight="135" ObjectRectLeft="0" ObjectRectTop="5448" ObjectRectWidth="1420" ObjectWidth="668" ObjectX="221" ObjectY="5448" OptionNum="0" OptionTextLength="0" ParaNum="0" SRC="&lt;div xmlns=&quot;http://www.w3.org/1999/xhtml&quot; class=&quot;detail_nhadatban&quot;&gt;                            &lt;div class=&quot;img_nhadatban&quot;&gt;                                &lt;a href=&quot;http://123nhadat.vn/raovat-t4289206/cho-thue-van-phong-tai-pho-thai-ha/chinh-chu-co-nhu-cau-mat-bang-tang-1-quan-dong-da-noi.html&quot;&gt;&lt;img alt=&quot;Chính chủ có nhu cầu cho thuê mặt bằng tầng 1 Quận Đống Đa - Hà Nội&quot; src=&quot;http://123nhadat.vn/thumbs/155x112/raovat/nhadat_1574136330_gFnO.jpg&quot;/&gt;&lt;/a&gt;                                &lt;span class=&quot;masotin&quot;&gt;MST: 4289206&lt;/span&gt;                                &lt;/div&gt;       &lt;div class=&quot;text_nhadatban&quot;&gt;                                &lt;div class=&quot;info_nhadatban&quot;&gt;                                    &lt;ul&gt;                                    &lt;li&gt;&lt;span class=&quot;datetime&quot;&gt;Cập nhật lúc &lt;span class=&quot;timecolor&quot;&gt;11h09 ngày 19/11/2019&lt;/span&gt;&lt;/span&gt;&lt;/li&gt;                                    &lt;li&gt;Diện tích: &lt;span class=&quot;saleboldtext&quot;&gt;45 m2&lt;/span&gt;&lt;/li&gt;                                    &lt;li&gt;Khu vực: &lt;span class=&quot;saleboldtext&quot;&gt;Quận Đống Đa, Hà Nội&lt;/span&gt;&lt;/li&gt;                                &lt;/ul&gt;                                &lt;/div&gt;                                &lt;div class=&quot;contact_nhadatban&quot;&gt;                                    &lt;ul&gt;          &lt;li&gt;           &lt;span id=&quot;luu_4289206&quot;&gt;&lt;a class=&quot;bt_save&quot; href=&quot;javascript:void(0)&quot; onclick=&quot;UpdateListingListRV(0,4289206)&quot; title=&quot;Lưu tin này vào trong danh sách các nhà đất bạn quan tâm,để bạn có thể tiện theo dõi&quot;/&gt;&lt;/span&gt;          &lt;/li&gt;          &lt;li class=&quot;gia&quot;&gt;&lt;strong class=&quot;camcam&quot;&gt;Thỏa thuận&lt;/strong&gt;&lt;/li&gt;         &lt;/ul&gt;                                &lt;/div&gt;                            &lt;/div&gt;                            &lt;div class=&quot;description_nhadatban&quot;&gt;                                Chính chủ có nhu cầu cho thuê mặt bằng tầng 1 làm Văn phòng tại địa chỉ: Nhà số 61, ngách 1/178, ngõ 178, phố Thái Hà, Đống Đa, Hà Nội;1. Diện tích: 45m2, gồm 02 phòng;2. Nhà 2 mặt ngõ, ô tô đều đi được (ngõ phía sau là ngõ 198 Th...                            &lt;/div&gt;                        &lt;/div&gt;" SourceIndex="2369" TableNum="0" TextLen="322" order="81" xPath="/html[1]/body[1]/div[1]/div[4]/div[1]/div[1]/div[13]/div[10]/div[2]"/>
</LayoutNode>
<LayoutNode BgColor="#ffffff" ContainImg="1" ContainP="0" ContainTable="false" DOMCldNum="5" DoC="5" FontSize="13" FontWeight="normal" FormNum="0" FormSize="0" FrameSourceIndex="0" ID="1-18" InteractionNum="0" InteractionSize="0" IsImg="false" LinkNum="6" LinkTextLen="43" ObjectRectHeight="184" ObjectRectLeft="0" ObjectRectTop="5615" ObjectRectWidth="1420" OptionNum="0" OptionTextLength="0" ParaNum="0" SourceIndex="2426" TableNum="0" TextLen="367" order="82">
<LayoutNode BgColor="#ffffff" ContainImg="0" ContainP="0" ContainTable="false" Content="Cho thuê văn phòng tại Thái Thịnh,Q.Đống Đa " DOMCldNum="5" DoC="5" FontSize="13" FontWeight="normal" FormNum="0" FormSize="0" FrameSourceIndex="0" ID="1-18-1" InteractionNum="0" InteractionSize="0" IsImg="false" LinkNum="2" LinkTextLen="43" ObjectHeight="21" ObjectRectHeight="35" ObjectRectLeft="0" ObjectRectTop="5615" ObjectRectWidth="1420" ObjectWidth="668" ObjectX="221" ObjectY="5629" OptionNum="0" OptionTextLength="0" ParaNum="0" SRC="&lt;div xmlns=&quot;http://www.w3.org/1999/xhtml&quot; class=&quot;tit_nhadatban&quot;&gt;                            &lt;h4&gt;&lt;a href=&quot;http://123nhadat.vn/raovat-t4288808/cho-thue-van-phong-tai-pho-thai-thinh/thinhqdong-da.html&quot; title=&quot;Cho thuê văn phòng tại Thái Thịnh,Q.Đống Đa&quot;&gt;Cho thuê văn phòng tại Thái Thịnh,Q.Đống Đa&lt;/a&gt;&lt;/h4&gt;                        &lt;/div&gt;" SourceIndex="2428" TableNum="0" TextLen="43" order="83" xPath="/html[1]/body[1]/div[1]/div[4]/div[1]/div[1]/div[13]/div[11]/div[1]"/>
<LayoutNode BgColor="#ffffff" ContainImg="1" ContainP="0" ContainTable="false" Content="Cập nhật lúc 14h48 ngày 12/11/2019 Diện tích: 100 m2 Khu vực: Quận Đống Đa, Hà Nội 33 Triệu/tháng Cho thuê văn phòng tại mặt phố Thái Thịnh, 102 Thái Thịnh, tòa nhà Hà Thành Plaza, gần Ngã Tư Sở.Diện tích ( 100m2 ).-Có phòng họp nhỏ ( 16m2 )-Có nhà để xe dười tầng hầm-Có tháng máy từ tầng hầm lên văn phòng-Bảo vệ 24/24-Xung qu... " DOMCldNum="5" DoC="8" FontSize="13" FontWeight="normal" FormNum="0" FormSize="0" FrameSourceIndex="0" ID="1-18-2" InteractionNum="0" InteractionSize="0" IsImg="false" LinkNum="4" LinkTextLen="0" ObjectHeight="135" ObjectRectHeight="135" ObjectRectLeft="0" ObjectRectTop="5664" ObjectRectWidth="1420" ObjectWidth="668" ObjectX="221" ObjectY="5664" OptionNum="0" OptionTextLength="0" ParaNum="0" SRC="&lt;div xmlns=&quot;http://www.w3.org/1999/xhtml&quot; class=&quot;detail_nhadatban&quot;&gt;                            &lt;div class=&quot;img_nhadatban&quot;&gt;                                &lt;a href=&quot;http://123nhadat.vn/raovat-t4288808/cho-thue-van-phong-tai-pho-thai-thinh/thinhqdong-da.html&quot;&gt;&lt;img alt=&quot;Cho thuê văn phòng tại Thái Thịnh,Q.Đống Đa&quot; src=&quot;http://123nhadat.vn/thumbs/155x112/raovat/nhadat_1573544747_rKf9.jpg&quot;/&gt;&lt;/a&gt;                                &lt;span class=&quot;masotin&quot;&gt;MST: 4288808&lt;/span&gt;                                &lt;/div&gt;       &lt;div class=&quot;text_nhadatban&quot;&gt;                                &lt;div class=&quot;info_nhadatban&quot;&gt;                                    &lt;ul&gt;                                    &lt;li&gt;&lt;span class=&quot;datetime&quot;&gt;Cập nhật lúc &lt;span class=&quot;timecolor&quot;&gt;14h48 ngày 12/11/2019&lt;/span&gt;&lt;/span&gt;&lt;/li&gt;                                    &lt;li&gt;Diện tích: &lt;span class=&quot;saleboldtext&quot;&gt;100 m2&lt;/span&gt;&lt;/li&gt;                                    &lt;li&gt;Khu vực: &lt;span class=&quot;saleboldtext&quot;&gt;Quận Đống Đa, Hà Nội&lt;/span&gt;&lt;/li&gt;                                &lt;/ul&gt;                                &lt;/div&gt;                                &lt;div class=&quot;contact_nhadatban&quot;&gt;                                    &lt;ul&gt;          &lt;li&gt;           &lt;span id=&quot;luu_4288808&quot;&gt;&lt;a class=&quot;bt_save&quot; href=&quot;javascript:void(0)&quot; onclick=&quot;UpdateListingListRV(0,4288808)&quot; title=&quot;Lưu tin này vào trong danh sách các nhà đất bạn quan tâm,để bạn có thể tiện theo dõi&quot;/&gt;&lt;/span&gt;          &lt;/li&gt;          &lt;li class=&quot;gia&quot;&gt;&lt;strong class=&quot;camcam&quot;&gt;33 Triệu/tháng&lt;/strong&gt;&lt;/li&gt;         &lt;/ul&gt;                                &lt;/div&gt;                            &lt;/div&gt;                            &lt;div class=&quot;description_nhadatban&quot;&gt;                                Cho thuê văn phòng tại mặt phố Thái Thịnh, 102 Thái Thịnh, tòa nhà Hà Thành Plaza, gần Ngã Tư Sở.Diện tích ( 100m2 ).-Có phòng họp nhỏ ( 16m2 )-Có nhà để xe dười tầng hầm-Có tháng máy từ tầng hầm lên văn phòng-Bảo vệ 24/24-Xung qu...                            &lt;/div&gt;                        &lt;/div&gt;" SourceIndex="2435" TableNum="0" TextLen="324" order="84" xPath="/html[1]/body[1]/div[1]/div[4]/div[1]/div[1]/div[13]/div[11]/div[2]"/>
</LayoutNode>
<LayoutNode BgColor="#5eab1f" ContainImg="0" ContainP="0" ContainTable="false" Content="NHÀ ĐẤT HÀ NỘI CÓ THỂ BẠN QUAN TÂM " DOMCldNum="5" DoC="5" FontSize="11" FontWeight="700" FormNum="0" FormSize="0" FrameSourceIndex="0" ID="1-19" InteractionNum="0" InteractionSize="0" IsImg="false" LinkNum="0" LinkTextLen="0" ObjectHeight="20" ObjectRectHeight="20" ObjectRectLeft="0" ObjectRectTop="5855" ObjectRectWidth="1420" ObjectWidth="560" ObjectX="215" ObjectY="5855" OptionNum="0" OptionTextLength="0" ParaNum="0" SRC="&lt;div xmlns=&quot;http://www.w3.org/1999/xhtml&quot; class=&quot;tit_C&quot;&gt;                        &lt;span class=&quot;icon_star_xanh&quot;/&gt;                        Nhà đất Hà Nội có thể bạn quan tâm                    &lt;/div&gt;" SourceIndex="2505" TableNum="0" TextLen="34" order="85" xPath="/html[1]/body[1]/div[1]/div[4]/div[1]/div[1]/div[14]/div[1]"/>
<LayoutNode BgColor="#ffffff" ContainImg="0" ContainP="0" ContainTable="false" Content="Nhà đất cho thuê Quận Đống ĐaCho thuê căn hộ chung cư Quận Đống Đa (26659)Cho thuê nhà riêng Quận Đống Đa (18472)Cho thuê văn phòng Quận Đống Đa (13007)Cho thuê nhà mặt phố Quận Đống Đa (9076)Cho thuê nhà trọ,phòng trọ Quận Đống Đa (6699)Cho thuê cửa hàng, ki ốt Quận Đống Đa (4141)Cho thuê đất Quận Đống Đa (328)Cho thuê loại bất động sản khác Quận Đống Đa (176)Cho thuê kho, nhà xưởng Quận Đống Đa (122)Cho thuê khách sạn, nhà nghỉ Quận Đống Đa (42)Cho thuê biệt thự Quận Đống Đa (40)Bán căn hộ chung cư Quận Đống Đa (1) Nhà đất cho thuê tại Hà NộiCho thuê căn hộ chung cư Hà Nội (188752)Cho thuê nhà riêng Hà Nội (90706)Cho thuê văn phòng Hà Nội (57187)Cho thuê nhà mặt phố Hà Nội (46787)Cho thuê nhà trọ,phòng trọ Hà Nội (33483)Cho thuê cửa hàng, ki ốt Hà Nội (23080)Cho thuê kho, nhà xưởng Hà Nội (16794)Cho thuê đất Hà Nội (2763)Cho thuê loại bất động sản khác Hà Nội (1148)Cho thuê biệt thự Hà Nội (1035)Cho thuê khách sạn, nhà nghỉ Hà Nội (292) " DOMCldNum="5" DoC="8" FontSize="13" FontWeight="normal" FormNum="0" FormSize="0" FrameSourceIndex="0" ID="1-20" InteractionNum="0" InteractionSize="0" IsImg="false" LinkNum="46" LinkTextLen="734" ObjectHeight="364" ObjectRectHeight="700" ObjectRectLeft="0" ObjectRectTop="5899" ObjectRectWidth="1420" ObjectWidth="320" ObjectX="261" ObjectY="5899" OptionNum="0" OptionTextLength="0" ParaNum="0" SRC="&lt;ul xmlns=&quot;http://www.w3.org/1999/xhtml&quot; class=&quot;banquantam&quot;&gt;                            &lt;li&gt;&lt;strong&gt;Nhà đất cho thuê Quận Đống Đa&lt;/strong&gt;&lt;/li&gt;                                   &lt;li&gt;&lt;a href=&quot;http://123nhadat.vn/raovat-c18/cho-thue-can-ho-chung-cu-tai-quan-dong-da-23&quot; title=&quot;Cho thue can ho chung cu Quan Dong Da&quot;&gt;Cho thuê căn hộ chung cư Quận Đống Đa&lt;/a&gt; (&lt;span style=&quot;color:green&quot;&gt;26659&lt;/span&gt;)&lt;/li&gt;              &lt;li&gt;&lt;a href=&quot;http://123nhadat.vn/raovat-c17/cho-thue-nha-rieng-tai-quan-dong-da-23&quot; title=&quot;Cho thue nha rieng Quan Dong Da&quot;&gt;Cho thuê nhà riêng Quận Đống Đa&lt;/a&gt; (&lt;span style=&quot;color:green&quot;&gt;18472&lt;/span&gt;)&lt;/li&gt;              &lt;li&gt;&lt;a href=&quot;http://123nhadat.vn/raovat-c4/cho-thue-van-phong-tai-quan-dong-da-23&quot; title=&quot;Cho thue van phong Quan Dong Da&quot;&gt;Cho thuê văn phòng Quận Đống Đa&lt;/a&gt; (&lt;span style=&quot;color:green&quot;&gt;13007&lt;/span&gt;)&lt;/li&gt;              &lt;li&gt;&lt;a href=&quot;http://123nhadat.vn/raovat-c16/cho-thue-nha-mat-pho-tai-quan-dong-da-23&quot; title=&quot;Cho thue nha mat pho Quan Dong Da&quot;&gt;Cho thuê nhà mặt phố Quận Đống Đa&lt;/a&gt; (&lt;span style=&quot;color:green&quot;&gt;9076&lt;/span&gt;)&lt;/li&gt;              &lt;li&gt;&lt;a href=&quot;http://123nhadat.vn/raovat-c21/cho-thue-nha-tro-tai-quan-dong-da-23&quot; title=&quot;Cho thue nha tro,phong tro Quan Dong Da&quot;&gt;Cho thuê nhà trọ,phòng trọ Quận Đống Đa&lt;/a&gt; (&lt;span style=&quot;color:green&quot;&gt;6699&lt;/span&gt;)&lt;/li&gt;              &lt;li&gt;&lt;a href=&quot;http://123nhadat.vn/raovat-c20/cho-thue-cua-hang-kiot-tai-quan-dong-da-23&quot; title=&quot;Cho thue cua hang, ki ot Quan Dong Da&quot;&gt;Cho thuê cửa hàng, ki ốt Quận Đống Đa&lt;/a&gt; (&lt;span style=&quot;color:green&quot;&gt;4141&lt;/span&gt;)&lt;/li&gt;              &lt;li&gt;&lt;a href=&quot;http://123nhadat.vn/raovat-c24/cho-thue-dat-tai-quan-dong-da-23&quot; title=&quot;Cho thue dat Quan Dong Da&quot;&gt;Cho thuê đất Quận Đống Đa&lt;/a&gt; (&lt;span style=&quot;color:green&quot;&gt;328&lt;/span&gt;)&lt;/li&gt;              &lt;li&gt;&lt;a href=&quot;http://123nhadat.vn/raovat-c26/cho-thue-loai-bat-dong-san-khac-tai-quan-dong-da-23&quot; title=&quot;Cho thue loai bat dong san khac Quan Dong Da&quot;&gt;Cho thuê loại bất động sản khác Quận Đống Đa&lt;/a&gt; (&lt;span style=&quot;color:green&quot;&gt;176&lt;/span&gt;)&lt;/li&gt;              &lt;li&gt;&lt;a href=&quot;http://123nhadat.vn/raovat-c23/cho-thue-kho-nha-xuong-tai-quan-dong-da-23&quot; title=&quot;Cho thue kho, nha xuong Quan Dong Da&quot;&gt;Cho thuê kho, nhà xưởng Quận Đống Đa&lt;/a&gt; (&lt;span style=&quot;color:green&quot;&gt;122&lt;/span&gt;)&lt;/li&gt;              &lt;li&gt;&lt;a href=&quot;http://123nhadat.vn/raovat-c25/cho-thue-khach-san-nha-nghi-tai-quan-dong-da-23&quot; title=&quot;Cho thue khach san, nha nghi Quan Dong Da&quot;&gt;Cho thuê khách sạn, nhà nghỉ Quận Đống Đa&lt;/a&gt; (&lt;span style=&quot;color:green&quot;&gt;42&lt;/span&gt;)&lt;/li&gt;              &lt;li&gt;&lt;a href=&quot;http://123nhadat.vn/raovat-c19/cho-thue-biet-thu-tai-quan-dong-da-23&quot; title=&quot;Cho thue biet thu Quan Dong Da&quot;&gt;Cho thuê biệt thự Quận Đống Đa&lt;/a&gt; (&lt;span style=&quot;color:green&quot;&gt;40&lt;/span&gt;)&lt;/li&gt;              &lt;li&gt;&lt;a href=&quot;http://123nhadat.vn/raovat-c6/ban-can-ho-chung-cu-tai-quan-dong-da-23&quot; title=&quot;Ban can ho chung cu Quan Dong Da&quot;&gt;Bán căn hộ chung cư Quận Đống Đa&lt;/a&gt; (&lt;span style=&quot;color:green&quot;&gt;1&lt;/span&gt;)&lt;/li&gt;                               &lt;/ul&gt;&lt;ul xmlns=&quot;http://www.w3.org/1999/xhtml&quot; class=&quot;banquantam&quot;&gt;                            &lt;li&gt;&lt;strong&gt;Nhà đất cho thuê tại Hà Nội&lt;/strong&gt;&lt;/li&gt;                                   &lt;li&gt;&lt;a href=&quot;http://123nhadat.vn/raovat-c18/cho-thue-can-ho-chung-cu-tai-ha-noi-2&quot; title=&quot;Cho thue can ho chung cu Ha Noi&quot;&gt;Cho thuê căn hộ chung cư Hà Nội&lt;/a&gt; (&lt;span style=&quot;color:green&quot;&gt;188752&lt;/span&gt;)&lt;/li&gt;               &lt;li&gt;&lt;a href=&quot;http://123nhadat.vn/raovat-c17/cho-thue-nha-rieng-tai-ha-noi-2&quot; title=&quot;Cho thue nha rieng Ha Noi&quot;&gt;Cho thuê nhà riêng Hà Nội&lt;/a&gt; (&lt;span style=&quot;color:green&quot;&gt;90706&lt;/span&gt;)&lt;/li&gt;               &lt;li&gt;&lt;a href=&quot;http://123nhadat.vn/raovat-c4/cho-thue-van-phong-tai-ha-noi-2&quot; title=&quot;Cho thue van phong Ha Noi&quot;&gt;Cho thuê văn phòng Hà Nội&lt;/a&gt; (&lt;span style=&quot;color:green&quot;&gt;57187&lt;/span&gt;)&lt;/li&gt;               &lt;li&gt;&lt;a href=&quot;http://123nhadat.vn/raovat-c16/cho-thue-nha-mat-pho-tai-ha-noi-2&quot; title=&quot;Cho thue nha mat pho Ha Noi&quot;&gt;Cho thuê nhà mặt phố Hà Nội&lt;/a&gt; (&lt;span style=&quot;color:green&quot;&gt;46787&lt;/span&gt;)&lt;/li&gt;               &lt;li&gt;&lt;a href=&quot;http://123nhadat.vn/raovat-c21/cho-thue-nha-tro-tai-ha-noi-2&quot; title=&quot;Cho thue nha tro,phong tro Ha Noi&quot;&gt;Cho thuê nhà trọ,phòng trọ Hà Nội&lt;/a&gt; (&lt;span style=&quot;color:green&quot;&gt;33483&lt;/span&gt;)&lt;/li&gt;               &lt;li&gt;&lt;a href=&quot;http://123nhadat.vn/raovat-c20/cho-thue-cua-hang-kiot-tai-ha-noi-2&quot; title=&quot;Cho thue cua hang, ki ot Ha Noi&quot;&gt;Cho thuê cửa hàng, ki ốt Hà Nội&lt;/a&gt; (&lt;span style=&quot;color:green&quot;&gt;23080&lt;/span&gt;)&lt;/li&gt;               &lt;li&gt;&lt;a href=&quot;http://123nhadat.vn/raovat-c23/cho-thue-kho-nha-xuong-tai-ha-noi-2&quot; title=&quot;Cho thue kho, nha xuong Ha Noi&quot;&gt;Cho thuê kho, nhà xưởng Hà Nội&lt;/a&gt; (&lt;span style=&quot;color:green&quot;&gt;16794&lt;/span&gt;)&lt;/li&gt;               &lt;li&gt;&lt;a href=&quot;http://123nhadat.vn/raovat-c24/cho-thue-dat-tai-ha-noi-2&quot; title=&quot;Cho thue dat Ha Noi&quot;&gt;Cho thuê đất Hà Nội&lt;/a&gt; (&lt;span style=&quot;color:green&quot;&gt;2763&lt;/span&gt;)&lt;/li&gt;               &lt;li&gt;&lt;a href=&quot;http://123nhadat.vn/raovat-c26/cho-thue-loai-bat-dong-san-khac-tai-ha-noi-2&quot; title=&quot;Cho thue loai bat dong san khac Ha Noi&quot;&gt;Cho thuê loại bất động sản khác Hà Nội&lt;/a&gt; (&lt;span style=&quot;color:green&quot;&gt;1148&lt;/span&gt;)&lt;/li&gt;               &lt;li&gt;&lt;a href=&quot;http://123nhadat.vn/raovat-c19/cho-thue-biet-thu-tai-ha-noi-2&quot; title=&quot;Cho thue biet thu Ha Noi&quot;&gt;Cho thuê biệt thự Hà Nội&lt;/a&gt; (&lt;span style=&quot;color:green&quot;&gt;1035&lt;/span&gt;)&lt;/li&gt;               &lt;li&gt;&lt;a href=&quot;http://123nhadat.vn/raovat-c25/cho-thue-khach-san-nha-nghi-tai-ha-noi-2&quot; title=&quot;Cho thue khach san, nha nghi Ha Noi&quot;&gt;Cho thuê khách sạn, nhà nghỉ Hà Nội&lt;/a&gt; (&lt;span style=&quot;color:green&quot;&gt;292&lt;/span&gt;)&lt;/li&gt;                                                                          &lt;/ul&gt;" SourceIndex="2512;2615" TableNum="0" TextLen="951" order="86" xPath="/html[1]/body[1]/div[1]/div[4]/div[1]/div[1]/div[14]/div[2]/ul[1]"/>
<LayoutNode BgColor="#ffffff" ContainImg="0" ContainP="0" ContainTable="false" Content="  Cho thuê văn phòng tại Hà Nội:Huyện Phú XuyênHuyện Ứng HòaHuyện Phúc ThọHuyện Thanh OaiHuyện Quốc OaiThị xã Sơn TâyHuyện Thạch ThấtHuyện Thường TínHuyện Đan PhượngHuyện Mê LinhHuyện Chương MỹHuyện Sóc SơnHuyện Đông AnhHuyện Gia LâmHuyện Hoài ĐứcHuyện Thanh TrìQuận Bắc Từ LiêmQuận Long BiênQuận Hà ĐôngQuận Tây HồQuận Hoàng MaiHuyện Từ LiêmQuận Hoàn KiếmQuận Thanh XuânQuận Hai Bà TrưngQuận Ba ĐìnhQuận Cầu Giấy " DOMCldNum="3" DoC="8" FontSize="13" FontWeight="normal" FormNum="0" FormSize="0" FrameSourceIndex="0" ID="1-21" InteractionNum="0" InteractionSize="0" IsImg="false" LinkNum="54" LinkTextLen="381" ObjectHeight="104" ObjectRectHeight="104" ObjectRectLeft="0" ObjectRectTop="6655" ObjectRectWidth="1420" ObjectWidth="958" ObjectX="251" ObjectY="6655" OptionNum="0" OptionTextLength="0" ParaNum="0" SRC="&lt;ul xmlns=&quot;http://www.w3.org/1999/xhtml&quot;&gt;                    &lt;li&gt;  &lt;strong&gt;Cho thuê văn phòng tại Hà Nội:&lt;/strong&gt;&lt;/li&gt;                         &lt;li&gt;&lt;a href=&quot;http://123nhadat.vn/raovat-c4/cho-thue-van-phong-tai-huyen-phu-xuyen-311&quot; title=&quot;Cho thue van phong Huyen Phu Xuyen&quot;&gt;Huyện Phú Xuyên&lt;/a&gt;&lt;/li&gt;                         &lt;li&gt;&lt;a href=&quot;http://123nhadat.vn/raovat-c4/cho-thue-van-phong-tai-huyen-ung-hoa-310&quot; title=&quot;Cho thue van phong Huyen Ung Hoa&quot;&gt;Huyện Ứng Hòa&lt;/a&gt;&lt;/li&gt;                         &lt;li&gt;&lt;a href=&quot;http://123nhadat.vn/raovat-c4/cho-thue-van-phong-tai-huyen-phuc-tho-301&quot; title=&quot;Cho thue van phong Huyen Phuc Tho&quot;&gt;Huyện Phúc Thọ&lt;/a&gt;&lt;/li&gt;                         &lt;li&gt;&lt;a href=&quot;http://123nhadat.vn/raovat-c4/cho-thue-van-phong-tai-huyen-thanh-oai-307&quot; title=&quot;Cho thue van phong Huyen Thanh Oai&quot;&gt;Huyện Thanh Oai&lt;/a&gt;&lt;/li&gt;                         &lt;li&gt;&lt;a href=&quot;http://123nhadat.vn/raovat-c4/cho-thue-van-phong-tai-huyen-quoc-oai-305&quot; title=&quot;Cho thue van phong Huyen Quoc Oai&quot;&gt;Huyện Quốc Oai&lt;/a&gt;&lt;/li&gt;                         &lt;li&gt;&lt;a href=&quot;http://123nhadat.vn/raovat-c4/cho-thue-van-phong-tai-thanh-pho-son-tay-313&quot; title=&quot;Cho thue van phong Thi xa Son Tay&quot;&gt;Thị xã Sơn Tây&lt;/a&gt;&lt;/li&gt;                         &lt;li&gt;&lt;a href=&quot;http://123nhadat.vn/raovat-c4/cho-thue-van-phong-tai-huyen-thach-that-303&quot; title=&quot;Cho thue van phong Huyen Thach That&quot;&gt;Huyện Thạch Thất&lt;/a&gt;&lt;/li&gt;                         &lt;li&gt;&lt;a href=&quot;http://123nhadat.vn/raovat-c4/cho-thue-van-phong-tai-huyen-thuong-tin-308&quot; title=&quot;Cho thue van phong Huyen Thuong Tin&quot;&gt;Huyện Thường Tín&lt;/a&gt;&lt;/li&gt;                         &lt;li&gt;&lt;a href=&quot;http://123nhadat.vn/raovat-c4/cho-thue-van-phong-tai-huyen-dan-phuong-302&quot; title=&quot;Cho thue van phong Huyen Dan Phuong&quot;&gt;Huyện Đan Phượng&lt;/a&gt;&lt;/li&gt;                         &lt;li&gt;&lt;a href=&quot;http://123nhadat.vn/raovat-c4/cho-thue-van-phong-tai-me-linh-687&quot; title=&quot;Cho thue van phong Huyen Me Linh&quot;&gt;Huyện Mê Linh&lt;/a&gt;&lt;/li&gt;                         &lt;li&gt;&lt;a href=&quot;http://123nhadat.vn/raovat-c4/cho-thue-van-phong-tai-huyen-chuong-my-306&quot; title=&quot;Cho thue van phong Huyen Chuong My&quot;&gt;Huyện Chương Mỹ&lt;/a&gt;&lt;/li&gt;                         &lt;li&gt;&lt;a href=&quot;http://123nhadat.vn/raovat-c4/cho-thue-van-phong-tai-quan-soc-son-32&quot; title=&quot;Cho thue van phong Huyen Soc Son&quot;&gt;Huyện Sóc Sơn&lt;/a&gt;&lt;/li&gt;                         &lt;li&gt;&lt;a href=&quot;http://123nhadat.vn/raovat-c4/cho-thue-van-phong-tai-quan-dong-anh-28&quot; title=&quot;Cho thue van phong Huyen Dong Anh&quot;&gt;Huyện Đông Anh&lt;/a&gt;&lt;/li&gt;                         &lt;li&gt;&lt;a href=&quot;http://123nhadat.vn/raovat-c4/cho-thue-van-phong-tai-quan-gia-lam-29&quot; title=&quot;Cho thue van phong Huyen Gia Lam&quot;&gt;Huyện Gia Lâm&lt;/a&gt;&lt;/li&gt;                         &lt;li&gt;&lt;a href=&quot;http://123nhadat.vn/raovat-c4/cho-thue-van-phong-tai-huyen-hoai-duc-304&quot; title=&quot;Cho thue van phong Huyen Hoai Duc&quot;&gt;Huyện Hoài Đức&lt;/a&gt;&lt;/li&gt;                         &lt;li&gt;&lt;a href=&quot;http://123nhadat.vn/raovat-c4/cho-thue-van-phong-tai-quan-thanh-tri-30&quot; title=&quot;Cho thue van phong Huyen Thanh Tri&quot;&gt;Huyện Thanh Trì&lt;/a&gt;&lt;/li&gt;                         &lt;li&gt;&lt;a href=&quot;http://123nhadat.vn/raovat-c4/cho-thue-van-phong-tai-quan-bac-tu-liem-21933&quot; title=&quot;Cho thue van phong Quan Bac Tu Liem&quot;&gt;Quận Bắc Từ Liêm&lt;/a&gt;&lt;/li&gt;                         &lt;li&gt;&lt;a href=&quot;http://123nhadat.vn/raovat-c4/cho-thue-van-phong-tai-quan-long-bien-34&quot; title=&quot;Cho thue van phong Quan Long Bien&quot;&gt;Quận Long Biên&lt;/a&gt;&lt;/li&gt;                         &lt;li&gt;&lt;a href=&quot;http://123nhadat.vn/raovat-c4/cho-thue-van-phong-tai-quan-ha-dong-35&quot; title=&quot;Cho thue van phong Quan Ha Dong&quot;&gt;Quận Hà Đông&lt;/a&gt;&lt;/li&gt;                         &lt;li&gt;&lt;a href=&quot;http://123nhadat.vn/raovat-c4/cho-thue-van-phong-tai-quan-tay-ho-26&quot; title=&quot;Cho thue van phong Quan Tay Ho&quot;&gt;Quận Tây Hồ&lt;/a&gt;&lt;/li&gt;                         &lt;li&gt;&lt;a href=&quot;http://123nhadat.vn/raovat-c4/cho-thue-van-phong-tai-quan-hoang-mai-33&quot; title=&quot;Cho thue van phong Quan Hoang Mai&quot;&gt;Quận Hoàng Mai&lt;/a&gt;&lt;/li&gt;                         &lt;li&gt;&lt;a href=&quot;http://123nhadat.vn/raovat-c4/cho-thue-van-phong-tai-quan-tu-liem-31&quot; title=&quot;Cho thue van phong Huyen Tu Liem&quot;&gt;Huyện Từ Liêm&lt;/a&gt;&lt;/li&gt;                         &lt;li&gt;&lt;a href=&quot;http://123nhadat.vn/raovat-c4/cho-thue-van-phong-tai-quan-hoan-kiem-25&quot; title=&quot;Cho thue van phong Quan Hoan Kiem&quot;&gt;Quận Hoàn Kiếm&lt;/a&gt;&lt;/li&gt;                         &lt;li&gt;&lt;a href=&quot;http://123nhadat.vn/raovat-c4/cho-thue-van-phong-tai-quan-thanh-xuan-27&quot; title=&quot;Cho thue van phong Quan Thanh Xuan&quot;&gt;Quận Thanh Xuân&lt;/a&gt;&lt;/li&gt;                         &lt;li&gt;&lt;a href=&quot;http://123nhadat.vn/raovat-c4/cho-thue-van-phong-tai-quan-hai-ba-trung-24&quot; title=&quot;Cho thue van phong Quan Hai Ba Trung&quot;&gt;Quận Hai Bà Trưng&lt;/a&gt;&lt;/li&gt;                         &lt;li&gt;&lt;a href=&quot;http://123nhadat.vn/raovat-c4/cho-thue-van-phong-tai-quan-ba-dinh-21&quot; title=&quot;Cho thue van phong Quan Ba Dinh&quot;&gt;Quận Ba Đình&lt;/a&gt;&lt;/li&gt;                         &lt;li&gt;&lt;a href=&quot;http://123nhadat.vn/raovat-c4/cho-thue-van-phong-tai-quan-cau-giay-22&quot; title=&quot;Cho thue van phong Quan Cau Giay&quot;&gt;Quận Cầu Giấy&lt;/a&gt;&lt;/li&gt;                     &lt;/ul&gt;" SourceIndex="3598" TableNum="0" TextLen="413" order="87" xPath="/html[1]/body[1]/div[1]/div[4]/div[3]/div[1]/ul[1]"/>
<LayoutNode BgColor="#5eab1f" ContainImg="0" ContainP="0" ContainTable="false" Content="Báo giá quảng cáo Quy chế đăng tin Quy chế hoạt động Câu hỏi thường gặp Hỗ trợ - góp ý Tuyển dụng Rss " DOMCldNum="13" DoC="5" FontSize="13" FontWeight="normal" FormNum="0" FormSize="0" FrameSourceIndex="0" ID="1-22" InteractionNum="0" InteractionSize="0" IsImg="false" LinkNum="14" LinkTextLen="95" ObjectHeight="34" ObjectRectHeight="34" ObjectRectLeft="0" ObjectRectTop="6802" ObjectRectWidth="1420" ObjectWidth="1000" ObjectX="210" ObjectY="6802" OptionNum="0" OptionTextLength="0" ParaNum="0" SRC="&lt;div xmlns=&quot;http://www.w3.org/1999/xhtml&quot; class=&quot;menu_bottom&quot;&gt;                &lt;ul&gt;                                                                                      &lt;li&gt;&lt;a href=&quot;http://123nhadat.vn/bao-gia-quang-cao&quot;&gt;Báo giá quảng cáo&lt;/a&gt;&lt;/li&gt;                    &lt;li&gt;&lt;a href=&quot;http://123nhadat.vn/quy-che-dang-tin&quot;&gt;Quy chế đăng tin&lt;/a&gt;&lt;/li&gt;                    &lt;li&gt;&lt;a href=&quot;http://123nhadat.vn/quy-che-hoat-dong&quot;&gt;Quy chế hoạt động&lt;/a&gt;&lt;/li&gt;                    &lt;li&gt;&lt;a href=&quot;http://blog.123nhadat.vn/category/hoi-dap/&quot;&gt;Câu hỏi thường gặp&lt;/a&gt;&lt;/li&gt;                    &lt;li&gt;&lt;a href=&quot;http://123nhadat.vn/contact.html&quot;&gt;Hỗ trợ - góp ý&lt;/a&gt;&lt;/li&gt;                    &lt;li&gt;&lt;a href=&quot;http://123nhadat.vn/tuyen-dung&quot;&gt;Tuyển dụng&lt;/a&gt;&lt;/li&gt;                    &lt;li&gt;&lt;a href=&quot;http://123nhadat.vn/rss&quot;&gt;Rss&lt;/a&gt;&lt;/li&gt;                &lt;/ul&gt;            &lt;/div&gt;" SourceIndex="3725" TableNum="0" TextLen="95" order="88" xPath="/html[1]/body[1]/div[1]/div[4]/div[3]/div[3]"/>
<LayoutNode BgColor="#ffffff" ContainImg="0" ContainP="0" ContainTable="false" Content="Copyright © 2011 - 2017 123nhadat.vn. ® Ghi rõ nguồn &quot;123nhadat.vn&quot; khi phát hành lại thông tin từ website này. " DOMCldNum="18" DoC="10" FontSize="13" FontWeight="normal" FormNum="0" FormSize="0" FrameSourceIndex="0" ID="1-23" InteractionNum="0" InteractionSize="0" IsImg="false" LinkNum="0" LinkTextLen="0" ObjectHeight="16" ObjectRectHeight="16" ObjectRectLeft="0" ObjectRectTop="6857" ObjectRectWidth="1420" ObjectWidth="231" ObjectX="381" ObjectY="6857" OptionNum="0" OptionTextLength="0" ParaNum="0" SRC="Copyright © 2011 - 2017 123nhadat.vn. &lt;span xmlns=&quot;http://www.w3.org/1999/xhtml&quot; class=&quot;khonghien_mobile&quot;&gt;® Ghi rõ nguồn &quot;123nhadat.vn&quot; khi phát hành lại thông tin từ website này.&lt;/span&gt;" SourceIndex="0;3766" TableNum="0" TextLen="111" order="89" xPath="No Xpath"/>
<LayoutNode BgColor="#ffffff" ContainImg="0" ContainP="0" ContainTable="false" Content="Công ty Cổ phần Truyền thông và Công nghệ Nguyễn Trần " DOMCldNum="18" DoC="8" FontSize="13" FontWeight="normal" FormNum="0" FormSize="0" FrameSourceIndex="0" ID="1-24" InteractionNum="0" InteractionSize="0" IsImg="false" LinkNum="0" LinkTextLen="0" ObjectHeight="16" ObjectRectHeight="16" ObjectRectLeft="0" ObjectRectTop="6883" ObjectRectWidth="1420" ObjectWidth="364" ObjectX="528" ObjectY="6883" OptionNum="0" OptionTextLength="0" ParaNum="0" SRC="&lt;span xmlns=&quot;http://www.w3.org/1999/xhtml&quot; class=&quot;khonghien_mobile&quot;&gt;&lt;b&gt;Công ty Cổ phần Truyền thông và Công nghệ Nguyễn Trần&lt;/b&gt;&lt;br/&gt;&lt;/span&gt;" SourceIndex="3770" TableNum="0" TextLen="53" order="90" xPath="/html[1]/body[1]/div[1]/div[4]/div[3]/div[4]/p[1]/span[2]"/>
<LayoutNode BgColor="#ffffff" ContainImg="0" ContainP="0" ContainTable="false" Content="Giấy chứng nhận ĐKKD số 0106006379 do Sở Kế hoạch &amp; Đầu tư TP.Hà Nội cấp " DOMCldNum="18" DoC="8" FontSize="13" FontWeight="normal" FormNum="0" FormSize="0" FrameSourceIndex="0" ID="1-25" InteractionNum="0" InteractionSize="0" IsImg="false" LinkNum="0" LinkTextLen="0" ObjectHeight="16" ObjectRectHeight="16" ObjectRectLeft="0" ObjectRectTop="6909" ObjectRectWidth="1420" ObjectWidth="477" ObjectX="471" ObjectY="6909" OptionNum="0" OptionTextLength="0" ParaNum="0" SRC="&lt;span xmlns=&quot;http://www.w3.org/1999/xhtml&quot; class=&quot;khonghien_mobile&quot;&gt;Giấy chứng nhận ĐKKD số 0106006379 do Sở Kế hoạch &amp; Đầu tư TP.Hà Nội cấp&lt;br/&gt;&lt;/span&gt;" SourceIndex="3775" TableNum="0" TextLen="72" order="91" xPath="/html[1]/body[1]/div[1]/div[4]/div[3]/div[4]/p[1]/span[3]"/>
<LayoutNode BgColor="#ffffff" ContainImg="0" ContainP="0" ContainTable="false" Content="Địa chỉ: Số 13 ngõ 189 Hoàng Hoa Thám,phường Liễu Giai,quận Ba Đình, Hà Nội " DOMCldNum="18" DoC="8" FontSize="13" FontWeight="normal" FormNum="0" FormSize="0" FrameSourceIndex="0" ID="1-26" InteractionNum="0" InteractionSize="0" IsImg="false" LinkNum="0" LinkTextLen="0" ObjectHeight="16" ObjectRectHeight="16" ObjectRectLeft="0" ObjectRectTop="6935" ObjectRectWidth="1420" ObjectWidth="472" ObjectX="474" ObjectY="6935" OptionNum="0" OptionTextLength="0" ParaNum="0" SRC="&lt;span xmlns=&quot;http://www.w3.org/1999/xhtml&quot; class=&quot;khonghien_mobile&quot;&gt;Địa chỉ: Số 13 ngõ 189 Hoàng Hoa Thám,phường Liễu Giai,quận Ba Đình, Hà Nội&lt;br/&gt;&lt;/span&gt;" SourceIndex="3779" TableNum="0" TextLen="75" order="92" xPath="/html[1]/body[1]/div[1]/div[4]/div[3]/div[4]/p[1]/span[4]"/>
<LayoutNode BgColor="#ffffff" ContainImg="2" ContainP="0" ContainTable="false" DOMCldNum="18" DoC="7" FontSize="13" FontWeight="normal" FormNum="0" FormSize="0" FrameSourceIndex="0" ID="1-27" InteractionNum="0" InteractionSize="0" IsImg="false" LinkNum="0" LinkTextLen="0" ObjectRectHeight="135" ObjectRectLeft="0" ObjectRectTop="6956" ObjectRectWidth="1420" OptionNum="0" OptionTextLength="0" ParaNum="0" SourceIndex="3764" TableNum="0" TextLen="165" order="93">
<LayoutNode BgColor="#ffffff" ContainImg="0" ContainP="0" ContainTable="false" DOMCldNum="18" DoC="8" FontSize="13" FontWeight="normal" FormNum="0" FormSize="0" FrameSourceIndex="0" ID="1-27-1" InteractionNum="0" InteractionSize="0" IsImg="false" LinkNum="0" LinkTextLen="0" ObjectRectHeight="135" ObjectRectLeft="0" ObjectRectTop="6956" ObjectRectWidth="881" OptionNum="0" OptionTextLength="0" ParaNum="0" SourceIndex="3764" TableNum="0" TextLen="165" order="94">
<LayoutNode BgColor="#ffffff" ContainImg="0" ContainP="0" ContainTable="false" Content="Thời gian làm việc: 8h đến 17h ngày Thứ 2 đến thứ 6 ,Thứ 7 từ 8h đến 12h. " DOMCldNum="18" DoC="8" FontSize="13" FontWeight="normal" FormNum="0" FormSize="0" FrameSourceIndex="0" ID="1-27-1-1" InteractionNum="0" InteractionSize="0" IsImg="false" LinkNum="0" LinkTextLen="0" ObjectHeight="16" ObjectRectHeight="21" ObjectRectLeft="0" ObjectRectTop="6956" ObjectRectWidth="881" ObjectWidth="443" ObjectX="438" ObjectY="6961" OptionNum="0" OptionTextLength="0" ParaNum="0" SRC="&lt;span xmlns=&quot;http://www.w3.org/1999/xhtml&quot; class=&quot;khonghien_mobile&quot;&gt;Thời gian làm việc: 8h đến 17h ngày Thứ 2 đến thứ 6 ,Thứ 7 từ 8h đến 12h.&lt;br/&gt;&lt;/span&gt;" SourceIndex="3786" TableNum="0" TextLen="73" order="95" xPath="/html[1]/body[1]/div[1]/div[4]/div[3]/div[4]/p[1]/span[5]"/>
<LayoutNode BgColor="#ffffff" ContainImg="0" ContainP="0" ContainTable="false" Content="Hotline: 09.1800.8589 | Email: contact@123nhadat.vn " DOMCldNum="18" DoC="10" FontSize="13" FontWeight="normal" FormNum="0" FormSize="0" FrameSourceIndex="0" ID="1-27-1-2" InteractionNum="0" InteractionSize="0" IsImg="false" LinkNum="0" LinkTextLen="0" ObjectHeight="16" ObjectRectHeight="16" ObjectRectLeft="0" ObjectRectTop="6987" ObjectRectWidth="881" ObjectWidth="312" ObjectX="504" ObjectY="6987" OptionNum="0" OptionTextLength="0" ParaNum="0" SRC="Hotline: 09.1800.8589 | Email: contact@123nhadat.vn" SourceIndex="0" TableNum="0" TextLen="51" order="96" xPath="No Xpath"/>
<LayoutNode BgColor="#ffffff" ContainImg="0" ContainP="0" ContainTable="false" Content="Tel : 02437.123.666 | Fax : 02437.123.555 " DOMCldNum="18" DoC="10" FontSize="13" FontWeight="normal" FormNum="0" FormSize="0" FrameSourceIndex="0" ID="1-27-1-3" InteractionNum="0" InteractionSize="0" IsImg="false" LinkNum="0" LinkTextLen="0" ObjectHeight="16" ObjectRectHeight="78" ObjectRectLeft="0" ObjectRectTop="7013" ObjectRectWidth="881" ObjectWidth="245" ObjectX="537" ObjectY="7013" OptionNum="0" OptionTextLength="0" ParaNum="0" SRC="Tel : 02437.123.666 | Fax : 02437.123.555" SourceIndex="0" TableNum="0" TextLen="41" order="97" xPath="No Xpath"/>
</LayoutNode>
<LayoutNode BgColor="#ffffff" ContainImg="2" ContainP="0" ContainTable="false" Content=" " DOMCldNum="1" DoC="8" FontSize="13" FontWeight="normal" FormNum="0" FormSize="0" FrameSourceIndex="0" ID="1-27-2" InteractionNum="0" InteractionSize="0" IsImg="true" LinkNum="0" LinkTextLen="0" ObjectHeight="65" ObjectRectHeight="135" ObjectRectLeft="1110" ObjectRectTop="6956" ObjectRectWidth="310" ObjectWidth="100" ObjectX="1110" ObjectY="6956" OptionNum="0" OptionTextLength="0" ParaNum="0" SRC="&lt;img xmlns=&quot;http://www.w3.org/1999/xhtml&quot; alt=&quot;&quot; src=&quot;http://123nhadat.vn/images/s1.png&quot;/&gt;" SourceIndex="7648" TableNum="0" TextLen="0" order="98" xPath="/html[1]/body[1]/div[1]/div[4]/div[3]/div[4]/p[1]/a[1]/img[1]"/>
</LayoutNode>
</LayoutNode>
</VIPSPage>
