<VIPSPage PageRectHeight="980" PageRectLeft="0" PageRectTop="0" PageRectWidth="1420" PageTitle="TRẦN CUNG - LÔ GÓC - GARA Ô TÔ - GẦN PHỐ - 8.5 TỶ - Kênh thông tin bất động sản" Url="https://bannha.net/tran-cung-lo-goc-gara-o-to-gan-pho-8-5-ty" WindowHeight="980" WindowWidth="1420" neworder="0" order="0">
<LayoutNode BgColor="#ffffff" ContainImg="10" ContainP="27" ContainTable="false" DOMCldNum="5" DoC="1" FontSize="16" FontWeight="400" FormNum="2" FormSize="20" FrameSourceIndex="0" ID="1" InteractionNum="0" InteractionSize="0" IsImg="false" LinkNum="217" LinkTextLen="1894" ObjectRectHeight="10274" ObjectRectLeft="0" ObjectRectTop="0" ObjectRectWidth="1420" OptionNum="0" OptionTextLength="0" ParaNum="7" SourceIndex="155" TableNum="0" TextLen="4970" order="1">
<LayoutNode BgColor="#ffffff" ContainImg="0" ContainP="4" ContainTable="false" Content="Thông báo về việc nạp tiền và kiểm duyệt tin đăng! Do tình hình rất nhiều tin rao Spam một ngày, hiện google đang kiểm duyệt và phạt rất nặng nhiều website không có nội dung tốt. Nên Bannha.net hiện đang thực hiện kiểm duyệt tin rất chặt chẽ, nếu tin của bạn không hiển thị xin hãy nhắn tin hay gọi điện để chúng tôi hỗ trợ. Hoặc xin hãy nạp tiền vào tài khoản ít nhất 20k là bạn có thể tự động duyệt tin đăng mỗi ngày nhé. Hiện chúng tôi đã tích hợp rất nhiểu phương thức thanh toán, đảm bảo tài khoản của bạn sẽ lập tức nhận được tiền sau khi thực hiện thanh toán. Link nạp tiền tại đây: https://bannha.net/tai-khoan/nap-tien Xin lỗi vì sự việc này. Chúc các bạn thành công! " DOMCldNum="5" DoC="9" FontSize="16" FontWeight="400" FormNum="0" FormSize="0" FrameSourceIndex="0" ID="1-1" InteractionNum="0" InteractionSize="0" IsImg="false" LinkNum="1" LinkTextLen="37" ObjectHeight="30" ObjectRectHeight="290" ObjectRectLeft="0" ObjectRectTop="0" ObjectRectWidth="1420" ObjectWidth="1412" ObjectX="0" ObjectY="16" OptionNum="0" OptionTextLength="0" ParaNum="4" SRC="&lt;p&gt;Thông báo về việc nạp tiền và kiểm duyệt tin đăng!&lt;/p&gt;&lt;p&gt;Do tình hình rất nhiều tin rao Spam một ngày, hiện google đang kiểm duyệt và phạt rất nặng nhiều website không có nội dung tốt.&lt;/p&gt;&lt;p&gt;Nên Bannha.net hiện đang thực hiện kiểm duyệt tin rất chặt chẽ, nếu tin của bạn không hiển thị xin hãy nhắn tin hay gọi điện để chúng tôi hỗ trợ. Hoặc xin hãy nạp tiền vào tài khoản ít nhất 20k là bạn có thể tự động duyệt tin đăng mỗi ngày nhé.&lt;/p&gt;Hiện chúng tôi đã tích hợp rất nhiểu phương thức thanh toán, đảm bảo tài khoản của bạn sẽ lập tức nhận được tiền sau khi thực hiện thanh toán. Link nạp tiền tại đây: &lt;a href=&quot;https://bannha.net/tai-khoan/nap-tien&quot;&gt;https://bannha.net/tai-khoan/nap-tien&lt;/a&gt;&lt;p&gt;Xin lỗi vì sự việc này. Chúc các bạn thành công!&lt;/p&gt;" SourceIndex="155" TableNum="0" TextLen="671" order="2" xPath="/html[1]/body[1]/div[1]/div[2]/div[1]/div[1]/div[1]/p[1]"/>
<LayoutNode BgColor="#ffffff" ContainImg="0" ContainP="0" ContainTable="false" Content="Trang chủNhà đất bánTRẦN CUNG – LÔ GÓC – GARA Ô TÔ – GẦN PHỐ – 8.5 TỶ " DOMCldNum="1" DoC="8" FontSize="16" FontWeight="400" FormNum="0" FormSize="0" FrameSourceIndex="0" ID="1-2" InteractionNum="0" InteractionSize="0" IsImg="false" LinkNum="4" LinkTextLen="20" ObjectHeight="90" ObjectRectHeight="90" ObjectRectLeft="0" ObjectRectTop="322" ObjectRectWidth="1420" ObjectWidth="1110" ObjectX="140" ObjectY="322" OptionNum="0" OptionTextLength="0" ParaNum="0" SRC="&lt;div class=&quot;container&quot;&gt;&lt;ul class=&quot;breadcrumb&quot; id=&quot;breadcrumb&quot;&gt;&lt;li class=&quot;breadcrumb-item home&quot;&gt;&lt;a href=&quot;https://bannha.net&quot; title=&quot;Trang chủ&quot;&gt;Trang chủ&lt;/a&gt;&lt;/li&gt;&lt;li class=&quot;breadcrumb-item&quot;&gt;&lt;a href=&quot;https://bannha.net/nha-dat-ban&quot; title=&quot;Nhà đất bán&quot;&gt;Nhà đất bán&lt;/a&gt;&lt;/li&gt;&lt;li class=&quot;breadcrumb-item active&quot;&gt;TRẦN CUNG – LÔ GÓC – GARA Ô TÔ – GẦN PHỐ – 8.5 TỶ&lt;/li&gt;&lt;/ul&gt;&lt;/div&gt;" SourceIndex="172" TableNum="0" TextLen="71" order="3" xPath="/html[1]/body[1]/div[1]/div[2]/div[2]/div[1]"/>
<LayoutNode BgColor="#ffffff" ContainImg="0" ContainP="13" ContainTable="false" DOMCldNum="2" DoC="7" FontSize="16" FontWeight="400" FormNum="0" FormSize="0" FrameSourceIndex="0" ID="1-3" InteractionNum="0" InteractionSize="0" IsImg="false" LinkNum="24" LinkTextLen="119" ObjectRectHeight="387" ObjectRectLeft="0" ObjectRectTop="779" ObjectRectWidth="1420" OptionNum="0" OptionTextLength="0" ParaNum="0" SourceIndex="187" TableNum="0" TextLen="261" order="4">
<LayoutNode BgColor="#ffffff" ContainImg="0" ContainP="0" ContainTable="false" Content="Hình ảnh Bản đồ " DOMCldNum="2" DoC="7" FontSize="16" FontWeight="400" FormNum="0" FormSize="0" FrameSourceIndex="0" ID="1-3-1" InteractionNum="0" InteractionSize="0" IsImg="false" LinkNum="4" LinkTextLen="15" ObjectHeight="30" ObjectRectHeight="30" ObjectRectLeft="0" ObjectRectTop="779" ObjectRectWidth="1420" ObjectWidth="437" ObjectX="170" ObjectY="779" OptionNum="0" OptionTextLength="0" ParaNum="0" SRC="Hình ảnh Bản đồ" SourceIndex="0" TableNum="0" TextLen="15" order="5" xPath="No Xpath"/>
<LayoutNode BgColor="#ffffff" ContainImg="0" ContainP="13" ContainTable="false" Content="TRẦN CUNG – LÔ GÓC – GARA Ô TÔ – GẦN PHỐ – 8.5 TỶ Phố Trần Cung, Phường Nghĩa Tân, Quận Cầu Giấy, Hà Nội " DOMCldNum="1" DoC="8" FontSize="16" FontWeight="400" FormNum="0" FormSize="0" FrameSourceIndex="0" ID="1-3-2" InteractionNum="0" InteractionSize="0" IsImg="false" LinkNum="20" LinkTextLen="104" ObjectHeight="331" ObjectRectHeight="340" ObjectRectLeft="0" ObjectRectTop="826" ObjectRectWidth="1420" ObjectWidth="270" ObjectX="187" ObjectY="826" OptionNum="0" OptionTextLength="0" ParaNum="0" SRC="&lt;div class=&quot;border pt-3 px-3 pb-2 mb-4&quot;&gt;&lt;h1 class=&quot;h5 text-primary mb-3&quot;&gt;TRẦN CUNG – LÔ GÓC – GARA Ô TÔ – GẦN PHỐ – 8.5 TỶ&lt;/h1&gt;&lt;div class=&quot;h6 font-weight-normal border-bottom d-flex pb-3 mb-3&quot;&gt;&lt;i class=&quot;fas fa-map-marker-alt mr-2&quot;/&gt;&lt;div&gt;&lt;a class=&quot;text-body&quot; href=&quot;https://bannha.net/ban-nha/ha-noi/cau-giay/tran-cung&quot; rel=&quot;nofollow&quot;&gt;Phố Trần Cung&lt;/a&gt;, &lt;a class=&quot;text-body&quot; href=&quot;https://bannha.net/ban-nha/ha-noi/cau-giay/nghia-tan&quot; rel=&quot;nofollow&quot;&gt;Phường Nghĩa Tân&lt;/a&gt;, &lt;a class=&quot;text-body&quot; href=&quot;https://bannha.net/ban-nha/ha-noi/cau-giay&quot; rel=&quot;nofollow&quot;&gt;Quận Cầu Giấy&lt;/a&gt;, &lt;a class=&quot;text-body&quot; href=&quot;https://bannha.net/ban-nha/ha-noi&quot; rel=&quot;nofollow&quot;&gt; Hà Nội&lt;/a&gt;&lt;/div&gt;&lt;/div&gt;&lt;p class=&quot;row pb-1 mb-2&quot;&gt;&lt;span class=&quot;col-5 text-muted&quot;&gt;Giá&lt;/span&gt;&lt;span class=&quot;col-7 fw-medium&quot;&gt;8.5 Tỷ&lt;/span&gt;&lt;/p&gt;&lt;p class=&quot;row pb-1 mb-2&quot;&gt;&lt;span class=&quot;col-5 text-muted&quot;&gt;Diện tích&lt;/span&gt;&lt;span class=&quot;col-7 fw-medium&quot;&gt;50 m&lt;sup&gt;2&lt;/sup&gt;&lt;/span&gt;&lt;/p&gt;&lt;p class=&quot;row pb-1 mb-2&quot;&gt;&lt;span class=&quot;col-5 text-muted&quot;&gt;Loại BĐS&lt;/span&gt;&lt;span class=&quot;col-7 fw-medium&quot;&gt;&lt;a href=&quot;https://bannha.net/ban-nha&quot;&gt;Bán nhà                                        &lt;/a&gt;&lt;/span&gt;&lt;/p&gt;&lt;p class=&quot;row pb-1 mb-2&quot;&gt;&lt;span class=&quot;col-5 text-muted&quot;&gt;Ngày đăng&lt;/span&gt;&lt;span class=&quot;col-7 fw-medium&quot;&gt;06/06/2020&lt;/span&gt;&lt;/p&gt;&lt;p class=&quot;row pb-1 mb-2&quot;&gt;&lt;span class=&quot;col-5 text-muted&quot;&gt;Ngày hết hạn&lt;/span&gt;&lt;span class=&quot;col-7 fw-medium&quot;&gt;06/07/2020&lt;/span&gt;&lt;/p&gt;&lt;p class=&quot;row pb-1 mb-2&quot;&gt;&lt;span class=&quot;col-5 text-muted&quot;&gt;Lượt xem&lt;/span&gt;&lt;span class=&quot;col-7 fw-medium&quot;&gt;75&lt;/span&gt;&lt;/p&gt;&lt;p class=&quot;row pb-1 mb-2&quot;&gt;&lt;span class=&quot;col-5 text-muted&quot;&gt;Người đăng&lt;/span&gt;&lt;span class=&quot;col-7 fw-medium&quot;&gt;&lt;a href=&quot;https://bannha.net/author/ngoc-dung&quot;&gt;Ngoc Dung&lt;/a&gt;&lt;/span&gt;&lt;/p&gt;&lt;p class=&quot;row pb-1 mb-2&quot;&gt;&lt;span class=&quot;col-5 text-muted&quot;&gt;Số điện thoại&lt;/span&gt;&lt;span class=&quot;col-7 fw-medium&quot;&gt;&lt;a class=&quot;text-danger&quot; href=&quot;tel:0977967281&quot;&gt;0977967281                                        &lt;/a&gt;&lt;/span&gt;&lt;/p&gt;&lt;/div&gt;" SourceIndex="205" TableNum="0" TextLen="246" order="6" xPath="/html[1]/body[1]/div[1]/div[2]/div[3]/div[1]/div[1]/main[1]/div[1]/div[2]/div[1]"/>
</LayoutNode>
<LayoutNode BgColor="#ffffff" ContainImg="0" ContainP="1" ContainTable="false" DOMCldNum="2" DoC="5" FontSize="16" FontWeight="400" FormNum="0" FormSize="0" FrameSourceIndex="0" ID="1-4" InteractionNum="0" InteractionSize="0" IsImg="false" LinkNum="0" LinkTextLen="0" ObjectRectHeight="172" ObjectRectLeft="0" ObjectRectTop="1190" ObjectRectWidth="1420" OptionNum="0" OptionTextLength="0" ParaNum="1" SourceIndex="291" TableNum="0" TextLen="486" order="7">
<LayoutNode BgColor="#ffffff" ContainImg="0" ContainP="1" ContainTable="false" Content="+ Sổ vuông vắn. + Nhà gần phố, gần ngay Hoàng Quốc Việt. + Thiết kế Gara Ô TÔ vào nhà. + Trước nhà Ô TÔ tránh. + Nhà lô góc, trổ nhiều cửa sổ thoáng mát. + Thiết kế. – Tầng 1: Gara. – Tầng 2: Khách + Bếp. – Tầng 3,4 tổng 4 phòng ngủ. – Tầng 5: Phòng thờ, sân phơi. + Diện tích: 50m2, 5 tầng, mặt tiền 5m. + Giá: 8.5 Tỷ. + Pháp lý sạch sẽ. + Liên hệ: Mr Dũng. + Chuyên đất thổ cư khu vực Cầu Giấy, Từ Liêm. – Miễn phí xem nhà, miễn phí tư vấn thủ tục pháp lý. " DOMCldNum="2" DoC="8" FontSize="16" FontWeight="400" FormNum="0" FormSize="0" FrameSourceIndex="0" ID="1-4-1" InteractionNum="0" InteractionSize="0" IsImg="false" LinkNum="0" LinkTextLen="0" ObjectHeight="96" ObjectRectHeight="96" ObjectRectLeft="0" ObjectRectTop="1190" ObjectRectWidth="1420" ObjectWidth="802" ObjectX="155" ObjectY="1190" OptionNum="0" OptionTextLength="0" ParaNum="1" SRC="&lt;p&gt;&lt;span style=&quot;color: #000000;font-family: Arial, Verdana, sans-serif;font-size: 13px;text-align: justify&quot;&gt;+ Sổ vuông vắn. + Nhà gần phố, gần ngay Hoàng Quốc Việt. + Thiết kế Gara Ô TÔ vào nhà. + Trước nhà Ô TÔ tránh. + Nhà lô góc, trổ nhiều cửa sổ thoáng mát. + Thiết kế. – Tầng 1: Gara. – Tầng 2: Khách + Bếp. – Tầng 3,4 tổng 4 phòng ngủ. – Tầng 5: Phòng thờ, sân phơi. + Diện tích: 50m2, 5 tầng, mặt tiền 5m. + Giá: 8.5 Tỷ. + Pháp lý sạch sẽ. + Liên hệ: Mr Dũng. + Chuyên đất thổ cư khu vực Cầu Giấy, Từ Liêm. – Miễn phí xem nhà, miễn phí tư vấn thủ tục pháp lý.&lt;/span&gt;&lt;/p&gt;" SourceIndex="292" TableNum="0" TextLen="455" order="8" xPath="/html[1]/body[1]/div[1]/div[2]/div[3]/div[1]/div[1]/main[1]/div[2]/p[1]"/>
<LayoutNode BgColor="#ffffff" ContainImg="0" ContainP="0" ContainTable="false" Content="Xin đánh giá[Có: 0 Đánh Giá: 0] " DOMCldNum="2" DoC="5" FontSize="16" FontWeight="400" FormNum="0" FormSize="0" FrameSourceIndex="0" ID="1-4-2" InteractionNum="0" InteractionSize="0" IsImg="false" LinkNum="0" LinkTextLen="0" ObjectHeight="60" ObjectRectHeight="60" ObjectRectLeft="0" ObjectRectTop="1302" ObjectRectWidth="1420" ObjectWidth="802" ObjectX="155" ObjectY="1302" OptionNum="0" OptionTextLength="0" ParaNum="0" SRC="&lt;div class=&quot;yasr-auto-insert-visitor&quot; style=&quot;text-align:right&quot;&gt;&lt;div class=&quot;yasr-visitor-votes&quot; id=&quot;yasr_visitor_votes_193298&quot;&gt;&lt;div class=&quot;yasr-container-custom-text-and-visitor-rating&quot;&gt;&lt;span id=&quot;yasr-custom-text-before-visitor-rating&quot;&gt;Xin đánh giá&lt;/span&gt;&lt;/div&gt;&lt;div class=&quot;yasr-rater-stars-visitor-votes&quot; data-cpt=&quot;&quot; data-issingular=&quot;true&quot; data-rater-nonce=&quot;e87fb213b7&quot; data-rater-postid=&quot;193298&quot; data-rater-readonly=&quot;false&quot; data-rater-starsize=&quot;24&quot; data-rating=&quot;0&quot; id=&quot;yasr-visitor-votes-rater-922d5164dcfbe&quot;/&gt;&lt;span class=&quot;yasr-visitor-votes-after-stars-class&quot; id=&quot;yasr-visitor-votes-container-after-stars-922d5164dcfbe&quot;&gt;&lt;span class=&quot;dashicons dashicons-chart-bar yasr-dashicons-visitor-stats&quot; data-postid=&quot;193298&quot; id=&quot;yasr-total-average-dashicon-193298&quot;/&gt;&lt;span class=&quot;yasr-total-average-container&quot; id=&quot;yasr-total-average-text-922d5164dcfbe&quot;&gt;[Có: &lt;span id=&quot;yasr-vv-votes-number-container-922d5164dcfbe&quot;&gt;0&lt;/span&gt;  Đánh Giá: &lt;span id=&quot;yasr-vv-average-container-922d5164dcfbe&quot;&gt;0&lt;/span&gt;]&lt;/span&gt;&lt;/span&gt;&lt;/div&gt;&lt;/div&gt;" SourceIndex="295" TableNum="0" TextLen="31" order="9" xPath="/html[1]/body[1]/div[1]/div[2]/div[3]/div[1]/div[1]/main[1]/div[2]/div[1]"/>
</LayoutNode>
<LayoutNode BgColor="#ffffff" ContainImg="0" ContainP="0" ContainTable="false" Content="Tổng quan Mặt tiền: 5m Đường vào: 7m Số tầng: 5 Số phòng ngủ: 4 " DOMCldNum="10" DoC="8" FontSize="16" FontWeight="400" FormNum="0" FormSize="0" FrameSourceIndex="0" ID="1-5" InteractionNum="0" InteractionSize="0" IsImg="false" LinkNum="0" LinkTextLen="0" ObjectHeight="189" ObjectRectHeight="189" ObjectRectLeft="0" ObjectRectTop="1386" ObjectRectWidth="1420" ObjectWidth="802" ObjectX="155" ObjectY="1386" OptionNum="0" OptionTextLength="0" ParaNum="0" SRC="&lt;section class=&quot;mb-3&quot;&gt;&lt;h4 class=&quot;h5 mb-3&quot;&gt;Tổng quan&lt;/h4&gt;&lt;div class=&quot;row&quot;&gt;&lt;div class=&quot;col-12 col-sm-6 col-lg-3 mb-2&quot;&gt;&lt;i class=&quot;fas fa-arrows-alt-h fa-fw mr-2&quot;/&gt;Mặt tiền: 5m&lt;/div&gt;&lt;div class=&quot;col-12 col-sm-6 col-lg-3 mb-2&quot;&gt;&lt;i class=&quot;fas fa-exchange-alt fa-fw mr-2&quot;/&gt;Đường vào: 7m&lt;/div&gt;&lt;div class=&quot;col-12 col-sm-6 col-lg-3 mb-2&quot;&gt;&lt;i class=&quot;fas fa-layer-group fa-fw mr-2&quot;/&gt;Số tầng: 5&lt;/div&gt;&lt;div class=&quot;col-12 col-sm-6 col-lg-3 mb-2&quot;&gt;&lt;i class=&quot;fas fa-bed fa-fw mr-2&quot;/&gt;Số phòng ngủ: 4&lt;/div&gt;&lt;/div&gt;&lt;/section&gt;" SourceIndex="312" TableNum="0" TextLen="59" order="10" xPath="/html[1]/body[1]/div[1]/div[2]/div[3]/div[1]/div[1]/main[1]/section[1]"/>
<LayoutNode BgColor="#ffffff" ContainImg="0" ContainP="0" ContainTable="false" Content="Tiện ích xung quanh " DOMCldNum="4" DoC="10" FontSize="20" FontWeight="500" FormNum="0" FormSize="0" FrameSourceIndex="0" ID="1-6" InteractionNum="0" InteractionSize="0" IsImg="false" LinkNum="0" LinkTextLen="0" ObjectHeight="29" ObjectRectHeight="29" ObjectRectLeft="0" ObjectRectTop="1591" ObjectRectWidth="1420" ObjectWidth="802" ObjectX="155" ObjectY="1591" OptionNum="0" OptionTextLength="0" ParaNum="0" SRC="&lt;h4 class=&quot;h5 mb-4&quot;&gt;Tiện ích xung quanh&lt;/h4&gt;" SourceIndex="334" TableNum="0" TextLen="19" order="11" xPath="/html[1]/body[1]/div[1]/div[2]/div[3]/div[1]/div[1]/main[1]/section[2]/header[1]/h4[1]"/>
<LayoutNode BgColor="#ffffff" ContainImg="0" ContainP="0" ContainTable="false" Content="Tiện ích xung quanh Bản đồ Street view " DOMCldNum="4" DoC="7" FontSize="16" FontWeight="400" FormNum="0" FormSize="0" FrameSourceIndex="0" ID="1-7" InteractionNum="0" InteractionSize="0" IsImg="false" LinkNum="2" LinkTextLen="18" ObjectHeight="44" ObjectRectHeight="44" ObjectRectLeft="0" ObjectRectTop="1644" ObjectRectWidth="1420" ObjectWidth="802" ObjectX="155" ObjectY="1644" OptionNum="0" OptionTextLength="0" ParaNum="0" SRC="Bản đồ Street view" SourceIndex="0" TableNum="0" TextLen="18" order="12" xPath="No Xpath"/>
<LayoutNode BgColor="#ffffff" ContainImg="0" ContainP="2" ContainTable="false" Content="Chọn bán kính Chọn tiện ích " DOMCldNum="4" DoC="5" FontSize="16" FontWeight="400" FormNum="0" FormSize="0" FrameSourceIndex="0" ID="1-8" InteractionNum="0" InteractionSize="0" IsImg="false" LinkNum="0" LinkTextLen="0" ObjectHeight="84" ObjectRectHeight="228" ObjectRectLeft="0" ObjectRectTop="2055" ObjectRectWidth="1420" ObjectWidth="802" ObjectX="155" ObjectY="2055" OptionNum="0" OptionTextLength="0" ParaNum="0" SRC="&lt;div&gt;&lt;p class=&quot;font-weight-medium text-primary mb-4&quot;&gt;&lt;i class=&quot;fas fa-map-marked-alt h5 mb-0 mr-2&quot;/&gt;Chọn bán kính&lt;/p&gt;&lt;div class=&quot;custom-control custom-radio custom-control-inline mb-4&quot;&gt;&lt;input checked=&quot;&quot; class=&quot;custom-control-input&quot; id=&quot;radius-1&quot; name=&quot;radius&quot; type=&quot;radio&quot; value=&quot;500,15&quot;/&gt;&lt;label class=&quot;custom-control-label&quot; for=&quot;radius-1&quot;&gt;500m                                    &lt;/label&gt;&lt;/div&gt;&lt;div class=&quot;custom-control custom-radio custom-control-inline mb-4&quot;&gt;&lt;input class=&quot;custom-control-input&quot; id=&quot;radius-2&quot; name=&quot;radius&quot; type=&quot;radio&quot; value=&quot;1000,14&quot;/&gt;&lt;label class=&quot;custom-control-label&quot; for=&quot;radius-2&quot;&gt;1km                                    &lt;/label&gt;&lt;/div&gt;&lt;div class=&quot;custom-control custom-radio custom-control-inline mb-4&quot;&gt;&lt;input class=&quot;custom-control-input&quot; id=&quot;radius-3&quot; name=&quot;radius&quot; type=&quot;radio&quot; value=&quot;2000,13&quot;/&gt;&lt;label class=&quot;custom-control-label&quot; for=&quot;radius-3&quot;&gt;2km                                    &lt;/label&gt;&lt;/div&gt;&lt;div class=&quot;custom-control custom-radio custom-control-inline mb-4&quot;&gt;&lt;input class=&quot;custom-control-input&quot; id=&quot;radius-4&quot; name=&quot;radius&quot; type=&quot;radio&quot; value=&quot;5000,12&quot;/&gt;&lt;label class=&quot;custom-control-label&quot; for=&quot;radius-4&quot;&gt;5km                                    &lt;/label&gt;&lt;/div&gt;&lt;/div&gt;&lt;div&gt;&lt;p class=&quot;font-weight-medium text-primary mb-4&quot;&gt;&lt;i class=&quot;fas fa-layer-group h5 mb-0 mr-2&quot;/&gt;Chọn tiện ích&lt;/p&gt;&lt;div class=&quot;custom-control custom-radio custom-control-inline mb-4&quot;&gt;&lt;input checked=&quot;&quot; class=&quot;custom-control-input&quot; id=&quot;type-1&quot; name=&quot;type&quot; type=&quot;radio&quot; value=&quot;school&quot;/&gt;&lt;label class=&quot;custom-control-label&quot; for=&quot;type-1&quot;&gt;Trường học                                    &lt;/label&gt;&lt;/div&gt;&lt;div class=&quot;custom-control custom-radio custom-control-inline mb-4&quot;&gt;&lt;input class=&quot;custom-control-input&quot; id=&quot;type-2&quot; name=&quot;type&quot; type=&quot;radio&quot; value=&quot;cafe&quot;/&gt;&lt;label class=&quot;custom-control-label&quot; for=&quot;type-2&quot;&gt;Cafe                                    &lt;/label&gt;&lt;/div&gt;&lt;div class=&quot;custom-control custom-radio custom-control-inline mb-4&quot;&gt;&lt;input class=&quot;custom-control-input&quot; id=&quot;type-3&quot; name=&quot;type&quot; type=&quot;radio&quot; value=&quot;restaurant&quot;/&gt;&lt;label class=&quot;custom-control-label&quot; for=&quot;type-3&quot;&gt;Nhà hàng                                    &lt;/label&gt;&lt;/div&gt;&lt;div class=&quot;custom-control custom-radio custom-control-inline mb-4&quot;&gt;&lt;input class=&quot;custom-control-input&quot; id=&quot;type-4&quot; name=&quot;type&quot; type=&quot;radio&quot; value=&quot;store&quot;/&gt;&lt;label class=&quot;custom-control-label&quot; for=&quot;type-4&quot;&gt;Cửa hàng                                    &lt;/label&gt;&lt;/div&gt;&lt;div class=&quot;custom-control custom-radio custom-control-inline mb-4&quot;&gt;&lt;input class=&quot;custom-control-input&quot; id=&quot;type-5&quot; name=&quot;type&quot; type=&quot;radio&quot; value=&quot;supermarket&quot;/&gt;&lt;label class=&quot;custom-control-label&quot; for=&quot;type-5&quot;&gt;Siêu thị                                    &lt;/label&gt;&lt;/div&gt;&lt;div class=&quot;custom-control custom-radio custom-control-inline mb-4&quot;&gt;&lt;input class=&quot;custom-control-input&quot; id=&quot;type-6&quot; name=&quot;type&quot; type=&quot;radio&quot; value=&quot;beauty_salon&quot;/&gt;&lt;label class=&quot;custom-control-label&quot; for=&quot;type-6&quot;&gt;Làm đẹp                                    &lt;/label&gt;&lt;/div&gt;&lt;div class=&quot;custom-control custom-radio custom-control-inline mb-4&quot;&gt;&lt;input class=&quot;custom-control-input&quot; id=&quot;type-7&quot; name=&quot;type&quot; type=&quot;radio&quot; value=&quot;spa&quot;/&gt;&lt;label class=&quot;custom-control-label&quot; for=&quot;type-7&quot;&gt;Spa                                    &lt;/label&gt;&lt;/div&gt;&lt;div class=&quot;custom-control custom-radio custom-control-inline mb-4&quot;&gt;&lt;input class=&quot;custom-control-input&quot; id=&quot;type-8&quot; name=&quot;type&quot; type=&quot;radio&quot; value=&quot;shopping_mall&quot;/&gt;&lt;label class=&quot;custom-control-label&quot; for=&quot;type-8&quot;&gt;Trung tâm mua sắm                                    &lt;/label&gt;&lt;/div&gt;&lt;div class=&quot;custom-control custom-radio custom-control-inline mb-4&quot;&gt;&lt;input class=&quot;custom-control-input&quot; id=&quot;type-9&quot; name=&quot;type&quot; type=&quot;radio&quot; value=&quot;atm&quot;/&gt;&lt;label class=&quot;custom-control-label&quot; for=&quot;type-9&quot;&gt;ATM                                    &lt;/label&gt;&lt;/div&gt;&lt;div class=&quot;custom-control custom-radio custom-control-inline mb-4&quot;&gt;&lt;input class=&quot;custom-control-input&quot; id=&quot;type-10&quot; name=&quot;type&quot; type=&quot;radio&quot; value=&quot;bank&quot;/&gt;&lt;label class=&quot;custom-control-label&quot; for=&quot;type-10&quot;&gt;Ngân hàng                                    &lt;/label&gt;&lt;/div&gt;&lt;div class=&quot;custom-control custom-radio custom-control-inline mb-4&quot;&gt;&lt;input class=&quot;custom-control-input&quot; id=&quot;type-11&quot; name=&quot;type&quot; type=&quot;radio&quot; value=&quot;hospital&quot;/&gt;&lt;label class=&quot;custom-control-label&quot; for=&quot;type-11&quot;&gt;Dịch vụ y tế                                    &lt;/label&gt;&lt;/div&gt;&lt;div class=&quot;custom-control custom-radio custom-control-inline mb-4&quot;&gt;&lt;input class=&quot;custom-control-input&quot; id=&quot;type-12&quot; name=&quot;type&quot; type=&quot;radio&quot; value=&quot;bus_station&quot;/&gt;&lt;label class=&quot;custom-control-label&quot; for=&quot;type-12&quot;&gt;Trạm xe buýt                                    &lt;/label&gt;&lt;/div&gt;&lt;div class=&quot;custom-control custom-radio custom-control-inline mb-4&quot;&gt;&lt;input class=&quot;custom-control-input&quot; id=&quot;type-13&quot; name=&quot;type&quot; type=&quot;radio&quot; value=&quot;train_station&quot;/&gt;&lt;label class=&quot;custom-control-label&quot; for=&quot;type-13&quot;&gt;Trạm xe lửa                                    &lt;/label&gt;&lt;/div&gt;&lt;/div&gt;" SourceIndex="350;379" TableNum="0" TextLen="164" order="13" xPath="/html[1]/body[1]/div[1]/div[2]/div[3]/div[1]/div[1]/main[1]/section[2]/div[2]"/>
<LayoutNode BgColor="#ffffff" ContainImg="0" ContainP="0" ContainTable="false" Content="Phản ánh tin rao vi phạm " DOMCldNum="2" DoC="10" FontSize="20" FontWeight="500" FormNum="0" FormSize="0" FrameSourceIndex="0" ID="1-9" InteractionNum="0" InteractionSize="0" IsImg="false" LinkNum="0" LinkTextLen="0" ObjectHeight="29" ObjectRectHeight="29" ObjectRectLeft="0" ObjectRectTop="2307" ObjectRectWidth="1420" ObjectWidth="802" ObjectX="155" ObjectY="2307" OptionNum="0" OptionTextLength="0" ParaNum="0" SRC="&lt;h4 class=&quot;h5 mb-4&quot;&gt;Phản ánh tin rao vi phạm&lt;/h4&gt;" SourceIndex="482" TableNum="0" TextLen="24" order="14" xPath="/html[1]/body[1]/div[1]/div[2]/div[3]/div[1]/div[1]/main[1]/section[3]/h4[1]"/>
<LayoutNode BgColor="#ffffff" ContainImg="0" ContainP="1" ContainTable="false" Content="Thông tin phản ánh của Quý khách giúp chúng tôi sàn lọc thông tin tốt hơn và loại trừ các nhà môi giới không trung thực. Xin trân trọng cám ơn. Gửi phản ánh " DOMCldNum="2" DoC="8" FontSize="16" FontWeight="400" FormNum="1" FormSize="20" FrameSourceIndex="0" ID="1-10" InteractionNum="0" InteractionSize="0" IsImg="false" LinkNum="0" LinkTextLen="0" ObjectHeight="166" ObjectRectHeight="166" ObjectRectLeft="0" ObjectRectTop="2377" ObjectRectWidth="1420" ObjectWidth="768" ObjectX="172" ObjectY="2377" OptionNum="0" OptionTextLength="0" ParaNum="0" SRC="&lt;div class=&quot;bg-white border rounded shadow-sm pt-3 px-3&quot;&gt;&lt;p&gt;Thông tin phản ánh của Quý khách giúp chúng tôi sàn lọc thông tin tốt hơn và loại trừ các nhà môi giới không trung thực. Xin trân trọng cám ơn.&lt;/p&gt;&lt;form action=&quot;&quot; class=&quot;form-comment&quot; method=&quot;POST&quot;&gt;&lt;input name=&quot;action&quot; type=&quot;hidden&quot; value=&quot;willgroup_insert_comment&quot;/&gt;&lt;input name=&quot;post_id&quot; type=&quot;hidden&quot; value=&quot;193298&quot;/&gt;&lt;div class=&quot;form-group&quot;&gt;&lt;textarea class=&quot;form-control&quot; name=&quot;comment&quot; placeholder=&quot;Nội dung phản ánh&quot; rows=&quot;3&quot;/&gt;&lt;/div&gt;&lt;div class=&quot;form-group&quot;&gt;&lt;button class=&quot;btn btn-danger&quot; type=&quot;submit&quot;&gt;Gửi phản ánh&lt;/button&gt;&lt;/div&gt;&lt;/form&gt;&lt;/div&gt;" SourceIndex="484" TableNum="0" TextLen="154" order="15" xPath="/html[1]/body[1]/div[1]/div[2]/div[3]/div[1]/div[1]/main[1]/section[3]/div[1]"/>
<LayoutNode BgColor="#ffffff" ContainImg="0" ContainP="1" ContainTable="false" Content="Lưu ý: Các bạn đang xem tin đăng trong mục &quot;Bán nhà&quot;. Các thông tin rao vặt là do người đăng tin đăng tải toàn bộ thông tin. Chúng tôi hoàn toàn không chịu trách nhiệm về bất cứ thông tin nào liên qua đến các thông tin này. Chúng tôi luôn cố gắng để đưa các tin tức nhanh và chính xác nhất cho các bạn. " DOMCldNum="2" DoC="10" FontSize="20" FontWeight="500" FormNum="0" FormSize="0" FrameSourceIndex="0" ID="1-11" InteractionNum="0" InteractionSize="0" IsImg="false" LinkNum="0" LinkTextLen="0" ObjectHeight="29" ObjectRectHeight="135" ObjectRectLeft="0" ObjectRectTop="2592" ObjectRectWidth="1420" ObjectWidth="802" ObjectX="155" ObjectY="2592" OptionNum="0" OptionTextLength="0" ParaNum="1" SRC="&lt;h4 class=&quot;h5 mb-3&quot;&gt;Lưu ý:&lt;/h4&gt;&lt;p&gt;Các bạn đang xem tin đăng trong mục &quot;Bán nhà&quot;. Các thông tin rao vặt là do người đăng tin đăng tải toàn bộ thông tin. Chúng tôi hoàn toàn không chịu trách nhiệm về bất cứ thông tin nào liên qua đến các thông tin này. Chúng tôi luôn cố gắng để đưa các tin tức nhanh và chính xác nhất cho các bạn.&lt;/p&gt;" SourceIndex="498" TableNum="0" TextLen="299" order="16" xPath="/html[1]/body[1]/div[1]/div[2]/div[3]/div[1]/div[1]/main[1]/section[4]/h4[1]"/>
<LayoutNode BgColor="#ffffff" ContainImg="0" ContainP="0" ContainTable="false" Content="Có thể bạn muốn xem " DOMCldNum="10" DoC="8" FontSize="16" FontWeight="400" FormNum="0" FormSize="0" FrameSourceIndex="0" ID="1-12" InteractionNum="0" InteractionSize="0" IsImg="false" LinkNum="8" LinkTextLen="64" ObjectHeight="75" ObjectRectHeight="75" ObjectRectLeft="0" ObjectRectTop="2775" ObjectRectWidth="1420" ObjectWidth="802" ObjectX="155" ObjectY="2775" OptionNum="0" OptionTextLength="0" ParaNum="0" SRC="&lt;section class=&quot;mb-5&quot;&gt;&lt;h4 class=&quot;h5 mb-3&quot;&gt;Có thể bạn muốn xem&lt;/h4&gt;&lt;a href=&quot;https://bannha.net/ban-nha/ha-noi/cau-giay/tran-cung&quot;&gt;Bán nhà Trần Cung&lt;/a&gt;,&lt;a href=&quot;https://bannha.net/ban-nha/ha-noi/cau-giay/nghia-tan&quot;&gt;Bán nhà Nghĩa Tân&lt;/a&gt;,&lt;a href=&quot;https://bannha.net/ban-nha/ha-noi/cau-giay&quot;&gt;Bán nhà Cầu Giấy&lt;/a&gt;,&lt;a href=&quot;https://bannha.net/ban-nha/ha-noi&quot;&gt;Bán nhà Hà Nội&lt;/a&gt;&lt;/section&gt;" SourceIndex="503" TableNum="0" TextLen="89" order="17" xPath="/html[1]/body[1]/div[1]/div[2]/div[3]/div[1]/div[1]/main[1]/section[5]"/>
<LayoutNode BgColor="#ffffff" ContainImg="0" ContainP="0" ContainTable="false" Content="Ước tính vay ngân hàng " DOMCldNum="2" DoC="10" FontSize="20" FontWeight="500" FormNum="0" FormSize="0" FrameSourceIndex="0" ID="1-13" InteractionNum="0" InteractionSize="0" IsImg="false" LinkNum="0" LinkTextLen="0" ObjectHeight="29" ObjectRectHeight="29" ObjectRectLeft="0" ObjectRectTop="2898" ObjectRectWidth="1420" ObjectWidth="802" ObjectX="155" ObjectY="2898" OptionNum="0" OptionTextLength="0" ParaNum="0" SRC="&lt;h4 class=&quot;h5 mb-4&quot;&gt;Ước tính vay ngân hàng&lt;/h4&gt;" SourceIndex="518" TableNum="0" TextLen="22" order="18" xPath="/html[1]/body[1]/div[1]/div[2]/div[3]/div[1]/div[1]/main[1]/section[6]/h4[1]"/>
<LayoutNode BgColor="#ffffff" ContainImg="0" ContainP="0" ContainTable="false" Content="Số tiền vay VNĐ Thời gian vay Tháng Lãi suất %/năm Loại hình Xem kết quả " DOMCldNum="1" DoC="8" FontSize="16" FontWeight="400" FormNum="0" FormSize="0" FrameSourceIndex="0" ID="1-14" InteractionNum="0" InteractionSize="0" IsImg="false" LinkNum="0" LinkTextLen="0" ObjectHeight="502" ObjectRectHeight="502" ObjectRectLeft="0" ObjectRectTop="2968" ObjectRectWidth="1420" ObjectWidth="768" ObjectX="172" ObjectY="2968" OptionNum="0" OptionTextLength="0" ParaNum="0" SRC="&lt;div class=&quot;bg-white border rounded shadow-sm p-3&quot;&gt;&lt;div class=&quot;row&quot;&gt;&lt;div class=&quot;col-12 col-sm-6 col-lg-3 form-group&quot;&gt;&lt;label&gt;Số tiền vay&lt;/label&gt;&lt;div class=&quot;input-group&quot;&gt;&lt;input class=&quot;form-control number loan&quot; type=&quot;text&quot;/&gt;&lt;div class=&quot;input-group-append&quot;&gt;&lt;div class=&quot;input-group-text&quot;&gt;VNĐ&lt;/div&gt;&lt;/div&gt;&lt;/div&gt;&lt;/div&gt;&lt;div class=&quot;col-12 col-sm-6 col-lg-3 form-group&quot;&gt;&lt;label&gt;Thời gian vay&lt;/label&gt;&lt;div class=&quot;input-group&quot;&gt;&lt;input class=&quot;form-control time&quot; type=&quot;text&quot;/&gt;&lt;div class=&quot;input-group-append&quot;&gt;&lt;div class=&quot;input-group-text&quot;&gt;Tháng&lt;/div&gt;&lt;/div&gt;&lt;/div&gt;&lt;/div&gt;&lt;div class=&quot;col-12 col-sm-6 col-lg-3 form-group&quot;&gt;&lt;label&gt;Lãi suất&lt;/label&gt;&lt;div class=&quot;input-group&quot;&gt;&lt;input class=&quot;form-control rent&quot; type=&quot;text&quot;/&gt;&lt;div class=&quot;input-group-append&quot;&gt;&lt;div class=&quot;input-group-text&quot;&gt;%/năm&lt;/div&gt;&lt;/div&gt;&lt;/div&gt;&lt;/div&gt;&lt;div class=&quot;col-12 col-sm-6 col-lg-3 form-group&quot;&gt;&lt;label&gt;Loại hình&lt;/label&gt;&lt;input class=&quot;form-control&quot; disabled=&quot;&quot; type=&quot;text&quot; value=&quot;Lãi tính trên dư nợ giảm dần&quot;/&gt;&lt;/div&gt;&lt;/div&gt;&lt;div class=&quot;text-center&quot;&gt;&lt;button class=&quot;btn btn-danger&quot; type=&quot;submit&quot;&gt;Xem kết quả&lt;/button&gt;&lt;/div&gt;&lt;/div&gt;" SourceIndex="521" TableNum="0" TextLen="65" order="19" xPath="/html[1]/body[1]/div[1]/div[2]/div[3]/div[1]/div[1]/main[1]/section[6]/form[1]/div[1]"/>
<LayoutNode BgColor="#ffffff" ContainImg="0" ContainP="0" ContainTable="false" Content="Bán nhà Cầu Giấy " DOMCldNum="2" DoC="8" FontSize="20" FontWeight="500" FormNum="0" FormSize="0" FrameSourceIndex="0" ID="1-15" InteractionNum="0" InteractionSize="0" IsImg="false" LinkNum="2" LinkTextLen="16" ObjectHeight="29" ObjectRectHeight="29" ObjectRectLeft="0" ObjectRectTop="3535" ObjectRectWidth="1420" ObjectWidth="802" ObjectX="155" ObjectY="3535" OptionNum="0" OptionTextLength="0" ParaNum="0" SRC="&lt;h4 class=&quot;h5 mb-3&quot;&gt;&lt;a class=&quot;text-body&quot; href=&quot;https://bannha.net/ban-nha/ha-noi/cau-giay&quot;&gt;Bán nhà Cầu Giấy                            &lt;/a&gt;&lt;/h4&gt;" SourceIndex="564" TableNum="0" TextLen="16" order="20" xPath="/html[1]/body[1]/div[1]/div[2]/div[3]/div[1]/div[1]/main[1]/section[7]/h4[1]"/>
<LayoutNode BgColor="#ffffff" ContainImg="2" ContainP="0" ContainTable="false" Content="Tin Vip 1 " DOMCldNum="1" DoC="5" FontSize="16" FontWeight="400" FormNum="0" FormSize="0" FrameSourceIndex="0" ID="1-16" InteractionNum="0" InteractionSize="0" IsImg="false" LinkNum="4" LinkTextLen="0" ObjectHeight="351" ObjectRectHeight="351" ObjectRectLeft="0" ObjectRectTop="3589" ObjectRectWidth="1420" ObjectWidth="166" ObjectX="179" ObjectY="3589" OptionNum="0" OptionTextLength="0" ParaNum="0" SRC="&lt;div class=&quot;col-12 col-sm-3&quot;&gt;&lt;div class=&quot;text-center mb-2 mb-sm-0&quot;&gt;&lt;a class=&quot;text-center overflow-hidden d-block position-relative&quot; href=&quot;https://bannha.net/ban-nha-ho-tung-mau-hai-mat-thoang-tang-toan-bo-noi-that&quot;&gt;&lt;img alt=&quot;Kênh thông tin bất động sản&quot; data-lazyloaded=&quot;1&quot; data-src=&quot;https://bannha.net/wp-content/uploads/2020/06/14aba550ba9d47c31e8c-1-480x320.jpg&quot; src=&quot;data:image/gif;base64,R0lGODdhAQABAPAAAMPDwwAAACwAAAAAAQABAAACAkQBADs=&quot;/&gt;&lt;/a&gt;&lt;noscript&gt;&lt;a class=&quot;text-center overflow-hidden d-block position-relative&quot; href=&quot;https://bannha.net/ban-nha-ho-tung-mau-hai-mat-thoang-tang-toan-bo-noi-that&quot;&gt;&lt;img alt=&quot;Kênh thông tin bất động sản&quot; src=&quot;https://bannha.net/wp-content/uploads/2020/06/14aba550ba9d47c31e8c-1-480x320.jpg&quot;/&gt;&lt;/a&gt;&lt;/noscript&gt;&lt;span class=&quot;type&quot;&gt;Tin Vip 1&lt;/span&gt;&lt;/div&gt;&lt;/div&gt;" SourceIndex="571" TableNum="0" TextLen="9" order="21" xPath="/html[1]/body[1]/div[1]/div[2]/div[3]/div[1]/div[1]/main[1]/section[7]/div[1]/article[1]/div[1]/div[1]"/>
<LayoutNode BgColor="#ffffff" ContainImg="0" ContainP="0" ContainTable="false" Content="BÁN NHÀ HỒ TÙNG MẬU – HAI MẶT THOÁNG – TẶNG TOÀN BỘ NỘI THẤTCHỦ CẦN BÁN GẤP CĂN NHÀ TẠI HỒ TÙNG MẬU - Nhà 5 tầng ở Hồ Tùng Mậu. - Nhà xây dựng để ở rất kiên cố, vuông...Đường Hồ Tùng Mậu, Phường Mai Dịch, Quận Cầu Giấy, Hà Nội " DOMCldNum="1" DoC="8" FontSize="16" FontWeight="400" FormNum="0" FormSize="0" FrameSourceIndex="0" ID="1-17" InteractionNum="0" InteractionSize="0" IsImg="false" LinkNum="10" LinkTextLen="111" ObjectHeight="211" ObjectRectHeight="211" ObjectRectLeft="0" ObjectRectTop="3948" ObjectRectWidth="1420" ObjectWidth="768" ObjectX="172" ObjectY="3948" OptionNum="0" OptionTextLength="0" ParaNum="0" SRC="&lt;div class=&quot;p-2&quot;&gt;&lt;h3 class=&quot;h5&quot;&gt;&lt;a href=&quot;https://bannha.net/ban-nha-ho-tung-mau-hai-mat-thoang-tang-toan-bo-noi-that&quot; title=&quot;BÁN NHÀ HỒ TÙNG MẬU – HAI MẶT THOÁNG – TẶNG TOÀN BỘ NỘI THẤT&quot;&gt;BÁN NHÀ HỒ TÙNG MẬU – HAI MẶT THOÁNG – TẶNG TOÀN BỘ NỘI THẤT&lt;/a&gt;&lt;/h3&gt;&lt;div class=&quot;d-flex align-items-center mb-2&quot;&gt;&lt;span class=&quot;h6 font-weight-bold mb-0&quot;&gt;4.55 Tỷ        &lt;/span&gt;&lt;span class=&quot;border-left d-block pt-3 mx-2&quot;/&gt;&lt;span class=&quot;h6 font-weight-bold mb-0&quot;&gt;65m2&lt;/span&gt;&lt;/div&gt;&lt;div class=&quot;text-content mb-2&quot;&gt;CHỦ CẦN BÁN GẤP CĂN NHÀ TẠI HỒ TÙNG MẬU - Nhà 5 tầng ở Hồ Tùng Mậu. - Nhà xây dựng để ở rất kiên cố, vuông...&lt;/div&gt;&lt;div class=&quot;d-flex&quot;&gt;&lt;i class=&quot;fas fa-map-marker-alt mt-1 mr-2&quot;/&gt;&lt;div&gt;&lt;a class=&quot;text-body&quot; href=&quot;https://bannha.net/ban-nha/ha-noi/cau-giay/ho-tung-mau&quot; rel=&quot;nofollow&quot;&gt;Đường Hồ Tùng Mậu&lt;/a&gt;, &lt;a class=&quot;text-body&quot; href=&quot;https://bannha.net/ban-nha/ha-noi/cau-giay/mai-dich&quot; rel=&quot;nofollow&quot;&gt;Phường Mai Dịch&lt;/a&gt;, &lt;a class=&quot;text-body&quot; href=&quot;https://bannha.net/ban-nha/ha-noi/cau-giay&quot; rel=&quot;nofollow&quot;&gt;Quận Cầu Giấy&lt;/a&gt;, &lt;a class=&quot;text-body&quot; href=&quot;https://bannha.net/ban-nha/ha-noi&quot; rel=&quot;nofollow&quot;&gt; Hà Nội&lt;/a&gt;&lt;/div&gt;&lt;/div&gt;&lt;/div&gt;" SourceIndex="581" TableNum="0" TextLen="236" order="22" xPath="/html[1]/body[1]/div[1]/div[2]/div[3]/div[1]/div[1]/main[1]/section[7]/div[1]/article[1]/div[1]/div[2]/div[1]"/>
<LayoutNode BgColor="#ffffff" ContainImg="2" ContainP="0" ContainTable="false" Content="Tin Vip 1 " DOMCldNum="1" DoC="5" FontSize="16" FontWeight="400" FormNum="0" FormSize="0" FrameSourceIndex="0" ID="1-18" InteractionNum="0" InteractionSize="0" IsImg="false" LinkNum="4" LinkTextLen="0" ObjectHeight="351" ObjectRectHeight="351" ObjectRectLeft="0" ObjectRectTop="4201" ObjectRectWidth="1420" ObjectWidth="166" ObjectX="179" ObjectY="4201" OptionNum="0" OptionTextLength="0" ParaNum="0" SRC="&lt;div class=&quot;col-12 col-sm-3&quot;&gt;&lt;div class=&quot;text-center mb-2 mb-sm-0&quot;&gt;&lt;a class=&quot;text-center overflow-hidden d-block position-relative&quot; href=&quot;https://bannha.net/xuan-thuy-cau-giay-phan-lo-o-to-kinh-doanh-cach-pho-100m-7-25-ty&quot;&gt;&lt;img alt=&quot;Kênh thông tin bất động sản&quot; data-lazyloaded=&quot;1&quot; data-src=&quot;https://bannha.net/wp-content/uploads/2020/05/96810286_272267507249803_7023515007891537920_o-480x320.jpg&quot; src=&quot;data:image/gif;base64,R0lGODdhAQABAPAAAMPDwwAAACwAAAAAAQABAAACAkQBADs=&quot;/&gt;&lt;/a&gt;&lt;noscript&gt;&lt;a class=&quot;text-center overflow-hidden d-block position-relative&quot; href=&quot;https://bannha.net/xuan-thuy-cau-giay-phan-lo-o-to-kinh-doanh-cach-pho-100m-7-25-ty&quot;&gt;&lt;img alt=&quot;Kênh thông tin bất động sản&quot; src=&quot;https://bannha.net/wp-content/uploads/2020/05/96810286_272267507249803_7023515007891537920_o-480x320.jpg&quot;/&gt;&lt;/a&gt;&lt;/noscript&gt;&lt;span class=&quot;type&quot;&gt;Tin Vip 1&lt;/span&gt;&lt;/div&gt;&lt;/div&gt;" SourceIndex="613" TableNum="0" TextLen="9" order="23" xPath="/html[1]/body[1]/div[1]/div[2]/div[3]/div[1]/div[1]/main[1]/section[7]/div[1]/article[2]/div[1]/div[1]"/>
<LayoutNode BgColor="#ffffff" ContainImg="0" ContainP="0" ContainTable="false" Content="XUÂN THỦY – CẦU GIẤY – PHÂN LÔ – Ô TÔ – KINH DOANH – CÁCH PHỐ 100M – 7.25 TỶ+ Chủ cần bán gấp căn nhà ở Xuân Thủy - Cầu Giấy. Đặc điểm: - Sổ phân lô, vuông vắn. - Nhà 5 tầng, thoáng mát. -...Đường Xuân Thủy, Phường Dịch Vọng Hậu, Quận Cầu Giấy, Hà Nội " DOMCldNum="1" DoC="8" FontSize="16" FontWeight="400" FormNum="0" FormSize="0" FrameSourceIndex="0" ID="1-19" InteractionNum="0" InteractionSize="0" IsImg="false" LinkNum="12" LinkTextLen="129" ObjectHeight="240" ObjectRectHeight="240" ObjectRectLeft="0" ObjectRectTop="4560" ObjectRectWidth="1420" ObjectWidth="768" ObjectX="172" ObjectY="4560" OptionNum="0" OptionTextLength="0" ParaNum="0" SRC="&lt;div class=&quot;p-2&quot;&gt;&lt;h3 class=&quot;h5&quot;&gt;&lt;a href=&quot;https://bannha.net/xuan-thuy-cau-giay-phan-lo-o-to-kinh-doanh-cach-pho-100m-7-25-ty&quot; title=&quot;XUÂN THỦY – CẦU GIẤY – PHÂN LÔ – Ô TÔ – KINH DOANH – CÁCH PHỐ 100M – 7.25 TỶ&quot;&gt;XUÂN THỦY – CẦU GIẤY – PHÂN LÔ – Ô TÔ – KINH DOANH – CÁCH PHỐ 100M – 7.25 TỶ&lt;/a&gt;&lt;/h3&gt;&lt;div class=&quot;d-flex align-items-center mb-2&quot;&gt;&lt;span class=&quot;h6 font-weight-bold mb-0&quot;&gt;7.25 Tỷ        &lt;/span&gt;&lt;span class=&quot;border-left d-block pt-3 mx-2&quot;/&gt;&lt;span class=&quot;h6 font-weight-bold mb-0&quot;&gt;48m2&lt;/span&gt;&lt;/div&gt;&lt;div class=&quot;text-content mb-2&quot;&gt;+ Chủ cần bán gấp căn nhà ở Xuân Thủy - Cầu Giấy. Đặc điểm: - Sổ phân lô, vuông vắn. - Nhà 5 tầng, thoáng mát. -...&lt;/div&gt;&lt;div class=&quot;d-flex&quot;&gt;&lt;i class=&quot;fas fa-map-marker-alt mt-1 mr-2&quot;/&gt;&lt;div&gt;&lt;a class=&quot;text-body&quot; href=&quot;https://bannha.net/ban-nha/ha-noi/cau-giay/xuan-thuy&quot; rel=&quot;nofollow&quot;&gt;Đường Xuân Thủy&lt;/a&gt;, &lt;a class=&quot;text-body&quot; href=&quot;https://bannha.net/ban-nha/ha-noi/cau-giay/dich-vong-hau&quot; rel=&quot;nofollow&quot;&gt;Phường Dịch Vọng Hậu&lt;/a&gt;, &lt;a class=&quot;text-body&quot; href=&quot;https://bannha.net/ban-nha/ha-noi/cau-giay&quot; rel=&quot;nofollow&quot;&gt;Quận Cầu Giấy&lt;/a&gt;, &lt;a class=&quot;text-body&quot; href=&quot;https://bannha.net/ban-nha/ha-noi&quot; rel=&quot;nofollow&quot;&gt; Hà Nội&lt;/a&gt;&lt;/div&gt;&lt;/div&gt;&lt;/div&gt;" SourceIndex="623" TableNum="0" TextLen="260" order="24" xPath="/html[1]/body[1]/div[1]/div[2]/div[3]/div[1]/div[1]/main[1]/section[7]/div[1]/article[2]/div[1]/div[2]/div[1]"/>
<LayoutNode BgColor="#ffffff" ContainImg="0" ContainP="0" ContainTable="false" Content="Tin Vip 1 " DOMCldNum="3" DoC="7" FontSize="16" FontWeight="400" FormNum="0" FormSize="0" FrameSourceIndex="0" ID="1-20" InteractionNum="0" InteractionSize="0" IsImg="false" LinkNum="0" LinkTextLen="0" ObjectHeight="30" ObjectRectHeight="30" ObjectRectLeft="0" ObjectRectTop="5803" ObjectRectWidth="1420" ObjectWidth="166" ObjectX="179" ObjectY="5803" OptionNum="0" OptionTextLength="0" ParaNum="0" SRC="Tin Vip 1" SourceIndex="0" TableNum="0" TextLen="9" order="25" xPath="No Xpath"/>
<LayoutNode BgColor="#ffffff" ContainImg="0" ContainP="0" ContainTable="false" Content="BÁN NHÀ TRẦN DUY HƯNG – NGÕ THÔNG – KINH DOANH ĐẸP+ Chủ cần tiền nên bán gấp. - Nhà 4 tầng, mặt tiền rộng 6,7m. - Đường Ô TÔ tránh, kinh doanh sầm uất. - Ngõ Thông ra...Đường Trần Duy Hưng, Phường Trung Hòa, Quận Cầu Giấy, Hà Nội " DOMCldNum="1" DoC="8" FontSize="16" FontWeight="400" FormNum="0" FormSize="0" FrameSourceIndex="0" ID="1-21" InteractionNum="0" InteractionSize="0" IsImg="false" LinkNum="10" LinkTextLen="104" ObjectHeight="211" ObjectRectHeight="211" ObjectRectLeft="0" ObjectRectTop="5841" ObjectRectWidth="1420" ObjectWidth="768" ObjectX="172" ObjectY="5841" OptionNum="0" OptionTextLength="0" ParaNum="0" SRC="&lt;div class=&quot;p-2&quot;&gt;&lt;h3 class=&quot;h5&quot;&gt;&lt;a href=&quot;https://bannha.net/ban-nha-tran-duy-hung-ngo-thong-kinh-doanh-dep&quot; title=&quot;BÁN NHÀ TRẦN DUY HƯNG – NGÕ THÔNG – KINH DOANH ĐẸP&quot;&gt;BÁN NHÀ TRẦN DUY HƯNG – NGÕ THÔNG – KINH DOANH ĐẸP&lt;/a&gt;&lt;/h3&gt;&lt;div class=&quot;d-flex align-items-center mb-2&quot;&gt;&lt;span class=&quot;h6 font-weight-bold mb-0&quot;&gt;4.95 Tỷ        &lt;/span&gt;&lt;span class=&quot;border-left d-block pt-3 mx-2&quot;/&gt;&lt;span class=&quot;h6 font-weight-bold mb-0&quot;&gt;65m2&lt;/span&gt;&lt;/div&gt;&lt;div class=&quot;text-content mb-2&quot;&gt;+ Chủ cần tiền nên bán gấp. - Nhà 4 tầng, mặt tiền rộng 6,7m. - Đường Ô TÔ tránh, kinh doanh sầm uất. - Ngõ Thông ra...&lt;/div&gt;&lt;div class=&quot;d-flex&quot;&gt;&lt;i class=&quot;fas fa-map-marker-alt mt-1 mr-2&quot;/&gt;&lt;div&gt;&lt;a class=&quot;text-body&quot; href=&quot;https://bannha.net/ban-nha/ha-noi/cau-giay/tran-duy-hung&quot; rel=&quot;nofollow&quot;&gt;Đường Trần Duy Hưng&lt;/a&gt;, &lt;a class=&quot;text-body&quot; href=&quot;https://bannha.net/ban-nha/ha-noi/cau-giay/trung-hoa&quot; rel=&quot;nofollow&quot;&gt;Phường Trung Hòa&lt;/a&gt;, &lt;a class=&quot;text-body&quot; href=&quot;https://bannha.net/ban-nha/ha-noi/cau-giay&quot; rel=&quot;nofollow&quot;&gt;Quận Cầu Giấy&lt;/a&gt;, &lt;a class=&quot;text-body&quot; href=&quot;https://bannha.net/ban-nha/ha-noi&quot; rel=&quot;nofollow&quot;&gt; Hà Nội&lt;/a&gt;&lt;/div&gt;&lt;/div&gt;&lt;/div&gt;" SourceIndex="665" TableNum="0" TextLen="239" order="26" xPath="/html[1]/body[1]/div[1]/div[2]/div[3]/div[1]/div[1]/main[1]/section[7]/div[1]/article[3]/div[1]/div[2]/div[1]"/>
<LayoutNode BgColor="#ffffff" ContainImg="2" ContainP="0" ContainTable="false" Content="Tin thường " DOMCldNum="1" DoC="5" FontSize="16" FontWeight="400" FormNum="0" FormSize="0" FrameSourceIndex="0" ID="1-22" InteractionNum="0" InteractionSize="0" IsImg="false" LinkNum="4" LinkTextLen="0" ObjectHeight="351" ObjectRectHeight="351" ObjectRectLeft="0" ObjectRectTop="6094" ObjectRectWidth="1420" ObjectWidth="166" ObjectX="179" ObjectY="6094" OptionNum="0" OptionTextLength="0" ParaNum="0" SRC="&lt;div class=&quot;col-12 col-sm-3&quot;&gt;&lt;div class=&quot;text-center mb-2 mb-sm-0&quot;&gt;&lt;a class=&quot;text-center overflow-hidden d-block position-relative&quot; href=&quot;https://bannha.net/ban-nha-5-tang-pho-hoang-quoc-viet-o-to-do-cua-9-5-ty&quot;&gt;&lt;img alt=&quot;Kênh thông tin bất động sản&quot; data-lazyloaded=&quot;1&quot; data-src=&quot;https://bannha.net/wp-content/uploads/2020/05/4-53-480x320.jpg&quot; src=&quot;data:image/gif;base64,R0lGODdhAQABAPAAAMPDwwAAACwAAAAAAQABAAACAkQBADs=&quot;/&gt;&lt;/a&gt;&lt;noscript&gt;&lt;a class=&quot;text-center overflow-hidden d-block position-relative&quot; href=&quot;https://bannha.net/ban-nha-5-tang-pho-hoang-quoc-viet-o-to-do-cua-9-5-ty&quot;&gt;&lt;img alt=&quot;Kênh thông tin bất động sản&quot; src=&quot;https://bannha.net/wp-content/uploads/2020/05/4-53-480x320.jpg&quot;/&gt;&lt;/a&gt;&lt;/noscript&gt;&lt;span class=&quot;type&quot;&gt;Tin thường&lt;/span&gt;&lt;/div&gt;&lt;/div&gt;" SourceIndex="697" TableNum="0" TextLen="10" order="27" xPath="/html[1]/body[1]/div[1]/div[2]/div[3]/div[1]/div[1]/main[1]/section[7]/div[1]/article[4]/div[1]/div[1]"/>
<LayoutNode BgColor="#ffffff" ContainImg="0" ContainP="0" ContainTable="false" Content="Bán nhà 5 tầng phố Hoàng Quốc Việt ô tô đỗ cửa 9.5 tỷNhà xây 5 tầng trên diện tích thực thế 50m2, mặt tiền 4.3 mét. Nhà 2 mặt đường ô tô cả trước và sau nên rất...Đường Hoàng Quốc Việt, Phường Nghĩa Tân, Quận Cầu Giấy, Hà Nội " DOMCldNum="1" DoC="8" FontSize="16" FontWeight="400" FormNum="0" FormSize="0" FrameSourceIndex="0" ID="1-23" InteractionNum="0" InteractionSize="0" IsImg="false" LinkNum="10" LinkTextLen="109" ObjectHeight="211" ObjectRectHeight="211" ObjectRectLeft="0" ObjectRectTop="6453" ObjectRectWidth="1420" ObjectWidth="768" ObjectX="172" ObjectY="6453" OptionNum="0" OptionTextLength="0" ParaNum="0" SRC="&lt;div class=&quot;p-2&quot;&gt;&lt;h3 class=&quot;h5&quot;&gt;&lt;a href=&quot;https://bannha.net/ban-nha-5-tang-pho-hoang-quoc-viet-o-to-do-cua-9-5-ty&quot; title=&quot;Bán nhà 5 tầng phố Hoàng Quốc Việt ô tô đỗ cửa 9.5 tỷ&quot;&gt;Bán nhà 5 tầng phố Hoàng Quốc Việt ô tô đỗ cửa 9.5 tỷ&lt;/a&gt;&lt;/h3&gt;&lt;div class=&quot;d-flex align-items-center mb-2&quot;&gt;&lt;span class=&quot;h6 font-weight-bold mb-0&quot;&gt;9.5 Tỷ        &lt;/span&gt;&lt;span class=&quot;border-left d-block pt-3 mx-2&quot;/&gt;&lt;span class=&quot;h6 font-weight-bold mb-0&quot;&gt;50m2&lt;/span&gt;&lt;/div&gt;&lt;div class=&quot;text-content mb-2&quot;&gt;Nhà xây 5 tầng trên diện tích thực thế 50m2, mặt tiền 4.3 mét. Nhà 2 mặt đường ô tô cả trước và sau nên rất...&lt;/div&gt;&lt;div class=&quot;d-flex&quot;&gt;&lt;i class=&quot;fas fa-map-marker-alt mt-1 mr-2&quot;/&gt;&lt;div&gt;&lt;a class=&quot;text-body&quot; href=&quot;https://bannha.net/ban-nha/ha-noi/cau-giay/hoang-quoc-viet&quot; rel=&quot;nofollow&quot;&gt;Đường Hoàng Quốc Việt&lt;/a&gt;, &lt;a class=&quot;text-body&quot; href=&quot;https://bannha.net/ban-nha/ha-noi/cau-giay/nghia-tan&quot; rel=&quot;nofollow&quot;&gt;Phường Nghĩa Tân&lt;/a&gt;, &lt;a class=&quot;text-body&quot; href=&quot;https://bannha.net/ban-nha/ha-noi/cau-giay&quot; rel=&quot;nofollow&quot;&gt;Quận Cầu Giấy&lt;/a&gt;, &lt;a class=&quot;text-body&quot; href=&quot;https://bannha.net/ban-nha/ha-noi&quot; rel=&quot;nofollow&quot;&gt; Hà Nội&lt;/a&gt;&lt;/div&gt;&lt;/div&gt;&lt;/div&gt;" SourceIndex="707" TableNum="0" TextLen="234" order="28" xPath="/html[1]/body[1]/div[1]/div[2]/div[3]/div[1]/div[1]/main[1]/section[7]/div[1]/article[4]/div[1]/div[2]/div[1]"/>
<LayoutNode BgColor="#ffffff" ContainImg="0" ContainP="0" ContainTable="false" DOMCldNum="2" DoC="8" FontSize="16" FontWeight="500" FormNum="1" FormSize="20" FrameSourceIndex="0" ID="1-24" InteractionNum="0" InteractionSize="0" IsImg="false" LinkNum="0" LinkTextLen="0" ObjectRectHeight="623" ObjectRectLeft="0" ObjectRectTop="6722" ObjectRectWidth="1420" OptionNum="0" OptionTextLength="0" ParaNum="0" SourceIndex="738" TableNum="0" TextLen="52" order="29">
<LayoutNode BgColor="#ffffff" ContainImg="0" ContainP="0" ContainTable="false" Content="Tìm kiếm nhà đất " DOMCldNum="2" DoC="8" FontSize="16" FontWeight="500" FormNum="0" FormSize="0" FrameSourceIndex="0" ID="1-24-1" InteractionNum="0" InteractionSize="0" IsImg="false" LinkNum="0" LinkTextLen="0" ObjectHeight="32" ObjectRectHeight="32" ObjectRectLeft="0" ObjectRectTop="6722" ObjectRectWidth="1420" ObjectWidth="213" ObjectX="172" ObjectY="6722" OptionNum="0" OptionTextLength="0" ParaNum="0" SRC="&lt;h4 class=&quot;h6 text-uppercase border-bottom&quot;&gt;&lt;span class=&quot;border-bottom border-danger d-inline-block pb-2&quot; style=&quot;margin-bottom: -1px;&quot;&gt;Tìm kiếm nhà đất    &lt;/span&gt;&lt;/h4&gt;" SourceIndex="739" TableNum="0" TextLen="16" order="30" xPath="/html[1]/body[1]/div[1]/div[2]/div[3]/div[1]/div[1]/aside[1]/section[1]/h4[1]"/>
<LayoutNode BgColor="#ffffff" ContainImg="0" ContainP="0" ContainTable="false" Content="Tìm kiếm! " DOMCldNum="2" DoC="8" FontSize="16" FontWeight="400" FormNum="1" FormSize="20" FrameSourceIndex="0" ID="1-24-2" InteractionNum="0" InteractionSize="0" IsImg="false" LinkNum="0" LinkTextLen="0" ObjectHeight="582" ObjectRectHeight="582" ObjectRectLeft="0" ObjectRectTop="6763" ObjectRectWidth="1420" ObjectWidth="213" ObjectX="172" ObjectY="6763" OptionNum="0" OptionTextLength="0" ParaNum="0" SRC="&lt;form action=&quot;https://bannha.net&quot; class=&quot;form-advanced-search form-aside-advanced-search&quot; method=&quot;GET&quot;&gt;&lt;div class=&quot;row&quot;&gt;&lt;div class=&quot;col-12 form-group d-flex demand-radios&quot;&gt;&lt;label class=&quot;demand-radio&quot;&gt;&lt;input checked=&quot;&quot; name=&quot;demand&quot; type=&quot;radio&quot; value=&quot;417&quot;/&gt;&lt;span class=&quot;name&quot;&gt;Nhà đất bán&lt;/span&gt;&lt;/label&gt;&lt;label class=&quot;demand-radio&quot;&gt;&lt;input name=&quot;demand&quot; type=&quot;radio&quot; value=&quot;418&quot;/&gt;&lt;span class=&quot;name&quot;&gt;Nhà đất cho thuê&lt;/span&gt;&lt;/label&gt;&lt;/div&gt;&lt;input class=&quot;form-control&quot; name=&quot;s&quot; placeholder=&quot;Từ khóa&quot; type=&quot;hidden&quot;/&gt;&lt;div class=&quot;col-12 form-group&quot;&gt;&lt;select class=&quot;custom-select select2&quot; name=&quot;category&quot;&gt;&lt;option value=&quot;0&quot;&gt;Chọn loại nhà đất&lt;/option&gt;&lt;option value=&quot;830&quot;&gt;Bán nhà&lt;/option&gt;&lt;option value=&quot;828&quot;&gt;Bán căn hộ&lt;/option&gt;&lt;option value=&quot;829&quot;&gt;Bán đất&lt;/option&gt;&lt;option value=&quot;835&quot;&gt;Bán bất động sản khác&lt;/option&gt;&lt;/select&gt;&lt;/div&gt;&lt;div class=&quot;col-12 form-group&quot;&gt;&lt;select class=&quot;custom-select&quot; name=&quot;province&quot;&gt;&lt;option value=&quot;&quot;&gt;Chọn tỉnh/thành&lt;/option&gt;&lt;option value=&quot;1&quot;&gt;Hồ Chí Minh&lt;/option&gt;&lt;option value=&quot;2&quot;&gt;Hà Nội&lt;/option&gt;&lt;option value=&quot;3&quot;&gt;Đà Nẵng&lt;/option&gt;&lt;option value=&quot;4&quot;&gt;Bình Dương&lt;/option&gt;&lt;option value=&quot;5&quot;&gt;Đồng Nai&lt;/option&gt;&lt;option value=&quot;6&quot;&gt;Khánh Hòa&lt;/option&gt;&lt;option value=&quot;7&quot;&gt;Hải Phòng&lt;/option&gt;&lt;option value=&quot;8&quot;&gt;Long An&lt;/option&gt;&lt;option value=&quot;9&quot;&gt;Quảng Nam&lt;/option&gt;&lt;option value=&quot;10&quot;&gt;Bà Rịa Vũng Tàu&lt;/option&gt;&lt;option value=&quot;11&quot;&gt;Đắk Lắk&lt;/option&gt;&lt;option value=&quot;12&quot;&gt;Cần Thơ&lt;/option&gt;&lt;option value=&quot;13&quot;&gt;Bình Thuận&lt;/option&gt;&lt;option value=&quot;14&quot;&gt;Lâm Đồng&lt;/option&gt;&lt;option value=&quot;15&quot;&gt;Thừa Thiên Huế&lt;/option&gt;&lt;option value=&quot;16&quot;&gt;Kiên Giang&lt;/option&gt;&lt;option value=&quot;17&quot;&gt;Bắc Ninh&lt;/option&gt;&lt;option value=&quot;18&quot;&gt;Quảng Ninh&lt;/option&gt;&lt;option value=&quot;19&quot;&gt;Thanh Hóa&lt;/option&gt;&lt;option value=&quot;20&quot;&gt;Nghệ An&lt;/option&gt;&lt;option value=&quot;21&quot;&gt;Hải Dương&lt;/option&gt;&lt;option value=&quot;22&quot;&gt;Gia Lai&lt;/option&gt;&lt;option value=&quot;23&quot;&gt;Bình Phước&lt;/option&gt;&lt;option value=&quot;24&quot;&gt;Hưng Yên&lt;/option&gt;&lt;option value=&quot;25&quot;&gt;Bình Định&lt;/option&gt;&lt;option value=&quot;26&quot;&gt;Tiền Giang&lt;/option&gt;&lt;option value=&quot;27&quot;&gt;Thái Bình&lt;/option&gt;&lt;option value=&quot;28&quot;&gt;Bắc Giang&lt;/option&gt;&lt;option value=&quot;29&quot;&gt;Hòa Bình&lt;/option&gt;&lt;option value=&quot;30&quot;&gt;An Giang&lt;/option&gt;&lt;option value=&quot;31&quot;&gt;Vĩnh Phúc&lt;/option&gt;&lt;option value=&quot;32&quot;&gt;Tây Ninh&lt;/option&gt;&lt;option value=&quot;33&quot;&gt;Thái Nguyên&lt;/option&gt;&lt;option value=&quot;34&quot;&gt;Lào Cai&lt;/option&gt;&lt;option value=&quot;35&quot;&gt;Nam Định&lt;/option&gt;&lt;option value=&quot;36&quot;&gt;Quảng Ngãi&lt;/option&gt;&lt;option value=&quot;37&quot;&gt;Bến Tre&lt;/option&gt;&lt;option value=&quot;38&quot;&gt;Đắk Nông&lt;/option&gt;&lt;option value=&quot;39&quot;&gt;Cà Mau&lt;/option&gt;&lt;option value=&quot;40&quot;&gt;Vĩnh Long&lt;/option&gt;&lt;option value=&quot;41&quot;&gt;Ninh Bình&lt;/option&gt;&lt;option value=&quot;42&quot;&gt;Phú Thọ&lt;/option&gt;&lt;option value=&quot;43&quot;&gt;Ninh Thuận&lt;/option&gt;&lt;option value=&quot;44&quot;&gt;Phú Yên&lt;/option&gt;&lt;option value=&quot;45&quot;&gt;Hà Nam&lt;/option&gt;&lt;option value=&quot;46&quot;&gt;Hà Tĩnh&lt;/option&gt;&lt;option value=&quot;47&quot;&gt;Đồng Tháp&lt;/option&gt;&lt;option value=&quot;48&quot;&gt;Sóc Trăng&lt;/option&gt;&lt;option value=&quot;49&quot;&gt;Kon Tum&lt;/option&gt;&lt;option value=&quot;50&quot;&gt;Quảng Bình&lt;/option&gt;&lt;option value=&quot;51&quot;&gt;Quảng Trị&lt;/option&gt;&lt;option value=&quot;52&quot;&gt;Trà Vinh&lt;/option&gt;&lt;option value=&quot;53&quot;&gt;Hậu Giang&lt;/option&gt;&lt;option value=&quot;54&quot;&gt;Sơn La&lt;/option&gt;&lt;option value=&quot;55&quot;&gt;Bạc Liêu&lt;/option&gt;&lt;option value=&quot;56&quot;&gt;Yên Bái&lt;/option&gt;&lt;option value=&quot;57&quot;&gt;Tuyên Quang&lt;/option&gt;&lt;option value=&quot;58&quot;&gt;Điện Biên&lt;/option&gt;&lt;option value=&quot;59&quot;&gt;Lai Châu&lt;/option&gt;&lt;option value=&quot;60&quot;&gt;Lạng Sơn&lt;/option&gt;&lt;option value=&quot;61&quot;&gt;Hà Giang&lt;/option&gt;&lt;option value=&quot;62&quot;&gt;Bắc Kạn&lt;/option&gt;&lt;option value=&quot;63&quot;&gt;Cao Bằng&lt;/option&gt;&lt;/select&gt;&lt;/div&gt;&lt;div class=&quot;col-12 form-group&quot;&gt;&lt;select class=&quot;custom-select&quot; name=&quot;district&quot;&gt;&lt;option value=&quot;&quot;&gt;Quận/huyện&lt;/option&gt;&lt;/select&gt;&lt;/div&gt;&lt;div class=&quot;col-12 form-group&quot;&gt;&lt;select class=&quot;custom-select&quot; name=&quot;ward&quot;&gt;&lt;option value=&quot;&quot;&gt;Phường/xã&lt;/option&gt;&lt;/select&gt;&lt;/div&gt;&lt;div class=&quot;col-12 form-group&quot;&gt;&lt;select class=&quot;custom-select&quot; name=&quot;street&quot;&gt;&lt;option value=&quot;&quot;&gt;Đường/phố&lt;/option&gt;&lt;/select&gt;&lt;/div&gt;&lt;div class=&quot;col-12 form-group&quot;&gt;&lt;select class=&quot;custom-select select2&quot; name=&quot;building_orientation&quot;&gt;&lt;option value=&quot;0&quot;&gt;Chọn hướng nhà&lt;/option&gt;&lt;/select&gt;&lt;/div&gt;&lt;div class=&quot;col-6 form-group&quot;&gt;&lt;select class=&quot;custom-select&quot; name=&quot;min_price&quot;&gt;&lt;option value=&quot;0&quot;&gt;Giá thấp nhất&lt;/option&gt;&lt;option value=&quot;0.001&quot;&gt;1 triệu&lt;/option&gt;&lt;option value=&quot;0.01&quot;&gt;10 triệu&lt;/option&gt;&lt;option value=&quot;0.1&quot;&gt;100 triệu&lt;/option&gt;&lt;option value=&quot;0.3&quot;&gt;300 triệu&lt;/option&gt;&lt;option value=&quot;0.5&quot;&gt;500 triệu&lt;/option&gt;&lt;option value=&quot;0.8&quot;&gt;800 triệu&lt;/option&gt;&lt;option value=&quot;1&quot;&gt;1 tỷ&lt;/option&gt;&lt;option value=&quot;3&quot;&gt;3 tỷ&lt;/option&gt;&lt;option value=&quot;5&quot;&gt;5 tỷ&lt;/option&gt;&lt;option value=&quot;8&quot;&gt;8 tỷ&lt;/option&gt;&lt;option value=&quot;10&quot;&gt;10 tỷ&lt;/option&gt;&lt;option value=&quot;20&quot;&gt;20 tỷ&lt;/option&gt;&lt;option value=&quot;30&quot;&gt;30 tỷ&lt;/option&gt;&lt;option value=&quot;50&quot;&gt;50 tỷ&lt;/option&gt;&lt;/select&gt;&lt;/div&gt;&lt;div class=&quot;col-6 form-group&quot;&gt;&lt;select class=&quot;custom-select&quot; name=&quot;max_price&quot;&gt;&lt;option value=&quot;0&quot;&gt;Giá cao nhất&lt;/option&gt;&lt;option value=&quot;0.001&quot;&gt;1 triệu&lt;/option&gt;&lt;option value=&quot;0.01&quot;&gt;10 triệu&lt;/option&gt;&lt;option value=&quot;0.1&quot;&gt;100 triệu&lt;/option&gt;&lt;option value=&quot;0.3&quot;&gt;300 triệu&lt;/option&gt;&lt;option value=&quot;0.5&quot;&gt;500 triệu&lt;/option&gt;&lt;option value=&quot;0.8&quot;&gt;800 triệu&lt;/option&gt;&lt;option value=&quot;1&quot;&gt;1 tỷ&lt;/option&gt;&lt;option value=&quot;3&quot;&gt;3 tỷ&lt;/option&gt;&lt;option value=&quot;5&quot;&gt;5 tỷ&lt;/option&gt;&lt;option value=&quot;8&quot;&gt;8 tỷ&lt;/option&gt;&lt;option value=&quot;10&quot;&gt;10 tỷ&lt;/option&gt;&lt;option value=&quot;20&quot;&gt;20 tỷ&lt;/option&gt;&lt;option value=&quot;30&quot;&gt;30 tỷ&lt;/option&gt;&lt;option value=&quot;50&quot;&gt;50 tỷ&lt;/option&gt;&lt;/select&gt;&lt;/div&gt;&lt;div class=&quot;col-12&quot;&gt;&lt;button class=&quot;btn btn-primary btn-block&quot; type=&quot;submit&quot;&gt;Tìm kiếm!&lt;/button&gt;&lt;/div&gt;&lt;/div&gt;&lt;/form&gt;" SourceIndex="743" TableNum="0" TextLen="36" order="31" xPath="/html[1]/body[1]/div[1]/div[2]/div[3]/div[1]/div[1]/aside[1]/section[1]/form[1]"/>
</LayoutNode>
<LayoutNode BgColor="#ffffff" ContainImg="0" ContainP="0" ContainTable="false" DOMCldNum="2" DoC="8" FontSize="16" FontWeight="500" FormNum="0" FormSize="0" FrameSourceIndex="0" ID="1-25" InteractionNum="0" InteractionSize="0" IsImg="false" LinkNum="60" LinkTextLen="659" ObjectRectHeight="541" ObjectRectLeft="0" ObjectRectTop="7403" ObjectRectWidth="1420" OptionNum="0" OptionTextLength="0" ParaNum="0" SourceIndex="1006" TableNum="0" TextLen="673" order="32">
<LayoutNode BgColor="#ffffff" ContainImg="0" ContainP="0" ContainTable="false" Content="Bán nhà Hà Nội " DOMCldNum="2" DoC="8" FontSize="16" FontWeight="500" FormNum="0" FormSize="0" FrameSourceIndex="0" ID="1-25-1" InteractionNum="0" InteractionSize="0" IsImg="false" LinkNum="0" LinkTextLen="0" ObjectHeight="32" ObjectRectHeight="32" ObjectRectLeft="0" ObjectRectTop="7403" ObjectRectWidth="1420" ObjectWidth="213" ObjectX="172" ObjectY="7403" OptionNum="0" OptionTextLength="0" ParaNum="0" SRC="&lt;h4 class=&quot;h6 text-uppercase border-bottom&quot;&gt;&lt;span class=&quot;border-bottom border-danger d-inline-block pb-2&quot; style=&quot;margin-bottom: -1px;&quot;&gt;Bán nhà Hà Nội&lt;/span&gt;&lt;/h4&gt;" SourceIndex="1007" TableNum="0" TextLen="14" order="33" xPath="/html[1]/body[1]/div[1]/div[2]/div[3]/div[1]/div[1]/aside[1]/section[2]/h4[1]"/>
<LayoutNode BgColor="#ffffff" ContainImg="0" ContainP="0" ContainTable="false" Content="Bán nhà Quận Ba Đình Bán nhà Huyện Ba Vì Bán nhà Quận Bắc Từ Liêm Bán nhà Quận Cầu Giấy Bán nhà Huyện Chương Mỹ Bán nhà Huyện Đan Phượng Bán nhà Huyện Đông Anh Bán nhà Quận Đống Đa Bán nhà Huyện Gia Lâm Bán nhà Quận Hà Đông Bán nhà Quận Hai Bà Trưng Bán nhà Huyện Hoài Đức Bán nhà Quận Hoàn Kiếm Bán nhà Quận Hoàng Mai Bán nhà Quận Long Biên Bán nhà Huyện Mê Linh Bán nhà Huyện Mỹ Đức Bán nhà Quận Nam Từ Liêm Bán nhà Huyện Phú Xuyên Bán nhà Huyện Phúc Thọ Bán nhà Huyện Quốc Oai Bán nhà Huyện Sóc Sơn Bán nhà Thị xã Sơn Tây Bán nhà Quận Tây Hồ Bán nhà Huyện Thạch Thất Bán nhà Huyện Thanh Oai Bán nhà Huyện Thanh Trì Bán nhà Quận Thanh Xuân Bán nhà Huyện Thường Tín Bán nhà Huyện Ứng Hòa " DOMCldNum="2" DoC="8" FontSize="16" FontWeight="400" FormNum="0" FormSize="0" FrameSourceIndex="0" ID="1-25-2" InteractionNum="0" InteractionSize="0" IsImg="false" LinkNum="60" LinkTextLen="659" ObjectHeight="500" ObjectRectHeight="500" ObjectRectLeft="0" ObjectRectTop="7444" ObjectRectWidth="1420" ObjectWidth="213" ObjectX="172" ObjectY="7444" OptionNum="0" OptionTextLength="0" ParaNum="0" SRC="&lt;nav class=&quot;overflow-auto&quot; style=&quot;max-height: 500px;&quot;&gt;&lt;a class=&quot;d-block&quot; href=&quot;https://bannha.net/ban-nha/ha-noi/ba-dinh&quot;&gt;Bán nhà Quận Ba Đình&lt;/a&gt;&lt;a class=&quot;d-block&quot; href=&quot;https://bannha.net/ban-nha/ha-noi/ba-vi&quot;&gt;Bán nhà Huyện Ba Vì&lt;/a&gt;&lt;a class=&quot;d-block&quot; href=&quot;https://bannha.net/ban-nha/ha-noi/bac-tu-liem&quot;&gt;Bán nhà Quận Bắc Từ Liêm&lt;/a&gt;&lt;a class=&quot;d-block&quot; href=&quot;https://bannha.net/ban-nha/ha-noi/cau-giay&quot;&gt;Bán nhà Quận Cầu Giấy&lt;/a&gt;&lt;a class=&quot;d-block&quot; href=&quot;https://bannha.net/ban-nha/ha-noi/chuong-my&quot;&gt;Bán nhà Huyện Chương Mỹ&lt;/a&gt;&lt;a class=&quot;d-block&quot; href=&quot;https://bannha.net/ban-nha/ha-noi/dan-phuong&quot;&gt;Bán nhà Huyện Đan Phượng&lt;/a&gt;&lt;a class=&quot;d-block&quot; href=&quot;https://bannha.net/ban-nha/ha-noi/dong-anh&quot;&gt;Bán nhà Huyện Đông Anh&lt;/a&gt;&lt;a class=&quot;d-block&quot; href=&quot;https://bannha.net/ban-nha/ha-noi/dong-da&quot;&gt;Bán nhà Quận Đống Đa&lt;/a&gt;&lt;a class=&quot;d-block&quot; href=&quot;https://bannha.net/ban-nha/ha-noi/gia-lam&quot;&gt;Bán nhà Huyện Gia Lâm&lt;/a&gt;&lt;a class=&quot;d-block&quot; href=&quot;https://bannha.net/ban-nha/ha-noi/ha-dong&quot;&gt;Bán nhà Quận Hà Đông&lt;/a&gt;&lt;a class=&quot;d-block&quot; href=&quot;https://bannha.net/ban-nha/ha-noi/hai-ba-trung&quot;&gt;Bán nhà Quận Hai Bà Trưng&lt;/a&gt;&lt;a class=&quot;d-block&quot; href=&quot;https://bannha.net/ban-nha/ha-noi/hoai-duc&quot;&gt;Bán nhà Huyện Hoài Đức&lt;/a&gt;&lt;a class=&quot;d-block&quot; href=&quot;https://bannha.net/ban-nha/ha-noi/hoan-kiem&quot;&gt;Bán nhà Quận Hoàn Kiếm&lt;/a&gt;&lt;a class=&quot;d-block&quot; href=&quot;https://bannha.net/ban-nha/ha-noi/hoang-mai&quot;&gt;Bán nhà Quận Hoàng Mai&lt;/a&gt;&lt;a class=&quot;d-block&quot; href=&quot;https://bannha.net/ban-nha/ha-noi/long-bien&quot;&gt;Bán nhà Quận Long Biên&lt;/a&gt;&lt;a class=&quot;d-block&quot; href=&quot;https://bannha.net/ban-nha/ha-noi/me-linh&quot;&gt;Bán nhà Huyện Mê Linh&lt;/a&gt;&lt;a class=&quot;d-block&quot; href=&quot;https://bannha.net/ban-nha/ha-noi/my-duc&quot;&gt;Bán nhà Huyện Mỹ Đức&lt;/a&gt;&lt;a class=&quot;d-block&quot; href=&quot;https://bannha.net/ban-nha/ha-noi/nam-tu-liem&quot;&gt;Bán nhà Quận Nam Từ Liêm&lt;/a&gt;&lt;a class=&quot;d-block&quot; href=&quot;https://bannha.net/ban-nha/ha-noi/phu-xuyen&quot;&gt;Bán nhà Huyện Phú Xuyên&lt;/a&gt;&lt;a class=&quot;d-block&quot; href=&quot;https://bannha.net/ban-nha/ha-noi/phuc-tho&quot;&gt;Bán nhà Huyện Phúc Thọ&lt;/a&gt;&lt;a class=&quot;d-block&quot; href=&quot;https://bannha.net/ban-nha/ha-noi/quoc-oai&quot;&gt;Bán nhà Huyện Quốc Oai&lt;/a&gt;&lt;a class=&quot;d-block&quot; href=&quot;https://bannha.net/ban-nha/ha-noi/soc-son&quot;&gt;Bán nhà Huyện Sóc Sơn&lt;/a&gt;&lt;a class=&quot;d-block&quot; href=&quot;https://bannha.net/ban-nha/ha-noi/son-tay&quot;&gt;Bán nhà Thị xã Sơn Tây&lt;/a&gt;&lt;a class=&quot;d-block&quot; href=&quot;https://bannha.net/ban-nha/ha-noi/tay-ho&quot;&gt;Bán nhà Quận Tây Hồ&lt;/a&gt;&lt;a class=&quot;d-block&quot; href=&quot;https://bannha.net/ban-nha/ha-noi/thach-that&quot;&gt;Bán nhà Huyện Thạch Thất&lt;/a&gt;&lt;a class=&quot;d-block&quot; href=&quot;https://bannha.net/ban-nha/ha-noi/thanh-oai&quot;&gt;Bán nhà Huyện Thanh Oai&lt;/a&gt;&lt;a class=&quot;d-block&quot; href=&quot;https://bannha.net/ban-nha/ha-noi/thanh-tri&quot;&gt;Bán nhà Huyện Thanh Trì&lt;/a&gt;&lt;a class=&quot;d-block&quot; href=&quot;https://bannha.net/ban-nha/ha-noi/thanh-xuan&quot;&gt;Bán nhà Quận Thanh Xuân&lt;/a&gt;&lt;a class=&quot;d-block&quot; href=&quot;https://bannha.net/ban-nha/ha-noi/thuong-tin&quot;&gt;Bán nhà Huyện Thường Tín&lt;/a&gt;&lt;a class=&quot;d-block&quot; href=&quot;https://bannha.net/ban-nha/ha-noi/ung-hoa&quot;&gt;Bán nhà Huyện Ứng Hòa&lt;/a&gt;&lt;/nav&gt;" SourceIndex="1011" TableNum="0" TextLen="659" order="34" xPath="/html[1]/body[1]/div[1]/div[2]/div[3]/div[1]/div[1]/aside[1]/section[2]/nav[1]"/>
</LayoutNode>
<LayoutNode BgColor="#ffffff" ContainImg="0" ContainP="0" ContainTable="false" Content="Xem tuổi xây dựngNăm sinh gia chủ1900190119021903190419051906190719081909191019111912191319141915191619171918191919201921192219231924192519261927192819291930193119321933193419351936193719381939194019411942194319441945194619471948194919501951195219531954195519561957195819591960196119621963196419651966196719681969197019711972197319741975197619771978197919801981198219831984198519861987198819891990199119921993199419951996199719981999200020012002200320042005200620072008200920102011201220132014201520162017201820192020Năm xây dựng20152016201720182019202020212022202320242025202620272028202920302031203220332034203520362037203820392040204120422043204420452046204720482049 " DOMCldNum="5" DoC="8" FontSize="16" FontWeight="400" FormNum="0" FormSize="0" FrameSourceIndex="0" ID="1-26" InteractionNum="0" InteractionSize="0" IsImg="false" LinkNum="0" LinkTextLen="0" ObjectHeight="239" ObjectRectHeight="239" ObjectRectLeft="0" ObjectRectTop="8002" ObjectRectWidth="1420" ObjectWidth="213" ObjectX="172" ObjectY="8002" OptionNum="0" OptionTextLength="0" ParaNum="0" SRC="&lt;section class=&quot;bg-white border rounded shadow-sm p-3 mb-4 widget widget_text&quot; id=&quot;text-2&quot;&gt;&lt;div class=&quot;textwidget&quot;&gt;&lt;div class=&quot;wp_phongthuy_form wp_tuoixaydung wp-tuoixaydung wp-txd&quot;&gt;&lt;h4 class=&quot;h6 text-uppercase border-bottom&quot;&gt;&lt;span class=&quot;border-bottom border-danger d-inline-block pb-2&quot; style=&quot;margin-bottom: -1px;&quot;&gt;Xem tuổi xây dựng&lt;/span&gt;&lt;/h4&gt;&lt;div class=&quot;form-group&quot;&gt;&lt;label&gt;Năm sinh gia chủ&lt;/label&gt;&lt;select class=&quot;custom-select ns&quot;&gt;&lt;option value=&quot;1900&quot;&gt;1900&lt;/option&gt;&lt;option value=&quot;1901&quot;&gt;1901&lt;/option&gt;&lt;option value=&quot;1902&quot;&gt;1902&lt;/option&gt;&lt;option value=&quot;1903&quot;&gt;1903&lt;/option&gt;&lt;option value=&quot;1904&quot;&gt;1904&lt;/option&gt;&lt;option value=&quot;1905&quot;&gt;1905&lt;/option&gt;&lt;option value=&quot;1906&quot;&gt;1906&lt;/option&gt;&lt;option value=&quot;1907&quot;&gt;1907&lt;/option&gt;&lt;option value=&quot;1908&quot;&gt;1908&lt;/option&gt;&lt;option value=&quot;1909&quot;&gt;1909&lt;/option&gt;&lt;option value=&quot;1910&quot;&gt;1910&lt;/option&gt;&lt;option value=&quot;1911&quot;&gt;1911&lt;/option&gt;&lt;option value=&quot;1912&quot;&gt;1912&lt;/option&gt;&lt;option value=&quot;1913&quot;&gt;1913&lt;/option&gt;&lt;option value=&quot;1914&quot;&gt;1914&lt;/option&gt;&lt;option value=&quot;1915&quot;&gt;1915&lt;/option&gt;&lt;option value=&quot;1916&quot;&gt;1916&lt;/option&gt;&lt;option value=&quot;1917&quot;&gt;1917&lt;/option&gt;&lt;option value=&quot;1918&quot;&gt;1918&lt;/option&gt;&lt;option value=&quot;1919&quot;&gt;1919&lt;/option&gt;&lt;option value=&quot;1920&quot;&gt;1920&lt;/option&gt;&lt;option value=&quot;1921&quot;&gt;1921&lt;/option&gt;&lt;option value=&quot;1922&quot;&gt;1922&lt;/option&gt;&lt;option value=&quot;1923&quot;&gt;1923&lt;/option&gt;&lt;option value=&quot;1924&quot;&gt;1924&lt;/option&gt;&lt;option value=&quot;1925&quot;&gt;1925&lt;/option&gt;&lt;option value=&quot;1926&quot;&gt;1926&lt;/option&gt;&lt;option value=&quot;1927&quot;&gt;1927&lt;/option&gt;&lt;option value=&quot;1928&quot;&gt;1928&lt;/option&gt;&lt;option value=&quot;1929&quot;&gt;1929&lt;/option&gt;&lt;option value=&quot;1930&quot;&gt;1930&lt;/option&gt;&lt;option value=&quot;1931&quot;&gt;1931&lt;/option&gt;&lt;option value=&quot;1932&quot;&gt;1932&lt;/option&gt;&lt;option value=&quot;1933&quot;&gt;1933&lt;/option&gt;&lt;option value=&quot;1934&quot;&gt;1934&lt;/option&gt;&lt;option value=&quot;1935&quot;&gt;1935&lt;/option&gt;&lt;option value=&quot;1936&quot;&gt;1936&lt;/option&gt;&lt;option value=&quot;1937&quot;&gt;1937&lt;/option&gt;&lt;option value=&quot;1938&quot;&gt;1938&lt;/option&gt;&lt;option value=&quot;1939&quot;&gt;1939&lt;/option&gt;&lt;option value=&quot;1940&quot;&gt;1940&lt;/option&gt;&lt;option value=&quot;1941&quot;&gt;1941&lt;/option&gt;&lt;option value=&quot;1942&quot;&gt;1942&lt;/option&gt;&lt;option value=&quot;1943&quot;&gt;1943&lt;/option&gt;&lt;option value=&quot;1944&quot;&gt;1944&lt;/option&gt;&lt;option value=&quot;1945&quot;&gt;1945&lt;/option&gt;&lt;option value=&quot;1946&quot;&gt;1946&lt;/option&gt;&lt;option value=&quot;1947&quot;&gt;1947&lt;/option&gt;&lt;option value=&quot;1948&quot;&gt;1948&lt;/option&gt;&lt;option value=&quot;1949&quot;&gt;1949&lt;/option&gt;&lt;option value=&quot;1950&quot;&gt;1950&lt;/option&gt;&lt;option value=&quot;1951&quot;&gt;1951&lt;/option&gt;&lt;option value=&quot;1952&quot;&gt;1952&lt;/option&gt;&lt;option value=&quot;1953&quot;&gt;1953&lt;/option&gt;&lt;option value=&quot;1954&quot;&gt;1954&lt;/option&gt;&lt;option value=&quot;1955&quot;&gt;1955&lt;/option&gt;&lt;option value=&quot;1956&quot;&gt;1956&lt;/option&gt;&lt;option value=&quot;1957&quot;&gt;1957&lt;/option&gt;&lt;option value=&quot;1958&quot;&gt;1958&lt;/option&gt;&lt;option value=&quot;1959&quot;&gt;1959&lt;/option&gt;&lt;option value=&quot;1960&quot;&gt;1960&lt;/option&gt;&lt;option value=&quot;1961&quot;&gt;1961&lt;/option&gt;&lt;option value=&quot;1962&quot;&gt;1962&lt;/option&gt;&lt;option value=&quot;1963&quot;&gt;1963&lt;/option&gt;&lt;option value=&quot;1964&quot;&gt;1964&lt;/option&gt;&lt;option value=&quot;1965&quot;&gt;1965&lt;/option&gt;&lt;option value=&quot;1966&quot;&gt;1966&lt;/option&gt;&lt;option value=&quot;1967&quot;&gt;1967&lt;/option&gt;&lt;option value=&quot;1968&quot;&gt;1968&lt;/option&gt;&lt;option value=&quot;1969&quot;&gt;1969&lt;/option&gt;&lt;option value=&quot;1970&quot;&gt;1970&lt;/option&gt;&lt;option value=&quot;1971&quot;&gt;1971&lt;/option&gt;&lt;option value=&quot;1972&quot;&gt;1972&lt;/option&gt;&lt;option value=&quot;1973&quot;&gt;1973&lt;/option&gt;&lt;option value=&quot;1974&quot;&gt;1974&lt;/option&gt;&lt;option value=&quot;1975&quot;&gt;1975&lt;/option&gt;&lt;option value=&quot;1976&quot;&gt;1976&lt;/option&gt;&lt;option value=&quot;1977&quot;&gt;1977&lt;/option&gt;&lt;option value=&quot;1978&quot;&gt;1978&lt;/option&gt;&lt;option value=&quot;1979&quot;&gt;1979&lt;/option&gt;&lt;option value=&quot;1980&quot;&gt;1980&lt;/option&gt;&lt;option value=&quot;1981&quot;&gt;1981&lt;/option&gt;&lt;option value=&quot;1982&quot;&gt;1982&lt;/option&gt;&lt;option value=&quot;1983&quot;&gt;1983&lt;/option&gt;&lt;option value=&quot;1984&quot;&gt;1984&lt;/option&gt;&lt;option value=&quot;1985&quot;&gt;1985&lt;/option&gt;&lt;option value=&quot;1986&quot;&gt;1986&lt;/option&gt;&lt;option value=&quot;1987&quot;&gt;1987&lt;/option&gt;&lt;option value=&quot;1988&quot;&gt;1988&lt;/option&gt;&lt;option value=&quot;1989&quot;&gt;1989&lt;/option&gt;&lt;option value=&quot;1990&quot;&gt;1990&lt;/option&gt;&lt;option value=&quot;1991&quot;&gt;1991&lt;/option&gt;&lt;option value=&quot;1992&quot;&gt;1992&lt;/option&gt;&lt;option value=&quot;1993&quot;&gt;1993&lt;/option&gt;&lt;option value=&quot;1994&quot;&gt;1994&lt;/option&gt;&lt;option value=&quot;1995&quot;&gt;1995&lt;/option&gt;&lt;option value=&quot;1996&quot;&gt;1996&lt;/option&gt;&lt;option value=&quot;1997&quot;&gt;1997&lt;/option&gt;&lt;option value=&quot;1998&quot;&gt;1998&lt;/option&gt;&lt;option value=&quot;1999&quot;&gt;1999&lt;/option&gt;&lt;option value=&quot;2000&quot;&gt;2000&lt;/option&gt;&lt;option value=&quot;2001&quot;&gt;2001&lt;/option&gt;&lt;option value=&quot;2002&quot;&gt;2002&lt;/option&gt;&lt;option value=&quot;2003&quot;&gt;2003&lt;/option&gt;&lt;option value=&quot;2004&quot;&gt;2004&lt;/option&gt;&lt;option value=&quot;2005&quot;&gt;2005&lt;/option&gt;&lt;option value=&quot;2006&quot;&gt;2006&lt;/option&gt;&lt;option value=&quot;2007&quot;&gt;2007&lt;/option&gt;&lt;option value=&quot;2008&quot;&gt;2008&lt;/option&gt;&lt;option value=&quot;2009&quot;&gt;2009&lt;/option&gt;&lt;option value=&quot;2010&quot;&gt;2010&lt;/option&gt;&lt;option value=&quot;2011&quot;&gt;2011&lt;/option&gt;&lt;option value=&quot;2012&quot;&gt;2012&lt;/option&gt;&lt;option value=&quot;2013&quot;&gt;2013&lt;/option&gt;&lt;option value=&quot;2014&quot;&gt;2014&lt;/option&gt;&lt;option value=&quot;2015&quot;&gt;2015&lt;/option&gt;&lt;option value=&quot;2016&quot;&gt;2016&lt;/option&gt;&lt;option value=&quot;2017&quot;&gt;2017&lt;/option&gt;&lt;option value=&quot;2018&quot;&gt;2018&lt;/option&gt;&lt;option value=&quot;2019&quot;&gt;2019&lt;/option&gt;&lt;option value=&quot;2020&quot;&gt;2020&lt;/option&gt;&lt;/select&gt;&lt;/div&gt;&lt;div class=&quot;form-group&quot;&gt;&lt;label&gt;Năm xây dựng&lt;/label&gt;&lt;select class=&quot;custom-select nx&quot;&gt;&lt;option value=&quot;2015&quot;&gt;2015&lt;/option&gt;&lt;option value=&quot;2016&quot;&gt;2016&lt;/option&gt;&lt;option value=&quot;2017&quot;&gt;2017&lt;/option&gt;&lt;option value=&quot;2018&quot;&gt;2018&lt;/option&gt;&lt;option value=&quot;2019&quot;&gt;2019&lt;/option&gt;&lt;option selected=&quot;&quot; value=&quot;2020&quot;&gt;2020&lt;/option&gt;&lt;option value=&quot;2021&quot;&gt;2021&lt;/option&gt;&lt;option value=&quot;2022&quot;&gt;2022&lt;/option&gt;&lt;option value=&quot;2023&quot;&gt;2023&lt;/option&gt;&lt;option value=&quot;2024&quot;&gt;2024&lt;/option&gt;&lt;option value=&quot;2025&quot;&gt;2025&lt;/option&gt;&lt;option value=&quot;2026&quot;&gt;2026&lt;/option&gt;&lt;option value=&quot;2027&quot;&gt;2027&lt;/option&gt;&lt;option value=&quot;2028&quot;&gt;2028&lt;/option&gt;&lt;option value=&quot;2029&quot;&gt;2029&lt;/option&gt;&lt;option value=&quot;2030&quot;&gt;2030&lt;/option&gt;&lt;option value=&quot;2031&quot;&gt;2031&lt;/option&gt;&lt;option value=&quot;2032&quot;&gt;2032&lt;/option&gt;&lt;option value=&quot;2033&quot;&gt;2033&lt;/option&gt;&lt;option value=&quot;2034&quot;&gt;2034&lt;/option&gt;&lt;option value=&quot;2035&quot;&gt;2035&lt;/option&gt;&lt;option value=&quot;2036&quot;&gt;2036&lt;/option&gt;&lt;option value=&quot;2037&quot;&gt;2037&lt;/option&gt;&lt;option value=&quot;2038&quot;&gt;2038&lt;/option&gt;&lt;option value=&quot;2039&quot;&gt;2039&lt;/option&gt;&lt;option value=&quot;2040&quot;&gt;2040&lt;/option&gt;&lt;option value=&quot;2041&quot;&gt;2041&lt;/option&gt;&lt;option value=&quot;2042&quot;&gt;2042&lt;/option&gt;&lt;option value=&quot;2043&quot;&gt;2043&lt;/option&gt;&lt;option value=&quot;2044&quot;&gt;2044&lt;/option&gt;&lt;option value=&quot;2045&quot;&gt;2045&lt;/option&gt;&lt;option value=&quot;2046&quot;&gt;2046&lt;/option&gt;&lt;option value=&quot;2047&quot;&gt;2047&lt;/option&gt;&lt;option value=&quot;2048&quot;&gt;2048&lt;/option&gt;&lt;option value=&quot;2049&quot;&gt;2049&lt;/option&gt;&lt;/select&gt;&lt;/div&gt;&lt;input class=&quot;btn btn-danger xem&quot; type=&quot;button&quot; value=&quot;Xem ngay&quot;/&gt;&lt;/div&gt;&lt;/div&gt;&lt;/section&gt;" SourceIndex="1102" TableNum="0" TextLen="45" order="35" xPath="/html[1]/body[1]/div[1]/div[2]/div[3]/div[1]/div[1]/aside[1]/section[3]"/>
<LayoutNode BgColor="#ffffff" ContainImg="0" ContainP="0" ContainTable="false" Content="Xem hướng nhàNăm sinh gia chủ1900190119021903190419051906190719081909191019111912191319141915191619171918191919201921192219231924192519261927192819291930193119321933193419351936193719381939194019411942194319441945194619471948194919501951195219531954195519561957195819591960196119621963196419651966196719681969197019711972197319741975197619771978197919801981198219831984198519861987198819891990199119921993199419951996199719981999200020012002200320042005200620072008200920102011201220132014201520162017201820192020NamNữHướng nhàHướng ĐôngHướng TâyHướng NamHướng BắcHướng Đông BắcHướng Đông NamHướng Tây BắcHướng Tây Nam " DOMCldNum="5" DoC="8" FontSize="16" FontWeight="400" FormNum="0" FormSize="0" FrameSourceIndex="0" ID="1-27" InteractionNum="0" InteractionSize="0" IsImg="false" LinkNum="0" LinkTextLen="0" ObjectHeight="277" ObjectRectHeight="277" ObjectRectLeft="0" ObjectRectTop="8299" ObjectRectWidth="1420" ObjectWidth="213" ObjectX="172" ObjectY="8299" OptionNum="0" OptionTextLength="0" ParaNum="0" SRC="&lt;section class=&quot;bg-white border rounded shadow-sm p-3 mb-4 widget widget_text&quot; id=&quot;text-3&quot;&gt;&lt;div class=&quot;textwidget&quot;&gt;&lt;div class=&quot;wp_phongthuy_form wp_xemhuongnha wp-xemhuongnha wp-xhn&quot;&gt;&lt;h4 class=&quot;h6 text-uppercase border-bottom&quot;&gt;&lt;span class=&quot;border-bottom border-danger d-inline-block pb-2&quot; style=&quot;margin-bottom: -1px;&quot;&gt;Xem hướng nhà&lt;/span&gt;&lt;/h4&gt;&lt;div class=&quot;form-group&quot;&gt;&lt;label&gt;Năm sinh gia chủ&lt;/label&gt;&lt;div class=&quot;row&quot;&gt;&lt;div class=&quot;col-6&quot;&gt;&lt;select class=&quot;custom-select mr-3 ns&quot;&gt;&lt;option value=&quot;1900&quot;&gt;1900&lt;/option&gt;&lt;option value=&quot;1901&quot;&gt;1901&lt;/option&gt;&lt;option value=&quot;1902&quot;&gt;1902&lt;/option&gt;&lt;option value=&quot;1903&quot;&gt;1903&lt;/option&gt;&lt;option value=&quot;1904&quot;&gt;1904&lt;/option&gt;&lt;option value=&quot;1905&quot;&gt;1905&lt;/option&gt;&lt;option value=&quot;1906&quot;&gt;1906&lt;/option&gt;&lt;option value=&quot;1907&quot;&gt;1907&lt;/option&gt;&lt;option value=&quot;1908&quot;&gt;1908&lt;/option&gt;&lt;option value=&quot;1909&quot;&gt;1909&lt;/option&gt;&lt;option value=&quot;1910&quot;&gt;1910&lt;/option&gt;&lt;option value=&quot;1911&quot;&gt;1911&lt;/option&gt;&lt;option value=&quot;1912&quot;&gt;1912&lt;/option&gt;&lt;option value=&quot;1913&quot;&gt;1913&lt;/option&gt;&lt;option value=&quot;1914&quot;&gt;1914&lt;/option&gt;&lt;option value=&quot;1915&quot;&gt;1915&lt;/option&gt;&lt;option value=&quot;1916&quot;&gt;1916&lt;/option&gt;&lt;option value=&quot;1917&quot;&gt;1917&lt;/option&gt;&lt;option value=&quot;1918&quot;&gt;1918&lt;/option&gt;&lt;option value=&quot;1919&quot;&gt;1919&lt;/option&gt;&lt;option value=&quot;1920&quot;&gt;1920&lt;/option&gt;&lt;option value=&quot;1921&quot;&gt;1921&lt;/option&gt;&lt;option value=&quot;1922&quot;&gt;1922&lt;/option&gt;&lt;option value=&quot;1923&quot;&gt;1923&lt;/option&gt;&lt;option value=&quot;1924&quot;&gt;1924&lt;/option&gt;&lt;option value=&quot;1925&quot;&gt;1925&lt;/option&gt;&lt;option value=&quot;1926&quot;&gt;1926&lt;/option&gt;&lt;option value=&quot;1927&quot;&gt;1927&lt;/option&gt;&lt;option value=&quot;1928&quot;&gt;1928&lt;/option&gt;&lt;option value=&quot;1929&quot;&gt;1929&lt;/option&gt;&lt;option value=&quot;1930&quot;&gt;1930&lt;/option&gt;&lt;option value=&quot;1931&quot;&gt;1931&lt;/option&gt;&lt;option value=&quot;1932&quot;&gt;1932&lt;/option&gt;&lt;option value=&quot;1933&quot;&gt;1933&lt;/option&gt;&lt;option value=&quot;1934&quot;&gt;1934&lt;/option&gt;&lt;option value=&quot;1935&quot;&gt;1935&lt;/option&gt;&lt;option value=&quot;1936&quot;&gt;1936&lt;/option&gt;&lt;option value=&quot;1937&quot;&gt;1937&lt;/option&gt;&lt;option value=&quot;1938&quot;&gt;1938&lt;/option&gt;&lt;option value=&quot;1939&quot;&gt;1939&lt;/option&gt;&lt;option value=&quot;1940&quot;&gt;1940&lt;/option&gt;&lt;option value=&quot;1941&quot;&gt;1941&lt;/option&gt;&lt;option value=&quot;1942&quot;&gt;1942&lt;/option&gt;&lt;option value=&quot;1943&quot;&gt;1943&lt;/option&gt;&lt;option value=&quot;1944&quot;&gt;1944&lt;/option&gt;&lt;option value=&quot;1945&quot;&gt;1945&lt;/option&gt;&lt;option value=&quot;1946&quot;&gt;1946&lt;/option&gt;&lt;option value=&quot;1947&quot;&gt;1947&lt;/option&gt;&lt;option value=&quot;1948&quot;&gt;1948&lt;/option&gt;&lt;option value=&quot;1949&quot;&gt;1949&lt;/option&gt;&lt;option value=&quot;1950&quot;&gt;1950&lt;/option&gt;&lt;option value=&quot;1951&quot;&gt;1951&lt;/option&gt;&lt;option value=&quot;1952&quot;&gt;1952&lt;/option&gt;&lt;option value=&quot;1953&quot;&gt;1953&lt;/option&gt;&lt;option value=&quot;1954&quot;&gt;1954&lt;/option&gt;&lt;option value=&quot;1955&quot;&gt;1955&lt;/option&gt;&lt;option value=&quot;1956&quot;&gt;1956&lt;/option&gt;&lt;option value=&quot;1957&quot;&gt;1957&lt;/option&gt;&lt;option value=&quot;1958&quot;&gt;1958&lt;/option&gt;&lt;option value=&quot;1959&quot;&gt;1959&lt;/option&gt;&lt;option value=&quot;1960&quot;&gt;1960&lt;/option&gt;&lt;option value=&quot;1961&quot;&gt;1961&lt;/option&gt;&lt;option value=&quot;1962&quot;&gt;1962&lt;/option&gt;&lt;option value=&quot;1963&quot;&gt;1963&lt;/option&gt;&lt;option value=&quot;1964&quot;&gt;1964&lt;/option&gt;&lt;option value=&quot;1965&quot;&gt;1965&lt;/option&gt;&lt;option value=&quot;1966&quot;&gt;1966&lt;/option&gt;&lt;option value=&quot;1967&quot;&gt;1967&lt;/option&gt;&lt;option value=&quot;1968&quot;&gt;1968&lt;/option&gt;&lt;option value=&quot;1969&quot;&gt;1969&lt;/option&gt;&lt;option value=&quot;1970&quot;&gt;1970&lt;/option&gt;&lt;option value=&quot;1971&quot;&gt;1971&lt;/option&gt;&lt;option value=&quot;1972&quot;&gt;1972&lt;/option&gt;&lt;option value=&quot;1973&quot;&gt;1973&lt;/option&gt;&lt;option value=&quot;1974&quot;&gt;1974&lt;/option&gt;&lt;option value=&quot;1975&quot;&gt;1975&lt;/option&gt;&lt;option value=&quot;1976&quot;&gt;1976&lt;/option&gt;&lt;option value=&quot;1977&quot;&gt;1977&lt;/option&gt;&lt;option value=&quot;1978&quot;&gt;1978&lt;/option&gt;&lt;option value=&quot;1979&quot;&gt;1979&lt;/option&gt;&lt;option value=&quot;1980&quot;&gt;1980&lt;/option&gt;&lt;option value=&quot;1981&quot;&gt;1981&lt;/option&gt;&lt;option value=&quot;1982&quot;&gt;1982&lt;/option&gt;&lt;option value=&quot;1983&quot;&gt;1983&lt;/option&gt;&lt;option value=&quot;1984&quot;&gt;1984&lt;/option&gt;&lt;option value=&quot;1985&quot;&gt;1985&lt;/option&gt;&lt;option value=&quot;1986&quot;&gt;1986&lt;/option&gt;&lt;option value=&quot;1987&quot;&gt;1987&lt;/option&gt;&lt;option value=&quot;1988&quot;&gt;1988&lt;/option&gt;&lt;option value=&quot;1989&quot;&gt;1989&lt;/option&gt;&lt;option value=&quot;1990&quot;&gt;1990&lt;/option&gt;&lt;option value=&quot;1991&quot;&gt;1991&lt;/option&gt;&lt;option value=&quot;1992&quot;&gt;1992&lt;/option&gt;&lt;option value=&quot;1993&quot;&gt;1993&lt;/option&gt;&lt;option value=&quot;1994&quot;&gt;1994&lt;/option&gt;&lt;option value=&quot;1995&quot;&gt;1995&lt;/option&gt;&lt;option value=&quot;1996&quot;&gt;1996&lt;/option&gt;&lt;option value=&quot;1997&quot;&gt;1997&lt;/option&gt;&lt;option value=&quot;1998&quot;&gt;1998&lt;/option&gt;&lt;option value=&quot;1999&quot;&gt;1999&lt;/option&gt;&lt;option value=&quot;2000&quot;&gt;2000&lt;/option&gt;&lt;option value=&quot;2001&quot;&gt;2001&lt;/option&gt;&lt;option value=&quot;2002&quot;&gt;2002&lt;/option&gt;&lt;option value=&quot;2003&quot;&gt;2003&lt;/option&gt;&lt;option value=&quot;2004&quot;&gt;2004&lt;/option&gt;&lt;option value=&quot;2005&quot;&gt;2005&lt;/option&gt;&lt;option value=&quot;2006&quot;&gt;2006&lt;/option&gt;&lt;option value=&quot;2007&quot;&gt;2007&lt;/option&gt;&lt;option value=&quot;2008&quot;&gt;2008&lt;/option&gt;&lt;option value=&quot;2009&quot;&gt;2009&lt;/option&gt;&lt;option value=&quot;2010&quot;&gt;2010&lt;/option&gt;&lt;option value=&quot;2011&quot;&gt;2011&lt;/option&gt;&lt;option value=&quot;2012&quot;&gt;2012&lt;/option&gt;&lt;option value=&quot;2013&quot;&gt;2013&lt;/option&gt;&lt;option value=&quot;2014&quot;&gt;2014&lt;/option&gt;&lt;option value=&quot;2015&quot;&gt;2015&lt;/option&gt;&lt;option value=&quot;2016&quot;&gt;2016&lt;/option&gt;&lt;option value=&quot;2017&quot;&gt;2017&lt;/option&gt;&lt;option value=&quot;2018&quot;&gt;2018&lt;/option&gt;&lt;option value=&quot;2019&quot;&gt;2019&lt;/option&gt;&lt;option value=&quot;2020&quot;&gt;2020&lt;/option&gt;&lt;/select&gt;&lt;/div&gt;&lt;div class=&quot;col-6&quot;&gt;&lt;select class=&quot;custom-select gt&quot;&gt;&lt;option value=&quot;nam&quot;&gt;Nam&lt;/option&gt;&lt;option value=&quot;nu&quot;&gt;Nữ&lt;/option&gt;&lt;/select&gt;&lt;/div&gt;&lt;/div&gt;&lt;/div&gt;&lt;div class=&quot;form-group&quot;&gt;&lt;label&gt;Hướng nhà&lt;/label&gt;&lt;select class=&quot;custom-select hn&quot;&gt;&lt;option value=&quot;huong-dong&quot;&gt;Hướng Đông&lt;/option&gt;&lt;option value=&quot;huong-tay&quot;&gt;Hướng Tây&lt;/option&gt;&lt;option value=&quot;huong-nam&quot;&gt;Hướng Nam&lt;/option&gt;&lt;option value=&quot;huong-bac&quot;&gt;Hướng Bắc&lt;/option&gt;&lt;option value=&quot;huong-dong-bac&quot;&gt;Hướng Đông Bắc&lt;/option&gt;&lt;option value=&quot;huong-dong-nam&quot;&gt;Hướng Đông Nam&lt;/option&gt;&lt;option value=&quot;huong-tay-bac&quot;&gt;Hướng Tây Bắc&lt;/option&gt;&lt;option value=&quot;huong-tay-nam&quot;&gt;Hướng Tây Nam&lt;/option&gt;&lt;/select&gt;&lt;/div&gt;&lt;input class=&quot;btn btn-danger xem&quot; type=&quot;button&quot; value=&quot;Xem ngay&quot;/&gt;&lt;/div&gt;&lt;/div&gt;&lt;/section&gt;" SourceIndex="1429" TableNum="0" TextLen="38" order="36" xPath="/html[1]/body[1]/div[1]/div[2]/div[3]/div[1]/div[1]/aside[1]/section[4]"/>
<LayoutNode BgColor="#ffffff" ContainImg="2" ContainP="0" ContainTable="false" Content=" " DOMCldNum="5" DoC="8" FontSize="16" FontWeight="400" FormNum="0" FormSize="0" FrameSourceIndex="0" ID="1-28" InteractionNum="0" InteractionSize="0" IsImg="false" LinkNum="0" LinkTextLen="0" ObjectHeight="220" ObjectRectHeight="220" ObjectRectLeft="0" ObjectRectTop="8634" ObjectRectWidth="1420" ObjectWidth="213" ObjectX="172" ObjectY="8634" OptionNum="0" OptionTextLength="0" ParaNum="0" SRC="&lt;section class=&quot;bg-white border rounded shadow-sm p-3 mb-4 widget widget_media_image&quot; id=&quot;media_image-2&quot;&gt;&lt;img alt=&quot;&quot; class=&quot;image wp-image-189684  attachment-full size-full&quot; data-lazyloaded=&quot;1&quot; data-src=&quot;https://bannha.net/wp-content/uploads/2020/05/20200414150201-0b15.gif&quot; height=&quot;110&quot; src=&quot;data:image/svg+xml;base64,PHN2ZyB4bWxucz0iaHR0cDovL3d3dy53My5vcmcvMjAwMC9zdmciIHdpZHRoPSI2NTAiIGhlaWdodD0iMTEwIiB2aWV3Qm94PSIwIDAgNjUwIDExMCI+PHJlY3Qgd2lkdGg9IjEwMCUiIGhlaWdodD0iMTAwJSIgZmlsbD0iI2NmZDRkYiIvPjwvc3ZnPg==&quot; style=&quot;max-width: 100%; height: auto;&quot; title=&quot;Đăng tin VIP&quot; width=&quot;650&quot;/&gt;&lt;noscript&gt;&lt;img alt=&quot;&quot; class=&quot;image wp-image-189684  attachment-full size-full&quot; height=&quot;110&quot; src=&quot;https://bannha.net/wp-content/uploads/2020/05/20200414150201-0b15.gif&quot; style=&quot;max-width: 100%; height: auto;&quot; title=&quot;Đăng tin VIP&quot; width=&quot;650&quot;/&gt;&lt;/noscript&gt;&lt;/section&gt;" SourceIndex="1710" TableNum="0" TextLen="0" order="37" xPath="/html[1]/body[1]/div[1]/div[2]/div[3]/div[1]/div[1]/aside[1]/section[5]"/>
<LayoutNode BgColor="#ffffff" ContainImg="2" ContainP="4" ContainTable="false" Content="Công Ty TNHH Bán Nhà Việt Nam Địa chỉ: 231 Nguyễn Trãi, Thanh Xuân Email: info@bannha.net Số điện thoại: 0914 35 98 98 " DOMCldNum="1" DoC="5" FontSize="16" FontWeight="400" FormNum="0" FormSize="0" FrameSourceIndex="0" ID="1-29" InteractionNum="0" InteractionSize="0" IsImg="false" LinkNum="12" LinkTextLen="54" ObjectHeight="220" ObjectRectHeight="220" ObjectRectLeft="0" ObjectRectTop="8951" ObjectRectWidth="1420" ObjectWidth="247" ObjectX="155" ObjectY="8951" OptionNum="0" OptionTextLength="0" ParaNum="0" SRC="&lt;div class=&quot;col-12 col-sm-8 col-lg-3 mb-4&quot;&gt;&lt;div class=&quot;mb-2&quot;&gt;&lt;a href=&quot;https://bannha.net&quot;&gt;&lt;img alt=&quot;Kênh thông tin bất động sản&quot; data-lazyloaded=&quot;1&quot; data-src=&quot;https://bannha.net/wp-content/uploads/2020/04/logo_thudo2-o4gu328lz56ymah8de9d1ik6zfv69nq4i6cmpwixvk-2.jpg&quot; src=&quot;data:image/gif;base64,R0lGODdhAQABAPAAAMPDwwAAACwAAAAAAQABAAACAkQBADs=&quot; style=&quot;max-height: 3rem;&quot;/&gt;&lt;/a&gt;&lt;noscript&gt;&lt;a href=&quot;https://bannha.net&quot;&gt;&lt;img alt=&quot;Kênh thông tin bất động sản&quot; src=&quot;https://bannha.net/wp-content/uploads/2020/04/logo_thudo2-o4gu328lz56ymah8de9d1ik6zfv69nq4i6cmpwixvk-2.jpg&quot; style=&quot;max-height: 3rem;&quot;/&gt;&lt;/a&gt;&lt;/noscript&gt;&lt;/div&gt;&lt;p class=&quot;font-weight-bold text-uppercase h6 mb-1&quot;&gt;Công Ty TNHH Bán Nhà Việt Nam&lt;/p&gt;&lt;p class=&quot;mb-0&quot;&gt;&lt;span class=&quot;font-weight-bold&quot;&gt;Địa chỉ:&lt;/span&gt;&lt;a class=&quot;text-body&quot; href=&quot;#&quot; target=&quot;&quot;&gt;231 Nguyễn Trãi, Thanh Xuân                       &lt;/a&gt;&lt;/p&gt;&lt;p class=&quot;mb-0&quot;&gt;&lt;span class=&quot;font-weight-bold&quot;&gt;Email:&lt;/span&gt;&lt;a class=&quot;text-body&quot; href=&quot;info@bannha.net&quot; target=&quot;&quot;&gt;info@bannha.net                       &lt;/a&gt;&lt;/p&gt;&lt;p class=&quot;mb-0&quot;&gt;&lt;span class=&quot;font-weight-bold&quot;&gt;Số điện thoại:&lt;/span&gt;&lt;a class=&quot;text-body&quot; href=&quot;#&quot; target=&quot;&quot;&gt;0914 35 98 98                       &lt;/a&gt;&lt;/p&gt;&lt;div class=&quot;d-flex mt-2 footer-social&quot;&gt;&lt;a href=&quot;https://www.facebook.com/bannha.net/&quot; target=&quot;_blank&quot;&gt;&lt;i class=&quot;fab fa-facebook-f&quot;/&gt;&lt;/a&gt;&lt;a href=&quot;https://twitter.com/bannhaz&quot; target=&quot;_blank&quot;&gt;&lt;i class=&quot;fab fa-twitter&quot;/&gt;&lt;/a&gt;&lt;a href=&quot;https://youtu.be/ZZ_dpQHct-Q&quot; target=&quot;_blank&quot;&gt;&lt;i class=&quot;fab fa-youtube&quot;/&gt;&lt;/a&gt;&lt;/div&gt;&lt;/div&gt;" SourceIndex="1718" TableNum="0" TextLen="113" order="38" xPath="/html[1]/body[1]/div[1]/footer[1]/div[1]/div[1]/div[1]/div[1]"/>
<LayoutNode BgColor="#ffffff" ContainImg="0" ContainP="0" ContainTable="false" Content="Nhà đất bán Hồ Chí Minh " DOMCldNum="2" DoC="10" FontSize="16" FontWeight="700" FormNum="0" FormSize="0" FrameSourceIndex="0" ID="1-30" InteractionNum="0" InteractionSize="0" IsImg="false" LinkNum="0" LinkTextLen="0" ObjectHeight="24" ObjectRectHeight="24" ObjectRectLeft="0" ObjectRectTop="9195" ObjectRectWidth="1420" ObjectWidth="1080" ObjectX="155" ObjectY="9195" OptionNum="0" OptionTextLength="0" ParaNum="0" SRC="&lt;h4 class=&quot;h6 font-weight-bold&quot;&gt;Nhà đất bán Hồ Chí Minh&lt;/h4&gt;" SourceIndex="1768" TableNum="0" TextLen="23" order="39" xPath="/html[1]/body[1]/div[1]/footer[1]/div[1]/div[1]/div[1]/div[2]/h4[1]"/>
<LayoutNode BgColor="#ffffff" ContainImg="0" ContainP="0" ContainTable="false" Content="Nhà đất bán quận 1Nhà đất bán quận 7Nhà đất bán quận 9Nhà đất bán quận 10Nhà đất bán quận 12Nhà đất bán huyện Nhà Bè " DOMCldNum="2" DoC="8" FontSize="16" FontWeight="400" FormNum="0" FormSize="0" FrameSourceIndex="0" ID="1-31" InteractionNum="0" InteractionSize="0" IsImg="false" LinkNum="12" LinkTextLen="116" ObjectHeight="180" ObjectRectHeight="180" ObjectRectLeft="0" ObjectRectTop="9227" ObjectRectWidth="1420" ObjectWidth="1080" ObjectX="155" ObjectY="9227" OptionNum="0" OptionTextLength="0" ParaNum="0" SRC="&lt;ul class=&quot;list-unstyled mb-4 menu&quot; id=&quot;menu-nha-dat-ban-ho-chi-minh&quot;&gt;&lt;li class=&quot;menu-item menu-item-type-custom menu-item-object-custom menu-item-7074&quot; id=&quot;menu-item-7074&quot;&gt;&lt;a href=&quot;/nha-dat-ban/ho-chi-minh/quan-1&quot;&gt;Nhà đất bán quận 1&lt;/a&gt;&lt;/li&gt;&lt;li class=&quot;menu-item menu-item-type-custom menu-item-object-custom menu-item-7075&quot; id=&quot;menu-item-7075&quot;&gt;&lt;a href=&quot;/nha-dat-ban/ho-chi-minh/quan-7&quot;&gt;Nhà đất bán quận 7&lt;/a&gt;&lt;/li&gt;&lt;li class=&quot;menu-item menu-item-type-custom menu-item-object-custom menu-item-7077&quot; id=&quot;menu-item-7077&quot;&gt;&lt;a href=&quot;/nha-dat-ban/ho-chi-minh/quan-9&quot;&gt;Nhà đất bán quận 9&lt;/a&gt;&lt;/li&gt;&lt;li class=&quot;menu-item menu-item-type-custom menu-item-object-custom menu-item-7076&quot; id=&quot;menu-item-7076&quot;&gt;&lt;a href=&quot;/nha-dat-ban/ho-chi-minh/quan-10&quot;&gt;Nhà đất bán quận 10&lt;/a&gt;&lt;/li&gt;&lt;li class=&quot;menu-item menu-item-type-custom menu-item-object-custom menu-item-7078&quot; id=&quot;menu-item-7078&quot;&gt;&lt;a href=&quot;/nha-dat-ban/ho-chi-minh/quan-12&quot;&gt;Nhà đất bán quận 12&lt;/a&gt;&lt;/li&gt;&lt;li class=&quot;menu-item menu-item-type-custom menu-item-object-custom menu-item-7079&quot; id=&quot;menu-item-7079&quot;&gt;&lt;a href=&quot;/nha-dat-ban/ho-chi-minh/nha-be&quot;&gt;Nhà đất bán huyện Nhà Bè&lt;/a&gt;&lt;/li&gt;&lt;/ul&gt;" SourceIndex="1770" TableNum="0" TextLen="116" order="40" xPath="/html[1]/body[1]/div[1]/footer[1]/div[1]/div[1]/div[1]/div[2]/ul[1]"/>
<LayoutNode BgColor="#ffffff" ContainImg="0" ContainP="0" ContainTable="false" Content="Nhà đất bán Hà Nội " DOMCldNum="2" DoC="10" FontSize="16" FontWeight="700" FormNum="0" FormSize="0" FrameSourceIndex="0" ID="1-32" InteractionNum="0" InteractionSize="0" IsImg="false" LinkNum="0" LinkTextLen="0" ObjectHeight="24" ObjectRectHeight="24" ObjectRectLeft="0" ObjectRectTop="9431" ObjectRectWidth="1420" ObjectWidth="1080" ObjectX="155" ObjectY="9431" OptionNum="0" OptionTextLength="0" ParaNum="0" SRC="&lt;h4 class=&quot;h6 font-weight-bold&quot;&gt;Nhà đất bán Hà Nội&lt;/h4&gt;" SourceIndex="1790" TableNum="0" TextLen="18" order="41" xPath="/html[1]/body[1]/div[1]/footer[1]/div[1]/div[1]/div[1]/div[3]/h4[1]"/>
<LayoutNode BgColor="#ffffff" ContainImg="0" ContainP="0" ContainTable="false" Content="Nhà đất bán Ba ĐìnhNhà đất bán Bắc Từ LiêmNhà đất bán Cầu GiấyNhà đất bán Đống ĐaNhà đất bán Hà ĐôngNhà đất bán Hai Bà Trưng " DOMCldNum="2" DoC="8" FontSize="16" FontWeight="400" FormNum="0" FormSize="0" FrameSourceIndex="0" ID="1-33" InteractionNum="0" InteractionSize="0" IsImg="false" LinkNum="12" LinkTextLen="124" ObjectHeight="180" ObjectRectHeight="180" ObjectRectLeft="0" ObjectRectTop="9463" ObjectRectWidth="1420" ObjectWidth="1080" ObjectX="155" ObjectY="9463" OptionNum="0" OptionTextLength="0" ParaNum="0" SRC="&lt;ul class=&quot;list-unstyled mb-4 menu&quot; id=&quot;menu-nha-dat-ban-ha-noi&quot;&gt;&lt;li class=&quot;menu-item menu-item-type-custom menu-item-object-custom menu-item-7080&quot; id=&quot;menu-item-7080&quot;&gt;&lt;a href=&quot;/nha-dat-ban/ha-noi/ba-dinh&quot;&gt;Nhà đất bán Ba Đình&lt;/a&gt;&lt;/li&gt;&lt;li class=&quot;menu-item menu-item-type-custom menu-item-object-custom menu-item-7081&quot; id=&quot;menu-item-7081&quot;&gt;&lt;a href=&quot;/nha-dat-ban/ha-noi/bac-tu-liem&quot;&gt;Nhà đất bán Bắc Từ Liêm&lt;/a&gt;&lt;/li&gt;&lt;li class=&quot;menu-item menu-item-type-custom menu-item-object-custom menu-item-7082&quot; id=&quot;menu-item-7082&quot;&gt;&lt;a href=&quot;/nha-dat-ban/ha-noi/cau-giay&quot;&gt;Nhà đất bán Cầu Giấy&lt;/a&gt;&lt;/li&gt;&lt;li class=&quot;menu-item menu-item-type-custom menu-item-object-custom menu-item-7083&quot; id=&quot;menu-item-7083&quot;&gt;&lt;a href=&quot;/nha-dat-ban/ha-noi/dong-da&quot;&gt;Nhà đất bán Đống Đa&lt;/a&gt;&lt;/li&gt;&lt;li class=&quot;menu-item menu-item-type-custom menu-item-object-custom menu-item-7084&quot; id=&quot;menu-item-7084&quot;&gt;&lt;a href=&quot;/nha-dat-ban/ha-noi/ha-dong&quot;&gt;Nhà đất bán Hà Đông&lt;/a&gt;&lt;/li&gt;&lt;li class=&quot;menu-item menu-item-type-custom menu-item-object-custom menu-item-7085&quot; id=&quot;menu-item-7085&quot;&gt;&lt;a href=&quot;/nha-dat-ban/ha-noi/hai-ba-trung&quot;&gt;Nhà đất bán Hai Bà Trưng&lt;/a&gt;&lt;/li&gt;&lt;/ul&gt;" SourceIndex="1792" TableNum="0" TextLen="124" order="42" xPath="/html[1]/body[1]/div[1]/footer[1]/div[1]/div[1]/div[1]/div[3]/ul[1]"/>
<LayoutNode BgColor="#ffffff" ContainImg="0" ContainP="0" ContainTable="false" Content="Cho thuê nhà đất " DOMCldNum="2" DoC="10" FontSize="16" FontWeight="700" FormNum="0" FormSize="0" FrameSourceIndex="0" ID="1-34" InteractionNum="0" InteractionSize="0" IsImg="false" LinkNum="0" LinkTextLen="0" ObjectHeight="24" ObjectRectHeight="24" ObjectRectLeft="0" ObjectRectTop="9667" ObjectRectWidth="1420" ObjectWidth="1080" ObjectX="155" ObjectY="9667" OptionNum="0" OptionTextLength="0" ParaNum="0" SRC="&lt;h4 class=&quot;h6 font-weight-bold&quot;&gt;Cho thuê nhà đất&lt;/h4&gt;" SourceIndex="1812" TableNum="0" TextLen="16" order="43" xPath="/html[1]/body[1]/div[1]/footer[1]/div[1]/div[1]/div[1]/div[4]/h4[1]"/>
<LayoutNode BgColor="#ffffff" ContainImg="0" ContainP="0" ContainTable="false" Content="Cho thuê nhà tại HCMCho thuê văn phòng HCMCho thuê nhà tại Hà NộiCho thuê văn phòng Hà NộiCho thuê nhà tại Đà Nẵng " DOMCldNum="2" DoC="8" FontSize="16" FontWeight="400" FormNum="0" FormSize="0" FrameSourceIndex="0" ID="1-35" InteractionNum="0" InteractionSize="0" IsImg="false" LinkNum="10" LinkTextLen="114" ObjectHeight="150" ObjectRectHeight="150" ObjectRectLeft="0" ObjectRectTop="9699" ObjectRectWidth="1420" ObjectWidth="1080" ObjectX="155" ObjectY="9699" OptionNum="0" OptionTextLength="0" ParaNum="0" SRC="&lt;ul class=&quot;list-unstyled mb-4 menu&quot; id=&quot;menu-cho-thue-nha-dat&quot;&gt;&lt;li class=&quot;menu-item menu-item-type-custom menu-item-object-custom menu-item-7086&quot; id=&quot;menu-item-7086&quot;&gt;&lt;a href=&quot;/nha-dat-cho-thue/ho-chi-minh&quot;&gt;Cho thuê nhà tại HCM&lt;/a&gt;&lt;/li&gt;&lt;li class=&quot;menu-item menu-item-type-custom menu-item-object-custom menu-item-184481&quot; id=&quot;menu-item-184481&quot;&gt;&lt;a href=&quot;https://bannha.net/cho-thue-van-phong/ho-chi-minh&quot;&gt;Cho thuê văn phòng HCM&lt;/a&gt;&lt;/li&gt;&lt;li class=&quot;menu-item menu-item-type-custom menu-item-object-custom menu-item-7087&quot; id=&quot;menu-item-7087&quot;&gt;&lt;a href=&quot;/nha-dat-cho-thue/ha-noi&quot;&gt;Cho thuê nhà tại Hà Nội&lt;/a&gt;&lt;/li&gt;&lt;li class=&quot;menu-item menu-item-type-custom menu-item-object-custom menu-item-184482&quot; id=&quot;menu-item-184482&quot;&gt;&lt;a href=&quot;https://bannha.net/cho-thue-van-phong/ha-noi&quot;&gt;Cho thuê văn phòng Hà Nội&lt;/a&gt;&lt;/li&gt;&lt;li class=&quot;menu-item menu-item-type-custom menu-item-object-custom menu-item-7088&quot; id=&quot;menu-item-7088&quot;&gt;&lt;a href=&quot;/nha-dat-cho-thue/da-nang&quot;&gt;Cho thuê nhà tại Đà Nẵng&lt;/a&gt;&lt;/li&gt;&lt;/ul&gt;" SourceIndex="1814" TableNum="0" TextLen="114" order="44" xPath="/html[1]/body[1]/div[1]/footer[1]/div[1]/div[1]/div[1]/div[4]/ul[1]"/>
<LayoutNode BgColor="#ffffff" ContainImg="0" ContainP="0" ContainTable="false" Content="Về chúng tôi " DOMCldNum="2" DoC="10" FontSize="16" FontWeight="700" FormNum="0" FormSize="0" FrameSourceIndex="0" ID="1-36" InteractionNum="0" InteractionSize="0" IsImg="false" LinkNum="0" LinkTextLen="0" ObjectHeight="24" ObjectRectHeight="24" ObjectRectLeft="0" ObjectRectTop="9873" ObjectRectWidth="1420" ObjectWidth="1080" ObjectX="155" ObjectY="9873" OptionNum="0" OptionTextLength="0" ParaNum="0" SRC="&lt;h4 class=&quot;h6 font-weight-bold&quot;&gt;Về chúng tôi&lt;/h4&gt;" SourceIndex="1831" TableNum="0" TextLen="12" order="45" xPath="/html[1]/body[1]/div[1]/footer[1]/div[1]/div[1]/div[1]/div[5]/h4[1]"/>
<LayoutNode BgColor="#ffffff" ContainImg="0" ContainP="0" ContainTable="false" Content="Giới thiệuHỗ trợBáo GiáTuyển dụngĐiều khoản thoả thuậnGiải quyết tranh chấpChính sách bảo mậtLiên hệ " DOMCldNum="2" DoC="8" FontSize="16" FontWeight="400" FormNum="0" FormSize="0" FrameSourceIndex="0" ID="1-37" InteractionNum="0" InteractionSize="0" IsImg="false" LinkNum="16" LinkTextLen="100" ObjectHeight="240" ObjectRectHeight="240" ObjectRectLeft="0" ObjectRectTop="9905" ObjectRectWidth="1420" ObjectWidth="1080" ObjectX="155" ObjectY="9905" OptionNum="0" OptionTextLength="0" ParaNum="0" SRC="&lt;ul class=&quot;list-unstyled mb-4 menu&quot; id=&quot;menu-ve-chung-toi&quot;&gt;&lt;li class=&quot;menu-item menu-item-type-post_type menu-item-object-page menu-item-176450&quot; id=&quot;menu-item-176450&quot;&gt;&lt;a href=&quot;https://bannha.net/gioi-thieu&quot; rel=&quot;nofollow&quot;&gt;Giới thiệu&lt;/a&gt;&lt;/li&gt;&lt;li class=&quot;menu-item menu-item-type-taxonomy menu-item-object-category menu-item-182625&quot; id=&quot;menu-item-182625&quot;&gt;&lt;a href=&quot;https://bannha.net/ho-tro&quot; rel=&quot;nofollow&quot;&gt;Hỗ trợ&lt;/a&gt;&lt;/li&gt;&lt;li class=&quot;menu-item menu-item-type-custom menu-item-object-custom menu-item-184017&quot; id=&quot;menu-item-184017&quot;&gt;&lt;a href=&quot;https://bannha.net/bao-gia&quot; rel=&quot;nofollow&quot;&gt;Báo Giá&lt;/a&gt;&lt;/li&gt;&lt;li class=&quot;menu-item menu-item-type-post_type menu-item-object-page menu-item-176451&quot; id=&quot;menu-item-176451&quot;&gt;&lt;a href=&quot;https://bannha.net/tuyen-dung&quot; rel=&quot;nofollow&quot;&gt;Tuyển dụng&lt;/a&gt;&lt;/li&gt;&lt;li class=&quot;menu-item menu-item-type-post_type menu-item-object-page menu-item-7100&quot; id=&quot;menu-item-7100&quot;&gt;&lt;a href=&quot;https://bannha.net/dieu-khoan-thoa-thuan&quot; rel=&quot;nofollow&quot;&gt;Điều khoản thoả thuận&lt;/a&gt;&lt;/li&gt;&lt;li class=&quot;menu-item menu-item-type-post_type menu-item-object-page menu-item-176452&quot; id=&quot;menu-item-176452&quot;&gt;&lt;a href=&quot;https://bannha.net/giai-quyet-tranh-chap&quot; rel=&quot;nofollow&quot;&gt;Giải quyết tranh chấp&lt;/a&gt;&lt;/li&gt;&lt;li class=&quot;menu-item menu-item-type-post_type menu-item-object-page menu-item-176453&quot; id=&quot;menu-item-176453&quot;&gt;&lt;a href=&quot;https://bannha.net/chinh-sach-bao-mat&quot; rel=&quot;nofollow&quot;&gt;Chính sách bảo mật&lt;/a&gt;&lt;/li&gt;&lt;li class=&quot;menu-item menu-item-type-post_type menu-item-object-page menu-item-7099&quot; id=&quot;menu-item-7099&quot;&gt;&lt;a href=&quot;https://bannha.net/lien-he&quot; rel=&quot;nofollow&quot;&gt;Liên hệ&lt;/a&gt;&lt;/li&gt;&lt;/ul&gt;" SourceIndex="1833" TableNum="0" TextLen="100" order="46" xPath="/html[1]/body[1]/div[1]/footer[1]/div[1]/div[1]/div[1]/div[5]/ul[1]"/>
<LayoutNode BgColor="#ffffff" ContainImg="0" ContainP="1" ContainTable="false" Content="Copyright © 2007 – 2020 Bannha.net Ghi rõ nguồn “Bannha.net” khi phát hành lại thông tin từ website này " DOMCldNum="1" DoC="8" FontSize="16" FontWeight="400" FormNum="0" FormSize="0" FrameSourceIndex="0" ID="1-38" InteractionNum="0" InteractionSize="0" IsImg="false" LinkNum="0" LinkTextLen="0" ObjectHeight="60" ObjectRectHeight="105" ObjectRectLeft="0" ObjectRectTop="10169" ObjectRectWidth="1420" ObjectWidth="1110" ObjectX="140" ObjectY="10169" OptionNum="0" OptionTextLength="0" ParaNum="1" SRC="&lt;p&gt;Copyright © 2007 – 2020 Bannha.net&lt;br/&gt;Ghi rõ nguồn “Bannha.net” khi phát hành lại thông tin từ website này&lt;/p&gt;" SourceIndex="1860" TableNum="0" TextLen="102" order="47" xPath="/html[1]/body[1]/div[1]/footer[1]/div[2]/div[1]/p[1]"/>
</LayoutNode>
</VIPSPage>
