<VIPSPage PageRectHeight="980" PageRectLeft="0" PageRectTop="0" PageRectWidth="1420" PageTitle="Bán đất tặng nhà phố Tô Vĩnh Diện, Thanh Xuân: 50m,MT: 6,8M, ô tô. Giá: 4,7 tỷ - Mã tin 4294904" Url="http://123nhadat.vn/raovat-t4294904/ban-nha-rieng-tai-pho-to-vinh-dien/dat-tang-thanh-xuan-50mmt-68m-o-gia-47-ty.html" WindowHeight="980" WindowWidth="1420" neworder="0" order="0">
<LayoutNode BgColor="#ffffff" ContainImg="17" ContainP="1" ContainTable="false" DOMCldNum="15" DoC="1" FontSize="13" FontWeight="normal" FormNum="3" FormSize="20" FrameSourceIndex="0" ID="1" InteractionNum="0" InteractionSize="0" IsImg="false" LinkNum="308" LinkTextLen="2887" ObjectRectHeight="6879" ObjectRectLeft="0" ObjectRectTop="0" ObjectRectWidth="1420" OptionNum="0" OptionTextLength="0" ParaNum="1" SourceIndex="204" TableNum="0" TextLen="9286" order="1">
<LayoutNode BgColor="#ffffff" ContainImg="1" ContainP="0" ContainTable="false" Content=" " DOMCldNum="15" DoC="8" FontSize="13" FontWeight="normal" FormNum="0" FormSize="0" FrameSourceIndex="0" ID="1-1" InteractionNum="0" InteractionSize="0" IsImg="false" LinkNum="2" LinkTextLen="0" ObjectHeight="92" ObjectRectHeight="102" ObjectRectLeft="0" ObjectRectTop="0" ObjectRectWidth="1420" ObjectWidth="1000" ObjectX="210" ObjectY="10" OptionNum="0" OptionTextLength="0" ParaNum="0" SRC="&lt;div xmlns=&quot;http://www.w3.org/1999/xhtml&quot; class=&quot;logo_banner&quot;&gt;            &lt;div class=&quot;logo&quot;&gt;                &lt;a href=&quot;http://123nhadat.vn/&quot;&gt;&lt;img alt=&quot;&quot; src=&quot;http://123nhadat.vn/uploads/logo_web.png&quot;/&gt;&lt;/a&gt;            &lt;/div&gt;            &lt;div class=&quot;banner&quot; id=&quot;top-banner1&quot;&gt;                &lt;!-- Banner_vertical --&gt;&lt;ins class=&quot;adsbygoogle&quot; data-ad-client=&quot;ca-pub-7688425822787883&quot; data-ad-format=&quot;auto&quot; data-ad-slot=&quot;6087119449&quot; data-full-width-responsive=&quot;true&quot; style=&quot;display:block&quot;/&gt;&lt;script&gt;     (adsbygoogle = window.adsbygoogle || []).push({});&lt;/script&gt;            &lt;/div&gt;        &lt;/div&gt;" SourceIndex="206" TableNum="0" TextLen="0" order="2" xPath="/html[1]/body[1]/div[1]/div[2]/div[1]"/>
<LayoutNode BgColor="#ffffff" ContainImg="1" ContainP="0" ContainTable="false" Content=" Nhà đất bán Nhà đất cho thuê Tin thị trường Kiến thức Dự án Báo giá dịch vụ Vé máy bay giá rẻ Tìm kiếm Đăng tin bán/ Cho thuê Cần mua/ Cần thuê Đăng ký Đăng nhập var uLogIn = 0; " DOMCldNum="19" DoC="5" FontSize="14" FontWeight="600" FormNum="1" FormSize="20" FrameSourceIndex="0" ID="1-2" InteractionNum="0" InteractionSize="0" IsImg="false" LinkNum="24" LinkTextLen="142" ObjectHeight="40" ObjectRectHeight="85" ObjectRectLeft="0" ObjectRectTop="112" ObjectRectWidth="1420" ObjectWidth="50" ObjectX="210" ObjectY="112" OptionNum="0" OptionTextLength="0" ParaNum="0" SRC="&lt;li xmlns=&quot;http://www.w3.org/1999/xhtml&quot; id=&quot;home_link&quot;&gt;&lt;a href=&quot;http://123nhadat.vn/&quot;&gt;&lt;img alt=&quot;icon home&quot; class=&quot;icon_home&quot; src=&quot;http://123nhadat.vn/images/icon_home.png&quot;/&gt;&lt;/a&gt;&lt;span class=&quot;mb_min&quot; onclick=&quot;jPanelMenu.close();&quot;&gt;Đóng lại&lt;/span&gt;&lt;/li&gt;&lt;li xmlns=&quot;http://www.w3.org/1999/xhtml&quot;&gt;&lt;a class=&quot;active&quot; href=&quot;http://123nhadat.vn/raovat-c1/nha-dat-ban&quot;&gt;Nhà đất bán&lt;/a&gt;&lt;span class=&quot;child_mobile_show&quot; onclick=&quot;$('.con_1').toggle();&quot;/&gt;                              &lt;ul class=&quot;con_1&quot;&gt;                                   &lt;li&gt;&lt;a href=&quot;http://123nhadat.vn/raovat-c3/ban-biet-thu-trong-du-an&quot;&gt;Bán biệt thự&lt;/a&gt;&lt;/li&gt;                                   &lt;li&gt;&lt;a href=&quot;http://123nhadat.vn/raovat-c5/ban-dat-nen-du-an&quot;&gt;Bán đất nền dự án&lt;/a&gt;&lt;/li&gt;                                   &lt;li&gt;&lt;a href=&quot;http://123nhadat.vn/raovat-c6/ban-can-ho-chung-cu&quot;&gt;Bán căn hộ chung cư&lt;/a&gt;&lt;/li&gt;                                   &lt;li&gt;&lt;a href=&quot;http://123nhadat.vn/raovat-c8/ban-nha-rieng&quot;&gt;Bán nhà riêng&lt;/a&gt;&lt;/li&gt;                                   &lt;li&gt;&lt;a href=&quot;http://123nhadat.vn/raovat-c9/ban-nha-mat-pho&quot;&gt;Bán nhà mặt phố&lt;/a&gt;&lt;/li&gt;                                   &lt;li&gt;&lt;a href=&quot;http://123nhadat.vn/raovat-c10/ban-nha-phan-lo&quot;&gt;Bán nhà phân lô&lt;/a&gt;&lt;/li&gt;                                   &lt;li&gt;&lt;a href=&quot;http://123nhadat.vn/raovat-c11/ban-dat&quot;&gt;Bán đất&lt;/a&gt;&lt;/li&gt;                                   &lt;li&gt;&lt;a href=&quot;http://123nhadat.vn/raovat-c12/ban-trang-trai-khu-nghi-duong&quot;&gt;Bán trang trại,khu nghỉ dưỡng&lt;/a&gt;&lt;/li&gt;                                   &lt;li&gt;&lt;a href=&quot;http://123nhadat.vn/raovat-c13/ban-kho-nha-xuong&quot;&gt;Bán kho, nhà xưởng&lt;/a&gt;&lt;/li&gt;                                   &lt;li&gt;&lt;a href=&quot;http://123nhadat.vn/raovat-c14/ban-khach-san-nha-nghi&quot;&gt;Bán khách sạn, nhà nghỉ&lt;/a&gt;&lt;/li&gt;                                   &lt;li&gt;&lt;a href=&quot;http://123nhadat.vn/raovat-c15/ban-mat-bang-cua-hang&quot;&gt;Bán mặt bằng, cửa hàng&lt;/a&gt;&lt;/li&gt;                               &lt;/ul&gt;                          &lt;/li&gt;&lt;li xmlns=&quot;http://www.w3.org/1999/xhtml&quot;&gt;&lt;a class=&quot;mbL_nhadat_2&quot; href=&quot;http://123nhadat.vn/raovat-c2/nha-dat-cho-thue&quot;&gt;Nhà đất cho thuê&lt;/a&gt;&lt;span class=&quot;child_mobile_show&quot; onclick=&quot;$('.con_2').toggle();&quot;/&gt;                              &lt;ul class=&quot;con_2&quot;&gt;                                   &lt;li&gt;&lt;a href=&quot;http://123nhadat.vn/raovat-c4/cho-thue-van-phong&quot;&gt;Cho thuê văn phòng&lt;/a&gt;&lt;/li&gt;                                   &lt;li&gt;&lt;a href=&quot;http://123nhadat.vn/raovat-c16/cho-thue-nha-mat-pho&quot;&gt;Cho thuê nhà mặt phố&lt;/a&gt;&lt;/li&gt;                                   &lt;li&gt;&lt;a href=&quot;http://123nhadat.vn/raovat-c17/cho-thue-nha-rieng&quot;&gt;Cho thuê nhà riêng&lt;/a&gt;&lt;/li&gt;                                   &lt;li&gt;&lt;a href=&quot;http://123nhadat.vn/raovat-c18/cho-thue-can-ho-chung-cu&quot;&gt;Cho thuê căn hộ chung cư&lt;/a&gt;&lt;/li&gt;                                   &lt;li&gt;&lt;a href=&quot;http://123nhadat.vn/raovat-c19/cho-thue-biet-thu&quot;&gt;Cho thuê biệt thự&lt;/a&gt;&lt;/li&gt;                                   &lt;li&gt;&lt;a href=&quot;http://123nhadat.vn/raovat-c20/cho-thue-cua-hang-kiot&quot;&gt;Cho thuê cửa hàng, ki ốt&lt;/a&gt;&lt;/li&gt;                                   &lt;li&gt;&lt;a href=&quot;http://123nhadat.vn/raovat-c21/cho-thue-nha-tro&quot;&gt;Cho thuê nhà trọ,phòng trọ&lt;/a&gt;&lt;/li&gt;                                   &lt;li&gt;&lt;a href=&quot;http://123nhadat.vn/raovat-c23/cho-thue-kho-nha-xuong&quot;&gt;Cho thuê kho, nhà xưởng&lt;/a&gt;&lt;/li&gt;                                   &lt;li&gt;&lt;a href=&quot;http://123nhadat.vn/raovat-c24/cho-thue-dat&quot;&gt;Cho thuê đất&lt;/a&gt;&lt;/li&gt;                                   &lt;li&gt;&lt;a href=&quot;http://123nhadat.vn/raovat-c25/cho-thue-khach-san-nha-nghi&quot;&gt;Cho thuê khách sạn, nhà nghỉ&lt;/a&gt;&lt;/li&gt;                                   &lt;li&gt;&lt;a href=&quot;http://123nhadat.vn/raovat-c26/cho-thue-loai-bat-dong-san-khac&quot;&gt;Cho thuê loại bất động sản khác&lt;/a&gt;&lt;/li&gt;                               &lt;/ul&gt;                          &lt;/li&gt;&lt;li xmlns=&quot;http://www.w3.org/1999/xhtml&quot;&gt;&lt;a class=&quot;mbL_tinthitruong&quot; href=&quot;http://123nhadat.vn/news/c2/thi-truong&quot;&gt;Tin thị trường&lt;/a&gt;&lt;span class=&quot;child_mobile_show&quot; onclick=&quot;$('.news_2').toggle();&quot;/&gt;                        &lt;ul class=&quot;news_2&quot;&gt;                                  &lt;li&gt;&lt;a href=&quot;http://123nhadat.vn/news/c8/trong-nuoc&quot;&gt;Thị trường trong nước&lt;/a&gt;&lt;/li&gt;                                  &lt;li&gt;&lt;a href=&quot;http://123nhadat.vn/news/c15/phan-tich-nhan-dinh&quot;&gt;Phân tích - Nhận định&lt;/a&gt;&lt;/li&gt;                                  &lt;li&gt;&lt;a href=&quot;http://123nhadat.vn/news/c16/chinh-sach-quan-ly&quot;&gt;Chính sách - Quản lý&lt;/a&gt;&lt;/li&gt;                                  &lt;li&gt;&lt;a href=&quot;http://123nhadat.vn/news/c17/thong-tin-quy-hoach&quot;&gt;Thông tin quy hoạch&lt;/a&gt;&lt;/li&gt;                                  &lt;li&gt;&lt;a href=&quot;http://123nhadat.vn/news/c18/ngoai-nuoc&quot;&gt;Thị trường ngoài nước&lt;/a&gt;&lt;/li&gt;                                  &lt;li&gt;&lt;a href=&quot;http://123nhadat.vn/news/c23/tai-chinh-chung-khoan&quot;&gt;Tài chính - Chứng khoán&lt;/a&gt;&lt;/li&gt;                                  &lt;li&gt;&lt;a href=&quot;http://123nhadat.vn/news/c49/hoat-dong-doanh-nghiep&quot;&gt;Hoạt động doanh nghiệp&lt;/a&gt;&lt;/li&gt;                                  &lt;li&gt;&lt;a href=&quot;http://123nhadat.vn/news/c50/tin-du-an&quot;&gt;Tin từ Dự Án&lt;/a&gt;&lt;/li&gt;                                  &lt;li&gt;&lt;a href=&quot;http://123nhadat.vn/news/c51/goc-su-kien-khuyen-mai&quot;&gt;Góc sự kiện &amp; khuyến mại&lt;/a&gt;&lt;/li&gt;                              &lt;/ul&gt;                    &lt;/li&gt;&lt;li xmlns=&quot;http://www.w3.org/1999/xhtml&quot;&gt;&lt;a class=&quot;mbL_kienthuc&quot; href=&quot;http://123nhadat.vn/news&quot;&gt;Kiến thức&lt;/a&gt;&lt;span class=&quot;child_mobile_show&quot; onclick=&quot;$('.news_home').toggle();&quot;/&gt;                        &lt;ul class=&quot;news_home&quot;&gt;                                                         &lt;li&gt;&lt;a class=&quot;parent&quot; href=&quot;http://123nhadat.vn/news/c1/kinh-nghiem&quot;&gt;&lt;span&gt;Kinh nghiệm&lt;/span&gt;&lt;/a&gt;&lt;span class=&quot;child_mobile_show&quot; onclick=&quot;$('.news_1').toggle();&quot;/&gt;                                            &lt;ul class=&quot;news_1&quot;&gt;                                                          &lt;li&gt;&lt;a href=&quot;http://123nhadat.vn/news/c14/kinh-nghiem-mua-nha&quot;&gt;&lt;span&gt;Kinh nghiệm mua nhà&lt;/span&gt;&lt;/a&gt;                                                  &lt;/li&gt;                                                           &lt;li&gt;&lt;a href=&quot;http://123nhadat.vn/news/c19/kinh-nghiem-ban-nha&quot;&gt;&lt;span&gt;Kinh nghiệm bán nhà đất&lt;/span&gt;&lt;/a&gt;                                                  &lt;/li&gt;                                                           &lt;li&gt;&lt;a href=&quot;http://123nhadat.vn/news/c20/kinh-nghiem-dau-tu&quot;&gt;&lt;span&gt;Kinh nghiệm đầu tư&lt;/span&gt;&lt;/a&gt;                                                  &lt;/li&gt;                                                           &lt;li&gt;&lt;a href=&quot;http://123nhadat.vn/news/c21/kinh-nghiem-thue-nha&quot;&gt;&lt;span&gt;Kinh nghiệm thuê nhà&lt;/span&gt;&lt;/a&gt;                                                  &lt;/li&gt;                                                           &lt;li&gt;&lt;a href=&quot;http://123nhadat.vn/news/c22/kinh-nghiem-cho-thue-nha&quot;&gt;&lt;span&gt;Kinh nghiệm cho thuê nhà&lt;/span&gt;&lt;/a&gt;                                                  &lt;/li&gt;                     &lt;/ul&gt;          &lt;/li&gt;                                                                  &lt;li&gt;&lt;a class=&quot;parent&quot; href=&quot;http://123nhadat.vn/news/c3/xay-dung&quot;&gt;&lt;span&gt;Xây dựng&lt;/span&gt;&lt;/a&gt;&lt;span class=&quot;child_mobile_show&quot; onclick=&quot;$('.news_3').toggle();&quot;/&gt;                                            &lt;ul class=&quot;news_3&quot;&gt;                                                          &lt;li&gt;&lt;a href=&quot;http://123nhadat.vn/news/c9/vat-lieu-xay-dung&quot;&gt;&lt;span&gt;Vật liệu xây dựng&lt;/span&gt;&lt;/a&gt;                                                  &lt;/li&gt;                                                           &lt;li&gt;&lt;a href=&quot;http://123nhadat.vn/news/c24/kien-thuc-xay-dung&quot;&gt;&lt;span&gt;Kiến thức cần biết&lt;/span&gt;&lt;/a&gt;                                                  &lt;/li&gt;                                                           &lt;li&gt;&lt;a href=&quot;http://123nhadat.vn/news/c25/giai-phap-xay-dung&quot;&gt;&lt;span&gt;Giải pháp xây dựng&lt;/span&gt;&lt;/a&gt;                                                  &lt;/li&gt;                     &lt;/ul&gt;          &lt;/li&gt;                                                          &lt;li&gt;&lt;a class=&quot;parent&quot; href=&quot;http://123nhadat.vn/news/c4/khong-gian-dep&quot;&gt;&lt;span&gt;Không Gian Đẹp&lt;/span&gt;&lt;/a&gt;&lt;span class=&quot;child_mobile_show&quot; onclick=&quot;$('.news_4').toggle();&quot;/&gt;                                            &lt;ul class=&quot;news_4&quot;&gt;                                                          &lt;li&gt;&lt;a class=&quot;parent&quot; href=&quot;http://123nhadat.vn/news/c10/noi-that&quot;&gt;&lt;span&gt;Nội thất&lt;/span&gt;&lt;/a&gt;&lt;span class=&quot;child_mobile_show&quot; onclick=&quot;$('.news_10').toggle();&quot;/&gt;                                                      &lt;ul class=&quot;news_10&quot;&gt;                                                           &lt;li&gt;&lt;a href=&quot;http://123nhadat.vn/news/c35/toan-canh&quot;&gt;&lt;span&gt;Toàn cảnh&lt;/span&gt;&lt;/a&gt;&lt;/li&gt;                                                            &lt;li&gt;&lt;a href=&quot;http://123nhadat.vn/news/c36/phong-khach&quot;&gt;&lt;span&gt;Phòng khách&lt;/span&gt;&lt;/a&gt;&lt;/li&gt;                                                            &lt;li&gt;&lt;a href=&quot;http://123nhadat.vn/news/c37/phong-ngu&quot;&gt;&lt;span&gt;Phòng ngủ&lt;/span&gt;&lt;/a&gt;&lt;/li&gt;                                                            &lt;li&gt;&lt;a href=&quot;http://123nhadat.vn/news/c38/nha-bep&quot;&gt;&lt;span&gt;Nhà bếp&lt;/span&gt;&lt;/a&gt;&lt;/li&gt;                                                            &lt;li&gt;&lt;a href=&quot;http://123nhadat.vn/news/c39/phong-tam&quot;&gt;&lt;span&gt;Phòng tắm&lt;/span&gt;&lt;/a&gt;&lt;/li&gt;                                                            &lt;li&gt;&lt;a href=&quot;http://123nhadat.vn/news/c40/phong-tre-em&quot;&gt;&lt;span&gt;Phòng trẻ em&lt;/span&gt;&lt;/a&gt;&lt;/li&gt;                                                            &lt;li&gt;&lt;a href=&quot;http://123nhadat.vn/news/c41/van-phong&quot;&gt;&lt;span&gt;Văn phòng&lt;/span&gt;&lt;/a&gt;&lt;/li&gt;                                                            &lt;li&gt;&lt;a href=&quot;http://123nhadat.vn/news/c42/khach-san-nha-hang-showroom&quot;&gt;&lt;span&gt;Khách sạn,nhà hàng,showroom&lt;/span&gt;&lt;/a&gt;&lt;/li&gt;                                                        &lt;/ul&gt;                                        &lt;/li&gt;                                                            &lt;li&gt;&lt;a href=&quot;http://123nhadat.vn/news/c26/ngoai-that&quot;&gt;&lt;span&gt;Ngoại thất&lt;/span&gt;&lt;/a&gt;                                                  &lt;/li&gt;                     &lt;/ul&gt;          &lt;/li&gt;                                                          &lt;li&gt;&lt;a class=&quot;parent&quot; href=&quot;http://123nhadat.vn/news/c5/kien-truc&quot;&gt;&lt;span&gt;Kiến trúc&lt;/span&gt;&lt;/a&gt;&lt;span class=&quot;child_mobile_show&quot; onclick=&quot;$('.news_5').toggle();&quot;/&gt;                                            &lt;ul class=&quot;news_5&quot;&gt;                                                          &lt;li&gt;&lt;a href=&quot;http://123nhadat.vn/news/c11/tu-van-thiet-ke&quot;&gt;&lt;span&gt;Tư vấn thiết kế&lt;/span&gt;&lt;/a&gt;                                                  &lt;/li&gt;                                                           &lt;li&gt;&lt;a href=&quot;http://123nhadat.vn/news/c27/kien-truc-ngay-ay-bay-gio&quot;&gt;&lt;span&gt;Kiến trúc ngày ấy - bây giờ&lt;/span&gt;&lt;/a&gt;                                                  &lt;/li&gt;                                                           &lt;li&gt;&lt;a href=&quot;http://123nhadat.vn/news/c28/du-lich-kien-truc&quot;&gt;&lt;span&gt;Du lịch kiến trúc&lt;/span&gt;&lt;/a&gt;                                                  &lt;/li&gt;                     &lt;/ul&gt;          &lt;/li&gt;                                                          &lt;li&gt;&lt;a class=&quot;parent&quot; href=&quot;http://123nhadat.vn/news/c6/phong-thuy&quot;&gt;&lt;span&gt;Phong thủy&lt;/span&gt;&lt;/a&gt;&lt;span class=&quot;child_mobile_show&quot; onclick=&quot;$('.news_6').toggle();&quot;/&gt;                                            &lt;ul class=&quot;news_6&quot;&gt;                                                          &lt;li&gt;&lt;a class=&quot;parent&quot; href=&quot;http://123nhadat.vn/news/c12/phong-thuy-nha-o&quot;&gt;&lt;span&gt;Phong thủy Nhà ở&lt;/span&gt;&lt;/a&gt;&lt;span class=&quot;child_mobile_show&quot; onclick=&quot;$('.news_12').toggle();&quot;/&gt;                                                      &lt;ul class=&quot;news_12&quot;&gt;                                                           &lt;li&gt;&lt;a href=&quot;http://123nhadat.vn/news/c43/toan-canh&quot;&gt;&lt;span&gt;Toàn cảnh&lt;/span&gt;&lt;/a&gt;&lt;/li&gt;                                                            &lt;li&gt;&lt;a href=&quot;http://123nhadat.vn/news/c44/phong-ngu&quot;&gt;&lt;span&gt;Phòng ngủ&lt;/span&gt;&lt;/a&gt;&lt;/li&gt;                                                            &lt;li&gt;&lt;a href=&quot;http://123nhadat.vn/news/c45/phong-khach&quot;&gt;&lt;span&gt;Phòng khách&lt;/span&gt;&lt;/a&gt;&lt;/li&gt;                                                            &lt;li&gt;&lt;a href=&quot;http://123nhadat.vn/news/c46/phong-bep&quot;&gt;&lt;span&gt;Phòng bếp&lt;/span&gt;&lt;/a&gt;&lt;/li&gt;                                                            &lt;li&gt;&lt;a href=&quot;http://123nhadat.vn/news/c47/phong-tam&quot;&gt;&lt;span&gt;Phòng tắm&lt;/span&gt;&lt;/a&gt;&lt;/li&gt;                                                            &lt;li&gt;&lt;a href=&quot;http://123nhadat.vn/news/c48/cua-chinh-san-vuon&quot;&gt;&lt;span&gt;Cửa chính, sân vườn&lt;/span&gt;&lt;/a&gt;&lt;/li&gt;                                                        &lt;/ul&gt;                                        &lt;/li&gt;                                                            &lt;li&gt;&lt;a href=&quot;http://123nhadat.vn/news/c29/phong-thuy-van-phong&quot;&gt;&lt;span&gt;Phong thủy văn phòng&lt;/span&gt;&lt;/a&gt;                                                  &lt;/li&gt;                     &lt;/ul&gt;          &lt;/li&gt;                                                          &lt;li&gt;&lt;a class=&quot;parent&quot; href=&quot;http://123nhadat.vn/news/c7/cafe-luat&quot;&gt;&lt;span&gt;Cafe luật&lt;/span&gt;&lt;/a&gt;&lt;span class=&quot;child_mobile_show&quot; onclick=&quot;$('.news_7').toggle();&quot;/&gt;                                            &lt;ul class=&quot;news_7&quot;&gt;                                                          &lt;li&gt;&lt;a href=&quot;http://123nhadat.vn/news/c13/hop-thuc-hoa&quot;&gt;&lt;span&gt;Hợp thức hóa&lt;/span&gt;&lt;/a&gt;                                                  &lt;/li&gt;                                                           &lt;li&gt;&lt;a href=&quot;http://123nhadat.vn/news/c30/quyen-so-huu&quot;&gt;&lt;span&gt;Chuyển quyền sở hữu&lt;/span&gt;&lt;/a&gt;                                                  &lt;/li&gt;                                                           &lt;li&gt;&lt;a href=&quot;http://123nhadat.vn/news/c31/thua-ke-tranh-chap&quot;&gt;&lt;span&gt;Thừa kế - Tranh chấp&lt;/span&gt;&lt;/a&gt;                                                  &lt;/li&gt;                                                           &lt;li&gt;&lt;a href=&quot;http://123nhadat.vn/news/c32/xay-dung-hoan-cong&quot;&gt;&lt;span&gt;Xây dựng - Hoàn công&lt;/span&gt;&lt;/a&gt;                                                  &lt;/li&gt;                                                           &lt;li&gt;&lt;a href=&quot;http://123nhadat.vn/news/c33/thue-nha-dat&quot;&gt;&lt;span&gt;Thuế nhà đất&lt;/span&gt;&lt;/a&gt;                                                  &lt;/li&gt;                                                           &lt;li&gt;&lt;a href=&quot;http://123nhadat.vn/news/c34/nuoc-ngoai&quot;&gt;&lt;span&gt;Nước ngoài&lt;/span&gt;&lt;/a&gt;                                                  &lt;/li&gt;                     &lt;/ul&gt;          &lt;/li&gt;                                      &lt;/ul&gt;                    &lt;/li&gt;&lt;li xmlns=&quot;http://www.w3.org/1999/xhtml&quot;&gt;&lt;a class=&quot;mbL_duan&quot; href=&quot;http://123nhadat.vn/du-an&quot;&gt;Dự án&lt;/a&gt;&lt;span class=&quot;child_mobile_show&quot; onclick=&quot;$('.con_duan').toggle();&quot;/&gt;                        &lt;ul class=&quot;con_duan&quot;&gt;                                                        &lt;li&gt;&lt;a href=&quot;http://123nhadat.vn/du-an-khu-do-thi-moi-c1&quot;&gt;&lt;span&gt;Khu đô thị mới&lt;/span&gt;&lt;/a&gt;&lt;/li&gt;                                   &lt;li&gt;&lt;a href=&quot;http://123nhadat.vn/du-an-chung-cu-cao-oc-can-ho-c2&quot;&gt;&lt;span&gt;Chung cư/Cao ốc căn hộ&lt;/span&gt;&lt;/a&gt;&lt;/li&gt;                                   &lt;li&gt;&lt;a href=&quot;http://123nhadat.vn/du-an-khu-dan-cu-c3&quot;&gt;&lt;span&gt;Khu dân cư&lt;/span&gt;&lt;/a&gt;&lt;/li&gt;                                   &lt;li&gt;&lt;a href=&quot;http://123nhadat.vn/du-an-khu-biet-thu-c4&quot;&gt;&lt;span&gt;Khu Biệt thự&lt;/span&gt;&lt;/a&gt;&lt;/li&gt;                                   &lt;li&gt;&lt;a href=&quot;http://123nhadat.vn/du-an-bds-du-lich-nghi-duong-resort-c5&quot;&gt;&lt;span&gt;Bđs du lịch, nghỉ dưỡng, resort&lt;/span&gt;&lt;/a&gt;&lt;/li&gt;                                   &lt;li&gt;&lt;a href=&quot;http://123nhadat.vn/du-an-khu-tai-dinh-cu-c6&quot;&gt;&lt;span&gt;Khu tái định cư&lt;/span&gt;&lt;/a&gt;&lt;/li&gt;                                   &lt;li&gt;&lt;a href=&quot;http://123nhadat.vn/du-an-nha-o-xa-hoi-c7&quot;&gt;&lt;span&gt;Nhà ở xã hội&lt;/span&gt;&lt;/a&gt;&lt;/li&gt;                                   &lt;li&gt;&lt;a href=&quot;http://123nhadat.vn/du-an-cao-oc-van-phong-c8&quot;&gt;&lt;span&gt;Cao ốc văn phòng&lt;/span&gt;&lt;/a&gt;&lt;/li&gt;                                   &lt;li&gt;&lt;a href=&quot;http://123nhadat.vn/du-an-khu-thuong-mai-c9&quot;&gt;&lt;span&gt;Khu thương mại&lt;/span&gt;&lt;/a&gt;&lt;/li&gt;                                   &lt;li&gt;&lt;a href=&quot;http://123nhadat.vn/du-an-khu-phuc-hop-c10&quot;&gt;&lt;span&gt;Khu phức hợp&lt;/span&gt;&lt;/a&gt;&lt;/li&gt;                                   &lt;li&gt;&lt;a href=&quot;http://123nhadat.vn/du-an-khu-cn-cx-c11&quot;&gt;&lt;span&gt;Khu CN/CX&lt;/span&gt;&lt;/a&gt;&lt;/li&gt;                                   &lt;li&gt;&lt;a href=&quot;http://123nhadat.vn/du-an-khach-san-nha-nghi-c12&quot;&gt;&lt;span&gt;Khách sạn, nhà nghỉ&lt;/span&gt;&lt;/a&gt;&lt;/li&gt;                               &lt;/ul&gt;                    &lt;/li&gt;&lt;li xmlns=&quot;http://www.w3.org/1999/xhtml&quot; id=&quot;bao_gia_id&quot;&gt;&lt;a class=&quot;mbL_baogiadichvu&quot; href=&quot;javascript:void(0)&quot;&gt;Báo giá dịch vụ&lt;/a&gt;&lt;span class=&quot;child_mobile_show&quot; onclick=&quot;$('.con_baogia').toggle();&quot;/&gt;                        &lt;ul class=&quot;con_baogia&quot;&gt;                            &lt;li&gt;&lt;a href=&quot;http://123nhadat.vn/bao-gia-quang-cao&quot;&gt;Hiệu quả quảng cáo&lt;/a&gt;&lt;/li&gt;                            &lt;li&gt;&lt;a href=&quot;http://123nhadat.vn/bao-gia-quang-cao/banners&quot;&gt;Báo giá Banner&lt;/a&gt;&lt;/li&gt;                            &lt;li&gt;&lt;a href=&quot;http://123nhadat.vn/bao-gia-quang-cao/gia-tin-dang&quot;&gt;Báo giá tin đăng&lt;/a&gt;&lt;/li&gt;                        &lt;/ul&gt;                    &lt;/li&gt;&lt;li xmlns=&quot;http://www.w3.org/1999/xhtml&quot;&gt;&lt;a class=&quot;mbL_admin&quot; href=&quot;https://123vemaybay.vn&quot; title=&quot;Vé máy bay giá rẻ,ve may bay gia re nhất thị trường&quot;&gt;Vé máy bay giá rẻ&lt;/a&gt;&lt;/li&gt;&lt;div xmlns=&quot;http://www.w3.org/1999/xhtml&quot; class=&quot;boxfull bgxam khonghien_mobile&quot;&gt;            &lt;div class=&quot;box_search&quot;&gt;   &lt;form action=&quot;http://123nhadat.vn/?act=tim-nha-dat&quot; id=&quot;searchForm&quot; method=&quot;post&quot;&gt;                &lt;div class=&quot;timkiem&quot;&gt;                    &lt;label&gt;Tìm kiếm&lt;/label&gt;                    &lt;input class=&quot;icon_timkiemnhadat2&quot; id=&quot;txtKeyword&quot; name=&quot;q&quot; placeholder=&quot; Nhập vào từ khóa hoặc mã tin&quot; type=&quot;text&quot;/&gt;                    &lt;input id=&quot;Button1&quot; onclick=&quot;document.getElementById('searchForm').submit();&quot; type=&quot;button&quot; value=&quot;&quot;/&gt;                &lt;/div&gt;                                &lt;div class=&quot;chucnang_top&quot;&gt;                    &lt;ul class=&quot;timkiem_dangtin&quot;&gt;                        &lt;li class=&quot;icon_dangtinban&quot;&gt;&lt;a href=&quot;http://123nhadat.vn/Dang-tin-rao-vat-ban-nha-dat.html&quot;&gt;Đăng tin bán/ Cho thuê&lt;/a&gt;&lt;/li&gt;                        &lt;li class=&quot;icon_canmua&quot;&gt;&lt;a href=&quot;http://123nhadat.vn/can-mua-can-thue.html&quot;&gt;Cần mua/ Cần thuê&lt;/a&gt;&lt;/li&gt;                    &lt;/ul&gt;                    &lt;ul class=&quot;login_logout&quot;&gt;                                                &lt;li class=&quot;uRegister&quot;&gt;&lt;a href=&quot;http://123nhadat.vn/reg.html&quot;&gt;Đăng ký&lt;/a&gt;&lt;/li&gt;      &lt;li class=&quot;uLogin&quot;&gt;&lt;a href=&quot;http://123nhadat.vn/dang-nhap.html&quot;&gt;Đăng nhập&lt;/a&gt;&lt;/li&gt;      &lt;script type=&quot;text/javascript&quot;&gt;      var uLogIn = 0;      &lt;/script&gt;                          &lt;/ul&gt;                &lt;/div&gt;            &lt;/form&gt;&lt;/div&gt;        &lt;/div&gt;" SourceIndex="235;241;294;347;392;665;734;755;771" TableNum="0" TextLen="151" order="3" xPath="/html[1]/body[1]/div[1]/div[2]/header[1]/nav[1]/div[1]/ul[1]/li[1]"/>
<LayoutNode BgColor="#ffffff" ContainImg="0" ContainP="0" ContainTable="false" Content="Siêu VipBán đất tặng nhà phố Tô Vĩnh Diện, Thanh Xuân: 50m,MT: 6,8M, ô tô. Giá: 4,7 tỷ " DOMCldNum="85" DoC="5" FontSize="13" FontWeight="normal" FormNum="0" FormSize="0" FrameSourceIndex="0" ID="1-3" InteractionNum="0" InteractionSize="0" IsImg="false" LinkNum="0" LinkTextLen="0" ObjectHeight="32" ObjectRectHeight="32" ObjectRectLeft="0" ObjectRectTop="391" ObjectRectWidth="1420" ObjectWidth="690" ObjectX="210" ObjectY="391" OptionNum="0" OptionTextLength="0" ParaNum="0" SRC="&lt;div xmlns=&quot;http://www.w3.org/1999/xhtml&quot; class=&quot;box_C&quot;&gt;                    &lt;span class=&quot;tit_vip2&quot;&gt;Siêu Vip&lt;/span&gt;&lt;h1 class=&quot;tieude_nhadat&quot;&gt;Bán đất tặng nhà phố Tô Vĩnh Diện, Thanh Xuân: 50m,MT: 6,8M, ô tô. Giá: 4,7 tỷ&lt;/h1&gt;                &lt;/div&gt;" SourceIndex="1194" TableNum="0" TextLen="86" order="4" xPath="/html[1]/body[1]/div[1]/div[4]/div[1]/div[1]/div[1]"/>
<LayoutNode BgColor="#ffffff" ContainImg="0" ContainP="0" ContainTable="false" Content="Khu vực:Bán nhà riêng tại Phố Tô Vĩnh Diện - Quận Thanh Xuân - Hà Nội Giá:47000000 Triệu Diện tích:50 m2 Thông tin tài khoản đã được xác thực " DOMCldNum="85" DoC="5" FontSize="13" FontWeight="normal" FormNum="0" FormSize="0" FrameSourceIndex="0" ID="1-4" InteractionNum="0" InteractionSize="0" IsImg="false" LinkNum="2" LinkTextLen="34" ObjectHeight="86" ObjectRectHeight="86" ObjectRectLeft="0" ObjectRectTop="433" ObjectRectWidth="1420" ObjectWidth="690" ObjectX="210" ObjectY="433" OptionNum="0" OptionTextLength="0" ParaNum="0" SRC="&lt;div xmlns=&quot;http://www.w3.org/1999/xhtml&quot; class=&quot;box_C&quot;&gt;                    &lt;ul class=&quot;info_no2&quot;&gt;                        &lt;li&gt;&lt;label&gt;Khu vực:&lt;/label&gt;&lt;span&gt;&lt;a href=&quot;http://123nhadat.vn/raovat-c8/ban-nha-rieng-tai-pho-to-vinh-dien-19421&quot;&gt;Bán nhà riêng tại Phố Tô Vĩnh Diện&lt;/a&gt; - Quận Thanh Xuân - Hà Nội&lt;/span&gt;&lt;/li&gt;                    &lt;/ul&gt;     &lt;ul class=&quot;info_no1&quot;&gt;      &lt;li&gt;&lt;label&gt;Giá:&lt;/label&gt;&lt;span&gt;&lt;b class=&quot;camcam&quot;&gt;47000000 Triệu&lt;/b&gt;&lt;/span&gt;&lt;/li&gt;                        &lt;li&gt;&lt;label&gt;Diện tích:&lt;/label&gt;&lt;span&gt;&lt;b class=&quot;camcam&quot;&gt;50 m2&lt;/b&gt;&lt;/span&gt;&lt;/li&gt;                        &lt;li&gt;&lt;label class=&quot;da_xacthuc&quot;/&gt;&lt;span&gt;Thông tin tài khoản đã được xác thực&lt;/span&gt;&lt;/li&gt;                      &lt;/ul&gt;                &lt;/div&gt;" SourceIndex="1202" TableNum="0" TextLen="137" order="5" xPath="/html[1]/body[1]/div[1]/div[4]/div[1]/div[1]/div[2]"/>
<LayoutNode BgColor="#ffffff" ContainImg="0" ContainP="1" ContainTable="false" DOMCldNum="85" DoC="5" FontSize="13" FontWeight="normal" FormNum="1" FormSize="20" FrameSourceIndex="0" ID="1-5" InteractionNum="0" InteractionSize="0" IsImg="false" LinkNum="16" LinkTextLen="114" ObjectRectHeight="761" ObjectRectLeft="0" ObjectRectTop="643" ObjectRectWidth="1420" OptionNum="0" OptionTextLength="0" ParaNum="1" SourceIndex="1190" TableNum="0" TextLen="873" order="6">
<LayoutNode BgColor="#ffffff" ContainImg="0" ContainP="1" ContainTable="false" DOMCldNum="85" DoC="5" FontSize="13" FontWeight="normal" FormNum="0" FormSize="0" FrameSourceIndex="0" ID="1-5-1" InteractionNum="0" InteractionSize="0" IsImg="false" LinkNum="12" LinkTextLen="91" ObjectRectHeight="761" ObjectRectLeft="0" ObjectRectTop="643" ObjectRectWidth="900" OptionNum="0" OptionTextLength="0" ParaNum="1" SourceIndex="1190" TableNum="0" TextLen="690" order="7">
<LayoutNode BgColor="#ffffff" ContainImg="0" ContainP="0" ContainTable="false" Content="Đặc điểm nhà đất Tiện ích trong khu vực Các tin rao nhà đất liên quan " DOMCldNum="85" DoC="5" FontSize="13" FontWeight="normal" FormNum="0" FormSize="0" FrameSourceIndex="0" ID="1-5-1-1" InteractionNum="0" InteractionSize="0" IsImg="false" LinkNum="6" LinkTextLen="67" ObjectHeight="40" ObjectRectHeight="378" ObjectRectLeft="0" ObjectRectTop="643" ObjectRectWidth="900" ObjectWidth="690" ObjectX="210" ObjectY="981" OptionNum="0" OptionTextLength="0" ParaNum="0" SRC="&lt;div xmlns=&quot;http://www.w3.org/1999/xhtml&quot; class=&quot;box_C&quot;&gt;                    &lt;ul class=&quot;next_link&quot;&gt;                        &lt;li&gt;&lt;a href=&quot;#dacdiembds&quot;&gt;Đặc điểm nhà đất&lt;/a&gt;&lt;/li&gt;                        &lt;li&gt;&lt;a href=&quot;#tienich_xungquanh&quot;&gt;Tiện ích trong khu vực&lt;/a&gt;&lt;/li&gt;                        &lt;li&gt;&lt;a href=&quot;#tinrao_lienquan&quot;&gt;Các tin rao nhà đất liên quan&lt;/a&gt;&lt;/li&gt;                    &lt;/ul&gt;                &lt;/div&gt;" SourceIndex="1322" TableNum="0" TextLen="67" order="8" xPath="/html[1]/body[1]/div[1]/div[4]/div[1]/div[1]/div[4]"/>
<LayoutNode BgColor="#5eab1f" ContainImg="0" ContainP="0" ContainTable="false" Content="THÔNG TIN MÔ TẢ " DOMCldNum="5" DoC="5" FontSize="11" FontWeight="700" FormNum="0" FormSize="0" FrameSourceIndex="0" ID="1-5-1-2" InteractionNum="0" InteractionSize="0" IsImg="false" LinkNum="0" LinkTextLen="0" ObjectHeight="20" ObjectRectHeight="20" ObjectRectLeft="0" ObjectRectTop="1034" ObjectRectWidth="900" ObjectWidth="560" ObjectX="215" ObjectY="1034" OptionNum="0" OptionTextLength="0" ParaNum="0" SRC="&lt;div xmlns=&quot;http://www.w3.org/1999/xhtml&quot; class=&quot;tit_C&quot;&gt;                        &lt;span class=&quot;icon_star_xanh&quot;/&gt;                        Thông tin mô tả                    &lt;/div&gt;" SourceIndex="1344" TableNum="0" TextLen="15" order="9" xPath="/html[1]/body[1]/div[1]/div[4]/div[1]/div[1]/div[5]/div[1]"/>
<LayoutNode BgColor="#f3f3f3" ContainImg="0" ContainP="1" ContainTable="false" Content="Lưu BĐSIn tinChia sẻ tin Liên hệ người bán Chị Thu Điện thoại: 0944.828.386 Địa chỉ: Hoàng Mai, Hà Nội Email:truyenthongquanganh@gmail.com - Gia đình cần bán gấp mảnh đất tặng thêm nhà cấp 4 Phố Tô Vĩnh Diện, Thanh Xuân, Hà Nội. - Diện tích: 50m, MT: 6,8m, ô tô 4 chỗ vào nhà. - Nhà cách mặt phố Tô Vĩnh Diện khoảng 50m - Ngõ vào thẳng tắp, khu phân lô đẹp. - Nhà thuộc khu vực xung quanh nhiều tiện ích, gần chợ, trường .... - Sổ đỏ đẹp, vuông vắn, chính chủ. - Giá bán: 4,7 ( Giá ra lộc ) - Liên hệ xem va mua nhà: - Chị Thu: 0944828386 ( Miễn trung gian, môi giới ) - Chủ đang cần bán gấp nên chỉ tiếp khách có thiện chí " DOMCldNum="7" DoC="5" FontSize="13" FontWeight="normal" FormNum="0" FormSize="0" FrameSourceIndex="0" ID="1-5-1-3" InteractionNum="0" InteractionSize="0" IsImg="false" LinkNum="6" LinkTextLen="24" ObjectHeight="19" ObjectRectHeight="321" ObjectRectLeft="0" ObjectRectTop="1083" ObjectRectWidth="900" ObjectWidth="641" ObjectX="234" ObjectY="1083" OptionNum="0" OptionTextLength="0" ParaNum="1" SRC="&lt;div xmlns=&quot;http://www.w3.org/1999/xhtml&quot; class=&quot;save_print&quot;&gt;                            &lt;a class=&quot;save_news&quot; href=&quot;javascript:void(0)&quot; id=&quot;save-posts&quot; title=&quot;Lưu tin tức lại&quot;&gt;Lưu BĐS&lt;/a&gt;                            &lt;a class=&quot;print_news&quot; href=&quot;javascript:window.print()&quot; title=&quot;In tin tức&quot;&gt;In tin&lt;/a&gt;                            &lt;a class=&quot;share_news&quot; href=&quot;javascript:void(0)&quot; onclick=&quot;$('#addthis_bar').slideDown();&quot; title=&quot;Chia sẻ tin&quot;&gt;Chia sẻ tin&lt;/a&gt;       &lt;!-- AddThis Button BEGIN --&gt;       &lt;div class=&quot;addthis_toolbox addthis_default_style addthis_16x16_style&quot; id=&quot;addthis_bar&quot; style=&quot;display:none&quot;&gt;       &lt;a class=&quot;addthis_button_facebook&quot;/&gt;       &lt;a class=&quot;addthis_button_google_plusone_share&quot;/&gt;       &lt;a class=&quot;addthis_button_email&quot;/&gt;       &lt;a class=&quot;addthis_button_twitter&quot;/&gt;       &lt;a class=&quot;addthis_button_print&quot;/&gt;       &lt;a class=&quot;addthis_button_digg&quot;/&gt;       &lt;a class=&quot;addthis_button_pinterest_share&quot;/&gt;       &lt;a class=&quot;addthis_button_zingme&quot;/&gt;       &lt;/div&gt;       &lt;script src=&quot;//s7.addthis.com/js/300/addthis_widget.js#pubid=ra-514ff26f59a43fb9&quot; type=&quot;text/javascript&quot;/&gt;       &lt;!-- AddThis Button END --&gt;                        &lt;/div&gt;&lt;div xmlns=&quot;http://www.w3.org/1999/xhtml&quot; class=&quot;lienhe_nguoiban&quot;&gt;                            &lt;ul&gt;                                &lt;li&gt;&lt;b style=&quot;color:green&quot;&gt;Liên hệ người bán&lt;/b&gt;&lt;/li&gt;                                &lt;li&gt;&lt;b&gt;Chị Thu&lt;/b&gt;&lt;/li&gt;                                &lt;li&gt;Điện thoại:&lt;b class=&quot;camcam&quot;&gt; 0944.828.386&lt;/b&gt;&lt;/li&gt;                                &lt;li&gt;Địa chỉ: Hoàng Mai, Hà Nội&lt;/li&gt;                                &lt;li&gt;Email:truyenthongquanganh@gmail.com&lt;/li&gt;                            &lt;/ul&gt;                        &lt;/div&gt;&lt;p xmlns=&quot;http://www.w3.org/1999/xhtml&quot;&gt;- Gia đình cần bán gấp mảnh đất tặng thêm nhà cấp 4 Phố Tô Vĩnh Diện, Thanh Xuân, Hà Nội. &lt;br/&gt;- Diện tích: 50m, MT: 6,8m, ô tô 4 chỗ vào nhà.&lt;br/&gt;- Nhà cách mặt phố Tô Vĩnh Diện khoảng 50m&lt;br/&gt;- Ngõ vào thẳng tắp, khu phân lô đẹp.&lt;br/&gt;- Nhà thuộc khu vực xung quanh nhiều tiện ích, gần chợ, trường ....&lt;br/&gt;- Sổ đỏ đẹp, vuông vắn, chính chủ.&lt;br/&gt;- Giá bán: 4,7 ( Giá ra lộc )&lt;br/&gt;- Liên hệ xem va mua nhà:&lt;br/&gt;- Chị Thu: 0944828386 ( Miễn trung gian, môi giới )&lt;br/&gt;- Chủ đang cần bán gấp nên chỉ tiếp khách có thiện chí&lt;/p&gt;" SourceIndex="1351;1388;1413" TableNum="0" TextLen="608" order="10" xPath="/html[1]/body[1]/div[1]/div[4]/div[1]/div[1]/div[5]/div[2]/div[1]"/>
</LayoutNode>
<LayoutNode BgColor="#ffffff" ContainImg="0" ContainP="0" ContainTable="false" Content="Tìm kiếm nhà đất Địa điểm Loại tin rao Nhà đất bán Nhà đất cho thuê Loại nhà đất Vui lòng chọn Tỉnh, thành phố Vui lòng chọn Tp.HCM Hà Nội Bình Dương Hải Phòng Đà Nẵng Cần Thơ Đồng Nai Bà Rịa Vũng Tàu Khánh Hòa Long An Thừa Thiên Huế An Giang Bạc Liêu Bắc Cạn Bắc Giang Bắc Ninh Bắc Giang Bình Định Bình Phước Bình Thuận Cà Mau Cao Bằng Đắk Lắk Đồng Tháp Gia Lai Hà Giang Hà Nam Hà Tĩnh Hải Dương Hòa Bình Hưng Yên Kiên Giang Kon Tum Lai Châu Lạng Sơn Lào Cai Lâm Đồng Nam Định Nghệ An Ninh Bình Ninh Thuận Phú Thọ Phú Yên Quảng Bình Quảng Nam Quảng Ngãi Quảng Ninh Quảng Trị Sóc Trăng Sơn La Tây Ninh Thái Bình Thái Nguyên Thanh Hóa Tiền Giang Trà Vinh Tuyên Quang Vĩnh Long Vĩnh Phúc Yên Bái Điện Biên Đắk Nông Hậu Giang Theo quận, huyện Vui lòng chọn Theo phường, xã Vui lòng chọn Theo đường phố Vui lòng chọn Theo dự án Vui lòng chọn Tìm gần trường Vui lòng chọn Theo diện tích ---Chọn diện tích--- Không xác định &lt;= 30 m2 30-50 m2 50-100 m2 100-200 m2 200-300 m2 300-400 m2 400-500 m2 &gt;=500 m2 Theo mức giá Vui lòng chọn Tìm kiếm Bỏ tìm nâng cao " DOMCldNum="35" DoC="8" FontSize="13" FontWeight="normal" FormNum="1" FormSize="20" FrameSourceIndex="0" ID="1-5-2" InteractionNum="0" InteractionSize="0" IsImg="false" LinkNum="4" LinkTextLen="23" ObjectHeight="513" ObjectRectHeight="761" ObjectRectLeft="910" ObjectRectTop="643" ObjectRectWidth="510" ObjectWidth="300" ObjectX="910" ObjectY="643" OptionNum="0" OptionTextLength="0" ParaNum="0" SRC="&lt;div xmlns=&quot;http://www.w3.org/1999/xhtml&quot; class=&quot;box_R cachtren2 khonghien_mobile box_nhadatban_R&quot; id=&quot;product-search-right&quot;&gt;          &lt;form action=&quot;http://123nhadat.vn/?act=tim-nha-dat&quot; id=&quot;searchFormR&quot; method=&quot;post&quot;&gt;                    &lt;div class=&quot;tit_C cachtren2&quot;&gt;                        &lt;span class=&quot;icon_star_xanh&quot;/&gt;                        Tìm kiếm nhà đất                    &lt;/div&gt;                    &lt;div class=&quot;detail_R&quot;&gt;                        &lt;div class=&quot;timkiem&quot;&gt;                            &lt;label&gt;Địa điểm&lt;/label&gt;                            &lt;input id=&quot;searchlocation&quot; name=&quot;q&quot; placeholder=&quot; Nhập địa điểm bất động sản&quot; title=&quot;&lt;div style='width:190px;'&gt;&lt;div&gt;&lt;strong class='camcam'&gt;Gợi ý&lt;/strong&gt;&lt;/div&gt;                 &lt;ul&gt;                     &lt;li&gt;-Nhập tên tỉnh/thành phố, quận/huyện, phường/xã, đường/phố, dự án; ví dụ: Imperia&lt;/li&gt;                     &lt;li&gt;-Phải chọn các gợi ý chúng tôi đề xuất bên dưới để kết quả chính xác&lt;/li&gt;                     &lt;li&gt;-Nếu không nhập địa điểm ở đây, Quý vị có thể chọn lựa khu vực bằng các ô phía dưới trong công cụ tìm kiếm này&lt;/li&gt;      &lt;li&gt;-Bạn cũng có thể nhập vào đây mã số tài sản để tim theo mã tài sản.&lt;/li&gt;                 &lt;/ul&gt;&lt;/div&gt;&quot; type=&quot;text&quot;/&gt;                            &lt;input id=&quot;Button4&quot; type=&quot;button&quot; value=&quot;&quot;/&gt;                        &lt;/div&gt;                              &lt;div class=&quot;row_timkiemR&quot;&gt;                            &lt;label&gt;Loại tin rao&lt;/label&gt;                            &lt;select id=&quot;cboCategoryR&quot; name=&quot;cboCategory&quot;&gt;                                &lt;option selected=&quot;selected&quot; value=&quot;1&quot;&gt;Nhà đất bán&lt;/option&gt;        &lt;option value=&quot;2&quot;&gt;Nhà đất cho thuê&lt;/option&gt;                            &lt;/select&gt;                        &lt;/div&gt;      &lt;div class=&quot;row_timkiemR&quot;&gt;                            &lt;label&gt;Loại nhà đất&lt;/label&gt;                            &lt;select id=&quot;cboTypeReR&quot; name=&quot;cboTypeRe&quot;&gt;                                &lt;option value=&quot;&quot;&gt;Vui lòng chọn&lt;/option&gt;                            &lt;/select&gt;                        &lt;/div&gt;                        &lt;div class=&quot;row_timkiemR&quot;&gt;                            &lt;label&gt;Tỉnh, thành phố&lt;/label&gt;                            &lt;select id=&quot;cboCityR&quot; name=&quot;cboCity&quot;&gt;                                &lt;option value=&quot;&quot;&gt;Vui lòng chọn&lt;/option&gt;                &lt;option value=&quot;3&quot;&gt;Tp.HCM&lt;/option&gt;        &lt;option value=&quot;2&quot;&gt;Hà Nội&lt;/option&gt;        &lt;option value=&quot;13&quot;&gt;Bình Dương&lt;/option&gt;        &lt;option value=&quot;4&quot;&gt;Hải Phòng&lt;/option&gt;        &lt;option value=&quot;5&quot;&gt;Đà Nẵng&lt;/option&gt;        &lt;option value=&quot;19&quot;&gt;Cần Thơ&lt;/option&gt;        &lt;option value=&quot;115&quot;&gt;Đồng Nai&lt;/option&gt;        &lt;option value=&quot;8&quot;&gt;Bà Rịa Vũng Tàu&lt;/option&gt;        &lt;option value=&quot;125&quot;&gt;Khánh Hòa&lt;/option&gt;        &lt;option value=&quot;132&quot;&gt;Long An&lt;/option&gt;        &lt;option value=&quot;6&quot;&gt;Thừa Thiên Huế&lt;/option&gt;        &lt;option value=&quot;7&quot;&gt;An Giang&lt;/option&gt;                &lt;option value=&quot;9&quot;&gt;Bạc Liêu&lt;/option&gt;        &lt;option value=&quot;10&quot;&gt;Bắc Cạn&lt;/option&gt;        &lt;option value=&quot;1&quot;&gt;Bắc Giang&lt;/option&gt;        &lt;option value=&quot;11&quot;&gt;Bắc Ninh&lt;/option&gt;        &lt;option value=&quot;12&quot;&gt;Bắc Giang&lt;/option&gt;                &lt;option value=&quot;14&quot;&gt;Bình Định&lt;/option&gt;        &lt;option value=&quot;15&quot;&gt;Bình Phước&lt;/option&gt;        &lt;option value=&quot;16&quot;&gt;Bình Thuận&lt;/option&gt;        &lt;option value=&quot;17&quot;&gt;Cà Mau&lt;/option&gt;        &lt;option value=&quot;18&quot;&gt;Cao Bằng&lt;/option&gt;                &lt;option value=&quot;103&quot;&gt;Đắk Lắk&lt;/option&gt;                &lt;option value=&quot;116&quot;&gt;Đồng Tháp&lt;/option&gt;        &lt;option value=&quot;117&quot;&gt;Gia Lai&lt;/option&gt;        &lt;option value=&quot;118&quot;&gt;Hà  Giang&lt;/option&gt;        &lt;option value=&quot;119&quot;&gt;Hà Nam&lt;/option&gt;        &lt;option value=&quot;121&quot;&gt;Hà Tĩnh&lt;/option&gt;        &lt;option value=&quot;122&quot;&gt;Hải Dương&lt;/option&gt;        &lt;option value=&quot;123&quot;&gt;Hòa Bình&lt;/option&gt;        &lt;option value=&quot;124&quot;&gt;Hưng Yên&lt;/option&gt;                &lt;option value=&quot;126&quot;&gt;Kiên Giang&lt;/option&gt;        &lt;option value=&quot;127&quot;&gt;Kon Tum&lt;/option&gt;        &lt;option value=&quot;128&quot;&gt;Lai Châu&lt;/option&gt;        &lt;option value=&quot;129&quot;&gt;Lạng Sơn&lt;/option&gt;        &lt;option value=&quot;130&quot;&gt;Lào Cai&lt;/option&gt;        &lt;option value=&quot;131&quot;&gt;Lâm Đồng&lt;/option&gt;                &lt;option value=&quot;133&quot;&gt;Nam Định&lt;/option&gt;        &lt;option value=&quot;134&quot;&gt;Nghệ An&lt;/option&gt;        &lt;option value=&quot;135&quot;&gt;Ninh Bình&lt;/option&gt;        &lt;option value=&quot;136&quot;&gt;Ninh Thuận&lt;/option&gt;        &lt;option value=&quot;137&quot;&gt;Phú Thọ&lt;/option&gt;        &lt;option value=&quot;138&quot;&gt;Phú Yên&lt;/option&gt;        &lt;option value=&quot;139&quot;&gt;Quảng Bình&lt;/option&gt;        &lt;option value=&quot;140&quot;&gt;Quảng Nam&lt;/option&gt;        &lt;option value=&quot;141&quot;&gt;Quảng Ngãi&lt;/option&gt;        &lt;option value=&quot;142&quot;&gt;Quảng Ninh&lt;/option&gt;        &lt;option value=&quot;143&quot;&gt;Quảng Trị&lt;/option&gt;        &lt;option value=&quot;144&quot;&gt;Sóc Trăng&lt;/option&gt;        &lt;option value=&quot;145&quot;&gt;Sơn La&lt;/option&gt;        &lt;option value=&quot;146&quot;&gt;Tây Ninh&lt;/option&gt;        &lt;option value=&quot;147&quot;&gt;Thái Bình&lt;/option&gt;        &lt;option value=&quot;148&quot;&gt;Thái Nguyên&lt;/option&gt;        &lt;option value=&quot;149&quot;&gt;Thanh Hóa&lt;/option&gt;        &lt;option value=&quot;150&quot;&gt;Tiền Giang&lt;/option&gt;        &lt;option value=&quot;151&quot;&gt;Trà Vinh&lt;/option&gt;        &lt;option value=&quot;152&quot;&gt;Tuyên Quang&lt;/option&gt;        &lt;option value=&quot;153&quot;&gt;Vĩnh Long&lt;/option&gt;        &lt;option value=&quot;154&quot;&gt;Vĩnh Phúc&lt;/option&gt;        &lt;option value=&quot;155&quot;&gt;Yên Bái&lt;/option&gt;        &lt;option value=&quot;156&quot;&gt;Điện Biên&lt;/option&gt;        &lt;option value=&quot;157&quot;&gt;Đắk Nông&lt;/option&gt;        &lt;option value=&quot;158&quot;&gt;Hậu Giang&lt;/option&gt;                            &lt;/select&gt;                        &lt;/div&gt;                        &lt;div class=&quot;row_timkiemR&quot;&gt;                            &lt;label&gt;Theo quận, huyện&lt;/label&gt;                            &lt;select id=&quot;cboDistrictR&quot; name=&quot;cboDistrict&quot;&gt;                                &lt;option selected=&quot;selected&quot;&gt;Vui lòng chọn&lt;/option&gt;                            &lt;/select&gt;                        &lt;/div&gt;                        &lt;div class=&quot;row_timkiemR&quot; id=&quot;divWard&quot;&gt;                            &lt;label&gt;Theo phường, xã&lt;/label&gt;                            &lt;select id=&quot;cboWardR&quot; name=&quot;cboWard&quot;&gt;                                &lt;option selected=&quot;selected&quot;&gt;Vui lòng chọn&lt;/option&gt;                            &lt;/select&gt;                        &lt;/div&gt;                        &lt;div class=&quot;row_timkiemR&quot; id=&quot;divStreet&quot;&gt;                            &lt;label&gt;Theo đường phố&lt;/label&gt;                            &lt;select id=&quot;cboStreetR&quot; name=&quot;cboStreet&quot;&gt;                                &lt;option selected=&quot;selected&quot;&gt;Vui lòng chọn&lt;/option&gt;                            &lt;/select&gt;                        &lt;/div&gt;                        &lt;div class=&quot;row_timkiemR&quot; id=&quot;divProj&quot;&gt;                            &lt;label&gt;Theo dự án&lt;/label&gt;                            &lt;select id=&quot;cboProjR&quot; name=&quot;cboProj&quot;&gt;                                &lt;option selected=&quot;selected&quot;&gt;Vui lòng chọn&lt;/option&gt;                            &lt;/select&gt;                        &lt;/div&gt;      &lt;div class=&quot;row_timkiemR&quot; id=&quot;divPlace&quot;&gt;                            &lt;label&gt;Tìm gần trường&lt;/label&gt;                            &lt;select id=&quot;cboNearPlaceR&quot; name=&quot;cboNearPlace&quot;&gt;                                &lt;option selected=&quot;selected&quot;&gt;Vui lòng chọn&lt;/option&gt;                            &lt;/select&gt;                        &lt;/div&gt;                        &lt;div class=&quot;row_timkiemR&quot;&gt;                            &lt;label&gt;Theo diện tích&lt;/label&gt;                            &lt;select id=&quot;cboAreaR&quot; name=&quot;cboArea&quot;&gt;                                &lt;option value=&quot;&quot;&gt;---Chọn diện tích---&lt;/option&gt;        &lt;option value=&quot;1&quot;&gt;Không xác định&lt;/option&gt;        &lt;option value=&quot;2&quot;&gt;&lt;= 30 m2&lt;/option&gt;        &lt;option value=&quot;3&quot;&gt;30-50 m2&lt;/option&gt;        &lt;option value=&quot;4&quot;&gt;50-100 m2&lt;/option&gt;        &lt;option value=&quot;5&quot;&gt;100-200 m2&lt;/option&gt;        &lt;option value=&quot;6&quot;&gt;200-300 m2&lt;/option&gt;        &lt;option value=&quot;7&quot;&gt;300-400 m2&lt;/option&gt;        &lt;option value=&quot;8&quot;&gt;400-500 m2&lt;/option&gt;        &lt;option value=&quot;9&quot;&gt;&gt;=500 m2&lt;/option&gt;                            &lt;/select&gt;                        &lt;/div&gt;                        &lt;div class=&quot;row_timkiemR&quot;&gt;                            &lt;label&gt;Theo mức giá&lt;/label&gt;                            &lt;select id=&quot;cboPriceR&quot; name=&quot;cboPrice&quot;&gt;                                &lt;option selected=&quot;selected&quot;&gt;Vui lòng chọn&lt;/option&gt;                            &lt;/select&gt;                        &lt;/div&gt;                        &lt;div class=&quot;row_timkiemR&quot;&gt;       &lt;input name=&quot;come_from&quot; type=&quot;hidden&quot; value=&quot;2&quot;/&gt;                            &lt;a href=&quot;javascript:void(0)&quot; onclick=&quot;$('#searchFormR').submit();&quot;&gt;Tìm kiếm&lt;/a&gt;                            &lt;a href=&quot;javascript:void(0);&quot; id=&quot;showAdvSearch&quot; onclick=&quot;ShowAdvSearch();&quot;&gt;Bỏ tìm nâng cao&lt;/a&gt;                        &lt;/div&gt;                    &lt;/div&gt;     &lt;/form&gt;                &lt;/div&gt;" SourceIndex="2679" TableNum="0" TextLen="183" order="11" xPath="/html[1]/body[1]/div[1]/div[4]/div[1]/div[2]/div[2]"/>
</LayoutNode>
<LayoutNode BgColor="#5eab1f" ContainImg="0" ContainP="0" ContainTable="false" DOMCldNum="5" DoC="5" FontSize="11" FontWeight="700" FormNum="0" FormSize="0" FrameSourceIndex="0" ID="1-6" InteractionNum="0" InteractionSize="0" IsImg="false" LinkNum="0" LinkTextLen="0" ObjectRectHeight="40" ObjectRectLeft="0" ObjectRectTop="1429" ObjectRectWidth="1420" OptionNum="0" OptionTextLength="0" ParaNum="0" SourceIndex="1438" TableNum="0" TextLen="68" order="12">
<LayoutNode BgColor="#5eab1f" ContainImg="0" ContainP="0" ContainTable="false" Content="ĐẶC ĐIỂM BẤT ĐỘNG SẢN " DOMCldNum="5" DoC="5" FontSize="11" FontWeight="700" FormNum="0" FormSize="0" FrameSourceIndex="0" ID="1-6-1" InteractionNum="0" InteractionSize="0" IsImg="false" LinkNum="0" LinkTextLen="0" ObjectHeight="20" ObjectRectHeight="40" ObjectRectLeft="0" ObjectRectTop="1429" ObjectRectWidth="775" ObjectWidth="560" ObjectX="215" ObjectY="1442" OptionNum="0" OptionTextLength="0" ParaNum="0" SRC="&lt;div xmlns=&quot;http://www.w3.org/1999/xhtml&quot; class=&quot;tit_C&quot; id=&quot;dacdiembds&quot;&gt;                        &lt;span class=&quot;icon_star_xanh&quot;/&gt;                        Đặc điểm bất động sản                    &lt;/div&gt;" SourceIndex="1440" TableNum="0" TextLen="21" order="13" xPath="/html[1]/body[1]/div[1]/div[4]/div[1]/div[1]/div[6]/div[1]"/>
<LayoutNode BgColor="#5eab1f" ContainImg="0" ContainP="0" ContainTable="false" Content="BÁN NHÀ RIÊNG THEO ĐƯỜNG/PHỐ TẠI QUẬN THANH XUÂN " DOMCldNum="5" DoC="5" FontSize="11" FontWeight="700" FormNum="0" FormSize="0" FrameSourceIndex="0" ID="1-6-2" InteractionNum="0" InteractionSize="0" IsImg="false" LinkNum="0" LinkTextLen="0" ObjectHeight="40" ObjectRectHeight="40" ObjectRectLeft="915" ObjectRectTop="1429" ObjectRectWidth="505" ObjectWidth="290" ObjectX="915" ObjectY="1429" OptionNum="0" OptionTextLength="0" ParaNum="0" SRC="&lt;div xmlns=&quot;http://www.w3.org/1999/xhtml&quot; class=&quot;tit_C&quot;&gt;                        &lt;span class=&quot;icon_star_xanh&quot;/&gt;                        Bán nhà riêng theo đường/phố tại Quận Thanh Xuân                    &lt;/div&gt;" SourceIndex="3067" TableNum="0" TextLen="47" order="14" xPath="/html[1]/body[1]/div[1]/div[4]/div[1]/div[2]/div[4]/div[1]"/>
</LayoutNode>
<LayoutNode BgColor="#ffffff" ContainImg="1" ContainP="0" ContainTable="false" DOMCldNum="5" DoC="5" FontSize="13" FontWeight="normal" FormNum="0" FormSize="0" FrameSourceIndex="0" ID="1-7" InteractionNum="0" InteractionSize="0" IsImg="false" LinkNum="46" LinkTextLen="357" ObjectRectHeight="563" ObjectRectLeft="0" ObjectRectTop="1486" ObjectRectWidth="1420" OptionNum="0" OptionTextLength="0" ParaNum="0" SourceIndex="1438" TableNum="0" TextLen="930" order="15">
<LayoutNode BgColor="#ffffff" ContainImg="1" ContainP="0" ContainTable="false" DOMCldNum="5" DoC="5" FontSize="13" FontWeight="normal" FormNum="0" FormSize="0" FrameSourceIndex="0" ID="1-7-1" InteractionNum="0" InteractionSize="0" IsImg="false" LinkNum="6" LinkTextLen="40" ObjectRectHeight="563" ObjectRectLeft="0" ObjectRectTop="1486" ObjectRectWidth="900" OptionNum="0" OptionTextLength="0" ParaNum="0" SourceIndex="1438" TableNum="0" TextLen="484" order="16">
<LayoutNode BgColor="#ffffff" ContainImg="0" ContainP="0" ContainTable="false" Content="Bán nhà riêng tại Phố Tô Vĩnh Diện,Phường Khương Trung,Quận Thanh Xuân,Hà Nội,giá 47000000 Triệu,diện tích 50 m2Địa chỉ của bất động sản : Phố Tô VĨnh DIện, Thanh Xuân. Lần cập nhật gần đây nhất là vào : 02:33 26/04/2020 Mã tin: 4294904 Ngày đăng tin: 25/04/2020 Ngày hết hạn: 26/07/2020 Giá: 47000000 Triệu Diện tích: 50 m2 Diện tích khuôn viên:_ x _ Diện tích xây dựng:_ x _ Vị trí: Đường nội bộ " DOMCldNum="5" DoC="8" FontSize="13" FontWeight="normal" FormNum="0" FormSize="0" FrameSourceIndex="0" ID="1-7-1-1" InteractionNum="0" InteractionSize="0" IsImg="false" LinkNum="0" LinkTextLen="0" ObjectHeight="217" ObjectRectHeight="217" ObjectRectLeft="0" ObjectRectTop="1486" ObjectRectWidth="900" ObjectWidth="668" ObjectX="221" ObjectY="1486" OptionNum="0" OptionTextLength="0" ParaNum="0" SRC="&lt;div xmlns=&quot;http://www.w3.org/1999/xhtml&quot; class=&quot;detail_khungxam&quot;&gt;      &lt;div style=&quot;margin-bottom: 8px;font-weight:bold;&quot;&gt;&lt;h2&gt;&lt;b&gt;Bán nhà riêng tại Phố Tô Vĩnh Diện,Phường Khương Trung,Quận Thanh Xuân,Hà Nội,giá 47000000 Triệu,diện tích 50 m2&lt;/b&gt;&lt;/h2&gt;&lt;/div&gt;      &lt;div style=&quot;margin-bottom: 8px;&quot;&gt;Địa chỉ của bất động sản : Phố Tô VĨnh DIện, Thanh Xuân. &lt;/div&gt;      &lt;div style=&quot;margin-bottom: 8px;&quot;&gt;Lần cập nhật gần đây nhất là vào : 02:33 26/04/2020&lt;/div&gt;                        &lt;ul class=&quot;thongsonha&quot;&gt;                            &lt;li&gt;Mã tin: 4294904&lt;/li&gt;              &lt;li&gt;Ngày đăng tin: 25/04/2020&lt;/li&gt;       &lt;li&gt;Ngày hết hạn: 26/07/2020&lt;/li&gt;       &lt;li&gt;Giá: 47000000 Triệu&lt;/li&gt;       &lt;li&gt;Diện tích: 50 m2&lt;/li&gt;       &lt;li&gt;Diện tích khuôn viên:_ x _&lt;/li&gt;                            &lt;li&gt;Diện tích xây dựng:_ x _&lt;/li&gt;                                   &lt;li&gt;Vị trí: Đường nội bộ&lt;/li&gt;                                                                                                                                               &lt;/ul&gt;                    &lt;/div&gt;" SourceIndex="1445" TableNum="0" TextLen="387" order="17" xPath="/html[1]/body[1]/div[1]/div[4]/div[1]/div[1]/div[6]/div[2]"/>
<LayoutNode BgColor="#ffffff" ContainImg="1" ContainP="0" ContainTable="false" Content=" " DOMCldNum="85" DoC="8" FontSize="13" FontWeight="normal" FormNum="0" FormSize="0" FrameSourceIndex="0" ID="1-7-1-2" InteractionNum="0" InteractionSize="0" IsImg="false" LinkNum="2" LinkTextLen="0" ObjectHeight="90" ObjectRectHeight="90" ObjectRectLeft="0" ObjectRectTop="1734" ObjectRectWidth="900" ObjectWidth="690" ObjectX="210" ObjectY="1734" OptionNum="0" OptionTextLength="0" ParaNum="0" SRC="&lt;div xmlns=&quot;http://www.w3.org/1999/xhtml&quot; class=&quot;box_C khonghien_mobile&quot; id=&quot;tienich_xungquanh&quot;&gt;     &lt;a href=&quot;https://123vemaybay.vn/ve-may-bay-di-ha-noi&quot; target=&quot;_blank&quot; title=&quot;vé máy bay đi Hà Nội giá rẻ&quot;&gt;&lt;img src=&quot;http://123nhadat.vn/uploads/banners/ve-may-bay-di-ha-noi-bannerC.gif&quot;/&gt;&lt;/a&gt;              &lt;/div&gt;" SourceIndex="1499" TableNum="0" TextLen="0" order="18" xPath="/html[1]/body[1]/div[1]/div[4]/div[1]/div[1]/div[7]"/>
<LayoutNode BgColor="#5eab1f" ContainImg="0" ContainP="0" ContainTable="false" Content="TIỆN ÍCH XUNNG QUANH " DOMCldNum="9" DoC="5" FontSize="11" FontWeight="700" FormNum="0" FormSize="0" FrameSourceIndex="0" ID="1-7-1-3" InteractionNum="0" InteractionSize="0" IsImg="false" LinkNum="0" LinkTextLen="0" ObjectHeight="20" ObjectRectHeight="20" ObjectRectLeft="0" ObjectRectTop="1837" ObjectRectWidth="900" ObjectWidth="560" ObjectX="215" ObjectY="1837" OptionNum="0" OptionTextLength="0" ParaNum="0" SRC="&lt;div xmlns=&quot;http://www.w3.org/1999/xhtml&quot; class=&quot;tit_C&quot;&gt;                        &lt;span class=&quot;icon_star_xanh&quot;/&gt;                        Tiện ích xunng quanh                    &lt;/div&gt;" SourceIndex="1517" TableNum="0" TextLen="20" order="19" xPath="/html[1]/body[1]/div[1]/div[4]/div[1]/div[1]/div[9]/div[1]"/>
<LayoutNode BgColor="#ffffff" ContainImg="0" ContainP="0" ContainTable="false" Content="Vị trí nhà đất Tiện ích bản đồ xung quanh " DOMCldNum="9" DoC="5" FontSize="13" FontWeight="normal" FormNum="0" FormSize="0" FrameSourceIndex="0" ID="1-7-1-4" InteractionNum="0" InteractionSize="0" IsImg="false" LinkNum="4" LinkTextLen="40" ObjectHeight="34" ObjectRectHeight="34" ObjectRectLeft="0" ObjectRectTop="1870" ObjectRectWidth="900" ObjectWidth="690" ObjectX="210" ObjectY="1870" OptionNum="0" OptionTextLength="0" ParaNum="0" SRC="&lt;div xmlns=&quot;http://www.w3.org/1999/xhtml&quot; class=&quot;detail_C&quot;&gt;                        &lt;ul id=&quot;countrytabs&quot;&gt;                            &lt;li&gt;&lt;a class=&quot;ntctab&quot; href=&quot;#map1&quot;&gt;Vị trí nhà đất&lt;/a&gt;&lt;/li&gt;                            &lt;li&gt;&lt;a class=&quot;ntctab&quot; href=&quot;#map2&quot;&gt;Tiện ích bản đồ xung quanh&lt;/a&gt;&lt;/li&gt;                            &lt;/ul&gt;                    &lt;/div&gt;" SourceIndex="1522" TableNum="0" TextLen="40" order="20" xPath="/html[1]/body[1]/div[1]/div[4]/div[1]/div[1]/div[9]/div[2]"/>
<LayoutNode BgColor="#ffffff" ContainImg="0" ContainP="0" ContainTable="false" DOMCldNum="13" DoC="8" FontSize="13" FontWeight="normal" FormNum="0" FormSize="0" FrameSourceIndex="0" ID="1-7-1-5" InteractionNum="0" InteractionSize="0" IsImg="false" LinkNum="0" LinkTextLen="0" ObjectRectHeight="134" ObjectRectLeft="0" ObjectRectTop="1915" ObjectRectWidth="900" OptionNum="0" OptionTextLength="0" ParaNum="0" SourceIndex="1542" TableNum="0" TextLen="37" order="21">
<LayoutNode BgColor="#ffffff" ContainImg="0" ContainP="0" ContainTable="false" Content="Chọn bán kính để xem: " DOMCldNum="13" DoC="8" FontSize="13" FontWeight="normal" FormNum="0" FormSize="0" FrameSourceIndex="0" ID="1-7-1-5-1" InteractionNum="0" InteractionSize="0" IsImg="false" LinkNum="0" LinkTextLen="0" ObjectHeight="34" ObjectRectHeight="134" ObjectRectLeft="0" ObjectRectTop="1915" ObjectRectWidth="405" ObjectWidth="144" ObjectX="261" ObjectY="1915" OptionNum="0" OptionTextLength="0" ParaNum="0" SRC="&lt;li xmlns=&quot;http://www.w3.org/1999/xhtml&quot;&gt;&lt;span&gt;Chọn bán kính để xem:&lt;/span&gt;&lt;/li&gt;" SourceIndex="1544" TableNum="0" TextLen="21" order="22" xPath="/html[1]/body[1]/div[1]/div[4]/div[1]/div[1]/div[9]/div[3]/div[2]/ul[1]/li[1]"/>
<LayoutNode BgColor="#ffffff" ContainImg="0" ContainP="0" ContainTable="false" Content="500m " DOMCldNum="13" DoC="8" FontSize="13" FontWeight="normal" FormNum="0" FormSize="0" FrameSourceIndex="0" ID="1-7-1-5-2" InteractionNum="0" InteractionSize="0" IsImg="false" LinkNum="0" LinkTextLen="0" ObjectHeight="34" ObjectRectHeight="134" ObjectRectLeft="425" ObjectRectTop="1915" ObjectRectWidth="38" ObjectWidth="38" ObjectX="425" ObjectY="1915" OptionNum="0" OptionTextLength="0" ParaNum="0" SRC="&lt;li xmlns=&quot;http://www.w3.org/1999/xhtml&quot;&gt;&lt;input id=&quot;Checkbox6&quot; name=&quot;radNb&quot; type=&quot;radio&quot; value=&quot;500&quot;/&gt;&lt;span&gt;500m&lt;/span&gt;&lt;/li&gt;" SourceIndex="1548" TableNum="0" TextLen="4" order="23" xPath="/html[1]/body[1]/div[1]/div[4]/div[1]/div[1]/div[9]/div[3]/div[2]/ul[1]/li[2]"/>
<LayoutNode BgColor="#ffffff" ContainImg="0" ContainP="0" ContainTable="false" Content="1km " DOMCldNum="13" DoC="8" FontSize="13" FontWeight="normal" FormNum="0" FormSize="0" FrameSourceIndex="0" ID="1-7-1-5-3" InteractionNum="0" InteractionSize="0" IsImg="false" LinkNum="0" LinkTextLen="0" ObjectHeight="34" ObjectRectHeight="134" ObjectRectLeft="483" ObjectRectTop="1915" ObjectRectWidth="31" ObjectWidth="31" ObjectX="483" ObjectY="1915" OptionNum="0" OptionTextLength="0" ParaNum="0" SRC="&lt;li xmlns=&quot;http://www.w3.org/1999/xhtml&quot;&gt;&lt;input id=&quot;Checkbox7&quot; name=&quot;radNb&quot; type=&quot;radio&quot; value=&quot;1000&quot;/&gt;&lt;span&gt;1km&lt;/span&gt;&lt;/li&gt;" SourceIndex="1553" TableNum="0" TextLen="3" order="24" xPath="/html[1]/body[1]/div[1]/div[4]/div[1]/div[1]/div[9]/div[3]/div[2]/ul[1]/li[3]"/>
<LayoutNode BgColor="#ffffff" ContainImg="0" ContainP="0" ContainTable="false" Content="2km " DOMCldNum="13" DoC="8" FontSize="13" FontWeight="normal" FormNum="0" FormSize="0" FrameSourceIndex="0" ID="1-7-1-5-4" InteractionNum="0" InteractionSize="0" IsImg="false" LinkNum="0" LinkTextLen="0" ObjectHeight="34" ObjectRectHeight="134" ObjectRectLeft="534" ObjectRectTop="1915" ObjectRectWidth="31" ObjectWidth="31" ObjectX="534" ObjectY="1915" OptionNum="0" OptionTextLength="0" ParaNum="0" SRC="&lt;li xmlns=&quot;http://www.w3.org/1999/xhtml&quot;&gt;&lt;input id=&quot;Checkbox8&quot; name=&quot;radNb&quot; type=&quot;radio&quot; value=&quot;2000&quot;/&gt;&lt;span&gt;2km&lt;/span&gt;&lt;/li&gt;" SourceIndex="1558" TableNum="0" TextLen="3" order="25" xPath="/html[1]/body[1]/div[1]/div[4]/div[1]/div[1]/div[9]/div[3]/div[2]/ul[1]/li[4]"/>
<LayoutNode BgColor="#ffffff" ContainImg="0" ContainP="0" ContainTable="false" Content="3km " DOMCldNum="13" DoC="8" FontSize="13" FontWeight="normal" FormNum="0" FormSize="0" FrameSourceIndex="0" ID="1-7-1-5-5" InteractionNum="0" InteractionSize="0" IsImg="false" LinkNum="0" LinkTextLen="0" ObjectHeight="34" ObjectRectHeight="134" ObjectRectLeft="585" ObjectRectTop="1915" ObjectRectWidth="31" ObjectWidth="31" ObjectX="585" ObjectY="1915" OptionNum="0" OptionTextLength="0" ParaNum="0" SRC="&lt;li xmlns=&quot;http://www.w3.org/1999/xhtml&quot;&gt;&lt;input id=&quot;Checkbox9&quot; name=&quot;radNb&quot; type=&quot;radio&quot; value=&quot;3000&quot;/&gt;&lt;span&gt;3km&lt;/span&gt;&lt;/li&gt;" SourceIndex="1563" TableNum="0" TextLen="3" order="26" xPath="/html[1]/body[1]/div[1]/div[4]/div[1]/div[1]/div[9]/div[3]/div[2]/ul[1]/li[5]"/>
<LayoutNode BgColor="#ffffff" ContainImg="0" ContainP="0" ContainTable="false" Content="5km " DOMCldNum="13" DoC="8" FontSize="13" FontWeight="normal" FormNum="0" FormSize="0" FrameSourceIndex="0" ID="1-7-1-5-6" InteractionNum="0" InteractionSize="0" IsImg="false" LinkNum="0" LinkTextLen="0" ObjectHeight="34" ObjectRectHeight="134" ObjectRectLeft="636" ObjectRectTop="1915" ObjectRectWidth="264" ObjectWidth="31" ObjectX="636" ObjectY="1915" OptionNum="0" OptionTextLength="0" ParaNum="0" SRC="&lt;li xmlns=&quot;http://www.w3.org/1999/xhtml&quot;&gt;&lt;input id=&quot;Checkbox9&quot; name=&quot;radNb&quot; type=&quot;radio&quot; value=&quot;5000&quot;/&gt;&lt;span&gt;5km&lt;/span&gt;&lt;/li&gt;" SourceIndex="1568" TableNum="0" TextLen="3" order="27" xPath="/html[1]/body[1]/div[1]/div[4]/div[1]/div[1]/div[9]/div[3]/div[2]/ul[1]/li[6]"/>
</LayoutNode>
</LayoutNode>
<LayoutNode BgColor="#ffffff" ContainImg="0" ContainP="0" ContainTable="false" Content="Đường Triều Khúc (4918)Đường Khương Trung (1611)Đường Bùi Xương Trạch (1535)Đường Nguyễn Trãi (1459)Đường Khương Đình (1241)Phố Lê Trọng Tấn (1230)Phố Quan Nhân (1184)Phố Khương Hạ (1123)Phố Hoàng Văn Thái (1098)Đường Kim Giang (998)Phố Vương Thừa Vũ (688)Đường Nguyễn Xiển (494)Đường Khuất Duy Tiến (475)Đường Trường Chinh (453)Phố Chính Kinh (401)Phố Cự Lộc (375)Đường Vũ Trọng Phụng (363)Phố Nhân Hòa (298)Phố Hoàng Ngân (288)Phố Hạ Đình (286) " DOMCldNum="3" DoC="8" FontSize="13" FontWeight="normal" FormNum="0" FormSize="0" FrameSourceIndex="0" ID="1-7-2" InteractionNum="0" InteractionSize="0" IsImg="false" LinkNum="40" LinkTextLen="317" ObjectHeight="556" ObjectRectHeight="563" ObjectRectLeft="961" ObjectRectTop="1486" ObjectRectWidth="459" ObjectWidth="238" ObjectX="961" ObjectY="1493" OptionNum="0" OptionTextLength="0" ParaNum="0" SRC="&lt;ul xmlns=&quot;http://www.w3.org/1999/xhtml&quot; class=&quot;nhadatVN&quot;&gt;                                   &lt;li&gt;&lt;a href=&quot;http://123nhadat.vn/raovat-c8/ban-nha-rieng-tai-duong-trieu-khuc-20100&quot; title=&quot;Bán nhà riêng tại Đường Triều Khúc,Quận Thanh Xuân&quot;&gt;Đường Triều Khúc&lt;/a&gt; (&lt;span style=&quot;color:green&quot;&gt;4918&lt;/span&gt;)&lt;/li&gt;                                   &lt;li&gt;&lt;a href=&quot;http://123nhadat.vn/raovat-c8/ban-nha-rieng-tai-duong-khuong-trung-14145&quot; title=&quot;Bán nhà riêng tại Đường Khương Trung,Quận Thanh Xuân&quot;&gt;Đường Khương Trung&lt;/a&gt; (&lt;span style=&quot;color:green&quot;&gt;1611&lt;/span&gt;)&lt;/li&gt;                                   &lt;li&gt;&lt;a href=&quot;http://123nhadat.vn/raovat-c8/ban-nha-rieng-tai-duong-bui-xuong-trach-12482&quot; title=&quot;Bán nhà riêng tại Đường Bùi Xương Trạch,Quận Thanh Xuân&quot;&gt;Đường Bùi Xương Trạch&lt;/a&gt; (&lt;span style=&quot;color:green&quot;&gt;1535&lt;/span&gt;)&lt;/li&gt;                                   &lt;li&gt;&lt;a href=&quot;http://123nhadat.vn/raovat-c8/ban-nha-rieng-tai-duong-nguyen-trai-16594&quot; title=&quot;Bán nhà riêng tại Đường Nguyễn Trãi,Quận Thanh Xuân&quot;&gt;Đường Nguyễn Trãi&lt;/a&gt; (&lt;span style=&quot;color:green&quot;&gt;1459&lt;/span&gt;)&lt;/li&gt;                                   &lt;li&gt;&lt;a href=&quot;http://123nhadat.vn/raovat-c8/ban-nha-rieng-tai-duong-khuong-dinh-14148&quot; title=&quot;Bán nhà riêng tại Đường Khương Đình,Quận Thanh Xuân&quot;&gt;Đường Khương Đình&lt;/a&gt; (&lt;span style=&quot;color:green&quot;&gt;1241&lt;/span&gt;)&lt;/li&gt;                                   &lt;li&gt;&lt;a href=&quot;http://123nhadat.vn/raovat-c8/ban-nha-rieng-tai-pho-le-trong-tan-14687&quot; title=&quot;Bán nhà riêng tại Phố Lê Trọng Tấn,Quận Thanh Xuân&quot;&gt;Phố Lê Trọng Tấn&lt;/a&gt; (&lt;span style=&quot;color:green&quot;&gt;1230&lt;/span&gt;)&lt;/li&gt;                                   &lt;li&gt;&lt;a href=&quot;http://123nhadat.vn/raovat-c8/ban-nha-rieng-tai-pho-quan-nhan-17895&quot; title=&quot;Bán nhà riêng tại Phố Quan Nhân,Quận Thanh Xuân&quot;&gt;Phố Quan Nhân&lt;/a&gt; (&lt;span style=&quot;color:green&quot;&gt;1184&lt;/span&gt;)&lt;/li&gt;                                   &lt;li&gt;&lt;a href=&quot;http://123nhadat.vn/raovat-c8/ban-nha-rieng-tai-pho-khuong-ha-14142&quot; title=&quot;Bán nhà riêng tại Phố Khương Hạ,Quận Thanh Xuân&quot;&gt;Phố Khương Hạ&lt;/a&gt; (&lt;span style=&quot;color:green&quot;&gt;1123&lt;/span&gt;)&lt;/li&gt;                                   &lt;li&gt;&lt;a href=&quot;http://123nhadat.vn/raovat-c8/ban-nha-rieng-tai-pho-hoang-van-thai-13742&quot; title=&quot;Bán nhà riêng tại Phố Hoàng Văn Thái,Quận Thanh Xuân&quot;&gt;Phố Hoàng Văn Thái&lt;/a&gt; (&lt;span style=&quot;color:green&quot;&gt;1098&lt;/span&gt;)&lt;/li&gt;                                   &lt;li&gt;&lt;a href=&quot;http://123nhadat.vn/raovat-c8/ban-nha-rieng-tai-duong-kim-giang-14158&quot; title=&quot;Bán nhà riêng tại Đường Kim Giang,Quận Thanh Xuân&quot;&gt;Đường Kim Giang&lt;/a&gt; (&lt;span style=&quot;color:green&quot;&gt;998&lt;/span&gt;)&lt;/li&gt;                                   &lt;li&gt;&lt;a href=&quot;http://123nhadat.vn/raovat-c8/ban-nha-rieng-tai-pho-vuong-thua-vu-20714&quot; title=&quot;Bán nhà riêng tại Phố Vương Thừa Vũ,Quận Thanh Xuân&quot;&gt;Phố Vương Thừa Vũ&lt;/a&gt; (&lt;span style=&quot;color:green&quot;&gt;688&lt;/span&gt;)&lt;/li&gt;                                   &lt;li&gt;&lt;a href=&quot;http://123nhadat.vn/raovat-c8/ban-nha-rieng-tai-duong-nguyen-xien-17047&quot; title=&quot;Bán nhà riêng tại Đường Nguyễn Xiển,Quận Thanh Xuân&quot;&gt;Đường Nguyễn Xiển&lt;/a&gt; (&lt;span style=&quot;color:green&quot;&gt;494&lt;/span&gt;)&lt;/li&gt;                                   &lt;li&gt;&lt;a href=&quot;http://123nhadat.vn/raovat-c8/ban-nha-rieng-tai-duong-khuat-duy-tien-14129&quot; title=&quot;Bán nhà riêng tại Đường Khuất Duy Tiến,Quận Thanh Xuân&quot;&gt;Đường Khuất Duy Tiến&lt;/a&gt; (&lt;span style=&quot;color:green&quot;&gt;475&lt;/span&gt;)&lt;/li&gt;                                   &lt;li&gt;&lt;a href=&quot;http://123nhadat.vn/raovat-c8/ban-nha-rieng-tai-duong-truong-chinh-20218&quot; title=&quot;Bán nhà riêng tại Đường Trường Chinh,Quận Thanh Xuân&quot;&gt;Đường Trường Chinh&lt;/a&gt; (&lt;span style=&quot;color:green&quot;&gt;453&lt;/span&gt;)&lt;/li&gt;                                   &lt;li&gt;&lt;a href=&quot;http://123nhadat.vn/raovat-c8/ban-nha-rieng-tai-pho-chinh-kinh-12731&quot; title=&quot;Bán nhà riêng tại Phố Chính Kinh,Quận Thanh Xuân&quot;&gt;Phố Chính Kinh&lt;/a&gt; (&lt;span style=&quot;color:green&quot;&gt;401&lt;/span&gt;)&lt;/li&gt;                                   &lt;li&gt;&lt;a href=&quot;http://123nhadat.vn/raovat-c8/ban-nha-rieng-tai-pho-cu-loc-12892&quot; title=&quot;Bán nhà riêng tại Phố Cự Lộc,Quận Thanh Xuân&quot;&gt;Phố Cự Lộc&lt;/a&gt; (&lt;span style=&quot;color:green&quot;&gt;375&lt;/span&gt;)&lt;/li&gt;                                   &lt;li&gt;&lt;a href=&quot;http://123nhadat.vn/raovat-c8/ban-nha-rieng-tai-duong-vu-trong-phung-20683&quot; title=&quot;Bán nhà riêng tại Đường Vũ Trọng Phụng,Quận Thanh Xuân&quot;&gt;Đường Vũ Trọng Phụng&lt;/a&gt; (&lt;span style=&quot;color:green&quot;&gt;363&lt;/span&gt;)&lt;/li&gt;                                   &lt;li&gt;&lt;a href=&quot;http://123nhadat.vn/raovat-c8/ban-nha-rieng-tai-pho-nhan-hoa-17141&quot; title=&quot;Bán nhà riêng tại Phố Nhân Hòa,Quận Thanh Xuân&quot;&gt;Phố Nhân Hòa&lt;/a&gt; (&lt;span style=&quot;color:green&quot;&gt;298&lt;/span&gt;)&lt;/li&gt;                                   &lt;li&gt;&lt;a href=&quot;http://123nhadat.vn/raovat-c8/ban-nha-rieng-tai-pho-hoang-ngan-13686&quot; title=&quot;Bán nhà riêng tại Phố Hoàng Ngân,Quận Thanh Xuân&quot;&gt;Phố Hoàng Ngân&lt;/a&gt; (&lt;span style=&quot;color:green&quot;&gt;288&lt;/span&gt;)&lt;/li&gt;                                   &lt;li&gt;&lt;a href=&quot;http://123nhadat.vn/raovat-c8/ban-nha-rieng-tai-pho-ha-dinh-13184&quot; title=&quot;Bán nhà riêng tại Phố Hạ Đình,Quận Thanh Xuân&quot;&gt;Phố Hạ Đình&lt;/a&gt; (&lt;span style=&quot;color:green&quot;&gt;286&lt;/span&gt;)&lt;/li&gt;                               &lt;/ul&gt;" SourceIndex="3074" TableNum="0" TextLen="446" order="28" xPath="/html[1]/body[1]/div[1]/div[4]/div[1]/div[2]/div[4]/div[2]/ul[1]"/>
</LayoutNode>
<LayoutNode BgColor="#ffffff" ContainImg="1" ContainP="0" ContainTable="false" DOMCldNum="7" DoC="5" FontSize="13" FontWeight="normal" FormNum="1" FormSize="20" FrameSourceIndex="0" ID="1-8" InteractionNum="0" InteractionSize="0" IsImg="false" LinkNum="6" LinkTextLen="19" ObjectRectHeight="400" ObjectRectLeft="0" ObjectRectTop="2074" ObjectRectWidth="1420" OptionNum="0" OptionTextLength="0" ParaNum="0" SourceIndex="1540" TableNum="0" TextLen="288" order="29">
<LayoutNode BgColor="#ffffff" ContainImg="0" ContainP="0" ContainTable="false" Content="Các nhà đất trong cùng khu vực BDS xung quanh Diện tích Giá Khoảng cách Để xem các nhà đất khác xung quanh vị trí nhà đất hiện tại bạn vui lòng chọn phạm vi bán kính muốn xem " DOMCldNum="7" DoC="8" FontSize="13" FontWeight="normal" FormNum="0" FormSize="0" FrameSourceIndex="0" ID="1-8-1" InteractionNum="0" InteractionSize="0" IsImg="false" LinkNum="0" LinkTextLen="0" ObjectHeight="105" ObjectRectHeight="400" ObjectRectLeft="0" ObjectRectTop="2074" ObjectRectWidth="889" ObjectWidth="668" ObjectX="221" ObjectY="2369" OptionNum="0" OptionTextLength="0" ParaNum="0" SRC="&lt;div xmlns=&quot;http://www.w3.org/1999/xhtml&quot; class=&quot;list_tienich&quot;&gt;                                &lt;div class=&quot;tit_list_tienich&quot; id=&quot;total_property&quot;&gt;Các nhà đất trong cùng khu vực&lt;/div&gt;                                &lt;div class=&quot;nhaxungquanh&quot;&gt;                                    &lt;span&gt;BDS xung quanh&lt;/span&gt;                                    &lt;label&gt;Diện tích&lt;/label&gt;                                    &lt;strong&gt;Giá&lt;/strong&gt;                                    &lt;span&gt;Khoảng cách&lt;/span&gt;                                &lt;/div&gt;                                &lt;div class=&quot;detail_list_nhaxungquanh tienich_scroll_no&quot; id=&quot;local_info&quot;&gt;                                                                            Để xem các nhà đất khác xung quanh vị trí nhà đất hiện tại bạn vui lòng chọn phạm vi bán kính muốn xem                                                                   &lt;/div&gt;                            &lt;/div&gt;" SourceIndex="1577" TableNum="0" TextLen="169" order="30" xPath="/html[1]/body[1]/div[1]/div[4]/div[1]/div[1]/div[9]/div[3]/div[2]/div[2]"/>
<LayoutNode BgColor="#5eab1f" ContainImg="1" ContainP="0" ContainTable="false" DOMCldNum="5" DoC="5" FontSize="11" FontWeight="700" FormNum="1" FormSize="20" FrameSourceIndex="0" ID="1-8-2" InteractionNum="0" InteractionSize="0" IsImg="false" LinkNum="6" LinkTextLen="19" ObjectRectHeight="400" ObjectRectLeft="910" ObjectRectTop="2074" ObjectRectWidth="510" OptionNum="0" OptionTextLength="0" ParaNum="0" SourceIndex="3244" TableNum="0" TextLen="119" order="31">
<LayoutNode BgColor="#5eab1f" ContainImg="0" ContainP="0" ContainTable="false" Content="LIÊN HỆ NGƯỜI ĐĂNG TIN " DOMCldNum="5" DoC="5" FontSize="11" FontWeight="700" FormNum="0" FormSize="0" FrameSourceIndex="0" ID="1-8-2-1" InteractionNum="0" InteractionSize="0" IsImg="false" LinkNum="0" LinkTextLen="0" ObjectHeight="20" ObjectRectHeight="23" ObjectRectLeft="910" ObjectRectTop="2074" ObjectRectWidth="510" ObjectWidth="290" ObjectX="915" ObjectY="2077" OptionNum="0" OptionTextLength="0" ParaNum="0" SRC="&lt;div xmlns=&quot;http://www.w3.org/1999/xhtml&quot; class=&quot;tit_C&quot;&gt;                        &lt;span class=&quot;icon_star_xanh&quot;/&gt;                        Liên hệ người đăng tin                    &lt;/div&gt;" SourceIndex="3246" TableNum="0" TextLen="22" order="32" xPath="/html[1]/body[1]/div[1]/div[4]/div[1]/div[2]/div[5]/div[1]"/>
<LayoutNode BgColor="#ffffff" ContainImg="1" ContainP="0" ContainTable="false" Content="Chị Thu Phone: 0944828386 Đang rao 249 nhà đất   Họ và tên: Mobile: Email: Tiêu đề: Tin nhắn: Gửi tin nhắn " DOMCldNum="5" DoC="8" FontSize="13" FontWeight="normal" FormNum="1" FormSize="20" FrameSourceIndex="0" ID="1-8-2-2" InteractionNum="0" InteractionSize="0" IsImg="false" LinkNum="6" LinkTextLen="19" ObjectHeight="337" ObjectRectHeight="353" ObjectRectLeft="910" ObjectRectTop="2121" ObjectRectWidth="510" ObjectWidth="278" ObjectX="921" ObjectY="2121" OptionNum="0" OptionTextLength="0" ParaNum="0" SRC="&lt;div xmlns=&quot;http://www.w3.org/1999/xhtml&quot; class=&quot;detail_R&quot;&gt;                        &lt;div class=&quot;box_moigioi border_none lienhe_dangtin_R&quot;&gt;                            &lt;div class=&quot;img_moigioi&quot;&gt;&lt;a href=&quot;http://123nhadat.vn/thanhvien/tinrao/125487&quot;&gt;&lt;img align=&quot;middle&quot; alt=&quot;Chị Thu&quot; class=&quot;img&quot; height=&quot;50&quot; src=&quot;http://123nhadat.vn/thumbs/120x122/avatar/noavatar.jpg&quot; width=&quot;50&quot;/&gt;&lt;/a&gt;&lt;/div&gt;                            &lt;ul&gt;                                &lt;li&gt;&lt;a href=&quot;http://123nhadat.vn/thanhvien/tinrao/125487&quot; title=&quot;Xem toàn bộ tin rao của Chị Thu&quot;&gt;Chị Thu&lt;/a&gt;&lt;/li&gt;                                                                &lt;li&gt;Phone: 0944828386&lt;/li&gt;                                &lt;li&gt;Đang rao &lt;b style=&quot;color:green&quot;&gt;249&lt;/b&gt; nhà đất&lt;/li&gt;        &lt;li&gt; &lt;/li&gt;                            &lt;/ul&gt;                        &lt;/div&gt;      &lt;form action=&quot;&quot; id=&quot;sendMessForm&quot; name=&quot;sendMessForm&quot;&gt;      &lt;input id=&quot;txtMsgTo&quot; name=&quot;txtMsgTo&quot; type=&quot;hidden&quot; value=&quot;truyenthongquanganh@gmail.com&quot;/&gt;                              &lt;div class=&quot;row_lienheR&quot;&gt;                            &lt;label&gt;Họ và tên:&lt;/label&gt;                            &lt;input id=&quot;nameSender&quot; name=&quot;nameSender&quot; placeholder=&quot;Họ tên bạn&quot; type=&quot;text&quot; value=&quot;&quot;/&gt;                        &lt;/div&gt;                        &lt;div class=&quot;row_lienheR&quot;&gt;                            &lt;label&gt;Mobile:&lt;/label&gt;                            &lt;input id=&quot;mobiSender&quot; name=&quot;mobiSender&quot; placeholder=&quot;Di động của bạn&quot; type=&quot;text&quot; value=&quot;&quot;/&gt;                        &lt;/div&gt;                        &lt;div class=&quot;row_lienheR&quot;&gt;                            &lt;label&gt;Email:&lt;/label&gt;                            &lt;input id=&quot;emailSender&quot; name=&quot;emailSender&quot; placeholder=&quot;Email của bạn&quot; type=&quot;text&quot; value=&quot;&quot;/&gt;                        &lt;/div&gt;                              &lt;div class=&quot;row_lienheR&quot;&gt;                            &lt;label&gt;Tiêu đề:&lt;/label&gt;                            &lt;input id=&quot;txtMsgTitle&quot; name=&quot;txtMsgTitle&quot; placeholder=&quot;Tiêu đề tin nhắn&quot; type=&quot;text&quot; value=&quot;Liên hệ từ tin ID: 4294904&quot;/&gt;                        &lt;/div&gt;                        &lt;div class=&quot;row_lienheR&quot;&gt;                            &lt;label&gt;Tin nhắn:&lt;/label&gt;                            &lt;textarea cols=&quot;23&quot; id=&quot;mess_content&quot; name=&quot;mess_content&quot; placeholder=&quot;Nội dung tin nhắn&quot; rows=&quot;3&quot;/&gt;                        &lt;/div&gt;                        &lt;!-- &lt;div class=&quot;row_timkiemR&quot;&gt;                            &lt;input id=&quot;sendmsg&quot; class=&quot;bt_cam&quot; type=&quot;submit&quot; value=&quot;Gửi tin nhắn&quot;&gt;                        &lt;/div&gt; --&gt;      &lt;div class=&quot;row_lienheR&quot;&gt;                            &lt;a class=&quot;bt_cam&quot; href=&quot;javascript:void(0)&quot; onclick=&quot;$('#sendMessForm').submit();&quot;&gt;Gửi tin nhắn&lt;/a&gt;                        &lt;/div&gt;      &lt;/form&gt;                    &lt;/div&gt;" SourceIndex="3251" TableNum="0" TextLen="97" order="33" xPath="/html[1]/body[1]/div[1]/div[4]/div[1]/div[2]/div[5]/div[2]"/>
</LayoutNode>
</LayoutNode>
<LayoutNode BgColor="#ffffff" ContainImg="0" ContainP="0" ContainTable="false" DOMCldNum="13" DoC="8" FontSize="13" FontWeight="normal" FormNum="0" FormSize="0" FrameSourceIndex="0" ID="1-9" InteractionNum="0" InteractionSize="0" IsImg="false" LinkNum="0" LinkTextLen="0" ObjectRectHeight="34" ObjectRectLeft="0" ObjectRectTop="2484" ObjectRectWidth="1420" OptionNum="0" OptionTextLength="0" ParaNum="0" SourceIndex="1604" TableNum="0" TextLen="37" order="34">
<LayoutNode BgColor="#ffffff" ContainImg="0" ContainP="0" ContainTable="false" Content="Chọn bán kính để xem: " DOMCldNum="13" DoC="8" FontSize="13" FontWeight="normal" FormNum="0" FormSize="0" FrameSourceIndex="0" ID="1-9-1" InteractionNum="0" InteractionSize="0" IsImg="false" LinkNum="0" LinkTextLen="0" ObjectHeight="34" ObjectRectHeight="34" ObjectRectLeft="0" ObjectRectTop="2484" ObjectRectWidth="405" ObjectWidth="144" ObjectX="261" ObjectY="2484" OptionNum="0" OptionTextLength="0" ParaNum="0" SRC="&lt;li xmlns=&quot;http://www.w3.org/1999/xhtml&quot;&gt;&lt;span&gt;Chọn bán kính để xem:&lt;/span&gt;&lt;/li&gt;" SourceIndex="1606" TableNum="0" TextLen="21" order="35" xPath="/html[1]/body[1]/div[1]/div[4]/div[1]/div[1]/div[9]/div[3]/div[3]/ul[1]/li[1]"/>
<LayoutNode BgColor="#ffffff" ContainImg="0" ContainP="0" ContainTable="false" Content="500m " DOMCldNum="13" DoC="8" FontSize="13" FontWeight="normal" FormNum="0" FormSize="0" FrameSourceIndex="0" ID="1-9-2" InteractionNum="0" InteractionSize="0" IsImg="false" LinkNum="0" LinkTextLen="0" ObjectHeight="34" ObjectRectHeight="34" ObjectRectLeft="425" ObjectRectTop="2484" ObjectRectWidth="38" ObjectWidth="38" ObjectX="425" ObjectY="2484" OptionNum="0" OptionTextLength="0" ParaNum="0" SRC="&lt;li xmlns=&quot;http://www.w3.org/1999/xhtml&quot;&gt;&lt;input id=&quot;Checkbox6&quot; name=&quot;radSchool&quot; type=&quot;radio&quot; value=&quot;500&quot;/&gt;&lt;span&gt;500m&lt;/span&gt;&lt;/li&gt;" SourceIndex="1610" TableNum="0" TextLen="4" order="36" xPath="/html[1]/body[1]/div[1]/div[4]/div[1]/div[1]/div[9]/div[3]/div[3]/ul[1]/li[2]"/>
<LayoutNode BgColor="#ffffff" ContainImg="0" ContainP="0" ContainTable="false" Content="1km " DOMCldNum="13" DoC="8" FontSize="13" FontWeight="normal" FormNum="0" FormSize="0" FrameSourceIndex="0" ID="1-9-3" InteractionNum="0" InteractionSize="0" IsImg="false" LinkNum="0" LinkTextLen="0" ObjectHeight="34" ObjectRectHeight="34" ObjectRectLeft="483" ObjectRectTop="2484" ObjectRectWidth="31" ObjectWidth="31" ObjectX="483" ObjectY="2484" OptionNum="0" OptionTextLength="0" ParaNum="0" SRC="&lt;li xmlns=&quot;http://www.w3.org/1999/xhtml&quot;&gt;&lt;input id=&quot;Checkbox7&quot; name=&quot;radSchool&quot; type=&quot;radio&quot; value=&quot;1000&quot;/&gt;&lt;span&gt;1km&lt;/span&gt;&lt;/li&gt;" SourceIndex="1615" TableNum="0" TextLen="3" order="37" xPath="/html[1]/body[1]/div[1]/div[4]/div[1]/div[1]/div[9]/div[3]/div[3]/ul[1]/li[3]"/>
<LayoutNode BgColor="#ffffff" ContainImg="0" ContainP="0" ContainTable="false" Content="2km " DOMCldNum="13" DoC="8" FontSize="13" FontWeight="normal" FormNum="0" FormSize="0" FrameSourceIndex="0" ID="1-9-4" InteractionNum="0" InteractionSize="0" IsImg="false" LinkNum="0" LinkTextLen="0" ObjectHeight="34" ObjectRectHeight="34" ObjectRectLeft="534" ObjectRectTop="2484" ObjectRectWidth="31" ObjectWidth="31" ObjectX="534" ObjectY="2484" OptionNum="0" OptionTextLength="0" ParaNum="0" SRC="&lt;li xmlns=&quot;http://www.w3.org/1999/xhtml&quot;&gt;&lt;input id=&quot;Checkbox8&quot; name=&quot;radSchool&quot; type=&quot;radio&quot; value=&quot;2000&quot;/&gt;&lt;span&gt;2km&lt;/span&gt;&lt;/li&gt;" SourceIndex="1620" TableNum="0" TextLen="3" order="38" xPath="/html[1]/body[1]/div[1]/div[4]/div[1]/div[1]/div[9]/div[3]/div[3]/ul[1]/li[4]"/>
<LayoutNode BgColor="#ffffff" ContainImg="0" ContainP="0" ContainTable="false" Content="3km " DOMCldNum="13" DoC="8" FontSize="13" FontWeight="normal" FormNum="0" FormSize="0" FrameSourceIndex="0" ID="1-9-5" InteractionNum="0" InteractionSize="0" IsImg="false" LinkNum="0" LinkTextLen="0" ObjectHeight="34" ObjectRectHeight="34" ObjectRectLeft="585" ObjectRectTop="2484" ObjectRectWidth="31" ObjectWidth="31" ObjectX="585" ObjectY="2484" OptionNum="0" OptionTextLength="0" ParaNum="0" SRC="&lt;li xmlns=&quot;http://www.w3.org/1999/xhtml&quot;&gt;&lt;input id=&quot;Checkbox9&quot; name=&quot;radSchool&quot; type=&quot;radio&quot; value=&quot;3000&quot;/&gt;&lt;span&gt;3km&lt;/span&gt;&lt;/li&gt;" SourceIndex="1625" TableNum="0" TextLen="3" order="39" xPath="/html[1]/body[1]/div[1]/div[4]/div[1]/div[1]/div[9]/div[3]/div[3]/ul[1]/li[5]"/>
<LayoutNode BgColor="#ffffff" ContainImg="0" ContainP="0" ContainTable="false" Content="5km " DOMCldNum="13" DoC="8" FontSize="13" FontWeight="normal" FormNum="0" FormSize="0" FrameSourceIndex="0" ID="1-9-6" InteractionNum="0" InteractionSize="0" IsImg="false" LinkNum="0" LinkTextLen="0" ObjectHeight="34" ObjectRectHeight="34" ObjectRectLeft="636" ObjectRectTop="2484" ObjectRectWidth="784" ObjectWidth="31" ObjectX="636" ObjectY="2484" OptionNum="0" OptionTextLength="0" ParaNum="0" SRC="&lt;li xmlns=&quot;http://www.w3.org/1999/xhtml&quot;&gt;&lt;input id=&quot;Checkbox9&quot; name=&quot;radSchool&quot; type=&quot;radio&quot; value=&quot;5000&quot;/&gt;&lt;span&gt;5km&lt;/span&gt;&lt;/li&gt;" SourceIndex="1630" TableNum="0" TextLen="3" order="40" xPath="/html[1]/body[1]/div[1]/div[4]/div[1]/div[1]/div[9]/div[3]/div[3]/ul[1]/li[6]"/>
</LayoutNode>
<LayoutNode BgColor="#ffffff" ContainImg="0" ContainP="0" ContainTable="false" DOMCldNum="11" DoC="8" FontSize="13" FontWeight="normal" FormNum="0" FormSize="0" FrameSourceIndex="0" ID="1-10" InteractionNum="0" InteractionSize="0" IsImg="false" LinkNum="0" LinkTextLen="0" ObjectRectHeight="34" ObjectRectLeft="0" ObjectRectTop="2528" ObjectRectWidth="1420" OptionNum="0" OptionTextLength="0" ParaNum="0" SourceIndex="1636" TableNum="0" TextLen="49" order="41">
<LayoutNode BgColor="#ffffff" ContainImg="0" ContainP="0" ContainTable="false" Content="Trường học " DOMCldNum="11" DoC="8" FontSize="13" FontWeight="normal" FormNum="0" FormSize="0" FrameSourceIndex="0" ID="1-10-1" InteractionNum="0" InteractionSize="0" IsImg="false" LinkNum="0" LinkTextLen="0" ObjectHeight="34" ObjectRectHeight="34" ObjectRectLeft="0" ObjectRectTop="2528" ObjectRectWidth="370" ObjectWidth="109" ObjectX="261" ObjectY="2528" OptionNum="0" OptionTextLength="0" ParaNum="0" SRC="&lt;li xmlns=&quot;http://www.w3.org/1999/xhtml&quot;&gt;&lt;input checked=&quot;&quot; id=&quot;school_local&quot; name=&quot;local_group[]&quot; type=&quot;checkbox&quot;/&gt;&lt;span class=&quot;place_01&quot;&gt;Trường học&lt;/span&gt;&lt;/li&gt;" SourceIndex="1638" TableNum="0" TextLen="10" order="42" xPath="/html[1]/body[1]/div[1]/div[4]/div[1]/div[1]/div[9]/div[3]/div[3]/ul[2]/li[1]"/>
<LayoutNode BgColor="#ffffff" ContainImg="0" ContainP="0" ContainTable="false" Content="Bệnh viện " DOMCldNum="11" DoC="8" FontSize="13" FontWeight="normal" FormNum="0" FormSize="0" FrameSourceIndex="0" ID="1-10-2" InteractionNum="0" InteractionSize="0" IsImg="false" LinkNum="0" LinkTextLen="0" ObjectHeight="34" ObjectRectHeight="34" ObjectRectLeft="390" ObjectRectTop="2528" ObjectRectWidth="97" ObjectWidth="97" ObjectX="390" ObjectY="2528" OptionNum="0" OptionTextLength="0" ParaNum="0" SRC="&lt;li xmlns=&quot;http://www.w3.org/1999/xhtml&quot;&gt;&lt;input checked=&quot;&quot; id=&quot;hospital_local&quot; name=&quot;local_group[]&quot; type=&quot;checkbox&quot;/&gt;&lt;span class=&quot;place_02&quot;&gt;Bệnh viện&lt;/span&gt;&lt;/li&gt;" SourceIndex="1643" TableNum="0" TextLen="9" order="43" xPath="/html[1]/body[1]/div[1]/div[4]/div[1]/div[1]/div[9]/div[3]/div[3]/ul[2]/li[2]"/>
<LayoutNode BgColor="#ffffff" ContainImg="0" ContainP="0" ContainTable="false" Content="Cơ quan hành chính " DOMCldNum="11" DoC="8" FontSize="13" FontWeight="normal" FormNum="0" FormSize="0" FrameSourceIndex="0" ID="1-10-3" InteractionNum="0" InteractionSize="0" IsImg="false" LinkNum="0" LinkTextLen="0" ObjectHeight="34" ObjectRectHeight="34" ObjectRectLeft="507" ObjectRectTop="2528" ObjectRectWidth="162" ObjectWidth="162" ObjectX="507" ObjectY="2528" OptionNum="0" OptionTextLength="0" ParaNum="0" SRC="&lt;li xmlns=&quot;http://www.w3.org/1999/xhtml&quot;&gt;&lt;input checked=&quot;&quot; id=&quot;market_local&quot; name=&quot;local_group[]&quot; type=&quot;checkbox&quot;/&gt;&lt;span class=&quot;place_03&quot;&gt;Cơ quan hành chính&lt;/span&gt;&lt;/li&gt;" SourceIndex="1650" TableNum="0" TextLen="18" order="44" xPath="/html[1]/body[1]/div[1]/div[4]/div[1]/div[1]/div[9]/div[3]/div[3]/ul[2]/li[3]"/>
<LayoutNode BgColor="#ffffff" ContainImg="0" ContainP="0" ContainTable="false" Content="Chùa-Nhà thờ " DOMCldNum="11" DoC="8" FontSize="13" FontWeight="normal" FormNum="0" FormSize="0" FrameSourceIndex="0" ID="1-10-4" InteractionNum="0" InteractionSize="0" IsImg="false" LinkNum="0" LinkTextLen="0" ObjectHeight="34" ObjectRectHeight="34" ObjectRectLeft="689" ObjectRectTop="2528" ObjectRectWidth="731" ObjectWidth="120" ObjectX="689" ObjectY="2528" OptionNum="0" OptionTextLength="0" ParaNum="0" SRC="&lt;li xmlns=&quot;http://www.w3.org/1999/xhtml&quot;&gt;&lt;input checked=&quot;&quot; id=&quot;pagoda_local&quot; name=&quot;local_group[]&quot; type=&quot;checkbox&quot;/&gt;&lt;span class=&quot;place_09&quot;&gt;Chùa-Nhà thờ&lt;/span&gt;&lt;/li&gt;" SourceIndex="1655" TableNum="0" TextLen="12" order="45" xPath="/html[1]/body[1]/div[1]/div[4]/div[1]/div[1]/div[9]/div[3]/div[3]/ul[2]/li[4]"/>
</LayoutNode>
<LayoutNode BgColor="#ffffff" ContainImg="0" ContainP="0" ContainTable="false" DOMCldNum="9" DoC="5" FontSize="13" FontWeight="normal" FormNum="0" FormSize="0" FrameSourceIndex="0" ID="1-11" InteractionNum="0" InteractionSize="0" IsImg="false" LinkNum="24" LinkTextLen="216" ObjectRectHeight="414" ObjectRectLeft="0" ObjectRectTop="2739" ObjectRectWidth="1420" OptionNum="0" OptionTextLength="0" ParaNum="0" SourceIndex="1602" TableNum="0" TextLen="457" order="46">
<LayoutNode BgColor="#ffffff" ContainImg="0" ContainP="0" ContainTable="false" DOMCldNum="9" DoC="5" FontSize="13" FontWeight="normal" FormNum="0" FormSize="0" FrameSourceIndex="0" ID="1-11-1" InteractionNum="0" InteractionSize="0" IsImg="false" LinkNum="0" LinkTextLen="0" ObjectRectHeight="414" ObjectRectLeft="0" ObjectRectTop="2739" ObjectRectWidth="889" OptionNum="0" OptionTextLength="0" ParaNum="0" SourceIndex="1602" TableNum="0" TextLen="120" order="47">
<LayoutNode BgColor="#ffffff" ContainImg="0" ContainP="0" ContainTable="false" Content="Các địa điểmĐịa điểmKhoảng cách Vui lòng chọn bán kính và loại địa điểm muốn xem ở trên " DOMCldNum="9" DoC="8" FontSize="13" FontWeight="normal" FormNum="0" FormSize="0" FrameSourceIndex="0" ID="1-11-1-1" InteractionNum="0" InteractionSize="0" IsImg="false" LinkNum="0" LinkTextLen="0" ObjectHeight="105" ObjectRectHeight="347" ObjectRectLeft="0" ObjectRectTop="2739" ObjectRectWidth="889" ObjectWidth="668" ObjectX="221" ObjectY="2981" OptionNum="0" OptionTextLength="0" ParaNum="0" SRC="&lt;div xmlns=&quot;http://www.w3.org/1999/xhtml&quot; class=&quot;list_tienich&quot;&gt;                                &lt;div class=&quot;tit_list_tienich&quot; id=&quot;total_pos&quot;&gt;Các địa điểm&lt;/div&gt;                                &lt;div class=&quot;diadiem_khoangcach&quot;&gt;&lt;label&gt;Địa điểm&lt;/label&gt;&lt;span&gt;Khoảng cách&lt;/span&gt;&lt;/div&gt;                                &lt;div class=&quot;detail_list_tienich tienich_scroll_no&quot; id=&quot;local_group&quot;&gt;                                    Vui lòng chọn bán kính và loại địa điểm muốn xem ở trên                                &lt;/div&gt;                            &lt;/div&gt;" SourceIndex="1664" TableNum="0" TextLen="86" order="48" xPath="/html[1]/body[1]/div[1]/div[4]/div[1]/div[1]/div[9]/div[3]/div[3]/div[2]"/>
<LayoutNode BgColor="#5eab1f" ContainImg="0" ContainP="0" ContainTable="false" Content="BÁN NHÀ RIÊNG TẠI PHỐ TÔ VĨNH DIỆN " DOMCldNum="85" DoC="5" FontSize="11" FontWeight="700" FormNum="0" FormSize="0" FrameSourceIndex="0" ID="1-11-1-2" InteractionNum="0" InteractionSize="0" IsImg="false" LinkNum="0" LinkTextLen="0" ObjectHeight="20" ObjectRectHeight="33" ObjectRectLeft="0" ObjectRectTop="3120" ObjectRectWidth="889" ObjectWidth="560" ObjectX="215" ObjectY="3120" OptionNum="0" OptionTextLength="0" ParaNum="0" SRC="&lt;div xmlns=&quot;http://www.w3.org/1999/xhtml&quot; class=&quot;tit_C&quot;&gt;                        &lt;span class=&quot;icon_star_xanh&quot;/&gt;                        Bán nhà riêng tại Phố Tô Vĩnh Diện                    &lt;/div&gt;" SourceIndex="1703" TableNum="0" TextLen="34" order="49" xPath="/html[1]/body[1]/div[1]/div[4]/div[1]/div[1]/div[12]"/>
</LayoutNode>
<LayoutNode BgColor="#5eab1f" ContainImg="0" ContainP="0" ContainTable="false" DOMCldNum="5" DoC="5" FontSize="11" FontWeight="700" FormNum="0" FormSize="0" FrameSourceIndex="0" ID="1-11-2" InteractionNum="0" InteractionSize="0" IsImg="false" LinkNum="24" LinkTextLen="216" ObjectRectHeight="414" ObjectRectLeft="910" ObjectRectTop="2739" ObjectRectWidth="510" OptionNum="0" OptionTextLength="0" ParaNum="0" SourceIndex="3346" TableNum="0" TextLen="337" order="50">
<LayoutNode BgColor="#5eab1f" ContainImg="0" ContainP="0" ContainTable="false" Content="BÁN NHÀ RIÊNG THEO PHƯỜNG/XÃ TẠI QUẬN THANH XUÂN " DOMCldNum="5" DoC="5" FontSize="11" FontWeight="700" FormNum="0" FormSize="0" FrameSourceIndex="0" ID="1-11-2-1" InteractionNum="0" InteractionSize="0" IsImg="false" LinkNum="0" LinkTextLen="0" ObjectHeight="40" ObjectRectHeight="43" ObjectRectLeft="910" ObjectRectTop="2739" ObjectRectWidth="510" ObjectWidth="290" ObjectX="915" ObjectY="2742" OptionNum="0" OptionTextLength="0" ParaNum="0" SRC="&lt;div xmlns=&quot;http://www.w3.org/1999/xhtml&quot; class=&quot;tit_C&quot;&gt;                        &lt;span class=&quot;icon_star_xanh&quot;/&gt;                        Bán nhà riêng theo phường/xã tại Quận Thanh Xuân                    &lt;/div&gt;" SourceIndex="3348" TableNum="0" TextLen="47" order="51" xPath="/html[1]/body[1]/div[1]/div[4]/div[1]/div[2]/div[7]/div[1]"/>
<LayoutNode BgColor="#ffffff" ContainImg="0" ContainP="0" ContainTable="false" Content="Phường Thanh Xuân Nam (3315)Phường Khương Đình (1716)Phường Nhân Chính (1469)Phường Khương Mai (978)Phường Thanh Xuân Bắc (801)Phường Kim Giang (752)Phường Hạ Đình (585)Phường Phương Liệt (548)Phường Thanh Xuân Trung (341)Phường Thượng Đình (335)Phường Khương Hạ (121)Phường Phương Mai (17) " DOMCldNum="3" DoC="8" FontSize="13" FontWeight="normal" FormNum="0" FormSize="0" FrameSourceIndex="0" ID="1-11-2-2" InteractionNum="0" InteractionSize="0" IsImg="false" LinkNum="24" LinkTextLen="216" ObjectHeight="332" ObjectRectHeight="347" ObjectRectLeft="910" ObjectRectTop="2806" ObjectRectWidth="510" ObjectWidth="238" ObjectX="961" ObjectY="2806" OptionNum="0" OptionTextLength="0" ParaNum="0" SRC="&lt;ul xmlns=&quot;http://www.w3.org/1999/xhtml&quot; class=&quot;nhadatVN&quot;&gt;                                   &lt;li&gt;&lt;a href=&quot;http://123nhadat.vn/raovat-c8/ban-nha-rieng-tai-phuong-thanh-xuan-nam-8926&quot; title=&quot;Bán nhà riêng tại Phường Thanh Xuân Nam,Quận Thanh Xuân&quot;&gt;Phường Thanh Xuân Nam&lt;/a&gt; (&lt;span style=&quot;color:green&quot;&gt;3315&lt;/span&gt;)&lt;/li&gt;                                   &lt;li&gt;&lt;a href=&quot;http://123nhadat.vn/raovat-c8/ban-nha-rieng-tai-phuong-khuong-dinh-4201&quot; title=&quot;Bán nhà riêng tại Phường Khương Đình,Quận Thanh Xuân&quot;&gt;Phường Khương Đình&lt;/a&gt; (&lt;span style=&quot;color:green&quot;&gt;1716&lt;/span&gt;)&lt;/li&gt;                                   &lt;li&gt;&lt;a href=&quot;http://123nhadat.vn/raovat-c8/ban-nha-rieng-tai-phuong-nhan-chinh-6007&quot; title=&quot;Bán nhà riêng tại Phường Nhân Chính,Quận Thanh Xuân&quot;&gt;Phường Nhân Chính&lt;/a&gt; (&lt;span style=&quot;color:green&quot;&gt;1469&lt;/span&gt;)&lt;/li&gt;                                   &lt;li&gt;&lt;a href=&quot;http://123nhadat.vn/raovat-c8/ban-nha-rieng-tai-phuong-khuong-mai-4198&quot; title=&quot;Bán nhà riêng tại Phường Khương Mai,Quận Thanh Xuân&quot;&gt;Phường Khương Mai&lt;/a&gt; (&lt;span style=&quot;color:green&quot;&gt;978&lt;/span&gt;)&lt;/li&gt;                                   &lt;li&gt;&lt;a href=&quot;http://123nhadat.vn/raovat-c8/ban-nha-rieng-tai-phuong-thanh-xuan-bac-8925&quot; title=&quot;Bán nhà riêng tại Phường Thanh Xuân Bắc,Quận Thanh Xuân&quot;&gt;Phường Thanh Xuân Bắc&lt;/a&gt; (&lt;span style=&quot;color:green&quot;&gt;801&lt;/span&gt;)&lt;/li&gt;                                   &lt;li&gt;&lt;a href=&quot;http://123nhadat.vn/raovat-c8/ban-nha-rieng-tai-phuong-kim-giang-4241&quot; title=&quot;Bán nhà riêng tại Phường Kim Giang,Quận Thanh Xuân&quot;&gt;Phường Kim Giang&lt;/a&gt; (&lt;span style=&quot;color:green&quot;&gt;752&lt;/span&gt;)&lt;/li&gt;                                   &lt;li&gt;&lt;a href=&quot;http://123nhadat.vn/raovat-c8/ban-nha-rieng-tai-phuong-ha-dinh-3016&quot; title=&quot;Bán nhà riêng tại Phường Hạ Đình,Quận Thanh Xuân&quot;&gt;Phường Hạ Đình&lt;/a&gt; (&lt;span style=&quot;color:green&quot;&gt;585&lt;/span&gt;)&lt;/li&gt;                                   &lt;li&gt;&lt;a href=&quot;http://123nhadat.vn/raovat-c8/ban-nha-rieng-tai-phuong-phuong-liet-6961&quot; title=&quot;Bán nhà riêng tại Phường Phương Liệt,Quận Thanh Xuân&quot;&gt;Phường Phương Liệt&lt;/a&gt; (&lt;span style=&quot;color:green&quot;&gt;548&lt;/span&gt;)&lt;/li&gt;                                   &lt;li&gt;&lt;a href=&quot;http://123nhadat.vn/raovat-c8/ban-nha-rieng-tai-phuong-thanh-xuan-trung-8927&quot; title=&quot;Bán nhà riêng tại Phường Thanh Xuân Trung,Quận Thanh Xuân&quot;&gt;Phường Thanh Xuân Trung&lt;/a&gt; (&lt;span style=&quot;color:green&quot;&gt;341&lt;/span&gt;)&lt;/li&gt;                                   &lt;li&gt;&lt;a href=&quot;http://123nhadat.vn/raovat-c8/ban-nha-rieng-tai-phuong-thuong-dinh-9293&quot; title=&quot;Bán nhà riêng tại Phường Thượng Đình,Quận Thanh Xuân&quot;&gt;Phường Thượng Đình&lt;/a&gt; (&lt;span style=&quot;color:green&quot;&gt;335&lt;/span&gt;)&lt;/li&gt;                                   &lt;li&gt;&lt;a href=&quot;http://123nhadat.vn/raovat-c8/ban-nha-rieng-tai-phuong-khuong-ha-4197&quot; title=&quot;Bán nhà riêng tại Phường Khương Hạ,Quận Thanh Xuân&quot;&gt;Phường Khương Hạ&lt;/a&gt; (&lt;span style=&quot;color:green&quot;&gt;121&lt;/span&gt;)&lt;/li&gt;                                   &lt;li&gt;&lt;a href=&quot;http://123nhadat.vn/raovat-c8/ban-nha-rieng-tai-phuong-phuong-mai-6969&quot; title=&quot;Bán nhà riêng tại Phường Phương Mai,Quận Thanh Xuân&quot;&gt;Phường Phương Mai&lt;/a&gt; (&lt;span style=&quot;color:green&quot;&gt;17&lt;/span&gt;)&lt;/li&gt;                               &lt;/ul&gt;" SourceIndex="3355" TableNum="0" TextLen="290" order="52" xPath="/html[1]/body[1]/div[1]/div[4]/div[1]/div[2]/div[7]/div[2]/ul[1]"/>
</LayoutNode>
</LayoutNode>
<LayoutNode BgColor="#ffffff" ContainImg="1" ContainP="0" ContainTable="false" DOMCldNum="5" DoC="5" FontSize="13" FontWeight="normal" FormNum="0" FormSize="0" FrameSourceIndex="0" ID="1-12" InteractionNum="0" InteractionSize="0" IsImg="false" LinkNum="6" LinkTextLen="70" ObjectRectHeight="184" ObjectRectLeft="0" ObjectRectTop="3196" ObjectRectWidth="1420" OptionNum="0" OptionTextLength="0" ParaNum="0" SourceIndex="1718" TableNum="0" TextLen="384" order="53">
<LayoutNode BgColor="#ffffff" ContainImg="0" ContainP="0" ContainTable="false" Content="BÁN NHÀ BÙI XƯƠNG TRẠCH MỚI ĐẸP, THANH XUÂN, ÔTÔ ĐỖ CỬA, DT 40M 3.5 TỶ " DOMCldNum="5" DoC="5" FontSize="13" FontWeight="normal" FormNum="0" FormSize="0" FrameSourceIndex="0" ID="1-12-1" InteractionNum="0" InteractionSize="0" IsImg="false" LinkNum="2" LinkTextLen="70" ObjectHeight="21" ObjectRectHeight="35" ObjectRectLeft="0" ObjectRectTop="3196" ObjectRectWidth="1420" ObjectWidth="668" ObjectX="221" ObjectY="3210" OptionNum="0" OptionTextLength="0" ParaNum="0" SRC="&lt;div xmlns=&quot;http://www.w3.org/1999/xhtml&quot; class=&quot;tit_nhadatban&quot;&gt;                            &lt;h4&gt;&lt;a href=&quot;http://123nhadat.vn/raovat-t4298158/ban-nha-rieng-tai-pho-ha-dinh/bui-xuong-trach-moi-dep-thanh-xuan-oto-do-cua-dt-40m-35-ty.html&quot; title=&quot;BÁN NHÀ BÙI XƯƠNG TRẠCH MỚI ĐẸP, THANH XUÂN, ÔTÔ ĐỖ CỬA, DT 40M 3.5 TỶ&quot;&gt;BÁN NHÀ BÙI XƯƠNG TRẠCH MỚI ĐẸP, THANH XUÂN, ÔTÔ ĐỖ CỬA, DT 40M 3.5 TỶ&lt;/a&gt;&lt;/h4&gt;                        &lt;/div&gt;" SourceIndex="1720" TableNum="0" TextLen="70" order="54" xPath="/html[1]/body[1]/div[1]/div[4]/div[1]/div[1]/div[13]/div[2]/div[1]"/>
<LayoutNode BgColor="#ffffff" ContainImg="1" ContainP="0" ContainTable="false" Content="Cập nhật 6 giờ, 20 phút trước Diện tích: 40 m2 Khu vực: Quận Thanh Xuân, Hà Nội 3.5 Tỷ + Vị trí rất đẹp, ngõ nông gần Phố Vũ Tông Phan. + Phố Vũ Tông Phan giao cắt với nhiều tuyến phố lớn như Trường Chinh, Khuất Duy Tiến, Giải Phóng, Nguyễn Trãi, và gần các Trường Đại Học lớn như Thủy Lợi, Thăng Long, ....+ Nhà 5 tầng... " DOMCldNum="5" DoC="8" FontSize="13" FontWeight="normal" FormNum="0" FormSize="0" FrameSourceIndex="0" ID="1-12-2" InteractionNum="0" InteractionSize="0" IsImg="false" LinkNum="4" LinkTextLen="0" ObjectHeight="135" ObjectRectHeight="135" ObjectRectLeft="0" ObjectRectTop="3245" ObjectRectWidth="1420" ObjectWidth="668" ObjectX="221" ObjectY="3245" OptionNum="0" OptionTextLength="0" ParaNum="0" SRC="&lt;div xmlns=&quot;http://www.w3.org/1999/xhtml&quot; class=&quot;detail_nhadatban&quot;&gt;                            &lt;div class=&quot;img_nhadatban&quot;&gt;                                &lt;a href=&quot;http://123nhadat.vn/raovat-t4298158/ban-nha-rieng-tai-pho-ha-dinh/bui-xuong-trach-moi-dep-thanh-xuan-oto-do-cua-dt-40m-35-ty.html&quot;&gt;&lt;img alt=&quot;BÁN NHÀ BÙI XƯƠNG TRẠCH MỚI ĐẸP, THANH XUÂN, ÔTÔ ĐỖ CỬA, DT 40M 3.5 TỶ&quot; src=&quot;http://123nhadat.vn/thumbs/155x112/raovat/nhadat_1592988151_ucSv.jpg&quot;/&gt;&lt;/a&gt;                                &lt;span class=&quot;masotin&quot;&gt;MST: 4298158&lt;/span&gt;                                &lt;/div&gt;       &lt;div class=&quot;text_nhadatban&quot;&gt;                                &lt;div class=&quot;info_nhadatban&quot;&gt;                                    &lt;ul&gt;                                    &lt;li&gt;&lt;span class=&quot;datetime&quot;&gt;Cập nhật &lt;span class=&quot;timecolor&quot;&gt;6 giờ, 20 phút trước&lt;/span&gt;&lt;/span&gt;&lt;/li&gt;                                    &lt;li&gt;Diện tích: &lt;span class=&quot;saleboldtext&quot;&gt;40 m2&lt;/span&gt;&lt;/li&gt;                                    &lt;li&gt;Khu vực: &lt;span class=&quot;saleboldtext&quot;&gt;Quận Thanh Xuân, Hà Nội&lt;/span&gt;&lt;/li&gt;                                &lt;/ul&gt;                                &lt;/div&gt;                                &lt;div class=&quot;contact_nhadatban&quot;&gt;                                    &lt;ul&gt;          &lt;li&gt;           &lt;span id=&quot;luu_4298158&quot;&gt;&lt;a class=&quot;bt_save&quot; href=&quot;javascript:void(0)&quot; onclick=&quot;UpdateListingListRV(0,4298158)&quot; title=&quot;Lưu tin này vào trong danh sách các nhà đất bạn quan tâm,để bạn có thể tiện theo dõi&quot;/&gt;&lt;/span&gt;          &lt;/li&gt;          &lt;li class=&quot;gia&quot;&gt;&lt;strong class=&quot;camcam&quot;&gt;3.5 Tỷ&lt;/strong&gt;&lt;/li&gt;         &lt;/ul&gt;                                &lt;/div&gt;                            &lt;/div&gt;                            &lt;div class=&quot;description_nhadatban&quot;&gt;                                + Vị trí rất đẹp, ngõ nông gần Phố Vũ Tông Phan. + Phố Vũ Tông Phan giao cắt với nhiều tuyến phố lớn như Trường Chinh, Khuất Duy Tiến, Giải Phóng, Nguyễn Trãi, và gần các Trường Đại Học lớn như Thủy Lợi, Thăng Long, ....+ Nhà 5 tầng...                            &lt;/div&gt;                        &lt;/div&gt;" SourceIndex="1727" TableNum="0" TextLen="314" order="55" xPath="/html[1]/body[1]/div[1]/div[4]/div[1]/div[1]/div[13]/div[2]/div[2]"/>
</LayoutNode>
<LayoutNode BgColor="#ffffff" ContainImg="1" ContainP="0" ContainTable="false" DOMCldNum="5" DoC="5" FontSize="13" FontWeight="normal" FormNum="0" FormSize="0" FrameSourceIndex="0" ID="1-13" InteractionNum="0" InteractionSize="0" IsImg="false" LinkNum="6" LinkTextLen="76" ObjectRectHeight="184" ObjectRectLeft="0" ObjectRectTop="3412" ObjectRectWidth="1420" OptionNum="0" OptionTextLength="0" ParaNum="0" SourceIndex="1784" TableNum="0" TextLen="390" order="56">
<LayoutNode BgColor="#ffffff" ContainImg="0" ContainP="0" ContainTable="false" Content="Bán Nhà Lô Góc Tô Vĩnh Diện - Thanh Xuân - Ô tô tránh - 42m2*4T. Giá 3 tỷ 9. " DOMCldNum="5" DoC="5" FontSize="13" FontWeight="normal" FormNum="0" FormSize="0" FrameSourceIndex="0" ID="1-13-1" InteractionNum="0" InteractionSize="0" IsImg="false" LinkNum="2" LinkTextLen="76" ObjectHeight="21" ObjectRectHeight="35" ObjectRectLeft="0" ObjectRectTop="3412" ObjectRectWidth="1420" ObjectWidth="668" ObjectX="221" ObjectY="3426" OptionNum="0" OptionTextLength="0" ParaNum="0" SRC="&lt;div xmlns=&quot;http://www.w3.org/1999/xhtml&quot; class=&quot;tit_nhadatban&quot;&gt;                            &lt;h4&gt;&lt;a href=&quot;http://123nhadat.vn/raovat-t4297003/ban-nha-rieng-tai-pho-to-vinh-dien/lo-goc-thanh-xuan-o-tranh-42m24t-gia-3-ty-9.html&quot; title=&quot;Bán Nhà Lô Góc Tô Vĩnh Diện - Thanh Xuân - Ô tô tránh - 42m2*4T. Giá 3 tỷ 9.&quot;&gt;Bán Nhà Lô Góc Tô Vĩnh Diện - Thanh Xuân - Ô tô tránh - 42m2*4T. Giá 3 tỷ 9.&lt;/a&gt;&lt;/h4&gt;                        &lt;/div&gt;" SourceIndex="1786" TableNum="0" TextLen="76" order="57" xPath="/html[1]/body[1]/div[1]/div[4]/div[1]/div[1]/div[13]/div[3]/div[1]"/>
<LayoutNode BgColor="#ffffff" ContainImg="1" ContainP="0" ContainTable="false" Content="Cập nhật 9 giờ, 46 phút trước Diện tích: 42 m2 Khu vực: Quận Thanh Xuân, Hà Nội 3.9 Tỷ Bán nhà phố Tô Vĩnh Diện, phường Khương Trung, quận Thanh Xuân, khu phố dân trí cao, nhà phân lô, hiếm người bán.+ Khu phố phân lô Vip, dân trí cao và thân thiện. Căn nhà thuộc lô góc nên nhận được rất nhiều ánh sáng, không khí tr... " DOMCldNum="5" DoC="8" FontSize="13" FontWeight="normal" FormNum="0" FormSize="0" FrameSourceIndex="0" ID="1-13-2" InteractionNum="0" InteractionSize="0" IsImg="false" LinkNum="4" LinkTextLen="0" ObjectHeight="135" ObjectRectHeight="135" ObjectRectLeft="0" ObjectRectTop="3461" ObjectRectWidth="1420" ObjectWidth="668" ObjectX="221" ObjectY="3461" OptionNum="0" OptionTextLength="0" ParaNum="0" SRC="&lt;div xmlns=&quot;http://www.w3.org/1999/xhtml&quot; class=&quot;detail_nhadatban&quot;&gt;                            &lt;div class=&quot;img_nhadatban&quot;&gt;                                &lt;a href=&quot;http://123nhadat.vn/raovat-t4297003/ban-nha-rieng-tai-pho-to-vinh-dien/lo-goc-thanh-xuan-o-tranh-42m24t-gia-3-ty-9.html&quot;&gt;&lt;img alt=&quot;Bán Nhà Lô Góc Tô Vĩnh Diện - Thanh Xuân - Ô tô tránh - 42m2*4T. Giá 3 tỷ 9.&quot; src=&quot;http://123nhadat.vn/thumbs/155x112/raovat/nhadat_1591511972_fxLj.jpg&quot;/&gt;&lt;/a&gt;                                &lt;span class=&quot;masotin&quot;&gt;MST: 4297003&lt;/span&gt;                                &lt;/div&gt;       &lt;div class=&quot;text_nhadatban&quot;&gt;                                &lt;div class=&quot;info_nhadatban&quot;&gt;                                    &lt;ul&gt;                                    &lt;li&gt;&lt;span class=&quot;datetime&quot;&gt;Cập nhật &lt;span class=&quot;timecolor&quot;&gt;9 giờ, 46 phút trước&lt;/span&gt;&lt;/span&gt;&lt;/li&gt;                                    &lt;li&gt;Diện tích: &lt;span class=&quot;saleboldtext&quot;&gt;42 m2&lt;/span&gt;&lt;/li&gt;                                    &lt;li&gt;Khu vực: &lt;span class=&quot;saleboldtext&quot;&gt;Quận Thanh Xuân, Hà Nội&lt;/span&gt;&lt;/li&gt;                                &lt;/ul&gt;                                &lt;/div&gt;                                &lt;div class=&quot;contact_nhadatban&quot;&gt;                                    &lt;ul&gt;          &lt;li&gt;           &lt;span id=&quot;luu_4297003&quot;&gt;&lt;a class=&quot;bt_save&quot; href=&quot;javascript:void(0)&quot; onclick=&quot;UpdateListingListRV(0,4297003)&quot; title=&quot;Lưu tin này vào trong danh sách các nhà đất bạn quan tâm,để bạn có thể tiện theo dõi&quot;/&gt;&lt;/span&gt;          &lt;/li&gt;          &lt;li class=&quot;gia&quot;&gt;&lt;strong class=&quot;camcam&quot;&gt;3.9 Tỷ&lt;/strong&gt;&lt;/li&gt;         &lt;/ul&gt;                                &lt;/div&gt;                            &lt;/div&gt;                            &lt;div class=&quot;description_nhadatban&quot;&gt;                                Bán nhà phố Tô Vĩnh Diện, phường Khương Trung, quận Thanh Xuân, khu phố dân trí cao, nhà phân lô, hiếm người bán.+ Khu phố phân lô Vip, dân trí cao và thân thiện. Căn nhà thuộc lô góc nên nhận được rất nhiều ánh sáng, không khí tr...                            &lt;/div&gt;                        &lt;/div&gt;" SourceIndex="1793" TableNum="0" TextLen="314" order="58" xPath="/html[1]/body[1]/div[1]/div[4]/div[1]/div[1]/div[13]/div[3]/div[2]"/>
</LayoutNode>
<LayoutNode BgColor="#ffffff" ContainImg="1" ContainP="0" ContainTable="false" DOMCldNum="5" DoC="5" FontSize="13" FontWeight="normal" FormNum="0" FormSize="0" FrameSourceIndex="0" ID="1-14" InteractionNum="0" InteractionSize="0" IsImg="false" LinkNum="6" LinkTextLen="69" ObjectRectHeight="184" ObjectRectLeft="0" ObjectRectTop="3628" ObjectRectWidth="1420" OptionNum="0" OptionTextLength="0" ParaNum="0" SourceIndex="1850" TableNum="0" TextLen="383" order="59">
<LayoutNode BgColor="#ffffff" ContainImg="0" ContainP="0" ContainTable="false" Content="Bán nhà phố Vương Thừa Vũ, Thanh Xuân. Ôtô đỗ cửa, 42m2 x 5T. 3 tỷ 8. " DOMCldNum="5" DoC="5" FontSize="13" FontWeight="normal" FormNum="0" FormSize="0" FrameSourceIndex="0" ID="1-14-1" InteractionNum="0" InteractionSize="0" IsImg="false" LinkNum="2" LinkTextLen="69" ObjectHeight="21" ObjectRectHeight="35" ObjectRectLeft="0" ObjectRectTop="3628" ObjectRectWidth="1420" ObjectWidth="668" ObjectX="221" ObjectY="3642" OptionNum="0" OptionTextLength="0" ParaNum="0" SRC="&lt;div xmlns=&quot;http://www.w3.org/1999/xhtml&quot; class=&quot;tit_nhadatban&quot;&gt;                            &lt;h4&gt;&lt;a href=&quot;http://123nhadat.vn/raovat-t4296566/ban-nha-rieng-tai-duong-bui-xuong-trach/pho-vuong-thua-vu-thanh-xuan-oto-do-cua-42m2-x-5t-3-ty-8.html&quot; title=&quot;Bán nhà phố Vương Thừa Vũ, Thanh Xuân. Ôtô đỗ cửa, 42m2 x 5T. 3 tỷ 8.&quot;&gt;Bán nhà phố Vương Thừa Vũ, Thanh Xuân. Ôtô đỗ cửa, 42m2 x 5T. 3 tỷ 8.&lt;/a&gt;&lt;/h4&gt;                        &lt;/div&gt;" SourceIndex="1852" TableNum="0" TextLen="69" order="60" xPath="/html[1]/body[1]/div[1]/div[4]/div[1]/div[1]/div[13]/div[4]/div[1]"/>
<LayoutNode BgColor="#ffffff" ContainImg="1" ContainP="0" ContainTable="false" Content="Cập nhật 9 giờ, 46 phút trước Diện tích: 42 m2 Khu vực: Quận Thanh Xuân, Hà Nội 3.8 Tỷ + Nhà căn góc, phân lô, thoáng mát, khu vực dân trí cao, thân thiện. Vị trí đẹp, thông ra Khương Trung, Lê Trọng Tấn, Trường Chinh, Ngã Tư Sở trong 5 phút đi xe máy. Tương lai nhà giá trị sẽ tăng cao khi đường Trường Chinh hoàn th... " DOMCldNum="5" DoC="8" FontSize="13" FontWeight="normal" FormNum="0" FormSize="0" FrameSourceIndex="0" ID="1-14-2" InteractionNum="0" InteractionSize="0" IsImg="false" LinkNum="4" LinkTextLen="0" ObjectHeight="135" ObjectRectHeight="135" ObjectRectLeft="0" ObjectRectTop="3677" ObjectRectWidth="1420" ObjectWidth="668" ObjectX="221" ObjectY="3677" OptionNum="0" OptionTextLength="0" ParaNum="0" SRC="&lt;div xmlns=&quot;http://www.w3.org/1999/xhtml&quot; class=&quot;detail_nhadatban&quot;&gt;                            &lt;div class=&quot;img_nhadatban&quot;&gt;                                &lt;a href=&quot;http://123nhadat.vn/raovat-t4296566/ban-nha-rieng-tai-duong-bui-xuong-trach/pho-vuong-thua-vu-thanh-xuan-oto-do-cua-42m2-x-5t-3-ty-8.html&quot;&gt;&lt;img alt=&quot;Bán nhà phố Vương Thừa Vũ, Thanh Xuân. Ôtô đỗ cửa, 42m2 x 5T. 3 tỷ 8.&quot; src=&quot;http://123nhadat.vn/thumbs/155x112/raovat/nhadat_1590758342_gYwE.jpg&quot;/&gt;&lt;/a&gt;                                &lt;span class=&quot;masotin&quot;&gt;MST: 4296566&lt;/span&gt;                                &lt;/div&gt;       &lt;div class=&quot;text_nhadatban&quot;&gt;                                &lt;div class=&quot;info_nhadatban&quot;&gt;                                    &lt;ul&gt;                                    &lt;li&gt;&lt;span class=&quot;datetime&quot;&gt;Cập nhật &lt;span class=&quot;timecolor&quot;&gt;9 giờ, 46 phút trước&lt;/span&gt;&lt;/span&gt;&lt;/li&gt;                                    &lt;li&gt;Diện tích: &lt;span class=&quot;saleboldtext&quot;&gt;42 m2&lt;/span&gt;&lt;/li&gt;                                    &lt;li&gt;Khu vực: &lt;span class=&quot;saleboldtext&quot;&gt;Quận Thanh Xuân, Hà Nội&lt;/span&gt;&lt;/li&gt;                                &lt;/ul&gt;                                &lt;/div&gt;                                &lt;div class=&quot;contact_nhadatban&quot;&gt;                                    &lt;ul&gt;          &lt;li&gt;           &lt;span id=&quot;luu_4296566&quot;&gt;&lt;a class=&quot;bt_save&quot; href=&quot;javascript:void(0)&quot; onclick=&quot;UpdateListingListRV(0,4296566)&quot; title=&quot;Lưu tin này vào trong danh sách các nhà đất bạn quan tâm,để bạn có thể tiện theo dõi&quot;/&gt;&lt;/span&gt;          &lt;/li&gt;          &lt;li class=&quot;gia&quot;&gt;&lt;strong class=&quot;camcam&quot;&gt;3.8 Tỷ&lt;/strong&gt;&lt;/li&gt;         &lt;/ul&gt;                                &lt;/div&gt;                            &lt;/div&gt;                            &lt;div class=&quot;description_nhadatban&quot;&gt;                                + Nhà căn góc, phân lô, thoáng mát, khu vực dân trí cao, thân thiện. Vị trí đẹp, thông ra Khương Trung, Lê Trọng Tấn, Trường Chinh, Ngã Tư Sở trong 5 phút đi xe máy. Tương lai nhà giá trị sẽ tăng cao khi đường Trường Chinh hoàn th...                            &lt;/div&gt;                        &lt;/div&gt;" SourceIndex="1859" TableNum="0" TextLen="314" order="61" xPath="/html[1]/body[1]/div[1]/div[4]/div[1]/div[1]/div[13]/div[4]/div[2]"/>
</LayoutNode>
<LayoutNode BgColor="#ffffff" ContainImg="1" ContainP="0" ContainTable="false" DOMCldNum="5" DoC="5" FontSize="13" FontWeight="normal" FormNum="0" FormSize="0" FrameSourceIndex="0" ID="1-15" InteractionNum="0" InteractionSize="0" IsImg="false" LinkNum="6" LinkTextLen="66" ObjectRectHeight="184" ObjectRectLeft="0" ObjectRectTop="3844" ObjectRectWidth="1420" OptionNum="0" OptionTextLength="0" ParaNum="0" SourceIndex="1916" TableNum="0" TextLen="380" order="62">
<LayoutNode BgColor="#ffffff" ContainImg="0" ContainP="0" ContainTable="false" Content="BÁN NHÀ ĐẸP Ở NGAY - KIM GIANG - Ô TÔ ĐỖ CỬA - 34M2 X 5T - 2 TỶ 9. " DOMCldNum="5" DoC="5" FontSize="13" FontWeight="normal" FormNum="0" FormSize="0" FrameSourceIndex="0" ID="1-15-1" InteractionNum="0" InteractionSize="0" IsImg="false" LinkNum="2" LinkTextLen="66" ObjectHeight="21" ObjectRectHeight="35" ObjectRectLeft="0" ObjectRectTop="3844" ObjectRectWidth="1420" ObjectWidth="668" ObjectX="221" ObjectY="3858" OptionNum="0" OptionTextLength="0" ParaNum="0" SRC="&lt;div xmlns=&quot;http://www.w3.org/1999/xhtml&quot; class=&quot;tit_nhadatban&quot;&gt;                            &lt;h4&gt;&lt;a href=&quot;http://123nhadat.vn/raovat-t4297434/ban-nha-rieng-tai-duong-kim-giang/dep-o-ngay-to-do-cua-34m2-x-5t-2-ty-9.html&quot; title=&quot;BÁN NHÀ ĐẸP Ở NGAY - KIM GIANG - Ô TÔ ĐỖ CỬA - 34M2 X 5T - 2 TỶ 9.&quot;&gt;BÁN NHÀ ĐẸP Ở NGAY - KIM GIANG - Ô TÔ ĐỖ CỬA - 34M2 X 5T - 2 TỶ 9.&lt;/a&gt;&lt;/h4&gt;                        &lt;/div&gt;" SourceIndex="1918" TableNum="0" TextLen="66" order="63" xPath="/html[1]/body[1]/div[1]/div[4]/div[1]/div[1]/div[13]/div[5]/div[1]"/>
<LayoutNode BgColor="#ffffff" ContainImg="1" ContainP="0" ContainTable="false" Content="Cập nhật 9 giờ, 46 phút trước Diện tích: 34 m2 Khu vực: Quận Thanh Xuân, Hà Nội 2.9 Tỷ Bán nhà đẹp ở ngay tại Kim Giang, phường Kim Giang, quận Thanh Xuân với các thông số như sau:+ Nhà được xây dựng chắc chắn, thiết kế hiện đại, phòng nào cũng có cửa sổ đón ánh nắng và không khí tự nhiên khiến cho căn nhà lúc nào c... " DOMCldNum="5" DoC="8" FontSize="13" FontWeight="normal" FormNum="0" FormSize="0" FrameSourceIndex="0" ID="1-15-2" InteractionNum="0" InteractionSize="0" IsImg="false" LinkNum="4" LinkTextLen="0" ObjectHeight="135" ObjectRectHeight="135" ObjectRectLeft="0" ObjectRectTop="3893" ObjectRectWidth="1420" ObjectWidth="668" ObjectX="221" ObjectY="3893" OptionNum="0" OptionTextLength="0" ParaNum="0" SRC="&lt;div xmlns=&quot;http://www.w3.org/1999/xhtml&quot; class=&quot;detail_nhadatban&quot;&gt;                            &lt;div class=&quot;img_nhadatban&quot;&gt;                                &lt;a href=&quot;http://123nhadat.vn/raovat-t4297434/ban-nha-rieng-tai-duong-kim-giang/dep-o-ngay-to-do-cua-34m2-x-5t-2-ty-9.html&quot;&gt;&lt;img alt=&quot;BÁN NHÀ ĐẸP Ở NGAY - KIM GIANG - Ô TÔ ĐỖ CỬA - 34M2 X 5T - 2 TỶ 9.&quot; src=&quot;http://123nhadat.vn/thumbs/155x112/raovat/nhadat_1592039267_anAC.jpg&quot;/&gt;&lt;/a&gt;                                &lt;span class=&quot;masotin&quot;&gt;MST: 4297434&lt;/span&gt;                                &lt;/div&gt;       &lt;div class=&quot;text_nhadatban&quot;&gt;                                &lt;div class=&quot;info_nhadatban&quot;&gt;                                    &lt;ul&gt;                                    &lt;li&gt;&lt;span class=&quot;datetime&quot;&gt;Cập nhật &lt;span class=&quot;timecolor&quot;&gt;9 giờ, 46 phút trước&lt;/span&gt;&lt;/span&gt;&lt;/li&gt;                                    &lt;li&gt;Diện tích: &lt;span class=&quot;saleboldtext&quot;&gt;34 m2&lt;/span&gt;&lt;/li&gt;                                    &lt;li&gt;Khu vực: &lt;span class=&quot;saleboldtext&quot;&gt;Quận Thanh Xuân, Hà Nội&lt;/span&gt;&lt;/li&gt;                                &lt;/ul&gt;                                &lt;/div&gt;                                &lt;div class=&quot;contact_nhadatban&quot;&gt;                                    &lt;ul&gt;          &lt;li&gt;           &lt;span id=&quot;luu_4297434&quot;&gt;&lt;a class=&quot;bt_save&quot; href=&quot;javascript:void(0)&quot; onclick=&quot;UpdateListingListRV(0,4297434)&quot; title=&quot;Lưu tin này vào trong danh sách các nhà đất bạn quan tâm,để bạn có thể tiện theo dõi&quot;/&gt;&lt;/span&gt;          &lt;/li&gt;          &lt;li class=&quot;gia&quot;&gt;&lt;strong class=&quot;camcam&quot;&gt;2.9 Tỷ&lt;/strong&gt;&lt;/li&gt;         &lt;/ul&gt;                                &lt;/div&gt;                            &lt;/div&gt;                            &lt;div class=&quot;description_nhadatban&quot;&gt;                                Bán nhà đẹp ở ngay tại Kim Giang, phường Kim Giang, quận Thanh Xuân với các thông số như sau:+ Nhà được xây dựng chắc chắn, thiết kế hiện đại, phòng nào cũng có cửa sổ đón ánh nắng và không khí tự nhiên khiến cho căn nhà lúc nào c...                            &lt;/div&gt;                        &lt;/div&gt;" SourceIndex="1925" TableNum="0" TextLen="314" order="64" xPath="/html[1]/body[1]/div[1]/div[4]/div[1]/div[1]/div[13]/div[5]/div[2]"/>
</LayoutNode>
<LayoutNode BgColor="#ffffff" ContainImg="1" ContainP="0" ContainTable="false" DOMCldNum="5" DoC="5" FontSize="13" FontWeight="normal" FormNum="0" FormSize="0" FrameSourceIndex="0" ID="1-16" InteractionNum="0" InteractionSize="0" IsImg="false" LinkNum="6" LinkTextLen="76" ObjectRectHeight="184" ObjectRectLeft="0" ObjectRectTop="4060" ObjectRectWidth="1420" OptionNum="0" OptionTextLength="0" ParaNum="0" SourceIndex="1982" TableNum="0" TextLen="390" order="65">
<LayoutNode BgColor="#ffffff" ContainImg="0" ContainP="0" ContainTable="false" Content="Bán Nhà Phân Lô, Ô tô Vào Nhà, Kinh Doanh Văn Phòng, Thanh Xuân, Giá 5 tỷ 8. " DOMCldNum="5" DoC="5" FontSize="13" FontWeight="normal" FormNum="0" FormSize="0" FrameSourceIndex="0" ID="1-16-1" InteractionNum="0" InteractionSize="0" IsImg="false" LinkNum="2" LinkTextLen="76" ObjectHeight="21" ObjectRectHeight="35" ObjectRectLeft="0" ObjectRectTop="4060" ObjectRectWidth="1420" ObjectWidth="668" ObjectX="221" ObjectY="4074" OptionNum="0" OptionTextLength="0" ParaNum="0" SRC="&lt;div xmlns=&quot;http://www.w3.org/1999/xhtml&quot; class=&quot;tit_nhadatban&quot;&gt;                            &lt;h4&gt;&lt;a href=&quot;http://123nhadat.vn/raovat-t4297073/ban-nha-rieng-tai-pho-phuong-liet/phan-lo-o-to-vao-kinh-doanh-van-phong-thanh-xuan-gia-5-ty-8.html&quot; title=&quot;Bán Nhà Phân Lô, Ô tô Vào Nhà, Kinh Doanh Văn Phòng, Thanh Xuân, Giá 5 tỷ 8.&quot;&gt;Bán Nhà Phân Lô, Ô tô Vào Nhà, Kinh Doanh Văn Phòng, Thanh Xuân, Giá 5 tỷ 8.&lt;/a&gt;&lt;/h4&gt;                        &lt;/div&gt;" SourceIndex="1984" TableNum="0" TextLen="76" order="66" xPath="/html[1]/body[1]/div[1]/div[4]/div[1]/div[1]/div[13]/div[6]/div[1]"/>
<LayoutNode BgColor="#ffffff" ContainImg="1" ContainP="0" ContainTable="false" Content="Cập nhật 9 giờ, 46 phút trước Diện tích: 45 m2 Khu vực: Quận Thanh Xuân, Hà Nội 5.8 Tỷ Bán nhà phân lô, đẹp ở ngay ở phố Phương Liệt, quận Thanh Xuân với các thông số sau :+Nhà mặt phố đẹp, kinh doanh đỉnh, đường rộng xe ô tô tránh nhau. 100m ra đường Trường Chinh, vài bước ra phố Vọng ( tương lai đường Trường Chinh... " DOMCldNum="5" DoC="8" FontSize="13" FontWeight="normal" FormNum="0" FormSize="0" FrameSourceIndex="0" ID="1-16-2" InteractionNum="0" InteractionSize="0" IsImg="false" LinkNum="4" LinkTextLen="0" ObjectHeight="135" ObjectRectHeight="135" ObjectRectLeft="0" ObjectRectTop="4109" ObjectRectWidth="1420" ObjectWidth="668" ObjectX="221" ObjectY="4109" OptionNum="0" OptionTextLength="0" ParaNum="0" SRC="&lt;div xmlns=&quot;http://www.w3.org/1999/xhtml&quot; class=&quot;detail_nhadatban&quot;&gt;                            &lt;div class=&quot;img_nhadatban&quot;&gt;                                &lt;a href=&quot;http://123nhadat.vn/raovat-t4297073/ban-nha-rieng-tai-pho-phuong-liet/phan-lo-o-to-vao-kinh-doanh-van-phong-thanh-xuan-gia-5-ty-8.html&quot;&gt;&lt;img alt=&quot;Bán Nhà Phân Lô, Ô tô Vào Nhà, Kinh Doanh Văn Phòng, Thanh Xuân, Giá 5 tỷ 8.&quot; src=&quot;http://123nhadat.vn/thumbs/155x112/raovat/nhadat_1591634583_52TH.jpg&quot;/&gt;&lt;/a&gt;                                &lt;span class=&quot;masotin&quot;&gt;MST: 4297073&lt;/span&gt;                                &lt;/div&gt;       &lt;div class=&quot;text_nhadatban&quot;&gt;                                &lt;div class=&quot;info_nhadatban&quot;&gt;                                    &lt;ul&gt;                                    &lt;li&gt;&lt;span class=&quot;datetime&quot;&gt;Cập nhật &lt;span class=&quot;timecolor&quot;&gt;9 giờ, 46 phút trước&lt;/span&gt;&lt;/span&gt;&lt;/li&gt;                                    &lt;li&gt;Diện tích: &lt;span class=&quot;saleboldtext&quot;&gt;45 m2&lt;/span&gt;&lt;/li&gt;                                    &lt;li&gt;Khu vực: &lt;span class=&quot;saleboldtext&quot;&gt;Quận Thanh Xuân, Hà Nội&lt;/span&gt;&lt;/li&gt;                                &lt;/ul&gt;                                &lt;/div&gt;                                &lt;div class=&quot;contact_nhadatban&quot;&gt;                                    &lt;ul&gt;          &lt;li&gt;           &lt;span id=&quot;luu_4297073&quot;&gt;&lt;a class=&quot;bt_save&quot; href=&quot;javascript:void(0)&quot; onclick=&quot;UpdateListingListRV(0,4297073)&quot; title=&quot;Lưu tin này vào trong danh sách các nhà đất bạn quan tâm,để bạn có thể tiện theo dõi&quot;/&gt;&lt;/span&gt;          &lt;/li&gt;          &lt;li class=&quot;gia&quot;&gt;&lt;strong class=&quot;camcam&quot;&gt;5.8 Tỷ&lt;/strong&gt;&lt;/li&gt;         &lt;/ul&gt;                                &lt;/div&gt;                            &lt;/div&gt;                            &lt;div class=&quot;description_nhadatban&quot;&gt;                                Bán nhà phân lô, đẹp ở ngay ở phố Phương Liệt, quận Thanh Xuân với các thông số sau :+Nhà mặt phố đẹp, kinh doanh đỉnh, đường rộng xe ô tô tránh nhau. 100m ra đường Trường Chinh, vài bước ra phố Vọng ( tương lai đường Trường Chinh...                            &lt;/div&gt;                        &lt;/div&gt;" SourceIndex="1991" TableNum="0" TextLen="314" order="67" xPath="/html[1]/body[1]/div[1]/div[4]/div[1]/div[1]/div[13]/div[6]/div[2]"/>
</LayoutNode>
<LayoutNode BgColor="#ffffff" ContainImg="1" ContainP="0" ContainTable="false" DOMCldNum="5" DoC="5" FontSize="13" FontWeight="normal" FormNum="0" FormSize="0" FrameSourceIndex="0" ID="1-17" InteractionNum="0" InteractionSize="0" IsImg="false" LinkNum="6" LinkTextLen="66" ObjectRectHeight="184" ObjectRectLeft="0" ObjectRectTop="4276" ObjectRectWidth="1420" OptionNum="0" OptionTextLength="0" ParaNum="0" SourceIndex="2048" TableNum="0" TextLen="381" order="68">
<LayoutNode BgColor="#ffffff" ContainImg="0" ContainP="0" ContainTable="false" Content="BÁN NHÀ VŨ TÔNG PHAN, VỊ TRÍ ĐẸP, Ô TÔ ĐỖ CỬA, NHÀ MỚI ĐẸP Ở NGAY. " DOMCldNum="5" DoC="5" FontSize="13" FontWeight="normal" FormNum="0" FormSize="0" FrameSourceIndex="0" ID="1-17-1" InteractionNum="0" InteractionSize="0" IsImg="false" LinkNum="2" LinkTextLen="66" ObjectHeight="21" ObjectRectHeight="35" ObjectRectLeft="0" ObjectRectTop="4276" ObjectRectWidth="1420" ObjectWidth="668" ObjectX="221" ObjectY="4290" OptionNum="0" OptionTextLength="0" ParaNum="0" SRC="&lt;div xmlns=&quot;http://www.w3.org/1999/xhtml&quot; class=&quot;tit_nhadatban&quot;&gt;                            &lt;h4&gt;&lt;a href=&quot;http://123nhadat.vn/raovat-t4297462/ban-nha-rieng-tai-phuong-khuong-dinh/vu-tong-phan-vi-tri-dep-o-to-do-cua-moi-ngay.html&quot; title=&quot;BÁN NHÀ VŨ TÔNG PHAN, VỊ TRÍ ĐẸP, Ô TÔ ĐỖ CỬA, NHÀ MỚI ĐẸP Ở NGAY.&quot;&gt;BÁN NHÀ VŨ TÔNG PHAN, VỊ TRÍ ĐẸP, Ô TÔ ĐỖ CỬA, NHÀ MỚI ĐẸP Ở NGAY.&lt;/a&gt;&lt;/h4&gt;                        &lt;/div&gt;" SourceIndex="2050" TableNum="0" TextLen="66" order="69" xPath="/html[1]/body[1]/div[1]/div[4]/div[1]/div[1]/div[13]/div[7]/div[1]"/>
<LayoutNode BgColor="#ffffff" ContainImg="1" ContainP="0" ContainTable="false" Content="Cập nhật 9 giờ, 46 phút trước Diện tích: 45 m2 Khu vực: Quận Thanh Xuân, Hà Nội 3.98 Tỷ Bán nhà mới, ở ngay tại phố Vũ Tông Phan, phường Khương Đình, quận Thanh Xuân với các thông số sau:+ Nhà được xây thiết kế 5 tầng thoáng sáng, hiện đại, khung cột rất chắc chắn, mỗi tầng 2 phòng và cầu thang giữa.+ Nội thất đã có ... " DOMCldNum="5" DoC="8" FontSize="13" FontWeight="normal" FormNum="0" FormSize="0" FrameSourceIndex="0" ID="1-17-2" InteractionNum="0" InteractionSize="0" IsImg="false" LinkNum="4" LinkTextLen="0" ObjectHeight="135" ObjectRectHeight="135" ObjectRectLeft="0" ObjectRectTop="4325" ObjectRectWidth="1420" ObjectWidth="668" ObjectX="221" ObjectY="4325" OptionNum="0" OptionTextLength="0" ParaNum="0" SRC="&lt;div xmlns=&quot;http://www.w3.org/1999/xhtml&quot; class=&quot;detail_nhadatban&quot;&gt;                            &lt;div class=&quot;img_nhadatban&quot;&gt;                                &lt;a href=&quot;http://123nhadat.vn/raovat-t4297462/ban-nha-rieng-tai-phuong-khuong-dinh/vu-tong-phan-vi-tri-dep-o-to-do-cua-moi-ngay.html&quot;&gt;&lt;img alt=&quot;BÁN NHÀ VŨ TÔNG PHAN, VỊ TRÍ ĐẸP, Ô TÔ ĐỖ CỬA, NHÀ MỚI ĐẸP Ở NGAY.&quot; src=&quot;http://123nhadat.vn/thumbs/155x112/raovat/nhadat_1592125367_e4cU.jpg&quot;/&gt;&lt;/a&gt;                                &lt;span class=&quot;masotin&quot;&gt;MST: 4297462&lt;/span&gt;                                &lt;/div&gt;       &lt;div class=&quot;text_nhadatban&quot;&gt;                                &lt;div class=&quot;info_nhadatban&quot;&gt;                                    &lt;ul&gt;                                    &lt;li&gt;&lt;span class=&quot;datetime&quot;&gt;Cập nhật &lt;span class=&quot;timecolor&quot;&gt;9 giờ, 46 phút trước&lt;/span&gt;&lt;/span&gt;&lt;/li&gt;                                    &lt;li&gt;Diện tích: &lt;span class=&quot;saleboldtext&quot;&gt;45 m2&lt;/span&gt;&lt;/li&gt;                                    &lt;li&gt;Khu vực: &lt;span class=&quot;saleboldtext&quot;&gt;Quận Thanh Xuân, Hà Nội&lt;/span&gt;&lt;/li&gt;                                &lt;/ul&gt;                                &lt;/div&gt;                                &lt;div class=&quot;contact_nhadatban&quot;&gt;                                    &lt;ul&gt;          &lt;li&gt;           &lt;span id=&quot;luu_4297462&quot;&gt;&lt;a class=&quot;bt_save&quot; href=&quot;javascript:void(0)&quot; onclick=&quot;UpdateListingListRV(0,4297462)&quot; title=&quot;Lưu tin này vào trong danh sách các nhà đất bạn quan tâm,để bạn có thể tiện theo dõi&quot;/&gt;&lt;/span&gt;          &lt;/li&gt;          &lt;li class=&quot;gia&quot;&gt;&lt;strong class=&quot;camcam&quot;&gt;3.98 Tỷ&lt;/strong&gt;&lt;/li&gt;         &lt;/ul&gt;                                &lt;/div&gt;                            &lt;/div&gt;                            &lt;div class=&quot;description_nhadatban&quot;&gt;                                Bán nhà mới, ở ngay tại phố Vũ Tông Phan, phường Khương Đình, quận Thanh Xuân với các thông số sau:+ Nhà được xây thiết kế 5 tầng thoáng sáng, hiện đại, khung cột rất chắc chắn, mỗi tầng 2 phòng và cầu thang giữa.+ Nội thất đã có ...                            &lt;/div&gt;                        &lt;/div&gt;" SourceIndex="2057" TableNum="0" TextLen="315" order="70" xPath="/html[1]/body[1]/div[1]/div[4]/div[1]/div[1]/div[13]/div[7]/div[2]"/>
</LayoutNode>
<LayoutNode BgColor="#ffffff" ContainImg="1" ContainP="0" ContainTable="false" DOMCldNum="5" DoC="5" FontSize="13" FontWeight="normal" FormNum="0" FormSize="0" FrameSourceIndex="0" ID="1-18" InteractionNum="0" InteractionSize="0" IsImg="false" LinkNum="6" LinkTextLen="75" ObjectRectHeight="184" ObjectRectLeft="0" ObjectRectTop="4492" ObjectRectWidth="1420" OptionNum="0" OptionTextLength="0" ParaNum="0" SourceIndex="2114" TableNum="0" TextLen="389" order="71">
<LayoutNode BgColor="#ffffff" ContainImg="0" ContainP="0" ContainTable="false" Content="Bán Nhà Phân Lô Hoàng Văn Thái - Ô tô Vào Nhà - 47m2 x 4 tầng - Giá 5 tỷ 3. " DOMCldNum="5" DoC="5" FontSize="13" FontWeight="normal" FormNum="0" FormSize="0" FrameSourceIndex="0" ID="1-18-1" InteractionNum="0" InteractionSize="0" IsImg="false" LinkNum="2" LinkTextLen="75" ObjectHeight="21" ObjectRectHeight="35" ObjectRectLeft="0" ObjectRectTop="4492" ObjectRectWidth="1420" ObjectWidth="668" ObjectX="221" ObjectY="4506" OptionNum="0" OptionTextLength="0" ParaNum="0" SRC="&lt;div xmlns=&quot;http://www.w3.org/1999/xhtml&quot; class=&quot;tit_nhadatban&quot;&gt;                            &lt;h4&gt;&lt;a href=&quot;http://123nhadat.vn/raovat-t4297484/ban-nha-rieng-tai-pho-hoang-van-thai/phan-lo-o-to-vao-47m2-x-4-tang-gia-5-ty-3.html&quot; title=&quot;Bán Nhà Phân Lô Hoàng Văn Thái - Ô tô Vào Nhà - 47m2 x 4 tầng - Giá 5 tỷ 3.&quot;&gt;Bán Nhà Phân Lô Hoàng Văn Thái - Ô tô Vào Nhà - 47m2 x 4 tầng - Giá 5 tỷ 3.&lt;/a&gt;&lt;/h4&gt;                        &lt;/div&gt;" SourceIndex="2116" TableNum="0" TextLen="75" order="72" xPath="/html[1]/body[1]/div[1]/div[4]/div[1]/div[1]/div[13]/div[8]/div[1]"/>
<LayoutNode BgColor="#ffffff" ContainImg="1" ContainP="0" ContainTable="false" Content="Cập nhật 9 giờ, 46 phút trước Diện tích: 47 m2 Khu vực: Quận Thanh Xuân, Hà Nội 5.3 Tỷ Bán nhà phố Hoàng Văn Thái, phường Khương Mai, quận Thanh Xuân, Hà Nội+ Nhà phân lô, khu Vip của Lê Trọng Tấn, tập trung nhiều cán bộ công chức, dân trí cao, vị trí đẹp, thông các ngả đường, đi đâu cũng tiện.+ Ngõ rộng như đường l... " DOMCldNum="5" DoC="8" FontSize="13" FontWeight="normal" FormNum="0" FormSize="0" FrameSourceIndex="0" ID="1-18-2" InteractionNum="0" InteractionSize="0" IsImg="false" LinkNum="4" LinkTextLen="0" ObjectHeight="135" ObjectRectHeight="135" ObjectRectLeft="0" ObjectRectTop="4541" ObjectRectWidth="1420" ObjectWidth="668" ObjectX="221" ObjectY="4541" OptionNum="0" OptionTextLength="0" ParaNum="0" SRC="&lt;div xmlns=&quot;http://www.w3.org/1999/xhtml&quot; class=&quot;detail_nhadatban&quot;&gt;                            &lt;div class=&quot;img_nhadatban&quot;&gt;                                &lt;a href=&quot;http://123nhadat.vn/raovat-t4297484/ban-nha-rieng-tai-pho-hoang-van-thai/phan-lo-o-to-vao-47m2-x-4-tang-gia-5-ty-3.html&quot;&gt;&lt;img alt=&quot;Bán Nhà Phân Lô Hoàng Văn Thái - Ô tô Vào Nhà - 47m2 x 4 tầng - Giá 5 tỷ 3.&quot; src=&quot;http://123nhadat.vn/thumbs/155x112/raovat/nhadat_1592193332_45Eq.jpg&quot;/&gt;&lt;/a&gt;                                &lt;span class=&quot;masotin&quot;&gt;MST: 4297484&lt;/span&gt;                                &lt;/div&gt;       &lt;div class=&quot;text_nhadatban&quot;&gt;                                &lt;div class=&quot;info_nhadatban&quot;&gt;                                    &lt;ul&gt;                                    &lt;li&gt;&lt;span class=&quot;datetime&quot;&gt;Cập nhật &lt;span class=&quot;timecolor&quot;&gt;9 giờ, 46 phút trước&lt;/span&gt;&lt;/span&gt;&lt;/li&gt;                                    &lt;li&gt;Diện tích: &lt;span class=&quot;saleboldtext&quot;&gt;47 m2&lt;/span&gt;&lt;/li&gt;                                    &lt;li&gt;Khu vực: &lt;span class=&quot;saleboldtext&quot;&gt;Quận Thanh Xuân, Hà Nội&lt;/span&gt;&lt;/li&gt;                                &lt;/ul&gt;                                &lt;/div&gt;                                &lt;div class=&quot;contact_nhadatban&quot;&gt;                                    &lt;ul&gt;          &lt;li&gt;           &lt;span id=&quot;luu_4297484&quot;&gt;&lt;a class=&quot;bt_save&quot; href=&quot;javascript:void(0)&quot; onclick=&quot;UpdateListingListRV(0,4297484)&quot; title=&quot;Lưu tin này vào trong danh sách các nhà đất bạn quan tâm,để bạn có thể tiện theo dõi&quot;/&gt;&lt;/span&gt;          &lt;/li&gt;          &lt;li class=&quot;gia&quot;&gt;&lt;strong class=&quot;camcam&quot;&gt;5.3 Tỷ&lt;/strong&gt;&lt;/li&gt;         &lt;/ul&gt;                                &lt;/div&gt;                            &lt;/div&gt;                            &lt;div class=&quot;description_nhadatban&quot;&gt;                                Bán nhà phố Hoàng Văn Thái, phường Khương Mai, quận Thanh Xuân, Hà Nội+ Nhà phân lô, khu Vip của Lê Trọng Tấn, tập trung nhiều cán bộ công chức, dân trí cao, vị trí đẹp, thông các ngả đường, đi đâu cũng tiện.+ Ngõ rộng như đường l...                            &lt;/div&gt;                        &lt;/div&gt;" SourceIndex="2123" TableNum="0" TextLen="314" order="73" xPath="/html[1]/body[1]/div[1]/div[4]/div[1]/div[1]/div[13]/div[8]/div[2]"/>
</LayoutNode>
<LayoutNode BgColor="#ffffff" ContainImg="1" ContainP="0" ContainTable="false" DOMCldNum="5" DoC="5" FontSize="13" FontWeight="normal" FormNum="0" FormSize="0" FrameSourceIndex="0" ID="1-19" InteractionNum="0" InteractionSize="0" IsImg="false" LinkNum="6" LinkTextLen="75" ObjectRectHeight="184" ObjectRectLeft="0" ObjectRectTop="4708" ObjectRectWidth="1420" OptionNum="0" OptionTextLength="0" ParaNum="0" SourceIndex="2180" TableNum="0" TextLen="390" order="74">
<LayoutNode BgColor="#ffffff" ContainImg="0" ContainP="0" ContainTable="false" Content="Bán Nhà Đẹp Có Nội Thất - Thanh Xuân. 35m2 x 7T ( Thông sàn ). Giá 4 tỷ 25. " DOMCldNum="5" DoC="5" FontSize="13" FontWeight="normal" FormNum="0" FormSize="0" FrameSourceIndex="0" ID="1-19-1" InteractionNum="0" InteractionSize="0" IsImg="false" LinkNum="2" LinkTextLen="75" ObjectHeight="21" ObjectRectHeight="35" ObjectRectLeft="0" ObjectRectTop="4708" ObjectRectWidth="1420" ObjectWidth="668" ObjectX="221" ObjectY="4722" OptionNum="0" OptionTextLength="0" ParaNum="0" SRC="&lt;div xmlns=&quot;http://www.w3.org/1999/xhtml&quot; class=&quot;tit_nhadatban&quot;&gt;                            &lt;h4&gt;&lt;a href=&quot;http://123nhadat.vn/raovat-t4298097/ban-nha-rieng-tai-pho-quan-nhan/dep-co-noi-that-thanh-xuan-35m2-x-7t-thong-san-gia-4-ty-25.html&quot; title=&quot;Bán Nhà Đẹp Có Nội Thất - Thanh Xuân. 35m2 x 7T ( Thông sàn ). Giá 4 tỷ 25.&quot;&gt;Bán Nhà Đẹp Có Nội Thất - Thanh Xuân. 35m2 x 7T ( Thông sàn ). Giá 4 tỷ 25.&lt;/a&gt;&lt;/h4&gt;                        &lt;/div&gt;" SourceIndex="2182" TableNum="0" TextLen="75" order="75" xPath="/html[1]/body[1]/div[1]/div[4]/div[1]/div[1]/div[13]/div[9]/div[1]"/>
<LayoutNode BgColor="#ffffff" ContainImg="1" ContainP="0" ContainTable="false" Content="Cập nhật 9 giờ, 46 phút trước Diện tích: 35 m2 Khu vực: Quận Thanh Xuân, Hà Nội 4.25 Tỷ Bán nhà đẹp tặng nội thất, phường Nhân Chính, quận Thanh Xuân, Hà Nội.+ Nhà nằm tại vị trí trung tâm quận Thanh Xuân - Đống Đa - Cầu Giấy, giao thông thuận tiện đi lại dễ dàng. Xungquanh có nhiều tiện ích như: Trung tâm Thương mại... " DOMCldNum="5" DoC="8" FontSize="13" FontWeight="normal" FormNum="0" FormSize="0" FrameSourceIndex="0" ID="1-19-2" InteractionNum="0" InteractionSize="0" IsImg="false" LinkNum="4" LinkTextLen="0" ObjectHeight="135" ObjectRectHeight="135" ObjectRectLeft="0" ObjectRectTop="4757" ObjectRectWidth="1420" ObjectWidth="668" ObjectX="221" ObjectY="4757" OptionNum="0" OptionTextLength="0" ParaNum="0" SRC="&lt;div xmlns=&quot;http://www.w3.org/1999/xhtml&quot; class=&quot;detail_nhadatban&quot;&gt;                            &lt;div class=&quot;img_nhadatban&quot;&gt;                                &lt;a href=&quot;http://123nhadat.vn/raovat-t4298097/ban-nha-rieng-tai-pho-quan-nhan/dep-co-noi-that-thanh-xuan-35m2-x-7t-thong-san-gia-4-ty-25.html&quot;&gt;&lt;img alt=&quot;Bán Nhà Đẹp Có Nội Thất - Thanh Xuân. 35m2 x 7T ( Thông sàn ). Giá 4 tỷ 25.&quot; src=&quot;http://123nhadat.vn/thumbs/155x112/raovat/nhadat_1592930242_uLwa.jpg&quot;/&gt;&lt;/a&gt;                                &lt;span class=&quot;masotin&quot;&gt;MST: 4298097&lt;/span&gt;                                &lt;/div&gt;       &lt;div class=&quot;text_nhadatban&quot;&gt;                                &lt;div class=&quot;info_nhadatban&quot;&gt;                                    &lt;ul&gt;                                    &lt;li&gt;&lt;span class=&quot;datetime&quot;&gt;Cập nhật &lt;span class=&quot;timecolor&quot;&gt;9 giờ, 46 phút trước&lt;/span&gt;&lt;/span&gt;&lt;/li&gt;                                    &lt;li&gt;Diện tích: &lt;span class=&quot;saleboldtext&quot;&gt;35 m2&lt;/span&gt;&lt;/li&gt;                                    &lt;li&gt;Khu vực: &lt;span class=&quot;saleboldtext&quot;&gt;Quận Thanh Xuân, Hà Nội&lt;/span&gt;&lt;/li&gt;                                &lt;/ul&gt;                                &lt;/div&gt;                                &lt;div class=&quot;contact_nhadatban&quot;&gt;                                    &lt;ul&gt;          &lt;li&gt;           &lt;span id=&quot;luu_4298097&quot;&gt;&lt;a class=&quot;bt_save&quot; href=&quot;javascript:void(0)&quot; onclick=&quot;UpdateListingListRV(0,4298097)&quot; title=&quot;Lưu tin này vào trong danh sách các nhà đất bạn quan tâm,để bạn có thể tiện theo dõi&quot;/&gt;&lt;/span&gt;          &lt;/li&gt;          &lt;li class=&quot;gia&quot;&gt;&lt;strong class=&quot;camcam&quot;&gt;4.25 Tỷ&lt;/strong&gt;&lt;/li&gt;         &lt;/ul&gt;                                &lt;/div&gt;                            &lt;/div&gt;                            &lt;div class=&quot;description_nhadatban&quot;&gt;                                Bán nhà đẹp tặng nội thất, phường Nhân Chính, quận Thanh Xuân, Hà Nội.+ Nhà nằm tại vị trí trung tâm quận Thanh Xuân - Đống Đa - Cầu Giấy, giao thông thuận tiện đi lại dễ dàng. Xungquanh có nhiều tiện ích như: Trung tâm Thương mại...                            &lt;/div&gt;                        &lt;/div&gt;" SourceIndex="2189" TableNum="0" TextLen="315" order="76" xPath="/html[1]/body[1]/div[1]/div[4]/div[1]/div[1]/div[13]/div[9]/div[2]"/>
</LayoutNode>
<LayoutNode BgColor="#ffffff" ContainImg="1" ContainP="0" ContainTable="false" DOMCldNum="5" DoC="5" FontSize="13" FontWeight="normal" FormNum="0" FormSize="0" FrameSourceIndex="0" ID="1-20" InteractionNum="0" InteractionSize="0" IsImg="false" LinkNum="6" LinkTextLen="135" ObjectRectHeight="205" ObjectRectLeft="0" ObjectRectTop="4924" ObjectRectWidth="1420" OptionNum="0" OptionTextLength="0" ParaNum="0" SourceIndex="2246" TableNum="0" TextLen="454" order="77">
<LayoutNode BgColor="#ffffff" ContainImg="0" ContainP="0" ContainTable="false" Content="NHÀ 40M2, 4 TẦNG, CÁCH Ô TÔ 30M, VỊ TRÍ ĐỦ TIỆN ÍCH, NHÀ ĐẸP, BÁN GẤP ĐỢT DỊCH, GIÁ HẠ CÒN 2.55 TỶ, QUÁ RẺ. PHỐ VŨ TÔNG PHAN. 0327930112 " DOMCldNum="5" DoC="5" FontSize="13" FontWeight="normal" FormNum="0" FormSize="0" FrameSourceIndex="0" ID="1-20-1" InteractionNum="0" InteractionSize="0" IsImg="false" LinkNum="2" LinkTextLen="135" ObjectHeight="42" ObjectRectHeight="56" ObjectRectLeft="0" ObjectRectTop="4924" ObjectRectWidth="1420" ObjectWidth="668" ObjectX="221" ObjectY="4938" OptionNum="0" OptionTextLength="0" ParaNum="0" SRC="&lt;div xmlns=&quot;http://www.w3.org/1999/xhtml&quot; class=&quot;tit_nhadatban&quot;&gt;                            &lt;h4&gt;&lt;a href=&quot;http://123nhadat.vn/raovat-t4298049/ban-nha-rieng-tai-duong-bui-xuong-trach/40m2-4-tang-cach-o-to-30m-vi-tri-du-tien-ich-dep-gap-dot-dich-gia-ha-con-255-ty-qua-re-pho-vu-tong-phan-0327930112.html&quot; title=&quot;NHÀ 40M2, 4 TẦNG, CÁCH Ô TÔ 30M, VỊ TRÍ ĐỦ TIỆN ÍCH, NHÀ ĐẸP, BÁN GẤP ĐỢT DỊCH, GIÁ HẠ CÒN 2.55 TỶ, QUÁ RẺ. PHỐ VŨ TÔNG PHAN. 0327930112&quot;&gt;NHÀ 40M2, 4 TẦNG, CÁCH Ô TÔ 30M, VỊ TRÍ ĐỦ TIỆN ÍCH, NHÀ ĐẸP, BÁN GẤP ĐỢT DỊCH, GIÁ HẠ CÒN 2.55 TỶ, QUÁ RẺ. PHỐ VŨ TÔNG PHAN. 0327930112&lt;/a&gt;&lt;/h4&gt;                        &lt;/div&gt;" SourceIndex="2248" TableNum="0" TextLen="135" order="78" xPath="/html[1]/body[1]/div[1]/div[4]/div[1]/div[1]/div[13]/div[10]/div[1]"/>
<LayoutNode BgColor="#ffffff" ContainImg="1" ContainP="0" ContainTable="false" Content="Cập nhật 1 ngày, 7 giờ trước Diện tích: 40 m2 Khu vực: Quận Thanh Xuân, Hà Nội 2650000 Triệu NHÀ 40M2, 4 TẦNG, CÁCH Ô TÔ 30M, VỊ TRÍ ĐỦ TIỆN ÍCH, NHÀ ĐẸP, BÁN GẤP ĐỢT DỊCH, GIÁ HẠ CÒN 2.55 TỶ, QUÁ RẺ. PHỐ VŨ TÔNG PHAN. 0327930112- Nhà thuộc ngõ lớn của Vũ Tông Phan, thông sang phố Bùi Xương Trạch, gần hồ sinh thái, giao t... " DOMCldNum="5" DoC="8" FontSize="13" FontWeight="normal" FormNum="0" FormSize="0" FrameSourceIndex="0" ID="1-20-2" InteractionNum="0" InteractionSize="0" IsImg="false" LinkNum="4" LinkTextLen="0" ObjectHeight="135" ObjectRectHeight="135" ObjectRectLeft="0" ObjectRectTop="4994" ObjectRectWidth="1420" ObjectWidth="668" ObjectX="221" ObjectY="4994" OptionNum="0" OptionTextLength="0" ParaNum="0" SRC="&lt;div xmlns=&quot;http://www.w3.org/1999/xhtml&quot; class=&quot;detail_nhadatban&quot;&gt;                            &lt;div class=&quot;img_nhadatban&quot;&gt;                                &lt;a href=&quot;http://123nhadat.vn/raovat-t4298049/ban-nha-rieng-tai-duong-bui-xuong-trach/40m2-4-tang-cach-o-to-30m-vi-tri-du-tien-ich-dep-gap-dot-dich-gia-ha-con-255-ty-qua-re-pho-vu-tong-phan-0327930112.html&quot;&gt;&lt;img alt=&quot;NHÀ 40M2, 4 TẦNG, CÁCH Ô TÔ 30M, VỊ TRÍ ĐỦ TIỆN ÍCH, NHÀ ĐẸP, BÁN GẤP ĐỢT DỊCH, GIÁ HẠ CÒN 2.55 TỶ, QUÁ RẺ. PHỐ VŨ TÔNG PHAN. 0327930112&quot; src=&quot;http://123nhadat.vn/thumbs/155x112/raovat/nhadat_1592896606_RXQI.jpg&quot;/&gt;&lt;/a&gt;                                &lt;span class=&quot;masotin&quot;&gt;MST: 4298049&lt;/span&gt;                                &lt;/div&gt;       &lt;div class=&quot;text_nhadatban&quot;&gt;                                &lt;div class=&quot;info_nhadatban&quot;&gt;                                    &lt;ul&gt;                                    &lt;li&gt;&lt;span class=&quot;datetime&quot;&gt;Cập nhật &lt;span class=&quot;timecolor&quot;&gt;1 ngày, 7 giờ trước&lt;/span&gt;&lt;/span&gt;&lt;/li&gt;                                    &lt;li&gt;Diện tích: &lt;span class=&quot;saleboldtext&quot;&gt;40 m2&lt;/span&gt;&lt;/li&gt;                                    &lt;li&gt;Khu vực: &lt;span class=&quot;saleboldtext&quot;&gt;Quận Thanh Xuân, Hà Nội&lt;/span&gt;&lt;/li&gt;                                &lt;/ul&gt;                                &lt;/div&gt;                                &lt;div class=&quot;contact_nhadatban&quot;&gt;                                    &lt;ul&gt;          &lt;li&gt;           &lt;span id=&quot;luu_4298049&quot;&gt;&lt;a class=&quot;bt_save&quot; href=&quot;javascript:void(0)&quot; onclick=&quot;UpdateListingListRV(0,4298049)&quot; title=&quot;Lưu tin này vào trong danh sách các nhà đất bạn quan tâm,để bạn có thể tiện theo dõi&quot;/&gt;&lt;/span&gt;          &lt;/li&gt;          &lt;li class=&quot;gia&quot;&gt;&lt;strong class=&quot;camcam&quot;&gt;2650000 Triệu&lt;/strong&gt;&lt;/li&gt;         &lt;/ul&gt;                                &lt;/div&gt;                            &lt;/div&gt;                            &lt;div class=&quot;description_nhadatban&quot;&gt;                                NHÀ 40M2, 4 TẦNG, CÁCH Ô TÔ 30M, VỊ TRÍ ĐỦ TIỆN ÍCH, NHÀ ĐẸP, BÁN GẤP ĐỢT DỊCH, GIÁ HẠ CÒN 2.55 TỶ, QUÁ RẺ. PHỐ VŨ TÔNG PHAN. 0327930112- Nhà thuộc ngõ lớn của Vũ Tông Phan, thông sang phố Bùi Xương Trạch, gần hồ sinh thái, giao t...                            &lt;/div&gt;                        &lt;/div&gt;" SourceIndex="2255" TableNum="0" TextLen="319" order="79" xPath="/html[1]/body[1]/div[1]/div[4]/div[1]/div[1]/div[13]/div[10]/div[2]"/>
</LayoutNode>
<LayoutNode BgColor="#ffffff" ContainImg="1" ContainP="0" ContainTable="false" DOMCldNum="5" DoC="5" FontSize="13" FontWeight="normal" FormNum="0" FormSize="0" FrameSourceIndex="0" ID="1-21" InteractionNum="0" InteractionSize="0" IsImg="false" LinkNum="6" LinkTextLen="66" ObjectRectHeight="184" ObjectRectLeft="0" ObjectRectTop="5161" ObjectRectWidth="1420" OptionNum="0" OptionTextLength="0" ParaNum="0" SourceIndex="2312" TableNum="0" TextLen="379" order="80">
<LayoutNode BgColor="#ffffff" ContainImg="0" ContainP="0" ContainTable="false" Content="BÁN NHÀ ĐẸP KHƯƠNG ĐÌNH - THANH XUÂN GẦN HỒ RỘNG 30m 3 TẦNG 1.9 TỶ " DOMCldNum="5" DoC="5" FontSize="13" FontWeight="normal" FormNum="0" FormSize="0" FrameSourceIndex="0" ID="1-21-1" InteractionNum="0" InteractionSize="0" IsImg="false" LinkNum="2" LinkTextLen="66" ObjectHeight="21" ObjectRectHeight="35" ObjectRectLeft="0" ObjectRectTop="5161" ObjectRectWidth="1420" ObjectWidth="668" ObjectX="221" ObjectY="5175" OptionNum="0" OptionTextLength="0" ParaNum="0" SRC="&lt;div xmlns=&quot;http://www.w3.org/1999/xhtml&quot; class=&quot;tit_nhadatban&quot;&gt;                            &lt;h4&gt;&lt;a href=&quot;http://123nhadat.vn/raovat-t4298045/ban-nha-rieng-tai-phuong-khuong-dinh/dep-thanh-xuan-gan-ho-rong-30m-3-tang-19-ty.html&quot; title=&quot;BÁN NHÀ ĐẸP KHƯƠNG ĐÌNH - THANH XUÂN GẦN HỒ RỘNG 30m 3 TẦNG 1.9 TỶ &quot;&gt;BÁN NHÀ ĐẸP KHƯƠNG ĐÌNH - THANH XUÂN GẦN HỒ RỘNG 30m 3 TẦNG 1.9 TỶ &lt;/a&gt;&lt;/h4&gt;                        &lt;/div&gt;" SourceIndex="2314" TableNum="0" TextLen="66" order="81" xPath="/html[1]/body[1]/div[1]/div[4]/div[1]/div[1]/div[13]/div[11]/div[1]"/>
<LayoutNode BgColor="#ffffff" ContainImg="1" ContainP="0" ContainTable="false" Content="Cập nhật 1 ngày, 9 giờ trước Diện tích: 30 m2 Khu vực: Quận Thanh Xuân, Hà Nội 1.9 Tỷ + Vị trí đẹp, mặt ngõ thoáng mát, sạch sẽ, yên tĩnh, giao thông thuận tiện, cách phố chính 60m, gần hồ lớn. Cách ngã tư sở 10p đi xe.+ Nhà mới, có sẵn nội thất cao cấp đẹp, ưng ngay từ cái nhìn đầu tiên.+ Nhà 3 tầng x mặt tiền 3.3... " DOMCldNum="5" DoC="8" FontSize="13" FontWeight="normal" FormNum="0" FormSize="0" FrameSourceIndex="0" ID="1-21-2" InteractionNum="0" InteractionSize="0" IsImg="false" LinkNum="4" LinkTextLen="0" ObjectHeight="135" ObjectRectHeight="135" ObjectRectLeft="0" ObjectRectTop="5210" ObjectRectWidth="1420" ObjectWidth="668" ObjectX="221" ObjectY="5210" OptionNum="0" OptionTextLength="0" ParaNum="0" SRC="&lt;div xmlns=&quot;http://www.w3.org/1999/xhtml&quot; class=&quot;detail_nhadatban&quot;&gt;                            &lt;div class=&quot;img_nhadatban&quot;&gt;                                &lt;a href=&quot;http://123nhadat.vn/raovat-t4298045/ban-nha-rieng-tai-phuong-khuong-dinh/dep-thanh-xuan-gan-ho-rong-30m-3-tang-19-ty.html&quot;&gt;&lt;img alt=&quot;BÁN NHÀ ĐẸP KHƯƠNG ĐÌNH - THANH XUÂN GẦN HỒ RỘNG 30m 3 TẦNG 1.9 TỶ &quot; src=&quot;http://123nhadat.vn/thumbs/155x112/raovat/nhadat_1592891869_J4Po.jpg&quot;/&gt;&lt;/a&gt;                                &lt;span class=&quot;masotin&quot;&gt;MST: 4298045&lt;/span&gt;                                &lt;/div&gt;       &lt;div class=&quot;text_nhadatban&quot;&gt;                                &lt;div class=&quot;info_nhadatban&quot;&gt;                                    &lt;ul&gt;                                    &lt;li&gt;&lt;span class=&quot;datetime&quot;&gt;Cập nhật &lt;span class=&quot;timecolor&quot;&gt;1 ngày, 9 giờ trước&lt;/span&gt;&lt;/span&gt;&lt;/li&gt;                                    &lt;li&gt;Diện tích: &lt;span class=&quot;saleboldtext&quot;&gt;30 m2&lt;/span&gt;&lt;/li&gt;                                    &lt;li&gt;Khu vực: &lt;span class=&quot;saleboldtext&quot;&gt;Quận Thanh Xuân, Hà Nội&lt;/span&gt;&lt;/li&gt;                                &lt;/ul&gt;                                &lt;/div&gt;                                &lt;div class=&quot;contact_nhadatban&quot;&gt;                                    &lt;ul&gt;          &lt;li&gt;           &lt;span id=&quot;luu_4298045&quot;&gt;&lt;a class=&quot;bt_save&quot; href=&quot;javascript:void(0)&quot; onclick=&quot;UpdateListingListRV(0,4298045)&quot; title=&quot;Lưu tin này vào trong danh sách các nhà đất bạn quan tâm,để bạn có thể tiện theo dõi&quot;/&gt;&lt;/span&gt;          &lt;/li&gt;          &lt;li class=&quot;gia&quot;&gt;&lt;strong class=&quot;camcam&quot;&gt;1.9 Tỷ&lt;/strong&gt;&lt;/li&gt;         &lt;/ul&gt;                                &lt;/div&gt;                            &lt;/div&gt;                            &lt;div class=&quot;description_nhadatban&quot;&gt;                                + Vị trí đẹp, mặt ngõ thoáng mát, sạch sẽ, yên tĩnh, giao thông thuận tiện, cách phố chính 60m, gần hồ lớn. Cách ngã tư sở 10p đi xe.+ Nhà mới, có sẵn nội thất cao cấp đẹp, ưng ngay từ cái nhìn đầu tiên.+ Nhà 3 tầng x mặt tiền 3.3...                            &lt;/div&gt;                        &lt;/div&gt;" SourceIndex="2321" TableNum="0" TextLen="313" order="82" xPath="/html[1]/body[1]/div[1]/div[4]/div[1]/div[1]/div[13]/div[11]/div[2]"/>
</LayoutNode>
<LayoutNode BgColor="#ffffff" ContainImg="1" ContainP="0" ContainTable="false" DOMCldNum="5" DoC="5" FontSize="13" FontWeight="normal" FormNum="0" FormSize="0" FrameSourceIndex="0" ID="1-22" InteractionNum="0" InteractionSize="0" IsImg="false" LinkNum="6" LinkTextLen="45" ObjectRectHeight="184" ObjectRectLeft="0" ObjectRectTop="5377" ObjectRectWidth="1420" OptionNum="0" OptionTextLength="0" ParaNum="0" SourceIndex="2378" TableNum="0" TextLen="366" order="83">
<LayoutNode BgColor="#ffffff" ContainImg="0" ContainP="0" ContainTable="false" Content="Kim Giang lô góc bán gấp 35m2 5 tầng,ngõ ô tô " DOMCldNum="5" DoC="5" FontSize="13" FontWeight="normal" FormNum="0" FormSize="0" FrameSourceIndex="0" ID="1-22-1" InteractionNum="0" InteractionSize="0" IsImg="false" LinkNum="2" LinkTextLen="45" ObjectHeight="21" ObjectRectHeight="35" ObjectRectLeft="0" ObjectRectTop="5377" ObjectRectWidth="1420" ObjectWidth="668" ObjectX="221" ObjectY="5391" OptionNum="0" OptionTextLength="0" ParaNum="0" SRC="&lt;div xmlns=&quot;http://www.w3.org/1999/xhtml&quot; class=&quot;tit_nhadatban&quot;&gt;                            &lt;h4&gt;&lt;a href=&quot;http://123nhadat.vn/raovat-t4298017/ban-nha-rieng-tai-alphanam-king-place/kim-giang-lo-goc-gap-35m2-5-tangngo-o-to.html&quot; title=&quot;Kim Giang lô góc bán gấp 35m2 5 tầng,ngõ ô tô&quot;&gt;Kim Giang lô góc bán gấp 35m2 5 tầng,ngõ ô tô&lt;/a&gt;&lt;/h4&gt;                        &lt;/div&gt;" SourceIndex="2380" TableNum="0" TextLen="45" order="84" xPath="/html[1]/body[1]/div[1]/div[4]/div[1]/div[1]/div[13]/div[12]/div[1]"/>
<LayoutNode BgColor="#ffffff" ContainImg="1" ContainP="0" ContainTable="false" Content="Cập nhật 1 ngày, 20 giờ trước Diện tích: 35 m2 Khu vực: Quận Thanh Xuân, Hà Nội 2500000 Triệu Diện tích 35m2,5 tầng, giá chào 2.5 tỷ, nhà mới sửa sang sạch đẹp rộng rãi. Do nhu cầu không sử dụng tới nên bán lại cho hộ gia đình nào cần mua nhà.Nhà lô góc 2 mặt thoáng lại làm cửa kính hợp lý nên các phòng đều có ánh sang tự ... " DOMCldNum="5" DoC="8" FontSize="13" FontWeight="normal" FormNum="0" FormSize="0" FrameSourceIndex="0" ID="1-22-2" InteractionNum="0" InteractionSize="0" IsImg="false" LinkNum="4" LinkTextLen="0" ObjectHeight="135" ObjectRectHeight="135" ObjectRectLeft="0" ObjectRectTop="5426" ObjectRectWidth="1420" ObjectWidth="668" ObjectX="221" ObjectY="5426" OptionNum="0" OptionTextLength="0" ParaNum="0" SRC="&lt;div xmlns=&quot;http://www.w3.org/1999/xhtml&quot; class=&quot;detail_nhadatban&quot;&gt;                            &lt;div class=&quot;img_nhadatban&quot;&gt;                                &lt;a href=&quot;http://123nhadat.vn/raovat-t4298017/ban-nha-rieng-tai-alphanam-king-place/kim-giang-lo-goc-gap-35m2-5-tangngo-o-to.html&quot;&gt;&lt;img alt=&quot;Kim Giang lô góc bán gấp 35m2 5 tầng,ngõ ô tô&quot; src=&quot;http://123nhadat.vn/thumbs/155x112/raovat/nhadat_1592851119_INPV.jpg&quot;/&gt;&lt;/a&gt;                                &lt;span class=&quot;masotin&quot;&gt;MST: 4298017&lt;/span&gt;                                &lt;/div&gt;       &lt;div class=&quot;text_nhadatban&quot;&gt;                                &lt;div class=&quot;info_nhadatban&quot;&gt;                                    &lt;ul&gt;                                    &lt;li&gt;&lt;span class=&quot;datetime&quot;&gt;Cập nhật &lt;span class=&quot;timecolor&quot;&gt;1 ngày, 20 giờ trước&lt;/span&gt;&lt;/span&gt;&lt;/li&gt;                                    &lt;li&gt;Diện tích: &lt;span class=&quot;saleboldtext&quot;&gt;35 m2&lt;/span&gt;&lt;/li&gt;                                    &lt;li&gt;Khu vực: &lt;span class=&quot;saleboldtext&quot;&gt;Quận Thanh Xuân, Hà Nội&lt;/span&gt;&lt;/li&gt;                                &lt;/ul&gt;                                &lt;/div&gt;                                &lt;div class=&quot;contact_nhadatban&quot;&gt;                                    &lt;ul&gt;          &lt;li&gt;           &lt;span id=&quot;luu_4298017&quot;&gt;&lt;a class=&quot;bt_save&quot; href=&quot;javascript:void(0)&quot; onclick=&quot;UpdateListingListRV(0,4298017)&quot; title=&quot;Lưu tin này vào trong danh sách các nhà đất bạn quan tâm,để bạn có thể tiện theo dõi&quot;/&gt;&lt;/span&gt;          &lt;/li&gt;          &lt;li class=&quot;gia&quot;&gt;&lt;strong class=&quot;camcam&quot;&gt;2500000 Triệu&lt;/strong&gt;&lt;/li&gt;         &lt;/ul&gt;                                &lt;/div&gt;                            &lt;/div&gt;                            &lt;div class=&quot;description_nhadatban&quot;&gt;                                Diện tích 35m2,5 tầng, giá chào 2.5 tỷ, nhà mới sửa sang sạch đẹp rộng rãi. Do nhu cầu không sử dụng tới nên bán lại cho hộ gia đình nào cần mua nhà.Nhà lô góc 2 mặt thoáng lại làm cửa kính hợp lý nên các phòng đều có ánh sang tự ...                            &lt;/div&gt;                        &lt;/div&gt;" SourceIndex="2387" TableNum="0" TextLen="321" order="85" xPath="/html[1]/body[1]/div[1]/div[4]/div[1]/div[1]/div[13]/div[12]/div[2]"/>
</LayoutNode>
<LayoutNode BgColor="#5eab1f" ContainImg="0" ContainP="0" ContainTable="false" Content="NHÀ ĐẤT HÀ NỘI CÓ THỂ BẠN QUAN TÂM " DOMCldNum="5" DoC="5" FontSize="11" FontWeight="700" FormNum="0" FormSize="0" FrameSourceIndex="0" ID="1-23" InteractionNum="0" InteractionSize="0" IsImg="false" LinkNum="0" LinkTextLen="0" ObjectHeight="20" ObjectRectHeight="20" ObjectRectLeft="0" ObjectRectTop="5617" ObjectRectWidth="1420" ObjectWidth="560" ObjectX="215" ObjectY="5617" OptionNum="0" OptionTextLength="0" ParaNum="0" SRC="&lt;div xmlns=&quot;http://www.w3.org/1999/xhtml&quot; class=&quot;tit_C&quot;&gt;                        &lt;span class=&quot;icon_star_xanh&quot;/&gt;                        Nhà đất Hà Nội có thể bạn quan tâm                    &lt;/div&gt;" SourceIndex="2457" TableNum="0" TextLen="34" order="86" xPath="/html[1]/body[1]/div[1]/div[4]/div[1]/div[1]/div[14]/div[1]"/>
<LayoutNode BgColor="#ffffff" ContainImg="0" ContainP="0" ContainTable="false" Content="Nhà đất Quận Thanh XuânBán căn hộ chung cư Quận Thanh Xuân (46113)Bán nhà riêng Quận Thanh Xuân (30710)Bán nhà mặt phố Quận Thanh Xuân (6990)Bán đất Quận Thanh Xuân (4852)Bán biệt thự Quận Thanh Xuân (1299)Bán nhà phân lô Quận Thanh Xuân (474)Bán mặt bằng, cửa hàng Quận Thanh Xuân (207)Bán kho, nhà xưởng Quận Thanh Xuân (186)Bán đất nền dự án Quận Thanh Xuân (119)Bán trang trại,khu nghỉ dưỡng Quận Thanh Xuân (12)Bán khách sạn, nhà nghỉ Quận Thanh Xuân (7)Nhà đất bán Quận Thanh Xuân (1) Nhà đất bán tại Hà NộiBán căn hộ chung cư Hà Nội (414005)Bán nhà riêng Hà Nội (214845)Bán đất Hà Nội (86713)Bán nhà mặt phố Hà Nội (58408)Bán biệt thự Hà Nội (39818)Bán đất nền dự án Hà Nội (7518)Bán nhà phân lô Hà Nội (5971)Bán kho, nhà xưởng Hà Nội (2392)Bán mặt bằng, cửa hàng Hà Nội (2295)Bán trang trại,khu nghỉ dưỡng Hà Nội (936)Bán khách sạn, nhà nghỉ Hà Nội (170) " DOMCldNum="5" DoC="8" FontSize="13" FontWeight="normal" FormNum="0" FormSize="0" FrameSourceIndex="0" ID="1-24" InteractionNum="0" InteractionSize="0" IsImg="false" LinkNum="46" LinkTextLen="660" ObjectHeight="364" ObjectRectHeight="700" ObjectRectLeft="0" ObjectRectTop="5661" ObjectRectWidth="1420" ObjectWidth="320" ObjectX="261" ObjectY="5661" OptionNum="0" OptionTextLength="0" ParaNum="0" SRC="&lt;ul xmlns=&quot;http://www.w3.org/1999/xhtml&quot; class=&quot;banquantam&quot;&gt;                            &lt;li&gt;&lt;strong&gt;Nhà đất Quận Thanh Xuân&lt;/strong&gt;&lt;/li&gt;                                   &lt;li&gt;&lt;a href=&quot;http://123nhadat.vn/raovat-c6/ban-can-ho-chung-cu-tai-quan-thanh-xuan-27&quot; title=&quot;Ban can ho chung cu Quan Thanh Xuan&quot;&gt;Bán căn hộ chung cư Quận Thanh Xuân&lt;/a&gt; (&lt;span style=&quot;color:green&quot;&gt;46113&lt;/span&gt;)&lt;/li&gt;              &lt;li&gt;&lt;a href=&quot;http://123nhadat.vn/raovat-c8/ban-nha-rieng-tai-quan-thanh-xuan-27&quot; title=&quot;Ban nha rieng Quan Thanh Xuan&quot;&gt;Bán nhà riêng Quận Thanh Xuân&lt;/a&gt; (&lt;span style=&quot;color:green&quot;&gt;30710&lt;/span&gt;)&lt;/li&gt;              &lt;li&gt;&lt;a href=&quot;http://123nhadat.vn/raovat-c9/ban-nha-mat-pho-tai-quan-thanh-xuan-27&quot; title=&quot;Ban nha mat pho Quan Thanh Xuan&quot;&gt;Bán nhà mặt phố Quận Thanh Xuân&lt;/a&gt; (&lt;span style=&quot;color:green&quot;&gt;6990&lt;/span&gt;)&lt;/li&gt;              &lt;li&gt;&lt;a href=&quot;http://123nhadat.vn/raovat-c11/ban-dat-tai-quan-thanh-xuan-27&quot; title=&quot;Ban dat Quan Thanh Xuan&quot;&gt;Bán đất Quận Thanh Xuân&lt;/a&gt; (&lt;span style=&quot;color:green&quot;&gt;4852&lt;/span&gt;)&lt;/li&gt;              &lt;li&gt;&lt;a href=&quot;http://123nhadat.vn/raovat-c3/ban-biet-thu-trong-du-an-tai-quan-thanh-xuan-27&quot; title=&quot;Ban biet thu Quan Thanh Xuan&quot;&gt;Bán biệt thự Quận Thanh Xuân&lt;/a&gt; (&lt;span style=&quot;color:green&quot;&gt;1299&lt;/span&gt;)&lt;/li&gt;              &lt;li&gt;&lt;a href=&quot;http://123nhadat.vn/raovat-c10/ban-nha-phan-lo-tai-quan-thanh-xuan-27&quot; title=&quot;Ban nha phan lo Quan Thanh Xuan&quot;&gt;Bán nhà phân lô Quận Thanh Xuân&lt;/a&gt; (&lt;span style=&quot;color:green&quot;&gt;474&lt;/span&gt;)&lt;/li&gt;              &lt;li&gt;&lt;a href=&quot;http://123nhadat.vn/raovat-c15/ban-mat-bang-cua-hang-tai-quan-thanh-xuan-27&quot; title=&quot;Ban mat bang, cua hang Quan Thanh Xuan&quot;&gt;Bán mặt bằng, cửa hàng Quận Thanh Xuân&lt;/a&gt; (&lt;span style=&quot;color:green&quot;&gt;207&lt;/span&gt;)&lt;/li&gt;              &lt;li&gt;&lt;a href=&quot;http://123nhadat.vn/raovat-c13/ban-kho-nha-xuong-tai-quan-thanh-xuan-27&quot; title=&quot;Ban kho, nha xuong Quan Thanh Xuan&quot;&gt;Bán kho, nhà xưởng Quận Thanh Xuân&lt;/a&gt; (&lt;span style=&quot;color:green&quot;&gt;186&lt;/span&gt;)&lt;/li&gt;              &lt;li&gt;&lt;a href=&quot;http://123nhadat.vn/raovat-c5/ban-dat-nen-du-an-tai-quan-thanh-xuan-27&quot; title=&quot;Ban dat nen du an Quan Thanh Xuan&quot;&gt;Bán đất nền dự án Quận Thanh Xuân&lt;/a&gt; (&lt;span style=&quot;color:green&quot;&gt;119&lt;/span&gt;)&lt;/li&gt;              &lt;li&gt;&lt;a href=&quot;http://123nhadat.vn/raovat-c12/ban-trang-trai-khu-nghi-duong-tai-quan-thanh-xuan-27&quot; title=&quot;Ban trang trai,khu nghi duong Quan Thanh Xuan&quot;&gt;Bán trang trại,khu nghỉ dưỡng Quận Thanh Xuân&lt;/a&gt; (&lt;span style=&quot;color:green&quot;&gt;12&lt;/span&gt;)&lt;/li&gt;              &lt;li&gt;&lt;a href=&quot;http://123nhadat.vn/raovat-c14/ban-khach-san-nha-nghi-tai-quan-thanh-xuan-27&quot; title=&quot;Ban khach san, nha nghi Quan Thanh Xuan&quot;&gt;Bán khách sạn, nhà nghỉ Quận Thanh Xuân&lt;/a&gt; (&lt;span style=&quot;color:green&quot;&gt;7&lt;/span&gt;)&lt;/li&gt;              &lt;li&gt;&lt;a href=&quot;http://123nhadat.vn/raovat-c1/nha-dat-ban-tai-quan-thanh-xuan-27&quot; title=&quot;Nha dat ban Quan Thanh Xuan&quot;&gt;Nhà đất bán Quận Thanh Xuân&lt;/a&gt; (&lt;span style=&quot;color:green&quot;&gt;1&lt;/span&gt;)&lt;/li&gt;                               &lt;/ul&gt;&lt;ul xmlns=&quot;http://www.w3.org/1999/xhtml&quot; class=&quot;banquantam&quot;&gt;                            &lt;li&gt;&lt;strong&gt;Nhà đất bán tại Hà Nội&lt;/strong&gt;&lt;/li&gt;                                   &lt;li&gt;&lt;a href=&quot;http://123nhadat.vn/raovat-c6/ban-can-ho-chung-cu-tai-ha-noi-2&quot; title=&quot;Ban can ho chung cu Ha Noi&quot;&gt;Bán căn hộ chung cư Hà Nội&lt;/a&gt; (&lt;span style=&quot;color:green&quot;&gt;414005&lt;/span&gt;)&lt;/li&gt;               &lt;li&gt;&lt;a href=&quot;http://123nhadat.vn/raovat-c8/ban-nha-rieng-tai-ha-noi-2&quot; title=&quot;Ban nha rieng Ha Noi&quot;&gt;Bán nhà riêng Hà Nội&lt;/a&gt; (&lt;span style=&quot;color:green&quot;&gt;214845&lt;/span&gt;)&lt;/li&gt;               &lt;li&gt;&lt;a href=&quot;http://123nhadat.vn/raovat-c11/ban-dat-tai-ha-noi-2&quot; title=&quot;Ban dat Ha Noi&quot;&gt;Bán đất Hà Nội&lt;/a&gt; (&lt;span style=&quot;color:green&quot;&gt;86713&lt;/span&gt;)&lt;/li&gt;               &lt;li&gt;&lt;a href=&quot;http://123nhadat.vn/raovat-c9/ban-nha-mat-pho-tai-ha-noi-2&quot; title=&quot;Ban nha mat pho Ha Noi&quot;&gt;Bán nhà mặt phố Hà Nội&lt;/a&gt; (&lt;span style=&quot;color:green&quot;&gt;58408&lt;/span&gt;)&lt;/li&gt;               &lt;li&gt;&lt;a href=&quot;http://123nhadat.vn/raovat-c3/ban-biet-thu-trong-du-an-tai-ha-noi-2&quot; title=&quot;Ban biet thu Ha Noi&quot;&gt;Bán biệt thự Hà Nội&lt;/a&gt; (&lt;span style=&quot;color:green&quot;&gt;39818&lt;/span&gt;)&lt;/li&gt;               &lt;li&gt;&lt;a href=&quot;http://123nhadat.vn/raovat-c5/ban-dat-nen-du-an-tai-ha-noi-2&quot; title=&quot;Ban dat nen du an Ha Noi&quot;&gt;Bán đất nền dự án Hà Nội&lt;/a&gt; (&lt;span style=&quot;color:green&quot;&gt;7518&lt;/span&gt;)&lt;/li&gt;               &lt;li&gt;&lt;a href=&quot;http://123nhadat.vn/raovat-c10/ban-nha-phan-lo-tai-ha-noi-2&quot; title=&quot;Ban nha phan lo Ha Noi&quot;&gt;Bán nhà phân lô Hà Nội&lt;/a&gt; (&lt;span style=&quot;color:green&quot;&gt;5971&lt;/span&gt;)&lt;/li&gt;               &lt;li&gt;&lt;a href=&quot;http://123nhadat.vn/raovat-c13/ban-kho-nha-xuong-tai-ha-noi-2&quot; title=&quot;Ban kho, nha xuong Ha Noi&quot;&gt;Bán kho, nhà xưởng Hà Nội&lt;/a&gt; (&lt;span style=&quot;color:green&quot;&gt;2392&lt;/span&gt;)&lt;/li&gt;               &lt;li&gt;&lt;a href=&quot;http://123nhadat.vn/raovat-c15/ban-mat-bang-cua-hang-tai-ha-noi-2&quot; title=&quot;Ban mat bang, cua hang Ha Noi&quot;&gt;Bán mặt bằng, cửa hàng Hà Nội&lt;/a&gt; (&lt;span style=&quot;color:green&quot;&gt;2295&lt;/span&gt;)&lt;/li&gt;               &lt;li&gt;&lt;a href=&quot;http://123nhadat.vn/raovat-c12/ban-trang-trai-khu-nghi-duong-tai-ha-noi-2&quot; title=&quot;Ban trang trai,khu nghi duong Ha Noi&quot;&gt;Bán trang trại,khu nghỉ dưỡng Hà Nội&lt;/a&gt; (&lt;span style=&quot;color:green&quot;&gt;936&lt;/span&gt;)&lt;/li&gt;               &lt;li&gt;&lt;a href=&quot;http://123nhadat.vn/raovat-c14/ban-khach-san-nha-nghi-tai-ha-noi-2&quot; title=&quot;Ban khach san, nha nghi Ha Noi&quot;&gt;Bán khách sạn, nhà nghỉ Hà Nội&lt;/a&gt; (&lt;span style=&quot;color:green&quot;&gt;170&lt;/span&gt;)&lt;/li&gt;                                                                                                      &lt;/ul&gt;" SourceIndex="2464;2567" TableNum="0" TextLen="861" order="87" xPath="/html[1]/body[1]/div[1]/div[4]/div[1]/div[1]/div[14]/div[2]/ul[1]"/>
<LayoutNode BgColor="#ffffff" ContainImg="0" ContainP="0" ContainTable="false" Content="  Bán nhà riêng tại Hà Nội:Huyện Yên DũngHuyện Lạng GiangHuyện Phú XuyênHuyện Mỹ ĐứcHuyện Ứng HòaHuyện Phúc ThọHuyện Thanh OaiHuyện Ba VìHuyện Quốc OaiHuyện Thạch ThấtHuyện Thường TínHuyện Chương MỹThị xã Sơn TâyHuyện Sóc SơnHuyện Mê LinhHuyện Đan PhượngHuyện Đông AnhHuyện Gia LâmHuyện Hoài ĐứcQuận Bắc Từ LiêmHuyện Thanh TrìQuận Hoàn KiếmQuận Long BiênQuận Tây HồQuận Hai Bà TrưngHuyện Từ LiêmQuận Hà ĐôngQuận Ba ĐìnhQuận Hoàng MaiQuận Cầu GiấyQuận Đống Đa " DOMCldNum="3" DoC="8" FontSize="13" FontWeight="normal" FormNum="0" FormSize="0" FrameSourceIndex="0" ID="1-25" InteractionNum="0" InteractionSize="0" IsImg="false" LinkNum="62" LinkTextLen="431" ObjectHeight="130" ObjectRectHeight="130" ObjectRectLeft="0" ObjectRectTop="6417" ObjectRectWidth="1420" ObjectWidth="958" ObjectX="251" ObjectY="6417" OptionNum="0" OptionTextLength="0" ParaNum="0" SRC="&lt;ul xmlns=&quot;http://www.w3.org/1999/xhtml&quot;&gt;                    &lt;li&gt;  &lt;strong&gt;Bán nhà riêng tại Hà Nội:&lt;/strong&gt;&lt;/li&gt;                         &lt;li&gt;&lt;a href=&quot;http://123nhadat.vn/raovat-c8/ban-nha-rieng-tai-huyen-yen-dung-97&quot; title=&quot;Ban nha rieng Huyen Yen Dung&quot;&gt;Huyện Yên Dũng&lt;/a&gt;&lt;/li&gt;                         &lt;li&gt;&lt;a href=&quot;http://123nhadat.vn/raovat-c8/ban-nha-rieng-tai-huyen-lang-giang-93&quot; title=&quot;Ban nha rieng Huyen Lang Giang&quot;&gt;Huyện Lạng Giang&lt;/a&gt;&lt;/li&gt;                         &lt;li&gt;&lt;a href=&quot;http://123nhadat.vn/raovat-c8/ban-nha-rieng-tai-huyen-phu-xuyen-311&quot; title=&quot;Ban nha rieng Huyen Phu Xuyen&quot;&gt;Huyện Phú Xuyên&lt;/a&gt;&lt;/li&gt;                         &lt;li&gt;&lt;a href=&quot;http://123nhadat.vn/raovat-c8/ban-nha-rieng-tai-huyen-my-duc-309&quot; title=&quot;Ban nha rieng Huyen My Duc&quot;&gt;Huyện Mỹ Đức&lt;/a&gt;&lt;/li&gt;                         &lt;li&gt;&lt;a href=&quot;http://123nhadat.vn/raovat-c8/ban-nha-rieng-tai-huyen-ung-hoa-310&quot; title=&quot;Ban nha rieng Huyen Ung Hoa&quot;&gt;Huyện Ứng Hòa&lt;/a&gt;&lt;/li&gt;                         &lt;li&gt;&lt;a href=&quot;http://123nhadat.vn/raovat-c8/ban-nha-rieng-tai-huyen-phuc-tho-301&quot; title=&quot;Ban nha rieng Huyen Phuc Tho&quot;&gt;Huyện Phúc Thọ&lt;/a&gt;&lt;/li&gt;                         &lt;li&gt;&lt;a href=&quot;http://123nhadat.vn/raovat-c8/ban-nha-rieng-tai-huyen-thanh-oai-307&quot; title=&quot;Ban nha rieng Huyen Thanh Oai&quot;&gt;Huyện Thanh Oai&lt;/a&gt;&lt;/li&gt;                         &lt;li&gt;&lt;a href=&quot;http://123nhadat.vn/raovat-c8/ban-nha-rieng-tai-huyen-ba-vi-300&quot; title=&quot;Ban nha rieng Huyen Ba Vi&quot;&gt;Huyện Ba Vì&lt;/a&gt;&lt;/li&gt;                         &lt;li&gt;&lt;a href=&quot;http://123nhadat.vn/raovat-c8/ban-nha-rieng-tai-huyen-quoc-oai-305&quot; title=&quot;Ban nha rieng Huyen Quoc Oai&quot;&gt;Huyện Quốc Oai&lt;/a&gt;&lt;/li&gt;                         &lt;li&gt;&lt;a href=&quot;http://123nhadat.vn/raovat-c8/ban-nha-rieng-tai-huyen-thach-that-303&quot; title=&quot;Ban nha rieng Huyen Thach That&quot;&gt;Huyện Thạch Thất&lt;/a&gt;&lt;/li&gt;                         &lt;li&gt;&lt;a href=&quot;http://123nhadat.vn/raovat-c8/ban-nha-rieng-tai-huyen-thuong-tin-308&quot; title=&quot;Ban nha rieng Huyen Thuong Tin&quot;&gt;Huyện Thường Tín&lt;/a&gt;&lt;/li&gt;                         &lt;li&gt;&lt;a href=&quot;http://123nhadat.vn/raovat-c8/ban-nha-rieng-tai-huyen-chuong-my-306&quot; title=&quot;Ban nha rieng Huyen Chuong My&quot;&gt;Huyện Chương Mỹ&lt;/a&gt;&lt;/li&gt;                         &lt;li&gt;&lt;a href=&quot;http://123nhadat.vn/raovat-c8/ban-nha-rieng-tai-thanh-pho-son-tay-313&quot; title=&quot;Ban nha rieng Thi xa Son Tay&quot;&gt;Thị xã Sơn Tây&lt;/a&gt;&lt;/li&gt;                         &lt;li&gt;&lt;a href=&quot;http://123nhadat.vn/raovat-c8/ban-nha-rieng-tai-quan-soc-son-32&quot; title=&quot;Ban nha rieng Huyen Soc Son&quot;&gt;Huyện Sóc Sơn&lt;/a&gt;&lt;/li&gt;                         &lt;li&gt;&lt;a href=&quot;http://123nhadat.vn/raovat-c8/ban-nha-rieng-tai-me-linh-687&quot; title=&quot;Ban nha rieng Huyen Me Linh&quot;&gt;Huyện Mê Linh&lt;/a&gt;&lt;/li&gt;                         &lt;li&gt;&lt;a href=&quot;http://123nhadat.vn/raovat-c8/ban-nha-rieng-tai-huyen-dan-phuong-302&quot; title=&quot;Ban nha rieng Huyen Dan Phuong&quot;&gt;Huyện Đan Phượng&lt;/a&gt;&lt;/li&gt;                         &lt;li&gt;&lt;a href=&quot;http://123nhadat.vn/raovat-c8/ban-nha-rieng-tai-quan-dong-anh-28&quot; title=&quot;Ban nha rieng Huyen Dong Anh&quot;&gt;Huyện Đông Anh&lt;/a&gt;&lt;/li&gt;                         &lt;li&gt;&lt;a href=&quot;http://123nhadat.vn/raovat-c8/ban-nha-rieng-tai-quan-gia-lam-29&quot; title=&quot;Ban nha rieng Huyen Gia Lam&quot;&gt;Huyện Gia Lâm&lt;/a&gt;&lt;/li&gt;                         &lt;li&gt;&lt;a href=&quot;http://123nhadat.vn/raovat-c8/ban-nha-rieng-tai-huyen-hoai-duc-304&quot; title=&quot;Ban nha rieng Huyen Hoai Duc&quot;&gt;Huyện Hoài Đức&lt;/a&gt;&lt;/li&gt;                         &lt;li&gt;&lt;a href=&quot;http://123nhadat.vn/raovat-c8/ban-nha-rieng-tai-quan-bac-tu-liem-21933&quot; title=&quot;Ban nha rieng Quan Bac Tu Liem&quot;&gt;Quận Bắc Từ Liêm&lt;/a&gt;&lt;/li&gt;                         &lt;li&gt;&lt;a href=&quot;http://123nhadat.vn/raovat-c8/ban-nha-rieng-tai-quan-thanh-tri-30&quot; title=&quot;Ban nha rieng Huyen Thanh Tri&quot;&gt;Huyện Thanh Trì&lt;/a&gt;&lt;/li&gt;                         &lt;li&gt;&lt;a href=&quot;http://123nhadat.vn/raovat-c8/ban-nha-rieng-tai-quan-hoan-kiem-25&quot; title=&quot;Ban nha rieng Quan Hoan Kiem&quot;&gt;Quận Hoàn Kiếm&lt;/a&gt;&lt;/li&gt;                         &lt;li&gt;&lt;a href=&quot;http://123nhadat.vn/raovat-c8/ban-nha-rieng-tai-quan-long-bien-34&quot; title=&quot;Ban nha rieng Quan Long Bien&quot;&gt;Quận Long Biên&lt;/a&gt;&lt;/li&gt;                         &lt;li&gt;&lt;a href=&quot;http://123nhadat.vn/raovat-c8/ban-nha-rieng-tai-quan-tay-ho-26&quot; title=&quot;Ban nha rieng Quan Tay Ho&quot;&gt;Quận Tây Hồ&lt;/a&gt;&lt;/li&gt;                         &lt;li&gt;&lt;a href=&quot;http://123nhadat.vn/raovat-c8/ban-nha-rieng-tai-quan-hai-ba-trung-24&quot; title=&quot;Ban nha rieng Quan Hai Ba Trung&quot;&gt;Quận Hai Bà Trưng&lt;/a&gt;&lt;/li&gt;                         &lt;li&gt;&lt;a href=&quot;http://123nhadat.vn/raovat-c8/ban-nha-rieng-tai-quan-tu-liem-31&quot; title=&quot;Ban nha rieng Huyen Tu Liem&quot;&gt;Huyện Từ Liêm&lt;/a&gt;&lt;/li&gt;                         &lt;li&gt;&lt;a href=&quot;http://123nhadat.vn/raovat-c8/ban-nha-rieng-tai-quan-ha-dong-35&quot; title=&quot;Ban nha rieng Quan Ha Dong&quot;&gt;Quận Hà Đông&lt;/a&gt;&lt;/li&gt;                         &lt;li&gt;&lt;a href=&quot;http://123nhadat.vn/raovat-c8/ban-nha-rieng-tai-quan-ba-dinh-21&quot; title=&quot;Ban nha rieng Quan Ba Dinh&quot;&gt;Quận Ba Đình&lt;/a&gt;&lt;/li&gt;                         &lt;li&gt;&lt;a href=&quot;http://123nhadat.vn/raovat-c8/ban-nha-rieng-tai-quan-hoang-mai-33&quot; title=&quot;Ban nha rieng Quan Hoang Mai&quot;&gt;Quận Hoàng Mai&lt;/a&gt;&lt;/li&gt;                         &lt;li&gt;&lt;a href=&quot;http://123nhadat.vn/raovat-c8/ban-nha-rieng-tai-quan-cau-giay-22&quot; title=&quot;Ban nha rieng Quan Cau Giay&quot;&gt;Quận Cầu Giấy&lt;/a&gt;&lt;/li&gt;                         &lt;li&gt;&lt;a href=&quot;http://123nhadat.vn/raovat-c8/ban-nha-rieng-tai-quan-dong-da-23&quot; title=&quot;Ban nha rieng Quan Dong Da&quot;&gt;Quận Đống Đa&lt;/a&gt;&lt;/li&gt;                     &lt;/ul&gt;" SourceIndex="3486" TableNum="0" TextLen="458" order="88" xPath="/html[1]/body[1]/div[1]/div[4]/div[3]/div[1]/ul[1]"/>
<LayoutNode BgColor="#5eab1f" ContainImg="0" ContainP="0" ContainTable="false" Content="Báo giá quảng cáo Quy chế đăng tin Quy chế hoạt động Câu hỏi thường gặp Hỗ trợ - góp ý Tuyển dụng Rss " DOMCldNum="13" DoC="5" FontSize="13" FontWeight="normal" FormNum="0" FormSize="0" FrameSourceIndex="0" ID="1-26" InteractionNum="0" InteractionSize="0" IsImg="false" LinkNum="14" LinkTextLen="95" ObjectHeight="34" ObjectRectHeight="34" ObjectRectLeft="0" ObjectRectTop="6590" ObjectRectWidth="1420" ObjectWidth="1000" ObjectX="210" ObjectY="6590" OptionNum="0" OptionTextLength="0" ParaNum="0" SRC="&lt;div xmlns=&quot;http://www.w3.org/1999/xhtml&quot; class=&quot;menu_bottom&quot;&gt;                &lt;ul&gt;                                                                                      &lt;li&gt;&lt;a href=&quot;http://123nhadat.vn/bao-gia-quang-cao&quot;&gt;Báo giá quảng cáo&lt;/a&gt;&lt;/li&gt;                    &lt;li&gt;&lt;a href=&quot;http://123nhadat.vn/quy-che-dang-tin&quot;&gt;Quy chế đăng tin&lt;/a&gt;&lt;/li&gt;                    &lt;li&gt;&lt;a href=&quot;http://123nhadat.vn/quy-che-hoat-dong&quot;&gt;Quy chế hoạt động&lt;/a&gt;&lt;/li&gt;                    &lt;li&gt;&lt;a href=&quot;http://blog.123nhadat.vn/category/hoi-dap/&quot;&gt;Câu hỏi thường gặp&lt;/a&gt;&lt;/li&gt;                    &lt;li&gt;&lt;a href=&quot;http://123nhadat.vn/contact.html&quot;&gt;Hỗ trợ - góp ý&lt;/a&gt;&lt;/li&gt;                    &lt;li&gt;&lt;a href=&quot;http://123nhadat.vn/tuyen-dung&quot;&gt;Tuyển dụng&lt;/a&gt;&lt;/li&gt;                    &lt;li&gt;&lt;a href=&quot;http://123nhadat.vn/rss&quot;&gt;Rss&lt;/a&gt;&lt;/li&gt;                &lt;/ul&gt;            &lt;/div&gt;" SourceIndex="3629" TableNum="0" TextLen="95" order="89" xPath="/html[1]/body[1]/div[1]/div[4]/div[3]/div[3]"/>
<LayoutNode BgColor="#ffffff" ContainImg="0" ContainP="0" ContainTable="false" Content="Copyright © 2011 - 2017 123nhadat.vn. ® Ghi rõ nguồn &quot;123nhadat.vn&quot; khi phát hành lại thông tin từ website này. " DOMCldNum="18" DoC="10" FontSize="13" FontWeight="normal" FormNum="0" FormSize="0" FrameSourceIndex="0" ID="1-27" InteractionNum="0" InteractionSize="0" IsImg="false" LinkNum="0" LinkTextLen="0" ObjectHeight="16" ObjectRectHeight="16" ObjectRectLeft="0" ObjectRectTop="6645" ObjectRectWidth="1420" ObjectWidth="231" ObjectX="381" ObjectY="6645" OptionNum="0" OptionTextLength="0" ParaNum="0" SRC="Copyright © 2011 - 2017 123nhadat.vn. &lt;span xmlns=&quot;http://www.w3.org/1999/xhtml&quot; class=&quot;khonghien_mobile&quot;&gt;® Ghi rõ nguồn &quot;123nhadat.vn&quot; khi phát hành lại thông tin từ website này.&lt;/span&gt;" SourceIndex="0;3670" TableNum="0" TextLen="111" order="90" xPath="No Xpath"/>
<LayoutNode BgColor="#ffffff" ContainImg="0" ContainP="0" ContainTable="false" Content="Công ty Cổ phần Truyền thông và Công nghệ Nguyễn Trần " DOMCldNum="18" DoC="8" FontSize="13" FontWeight="normal" FormNum="0" FormSize="0" FrameSourceIndex="0" ID="1-28" InteractionNum="0" InteractionSize="0" IsImg="false" LinkNum="0" LinkTextLen="0" ObjectHeight="16" ObjectRectHeight="16" ObjectRectLeft="0" ObjectRectTop="6671" ObjectRectWidth="1420" ObjectWidth="364" ObjectX="528" ObjectY="6671" OptionNum="0" OptionTextLength="0" ParaNum="0" SRC="&lt;span xmlns=&quot;http://www.w3.org/1999/xhtml&quot; class=&quot;khonghien_mobile&quot;&gt;&lt;b&gt;Công ty Cổ phần Truyền thông và Công nghệ Nguyễn Trần&lt;/b&gt;&lt;br/&gt;&lt;/span&gt;" SourceIndex="3674" TableNum="0" TextLen="53" order="91" xPath="/html[1]/body[1]/div[1]/div[4]/div[3]/div[4]/p[1]/span[2]"/>
<LayoutNode BgColor="#ffffff" ContainImg="0" ContainP="0" ContainTable="false" Content="Giấy chứng nhận ĐKKD số 0106006379 do Sở Kế hoạch &amp; Đầu tư TP.Hà Nội cấp " DOMCldNum="18" DoC="8" FontSize="13" FontWeight="normal" FormNum="0" FormSize="0" FrameSourceIndex="0" ID="1-29" InteractionNum="0" InteractionSize="0" IsImg="false" LinkNum="0" LinkTextLen="0" ObjectHeight="16" ObjectRectHeight="16" ObjectRectLeft="0" ObjectRectTop="6697" ObjectRectWidth="1420" ObjectWidth="477" ObjectX="471" ObjectY="6697" OptionNum="0" OptionTextLength="0" ParaNum="0" SRC="&lt;span xmlns=&quot;http://www.w3.org/1999/xhtml&quot; class=&quot;khonghien_mobile&quot;&gt;Giấy chứng nhận ĐKKD số 0106006379 do Sở Kế hoạch &amp; Đầu tư TP.Hà Nội cấp&lt;br/&gt;&lt;/span&gt;" SourceIndex="3679" TableNum="0" TextLen="72" order="92" xPath="/html[1]/body[1]/div[1]/div[4]/div[3]/div[4]/p[1]/span[3]"/>
<LayoutNode BgColor="#ffffff" ContainImg="0" ContainP="0" ContainTable="false" Content="Địa chỉ: Số 13 ngõ 189 Hoàng Hoa Thám,phường Liễu Giai,quận Ba Đình, Hà Nội " DOMCldNum="18" DoC="8" FontSize="13" FontWeight="normal" FormNum="0" FormSize="0" FrameSourceIndex="0" ID="1-30" InteractionNum="0" InteractionSize="0" IsImg="false" LinkNum="0" LinkTextLen="0" ObjectHeight="16" ObjectRectHeight="16" ObjectRectLeft="0" ObjectRectTop="6723" ObjectRectWidth="1420" ObjectWidth="472" ObjectX="474" ObjectY="6723" OptionNum="0" OptionTextLength="0" ParaNum="0" SRC="&lt;span xmlns=&quot;http://www.w3.org/1999/xhtml&quot; class=&quot;khonghien_mobile&quot;&gt;Địa chỉ: Số 13 ngõ 189 Hoàng Hoa Thám,phường Liễu Giai,quận Ba Đình, Hà Nội&lt;br/&gt;&lt;/span&gt;" SourceIndex="3683" TableNum="0" TextLen="75" order="93" xPath="/html[1]/body[1]/div[1]/div[4]/div[3]/div[4]/p[1]/span[4]"/>
<LayoutNode BgColor="#ffffff" ContainImg="2" ContainP="0" ContainTable="false" DOMCldNum="18" DoC="7" FontSize="13" FontWeight="normal" FormNum="0" FormSize="0" FrameSourceIndex="0" ID="1-31" InteractionNum="0" InteractionSize="0" IsImg="false" LinkNum="0" LinkTextLen="0" ObjectRectHeight="135" ObjectRectLeft="0" ObjectRectTop="6744" ObjectRectWidth="1420" OptionNum="0" OptionTextLength="0" ParaNum="0" SourceIndex="3668" TableNum="0" TextLen="165" order="94">
<LayoutNode BgColor="#ffffff" ContainImg="0" ContainP="0" ContainTable="false" DOMCldNum="18" DoC="8" FontSize="13" FontWeight="normal" FormNum="0" FormSize="0" FrameSourceIndex="0" ID="1-31-1" InteractionNum="0" InteractionSize="0" IsImg="false" LinkNum="0" LinkTextLen="0" ObjectRectHeight="135" ObjectRectLeft="0" ObjectRectTop="6744" ObjectRectWidth="881" OptionNum="0" OptionTextLength="0" ParaNum="0" SourceIndex="3668" TableNum="0" TextLen="165" order="95">
<LayoutNode BgColor="#ffffff" ContainImg="0" ContainP="0" ContainTable="false" Content="Thời gian làm việc: 8h đến 17h ngày Thứ 2 đến thứ 6 ,Thứ 7 từ 8h đến 12h. " DOMCldNum="18" DoC="8" FontSize="13" FontWeight="normal" FormNum="0" FormSize="0" FrameSourceIndex="0" ID="1-31-1-1" InteractionNum="0" InteractionSize="0" IsImg="false" LinkNum="0" LinkTextLen="0" ObjectHeight="16" ObjectRectHeight="21" ObjectRectLeft="0" ObjectRectTop="6744" ObjectRectWidth="881" ObjectWidth="443" ObjectX="438" ObjectY="6749" OptionNum="0" OptionTextLength="0" ParaNum="0" SRC="&lt;span xmlns=&quot;http://www.w3.org/1999/xhtml&quot; class=&quot;khonghien_mobile&quot;&gt;Thời gian làm việc: 8h đến 17h ngày Thứ 2 đến thứ 6 ,Thứ 7 từ 8h đến 12h.&lt;br/&gt;&lt;/span&gt;" SourceIndex="3690" TableNum="0" TextLen="73" order="96" xPath="/html[1]/body[1]/div[1]/div[4]/div[3]/div[4]/p[1]/span[5]"/>
<LayoutNode BgColor="#ffffff" ContainImg="0" ContainP="0" ContainTable="false" Content="Hotline: 09.1800.8589 | Email: contact@123nhadat.vn " DOMCldNum="18" DoC="10" FontSize="13" FontWeight="normal" FormNum="0" FormSize="0" FrameSourceIndex="0" ID="1-31-1-2" InteractionNum="0" InteractionSize="0" IsImg="false" LinkNum="0" LinkTextLen="0" ObjectHeight="16" ObjectRectHeight="16" ObjectRectLeft="0" ObjectRectTop="6775" ObjectRectWidth="881" ObjectWidth="312" ObjectX="504" ObjectY="6775" OptionNum="0" OptionTextLength="0" ParaNum="0" SRC="Hotline: 09.1800.8589 | Email: contact@123nhadat.vn" SourceIndex="0" TableNum="0" TextLen="51" order="97" xPath="No Xpath"/>
<LayoutNode BgColor="#ffffff" ContainImg="0" ContainP="0" ContainTable="false" Content="Tel : 02437.123.666 | Fax : 02437.123.555 " DOMCldNum="18" DoC="10" FontSize="13" FontWeight="normal" FormNum="0" FormSize="0" FrameSourceIndex="0" ID="1-31-1-3" InteractionNum="0" InteractionSize="0" IsImg="false" LinkNum="0" LinkTextLen="0" ObjectHeight="16" ObjectRectHeight="78" ObjectRectLeft="0" ObjectRectTop="6801" ObjectRectWidth="881" ObjectWidth="245" ObjectX="537" ObjectY="6801" OptionNum="0" OptionTextLength="0" ParaNum="0" SRC="Tel : 02437.123.666 | Fax : 02437.123.555" SourceIndex="0" TableNum="0" TextLen="41" order="98" xPath="No Xpath"/>
</LayoutNode>
<LayoutNode BgColor="#ffffff" ContainImg="2" ContainP="0" ContainTable="false" Content=" " DOMCldNum="1" DoC="8" FontSize="13" FontWeight="normal" FormNum="0" FormSize="0" FrameSourceIndex="0" ID="1-31-2" InteractionNum="0" InteractionSize="0" IsImg="true" LinkNum="0" LinkTextLen="0" ObjectHeight="65" ObjectRectHeight="135" ObjectRectLeft="1110" ObjectRectTop="6744" ObjectRectWidth="310" ObjectWidth="100" ObjectX="1110" ObjectY="6744" OptionNum="0" OptionTextLength="0" ParaNum="0" SRC="&lt;img xmlns=&quot;http://www.w3.org/1999/xhtml&quot; alt=&quot;&quot; src=&quot;http://123nhadat.vn/images/s1.png&quot;/&gt;" SourceIndex="7456" TableNum="0" TextLen="0" order="99" xPath="/html[1]/body[1]/div[1]/div[4]/div[3]/div[4]/p[1]/a[1]/img[1]"/>
</LayoutNode>
</LayoutNode>
</VIPSPage>
